2025-09-24 15:57:38,521 - INFO - [2022EE] MISSING_CENTRAL: ZFake3Mu/Central/jets/2/px in Skim_TriLep_DYJets10to50.root
2025-09-24 15:57:38,521 - INFO - [2022EE] MISSING_CENTRAL: ZFake3Mu/Central/jets/2/px in Skim_TriLep_DYGTo2LG_MLL4to50_PTG10to100.root
2025-09-24 15:57:38,521 - INFO - [2022EE] MISSING_CENTRAL: ZFake3Mu/Central/jets/2/px in Skim_TriLep_DYGTo2LG_MLL4to50_PTG100to200.root
2025-10-02 21:18:06,823 - INFO - [2022EE] MISSING_CENTRAL: ZFake3Mu/Central/jets/2/px in Skim_TriLep_DYJets10to50.root
2025-10-02 21:18:06,824 - INFO - [2022EE] MISSING_CENTRAL: ZFake3Mu/Central/jets/2/px in Skim_TriLep_DYGTo2LG_MLL4to50_PTG10to100.root
2025-10-02 21:18:06,825 - INFO - [2022EE] MISSING_CENTRAL: ZFake3Mu/Central/jets/2/px in Skim_TriLep_DYGTo2LG_MLL4to50_PTG100to200.root
2025-10-03 00:25:32,429 - INFO - [2022EE] MISSING_CENTRAL: ZFake3Mu/Central/jets/2/px in Skim_TriLep_DYJets10to50.root
2025-10-03 00:25:32,430 - INFO - [2022EE] MISSING_CENTRAL: ZFake3Mu/Central/jets/2/px in Skim_TriLep_DYGTo2LG_MLL4to50_PTG10to100.root
2025-10-03 00:25:32,431 - INFO - [2022EE] MISSING_CENTRAL: ZFake3Mu/Central/jets/2/px in Skim_TriLep_DYGTo2LG_MLL4to50_PTG100to200.root
2025-11-07 13:10:10,207 - INFO - [2022EE] MISSING_FILE: /home/choij/Sync/workspace/ChargedHiggsAnalysisV3/SKNanoOutput/PromptSelector/Run3Mu/2022EE/Skim_TriLep_Muon_E.root
2025-11-07 13:10:10,207 - INFO - [2022EE] MISSING_FILE: /home/choij/Sync/workspace/ChargedHiggsAnalysisV3/SKNanoOutput/PromptSelector/Run3Mu/2022EE/Skim_TriLep_Muon_F.root
2025-11-07 13:10:10,207 - INFO - [2022EE] MISSING_FILE: /home/choij/Sync/workspace/ChargedHiggsAnalysisV3/SKNanoOutput/PromptSelector/Run3Mu/2022EE/Skim_TriLep_Muon_G.root
2025-11-07 14:07:49,382 - INFO - [2022EE] MISSING_FILE: /home/choij/Sync/workspace/ChargedHiggsAnalysisV3/SKNanoOutput/PromptSelector/Run3Mu/2022EE/Skim_TriLep_Muon_E.root
2025-11-07 14:07:49,384 - INFO - [2022EE] MISSING_FILE: /home/choij/Sync/workspace/ChargedHiggsAnalysisV3/SKNanoOutput/PromptSelector/Run3Mu/2022EE/Skim_TriLep_Muon_F.root
2025-11-07 14:07:49,389 - INFO - [2022EE] MISSING_FILE: /home/choij/Sync/workspace/ChargedHiggsAnalysisV3/SKNanoOutput/PromptSelector/Run3Mu/2022EE/Skim_TriLep_Muon_G.root
2025-11-10 12:23:17,830 - INFO - [2022EE] MISSING_FILE: /home/choij/Sync/workspace/ChargedHiggsAnalysisV3/SKNanoOutput/PromptSelector/Run3Mu/2022EE/Skim_TriLep_Muon_F.root
2025-11-10 12:23:17,889 - INFO - [2022EE] MISSING_CENTRAL: ZFake3Mu/Central/jets/2/px in Skim_TriLep_DYJets10to50.root
2025-11-10 12:23:17,890 - INFO - [2022EE] MISSING_CENTRAL: ZFake3Mu/Central/jets/2/px in Skim_TriLep_DYGTo2LG_MLL4to50_PTG10to100.root
2025-11-10 12:23:17,890 - INFO - [2022EE] MISSING_CENTRAL: ZFake3Mu/Central/jets/2/px in Skim_TriLep_DYGTo2LG_MLL4to50_PTG100to200.root
2025-11-13 11:13:00,660 - INFO - [2022EE] MISSING_CENTRAL: ZFake3Mu/Central/jets/2/px in Skim_TriLep_DYJets10to50.root
2025-11-13 11:13:00,661 - INFO - [2022EE] MISSING_CENTRAL: ZFake3Mu/Central/jets/2/px in Skim_TriLep_DYGTo2LG_MLL4to50_PTG10to100.root
2025-11-13 11:13:00,662 - INFO - [2022EE] MISSING_CENTRAL: ZFake3Mu/Central/jets/2/px in Skim_TriLep_DYGTo2LG_MLL4to50_PTG100to200.root
2025-11-19 16:10:51,996 - INFO - [2022EE] MISSING_CENTRAL: ZFake3Mu/Central/jets/2/px in Skim_TriLep_DYJets10to50.root
2025-11-19 16:10:51,997 - INFO - [2022EE] MISSING_CENTRAL: ZFake3Mu/Central/jets/2/px in Skim_TriLep_DYGTo2LG_MLL4to50_PTG10to100.root
2025-11-19 16:10:51,997 - INFO - [2022EE] MISSING_CENTRAL: ZFake3Mu/Central/jets/2/px in Skim_TriLep_DYGTo2LG_MLL4to50_PTG100to200.root
2025-11-19 16:25:43,602 - INFO - [2022EE] MISSING_CENTRAL: ZFake3Mu/Central/jets/2/px in Skim_TriLep_DYJets10to50.root
2025-11-19 16:25:43,604 - INFO - [2022EE] MISSING_CENTRAL: ZFake3Mu/Central/jets/2/px in Skim_TriLep_DYGTo2LG_MLL4to50_PTG10to100.root
2025-11-19 16:25:43,605 - INFO - [2022EE] MISSING_CENTRAL: ZFake3Mu/Central/jets/2/px in Skim_TriLep_DYGTo2LG_MLL4to50_PTG100to200.root
2025-12-17 22:40:19,871 - INFO - [2022EE] MISSING_CENTRAL: ZFake3Mu/Central/jets/2/px in Skim_TriLep_DYJets10to50.root
2025-12-17 22:40:19,874 - INFO - [2022EE] MISSING_CENTRAL: ZFake3Mu/Central/jets/2/px in Skim_TriLep_TTG_PTG10to100.root
2025-12-18 14:25:29,080 - INFO - [2022EE] MISSING_CENTRAL: ZFake3Mu/Central/jets/2/px in Skim_TriLep_DYJets10to50.root
2025-12-18 14:25:29,081 - INFO - [2022EE] MISSING_CENTRAL: ZFake3Mu/Central/jets/2/px in Skim_TriLep_TTG_PTG10to100.root
2025-12-18 14:40:50,792 - INFO - [2022EE] MISSING_CENTRAL: ZFake3Mu/Central/jets/2/px in Skim_TriLep_DYJets10to50.root
2025-12-18 14:40:50,793 - INFO - [2022EE] MISSING_CENTRAL: ZFake3Mu/Central/jets/2/px in Skim_TriLep_TTG_PTG10to100.root
2026-01-07 11:50:12,714 - INFO - [2022EE] MISSING_CENTRAL: ZFake3Mu/Central/jets/2/px in Skim_TriLep_DYJets10to50.root
2026-01-07 11:50:12,715 - INFO - [2022EE] MISSING_CENTRAL: ZFake3Mu/Central/jets/2/px in Skim_TriLep_TTG_PTG10to100.root
2026-01-07 18:46:54,016 - INFO - [2022EE] MISSING_CENTRAL: ZFake3Mu/Central/jets/2/px in Skim_TriLep_DYJets10to50.root
2026-01-07 18:46:54,017 - INFO - [2022EE] MISSING_CENTRAL: ZFake3Mu/Central/jets/2/px in Skim_TriLep_TTG_PTG10to100.root
2026-01-09 12:21:23,073 - INFO - [2022EE] MISSING_CENTRAL: ZFake3Mu/Central/jets/2/px in Skim_TriLep_DYJets10to50.root
2026-01-09 12:21:23,073 - INFO - [2022EE] MISSING_CENTRAL: ZFake3Mu/Central/jets/2/px in Skim_TriLep_TTG_PTG10to100.root
