2025-09-24 15:57:44,554 - INFO - [2022EE] MISSING_CENTRAL: ZFake3Mu/Central/jets/4/py in Skim_TriLep_Muon_E.root
2025-09-24 15:57:44,594 - INFO - [2022EE] MISSING_CENTRAL: ZFake3Mu/Central/jets/4/py in Skim_TriLep_Muon_G.root
2025-09-24 15:57:44,594 - INFO - [2022EE] MISSING_CENTRAL: ZFake3Mu/Central/jets/4/py in Skim_TriLep_DYJets.root
2025-09-24 15:57:44,595 - INFO - [2022EE] MISSING_CENTRAL: ZFake3Mu/Central/jets/4/py in Skim_TriLep_DYJets10to50.root
2025-09-24 15:57:44,595 - INFO - [2022EE] MISSING_CENTRAL: ZFake3Mu/Central/jets/4/py in Skim_TriLep_DYGTo2LG_MLL4to50_PTG10to100.root
2025-09-24 15:57:44,595 - INFO - [2022EE] MISSING_CENTRAL: ZFake3Mu/Central/jets/4/py in Skim_TriLep_DYGTo2LG_MLL4to50_PTG100to200.root
2025-09-24 15:57:44,595 - INFO - [2022EE] MISSING_CENTRAL: ZFake3Mu/Central/jets/4/py in Skim_TriLep_DYGTo2LG_MLL4to50_PTG200toInf.root
2025-09-24 15:57:44,596 - INFO - [2022EE] MISSING_CENTRAL: ZFake3Mu/Central/jets/4/py in Skim_TriLep_DYGTo2LG_MLL50_PTG10to100.root
2025-09-24 15:57:44,596 - INFO - [2022EE] MISSING_CENTRAL: ZFake3Mu/Central/jets/4/py in Skim_TriLep_DYGTo2LG_MLL50_PTG100to200.root
2025-09-24 15:57:44,597 - INFO - [2022EE] MISSING_CENTRAL: ZFake3Mu/Central/jets/4/py in Skim_TriLep_DYGTo2LG_MLL50_PTG200toInf.root
2025-09-24 15:57:44,597 - INFO - [2022EE] MISSING_CENTRAL: ZFake3Mu/Central/jets/4/py in Skim_TriLep_TTG_PTG10to100.root
2025-09-24 15:57:44,598 - INFO - [2022EE] MISSING_CENTRAL: ZFake3Mu/Central/jets/4/py in Skim_TriLep_TTG_PTG100to200.root
2025-09-24 15:57:44,599 - INFO - [2022EE] MISSING_CENTRAL: ZFake3Mu/Central/jets/4/py in Skim_TriLep_TTG_PTG200toInf.root
2025-09-24 15:57:44,599 - INFO - [2022EE] MISSING_CENTRAL: ZFake3Mu/Central/jets/4/py in Skim_TriLep_TTWToLNu.root
2025-09-24 15:57:44,717 - INFO - [2022EE] MISSING_CENTRAL: ZFake3Mu/Central/jets/4/py in Skim_TriLep_WWW.root
2025-09-24 15:57:44,765 - INFO - [2022EE] MISSING_CENTRAL: ZFake3Mu/Central/jets/4/py in Skim_TriLep_VBFHToZZTo4L.root
2025-09-24 15:57:44,765 - INFO - [2022EE] MISSING_CENTRAL: ZFake3Mu/Central/jets/4/py in Skim_TriLep_ggHToZZTo4L.root
2025-10-02 21:18:14,277 - INFO - [2022EE] MISSING_CENTRAL: ZFake3Mu/Central/jets/4/py in Skim_TriLep_Muon_E.root
2025-10-02 21:18:14,463 - INFO - [2022EE] MISSING_CENTRAL: ZFake3Mu/Central/jets/4/py in Skim_TriLep_Muon_G.root
2025-10-02 21:18:14,465 - INFO - [2022EE] MISSING_CENTRAL: ZFake3Mu/Central/jets/4/py in Skim_TriLep_DYJets.root
2025-10-02 21:18:14,479 - INFO - [2022EE] MISSING_CENTRAL: ZFake3Mu/Central/jets/4/py in Skim_TriLep_DYJets10to50.root
2025-10-02 21:18:14,481 - INFO - [2022EE] MISSING_CENTRAL: ZFake3Mu/Central/jets/4/py in Skim_TriLep_DYGTo2LG_MLL4to50_PTG10to100.root
2025-10-02 21:18:14,482 - INFO - [2022EE] MISSING_CENTRAL: ZFake3Mu/Central/jets/4/py in Skim_TriLep_DYGTo2LG_MLL4to50_PTG100to200.root
2025-10-02 21:18:14,483 - INFO - [2022EE] MISSING_CENTRAL: ZFake3Mu/Central/jets/4/py in Skim_TriLep_DYGTo2LG_MLL4to50_PTG200toInf.root
2025-10-02 21:18:14,484 - INFO - [2022EE] MISSING_CENTRAL: ZFake3Mu/Central/jets/4/py in Skim_TriLep_DYGTo2LG_MLL50_PTG10to100.root
2025-10-02 21:18:14,485 - INFO - [2022EE] MISSING_CENTRAL: ZFake3Mu/Central/jets/4/py in Skim_TriLep_DYGTo2LG_MLL50_PTG100to200.root
2025-10-02 21:18:14,486 - INFO - [2022EE] MISSING_CENTRAL: ZFake3Mu/Central/jets/4/py in Skim_TriLep_DYGTo2LG_MLL50_PTG200toInf.root
2025-10-02 21:18:14,487 - INFO - [2022EE] MISSING_CENTRAL: ZFake3Mu/Central/jets/4/py in Skim_TriLep_TTG_PTG10to100.root
2025-10-02 21:18:14,490 - INFO - [2022EE] MISSING_CENTRAL: ZFake3Mu/Central/jets/4/py in Skim_TriLep_TTG_PTG100to200.root
2025-10-02 21:18:14,491 - INFO - [2022EE] MISSING_CENTRAL: ZFake3Mu/Central/jets/4/py in Skim_TriLep_TTG_PTG200toInf.root
2025-10-02 21:18:14,493 - INFO - [2022EE] MISSING_CENTRAL: ZFake3Mu/Central/jets/4/py in Skim_TriLep_TTWToLNu.root
2025-10-02 21:18:14,808 - INFO - [2022EE] MISSING_CENTRAL: ZFake3Mu/Central/jets/4/py in Skim_TriLep_WWW.root
2025-10-02 21:18:15,155 - INFO - [2022EE] MISSING_CENTRAL: ZFake3Mu/Central/jets/4/py in Skim_TriLep_VBFHToZZTo4L.root
2025-10-02 21:18:15,156 - INFO - [2022EE] MISSING_CENTRAL: ZFake3Mu/Central/jets/4/py in Skim_TriLep_ggHToZZTo4L.root
2025-10-03 00:25:39,131 - INFO - [2022EE] MISSING_CENTRAL: ZFake3Mu/Central/jets/4/py in Skim_TriLep_Muon_E.root
2025-10-03 00:25:39,250 - INFO - [2022EE] MISSING_CENTRAL: ZFake3Mu/Central/jets/4/py in Skim_TriLep_Muon_G.root
2025-10-03 00:25:39,250 - INFO - [2022EE] MISSING_CENTRAL: ZFake3Mu/Central/jets/4/py in Skim_TriLep_DYJets.root
2025-10-03 00:25:39,251 - INFO - [2022EE] MISSING_CENTRAL: ZFake3Mu/Central/jets/4/py in Skim_TriLep_DYJets10to50.root
2025-10-03 00:25:39,251 - INFO - [2022EE] MISSING_CENTRAL: ZFake3Mu/Central/jets/4/py in Skim_TriLep_DYGTo2LG_MLL4to50_PTG10to100.root
2025-10-03 00:25:39,251 - INFO - [2022EE] MISSING_CENTRAL: ZFake3Mu/Central/jets/4/py in Skim_TriLep_DYGTo2LG_MLL4to50_PTG100to200.root
2025-10-03 00:25:39,251 - INFO - [2022EE] MISSING_CENTRAL: ZFake3Mu/Central/jets/4/py in Skim_TriLep_DYGTo2LG_MLL4to50_PTG200toInf.root
2025-10-03 00:25:39,252 - INFO - [2022EE] MISSING_CENTRAL: ZFake3Mu/Central/jets/4/py in Skim_TriLep_DYGTo2LG_MLL50_PTG10to100.root
2025-10-03 00:25:39,252 - INFO - [2022EE] MISSING_CENTRAL: ZFake3Mu/Central/jets/4/py in Skim_TriLep_DYGTo2LG_MLL50_PTG100to200.root
2025-10-03 00:25:39,252 - INFO - [2022EE] MISSING_CENTRAL: ZFake3Mu/Central/jets/4/py in Skim_TriLep_DYGTo2LG_MLL50_PTG200toInf.root
2025-10-03 00:25:39,253 - INFO - [2022EE] MISSING_CENTRAL: ZFake3Mu/Central/jets/4/py in Skim_TriLep_TTG_PTG10to100.root
2025-10-03 00:25:39,253 - INFO - [2022EE] MISSING_CENTRAL: ZFake3Mu/Central/jets/4/py in Skim_TriLep_TTG_PTG100to200.root
2025-10-03 00:25:39,253 - INFO - [2022EE] MISSING_CENTRAL: ZFake3Mu/Central/jets/4/py in Skim_TriLep_TTG_PTG200toInf.root
2025-10-03 00:25:39,254 - INFO - [2022EE] MISSING_CENTRAL: ZFake3Mu/Central/jets/4/py in Skim_TriLep_TTWToLNu.root
2025-10-03 00:25:39,494 - INFO - [2022EE] MISSING_CENTRAL: ZFake3Mu/Central/jets/4/py in Skim_TriLep_WWW.root
2025-10-03 00:25:39,602 - INFO - [2022EE] MISSING_CENTRAL: ZFake3Mu/Central/jets/4/py in Skim_TriLep_VBFHToZZTo4L.root
2025-10-03 00:25:39,602 - INFO - [2022EE] MISSING_CENTRAL: ZFake3Mu/Central/jets/4/py in Skim_TriLep_ggHToZZTo4L.root
2025-11-07 13:10:12,396 - INFO - [2022EE] MISSING_FILE: /home/choij/Sync/workspace/ChargedHiggsAnalysisV3/SKNanoOutput/PromptSelector/Run3Mu/2022EE/Skim_TriLep_Muon_E.root
2025-11-07 13:10:12,396 - INFO - [2022EE] MISSING_FILE: /home/choij/Sync/workspace/ChargedHiggsAnalysisV3/SKNanoOutput/PromptSelector/Run3Mu/2022EE/Skim_TriLep_Muon_F.root
2025-11-07 13:10:12,396 - INFO - [2022EE] MISSING_FILE: /home/choij/Sync/workspace/ChargedHiggsAnalysisV3/SKNanoOutput/PromptSelector/Run3Mu/2022EE/Skim_TriLep_Muon_G.root
2025-11-07 14:07:51,528 - INFO - [2022EE] MISSING_FILE: /home/choij/Sync/workspace/ChargedHiggsAnalysisV3/SKNanoOutput/PromptSelector/Run3Mu/2022EE/Skim_TriLep_Muon_E.root
2025-11-07 14:07:51,529 - INFO - [2022EE] MISSING_FILE: /home/choij/Sync/workspace/ChargedHiggsAnalysisV3/SKNanoOutput/PromptSelector/Run3Mu/2022EE/Skim_TriLep_Muon_F.root
2025-11-07 14:07:51,529 - INFO - [2022EE] MISSING_FILE: /home/choij/Sync/workspace/ChargedHiggsAnalysisV3/SKNanoOutput/PromptSelector/Run3Mu/2022EE/Skim_TriLep_Muon_G.root
2025-11-10 12:23:20,955 - INFO - [2022EE] MISSING_CENTRAL: ZFake3Mu/Central/jets/4/py in Skim_TriLep_Muon_E.root
2025-11-10 12:23:20,955 - INFO - [2022EE] MISSING_FILE: /home/choij/Sync/workspace/ChargedHiggsAnalysisV3/SKNanoOutput/PromptSelector/Run3Mu/2022EE/Skim_TriLep_Muon_F.root
2025-11-10 12:23:21,020 - INFO - [2022EE] MISSING_CENTRAL: ZFake3Mu/Central/jets/4/py in Skim_TriLep_Muon_G.root
2025-11-10 12:23:21,021 - INFO - [2022EE] MISSING_CENTRAL: ZFake3Mu/Central/jets/4/py in Skim_TriLep_DYJets.root
2025-11-10 12:23:21,021 - INFO - [2022EE] MISSING_CENTRAL: ZFake3Mu/Central/jets/4/py in Skim_TriLep_DYJets10to50.root
2025-11-10 12:23:21,022 - INFO - [2022EE] MISSING_CENTRAL: ZFake3Mu/Central/jets/4/py in Skim_TriLep_DYGTo2LG_MLL4to50_PTG10to100.root
2025-11-10 12:23:21,022 - INFO - [2022EE] MISSING_CENTRAL: ZFake3Mu/Central/jets/4/py in Skim_TriLep_DYGTo2LG_MLL4to50_PTG100to200.root
2025-11-10 12:23:21,023 - INFO - [2022EE] MISSING_CENTRAL: ZFake3Mu/Central/jets/4/py in Skim_TriLep_DYGTo2LG_MLL4to50_PTG200toInf.root
2025-11-10 12:23:21,023 - INFO - [2022EE] MISSING_CENTRAL: ZFake3Mu/Central/jets/4/py in Skim_TriLep_DYGTo2LG_MLL50_PTG10to100.root
2025-11-10 12:23:21,024 - INFO - [2022EE] MISSING_CENTRAL: ZFake3Mu/Central/jets/4/py in Skim_TriLep_DYGTo2LG_MLL50_PTG100to200.root
2025-11-10 12:23:21,024 - INFO - [2022EE] MISSING_CENTRAL: ZFake3Mu/Central/jets/4/py in Skim_TriLep_DYGTo2LG_MLL50_PTG200toInf.root
2025-11-10 12:23:21,025 - INFO - [2022EE] MISSING_CENTRAL: ZFake3Mu/Central/jets/4/py in Skim_TriLep_TTG_PTG10to100.root
2025-11-10 12:23:21,025 - INFO - [2022EE] MISSING_CENTRAL: ZFake3Mu/Central/jets/4/py in Skim_TriLep_TTG_PTG100to200.root
2025-11-10 12:23:21,026 - INFO - [2022EE] MISSING_CENTRAL: ZFake3Mu/Central/jets/4/py in Skim_TriLep_TTG_PTG200toInf.root
2025-11-10 12:23:21,027 - INFO - [2022EE] MISSING_CENTRAL: ZFake3Mu/Central/jets/4/py in Skim_TriLep_TTWToLNu.root
2025-11-10 12:23:21,121 - INFO - [2022EE] MISSING_CENTRAL: ZFake3Mu/Central/jets/4/py in Skim_TriLep_WWW.root
2025-11-10 12:23:21,180 - INFO - [2022EE] MISSING_CENTRAL: ZFake3Mu/Central/jets/4/py in Skim_TriLep_VBFHToZZTo4L.root
2025-11-10 12:23:21,180 - INFO - [2022EE] MISSING_CENTRAL: ZFake3Mu/Central/jets/4/py in Skim_TriLep_ggHToZZTo4L.root
2025-11-13 11:13:10,212 - INFO - [2022EE] MISSING_CENTRAL: ZFake3Mu/Central/jets/4/py in Skim_TriLep_Muon_E.root
2025-11-13 11:13:10,319 - INFO - [2022EE] MISSING_CENTRAL: ZFake3Mu/Central/jets/4/py in Skim_TriLep_Muon_G.root
2025-11-13 11:13:10,320 - INFO - [2022EE] MISSING_CENTRAL: ZFake3Mu/Central/jets/4/py in Skim_TriLep_DYJets.root
2025-11-13 11:13:10,321 - INFO - [2022EE] MISSING_CENTRAL: ZFake3Mu/Central/jets/4/py in Skim_TriLep_DYJets10to50.root
2025-11-13 11:13:10,322 - INFO - [2022EE] MISSING_CENTRAL: ZFake3Mu/Central/jets/4/py in Skim_TriLep_DYGTo2LG_MLL4to50_PTG10to100.root
2025-11-13 11:13:10,323 - INFO - [2022EE] MISSING_CENTRAL: ZFake3Mu/Central/jets/4/py in Skim_TriLep_DYGTo2LG_MLL4to50_PTG100to200.root
2025-11-13 11:13:10,324 - INFO - [2022EE] MISSING_CENTRAL: ZFake3Mu/Central/jets/4/py in Skim_TriLep_DYGTo2LG_MLL4to50_PTG200toInf.root
2025-11-13 11:13:10,325 - INFO - [2022EE] MISSING_CENTRAL: ZFake3Mu/Central/jets/4/py in Skim_TriLep_DYGTo2LG_MLL50_PTG10to100.root
2025-11-13 11:13:10,327 - INFO - [2022EE] MISSING_CENTRAL: ZFake3Mu/Central/jets/4/py in Skim_TriLep_DYGTo2LG_MLL50_PTG100to200.root
2025-11-13 11:13:10,328 - INFO - [2022EE] MISSING_CENTRAL: ZFake3Mu/Central/jets/4/py in Skim_TriLep_DYGTo2LG_MLL50_PTG200toInf.root
2025-11-13 11:13:10,329 - INFO - [2022EE] MISSING_CENTRAL: ZFake3Mu/Central/jets/4/py in Skim_TriLep_TTG_PTG10to100.root
2025-11-13 11:13:10,330 - INFO - [2022EE] MISSING_CENTRAL: ZFake3Mu/Central/jets/4/py in Skim_TriLep_TTG_PTG100to200.root
2025-11-13 11:13:10,331 - INFO - [2022EE] MISSING_CENTRAL: ZFake3Mu/Central/jets/4/py in Skim_TriLep_TTG_PTG200toInf.root
2025-11-13 11:13:10,333 - INFO - [2022EE] MISSING_CENTRAL: ZFake3Mu/Central/jets/4/py in Skim_TriLep_TTWToLNu.root
2025-11-13 11:13:10,493 - INFO - [2022EE] MISSING_CENTRAL: ZFake3Mu/Central/jets/4/py in Skim_TriLep_WWW.root
2025-11-13 11:13:10,575 - INFO - [2022EE] MISSING_CENTRAL: ZFake3Mu/Central/jets/4/py in Skim_TriLep_VBFHToZZTo4L.root
2025-11-13 11:13:10,576 - INFO - [2022EE] MISSING_CENTRAL: ZFake3Mu/Central/jets/4/py in Skim_TriLep_ggHToZZTo4L.root
2025-11-19 16:10:55,022 - INFO - [2022EE] MISSING_CENTRAL: ZFake3Mu/Central/jets/4/py in Skim_TriLep_Muon_E.root
2025-11-19 16:10:55,137 - INFO - [2022EE] MISSING_CENTRAL: ZFake3Mu/Central/jets/4/py in Skim_TriLep_Muon_G.root
2025-11-19 16:10:55,138 - INFO - [2022EE] MISSING_CENTRAL: ZFake3Mu/Central/jets/4/py in Skim_TriLep_DYJets.root
2025-11-19 16:10:55,138 - INFO - [2022EE] MISSING_CENTRAL: ZFake3Mu/Central/jets/4/py in Skim_TriLep_DYJets10to50.root
2025-11-19 16:10:55,139 - INFO - [2022EE] MISSING_CENTRAL: ZFake3Mu/Central/jets/4/py in Skim_TriLep_DYGTo2LG_MLL4to50_PTG10to100.root
2025-11-19 16:10:55,139 - INFO - [2022EE] MISSING_CENTRAL: ZFake3Mu/Central/jets/4/py in Skim_TriLep_DYGTo2LG_MLL4to50_PTG100to200.root
2025-11-19 16:10:55,140 - INFO - [2022EE] MISSING_CENTRAL: ZFake3Mu/Central/jets/4/py in Skim_TriLep_DYGTo2LG_MLL4to50_PTG200toInf.root
2025-11-19 16:10:55,141 - INFO - [2022EE] MISSING_CENTRAL: ZFake3Mu/Central/jets/4/py in Skim_TriLep_DYGTo2LG_MLL50_PTG10to100.root
2025-11-19 16:10:55,141 - INFO - [2022EE] MISSING_CENTRAL: ZFake3Mu/Central/jets/4/py in Skim_TriLep_DYGTo2LG_MLL50_PTG100to200.root
2025-11-19 16:10:55,142 - INFO - [2022EE] MISSING_CENTRAL: ZFake3Mu/Central/jets/4/py in Skim_TriLep_DYGTo2LG_MLL50_PTG200toInf.root
2025-11-19 16:10:55,143 - INFO - [2022EE] MISSING_CENTRAL: ZFake3Mu/Central/jets/4/py in Skim_TriLep_TTG_PTG10to100.root
2025-11-19 16:10:55,143 - INFO - [2022EE] MISSING_CENTRAL: ZFake3Mu/Central/jets/4/py in Skim_TriLep_TTG_PTG100to200.root
2025-11-19 16:10:55,144 - INFO - [2022EE] MISSING_CENTRAL: ZFake3Mu/Central/jets/4/py in Skim_TriLep_TTG_PTG200toInf.root
2025-11-19 16:10:55,144 - INFO - [2022EE] MISSING_CENTRAL: ZFake3Mu/Central/jets/4/py in Skim_TriLep_TTWToLNu.root
2025-11-19 16:10:55,244 - INFO - [2022EE] MISSING_CENTRAL: ZFake3Mu/Central/jets/4/py in Skim_TriLep_WWW.root
2025-11-19 16:10:55,327 - INFO - [2022EE] MISSING_CENTRAL: ZFake3Mu/Central/jets/4/py in Skim_TriLep_VBFHToZZTo4L.root
2025-11-19 16:10:55,328 - INFO - [2022EE] MISSING_CENTRAL: ZFake3Mu/Central/jets/4/py in Skim_TriLep_ggHToZZTo4L.root
2025-11-19 16:25:46,517 - INFO - [2022EE] MISSING_CENTRAL: ZFake3Mu/Central/jets/4/py in Skim_TriLep_Muon_E.root
2025-11-19 16:25:46,595 - INFO - [2022EE] MISSING_CENTRAL: ZFake3Mu/Central/jets/4/py in Skim_TriLep_Muon_G.root
2025-11-19 16:25:46,597 - INFO - [2022EE] MISSING_CENTRAL: ZFake3Mu/Central/jets/4/py in Skim_TriLep_DYJets.root
2025-11-19 16:25:46,598 - INFO - [2022EE] MISSING_CENTRAL: ZFake3Mu/Central/jets/4/py in Skim_TriLep_DYJets10to50.root
2025-11-19 16:25:46,599 - INFO - [2022EE] MISSING_CENTRAL: ZFake3Mu/Central/jets/4/py in Skim_TriLep_DYGTo2LG_MLL4to50_PTG10to100.root
2025-11-19 16:25:46,599 - INFO - [2022EE] MISSING_CENTRAL: ZFake3Mu/Central/jets/4/py in Skim_TriLep_DYGTo2LG_MLL4to50_PTG100to200.root
2025-11-19 16:25:46,600 - INFO - [2022EE] MISSING_CENTRAL: ZFake3Mu/Central/jets/4/py in Skim_TriLep_DYGTo2LG_MLL4to50_PTG200toInf.root
2025-11-19 16:25:46,601 - INFO - [2022EE] MISSING_CENTRAL: ZFake3Mu/Central/jets/4/py in Skim_TriLep_DYGTo2LG_MLL50_PTG10to100.root
2025-11-19 16:25:46,602 - INFO - [2022EE] MISSING_CENTRAL: ZFake3Mu/Central/jets/4/py in Skim_TriLep_DYGTo2LG_MLL50_PTG100to200.root
2025-11-19 16:25:46,604 - INFO - [2022EE] MISSING_CENTRAL: ZFake3Mu/Central/jets/4/py in Skim_TriLep_DYGTo2LG_MLL50_PTG200toInf.root
2025-11-19 16:25:46,605 - INFO - [2022EE] MISSING_CENTRAL: ZFake3Mu/Central/jets/4/py in Skim_TriLep_TTG_PTG10to100.root
2025-11-19 16:25:46,606 - INFO - [2022EE] MISSING_CENTRAL: ZFake3Mu/Central/jets/4/py in Skim_TriLep_TTG_PTG100to200.root
2025-11-19 16:25:46,607 - INFO - [2022EE] MISSING_CENTRAL: ZFake3Mu/Central/jets/4/py in Skim_TriLep_TTG_PTG200toInf.root
2025-11-19 16:25:46,609 - INFO - [2022EE] MISSING_CENTRAL: ZFake3Mu/Central/jets/4/py in Skim_TriLep_TTWToLNu.root
2025-11-19 16:25:46,768 - INFO - [2022EE] MISSING_CENTRAL: ZFake3Mu/Central/jets/4/py in Skim_TriLep_WWW.root
2025-11-19 16:25:46,826 - INFO - [2022EE] MISSING_CENTRAL: ZFake3Mu/Central/jets/4/py in Skim_TriLep_VBFHToZZTo4L.root
2025-11-19 16:25:46,827 - INFO - [2022EE] MISSING_CENTRAL: ZFake3Mu/Central/jets/4/py in Skim_TriLep_ggHToZZTo4L.root
2025-12-17 22:40:29,367 - INFO - [2022EE] MISSING_CENTRAL: ZFake3Mu/Central/jets/4/py in Skim_TriLep_Muon_E.root
2025-12-17 22:40:29,475 - INFO - [2022EE] MISSING_CENTRAL: ZFake3Mu/Central/jets/4/py in Skim_TriLep_Muon_G.root
2025-12-17 22:40:29,477 - INFO - [2022EE] MISSING_CENTRAL: ZFake3Mu/Central/jets/4/py in Skim_TriLep_DYJets.root
2025-12-17 22:40:29,478 - INFO - [2022EE] MISSING_CENTRAL: ZFake3Mu/Central/jets/4/py in Skim_TriLep_DYJets10to50.root
2025-12-17 22:40:29,479 - INFO - [2022EE] MISSING_CENTRAL: ZFake3Mu/Central/jets/4/py in Skim_TriLep_TTG_PTG10to100.root
2025-12-17 22:40:29,480 - INFO - [2022EE] MISSING_CENTRAL: ZFake3Mu/Central/jets/4/py in Skim_TriLep_TTG_PTG100to200.root
2025-12-17 22:40:29,481 - INFO - [2022EE] MISSING_CENTRAL: ZFake3Mu/Central/jets/4/py in Skim_TriLep_TTG_PTG200toInf.root
2025-12-17 22:40:29,482 - INFO - [2022EE] MISSING_CENTRAL: ZFake3Mu/Central/jets/4/py in Skim_TriLep_TTWToLNu.root
2025-12-17 22:40:29,645 - INFO - [2022EE] MISSING_CENTRAL: ZFake3Mu/Central/jets/4/py in Skim_TriLep_WWW.root
2025-12-17 22:40:29,745 - INFO - [2022EE] MISSING_CENTRAL: ZFake3Mu/Central/jets/4/py in Skim_TriLep_VBFHToZZTo4L.root
2025-12-17 22:40:29,746 - INFO - [2022EE] MISSING_CENTRAL: ZFake3Mu/Central/jets/4/py in Skim_TriLep_ggHToZZTo4L.root
2025-12-18 14:25:33,957 - INFO - [2022EE] MISSING_CENTRAL: ZFake3Mu/Central/jets/4/py in Skim_TriLep_Muon_E.root
2025-12-18 14:25:34,118 - INFO - [2022EE] MISSING_CENTRAL: ZFake3Mu/Central/jets/4/py in Skim_TriLep_Muon_G.root
2025-12-18 14:25:34,124 - INFO - [2022EE] MISSING_CENTRAL: ZFake3Mu/Central/jets/4/py in Skim_TriLep_DYJets.root
2025-12-18 14:25:34,125 - INFO - [2022EE] MISSING_CENTRAL: ZFake3Mu/Central/jets/4/py in Skim_TriLep_DYJets10to50.root
2025-12-18 14:25:34,125 - INFO - [2022EE] MISSING_CENTRAL: ZFake3Mu/Central/jets/4/py in Skim_TriLep_TTG_PTG10to100.root
2025-12-18 14:25:34,127 - INFO - [2022EE] MISSING_CENTRAL: ZFake3Mu/Central/jets/4/py in Skim_TriLep_TTG_PTG100to200.root
2025-12-18 14:25:34,128 - INFO - [2022EE] MISSING_CENTRAL: ZFake3Mu/Central/jets/4/py in Skim_TriLep_TTG_PTG200toInf.root
2025-12-18 14:25:34,129 - INFO - [2022EE] MISSING_CENTRAL: ZFake3Mu/Central/jets/4/py in Skim_TriLep_TTWToLNu.root
2025-12-18 14:25:34,519 - INFO - [2022EE] MISSING_CENTRAL: ZFake3Mu/Central/jets/4/py in Skim_TriLep_WWW.root
2025-12-18 14:25:34,894 - INFO - [2022EE] MISSING_CENTRAL: ZFake3Mu/Central/jets/4/py in Skim_TriLep_VBFHToZZTo4L.root
2025-12-18 14:25:34,895 - INFO - [2022EE] MISSING_CENTRAL: ZFake3Mu/Central/jets/4/py in Skim_TriLep_ggHToZZTo4L.root
2025-12-18 14:40:56,216 - INFO - [2022EE] MISSING_CENTRAL: ZFake3Mu/Central/jets/4/py in Skim_TriLep_Muon_E.root
2025-12-18 14:40:56,532 - INFO - [2022EE] MISSING_CENTRAL: ZFake3Mu/Central/jets/4/py in Skim_TriLep_Muon_G.root
2025-12-18 14:40:56,533 - INFO - [2022EE] MISSING_CENTRAL: ZFake3Mu/Central/jets/4/py in Skim_TriLep_DYJets.root
2025-12-18 14:40:56,534 - INFO - [2022EE] MISSING_CENTRAL: ZFake3Mu/Central/jets/4/py in Skim_TriLep_DYJets10to50.root
2025-12-18 14:40:56,535 - INFO - [2022EE] MISSING_CENTRAL: ZFake3Mu/Central/jets/4/py in Skim_TriLep_TTG_PTG10to100.root
2025-12-18 14:40:56,537 - INFO - [2022EE] MISSING_CENTRAL: ZFake3Mu/Central/jets/4/py in Skim_TriLep_TTG_PTG100to200.root
2025-12-18 14:40:56,538 - INFO - [2022EE] MISSING_CENTRAL: ZFake3Mu/Central/jets/4/py in Skim_TriLep_TTG_PTG200toInf.root
2025-12-18 14:40:56,539 - INFO - [2022EE] MISSING_CENTRAL: ZFake3Mu/Central/jets/4/py in Skim_TriLep_TTWToLNu.root
2025-12-18 14:40:56,821 - INFO - [2022EE] MISSING_CENTRAL: ZFake3Mu/Central/jets/4/py in Skim_TriLep_WWW.root
2025-12-18 14:40:56,953 - INFO - [2022EE] MISSING_CENTRAL: ZFake3Mu/Central/jets/4/py in Skim_TriLep_VBFHToZZTo4L.root
2025-12-18 14:40:56,955 - INFO - [2022EE] MISSING_CENTRAL: ZFake3Mu/Central/jets/4/py in Skim_TriLep_ggHToZZTo4L.root
2026-01-07 11:50:22,760 - INFO - [2022EE] MISSING_CENTRAL: ZFake3Mu/Central/jets/4/py in Skim_TriLep_Muon_E.root
2026-01-07 11:50:22,862 - INFO - [2022EE] MISSING_CENTRAL: ZFake3Mu/Central/jets/4/py in Skim_TriLep_Muon_G.root
2026-01-07 11:50:22,863 - INFO - [2022EE] MISSING_CENTRAL: ZFake3Mu/Central/jets/4/py in Skim_TriLep_DYJets.root
2026-01-07 11:50:22,864 - INFO - [2022EE] MISSING_CENTRAL: ZFake3Mu/Central/jets/4/py in Skim_TriLep_DYJets10to50.root
2026-01-07 11:50:22,865 - INFO - [2022EE] MISSING_CENTRAL: ZFake3Mu/Central/jets/4/py in Skim_TriLep_TTG_PTG10to100.root
2026-01-07 11:50:22,866 - INFO - [2022EE] MISSING_CENTRAL: ZFake3Mu/Central/jets/4/py in Skim_TriLep_TTG_PTG100to200.root
2026-01-07 11:50:22,867 - INFO - [2022EE] MISSING_CENTRAL: ZFake3Mu/Central/jets/4/py in Skim_TriLep_TTG_PTG200toInf.root
2026-01-07 11:50:22,868 - INFO - [2022EE] MISSING_CENTRAL: ZFake3Mu/Central/jets/4/py in Skim_TriLep_TTWToLNu.root
2026-01-07 11:50:23,034 - INFO - [2022EE] MISSING_CENTRAL: ZFake3Mu/Central/jets/4/py in Skim_TriLep_WWW.root
2026-01-07 11:50:23,113 - INFO - [2022EE] MISSING_CENTRAL: ZFake3Mu/Central/jets/4/py in Skim_TriLep_VBFHToZZTo4L.root
2026-01-07 11:50:23,114 - INFO - [2022EE] MISSING_CENTRAL: ZFake3Mu/Central/jets/4/py in Skim_TriLep_ggHToZZTo4L.root
