2025-09-24 15:57:46,006 - INFO - [2022EE] MISSING_CENTRAL: ZFake3Mu/Central/METv/energy in Skim_TriLep_DYJets10to50.root
2025-09-24 15:57:46,006 - INFO - [2022EE] MISSING_CENTRAL: ZFake3Mu/Central/METv/energy in Skim_TriLep_DYGTo2LG_MLL4to50_PTG10to100.root
2025-09-24 15:57:46,007 - INFO - [2022EE] MISSING_CENTRAL: ZFake3Mu/Central/METv/energy in Skim_TriLep_DYGTo2LG_MLL4to50_PTG100to200.root
2025-10-02 21:18:16,044 - INFO - [2022EE] MISSING_CENTRAL: ZFake3Mu/Central/METv/energy in Skim_TriLep_DYJets10to50.root
2025-10-02 21:18:16,045 - INFO - [2022EE] MISSING_CENTRAL: ZFake3Mu/Central/METv/energy in Skim_TriLep_DYGTo2LG_MLL4to50_PTG10to100.root
2025-10-02 21:18:16,047 - INFO - [2022EE] MISSING_CENTRAL: ZFake3Mu/Central/METv/energy in Skim_TriLep_DYGTo2LG_MLL4to50_PTG100to200.root
2025-10-03 00:25:41,720 - INFO - [2022EE] MISSING_CENTRAL: ZFake3Mu/Central/METv/energy in Skim_TriLep_DYJets10to50.root
2025-10-03 00:25:41,721 - INFO - [2022EE] MISSING_CENTRAL: ZFake3Mu/Central/METv/energy in Skim_TriLep_DYGTo2LG_MLL4to50_PTG10to100.root
2025-10-03 00:25:41,722 - INFO - [2022EE] MISSING_CENTRAL: ZFake3Mu/Central/METv/energy in Skim_TriLep_DYGTo2LG_MLL4to50_PTG100to200.root
2025-11-07 13:10:12,661 - INFO - [2022EE] MISSING_FILE: /home/choij/Sync/workspace/ChargedHiggsAnalysisV3/SKNanoOutput/PromptSelector/Run3Mu/2022EE/Skim_TriLep_Muon_E.root
2025-11-07 13:10:12,661 - INFO - [2022EE] MISSING_FILE: /home/choij/Sync/workspace/ChargedHiggsAnalysisV3/SKNanoOutput/PromptSelector/Run3Mu/2022EE/Skim_TriLep_Muon_F.root
2025-11-07 13:10:12,661 - INFO - [2022EE] MISSING_FILE: /home/choij/Sync/workspace/ChargedHiggsAnalysisV3/SKNanoOutput/PromptSelector/Run3Mu/2022EE/Skim_TriLep_Muon_G.root
2025-11-07 14:07:51,595 - INFO - [2022EE] MISSING_FILE: /home/choij/Sync/workspace/ChargedHiggsAnalysisV3/SKNanoOutput/PromptSelector/Run3Mu/2022EE/Skim_TriLep_Muon_E.root
2025-11-07 14:07:51,595 - INFO - [2022EE] MISSING_FILE: /home/choij/Sync/workspace/ChargedHiggsAnalysisV3/SKNanoOutput/PromptSelector/Run3Mu/2022EE/Skim_TriLep_Muon_F.root
2025-11-07 14:07:51,595 - INFO - [2022EE] MISSING_FILE: /home/choij/Sync/workspace/ChargedHiggsAnalysisV3/SKNanoOutput/PromptSelector/Run3Mu/2022EE/Skim_TriLep_Muon_G.root
2025-11-10 12:23:21,167 - INFO - [2022EE] MISSING_FILE: /home/choij/Sync/workspace/ChargedHiggsAnalysisV3/SKNanoOutput/PromptSelector/Run3Mu/2022EE/Skim_TriLep_Muon_F.root
2025-11-10 12:23:21,220 - INFO - [2022EE] MISSING_CENTRAL: ZFake3Mu/Central/METv/energy in Skim_TriLep_DYJets10to50.root
2025-11-10 12:23:21,221 - INFO - [2022EE] MISSING_CENTRAL: ZFake3Mu/Central/METv/energy in Skim_TriLep_DYGTo2LG_MLL4to50_PTG10to100.root
2025-11-10 12:23:21,222 - INFO - [2022EE] MISSING_CENTRAL: ZFake3Mu/Central/METv/energy in Skim_TriLep_DYGTo2LG_MLL4to50_PTG100to200.root
2025-11-13 11:13:10,399 - INFO - [2022EE] MISSING_CENTRAL: ZFake3Mu/Central/METv/energy in Skim_TriLep_DYJets10to50.root
2025-11-13 11:13:10,400 - INFO - [2022EE] MISSING_CENTRAL: ZFake3Mu/Central/METv/energy in Skim_TriLep_DYGTo2LG_MLL4to50_PTG10to100.root
2025-11-13 11:13:10,401 - INFO - [2022EE] MISSING_CENTRAL: ZFake3Mu/Central/METv/energy in Skim_TriLep_DYGTo2LG_MLL4to50_PTG100to200.root
