2025-09-24 15:57:44,648 - INFO - [2022EE] MISSING_CENTRAL: ZFake3Mu/Central/METv/px in Skim_TriLep_DYJets10to50.root
2025-09-24 15:57:44,648 - INFO - [2022EE] MISSING_CENTRAL: ZFake3Mu/Central/METv/px in Skim_TriLep_DYGTo2LG_MLL4to50_PTG10to100.root
2025-09-24 15:57:44,649 - INFO - [2022EE] MISSING_CENTRAL: ZFake3Mu/Central/METv/px in Skim_TriLep_DYGTo2LG_MLL4to50_PTG100to200.root
2025-10-02 21:18:14,570 - INFO - [2022EE] MISSING_CENTRAL: ZFake3Mu/Central/METv/px in Skim_TriLep_DYJets10to50.root
2025-10-02 21:18:14,571 - INFO - [2022EE] MISSING_CENTRAL: ZFake3Mu/Central/METv/px in Skim_TriLep_DYGTo2LG_MLL4to50_PTG10to100.root
2025-10-02 21:18:14,590 - INFO - [2022EE] MISSING_CENTRAL: ZFake3Mu/Central/METv/px in Skim_TriLep_DYGTo2LG_MLL4to50_PTG100to200.root
2025-10-03 00:25:39,550 - INFO - [2022EE] MISSING_CENTRAL: ZFake3Mu/Central/METv/px in Skim_TriLep_DYJets10to50.root
2025-10-03 00:25:39,551 - INFO - [2022EE] MISSING_CENTRAL: ZFake3Mu/Central/METv/px in Skim_TriLep_DYGTo2LG_MLL4to50_PTG10to100.root
2025-10-03 00:25:39,551 - INFO - [2022EE] MISSING_CENTRAL: ZFake3Mu/Central/METv/px in Skim_TriLep_DYGTo2LG_MLL4to50_PTG100to200.root
2025-11-07 13:10:12,520 - INFO - [2022EE] MISSING_FILE: /home/choij/Sync/workspace/ChargedHiggsAnalysisV3/SKNanoOutput/PromptSelector/Run3Mu/2022EE/Skim_TriLep_Muon_E.root
2025-11-07 13:10:12,520 - INFO - [2022EE] MISSING_FILE: /home/choij/Sync/workspace/ChargedHiggsAnalysisV3/SKNanoOutput/PromptSelector/Run3Mu/2022EE/Skim_TriLep_Muon_F.root
2025-11-07 13:10:12,520 - INFO - [2022EE] MISSING_FILE: /home/choij/Sync/workspace/ChargedHiggsAnalysisV3/SKNanoOutput/PromptSelector/Run3Mu/2022EE/Skim_TriLep_Muon_G.root
2025-11-07 14:07:51,616 - INFO - [2022EE] MISSING_FILE: /home/choij/Sync/workspace/ChargedHiggsAnalysisV3/SKNanoOutput/PromptSelector/Run3Mu/2022EE/Skim_TriLep_Muon_E.root
2025-11-07 14:07:51,617 - INFO - [2022EE] MISSING_FILE: /home/choij/Sync/workspace/ChargedHiggsAnalysisV3/SKNanoOutput/PromptSelector/Run3Mu/2022EE/Skim_TriLep_Muon_F.root
2025-11-07 14:07:51,617 - INFO - [2022EE] MISSING_FILE: /home/choij/Sync/workspace/ChargedHiggsAnalysisV3/SKNanoOutput/PromptSelector/Run3Mu/2022EE/Skim_TriLep_Muon_G.root
2025-11-10 12:23:21,104 - INFO - [2022EE] MISSING_FILE: /home/choij/Sync/workspace/ChargedHiggsAnalysisV3/SKNanoOutput/PromptSelector/Run3Mu/2022EE/Skim_TriLep_Muon_F.root
2025-11-10 12:23:21,167 - INFO - [2022EE] MISSING_CENTRAL: ZFake3Mu/Central/METv/px in Skim_TriLep_DYJets10to50.root
2025-11-10 12:23:21,168 - INFO - [2022EE] MISSING_CENTRAL: ZFake3Mu/Central/METv/px in Skim_TriLep_DYGTo2LG_MLL4to50_PTG10to100.root
2025-11-10 12:23:21,168 - INFO - [2022EE] MISSING_CENTRAL: ZFake3Mu/Central/METv/px in Skim_TriLep_DYGTo2LG_MLL4to50_PTG100to200.root
2025-11-13 11:13:10,245 - INFO - [2022EE] MISSING_CENTRAL: ZFake3Mu/Central/METv/px in Skim_TriLep_DYJets10to50.root
2025-11-13 11:13:10,252 - INFO - [2022EE] MISSING_CENTRAL: ZFake3Mu/Central/METv/px in Skim_TriLep_DYGTo2LG_MLL4to50_PTG10to100.root
2025-11-13 11:13:10,254 - INFO - [2022EE] MISSING_CENTRAL: ZFake3Mu/Central/METv/px in Skim_TriLep_DYGTo2LG_MLL4to50_PTG100to200.root
2025-11-19 16:10:55,348 - INFO - [2022EE] MISSING_CENTRAL: ZFake3Mu/Central/METv/px in Skim_TriLep_DYJets10to50.root
2025-11-19 16:10:55,348 - INFO - [2022EE] MISSING_CENTRAL: ZFake3Mu/Central/METv/px in Skim_TriLep_DYGTo2LG_MLL4to50_PTG10to100.root
2025-11-19 16:10:55,349 - INFO - [2022EE] MISSING_CENTRAL: ZFake3Mu/Central/METv/px in Skim_TriLep_DYGTo2LG_MLL4to50_PTG100to200.root
2025-11-19 16:25:47,279 - INFO - [2022EE] MISSING_CENTRAL: ZFake3Mu/Central/METv/px in Skim_TriLep_DYJets10to50.root
2025-11-19 16:25:47,280 - INFO - [2022EE] MISSING_CENTRAL: ZFake3Mu/Central/METv/px in Skim_TriLep_DYGTo2LG_MLL4to50_PTG10to100.root
2025-11-19 16:25:47,280 - INFO - [2022EE] MISSING_CENTRAL: ZFake3Mu/Central/METv/px in Skim_TriLep_DYGTo2LG_MLL4to50_PTG100to200.root
2025-12-17 22:40:29,378 - INFO - [2022EE] MISSING_CENTRAL: ZFake3Mu/Central/METv/px in Skim_TriLep_DYJets10to50.root
2025-12-17 22:40:29,396 - INFO - [2022EE] MISSING_CENTRAL: ZFake3Mu/Central/METv/px in Skim_TriLep_TTG_PTG10to100.root
2025-12-18 14:25:35,072 - INFO - [2022EE] MISSING_CENTRAL: ZFake3Mu/Central/METv/px in Skim_TriLep_DYJets10to50.root
2025-12-18 14:25:35,077 - INFO - [2022EE] MISSING_CENTRAL: ZFake3Mu/Central/METv/px in Skim_TriLep_TTG_PTG10to100.root
2025-12-18 14:40:57,096 - INFO - [2022EE] MISSING_CENTRAL: ZFake3Mu/Central/METv/px in Skim_TriLep_DYJets10to50.root
2025-12-18 14:40:57,098 - INFO - [2022EE] MISSING_CENTRAL: ZFake3Mu/Central/METv/px in Skim_TriLep_TTG_PTG10to100.root
2026-01-07 11:50:22,952 - INFO - [2022EE] MISSING_CENTRAL: ZFake3Mu/Central/METv/px in Skim_TriLep_DYJets10to50.root
2026-01-07 11:50:22,953 - INFO - [2022EE] MISSING_CENTRAL: ZFake3Mu/Central/METv/px in Skim_TriLep_TTG_PTG10to100.root
2026-01-07 18:46:59,219 - INFO - [2022EE] MISSING_CENTRAL: ZFake3Mu/Central/METv/px in Skim_TriLep_DYJets10to50.root
2026-01-07 18:46:59,222 - INFO - [2022EE] MISSING_CENTRAL: ZFake3Mu/Central/METv/px in Skim_TriLep_TTG_PTG10to100.root
2026-01-09 12:21:26,289 - INFO - [2022EE] MISSING_CENTRAL: ZFake3Mu/Central/METv/px in Skim_TriLep_DYJets10to50.root
2026-01-09 12:21:26,289 - INFO - [2022EE] MISSING_CENTRAL: ZFake3Mu/Central/METv/px in Skim_TriLep_TTG_PTG10to100.root
2026-01-11 09:41:29,331 - INFO - [2022EE] MISSING_CENTRAL: ZFake3Mu/Central/METv/px in Skim_TriLep_DYJets10to50.root
2026-01-11 09:41:29,333 - INFO - [2022EE] MISSING_CENTRAL: ZFake3Mu/Central/METv/px in Skim_TriLep_TTG_PTG10to100.root
2026-01-12 13:50:13,193 - INFO - [2022EE] MISSING_FILE: /home/choij/Sync/workspace/ChargedHiggsAnalysisV3/SKNanoOutput/MatrixSelector/Run3Mu/2022EE/Skim_TriLep_Muon_E.root
2026-01-12 13:50:13,193 - INFO - [2022EE] MISSING_FILE: /home/choij/Sync/workspace/ChargedHiggsAnalysisV3/SKNanoOutput/MatrixSelector/Run3Mu/2022EE/Skim_TriLep_Muon_F.root
2026-01-12 13:50:13,193 - INFO - [2022EE] MISSING_FILE: /home/choij/Sync/workspace/ChargedHiggsAnalysisV3/SKNanoOutput/MatrixSelector/Run3Mu/2022EE/Skim_TriLep_Muon_G.root
2026-01-12 13:50:13,222 - INFO - [2022EE] MISSING_CENTRAL: ZFake3Mu/Central/METv/px in Skim_TriLep_DYJets10to50.root
2026-01-12 13:50:13,222 - INFO - [2022EE] MISSING_CENTRAL: ZFake3Mu/Central/METv/px in Skim_TriLep_TTG_PTG10to100.root
2026-01-16 19:05:09,788 - INFO - [2022EE] MISSING_CENTRAL: ZFake3Mu/Central/METv/px in Skim_TriLep_DYJets10to50.root
2026-01-16 19:05:09,789 - INFO - [2022EE] MISSING_CENTRAL: ZFake3Mu/Central/METv/px in Skim_TriLep_TTG_PTG10to100.root
