2025-11-07 13:10:16,326 - INFO - [2022EE] MISSING_FILE: /home/choij/Sync/workspace/ChargedHiggsAnalysisV3/SKNanoOutput/PromptSelector/Run3Mu/2022EE/Skim_TriLep_Muon_E.root
2025-11-07 13:10:16,326 - INFO - [2022EE] MISSING_FILE: /home/choij/Sync/workspace/ChargedHiggsAnalysisV3/SKNanoOutput/PromptSelector/Run3Mu/2022EE/Skim_TriLep_Muon_F.root
2025-11-07 13:10:16,326 - INFO - [2022EE] MISSING_FILE: /home/choij/Sync/workspace/ChargedHiggsAnalysisV3/SKNanoOutput/PromptSelector/Run3Mu/2022EE/Skim_TriLep_Muon_G.root
2025-11-07 14:07:54,919 - INFO - [2022EE] MISSING_FILE: /home/choij/Sync/workspace/ChargedHiggsAnalysisV3/SKNanoOutput/PromptSelector/Run3Mu/2022EE/Skim_TriLep_Muon_E.root
2025-11-07 14:07:54,920 - INFO - [2022EE] MISSING_FILE: /home/choij/Sync/workspace/ChargedHiggsAnalysisV3/SKNanoOutput/PromptSelector/Run3Mu/2022EE/Skim_TriLep_Muon_F.root
2025-11-07 14:07:54,920 - INFO - [2022EE] MISSING_FILE: /home/choij/Sync/workspace/ChargedHiggsAnalysisV3/SKNanoOutput/PromptSelector/Run3Mu/2022EE/Skim_TriLep_Muon_G.root
2025-11-10 12:23:26,347 - INFO - [2022EE] MISSING_FILE: /home/choij/Sync/workspace/ChargedHiggsAnalysisV3/SKNanoOutput/PromptSelector/Run3Mu/2022EE/Skim_TriLep_Muon_F.root
2025-11-10 12:23:26,380 - INFO - [2022EE] MISSING_CENTRAL: ZFake3Mu/Central/MHc160_MA98/score_nonprompt in Skim_TriLep_DYJets10to50.root
2025-11-10 12:23:26,381 - INFO - [2022EE] MISSING_CENTRAL: ZFake3Mu/Central/MHc160_MA98/score_nonprompt in Skim_TriLep_DYGTo2LG_MLL4to50_PTG10to100.root
2025-11-10 12:23:26,381 - INFO - [2022EE] MISSING_CENTRAL: ZFake3Mu/Central/MHc160_MA98/score_nonprompt in Skim_TriLep_DYGTo2LG_MLL4to50_PTG100to200.root
2025-11-13 11:13:13,257 - INFO - [2022EE] MISSING_CENTRAL: ZFake3Mu/Central/MHc160_MA98/score_nonprompt in Skim_TriLep_DYJets10to50.root
2025-11-13 11:13:13,258 - INFO - [2022EE] MISSING_CENTRAL: ZFake3Mu/Central/MHc160_MA98/score_nonprompt in Skim_TriLep_DYGTo2LG_MLL4to50_PTG10to100.root
2025-11-13 11:13:13,259 - INFO - [2022EE] MISSING_CENTRAL: ZFake3Mu/Central/MHc160_MA98/score_nonprompt in Skim_TriLep_DYGTo2LG_MLL4to50_PTG100to200.root
2025-11-19 16:11:00,469 - INFO - [2022EE] MISSING_CENTRAL: ZFake3Mu/Central/MHc160_MA98/score_nonprompt in Skim_TriLep_DYJets10to50.root
2025-11-19 16:11:00,470 - INFO - [2022EE] MISSING_CENTRAL: ZFake3Mu/Central/MHc160_MA98/score_nonprompt in Skim_TriLep_DYGTo2LG_MLL4to50_PTG10to100.root
2025-11-19 16:11:00,470 - INFO - [2022EE] MISSING_CENTRAL: ZFake3Mu/Central/MHc160_MA98/score_nonprompt in Skim_TriLep_DYGTo2LG_MLL4to50_PTG100to200.root
2025-11-19 16:25:52,375 - INFO - [2022EE] MISSING_CENTRAL: ZFake3Mu/Central/MHc160_MA98/score_nonprompt in Skim_TriLep_DYJets10to50.root
2025-11-19 16:25:52,376 - INFO - [2022EE] MISSING_CENTRAL: ZFake3Mu/Central/MHc160_MA98/score_nonprompt in Skim_TriLep_DYGTo2LG_MLL4to50_PTG10to100.root
2025-11-19 16:25:52,376 - INFO - [2022EE] MISSING_CENTRAL: ZFake3Mu/Central/MHc160_MA98/score_nonprompt in Skim_TriLep_DYGTo2LG_MLL4to50_PTG100to200.root
2025-12-17 22:40:32,371 - INFO - [2022EE] MISSING_CENTRAL: ZFake3Mu/Central/MHc160_MA98/score_nonprompt in Skim_TriLep_DYJets10to50.root
2025-12-17 22:40:32,371 - INFO - [2022EE] MISSING_CENTRAL: ZFake3Mu/Central/MHc160_MA98/score_nonprompt in Skim_TriLep_TTG_PTG10to100.root
2025-12-18 14:25:40,251 - INFO - [2022EE] MISSING_CENTRAL: ZFake3Mu/Central/MHc160_MA98/score_nonprompt in Skim_TriLep_DYJets10to50.root
2025-12-18 14:25:40,252 - INFO - [2022EE] MISSING_CENTRAL: ZFake3Mu/Central/MHc160_MA98/score_nonprompt in Skim_TriLep_TTG_PTG10to100.root
2025-12-18 14:41:02,067 - INFO - [2022EE] MISSING_CENTRAL: ZFake3Mu/Central/MHc160_MA98/score_nonprompt in Skim_TriLep_DYJets10to50.root
2025-12-18 14:41:02,067 - INFO - [2022EE] MISSING_CENTRAL: ZFake3Mu/Central/MHc160_MA98/score_nonprompt in Skim_TriLep_TTG_PTG10to100.root
2026-01-07 11:50:26,963 - INFO - [2022EE] MISSING_CENTRAL: ZFake3Mu/Central/MHc160_MA98/score_nonprompt in Skim_TriLep_DYJets10to50.root
2026-01-07 11:50:26,964 - INFO - [2022EE] MISSING_CENTRAL: ZFake3Mu/Central/MHc160_MA98/score_nonprompt in Skim_TriLep_TTG_PTG10to100.root
2026-01-07 18:47:03,619 - INFO - [2022EE] MISSING_CENTRAL: ZFake3Mu/Central/MHc160_MA98/score_nonprompt in Skim_TriLep_DYJets10to50.root
2026-01-07 18:47:03,620 - INFO - [2022EE] MISSING_CENTRAL: ZFake3Mu/Central/MHc160_MA98/score_nonprompt in Skim_TriLep_TTG_PTG10to100.root
2026-01-09 12:21:34,071 - INFO - [2022EE] MISSING_CENTRAL: ZFake3Mu/Central/MHc160_MA98/score_nonprompt in Skim_TriLep_DYJets10to50.root
2026-01-09 12:21:34,072 - INFO - [2022EE] MISSING_CENTRAL: ZFake3Mu/Central/MHc160_MA98/score_nonprompt in Skim_TriLep_TTG_PTG10to100.root
