2025-09-24 15:57:29,476 - INFO - [2022EE] MISSING_CENTRAL: ZFake3Mu/Central/muons/3/pt in Skim_TriLep_DYJets10to50.root
2025-09-24 15:57:29,476 - INFO - [2022EE] MISSING_CENTRAL: ZFake3Mu/Central/muons/3/pt in Skim_TriLep_DYGTo2LG_MLL4to50_PTG10to100.root
2025-09-24 15:57:29,477 - INFO - [2022EE] MISSING_CENTRAL: ZFake3Mu/Central/muons/3/pt in Skim_TriLep_DYGTo2LG_MLL4to50_PTG100to200.root
2025-10-02 21:18:05,568 - INFO - [2022EE] MISSING_CENTRAL: ZFake3Mu/Central/muons/3/pt in Skim_TriLep_DYJets10to50.root
2025-10-02 21:18:05,580 - INFO - [2022EE] MISSING_CENTRAL: ZFake3Mu/Central/muons/3/pt in Skim_TriLep_DYGTo2LG_MLL4to50_PTG10to100.root
2025-10-02 21:18:05,582 - INFO - [2022EE] MISSING_CENTRAL: ZFake3Mu/Central/muons/3/pt in Skim_TriLep_DYGTo2LG_MLL4to50_PTG100to200.root
2025-10-03 00:25:22,460 - INFO - [2022EE] MISSING_CENTRAL: ZFake3Mu/Central/muons/3/pt in Skim_TriLep_DYJets10to50.root
2025-10-03 00:25:22,461 - INFO - [2022EE] MISSING_CENTRAL: ZFake3Mu/Central/muons/3/pt in Skim_TriLep_DYGTo2LG_MLL4to50_PTG10to100.root
2025-10-03 00:25:22,461 - INFO - [2022EE] MISSING_CENTRAL: ZFake3Mu/Central/muons/3/pt in Skim_TriLep_DYGTo2LG_MLL4to50_PTG100to200.root
2025-11-07 13:10:08,055 - INFO - [2022EE] MISSING_FILE: /home/choij/Sync/workspace/ChargedHiggsAnalysisV3/SKNanoOutput/PromptSelector/Run3Mu/2022EE/Skim_TriLep_Muon_E.root
2025-11-07 13:10:08,056 - INFO - [2022EE] MISSING_FILE: /home/choij/Sync/workspace/ChargedHiggsAnalysisV3/SKNanoOutput/PromptSelector/Run3Mu/2022EE/Skim_TriLep_Muon_F.root
2025-11-07 13:10:08,056 - INFO - [2022EE] MISSING_FILE: /home/choij/Sync/workspace/ChargedHiggsAnalysisV3/SKNanoOutput/PromptSelector/Run3Mu/2022EE/Skim_TriLep_Muon_G.root
2025-11-07 14:07:47,244 - INFO - [2022EE] MISSING_FILE: /home/choij/Sync/workspace/ChargedHiggsAnalysisV3/SKNanoOutput/PromptSelector/Run3Mu/2022EE/Skim_TriLep_Muon_E.root
2025-11-07 14:07:47,244 - INFO - [2022EE] MISSING_FILE: /home/choij/Sync/workspace/ChargedHiggsAnalysisV3/SKNanoOutput/PromptSelector/Run3Mu/2022EE/Skim_TriLep_Muon_F.root
2025-11-07 14:07:47,245 - INFO - [2022EE] MISSING_FILE: /home/choij/Sync/workspace/ChargedHiggsAnalysisV3/SKNanoOutput/PromptSelector/Run3Mu/2022EE/Skim_TriLep_Muon_G.root
2025-11-10 12:23:14,495 - INFO - [2022EE] MISSING_FILE: /home/choij/Sync/workspace/ChargedHiggsAnalysisV3/SKNanoOutput/PromptSelector/Run3Mu/2022EE/Skim_TriLep_Muon_F.root
2025-11-10 12:23:14,545 - INFO - [2022EE] MISSING_CENTRAL: ZFake3Mu/Central/muons/3/pt in Skim_TriLep_DYJets10to50.root
2025-11-10 12:23:14,545 - INFO - [2022EE] MISSING_CENTRAL: ZFake3Mu/Central/muons/3/pt in Skim_TriLep_DYGTo2LG_MLL4to50_PTG10to100.root
2025-11-10 12:23:14,545 - INFO - [2022EE] MISSING_CENTRAL: ZFake3Mu/Central/muons/3/pt in Skim_TriLep_DYGTo2LG_MLL4to50_PTG100to200.root
2025-11-13 11:13:00,666 - INFO - [2022EE] MISSING_CENTRAL: ZFake3Mu/Central/muons/3/pt in Skim_TriLep_DYJets10to50.root
2025-11-13 11:13:00,667 - INFO - [2022EE] MISSING_CENTRAL: ZFake3Mu/Central/muons/3/pt in Skim_TriLep_DYGTo2LG_MLL4to50_PTG10to100.root
2025-11-13 11:13:00,668 - INFO - [2022EE] MISSING_CENTRAL: ZFake3Mu/Central/muons/3/pt in Skim_TriLep_DYGTo2LG_MLL4to50_PTG100to200.root
2025-11-19 16:10:48,633 - INFO - [2022EE] MISSING_CENTRAL: ZFake3Mu/Central/muons/3/pt in Skim_TriLep_DYJets10to50.root
2025-11-19 16:10:48,634 - INFO - [2022EE] MISSING_CENTRAL: ZFake3Mu/Central/muons/3/pt in Skim_TriLep_DYGTo2LG_MLL4to50_PTG10to100.root
2025-11-19 16:10:48,634 - INFO - [2022EE] MISSING_CENTRAL: ZFake3Mu/Central/muons/3/pt in Skim_TriLep_DYGTo2LG_MLL4to50_PTG100to200.root
2025-11-19 16:25:40,459 - INFO - [2022EE] MISSING_CENTRAL: ZFake3Mu/Central/muons/3/pt in Skim_TriLep_DYJets10to50.root
2025-11-19 16:25:40,460 - INFO - [2022EE] MISSING_CENTRAL: ZFake3Mu/Central/muons/3/pt in Skim_TriLep_DYGTo2LG_MLL4to50_PTG10to100.root
2025-11-19 16:25:40,460 - INFO - [2022EE] MISSING_CENTRAL: ZFake3Mu/Central/muons/3/pt in Skim_TriLep_DYGTo2LG_MLL4to50_PTG100to200.root
2025-12-17 22:40:19,824 - INFO - [2022EE] MISSING_CENTRAL: ZFake3Mu/Central/muons/3/pt in Skim_TriLep_DYJets10to50.root
2025-12-17 22:40:19,835 - INFO - [2022EE] MISSING_CENTRAL: ZFake3Mu/Central/muons/3/pt in Skim_TriLep_TTG_PTG10to100.root
2025-12-18 14:25:29,162 - INFO - [2022EE] MISSING_CENTRAL: ZFake3Mu/Central/muons/3/pt in Skim_TriLep_DYJets10to50.root
2025-12-18 14:25:29,163 - INFO - [2022EE] MISSING_CENTRAL: ZFake3Mu/Central/muons/3/pt in Skim_TriLep_TTG_PTG10to100.root
2025-12-18 14:40:50,510 - INFO - [2022EE] MISSING_CENTRAL: ZFake3Mu/Central/muons/3/pt in Skim_TriLep_DYJets10to50.root
2025-12-18 14:40:50,512 - INFO - [2022EE] MISSING_CENTRAL: ZFake3Mu/Central/muons/3/pt in Skim_TriLep_TTG_PTG10to100.root
2026-01-07 11:50:12,714 - INFO - [2022EE] MISSING_CENTRAL: ZFake3Mu/Central/muons/3/pt in Skim_TriLep_DYJets10to50.root
2026-01-07 11:50:12,715 - INFO - [2022EE] MISSING_CENTRAL: ZFake3Mu/Central/muons/3/pt in Skim_TriLep_TTG_PTG10to100.root
2026-01-07 18:46:53,892 - INFO - [2022EE] MISSING_CENTRAL: ZFake3Mu/Central/muons/3/pt in Skim_TriLep_DYJets10to50.root
2026-01-07 18:46:53,893 - INFO - [2022EE] MISSING_CENTRAL: ZFake3Mu/Central/muons/3/pt in Skim_TriLep_TTG_PTG10to100.root
2026-01-09 12:21:19,882 - INFO - [2022EE] MISSING_CENTRAL: ZFake3Mu/Central/muons/3/pt in Skim_TriLep_DYJets10to50.root
2026-01-09 12:21:19,882 - INFO - [2022EE] MISSING_CENTRAL: ZFake3Mu/Central/muons/3/pt in Skim_TriLep_TTG_PTG10to100.root
