2025-09-24 15:57:47,243 - INFO - [2022EE] MISSING_CENTRAL: ZFake3Mu/Central/ZCand/eta in Skim_TriLep_DYJets10to50.root
2025-09-24 15:57:47,243 - INFO - [2022EE] MISSING_CENTRAL: ZFake3Mu/Central/ZCand/eta in Skim_TriLep_DYGTo2LG_MLL4to50_PTG10to100.root
2025-09-24 15:57:47,243 - INFO - [2022EE] MISSING_CENTRAL: ZFake3Mu/Central/ZCand/eta in Skim_TriLep_DYGTo2LG_MLL4to50_PTG100to200.root
2025-10-02 21:18:15,898 - INFO - [2022EE] MISSING_CENTRAL: ZFake3Mu/Central/ZCand/eta in Skim_TriLep_DYJets10to50.root
2025-10-02 21:18:15,899 - INFO - [2022EE] MISSING_CENTRAL: ZFake3Mu/Central/ZCand/eta in Skim_TriLep_DYGTo2LG_MLL4to50_PTG10to100.root
2025-10-02 21:18:15,900 - INFO - [2022EE] MISSING_CENTRAL: ZFake3Mu/Central/ZCand/eta in Skim_TriLep_DYGTo2LG_MLL4to50_PTG100to200.root
2025-10-03 00:25:42,369 - INFO - [2022EE] MISSING_CENTRAL: ZFake3Mu/Central/ZCand/eta in Skim_TriLep_DYJets10to50.root
2025-10-03 00:25:42,370 - INFO - [2022EE] MISSING_CENTRAL: ZFake3Mu/Central/ZCand/eta in Skim_TriLep_DYGTo2LG_MLL4to50_PTG10to100.root
2025-10-03 00:25:42,370 - INFO - [2022EE] MISSING_CENTRAL: ZFake3Mu/Central/ZCand/eta in Skim_TriLep_DYGTo2LG_MLL4to50_PTG100to200.root
2025-11-07 13:10:12,840 - INFO - [2022EE] MISSING_FILE: /home/choij/Sync/workspace/ChargedHiggsAnalysisV3/SKNanoOutput/PromptSelector/Run3Mu/2022EE/Skim_TriLep_Muon_E.root
2025-11-07 13:10:12,840 - INFO - [2022EE] MISSING_FILE: /home/choij/Sync/workspace/ChargedHiggsAnalysisV3/SKNanoOutput/PromptSelector/Run3Mu/2022EE/Skim_TriLep_Muon_F.root
2025-11-07 13:10:12,840 - INFO - [2022EE] MISSING_FILE: /home/choij/Sync/workspace/ChargedHiggsAnalysisV3/SKNanoOutput/PromptSelector/Run3Mu/2022EE/Skim_TriLep_Muon_G.root
2025-11-07 14:07:51,707 - INFO - [2022EE] MISSING_FILE: /home/choij/Sync/workspace/ChargedHiggsAnalysisV3/SKNanoOutput/PromptSelector/Run3Mu/2022EE/Skim_TriLep_Muon_E.root
2025-11-07 14:07:51,707 - INFO - [2022EE] MISSING_FILE: /home/choij/Sync/workspace/ChargedHiggsAnalysisV3/SKNanoOutput/PromptSelector/Run3Mu/2022EE/Skim_TriLep_Muon_F.root
2025-11-07 14:07:51,707 - INFO - [2022EE] MISSING_FILE: /home/choij/Sync/workspace/ChargedHiggsAnalysisV3/SKNanoOutput/PromptSelector/Run3Mu/2022EE/Skim_TriLep_Muon_G.root
2025-11-10 12:23:21,185 - INFO - [2022EE] MISSING_FILE: /home/choij/Sync/workspace/ChargedHiggsAnalysisV3/SKNanoOutput/PromptSelector/Run3Mu/2022EE/Skim_TriLep_Muon_F.root
2025-11-10 12:23:21,235 - INFO - [2022EE] MISSING_CENTRAL: ZFake3Mu/Central/ZCand/eta in Skim_TriLep_DYJets10to50.root
2025-11-10 12:23:21,236 - INFO - [2022EE] MISSING_CENTRAL: ZFake3Mu/Central/ZCand/eta in Skim_TriLep_DYGTo2LG_MLL4to50_PTG10to100.root
2025-11-10 12:23:21,236 - INFO - [2022EE] MISSING_CENTRAL: ZFake3Mu/Central/ZCand/eta in Skim_TriLep_DYGTo2LG_MLL4to50_PTG100to200.root
2025-11-13 11:13:10,280 - INFO - [2022EE] MISSING_CENTRAL: ZFake3Mu/Central/ZCand/eta in Skim_TriLep_DYJets10to50.root
2025-11-13 11:13:10,282 - INFO - [2022EE] MISSING_CENTRAL: ZFake3Mu/Central/ZCand/eta in Skim_TriLep_DYGTo2LG_MLL4to50_PTG10to100.root
2025-11-13 11:13:10,284 - INFO - [2022EE] MISSING_CENTRAL: ZFake3Mu/Central/ZCand/eta in Skim_TriLep_DYGTo2LG_MLL4to50_PTG100to200.root
2025-11-19 16:10:55,408 - INFO - [2022EE] MISSING_CENTRAL: ZFake3Mu/Central/ZCand/eta in Skim_TriLep_DYJets10to50.root
2025-11-19 16:10:55,409 - INFO - [2022EE] MISSING_CENTRAL: ZFake3Mu/Central/ZCand/eta in Skim_TriLep_DYGTo2LG_MLL4to50_PTG10to100.root
2025-11-19 16:10:55,409 - INFO - [2022EE] MISSING_CENTRAL: ZFake3Mu/Central/ZCand/eta in Skim_TriLep_DYGTo2LG_MLL4to50_PTG100to200.root
2025-11-19 16:25:47,885 - INFO - [2022EE] MISSING_CENTRAL: ZFake3Mu/Central/ZCand/eta in Skim_TriLep_DYJets10to50.root
2025-11-19 16:25:47,886 - INFO - [2022EE] MISSING_CENTRAL: ZFake3Mu/Central/ZCand/eta in Skim_TriLep_DYGTo2LG_MLL4to50_PTG10to100.root
2025-11-19 16:25:47,886 - INFO - [2022EE] MISSING_CENTRAL: ZFake3Mu/Central/ZCand/eta in Skim_TriLep_DYGTo2LG_MLL4to50_PTG100to200.root
