2025-09-24 15:57:46,684 - INFO - [2022EE] MISSING_CENTRAL: ZFake3Mu/Central/ZCand/pt in Skim_TriLep_DYJets10to50.root
2025-09-24 15:57:46,685 - INFO - [2022EE] MISSING_CENTRAL: ZFake3Mu/Central/ZCand/pt in Skim_TriLep_DYGTo2LG_MLL4to50_PTG10to100.root
2025-09-24 15:57:46,685 - INFO - [2022EE] MISSING_CENTRAL: ZFake3Mu/Central/ZCand/pt in Skim_TriLep_DYGTo2LG_MLL4to50_PTG100to200.root
2025-10-02 21:18:15,396 - INFO - [2022EE] MISSING_CENTRAL: ZFake3Mu/Central/ZCand/pt in Skim_TriLep_DYJets10to50.root
2025-10-02 21:18:15,397 - INFO - [2022EE] MISSING_CENTRAL: ZFake3Mu/Central/ZCand/pt in Skim_TriLep_DYGTo2LG_MLL4to50_PTG10to100.root
2025-10-02 21:18:15,398 - INFO - [2022EE] MISSING_CENTRAL: ZFake3Mu/Central/ZCand/pt in Skim_TriLep_DYGTo2LG_MLL4to50_PTG100to200.root
2025-10-03 00:25:42,017 - INFO - [2022EE] MISSING_CENTRAL: ZFake3Mu/Central/ZCand/pt in Skim_TriLep_DYJets10to50.root
2025-10-03 00:25:42,018 - INFO - [2022EE] MISSING_CENTRAL: ZFake3Mu/Central/ZCand/pt in Skim_TriLep_DYGTo2LG_MLL4to50_PTG10to100.root
2025-10-03 00:25:42,018 - INFO - [2022EE] MISSING_CENTRAL: ZFake3Mu/Central/ZCand/pt in Skim_TriLep_DYGTo2LG_MLL4to50_PTG100to200.root
2025-11-07 13:10:12,527 - INFO - [2022EE] MISSING_FILE: /home/choij/Sync/workspace/ChargedHiggsAnalysisV3/SKNanoOutput/PromptSelector/Run3Mu/2022EE/Skim_TriLep_Muon_E.root
2025-11-07 13:10:12,527 - INFO - [2022EE] MISSING_FILE: /home/choij/Sync/workspace/ChargedHiggsAnalysisV3/SKNanoOutput/PromptSelector/Run3Mu/2022EE/Skim_TriLep_Muon_F.root
2025-11-07 13:10:12,527 - INFO - [2022EE] MISSING_FILE: /home/choij/Sync/workspace/ChargedHiggsAnalysisV3/SKNanoOutput/PromptSelector/Run3Mu/2022EE/Skim_TriLep_Muon_G.root
2025-11-07 14:07:51,683 - INFO - [2022EE] MISSING_FILE: /home/choij/Sync/workspace/ChargedHiggsAnalysisV3/SKNanoOutput/PromptSelector/Run3Mu/2022EE/Skim_TriLep_Muon_E.root
2025-11-07 14:07:51,683 - INFO - [2022EE] MISSING_FILE: /home/choij/Sync/workspace/ChargedHiggsAnalysisV3/SKNanoOutput/PromptSelector/Run3Mu/2022EE/Skim_TriLep_Muon_F.root
2025-11-07 14:07:51,683 - INFO - [2022EE] MISSING_FILE: /home/choij/Sync/workspace/ChargedHiggsAnalysisV3/SKNanoOutput/PromptSelector/Run3Mu/2022EE/Skim_TriLep_Muon_G.root
2025-11-10 12:23:21,147 - INFO - [2022EE] MISSING_FILE: /home/choij/Sync/workspace/ChargedHiggsAnalysisV3/SKNanoOutput/PromptSelector/Run3Mu/2022EE/Skim_TriLep_Muon_F.root
2025-11-10 12:23:21,204 - INFO - [2022EE] MISSING_CENTRAL: ZFake3Mu/Central/ZCand/pt in Skim_TriLep_DYJets10to50.root
2025-11-10 12:23:21,204 - INFO - [2022EE] MISSING_CENTRAL: ZFake3Mu/Central/ZCand/pt in Skim_TriLep_DYGTo2LG_MLL4to50_PTG10to100.root
2025-11-10 12:23:21,205 - INFO - [2022EE] MISSING_CENTRAL: ZFake3Mu/Central/ZCand/pt in Skim_TriLep_DYGTo2LG_MLL4to50_PTG100to200.root
2025-11-13 11:13:10,512 - INFO - [2022EE] MISSING_CENTRAL: ZFake3Mu/Central/ZCand/pt in Skim_TriLep_DYJets10to50.root
2025-11-13 11:13:10,514 - INFO - [2022EE] MISSING_CENTRAL: ZFake3Mu/Central/ZCand/pt in Skim_TriLep_DYGTo2LG_MLL4to50_PTG10to100.root
2025-11-13 11:13:10,515 - INFO - [2022EE] MISSING_CENTRAL: ZFake3Mu/Central/ZCand/pt in Skim_TriLep_DYGTo2LG_MLL4to50_PTG100to200.root
2025-11-19 16:10:55,382 - INFO - [2022EE] MISSING_CENTRAL: ZFake3Mu/Central/ZCand/pt in Skim_TriLep_DYJets10to50.root
2025-11-19 16:10:55,383 - INFO - [2022EE] MISSING_CENTRAL: ZFake3Mu/Central/ZCand/pt in Skim_TriLep_DYGTo2LG_MLL4to50_PTG10to100.root
2025-11-19 16:10:55,383 - INFO - [2022EE] MISSING_CENTRAL: ZFake3Mu/Central/ZCand/pt in Skim_TriLep_DYGTo2LG_MLL4to50_PTG100to200.root
2025-11-19 16:25:47,390 - INFO - [2022EE] MISSING_CENTRAL: ZFake3Mu/Central/ZCand/pt in Skim_TriLep_DYJets10to50.root
2025-11-19 16:25:47,391 - INFO - [2022EE] MISSING_CENTRAL: ZFake3Mu/Central/ZCand/pt in Skim_TriLep_DYGTo2LG_MLL4to50_PTG10to100.root
2025-11-19 16:25:47,394 - INFO - [2022EE] MISSING_CENTRAL: ZFake3Mu/Central/ZCand/pt in Skim_TriLep_DYGTo2LG_MLL4to50_PTG100to200.root
2025-12-17 22:40:29,540 - INFO - [2022EE] MISSING_CENTRAL: ZFake3Mu/Central/ZCand/pt in Skim_TriLep_DYJets10to50.root
2025-12-17 22:40:29,542 - INFO - [2022EE] MISSING_CENTRAL: ZFake3Mu/Central/ZCand/pt in Skim_TriLep_TTG_PTG10to100.root
2025-12-18 14:25:34,874 - INFO - [2022EE] MISSING_CENTRAL: ZFake3Mu/Central/ZCand/pt in Skim_TriLep_DYJets10to50.root
2025-12-18 14:25:34,875 - INFO - [2022EE] MISSING_CENTRAL: ZFake3Mu/Central/ZCand/pt in Skim_TriLep_TTG_PTG10to100.root
2025-12-18 14:40:56,073 - INFO - [2022EE] MISSING_CENTRAL: ZFake3Mu/Central/ZCand/pt in Skim_TriLep_DYJets10to50.root
2025-12-18 14:40:56,074 - INFO - [2022EE] MISSING_CENTRAL: ZFake3Mu/Central/ZCand/pt in Skim_TriLep_TTG_PTG10to100.root
2026-01-07 11:50:23,030 - INFO - [2022EE] MISSING_CENTRAL: ZFake3Mu/Central/ZCand/pt in Skim_TriLep_DYJets10to50.root
2026-01-07 11:50:23,030 - INFO - [2022EE] MISSING_CENTRAL: ZFake3Mu/Central/ZCand/pt in Skim_TriLep_TTG_PTG10to100.root
2026-01-07 18:46:59,644 - INFO - [2022EE] MISSING_CENTRAL: ZFake3Mu/Central/ZCand/pt in Skim_TriLep_DYJets10to50.root
2026-01-07 18:46:59,645 - INFO - [2022EE] MISSING_CENTRAL: ZFake3Mu/Central/ZCand/pt in Skim_TriLep_TTG_PTG10to100.root
2026-01-09 12:21:26,423 - INFO - [2022EE] MISSING_CENTRAL: ZFake3Mu/Central/ZCand/pt in Skim_TriLep_DYJets10to50.root
2026-01-09 12:21:26,425 - INFO - [2022EE] MISSING_CENTRAL: ZFake3Mu/Central/ZCand/pt in Skim_TriLep_TTG_PTG10to100.root
