2025-09-24 15:32:15,592 - INFO - [2016postVFP] MISSING_CENTRAL: EMU/Central/nTrueInt in MuonEG_F.root
2025-09-24 15:32:15,592 - INFO - [2016postVFP] MISSING_CENTRAL: EMU/Central/nTrueInt in MuonEG_G.root
2025-09-24 15:32:15,593 - INFO - [2016postVFP] MISSING_CENTRAL: EMU/Central/nTrueInt in MuonEG_H.root
2025-09-24 15:32:15,593 - INFO - [2016postVFP] MISSING_CENTRAL: EMU/Central/nTrueInt in WJets.root
2025-09-24 15:32:15,594 - INFO - [2016postVFP] MISSING_CENTRAL: EMU/Central/nTrueInt in DYJets.root
2025-09-24 15:32:15,594 - INFO - [2016postVFP] MISSING_CENTRAL: EMU/Central/nTrueInt in DYJets10to50.root
2025-09-24 15:32:15,595 - INFO - [2016postVFP] MISSING_CENTRAL: EMU/Central/nTrueInt in TTLL_powheg.root
2025-09-24 15:32:15,595 - INFO - [2016postVFP] MISSING_CENTRAL: EMU/Central/nTrueInt in TTLJ_powheg.root
2025-09-24 15:32:15,595 - INFO - [2016postVFP] MISSING_CENTRAL: EMU/Central/nTrueInt in SingleTop_sch_Lep.root
2025-09-24 15:32:15,595 - INFO - [2016postVFP] MISSING_CENTRAL: EMU/Central/nTrueInt in SingleTop_tch_top_Incl.root
2025-09-24 15:32:15,596 - INFO - [2016postVFP] MISSING_CENTRAL: EMU/Central/nTrueInt in SingleTop_tch_antitop_Incl.root
2025-09-24 15:32:15,596 - INFO - [2016postVFP] MISSING_CENTRAL: EMU/Central/nTrueInt in SingleTop_tW_top_NoFullyHad.root
2025-09-24 15:32:15,596 - INFO - [2016postVFP] MISSING_CENTRAL: EMU/Central/nTrueInt in SingleTop_tW_antitop_NoFullyHad.root
2025-09-24 15:32:15,597 - INFO - [2016postVFP] MISSING_CENTRAL: EMU/Central/nTrueInt in WW_pythia.root
2025-09-24 15:32:15,597 - INFO - [2016postVFP] MISSING_CENTRAL: EMU/Central/nTrueInt in WZ_pythia.root
2025-09-24 15:32:15,597 - INFO - [2016postVFP] MISSING_CENTRAL: EMU/Central/nTrueInt in ZZ_pythia.root
2025-09-24 15:32:15,913 - INFO - [2016postVFP] MISSING_CENTRAL: EMU/Central/nTrueInt in MuonEG_F.root
2025-09-24 15:32:15,913 - INFO - [2016postVFP] MISSING_CENTRAL: EMU/Central/nTrueInt in MuonEG_G.root
2025-09-24 15:32:15,914 - INFO - [2016postVFP] MISSING_CENTRAL: EMU/Central/nTrueInt in MuonEG_H.root
2025-09-24 15:32:15,914 - INFO - [2016postVFP] MISSING_CENTRAL: EMU/MuonIDSF_NotImplemented/nTrueInt in WJets.root
2025-09-24 15:32:15,914 - INFO - [2016postVFP] MISSING_CENTRAL: EMU/MuonIDSF_NotImplemented/nTrueInt in DYJets.root
2025-09-24 15:32:15,915 - INFO - [2016postVFP] MISSING_CENTRAL: EMU/MuonIDSF_NotImplemented/nTrueInt in DYJets10to50.root
2025-09-24 15:32:15,915 - INFO - [2016postVFP] MISSING_CENTRAL: EMU/MuonIDSF_NotImplemented/nTrueInt in TTLL_powheg.root
2025-09-24 15:32:15,915 - INFO - [2016postVFP] MISSING_CENTRAL: EMU/MuonIDSF_NotImplemented/nTrueInt in TTLJ_powheg.root
2025-09-24 15:32:15,915 - INFO - [2016postVFP] MISSING_CENTRAL: EMU/MuonIDSF_NotImplemented/nTrueInt in SingleTop_sch_Lep.root
2025-09-24 15:32:15,928 - INFO - [2016postVFP] MISSING_CENTRAL: EMU/Central/nTrueInt in MuonEG_F.root
2025-09-24 15:32:15,928 - INFO - [2016postVFP] MISSING_CENTRAL: EMU/Central/nTrueInt in MuonEG_G.root
2025-09-24 15:32:15,928 - INFO - [2016postVFP] MISSING_CENTRAL: EMU/Central/nTrueInt in MuonEG_H.root
2025-09-24 15:32:15,929 - INFO - [2016postVFP] MISSING_CENTRAL: EMU/PileupReweight_NotImplemented/nTrueInt in WJets.root
2025-09-24 15:32:15,929 - INFO - [2016postVFP] MISSING_CENTRAL: EMU/PileupReweight_NotImplemented/nTrueInt in DYJets.root
2025-09-24 15:32:15,929 - INFO - [2016postVFP] MISSING_CENTRAL: EMU/PileupReweight_NotImplemented/nTrueInt in DYJets10to50.root
2025-09-24 15:32:15,930 - INFO - [2016postVFP] MISSING_CENTRAL: EMU/PileupReweight_NotImplemented/nTrueInt in TTLL_powheg.root
2025-09-24 15:32:15,930 - INFO - [2016postVFP] MISSING_CENTRAL: EMU/PileupReweight_NotImplemented/nTrueInt in TTLJ_powheg.root
2025-09-24 15:32:15,930 - INFO - [2016postVFP] MISSING_CENTRAL: EMU/PileupReweight_NotImplemented/nTrueInt in SingleTop_sch_Lep.root
2025-09-24 15:32:15,930 - INFO - [2016postVFP] MISSING_CENTRAL: EMU/PileupReweight_NotImplemented/nTrueInt in SingleTop_tch_top_Incl.root
2025-09-24 15:32:15,931 - INFO - [2016postVFP] MISSING_CENTRAL: EMU/PileupReweight_NotImplemented/nTrueInt in SingleTop_tch_antitop_Incl.root
2025-09-24 15:32:15,931 - INFO - [2016postVFP] MISSING_CENTRAL: EMU/PileupReweight_NotImplemented/nTrueInt in SingleTop_tW_top_NoFullyHad.root
2025-09-24 15:32:15,931 - INFO - [2016postVFP] MISSING_CENTRAL: EMU/PileupReweight_NotImplemented/nTrueInt in SingleTop_tW_antitop_NoFullyHad.root
2025-09-24 15:32:15,932 - INFO - [2016postVFP] MISSING_CENTRAL: EMU/PileupReweight_NotImplemented/nTrueInt in WW_pythia.root
2025-09-24 15:32:15,932 - INFO - [2016postVFP] MISSING_CENTRAL: EMU/PileupReweight_NotImplemented/nTrueInt in WZ_pythia.root
2025-09-24 15:32:15,932 - INFO - [2016postVFP] MISSING_CENTRAL: EMU/PileupReweight_NotImplemented/nTrueInt in ZZ_pythia.root
2025-09-24 15:32:15,936 - INFO - [2016postVFP] MISSING_CENTRAL: EMU/MuonIDSF_NotImplemented/nTrueInt in SingleTop_tch_top_Incl.root
2025-09-24 15:32:15,938 - INFO - [2016postVFP] MISSING_CENTRAL: EMU/Central/nTrueInt in MuonEG_F.root
2025-09-24 15:32:15,939 - INFO - [2016postVFP] MISSING_CENTRAL: EMU/Central/nTrueInt in MuonEG_G.root
2025-09-24 15:32:15,939 - INFO - [2016postVFP] MISSING_CENTRAL: EMU/Central/nTrueInt in MuonEG_H.root
2025-09-24 15:32:15,939 - INFO - [2016postVFP] MISSING_CENTRAL: EMU/MuonIDSF_NotImplemented/nTrueInt in SingleTop_tch_antitop_Incl.root
2025-09-24 15:32:15,939 - INFO - [2016postVFP] MISSING_CENTRAL: EMU/L1Prefire_NotImplemented/nTrueInt in WJets.root
2025-09-24 15:32:15,940 - INFO - [2016postVFP] MISSING_CENTRAL: EMU/L1Prefire_NotImplemented/nTrueInt in DYJets.root
2025-09-24 15:32:15,940 - INFO - [2016postVFP] MISSING_CENTRAL: EMU/L1Prefire_NotImplemented/nTrueInt in DYJets10to50.root
2025-09-24 15:32:15,940 - INFO - [2016postVFP] MISSING_CENTRAL: EMU/MuonIDSF_NotImplemented/nTrueInt in SingleTop_tW_top_NoFullyHad.root
2025-09-24 15:32:15,940 - INFO - [2016postVFP] MISSING_CENTRAL: EMU/L1Prefire_NotImplemented/nTrueInt in TTLL_powheg.root
2025-09-24 15:32:15,941 - INFO - [2016postVFP] MISSING_CENTRAL: EMU/MuonIDSF_NotImplemented/nTrueInt in SingleTop_tW_antitop_NoFullyHad.root
2025-09-24 15:32:15,941 - INFO - [2016postVFP] MISSING_CENTRAL: EMU/L1Prefire_NotImplemented/nTrueInt in TTLJ_powheg.root
2025-09-24 15:32:15,941 - INFO - [2016postVFP] MISSING_CENTRAL: EMU/MuonIDSF_NotImplemented/nTrueInt in WW_pythia.root
2025-09-24 15:32:15,941 - INFO - [2016postVFP] MISSING_CENTRAL: EMU/L1Prefire_NotImplemented/nTrueInt in SingleTop_sch_Lep.root
2025-09-24 15:32:15,941 - INFO - [2016postVFP] MISSING_CENTRAL: EMU/MuonIDSF_NotImplemented/nTrueInt in WZ_pythia.root
2025-09-24 15:32:15,941 - INFO - [2016postVFP] MISSING_CENTRAL: EMU/L1Prefire_NotImplemented/nTrueInt in SingleTop_tch_top_Incl.root
2025-09-24 15:32:15,941 - INFO - [2016postVFP] MISSING_CENTRAL: EMU/MuonIDSF_NotImplemented/nTrueInt in ZZ_pythia.root
2025-09-24 15:32:15,941 - INFO - [2016postVFP] MISSING_CENTRAL: EMU/L1Prefire_NotImplemented/nTrueInt in SingleTop_tch_antitop_Incl.root
2025-09-24 15:32:15,942 - INFO - [2016postVFP] MISSING_CENTRAL: EMU/L1Prefire_NotImplemented/nTrueInt in SingleTop_tW_top_NoFullyHad.root
2025-09-24 15:32:15,942 - INFO - [2016postVFP] MISSING_CENTRAL: EMU/L1Prefire_NotImplemented/nTrueInt in SingleTop_tW_antitop_NoFullyHad.root
2025-09-24 15:32:15,942 - INFO - [2016postVFP] MISSING_CENTRAL: EMU/L1Prefire_NotImplemented/nTrueInt in WW_pythia.root
2025-09-24 15:32:15,942 - INFO - [2016postVFP] MISSING_CENTRAL: EMU/L1Prefire_NotImplemented/nTrueInt in WZ_pythia.root
2025-09-24 15:32:15,943 - INFO - [2016postVFP] MISSING_CENTRAL: EMU/L1Prefire_NotImplemented/nTrueInt in ZZ_pythia.root
2025-09-24 15:32:16,024 - INFO - [2016postVFP] MISSING_CENTRAL: EMU/Central/nTrueInt in MuonEG_F.root
2025-09-24 15:32:16,024 - INFO - [2016postVFP] MISSING_CENTRAL: EMU/Central/nTrueInt in MuonEG_G.root
2025-09-24 15:32:16,025 - INFO - [2016postVFP] MISSING_CENTRAL: EMU/Central/nTrueInt in MuonEG_H.root
2025-09-24 15:32:16,025 - INFO - [2016postVFP] MISSING_CENTRAL: EMU/ElectronIDSF_NotImplemented/nTrueInt in WJets.root
2025-09-24 15:32:16,026 - INFO - [2016postVFP] MISSING_CENTRAL: EMU/ElectronIDSF_NotImplemented/nTrueInt in DYJets.root
2025-09-24 15:32:16,028 - INFO - [2016postVFP] MISSING_CENTRAL: EMU/ElectronIDSF_NotImplemented/nTrueInt in DYJets10to50.root
2025-09-24 15:32:16,029 - INFO - [2016postVFP] MISSING_CENTRAL: EMU/ElectronIDSF_NotImplemented/nTrueInt in TTLL_powheg.root
2025-09-24 15:32:16,029 - INFO - [2016postVFP] MISSING_CENTRAL: EMU/ElectronIDSF_NotImplemented/nTrueInt in TTLJ_powheg.root
2025-09-24 15:32:16,030 - INFO - [2016postVFP] MISSING_CENTRAL: EMU/ElectronIDSF_NotImplemented/nTrueInt in SingleTop_sch_Lep.root
2025-09-24 15:32:16,031 - INFO - [2016postVFP] MISSING_CENTRAL: EMU/ElectronIDSF_NotImplemented/nTrueInt in SingleTop_tch_top_Incl.root
2025-09-24 15:32:16,031 - INFO - [2016postVFP] MISSING_CENTRAL: EMU/ElectronIDSF_NotImplemented/nTrueInt in SingleTop_tch_antitop_Incl.root
2025-09-24 15:32:16,031 - INFO - [2016postVFP] MISSING_CENTRAL: EMU/ElectronIDSF_NotImplemented/nTrueInt in SingleTop_tW_top_NoFullyHad.root
2025-09-24 15:32:16,032 - INFO - [2016postVFP] MISSING_CENTRAL: EMU/ElectronIDSF_NotImplemented/nTrueInt in SingleTop_tW_antitop_NoFullyHad.root
2025-09-24 15:32:16,032 - INFO - [2016postVFP] MISSING_CENTRAL: EMU/ElectronIDSF_NotImplemented/nTrueInt in WW_pythia.root
2025-09-24 15:32:16,032 - INFO - [2016postVFP] MISSING_CENTRAL: EMU/ElectronIDSF_NotImplemented/nTrueInt in WZ_pythia.root
2025-09-24 15:32:16,032 - INFO - [2016postVFP] MISSING_CENTRAL: EMU/ElectronIDSF_NotImplemented/nTrueInt in ZZ_pythia.root
2025-09-24 15:32:16,073 - INFO - [2016postVFP] MISSING_CENTRAL: EMU/Central/nTrueInt in MuonEG_F.root
2025-09-24 15:32:16,074 - INFO - [2016postVFP] MISSING_CENTRAL: EMU/Central/nTrueInt in MuonEG_G.root
2025-09-24 15:32:16,074 - INFO - [2016postVFP] MISSING_CENTRAL: EMU/Central/nTrueInt in MuonEG_H.root
2025-09-24 15:32:16,074 - INFO - [2016postVFP] MISSING_CENTRAL: EMU/BtagSF_HFcorr_NotImplemented/nTrueInt in WJets.root
2025-09-24 15:32:16,075 - INFO - [2016postVFP] MISSING_CENTRAL: EMU/BtagSF_HFcorr_NotImplemented/nTrueInt in DYJets.root
2025-09-24 15:32:16,075 - INFO - [2016postVFP] MISSING_CENTRAL: EMU/BtagSF_HFcorr_NotImplemented/nTrueInt in DYJets10to50.root
2025-09-24 15:32:16,075 - INFO - [2016postVFP] MISSING_CENTRAL: EMU/BtagSF_HFcorr_NotImplemented/nTrueInt in TTLL_powheg.root
2025-09-24 15:32:16,075 - INFO - [2016postVFP] MISSING_CENTRAL: EMU/BtagSF_HFcorr_NotImplemented/nTrueInt in TTLJ_powheg.root
2025-09-24 15:32:16,076 - INFO - [2016postVFP] MISSING_CENTRAL: EMU/BtagSF_HFcorr_NotImplemented/nTrueInt in SingleTop_sch_Lep.root
2025-09-24 15:32:16,076 - INFO - [2016postVFP] MISSING_CENTRAL: EMU/BtagSF_HFcorr_NotImplemented/nTrueInt in SingleTop_tch_top_Incl.root
2025-09-24 15:32:16,076 - INFO - [2016postVFP] MISSING_CENTRAL: EMU/BtagSF_HFcorr_NotImplemented/nTrueInt in SingleTop_tch_antitop_Incl.root
2025-09-24 15:32:16,076 - INFO - [2016postVFP] MISSING_CENTRAL: EMU/BtagSF_HFcorr_NotImplemented/nTrueInt in SingleTop_tW_top_NoFullyHad.root
2025-09-24 15:32:16,077 - INFO - [2016postVFP] MISSING_CENTRAL: EMU/BtagSF_HFcorr_NotImplemented/nTrueInt in SingleTop_tW_antitop_NoFullyHad.root
2025-09-24 15:32:16,077 - INFO - [2016postVFP] MISSING_CENTRAL: EMU/BtagSF_HFcorr_NotImplemented/nTrueInt in WW_pythia.root
2025-09-24 15:32:16,077 - INFO - [2016postVFP] MISSING_CENTRAL: EMU/BtagSF_HFcorr_NotImplemented/nTrueInt in WZ_pythia.root
2025-09-24 15:32:16,077 - INFO - [2016postVFP] MISSING_CENTRAL: EMU/BtagSF_HFcorr_NotImplemented/nTrueInt in ZZ_pythia.root
2025-09-24 15:32:16,086 - INFO - [2016postVFP] MISSING_CENTRAL: EMU/Central/nTrueInt in MuonEG_F.root
2025-09-24 15:32:16,086 - INFO - [2016postVFP] MISSING_CENTRAL: EMU/Central/nTrueInt in MuonEG_G.root
2025-09-24 15:32:16,086 - INFO - [2016postVFP] MISSING_CENTRAL: EMU/Central/nTrueInt in MuonEG_H.root
2025-09-24 15:32:16,087 - INFO - [2016postVFP] MISSING_CENTRAL: EMU/EMuTrigSF_NotImplemented/nTrueInt in WJets.root
2025-09-24 15:32:16,087 - INFO - [2016postVFP] MISSING_CENTRAL: EMU/EMuTrigSF_NotImplemented/nTrueInt in DYJets.root
2025-09-24 15:32:16,087 - INFO - [2016postVFP] MISSING_CENTRAL: EMU/EMuTrigSF_NotImplemented/nTrueInt in DYJets10to50.root
2025-09-24 15:32:16,087 - INFO - [2016postVFP] MISSING_CENTRAL: EMU/EMuTrigSF_NotImplemented/nTrueInt in TTLL_powheg.root
2025-09-24 15:32:16,088 - INFO - [2016postVFP] MISSING_CENTRAL: EMU/EMuTrigSF_NotImplemented/nTrueInt in TTLJ_powheg.root
2025-09-24 15:32:16,088 - INFO - [2016postVFP] MISSING_CENTRAL: EMU/EMuTrigSF_NotImplemented/nTrueInt in SingleTop_sch_Lep.root
2025-09-24 15:32:16,088 - INFO - [2016postVFP] MISSING_CENTRAL: EMU/EMuTrigSF_NotImplemented/nTrueInt in SingleTop_tch_top_Incl.root
2025-09-24 15:32:16,089 - INFO - [2016postVFP] MISSING_CENTRAL: EMU/EMuTrigSF_NotImplemented/nTrueInt in SingleTop_tch_antitop_Incl.root
2025-09-24 15:32:16,089 - INFO - [2016postVFP] MISSING_CENTRAL: EMU/EMuTrigSF_NotImplemented/nTrueInt in SingleTop_tW_top_NoFullyHad.root
2025-09-24 15:32:16,089 - INFO - [2016postVFP] MISSING_CENTRAL: EMU/EMuTrigSF_NotImplemented/nTrueInt in SingleTop_tW_antitop_NoFullyHad.root
2025-09-24 15:32:16,089 - INFO - [2016postVFP] MISSING_CENTRAL: EMU/EMuTrigSF_NotImplemented/nTrueInt in WW_pythia.root
2025-09-24 15:32:16,090 - INFO - [2016postVFP] MISSING_CENTRAL: EMU/EMuTrigSF_NotImplemented/nTrueInt in WZ_pythia.root
2025-09-24 15:32:16,090 - INFO - [2016postVFP] MISSING_CENTRAL: EMU/EMuTrigSF_NotImplemented/nTrueInt in ZZ_pythia.root
