2025-09-24 15:43:17,952 - INFO - [2016postVFP] MISSING_CENTRAL: ZG1E2Mu/Central/jets/2/pt in Skim_TriLep_MuonEG_F.root
2025-09-24 15:43:18,054 - INFO - [2016postVFP] MISSING_CENTRAL: ZG1E2Mu/Central/jets/2/pt in Skim_TriLep_DYJets10to50.root
2025-09-24 15:43:18,066 - INFO - [2016postVFP] MISSING_CENTRAL: ZG1E2Mu/Central/jets/2/pt in Skim_TriLep_TTG.root
2025-09-24 15:43:18,144 - INFO - [2016postVFP] MISSING_FILE: /Users/choij/Sync/workspace/ChargedHiggsAnalysisV3/SKNanoOutput/CRPromptSelector/Run1E2Mu_RunSyst/2016postVFP/Skim_TriLep_WZTo3LNu_amcatnlo.root
2025-09-24 15:43:28,896 - INFO - [2016postVFP] MISSING_CENTRAL: ZG1E2Mu/Central/jets/2/pt in Skim_TriLep_MuonEG_F.root
2025-09-24 15:43:28,978 - INFO - [2016postVFP] MISSING_CENTRAL: ZG1E2Mu/Central/jets/2/pt in Skim_TriLep_DYJets10to50.root
2025-09-24 15:43:28,979 - INFO - [2016postVFP] MISSING_CENTRAL: ZG1E2Mu/Central/jets/2/pt in Skim_TriLep_TTG.root
2025-09-24 15:43:28,981 - INFO - [2016postVFP] MISSING_FILE: /Users/choij/Sync/workspace/ChargedHiggsAnalysisV3/SKNanoOutput/CRPromptSelector/Run1E2Mu_RunSyst/2016postVFP/Skim_TriLep_WZTo3LNu_amcatnlo.root
2025-10-02 21:10:22,656 - INFO - [2016postVFP] MISSING_CENTRAL: ZG1E2Mu/Central/jets/2/pt in Skim_TriLep_MuonEG_F.root
2025-10-02 21:10:22,933 - INFO - [2016postVFP] MISSING_CENTRAL: ZG1E2Mu/Central/jets/2/pt in Skim_TriLep_DYJets10to50.root
2025-10-02 21:10:23,155 - INFO - [2016postVFP] MISSING_CENTRAL: ZG1E2Mu/Central/jets/2/pt in Skim_TriLep_TTG.root
2025-10-02 21:10:23,745 - INFO - [2016postVFP] MISSING_FILE: /data9/Users/choij/Sync/workspace/ChargedHiggsAnalysisV3/SKNanoOutput/CRPromptSelector/Run1E2Mu_RunSyst/2016postVFP/Skim_TriLep_WZTo3LNu_amcatnlo.root
2025-10-02 21:10:30,383 - INFO - [2016postVFP] MISSING_CENTRAL: ZG1E2Mu/Central/jets/2/pt in Skim_TriLep_MuonEG_F.root
2025-10-02 21:10:30,483 - INFO - [2016postVFP] MISSING_CENTRAL: ZG1E2Mu/Central/jets/2/pt in Skim_TriLep_DYJets10to50.root
2025-10-02 21:10:30,484 - INFO - [2016postVFP] MISSING_CENTRAL: ZG1E2Mu/Central/jets/2/pt in Skim_TriLep_TTG.root
2025-10-02 21:10:30,487 - INFO - [2016postVFP] MISSING_FILE: /data9/Users/choij/Sync/workspace/ChargedHiggsAnalysisV3/SKNanoOutput/CRPromptSelector/Run1E2Mu_RunSyst/2016postVFP/Skim_TriLep_WZTo3LNu_amcatnlo.root
2025-10-02 23:56:32,785 - INFO - [2016postVFP] MISSING_CENTRAL: ZG1E2Mu/Central/jets/2/pt in Skim_TriLep_MuonEG_F.root
2025-10-02 23:56:32,899 - INFO - [2016postVFP] MISSING_CENTRAL: ZG1E2Mu/Central/jets/2/pt in Skim_TriLep_DYJets10to50.root
2025-10-02 23:56:32,953 - INFO - [2016postVFP] MISSING_CENTRAL: ZG1E2Mu/Central/jets/2/pt in Skim_TriLep_TTG.root
2025-10-02 23:56:33,100 - INFO - [2016postVFP] MISSING_FILE: /Users/choij/Sync/workspace/ChargedHiggsAnalysisV3/SKNanoOutput/CRPromptSelector/Run1E2Mu_RunSyst/2016postVFP/Skim_TriLep_WZTo3LNu_amcatnlo.root
2025-10-02 23:56:41,983 - INFO - [2016postVFP] MISSING_CENTRAL: ZG1E2Mu/Central/jets/2/pt in Skim_TriLep_MuonEG_F.root
2025-10-02 23:56:42,106 - INFO - [2016postVFP] MISSING_CENTRAL: ZG1E2Mu/Central/jets/2/pt in Skim_TriLep_DYJets10to50.root
2025-10-02 23:56:42,106 - INFO - [2016postVFP] MISSING_CENTRAL: ZG1E2Mu/Central/jets/2/pt in Skim_TriLep_TTG.root
2025-10-02 23:56:42,108 - INFO - [2016postVFP] MISSING_FILE: /Users/choij/Sync/workspace/ChargedHiggsAnalysisV3/SKNanoOutput/CRPromptSelector/Run1E2Mu_RunSyst/2016postVFP/Skim_TriLep_WZTo3LNu_amcatnlo.root
