2025-09-24 15:43:17,996 - INFO - [2016postVFP] MISSING_CENTRAL: ZG1E2Mu/Central/jets/3/pt in Skim_TriLep_MuonEG_F.root
2025-09-24 15:43:18,041 - INFO - [2016postVFP] MISSING_CENTRAL: ZG1E2Mu/Central/jets/3/pt in Skim_TriLep_DYJets10to50.root
2025-09-24 15:43:18,096 - INFO - [2016postVFP] MISSING_CENTRAL: ZG1E2Mu/Central/jets/3/pt in Skim_TriLep_TTG.root
2025-09-24 15:43:18,098 - INFO - [2016postVFP] MISSING_CENTRAL: ZG1E2Mu/Central/jets/3/pt in Skim_TriLep_WWG.root
2025-09-24 15:43:18,151 - INFO - [2016postVFP] MISSING_FILE: /Users/choij/Sync/workspace/ChargedHiggsAnalysisV3/SKNanoOutput/CRPromptSelector/Run1E2Mu_RunSyst/2016postVFP/Skim_TriLep_WZTo3LNu_amcatnlo.root
2025-09-24 15:43:28,788 - INFO - [2016postVFP] MISSING_CENTRAL: ZG1E2Mu/Central/jets/3/pt in Skim_TriLep_MuonEG_F.root
2025-09-24 15:43:28,893 - INFO - [2016postVFP] MISSING_CENTRAL: ZG1E2Mu/Central/jets/3/pt in Skim_TriLep_DYJets10to50.root
2025-09-24 15:43:28,894 - INFO - [2016postVFP] MISSING_CENTRAL: ZG1E2Mu/Central/jets/3/pt in Skim_TriLep_TTG.root
2025-09-24 15:43:28,894 - INFO - [2016postVFP] MISSING_CENTRAL: ZG1E2Mu/Central/jets/3/pt in Skim_TriLep_WWG.root
2025-09-24 15:43:28,895 - INFO - [2016postVFP] MISSING_FILE: /Users/choij/Sync/workspace/ChargedHiggsAnalysisV3/SKNanoOutput/CRPromptSelector/Run1E2Mu_RunSyst/2016postVFP/Skim_TriLep_WZTo3LNu_amcatnlo.root
2025-10-02 21:10:22,753 - INFO - [2016postVFP] MISSING_CENTRAL: ZG1E2Mu/Central/jets/3/pt in Skim_TriLep_MuonEG_F.root
2025-10-02 21:10:22,933 - INFO - [2016postVFP] MISSING_CENTRAL: ZG1E2Mu/Central/jets/3/pt in Skim_TriLep_DYJets10to50.root
2025-10-02 21:10:23,155 - INFO - [2016postVFP] MISSING_CENTRAL: ZG1E2Mu/Central/jets/3/pt in Skim_TriLep_TTG.root
2025-10-02 21:10:23,185 - INFO - [2016postVFP] MISSING_CENTRAL: ZG1E2Mu/Central/jets/3/pt in Skim_TriLep_WWG.root
2025-10-02 21:10:23,742 - INFO - [2016postVFP] MISSING_FILE: /data9/Users/choij/Sync/workspace/ChargedHiggsAnalysisV3/SKNanoOutput/CRPromptSelector/Run1E2Mu_RunSyst/2016postVFP/Skim_TriLep_WZTo3LNu_amcatnlo.root
2025-10-02 21:10:30,060 - INFO - [2016postVFP] MISSING_CENTRAL: ZG1E2Mu/Central/jets/3/pt in Skim_TriLep_MuonEG_F.root
2025-10-02 21:10:30,215 - INFO - [2016postVFP] MISSING_CENTRAL: ZG1E2Mu/Central/jets/3/pt in Skim_TriLep_DYJets10to50.root
2025-10-02 21:10:30,220 - INFO - [2016postVFP] MISSING_CENTRAL: ZG1E2Mu/Central/jets/3/pt in Skim_TriLep_TTG.root
2025-10-02 21:10:30,222 - INFO - [2016postVFP] MISSING_CENTRAL: ZG1E2Mu/Central/jets/3/pt in Skim_TriLep_WWG.root
2025-10-02 21:10:30,228 - INFO - [2016postVFP] MISSING_FILE: /data9/Users/choij/Sync/workspace/ChargedHiggsAnalysisV3/SKNanoOutput/CRPromptSelector/Run1E2Mu_RunSyst/2016postVFP/Skim_TriLep_WZTo3LNu_amcatnlo.root
2025-10-02 23:56:33,167 - INFO - [2016postVFP] MISSING_CENTRAL: ZG1E2Mu/Central/jets/3/pt in Skim_TriLep_MuonEG_F.root
2025-10-02 23:56:33,241 - INFO - [2016postVFP] MISSING_CENTRAL: ZG1E2Mu/Central/jets/3/pt in Skim_TriLep_DYJets10to50.root
2025-10-02 23:56:33,252 - INFO - [2016postVFP] MISSING_CENTRAL: ZG1E2Mu/Central/jets/3/pt in Skim_TriLep_TTG.root
2025-10-02 23:56:33,253 - INFO - [2016postVFP] MISSING_CENTRAL: ZG1E2Mu/Central/jets/3/pt in Skim_TriLep_WWG.root
2025-10-02 23:56:33,288 - INFO - [2016postVFP] MISSING_FILE: /Users/choij/Sync/workspace/ChargedHiggsAnalysisV3/SKNanoOutput/CRPromptSelector/Run1E2Mu_RunSyst/2016postVFP/Skim_TriLep_WZTo3LNu_amcatnlo.root
2025-10-02 23:56:42,494 - INFO - [2016postVFP] MISSING_CENTRAL: ZG1E2Mu/Central/jets/3/pt in Skim_TriLep_MuonEG_F.root
2025-10-02 23:56:42,547 - INFO - [2016postVFP] MISSING_CENTRAL: ZG1E2Mu/Central/jets/3/pt in Skim_TriLep_DYJets10to50.root
2025-10-02 23:56:42,547 - INFO - [2016postVFP] MISSING_CENTRAL: ZG1E2Mu/Central/jets/3/pt in Skim_TriLep_TTG.root
2025-10-02 23:56:42,547 - INFO - [2016postVFP] MISSING_CENTRAL: ZG1E2Mu/Central/jets/3/pt in Skim_TriLep_WWG.root
2025-10-02 23:56:42,548 - INFO - [2016postVFP] MISSING_FILE: /Users/choij/Sync/workspace/ChargedHiggsAnalysisV3/SKNanoOutput/CRPromptSelector/Run1E2Mu_RunSyst/2016postVFP/Skim_TriLep_WZTo3LNu_amcatnlo.root
