2025-09-24 15:43:15,122 - INFO - [2016postVFP] MISSING_CENTRAL: ZG1E2Mu/Central/muons/2/phi in Skim_TriLep_DYJets10to50.root
2025-09-24 15:43:15,127 - INFO - [2016postVFP] MISSING_CENTRAL: ZG1E2Mu/Central/muons/2/phi in Skim_TriLep_TTG.root
2025-09-24 15:43:15,146 - INFO - [2016postVFP] MISSING_FILE: /Users/choij/Sync/workspace/ChargedHiggsAnalysisV3/SKNanoOutput/CRPromptSelector/Run1E2Mu_RunSyst/2016postVFP/Skim_TriLep_WZTo3LNu_amcatnlo.root
2025-09-24 15:43:26,015 - INFO - [2016postVFP] MISSING_CENTRAL: ZG1E2Mu/Central/muons/2/phi in Skim_TriLep_DYJets10to50.root
2025-09-24 15:43:26,015 - INFO - [2016postVFP] MISSING_CENTRAL: ZG1E2Mu/Central/muons/2/phi in Skim_TriLep_TTG.root
2025-09-24 15:43:26,017 - INFO - [2016postVFP] MISSING_FILE: /Users/choij/Sync/workspace/ChargedHiggsAnalysisV3/SKNanoOutput/CRPromptSelector/Run1E2Mu_RunSyst/2016postVFP/Skim_TriLep_WZTo3LNu_amcatnlo.root
2025-10-02 21:10:22,933 - INFO - [2016postVFP] MISSING_CENTRAL: ZG1E2Mu/Central/muons/2/phi in Skim_TriLep_DYJets10to50.root
2025-10-02 21:10:23,155 - INFO - [2016postVFP] MISSING_CENTRAL: ZG1E2Mu/Central/muons/2/phi in Skim_TriLep_TTG.root
2025-10-02 21:10:23,737 - INFO - [2016postVFP] MISSING_FILE: /data9/Users/choij/Sync/workspace/ChargedHiggsAnalysisV3/SKNanoOutput/CRPromptSelector/Run1E2Mu_RunSyst/2016postVFP/Skim_TriLep_WZTo3LNu_amcatnlo.root
2025-10-02 21:10:30,315 - INFO - [2016postVFP] MISSING_CENTRAL: ZG1E2Mu/Central/muons/2/phi in Skim_TriLep_DYJets10to50.root
2025-10-02 21:10:30,318 - INFO - [2016postVFP] MISSING_CENTRAL: ZG1E2Mu/Central/muons/2/phi in Skim_TriLep_TTG.root
2025-10-02 21:10:30,323 - INFO - [2016postVFP] MISSING_FILE: /data9/Users/choij/Sync/workspace/ChargedHiggsAnalysisV3/SKNanoOutput/CRPromptSelector/Run1E2Mu_RunSyst/2016postVFP/Skim_TriLep_WZTo3LNu_amcatnlo.root
2025-10-02 23:56:30,295 - INFO - [2016postVFP] MISSING_CENTRAL: ZG1E2Mu/Central/muons/2/phi in Skim_TriLep_DYJets10to50.root
2025-10-02 23:56:30,300 - INFO - [2016postVFP] MISSING_CENTRAL: ZG1E2Mu/Central/muons/2/phi in Skim_TriLep_TTG.root
2025-10-02 23:56:30,344 - INFO - [2016postVFP] MISSING_FILE: /Users/choij/Sync/workspace/ChargedHiggsAnalysisV3/SKNanoOutput/CRPromptSelector/Run1E2Mu_RunSyst/2016postVFP/Skim_TriLep_WZTo3LNu_amcatnlo.root
2025-10-02 23:56:40,055 - INFO - [2016postVFP] MISSING_CENTRAL: ZG1E2Mu/Central/muons/2/phi in Skim_TriLep_DYJets10to50.root
2025-10-02 23:56:40,056 - INFO - [2016postVFP] MISSING_CENTRAL: ZG1E2Mu/Central/muons/2/phi in Skim_TriLep_TTG.root
2025-10-02 23:56:40,057 - INFO - [2016postVFP] MISSING_FILE: /Users/choij/Sync/workspace/ChargedHiggsAnalysisV3/SKNanoOutput/CRPromptSelector/Run1E2Mu_RunSyst/2016postVFP/Skim_TriLep_WZTo3LNu_amcatnlo.root
2025-11-07 13:25:54,450 - INFO - [2016postVFP] MISSING_CENTRAL: ZG1E2Mu/Central/muons/2/phi in Skim_TriLep_DYJets10to50.root
2025-11-07 13:25:54,458 - INFO - [2016postVFP] MISSING_CENTRAL: ZG1E2Mu/Central/muons/2/phi in Skim_TriLep_TTG.root
2025-11-07 13:25:54,485 - INFO - [2016postVFP] MISSING_FILE: /home/choij/Sync/workspace/ChargedHiggsAnalysisV3/SKNanoOutput/CRPromptSelector/Run1E2Mu_RunSyst/2016postVFP/Skim_TriLep_WZTo3LNu_amcatnlo.root
2025-11-07 13:25:59,765 - INFO - [2016postVFP] MISSING_CENTRAL: ZG1E2Mu/Central/muons/2/phi in Skim_TriLep_DYJets10to50.root
2025-11-07 13:25:59,766 - INFO - [2016postVFP] MISSING_CENTRAL: ZG1E2Mu/Central/muons/2/phi in Skim_TriLep_TTG.root
2025-11-07 13:25:59,769 - INFO - [2016postVFP] MISSING_FILE: /home/choij/Sync/workspace/ChargedHiggsAnalysisV3/SKNanoOutput/CRPromptSelector/Run1E2Mu_RunSyst/2016postVFP/Skim_TriLep_WZTo3LNu_amcatnlo.root
2025-11-07 13:28:21,976 - INFO - [2016postVFP] MISSING_CENTRAL: ZG1E2Mu/Central/muons/2/phi in Skim_TriLep_DYJets10to50.root
2025-11-07 13:28:21,983 - INFO - [2016postVFP] MISSING_CENTRAL: ZG1E2Mu/Central/muons/2/phi in Skim_TriLep_TTG.root
2025-11-07 13:28:22,009 - INFO - [2016postVFP] MISSING_FILE: /home/choij/Sync/workspace/ChargedHiggsAnalysisV3/SKNanoOutput/CRPromptSelector/Run1E2Mu_RunSyst/2016postVFP/Skim_TriLep_WZTo3LNu_amcatnlo.root
2025-11-07 13:28:27,032 - INFO - [2016postVFP] MISSING_CENTRAL: ZG1E2Mu/Central/muons/2/phi in Skim_TriLep_DYJets10to50.root
2025-11-07 13:28:27,033 - INFO - [2016postVFP] MISSING_CENTRAL: ZG1E2Mu/Central/muons/2/phi in Skim_TriLep_TTG.root
2025-11-07 13:28:27,036 - INFO - [2016postVFP] MISSING_FILE: /home/choij/Sync/workspace/ChargedHiggsAnalysisV3/SKNanoOutput/CRPromptSelector/Run1E2Mu_RunSyst/2016postVFP/Skim_TriLep_WZTo3LNu_amcatnlo.root
2025-11-07 13:44:45,581 - INFO - [2016postVFP] MISSING_CENTRAL: ZG1E2Mu/Central/muons/2/phi in Skim_TriLep_DYJets10to50.root
2025-11-07 13:44:45,590 - INFO - [2016postVFP] MISSING_CENTRAL: ZG1E2Mu/Central/muons/2/phi in Skim_TriLep_TTG.root
2025-11-07 13:44:45,616 - INFO - [2016postVFP] MISSING_FILE: /home/choij/Sync/workspace/ChargedHiggsAnalysisV3/SKNanoOutput/CRPromptSelector/Run1E2Mu_RunSyst/2016postVFP/Skim_TriLep_WZTo3LNu_amcatnlo.root
2025-11-07 13:44:50,569 - INFO - [2016postVFP] MISSING_CENTRAL: ZG1E2Mu/Central/muons/2/phi in Skim_TriLep_DYJets10to50.root
2025-11-07 13:44:50,570 - INFO - [2016postVFP] MISSING_CENTRAL: ZG1E2Mu/Central/muons/2/phi in Skim_TriLep_TTG.root
2025-11-07 13:44:50,573 - INFO - [2016postVFP] MISSING_FILE: /home/choij/Sync/workspace/ChargedHiggsAnalysisV3/SKNanoOutput/CRPromptSelector/Run1E2Mu_RunSyst/2016postVFP/Skim_TriLep_WZTo3LNu_amcatnlo.root
2025-11-07 14:01:07,348 - INFO - [2016postVFP] MISSING_CENTRAL: ZG1E2Mu/Central/muons/2/phi in Skim_TriLep_DYJets10to50.root
2025-11-07 14:01:07,355 - INFO - [2016postVFP] MISSING_CENTRAL: ZG1E2Mu/Central/muons/2/phi in Skim_TriLep_TTG.root
2025-11-07 14:01:07,381 - INFO - [2016postVFP] MISSING_FILE: /home/choij/Sync/workspace/ChargedHiggsAnalysisV3/SKNanoOutput/CRPromptSelector/Run1E2Mu_RunSyst/2016postVFP/Skim_TriLep_WZTo3LNu_amcatnlo.root
2025-11-07 14:01:12,395 - INFO - [2016postVFP] MISSING_CENTRAL: ZG1E2Mu/Central/muons/2/phi in Skim_TriLep_DYJets10to50.root
2025-11-07 14:01:12,396 - INFO - [2016postVFP] MISSING_CENTRAL: ZG1E2Mu/Central/muons/2/phi in Skim_TriLep_TTG.root
2025-11-07 14:01:12,398 - INFO - [2016postVFP] MISSING_FILE: /home/choij/Sync/workspace/ChargedHiggsAnalysisV3/SKNanoOutput/CRPromptSelector/Run1E2Mu_RunSyst/2016postVFP/Skim_TriLep_WZTo3LNu_amcatnlo.root
2025-11-10 05:51:13,103 - INFO - [2016postVFP] MISSING_CENTRAL: ZG1E2Mu/Central/muons/2/phi in Skim_TriLep_DYJets10to50.root
2025-11-10 05:51:13,121 - INFO - [2016postVFP] MISSING_CENTRAL: ZG1E2Mu/Central/muons/2/phi in Skim_TriLep_TTG.root
2025-11-10 05:51:13,180 - INFO - [2016postVFP] MISSING_FILE: /home/choij/Sync/workspace/ChargedHiggsAnalysisV3/SKNanoOutput/CRPromptSelector/Run1E2Mu_RunSyst/2016postVFP/Skim_TriLep_WZTo3LNu_amcatnlo.root
2025-11-10 05:51:18,582 - INFO - [2016postVFP] MISSING_CENTRAL: ZG1E2Mu/Central/muons/2/phi in Skim_TriLep_DYJets10to50.root
2025-11-10 05:51:18,584 - INFO - [2016postVFP] MISSING_CENTRAL: ZG1E2Mu/Central/muons/2/phi in Skim_TriLep_TTG.root
2025-11-10 05:51:18,585 - INFO - [2016postVFP] MISSING_FILE: /home/choij/Sync/workspace/ChargedHiggsAnalysisV3/SKNanoOutput/CRPromptSelector/Run1E2Mu_RunSyst/2016postVFP/Skim_TriLep_WZTo3LNu_amcatnlo.root
2025-11-10 12:16:08,403 - INFO - [2016postVFP] MISSING_CENTRAL: ZG1E2Mu/Central/muons/2/phi in Skim_TriLep_DYJets10to50.root
2025-11-10 12:16:08,410 - INFO - [2016postVFP] MISSING_CENTRAL: ZG1E2Mu/Central/muons/2/phi in Skim_TriLep_TTG.root
2025-11-10 12:16:08,457 - INFO - [2016postVFP] MISSING_FILE: /home/choij/Sync/workspace/ChargedHiggsAnalysisV3/SKNanoOutput/CRPromptSelector/Run1E2Mu_RunSyst/2016postVFP/Skim_TriLep_WZTo3LNu_amcatnlo.root
2025-11-10 12:16:13,533 - INFO - [2016postVFP] MISSING_CENTRAL: ZG1E2Mu/Central/muons/2/phi in Skim_TriLep_DYJets10to50.root
2025-11-10 12:16:13,534 - INFO - [2016postVFP] MISSING_CENTRAL: ZG1E2Mu/Central/muons/2/phi in Skim_TriLep_TTG.root
2025-11-10 12:16:13,536 - INFO - [2016postVFP] MISSING_FILE: /home/choij/Sync/workspace/ChargedHiggsAnalysisV3/SKNanoOutput/CRPromptSelector/Run1E2Mu_RunSyst/2016postVFP/Skim_TriLep_WZTo3LNu_amcatnlo.root
