2025-09-24 15:43:22,584 - INFO - [2016postVFP] MISSING_CENTRAL: ZG1E2Mu/Central/ZCand/mass in Skim_TriLep_DYJets10to50.root
2025-09-24 15:43:22,593 - INFO - [2016postVFP] MISSING_CENTRAL: ZG1E2Mu/Central/ZCand/mass in Skim_TriLep_TTG.root
2025-09-24 15:43:22,671 - INFO - [2016postVFP] MISSING_FILE: /Users/choij/Sync/workspace/ChargedHiggsAnalysisV3/SKNanoOutput/CRPromptSelector/Run1E2Mu_RunSyst/2016postVFP/Skim_TriLep_WZTo3LNu_amcatnlo.root
2025-09-24 15:43:33,194 - INFO - [2016postVFP] MISSING_CENTRAL: ZG1E2Mu/Central/ZCand/mass in Skim_TriLep_DYJets10to50.root
2025-09-24 15:43:33,194 - INFO - [2016postVFP] MISSING_CENTRAL: ZG1E2Mu/Central/ZCand/mass in Skim_TriLep_TTG.root
2025-09-24 15:43:33,196 - INFO - [2016postVFP] MISSING_FILE: /Users/choij/Sync/workspace/ChargedHiggsAnalysisV3/SKNanoOutput/CRPromptSelector/Run1E2Mu_RunSyst/2016postVFP/Skim_TriLep_WZTo3LNu_amcatnlo.root
2025-10-02 21:10:22,933 - INFO - [2016postVFP] MISSING_CENTRAL: ZG1E2Mu/Central/ZCand/mass in Skim_TriLep_DYJets10to50.root
2025-10-02 21:10:23,155 - INFO - [2016postVFP] MISSING_CENTRAL: ZG1E2Mu/Central/ZCand/mass in Skim_TriLep_TTG.root
2025-10-02 21:10:23,740 - INFO - [2016postVFP] MISSING_FILE: /data9/Users/choij/Sync/workspace/ChargedHiggsAnalysisV3/SKNanoOutput/CRPromptSelector/Run1E2Mu_RunSyst/2016postVFP/Skim_TriLep_WZTo3LNu_amcatnlo.root
2025-10-02 21:10:30,422 - INFO - [2016postVFP] MISSING_CENTRAL: ZG1E2Mu/Central/ZCand/mass in Skim_TriLep_DYJets10to50.root
2025-10-02 21:10:30,425 - INFO - [2016postVFP] MISSING_CENTRAL: ZG1E2Mu/Central/ZCand/mass in Skim_TriLep_TTG.root
2025-10-02 21:10:30,430 - INFO - [2016postVFP] MISSING_FILE: /data9/Users/choij/Sync/workspace/ChargedHiggsAnalysisV3/SKNanoOutput/CRPromptSelector/Run1E2Mu_RunSyst/2016postVFP/Skim_TriLep_WZTo3LNu_amcatnlo.root
2025-10-02 23:56:37,357 - INFO - [2016postVFP] MISSING_CENTRAL: ZG1E2Mu/Central/ZCand/mass in Skim_TriLep_DYJets10to50.root
2025-10-02 23:56:37,366 - INFO - [2016postVFP] MISSING_CENTRAL: ZG1E2Mu/Central/ZCand/mass in Skim_TriLep_TTG.root
2025-10-02 23:56:37,450 - INFO - [2016postVFP] MISSING_FILE: /Users/choij/Sync/workspace/ChargedHiggsAnalysisV3/SKNanoOutput/CRPromptSelector/Run1E2Mu_RunSyst/2016postVFP/Skim_TriLep_WZTo3LNu_amcatnlo.root
2025-10-02 23:56:46,087 - INFO - [2016postVFP] MISSING_CENTRAL: ZG1E2Mu/Central/ZCand/mass in Skim_TriLep_DYJets10to50.root
2025-10-02 23:56:46,087 - INFO - [2016postVFP] MISSING_CENTRAL: ZG1E2Mu/Central/ZCand/mass in Skim_TriLep_TTG.root
2025-10-02 23:56:46,088 - INFO - [2016postVFP] MISSING_FILE: /Users/choij/Sync/workspace/ChargedHiggsAnalysisV3/SKNanoOutput/CRPromptSelector/Run1E2Mu_RunSyst/2016postVFP/Skim_TriLep_WZTo3LNu_amcatnlo.root
2025-11-07 13:25:56,710 - INFO - [2016postVFP] MISSING_CENTRAL: ZG1E2Mu/Central/ZCand/mass in Skim_TriLep_DYJets10to50.root
2025-11-07 13:25:56,716 - INFO - [2016postVFP] MISSING_CENTRAL: ZG1E2Mu/Central/ZCand/mass in Skim_TriLep_TTG.root
2025-11-07 13:25:56,738 - INFO - [2016postVFP] MISSING_FILE: /home/choij/Sync/workspace/ChargedHiggsAnalysisV3/SKNanoOutput/CRPromptSelector/Run1E2Mu_RunSyst/2016postVFP/Skim_TriLep_WZTo3LNu_amcatnlo.root
2025-11-07 13:26:02,279 - INFO - [2016postVFP] MISSING_CENTRAL: ZG1E2Mu/Central/ZCand/mass in Skim_TriLep_DYJets10to50.root
2025-11-07 13:26:02,280 - INFO - [2016postVFP] MISSING_CENTRAL: ZG1E2Mu/Central/ZCand/mass in Skim_TriLep_TTG.root
2025-11-07 13:26:02,281 - INFO - [2016postVFP] MISSING_FILE: /home/choij/Sync/workspace/ChargedHiggsAnalysisV3/SKNanoOutput/CRPromptSelector/Run1E2Mu_RunSyst/2016postVFP/Skim_TriLep_WZTo3LNu_amcatnlo.root
2025-11-07 13:28:24,216 - INFO - [2016postVFP] MISSING_CENTRAL: ZG1E2Mu/Central/ZCand/mass in Skim_TriLep_DYJets10to50.root
2025-11-07 13:28:24,222 - INFO - [2016postVFP] MISSING_CENTRAL: ZG1E2Mu/Central/ZCand/mass in Skim_TriLep_TTG.root
2025-11-07 13:28:24,243 - INFO - [2016postVFP] MISSING_FILE: /home/choij/Sync/workspace/ChargedHiggsAnalysisV3/SKNanoOutput/CRPromptSelector/Run1E2Mu_RunSyst/2016postVFP/Skim_TriLep_WZTo3LNu_amcatnlo.root
2025-11-07 13:28:29,221 - INFO - [2016postVFP] MISSING_CENTRAL: ZG1E2Mu/Central/ZCand/mass in Skim_TriLep_DYJets10to50.root
2025-11-07 13:28:29,222 - INFO - [2016postVFP] MISSING_CENTRAL: ZG1E2Mu/Central/ZCand/mass in Skim_TriLep_TTG.root
2025-11-07 13:28:29,223 - INFO - [2016postVFP] MISSING_FILE: /home/choij/Sync/workspace/ChargedHiggsAnalysisV3/SKNanoOutput/CRPromptSelector/Run1E2Mu_RunSyst/2016postVFP/Skim_TriLep_WZTo3LNu_amcatnlo.root
2025-11-07 13:44:47,810 - INFO - [2016postVFP] MISSING_CENTRAL: ZG1E2Mu/Central/ZCand/mass in Skim_TriLep_DYJets10to50.root
2025-11-07 13:44:47,816 - INFO - [2016postVFP] MISSING_CENTRAL: ZG1E2Mu/Central/ZCand/mass in Skim_TriLep_TTG.root
2025-11-07 13:44:47,837 - INFO - [2016postVFP] MISSING_FILE: /home/choij/Sync/workspace/ChargedHiggsAnalysisV3/SKNanoOutput/CRPromptSelector/Run1E2Mu_RunSyst/2016postVFP/Skim_TriLep_WZTo3LNu_amcatnlo.root
2025-11-07 13:44:52,741 - INFO - [2016postVFP] MISSING_CENTRAL: ZG1E2Mu/Central/ZCand/mass in Skim_TriLep_DYJets10to50.root
2025-11-07 13:44:52,742 - INFO - [2016postVFP] MISSING_CENTRAL: ZG1E2Mu/Central/ZCand/mass in Skim_TriLep_TTG.root
2025-11-07 13:44:52,743 - INFO - [2016postVFP] MISSING_FILE: /home/choij/Sync/workspace/ChargedHiggsAnalysisV3/SKNanoOutput/CRPromptSelector/Run1E2Mu_RunSyst/2016postVFP/Skim_TriLep_WZTo3LNu_amcatnlo.root
2025-11-07 14:01:09,468 - INFO - [2016postVFP] MISSING_CENTRAL: ZG1E2Mu/Central/ZCand/mass in Skim_TriLep_DYJets10to50.root
2025-11-07 14:01:09,474 - INFO - [2016postVFP] MISSING_CENTRAL: ZG1E2Mu/Central/ZCand/mass in Skim_TriLep_TTG.root
2025-11-07 14:01:09,497 - INFO - [2016postVFP] MISSING_FILE: /home/choij/Sync/workspace/ChargedHiggsAnalysisV3/SKNanoOutput/CRPromptSelector/Run1E2Mu_RunSyst/2016postVFP/Skim_TriLep_WZTo3LNu_amcatnlo.root
2025-11-07 14:01:14,534 - INFO - [2016postVFP] MISSING_CENTRAL: ZG1E2Mu/Central/ZCand/mass in Skim_TriLep_DYJets10to50.root
2025-11-07 14:01:14,535 - INFO - [2016postVFP] MISSING_CENTRAL: ZG1E2Mu/Central/ZCand/mass in Skim_TriLep_TTG.root
2025-11-07 14:01:14,536 - INFO - [2016postVFP] MISSING_FILE: /home/choij/Sync/workspace/ChargedHiggsAnalysisV3/SKNanoOutput/CRPromptSelector/Run1E2Mu_RunSyst/2016postVFP/Skim_TriLep_WZTo3LNu_amcatnlo.root
2025-11-10 05:51:15,651 - INFO - [2016postVFP] MISSING_CENTRAL: ZG1E2Mu/Central/ZCand/mass in Skim_TriLep_DYJets10to50.root
2025-11-10 05:51:15,660 - INFO - [2016postVFP] MISSING_CENTRAL: ZG1E2Mu/Central/ZCand/mass in Skim_TriLep_TTG.root
2025-11-10 05:51:15,695 - INFO - [2016postVFP] MISSING_FILE: /home/choij/Sync/workspace/ChargedHiggsAnalysisV3/SKNanoOutput/CRPromptSelector/Run1E2Mu_RunSyst/2016postVFP/Skim_TriLep_WZTo3LNu_amcatnlo.root
2025-11-10 05:51:21,612 - INFO - [2016postVFP] MISSING_CENTRAL: ZG1E2Mu/Central/ZCand/mass in Skim_TriLep_DYJets10to50.root
2025-11-10 05:51:21,613 - INFO - [2016postVFP] MISSING_CENTRAL: ZG1E2Mu/Central/ZCand/mass in Skim_TriLep_TTG.root
2025-11-10 05:51:21,615 - INFO - [2016postVFP] MISSING_FILE: /home/choij/Sync/workspace/ChargedHiggsAnalysisV3/SKNanoOutput/CRPromptSelector/Run1E2Mu_RunSyst/2016postVFP/Skim_TriLep_WZTo3LNu_amcatnlo.root
