2026-01-16 18:58:13,726 - INFO - [2017] MISSING_CENTRAL: SR3Mu/Central/bjets/3/energy in Skim_TriLep_DoubleMuon_F.root
2026-01-16 18:58:13,769 - INFO - [2017] MISSING_CENTRAL: SR3Mu/Central/bjets/3/energy in Skim_TriLep_DYJets.root
2026-01-16 18:58:13,770 - INFO - [2017] MISSING_CENTRAL: SR3Mu/Central/bjets/3/energy in Skim_TriLep_DYJets10to50.root
2026-01-16 18:58:13,770 - INFO - [2017] MISSING_CENTRAL: SR3Mu/Central/bjets/3/energy in Skim_TriLep_TTG.root
2026-01-16 18:58:13,771 - INFO - [2017] MISSING_CENTRAL: SR3Mu/Central/bjets/3/energy in Skim_TriLep_WWG.root
2026-01-16 18:58:13,868 - INFO - [2017] MISSING_CENTRAL: SR3Mu/Central/bjets/3/energy in Skim_TriLep_WWW.root
2026-01-16 18:58:13,919 - INFO - [2017] MISSING_CENTRAL: SR3Mu/Central/bjets/3/energy in Skim_TriLep_VBFHToZZTo4L.root
2026-01-16 18:58:13,920 - INFO - [2017] MISSING_CENTRAL: SR3Mu/Central/bjets/3/energy in Skim_TriLep_ggHToZZTo4L.root
2026-01-28 16:07:11,241 - INFO - [2017] MISSING_CENTRAL: SR3Mu/Central/bjets/3/energy in Skim_TriLep_DYJets.root
2026-01-28 16:07:11,241 - INFO - [2017] MISSING_CENTRAL: SR3Mu/Central/bjets/3/energy in Skim_TriLep_DYJets10to50.root
2026-01-28 16:07:11,243 - INFO - [2017] MISSING_CENTRAL: SR3Mu/Central/bjets/3/energy in Skim_TriLep_TTG.root
2026-01-28 16:07:11,244 - INFO - [2017] MISSING_CENTRAL: SR3Mu/Central/bjets/3/energy in Skim_TriLep_WWG.root
2026-01-28 16:07:11,427 - INFO - [2017] MISSING_CENTRAL: SR3Mu/Central/bjets/3/energy in Skim_TriLep_WWW.root
2026-01-28 16:07:11,527 - INFO - [2017] MISSING_CENTRAL: SR3Mu/Central/bjets/3/energy in Skim_TriLep_VBFHToZZTo4L.root
2026-01-28 16:07:11,528 - INFO - [2017] MISSING_CENTRAL: SR3Mu/Central/bjets/3/energy in Skim_TriLep_ggHToZZTo4L.root
2026-01-28 17:18:38,969 - INFO - [2017] MISSING_CENTRAL: SR3Mu/Central/bjets/3/energy in Skim_TriLep_DYJets.root
2026-01-28 17:18:38,970 - INFO - [2017] MISSING_CENTRAL: SR3Mu/Central/bjets/3/energy in Skim_TriLep_DYJets10to50.root
2026-01-28 17:18:38,971 - INFO - [2017] MISSING_CENTRAL: SR3Mu/Central/bjets/3/energy in Skim_TriLep_TTG.root
2026-01-28 17:18:38,971 - INFO - [2017] MISSING_CENTRAL: SR3Mu/Central/bjets/3/energy in Skim_TriLep_WWG.root
2026-01-28 17:18:39,158 - INFO - [2017] MISSING_CENTRAL: SR3Mu/Central/bjets/3/energy in Skim_TriLep_WWW.root
2026-01-28 17:18:39,258 - INFO - [2017] MISSING_CENTRAL: SR3Mu/Central/bjets/3/energy in Skim_TriLep_VBFHToZZTo4L.root
2026-01-28 17:18:39,259 - INFO - [2017] MISSING_CENTRAL: SR3Mu/Central/bjets/3/energy in Skim_TriLep_ggHToZZTo4L.root
2026-01-28 19:52:16,014 - INFO - [2017] MISSING_CENTRAL: SR3Mu/Central/bjets/3/energy in Skim_TriLep_DYJets.root
2026-01-28 19:52:16,015 - INFO - [2017] MISSING_CENTRAL: SR3Mu/Central/bjets/3/energy in Skim_TriLep_DYJets10to50.root
2026-01-28 19:52:16,015 - INFO - [2017] MISSING_CENTRAL: SR3Mu/Central/bjets/3/energy in Skim_TriLep_TTG.root
2026-01-28 19:52:16,016 - INFO - [2017] MISSING_CENTRAL: SR3Mu/Central/bjets/3/energy in Skim_TriLep_WWG.root
2026-01-28 19:52:16,208 - INFO - [2017] MISSING_CENTRAL: SR3Mu/Central/bjets/3/energy in Skim_TriLep_WWW.root
2026-01-28 19:52:16,298 - INFO - [2017] MISSING_CENTRAL: SR3Mu/Central/bjets/3/energy in Skim_TriLep_VBFHToZZTo4L.root
2026-01-28 19:52:16,299 - INFO - [2017] MISSING_CENTRAL: SR3Mu/Central/bjets/3/energy in Skim_TriLep_ggHToZZTo4L.root
2026-01-29 07:09:41,114 - INFO - [2017] MISSING_CENTRAL: SR3Mu/Central/bjets/3/energy in Skim_TriLep_DYJets.root
2026-01-29 07:09:41,115 - INFO - [2017] MISSING_CENTRAL: SR3Mu/Central/bjets/3/energy in Skim_TriLep_DYJets10to50.root
2026-01-29 07:09:41,115 - INFO - [2017] MISSING_CENTRAL: SR3Mu/Central/bjets/3/energy in Skim_TriLep_TTG.root
2026-01-29 07:09:41,116 - INFO - [2017] MISSING_CENTRAL: SR3Mu/Central/bjets/3/energy in Skim_TriLep_WWG.root
2026-01-29 07:09:41,241 - INFO - [2017] MISSING_CENTRAL: SR3Mu/Central/bjets/3/energy in Skim_TriLep_WWW.root
2026-01-29 07:09:41,307 - INFO - [2017] MISSING_CENTRAL: SR3Mu/Central/bjets/3/energy in Skim_TriLep_VBFHToZZTo4L.root
2026-01-29 07:09:41,308 - INFO - [2017] MISSING_CENTRAL: SR3Mu/Central/bjets/3/energy in Skim_TriLep_ggHToZZTo4L.root
2026-03-06 09:38:29,617 - INFO - [2017] MISSING_CENTRAL: SR3Mu/Central/bjets/3/energy in Skim_TriLep_DYJets.root
2026-03-06 09:38:29,618 - INFO - [2017] MISSING_CENTRAL: SR3Mu/Central/bjets/3/energy in Skim_TriLep_DYJets10to50.root
2026-03-06 09:38:29,618 - INFO - [2017] MISSING_CENTRAL: SR3Mu/Central/bjets/3/energy in Skim_TriLep_TTG.root
2026-03-06 09:38:29,619 - INFO - [2017] MISSING_CENTRAL: SR3Mu/Central/bjets/3/energy in Skim_TriLep_WWG.root
2026-03-06 09:38:29,747 - INFO - [2017] MISSING_CENTRAL: SR3Mu/Central/bjets/3/energy in Skim_TriLep_WWW.root
2026-03-06 09:38:29,816 - INFO - [2017] MISSING_CENTRAL: SR3Mu/Central/bjets/3/energy in Skim_TriLep_VBFHToZZTo4L.root
2026-03-06 09:38:29,817 - INFO - [2017] MISSING_CENTRAL: SR3Mu/Central/bjets/3/energy in Skim_TriLep_ggHToZZTo4L.root
2026-03-06 19:44:18,693 - INFO - [2017] MISSING_CENTRAL: SR3Mu/Central/bjets/3/energy in Skim_TriLep_DYJets.root
2026-03-06 19:44:18,694 - INFO - [2017] MISSING_CENTRAL: SR3Mu/Central/bjets/3/energy in Skim_TriLep_DYJets10to50.root
2026-03-06 19:44:18,694 - INFO - [2017] MISSING_CENTRAL: SR3Mu/Central/bjets/3/energy in Skim_TriLep_TTG.root
2026-03-06 19:44:18,695 - INFO - [2017] MISSING_CENTRAL: SR3Mu/Central/bjets/3/energy in Skim_TriLep_WWG.root
2026-03-06 19:44:18,818 - INFO - [2017] MISSING_CENTRAL: SR3Mu/Central/bjets/3/energy in Skim_TriLep_WWW.root
2026-03-06 19:44:18,885 - INFO - [2017] MISSING_CENTRAL: SR3Mu/Central/bjets/3/energy in Skim_TriLep_VBFHToZZTo4L.root
2026-03-06 19:44:18,886 - INFO - [2017] MISSING_CENTRAL: SR3Mu/Central/bjets/3/energy in Skim_TriLep_ggHToZZTo4L.root
