2025-09-24 15:47:18,879 - INFO - [2017] MISSING_CENTRAL: SR3Mu/Central/jets/2/mass in Skim_TriLep_DYJets10to50.root
2025-09-24 15:47:18,889 - INFO - [2017] MISSING_CENTRAL: SR3Mu/Central/jets/2/mass in Skim_TriLep_WWG.root
2025-10-02 21:12:37,987 - INFO - [2017] MISSING_CENTRAL: SR3Mu/Central/jets/2/mass in Skim_TriLep_DYJets10to50.root
2025-10-02 21:12:38,012 - INFO - [2017] MISSING_CENTRAL: SR3Mu/Central/jets/2/mass in Skim_TriLep_WWG.root
2025-10-03 00:00:06,761 - INFO - [2017] MISSING_CENTRAL: SR3Mu/Central/jets/2/mass in Skim_TriLep_DYJets10to50.root
2025-10-03 00:00:06,771 - INFO - [2017] MISSING_CENTRAL: SR3Mu/Central/jets/2/mass in Skim_TriLep_WWG.root
2025-11-05 21:33:41,902 - INFO - [2017] MISSING_CENTRAL: SR3Mu/Central/jets/2/mass in Skim_TriLep_DYJets10to50.root
2025-11-05 21:33:41,917 - INFO - [2017] MISSING_CENTRAL: SR3Mu/Central/jets/2/mass in Skim_TriLep_WWG.root
2025-11-05 21:38:44,893 - INFO - [2017] MISSING_CENTRAL: SR3Mu/Central/jets/2/mass in Skim_TriLep_DYJets10to50.root
2025-11-05 21:38:44,908 - INFO - [2017] MISSING_CENTRAL: SR3Mu/Central/jets/2/mass in Skim_TriLep_WWG.root
2025-11-05 22:01:40,298 - INFO - [2017] MISSING_CENTRAL: SR3Mu/Central/jets/2/mass in Skim_TriLep_DYJets10to50.root
2025-11-05 22:01:40,314 - INFO - [2017] MISSING_CENTRAL: SR3Mu/Central/jets/2/mass in Skim_TriLep_WWG.root
2025-11-05 22:17:27,816 - INFO - [2017] MISSING_CENTRAL: SR3Mu/Central/jets/2/mass in Skim_TriLep_DYJets10to50.root
2025-11-05 22:17:27,832 - INFO - [2017] MISSING_CENTRAL: SR3Mu/Central/jets/2/mass in Skim_TriLep_WWG.root
2025-11-05 23:22:00,264 - INFO - [2017] MISSING_CENTRAL: SR3Mu/Central/jets/2/mass in Skim_TriLep_DYJets10to50.root
2025-11-05 23:22:00,281 - INFO - [2017] MISSING_CENTRAL: SR3Mu/Central/jets/2/mass in Skim_TriLep_WWG.root
2025-11-07 12:25:14,051 - INFO - [2017] MISSING_CENTRAL: SR3Mu/Central/jets/2/mass in Skim_TriLep_DYJets10to50.root
2025-11-07 12:25:14,066 - INFO - [2017] MISSING_CENTRAL: SR3Mu/Central/jets/2/mass in Skim_TriLep_WWG.root
2025-11-07 13:05:33,531 - INFO - [2017] MISSING_CENTRAL: SR3Mu/Central/jets/2/mass in Skim_TriLep_DYJets10to50.root
2025-11-07 13:05:33,547 - INFO - [2017] MISSING_CENTRAL: SR3Mu/Central/jets/2/mass in Skim_TriLep_WWG.root
2025-11-07 13:30:21,865 - INFO - [2017] MISSING_CENTRAL: SR3Mu/Central/jets/2/mass in Skim_TriLep_DYJets10to50.root
2025-11-07 13:30:21,881 - INFO - [2017] MISSING_CENTRAL: SR3Mu/Central/jets/2/mass in Skim_TriLep_WWG.root
2025-11-07 14:03:07,051 - INFO - [2017] MISSING_CENTRAL: SR3Mu/Central/jets/2/mass in Skim_TriLep_DYJets10to50.root
2025-11-07 14:03:07,067 - INFO - [2017] MISSING_CENTRAL: SR3Mu/Central/jets/2/mass in Skim_TriLep_WWG.root
2025-11-10 05:53:42,888 - INFO - [2017] MISSING_CENTRAL: SR3Mu/Central/jets/2/mass in Skim_TriLep_DYJets10to50.root
2025-11-10 05:53:42,905 - INFO - [2017] MISSING_CENTRAL: SR3Mu/Central/jets/2/mass in Skim_TriLep_WWG.root
2025-11-10 12:18:09,236 - INFO - [2017] MISSING_CENTRAL: SR3Mu/Central/jets/2/mass in Skim_TriLep_DYJets10to50.root
2025-11-10 12:18:09,249 - INFO - [2017] MISSING_CENTRAL: SR3Mu/Central/jets/2/mass in Skim_TriLep_WWG.root
2025-11-13 11:07:14,836 - INFO - [2017] MISSING_CENTRAL: SR3Mu/Central/jets/2/mass in Skim_TriLep_DYJets10to50.root
2025-11-13 11:07:15,515 - INFO - [2017] MISSING_CENTRAL: SR3Mu/Central/jets/2/mass in Skim_TriLep_WWG.root
2025-11-13 19:54:15,980 - INFO - [2017] MISSING_CENTRAL: SR3Mu/Central/jets/2/mass in Skim_TriLep_DYJets10to50.root
2025-11-13 19:54:15,996 - INFO - [2017] MISSING_CENTRAL: SR3Mu/Central/jets/2/mass in Skim_TriLep_WWG.root
2025-11-13 20:01:10,430 - INFO - [2017] MISSING_CENTRAL: SR3Mu/Central/jets/2/mass in Skim_TriLep_DYJets10to50.root
2025-11-13 20:01:10,447 - INFO - [2017] MISSING_CENTRAL: SR3Mu/Central/jets/2/mass in Skim_TriLep_WWG.root
2025-11-19 16:20:29,241 - INFO - [2017] MISSING_CENTRAL: SR3Mu/Central/jets/2/mass in Skim_TriLep_DYJets10to50.root
2025-11-19 16:20:29,258 - INFO - [2017] MISSING_CENTRAL: SR3Mu/Central/jets/2/mass in Skim_TriLep_WWG.root
2025-12-17 22:34:33,717 - INFO - [2017] MISSING_CENTRAL: SR3Mu/Central/jets/2/mass in Skim_TriLep_DYJets10to50.root
2025-12-17 22:34:34,127 - INFO - [2017] MISSING_CENTRAL: SR3Mu/Central/jets/2/mass in Skim_TriLep_WWG.root
2025-12-18 14:17:59,267 - INFO - [2017] MISSING_CENTRAL: SR3Mu/Central/jets/2/mass in Skim_TriLep_DYJets10to50.root
2025-12-18 14:17:59,282 - INFO - [2017] MISSING_CENTRAL: SR3Mu/Central/jets/2/mass in Skim_TriLep_WWG.root
2025-12-18 14:33:27,345 - INFO - [2017] MISSING_CENTRAL: SR3Mu/Central/jets/2/mass in Skim_TriLep_DYJets10to50.root
2025-12-18 14:33:27,360 - INFO - [2017] MISSING_CENTRAL: SR3Mu/Central/jets/2/mass in Skim_TriLep_WWG.root
2026-01-07 11:43:32,884 - INFO - [2017] MISSING_CENTRAL: SR3Mu/Central/jets/2/mass in Skim_TriLep_DYJets10to50.root
2026-01-07 11:43:33,276 - INFO - [2017] MISSING_CENTRAL: SR3Mu/Central/jets/2/mass in Skim_TriLep_WWG.root
2026-01-07 18:40:31,849 - INFO - [2017] MISSING_CENTRAL: SR3Mu/Central/jets/2/mass in Skim_TriLep_DYJets10to50.root
2026-01-07 18:40:31,863 - INFO - [2017] MISSING_CENTRAL: SR3Mu/Central/jets/2/mass in Skim_TriLep_WWG.root
2026-01-07 19:27:54,589 - INFO - [2017] MISSING_CENTRAL: SR3Mu/Central/jets/2/mass in Skim_TriLep_DYJets10to50.root
2026-01-07 19:27:54,603 - INFO - [2017] MISSING_CENTRAL: SR3Mu/Central/jets/2/mass in Skim_TriLep_WWG.root
2026-01-09 12:14:10,215 - INFO - [2017] MISSING_CENTRAL: SR3Mu/Central/jets/2/mass in Skim_TriLep_DYJets10to50.root
2026-01-09 12:14:10,223 - INFO - [2017] MISSING_CENTRAL: SR3Mu/Central/jets/2/mass in Skim_TriLep_WWG.root
2026-01-11 09:34:13,934 - INFO - [2017] MISSING_CENTRAL: SR3Mu/Central/jets/2/mass in Skim_TriLep_DYJets10to50.root
2026-01-11 09:34:13,942 - INFO - [2017] MISSING_CENTRAL: SR3Mu/Central/jets/2/mass in Skim_TriLep_WWG.root
2026-01-12 13:42:49,809 - INFO - [2017] MISSING_FILE: /home/choij/Sync/workspace/ChargedHiggsAnalysisV3/SKNanoOutput/MatrixSelector/Run3Mu/2017/Skim_TriLep_DoubleMuon_B.root
2026-01-12 13:42:49,809 - INFO - [2017] MISSING_FILE: /home/choij/Sync/workspace/ChargedHiggsAnalysisV3/SKNanoOutput/MatrixSelector/Run3Mu/2017/Skim_TriLep_DoubleMuon_C.root
2026-01-12 13:42:49,809 - INFO - [2017] MISSING_FILE: /home/choij/Sync/workspace/ChargedHiggsAnalysisV3/SKNanoOutput/MatrixSelector/Run3Mu/2017/Skim_TriLep_DoubleMuon_D.root
2026-01-12 13:42:49,810 - INFO - [2017] MISSING_FILE: /home/choij/Sync/workspace/ChargedHiggsAnalysisV3/SKNanoOutput/MatrixSelector/Run3Mu/2017/Skim_TriLep_DoubleMuon_E.root
2026-01-12 13:42:49,810 - INFO - [2017] MISSING_FILE: /home/choij/Sync/workspace/ChargedHiggsAnalysisV3/SKNanoOutput/MatrixSelector/Run3Mu/2017/Skim_TriLep_DoubleMuon_F.root
2026-01-12 13:42:49,834 - INFO - [2017] MISSING_CENTRAL: SR3Mu/Central/jets/2/mass in Skim_TriLep_DYJets10to50.root
2026-01-12 13:42:49,844 - INFO - [2017] MISSING_CENTRAL: SR3Mu/Central/jets/2/mass in Skim_TriLep_WWG.root
2026-01-16 18:58:07,636 - INFO - [2017] MISSING_CENTRAL: SR3Mu/Central/jets/2/mass in Skim_TriLep_DYJets10to50.root
2026-01-16 18:58:07,644 - INFO - [2017] MISSING_CENTRAL: SR3Mu/Central/jets/2/mass in Skim_TriLep_WWG.root
2026-01-28 16:07:04,458 - INFO - [2017] MISSING_CENTRAL: SR3Mu/Central/jets/2/mass in Skim_TriLep_DYJets10to50.root
2026-01-28 16:07:04,484 - INFO - [2017] MISSING_CENTRAL: SR3Mu/Central/jets/2/mass in Skim_TriLep_WWG.root
