2025-09-24 15:47:21,662 - INFO - [2017] MISSING_CENTRAL: SR3Mu/Central/jets/3/mass in Skim_TriLep_DYJets10to50.root
2025-09-24 15:47:21,682 - INFO - [2017] MISSING_CENTRAL: SR3Mu/Central/jets/3/mass in Skim_TriLep_WWG.root
2025-10-02 21:12:47,695 - INFO - [2017] MISSING_CENTRAL: SR3Mu/Central/jets/3/mass in Skim_TriLep_DYJets10to50.root
2025-10-02 21:12:47,736 - INFO - [2017] MISSING_CENTRAL: SR3Mu/Central/jets/3/mass in Skim_TriLep_WWG.root
2025-10-03 00:00:09,522 - INFO - [2017] MISSING_CENTRAL: SR3Mu/Central/jets/3/mass in Skim_TriLep_DYJets10to50.root
2025-10-03 00:00:09,533 - INFO - [2017] MISSING_CENTRAL: SR3Mu/Central/jets/3/mass in Skim_TriLep_WWG.root
2025-11-05 21:33:44,331 - INFO - [2017] MISSING_CENTRAL: SR3Mu/Central/jets/3/mass in Skim_TriLep_DYJets10to50.root
2025-11-05 21:33:44,380 - INFO - [2017] MISSING_CENTRAL: SR3Mu/Central/jets/3/mass in Skim_TriLep_WWG.root
2025-11-05 21:38:47,341 - INFO - [2017] MISSING_CENTRAL: SR3Mu/Central/jets/3/mass in Skim_TriLep_DYJets10to50.root
2025-11-05 21:38:47,361 - INFO - [2017] MISSING_CENTRAL: SR3Mu/Central/jets/3/mass in Skim_TriLep_WWG.root
2025-11-05 22:01:42,964 - INFO - [2017] MISSING_CENTRAL: SR3Mu/Central/jets/3/mass in Skim_TriLep_DYJets10to50.root
2025-11-05 22:01:43,016 - INFO - [2017] MISSING_CENTRAL: SR3Mu/Central/jets/3/mass in Skim_TriLep_WWG.root
2025-11-05 22:17:30,902 - INFO - [2017] MISSING_CENTRAL: SR3Mu/Central/jets/3/mass in Skim_TriLep_DYJets10to50.root
2025-11-05 22:17:30,918 - INFO - [2017] MISSING_CENTRAL: SR3Mu/Central/jets/3/mass in Skim_TriLep_WWG.root
2025-11-05 23:22:03,004 - INFO - [2017] MISSING_CENTRAL: SR3Mu/Central/jets/3/mass in Skim_TriLep_DYJets10to50.root
2025-11-05 23:22:03,020 - INFO - [2017] MISSING_CENTRAL: SR3Mu/Central/jets/3/mass in Skim_TriLep_WWG.root
2025-11-07 12:25:17,091 - INFO - [2017] MISSING_CENTRAL: SR3Mu/Central/jets/3/mass in Skim_TriLep_DYJets10to50.root
2025-11-07 12:25:17,106 - INFO - [2017] MISSING_CENTRAL: SR3Mu/Central/jets/3/mass in Skim_TriLep_WWG.root
2025-11-07 13:05:36,235 - INFO - [2017] MISSING_CENTRAL: SR3Mu/Central/jets/3/mass in Skim_TriLep_DYJets10to50.root
2025-11-07 13:05:36,251 - INFO - [2017] MISSING_CENTRAL: SR3Mu/Central/jets/3/mass in Skim_TriLep_WWG.root
2025-11-07 13:30:24,497 - INFO - [2017] MISSING_CENTRAL: SR3Mu/Central/jets/3/mass in Skim_TriLep_DYJets10to50.root
2025-11-07 13:30:24,555 - INFO - [2017] MISSING_CENTRAL: SR3Mu/Central/jets/3/mass in Skim_TriLep_WWG.root
2025-11-07 14:03:09,613 - INFO - [2017] MISSING_CENTRAL: SR3Mu/Central/jets/3/mass in Skim_TriLep_DYJets10to50.root
2025-11-07 14:03:09,666 - INFO - [2017] MISSING_CENTRAL: SR3Mu/Central/jets/3/mass in Skim_TriLep_WWG.root
2025-11-10 05:53:45,422 - INFO - [2017] MISSING_CENTRAL: SR3Mu/Central/jets/3/mass in Skim_TriLep_DYJets10to50.root
2025-11-10 05:53:45,437 - INFO - [2017] MISSING_CENTRAL: SR3Mu/Central/jets/3/mass in Skim_TriLep_WWG.root
2025-11-10 12:18:12,287 - INFO - [2017] MISSING_CENTRAL: SR3Mu/Central/jets/3/mass in Skim_TriLep_DYJets10to50.root
2025-11-10 12:18:12,302 - INFO - [2017] MISSING_CENTRAL: SR3Mu/Central/jets/3/mass in Skim_TriLep_WWG.root
2025-11-13 11:07:24,947 - INFO - [2017] MISSING_CENTRAL: SR3Mu/Central/jets/3/mass in Skim_TriLep_DYJets10to50.root
2025-11-13 11:07:24,975 - INFO - [2017] MISSING_CENTRAL: SR3Mu/Central/jets/3/mass in Skim_TriLep_WWG.root
2025-11-13 19:54:18,613 - INFO - [2017] MISSING_CENTRAL: SR3Mu/Central/jets/3/mass in Skim_TriLep_DYJets10to50.root
2025-11-13 19:54:18,664 - INFO - [2017] MISSING_CENTRAL: SR3Mu/Central/jets/3/mass in Skim_TriLep_WWG.root
2025-11-13 20:01:12,732 - INFO - [2017] MISSING_CENTRAL: SR3Mu/Central/jets/3/mass in Skim_TriLep_DYJets10to50.root
2025-11-13 20:01:12,782 - INFO - [2017] MISSING_CENTRAL: SR3Mu/Central/jets/3/mass in Skim_TriLep_WWG.root
2025-11-19 16:20:31,866 - INFO - [2017] MISSING_CENTRAL: SR3Mu/Central/jets/3/mass in Skim_TriLep_DYJets10to50.root
2025-11-19 16:20:31,885 - INFO - [2017] MISSING_CENTRAL: SR3Mu/Central/jets/3/mass in Skim_TriLep_WWG.root
2025-12-17 22:34:45,470 - INFO - [2017] MISSING_CENTRAL: SR3Mu/Central/jets/3/mass in Skim_TriLep_DYJets10to50.root
2025-12-17 22:34:45,493 - INFO - [2017] MISSING_CENTRAL: SR3Mu/Central/jets/3/mass in Skim_TriLep_WWG.root
2025-12-18 14:18:04,473 - INFO - [2017] MISSING_CENTRAL: SR3Mu/Central/jets/3/mass in Skim_TriLep_DYJets10to50.root
2025-12-18 14:18:04,494 - INFO - [2017] MISSING_CENTRAL: SR3Mu/Central/jets/3/mass in Skim_TriLep_WWG.root
2025-12-18 14:33:32,699 - INFO - [2017] MISSING_CENTRAL: SR3Mu/Central/jets/3/mass in Skim_TriLep_DYJets10to50.root
2025-12-18 14:33:32,741 - INFO - [2017] MISSING_CENTRAL: SR3Mu/Central/jets/3/mass in Skim_TriLep_WWG.root
2026-01-07 11:43:42,682 - INFO - [2017] MISSING_CENTRAL: SR3Mu/Central/jets/3/mass in Skim_TriLep_DYJets10to50.root
2026-01-07 11:43:42,697 - INFO - [2017] MISSING_CENTRAL: SR3Mu/Central/jets/3/mass in Skim_TriLep_WWG.root
2026-01-07 18:40:37,242 - INFO - [2017] MISSING_CENTRAL: SR3Mu/Central/jets/3/mass in Skim_TriLep_DYJets10to50.root
2026-01-07 18:40:37,257 - INFO - [2017] MISSING_CENTRAL: SR3Mu/Central/jets/3/mass in Skim_TriLep_WWG.root
2026-01-07 19:27:59,951 - INFO - [2017] MISSING_CENTRAL: SR3Mu/Central/jets/3/mass in Skim_TriLep_DYJets10to50.root
2026-01-07 19:27:59,972 - INFO - [2017] MISSING_CENTRAL: SR3Mu/Central/jets/3/mass in Skim_TriLep_WWG.root
2026-01-09 12:14:13,172 - INFO - [2017] MISSING_CENTRAL: SR3Mu/Central/jets/3/mass in Skim_TriLep_DYJets10to50.root
2026-01-09 12:14:13,182 - INFO - [2017] MISSING_CENTRAL: SR3Mu/Central/jets/3/mass in Skim_TriLep_WWG.root
2026-01-11 09:34:16,888 - INFO - [2017] MISSING_CENTRAL: SR3Mu/Central/jets/3/mass in Skim_TriLep_DYJets10to50.root
2026-01-11 09:34:16,904 - INFO - [2017] MISSING_CENTRAL: SR3Mu/Central/jets/3/mass in Skim_TriLep_WWG.root
2026-01-12 13:42:52,625 - INFO - [2017] MISSING_FILE: /home/choij/Sync/workspace/ChargedHiggsAnalysisV3/SKNanoOutput/MatrixSelector/Run3Mu/2017/Skim_TriLep_DoubleMuon_B.root
2026-01-12 13:42:52,625 - INFO - [2017] MISSING_FILE: /home/choij/Sync/workspace/ChargedHiggsAnalysisV3/SKNanoOutput/MatrixSelector/Run3Mu/2017/Skim_TriLep_DoubleMuon_C.root
2026-01-12 13:42:52,626 - INFO - [2017] MISSING_FILE: /home/choij/Sync/workspace/ChargedHiggsAnalysisV3/SKNanoOutput/MatrixSelector/Run3Mu/2017/Skim_TriLep_DoubleMuon_D.root
2026-01-12 13:42:52,626 - INFO - [2017] MISSING_FILE: /home/choij/Sync/workspace/ChargedHiggsAnalysisV3/SKNanoOutput/MatrixSelector/Run3Mu/2017/Skim_TriLep_DoubleMuon_E.root
2026-01-12 13:42:52,626 - INFO - [2017] MISSING_FILE: /home/choij/Sync/workspace/ChargedHiggsAnalysisV3/SKNanoOutput/MatrixSelector/Run3Mu/2017/Skim_TriLep_DoubleMuon_F.root
2026-01-12 13:42:52,652 - INFO - [2017] MISSING_CENTRAL: SR3Mu/Central/jets/3/mass in Skim_TriLep_DYJets10to50.root
2026-01-12 13:42:52,661 - INFO - [2017] MISSING_CENTRAL: SR3Mu/Central/jets/3/mass in Skim_TriLep_WWG.root
