2025-11-07 13:05:43,104 - INFO - [2017] MISSING_CENTRAL: SR3Mu/Central/MHc145_MA92/score_diboson in Skim_TriLep_DYJets10to50.root
2025-11-07 13:05:43,127 - INFO - [2017] MISSING_CENTRAL: SR3Mu/Central/MHc145_MA92/score_diboson in Skim_TriLep_WWG.root
2025-11-07 13:30:31,183 - INFO - [2017] MISSING_CENTRAL: SR3Mu/Central/MHc145_MA92/score_diboson in Skim_TriLep_DYJets10to50.root
2025-11-07 13:30:31,196 - INFO - [2017] MISSING_CENTRAL: SR3Mu/Central/MHc145_MA92/score_diboson in Skim_TriLep_WWG.root
2025-11-07 14:03:16,400 - INFO - [2017] MISSING_CENTRAL: SR3Mu/Central/MHc145_MA92/score_diboson in Skim_TriLep_DYJets10to50.root
2025-11-07 14:03:16,414 - INFO - [2017] MISSING_CENTRAL: SR3Mu/Central/MHc145_MA92/score_diboson in Skim_TriLep_WWG.root
2025-11-10 05:53:53,799 - INFO - [2017] MISSING_CENTRAL: SR3Mu/Central/MHc145_MA92/score_diboson in Skim_TriLep_DYJets10to50.root
2025-11-10 05:53:53,808 - INFO - [2017] MISSING_CENTRAL: SR3Mu/Central/MHc145_MA92/score_diboson in Skim_TriLep_WWG.root
2025-11-10 12:18:19,044 - INFO - [2017] MISSING_CENTRAL: SR3Mu/Central/MHc145_MA92/score_diboson in Skim_TriLep_DYJets10to50.root
2025-11-10 12:18:19,058 - INFO - [2017] MISSING_CENTRAL: SR3Mu/Central/MHc145_MA92/score_diboson in Skim_TriLep_WWG.root
2025-11-13 11:07:28,367 - INFO - [2017] MISSING_CENTRAL: SR3Mu/Central/MHc145_MA92/score_diboson in Skim_TriLep_DYJets10to50.root
2025-11-13 11:07:28,425 - INFO - [2017] MISSING_CENTRAL: SR3Mu/Central/MHc145_MA92/score_diboson in Skim_TriLep_WWG.root
2025-11-13 19:54:25,612 - INFO - [2017] MISSING_CENTRAL: SR3Mu/Central/MHc145_MA92/score_diboson in Skim_TriLep_DYJets10to50.root
2025-11-13 19:54:25,658 - INFO - [2017] MISSING_CENTRAL: SR3Mu/Central/MHc145_MA92/score_diboson in Skim_TriLep_WWG.root
2025-11-13 20:01:20,144 - INFO - [2017] MISSING_CENTRAL: SR3Mu/Central/MHc145_MA92/score_diboson in Skim_TriLep_DYJets10to50.root
2025-11-13 20:01:20,168 - INFO - [2017] MISSING_CENTRAL: SR3Mu/Central/MHc145_MA92/score_diboson in Skim_TriLep_WWG.root
2025-11-19 16:20:38,690 - INFO - [2017] MISSING_CENTRAL: SR3Mu/Central/MHc145_MA92/score_diboson in Skim_TriLep_DYJets10to50.root
2025-11-19 16:20:38,701 - INFO - [2017] MISSING_CENTRAL: SR3Mu/Central/MHc145_MA92/score_diboson in Skim_TriLep_WWG.root
2025-12-17 22:34:49,520 - INFO - [2017] MISSING_CENTRAL: SR3Mu/Central/MHc145_MA92/score_diboson in Skim_TriLep_DYJets10to50.root
2025-12-17 22:34:49,528 - INFO - [2017] MISSING_CENTRAL: SR3Mu/Central/MHc145_MA92/score_diboson in Skim_TriLep_WWG.root
2025-12-18 14:18:11,800 - INFO - [2017] MISSING_CENTRAL: SR3Mu/Central/MHc145_MA92/score_diboson in Skim_TriLep_DYJets10to50.root
2025-12-18 14:18:11,826 - INFO - [2017] MISSING_CENTRAL: SR3Mu/Central/MHc145_MA92/score_diboson in Skim_TriLep_WWG.root
2025-12-18 14:33:40,180 - INFO - [2017] MISSING_CENTRAL: SR3Mu/Central/MHc145_MA92/score_diboson in Skim_TriLep_DYJets10to50.root
2025-12-18 14:33:40,192 - INFO - [2017] MISSING_CENTRAL: SR3Mu/Central/MHc145_MA92/score_diboson in Skim_TriLep_WWG.root
2026-01-07 11:43:48,340 - INFO - [2017] MISSING_CENTRAL: SR3Mu/Central/MHc145_MA92/score_diboson in Skim_TriLep_DYJets10to50.root
2026-01-07 11:43:48,352 - INFO - [2017] MISSING_CENTRAL: SR3Mu/Central/MHc145_MA92/score_diboson in Skim_TriLep_WWG.root
2026-01-07 18:40:43,190 - INFO - [2017] MISSING_CENTRAL: SR3Mu/Central/MHc145_MA92/score_diboson in Skim_TriLep_DYJets10to50.root
2026-01-07 18:40:43,203 - INFO - [2017] MISSING_CENTRAL: SR3Mu/Central/MHc145_MA92/score_diboson in Skim_TriLep_WWG.root
2026-01-07 19:28:05,972 - INFO - [2017] MISSING_CENTRAL: SR3Mu/Central/MHc145_MA92/score_diboson in Skim_TriLep_DYJets10to50.root
2026-01-07 19:28:05,984 - INFO - [2017] MISSING_CENTRAL: SR3Mu/Central/MHc145_MA92/score_diboson in Skim_TriLep_WWG.root
2026-01-09 12:14:21,975 - INFO - [2017] MISSING_CENTRAL: SR3Mu/Central/MHc145_MA92/score_diboson in Skim_TriLep_DYJets10to50.root
2026-01-09 12:14:21,982 - INFO - [2017] MISSING_CENTRAL: SR3Mu/Central/MHc145_MA92/score_diboson in Skim_TriLep_WWG.root
2026-01-11 09:34:25,829 - INFO - [2017] MISSING_CENTRAL: SR3Mu/Central/MHc145_MA92/score_diboson in Skim_TriLep_DYJets10to50.root
2026-01-11 09:34:25,838 - INFO - [2017] MISSING_CENTRAL: SR3Mu/Central/MHc145_MA92/score_diboson in Skim_TriLep_WWG.root
2026-01-12 13:43:01,469 - INFO - [2017] MISSING_FILE: /home/choij/Sync/workspace/ChargedHiggsAnalysisV3/SKNanoOutput/MatrixSelector/Run3Mu/2017/Skim_TriLep_DoubleMuon_B.root
2026-01-12 13:43:01,469 - INFO - [2017] MISSING_FILE: /home/choij/Sync/workspace/ChargedHiggsAnalysisV3/SKNanoOutput/MatrixSelector/Run3Mu/2017/Skim_TriLep_DoubleMuon_C.root
2026-01-12 13:43:01,470 - INFO - [2017] MISSING_FILE: /home/choij/Sync/workspace/ChargedHiggsAnalysisV3/SKNanoOutput/MatrixSelector/Run3Mu/2017/Skim_TriLep_DoubleMuon_D.root
2026-01-12 13:43:01,470 - INFO - [2017] MISSING_FILE: /home/choij/Sync/workspace/ChargedHiggsAnalysisV3/SKNanoOutput/MatrixSelector/Run3Mu/2017/Skim_TriLep_DoubleMuon_E.root
2026-01-12 13:43:01,470 - INFO - [2017] MISSING_FILE: /home/choij/Sync/workspace/ChargedHiggsAnalysisV3/SKNanoOutput/MatrixSelector/Run3Mu/2017/Skim_TriLep_DoubleMuon_F.root
2026-01-12 13:43:01,495 - INFO - [2017] MISSING_CENTRAL: SR3Mu/Central/MHc145_MA92/score_diboson in Skim_TriLep_DYJets10to50.root
2026-01-12 13:43:01,502 - INFO - [2017] MISSING_CENTRAL: SR3Mu/Central/MHc145_MA92/score_diboson in Skim_TriLep_WWG.root
