2025-12-18 14:18:12,704 - INFO - [2017] MISSING_CENTRAL: SR3Mu/Central/MHc145_MA92/LR_totalBkg in Skim_TriLep_DYJets10to50.root
2025-12-18 14:18:12,719 - INFO - [2017] MISSING_CENTRAL: SR3Mu/Central/MHc145_MA92/LR_totalBkg in Skim_TriLep_WWG.root
2025-12-18 14:33:40,139 - INFO - [2017] MISSING_CENTRAL: SR3Mu/Central/MHc145_MA92/LR_totalBkg in Skim_TriLep_DYJets10to50.root
2025-12-18 14:33:40,155 - INFO - [2017] MISSING_CENTRAL: SR3Mu/Central/MHc145_MA92/LR_totalBkg in Skim_TriLep_WWG.root
2026-01-07 11:43:48,373 - INFO - [2017] MISSING_CENTRAL: SR3Mu/Central/MHc145_MA92/LR_totalBkg in Skim_TriLep_DYJets10to50.root
2026-01-07 11:43:48,386 - INFO - [2017] MISSING_CENTRAL: SR3Mu/Central/MHc145_MA92/LR_totalBkg in Skim_TriLep_WWG.root
2026-01-07 18:40:43,213 - INFO - [2017] MISSING_CENTRAL: SR3Mu/Central/MHc145_MA92/LR_totalBkg in Skim_TriLep_DYJets10to50.root
2026-01-07 18:40:43,226 - INFO - [2017] MISSING_CENTRAL: SR3Mu/Central/MHc145_MA92/LR_totalBkg in Skim_TriLep_WWG.root
2026-01-07 19:28:05,900 - INFO - [2017] MISSING_CENTRAL: SR3Mu/Central/MHc145_MA92/LR_totalBkg in Skim_TriLep_DYJets10to50.root
2026-01-07 19:28:05,914 - INFO - [2017] MISSING_CENTRAL: SR3Mu/Central/MHc145_MA92/LR_totalBkg in Skim_TriLep_WWG.root
2026-01-09 12:14:22,674 - INFO - [2017] MISSING_CENTRAL: SR3Mu/Central/MHc145_MA92/LR_totalBkg in Skim_TriLep_DYJets10to50.root
2026-01-09 12:14:22,697 - INFO - [2017] MISSING_CENTRAL: SR3Mu/Central/MHc145_MA92/LR_totalBkg in Skim_TriLep_WWG.root
2026-01-11 09:34:26,592 - INFO - [2017] MISSING_CENTRAL: SR3Mu/Central/MHc145_MA92/LR_totalBkg in Skim_TriLep_DYJets10to50.root
2026-01-11 09:34:26,602 - INFO - [2017] MISSING_CENTRAL: SR3Mu/Central/MHc145_MA92/LR_totalBkg in Skim_TriLep_WWG.root
2026-01-12 13:43:02,555 - INFO - [2017] MISSING_FILE: /home/choij/Sync/workspace/ChargedHiggsAnalysisV3/SKNanoOutput/MatrixSelector/Run3Mu/2017/Skim_TriLep_DoubleMuon_B.root
2026-01-12 13:43:02,555 - INFO - [2017] MISSING_FILE: /home/choij/Sync/workspace/ChargedHiggsAnalysisV3/SKNanoOutput/MatrixSelector/Run3Mu/2017/Skim_TriLep_DoubleMuon_C.root
2026-01-12 13:43:02,555 - INFO - [2017] MISSING_FILE: /home/choij/Sync/workspace/ChargedHiggsAnalysisV3/SKNanoOutput/MatrixSelector/Run3Mu/2017/Skim_TriLep_DoubleMuon_D.root
2026-01-12 13:43:02,555 - INFO - [2017] MISSING_FILE: /home/choij/Sync/workspace/ChargedHiggsAnalysisV3/SKNanoOutput/MatrixSelector/Run3Mu/2017/Skim_TriLep_DoubleMuon_E.root
2026-01-12 13:43:02,556 - INFO - [2017] MISSING_FILE: /home/choij/Sync/workspace/ChargedHiggsAnalysisV3/SKNanoOutput/MatrixSelector/Run3Mu/2017/Skim_TriLep_DoubleMuon_F.root
2026-01-12 13:43:02,582 - INFO - [2017] MISSING_CENTRAL: SR3Mu/Central/MHc145_MA92/LR_totalBkg in Skim_TriLep_DYJets10to50.root
2026-01-12 13:43:02,590 - INFO - [2017] MISSING_CENTRAL: SR3Mu/Central/MHc145_MA92/LR_totalBkg in Skim_TriLep_WWG.root
2026-01-16 18:58:19,354 - INFO - [2017] MISSING_CENTRAL: SR3Mu/Central/MHc145_MA92/LR_totalBkg in Skim_TriLep_DYJets10to50.root
2026-01-16 18:58:19,362 - INFO - [2017] MISSING_CENTRAL: SR3Mu/Central/MHc145_MA92/LR_totalBkg in Skim_TriLep_WWG.root
