2025-12-18 14:18:11,638 - INFO - [2017] MISSING_CENTRAL: SR3Mu/Central/MHc130_MA90/LR_totalBkg in Skim_TriLep_DYJets10to50.root
2025-12-18 14:18:11,651 - INFO - [2017] MISSING_CENTRAL: SR3Mu/Central/MHc130_MA90/LR_totalBkg in Skim_TriLep_WWG.root
2025-12-18 14:33:40,032 - INFO - [2017] MISSING_CENTRAL: SR3Mu/Central/MHc130_MA90/LR_totalBkg in Skim_TriLep_DYJets10to50.root
2025-12-18 14:33:40,059 - INFO - [2017] MISSING_CENTRAL: SR3Mu/Central/MHc130_MA90/LR_totalBkg in Skim_TriLep_WWG.root
2026-01-07 11:43:48,631 - INFO - [2017] MISSING_CENTRAL: SR3Mu/Central/MHc130_MA90/LR_totalBkg in Skim_TriLep_DYJets10to50.root
2026-01-07 11:43:48,644 - INFO - [2017] MISSING_CENTRAL: SR3Mu/Central/MHc130_MA90/LR_totalBkg in Skim_TriLep_WWG.root
2026-01-07 18:40:42,960 - INFO - [2017] MISSING_CENTRAL: SR3Mu/Central/MHc130_MA90/LR_totalBkg in Skim_TriLep_DYJets10to50.root
2026-01-07 18:40:42,973 - INFO - [2017] MISSING_CENTRAL: SR3Mu/Central/MHc130_MA90/LR_totalBkg in Skim_TriLep_WWG.root
2026-01-07 19:28:05,768 - INFO - [2017] MISSING_CENTRAL: SR3Mu/Central/MHc130_MA90/LR_totalBkg in Skim_TriLep_DYJets10to50.root
2026-01-07 19:28:05,782 - INFO - [2017] MISSING_CENTRAL: SR3Mu/Central/MHc130_MA90/LR_totalBkg in Skim_TriLep_WWG.root
2026-01-09 12:14:20,265 - INFO - [2017] MISSING_CENTRAL: SR3Mu/Central/MHc130_MA90/LR_totalBkg in Skim_TriLep_DYJets10to50.root
2026-01-09 12:14:20,274 - INFO - [2017] MISSING_CENTRAL: SR3Mu/Central/MHc130_MA90/LR_totalBkg in Skim_TriLep_WWG.root
2026-01-11 09:34:24,088 - INFO - [2017] MISSING_CENTRAL: SR3Mu/Central/MHc130_MA90/LR_totalBkg in Skim_TriLep_DYJets10to50.root
2026-01-11 09:34:24,096 - INFO - [2017] MISSING_CENTRAL: SR3Mu/Central/MHc130_MA90/LR_totalBkg in Skim_TriLep_WWG.root
2026-01-12 13:42:59,889 - INFO - [2017] MISSING_FILE: /home/choij/Sync/workspace/ChargedHiggsAnalysisV3/SKNanoOutput/MatrixSelector/Run3Mu/2017/Skim_TriLep_DoubleMuon_B.root
2026-01-12 13:42:59,890 - INFO - [2017] MISSING_FILE: /home/choij/Sync/workspace/ChargedHiggsAnalysisV3/SKNanoOutput/MatrixSelector/Run3Mu/2017/Skim_TriLep_DoubleMuon_C.root
2026-01-12 13:42:59,890 - INFO - [2017] MISSING_FILE: /home/choij/Sync/workspace/ChargedHiggsAnalysisV3/SKNanoOutput/MatrixSelector/Run3Mu/2017/Skim_TriLep_DoubleMuon_D.root
2026-01-12 13:42:59,890 - INFO - [2017] MISSING_FILE: /home/choij/Sync/workspace/ChargedHiggsAnalysisV3/SKNanoOutput/MatrixSelector/Run3Mu/2017/Skim_TriLep_DoubleMuon_E.root
2026-01-12 13:42:59,890 - INFO - [2017] MISSING_FILE: /home/choij/Sync/workspace/ChargedHiggsAnalysisV3/SKNanoOutput/MatrixSelector/Run3Mu/2017/Skim_TriLep_DoubleMuon_F.root
2026-01-12 13:42:59,912 - INFO - [2017] MISSING_CENTRAL: SR3Mu/Central/MHc130_MA90/LR_totalBkg in Skim_TriLep_DYJets10to50.root
2026-01-12 13:42:59,920 - INFO - [2017] MISSING_CENTRAL: SR3Mu/Central/MHc130_MA90/LR_totalBkg in Skim_TriLep_WWG.root
2026-01-16 18:58:19,203 - INFO - [2017] MISSING_CENTRAL: SR3Mu/Central/MHc130_MA90/LR_totalBkg in Skim_TriLep_DYJets10to50.root
2026-01-16 18:58:19,211 - INFO - [2017] MISSING_CENTRAL: SR3Mu/Central/MHc130_MA90/LR_totalBkg in Skim_TriLep_WWG.root
