2025-09-24 15:47:10,214 - INFO - [2017] MISSING_CENTRAL: SR3Mu/Central/muons/1/eta in Skim_TriLep_DYJets10to50.root
2025-09-24 15:47:10,223 - INFO - [2017] MISSING_CENTRAL: SR3Mu/Central/muons/1/eta in Skim_TriLep_WWG.root
2025-10-02 21:12:37,043 - INFO - [2017] MISSING_CENTRAL: SR3Mu/Central/muons/1/eta in Skim_TriLep_DYJets10to50.root
2025-10-02 21:12:37,506 - INFO - [2017] MISSING_CENTRAL: SR3Mu/Central/muons/1/eta in Skim_TriLep_WWG.root
2025-10-02 23:59:58,410 - INFO - [2017] MISSING_CENTRAL: SR3Mu/Central/muons/1/eta in Skim_TriLep_DYJets10to50.root
2025-10-02 23:59:58,421 - INFO - [2017] MISSING_CENTRAL: SR3Mu/Central/muons/1/eta in Skim_TriLep_WWG.root
2025-11-05 21:33:38,584 - INFO - [2017] MISSING_CENTRAL: SR3Mu/Central/muons/1/eta in Skim_TriLep_DYJets10to50.root
2025-11-05 21:33:38,598 - INFO - [2017] MISSING_CENTRAL: SR3Mu/Central/muons/1/eta in Skim_TriLep_WWG.root
2025-11-05 21:38:41,379 - INFO - [2017] MISSING_CENTRAL: SR3Mu/Central/muons/1/eta in Skim_TriLep_DYJets10to50.root
2025-11-05 21:38:41,393 - INFO - [2017] MISSING_CENTRAL: SR3Mu/Central/muons/1/eta in Skim_TriLep_WWG.root
2025-11-05 22:01:36,988 - INFO - [2017] MISSING_CENTRAL: SR3Mu/Central/muons/1/eta in Skim_TriLep_DYJets10to50.root
2025-11-05 22:01:37,002 - INFO - [2017] MISSING_CENTRAL: SR3Mu/Central/muons/1/eta in Skim_TriLep_WWG.root
2025-11-05 22:17:24,585 - INFO - [2017] MISSING_CENTRAL: SR3Mu/Central/muons/1/eta in Skim_TriLep_DYJets10to50.root
2025-11-05 22:17:24,599 - INFO - [2017] MISSING_CENTRAL: SR3Mu/Central/muons/1/eta in Skim_TriLep_WWG.root
2025-11-05 23:21:56,862 - INFO - [2017] MISSING_CENTRAL: SR3Mu/Central/muons/1/eta in Skim_TriLep_DYJets10to50.root
2025-11-05 23:21:56,877 - INFO - [2017] MISSING_CENTRAL: SR3Mu/Central/muons/1/eta in Skim_TriLep_WWG.root
2025-11-07 12:25:10,672 - INFO - [2017] MISSING_CENTRAL: SR3Mu/Central/muons/1/eta in Skim_TriLep_DYJets10to50.root
2025-11-07 12:25:10,685 - INFO - [2017] MISSING_CENTRAL: SR3Mu/Central/muons/1/eta in Skim_TriLep_WWG.root
2025-11-07 13:05:30,369 - INFO - [2017] MISSING_CENTRAL: SR3Mu/Central/muons/1/eta in Skim_TriLep_DYJets10to50.root
2025-11-07 13:05:30,382 - INFO - [2017] MISSING_CENTRAL: SR3Mu/Central/muons/1/eta in Skim_TriLep_WWG.root
2025-11-07 13:30:18,526 - INFO - [2017] MISSING_CENTRAL: SR3Mu/Central/muons/1/eta in Skim_TriLep_DYJets10to50.root
2025-11-07 13:30:18,540 - INFO - [2017] MISSING_CENTRAL: SR3Mu/Central/muons/1/eta in Skim_TriLep_WWG.root
2025-11-07 14:03:03,637 - INFO - [2017] MISSING_CENTRAL: SR3Mu/Central/muons/1/eta in Skim_TriLep_DYJets10to50.root
2025-11-07 14:03:03,651 - INFO - [2017] MISSING_CENTRAL: SR3Mu/Central/muons/1/eta in Skim_TriLep_WWG.root
2025-11-10 05:53:37,918 - INFO - [2017] MISSING_CENTRAL: SR3Mu/Central/muons/1/eta in Skim_TriLep_DYJets10to50.root
2025-11-10 05:53:37,940 - INFO - [2017] MISSING_CENTRAL: SR3Mu/Central/muons/1/eta in Skim_TriLep_WWG.root
2025-11-10 12:18:05,875 - INFO - [2017] MISSING_CENTRAL: SR3Mu/Central/muons/1/eta in Skim_TriLep_DYJets10to50.root
2025-11-10 12:18:05,926 - INFO - [2017] MISSING_CENTRAL: SR3Mu/Central/muons/1/eta in Skim_TriLep_WWG.root
2025-11-13 11:07:14,836 - INFO - [2017] MISSING_CENTRAL: SR3Mu/Central/muons/1/eta in Skim_TriLep_DYJets10to50.root
2025-11-13 11:07:15,512 - INFO - [2017] MISSING_CENTRAL: SR3Mu/Central/muons/1/eta in Skim_TriLep_WWG.root
2025-11-13 19:54:12,527 - INFO - [2017] MISSING_CENTRAL: SR3Mu/Central/muons/1/eta in Skim_TriLep_DYJets10to50.root
2025-11-13 19:54:12,541 - INFO - [2017] MISSING_CENTRAL: SR3Mu/Central/muons/1/eta in Skim_TriLep_WWG.root
2025-11-13 20:01:06,938 - INFO - [2017] MISSING_CENTRAL: SR3Mu/Central/muons/1/eta in Skim_TriLep_DYJets10to50.root
2025-11-13 20:01:06,952 - INFO - [2017] MISSING_CENTRAL: SR3Mu/Central/muons/1/eta in Skim_TriLep_WWG.root
2025-11-19 16:20:25,792 - INFO - [2017] MISSING_CENTRAL: SR3Mu/Central/muons/1/eta in Skim_TriLep_DYJets10to50.root
2025-11-19 16:20:25,806 - INFO - [2017] MISSING_CENTRAL: SR3Mu/Central/muons/1/eta in Skim_TriLep_WWG.root
2025-12-17 22:34:33,681 - INFO - [2017] MISSING_CENTRAL: SR3Mu/Central/muons/1/eta in Skim_TriLep_DYJets10to50.root
2025-12-17 22:34:34,125 - INFO - [2017] MISSING_CENTRAL: SR3Mu/Central/muons/1/eta in Skim_TriLep_WWG.root
2025-12-18 14:17:59,397 - INFO - [2017] MISSING_CENTRAL: SR3Mu/Central/muons/1/eta in Skim_TriLep_DYJets10to50.root
2025-12-18 14:17:59,434 - INFO - [2017] MISSING_CENTRAL: SR3Mu/Central/muons/1/eta in Skim_TriLep_WWG.root
2025-12-18 14:33:27,110 - INFO - [2017] MISSING_CENTRAL: SR3Mu/Central/muons/1/eta in Skim_TriLep_DYJets10to50.root
2025-12-18 14:33:27,135 - INFO - [2017] MISSING_CENTRAL: SR3Mu/Central/muons/1/eta in Skim_TriLep_WWG.root
2026-01-07 11:43:32,882 - INFO - [2017] MISSING_CENTRAL: SR3Mu/Central/muons/1/eta in Skim_TriLep_DYJets10to50.root
2026-01-07 11:43:33,286 - INFO - [2017] MISSING_CENTRAL: SR3Mu/Central/muons/1/eta in Skim_TriLep_WWG.root
2026-01-07 18:40:31,984 - INFO - [2017] MISSING_CENTRAL: SR3Mu/Central/muons/1/eta in Skim_TriLep_DYJets10to50.root
2026-01-07 18:40:31,996 - INFO - [2017] MISSING_CENTRAL: SR3Mu/Central/muons/1/eta in Skim_TriLep_WWG.root
2026-01-07 19:27:54,486 - INFO - [2017] MISSING_CENTRAL: SR3Mu/Central/muons/1/eta in Skim_TriLep_DYJets10to50.root
2026-01-07 19:27:54,501 - INFO - [2017] MISSING_CENTRAL: SR3Mu/Central/muons/1/eta in Skim_TriLep_WWG.root
2026-01-09 12:14:06,956 - INFO - [2017] MISSING_CENTRAL: SR3Mu/Central/muons/1/eta in Skim_TriLep_DYJets10to50.root
2026-01-09 12:14:06,962 - INFO - [2017] MISSING_CENTRAL: SR3Mu/Central/muons/1/eta in Skim_TriLep_WWG.root
2026-01-11 09:34:10,777 - INFO - [2017] MISSING_CENTRAL: SR3Mu/Central/muons/1/eta in Skim_TriLep_DYJets10to50.root
2026-01-11 09:34:10,784 - INFO - [2017] MISSING_CENTRAL: SR3Mu/Central/muons/1/eta in Skim_TriLep_WWG.root
2026-01-12 13:42:46,457 - INFO - [2017] MISSING_FILE: /home/choij/Sync/workspace/ChargedHiggsAnalysisV3/SKNanoOutput/MatrixSelector/Run3Mu/2017/Skim_TriLep_DoubleMuon_B.root
2026-01-12 13:42:46,458 - INFO - [2017] MISSING_FILE: /home/choij/Sync/workspace/ChargedHiggsAnalysisV3/SKNanoOutput/MatrixSelector/Run3Mu/2017/Skim_TriLep_DoubleMuon_C.root
2026-01-12 13:42:46,458 - INFO - [2017] MISSING_FILE: /home/choij/Sync/workspace/ChargedHiggsAnalysisV3/SKNanoOutput/MatrixSelector/Run3Mu/2017/Skim_TriLep_DoubleMuon_D.root
2026-01-12 13:42:46,458 - INFO - [2017] MISSING_FILE: /home/choij/Sync/workspace/ChargedHiggsAnalysisV3/SKNanoOutput/MatrixSelector/Run3Mu/2017/Skim_TriLep_DoubleMuon_E.root
2026-01-12 13:42:46,458 - INFO - [2017] MISSING_FILE: /home/choij/Sync/workspace/ChargedHiggsAnalysisV3/SKNanoOutput/MatrixSelector/Run3Mu/2017/Skim_TriLep_DoubleMuon_F.root
2026-01-12 13:42:46,480 - INFO - [2017] MISSING_CENTRAL: SR3Mu/Central/muons/1/eta in Skim_TriLep_DYJets10to50.root
2026-01-12 13:42:46,487 - INFO - [2017] MISSING_CENTRAL: SR3Mu/Central/muons/1/eta in Skim_TriLep_WWG.root
