2025-11-13 19:54:22,469 - INFO - [2017] MISSING_CENTRAL: SR3Mu/Central/pair_highM/mass in Skim_TriLep_DYJets10to50.root
2025-11-13 19:54:22,486 - INFO - [2017] MISSING_CENTRAL: SR3Mu/Central/pair_highM/mass in Skim_TriLep_WWG.root
2025-11-13 20:01:17,041 - INFO - [2017] MISSING_CENTRAL: SR3Mu/Central/pair_highM/mass in Skim_TriLep_DYJets10to50.root
2025-11-13 20:01:17,058 - INFO - [2017] MISSING_CENTRAL: SR3Mu/Central/pair_highM/mass in Skim_TriLep_WWG.root
2025-11-19 16:20:35,903 - INFO - [2017] MISSING_CENTRAL: SR3Mu/Central/pair_highM/mass in Skim_TriLep_DYJets10to50.root
2025-11-19 16:20:35,921 - INFO - [2017] MISSING_CENTRAL: SR3Mu/Central/pair_highM/mass in Skim_TriLep_WWG.root
2025-12-17 22:34:45,705 - INFO - [2017] MISSING_CENTRAL: SR3Mu/Central/pair_highM/mass in Skim_TriLep_DYJets10to50.root
2025-12-17 22:34:45,720 - INFO - [2017] MISSING_CENTRAL: SR3Mu/Central/pair_highM/mass in Skim_TriLep_WWG.root
2025-12-18 14:18:06,948 - INFO - [2017] MISSING_CENTRAL: SR3Mu/Central/pair_highM/mass in Skim_TriLep_DYJets10to50.root
2025-12-18 14:18:06,973 - INFO - [2017] MISSING_CENTRAL: SR3Mu/Central/pair_highM/mass in Skim_TriLep_WWG.root
2025-12-18 14:33:35,143 - INFO - [2017] MISSING_CENTRAL: SR3Mu/Central/pair_highM/mass in Skim_TriLep_DYJets10to50.root
2025-12-18 14:33:35,176 - INFO - [2017] MISSING_CENTRAL: SR3Mu/Central/pair_highM/mass in Skim_TriLep_WWG.root
2026-01-07 11:43:42,748 - INFO - [2017] MISSING_CENTRAL: SR3Mu/Central/pair_highM/mass in Skim_TriLep_DYJets10to50.root
2026-01-07 11:43:42,762 - INFO - [2017] MISSING_CENTRAL: SR3Mu/Central/pair_highM/mass in Skim_TriLep_WWG.root
2026-01-07 18:40:37,817 - INFO - [2017] MISSING_CENTRAL: SR3Mu/Central/pair_highM/mass in Skim_TriLep_DYJets10to50.root
2026-01-07 18:40:37,832 - INFO - [2017] MISSING_CENTRAL: SR3Mu/Central/pair_highM/mass in Skim_TriLep_WWG.root
2026-01-07 19:28:00,411 - INFO - [2017] MISSING_CENTRAL: SR3Mu/Central/pair_highM/mass in Skim_TriLep_DYJets10to50.root
2026-01-07 19:28:00,427 - INFO - [2017] MISSING_CENTRAL: SR3Mu/Central/pair_highM/mass in Skim_TriLep_WWG.root
2026-01-09 12:14:16,685 - INFO - [2017] MISSING_CENTRAL: SR3Mu/Central/pair_highM/mass in Skim_TriLep_DYJets10to50.root
2026-01-09 12:14:16,696 - INFO - [2017] MISSING_CENTRAL: SR3Mu/Central/pair_highM/mass in Skim_TriLep_WWG.root
2026-01-11 09:34:20,704 - INFO - [2017] MISSING_CENTRAL: SR3Mu/Central/pair_highM/mass in Skim_TriLep_DYJets10to50.root
2026-01-11 09:34:20,714 - INFO - [2017] MISSING_CENTRAL: SR3Mu/Central/pair_highM/mass in Skim_TriLep_WWG.root
2026-01-12 13:42:56,442 - INFO - [2017] MISSING_FILE: /home/choij/Sync/workspace/ChargedHiggsAnalysisV3/SKNanoOutput/MatrixSelector/Run3Mu/2017/Skim_TriLep_DoubleMuon_B.root
2026-01-12 13:42:56,443 - INFO - [2017] MISSING_FILE: /home/choij/Sync/workspace/ChargedHiggsAnalysisV3/SKNanoOutput/MatrixSelector/Run3Mu/2017/Skim_TriLep_DoubleMuon_C.root
2026-01-12 13:42:56,443 - INFO - [2017] MISSING_FILE: /home/choij/Sync/workspace/ChargedHiggsAnalysisV3/SKNanoOutput/MatrixSelector/Run3Mu/2017/Skim_TriLep_DoubleMuon_D.root
2026-01-12 13:42:56,443 - INFO - [2017] MISSING_FILE: /home/choij/Sync/workspace/ChargedHiggsAnalysisV3/SKNanoOutput/MatrixSelector/Run3Mu/2017/Skim_TriLep_DoubleMuon_E.root
2026-01-12 13:42:56,443 - INFO - [2017] MISSING_FILE: /home/choij/Sync/workspace/ChargedHiggsAnalysisV3/SKNanoOutput/MatrixSelector/Run3Mu/2017/Skim_TriLep_DoubleMuon_F.root
2026-01-12 13:42:56,470 - INFO - [2017] MISSING_CENTRAL: SR3Mu/Central/pair_highM/mass in Skim_TriLep_DYJets10to50.root
2026-01-12 13:42:56,480 - INFO - [2017] MISSING_CENTRAL: SR3Mu/Central/pair_highM/mass in Skim_TriLep_WWG.root
2026-01-16 18:58:16,378 - INFO - [2017] MISSING_CENTRAL: SR3Mu/Central/pair_highM/mass in Skim_TriLep_DYJets10to50.root
2026-01-16 18:58:16,395 - INFO - [2017] MISSING_CENTRAL: SR3Mu/Central/pair_highM/mass in Skim_TriLep_WWG.root
2026-01-28 16:07:13,034 - INFO - [2017] MISSING_CENTRAL: SR3Mu/Central/pair_highM/mass in Skim_TriLep_DYJets10to50.root
2026-01-28 16:07:13,043 - INFO - [2017] MISSING_CENTRAL: SR3Mu/Central/pair_highM/mass in Skim_TriLep_WWG.root
