2025-09-24 15:47:36,199 - INFO - [2017] MISSING_CENTRAL: SR3Mu/Central/stack/mass in Skim_TriLep_DYJets10to50.root
2025-09-24 15:47:36,262 - INFO - [2017] MISSING_CENTRAL: SR3Mu/Central/stack/mass in Skim_TriLep_WWG.root
2025-10-02 21:12:48,275 - INFO - [2017] MISSING_CENTRAL: SR3Mu/Central/stack/mass in Skim_TriLep_DYJets10to50.root
2025-10-02 21:12:48,307 - INFO - [2017] MISSING_CENTRAL: SR3Mu/Central/stack/mass in Skim_TriLep_WWG.root
2025-10-03 00:00:23,285 - INFO - [2017] MISSING_CENTRAL: SR3Mu/Central/stack/mass in Skim_TriLep_DYJets10to50.root
2025-10-03 00:00:23,317 - INFO - [2017] MISSING_CENTRAL: SR3Mu/Central/stack/mass in Skim_TriLep_WWG.root
2025-11-05 21:33:48,463 - INFO - [2017] MISSING_CENTRAL: SR3Mu/Central/stack/mass in Skim_TriLep_DYJets10to50.root
2025-11-05 21:33:48,481 - INFO - [2017] MISSING_CENTRAL: SR3Mu/Central/stack/mass in Skim_TriLep_WWG.root
2025-11-05 21:38:51,796 - INFO - [2017] MISSING_CENTRAL: SR3Mu/Central/stack/mass in Skim_TriLep_DYJets10to50.root
2025-11-05 21:38:51,814 - INFO - [2017] MISSING_CENTRAL: SR3Mu/Central/stack/mass in Skim_TriLep_WWG.root
2025-11-05 22:01:47,388 - INFO - [2017] MISSING_CENTRAL: SR3Mu/Central/stack/mass in Skim_TriLep_DYJets10to50.root
2025-11-05 22:01:47,427 - INFO - [2017] MISSING_CENTRAL: SR3Mu/Central/stack/mass in Skim_TriLep_WWG.root
2025-11-05 22:17:34,604 - INFO - [2017] MISSING_CENTRAL: SR3Mu/Central/stack/mass in Skim_TriLep_DYJets10to50.root
2025-11-05 22:17:34,623 - INFO - [2017] MISSING_CENTRAL: SR3Mu/Central/stack/mass in Skim_TriLep_WWG.root
2025-11-05 23:22:06,715 - INFO - [2017] MISSING_CENTRAL: SR3Mu/Central/stack/mass in Skim_TriLep_DYJets10to50.root
2025-11-05 23:22:06,734 - INFO - [2017] MISSING_CENTRAL: SR3Mu/Central/stack/mass in Skim_TriLep_WWG.root
2025-11-07 12:25:20,338 - INFO - [2017] MISSING_CENTRAL: SR3Mu/Central/stack/mass in Skim_TriLep_DYJets10to50.root
2025-11-07 12:25:20,362 - INFO - [2017] MISSING_CENTRAL: SR3Mu/Central/stack/mass in Skim_TriLep_WWG.root
2025-11-07 13:05:40,052 - INFO - [2017] MISSING_CENTRAL: SR3Mu/Central/stack/mass in Skim_TriLep_DYJets10to50.root
2025-11-07 13:05:40,069 - INFO - [2017] MISSING_CENTRAL: SR3Mu/Central/stack/mass in Skim_TriLep_WWG.root
2025-11-07 13:30:28,445 - INFO - [2017] MISSING_CENTRAL: SR3Mu/Central/stack/mass in Skim_TriLep_DYJets10to50.root
2025-11-07 13:30:28,463 - INFO - [2017] MISSING_CENTRAL: SR3Mu/Central/stack/mass in Skim_TriLep_WWG.root
2025-11-07 14:03:13,566 - INFO - [2017] MISSING_CENTRAL: SR3Mu/Central/stack/mass in Skim_TriLep_DYJets10to50.root
2025-11-07 14:03:13,585 - INFO - [2017] MISSING_CENTRAL: SR3Mu/Central/stack/mass in Skim_TriLep_WWG.root
2025-11-10 05:53:50,513 - INFO - [2017] MISSING_CENTRAL: SR3Mu/Central/stack/mass in Skim_TriLep_DYJets10to50.root
2025-11-10 05:53:50,531 - INFO - [2017] MISSING_CENTRAL: SR3Mu/Central/stack/mass in Skim_TriLep_WWG.root
2025-11-10 12:18:15,639 - INFO - [2017] MISSING_CENTRAL: SR3Mu/Central/stack/mass in Skim_TriLep_DYJets10to50.root
2025-11-10 12:18:15,658 - INFO - [2017] MISSING_CENTRAL: SR3Mu/Central/stack/mass in Skim_TriLep_WWG.root
2025-11-13 11:07:25,200 - INFO - [2017] MISSING_CENTRAL: SR3Mu/Central/stack/mass in Skim_TriLep_DoubleMuon_B.root
2025-11-13 11:07:25,201 - INFO - [2017] MISSING_CENTRAL: SR3Mu/Central/stack/mass in Skim_TriLep_DoubleMuon_C.root
2025-11-13 11:07:25,202 - INFO - [2017] MISSING_CENTRAL: SR3Mu/Central/stack/mass in Skim_TriLep_DoubleMuon_D.root
2025-11-13 11:07:25,203 - INFO - [2017] MISSING_CENTRAL: SR3Mu/Central/stack/mass in Skim_TriLep_DoubleMuon_E.root
2025-11-13 11:07:25,204 - INFO - [2017] MISSING_CENTRAL: SR3Mu/Central/stack/mass in Skim_TriLep_DoubleMuon_F.root
