2025-09-24 15:48:58,222 - INFO - [2018] MISSING_CENTRAL: ZG3Mu/Central/convLep/eta in Skim_TriLep_DYJets10to50.root
2025-09-24 15:48:58,227 - INFO - [2018] MISSING_SYSTEMATIC: ZG3Mu/JetEn_Up/convLep/eta in Skim_TriLep_TTG.root
2025-09-24 15:48:58,229 - INFO - [2018] MISSING_CENTRAL: ZG3Mu/Central/convLep/eta in Skim_TriLep_WWG.root
2025-09-24 15:48:58,241 - INFO - [2018] MISSING_FILE: /Users/choij/Sync/workspace/ChargedHiggsAnalysisV3/SKNanoOutput/CRPromptSelector/Run3Mu_RunSyst/2018/Skim_TriLep_WZTo3LNu_amcatnlo.root
2025-09-24 15:49:08,371 - INFO - [2018] MISSING_CENTRAL: ZG3Mu/Central/convLep/eta in Skim_TriLep_DYJets10to50.root
2025-09-24 15:49:08,372 - INFO - [2018] MISSING_CENTRAL: ZG3Mu/Central/convLep/eta in Skim_TriLep_WWG.root
2025-09-24 15:49:08,374 - INFO - [2018] MISSING_FILE: /Users/choij/Sync/workspace/ChargedHiggsAnalysisV3/SKNanoOutput/CRPromptSelector/Run3Mu_RunSyst/2018/Skim_TriLep_WZTo3LNu_amcatnlo.root
2025-10-02 21:13:37,152 - INFO - [2018] MISSING_CENTRAL: ZG3Mu/Central/convLep/eta in Skim_TriLep_DYJets10to50.root
2025-10-02 21:13:37,286 - INFO - [2018] MISSING_SYSTEMATIC: ZG3Mu/JetEn_Up/convLep/eta in Skim_TriLep_TTG.root
2025-10-02 21:13:37,314 - INFO - [2018] MISSING_CENTRAL: ZG3Mu/Central/convLep/eta in Skim_TriLep_WWG.root
2025-10-02 21:13:37,616 - INFO - [2018] MISSING_FILE: /data9/Users/choij/Sync/workspace/ChargedHiggsAnalysisV3/SKNanoOutput/CRPromptSelector/Run3Mu_RunSyst/2018/Skim_TriLep_WZTo3LNu_amcatnlo.root
2025-10-02 21:13:43,915 - INFO - [2018] MISSING_CENTRAL: ZG3Mu/Central/convLep/eta in Skim_TriLep_DYJets10to50.root
2025-10-02 21:13:43,919 - INFO - [2018] MISSING_CENTRAL: ZG3Mu/Central/convLep/eta in Skim_TriLep_WWG.root
2025-10-02 21:13:43,922 - INFO - [2018] MISSING_FILE: /data9/Users/choij/Sync/workspace/ChargedHiggsAnalysisV3/SKNanoOutput/CRPromptSelector/Run3Mu_RunSyst/2018/Skim_TriLep_WZTo3LNu_amcatnlo.root
2025-10-03 00:01:42,585 - INFO - [2018] MISSING_CENTRAL: ZG3Mu/Central/convLep/eta in Skim_TriLep_DYJets10to50.root
2025-10-03 00:01:42,591 - INFO - [2018] MISSING_SYSTEMATIC: ZG3Mu/JetEn_Up/convLep/eta in Skim_TriLep_TTG.root
2025-10-03 00:01:42,593 - INFO - [2018] MISSING_CENTRAL: ZG3Mu/Central/convLep/eta in Skim_TriLep_WWG.root
2025-10-03 00:01:42,616 - INFO - [2018] MISSING_FILE: /Users/choij/Sync/workspace/ChargedHiggsAnalysisV3/SKNanoOutput/CRPromptSelector/Run3Mu_RunSyst/2018/Skim_TriLep_WZTo3LNu_amcatnlo.root
2025-10-03 00:01:51,017 - INFO - [2018] MISSING_CENTRAL: ZG3Mu/Central/convLep/eta in Skim_TriLep_DYJets10to50.root
2025-10-03 00:01:51,017 - INFO - [2018] MISSING_CENTRAL: ZG3Mu/Central/convLep/eta in Skim_TriLep_WWG.root
2025-10-03 00:01:51,018 - INFO - [2018] MISSING_FILE: /Users/choij/Sync/workspace/ChargedHiggsAnalysisV3/SKNanoOutput/CRPromptSelector/Run3Mu_RunSyst/2018/Skim_TriLep_WZTo3LNu_amcatnlo.root
