2025-09-24 15:48:51,706 - INFO - [2018] MISSING_CENTRAL: ZG3Mu/Central/jets/size in Skim_TriLep_DYJets10to50.root
2025-09-24 15:48:51,712 - INFO - [2018] MISSING_SYSTEMATIC: ZG3Mu/JetEn_Up/jets/size in Skim_TriLep_TTG.root
2025-09-24 15:48:51,714 - INFO - [2018] MISSING_CENTRAL: ZG3Mu/Central/jets/size in Skim_TriLep_WWG.root
2025-09-24 15:48:51,726 - INFO - [2018] MISSING_FILE: /Users/choij/Sync/workspace/ChargedHiggsAnalysisV3/SKNanoOutput/CRPromptSelector/Run3Mu_RunSyst/2018/Skim_TriLep_WZTo3LNu_amcatnlo.root
2025-09-24 15:49:01,345 - INFO - [2018] MISSING_CENTRAL: ZG3Mu/Central/jets/size in Skim_TriLep_DYJets10to50.root
2025-09-24 15:49:01,346 - INFO - [2018] MISSING_CENTRAL: ZG3Mu/Central/jets/size in Skim_TriLep_WWG.root
2025-09-24 15:49:01,354 - INFO - [2018] MISSING_FILE: /Users/choij/Sync/workspace/ChargedHiggsAnalysisV3/SKNanoOutput/CRPromptSelector/Run3Mu_RunSyst/2018/Skim_TriLep_WZTo3LNu_amcatnlo.root
2025-10-02 21:13:37,195 - INFO - [2018] MISSING_CENTRAL: ZG3Mu/Central/jets/size in Skim_TriLep_DYJets10to50.root
2025-10-02 21:13:37,286 - INFO - [2018] MISSING_SYSTEMATIC: ZG3Mu/JetEn_Up/jets/size in Skim_TriLep_TTG.root
2025-10-02 21:13:37,312 - INFO - [2018] MISSING_CENTRAL: ZG3Mu/Central/jets/size in Skim_TriLep_WWG.root
2025-10-02 21:13:37,615 - INFO - [2018] MISSING_FILE: /data9/Users/choij/Sync/workspace/ChargedHiggsAnalysisV3/SKNanoOutput/CRPromptSelector/Run3Mu_RunSyst/2018/Skim_TriLep_WZTo3LNu_amcatnlo.root
2025-10-02 21:13:43,769 - INFO - [2018] MISSING_CENTRAL: ZG3Mu/Central/jets/size in Skim_TriLep_DYJets10to50.root
2025-10-02 21:13:43,772 - INFO - [2018] MISSING_CENTRAL: ZG3Mu/Central/jets/size in Skim_TriLep_WWG.root
2025-10-02 21:13:43,775 - INFO - [2018] MISSING_FILE: /data9/Users/choij/Sync/workspace/ChargedHiggsAnalysisV3/SKNanoOutput/CRPromptSelector/Run3Mu_RunSyst/2018/Skim_TriLep_WZTo3LNu_amcatnlo.root
2025-10-03 00:01:35,754 - INFO - [2018] MISSING_CENTRAL: ZG3Mu/Central/jets/size in Skim_TriLep_DYJets10to50.root
2025-10-03 00:01:35,760 - INFO - [2018] MISSING_SYSTEMATIC: ZG3Mu/JetEn_Up/jets/size in Skim_TriLep_TTG.root
2025-10-03 00:01:35,761 - INFO - [2018] MISSING_CENTRAL: ZG3Mu/Central/jets/size in Skim_TriLep_WWG.root
2025-10-03 00:01:35,772 - INFO - [2018] MISSING_FILE: /Users/choij/Sync/workspace/ChargedHiggsAnalysisV3/SKNanoOutput/CRPromptSelector/Run3Mu_RunSyst/2018/Skim_TriLep_WZTo3LNu_amcatnlo.root
2025-10-03 00:01:45,036 - INFO - [2018] MISSING_CENTRAL: ZG3Mu/Central/jets/size in Skim_TriLep_DYJets10to50.root
2025-10-03 00:01:45,037 - INFO - [2018] MISSING_CENTRAL: ZG3Mu/Central/jets/size in Skim_TriLep_WWG.root
2025-10-03 00:01:45,038 - INFO - [2018] MISSING_FILE: /Users/choij/Sync/workspace/ChargedHiggsAnalysisV3/SKNanoOutput/CRPromptSelector/Run3Mu_RunSyst/2018/Skim_TriLep_WZTo3LNu_amcatnlo.root
2025-11-07 14:03:58,819 - INFO - [2018] MISSING_CENTRAL: ZG3Mu/Central/jets/size in Skim_TriLep_DYJets10to50.root
2025-11-07 14:03:58,824 - INFO - [2018] MISSING_SYSTEMATIC: ZG3Mu/JetEn_Up/jets/size in Skim_TriLep_TTG.root
2025-11-07 14:03:58,827 - INFO - [2018] MISSING_CENTRAL: ZG3Mu/Central/jets/size in Skim_TriLep_WWG.root
2025-11-07 14:03:58,840 - INFO - [2018] MISSING_FILE: /home/choij/Sync/workspace/ChargedHiggsAnalysisV3/SKNanoOutput/CRPromptSelector/Run3Mu_RunSyst/2018/Skim_TriLep_WZTo3LNu_amcatnlo.root
2025-11-07 14:04:03,965 - INFO - [2018] MISSING_CENTRAL: ZG3Mu/Central/jets/size in Skim_TriLep_DYJets10to50.root
2025-11-07 14:04:03,966 - INFO - [2018] MISSING_CENTRAL: ZG3Mu/Central/jets/size in Skim_TriLep_WWG.root
2025-11-07 14:04:03,968 - INFO - [2018] MISSING_FILE: /home/choij/Sync/workspace/ChargedHiggsAnalysisV3/SKNanoOutput/CRPromptSelector/Run3Mu_RunSyst/2018/Skim_TriLep_WZTo3LNu_amcatnlo.root
2025-11-10 05:54:47,736 - INFO - [2018] MISSING_CENTRAL: ZG3Mu/Central/jets/size in Skim_TriLep_DYJets10to50.root
2025-11-10 05:54:47,743 - INFO - [2018] MISSING_SYSTEMATIC: ZG3Mu/JetEn_Up/jets/size in Skim_TriLep_TTG.root
2025-11-10 05:54:47,745 - INFO - [2018] MISSING_CENTRAL: ZG3Mu/Central/jets/size in Skim_TriLep_WWG.root
2025-11-10 05:54:47,757 - INFO - [2018] MISSING_FILE: /home/choij/Sync/workspace/ChargedHiggsAnalysisV3/SKNanoOutput/CRPromptSelector/Run3Mu_RunSyst/2018/Skim_TriLep_WZTo3LNu_amcatnlo.root
2025-11-10 05:54:54,554 - INFO - [2018] MISSING_CENTRAL: ZG3Mu/Central/jets/size in Skim_TriLep_DYJets10to50.root
2025-11-10 05:54:54,555 - INFO - [2018] MISSING_CENTRAL: ZG3Mu/Central/jets/size in Skim_TriLep_WWG.root
2025-11-10 05:54:54,557 - INFO - [2018] MISSING_FILE: /home/choij/Sync/workspace/ChargedHiggsAnalysisV3/SKNanoOutput/CRPromptSelector/Run3Mu_RunSyst/2018/Skim_TriLep_WZTo3LNu_amcatnlo.root
2025-11-10 12:19:02,195 - INFO - [2018] MISSING_CENTRAL: ZG3Mu/Central/jets/size in Skim_TriLep_DYJets10to50.root
2025-11-10 12:19:02,201 - INFO - [2018] MISSING_SYSTEMATIC: ZG3Mu/JetEn_Up/jets/size in Skim_TriLep_TTG.root
2025-11-10 12:19:02,203 - INFO - [2018] MISSING_CENTRAL: ZG3Mu/Central/jets/size in Skim_TriLep_WWG.root
2025-11-10 12:19:02,268 - INFO - [2018] MISSING_FILE: /home/choij/Sync/workspace/ChargedHiggsAnalysisV3/SKNanoOutput/CRPromptSelector/Run3Mu_RunSyst/2018/Skim_TriLep_WZTo3LNu_amcatnlo.root
2025-11-10 12:19:07,418 - INFO - [2018] MISSING_CENTRAL: ZG3Mu/Central/jets/size in Skim_TriLep_DYJets10to50.root
2025-11-10 12:19:07,420 - INFO - [2018] MISSING_CENTRAL: ZG3Mu/Central/jets/size in Skim_TriLep_WWG.root
2025-11-10 12:19:07,421 - INFO - [2018] MISSING_FILE: /home/choij/Sync/workspace/ChargedHiggsAnalysisV3/SKNanoOutput/CRPromptSelector/Run3Mu_RunSyst/2018/Skim_TriLep_WZTo3LNu_amcatnlo.root
