2025-09-24 15:48:51,637 - INFO - [2018] MISSING_CENTRAL: ZG3Mu/Central/muons/3/pt in Skim_TriLep_DYJets10to50.root
2025-09-24 15:48:51,650 - INFO - [2018] MISSING_SYSTEMATIC: ZG3Mu/JetEn_Up/muons/3/pt in Skim_TriLep_TTG.root
2025-09-24 15:48:51,703 - INFO - [2018] MISSING_CENTRAL: ZG3Mu/Central/muons/3/pt in Skim_TriLep_WWG.root
2025-09-24 15:48:51,731 - INFO - [2018] MISSING_FILE: /Users/choij/Sync/workspace/ChargedHiggsAnalysisV3/SKNanoOutput/CRPromptSelector/Run3Mu_RunSyst/2018/Skim_TriLep_WZTo3LNu_amcatnlo.root
2025-09-24 15:49:01,239 - INFO - [2018] MISSING_CENTRAL: ZG3Mu/Central/muons/3/pt in Skim_TriLep_DYJets10to50.root
2025-09-24 15:49:01,240 - INFO - [2018] MISSING_CENTRAL: ZG3Mu/Central/muons/3/pt in Skim_TriLep_WWG.root
2025-09-24 15:49:01,241 - INFO - [2018] MISSING_FILE: /Users/choij/Sync/workspace/ChargedHiggsAnalysisV3/SKNanoOutput/CRPromptSelector/Run3Mu_RunSyst/2018/Skim_TriLep_WZTo3LNu_amcatnlo.root
2025-10-02 21:13:37,131 - INFO - [2018] MISSING_CENTRAL: ZG3Mu/Central/muons/3/pt in Skim_TriLep_DYJets10to50.root
2025-10-02 21:13:37,286 - INFO - [2018] MISSING_SYSTEMATIC: ZG3Mu/JetEn_Up/muons/3/pt in Skim_TriLep_TTG.root
2025-10-02 21:13:37,320 - INFO - [2018] MISSING_CENTRAL: ZG3Mu/Central/muons/3/pt in Skim_TriLep_WWG.root
2025-10-02 21:13:37,625 - INFO - [2018] MISSING_FILE: /data9/Users/choij/Sync/workspace/ChargedHiggsAnalysisV3/SKNanoOutput/CRPromptSelector/Run3Mu_RunSyst/2018/Skim_TriLep_WZTo3LNu_amcatnlo.root
2025-10-02 21:13:43,614 - INFO - [2018] MISSING_CENTRAL: ZG3Mu/Central/muons/3/pt in Skim_TriLep_DYJets10to50.root
2025-10-02 21:13:43,617 - INFO - [2018] MISSING_CENTRAL: ZG3Mu/Central/muons/3/pt in Skim_TriLep_WWG.root
2025-10-02 21:13:43,621 - INFO - [2018] MISSING_FILE: /data9/Users/choij/Sync/workspace/ChargedHiggsAnalysisV3/SKNanoOutput/CRPromptSelector/Run3Mu_RunSyst/2018/Skim_TriLep_WZTo3LNu_amcatnlo.root
2025-10-03 00:01:35,830 - INFO - [2018] MISSING_CENTRAL: ZG3Mu/Central/muons/3/pt in Skim_TriLep_DYJets10to50.root
2025-10-03 00:01:35,868 - INFO - [2018] MISSING_SYSTEMATIC: ZG3Mu/JetEn_Up/muons/3/pt in Skim_TriLep_TTG.root
2025-10-03 00:01:35,881 - INFO - [2018] MISSING_CENTRAL: ZG3Mu/Central/muons/3/pt in Skim_TriLep_WWG.root
2025-10-03 00:01:35,912 - INFO - [2018] MISSING_FILE: /Users/choij/Sync/workspace/ChargedHiggsAnalysisV3/SKNanoOutput/CRPromptSelector/Run3Mu_RunSyst/2018/Skim_TriLep_WZTo3LNu_amcatnlo.root
2025-10-03 00:01:45,118 - INFO - [2018] MISSING_CENTRAL: ZG3Mu/Central/muons/3/pt in Skim_TriLep_DYJets10to50.root
2025-10-03 00:01:45,119 - INFO - [2018] MISSING_CENTRAL: ZG3Mu/Central/muons/3/pt in Skim_TriLep_WWG.root
2025-10-03 00:01:45,122 - INFO - [2018] MISSING_FILE: /Users/choij/Sync/workspace/ChargedHiggsAnalysisV3/SKNanoOutput/CRPromptSelector/Run3Mu_RunSyst/2018/Skim_TriLep_WZTo3LNu_amcatnlo.root
