2025-12-18 14:27:17,617 - INFO - [2022EE] MISSING_CENTRAL: TTZ2E1Mu/Central/jets/4/phi in Skim_TriLep_MuonEG_G.root
2025-12-18 14:27:17,618 - INFO - [2022EE] MISSING_CENTRAL: TTZ2E1Mu/Central/jets/4/phi in Skim_TriLep_DYJets.root
2025-12-18 14:27:17,619 - INFO - [2022EE] MISSING_CENTRAL: TTZ2E1Mu/Central/jets/4/phi in Skim_TriLep_DYJets10to50.root
2025-12-18 14:27:17,647 - INFO - [2022EE] MISSING_CENTRAL: TTZ2E1Mu/Central/jets/4/phi in Skim_TriLep_TTG_PTG100to200.root
2025-12-18 14:27:17,651 - INFO - [2022EE] MISSING_CENTRAL: TTZ2E1Mu/Central/jets/4/phi in Skim_TriLep_TTG_PTG200toInf.root
2025-12-18 14:27:17,926 - INFO - [2022EE] MISSING_CENTRAL: TTZ2E1Mu/Central/jets/4/phi in Skim_TriLep_WWW.root
2025-12-18 14:27:17,997 - INFO - [2022EE] MISSING_CENTRAL: TTZ2E1Mu/Central/jets/4/phi in Skim_TriLep_VBFHToZZTo4L.root
2025-12-18 14:27:17,998 - INFO - [2022EE] MISSING_CENTRAL: TTZ2E1Mu/Central/jets/4/phi in Skim_TriLep_ggHToZZTo4L.root
2025-12-18 14:42:35,274 - INFO - [2022EE] MISSING_CENTRAL: TTZ2E1Mu/Central/jets/4/phi in Skim_TriLep_MuonEG_G.root
2025-12-18 14:42:35,286 - INFO - [2022EE] MISSING_CENTRAL: TTZ2E1Mu/Central/jets/4/phi in Skim_TriLep_DYJets.root
2025-12-18 14:42:35,287 - INFO - [2022EE] MISSING_CENTRAL: TTZ2E1Mu/Central/jets/4/phi in Skim_TriLep_DYJets10to50.root
2025-12-18 14:42:35,338 - INFO - [2022EE] MISSING_CENTRAL: TTZ2E1Mu/Central/jets/4/phi in Skim_TriLep_TTG_PTG100to200.root
2025-12-18 14:42:35,340 - INFO - [2022EE] MISSING_CENTRAL: TTZ2E1Mu/Central/jets/4/phi in Skim_TriLep_TTG_PTG200toInf.root
2025-12-18 14:42:35,645 - INFO - [2022EE] MISSING_CENTRAL: TTZ2E1Mu/Central/jets/4/phi in Skim_TriLep_WWW.root
2025-12-18 14:42:35,717 - INFO - [2022EE] MISSING_CENTRAL: TTZ2E1Mu/Central/jets/4/phi in Skim_TriLep_VBFHToZZTo4L.root
2025-12-18 14:42:35,719 - INFO - [2022EE] MISSING_CENTRAL: TTZ2E1Mu/Central/jets/4/phi in Skim_TriLep_ggHToZZTo4L.root
2025-12-18 21:35:06,073 - INFO - [2022EE] MISSING_CENTRAL: TTZ2E1Mu/Central/jets/4/phi in Skim_TriLep_MuonEG_G.root
2025-12-18 21:35:06,077 - INFO - [2022EE] MISSING_CENTRAL: TTZ2E1Mu/Central/jets/4/phi in Skim_TriLep_DYJets.root
2025-12-18 21:35:06,080 - INFO - [2022EE] MISSING_CENTRAL: TTZ2E1Mu/Central/jets/4/phi in Skim_TriLep_DYJets10to50.root
2025-12-18 21:35:06,112 - INFO - [2022EE] MISSING_CENTRAL: TTZ2E1Mu/Central/jets/4/phi in Skim_TriLep_TTG_PTG100to200.root
2025-12-18 21:35:06,123 - INFO - [2022EE] MISSING_CENTRAL: TTZ2E1Mu/Central/jets/4/phi in Skim_TriLep_TTG_PTG200toInf.root
2025-12-18 21:35:06,247 - INFO - [2022EE] MISSING_CENTRAL: TTZ2E1Mu/Central/jets/4/phi in Skim_TriLep_WWW.root
2025-12-18 21:35:06,294 - INFO - [2022EE] MISSING_CENTRAL: TTZ2E1Mu/Central/jets/4/phi in Skim_TriLep_VBFHToZZTo4L.root
2025-12-18 21:35:06,295 - INFO - [2022EE] MISSING_CENTRAL: TTZ2E1Mu/Central/jets/4/phi in Skim_TriLep_ggHToZZTo4L.root
2025-12-18 23:44:04,735 - INFO - [2022EE] MISSING_CENTRAL: TTZ2E1Mu/Central/jets/4/phi in Skim_TriLep_MuonEG_G.root
2025-12-18 23:44:04,736 - INFO - [2022EE] MISSING_CENTRAL: TTZ2E1Mu/Central/jets/4/phi in Skim_TriLep_DYJets.root
2025-12-18 23:44:04,736 - INFO - [2022EE] MISSING_CENTRAL: TTZ2E1Mu/Central/jets/4/phi in Skim_TriLep_DYJets10to50.root
2025-12-18 23:44:04,747 - INFO - [2022EE] MISSING_CENTRAL: TTZ2E1Mu/Central/jets/4/phi in Skim_TriLep_TTG_PTG100to200.root
2025-12-18 23:44:04,750 - INFO - [2022EE] MISSING_CENTRAL: TTZ2E1Mu/Central/jets/4/phi in Skim_TriLep_TTG_PTG200toInf.root
2025-12-18 23:44:04,837 - INFO - [2022EE] MISSING_CENTRAL: TTZ2E1Mu/Central/jets/4/phi in Skim_TriLep_WWW.root
2025-12-18 23:44:04,870 - INFO - [2022EE] MISSING_CENTRAL: TTZ2E1Mu/Central/jets/4/phi in Skim_TriLep_VBFHToZZTo4L.root
2025-12-18 23:44:04,871 - INFO - [2022EE] MISSING_CENTRAL: TTZ2E1Mu/Central/jets/4/phi in Skim_TriLep_ggHToZZTo4L.root
2026-01-07 11:24:05,247 - INFO - [2022EE] MISSING_CENTRAL: TTZ2E1Mu/Central/jets/4/phi in Skim_TriLep_MuonEG_G.root
2026-01-07 11:24:05,248 - INFO - [2022EE] MISSING_CENTRAL: TTZ2E1Mu/Central/jets/4/phi in Skim_TriLep_DYJets.root
2026-01-07 11:24:05,256 - INFO - [2022EE] MISSING_CENTRAL: TTZ2E1Mu/Central/jets/4/phi in Skim_TriLep_DYJets10to50.root
2026-01-07 11:24:05,281 - INFO - [2022EE] MISSING_CENTRAL: TTZ2E1Mu/Central/jets/4/phi in Skim_TriLep_TTG_PTG100to200.root
2026-01-07 11:24:05,283 - INFO - [2022EE] MISSING_CENTRAL: TTZ2E1Mu/Central/jets/4/phi in Skim_TriLep_TTG_PTG200toInf.root
2026-01-07 11:24:05,412 - INFO - [2022EE] MISSING_CENTRAL: TTZ2E1Mu/Central/jets/4/phi in Skim_TriLep_WWW.root
2026-01-07 11:24:05,478 - INFO - [2022EE] MISSING_CENTRAL: TTZ2E1Mu/Central/jets/4/phi in Skim_TriLep_VBFHToZZTo4L.root
2026-01-07 11:24:05,479 - INFO - [2022EE] MISSING_CENTRAL: TTZ2E1Mu/Central/jets/4/phi in Skim_TriLep_ggHToZZTo4L.root
2026-01-07 11:51:46,956 - INFO - [2022EE] MISSING_CENTRAL: TTZ2E1Mu/Central/jets/4/phi in Skim_TriLep_MuonEG_G.root
2026-01-07 11:51:46,957 - INFO - [2022EE] MISSING_CENTRAL: TTZ2E1Mu/Central/jets/4/phi in Skim_TriLep_DYJets.root
2026-01-07 11:51:46,958 - INFO - [2022EE] MISSING_CENTRAL: TTZ2E1Mu/Central/jets/4/phi in Skim_TriLep_DYJets10to50.root
2026-01-07 11:51:46,974 - INFO - [2022EE] MISSING_CENTRAL: TTZ2E1Mu/Central/jets/4/phi in Skim_TriLep_TTG_PTG100to200.root
2026-01-07 11:51:46,975 - INFO - [2022EE] MISSING_CENTRAL: TTZ2E1Mu/Central/jets/4/phi in Skim_TriLep_TTG_PTG200toInf.root
2026-01-07 11:51:47,067 - INFO - [2022EE] MISSING_CENTRAL: TTZ2E1Mu/Central/jets/4/phi in Skim_TriLep_WWW.root
2026-01-07 11:51:47,115 - INFO - [2022EE] MISSING_CENTRAL: TTZ2E1Mu/Central/jets/4/phi in Skim_TriLep_VBFHToZZTo4L.root
2026-01-07 11:51:47,117 - INFO - [2022EE] MISSING_CENTRAL: TTZ2E1Mu/Central/jets/4/phi in Skim_TriLep_ggHToZZTo4L.root
2026-01-07 18:48:25,675 - INFO - [2022EE] MISSING_CENTRAL: TTZ2E1Mu/Central/jets/4/phi in Skim_TriLep_MuonEG_G.root
2026-01-07 18:48:25,676 - INFO - [2022EE] MISSING_CENTRAL: TTZ2E1Mu/Central/jets/4/phi in Skim_TriLep_DYJets.root
2026-01-07 18:48:25,677 - INFO - [2022EE] MISSING_CENTRAL: TTZ2E1Mu/Central/jets/4/phi in Skim_TriLep_DYJets10to50.root
2026-01-07 18:48:25,694 - INFO - [2022EE] MISSING_CENTRAL: TTZ2E1Mu/Central/jets/4/phi in Skim_TriLep_TTG_PTG100to200.root
2026-01-07 18:48:25,695 - INFO - [2022EE] MISSING_CENTRAL: TTZ2E1Mu/Central/jets/4/phi in Skim_TriLep_TTG_PTG200toInf.root
2026-01-07 18:48:25,788 - INFO - [2022EE] MISSING_CENTRAL: TTZ2E1Mu/Central/jets/4/phi in Skim_TriLep_WWW.root
2026-01-07 18:48:25,835 - INFO - [2022EE] MISSING_CENTRAL: TTZ2E1Mu/Central/jets/4/phi in Skim_TriLep_VBFHToZZTo4L.root
2026-01-07 18:48:25,836 - INFO - [2022EE] MISSING_CENTRAL: TTZ2E1Mu/Central/jets/4/phi in Skim_TriLep_ggHToZZTo4L.root
2026-01-09 12:23:03,093 - INFO - [2022EE] MISSING_CENTRAL: TTZ2E1Mu/Central/jets/4/phi in Skim_TriLep_MuonEG_G.root
2026-01-09 12:23:03,096 - INFO - [2022EE] MISSING_CENTRAL: TTZ2E1Mu/Central/jets/4/phi in Skim_TriLep_DYJets.root
2026-01-09 12:23:03,097 - INFO - [2022EE] MISSING_CENTRAL: TTZ2E1Mu/Central/jets/4/phi in Skim_TriLep_DYJets10to50.root
2026-01-09 12:23:03,125 - INFO - [2022EE] MISSING_CENTRAL: TTZ2E1Mu/Central/jets/4/phi in Skim_TriLep_TTG_PTG100to200.root
2026-01-09 12:23:03,131 - INFO - [2022EE] MISSING_CENTRAL: TTZ2E1Mu/Central/jets/4/phi in Skim_TriLep_TTG_PTG200toInf.root
2026-01-09 12:23:03,184 - INFO - [2022EE] MISSING_CENTRAL: TTZ2E1Mu/Central/jets/4/phi in Skim_TriLep_WWW.root
2026-01-09 12:23:03,207 - INFO - [2022EE] MISSING_CENTRAL: TTZ2E1Mu/Central/jets/4/phi in Skim_TriLep_VBFHToZZTo4L.root
2026-01-09 12:23:03,207 - INFO - [2022EE] MISSING_CENTRAL: TTZ2E1Mu/Central/jets/4/phi in Skim_TriLep_ggHToZZTo4L.root
2026-01-11 09:43:05,406 - INFO - [2022EE] MISSING_CENTRAL: TTZ2E1Mu/Central/jets/4/phi in Skim_TriLep_MuonEG_G.root
2026-01-11 09:43:05,407 - INFO - [2022EE] MISSING_CENTRAL: TTZ2E1Mu/Central/jets/4/phi in Skim_TriLep_DYJets.root
2026-01-11 09:43:05,408 - INFO - [2022EE] MISSING_CENTRAL: TTZ2E1Mu/Central/jets/4/phi in Skim_TriLep_DYJets10to50.root
2026-01-11 09:43:05,420 - INFO - [2022EE] MISSING_CENTRAL: TTZ2E1Mu/Central/jets/4/phi in Skim_TriLep_TTG_PTG100to200.root
2026-01-11 09:43:05,421 - INFO - [2022EE] MISSING_CENTRAL: TTZ2E1Mu/Central/jets/4/phi in Skim_TriLep_TTG_PTG200toInf.root
2026-01-11 09:43:05,475 - INFO - [2022EE] MISSING_CENTRAL: TTZ2E1Mu/Central/jets/4/phi in Skim_TriLep_WWW.root
2026-01-11 09:43:05,503 - INFO - [2022EE] MISSING_CENTRAL: TTZ2E1Mu/Central/jets/4/phi in Skim_TriLep_VBFHToZZTo4L.root
2026-01-11 09:43:05,504 - INFO - [2022EE] MISSING_CENTRAL: TTZ2E1Mu/Central/jets/4/phi in Skim_TriLep_ggHToZZTo4L.root
2026-01-12 13:51:50,797 - INFO - [2022EE] MISSING_CENTRAL: TTZ2E1Mu/Central/jets/4/phi in Skim_TriLep_MuonEG_E.root
2026-01-12 13:51:50,798 - INFO - [2022EE] MISSING_FILE: /home/choij/Sync/workspace/ChargedHiggsAnalysisV3/SKNanoOutput/MatrixSelector/Run2E1Mu/2022EE/Skim_TriLep_MuonEG_F.root
2026-01-12 13:51:50,799 - INFO - [2022EE] MISSING_CENTRAL: TTZ2E1Mu/Central/jets/4/phi in Skim_TriLep_MuonEG_G.root
2026-01-12 13:51:50,799 - INFO - [2022EE] MISSING_CENTRAL: TTZ2E1Mu/Central/jets/4/phi in Skim_TriLep_DYJets.root
2026-01-12 13:51:50,799 - INFO - [2022EE] MISSING_CENTRAL: TTZ2E1Mu/Central/jets/4/phi in Skim_TriLep_DYJets10to50.root
2026-01-12 13:51:50,820 - INFO - [2022EE] MISSING_CENTRAL: TTZ2E1Mu/Central/jets/4/phi in Skim_TriLep_TTG_PTG100to200.root
2026-01-12 13:51:50,820 - INFO - [2022EE] MISSING_CENTRAL: TTZ2E1Mu/Central/jets/4/phi in Skim_TriLep_TTG_PTG200toInf.root
2026-01-12 13:51:50,874 - INFO - [2022EE] MISSING_CENTRAL: TTZ2E1Mu/Central/jets/4/phi in Skim_TriLep_WWW.root
2026-01-12 13:51:50,903 - INFO - [2022EE] MISSING_CENTRAL: TTZ2E1Mu/Central/jets/4/phi in Skim_TriLep_VBFHToZZTo4L.root
2026-01-12 13:51:50,904 - INFO - [2022EE] MISSING_CENTRAL: TTZ2E1Mu/Central/jets/4/phi in Skim_TriLep_ggHToZZTo4L.root
2026-01-16 19:06:44,770 - INFO - [2022EE] MISSING_CENTRAL: TTZ2E1Mu/Central/jets/4/phi in Skim_TriLep_MuonEG_G.root
2026-01-16 19:06:44,771 - INFO - [2022EE] MISSING_CENTRAL: TTZ2E1Mu/Central/jets/4/phi in Skim_TriLep_DYJets.root
2026-01-16 19:06:44,771 - INFO - [2022EE] MISSING_CENTRAL: TTZ2E1Mu/Central/jets/4/phi in Skim_TriLep_DYJets10to50.root
2026-01-16 19:06:44,782 - INFO - [2022EE] MISSING_CENTRAL: TTZ2E1Mu/Central/jets/4/phi in Skim_TriLep_TTG_PTG100to200.root
2026-01-16 19:06:44,783 - INFO - [2022EE] MISSING_CENTRAL: TTZ2E1Mu/Central/jets/4/phi in Skim_TriLep_TTG_PTG200toInf.root
2026-01-16 19:06:44,838 - INFO - [2022EE] MISSING_CENTRAL: TTZ2E1Mu/Central/jets/4/phi in Skim_TriLep_WWW.root
2026-01-16 19:06:44,865 - INFO - [2022EE] MISSING_CENTRAL: TTZ2E1Mu/Central/jets/4/phi in Skim_TriLep_VBFHToZZTo4L.root
2026-01-16 19:06:44,866 - INFO - [2022EE] MISSING_CENTRAL: TTZ2E1Mu/Central/jets/4/phi in Skim_TriLep_ggHToZZTo4L.root
2026-01-28 17:04:37,665 - INFO - [2022EE] MISSING_CENTRAL: TTZ2E1Mu/Central/jets/4/phi in Skim_TriLep_MuonEG_E.root
2026-01-28 17:04:37,678 - INFO - [2022EE] MISSING_CENTRAL: TTZ2E1Mu/Central/jets/4/phi in Skim_TriLep_MuonEG_G.root
2026-01-28 17:04:37,678 - INFO - [2022EE] MISSING_CENTRAL: TTZ2E1Mu/Central/jets/4/phi in Skim_TriLep_DYJets.root
2026-01-28 17:04:37,679 - INFO - [2022EE] MISSING_CENTRAL: TTZ2E1Mu/Central/jets/4/phi in Skim_TriLep_DYJets10to50.root
2026-01-28 17:04:37,692 - INFO - [2022EE] MISSING_CENTRAL: TTZ2E1Mu/Central/jets/4/phi in Skim_TriLep_TTG_PTG100to200.root
2026-01-28 17:04:37,693 - INFO - [2022EE] MISSING_CENTRAL: TTZ2E1Mu/Central/jets/4/phi in Skim_TriLep_TTG_PTG200toInf.root
2026-01-28 17:04:37,767 - INFO - [2022EE] MISSING_CENTRAL: TTZ2E1Mu/Central/jets/4/phi in Skim_TriLep_WWW.root
2026-01-28 17:04:37,804 - INFO - [2022EE] MISSING_CENTRAL: TTZ2E1Mu/Central/jets/4/phi in Skim_TriLep_VBFHToZZTo4L.root
2026-01-28 17:04:37,804 - INFO - [2022EE] MISSING_CENTRAL: TTZ2E1Mu/Central/jets/4/phi in Skim_TriLep_ggHToZZTo4L.root
2026-01-28 17:25:18,430 - INFO - [2022EE] MISSING_CENTRAL: TTZ2E1Mu/Central/jets/4/phi in Skim_TriLep_MuonEG_E.root
2026-01-28 17:25:18,440 - INFO - [2022EE] MISSING_CENTRAL: TTZ2E1Mu/Central/jets/4/phi in Skim_TriLep_MuonEG_G.root
2026-01-28 17:25:18,441 - INFO - [2022EE] MISSING_CENTRAL: TTZ2E1Mu/Central/jets/4/phi in Skim_TriLep_DYJets.root
2026-01-28 17:25:18,441 - INFO - [2022EE] MISSING_CENTRAL: TTZ2E1Mu/Central/jets/4/phi in Skim_TriLep_DYJets10to50.root
2026-01-28 17:25:18,453 - INFO - [2022EE] MISSING_CENTRAL: TTZ2E1Mu/Central/jets/4/phi in Skim_TriLep_TTG_PTG100to200.root
2026-01-28 17:25:18,454 - INFO - [2022EE] MISSING_CENTRAL: TTZ2E1Mu/Central/jets/4/phi in Skim_TriLep_TTG_PTG200toInf.root
2026-01-28 17:25:18,521 - INFO - [2022EE] MISSING_CENTRAL: TTZ2E1Mu/Central/jets/4/phi in Skim_TriLep_WWW.root
2026-01-28 17:25:18,553 - INFO - [2022EE] MISSING_CENTRAL: TTZ2E1Mu/Central/jets/4/phi in Skim_TriLep_VBFHToZZTo4L.root
2026-01-28 17:25:18,554 - INFO - [2022EE] MISSING_CENTRAL: TTZ2E1Mu/Central/jets/4/phi in Skim_TriLep_ggHToZZTo4L.root
2026-01-28 19:58:52,028 - INFO - [2022EE] MISSING_CENTRAL: TTZ2E1Mu/Central/jets/4/phi in Skim_TriLep_MuonEG_E.root
2026-01-28 19:58:52,038 - INFO - [2022EE] MISSING_CENTRAL: TTZ2E1Mu/Central/jets/4/phi in Skim_TriLep_MuonEG_G.root
2026-01-28 19:58:52,039 - INFO - [2022EE] MISSING_CENTRAL: TTZ2E1Mu/Central/jets/4/phi in Skim_TriLep_DYJets.root
2026-01-28 19:58:52,039 - INFO - [2022EE] MISSING_CENTRAL: TTZ2E1Mu/Central/jets/4/phi in Skim_TriLep_DYJets10to50.root
2026-01-28 19:58:52,050 - INFO - [2022EE] MISSING_CENTRAL: TTZ2E1Mu/Central/jets/4/phi in Skim_TriLep_TTG_PTG100to200.root
2026-01-28 19:58:52,051 - INFO - [2022EE] MISSING_CENTRAL: TTZ2E1Mu/Central/jets/4/phi in Skim_TriLep_TTG_PTG200toInf.root
2026-01-28 19:58:52,120 - INFO - [2022EE] MISSING_CENTRAL: TTZ2E1Mu/Central/jets/4/phi in Skim_TriLep_WWW.root
2026-01-28 19:58:52,154 - INFO - [2022EE] MISSING_CENTRAL: TTZ2E1Mu/Central/jets/4/phi in Skim_TriLep_VBFHToZZTo4L.root
2026-01-28 19:58:52,155 - INFO - [2022EE] MISSING_CENTRAL: TTZ2E1Mu/Central/jets/4/phi in Skim_TriLep_ggHToZZTo4L.root
2026-01-29 07:15:47,897 - INFO - [2022EE] MISSING_CENTRAL: TTZ2E1Mu/Central/jets/4/phi in Skim_TriLep_MuonEG_E.root
2026-01-29 07:15:47,908 - INFO - [2022EE] MISSING_CENTRAL: TTZ2E1Mu/Central/jets/4/phi in Skim_TriLep_MuonEG_G.root
2026-01-29 07:15:47,909 - INFO - [2022EE] MISSING_CENTRAL: TTZ2E1Mu/Central/jets/4/phi in Skim_TriLep_DYJets.root
2026-01-29 07:15:47,909 - INFO - [2022EE] MISSING_CENTRAL: TTZ2E1Mu/Central/jets/4/phi in Skim_TriLep_DYJets10to50.root
2026-01-29 07:15:47,920 - INFO - [2022EE] MISSING_CENTRAL: TTZ2E1Mu/Central/jets/4/phi in Skim_TriLep_TTG_PTG100to200.root
2026-01-29 07:15:47,921 - INFO - [2022EE] MISSING_CENTRAL: TTZ2E1Mu/Central/jets/4/phi in Skim_TriLep_TTG_PTG200toInf.root
2026-01-29 07:15:47,977 - INFO - [2022EE] MISSING_CENTRAL: TTZ2E1Mu/Central/jets/4/phi in Skim_TriLep_WWW.root
2026-01-29 07:15:48,005 - INFO - [2022EE] MISSING_CENTRAL: TTZ2E1Mu/Central/jets/4/phi in Skim_TriLep_VBFHToZZTo4L.root
2026-01-29 07:15:48,006 - INFO - [2022EE] MISSING_CENTRAL: TTZ2E1Mu/Central/jets/4/phi in Skim_TriLep_ggHToZZTo4L.root
