2025-09-24 15:58:02,022 - INFO - [2022EE] MISSING_CENTRAL: ZG1E2Mu/Central/convLep/phi in Skim_TriLep_DYJets10to50.root
2025-09-24 15:58:02,052 - INFO - [2022EE] MISSING_CENTRAL: ZG1E2Mu/Central/convLep/phi in Skim_TriLep_TTG_PTG100to200.root
2025-09-24 15:58:02,053 - INFO - [2022EE] MISSING_CENTRAL: ZG1E2Mu/Central/convLep/phi in Skim_TriLep_TTG_PTG200toInf.root
2025-09-24 15:58:02,053 - INFO - [2022EE] MISSING_CENTRAL: ZG1E2Mu/Central/convLep/phi in Skim_TriLep_TTWToLNu.root
2025-09-24 15:58:12,108 - INFO - [2022EE] MISSING_CENTRAL: ZG1E2Mu/Central/convLep/phi in Skim_TriLep_DYJets10to50.root
2025-09-24 15:58:12,110 - INFO - [2022EE] MISSING_CENTRAL: ZG1E2Mu/Central/convLep/phi in Skim_TriLep_TTG_PTG100to200.root
2025-09-24 15:58:12,111 - INFO - [2022EE] MISSING_CENTRAL: ZG1E2Mu/Central/convLep/phi in Skim_TriLep_TTG_PTG200toInf.root
2025-09-24 15:58:12,111 - INFO - [2022EE] MISSING_CENTRAL: ZG1E2Mu/Central/convLep/phi in Skim_TriLep_TTWToLNu.root
2025-10-02 21:18:21,378 - INFO - [2022EE] MISSING_CENTRAL: ZG1E2Mu/Central/convLep/phi in Skim_TriLep_DYJets10to50.root
2025-10-02 21:18:22,035 - INFO - [2022EE] MISSING_CENTRAL: ZG1E2Mu/Central/convLep/phi in Skim_TriLep_TTG_PTG100to200.root
2025-10-02 21:18:22,036 - INFO - [2022EE] MISSING_CENTRAL: ZG1E2Mu/Central/convLep/phi in Skim_TriLep_TTG_PTG200toInf.root
2025-10-02 21:18:22,037 - INFO - [2022EE] MISSING_CENTRAL: ZG1E2Mu/Central/convLep/phi in Skim_TriLep_TTWToLNu.root
2025-10-02 21:18:28,938 - INFO - [2022EE] MISSING_CENTRAL: ZG1E2Mu/Central/convLep/phi in Skim_TriLep_DYJets10to50.root
2025-10-02 21:18:28,948 - INFO - [2022EE] MISSING_CENTRAL: ZG1E2Mu/Central/convLep/phi in Skim_TriLep_TTG_PTG100to200.root
2025-10-02 21:18:28,949 - INFO - [2022EE] MISSING_CENTRAL: ZG1E2Mu/Central/convLep/phi in Skim_TriLep_TTG_PTG200toInf.root
2025-10-02 21:18:28,950 - INFO - [2022EE] MISSING_CENTRAL: ZG1E2Mu/Central/convLep/phi in Skim_TriLep_TTWToLNu.root
2025-10-03 00:25:58,033 - INFO - [2022EE] MISSING_CENTRAL: ZG1E2Mu/Central/convLep/phi in Skim_TriLep_DYJets10to50.root
2025-10-03 00:25:58,071 - INFO - [2022EE] MISSING_CENTRAL: ZG1E2Mu/Central/convLep/phi in Skim_TriLep_TTG_PTG100to200.root
2025-10-03 00:25:58,071 - INFO - [2022EE] MISSING_CENTRAL: ZG1E2Mu/Central/convLep/phi in Skim_TriLep_TTG_PTG200toInf.root
2025-10-03 00:25:58,072 - INFO - [2022EE] MISSING_CENTRAL: ZG1E2Mu/Central/convLep/phi in Skim_TriLep_TTWToLNu.root
2025-10-03 00:26:08,340 - INFO - [2022EE] MISSING_CENTRAL: ZG1E2Mu/Central/convLep/phi in Skim_TriLep_DYJets10to50.root
2025-10-03 00:26:08,343 - INFO - [2022EE] MISSING_CENTRAL: ZG1E2Mu/Central/convLep/phi in Skim_TriLep_TTG_PTG100to200.root
2025-10-03 00:26:08,343 - INFO - [2022EE] MISSING_CENTRAL: ZG1E2Mu/Central/convLep/phi in Skim_TriLep_TTG_PTG200toInf.root
2025-10-03 00:26:08,344 - INFO - [2022EE] MISSING_CENTRAL: ZG1E2Mu/Central/convLep/phi in Skim_TriLep_TTWToLNu.root
2025-11-07 13:10:21,181 - INFO - [2022EE] MISSING_CENTRAL: ZG1E2Mu/Central/convLep/phi in Skim_TriLep_DYJets10to50.root
2025-11-07 13:10:21,204 - INFO - [2022EE] MISSING_CENTRAL: ZG1E2Mu/Central/convLep/phi in Skim_TriLep_TTG_PTG100to200.root
2025-11-07 13:10:21,204 - INFO - [2022EE] MISSING_CENTRAL: ZG1E2Mu/Central/convLep/phi in Skim_TriLep_TTG_PTG200toInf.root
2025-11-07 13:10:21,204 - INFO - [2022EE] MISSING_CENTRAL: ZG1E2Mu/Central/convLep/phi in Skim_TriLep_TTWToLNu.root
2025-11-07 13:10:26,500 - INFO - [2022EE] MISSING_CENTRAL: ZG1E2Mu/Central/convLep/phi in Skim_TriLep_DYJets10to50.root
2025-11-07 13:10:26,503 - INFO - [2022EE] MISSING_CENTRAL: ZG1E2Mu/Central/convLep/phi in Skim_TriLep_TTG_PTG100to200.root
2025-11-07 13:10:26,503 - INFO - [2022EE] MISSING_CENTRAL: ZG1E2Mu/Central/convLep/phi in Skim_TriLep_TTG_PTG200toInf.root
2025-11-07 13:10:26,504 - INFO - [2022EE] MISSING_CENTRAL: ZG1E2Mu/Central/convLep/phi in Skim_TriLep_TTWToLNu.root
2025-11-07 14:07:59,740 - INFO - [2022EE] MISSING_CENTRAL: ZG1E2Mu/Central/convLep/phi in Skim_TriLep_DYJets10to50.root
2025-11-07 14:07:59,763 - INFO - [2022EE] MISSING_CENTRAL: ZG1E2Mu/Central/convLep/phi in Skim_TriLep_TTG_PTG100to200.root
2025-11-07 14:07:59,764 - INFO - [2022EE] MISSING_CENTRAL: ZG1E2Mu/Central/convLep/phi in Skim_TriLep_TTG_PTG200toInf.root
2025-11-07 14:07:59,764 - INFO - [2022EE] MISSING_CENTRAL: ZG1E2Mu/Central/convLep/phi in Skim_TriLep_TTWToLNu.root
2025-11-07 14:08:04,923 - INFO - [2022EE] MISSING_CENTRAL: ZG1E2Mu/Central/convLep/phi in Skim_TriLep_DYJets10to50.root
2025-11-07 14:08:04,926 - INFO - [2022EE] MISSING_CENTRAL: ZG1E2Mu/Central/convLep/phi in Skim_TriLep_TTG_PTG100to200.root
2025-11-07 14:08:04,927 - INFO - [2022EE] MISSING_CENTRAL: ZG1E2Mu/Central/convLep/phi in Skim_TriLep_TTG_PTG200toInf.root
2025-11-07 14:08:04,927 - INFO - [2022EE] MISSING_CENTRAL: ZG1E2Mu/Central/convLep/phi in Skim_TriLep_TTWToLNu.root
2025-11-10 12:23:31,671 - INFO - [2022EE] MISSING_CENTRAL: ZG1E2Mu/Central/convLep/phi in Skim_TriLep_DYJets10to50.root
2025-11-10 12:23:31,695 - INFO - [2022EE] MISSING_CENTRAL: ZG1E2Mu/Central/convLep/phi in Skim_TriLep_TTG_PTG100to200.root
2025-11-10 12:23:31,695 - INFO - [2022EE] MISSING_CENTRAL: ZG1E2Mu/Central/convLep/phi in Skim_TriLep_TTG_PTG200toInf.root
2025-11-10 12:23:31,695 - INFO - [2022EE] MISSING_CENTRAL: ZG1E2Mu/Central/convLep/phi in Skim_TriLep_TTWToLNu.root
2025-11-10 12:23:36,823 - INFO - [2022EE] MISSING_CENTRAL: ZG1E2Mu/Central/convLep/phi in Skim_TriLep_DYJets10to50.root
2025-11-10 12:23:36,826 - INFO - [2022EE] MISSING_CENTRAL: ZG1E2Mu/Central/convLep/phi in Skim_TriLep_TTG_PTG100to200.root
2025-11-10 12:23:36,826 - INFO - [2022EE] MISSING_CENTRAL: ZG1E2Mu/Central/convLep/phi in Skim_TriLep_TTG_PTG200toInf.root
2025-11-10 12:23:36,826 - INFO - [2022EE] MISSING_CENTRAL: ZG1E2Mu/Central/convLep/phi in Skim_TriLep_TTWToLNu.root
2025-11-13 11:13:17,681 - INFO - [2022EE] MISSING_CENTRAL: ZG1E2Mu/Central/convLep/phi in Skim_TriLep_DYJets10to50.root
2025-11-13 11:13:17,921 - INFO - [2022EE] MISSING_CENTRAL: ZG1E2Mu/Central/convLep/phi in Skim_TriLep_TTG_PTG100to200.root
2025-11-13 11:13:17,922 - INFO - [2022EE] MISSING_CENTRAL: ZG1E2Mu/Central/convLep/phi in Skim_TriLep_TTG_PTG200toInf.root
2025-11-13 11:13:17,922 - INFO - [2022EE] MISSING_CENTRAL: ZG1E2Mu/Central/convLep/phi in Skim_TriLep_TTWToLNu.root
2025-11-13 11:13:23,131 - INFO - [2022EE] MISSING_CENTRAL: ZG1E2Mu/Central/convLep/phi in Skim_TriLep_DYJets10to50.root
2025-11-13 11:13:23,141 - INFO - [2022EE] MISSING_CENTRAL: ZG1E2Mu/Central/convLep/phi in Skim_TriLep_TTG_PTG100to200.root
2025-11-13 11:13:23,142 - INFO - [2022EE] MISSING_CENTRAL: ZG1E2Mu/Central/convLep/phi in Skim_TriLep_TTG_PTG200toInf.root
2025-11-13 11:13:23,142 - INFO - [2022EE] MISSING_CENTRAL: ZG1E2Mu/Central/convLep/phi in Skim_TriLep_TTWToLNu.root
2025-11-19 00:18:29,889 - INFO - [2022EE] MISSING_CENTRAL: ZG1E2Mu/Central/convLep/phi in Skim_TriLep_DYJets10to50.root
2025-11-19 00:18:29,930 - INFO - [2022EE] MISSING_CENTRAL: ZG1E2Mu/Central/convLep/phi in Skim_TriLep_TTG_PTG100to200.root
2025-11-19 00:18:29,931 - INFO - [2022EE] MISSING_CENTRAL: ZG1E2Mu/Central/convLep/phi in Skim_TriLep_TTG_PTG200toInf.root
2025-11-19 00:18:29,932 - INFO - [2022EE] MISSING_CENTRAL: ZG1E2Mu/Central/convLep/phi in Skim_TriLep_TTWToLNu.root
2025-11-19 00:18:35,295 - INFO - [2022EE] MISSING_CENTRAL: ZG1E2Mu/Central/convLep/phi in Skim_TriLep_DYJets10to50.root
2025-11-19 00:18:35,301 - INFO - [2022EE] MISSING_CENTRAL: ZG1E2Mu/Central/convLep/phi in Skim_TriLep_TTG_PTG100to200.root
2025-11-19 00:18:35,301 - INFO - [2022EE] MISSING_CENTRAL: ZG1E2Mu/Central/convLep/phi in Skim_TriLep_TTG_PTG200toInf.root
2025-11-19 00:18:35,302 - INFO - [2022EE] MISSING_CENTRAL: ZG1E2Mu/Central/convLep/phi in Skim_TriLep_TTWToLNu.root
2025-11-19 15:43:43,700 - INFO - [2022EE] MISSING_CENTRAL: ZG1E2Mu/Central/convLep/phi in Skim_TriLep_DYJets10to50.root
2025-11-19 15:43:43,723 - INFO - [2022EE] MISSING_CENTRAL: ZG1E2Mu/Central/convLep/phi in Skim_TriLep_TTG_PTG100to200.root
2025-11-19 15:43:43,723 - INFO - [2022EE] MISSING_CENTRAL: ZG1E2Mu/Central/convLep/phi in Skim_TriLep_TTG_PTG200toInf.root
2025-11-19 15:43:43,723 - INFO - [2022EE] MISSING_CENTRAL: ZG1E2Mu/Central/convLep/phi in Skim_TriLep_TTWToLNu.root
2025-11-19 15:43:48,684 - INFO - [2022EE] MISSING_CENTRAL: ZG1E2Mu/Central/convLep/phi in Skim_TriLep_DYJets10to50.root
2025-11-19 15:43:48,687 - INFO - [2022EE] MISSING_CENTRAL: ZG1E2Mu/Central/convLep/phi in Skim_TriLep_TTG_PTG100to200.root
2025-11-19 15:43:48,687 - INFO - [2022EE] MISSING_CENTRAL: ZG1E2Mu/Central/convLep/phi in Skim_TriLep_TTG_PTG200toInf.root
2025-11-19 15:43:48,688 - INFO - [2022EE] MISSING_CENTRAL: ZG1E2Mu/Central/convLep/phi in Skim_TriLep_TTWToLNu.root
2025-11-19 16:25:57,973 - INFO - [2022EE] MISSING_CENTRAL: ZG1E2Mu/Central/convLep/phi in Skim_TriLep_DYJets10to50.root
2025-11-19 16:25:58,006 - INFO - [2022EE] MISSING_CENTRAL: ZG1E2Mu/Central/convLep/phi in Skim_TriLep_TTG_PTG100to200.root
2025-11-19 16:25:58,010 - INFO - [2022EE] MISSING_CENTRAL: ZG1E2Mu/Central/convLep/phi in Skim_TriLep_TTG_PTG200toInf.root
2025-11-19 16:25:58,010 - INFO - [2022EE] MISSING_CENTRAL: ZG1E2Mu/Central/convLep/phi in Skim_TriLep_TTWToLNu.root
2025-11-19 16:26:03,750 - INFO - [2022EE] MISSING_CENTRAL: ZG1E2Mu/Central/convLep/phi in Skim_TriLep_DYJets10to50.root
2025-11-19 16:26:03,753 - INFO - [2022EE] MISSING_CENTRAL: ZG1E2Mu/Central/convLep/phi in Skim_TriLep_TTG_PTG100to200.root
2025-11-19 16:26:03,753 - INFO - [2022EE] MISSING_CENTRAL: ZG1E2Mu/Central/convLep/phi in Skim_TriLep_TTG_PTG200toInf.root
2025-11-19 16:26:03,754 - INFO - [2022EE] MISSING_CENTRAL: ZG1E2Mu/Central/convLep/phi in Skim_TriLep_TTWToLNu.root
2025-12-17 12:26:56,411 - INFO - [2022EE] MISSING_CENTRAL: ZG1E2Mu/Central/convLep/phi in Skim_TriLep_DYJets10to50.root
2025-12-17 12:26:56,413 - INFO - [2022EE] MISSING_CENTRAL: ZG1E2Mu/Central/convLep/phi in Skim_TriLep_TTG_PTG10to100.root
2025-12-17 12:26:56,428 - INFO - [2022EE] MISSING_CENTRAL: ZG1E2Mu/Central/convLep/phi in Skim_TriLep_TTG_PTG100to200.root
2025-12-17 12:26:56,429 - INFO - [2022EE] MISSING_CENTRAL: ZG1E2Mu/Central/convLep/phi in Skim_TriLep_TTG_PTG200toInf.root
2025-12-17 12:26:56,430 - INFO - [2022EE] MISSING_CENTRAL: ZG1E2Mu/Central/convLep/phi in Skim_TriLep_TTWToLNu.root
2025-12-17 12:27:01,938 - INFO - [2022EE] MISSING_CENTRAL: ZG1E2Mu/Central/convLep/phi in Skim_TriLep_DYJets10to50.root
2025-12-17 12:27:01,939 - INFO - [2022EE] MISSING_CENTRAL: ZG1E2Mu/Central/convLep/phi in Skim_TriLep_TTG_PTG10to100.root
2025-12-17 12:27:01,940 - INFO - [2022EE] MISSING_CENTRAL: ZG1E2Mu/Central/convLep/phi in Skim_TriLep_TTG_PTG100to200.root
2025-12-17 12:27:01,942 - INFO - [2022EE] MISSING_CENTRAL: ZG1E2Mu/Central/convLep/phi in Skim_TriLep_TTG_PTG200toInf.root
2025-12-17 12:27:01,944 - INFO - [2022EE] MISSING_CENTRAL: ZG1E2Mu/Central/convLep/phi in Skim_TriLep_TTWToLNu.root
2025-12-17 16:08:37,077 - INFO - [2022EE] MISSING_CENTRAL: ZG1E2Mu/Central/convLep/phi in Skim_TriLep_DYJets10to50.root
2025-12-17 16:08:37,078 - INFO - [2022EE] MISSING_CENTRAL: ZG1E2Mu/Central/convLep/phi in Skim_TriLep_TTG_PTG10to100.root
2025-12-17 16:08:37,079 - INFO - [2022EE] MISSING_CENTRAL: ZG1E2Mu/Central/convLep/phi in Skim_TriLep_TTG_PTG100to200.root
2025-12-17 16:08:37,080 - INFO - [2022EE] MISSING_CENTRAL: ZG1E2Mu/Central/convLep/phi in Skim_TriLep_TTG_PTG200toInf.root
2025-12-17 16:08:37,081 - INFO - [2022EE] MISSING_CENTRAL: ZG1E2Mu/Central/convLep/phi in Skim_TriLep_TTWToLNu.root
2025-12-17 16:08:41,786 - INFO - [2022EE] MISSING_CENTRAL: ZG1E2Mu/Central/convLep/phi in Skim_TriLep_DYJets10to50.root
2025-12-17 16:08:41,787 - INFO - [2022EE] MISSING_CENTRAL: ZG1E2Mu/Central/convLep/phi in Skim_TriLep_TTG_PTG10to100.root
2025-12-17 16:08:41,787 - INFO - [2022EE] MISSING_CENTRAL: ZG1E2Mu/Central/convLep/phi in Skim_TriLep_TTG_PTG100to200.root
2025-12-17 16:08:41,788 - INFO - [2022EE] MISSING_CENTRAL: ZG1E2Mu/Central/convLep/phi in Skim_TriLep_TTG_PTG200toInf.root
2025-12-17 16:08:41,789 - INFO - [2022EE] MISSING_CENTRAL: ZG1E2Mu/Central/convLep/phi in Skim_TriLep_TTWToLNu.root
2025-12-17 22:40:35,750 - INFO - [2022EE] MISSING_CENTRAL: ZG1E2Mu/Central/convLep/phi in Skim_TriLep_DYJets10to50.root
2025-12-17 22:40:35,751 - INFO - [2022EE] MISSING_CENTRAL: ZG1E2Mu/Central/convLep/phi in Skim_TriLep_TTG_PTG10to100.root
2025-12-17 22:40:35,752 - INFO - [2022EE] MISSING_CENTRAL: ZG1E2Mu/Central/convLep/phi in Skim_TriLep_TTG_PTG100to200.root
2025-12-17 22:40:35,771 - INFO - [2022EE] MISSING_CENTRAL: ZG1E2Mu/Central/convLep/phi in Skim_TriLep_TTG_PTG200toInf.root
2025-12-17 22:40:35,772 - INFO - [2022EE] MISSING_CENTRAL: ZG1E2Mu/Central/convLep/phi in Skim_TriLep_TTWToLNu.root
2025-12-17 22:40:42,222 - INFO - [2022EE] MISSING_CENTRAL: ZG1E2Mu/Central/convLep/phi in Skim_TriLep_DYJets10to50.root
2025-12-17 22:40:42,223 - INFO - [2022EE] MISSING_CENTRAL: ZG1E2Mu/Central/convLep/phi in Skim_TriLep_TTG_PTG10to100.root
2025-12-17 22:40:42,223 - INFO - [2022EE] MISSING_CENTRAL: ZG1E2Mu/Central/convLep/phi in Skim_TriLep_TTG_PTG100to200.root
2025-12-17 22:40:42,224 - INFO - [2022EE] MISSING_CENTRAL: ZG1E2Mu/Central/convLep/phi in Skim_TriLep_TTG_PTG200toInf.root
2025-12-17 22:40:42,225 - INFO - [2022EE] MISSING_CENTRAL: ZG1E2Mu/Central/convLep/phi in Skim_TriLep_TTWToLNu.root
2025-12-18 14:25:46,011 - INFO - [2022EE] MISSING_CENTRAL: ZG1E2Mu/Central/convLep/phi in Skim_TriLep_DYJets10to50.root
2025-12-18 14:25:46,012 - INFO - [2022EE] MISSING_CENTRAL: ZG1E2Mu/Central/convLep/phi in Skim_TriLep_TTG_PTG10to100.root
2025-12-18 14:25:46,013 - INFO - [2022EE] MISSING_CENTRAL: ZG1E2Mu/Central/convLep/phi in Skim_TriLep_TTG_PTG100to200.root
2025-12-18 14:25:46,014 - INFO - [2022EE] MISSING_CENTRAL: ZG1E2Mu/Central/convLep/phi in Skim_TriLep_TTG_PTG200toInf.root
2025-12-18 14:25:46,015 - INFO - [2022EE] MISSING_CENTRAL: ZG1E2Mu/Central/convLep/phi in Skim_TriLep_TTWToLNu.root
2025-12-18 14:25:51,266 - INFO - [2022EE] MISSING_CENTRAL: ZG1E2Mu/Central/convLep/phi in Skim_TriLep_DYJets10to50.root
2025-12-18 14:25:51,267 - INFO - [2022EE] MISSING_CENTRAL: ZG1E2Mu/Central/convLep/phi in Skim_TriLep_TTG_PTG10to100.root
2025-12-18 14:25:51,268 - INFO - [2022EE] MISSING_CENTRAL: ZG1E2Mu/Central/convLep/phi in Skim_TriLep_TTG_PTG100to200.root
2025-12-18 14:25:51,269 - INFO - [2022EE] MISSING_CENTRAL: ZG1E2Mu/Central/convLep/phi in Skim_TriLep_TTG_PTG200toInf.root
2025-12-18 14:25:51,269 - INFO - [2022EE] MISSING_CENTRAL: ZG1E2Mu/Central/convLep/phi in Skim_TriLep_TTWToLNu.root
2025-12-18 14:41:07,106 - INFO - [2022EE] MISSING_CENTRAL: ZG1E2Mu/Central/convLep/phi in Skim_TriLep_DYJets10to50.root
2025-12-18 14:41:07,107 - INFO - [2022EE] MISSING_CENTRAL: ZG1E2Mu/Central/convLep/phi in Skim_TriLep_TTG_PTG10to100.root
2025-12-18 14:41:07,108 - INFO - [2022EE] MISSING_CENTRAL: ZG1E2Mu/Central/convLep/phi in Skim_TriLep_TTG_PTG100to200.root
2025-12-18 14:41:07,109 - INFO - [2022EE] MISSING_CENTRAL: ZG1E2Mu/Central/convLep/phi in Skim_TriLep_TTG_PTG200toInf.root
2025-12-18 14:41:07,110 - INFO - [2022EE] MISSING_CENTRAL: ZG1E2Mu/Central/convLep/phi in Skim_TriLep_TTWToLNu.root
2025-12-18 14:41:13,231 - INFO - [2022EE] MISSING_CENTRAL: ZG1E2Mu/Central/convLep/phi in Skim_TriLep_DYJets10to50.root
2025-12-18 14:41:13,232 - INFO - [2022EE] MISSING_CENTRAL: ZG1E2Mu/Central/convLep/phi in Skim_TriLep_TTG_PTG10to100.root
2025-12-18 14:41:13,233 - INFO - [2022EE] MISSING_CENTRAL: ZG1E2Mu/Central/convLep/phi in Skim_TriLep_TTG_PTG100to200.root
2025-12-18 14:41:13,234 - INFO - [2022EE] MISSING_CENTRAL: ZG1E2Mu/Central/convLep/phi in Skim_TriLep_TTG_PTG200toInf.root
2025-12-18 14:41:13,235 - INFO - [2022EE] MISSING_CENTRAL: ZG1E2Mu/Central/convLep/phi in Skim_TriLep_TTWToLNu.root
2026-01-07 11:50:31,968 - INFO - [2022EE] MISSING_FILE: /data9/Users/choij/Sync/workspace/ChargedHiggsAnalysisV3/SKNanoOutput/CRPromptSelector/Run1E2Mu/2022EE/Skim_TriLep_MuonEG_E.root
2026-01-07 11:50:31,968 - INFO - [2022EE] MISSING_FILE: /data9/Users/choij/Sync/workspace/ChargedHiggsAnalysisV3/SKNanoOutput/CRPromptSelector/Run1E2Mu/2022EE/Skim_TriLep_MuonEG_F.root
2026-01-07 11:50:31,968 - INFO - [2022EE] MISSING_FILE: /data9/Users/choij/Sync/workspace/ChargedHiggsAnalysisV3/SKNanoOutput/CRPromptSelector/Run1E2Mu/2022EE/Skim_TriLep_MuonEG_G.root
2026-01-07 11:50:34,452 - INFO - [2022EE] MISSING_FILE: /data9/Users/choij/Sync/workspace/ChargedHiggsAnalysisV3/SKNanoOutput/CRPromptSelector/Run1E2Mu/2022EE/Skim_TriLep_MuonEG_E.root
2026-01-07 11:50:34,453 - INFO - [2022EE] MISSING_FILE: /data9/Users/choij/Sync/workspace/ChargedHiggsAnalysisV3/SKNanoOutput/CRPromptSelector/Run1E2Mu/2022EE/Skim_TriLep_MuonEG_F.root
2026-01-07 11:50:34,453 - INFO - [2022EE] MISSING_FILE: /data9/Users/choij/Sync/workspace/ChargedHiggsAnalysisV3/SKNanoOutput/CRPromptSelector/Run1E2Mu/2022EE/Skim_TriLep_MuonEG_G.root
2026-01-07 18:47:08,094 - INFO - [2022EE] MISSING_CENTRAL: ZG1E2Mu/Central/convLep/phi in Skim_TriLep_DYJets10to50.root
2026-01-07 18:47:08,095 - INFO - [2022EE] MISSING_CENTRAL: ZG1E2Mu/Central/convLep/phi in Skim_TriLep_TTG_PTG10to100.root
2026-01-07 18:47:08,096 - INFO - [2022EE] MISSING_CENTRAL: ZG1E2Mu/Central/convLep/phi in Skim_TriLep_TTG_PTG100to200.root
2026-01-07 18:47:08,096 - INFO - [2022EE] MISSING_CENTRAL: ZG1E2Mu/Central/convLep/phi in Skim_TriLep_TTG_PTG200toInf.root
2026-01-07 18:47:08,097 - INFO - [2022EE] MISSING_CENTRAL: ZG1E2Mu/Central/convLep/phi in Skim_TriLep_TTWToLNu.root
2026-01-07 18:47:12,716 - INFO - [2022EE] MISSING_CENTRAL: ZG1E2Mu/Central/convLep/phi in Skim_TriLep_DYJets10to50.root
2026-01-07 18:47:12,717 - INFO - [2022EE] MISSING_CENTRAL: ZG1E2Mu/Central/convLep/phi in Skim_TriLep_TTG_PTG10to100.root
2026-01-07 18:47:12,717 - INFO - [2022EE] MISSING_CENTRAL: ZG1E2Mu/Central/convLep/phi in Skim_TriLep_TTG_PTG100to200.root
2026-01-07 18:47:12,718 - INFO - [2022EE] MISSING_CENTRAL: ZG1E2Mu/Central/convLep/phi in Skim_TriLep_TTG_PTG200toInf.root
2026-01-07 18:47:12,718 - INFO - [2022EE] MISSING_CENTRAL: ZG1E2Mu/Central/convLep/phi in Skim_TriLep_TTWToLNu.root
2026-01-08 23:11:42,820 - INFO - [2022EE] MISSING_CENTRAL: ZG1E2Mu/Central/convLep/phi in Skim_TriLep_DYJets10to50.root
2026-01-08 23:11:42,821 - INFO - [2022EE] MISSING_CENTRAL: ZG1E2Mu/Central/convLep/phi in Skim_TriLep_TTG_PTG10to100.root
2026-01-08 23:11:42,822 - INFO - [2022EE] MISSING_CENTRAL: ZG1E2Mu/Central/convLep/phi in Skim_TriLep_TTG_PTG100to200.root
2026-01-08 23:11:42,823 - INFO - [2022EE] MISSING_CENTRAL: ZG1E2Mu/Central/convLep/phi in Skim_TriLep_TTG_PTG200toInf.root
2026-01-08 23:11:42,824 - INFO - [2022EE] MISSING_CENTRAL: ZG1E2Mu/Central/convLep/phi in Skim_TriLep_TTWToLNu.root
2026-01-08 23:11:47,891 - INFO - [2022EE] MISSING_CENTRAL: ZG1E2Mu/Central/convLep/phi in Skim_TriLep_DYJets10to50.root
2026-01-08 23:11:47,892 - INFO - [2022EE] MISSING_CENTRAL: ZG1E2Mu/Central/convLep/phi in Skim_TriLep_TTG_PTG10to100.root
2026-01-08 23:11:47,892 - INFO - [2022EE] MISSING_CENTRAL: ZG1E2Mu/Central/convLep/phi in Skim_TriLep_TTG_PTG100to200.root
2026-01-08 23:11:47,893 - INFO - [2022EE] MISSING_CENTRAL: ZG1E2Mu/Central/convLep/phi in Skim_TriLep_TTG_PTG200toInf.root
2026-01-08 23:11:47,893 - INFO - [2022EE] MISSING_CENTRAL: ZG1E2Mu/Central/convLep/phi in Skim_TriLep_TTWToLNu.root
2026-01-09 12:21:39,684 - INFO - [2022EE] MISSING_CENTRAL: ZG1E2Mu/Central/convLep/phi in Skim_TriLep_DYJets10to50.root
2026-01-09 12:21:39,685 - INFO - [2022EE] MISSING_CENTRAL: ZG1E2Mu/Central/convLep/phi in Skim_TriLep_TTG_PTG10to100.root
2026-01-09 12:21:39,685 - INFO - [2022EE] MISSING_CENTRAL: ZG1E2Mu/Central/convLep/phi in Skim_TriLep_TTG_PTG100to200.root
2026-01-09 12:21:39,686 - INFO - [2022EE] MISSING_CENTRAL: ZG1E2Mu/Central/convLep/phi in Skim_TriLep_TTG_PTG200toInf.root
2026-01-09 12:21:39,686 - INFO - [2022EE] MISSING_CENTRAL: ZG1E2Mu/Central/convLep/phi in Skim_TriLep_TTWToLNu.root
2026-01-09 12:21:44,650 - INFO - [2022EE] MISSING_CENTRAL: ZG1E2Mu/Central/convLep/phi in Skim_TriLep_DYJets10to50.root
2026-01-09 12:21:44,651 - INFO - [2022EE] MISSING_CENTRAL: ZG1E2Mu/Central/convLep/phi in Skim_TriLep_TTG_PTG10to100.root
2026-01-09 12:21:44,651 - INFO - [2022EE] MISSING_CENTRAL: ZG1E2Mu/Central/convLep/phi in Skim_TriLep_TTG_PTG100to200.root
2026-01-09 12:21:44,651 - INFO - [2022EE] MISSING_CENTRAL: ZG1E2Mu/Central/convLep/phi in Skim_TriLep_TTG_PTG200toInf.root
2026-01-09 12:21:44,651 - INFO - [2022EE] MISSING_CENTRAL: ZG1E2Mu/Central/convLep/phi in Skim_TriLep_TTWToLNu.root
2026-01-11 09:41:42,732 - INFO - [2022EE] MISSING_CENTRAL: ZG1E2Mu/Central/convLep/phi in Skim_TriLep_DYJets10to50.root
2026-01-11 09:41:42,732 - INFO - [2022EE] MISSING_CENTRAL: ZG1E2Mu/Central/convLep/phi in Skim_TriLep_TTG_PTG10to100.root
2026-01-11 09:41:42,733 - INFO - [2022EE] MISSING_CENTRAL: ZG1E2Mu/Central/convLep/phi in Skim_TriLep_TTG_PTG100to200.root
2026-01-11 09:41:42,733 - INFO - [2022EE] MISSING_CENTRAL: ZG1E2Mu/Central/convLep/phi in Skim_TriLep_TTG_PTG200toInf.root
2026-01-11 09:41:42,733 - INFO - [2022EE] MISSING_CENTRAL: ZG1E2Mu/Central/convLep/phi in Skim_TriLep_TTWToLNu.root
2026-01-11 09:41:47,657 - INFO - [2022EE] MISSING_CENTRAL: ZG1E2Mu/Central/convLep/phi in Skim_TriLep_DYJets10to50.root
2026-01-11 09:41:47,658 - INFO - [2022EE] MISSING_CENTRAL: ZG1E2Mu/Central/convLep/phi in Skim_TriLep_TTG_PTG10to100.root
2026-01-11 09:41:47,658 - INFO - [2022EE] MISSING_CENTRAL: ZG1E2Mu/Central/convLep/phi in Skim_TriLep_TTG_PTG100to200.root
2026-01-11 09:41:47,658 - INFO - [2022EE] MISSING_CENTRAL: ZG1E2Mu/Central/convLep/phi in Skim_TriLep_TTG_PTG200toInf.root
2026-01-11 09:41:47,659 - INFO - [2022EE] MISSING_CENTRAL: ZG1E2Mu/Central/convLep/phi in Skim_TriLep_TTWToLNu.root
2026-01-12 13:50:26,639 - INFO - [2022EE] MISSING_CENTRAL: ZG1E2Mu/Central/convLep/phi in Skim_TriLep_DYJets10to50.root
2026-01-12 13:50:26,639 - INFO - [2022EE] MISSING_CENTRAL: ZG1E2Mu/Central/convLep/phi in Skim_TriLep_TTG_PTG10to100.root
2026-01-12 13:50:26,640 - INFO - [2022EE] MISSING_CENTRAL: ZG1E2Mu/Central/convLep/phi in Skim_TriLep_TTG_PTG100to200.root
2026-01-12 13:50:26,640 - INFO - [2022EE] MISSING_CENTRAL: ZG1E2Mu/Central/convLep/phi in Skim_TriLep_TTG_PTG200toInf.root
2026-01-12 13:50:26,640 - INFO - [2022EE] MISSING_CENTRAL: ZG1E2Mu/Central/convLep/phi in Skim_TriLep_TTWToLNu.root
2026-01-12 13:50:31,636 - INFO - [2022EE] MISSING_CENTRAL: ZG1E2Mu/Central/convLep/phi in Skim_TriLep_DYJets10to50.root
2026-01-12 13:50:31,637 - INFO - [2022EE] MISSING_CENTRAL: ZG1E2Mu/Central/convLep/phi in Skim_TriLep_TTG_PTG10to100.root
2026-01-12 13:50:31,637 - INFO - [2022EE] MISSING_CENTRAL: ZG1E2Mu/Central/convLep/phi in Skim_TriLep_TTG_PTG100to200.root
2026-01-12 13:50:31,637 - INFO - [2022EE] MISSING_CENTRAL: ZG1E2Mu/Central/convLep/phi in Skim_TriLep_TTG_PTG200toInf.root
2026-01-12 13:50:31,637 - INFO - [2022EE] MISSING_CENTRAL: ZG1E2Mu/Central/convLep/phi in Skim_TriLep_TTWToLNu.root
2026-01-16 19:05:22,482 - INFO - [2022EE] MISSING_CENTRAL: ZG1E2Mu/Central/convLep/phi in Skim_TriLep_DYJets10to50.root
2026-01-16 19:05:22,482 - INFO - [2022EE] MISSING_CENTRAL: ZG1E2Mu/Central/convLep/phi in Skim_TriLep_TTG_PTG10to100.root
2026-01-16 19:05:22,483 - INFO - [2022EE] MISSING_CENTRAL: ZG1E2Mu/Central/convLep/phi in Skim_TriLep_TTG_PTG100to200.root
2026-01-16 19:05:22,483 - INFO - [2022EE] MISSING_CENTRAL: ZG1E2Mu/Central/convLep/phi in Skim_TriLep_TTG_PTG200toInf.root
2026-01-16 19:05:22,483 - INFO - [2022EE] MISSING_CENTRAL: ZG1E2Mu/Central/convLep/phi in Skim_TriLep_TTWToLNu.root
2026-01-16 19:05:27,659 - INFO - [2022EE] MISSING_CENTRAL: ZG1E2Mu/Central/convLep/phi in Skim_TriLep_DYJets10to50.root
2026-01-16 19:05:27,659 - INFO - [2022EE] MISSING_CENTRAL: ZG1E2Mu/Central/convLep/phi in Skim_TriLep_TTG_PTG10to100.root
2026-01-16 19:05:27,660 - INFO - [2022EE] MISSING_CENTRAL: ZG1E2Mu/Central/convLep/phi in Skim_TriLep_TTG_PTG100to200.root
2026-01-16 19:05:27,660 - INFO - [2022EE] MISSING_CENTRAL: ZG1E2Mu/Central/convLep/phi in Skim_TriLep_TTG_PTG200toInf.root
2026-01-16 19:05:27,660 - INFO - [2022EE] MISSING_CENTRAL: ZG1E2Mu/Central/convLep/phi in Skim_TriLep_TTWToLNu.root
