2025-09-24 15:57:54,429 - INFO - [2022EE] MISSING_CENTRAL: ZG1E2Mu/Central/electrons/1/pt in Skim_TriLep_DYJets10to50.root
2025-09-24 15:57:54,574 - INFO - [2022EE] MISSING_CENTRAL: ZG1E2Mu/Central/electrons/1/pt in Skim_TriLep_TTG_PTG100to200.root
2025-09-24 15:57:54,574 - INFO - [2022EE] MISSING_CENTRAL: ZG1E2Mu/Central/electrons/1/pt in Skim_TriLep_TTG_PTG200toInf.root
2025-09-24 15:57:54,574 - INFO - [2022EE] MISSING_CENTRAL: ZG1E2Mu/Central/electrons/1/pt in Skim_TriLep_TTWToLNu.root
2025-09-24 15:58:04,648 - INFO - [2022EE] MISSING_CENTRAL: ZG1E2Mu/Central/electrons/1/pt in Skim_TriLep_DYJets10to50.root
2025-09-24 15:58:04,650 - INFO - [2022EE] MISSING_CENTRAL: ZG1E2Mu/Central/electrons/1/pt in Skim_TriLep_TTG_PTG100to200.root
2025-09-24 15:58:04,650 - INFO - [2022EE] MISSING_CENTRAL: ZG1E2Mu/Central/electrons/1/pt in Skim_TriLep_TTG_PTG200toInf.root
2025-09-24 15:58:04,650 - INFO - [2022EE] MISSING_CENTRAL: ZG1E2Mu/Central/electrons/1/pt in Skim_TriLep_TTWToLNu.root
2025-10-02 21:18:21,381 - INFO - [2022EE] MISSING_CENTRAL: ZG1E2Mu/Central/electrons/1/pt in Skim_TriLep_DYJets10to50.root
2025-10-02 21:18:22,043 - INFO - [2022EE] MISSING_CENTRAL: ZG1E2Mu/Central/electrons/1/pt in Skim_TriLep_TTG_PTG100to200.root
2025-10-02 21:18:22,044 - INFO - [2022EE] MISSING_CENTRAL: ZG1E2Mu/Central/electrons/1/pt in Skim_TriLep_TTG_PTG200toInf.root
2025-10-02 21:18:22,045 - INFO - [2022EE] MISSING_CENTRAL: ZG1E2Mu/Central/electrons/1/pt in Skim_TriLep_TTWToLNu.root
2025-10-02 21:18:28,943 - INFO - [2022EE] MISSING_CENTRAL: ZG1E2Mu/Central/electrons/1/pt in Skim_TriLep_DYJets10to50.root
2025-10-02 21:18:28,951 - INFO - [2022EE] MISSING_CENTRAL: ZG1E2Mu/Central/electrons/1/pt in Skim_TriLep_TTG_PTG100to200.root
2025-10-02 21:18:28,952 - INFO - [2022EE] MISSING_CENTRAL: ZG1E2Mu/Central/electrons/1/pt in Skim_TriLep_TTG_PTG200toInf.root
2025-10-02 21:18:28,953 - INFO - [2022EE] MISSING_CENTRAL: ZG1E2Mu/Central/electrons/1/pt in Skim_TriLep_TTWToLNu.root
2025-10-03 00:25:49,640 - INFO - [2022EE] MISSING_CENTRAL: ZG1E2Mu/Central/electrons/1/pt in Skim_TriLep_DYJets10to50.root
2025-10-03 00:25:49,747 - INFO - [2022EE] MISSING_CENTRAL: ZG1E2Mu/Central/electrons/1/pt in Skim_TriLep_TTG_PTG100to200.root
2025-10-03 00:25:49,747 - INFO - [2022EE] MISSING_CENTRAL: ZG1E2Mu/Central/electrons/1/pt in Skim_TriLep_TTG_PTG200toInf.root
2025-10-03 00:25:49,748 - INFO - [2022EE] MISSING_CENTRAL: ZG1E2Mu/Central/electrons/1/pt in Skim_TriLep_TTWToLNu.root
2025-10-03 00:26:00,682 - INFO - [2022EE] MISSING_CENTRAL: ZG1E2Mu/Central/electrons/1/pt in Skim_TriLep_DYJets10to50.root
2025-10-03 00:26:00,685 - INFO - [2022EE] MISSING_CENTRAL: ZG1E2Mu/Central/electrons/1/pt in Skim_TriLep_TTG_PTG100to200.root
2025-10-03 00:26:00,686 - INFO - [2022EE] MISSING_CENTRAL: ZG1E2Mu/Central/electrons/1/pt in Skim_TriLep_TTG_PTG200toInf.root
2025-10-03 00:26:00,686 - INFO - [2022EE] MISSING_CENTRAL: ZG1E2Mu/Central/electrons/1/pt in Skim_TriLep_TTWToLNu.root
2025-11-07 13:10:18,758 - INFO - [2022EE] MISSING_CENTRAL: ZG1E2Mu/Central/electrons/1/pt in Skim_TriLep_DYJets10to50.root
2025-11-07 13:10:18,851 - INFO - [2022EE] MISSING_CENTRAL: ZG1E2Mu/Central/electrons/1/pt in Skim_TriLep_TTG_PTG100to200.root
2025-11-07 13:10:18,851 - INFO - [2022EE] MISSING_CENTRAL: ZG1E2Mu/Central/electrons/1/pt in Skim_TriLep_TTG_PTG200toInf.root
2025-11-07 13:10:18,852 - INFO - [2022EE] MISSING_CENTRAL: ZG1E2Mu/Central/electrons/1/pt in Skim_TriLep_TTWToLNu.root
2025-11-07 13:10:24,099 - INFO - [2022EE] MISSING_CENTRAL: ZG1E2Mu/Central/electrons/1/pt in Skim_TriLep_DYJets10to50.root
2025-11-07 13:10:24,104 - INFO - [2022EE] MISSING_CENTRAL: ZG1E2Mu/Central/electrons/1/pt in Skim_TriLep_TTG_PTG100to200.root
2025-11-07 13:10:24,104 - INFO - [2022EE] MISSING_CENTRAL: ZG1E2Mu/Central/electrons/1/pt in Skim_TriLep_TTG_PTG200toInf.root
2025-11-07 13:10:24,105 - INFO - [2022EE] MISSING_CENTRAL: ZG1E2Mu/Central/electrons/1/pt in Skim_TriLep_TTWToLNu.root
2025-11-07 14:07:57,456 - INFO - [2022EE] MISSING_CENTRAL: ZG1E2Mu/Central/electrons/1/pt in Skim_TriLep_DYJets10to50.root
2025-11-07 14:07:57,533 - INFO - [2022EE] MISSING_CENTRAL: ZG1E2Mu/Central/electrons/1/pt in Skim_TriLep_TTG_PTG100to200.root
2025-11-07 14:07:57,534 - INFO - [2022EE] MISSING_CENTRAL: ZG1E2Mu/Central/electrons/1/pt in Skim_TriLep_TTG_PTG200toInf.root
2025-11-07 14:07:57,534 - INFO - [2022EE] MISSING_CENTRAL: ZG1E2Mu/Central/electrons/1/pt in Skim_TriLep_TTWToLNu.root
2025-11-07 14:08:02,695 - INFO - [2022EE] MISSING_CENTRAL: ZG1E2Mu/Central/electrons/1/pt in Skim_TriLep_DYJets10to50.root
2025-11-07 14:08:02,700 - INFO - [2022EE] MISSING_CENTRAL: ZG1E2Mu/Central/electrons/1/pt in Skim_TriLep_TTG_PTG100to200.root
2025-11-07 14:08:02,700 - INFO - [2022EE] MISSING_CENTRAL: ZG1E2Mu/Central/electrons/1/pt in Skim_TriLep_TTG_PTG200toInf.root
2025-11-07 14:08:02,701 - INFO - [2022EE] MISSING_CENTRAL: ZG1E2Mu/Central/electrons/1/pt in Skim_TriLep_TTWToLNu.root
2025-11-10 12:23:29,638 - INFO - [2022EE] MISSING_CENTRAL: ZG1E2Mu/Central/electrons/1/pt in Skim_TriLep_DYJets10to50.root
2025-11-10 12:23:29,717 - INFO - [2022EE] MISSING_CENTRAL: ZG1E2Mu/Central/electrons/1/pt in Skim_TriLep_TTG_PTG100to200.root
2025-11-10 12:23:29,717 - INFO - [2022EE] MISSING_CENTRAL: ZG1E2Mu/Central/electrons/1/pt in Skim_TriLep_TTG_PTG200toInf.root
2025-11-10 12:23:29,718 - INFO - [2022EE] MISSING_CENTRAL: ZG1E2Mu/Central/electrons/1/pt in Skim_TriLep_TTWToLNu.root
2025-11-10 12:23:34,655 - INFO - [2022EE] MISSING_CENTRAL: ZG1E2Mu/Central/electrons/1/pt in Skim_TriLep_DYJets10to50.root
2025-11-10 12:23:34,660 - INFO - [2022EE] MISSING_CENTRAL: ZG1E2Mu/Central/electrons/1/pt in Skim_TriLep_TTG_PTG100to200.root
2025-11-10 12:23:34,661 - INFO - [2022EE] MISSING_CENTRAL: ZG1E2Mu/Central/electrons/1/pt in Skim_TriLep_TTG_PTG200toInf.root
2025-11-10 12:23:34,661 - INFO - [2022EE] MISSING_CENTRAL: ZG1E2Mu/Central/electrons/1/pt in Skim_TriLep_TTWToLNu.root
2025-11-13 11:13:17,719 - INFO - [2022EE] MISSING_CENTRAL: ZG1E2Mu/Central/electrons/1/pt in Skim_TriLep_DYJets10to50.root
2025-11-13 11:13:17,925 - INFO - [2022EE] MISSING_CENTRAL: ZG1E2Mu/Central/electrons/1/pt in Skim_TriLep_TTG_PTG100to200.root
2025-11-13 11:13:17,926 - INFO - [2022EE] MISSING_CENTRAL: ZG1E2Mu/Central/electrons/1/pt in Skim_TriLep_TTG_PTG200toInf.root
2025-11-13 11:13:17,926 - INFO - [2022EE] MISSING_CENTRAL: ZG1E2Mu/Central/electrons/1/pt in Skim_TriLep_TTWToLNu.root
2025-11-13 11:13:24,360 - INFO - [2022EE] MISSING_CENTRAL: ZG1E2Mu/Central/electrons/1/pt in Skim_TriLep_DYJets10to50.root
2025-11-13 11:13:24,368 - INFO - [2022EE] MISSING_CENTRAL: ZG1E2Mu/Central/electrons/1/pt in Skim_TriLep_TTG_PTG100to200.root
2025-11-13 11:13:24,369 - INFO - [2022EE] MISSING_CENTRAL: ZG1E2Mu/Central/electrons/1/pt in Skim_TriLep_TTG_PTG200toInf.root
2025-11-13 11:13:24,370 - INFO - [2022EE] MISSING_CENTRAL: ZG1E2Mu/Central/electrons/1/pt in Skim_TriLep_TTWToLNu.root
2025-11-19 00:18:28,693 - INFO - [2022EE] MISSING_CENTRAL: ZG1E2Mu/Central/electrons/1/pt in Skim_TriLep_DYJets10to50.root
2025-11-19 00:18:28,877 - INFO - [2022EE] MISSING_CENTRAL: ZG1E2Mu/Central/electrons/1/pt in Skim_TriLep_TTG_PTG100to200.root
2025-11-19 00:18:28,887 - INFO - [2022EE] MISSING_CENTRAL: ZG1E2Mu/Central/electrons/1/pt in Skim_TriLep_TTG_PTG200toInf.root
2025-11-19 00:18:28,893 - INFO - [2022EE] MISSING_CENTRAL: ZG1E2Mu/Central/electrons/1/pt in Skim_TriLep_TTWToLNu.root
2025-11-19 00:18:34,815 - INFO - [2022EE] MISSING_CENTRAL: ZG1E2Mu/Central/electrons/1/pt in Skim_TriLep_DYJets10to50.root
2025-11-19 00:18:34,829 - INFO - [2022EE] MISSING_CENTRAL: ZG1E2Mu/Central/electrons/1/pt in Skim_TriLep_TTG_PTG100to200.root
2025-11-19 00:18:34,830 - INFO - [2022EE] MISSING_CENTRAL: ZG1E2Mu/Central/electrons/1/pt in Skim_TriLep_TTG_PTG200toInf.root
2025-11-19 00:18:34,831 - INFO - [2022EE] MISSING_CENTRAL: ZG1E2Mu/Central/electrons/1/pt in Skim_TriLep_TTWToLNu.root
2025-11-19 15:43:41,350 - INFO - [2022EE] MISSING_CENTRAL: ZG1E2Mu/Central/electrons/1/pt in Skim_TriLep_DYJets10to50.root
2025-11-19 15:43:41,439 - INFO - [2022EE] MISSING_CENTRAL: ZG1E2Mu/Central/electrons/1/pt in Skim_TriLep_TTG_PTG100to200.root
2025-11-19 15:43:41,439 - INFO - [2022EE] MISSING_CENTRAL: ZG1E2Mu/Central/electrons/1/pt in Skim_TriLep_TTG_PTG200toInf.root
2025-11-19 15:43:41,440 - INFO - [2022EE] MISSING_CENTRAL: ZG1E2Mu/Central/electrons/1/pt in Skim_TriLep_TTWToLNu.root
2025-11-19 15:43:46,599 - INFO - [2022EE] MISSING_CENTRAL: ZG1E2Mu/Central/electrons/1/pt in Skim_TriLep_DYJets10to50.root
2025-11-19 15:43:46,604 - INFO - [2022EE] MISSING_CENTRAL: ZG1E2Mu/Central/electrons/1/pt in Skim_TriLep_TTG_PTG100to200.root
2025-11-19 15:43:46,605 - INFO - [2022EE] MISSING_CENTRAL: ZG1E2Mu/Central/electrons/1/pt in Skim_TriLep_TTG_PTG200toInf.root
2025-11-19 15:43:46,605 - INFO - [2022EE] MISSING_CENTRAL: ZG1E2Mu/Central/electrons/1/pt in Skim_TriLep_TTWToLNu.root
2025-11-19 16:25:55,577 - INFO - [2022EE] MISSING_CENTRAL: ZG1E2Mu/Central/electrons/1/pt in Skim_TriLep_DYJets10to50.root
2025-11-19 16:25:55,769 - INFO - [2022EE] MISSING_CENTRAL: ZG1E2Mu/Central/electrons/1/pt in Skim_TriLep_TTG_PTG100to200.root
2025-11-19 16:25:55,774 - INFO - [2022EE] MISSING_CENTRAL: ZG1E2Mu/Central/electrons/1/pt in Skim_TriLep_TTG_PTG200toInf.root
2025-11-19 16:25:55,775 - INFO - [2022EE] MISSING_CENTRAL: ZG1E2Mu/Central/electrons/1/pt in Skim_TriLep_TTWToLNu.root
2025-11-19 16:26:01,353 - INFO - [2022EE] MISSING_CENTRAL: ZG1E2Mu/Central/electrons/1/pt in Skim_TriLep_DYJets10to50.root
2025-11-19 16:26:01,358 - INFO - [2022EE] MISSING_CENTRAL: ZG1E2Mu/Central/electrons/1/pt in Skim_TriLep_TTG_PTG100to200.root
2025-11-19 16:26:01,359 - INFO - [2022EE] MISSING_CENTRAL: ZG1E2Mu/Central/electrons/1/pt in Skim_TriLep_TTG_PTG200toInf.root
2025-11-19 16:26:01,359 - INFO - [2022EE] MISSING_CENTRAL: ZG1E2Mu/Central/electrons/1/pt in Skim_TriLep_TTWToLNu.root
2025-12-17 12:26:56,654 - INFO - [2022EE] MISSING_CENTRAL: ZG1E2Mu/Central/electrons/1/pt in Skim_TriLep_DYJets10to50.root
2025-12-17 12:26:56,655 - INFO - [2022EE] MISSING_CENTRAL: ZG1E2Mu/Central/electrons/1/pt in Skim_TriLep_TTG_PTG10to100.root
2025-12-17 12:26:56,656 - INFO - [2022EE] MISSING_CENTRAL: ZG1E2Mu/Central/electrons/1/pt in Skim_TriLep_TTG_PTG100to200.root
2025-12-17 12:26:56,657 - INFO - [2022EE] MISSING_CENTRAL: ZG1E2Mu/Central/electrons/1/pt in Skim_TriLep_TTG_PTG200toInf.root
2025-12-17 12:26:56,658 - INFO - [2022EE] MISSING_CENTRAL: ZG1E2Mu/Central/electrons/1/pt in Skim_TriLep_TTWToLNu.root
2025-12-17 12:27:02,109 - INFO - [2022EE] MISSING_CENTRAL: ZG1E2Mu/Central/electrons/1/pt in Skim_TriLep_DYJets10to50.root
2025-12-17 12:27:02,110 - INFO - [2022EE] MISSING_CENTRAL: ZG1E2Mu/Central/electrons/1/pt in Skim_TriLep_TTG_PTG10to100.root
2025-12-17 12:27:02,111 - INFO - [2022EE] MISSING_CENTRAL: ZG1E2Mu/Central/electrons/1/pt in Skim_TriLep_TTG_PTG100to200.root
2025-12-17 12:27:02,112 - INFO - [2022EE] MISSING_CENTRAL: ZG1E2Mu/Central/electrons/1/pt in Skim_TriLep_TTG_PTG200toInf.root
2025-12-17 12:27:02,113 - INFO - [2022EE] MISSING_CENTRAL: ZG1E2Mu/Central/electrons/1/pt in Skim_TriLep_TTWToLNu.root
2025-12-17 16:08:38,287 - INFO - [2022EE] MISSING_CENTRAL: ZG1E2Mu/Central/electrons/1/pt in Skim_TriLep_DYJets10to50.root
2025-12-17 16:08:38,288 - INFO - [2022EE] MISSING_CENTRAL: ZG1E2Mu/Central/electrons/1/pt in Skim_TriLep_TTG_PTG10to100.root
2025-12-17 16:08:38,288 - INFO - [2022EE] MISSING_CENTRAL: ZG1E2Mu/Central/electrons/1/pt in Skim_TriLep_TTG_PTG100to200.root
2025-12-17 16:08:38,289 - INFO - [2022EE] MISSING_CENTRAL: ZG1E2Mu/Central/electrons/1/pt in Skim_TriLep_TTG_PTG200toInf.root
2025-12-17 16:08:38,289 - INFO - [2022EE] MISSING_CENTRAL: ZG1E2Mu/Central/electrons/1/pt in Skim_TriLep_TTWToLNu.root
2025-12-17 16:08:43,136 - INFO - [2022EE] MISSING_CENTRAL: ZG1E2Mu/Central/electrons/1/pt in Skim_TriLep_DYJets10to50.root
2025-12-17 16:08:43,137 - INFO - [2022EE] MISSING_CENTRAL: ZG1E2Mu/Central/electrons/1/pt in Skim_TriLep_TTG_PTG10to100.root
2025-12-17 16:08:43,138 - INFO - [2022EE] MISSING_CENTRAL: ZG1E2Mu/Central/electrons/1/pt in Skim_TriLep_TTG_PTG100to200.root
2025-12-17 16:08:43,139 - INFO - [2022EE] MISSING_CENTRAL: ZG1E2Mu/Central/electrons/1/pt in Skim_TriLep_TTG_PTG200toInf.root
2025-12-17 16:08:43,139 - INFO - [2022EE] MISSING_CENTRAL: ZG1E2Mu/Central/electrons/1/pt in Skim_TriLep_TTWToLNu.root
2025-12-17 22:40:36,742 - INFO - [2022EE] MISSING_CENTRAL: ZG1E2Mu/Central/electrons/1/pt in Skim_TriLep_DYJets10to50.root
2025-12-17 22:40:36,743 - INFO - [2022EE] MISSING_CENTRAL: ZG1E2Mu/Central/electrons/1/pt in Skim_TriLep_TTG_PTG10to100.root
2025-12-17 22:40:36,747 - INFO - [2022EE] MISSING_CENTRAL: ZG1E2Mu/Central/electrons/1/pt in Skim_TriLep_TTG_PTG100to200.root
2025-12-17 22:40:36,748 - INFO - [2022EE] MISSING_CENTRAL: ZG1E2Mu/Central/electrons/1/pt in Skim_TriLep_TTG_PTG200toInf.root
2025-12-17 22:40:36,750 - INFO - [2022EE] MISSING_CENTRAL: ZG1E2Mu/Central/electrons/1/pt in Skim_TriLep_TTWToLNu.root
2025-12-17 22:40:42,188 - INFO - [2022EE] MISSING_CENTRAL: ZG1E2Mu/Central/electrons/1/pt in Skim_TriLep_DYJets10to50.root
2025-12-17 22:40:42,189 - INFO - [2022EE] MISSING_CENTRAL: ZG1E2Mu/Central/electrons/1/pt in Skim_TriLep_TTG_PTG10to100.root
2025-12-17 22:40:42,190 - INFO - [2022EE] MISSING_CENTRAL: ZG1E2Mu/Central/electrons/1/pt in Skim_TriLep_TTG_PTG100to200.root
2025-12-17 22:40:42,191 - INFO - [2022EE] MISSING_CENTRAL: ZG1E2Mu/Central/electrons/1/pt in Skim_TriLep_TTG_PTG200toInf.root
2025-12-17 22:40:42,192 - INFO - [2022EE] MISSING_CENTRAL: ZG1E2Mu/Central/electrons/1/pt in Skim_TriLep_TTWToLNu.root
2025-12-18 14:25:45,720 - INFO - [2022EE] MISSING_CENTRAL: ZG1E2Mu/Central/electrons/1/pt in Skim_TriLep_DYJets10to50.root
2025-12-18 14:25:45,723 - INFO - [2022EE] MISSING_CENTRAL: ZG1E2Mu/Central/electrons/1/pt in Skim_TriLep_TTG_PTG10to100.root
2025-12-18 14:25:45,744 - INFO - [2022EE] MISSING_CENTRAL: ZG1E2Mu/Central/electrons/1/pt in Skim_TriLep_TTG_PTG100to200.root
2025-12-18 14:25:45,745 - INFO - [2022EE] MISSING_CENTRAL: ZG1E2Mu/Central/electrons/1/pt in Skim_TriLep_TTG_PTG200toInf.root
2025-12-18 14:25:45,745 - INFO - [2022EE] MISSING_CENTRAL: ZG1E2Mu/Central/electrons/1/pt in Skim_TriLep_TTWToLNu.root
2025-12-18 14:25:51,194 - INFO - [2022EE] MISSING_CENTRAL: ZG1E2Mu/Central/electrons/1/pt in Skim_TriLep_DYJets10to50.root
2025-12-18 14:25:51,195 - INFO - [2022EE] MISSING_CENTRAL: ZG1E2Mu/Central/electrons/1/pt in Skim_TriLep_TTG_PTG10to100.root
2025-12-18 14:25:51,196 - INFO - [2022EE] MISSING_CENTRAL: ZG1E2Mu/Central/electrons/1/pt in Skim_TriLep_TTG_PTG100to200.root
2025-12-18 14:25:51,196 - INFO - [2022EE] MISSING_CENTRAL: ZG1E2Mu/Central/electrons/1/pt in Skim_TriLep_TTG_PTG200toInf.root
2025-12-18 14:25:51,197 - INFO - [2022EE] MISSING_CENTRAL: ZG1E2Mu/Central/electrons/1/pt in Skim_TriLep_TTWToLNu.root
2025-12-18 14:41:07,204 - INFO - [2022EE] MISSING_CENTRAL: ZG1E2Mu/Central/electrons/1/pt in Skim_TriLep_DYJets10to50.root
2025-12-18 14:41:07,205 - INFO - [2022EE] MISSING_CENTRAL: ZG1E2Mu/Central/electrons/1/pt in Skim_TriLep_TTG_PTG10to100.root
2025-12-18 14:41:07,206 - INFO - [2022EE] MISSING_CENTRAL: ZG1E2Mu/Central/electrons/1/pt in Skim_TriLep_TTG_PTG100to200.root
2025-12-18 14:41:07,207 - INFO - [2022EE] MISSING_CENTRAL: ZG1E2Mu/Central/electrons/1/pt in Skim_TriLep_TTG_PTG200toInf.root
2025-12-18 14:41:07,208 - INFO - [2022EE] MISSING_CENTRAL: ZG1E2Mu/Central/electrons/1/pt in Skim_TriLep_TTWToLNu.root
2025-12-18 14:41:13,242 - INFO - [2022EE] MISSING_CENTRAL: ZG1E2Mu/Central/electrons/1/pt in Skim_TriLep_DYJets10to50.root
2025-12-18 14:41:13,243 - INFO - [2022EE] MISSING_CENTRAL: ZG1E2Mu/Central/electrons/1/pt in Skim_TriLep_TTG_PTG10to100.root
2025-12-18 14:41:13,244 - INFO - [2022EE] MISSING_CENTRAL: ZG1E2Mu/Central/electrons/1/pt in Skim_TriLep_TTG_PTG100to200.root
2025-12-18 14:41:13,245 - INFO - [2022EE] MISSING_CENTRAL: ZG1E2Mu/Central/electrons/1/pt in Skim_TriLep_TTG_PTG200toInf.root
2025-12-18 14:41:13,246 - INFO - [2022EE] MISSING_CENTRAL: ZG1E2Mu/Central/electrons/1/pt in Skim_TriLep_TTWToLNu.root
2026-01-07 11:50:31,558 - INFO - [2022EE] MISSING_FILE: /data9/Users/choij/Sync/workspace/ChargedHiggsAnalysisV3/SKNanoOutput/CRPromptSelector/Run1E2Mu/2022EE/Skim_TriLep_MuonEG_E.root
2026-01-07 11:50:31,559 - INFO - [2022EE] MISSING_FILE: /data9/Users/choij/Sync/workspace/ChargedHiggsAnalysisV3/SKNanoOutput/CRPromptSelector/Run1E2Mu/2022EE/Skim_TriLep_MuonEG_F.root
2026-01-07 11:50:31,586 - INFO - [2022EE] MISSING_FILE: /data9/Users/choij/Sync/workspace/ChargedHiggsAnalysisV3/SKNanoOutput/CRPromptSelector/Run1E2Mu/2022EE/Skim_TriLep_MuonEG_G.root
2026-01-07 11:50:35,187 - INFO - [2022EE] MISSING_FILE: /data9/Users/choij/Sync/workspace/ChargedHiggsAnalysisV3/SKNanoOutput/CRPromptSelector/Run1E2Mu/2022EE/Skim_TriLep_MuonEG_E.root
2026-01-07 11:50:35,187 - INFO - [2022EE] MISSING_FILE: /data9/Users/choij/Sync/workspace/ChargedHiggsAnalysisV3/SKNanoOutput/CRPromptSelector/Run1E2Mu/2022EE/Skim_TriLep_MuonEG_F.root
2026-01-07 11:50:35,188 - INFO - [2022EE] MISSING_FILE: /data9/Users/choij/Sync/workspace/ChargedHiggsAnalysisV3/SKNanoOutput/CRPromptSelector/Run1E2Mu/2022EE/Skim_TriLep_MuonEG_G.root
