2025-09-24 15:57:54,542 - INFO - [2022EE] MISSING_CENTRAL: ZG1E2Mu/Central/muons/2/phi in Skim_TriLep_DYJets10to50.root
2025-09-24 15:57:54,584 - INFO - [2022EE] MISSING_CENTRAL: ZG1E2Mu/Central/muons/2/phi in Skim_TriLep_TTG_PTG100to200.root
2025-09-24 15:57:54,584 - INFO - [2022EE] MISSING_CENTRAL: ZG1E2Mu/Central/muons/2/phi in Skim_TriLep_TTG_PTG200toInf.root
2025-09-24 15:57:54,584 - INFO - [2022EE] MISSING_CENTRAL: ZG1E2Mu/Central/muons/2/phi in Skim_TriLep_TTWToLNu.root
2025-09-24 15:58:04,613 - INFO - [2022EE] MISSING_CENTRAL: ZG1E2Mu/Central/muons/2/phi in Skim_TriLep_DYJets10to50.root
2025-09-24 15:58:04,615 - INFO - [2022EE] MISSING_CENTRAL: ZG1E2Mu/Central/muons/2/phi in Skim_TriLep_TTG_PTG100to200.root
2025-09-24 15:58:04,615 - INFO - [2022EE] MISSING_CENTRAL: ZG1E2Mu/Central/muons/2/phi in Skim_TriLep_TTG_PTG200toInf.root
2025-09-24 15:58:04,615 - INFO - [2022EE] MISSING_CENTRAL: ZG1E2Mu/Central/muons/2/phi in Skim_TriLep_TTWToLNu.root
2025-10-02 21:18:21,377 - INFO - [2022EE] MISSING_CENTRAL: ZG1E2Mu/Central/muons/2/phi in Skim_TriLep_DYJets10to50.root
2025-10-02 21:18:22,033 - INFO - [2022EE] MISSING_CENTRAL: ZG1E2Mu/Central/muons/2/phi in Skim_TriLep_TTG_PTG100to200.root
2025-10-02 21:18:22,034 - INFO - [2022EE] MISSING_CENTRAL: ZG1E2Mu/Central/muons/2/phi in Skim_TriLep_TTG_PTG200toInf.root
2025-10-02 21:18:22,034 - INFO - [2022EE] MISSING_CENTRAL: ZG1E2Mu/Central/muons/2/phi in Skim_TriLep_TTWToLNu.root
2025-10-02 21:18:28,915 - INFO - [2022EE] MISSING_CENTRAL: ZG1E2Mu/Central/muons/2/phi in Skim_TriLep_DYJets10to50.root
2025-10-02 21:18:28,925 - INFO - [2022EE] MISSING_CENTRAL: ZG1E2Mu/Central/muons/2/phi in Skim_TriLep_TTG_PTG100to200.root
2025-10-02 21:18:28,926 - INFO - [2022EE] MISSING_CENTRAL: ZG1E2Mu/Central/muons/2/phi in Skim_TriLep_TTG_PTG200toInf.root
2025-10-02 21:18:28,928 - INFO - [2022EE] MISSING_CENTRAL: ZG1E2Mu/Central/muons/2/phi in Skim_TriLep_TTWToLNu.root
2025-10-03 00:25:49,633 - INFO - [2022EE] MISSING_CENTRAL: ZG1E2Mu/Central/muons/2/phi in Skim_TriLep_DYJets10to50.root
2025-10-03 00:25:49,700 - INFO - [2022EE] MISSING_CENTRAL: ZG1E2Mu/Central/muons/2/phi in Skim_TriLep_TTG_PTG100to200.root
2025-10-03 00:25:49,700 - INFO - [2022EE] MISSING_CENTRAL: ZG1E2Mu/Central/muons/2/phi in Skim_TriLep_TTG_PTG200toInf.root
2025-10-03 00:25:49,700 - INFO - [2022EE] MISSING_CENTRAL: ZG1E2Mu/Central/muons/2/phi in Skim_TriLep_TTWToLNu.root
2025-10-03 00:26:00,706 - INFO - [2022EE] MISSING_CENTRAL: ZG1E2Mu/Central/muons/2/phi in Skim_TriLep_DYJets10to50.root
2025-10-03 00:26:00,710 - INFO - [2022EE] MISSING_CENTRAL: ZG1E2Mu/Central/muons/2/phi in Skim_TriLep_TTG_PTG100to200.root
2025-10-03 00:26:00,710 - INFO - [2022EE] MISSING_CENTRAL: ZG1E2Mu/Central/muons/2/phi in Skim_TriLep_TTG_PTG200toInf.root
2025-10-03 00:26:00,710 - INFO - [2022EE] MISSING_CENTRAL: ZG1E2Mu/Central/muons/2/phi in Skim_TriLep_TTWToLNu.root
2025-11-07 13:10:18,755 - INFO - [2022EE] MISSING_CENTRAL: ZG1E2Mu/Central/muons/2/phi in Skim_TriLep_DYJets10to50.root
2025-11-07 13:10:18,848 - INFO - [2022EE] MISSING_CENTRAL: ZG1E2Mu/Central/muons/2/phi in Skim_TriLep_TTG_PTG100to200.root
2025-11-07 13:10:18,849 - INFO - [2022EE] MISSING_CENTRAL: ZG1E2Mu/Central/muons/2/phi in Skim_TriLep_TTG_PTG200toInf.root
2025-11-07 13:10:18,849 - INFO - [2022EE] MISSING_CENTRAL: ZG1E2Mu/Central/muons/2/phi in Skim_TriLep_TTWToLNu.root
2025-11-07 13:10:24,180 - INFO - [2022EE] MISSING_CENTRAL: ZG1E2Mu/Central/muons/2/phi in Skim_TriLep_DYJets10to50.root
2025-11-07 13:10:24,184 - INFO - [2022EE] MISSING_CENTRAL: ZG1E2Mu/Central/muons/2/phi in Skim_TriLep_TTG_PTG100to200.root
2025-11-07 13:10:24,185 - INFO - [2022EE] MISSING_CENTRAL: ZG1E2Mu/Central/muons/2/phi in Skim_TriLep_TTG_PTG200toInf.root
2025-11-07 13:10:24,185 - INFO - [2022EE] MISSING_CENTRAL: ZG1E2Mu/Central/muons/2/phi in Skim_TriLep_TTWToLNu.root
2025-11-07 14:07:57,476 - INFO - [2022EE] MISSING_CENTRAL: ZG1E2Mu/Central/muons/2/phi in Skim_TriLep_DYJets10to50.root
2025-11-07 14:07:57,519 - INFO - [2022EE] MISSING_CENTRAL: ZG1E2Mu/Central/muons/2/phi in Skim_TriLep_TTG_PTG100to200.root
2025-11-07 14:07:57,519 - INFO - [2022EE] MISSING_CENTRAL: ZG1E2Mu/Central/muons/2/phi in Skim_TriLep_TTG_PTG200toInf.root
2025-11-07 14:07:57,520 - INFO - [2022EE] MISSING_CENTRAL: ZG1E2Mu/Central/muons/2/phi in Skim_TriLep_TTWToLNu.root
2025-11-07 14:08:02,757 - INFO - [2022EE] MISSING_CENTRAL: ZG1E2Mu/Central/muons/2/phi in Skim_TriLep_DYJets10to50.root
2025-11-07 14:08:02,761 - INFO - [2022EE] MISSING_CENTRAL: ZG1E2Mu/Central/muons/2/phi in Skim_TriLep_TTG_PTG100to200.root
2025-11-07 14:08:02,762 - INFO - [2022EE] MISSING_CENTRAL: ZG1E2Mu/Central/muons/2/phi in Skim_TriLep_TTG_PTG200toInf.root
2025-11-07 14:08:02,762 - INFO - [2022EE] MISSING_CENTRAL: ZG1E2Mu/Central/muons/2/phi in Skim_TriLep_TTWToLNu.root
2025-11-10 12:23:29,312 - INFO - [2022EE] MISSING_CENTRAL: ZG1E2Mu/Central/muons/2/phi in Skim_TriLep_DYJets10to50.root
2025-11-10 12:23:29,362 - INFO - [2022EE] MISSING_CENTRAL: ZG1E2Mu/Central/muons/2/phi in Skim_TriLep_TTG_PTG100to200.root
2025-11-10 12:23:29,362 - INFO - [2022EE] MISSING_CENTRAL: ZG1E2Mu/Central/muons/2/phi in Skim_TriLep_TTG_PTG200toInf.root
2025-11-10 12:23:29,363 - INFO - [2022EE] MISSING_CENTRAL: ZG1E2Mu/Central/muons/2/phi in Skim_TriLep_TTWToLNu.root
2025-11-10 12:23:34,364 - INFO - [2022EE] MISSING_CENTRAL: ZG1E2Mu/Central/muons/2/phi in Skim_TriLep_DYJets10to50.root
2025-11-10 12:23:34,375 - INFO - [2022EE] MISSING_CENTRAL: ZG1E2Mu/Central/muons/2/phi in Skim_TriLep_TTG_PTG100to200.root
2025-11-10 12:23:34,377 - INFO - [2022EE] MISSING_CENTRAL: ZG1E2Mu/Central/muons/2/phi in Skim_TriLep_TTG_PTG200toInf.root
2025-11-10 12:23:34,378 - INFO - [2022EE] MISSING_CENTRAL: ZG1E2Mu/Central/muons/2/phi in Skim_TriLep_TTWToLNu.root
2025-11-13 11:13:17,022 - INFO - [2022EE] MISSING_CENTRAL: ZG1E2Mu/Central/muons/2/phi in Skim_TriLep_DYJets10to50.root
2025-11-13 11:13:17,923 - INFO - [2022EE] MISSING_CENTRAL: ZG1E2Mu/Central/muons/2/phi in Skim_TriLep_TTG_PTG100to200.root
2025-11-13 11:13:17,924 - INFO - [2022EE] MISSING_CENTRAL: ZG1E2Mu/Central/muons/2/phi in Skim_TriLep_TTG_PTG200toInf.root
2025-11-13 11:13:17,925 - INFO - [2022EE] MISSING_CENTRAL: ZG1E2Mu/Central/muons/2/phi in Skim_TriLep_TTWToLNu.root
2025-11-13 11:13:24,334 - INFO - [2022EE] MISSING_CENTRAL: ZG1E2Mu/Central/muons/2/phi in Skim_TriLep_DYJets10to50.root
2025-11-13 11:13:24,340 - INFO - [2022EE] MISSING_CENTRAL: ZG1E2Mu/Central/muons/2/phi in Skim_TriLep_TTG_PTG100to200.root
2025-11-13 11:13:24,340 - INFO - [2022EE] MISSING_CENTRAL: ZG1E2Mu/Central/muons/2/phi in Skim_TriLep_TTG_PTG200toInf.root
2025-11-13 11:13:24,341 - INFO - [2022EE] MISSING_CENTRAL: ZG1E2Mu/Central/muons/2/phi in Skim_TriLep_TTWToLNu.root
2025-11-19 00:18:29,917 - INFO - [2022EE] MISSING_CENTRAL: ZG1E2Mu/Central/muons/2/phi in Skim_TriLep_DYJets10to50.root
2025-11-19 00:18:29,961 - INFO - [2022EE] MISSING_CENTRAL: ZG1E2Mu/Central/muons/2/phi in Skim_TriLep_TTG_PTG100to200.root
2025-11-19 00:18:29,961 - INFO - [2022EE] MISSING_CENTRAL: ZG1E2Mu/Central/muons/2/phi in Skim_TriLep_TTG_PTG200toInf.root
2025-11-19 00:18:29,962 - INFO - [2022EE] MISSING_CENTRAL: ZG1E2Mu/Central/muons/2/phi in Skim_TriLep_TTWToLNu.root
2025-11-19 00:18:34,482 - INFO - [2022EE] MISSING_CENTRAL: ZG1E2Mu/Central/muons/2/phi in Skim_TriLep_DYJets10to50.root
2025-11-19 00:18:34,502 - INFO - [2022EE] MISSING_CENTRAL: ZG1E2Mu/Central/muons/2/phi in Skim_TriLep_TTG_PTG100to200.root
2025-11-19 00:18:34,503 - INFO - [2022EE] MISSING_CENTRAL: ZG1E2Mu/Central/muons/2/phi in Skim_TriLep_TTG_PTG200toInf.root
2025-11-19 00:18:34,504 - INFO - [2022EE] MISSING_CENTRAL: ZG1E2Mu/Central/muons/2/phi in Skim_TriLep_TTWToLNu.root
2025-11-19 15:43:41,372 - INFO - [2022EE] MISSING_CENTRAL: ZG1E2Mu/Central/muons/2/phi in Skim_TriLep_DYJets10to50.root
2025-11-19 15:43:41,435 - INFO - [2022EE] MISSING_CENTRAL: ZG1E2Mu/Central/muons/2/phi in Skim_TriLep_TTG_PTG100to200.root
2025-11-19 15:43:41,436 - INFO - [2022EE] MISSING_CENTRAL: ZG1E2Mu/Central/muons/2/phi in Skim_TriLep_TTG_PTG200toInf.root
2025-11-19 15:43:41,436 - INFO - [2022EE] MISSING_CENTRAL: ZG1E2Mu/Central/muons/2/phi in Skim_TriLep_TTWToLNu.root
2025-11-19 15:43:46,564 - INFO - [2022EE] MISSING_CENTRAL: ZG1E2Mu/Central/muons/2/phi in Skim_TriLep_DYJets10to50.root
2025-11-19 15:43:46,569 - INFO - [2022EE] MISSING_CENTRAL: ZG1E2Mu/Central/muons/2/phi in Skim_TriLep_TTG_PTG100to200.root
2025-11-19 15:43:46,569 - INFO - [2022EE] MISSING_CENTRAL: ZG1E2Mu/Central/muons/2/phi in Skim_TriLep_TTG_PTG200toInf.root
2025-11-19 15:43:46,570 - INFO - [2022EE] MISSING_CENTRAL: ZG1E2Mu/Central/muons/2/phi in Skim_TriLep_TTWToLNu.root
2025-11-19 16:25:55,905 - INFO - [2022EE] MISSING_CENTRAL: ZG1E2Mu/Central/muons/2/phi in Skim_TriLep_DYJets10to50.root
2025-11-19 16:25:55,950 - INFO - [2022EE] MISSING_CENTRAL: ZG1E2Mu/Central/muons/2/phi in Skim_TriLep_TTG_PTG100to200.root
2025-11-19 16:25:55,951 - INFO - [2022EE] MISSING_CENTRAL: ZG1E2Mu/Central/muons/2/phi in Skim_TriLep_TTG_PTG200toInf.root
2025-11-19 16:25:55,952 - INFO - [2022EE] MISSING_CENTRAL: ZG1E2Mu/Central/muons/2/phi in Skim_TriLep_TTWToLNu.root
2025-11-19 16:26:00,922 - INFO - [2022EE] MISSING_CENTRAL: ZG1E2Mu/Central/muons/2/phi in Skim_TriLep_DYJets10to50.root
2025-11-19 16:26:00,926 - INFO - [2022EE] MISSING_CENTRAL: ZG1E2Mu/Central/muons/2/phi in Skim_TriLep_TTG_PTG100to200.root
2025-11-19 16:26:00,927 - INFO - [2022EE] MISSING_CENTRAL: ZG1E2Mu/Central/muons/2/phi in Skim_TriLep_TTG_PTG200toInf.root
2025-11-19 16:26:00,927 - INFO - [2022EE] MISSING_CENTRAL: ZG1E2Mu/Central/muons/2/phi in Skim_TriLep_TTWToLNu.root
2025-12-17 12:26:56,375 - INFO - [2022EE] MISSING_CENTRAL: ZG1E2Mu/Central/muons/2/phi in Skim_TriLep_DYJets10to50.root
2025-12-17 12:26:56,378 - INFO - [2022EE] MISSING_CENTRAL: ZG1E2Mu/Central/muons/2/phi in Skim_TriLep_TTG_PTG10to100.root
2025-12-17 12:26:56,380 - INFO - [2022EE] MISSING_CENTRAL: ZG1E2Mu/Central/muons/2/phi in Skim_TriLep_TTG_PTG100to200.root
2025-12-17 12:26:56,381 - INFO - [2022EE] MISSING_CENTRAL: ZG1E2Mu/Central/muons/2/phi in Skim_TriLep_TTG_PTG200toInf.root
2025-12-17 12:26:56,393 - INFO - [2022EE] MISSING_CENTRAL: ZG1E2Mu/Central/muons/2/phi in Skim_TriLep_TTWToLNu.root
2025-12-17 12:27:01,228 - INFO - [2022EE] MISSING_CENTRAL: ZG1E2Mu/Central/muons/2/phi in Skim_TriLep_DYJets10to50.root
2025-12-17 12:27:01,236 - INFO - [2022EE] MISSING_CENTRAL: ZG1E2Mu/Central/muons/2/phi in Skim_TriLep_TTG_PTG10to100.root
2025-12-17 12:27:01,242 - INFO - [2022EE] MISSING_CENTRAL: ZG1E2Mu/Central/muons/2/phi in Skim_TriLep_TTG_PTG100to200.root
2025-12-17 12:27:01,250 - INFO - [2022EE] MISSING_CENTRAL: ZG1E2Mu/Central/muons/2/phi in Skim_TriLep_TTG_PTG200toInf.root
2025-12-17 12:27:01,258 - INFO - [2022EE] MISSING_CENTRAL: ZG1E2Mu/Central/muons/2/phi in Skim_TriLep_TTWToLNu.root
2025-12-17 16:08:36,929 - INFO - [2022EE] MISSING_CENTRAL: ZG1E2Mu/Central/muons/2/phi in Skim_TriLep_DYJets10to50.root
2025-12-17 16:08:36,930 - INFO - [2022EE] MISSING_CENTRAL: ZG1E2Mu/Central/muons/2/phi in Skim_TriLep_TTG_PTG10to100.root
2025-12-17 16:08:36,932 - INFO - [2022EE] MISSING_CENTRAL: ZG1E2Mu/Central/muons/2/phi in Skim_TriLep_TTG_PTG100to200.root
2025-12-17 16:08:36,933 - INFO - [2022EE] MISSING_CENTRAL: ZG1E2Mu/Central/muons/2/phi in Skim_TriLep_TTG_PTG200toInf.root
2025-12-17 16:08:36,934 - INFO - [2022EE] MISSING_CENTRAL: ZG1E2Mu/Central/muons/2/phi in Skim_TriLep_TTWToLNu.root
2025-12-17 16:08:43,119 - INFO - [2022EE] MISSING_CENTRAL: ZG1E2Mu/Central/muons/2/phi in Skim_TriLep_DYJets10to50.root
2025-12-17 16:08:43,120 - INFO - [2022EE] MISSING_CENTRAL: ZG1E2Mu/Central/muons/2/phi in Skim_TriLep_TTG_PTG10to100.root
2025-12-17 16:08:43,121 - INFO - [2022EE] MISSING_CENTRAL: ZG1E2Mu/Central/muons/2/phi in Skim_TriLep_TTG_PTG100to200.root
2025-12-17 16:08:43,121 - INFO - [2022EE] MISSING_CENTRAL: ZG1E2Mu/Central/muons/2/phi in Skim_TriLep_TTG_PTG200toInf.root
2025-12-17 16:08:43,122 - INFO - [2022EE] MISSING_CENTRAL: ZG1E2Mu/Central/muons/2/phi in Skim_TriLep_TTWToLNu.root
2025-12-17 22:40:35,808 - INFO - [2022EE] MISSING_CENTRAL: ZG1E2Mu/Central/muons/2/phi in Skim_TriLep_DYJets10to50.root
2025-12-17 22:40:35,809 - INFO - [2022EE] MISSING_CENTRAL: ZG1E2Mu/Central/muons/2/phi in Skim_TriLep_TTG_PTG10to100.root
2025-12-17 22:40:35,849 - INFO - [2022EE] MISSING_CENTRAL: ZG1E2Mu/Central/muons/2/phi in Skim_TriLep_TTG_PTG100to200.root
2025-12-17 22:40:35,850 - INFO - [2022EE] MISSING_CENTRAL: ZG1E2Mu/Central/muons/2/phi in Skim_TriLep_TTG_PTG200toInf.root
2025-12-17 22:40:35,851 - INFO - [2022EE] MISSING_CENTRAL: ZG1E2Mu/Central/muons/2/phi in Skim_TriLep_TTWToLNu.root
2025-12-17 22:40:42,115 - INFO - [2022EE] MISSING_CENTRAL: ZG1E2Mu/Central/muons/2/phi in Skim_TriLep_DYJets10to50.root
2025-12-17 22:40:42,117 - INFO - [2022EE] MISSING_CENTRAL: ZG1E2Mu/Central/muons/2/phi in Skim_TriLep_TTG_PTG10to100.root
2025-12-17 22:40:42,118 - INFO - [2022EE] MISSING_CENTRAL: ZG1E2Mu/Central/muons/2/phi in Skim_TriLep_TTG_PTG100to200.root
2025-12-17 22:40:42,119 - INFO - [2022EE] MISSING_CENTRAL: ZG1E2Mu/Central/muons/2/phi in Skim_TriLep_TTG_PTG200toInf.root
2025-12-17 22:40:42,120 - INFO - [2022EE] MISSING_CENTRAL: ZG1E2Mu/Central/muons/2/phi in Skim_TriLep_TTWToLNu.root
2025-12-18 14:25:44,828 - INFO - [2022EE] MISSING_CENTRAL: ZG1E2Mu/Central/muons/2/phi in Skim_TriLep_DYJets10to50.root
2025-12-18 14:25:44,837 - INFO - [2022EE] MISSING_CENTRAL: ZG1E2Mu/Central/muons/2/phi in Skim_TriLep_TTG_PTG10to100.root
2025-12-18 14:25:44,854 - INFO - [2022EE] MISSING_CENTRAL: ZG1E2Mu/Central/muons/2/phi in Skim_TriLep_TTG_PTG100to200.root
2025-12-18 14:25:44,856 - INFO - [2022EE] MISSING_CENTRAL: ZG1E2Mu/Central/muons/2/phi in Skim_TriLep_TTG_PTG200toInf.root
2025-12-18 14:25:44,857 - INFO - [2022EE] MISSING_CENTRAL: ZG1E2Mu/Central/muons/2/phi in Skim_TriLep_TTWToLNu.root
2025-12-18 14:25:50,296 - INFO - [2022EE] MISSING_CENTRAL: ZG1E2Mu/Central/muons/2/phi in Skim_TriLep_DYJets10to50.root
2025-12-18 14:25:50,297 - INFO - [2022EE] MISSING_CENTRAL: ZG1E2Mu/Central/muons/2/phi in Skim_TriLep_TTG_PTG10to100.root
2025-12-18 14:25:50,306 - INFO - [2022EE] MISSING_CENTRAL: ZG1E2Mu/Central/muons/2/phi in Skim_TriLep_TTG_PTG100to200.root
2025-12-18 14:25:50,315 - INFO - [2022EE] MISSING_CENTRAL: ZG1E2Mu/Central/muons/2/phi in Skim_TriLep_TTG_PTG200toInf.root
2025-12-18 14:25:50,319 - INFO - [2022EE] MISSING_CENTRAL: ZG1E2Mu/Central/muons/2/phi in Skim_TriLep_TTWToLNu.root
2025-12-18 14:41:07,263 - INFO - [2022EE] MISSING_CENTRAL: ZG1E2Mu/Central/muons/2/phi in Skim_TriLep_DYJets10to50.root
2025-12-18 14:41:07,264 - INFO - [2022EE] MISSING_CENTRAL: ZG1E2Mu/Central/muons/2/phi in Skim_TriLep_TTG_PTG10to100.root
2025-12-18 14:41:07,265 - INFO - [2022EE] MISSING_CENTRAL: ZG1E2Mu/Central/muons/2/phi in Skim_TriLep_TTG_PTG100to200.root
2025-12-18 14:41:07,266 - INFO - [2022EE] MISSING_CENTRAL: ZG1E2Mu/Central/muons/2/phi in Skim_TriLep_TTG_PTG200toInf.root
2025-12-18 14:41:07,267 - INFO - [2022EE] MISSING_CENTRAL: ZG1E2Mu/Central/muons/2/phi in Skim_TriLep_TTWToLNu.root
2025-12-18 14:41:13,161 - INFO - [2022EE] MISSING_CENTRAL: ZG1E2Mu/Central/muons/2/phi in Skim_TriLep_DYJets10to50.root
2025-12-18 14:41:13,162 - INFO - [2022EE] MISSING_CENTRAL: ZG1E2Mu/Central/muons/2/phi in Skim_TriLep_TTG_PTG10to100.root
2025-12-18 14:41:13,162 - INFO - [2022EE] MISSING_CENTRAL: ZG1E2Mu/Central/muons/2/phi in Skim_TriLep_TTG_PTG100to200.root
2025-12-18 14:41:13,163 - INFO - [2022EE] MISSING_CENTRAL: ZG1E2Mu/Central/muons/2/phi in Skim_TriLep_TTG_PTG200toInf.root
2025-12-18 14:41:13,164 - INFO - [2022EE] MISSING_CENTRAL: ZG1E2Mu/Central/muons/2/phi in Skim_TriLep_TTWToLNu.root
2026-01-07 11:50:31,871 - INFO - [2022EE] MISSING_FILE: /data9/Users/choij/Sync/workspace/ChargedHiggsAnalysisV3/SKNanoOutput/CRPromptSelector/Run1E2Mu/2022EE/Skim_TriLep_MuonEG_E.root
2026-01-07 11:50:31,871 - INFO - [2022EE] MISSING_FILE: /data9/Users/choij/Sync/workspace/ChargedHiggsAnalysisV3/SKNanoOutput/CRPromptSelector/Run1E2Mu/2022EE/Skim_TriLep_MuonEG_F.root
2026-01-07 11:50:31,871 - INFO - [2022EE] MISSING_FILE: /data9/Users/choij/Sync/workspace/ChargedHiggsAnalysisV3/SKNanoOutput/CRPromptSelector/Run1E2Mu/2022EE/Skim_TriLep_MuonEG_G.root
2026-01-07 11:50:35,393 - INFO - [2022EE] MISSING_FILE: /data9/Users/choij/Sync/workspace/ChargedHiggsAnalysisV3/SKNanoOutput/CRPromptSelector/Run1E2Mu/2022EE/Skim_TriLep_MuonEG_E.root
2026-01-07 11:50:35,393 - INFO - [2022EE] MISSING_FILE: /data9/Users/choij/Sync/workspace/ChargedHiggsAnalysisV3/SKNanoOutput/CRPromptSelector/Run1E2Mu/2022EE/Skim_TriLep_MuonEG_F.root
2026-01-07 11:50:35,394 - INFO - [2022EE] MISSING_FILE: /data9/Users/choij/Sync/workspace/ChargedHiggsAnalysisV3/SKNanoOutput/CRPromptSelector/Run1E2Mu/2022EE/Skim_TriLep_MuonEG_G.root
2026-01-07 18:47:07,972 - INFO - [2022EE] MISSING_CENTRAL: ZG1E2Mu/Central/muons/2/phi in Skim_TriLep_DYJets10to50.root
2026-01-07 18:47:07,973 - INFO - [2022EE] MISSING_CENTRAL: ZG1E2Mu/Central/muons/2/phi in Skim_TriLep_TTG_PTG10to100.root
2026-01-07 18:47:07,974 - INFO - [2022EE] MISSING_CENTRAL: ZG1E2Mu/Central/muons/2/phi in Skim_TriLep_TTG_PTG100to200.root
2026-01-07 18:47:07,975 - INFO - [2022EE] MISSING_CENTRAL: ZG1E2Mu/Central/muons/2/phi in Skim_TriLep_TTG_PTG200toInf.root
2026-01-07 18:47:07,976 - INFO - [2022EE] MISSING_CENTRAL: ZG1E2Mu/Central/muons/2/phi in Skim_TriLep_TTWToLNu.root
2026-01-07 18:47:12,624 - INFO - [2022EE] MISSING_CENTRAL: ZG1E2Mu/Central/muons/2/phi in Skim_TriLep_DYJets10to50.root
2026-01-07 18:47:12,625 - INFO - [2022EE] MISSING_CENTRAL: ZG1E2Mu/Central/muons/2/phi in Skim_TriLep_TTG_PTG10to100.root
2026-01-07 18:47:12,626 - INFO - [2022EE] MISSING_CENTRAL: ZG1E2Mu/Central/muons/2/phi in Skim_TriLep_TTG_PTG100to200.root
2026-01-07 18:47:12,627 - INFO - [2022EE] MISSING_CENTRAL: ZG1E2Mu/Central/muons/2/phi in Skim_TriLep_TTG_PTG200toInf.root
2026-01-07 18:47:12,628 - INFO - [2022EE] MISSING_CENTRAL: ZG1E2Mu/Central/muons/2/phi in Skim_TriLep_TTWToLNu.root
2026-01-08 23:11:41,517 - INFO - [2022EE] MISSING_CENTRAL: ZG1E2Mu/Central/muons/2/phi in Skim_TriLep_DYJets10to50.root
2026-01-08 23:11:41,518 - INFO - [2022EE] MISSING_CENTRAL: ZG1E2Mu/Central/muons/2/phi in Skim_TriLep_TTG_PTG10to100.root
2026-01-08 23:11:41,519 - INFO - [2022EE] MISSING_CENTRAL: ZG1E2Mu/Central/muons/2/phi in Skim_TriLep_TTG_PTG100to200.root
2026-01-08 23:11:41,520 - INFO - [2022EE] MISSING_CENTRAL: ZG1E2Mu/Central/muons/2/phi in Skim_TriLep_TTG_PTG200toInf.root
2026-01-08 23:11:41,521 - INFO - [2022EE] MISSING_CENTRAL: ZG1E2Mu/Central/muons/2/phi in Skim_TriLep_TTWToLNu.root
2026-01-08 23:11:47,823 - INFO - [2022EE] MISSING_CENTRAL: ZG1E2Mu/Central/muons/2/phi in Skim_TriLep_DYJets10to50.root
2026-01-08 23:11:47,823 - INFO - [2022EE] MISSING_CENTRAL: ZG1E2Mu/Central/muons/2/phi in Skim_TriLep_TTG_PTG10to100.root
2026-01-08 23:11:47,824 - INFO - [2022EE] MISSING_CENTRAL: ZG1E2Mu/Central/muons/2/phi in Skim_TriLep_TTG_PTG100to200.root
2026-01-08 23:11:47,824 - INFO - [2022EE] MISSING_CENTRAL: ZG1E2Mu/Central/muons/2/phi in Skim_TriLep_TTG_PTG200toInf.root
2026-01-08 23:11:47,825 - INFO - [2022EE] MISSING_CENTRAL: ZG1E2Mu/Central/muons/2/phi in Skim_TriLep_TTWToLNu.root
2026-01-09 12:21:37,401 - INFO - [2022EE] MISSING_CENTRAL: ZG1E2Mu/Central/muons/2/phi in Skim_TriLep_DYJets10to50.root
2026-01-09 12:21:37,402 - INFO - [2022EE] MISSING_CENTRAL: ZG1E2Mu/Central/muons/2/phi in Skim_TriLep_TTG_PTG10to100.root
2026-01-09 12:21:37,403 - INFO - [2022EE] MISSING_CENTRAL: ZG1E2Mu/Central/muons/2/phi in Skim_TriLep_TTG_PTG100to200.root
2026-01-09 12:21:37,404 - INFO - [2022EE] MISSING_CENTRAL: ZG1E2Mu/Central/muons/2/phi in Skim_TriLep_TTG_PTG200toInf.root
2026-01-09 12:21:37,405 - INFO - [2022EE] MISSING_CENTRAL: ZG1E2Mu/Central/muons/2/phi in Skim_TriLep_TTWToLNu.root
2026-01-09 12:21:42,525 - INFO - [2022EE] MISSING_CENTRAL: ZG1E2Mu/Central/muons/2/phi in Skim_TriLep_DYJets10to50.root
2026-01-09 12:21:42,525 - INFO - [2022EE] MISSING_CENTRAL: ZG1E2Mu/Central/muons/2/phi in Skim_TriLep_TTG_PTG10to100.root
2026-01-09 12:21:42,526 - INFO - [2022EE] MISSING_CENTRAL: ZG1E2Mu/Central/muons/2/phi in Skim_TriLep_TTG_PTG100to200.root
2026-01-09 12:21:42,526 - INFO - [2022EE] MISSING_CENTRAL: ZG1E2Mu/Central/muons/2/phi in Skim_TriLep_TTG_PTG200toInf.root
2026-01-09 12:21:42,526 - INFO - [2022EE] MISSING_CENTRAL: ZG1E2Mu/Central/muons/2/phi in Skim_TriLep_TTWToLNu.root
2026-01-11 09:41:40,455 - INFO - [2022EE] MISSING_CENTRAL: ZG1E2Mu/Central/muons/2/phi in Skim_TriLep_DYJets10to50.root
2026-01-11 09:41:40,456 - INFO - [2022EE] MISSING_CENTRAL: ZG1E2Mu/Central/muons/2/phi in Skim_TriLep_TTG_PTG10to100.root
2026-01-11 09:41:40,457 - INFO - [2022EE] MISSING_CENTRAL: ZG1E2Mu/Central/muons/2/phi in Skim_TriLep_TTG_PTG100to200.root
2026-01-11 09:41:40,457 - INFO - [2022EE] MISSING_CENTRAL: ZG1E2Mu/Central/muons/2/phi in Skim_TriLep_TTG_PTG200toInf.root
2026-01-11 09:41:40,457 - INFO - [2022EE] MISSING_CENTRAL: ZG1E2Mu/Central/muons/2/phi in Skim_TriLep_TTWToLNu.root
2026-01-11 09:41:45,492 - INFO - [2022EE] MISSING_CENTRAL: ZG1E2Mu/Central/muons/2/phi in Skim_TriLep_DYJets10to50.root
2026-01-11 09:41:45,493 - INFO - [2022EE] MISSING_CENTRAL: ZG1E2Mu/Central/muons/2/phi in Skim_TriLep_TTG_PTG10to100.root
2026-01-11 09:41:45,493 - INFO - [2022EE] MISSING_CENTRAL: ZG1E2Mu/Central/muons/2/phi in Skim_TriLep_TTG_PTG100to200.root
2026-01-11 09:41:45,494 - INFO - [2022EE] MISSING_CENTRAL: ZG1E2Mu/Central/muons/2/phi in Skim_TriLep_TTG_PTG200toInf.root
2026-01-11 09:41:45,494 - INFO - [2022EE] MISSING_CENTRAL: ZG1E2Mu/Central/muons/2/phi in Skim_TriLep_TTWToLNu.root
2026-01-12 13:50:24,340 - INFO - [2022EE] MISSING_CENTRAL: ZG1E2Mu/Central/muons/2/phi in Skim_TriLep_DYJets10to50.root
2026-01-12 13:50:24,342 - INFO - [2022EE] MISSING_CENTRAL: ZG1E2Mu/Central/muons/2/phi in Skim_TriLep_TTG_PTG10to100.root
2026-01-12 13:50:24,342 - INFO - [2022EE] MISSING_CENTRAL: ZG1E2Mu/Central/muons/2/phi in Skim_TriLep_TTG_PTG100to200.root
2026-01-12 13:50:24,342 - INFO - [2022EE] MISSING_CENTRAL: ZG1E2Mu/Central/muons/2/phi in Skim_TriLep_TTG_PTG200toInf.root
2026-01-12 13:50:24,343 - INFO - [2022EE] MISSING_CENTRAL: ZG1E2Mu/Central/muons/2/phi in Skim_TriLep_TTWToLNu.root
2026-01-12 13:50:29,542 - INFO - [2022EE] MISSING_CENTRAL: ZG1E2Mu/Central/muons/2/phi in Skim_TriLep_DYJets10to50.root
2026-01-12 13:50:29,543 - INFO - [2022EE] MISSING_CENTRAL: ZG1E2Mu/Central/muons/2/phi in Skim_TriLep_TTG_PTG10to100.root
2026-01-12 13:50:29,543 - INFO - [2022EE] MISSING_CENTRAL: ZG1E2Mu/Central/muons/2/phi in Skim_TriLep_TTG_PTG100to200.root
2026-01-12 13:50:29,544 - INFO - [2022EE] MISSING_CENTRAL: ZG1E2Mu/Central/muons/2/phi in Skim_TriLep_TTG_PTG200toInf.root
2026-01-12 13:50:29,544 - INFO - [2022EE] MISSING_CENTRAL: ZG1E2Mu/Central/muons/2/phi in Skim_TriLep_TTWToLNu.root
