2025-11-07 13:11:39,198 - INFO - [2023] MISSING_FILE: /home/choij/Sync/workspace/ChargedHiggsAnalysisV3/SKNanoOutput/PromptSelector/Run3Mu/2023/Skim_TriLep_Muon0_C_v1.root
2025-11-07 13:11:39,198 - INFO - [2023] MISSING_FILE: /home/choij/Sync/workspace/ChargedHiggsAnalysisV3/SKNanoOutput/PromptSelector/Run3Mu/2023/Skim_TriLep_Muon0_C_v2.root
2025-11-07 13:11:39,198 - INFO - [2023] MISSING_FILE: /home/choij/Sync/workspace/ChargedHiggsAnalysisV3/SKNanoOutput/PromptSelector/Run3Mu/2023/Skim_TriLep_Muon0_C_v3.root
2025-11-07 13:11:39,199 - INFO - [2023] MISSING_FILE: /home/choij/Sync/workspace/ChargedHiggsAnalysisV3/SKNanoOutput/PromptSelector/Run3Mu/2023/Skim_TriLep_Muon0_C_v4.root
2025-11-07 13:11:39,199 - INFO - [2023] MISSING_FILE: /home/choij/Sync/workspace/ChargedHiggsAnalysisV3/SKNanoOutput/PromptSelector/Run3Mu/2023/Skim_TriLep_Muon1_C_v1.root
2025-11-07 13:11:39,199 - INFO - [2023] MISSING_FILE: /home/choij/Sync/workspace/ChargedHiggsAnalysisV3/SKNanoOutput/PromptSelector/Run3Mu/2023/Skim_TriLep_Muon1_C_v2.root
2025-11-07 13:11:39,199 - INFO - [2023] MISSING_FILE: /home/choij/Sync/workspace/ChargedHiggsAnalysisV3/SKNanoOutput/PromptSelector/Run3Mu/2023/Skim_TriLep_Muon1_C_v3.root
2025-11-07 13:11:39,199 - INFO - [2023] MISSING_FILE: /home/choij/Sync/workspace/ChargedHiggsAnalysisV3/SKNanoOutput/PromptSelector/Run3Mu/2023/Skim_TriLep_Muon1_C_v4.root
2025-11-07 14:09:16,019 - INFO - [2023] MISSING_FILE: /home/choij/Sync/workspace/ChargedHiggsAnalysisV3/SKNanoOutput/PromptSelector/Run3Mu/2023/Skim_TriLep_Muon0_C_v1.root
2025-11-07 14:09:16,023 - INFO - [2023] MISSING_FILE: /home/choij/Sync/workspace/ChargedHiggsAnalysisV3/SKNanoOutput/PromptSelector/Run3Mu/2023/Skim_TriLep_Muon0_C_v2.root
2025-11-07 14:09:16,023 - INFO - [2023] MISSING_FILE: /home/choij/Sync/workspace/ChargedHiggsAnalysisV3/SKNanoOutput/PromptSelector/Run3Mu/2023/Skim_TriLep_Muon0_C_v3.root
2025-11-07 14:09:16,023 - INFO - [2023] MISSING_FILE: /home/choij/Sync/workspace/ChargedHiggsAnalysisV3/SKNanoOutput/PromptSelector/Run3Mu/2023/Skim_TriLep_Muon0_C_v4.root
2025-11-07 14:09:16,023 - INFO - [2023] MISSING_FILE: /home/choij/Sync/workspace/ChargedHiggsAnalysisV3/SKNanoOutput/PromptSelector/Run3Mu/2023/Skim_TriLep_Muon1_C_v1.root
2025-11-07 14:09:16,023 - INFO - [2023] MISSING_FILE: /home/choij/Sync/workspace/ChargedHiggsAnalysisV3/SKNanoOutput/PromptSelector/Run3Mu/2023/Skim_TriLep_Muon1_C_v2.root
2025-11-07 14:09:16,023 - INFO - [2023] MISSING_FILE: /home/choij/Sync/workspace/ChargedHiggsAnalysisV3/SKNanoOutput/PromptSelector/Run3Mu/2023/Skim_TriLep_Muon1_C_v3.root
2025-11-07 14:09:16,024 - INFO - [2023] MISSING_FILE: /home/choij/Sync/workspace/ChargedHiggsAnalysisV3/SKNanoOutput/PromptSelector/Run3Mu/2023/Skim_TriLep_Muon1_C_v4.root
2025-11-10 12:25:07,363 - INFO - [2023] MISSING_CENTRAL: ZFake3Mu/Central/dR_pair_ss1_ss2 in Skim_TriLep_DYJets10to50.root
2025-11-10 12:25:07,364 - INFO - [2023] MISSING_CENTRAL: ZFake3Mu/Central/dR_pair_ss1_ss2 in Skim_TriLep_DYGTo2LG_MLL4to50_PTG10to100.root
2025-11-10 12:25:07,405 - INFO - [2023] MISSING_CENTRAL: ZFake3Mu/Central/dR_pair_ss1_ss2 in Skim_TriLep_TTG_PTG100to200.root
2025-11-10 12:25:07,405 - INFO - [2023] MISSING_CENTRAL: ZFake3Mu/Central/dR_pair_ss1_ss2 in Skim_TriLep_TTG_PTG200toInf.root
2025-11-13 11:15:08,639 - INFO - [2023] MISSING_CENTRAL: ZFake3Mu/Central/dR_pair_ss1_ss2 in Skim_TriLep_DYJets10to50.root
2025-11-13 11:15:08,640 - INFO - [2023] MISSING_CENTRAL: ZFake3Mu/Central/dR_pair_ss1_ss2 in Skim_TriLep_DYGTo2LG_MLL4to50_PTG10to100.root
2025-11-13 11:15:08,705 - INFO - [2023] MISSING_CENTRAL: ZFake3Mu/Central/dR_pair_ss1_ss2 in Skim_TriLep_TTG_PTG100to200.root
2025-11-13 11:15:08,706 - INFO - [2023] MISSING_CENTRAL: ZFake3Mu/Central/dR_pair_ss1_ss2 in Skim_TriLep_TTG_PTG200toInf.root
2025-11-19 16:11:27,120 - INFO - [2023] MISSING_CENTRAL: ZFake3Mu/Central/dR_pair_ss1_ss2 in Skim_TriLep_DYJets10to50.root
2025-11-19 16:11:27,121 - INFO - [2023] MISSING_CENTRAL: ZFake3Mu/Central/dR_pair_ss1_ss2 in Skim_TriLep_DYGTo2LG_MLL4to50_PTG10to100.root
2025-11-19 16:11:27,162 - INFO - [2023] MISSING_CENTRAL: ZFake3Mu/Central/dR_pair_ss1_ss2 in Skim_TriLep_TTG_PTG100to200.root
2025-11-19 16:11:27,163 - INFO - [2023] MISSING_CENTRAL: ZFake3Mu/Central/dR_pair_ss1_ss2 in Skim_TriLep_TTG_PTG200toInf.root
2025-11-19 16:27:35,049 - INFO - [2023] MISSING_CENTRAL: ZFake3Mu/Central/dR_pair_ss1_ss2 in Skim_TriLep_DYJets10to50.root
2025-11-19 16:27:35,051 - INFO - [2023] MISSING_CENTRAL: ZFake3Mu/Central/dR_pair_ss1_ss2 in Skim_TriLep_DYGTo2LG_MLL4to50_PTG10to100.root
2025-11-19 16:27:35,113 - INFO - [2023] MISSING_CENTRAL: ZFake3Mu/Central/dR_pair_ss1_ss2 in Skim_TriLep_TTG_PTG100to200.root
2025-11-19 16:27:35,114 - INFO - [2023] MISSING_CENTRAL: ZFake3Mu/Central/dR_pair_ss1_ss2 in Skim_TriLep_TTG_PTG200toInf.root
2025-12-17 22:42:25,038 - INFO - [2023] MISSING_CENTRAL: ZFake3Mu/Central/dR_pair_ss1_ss2 in Skim_TriLep_DYJets10to50.root
2025-12-17 22:42:25,049 - INFO - [2023] MISSING_CENTRAL: ZFake3Mu/Central/dR_pair_ss1_ss2 in Skim_TriLep_TTG_PTG100to200.root
2025-12-17 22:42:25,050 - INFO - [2023] MISSING_CENTRAL: ZFake3Mu/Central/dR_pair_ss1_ss2 in Skim_TriLep_TTG_PTG200toInf.root
2025-12-18 14:27:54,198 - INFO - [2023] MISSING_CENTRAL: ZFake3Mu/Central/dR_pair_ss1_ss2 in Skim_TriLep_DYJets10to50.root
2025-12-18 14:27:54,218 - INFO - [2023] MISSING_CENTRAL: ZFake3Mu/Central/dR_pair_ss1_ss2 in Skim_TriLep_TTG_PTG100to200.root
2025-12-18 14:27:54,219 - INFO - [2023] MISSING_CENTRAL: ZFake3Mu/Central/dR_pair_ss1_ss2 in Skim_TriLep_TTG_PTG200toInf.root
2025-12-18 14:43:12,587 - INFO - [2023] MISSING_CENTRAL: ZFake3Mu/Central/dR_pair_ss1_ss2 in Skim_TriLep_DYJets10to50.root
2025-12-18 14:43:12,601 - INFO - [2023] MISSING_CENTRAL: ZFake3Mu/Central/dR_pair_ss1_ss2 in Skim_TriLep_TTG_PTG100to200.root
2025-12-18 14:43:12,603 - INFO - [2023] MISSING_CENTRAL: ZFake3Mu/Central/dR_pair_ss1_ss2 in Skim_TriLep_TTG_PTG200toInf.root
2026-01-07 11:52:25,886 - INFO - [2023] MISSING_CENTRAL: ZFake3Mu/Central/dR_pair_ss1_ss2 in Skim_TriLep_DYJets10to50.root
2026-01-07 11:52:25,895 - INFO - [2023] MISSING_CENTRAL: ZFake3Mu/Central/dR_pair_ss1_ss2 in Skim_TriLep_TTG_PTG100to200.root
2026-01-07 11:52:25,896 - INFO - [2023] MISSING_CENTRAL: ZFake3Mu/Central/dR_pair_ss1_ss2 in Skim_TriLep_TTG_PTG200toInf.root
