2025-09-24 16:01:03,223 - INFO - [2023] MISSING_CENTRAL: ZFake3Mu/Central/jets/size in Skim_TriLep_DYJets10to50.root
2025-09-24 16:01:03,223 - INFO - [2023] MISSING_CENTRAL: ZFake3Mu/Central/jets/size in Skim_TriLep_DYGTo2LG_MLL4to50_PTG10to100.root
2025-09-24 16:01:03,249 - INFO - [2023] MISSING_CENTRAL: ZFake3Mu/Central/jets/size in Skim_TriLep_TTG_PTG100to200.root
2025-09-24 16:01:03,249 - INFO - [2023] MISSING_CENTRAL: ZFake3Mu/Central/jets/size in Skim_TriLep_TTG_PTG200toInf.root
2025-10-02 21:20:01,042 - INFO - [2023] MISSING_CENTRAL: ZFake3Mu/Central/jets/size in Skim_TriLep_DYJets10to50.root
2025-10-02 21:20:01,044 - INFO - [2023] MISSING_CENTRAL: ZFake3Mu/Central/jets/size in Skim_TriLep_DYGTo2LG_MLL4to50_PTG10to100.root
2025-10-02 21:20:01,776 - INFO - [2023] MISSING_CENTRAL: ZFake3Mu/Central/jets/size in Skim_TriLep_TTG_PTG100to200.root
2025-10-02 21:20:01,793 - INFO - [2023] MISSING_CENTRAL: ZFake3Mu/Central/jets/size in Skim_TriLep_TTG_PTG200toInf.root
2025-10-03 00:29:22,319 - INFO - [2023] MISSING_CENTRAL: ZFake3Mu/Central/jets/size in Skim_TriLep_DYJets10to50.root
2025-10-03 00:29:22,320 - INFO - [2023] MISSING_CENTRAL: ZFake3Mu/Central/jets/size in Skim_TriLep_DYGTo2LG_MLL4to50_PTG10to100.root
2025-10-03 00:29:22,384 - INFO - [2023] MISSING_CENTRAL: ZFake3Mu/Central/jets/size in Skim_TriLep_TTG_PTG100to200.root
2025-10-03 00:29:22,384 - INFO - [2023] MISSING_CENTRAL: ZFake3Mu/Central/jets/size in Skim_TriLep_TTG_PTG200toInf.root
2025-11-07 13:11:34,712 - INFO - [2023] MISSING_FILE: /home/choij/Sync/workspace/ChargedHiggsAnalysisV3/SKNanoOutput/PromptSelector/Run3Mu/2023/Skim_TriLep_Muon0_C_v1.root
2025-11-07 13:11:34,716 - INFO - [2023] MISSING_FILE: /home/choij/Sync/workspace/ChargedHiggsAnalysisV3/SKNanoOutput/PromptSelector/Run3Mu/2023/Skim_TriLep_Muon0_C_v2.root
2025-11-07 13:11:34,716 - INFO - [2023] MISSING_FILE: /home/choij/Sync/workspace/ChargedHiggsAnalysisV3/SKNanoOutput/PromptSelector/Run3Mu/2023/Skim_TriLep_Muon0_C_v3.root
2025-11-07 13:11:34,716 - INFO - [2023] MISSING_FILE: /home/choij/Sync/workspace/ChargedHiggsAnalysisV3/SKNanoOutput/PromptSelector/Run3Mu/2023/Skim_TriLep_Muon0_C_v4.root
2025-11-07 13:11:34,716 - INFO - [2023] MISSING_FILE: /home/choij/Sync/workspace/ChargedHiggsAnalysisV3/SKNanoOutput/PromptSelector/Run3Mu/2023/Skim_TriLep_Muon1_C_v1.root
2025-11-07 13:11:34,716 - INFO - [2023] MISSING_FILE: /home/choij/Sync/workspace/ChargedHiggsAnalysisV3/SKNanoOutput/PromptSelector/Run3Mu/2023/Skim_TriLep_Muon1_C_v2.root
2025-11-07 13:11:34,716 - INFO - [2023] MISSING_FILE: /home/choij/Sync/workspace/ChargedHiggsAnalysisV3/SKNanoOutput/PromptSelector/Run3Mu/2023/Skim_TriLep_Muon1_C_v3.root
2025-11-07 13:11:34,716 - INFO - [2023] MISSING_FILE: /home/choij/Sync/workspace/ChargedHiggsAnalysisV3/SKNanoOutput/PromptSelector/Run3Mu/2023/Skim_TriLep_Muon1_C_v4.root
2025-11-07 14:09:11,476 - INFO - [2023] MISSING_FILE: /home/choij/Sync/workspace/ChargedHiggsAnalysisV3/SKNanoOutput/PromptSelector/Run3Mu/2023/Skim_TriLep_Muon0_C_v1.root
2025-11-07 14:09:11,481 - INFO - [2023] MISSING_FILE: /home/choij/Sync/workspace/ChargedHiggsAnalysisV3/SKNanoOutput/PromptSelector/Run3Mu/2023/Skim_TriLep_Muon0_C_v2.root
2025-11-07 14:09:11,481 - INFO - [2023] MISSING_FILE: /home/choij/Sync/workspace/ChargedHiggsAnalysisV3/SKNanoOutput/PromptSelector/Run3Mu/2023/Skim_TriLep_Muon0_C_v3.root
2025-11-07 14:09:11,482 - INFO - [2023] MISSING_FILE: /home/choij/Sync/workspace/ChargedHiggsAnalysisV3/SKNanoOutput/PromptSelector/Run3Mu/2023/Skim_TriLep_Muon0_C_v4.root
2025-11-07 14:09:11,482 - INFO - [2023] MISSING_FILE: /home/choij/Sync/workspace/ChargedHiggsAnalysisV3/SKNanoOutput/PromptSelector/Run3Mu/2023/Skim_TriLep_Muon1_C_v1.root
2025-11-07 14:09:11,482 - INFO - [2023] MISSING_FILE: /home/choij/Sync/workspace/ChargedHiggsAnalysisV3/SKNanoOutput/PromptSelector/Run3Mu/2023/Skim_TriLep_Muon1_C_v2.root
2025-11-07 14:09:11,482 - INFO - [2023] MISSING_FILE: /home/choij/Sync/workspace/ChargedHiggsAnalysisV3/SKNanoOutput/PromptSelector/Run3Mu/2023/Skim_TriLep_Muon1_C_v3.root
2025-11-07 14:09:11,483 - INFO - [2023] MISSING_FILE: /home/choij/Sync/workspace/ChargedHiggsAnalysisV3/SKNanoOutput/PromptSelector/Run3Mu/2023/Skim_TriLep_Muon1_C_v4.root
2025-11-10 12:25:00,746 - INFO - [2023] MISSING_CENTRAL: ZFake3Mu/Central/jets/size in Skim_TriLep_DYJets10to50.root
2025-11-10 12:25:00,747 - INFO - [2023] MISSING_CENTRAL: ZFake3Mu/Central/jets/size in Skim_TriLep_DYGTo2LG_MLL4to50_PTG10to100.root
2025-11-10 12:25:00,814 - INFO - [2023] MISSING_CENTRAL: ZFake3Mu/Central/jets/size in Skim_TriLep_TTG_PTG100to200.root
2025-11-10 12:25:00,814 - INFO - [2023] MISSING_CENTRAL: ZFake3Mu/Central/jets/size in Skim_TriLep_TTG_PTG200toInf.root
2025-11-13 11:14:58,373 - INFO - [2023] MISSING_CENTRAL: ZFake3Mu/Central/jets/size in Skim_TriLep_DYJets10to50.root
2025-11-13 11:14:58,374 - INFO - [2023] MISSING_CENTRAL: ZFake3Mu/Central/jets/size in Skim_TriLep_DYGTo2LG_MLL4to50_PTG10to100.root
2025-11-13 11:14:59,934 - INFO - [2023] MISSING_CENTRAL: ZFake3Mu/Central/jets/size in Skim_TriLep_TTG_PTG100to200.root
2025-11-13 11:14:59,936 - INFO - [2023] MISSING_CENTRAL: ZFake3Mu/Central/jets/size in Skim_TriLep_TTG_PTG200toInf.root
2025-11-19 16:11:20,938 - INFO - [2023] MISSING_CENTRAL: ZFake3Mu/Central/jets/size in Skim_TriLep_DYJets10to50.root
2025-11-19 16:11:20,940 - INFO - [2023] MISSING_CENTRAL: ZFake3Mu/Central/jets/size in Skim_TriLep_DYGTo2LG_MLL4to50_PTG10to100.root
2025-11-19 16:11:21,007 - INFO - [2023] MISSING_CENTRAL: ZFake3Mu/Central/jets/size in Skim_TriLep_TTG_PTG100to200.root
2025-11-19 16:11:21,011 - INFO - [2023] MISSING_CENTRAL: ZFake3Mu/Central/jets/size in Skim_TriLep_TTG_PTG200toInf.root
2025-11-19 16:27:28,488 - INFO - [2023] MISSING_CENTRAL: ZFake3Mu/Central/jets/size in Skim_TriLep_DYJets10to50.root
2025-11-19 16:27:28,491 - INFO - [2023] MISSING_CENTRAL: ZFake3Mu/Central/jets/size in Skim_TriLep_DYGTo2LG_MLL4to50_PTG10to100.root
2025-11-19 16:27:28,553 - INFO - [2023] MISSING_CENTRAL: ZFake3Mu/Central/jets/size in Skim_TriLep_TTG_PTG100to200.root
2025-11-19 16:27:28,554 - INFO - [2023] MISSING_CENTRAL: ZFake3Mu/Central/jets/size in Skim_TriLep_TTG_PTG200toInf.root
2025-12-17 22:42:14,761 - INFO - [2023] MISSING_CENTRAL: ZFake3Mu/Central/jets/size in Skim_TriLep_DYJets10to50.root
2025-12-17 22:42:14,934 - INFO - [2023] MISSING_CENTRAL: ZFake3Mu/Central/jets/size in Skim_TriLep_TTG_PTG100to200.root
2025-12-17 22:42:14,935 - INFO - [2023] MISSING_CENTRAL: ZFake3Mu/Central/jets/size in Skim_TriLep_TTG_PTG200toInf.root
2025-12-18 14:27:47,713 - INFO - [2023] MISSING_CENTRAL: ZFake3Mu/Central/jets/size in Skim_TriLep_DYJets10to50.root
2025-12-18 14:27:47,761 - INFO - [2023] MISSING_CENTRAL: ZFake3Mu/Central/jets/size in Skim_TriLep_TTG_PTG100to200.root
2025-12-18 14:27:47,767 - INFO - [2023] MISSING_CENTRAL: ZFake3Mu/Central/jets/size in Skim_TriLep_TTG_PTG200toInf.root
2025-12-18 14:43:06,823 - INFO - [2023] MISSING_CENTRAL: ZFake3Mu/Central/jets/size in Skim_TriLep_DYJets10to50.root
2025-12-18 14:43:06,840 - INFO - [2023] MISSING_CENTRAL: ZFake3Mu/Central/jets/size in Skim_TriLep_TTG_PTG100to200.root
2025-12-18 14:43:06,841 - INFO - [2023] MISSING_CENTRAL: ZFake3Mu/Central/jets/size in Skim_TriLep_TTG_PTG200toInf.root
