2025-09-24 16:01:05,902 - INFO - [2023] MISSING_CENTRAL: ZFake3Mu/Central/jets/1/charge in Skim_TriLep_DYJets10to50.root
2025-09-24 16:01:05,903 - INFO - [2023] MISSING_CENTRAL: ZFake3Mu/Central/jets/1/charge in Skim_TriLep_DYGTo2LG_MLL4to50_PTG10to100.root
2025-09-24 16:01:06,054 - INFO - [2023] MISSING_CENTRAL: ZFake3Mu/Central/jets/1/charge in Skim_TriLep_TTG_PTG100to200.root
2025-09-24 16:01:06,054 - INFO - [2023] MISSING_CENTRAL: ZFake3Mu/Central/jets/1/charge in Skim_TriLep_TTG_PTG200toInf.root
2025-10-02 21:20:01,234 - INFO - [2023] MISSING_CENTRAL: ZFake3Mu/Central/jets/1/charge in Skim_TriLep_DYJets10to50.root
2025-10-02 21:20:01,236 - INFO - [2023] MISSING_CENTRAL: ZFake3Mu/Central/jets/1/charge in Skim_TriLep_DYGTo2LG_MLL4to50_PTG10to100.root
2025-10-02 21:20:01,782 - INFO - [2023] MISSING_CENTRAL: ZFake3Mu/Central/jets/1/charge in Skim_TriLep_TTG_PTG100to200.root
2025-10-02 21:20:01,794 - INFO - [2023] MISSING_CENTRAL: ZFake3Mu/Central/jets/1/charge in Skim_TriLep_TTG_PTG200toInf.root
2025-10-03 00:29:27,056 - INFO - [2023] MISSING_CENTRAL: ZFake3Mu/Central/jets/1/charge in Skim_TriLep_DYJets10to50.root
2025-10-03 00:29:27,058 - INFO - [2023] MISSING_CENTRAL: ZFake3Mu/Central/jets/1/charge in Skim_TriLep_DYGTo2LG_MLL4to50_PTG10to100.root
2025-10-03 00:29:27,607 - INFO - [2023] MISSING_CENTRAL: ZFake3Mu/Central/jets/1/charge in Skim_TriLep_TTG_PTG100to200.root
2025-10-03 00:29:27,607 - INFO - [2023] MISSING_CENTRAL: ZFake3Mu/Central/jets/1/charge in Skim_TriLep_TTG_PTG200toInf.root
2025-11-07 13:11:34,694 - INFO - [2023] MISSING_FILE: /home/choij/Sync/workspace/ChargedHiggsAnalysisV3/SKNanoOutput/PromptSelector/Run3Mu/2023/Skim_TriLep_Muon0_C_v1.root
2025-11-07 13:11:34,694 - INFO - [2023] MISSING_FILE: /home/choij/Sync/workspace/ChargedHiggsAnalysisV3/SKNanoOutput/PromptSelector/Run3Mu/2023/Skim_TriLep_Muon0_C_v2.root
2025-11-07 13:11:34,695 - INFO - [2023] MISSING_FILE: /home/choij/Sync/workspace/ChargedHiggsAnalysisV3/SKNanoOutput/PromptSelector/Run3Mu/2023/Skim_TriLep_Muon0_C_v3.root
2025-11-07 13:11:34,695 - INFO - [2023] MISSING_FILE: /home/choij/Sync/workspace/ChargedHiggsAnalysisV3/SKNanoOutput/PromptSelector/Run3Mu/2023/Skim_TriLep_Muon0_C_v4.root
2025-11-07 13:11:34,695 - INFO - [2023] MISSING_FILE: /home/choij/Sync/workspace/ChargedHiggsAnalysisV3/SKNanoOutput/PromptSelector/Run3Mu/2023/Skim_TriLep_Muon1_C_v1.root
2025-11-07 13:11:34,695 - INFO - [2023] MISSING_FILE: /home/choij/Sync/workspace/ChargedHiggsAnalysisV3/SKNanoOutput/PromptSelector/Run3Mu/2023/Skim_TriLep_Muon1_C_v2.root
2025-11-07 13:11:34,695 - INFO - [2023] MISSING_FILE: /home/choij/Sync/workspace/ChargedHiggsAnalysisV3/SKNanoOutput/PromptSelector/Run3Mu/2023/Skim_TriLep_Muon1_C_v3.root
2025-11-07 13:11:34,695 - INFO - [2023] MISSING_FILE: /home/choij/Sync/workspace/ChargedHiggsAnalysisV3/SKNanoOutput/PromptSelector/Run3Mu/2023/Skim_TriLep_Muon1_C_v4.root
2025-11-07 14:09:11,591 - INFO - [2023] MISSING_FILE: /home/choij/Sync/workspace/ChargedHiggsAnalysisV3/SKNanoOutput/PromptSelector/Run3Mu/2023/Skim_TriLep_Muon0_C_v1.root
2025-11-07 14:09:11,599 - INFO - [2023] MISSING_FILE: /home/choij/Sync/workspace/ChargedHiggsAnalysisV3/SKNanoOutput/PromptSelector/Run3Mu/2023/Skim_TriLep_Muon0_C_v2.root
2025-11-07 14:09:11,600 - INFO - [2023] MISSING_FILE: /home/choij/Sync/workspace/ChargedHiggsAnalysisV3/SKNanoOutput/PromptSelector/Run3Mu/2023/Skim_TriLep_Muon0_C_v3.root
2025-11-07 14:09:11,600 - INFO - [2023] MISSING_FILE: /home/choij/Sync/workspace/ChargedHiggsAnalysisV3/SKNanoOutput/PromptSelector/Run3Mu/2023/Skim_TriLep_Muon0_C_v4.root
2025-11-07 14:09:11,600 - INFO - [2023] MISSING_FILE: /home/choij/Sync/workspace/ChargedHiggsAnalysisV3/SKNanoOutput/PromptSelector/Run3Mu/2023/Skim_TriLep_Muon1_C_v1.root
2025-11-07 14:09:11,600 - INFO - [2023] MISSING_FILE: /home/choij/Sync/workspace/ChargedHiggsAnalysisV3/SKNanoOutput/PromptSelector/Run3Mu/2023/Skim_TriLep_Muon1_C_v2.root
2025-11-07 14:09:11,601 - INFO - [2023] MISSING_FILE: /home/choij/Sync/workspace/ChargedHiggsAnalysisV3/SKNanoOutput/PromptSelector/Run3Mu/2023/Skim_TriLep_Muon1_C_v3.root
2025-11-07 14:09:11,601 - INFO - [2023] MISSING_FILE: /home/choij/Sync/workspace/ChargedHiggsAnalysisV3/SKNanoOutput/PromptSelector/Run3Mu/2023/Skim_TriLep_Muon1_C_v4.root
2025-11-10 12:25:00,792 - INFO - [2023] MISSING_CENTRAL: ZFake3Mu/Central/jets/1/charge in Skim_TriLep_DYJets10to50.root
2025-11-10 12:25:00,793 - INFO - [2023] MISSING_CENTRAL: ZFake3Mu/Central/jets/1/charge in Skim_TriLep_DYGTo2LG_MLL4to50_PTG10to100.root
2025-11-10 12:25:00,878 - INFO - [2023] MISSING_CENTRAL: ZFake3Mu/Central/jets/1/charge in Skim_TriLep_TTG_PTG100to200.root
2025-11-10 12:25:00,879 - INFO - [2023] MISSING_CENTRAL: ZFake3Mu/Central/jets/1/charge in Skim_TriLep_TTG_PTG200toInf.root
2025-11-13 11:14:57,449 - INFO - [2023] MISSING_CENTRAL: ZFake3Mu/Central/jets/1/charge in Skim_TriLep_Muon0_C_v1.root
2025-11-13 11:14:57,467 - INFO - [2023] MISSING_CENTRAL: ZFake3Mu/Central/jets/1/charge in Skim_TriLep_Muon0_C_v2.root
2025-11-13 11:14:57,472 - INFO - [2023] MISSING_CENTRAL: ZFake3Mu/Central/jets/1/charge in Skim_TriLep_Muon0_C_v3.root
2025-11-13 11:14:57,481 - INFO - [2023] MISSING_CENTRAL: ZFake3Mu/Central/jets/1/charge in Skim_TriLep_Muon0_C_v4.root
2025-11-13 11:14:57,485 - INFO - [2023] MISSING_CENTRAL: ZFake3Mu/Central/jets/1/charge in Skim_TriLep_Muon1_C_v1.root
2025-11-13 11:14:57,486 - INFO - [2023] MISSING_CENTRAL: ZFake3Mu/Central/jets/1/charge in Skim_TriLep_Muon1_C_v2.root
2025-11-13 11:14:57,493 - INFO - [2023] MISSING_CENTRAL: ZFake3Mu/Central/jets/1/charge in Skim_TriLep_Muon1_C_v3.root
2025-11-13 11:14:57,499 - INFO - [2023] MISSING_CENTRAL: ZFake3Mu/Central/jets/1/charge in Skim_TriLep_Muon1_C_v4.root
2025-11-19 16:11:20,682 - INFO - [2023] MISSING_CENTRAL: ZFake3Mu/Central/jets/1/charge in Skim_TriLep_Muon0_C_v1.root
2025-11-19 16:11:20,683 - INFO - [2023] MISSING_CENTRAL: ZFake3Mu/Central/jets/1/charge in Skim_TriLep_Muon0_C_v2.root
2025-11-19 16:11:20,684 - INFO - [2023] MISSING_CENTRAL: ZFake3Mu/Central/jets/1/charge in Skim_TriLep_Muon0_C_v3.root
2025-11-19 16:11:20,684 - INFO - [2023] MISSING_CENTRAL: ZFake3Mu/Central/jets/1/charge in Skim_TriLep_Muon0_C_v4.root
2025-11-19 16:11:20,685 - INFO - [2023] MISSING_CENTRAL: ZFake3Mu/Central/jets/1/charge in Skim_TriLep_Muon1_C_v1.root
2025-11-19 16:11:20,685 - INFO - [2023] MISSING_CENTRAL: ZFake3Mu/Central/jets/1/charge in Skim_TriLep_Muon1_C_v2.root
2025-11-19 16:11:20,686 - INFO - [2023] MISSING_CENTRAL: ZFake3Mu/Central/jets/1/charge in Skim_TriLep_Muon1_C_v3.root
2025-11-19 16:11:20,687 - INFO - [2023] MISSING_CENTRAL: ZFake3Mu/Central/jets/1/charge in Skim_TriLep_Muon1_C_v4.root
2025-11-19 16:27:28,492 - INFO - [2023] MISSING_CENTRAL: ZFake3Mu/Central/jets/1/charge in Skim_TriLep_Muon0_C_v1.root
2025-11-19 16:27:28,492 - INFO - [2023] MISSING_CENTRAL: ZFake3Mu/Central/jets/1/charge in Skim_TriLep_Muon0_C_v2.root
2025-11-19 16:27:28,493 - INFO - [2023] MISSING_CENTRAL: ZFake3Mu/Central/jets/1/charge in Skim_TriLep_Muon0_C_v3.root
2025-11-19 16:27:28,494 - INFO - [2023] MISSING_CENTRAL: ZFake3Mu/Central/jets/1/charge in Skim_TriLep_Muon0_C_v4.root
2025-11-19 16:27:28,494 - INFO - [2023] MISSING_CENTRAL: ZFake3Mu/Central/jets/1/charge in Skim_TriLep_Muon1_C_v1.root
2025-11-19 16:27:28,495 - INFO - [2023] MISSING_CENTRAL: ZFake3Mu/Central/jets/1/charge in Skim_TriLep_Muon1_C_v2.root
2025-11-19 16:27:28,495 - INFO - [2023] MISSING_CENTRAL: ZFake3Mu/Central/jets/1/charge in Skim_TriLep_Muon1_C_v3.root
2025-11-19 16:27:28,496 - INFO - [2023] MISSING_CENTRAL: ZFake3Mu/Central/jets/1/charge in Skim_TriLep_Muon1_C_v4.root
2025-12-17 22:42:13,795 - INFO - [2023] MISSING_CENTRAL: ZFake3Mu/Central/jets/1/charge in Skim_TriLep_Muon0_C_v1.root
2025-12-17 22:42:13,797 - INFO - [2023] MISSING_CENTRAL: ZFake3Mu/Central/jets/1/charge in Skim_TriLep_Muon0_C_v2.root
2025-12-17 22:42:13,838 - INFO - [2023] MISSING_CENTRAL: ZFake3Mu/Central/jets/1/charge in Skim_TriLep_Muon0_C_v3.root
2025-12-17 22:42:13,907 - INFO - [2023] MISSING_CENTRAL: ZFake3Mu/Central/jets/1/charge in Skim_TriLep_Muon0_C_v4.root
2025-12-17 22:42:13,924 - INFO - [2023] MISSING_CENTRAL: ZFake3Mu/Central/jets/1/charge in Skim_TriLep_Muon1_C_v1.root
2025-12-17 22:42:13,970 - INFO - [2023] MISSING_CENTRAL: ZFake3Mu/Central/jets/1/charge in Skim_TriLep_Muon1_C_v2.root
2025-12-17 22:42:14,016 - INFO - [2023] MISSING_CENTRAL: ZFake3Mu/Central/jets/1/charge in Skim_TriLep_Muon1_C_v3.root
2025-12-17 22:42:14,060 - INFO - [2023] MISSING_CENTRAL: ZFake3Mu/Central/jets/1/charge in Skim_TriLep_Muon1_C_v4.root
2025-12-18 14:27:48,157 - INFO - [2023] MISSING_CENTRAL: ZFake3Mu/Central/jets/1/charge in Skim_TriLep_Muon0_C_v1.root
2025-12-18 14:27:48,159 - INFO - [2023] MISSING_CENTRAL: ZFake3Mu/Central/jets/1/charge in Skim_TriLep_Muon0_C_v2.root
2025-12-18 14:27:48,184 - INFO - [2023] MISSING_CENTRAL: ZFake3Mu/Central/jets/1/charge in Skim_TriLep_Muon0_C_v3.root
2025-12-18 14:27:48,186 - INFO - [2023] MISSING_CENTRAL: ZFake3Mu/Central/jets/1/charge in Skim_TriLep_Muon0_C_v4.root
2025-12-18 14:27:48,187 - INFO - [2023] MISSING_CENTRAL: ZFake3Mu/Central/jets/1/charge in Skim_TriLep_Muon1_C_v1.root
2025-12-18 14:27:48,188 - INFO - [2023] MISSING_CENTRAL: ZFake3Mu/Central/jets/1/charge in Skim_TriLep_Muon1_C_v2.root
2025-12-18 14:27:48,189 - INFO - [2023] MISSING_CENTRAL: ZFake3Mu/Central/jets/1/charge in Skim_TriLep_Muon1_C_v3.root
2025-12-18 14:27:48,190 - INFO - [2023] MISSING_CENTRAL: ZFake3Mu/Central/jets/1/charge in Skim_TriLep_Muon1_C_v4.root
2025-12-18 14:43:06,841 - INFO - [2023] MISSING_CENTRAL: ZFake3Mu/Central/jets/1/charge in Skim_TriLep_Muon0_C_v1.root
2025-12-18 14:43:06,842 - INFO - [2023] MISSING_CENTRAL: ZFake3Mu/Central/jets/1/charge in Skim_TriLep_Muon0_C_v2.root
2025-12-18 14:43:06,878 - INFO - [2023] MISSING_CENTRAL: ZFake3Mu/Central/jets/1/charge in Skim_TriLep_Muon0_C_v3.root
2025-12-18 14:43:06,885 - INFO - [2023] MISSING_CENTRAL: ZFake3Mu/Central/jets/1/charge in Skim_TriLep_Muon0_C_v4.root
2025-12-18 14:43:06,891 - INFO - [2023] MISSING_CENTRAL: ZFake3Mu/Central/jets/1/charge in Skim_TriLep_Muon1_C_v1.root
2025-12-18 14:43:06,892 - INFO - [2023] MISSING_CENTRAL: ZFake3Mu/Central/jets/1/charge in Skim_TriLep_Muon1_C_v2.root
2025-12-18 14:43:06,893 - INFO - [2023] MISSING_CENTRAL: ZFake3Mu/Central/jets/1/charge in Skim_TriLep_Muon1_C_v3.root
2025-12-18 14:43:06,894 - INFO - [2023] MISSING_CENTRAL: ZFake3Mu/Central/jets/1/charge in Skim_TriLep_Muon1_C_v4.root
2026-01-07 11:52:15,232 - INFO - [2023] MISSING_CENTRAL: ZFake3Mu/Central/jets/1/charge in Skim_TriLep_Muon0_C_v1.root
2026-01-07 11:52:15,303 - INFO - [2023] MISSING_CENTRAL: ZFake3Mu/Central/jets/1/charge in Skim_TriLep_Muon0_C_v2.root
2026-01-07 11:52:15,308 - INFO - [2023] MISSING_CENTRAL: ZFake3Mu/Central/jets/1/charge in Skim_TriLep_Muon0_C_v3.root
2026-01-07 11:52:15,353 - INFO - [2023] MISSING_CENTRAL: ZFake3Mu/Central/jets/1/charge in Skim_TriLep_Muon0_C_v4.root
2026-01-07 11:52:15,370 - INFO - [2023] MISSING_CENTRAL: ZFake3Mu/Central/jets/1/charge in Skim_TriLep_Muon1_C_v1.root
2026-01-07 11:52:15,400 - INFO - [2023] MISSING_CENTRAL: ZFake3Mu/Central/jets/1/charge in Skim_TriLep_Muon1_C_v2.root
2026-01-07 11:52:15,405 - INFO - [2023] MISSING_CENTRAL: ZFake3Mu/Central/jets/1/charge in Skim_TriLep_Muon1_C_v3.root
2026-01-07 11:52:15,480 - INFO - [2023] MISSING_CENTRAL: ZFake3Mu/Central/jets/1/charge in Skim_TriLep_Muon1_C_v4.root
2026-01-07 18:48:51,036 - INFO - [2023] MISSING_CENTRAL: ZFake3Mu/Central/jets/1/charge in Skim_TriLep_Muon0_C_v1.root
2026-01-07 18:48:51,037 - INFO - [2023] MISSING_CENTRAL: ZFake3Mu/Central/jets/1/charge in Skim_TriLep_Muon0_C_v2.root
2026-01-07 18:48:51,038 - INFO - [2023] MISSING_CENTRAL: ZFake3Mu/Central/jets/1/charge in Skim_TriLep_Muon0_C_v3.root
2026-01-07 18:48:51,039 - INFO - [2023] MISSING_CENTRAL: ZFake3Mu/Central/jets/1/charge in Skim_TriLep_Muon0_C_v4.root
2026-01-07 18:48:51,040 - INFO - [2023] MISSING_CENTRAL: ZFake3Mu/Central/jets/1/charge in Skim_TriLep_Muon1_C_v1.root
2026-01-07 18:48:51,041 - INFO - [2023] MISSING_CENTRAL: ZFake3Mu/Central/jets/1/charge in Skim_TriLep_Muon1_C_v2.root
2026-01-07 18:48:51,042 - INFO - [2023] MISSING_CENTRAL: ZFake3Mu/Central/jets/1/charge in Skim_TriLep_Muon1_C_v3.root
2026-01-07 18:48:51,043 - INFO - [2023] MISSING_CENTRAL: ZFake3Mu/Central/jets/1/charge in Skim_TriLep_Muon1_C_v4.root
2026-01-09 12:23:35,004 - INFO - [2023] MISSING_CENTRAL: ZFake3Mu/Central/jets/1/charge in Skim_TriLep_Muon0_C_v1.root
2026-01-09 12:23:35,006 - INFO - [2023] MISSING_CENTRAL: ZFake3Mu/Central/jets/1/charge in Skim_TriLep_Muon0_C_v2.root
2026-01-09 12:23:35,008 - INFO - [2023] MISSING_CENTRAL: ZFake3Mu/Central/jets/1/charge in Skim_TriLep_Muon0_C_v3.root
2026-01-09 12:23:35,010 - INFO - [2023] MISSING_CENTRAL: ZFake3Mu/Central/jets/1/charge in Skim_TriLep_Muon0_C_v4.root
2026-01-09 12:23:35,011 - INFO - [2023] MISSING_CENTRAL: ZFake3Mu/Central/jets/1/charge in Skim_TriLep_Muon1_C_v1.root
2026-01-09 12:23:35,012 - INFO - [2023] MISSING_CENTRAL: ZFake3Mu/Central/jets/1/charge in Skim_TriLep_Muon1_C_v2.root
2026-01-09 12:23:35,013 - INFO - [2023] MISSING_CENTRAL: ZFake3Mu/Central/jets/1/charge in Skim_TriLep_Muon1_C_v3.root
2026-01-09 12:23:35,014 - INFO - [2023] MISSING_CENTRAL: ZFake3Mu/Central/jets/1/charge in Skim_TriLep_Muon1_C_v4.root
2026-01-11 09:43:37,564 - INFO - [2023] MISSING_CENTRAL: ZFake3Mu/Central/jets/1/charge in Skim_TriLep_Muon0_C_v1.root
2026-01-11 09:43:37,566 - INFO - [2023] MISSING_CENTRAL: ZFake3Mu/Central/jets/1/charge in Skim_TriLep_Muon0_C_v2.root
2026-01-11 09:43:37,567 - INFO - [2023] MISSING_CENTRAL: ZFake3Mu/Central/jets/1/charge in Skim_TriLep_Muon0_C_v3.root
2026-01-11 09:43:37,567 - INFO - [2023] MISSING_CENTRAL: ZFake3Mu/Central/jets/1/charge in Skim_TriLep_Muon0_C_v4.root
2026-01-11 09:43:37,568 - INFO - [2023] MISSING_CENTRAL: ZFake3Mu/Central/jets/1/charge in Skim_TriLep_Muon1_C_v1.root
2026-01-11 09:43:37,568 - INFO - [2023] MISSING_CENTRAL: ZFake3Mu/Central/jets/1/charge in Skim_TriLep_Muon1_C_v2.root
2026-01-11 09:43:37,569 - INFO - [2023] MISSING_CENTRAL: ZFake3Mu/Central/jets/1/charge in Skim_TriLep_Muon1_C_v3.root
2026-01-11 09:43:37,570 - INFO - [2023] MISSING_CENTRAL: ZFake3Mu/Central/jets/1/charge in Skim_TriLep_Muon1_C_v4.root
2026-01-12 13:52:24,026 - INFO - [2023] MISSING_CENTRAL: ZFake3Mu/Central/jets/1/charge in Skim_TriLep_Muon0_C_v1.root
2026-01-12 13:52:24,027 - INFO - [2023] MISSING_CENTRAL: ZFake3Mu/Central/jets/1/charge in Skim_TriLep_Muon0_C_v2.root
2026-01-12 13:52:24,027 - INFO - [2023] MISSING_CENTRAL: ZFake3Mu/Central/jets/1/charge in Skim_TriLep_Muon0_C_v3.root
2026-01-12 13:52:24,028 - INFO - [2023] MISSING_CENTRAL: ZFake3Mu/Central/jets/1/charge in Skim_TriLep_Muon0_C_v4.root
2026-01-12 13:52:24,028 - INFO - [2023] MISSING_CENTRAL: ZFake3Mu/Central/jets/1/charge in Skim_TriLep_Muon1_C_v1.root
2026-01-12 13:52:24,029 - INFO - [2023] MISSING_CENTRAL: ZFake3Mu/Central/jets/1/charge in Skim_TriLep_Muon1_C_v2.root
2026-01-12 13:52:24,029 - INFO - [2023] MISSING_CENTRAL: ZFake3Mu/Central/jets/1/charge in Skim_TriLep_Muon1_C_v3.root
2026-01-12 13:52:24,030 - INFO - [2023] MISSING_CENTRAL: ZFake3Mu/Central/jets/1/charge in Skim_TriLep_Muon1_C_v4.root
