2025-09-24 16:01:06,084 - INFO - [2023] MISSING_CENTRAL: ZFake3Mu/Central/jets/1/px in Skim_TriLep_DYJets10to50.root
2025-09-24 16:01:06,085 - INFO - [2023] MISSING_CENTRAL: ZFake3Mu/Central/jets/1/px in Skim_TriLep_DYGTo2LG_MLL4to50_PTG10to100.root
2025-09-24 16:01:06,556 - INFO - [2023] MISSING_CENTRAL: ZFake3Mu/Central/jets/1/px in Skim_TriLep_TTG_PTG100to200.root
2025-09-24 16:01:06,557 - INFO - [2023] MISSING_CENTRAL: ZFake3Mu/Central/jets/1/px in Skim_TriLep_TTG_PTG200toInf.root
2025-10-02 21:20:00,696 - INFO - [2023] MISSING_CENTRAL: ZFake3Mu/Central/jets/1/px in Skim_TriLep_DYJets10to50.root
2025-10-02 21:20:00,698 - INFO - [2023] MISSING_CENTRAL: ZFake3Mu/Central/jets/1/px in Skim_TriLep_DYGTo2LG_MLL4to50_PTG10to100.root
2025-10-02 21:20:01,790 - INFO - [2023] MISSING_CENTRAL: ZFake3Mu/Central/jets/1/px in Skim_TriLep_TTG_PTG100to200.root
2025-10-02 21:20:01,797 - INFO - [2023] MISSING_CENTRAL: ZFake3Mu/Central/jets/1/px in Skim_TriLep_TTG_PTG200toInf.root
2025-10-03 00:29:27,365 - INFO - [2023] MISSING_CENTRAL: ZFake3Mu/Central/jets/1/px in Skim_TriLep_DYJets10to50.root
2025-10-03 00:29:27,367 - INFO - [2023] MISSING_CENTRAL: ZFake3Mu/Central/jets/1/px in Skim_TriLep_DYGTo2LG_MLL4to50_PTG10to100.root
2025-10-03 00:29:28,018 - INFO - [2023] MISSING_CENTRAL: ZFake3Mu/Central/jets/1/px in Skim_TriLep_TTG_PTG100to200.root
2025-10-03 00:29:28,019 - INFO - [2023] MISSING_CENTRAL: ZFake3Mu/Central/jets/1/px in Skim_TriLep_TTG_PTG200toInf.root
2025-11-07 13:11:34,689 - INFO - [2023] MISSING_FILE: /home/choij/Sync/workspace/ChargedHiggsAnalysisV3/SKNanoOutput/PromptSelector/Run3Mu/2023/Skim_TriLep_Muon0_C_v1.root
2025-11-07 13:11:34,695 - INFO - [2023] MISSING_FILE: /home/choij/Sync/workspace/ChargedHiggsAnalysisV3/SKNanoOutput/PromptSelector/Run3Mu/2023/Skim_TriLep_Muon0_C_v2.root
2025-11-07 13:11:34,695 - INFO - [2023] MISSING_FILE: /home/choij/Sync/workspace/ChargedHiggsAnalysisV3/SKNanoOutput/PromptSelector/Run3Mu/2023/Skim_TriLep_Muon0_C_v3.root
2025-11-07 13:11:34,695 - INFO - [2023] MISSING_FILE: /home/choij/Sync/workspace/ChargedHiggsAnalysisV3/SKNanoOutput/PromptSelector/Run3Mu/2023/Skim_TriLep_Muon0_C_v4.root
2025-11-07 13:11:34,695 - INFO - [2023] MISSING_FILE: /home/choij/Sync/workspace/ChargedHiggsAnalysisV3/SKNanoOutput/PromptSelector/Run3Mu/2023/Skim_TriLep_Muon1_C_v1.root
2025-11-07 13:11:34,695 - INFO - [2023] MISSING_FILE: /home/choij/Sync/workspace/ChargedHiggsAnalysisV3/SKNanoOutput/PromptSelector/Run3Mu/2023/Skim_TriLep_Muon1_C_v2.root
2025-11-07 13:11:34,695 - INFO - [2023] MISSING_FILE: /home/choij/Sync/workspace/ChargedHiggsAnalysisV3/SKNanoOutput/PromptSelector/Run3Mu/2023/Skim_TriLep_Muon1_C_v3.root
2025-11-07 13:11:34,695 - INFO - [2023] MISSING_FILE: /home/choij/Sync/workspace/ChargedHiggsAnalysisV3/SKNanoOutput/PromptSelector/Run3Mu/2023/Skim_TriLep_Muon1_C_v4.root
2025-11-07 14:09:11,708 - INFO - [2023] MISSING_FILE: /home/choij/Sync/workspace/ChargedHiggsAnalysisV3/SKNanoOutput/PromptSelector/Run3Mu/2023/Skim_TriLep_Muon0_C_v1.root
2025-11-07 14:09:11,710 - INFO - [2023] MISSING_FILE: /home/choij/Sync/workspace/ChargedHiggsAnalysisV3/SKNanoOutput/PromptSelector/Run3Mu/2023/Skim_TriLep_Muon0_C_v2.root
2025-11-07 14:09:11,710 - INFO - [2023] MISSING_FILE: /home/choij/Sync/workspace/ChargedHiggsAnalysisV3/SKNanoOutput/PromptSelector/Run3Mu/2023/Skim_TriLep_Muon0_C_v3.root
2025-11-07 14:09:11,710 - INFO - [2023] MISSING_FILE: /home/choij/Sync/workspace/ChargedHiggsAnalysisV3/SKNanoOutput/PromptSelector/Run3Mu/2023/Skim_TriLep_Muon0_C_v4.root
2025-11-07 14:09:11,710 - INFO - [2023] MISSING_FILE: /home/choij/Sync/workspace/ChargedHiggsAnalysisV3/SKNanoOutput/PromptSelector/Run3Mu/2023/Skim_TriLep_Muon1_C_v1.root
2025-11-07 14:09:11,711 - INFO - [2023] MISSING_FILE: /home/choij/Sync/workspace/ChargedHiggsAnalysisV3/SKNanoOutput/PromptSelector/Run3Mu/2023/Skim_TriLep_Muon1_C_v2.root
2025-11-07 14:09:11,711 - INFO - [2023] MISSING_FILE: /home/choij/Sync/workspace/ChargedHiggsAnalysisV3/SKNanoOutput/PromptSelector/Run3Mu/2023/Skim_TriLep_Muon1_C_v3.root
2025-11-07 14:09:11,711 - INFO - [2023] MISSING_FILE: /home/choij/Sync/workspace/ChargedHiggsAnalysisV3/SKNanoOutput/PromptSelector/Run3Mu/2023/Skim_TriLep_Muon1_C_v4.root
2025-11-10 12:25:00,855 - INFO - [2023] MISSING_CENTRAL: ZFake3Mu/Central/jets/1/px in Skim_TriLep_DYJets10to50.root
2025-11-10 12:25:00,855 - INFO - [2023] MISSING_CENTRAL: ZFake3Mu/Central/jets/1/px in Skim_TriLep_DYGTo2LG_MLL4to50_PTG10to100.root
2025-11-10 12:25:00,966 - INFO - [2023] MISSING_CENTRAL: ZFake3Mu/Central/jets/1/px in Skim_TriLep_TTG_PTG100to200.root
2025-11-10 12:25:00,967 - INFO - [2023] MISSING_CENTRAL: ZFake3Mu/Central/jets/1/px in Skim_TriLep_TTG_PTG200toInf.root
2025-11-13 11:14:58,386 - INFO - [2023] MISSING_CENTRAL: ZFake3Mu/Central/jets/1/px in Skim_TriLep_DYJets10to50.root
2025-11-13 11:14:58,387 - INFO - [2023] MISSING_CENTRAL: ZFake3Mu/Central/jets/1/px in Skim_TriLep_DYGTo2LG_MLL4to50_PTG10to100.root
2025-11-13 11:14:59,945 - INFO - [2023] MISSING_CENTRAL: ZFake3Mu/Central/jets/1/px in Skim_TriLep_TTG_PTG100to200.root
2025-11-13 11:14:59,946 - INFO - [2023] MISSING_CENTRAL: ZFake3Mu/Central/jets/1/px in Skim_TriLep_TTG_PTG200toInf.root
2025-11-19 16:11:20,854 - INFO - [2023] MISSING_CENTRAL: ZFake3Mu/Central/jets/1/px in Skim_TriLep_DYJets10to50.root
2025-11-19 16:11:20,855 - INFO - [2023] MISSING_CENTRAL: ZFake3Mu/Central/jets/1/px in Skim_TriLep_DYGTo2LG_MLL4to50_PTG10to100.root
2025-11-19 16:11:20,983 - INFO - [2023] MISSING_CENTRAL: ZFake3Mu/Central/jets/1/px in Skim_TriLep_TTG_PTG100to200.root
2025-11-19 16:11:20,986 - INFO - [2023] MISSING_CENTRAL: ZFake3Mu/Central/jets/1/px in Skim_TriLep_TTG_PTG200toInf.root
2025-11-19 16:27:28,746 - INFO - [2023] MISSING_CENTRAL: ZFake3Mu/Central/jets/1/px in Skim_TriLep_DYJets10to50.root
2025-11-19 16:27:28,747 - INFO - [2023] MISSING_CENTRAL: ZFake3Mu/Central/jets/1/px in Skim_TriLep_DYGTo2LG_MLL4to50_PTG10to100.root
2025-11-19 16:27:28,859 - INFO - [2023] MISSING_CENTRAL: ZFake3Mu/Central/jets/1/px in Skim_TriLep_TTG_PTG100to200.root
2025-11-19 16:27:28,860 - INFO - [2023] MISSING_CENTRAL: ZFake3Mu/Central/jets/1/px in Skim_TriLep_TTG_PTG200toInf.root
2025-12-17 22:42:14,775 - INFO - [2023] MISSING_CENTRAL: ZFake3Mu/Central/jets/1/px in Skim_TriLep_DYJets10to50.root
2025-12-17 22:42:14,944 - INFO - [2023] MISSING_CENTRAL: ZFake3Mu/Central/jets/1/px in Skim_TriLep_TTG_PTG100to200.root
2025-12-17 22:42:14,945 - INFO - [2023] MISSING_CENTRAL: ZFake3Mu/Central/jets/1/px in Skim_TriLep_TTG_PTG200toInf.root
2025-12-18 14:27:47,895 - INFO - [2023] MISSING_CENTRAL: ZFake3Mu/Central/jets/1/px in Skim_TriLep_DYJets10to50.root
2025-12-18 14:27:47,919 - INFO - [2023] MISSING_CENTRAL: ZFake3Mu/Central/jets/1/px in Skim_TriLep_TTG_PTG100to200.root
2025-12-18 14:27:47,926 - INFO - [2023] MISSING_CENTRAL: ZFake3Mu/Central/jets/1/px in Skim_TriLep_TTG_PTG200toInf.root
2025-12-18 14:43:07,376 - INFO - [2023] MISSING_CENTRAL: ZFake3Mu/Central/jets/1/px in Skim_TriLep_DYJets10to50.root
2025-12-18 14:43:07,447 - INFO - [2023] MISSING_CENTRAL: ZFake3Mu/Central/jets/1/px in Skim_TriLep_TTG_PTG100to200.root
2025-12-18 14:43:07,448 - INFO - [2023] MISSING_CENTRAL: ZFake3Mu/Central/jets/1/px in Skim_TriLep_TTG_PTG200toInf.root
2026-01-07 11:52:16,238 - INFO - [2023] MISSING_CENTRAL: ZFake3Mu/Central/jets/1/px in Skim_TriLep_DYJets10to50.root
2026-01-07 11:52:16,535 - INFO - [2023] MISSING_CENTRAL: ZFake3Mu/Central/jets/1/px in Skim_TriLep_TTG_PTG100to200.root
2026-01-07 11:52:16,535 - INFO - [2023] MISSING_CENTRAL: ZFake3Mu/Central/jets/1/px in Skim_TriLep_TTG_PTG200toInf.root
2026-01-07 18:48:51,044 - INFO - [2023] MISSING_CENTRAL: ZFake3Mu/Central/jets/1/px in Skim_TriLep_DYJets10to50.root
2026-01-07 18:48:51,067 - INFO - [2023] MISSING_CENTRAL: ZFake3Mu/Central/jets/1/px in Skim_TriLep_TTG_PTG100to200.root
2026-01-07 18:48:51,068 - INFO - [2023] MISSING_CENTRAL: ZFake3Mu/Central/jets/1/px in Skim_TriLep_TTG_PTG200toInf.root
2026-01-09 12:23:35,352 - INFO - [2023] MISSING_CENTRAL: ZFake3Mu/Central/jets/1/px in Skim_TriLep_DYJets10to50.root
2026-01-09 12:23:35,369 - INFO - [2023] MISSING_CENTRAL: ZFake3Mu/Central/jets/1/px in Skim_TriLep_TTG_PTG100to200.root
2026-01-09 12:23:35,369 - INFO - [2023] MISSING_CENTRAL: ZFake3Mu/Central/jets/1/px in Skim_TriLep_TTG_PTG200toInf.root
2026-01-11 09:43:37,821 - INFO - [2023] MISSING_CENTRAL: ZFake3Mu/Central/jets/1/px in Skim_TriLep_DYJets10to50.root
2026-01-11 09:43:37,837 - INFO - [2023] MISSING_CENTRAL: ZFake3Mu/Central/jets/1/px in Skim_TriLep_TTG_PTG100to200.root
2026-01-11 09:43:37,837 - INFO - [2023] MISSING_CENTRAL: ZFake3Mu/Central/jets/1/px in Skim_TriLep_TTG_PTG200toInf.root
2026-01-12 13:52:24,023 - INFO - [2023] MISSING_FILE: /home/choij/Sync/workspace/ChargedHiggsAnalysisV3/SKNanoOutput/MatrixSelector/Run3Mu/2023/Skim_TriLep_Muon0_C_v1.root
2026-01-12 13:52:24,023 - INFO - [2023] MISSING_FILE: /home/choij/Sync/workspace/ChargedHiggsAnalysisV3/SKNanoOutput/MatrixSelector/Run3Mu/2023/Skim_TriLep_Muon0_C_v2.root
2026-01-12 13:52:24,023 - INFO - [2023] MISSING_FILE: /home/choij/Sync/workspace/ChargedHiggsAnalysisV3/SKNanoOutput/MatrixSelector/Run3Mu/2023/Skim_TriLep_Muon0_C_v3.root
2026-01-12 13:52:24,023 - INFO - [2023] MISSING_FILE: /home/choij/Sync/workspace/ChargedHiggsAnalysisV3/SKNanoOutput/MatrixSelector/Run3Mu/2023/Skim_TriLep_Muon0_C_v4.root
2026-01-12 13:52:24,023 - INFO - [2023] MISSING_FILE: /home/choij/Sync/workspace/ChargedHiggsAnalysisV3/SKNanoOutput/MatrixSelector/Run3Mu/2023/Skim_TriLep_Muon1_C_v1.root
2026-01-12 13:52:24,023 - INFO - [2023] MISSING_FILE: /home/choij/Sync/workspace/ChargedHiggsAnalysisV3/SKNanoOutput/MatrixSelector/Run3Mu/2023/Skim_TriLep_Muon1_C_v2.root
2026-01-12 13:52:24,023 - INFO - [2023] MISSING_FILE: /home/choij/Sync/workspace/ChargedHiggsAnalysisV3/SKNanoOutput/MatrixSelector/Run3Mu/2023/Skim_TriLep_Muon1_C_v3.root
2026-01-12 13:52:24,023 - INFO - [2023] MISSING_FILE: /home/choij/Sync/workspace/ChargedHiggsAnalysisV3/SKNanoOutput/MatrixSelector/Run3Mu/2023/Skim_TriLep_Muon1_C_v4.root
2026-01-12 13:52:24,053 - INFO - [2023] MISSING_CENTRAL: ZFake3Mu/Central/jets/1/px in Skim_TriLep_DYJets10to50.root
2026-01-12 13:52:24,068 - INFO - [2023] MISSING_CENTRAL: ZFake3Mu/Central/jets/1/px in Skim_TriLep_TTG_PTG100to200.root
2026-01-12 13:52:24,068 - INFO - [2023] MISSING_CENTRAL: ZFake3Mu/Central/jets/1/px in Skim_TriLep_TTG_PTG200toInf.root
