2025-09-24 16:01:13,543 - INFO - [2023] MISSING_CENTRAL: ZFake3Mu/Central/jets/4/phi in Skim_TriLep_Muon0_C_v1.root
2025-09-24 16:01:13,543 - INFO - [2023] MISSING_CENTRAL: ZFake3Mu/Central/jets/4/phi in Skim_TriLep_Muon0_C_v2.root
2025-09-24 16:01:13,543 - INFO - [2023] MISSING_CENTRAL: ZFake3Mu/Central/jets/4/phi in Skim_TriLep_Muon0_C_v3.root
2025-09-24 16:01:13,625 - INFO - [2023] MISSING_CENTRAL: ZFake3Mu/Central/jets/4/phi in Skim_TriLep_Muon1_C_v1.root
2025-09-24 16:01:13,625 - INFO - [2023] MISSING_CENTRAL: ZFake3Mu/Central/jets/4/phi in Skim_TriLep_Muon1_C_v2.root
2025-09-24 16:01:13,626 - INFO - [2023] MISSING_CENTRAL: ZFake3Mu/Central/jets/4/phi in Skim_TriLep_Muon1_C_v3.root
2025-09-24 16:01:13,701 - INFO - [2023] MISSING_CENTRAL: ZFake3Mu/Central/jets/4/phi in Skim_TriLep_Muon0_C_v1.root
2025-09-24 16:01:13,702 - INFO - [2023] MISSING_CENTRAL: ZFake3Mu/Central/jets/4/phi in Skim_TriLep_Muon0_C_v2.root
2025-09-24 16:01:13,702 - INFO - [2023] MISSING_CENTRAL: ZFake3Mu/Central/jets/4/phi in Skim_TriLep_Muon0_C_v3.root
2025-09-24 16:01:13,702 - INFO - [2023] MISSING_CENTRAL: ZFake3Mu/Central/jets/4/phi in Skim_TriLep_Muon0_C_v4.root
2025-09-24 16:01:13,702 - INFO - [2023] MISSING_CENTRAL: ZFake3Mu/Central/jets/4/phi in Skim_TriLep_Muon1_C_v1.root
2025-09-24 16:01:13,702 - INFO - [2023] MISSING_CENTRAL: ZFake3Mu/Central/jets/4/phi in Skim_TriLep_Muon1_C_v2.root
2025-09-24 16:01:13,753 - INFO - [2023] MISSING_CENTRAL: ZFake3Mu/Central/jets/4/phi in Skim_TriLep_Muon1_C_v3.root
2025-09-24 16:01:13,753 - INFO - [2023] MISSING_CENTRAL: ZFake3Mu/Central/jets/4/phi in Skim_TriLep_Muon1_C_v4.root
2025-09-24 16:01:13,753 - INFO - [2023] MISSING_CENTRAL: ZFake3Mu/Central/jets/4/phi in Skim_TriLep_DYJets.root
2025-09-24 16:01:13,753 - INFO - [2023] MISSING_CENTRAL: ZFake3Mu/Central/jets/4/phi in Skim_TriLep_DYJets10to50.root
2025-09-24 16:01:13,763 - INFO - [2023] MISSING_CENTRAL: ZFake3Mu/Central/jets/4/phi in Skim_TriLep_DYGTo2LG_MLL4to50_PTG10to100.root
2025-09-24 16:01:13,765 - INFO - [2023] MISSING_CENTRAL: ZFake3Mu/Central/jets/4/phi in Skim_TriLep_DYGTo2LG_MLL4to50_PTG100to200.root
2025-09-24 16:01:13,766 - INFO - [2023] MISSING_CENTRAL: ZFake3Mu/Central/jets/4/phi in Skim_TriLep_DYGTo2LG_MLL4to50_PTG200toInf.root
2025-09-24 16:01:13,767 - INFO - [2023] MISSING_CENTRAL: ZFake3Mu/Central/jets/4/phi in Skim_TriLep_DYGTo2LG_MLL50_PTG10to100.root
2025-09-24 16:01:13,768 - INFO - [2023] MISSING_CENTRAL: ZFake3Mu/Central/jets/4/phi in Skim_TriLep_DYGTo2LG_MLL50_PTG100to200.root
2025-09-24 16:01:13,768 - INFO - [2023] MISSING_CENTRAL: ZFake3Mu/Central/jets/4/phi in Skim_TriLep_DYGTo2LG_MLL50_PTG200to400.root
2025-09-24 16:01:13,768 - INFO - [2023] MISSING_CENTRAL: ZFake3Mu/Central/jets/4/phi in Skim_TriLep_DYGTo2LG_MLL50_PTG400to600.root
2025-09-24 16:01:13,789 - INFO - [2023] MISSING_CENTRAL: ZFake3Mu/Central/jets/4/phi in Skim_TriLep_TTG_PTG10to100.root
2025-09-24 16:01:13,790 - INFO - [2023] MISSING_CENTRAL: ZFake3Mu/Central/jets/4/phi in Skim_TriLep_TTG_PTG100to200.root
2025-09-24 16:01:13,790 - INFO - [2023] MISSING_CENTRAL: ZFake3Mu/Central/jets/4/phi in Skim_TriLep_TTG_PTG200toInf.root
2025-09-24 16:01:13,790 - INFO - [2023] MISSING_CENTRAL: ZFake3Mu/Central/jets/4/phi in Skim_TriLep_TTWToLNu.root
2025-09-24 16:01:13,830 - INFO - [2023] MISSING_CENTRAL: ZFake3Mu/Central/jets/4/phi in Skim_TriLep_tHq.root
2025-09-24 16:01:13,830 - INFO - [2023] MISSING_CENTRAL: ZFake3Mu/Central/jets/4/phi in Skim_TriLep_WWW.root
2025-09-24 16:01:13,845 - INFO - [2023] MISSING_CENTRAL: ZFake3Mu/Central/jets/4/phi in Skim_TriLep_VBFHToZZTo4L.root
2025-09-24 16:01:13,845 - INFO - [2023] MISSING_CENTRAL: ZFake3Mu/Central/jets/4/phi in Skim_TriLep_ggHToZZTo4L.root
