2025-11-07 13:11:40,643 - INFO - [2023] MISSING_FILE: /home/choij/Sync/workspace/ChargedHiggsAnalysisV3/SKNanoOutput/PromptSelector/Run3Mu/2023/Skim_TriLep_Muon0_C_v1.root
2025-11-07 13:11:40,644 - INFO - [2023] MISSING_FILE: /home/choij/Sync/workspace/ChargedHiggsAnalysisV3/SKNanoOutput/PromptSelector/Run3Mu/2023/Skim_TriLep_Muon0_C_v2.root
2025-11-07 13:11:40,644 - INFO - [2023] MISSING_FILE: /home/choij/Sync/workspace/ChargedHiggsAnalysisV3/SKNanoOutput/PromptSelector/Run3Mu/2023/Skim_TriLep_Muon0_C_v3.root
2025-11-07 13:11:40,644 - INFO - [2023] MISSING_FILE: /home/choij/Sync/workspace/ChargedHiggsAnalysisV3/SKNanoOutput/PromptSelector/Run3Mu/2023/Skim_TriLep_Muon0_C_v4.root
2025-11-07 13:11:40,645 - INFO - [2023] MISSING_FILE: /home/choij/Sync/workspace/ChargedHiggsAnalysisV3/SKNanoOutput/PromptSelector/Run3Mu/2023/Skim_TriLep_Muon1_C_v1.root
2025-11-07 13:11:40,645 - INFO - [2023] MISSING_FILE: /home/choij/Sync/workspace/ChargedHiggsAnalysisV3/SKNanoOutput/PromptSelector/Run3Mu/2023/Skim_TriLep_Muon1_C_v2.root
2025-11-07 13:11:40,645 - INFO - [2023] MISSING_FILE: /home/choij/Sync/workspace/ChargedHiggsAnalysisV3/SKNanoOutput/PromptSelector/Run3Mu/2023/Skim_TriLep_Muon1_C_v3.root
2025-11-07 13:11:40,645 - INFO - [2023] MISSING_FILE: /home/choij/Sync/workspace/ChargedHiggsAnalysisV3/SKNanoOutput/PromptSelector/Run3Mu/2023/Skim_TriLep_Muon1_C_v4.root
2025-11-07 14:09:16,374 - INFO - [2023] MISSING_FILE: /home/choij/Sync/workspace/ChargedHiggsAnalysisV3/SKNanoOutput/PromptSelector/Run3Mu/2023/Skim_TriLep_Muon0_C_v1.root
2025-11-07 14:09:16,375 - INFO - [2023] MISSING_FILE: /home/choij/Sync/workspace/ChargedHiggsAnalysisV3/SKNanoOutput/PromptSelector/Run3Mu/2023/Skim_TriLep_Muon0_C_v2.root
2025-11-07 14:09:16,375 - INFO - [2023] MISSING_FILE: /home/choij/Sync/workspace/ChargedHiggsAnalysisV3/SKNanoOutput/PromptSelector/Run3Mu/2023/Skim_TriLep_Muon0_C_v3.root
2025-11-07 14:09:16,375 - INFO - [2023] MISSING_FILE: /home/choij/Sync/workspace/ChargedHiggsAnalysisV3/SKNanoOutput/PromptSelector/Run3Mu/2023/Skim_TriLep_Muon0_C_v4.root
2025-11-07 14:09:16,375 - INFO - [2023] MISSING_FILE: /home/choij/Sync/workspace/ChargedHiggsAnalysisV3/SKNanoOutput/PromptSelector/Run3Mu/2023/Skim_TriLep_Muon1_C_v1.root
2025-11-07 14:09:16,375 - INFO - [2023] MISSING_FILE: /home/choij/Sync/workspace/ChargedHiggsAnalysisV3/SKNanoOutput/PromptSelector/Run3Mu/2023/Skim_TriLep_Muon1_C_v2.root
2025-11-07 14:09:16,375 - INFO - [2023] MISSING_FILE: /home/choij/Sync/workspace/ChargedHiggsAnalysisV3/SKNanoOutput/PromptSelector/Run3Mu/2023/Skim_TriLep_Muon1_C_v3.root
2025-11-07 14:09:16,375 - INFO - [2023] MISSING_FILE: /home/choij/Sync/workspace/ChargedHiggsAnalysisV3/SKNanoOutput/PromptSelector/Run3Mu/2023/Skim_TriLep_Muon1_C_v4.root
2025-11-10 12:25:07,933 - INFO - [2023] MISSING_CENTRAL: ZFake3Mu/Central/MHc145_MA92/score_signal in Skim_TriLep_DYJets10to50.root
2025-11-10 12:25:07,934 - INFO - [2023] MISSING_CENTRAL: ZFake3Mu/Central/MHc145_MA92/score_signal in Skim_TriLep_DYGTo2LG_MLL4to50_PTG10to100.root
2025-11-10 12:25:07,980 - INFO - [2023] MISSING_CENTRAL: ZFake3Mu/Central/MHc145_MA92/score_signal in Skim_TriLep_TTG_PTG100to200.root
2025-11-10 12:25:07,981 - INFO - [2023] MISSING_CENTRAL: ZFake3Mu/Central/MHc145_MA92/score_signal in Skim_TriLep_TTG_PTG200toInf.root
2025-11-13 11:15:08,879 - INFO - [2023] MISSING_CENTRAL: ZFake3Mu/Central/MHc145_MA92/score_signal in Skim_TriLep_DYJets10to50.root
2025-11-13 11:15:08,881 - INFO - [2023] MISSING_CENTRAL: ZFake3Mu/Central/MHc145_MA92/score_signal in Skim_TriLep_DYGTo2LG_MLL4to50_PTG10to100.root
2025-11-13 11:15:08,964 - INFO - [2023] MISSING_CENTRAL: ZFake3Mu/Central/MHc145_MA92/score_signal in Skim_TriLep_TTG_PTG100to200.root
2025-11-13 11:15:08,965 - INFO - [2023] MISSING_CENTRAL: ZFake3Mu/Central/MHc145_MA92/score_signal in Skim_TriLep_TTG_PTG200toInf.root
2025-11-19 16:11:28,180 - INFO - [2023] MISSING_CENTRAL: ZFake3Mu/Central/MHc145_MA92/score_signal in Skim_TriLep_DYJets10to50.root
2025-11-19 16:11:28,181 - INFO - [2023] MISSING_CENTRAL: ZFake3Mu/Central/MHc145_MA92/score_signal in Skim_TriLep_DYGTo2LG_MLL4to50_PTG10to100.root
2025-11-19 16:11:28,227 - INFO - [2023] MISSING_CENTRAL: ZFake3Mu/Central/MHc145_MA92/score_signal in Skim_TriLep_TTG_PTG100to200.root
2025-11-19 16:11:28,228 - INFO - [2023] MISSING_CENTRAL: ZFake3Mu/Central/MHc145_MA92/score_signal in Skim_TriLep_TTG_PTG200toInf.root
2025-11-19 16:27:35,757 - INFO - [2023] MISSING_CENTRAL: ZFake3Mu/Central/MHc145_MA92/score_signal in Skim_TriLep_DYJets10to50.root
2025-11-19 16:27:35,758 - INFO - [2023] MISSING_CENTRAL: ZFake3Mu/Central/MHc145_MA92/score_signal in Skim_TriLep_DYGTo2LG_MLL4to50_PTG10to100.root
2025-11-19 16:27:35,809 - INFO - [2023] MISSING_CENTRAL: ZFake3Mu/Central/MHc145_MA92/score_signal in Skim_TriLep_TTG_PTG100to200.root
2025-11-19 16:27:35,810 - INFO - [2023] MISSING_CENTRAL: ZFake3Mu/Central/MHc145_MA92/score_signal in Skim_TriLep_TTG_PTG200toInf.root
2025-12-17 22:42:25,063 - INFO - [2023] MISSING_CENTRAL: ZFake3Mu/Central/MHc145_MA92/score_signal in Skim_TriLep_DYJets10to50.root
2025-12-17 22:42:25,096 - INFO - [2023] MISSING_CENTRAL: ZFake3Mu/Central/MHc145_MA92/score_signal in Skim_TriLep_TTG_PTG100to200.root
2025-12-17 22:42:25,097 - INFO - [2023] MISSING_CENTRAL: ZFake3Mu/Central/MHc145_MA92/score_signal in Skim_TriLep_TTG_PTG200toInf.root
2025-12-18 14:27:59,033 - INFO - [2023] MISSING_CENTRAL: ZFake3Mu/Central/MHc145_MA92/score_signal in Skim_TriLep_DYJets10to50.root
2025-12-18 14:27:59,088 - INFO - [2023] MISSING_CENTRAL: ZFake3Mu/Central/MHc145_MA92/score_signal in Skim_TriLep_TTG_PTG100to200.root
2025-12-18 14:27:59,096 - INFO - [2023] MISSING_CENTRAL: ZFake3Mu/Central/MHc145_MA92/score_signal in Skim_TriLep_TTG_PTG200toInf.root
2025-12-18 14:43:17,364 - INFO - [2023] MISSING_CENTRAL: ZFake3Mu/Central/MHc145_MA92/score_signal in Skim_TriLep_DYJets10to50.root
2025-12-18 14:43:17,390 - INFO - [2023] MISSING_CENTRAL: ZFake3Mu/Central/MHc145_MA92/score_signal in Skim_TriLep_TTG_PTG100to200.root
2025-12-18 14:43:17,397 - INFO - [2023] MISSING_CENTRAL: ZFake3Mu/Central/MHc145_MA92/score_signal in Skim_TriLep_TTG_PTG200toInf.root
2026-01-07 11:52:29,594 - INFO - [2023] MISSING_CENTRAL: ZFake3Mu/Central/MHc145_MA92/score_signal in Skim_TriLep_DYJets10to50.root
2026-01-07 11:52:29,601 - INFO - [2023] MISSING_CENTRAL: ZFake3Mu/Central/MHc145_MA92/score_signal in Skim_TriLep_TTG_PTG100to200.root
2026-01-07 11:52:29,602 - INFO - [2023] MISSING_CENTRAL: ZFake3Mu/Central/MHc145_MA92/score_signal in Skim_TriLep_TTG_PTG200toInf.root
2026-01-07 18:49:00,150 - INFO - [2023] MISSING_CENTRAL: ZFake3Mu/Central/MHc145_MA92/score_signal in Skim_TriLep_DYJets10to50.root
2026-01-07 18:49:00,170 - INFO - [2023] MISSING_CENTRAL: ZFake3Mu/Central/MHc145_MA92/score_signal in Skim_TriLep_TTG_PTG100to200.root
2026-01-07 18:49:00,179 - INFO - [2023] MISSING_CENTRAL: ZFake3Mu/Central/MHc145_MA92/score_signal in Skim_TriLep_TTG_PTG200toInf.root
2026-01-09 12:23:45,180 - INFO - [2023] MISSING_CENTRAL: ZFake3Mu/Central/MHc145_MA92/score_signal in Skim_TriLep_DYJets10to50.root
2026-01-09 12:23:45,189 - INFO - [2023] MISSING_CENTRAL: ZFake3Mu/Central/MHc145_MA92/score_signal in Skim_TriLep_TTG_PTG100to200.root
2026-01-09 12:23:45,189 - INFO - [2023] MISSING_CENTRAL: ZFake3Mu/Central/MHc145_MA92/score_signal in Skim_TriLep_TTG_PTG200toInf.root
