2025-09-24 16:01:00,330 - INFO - [2023] MISSING_CENTRAL: ZFake3Mu/Central/muons/3/phi in Skim_TriLep_DYJets10to50.root
2025-09-24 16:01:00,331 - INFO - [2023] MISSING_CENTRAL: ZFake3Mu/Central/muons/3/phi in Skim_TriLep_DYGTo2LG_MLL4to50_PTG10to100.root
2025-09-24 16:01:00,380 - INFO - [2023] MISSING_CENTRAL: ZFake3Mu/Central/muons/3/phi in Skim_TriLep_TTG_PTG100to200.root
2025-09-24 16:01:00,380 - INFO - [2023] MISSING_CENTRAL: ZFake3Mu/Central/muons/3/phi in Skim_TriLep_TTG_PTG200toInf.root
2025-10-02 21:20:00,430 - INFO - [2023] MISSING_CENTRAL: ZFake3Mu/Central/muons/3/phi in Skim_TriLep_DYJets10to50.root
2025-10-02 21:20:00,463 - INFO - [2023] MISSING_CENTRAL: ZFake3Mu/Central/muons/3/phi in Skim_TriLep_DYGTo2LG_MLL4to50_PTG10to100.root
2025-10-02 21:20:01,776 - INFO - [2023] MISSING_CENTRAL: ZFake3Mu/Central/muons/3/phi in Skim_TriLep_TTG_PTG100to200.root
2025-10-02 21:20:01,793 - INFO - [2023] MISSING_CENTRAL: ZFake3Mu/Central/muons/3/phi in Skim_TriLep_TTG_PTG200toInf.root
2025-10-03 00:29:17,338 - INFO - [2023] MISSING_CENTRAL: ZFake3Mu/Central/muons/3/phi in Skim_TriLep_DYJets10to50.root
2025-10-03 00:29:17,340 - INFO - [2023] MISSING_CENTRAL: ZFake3Mu/Central/muons/3/phi in Skim_TriLep_DYGTo2LG_MLL4to50_PTG10to100.root
2025-10-03 00:29:17,459 - INFO - [2023] MISSING_CENTRAL: ZFake3Mu/Central/muons/3/phi in Skim_TriLep_TTG_PTG100to200.root
2025-10-03 00:29:17,460 - INFO - [2023] MISSING_CENTRAL: ZFake3Mu/Central/muons/3/phi in Skim_TriLep_TTG_PTG200toInf.root
2025-11-07 13:11:32,686 - INFO - [2023] MISSING_FILE: /home/choij/Sync/workspace/ChargedHiggsAnalysisV3/SKNanoOutput/PromptSelector/Run3Mu/2023/Skim_TriLep_Muon0_C_v1.root
2025-11-07 13:11:32,687 - INFO - [2023] MISSING_FILE: /home/choij/Sync/workspace/ChargedHiggsAnalysisV3/SKNanoOutput/PromptSelector/Run3Mu/2023/Skim_TriLep_Muon0_C_v2.root
2025-11-07 13:11:32,687 - INFO - [2023] MISSING_FILE: /home/choij/Sync/workspace/ChargedHiggsAnalysisV3/SKNanoOutput/PromptSelector/Run3Mu/2023/Skim_TriLep_Muon0_C_v3.root
2025-11-07 13:11:32,687 - INFO - [2023] MISSING_FILE: /home/choij/Sync/workspace/ChargedHiggsAnalysisV3/SKNanoOutput/PromptSelector/Run3Mu/2023/Skim_TriLep_Muon0_C_v4.root
2025-11-07 13:11:32,687 - INFO - [2023] MISSING_FILE: /home/choij/Sync/workspace/ChargedHiggsAnalysisV3/SKNanoOutput/PromptSelector/Run3Mu/2023/Skim_TriLep_Muon1_C_v1.root
2025-11-07 13:11:32,687 - INFO - [2023] MISSING_FILE: /home/choij/Sync/workspace/ChargedHiggsAnalysisV3/SKNanoOutput/PromptSelector/Run3Mu/2023/Skim_TriLep_Muon1_C_v2.root
2025-11-07 13:11:32,687 - INFO - [2023] MISSING_FILE: /home/choij/Sync/workspace/ChargedHiggsAnalysisV3/SKNanoOutput/PromptSelector/Run3Mu/2023/Skim_TriLep_Muon1_C_v3.root
2025-11-07 13:11:32,687 - INFO - [2023] MISSING_FILE: /home/choij/Sync/workspace/ChargedHiggsAnalysisV3/SKNanoOutput/PromptSelector/Run3Mu/2023/Skim_TriLep_Muon1_C_v4.root
2025-11-07 14:09:09,689 - INFO - [2023] MISSING_FILE: /home/choij/Sync/workspace/ChargedHiggsAnalysisV3/SKNanoOutput/PromptSelector/Run3Mu/2023/Skim_TriLep_Muon0_C_v1.root
2025-11-07 14:09:09,689 - INFO - [2023] MISSING_FILE: /home/choij/Sync/workspace/ChargedHiggsAnalysisV3/SKNanoOutput/PromptSelector/Run3Mu/2023/Skim_TriLep_Muon0_C_v2.root
2025-11-07 14:09:09,689 - INFO - [2023] MISSING_FILE: /home/choij/Sync/workspace/ChargedHiggsAnalysisV3/SKNanoOutput/PromptSelector/Run3Mu/2023/Skim_TriLep_Muon0_C_v3.root
2025-11-07 14:09:09,690 - INFO - [2023] MISSING_FILE: /home/choij/Sync/workspace/ChargedHiggsAnalysisV3/SKNanoOutput/PromptSelector/Run3Mu/2023/Skim_TriLep_Muon0_C_v4.root
2025-11-07 14:09:09,690 - INFO - [2023] MISSING_FILE: /home/choij/Sync/workspace/ChargedHiggsAnalysisV3/SKNanoOutput/PromptSelector/Run3Mu/2023/Skim_TriLep_Muon1_C_v1.root
2025-11-07 14:09:09,690 - INFO - [2023] MISSING_FILE: /home/choij/Sync/workspace/ChargedHiggsAnalysisV3/SKNanoOutput/PromptSelector/Run3Mu/2023/Skim_TriLep_Muon1_C_v2.root
2025-11-07 14:09:09,690 - INFO - [2023] MISSING_FILE: /home/choij/Sync/workspace/ChargedHiggsAnalysisV3/SKNanoOutput/PromptSelector/Run3Mu/2023/Skim_TriLep_Muon1_C_v3.root
2025-11-07 14:09:09,690 - INFO - [2023] MISSING_FILE: /home/choij/Sync/workspace/ChargedHiggsAnalysisV3/SKNanoOutput/PromptSelector/Run3Mu/2023/Skim_TriLep_Muon1_C_v4.root
2025-11-10 12:24:57,463 - INFO - [2023] MISSING_CENTRAL: ZFake3Mu/Central/muons/3/phi in Skim_TriLep_DYJets10to50.root
2025-11-10 12:24:57,464 - INFO - [2023] MISSING_CENTRAL: ZFake3Mu/Central/muons/3/phi in Skim_TriLep_DYGTo2LG_MLL4to50_PTG10to100.root
2025-11-10 12:24:57,564 - INFO - [2023] MISSING_CENTRAL: ZFake3Mu/Central/muons/3/phi in Skim_TriLep_TTG_PTG100to200.root
2025-11-10 12:24:57,564 - INFO - [2023] MISSING_CENTRAL: ZFake3Mu/Central/muons/3/phi in Skim_TriLep_TTG_PTG200toInf.root
2025-11-13 11:14:58,374 - INFO - [2023] MISSING_CENTRAL: ZFake3Mu/Central/muons/3/phi in Skim_TriLep_DYJets10to50.root
2025-11-13 11:14:58,375 - INFO - [2023] MISSING_CENTRAL: ZFake3Mu/Central/muons/3/phi in Skim_TriLep_DYGTo2LG_MLL4to50_PTG10to100.root
2025-11-13 11:14:59,938 - INFO - [2023] MISSING_CENTRAL: ZFake3Mu/Central/muons/3/phi in Skim_TriLep_TTG_PTG100to200.root
2025-11-13 11:14:59,939 - INFO - [2023] MISSING_CENTRAL: ZFake3Mu/Central/muons/3/phi in Skim_TriLep_TTG_PTG200toInf.root
2025-11-19 16:11:17,850 - INFO - [2023] MISSING_CENTRAL: ZFake3Mu/Central/muons/3/phi in Skim_TriLep_DYJets10to50.root
2025-11-19 16:11:17,851 - INFO - [2023] MISSING_CENTRAL: ZFake3Mu/Central/muons/3/phi in Skim_TriLep_DYGTo2LG_MLL4to50_PTG10to100.root
2025-11-19 16:11:17,900 - INFO - [2023] MISSING_CENTRAL: ZFake3Mu/Central/muons/3/phi in Skim_TriLep_TTG_PTG100to200.root
2025-11-19 16:11:17,901 - INFO - [2023] MISSING_CENTRAL: ZFake3Mu/Central/muons/3/phi in Skim_TriLep_TTG_PTG200toInf.root
2025-11-19 16:27:25,546 - INFO - [2023] MISSING_CENTRAL: ZFake3Mu/Central/muons/3/phi in Skim_TriLep_DYJets10to50.root
2025-11-19 16:27:25,547 - INFO - [2023] MISSING_CENTRAL: ZFake3Mu/Central/muons/3/phi in Skim_TriLep_DYGTo2LG_MLL4to50_PTG10to100.root
2025-11-19 16:27:25,594 - INFO - [2023] MISSING_CENTRAL: ZFake3Mu/Central/muons/3/phi in Skim_TriLep_TTG_PTG100to200.root
2025-11-19 16:27:25,595 - INFO - [2023] MISSING_CENTRAL: ZFake3Mu/Central/muons/3/phi in Skim_TriLep_TTG_PTG200toInf.root
2025-12-17 22:42:14,763 - INFO - [2023] MISSING_CENTRAL: ZFake3Mu/Central/muons/3/phi in Skim_TriLep_DYJets10to50.root
2025-12-17 22:42:14,953 - INFO - [2023] MISSING_CENTRAL: ZFake3Mu/Central/muons/3/phi in Skim_TriLep_TTG_PTG100to200.root
2025-12-17 22:42:14,954 - INFO - [2023] MISSING_CENTRAL: ZFake3Mu/Central/muons/3/phi in Skim_TriLep_TTG_PTG200toInf.root
2025-12-18 14:27:47,571 - INFO - [2023] MISSING_CENTRAL: ZFake3Mu/Central/muons/3/phi in Skim_TriLep_DYJets10to50.root
2025-12-18 14:27:47,608 - INFO - [2023] MISSING_CENTRAL: ZFake3Mu/Central/muons/3/phi in Skim_TriLep_TTG_PTG100to200.root
2025-12-18 14:27:47,609 - INFO - [2023] MISSING_CENTRAL: ZFake3Mu/Central/muons/3/phi in Skim_TriLep_TTG_PTG200toInf.root
2025-12-18 14:43:06,102 - INFO - [2023] MISSING_CENTRAL: ZFake3Mu/Central/muons/3/phi in Skim_TriLep_DYJets10to50.root
2025-12-18 14:43:06,134 - INFO - [2023] MISSING_CENTRAL: ZFake3Mu/Central/muons/3/phi in Skim_TriLep_TTG_PTG100to200.root
2025-12-18 14:43:06,135 - INFO - [2023] MISSING_CENTRAL: ZFake3Mu/Central/muons/3/phi in Skim_TriLep_TTG_PTG200toInf.root
