2025-09-24 16:00:56,267 - INFO - [2023] MISSING_CENTRAL: ZFake3Mu/Central/muons/1/pt in Skim_TriLep_DYJets10to50.root
2025-09-24 16:00:56,268 - INFO - [2023] MISSING_CENTRAL: ZFake3Mu/Central/muons/1/pt in Skim_TriLep_DYGTo2LG_MLL4to50_PTG10to100.root
2025-09-24 16:00:56,604 - INFO - [2023] MISSING_CENTRAL: ZFake3Mu/Central/muons/1/pt in Skim_TriLep_TTG_PTG100to200.root
2025-09-24 16:00:56,604 - INFO - [2023] MISSING_CENTRAL: ZFake3Mu/Central/muons/1/pt in Skim_TriLep_TTG_PTG200toInf.root
2025-10-02 21:20:00,431 - INFO - [2023] MISSING_CENTRAL: ZFake3Mu/Central/muons/1/pt in Skim_TriLep_DYJets10to50.root
2025-10-02 21:20:00,463 - INFO - [2023] MISSING_CENTRAL: ZFake3Mu/Central/muons/1/pt in Skim_TriLep_DYGTo2LG_MLL4to50_PTG10to100.root
2025-10-02 21:20:01,806 - INFO - [2023] MISSING_CENTRAL: ZFake3Mu/Central/muons/1/pt in Skim_TriLep_TTG_PTG100to200.root
2025-10-02 21:20:01,808 - INFO - [2023] MISSING_CENTRAL: ZFake3Mu/Central/muons/1/pt in Skim_TriLep_TTG_PTG200toInf.root
2025-10-03 00:29:11,389 - INFO - [2023] MISSING_CENTRAL: ZFake3Mu/Central/muons/1/pt in Skim_TriLep_DYJets10to50.root
2025-10-03 00:29:11,392 - INFO - [2023] MISSING_CENTRAL: ZFake3Mu/Central/muons/1/pt in Skim_TriLep_DYGTo2LG_MLL4to50_PTG10to100.root
2025-10-03 00:29:11,630 - INFO - [2023] MISSING_CENTRAL: ZFake3Mu/Central/muons/1/pt in Skim_TriLep_TTG_PTG100to200.root
2025-10-03 00:29:11,631 - INFO - [2023] MISSING_CENTRAL: ZFake3Mu/Central/muons/1/pt in Skim_TriLep_TTG_PTG200toInf.root
2025-11-07 13:11:32,549 - INFO - [2023] MISSING_FILE: /home/choij/Sync/workspace/ChargedHiggsAnalysisV3/SKNanoOutput/PromptSelector/Run3Mu/2023/Skim_TriLep_Muon0_C_v1.root
2025-11-07 13:11:32,549 - INFO - [2023] MISSING_FILE: /home/choij/Sync/workspace/ChargedHiggsAnalysisV3/SKNanoOutput/PromptSelector/Run3Mu/2023/Skim_TriLep_Muon0_C_v2.root
2025-11-07 13:11:32,549 - INFO - [2023] MISSING_FILE: /home/choij/Sync/workspace/ChargedHiggsAnalysisV3/SKNanoOutput/PromptSelector/Run3Mu/2023/Skim_TriLep_Muon0_C_v3.root
2025-11-07 13:11:32,549 - INFO - [2023] MISSING_FILE: /home/choij/Sync/workspace/ChargedHiggsAnalysisV3/SKNanoOutput/PromptSelector/Run3Mu/2023/Skim_TriLep_Muon0_C_v4.root
2025-11-07 13:11:32,549 - INFO - [2023] MISSING_FILE: /home/choij/Sync/workspace/ChargedHiggsAnalysisV3/SKNanoOutput/PromptSelector/Run3Mu/2023/Skim_TriLep_Muon1_C_v1.root
2025-11-07 13:11:32,550 - INFO - [2023] MISSING_FILE: /home/choij/Sync/workspace/ChargedHiggsAnalysisV3/SKNanoOutput/PromptSelector/Run3Mu/2023/Skim_TriLep_Muon1_C_v2.root
2025-11-07 13:11:32,550 - INFO - [2023] MISSING_FILE: /home/choij/Sync/workspace/ChargedHiggsAnalysisV3/SKNanoOutput/PromptSelector/Run3Mu/2023/Skim_TriLep_Muon1_C_v3.root
2025-11-07 13:11:32,550 - INFO - [2023] MISSING_FILE: /home/choij/Sync/workspace/ChargedHiggsAnalysisV3/SKNanoOutput/PromptSelector/Run3Mu/2023/Skim_TriLep_Muon1_C_v4.root
2025-11-07 14:09:09,518 - INFO - [2023] MISSING_FILE: /home/choij/Sync/workspace/ChargedHiggsAnalysisV3/SKNanoOutput/PromptSelector/Run3Mu/2023/Skim_TriLep_Muon0_C_v1.root
2025-11-07 14:09:09,521 - INFO - [2023] MISSING_FILE: /home/choij/Sync/workspace/ChargedHiggsAnalysisV3/SKNanoOutput/PromptSelector/Run3Mu/2023/Skim_TriLep_Muon0_C_v2.root
2025-11-07 14:09:09,521 - INFO - [2023] MISSING_FILE: /home/choij/Sync/workspace/ChargedHiggsAnalysisV3/SKNanoOutput/PromptSelector/Run3Mu/2023/Skim_TriLep_Muon0_C_v3.root
2025-11-07 14:09:09,521 - INFO - [2023] MISSING_FILE: /home/choij/Sync/workspace/ChargedHiggsAnalysisV3/SKNanoOutput/PromptSelector/Run3Mu/2023/Skim_TriLep_Muon0_C_v4.root
2025-11-07 14:09:09,521 - INFO - [2023] MISSING_FILE: /home/choij/Sync/workspace/ChargedHiggsAnalysisV3/SKNanoOutput/PromptSelector/Run3Mu/2023/Skim_TriLep_Muon1_C_v1.root
2025-11-07 14:09:09,522 - INFO - [2023] MISSING_FILE: /home/choij/Sync/workspace/ChargedHiggsAnalysisV3/SKNanoOutput/PromptSelector/Run3Mu/2023/Skim_TriLep_Muon1_C_v2.root
2025-11-07 14:09:09,522 - INFO - [2023] MISSING_FILE: /home/choij/Sync/workspace/ChargedHiggsAnalysisV3/SKNanoOutput/PromptSelector/Run3Mu/2023/Skim_TriLep_Muon1_C_v3.root
2025-11-07 14:09:09,522 - INFO - [2023] MISSING_FILE: /home/choij/Sync/workspace/ChargedHiggsAnalysisV3/SKNanoOutput/PromptSelector/Run3Mu/2023/Skim_TriLep_Muon1_C_v4.root
2025-11-10 12:24:57,476 - INFO - [2023] MISSING_CENTRAL: ZFake3Mu/Central/muons/1/pt in Skim_TriLep_DYJets10to50.root
2025-11-10 12:24:57,477 - INFO - [2023] MISSING_CENTRAL: ZFake3Mu/Central/muons/1/pt in Skim_TriLep_DYGTo2LG_MLL4to50_PTG10to100.root
2025-11-10 12:24:57,563 - INFO - [2023] MISSING_CENTRAL: ZFake3Mu/Central/muons/1/pt in Skim_TriLep_TTG_PTG100to200.root
2025-11-10 12:24:57,564 - INFO - [2023] MISSING_CENTRAL: ZFake3Mu/Central/muons/1/pt in Skim_TriLep_TTG_PTG200toInf.root
2025-11-13 11:14:58,382 - INFO - [2023] MISSING_CENTRAL: ZFake3Mu/Central/muons/1/pt in Skim_TriLep_DYJets10to50.root
2025-11-13 11:14:58,384 - INFO - [2023] MISSING_CENTRAL: ZFake3Mu/Central/muons/1/pt in Skim_TriLep_DYGTo2LG_MLL4to50_PTG10to100.root
2025-11-13 11:14:59,944 - INFO - [2023] MISSING_CENTRAL: ZFake3Mu/Central/muons/1/pt in Skim_TriLep_TTG_PTG100to200.root
2025-11-13 11:14:59,945 - INFO - [2023] MISSING_CENTRAL: ZFake3Mu/Central/muons/1/pt in Skim_TriLep_TTG_PTG200toInf.root
2025-11-19 16:11:17,768 - INFO - [2023] MISSING_CENTRAL: ZFake3Mu/Central/muons/1/pt in Skim_TriLep_DYJets10to50.root
2025-11-19 16:11:17,769 - INFO - [2023] MISSING_CENTRAL: ZFake3Mu/Central/muons/1/pt in Skim_TriLep_DYGTo2LG_MLL4to50_PTG10to100.root
2025-11-19 16:11:17,851 - INFO - [2023] MISSING_CENTRAL: ZFake3Mu/Central/muons/1/pt in Skim_TriLep_TTG_PTG100to200.root
2025-11-19 16:11:17,852 - INFO - [2023] MISSING_CENTRAL: ZFake3Mu/Central/muons/1/pt in Skim_TriLep_TTG_PTG200toInf.root
2025-11-19 16:27:25,530 - INFO - [2023] MISSING_CENTRAL: ZFake3Mu/Central/muons/1/pt in Skim_TriLep_DYJets10to50.root
2025-11-19 16:27:25,531 - INFO - [2023] MISSING_CENTRAL: ZFake3Mu/Central/muons/1/pt in Skim_TriLep_DYGTo2LG_MLL4to50_PTG10to100.root
2025-11-19 16:27:25,615 - INFO - [2023] MISSING_CENTRAL: ZFake3Mu/Central/muons/1/pt in Skim_TriLep_TTG_PTG100to200.root
2025-11-19 16:27:25,615 - INFO - [2023] MISSING_CENTRAL: ZFake3Mu/Central/muons/1/pt in Skim_TriLep_TTG_PTG200toInf.root
