2025-09-24 16:01:19,209 - INFO - [2023] MISSING_CENTRAL: ZFake3Mu/Central/ZCand/eta in Skim_TriLep_DYJets10to50.root
2025-09-24 16:01:19,209 - INFO - [2023] MISSING_CENTRAL: ZFake3Mu/Central/ZCand/eta in Skim_TriLep_DYGTo2LG_MLL4to50_PTG10to100.root
2025-09-24 16:01:19,354 - INFO - [2023] MISSING_CENTRAL: ZFake3Mu/Central/ZCand/eta in Skim_TriLep_TTG_PTG100to200.root
2025-09-24 16:01:19,354 - INFO - [2023] MISSING_CENTRAL: ZFake3Mu/Central/ZCand/eta in Skim_TriLep_TTG_PTG200toInf.root
2025-10-02 21:20:11,050 - INFO - [2023] MISSING_CENTRAL: ZFake3Mu/Central/ZCand/eta in Skim_TriLep_DYJets10to50.root
2025-10-02 21:20:11,052 - INFO - [2023] MISSING_CENTRAL: ZFake3Mu/Central/ZCand/eta in Skim_TriLep_DYGTo2LG_MLL4to50_PTG10to100.root
2025-10-02 21:20:11,129 - INFO - [2023] MISSING_CENTRAL: ZFake3Mu/Central/ZCand/eta in Skim_TriLep_TTG_PTG100to200.root
2025-10-02 21:20:11,131 - INFO - [2023] MISSING_CENTRAL: ZFake3Mu/Central/ZCand/eta in Skim_TriLep_TTG_PTG200toInf.root
2025-10-03 00:29:50,190 - INFO - [2023] MISSING_CENTRAL: ZFake3Mu/Central/ZCand/eta in Skim_TriLep_DYJets10to50.root
2025-10-03 00:29:50,192 - INFO - [2023] MISSING_CENTRAL: ZFake3Mu/Central/ZCand/eta in Skim_TriLep_DYGTo2LG_MLL4to50_PTG10to100.root
2025-10-03 00:29:50,458 - INFO - [2023] MISSING_CENTRAL: ZFake3Mu/Central/ZCand/eta in Skim_TriLep_TTG_PTG100to200.root
2025-10-03 00:29:50,458 - INFO - [2023] MISSING_CENTRAL: ZFake3Mu/Central/ZCand/eta in Skim_TriLep_TTG_PTG200toInf.root
2025-11-07 13:11:37,722 - INFO - [2023] MISSING_FILE: /home/choij/Sync/workspace/ChargedHiggsAnalysisV3/SKNanoOutput/PromptSelector/Run3Mu/2023/Skim_TriLep_Muon0_C_v1.root
2025-11-07 13:11:37,722 - INFO - [2023] MISSING_FILE: /home/choij/Sync/workspace/ChargedHiggsAnalysisV3/SKNanoOutput/PromptSelector/Run3Mu/2023/Skim_TriLep_Muon0_C_v2.root
2025-11-07 13:11:37,722 - INFO - [2023] MISSING_FILE: /home/choij/Sync/workspace/ChargedHiggsAnalysisV3/SKNanoOutput/PromptSelector/Run3Mu/2023/Skim_TriLep_Muon0_C_v3.root
2025-11-07 13:11:37,723 - INFO - [2023] MISSING_FILE: /home/choij/Sync/workspace/ChargedHiggsAnalysisV3/SKNanoOutput/PromptSelector/Run3Mu/2023/Skim_TriLep_Muon0_C_v4.root
2025-11-07 13:11:37,723 - INFO - [2023] MISSING_FILE: /home/choij/Sync/workspace/ChargedHiggsAnalysisV3/SKNanoOutput/PromptSelector/Run3Mu/2023/Skim_TriLep_Muon1_C_v1.root
2025-11-07 13:11:37,723 - INFO - [2023] MISSING_FILE: /home/choij/Sync/workspace/ChargedHiggsAnalysisV3/SKNanoOutput/PromptSelector/Run3Mu/2023/Skim_TriLep_Muon1_C_v2.root
2025-11-07 13:11:37,723 - INFO - [2023] MISSING_FILE: /home/choij/Sync/workspace/ChargedHiggsAnalysisV3/SKNanoOutput/PromptSelector/Run3Mu/2023/Skim_TriLep_Muon1_C_v3.root
2025-11-07 13:11:37,723 - INFO - [2023] MISSING_FILE: /home/choij/Sync/workspace/ChargedHiggsAnalysisV3/SKNanoOutput/PromptSelector/Run3Mu/2023/Skim_TriLep_Muon1_C_v4.root
2025-11-07 14:09:14,067 - INFO - [2023] MISSING_FILE: /home/choij/Sync/workspace/ChargedHiggsAnalysisV3/SKNanoOutput/PromptSelector/Run3Mu/2023/Skim_TriLep_Muon0_C_v1.root
2025-11-07 14:09:14,067 - INFO - [2023] MISSING_FILE: /home/choij/Sync/workspace/ChargedHiggsAnalysisV3/SKNanoOutput/PromptSelector/Run3Mu/2023/Skim_TriLep_Muon0_C_v2.root
2025-11-07 14:09:14,067 - INFO - [2023] MISSING_FILE: /home/choij/Sync/workspace/ChargedHiggsAnalysisV3/SKNanoOutput/PromptSelector/Run3Mu/2023/Skim_TriLep_Muon0_C_v3.root
2025-11-07 14:09:14,067 - INFO - [2023] MISSING_FILE: /home/choij/Sync/workspace/ChargedHiggsAnalysisV3/SKNanoOutput/PromptSelector/Run3Mu/2023/Skim_TriLep_Muon0_C_v4.root
2025-11-07 14:09:14,067 - INFO - [2023] MISSING_FILE: /home/choij/Sync/workspace/ChargedHiggsAnalysisV3/SKNanoOutput/PromptSelector/Run3Mu/2023/Skim_TriLep_Muon1_C_v1.root
2025-11-07 14:09:14,067 - INFO - [2023] MISSING_FILE: /home/choij/Sync/workspace/ChargedHiggsAnalysisV3/SKNanoOutput/PromptSelector/Run3Mu/2023/Skim_TriLep_Muon1_C_v2.root
2025-11-07 14:09:14,068 - INFO - [2023] MISSING_FILE: /home/choij/Sync/workspace/ChargedHiggsAnalysisV3/SKNanoOutput/PromptSelector/Run3Mu/2023/Skim_TriLep_Muon1_C_v3.root
2025-11-07 14:09:14,068 - INFO - [2023] MISSING_FILE: /home/choij/Sync/workspace/ChargedHiggsAnalysisV3/SKNanoOutput/PromptSelector/Run3Mu/2023/Skim_TriLep_Muon1_C_v4.root
2025-11-10 12:25:04,178 - INFO - [2023] MISSING_CENTRAL: ZFake3Mu/Central/ZCand/eta in Skim_TriLep_DYJets10to50.root
2025-11-10 12:25:04,179 - INFO - [2023] MISSING_CENTRAL: ZFake3Mu/Central/ZCand/eta in Skim_TriLep_DYGTo2LG_MLL4to50_PTG10to100.root
2025-11-10 12:25:04,274 - INFO - [2023] MISSING_CENTRAL: ZFake3Mu/Central/ZCand/eta in Skim_TriLep_TTG_PTG100to200.root
2025-11-10 12:25:04,275 - INFO - [2023] MISSING_CENTRAL: ZFake3Mu/Central/ZCand/eta in Skim_TriLep_TTG_PTG200toInf.root
2025-11-13 11:15:08,638 - INFO - [2023] MISSING_CENTRAL: ZFake3Mu/Central/ZCand/eta in Skim_TriLep_DYJets10to50.root
2025-11-13 11:15:08,640 - INFO - [2023] MISSING_CENTRAL: ZFake3Mu/Central/ZCand/eta in Skim_TriLep_DYGTo2LG_MLL4to50_PTG10to100.root
2025-11-13 11:15:08,719 - INFO - [2023] MISSING_CENTRAL: ZFake3Mu/Central/ZCand/eta in Skim_TriLep_TTG_PTG100to200.root
2025-11-13 11:15:08,721 - INFO - [2023] MISSING_CENTRAL: ZFake3Mu/Central/ZCand/eta in Skim_TriLep_TTG_PTG200toInf.root
2025-11-19 16:11:24,798 - INFO - [2023] MISSING_CENTRAL: ZFake3Mu/Central/ZCand/eta in Skim_TriLep_DYJets10to50.root
2025-11-19 16:11:24,799 - INFO - [2023] MISSING_CENTRAL: ZFake3Mu/Central/ZCand/eta in Skim_TriLep_DYGTo2LG_MLL4to50_PTG10to100.root
2025-11-19 16:11:24,847 - INFO - [2023] MISSING_CENTRAL: ZFake3Mu/Central/ZCand/eta in Skim_TriLep_TTG_PTG100to200.root
2025-11-19 16:11:24,848 - INFO - [2023] MISSING_CENTRAL: ZFake3Mu/Central/ZCand/eta in Skim_TriLep_TTG_PTG200toInf.root
2025-11-19 16:27:32,160 - INFO - [2023] MISSING_CENTRAL: ZFake3Mu/Central/ZCand/eta in Skim_TriLep_DYJets10to50.root
2025-11-19 16:27:32,161 - INFO - [2023] MISSING_CENTRAL: ZFake3Mu/Central/ZCand/eta in Skim_TriLep_DYGTo2LG_MLL4to50_PTG10to100.root
2025-11-19 16:27:32,209 - INFO - [2023] MISSING_CENTRAL: ZFake3Mu/Central/ZCand/eta in Skim_TriLep_TTG_PTG100to200.root
2025-11-19 16:27:32,209 - INFO - [2023] MISSING_CENTRAL: ZFake3Mu/Central/ZCand/eta in Skim_TriLep_TTG_PTG200toInf.root
2025-12-17 22:42:25,038 - INFO - [2023] MISSING_CENTRAL: ZFake3Mu/Central/ZCand/eta in Skim_TriLep_DYJets10to50.root
2025-12-17 22:42:25,062 - INFO - [2023] MISSING_CENTRAL: ZFake3Mu/Central/ZCand/eta in Skim_TriLep_TTG_PTG100to200.root
2025-12-17 22:42:25,063 - INFO - [2023] MISSING_CENTRAL: ZFake3Mu/Central/ZCand/eta in Skim_TriLep_TTG_PTG200toInf.root
2025-12-18 14:27:54,018 - INFO - [2023] MISSING_CENTRAL: ZFake3Mu/Central/ZCand/eta in Skim_TriLep_DYJets10to50.root
2025-12-18 14:27:54,031 - INFO - [2023] MISSING_CENTRAL: ZFake3Mu/Central/ZCand/eta in Skim_TriLep_TTG_PTG100to200.root
2025-12-18 14:27:54,033 - INFO - [2023] MISSING_CENTRAL: ZFake3Mu/Central/ZCand/eta in Skim_TriLep_TTG_PTG200toInf.root
2025-12-18 14:43:13,067 - INFO - [2023] MISSING_CENTRAL: ZFake3Mu/Central/ZCand/eta in Skim_TriLep_DYJets10to50.root
2025-12-18 14:43:13,093 - INFO - [2023] MISSING_CENTRAL: ZFake3Mu/Central/ZCand/eta in Skim_TriLep_TTG_PTG100to200.root
2025-12-18 14:43:13,104 - INFO - [2023] MISSING_CENTRAL: ZFake3Mu/Central/ZCand/eta in Skim_TriLep_TTG_PTG200toInf.root
2026-01-07 11:52:25,922 - INFO - [2023] MISSING_CENTRAL: ZFake3Mu/Central/ZCand/eta in Skim_TriLep_DYJets10to50.root
2026-01-07 11:52:25,933 - INFO - [2023] MISSING_CENTRAL: ZFake3Mu/Central/ZCand/eta in Skim_TriLep_TTG_PTG100to200.root
2026-01-07 11:52:25,934 - INFO - [2023] MISSING_CENTRAL: ZFake3Mu/Central/ZCand/eta in Skim_TriLep_TTG_PTG200toInf.root
2026-01-07 18:48:56,569 - INFO - [2023] MISSING_CENTRAL: ZFake3Mu/Central/ZCand/eta in Skim_TriLep_DYJets10to50.root
2026-01-07 18:48:56,582 - INFO - [2023] MISSING_CENTRAL: ZFake3Mu/Central/ZCand/eta in Skim_TriLep_TTG_PTG100to200.root
2026-01-07 18:48:56,588 - INFO - [2023] MISSING_CENTRAL: ZFake3Mu/Central/ZCand/eta in Skim_TriLep_TTG_PTG200toInf.root
2026-01-09 12:23:38,729 - INFO - [2023] MISSING_CENTRAL: ZFake3Mu/Central/ZCand/eta in Skim_TriLep_DYJets10to50.root
2026-01-09 12:23:38,737 - INFO - [2023] MISSING_CENTRAL: ZFake3Mu/Central/ZCand/eta in Skim_TriLep_TTG_PTG100to200.root
2026-01-09 12:23:38,737 - INFO - [2023] MISSING_CENTRAL: ZFake3Mu/Central/ZCand/eta in Skim_TriLep_TTG_PTG200toInf.root
2026-01-11 09:43:41,020 - INFO - [2023] MISSING_CENTRAL: ZFake3Mu/Central/ZCand/eta in Skim_TriLep_DYJets10to50.root
2026-01-11 09:43:41,027 - INFO - [2023] MISSING_CENTRAL: ZFake3Mu/Central/ZCand/eta in Skim_TriLep_TTG_PTG100to200.root
2026-01-11 09:43:41,028 - INFO - [2023] MISSING_CENTRAL: ZFake3Mu/Central/ZCand/eta in Skim_TriLep_TTG_PTG200toInf.root
2026-01-12 13:52:27,644 - INFO - [2023] MISSING_FILE: /home/choij/Sync/workspace/ChargedHiggsAnalysisV3/SKNanoOutput/MatrixSelector/Run3Mu/2023/Skim_TriLep_Muon0_C_v1.root
2026-01-12 13:52:27,644 - INFO - [2023] MISSING_FILE: /home/choij/Sync/workspace/ChargedHiggsAnalysisV3/SKNanoOutput/MatrixSelector/Run3Mu/2023/Skim_TriLep_Muon0_C_v2.root
2026-01-12 13:52:27,644 - INFO - [2023] MISSING_FILE: /home/choij/Sync/workspace/ChargedHiggsAnalysisV3/SKNanoOutput/MatrixSelector/Run3Mu/2023/Skim_TriLep_Muon0_C_v3.root
2026-01-12 13:52:27,645 - INFO - [2023] MISSING_FILE: /home/choij/Sync/workspace/ChargedHiggsAnalysisV3/SKNanoOutput/MatrixSelector/Run3Mu/2023/Skim_TriLep_Muon0_C_v4.root
2026-01-12 13:52:27,645 - INFO - [2023] MISSING_FILE: /home/choij/Sync/workspace/ChargedHiggsAnalysisV3/SKNanoOutput/MatrixSelector/Run3Mu/2023/Skim_TriLep_Muon1_C_v1.root
2026-01-12 13:52:27,645 - INFO - [2023] MISSING_FILE: /home/choij/Sync/workspace/ChargedHiggsAnalysisV3/SKNanoOutput/MatrixSelector/Run3Mu/2023/Skim_TriLep_Muon1_C_v2.root
2026-01-12 13:52:27,645 - INFO - [2023] MISSING_FILE: /home/choij/Sync/workspace/ChargedHiggsAnalysisV3/SKNanoOutput/MatrixSelector/Run3Mu/2023/Skim_TriLep_Muon1_C_v3.root
2026-01-12 13:52:27,645 - INFO - [2023] MISSING_FILE: /home/choij/Sync/workspace/ChargedHiggsAnalysisV3/SKNanoOutput/MatrixSelector/Run3Mu/2023/Skim_TriLep_Muon1_C_v4.root
2026-01-12 13:52:27,666 - INFO - [2023] MISSING_CENTRAL: ZFake3Mu/Central/ZCand/eta in Skim_TriLep_DYJets10to50.root
2026-01-12 13:52:27,672 - INFO - [2023] MISSING_CENTRAL: ZFake3Mu/Central/ZCand/eta in Skim_TriLep_TTG_PTG100to200.root
2026-01-12 13:52:27,673 - INFO - [2023] MISSING_CENTRAL: ZFake3Mu/Central/ZCand/eta in Skim_TriLep_TTG_PTG200toInf.root
2026-01-16 19:07:18,167 - INFO - [2023] MISSING_CENTRAL: ZFake3Mu/Central/ZCand/eta in Skim_TriLep_DYJets10to50.root
2026-01-16 19:07:18,173 - INFO - [2023] MISSING_CENTRAL: ZFake3Mu/Central/ZCand/eta in Skim_TriLep_TTG_PTG100to200.root
2026-01-16 19:07:18,174 - INFO - [2023] MISSING_CENTRAL: ZFake3Mu/Central/ZCand/eta in Skim_TriLep_TTG_PTG200toInf.root
2026-01-28 17:05:00,549 - INFO - [2023] MISSING_CENTRAL: ZFake3Mu/Central/ZCand/eta in Skim_TriLep_DYJets10to50.root
2026-01-28 17:05:00,558 - INFO - [2023] MISSING_CENTRAL: ZFake3Mu/Central/ZCand/eta in Skim_TriLep_TTG_PTG100to200.root
2026-01-28 17:05:00,559 - INFO - [2023] MISSING_CENTRAL: ZFake3Mu/Central/ZCand/eta in Skim_TriLep_TTG_PTG200toInf.root
2026-01-28 17:25:40,163 - INFO - [2023] MISSING_CENTRAL: ZFake3Mu/Central/ZCand/eta in Skim_TriLep_DYJets10to50.root
2026-01-28 17:25:40,171 - INFO - [2023] MISSING_CENTRAL: ZFake3Mu/Central/ZCand/eta in Skim_TriLep_TTG_PTG100to200.root
2026-01-28 17:25:40,172 - INFO - [2023] MISSING_CENTRAL: ZFake3Mu/Central/ZCand/eta in Skim_TriLep_TTG_PTG200toInf.root
2026-01-28 19:59:16,109 - INFO - [2023] MISSING_CENTRAL: ZFake3Mu/Central/ZCand/eta in Skim_TriLep_DYJets10to50.root
2026-01-28 19:59:16,120 - INFO - [2023] MISSING_CENTRAL: ZFake3Mu/Central/ZCand/eta in Skim_TriLep_TTG_PTG100to200.root
2026-01-28 19:59:16,121 - INFO - [2023] MISSING_CENTRAL: ZFake3Mu/Central/ZCand/eta in Skim_TriLep_TTG_PTG200toInf.root
2026-01-29 07:16:08,394 - INFO - [2023] MISSING_CENTRAL: ZFake3Mu/Central/ZCand/eta in Skim_TriLep_DYJets10to50.root
2026-01-29 07:16:08,402 - INFO - [2023] MISSING_CENTRAL: ZFake3Mu/Central/ZCand/eta in Skim_TriLep_TTG_PTG100to200.root
2026-01-29 07:16:08,403 - INFO - [2023] MISSING_CENTRAL: ZFake3Mu/Central/ZCand/eta in Skim_TriLep_TTG_PTG200toInf.root
2026-03-06 09:42:59,320 - INFO - [2023] MISSING_CENTRAL: ZFake3Mu/Central/ZCand/eta in Skim_TriLep_DYJets10to50.root
2026-03-06 09:42:59,321 - INFO - [2023] MISSING_CENTRAL: ZFake3Mu/Central/ZCand/eta in Skim_TriLep_TTG_PTG10to100.root
2026-03-06 09:42:59,322 - INFO - [2023] MISSING_CENTRAL: ZFake3Mu/Central/ZCand/eta in Skim_TriLep_TTG_PTG100to200.root
2026-03-06 09:42:59,322 - INFO - [2023] MISSING_CENTRAL: ZFake3Mu/Central/ZCand/eta in Skim_TriLep_TTG_PTG200toInf.root
2026-03-06 19:48:45,764 - INFO - [2023] MISSING_CENTRAL: ZFake3Mu/Central/ZCand/eta in Skim_TriLep_DYJets10to50.root
2026-03-06 19:48:45,765 - INFO - [2023] MISSING_CENTRAL: ZFake3Mu/Central/ZCand/eta in Skim_TriLep_TTG_PTG10to100.root
2026-03-06 19:48:45,766 - INFO - [2023] MISSING_CENTRAL: ZFake3Mu/Central/ZCand/eta in Skim_TriLep_TTG_PTG100to200.root
2026-03-06 19:48:45,766 - INFO - [2023] MISSING_CENTRAL: ZFake3Mu/Central/ZCand/eta in Skim_TriLep_TTG_PTG200toInf.root
