2026-01-16 19:04:38,671 - INFO - [2022] MISSING_CENTRAL: TTZ2E1Mu/Central/bjets/2/px in Skim_TriLep_DYJets.root
2026-01-16 19:04:38,672 - INFO - [2022] MISSING_CENTRAL: TTZ2E1Mu/Central/bjets/2/px in Skim_TriLep_DYJets10to50.root
2026-01-16 19:04:38,672 - INFO - [2022] MISSING_CENTRAL: TTZ2E1Mu/Central/bjets/2/px in Skim_TriLep_TTG_PTG10to100.root
2026-01-16 19:04:38,771 - INFO - [2022] MISSING_CENTRAL: TTZ2E1Mu/Central/bjets/2/px in Skim_TriLep_WZTo3LNu_powheg.root
2026-01-16 19:04:38,821 - INFO - [2022] MISSING_CENTRAL: TTZ2E1Mu/Central/bjets/2/px in Skim_TriLep_WWW.root
2026-01-16 19:04:38,900 - INFO - [2022] MISSING_CENTRAL: TTZ2E1Mu/Central/bjets/2/px in Skim_TriLep_ggHToZZTo4L.root
2026-01-28 17:02:54,399 - INFO - [2022] MISSING_CENTRAL: TTZ2E1Mu/Central/bjets/2/px in Skim_TriLep_DYJets.root
2026-01-28 17:02:54,400 - INFO - [2022] MISSING_CENTRAL: TTZ2E1Mu/Central/bjets/2/px in Skim_TriLep_DYJets10to50.root
2026-01-28 17:02:54,401 - INFO - [2022] MISSING_CENTRAL: TTZ2E1Mu/Central/bjets/2/px in Skim_TriLep_TTG_PTG10to100.root
2026-01-28 17:02:54,578 - INFO - [2022] MISSING_CENTRAL: TTZ2E1Mu/Central/bjets/2/px in Skim_TriLep_WZTo3LNu_powheg.root
2026-01-28 17:02:54,625 - INFO - [2022] MISSING_CENTRAL: TTZ2E1Mu/Central/bjets/2/px in Skim_TriLep_WWW.root
2026-01-28 17:02:54,732 - INFO - [2022] MISSING_CENTRAL: TTZ2E1Mu/Central/bjets/2/px in Skim_TriLep_ggHToZZTo4L.root
2026-01-28 17:23:40,467 - INFO - [2022] MISSING_CENTRAL: TTZ2E1Mu/Central/bjets/2/px in Skim_TriLep_DYJets.root
2026-01-28 17:23:40,467 - INFO - [2022] MISSING_CENTRAL: TTZ2E1Mu/Central/bjets/2/px in Skim_TriLep_DYJets10to50.root
2026-01-28 17:23:40,468 - INFO - [2022] MISSING_CENTRAL: TTZ2E1Mu/Central/bjets/2/px in Skim_TriLep_TTG_PTG10to100.root
2026-01-28 17:23:40,655 - INFO - [2022] MISSING_CENTRAL: TTZ2E1Mu/Central/bjets/2/px in Skim_TriLep_WZTo3LNu_powheg.root
2026-01-28 17:23:40,706 - INFO - [2022] MISSING_CENTRAL: TTZ2E1Mu/Central/bjets/2/px in Skim_TriLep_WWW.root
2026-01-28 17:23:40,819 - INFO - [2022] MISSING_CENTRAL: TTZ2E1Mu/Central/bjets/2/px in Skim_TriLep_ggHToZZTo4L.root
2026-01-28 19:57:11,258 - INFO - [2022] MISSING_CENTRAL: TTZ2E1Mu/Central/bjets/2/px in Skim_TriLep_DYJets.root
2026-01-28 19:57:11,259 - INFO - [2022] MISSING_CENTRAL: TTZ2E1Mu/Central/bjets/2/px in Skim_TriLep_DYJets10to50.root
2026-01-28 19:57:11,260 - INFO - [2022] MISSING_CENTRAL: TTZ2E1Mu/Central/bjets/2/px in Skim_TriLep_TTG_PTG10to100.root
2026-01-28 19:57:11,468 - INFO - [2022] MISSING_CENTRAL: TTZ2E1Mu/Central/bjets/2/px in Skim_TriLep_WZTo3LNu_powheg.root
2026-01-28 19:57:11,512 - INFO - [2022] MISSING_CENTRAL: TTZ2E1Mu/Central/bjets/2/px in Skim_TriLep_WWW.root
2026-01-28 19:57:11,615 - INFO - [2022] MISSING_CENTRAL: TTZ2E1Mu/Central/bjets/2/px in Skim_TriLep_ggHToZZTo4L.root
2026-01-29 07:14:15,085 - INFO - [2022] MISSING_CENTRAL: TTZ2E1Mu/Central/bjets/2/px in Skim_TriLep_DYJets.root
2026-01-29 07:14:15,086 - INFO - [2022] MISSING_CENTRAL: TTZ2E1Mu/Central/bjets/2/px in Skim_TriLep_DYJets10to50.root
2026-01-29 07:14:15,086 - INFO - [2022] MISSING_CENTRAL: TTZ2E1Mu/Central/bjets/2/px in Skim_TriLep_TTG_PTG10to100.root
2026-01-29 07:14:15,174 - INFO - [2022] MISSING_CENTRAL: TTZ2E1Mu/Central/bjets/2/px in Skim_TriLep_WZTo3LNu_powheg.root
2026-01-29 07:14:15,206 - INFO - [2022] MISSING_CENTRAL: TTZ2E1Mu/Central/bjets/2/px in Skim_TriLep_WWW.root
2026-01-29 07:14:15,281 - INFO - [2022] MISSING_CENTRAL: TTZ2E1Mu/Central/bjets/2/px in Skim_TriLep_ggHToZZTo4L.root
