2026-01-16 19:04:38,968 - INFO - [2022] MISSING_CENTRAL: TTZ2E1Mu/Central/bjets/2/py in Skim_TriLep_DYJets.root
2026-01-16 19:04:38,968 - INFO - [2022] MISSING_CENTRAL: TTZ2E1Mu/Central/bjets/2/py in Skim_TriLep_DYJets10to50.root
2026-01-16 19:04:38,969 - INFO - [2022] MISSING_CENTRAL: TTZ2E1Mu/Central/bjets/2/py in Skim_TriLep_TTG_PTG10to100.root
2026-01-16 19:04:39,065 - INFO - [2022] MISSING_CENTRAL: TTZ2E1Mu/Central/bjets/2/py in Skim_TriLep_WZTo3LNu_powheg.root
2026-01-16 19:04:39,115 - INFO - [2022] MISSING_CENTRAL: TTZ2E1Mu/Central/bjets/2/py in Skim_TriLep_WWW.root
2026-01-16 19:04:39,194 - INFO - [2022] MISSING_CENTRAL: TTZ2E1Mu/Central/bjets/2/py in Skim_TriLep_ggHToZZTo4L.root
2026-01-28 17:02:54,632 - INFO - [2022] MISSING_CENTRAL: TTZ2E1Mu/Central/bjets/2/py in Skim_TriLep_DYJets.root
2026-01-28 17:02:54,633 - INFO - [2022] MISSING_CENTRAL: TTZ2E1Mu/Central/bjets/2/py in Skim_TriLep_DYJets10to50.root
2026-01-28 17:02:54,633 - INFO - [2022] MISSING_CENTRAL: TTZ2E1Mu/Central/bjets/2/py in Skim_TriLep_TTG_PTG10to100.root
2026-01-28 17:02:54,790 - INFO - [2022] MISSING_CENTRAL: TTZ2E1Mu/Central/bjets/2/py in Skim_TriLep_WZTo3LNu_powheg.root
2026-01-28 17:02:54,827 - INFO - [2022] MISSING_CENTRAL: TTZ2E1Mu/Central/bjets/2/py in Skim_TriLep_WWW.root
2026-01-28 17:02:54,929 - INFO - [2022] MISSING_CENTRAL: TTZ2E1Mu/Central/bjets/2/py in Skim_TriLep_ggHToZZTo4L.root
2026-01-28 17:23:40,477 - INFO - [2022] MISSING_CENTRAL: TTZ2E1Mu/Central/bjets/2/py in Skim_TriLep_DYJets.root
2026-01-28 17:23:40,478 - INFO - [2022] MISSING_CENTRAL: TTZ2E1Mu/Central/bjets/2/py in Skim_TriLep_DYJets10to50.root
2026-01-28 17:23:40,479 - INFO - [2022] MISSING_CENTRAL: TTZ2E1Mu/Central/bjets/2/py in Skim_TriLep_TTG_PTG10to100.root
2026-01-28 17:23:40,656 - INFO - [2022] MISSING_CENTRAL: TTZ2E1Mu/Central/bjets/2/py in Skim_TriLep_WZTo3LNu_powheg.root
2026-01-28 17:23:40,707 - INFO - [2022] MISSING_CENTRAL: TTZ2E1Mu/Central/bjets/2/py in Skim_TriLep_WWW.root
2026-01-28 17:23:40,800 - INFO - [2022] MISSING_CENTRAL: TTZ2E1Mu/Central/bjets/2/py in Skim_TriLep_ggHToZZTo4L.root
2026-01-28 19:57:11,410 - INFO - [2022] MISSING_CENTRAL: TTZ2E1Mu/Central/bjets/2/py in Skim_TriLep_DYJets.root
2026-01-28 19:57:11,411 - INFO - [2022] MISSING_CENTRAL: TTZ2E1Mu/Central/bjets/2/py in Skim_TriLep_DYJets10to50.root
2026-01-28 19:57:11,412 - INFO - [2022] MISSING_CENTRAL: TTZ2E1Mu/Central/bjets/2/py in Skim_TriLep_TTG_PTG10to100.root
2026-01-28 19:57:11,582 - INFO - [2022] MISSING_CENTRAL: TTZ2E1Mu/Central/bjets/2/py in Skim_TriLep_WZTo3LNu_powheg.root
2026-01-28 19:57:11,627 - INFO - [2022] MISSING_CENTRAL: TTZ2E1Mu/Central/bjets/2/py in Skim_TriLep_WWW.root
2026-01-28 19:57:11,742 - INFO - [2022] MISSING_CENTRAL: TTZ2E1Mu/Central/bjets/2/py in Skim_TriLep_ggHToZZTo4L.root
2026-01-29 07:14:15,090 - INFO - [2022] MISSING_CENTRAL: TTZ2E1Mu/Central/bjets/2/py in Skim_TriLep_DYJets.root
2026-01-29 07:14:15,091 - INFO - [2022] MISSING_CENTRAL: TTZ2E1Mu/Central/bjets/2/py in Skim_TriLep_DYJets10to50.root
2026-01-29 07:14:15,091 - INFO - [2022] MISSING_CENTRAL: TTZ2E1Mu/Central/bjets/2/py in Skim_TriLep_TTG_PTG10to100.root
2026-01-29 07:14:15,204 - INFO - [2022] MISSING_CENTRAL: TTZ2E1Mu/Central/bjets/2/py in Skim_TriLep_WZTo3LNu_powheg.root
2026-01-29 07:14:15,236 - INFO - [2022] MISSING_CENTRAL: TTZ2E1Mu/Central/bjets/2/py in Skim_TriLep_WWW.root
2026-01-29 07:14:15,312 - INFO - [2022] MISSING_CENTRAL: TTZ2E1Mu/Central/bjets/2/py in Skim_TriLep_ggHToZZTo4L.root
2026-03-06 09:41:45,353 - INFO - [2022] MISSING_CENTRAL: TTZ2E1Mu/Central/bjets/2/py in Skim_TriLep_DYJets.root
2026-03-06 09:41:45,353 - INFO - [2022] MISSING_CENTRAL: TTZ2E1Mu/Central/bjets/2/py in Skim_TriLep_DYJets10to50.root
2026-03-06 09:41:45,354 - INFO - [2022] MISSING_CENTRAL: TTZ2E1Mu/Central/bjets/2/py in Skim_TriLep_TTG_PTG10to100.root
2026-03-06 09:41:45,469 - INFO - [2022] MISSING_CENTRAL: TTZ2E1Mu/Central/bjets/2/py in Skim_TriLep_WZTo3LNu_powheg.root
2026-03-06 09:41:45,501 - INFO - [2022] MISSING_CENTRAL: TTZ2E1Mu/Central/bjets/2/py in Skim_TriLep_WWW.root
2026-03-06 09:41:45,576 - INFO - [2022] MISSING_CENTRAL: TTZ2E1Mu/Central/bjets/2/py in Skim_TriLep_ggHToZZTo4L.root
2026-03-06 19:47:32,322 - INFO - [2022] MISSING_CENTRAL: TTZ2E1Mu/Central/bjets/2/py in Skim_TriLep_DYJets.root
2026-03-06 19:47:32,323 - INFO - [2022] MISSING_CENTRAL: TTZ2E1Mu/Central/bjets/2/py in Skim_TriLep_DYJets10to50.root
2026-03-06 19:47:32,323 - INFO - [2022] MISSING_CENTRAL: TTZ2E1Mu/Central/bjets/2/py in Skim_TriLep_TTG_PTG10to100.root
2026-03-06 19:47:32,440 - INFO - [2022] MISSING_CENTRAL: TTZ2E1Mu/Central/bjets/2/py in Skim_TriLep_WZTo3LNu_powheg.root
2026-03-06 19:47:32,472 - INFO - [2022] MISSING_CENTRAL: TTZ2E1Mu/Central/bjets/2/py in Skim_TriLep_WWW.root
2026-03-06 19:47:32,547 - INFO - [2022] MISSING_CENTRAL: TTZ2E1Mu/Central/bjets/2/py in Skim_TriLep_ggHToZZTo4L.root
