2025-09-24 16:02:35,830 - INFO - [2023] MISSING_CENTRAL: WZ3Mu/Central/jets/4/pt in Skim_TriLep_Muon0_C_v1.root
2025-09-24 16:02:35,830 - INFO - [2023] MISSING_CENTRAL: WZ3Mu/Central/jets/4/pt in Skim_TriLep_Muon0_C_v2.root
2025-09-24 16:02:35,830 - INFO - [2023] MISSING_CENTRAL: WZ3Mu/Central/jets/4/pt in Skim_TriLep_Muon0_C_v3.root
2025-09-24 16:02:35,959 - INFO - [2023] MISSING_CENTRAL: WZ3Mu/Central/jets/4/pt in Skim_TriLep_Muon1_C_v1.root
2025-09-24 16:02:35,960 - INFO - [2023] MISSING_CENTRAL: WZ3Mu/Central/jets/4/pt in Skim_TriLep_Muon1_C_v2.root
2025-09-24 16:02:35,960 - INFO - [2023] MISSING_CENTRAL: WZ3Mu/Central/jets/4/pt in Skim_TriLep_Muon1_C_v3.root
2025-09-24 16:02:35,977 - INFO - [2023] MISSING_CENTRAL: WZ3Mu/Central/jets/4/pt in Skim_TriLep_Muon0_C_v1.root
2025-09-24 16:02:35,977 - INFO - [2023] MISSING_CENTRAL: WZ3Mu/Central/jets/4/pt in Skim_TriLep_Muon0_C_v2.root
2025-09-24 16:02:35,978 - INFO - [2023] MISSING_CENTRAL: WZ3Mu/Central/jets/4/pt in Skim_TriLep_Muon0_C_v3.root
2025-09-24 16:02:35,978 - INFO - [2023] MISSING_CENTRAL: WZ3Mu/Central/jets/4/pt in Skim_TriLep_Muon0_C_v4.root
2025-09-24 16:02:35,978 - INFO - [2023] MISSING_CENTRAL: WZ3Mu/Central/jets/4/pt in Skim_TriLep_Muon1_C_v1.root
2025-09-24 16:02:35,978 - INFO - [2023] MISSING_CENTRAL: WZ3Mu/Central/jets/4/pt in Skim_TriLep_Muon1_C_v2.root
2025-09-24 16:02:35,979 - INFO - [2023] MISSING_CENTRAL: WZ3Mu/Central/jets/4/pt in Skim_TriLep_Muon1_C_v3.root
2025-09-24 16:02:35,979 - INFO - [2023] MISSING_CENTRAL: WZ3Mu/Central/jets/4/pt in Skim_TriLep_Muon1_C_v4.root
2025-09-24 16:02:35,979 - INFO - [2023] MISSING_CENTRAL: WZ3Mu/Central/jets/4/pt in Skim_TriLep_DYJets.root
2025-09-24 16:02:35,979 - INFO - [2023] MISSING_CENTRAL: WZ3Mu/Central/jets/4/pt in Skim_TriLep_DYJets10to50.root
2025-09-24 16:02:35,980 - INFO - [2023] MISSING_CENTRAL: WZ3Mu/Central/jets/4/pt in Skim_TriLep_DYGTo2LG_MLL4to50_PTG10to100.root
2025-09-24 16:02:35,980 - INFO - [2023] MISSING_CENTRAL: WZ3Mu/Central/jets/4/pt in Skim_TriLep_DYGTo2LG_MLL4to50_PTG100to200.root
2025-09-24 16:02:35,980 - INFO - [2023] MISSING_CENTRAL: WZ3Mu/Central/jets/4/pt in Skim_TriLep_DYGTo2LG_MLL4to50_PTG200toInf.root
2025-09-24 16:02:35,981 - INFO - [2023] MISSING_CENTRAL: WZ3Mu/Central/jets/4/pt in Skim_TriLep_DYGTo2LG_MLL50_PTG10to100.root
2025-09-24 16:02:35,981 - INFO - [2023] MISSING_CENTRAL: WZ3Mu/Central/jets/4/pt in Skim_TriLep_DYGTo2LG_MLL50_PTG100to200.root
2025-09-24 16:02:35,981 - INFO - [2023] MISSING_CENTRAL: WZ3Mu/Central/jets/4/pt in Skim_TriLep_DYGTo2LG_MLL50_PTG200to400.root
2025-09-24 16:02:35,981 - INFO - [2023] MISSING_CENTRAL: WZ3Mu/Central/jets/4/pt in Skim_TriLep_DYGTo2LG_MLL50_PTG400to600.root
2025-09-24 16:02:35,994 - INFO - [2023] MISSING_CENTRAL: WZ3Mu/Central/jets/4/pt in Skim_TriLep_TTG_PTG10to100.root
2025-09-24 16:02:35,995 - INFO - [2023] MISSING_CENTRAL: WZ3Mu/Central/jets/4/pt in Skim_TriLep_TTG_PTG100to200.root
2025-09-24 16:02:35,995 - INFO - [2023] MISSING_CENTRAL: WZ3Mu/Central/jets/4/pt in Skim_TriLep_TTG_PTG200toInf.root
2025-09-24 16:02:35,996 - INFO - [2023] MISSING_CENTRAL: WZ3Mu/Central/jets/4/pt in Skim_TriLep_TTWToLNu.root
2025-09-24 16:02:36,244 - INFO - [2023] MISSING_CENTRAL: WZ3Mu/Central/jets/4/pt in Skim_TriLep_tHq.root
2025-09-24 16:02:36,244 - INFO - [2023] MISSING_CENTRAL: WZ3Mu/Central/jets/4/pt in Skim_TriLep_WWW.root
2025-09-24 16:02:36,275 - INFO - [2023] MISSING_CENTRAL: WZ3Mu/Central/jets/4/pt in Skim_TriLep_VBFHToZZTo4L.root
2025-09-24 16:02:36,275 - INFO - [2023] MISSING_CENTRAL: WZ3Mu/Central/jets/4/pt in Skim_TriLep_ggHToZZTo4L.root
2025-09-24 16:02:46,390 - INFO - [2023] MISSING_CENTRAL: WZ3Mu/Central/jets/4/pt in Skim_TriLep_Muon0_C_v1.root
2025-09-24 16:02:46,390 - INFO - [2023] MISSING_CENTRAL: WZ3Mu/Central/jets/4/pt in Skim_TriLep_Muon0_C_v2.root
2025-09-24 16:02:46,390 - INFO - [2023] MISSING_CENTRAL: WZ3Mu/Central/jets/4/pt in Skim_TriLep_Muon0_C_v3.root
2025-09-24 16:02:46,402 - INFO - [2023] MISSING_CENTRAL: WZ3Mu/Central/jets/4/pt in Skim_TriLep_Muon1_C_v1.root
2025-09-24 16:02:46,403 - INFO - [2023] MISSING_CENTRAL: WZ3Mu/Central/jets/4/pt in Skim_TriLep_Muon1_C_v2.root
2025-09-24 16:02:46,403 - INFO - [2023] MISSING_CENTRAL: WZ3Mu/Central/jets/4/pt in Skim_TriLep_Muon1_C_v3.root
2025-09-24 16:02:46,619 - INFO - [2023] MISSING_CENTRAL: WZ3Mu/Central/jets/4/pt in Skim_TriLep_Muon0_C_v1.root
2025-09-24 16:02:46,621 - INFO - [2023] MISSING_CENTRAL: WZ3Mu/Central/jets/4/pt in Skim_TriLep_Muon0_C_v2.root
2025-09-24 16:02:46,624 - INFO - [2023] MISSING_CENTRAL: WZ3Mu/Central/jets/4/pt in Skim_TriLep_Muon0_C_v3.root
2025-09-24 16:02:46,625 - INFO - [2023] MISSING_CENTRAL: WZ3Mu/Central/jets/4/pt in Skim_TriLep_Muon0_C_v4.root
2025-09-24 16:02:46,625 - INFO - [2023] MISSING_CENTRAL: WZ3Mu/Central/jets/4/pt in Skim_TriLep_Muon1_C_v1.root
2025-09-24 16:02:46,625 - INFO - [2023] MISSING_CENTRAL: WZ3Mu/Central/jets/4/pt in Skim_TriLep_Muon1_C_v2.root
2025-09-24 16:02:46,625 - INFO - [2023] MISSING_CENTRAL: WZ3Mu/Central/jets/4/pt in Skim_TriLep_Muon1_C_v3.root
2025-09-24 16:02:46,626 - INFO - [2023] MISSING_CENTRAL: WZ3Mu/Central/jets/4/pt in Skim_TriLep_Muon1_C_v4.root
2025-09-24 16:02:46,626 - INFO - [2023] MISSING_CENTRAL: WZ3Mu/Central/jets/4/pt in Skim_TriLep_DYJets.root
2025-09-24 16:02:46,626 - INFO - [2023] MISSING_CENTRAL: WZ3Mu/Central/jets/4/pt in Skim_TriLep_DYJets10to50.root
2025-09-24 16:02:46,626 - INFO - [2023] MISSING_CENTRAL: WZ3Mu/Central/jets/4/pt in Skim_TriLep_DYGTo2LG_MLL4to50_PTG10to100.root
2025-09-24 16:02:46,627 - INFO - [2023] MISSING_CENTRAL: WZ3Mu/Central/jets/4/pt in Skim_TriLep_DYGTo2LG_MLL4to50_PTG100to200.root
2025-09-24 16:02:46,627 - INFO - [2023] MISSING_CENTRAL: WZ3Mu/Central/jets/4/pt in Skim_TriLep_DYGTo2LG_MLL4to50_PTG200toInf.root
2025-09-24 16:02:46,627 - INFO - [2023] MISSING_CENTRAL: WZ3Mu/Central/jets/4/pt in Skim_TriLep_DYGTo2LG_MLL50_PTG10to100.root
2025-09-24 16:02:46,628 - INFO - [2023] MISSING_CENTRAL: WZ3Mu/Central/jets/4/pt in Skim_TriLep_DYGTo2LG_MLL50_PTG100to200.root
2025-09-24 16:02:46,628 - INFO - [2023] MISSING_CENTRAL: WZ3Mu/Central/jets/4/pt in Skim_TriLep_DYGTo2LG_MLL50_PTG200to400.root
2025-09-24 16:02:46,628 - INFO - [2023] MISSING_CENTRAL: WZ3Mu/Central/jets/4/pt in Skim_TriLep_DYGTo2LG_MLL50_PTG400to600.root
2025-09-24 16:02:46,629 - INFO - [2023] MISSING_CENTRAL: WZ3Mu/Central/jets/4/pt in Skim_TriLep_TTG_PTG10to100.root
2025-09-24 16:02:46,629 - INFO - [2023] MISSING_CENTRAL: WZ3Mu/Central/jets/4/pt in Skim_TriLep_TTG_PTG100to200.root
2025-09-24 16:02:46,630 - INFO - [2023] MISSING_CENTRAL: WZ3Mu/Central/jets/4/pt in Skim_TriLep_TTG_PTG200toInf.root
2025-09-24 16:02:46,630 - INFO - [2023] MISSING_CENTRAL: WZ3Mu/Central/jets/4/pt in Skim_TriLep_TTWToLNu.root
2025-09-24 16:02:46,632 - INFO - [2023] MISSING_FILE: /Users/choij/Sync/workspace/ChargedHiggsAnalysisV3/SKNanoOutput/CRPromptSelector/Run3Mu_RunNoWZSF_RunSyst/2023/Skim_TriLep_ZZTo4L_powheg.root
2025-09-24 16:02:46,632 - INFO - [2023] MISSING_CENTRAL: WZ3Mu/Central/jets/4/pt in Skim_TriLep_tHq.root
2025-09-24 16:02:46,632 - INFO - [2023] MISSING_CENTRAL: WZ3Mu/Central/jets/4/pt in Skim_TriLep_WWW.root
2025-09-24 16:02:46,634 - INFO - [2023] MISSING_FILE: /Users/choij/Sync/workspace/ChargedHiggsAnalysisV3/SKNanoOutput/CRPromptSelector/Run3Mu_RunNoWZSF_RunSyst/2023/Skim_TriLep_VBFHToZZTo4L.root
2025-09-24 16:02:46,634 - INFO - [2023] MISSING_FILE: /Users/choij/Sync/workspace/ChargedHiggsAnalysisV3/SKNanoOutput/CRPromptSelector/Run3Mu_RunNoWZSF_RunSyst/2023/Skim_TriLep_ggHToZZTo4L.root
