2025-09-24 16:02:38,731 - INFO - [2023] MISSING_CENTRAL: WZ3Mu/Central/ZCand/phi in Skim_TriLep_DYJets10to50.root
2025-09-24 16:02:38,824 - INFO - [2023] MISSING_CENTRAL: WZ3Mu/Central/ZCand/phi in Skim_TriLep_TTG_PTG200toInf.root
2025-09-24 16:02:48,979 - INFO - [2023] MISSING_CENTRAL: WZ3Mu/Central/ZCand/phi in Skim_TriLep_DYJets10to50.root
2025-09-24 16:02:48,982 - INFO - [2023] MISSING_CENTRAL: WZ3Mu/Central/ZCand/phi in Skim_TriLep_TTG_PTG200toInf.root
2025-09-24 16:02:48,983 - INFO - [2023] MISSING_FILE: /Users/choij/Sync/workspace/ChargedHiggsAnalysisV3/SKNanoOutput/CRPromptSelector/Run3Mu_RunNoWZSF_RunSyst/2023/Skim_TriLep_ZZTo4L_powheg.root
2025-09-24 16:02:48,985 - INFO - [2023] MISSING_FILE: /Users/choij/Sync/workspace/ChargedHiggsAnalysisV3/SKNanoOutput/CRPromptSelector/Run3Mu_RunNoWZSF_RunSyst/2023/Skim_TriLep_VBFHToZZTo4L.root
2025-09-24 16:02:48,985 - INFO - [2023] MISSING_FILE: /Users/choij/Sync/workspace/ChargedHiggsAnalysisV3/SKNanoOutput/CRPromptSelector/Run3Mu_RunNoWZSF_RunSyst/2023/Skim_TriLep_ggHToZZTo4L.root
2025-10-02 21:20:54,006 - INFO - [2023] MISSING_CENTRAL: WZ3Mu/Central/ZCand/phi in Skim_TriLep_DYJets10to50.root
2025-10-02 21:20:54,140 - INFO - [2023] MISSING_CENTRAL: WZ3Mu/Central/ZCand/phi in Skim_TriLep_TTG_PTG200toInf.root
2025-10-02 21:21:00,786 - INFO - [2023] MISSING_CENTRAL: WZ3Mu/Central/ZCand/phi in Skim_TriLep_DYJets10to50.root
2025-10-02 21:21:00,820 - INFO - [2023] MISSING_CENTRAL: WZ3Mu/Central/ZCand/phi in Skim_TriLep_TTG_PTG200toInf.root
2025-10-02 21:21:00,825 - INFO - [2023] MISSING_FILE: /data9/Users/choij/Sync/workspace/ChargedHiggsAnalysisV3/SKNanoOutput/CRPromptSelector/Run3Mu_RunNoWZSF_RunSyst/2023/Skim_TriLep_ZZTo4L_powheg.root
2025-10-02 21:21:00,835 - INFO - [2023] MISSING_FILE: /data9/Users/choij/Sync/workspace/ChargedHiggsAnalysisV3/SKNanoOutput/CRPromptSelector/Run3Mu_RunNoWZSF_RunSyst/2023/Skim_TriLep_VBFHToZZTo4L.root
2025-10-02 21:21:00,835 - INFO - [2023] MISSING_FILE: /data9/Users/choij/Sync/workspace/ChargedHiggsAnalysisV3/SKNanoOutput/CRPromptSelector/Run3Mu_RunNoWZSF_RunSyst/2023/Skim_TriLep_ggHToZZTo4L.root
2025-10-03 00:32:10,491 - INFO - [2023] MISSING_CENTRAL: WZ3Mu/Central/ZCand/phi in Skim_TriLep_DYJets10to50.root
2025-10-03 00:32:10,578 - INFO - [2023] MISSING_CENTRAL: WZ3Mu/Central/ZCand/phi in Skim_TriLep_TTG_PTG200toInf.root
2025-10-03 00:32:25,940 - INFO - [2023] MISSING_CENTRAL: WZ3Mu/Central/ZCand/phi in Skim_TriLep_DYJets10to50.root
2025-10-03 00:32:25,947 - INFO - [2023] MISSING_CENTRAL: WZ3Mu/Central/ZCand/phi in Skim_TriLep_TTG_PTG200toInf.root
2025-10-03 00:32:25,951 - INFO - [2023] MISSING_FILE: /Users/choij/Sync/workspace/ChargedHiggsAnalysisV3/SKNanoOutput/CRPromptSelector/Run3Mu_RunNoWZSF_RunSyst/2023/Skim_TriLep_ZZTo4L_powheg.root
2025-10-03 00:32:25,956 - INFO - [2023] MISSING_FILE: /Users/choij/Sync/workspace/ChargedHiggsAnalysisV3/SKNanoOutput/CRPromptSelector/Run3Mu_RunNoWZSF_RunSyst/2023/Skim_TriLep_VBFHToZZTo4L.root
2025-10-03 00:32:25,956 - INFO - [2023] MISSING_FILE: /Users/choij/Sync/workspace/ChargedHiggsAnalysisV3/SKNanoOutput/CRPromptSelector/Run3Mu_RunNoWZSF_RunSyst/2023/Skim_TriLep_ggHToZZTo4L.root
2025-11-07 13:12:16,983 - INFO - [2023] MISSING_CENTRAL: WZ3Mu/Central/ZCand/phi in Skim_TriLep_DYJets10to50.root
2025-11-07 13:12:17,015 - INFO - [2023] MISSING_CENTRAL: WZ3Mu/Central/ZCand/phi in Skim_TriLep_TTG_PTG200toInf.root
2025-11-07 13:12:22,566 - INFO - [2023] MISSING_CENTRAL: WZ3Mu/Central/ZCand/phi in Skim_TriLep_DYJets10to50.root
2025-11-07 13:12:22,570 - INFO - [2023] MISSING_CENTRAL: WZ3Mu/Central/ZCand/phi in Skim_TriLep_TTG_PTG200toInf.root
2025-11-07 13:12:22,572 - INFO - [2023] MISSING_FILE: /home/choij/Sync/workspace/ChargedHiggsAnalysisV3/SKNanoOutput/CRPromptSelector/Run3Mu_RunNoWZSF_RunSyst/2023/Skim_TriLep_ZZTo4L_powheg.root
2025-11-07 13:12:22,574 - INFO - [2023] MISSING_FILE: /home/choij/Sync/workspace/ChargedHiggsAnalysisV3/SKNanoOutput/CRPromptSelector/Run3Mu_RunNoWZSF_RunSyst/2023/Skim_TriLep_VBFHToZZTo4L.root
2025-11-07 13:12:22,574 - INFO - [2023] MISSING_FILE: /home/choij/Sync/workspace/ChargedHiggsAnalysisV3/SKNanoOutput/CRPromptSelector/Run3Mu_RunNoWZSF_RunSyst/2023/Skim_TriLep_ggHToZZTo4L.root
2025-11-07 14:09:51,753 - INFO - [2023] MISSING_CENTRAL: WZ3Mu/Central/ZCand/phi in Skim_TriLep_DYJets10to50.root
2025-11-07 14:09:51,783 - INFO - [2023] MISSING_CENTRAL: WZ3Mu/Central/ZCand/phi in Skim_TriLep_TTG_PTG200toInf.root
2025-11-07 14:09:57,134 - INFO - [2023] MISSING_CENTRAL: WZ3Mu/Central/ZCand/phi in Skim_TriLep_DYJets10to50.root
2025-11-07 14:09:57,138 - INFO - [2023] MISSING_CENTRAL: WZ3Mu/Central/ZCand/phi in Skim_TriLep_TTG_PTG200toInf.root
2025-11-07 14:09:57,140 - INFO - [2023] MISSING_FILE: /home/choij/Sync/workspace/ChargedHiggsAnalysisV3/SKNanoOutput/CRPromptSelector/Run3Mu_RunNoWZSF_RunSyst/2023/Skim_TriLep_ZZTo4L_powheg.root
2025-11-07 14:09:57,142 - INFO - [2023] MISSING_FILE: /home/choij/Sync/workspace/ChargedHiggsAnalysisV3/SKNanoOutput/CRPromptSelector/Run3Mu_RunNoWZSF_RunSyst/2023/Skim_TriLep_VBFHToZZTo4L.root
2025-11-07 14:09:57,142 - INFO - [2023] MISSING_FILE: /home/choij/Sync/workspace/ChargedHiggsAnalysisV3/SKNanoOutput/CRPromptSelector/Run3Mu_RunNoWZSF_RunSyst/2023/Skim_TriLep_ggHToZZTo4L.root
2025-11-10 12:25:45,869 - INFO - [2023] MISSING_CENTRAL: WZ3Mu/Central/ZCand/phi in Skim_TriLep_DYJets10to50.root
2025-11-10 12:25:45,907 - INFO - [2023] MISSING_CENTRAL: WZ3Mu/Central/ZCand/phi in Skim_TriLep_TTG_PTG200toInf.root
2025-11-10 12:25:51,306 - INFO - [2023] MISSING_CENTRAL: WZ3Mu/Central/ZCand/phi in Skim_TriLep_DYJets10to50.root
2025-11-10 12:25:51,309 - INFO - [2023] MISSING_CENTRAL: WZ3Mu/Central/ZCand/phi in Skim_TriLep_TTG_PTG200toInf.root
2025-11-10 12:25:51,311 - INFO - [2023] MISSING_FILE: /home/choij/Sync/workspace/ChargedHiggsAnalysisV3/SKNanoOutput/CRPromptSelector/Run3Mu_RunNoWZSF_RunSyst/2023/Skim_TriLep_ZZTo4L_powheg.root
2025-11-10 12:25:51,314 - INFO - [2023] MISSING_FILE: /home/choij/Sync/workspace/ChargedHiggsAnalysisV3/SKNanoOutput/CRPromptSelector/Run3Mu_RunNoWZSF_RunSyst/2023/Skim_TriLep_VBFHToZZTo4L.root
2025-11-10 12:25:51,314 - INFO - [2023] MISSING_FILE: /home/choij/Sync/workspace/ChargedHiggsAnalysisV3/SKNanoOutput/CRPromptSelector/Run3Mu_RunNoWZSF_RunSyst/2023/Skim_TriLep_ggHToZZTo4L.root
2025-11-13 11:15:52,813 - INFO - [2023] MISSING_CENTRAL: WZ3Mu/Central/ZCand/phi in Skim_TriLep_DYJets10to50.root
2025-11-13 11:15:52,870 - INFO - [2023] MISSING_CENTRAL: WZ3Mu/Central/ZCand/phi in Skim_TriLep_TTG_PTG200toInf.root
2025-11-13 11:15:57,389 - INFO - [2023] MISSING_CENTRAL: WZ3Mu/Central/ZCand/phi in Skim_TriLep_DYJets10to50.root
2025-11-13 11:15:57,399 - INFO - [2023] MISSING_CENTRAL: WZ3Mu/Central/ZCand/phi in Skim_TriLep_TTG_PTG200toInf.root
2025-11-13 11:15:57,473 - INFO - [2023] MISSING_FILE: /data9/Users/choij/Sync/workspace/ChargedHiggsAnalysisV3/SKNanoOutput/CRPromptSelector/Run3Mu_RunNoWZSF_RunSyst/2023/Skim_TriLep_ZZTo4L_powheg.root
2025-11-13 11:15:57,480 - INFO - [2023] MISSING_FILE: /data9/Users/choij/Sync/workspace/ChargedHiggsAnalysisV3/SKNanoOutput/CRPromptSelector/Run3Mu_RunNoWZSF_RunSyst/2023/Skim_TriLep_VBFHToZZTo4L.root
2025-11-13 11:15:57,480 - INFO - [2023] MISSING_FILE: /data9/Users/choij/Sync/workspace/ChargedHiggsAnalysisV3/SKNanoOutput/CRPromptSelector/Run3Mu_RunNoWZSF_RunSyst/2023/Skim_TriLep_ggHToZZTo4L.root
2025-11-19 00:19:37,835 - INFO - [2023] MISSING_CENTRAL: WZ3Mu/Central/ZCand/phi in Skim_TriLep_DYJets10to50.root
2025-11-19 00:19:37,885 - INFO - [2023] MISSING_CENTRAL: WZ3Mu/Central/ZCand/phi in Skim_TriLep_TTG_PTG200toInf.root
2025-11-19 00:19:37,906 - INFO - [2023] MISSING_FILE: /data9/Users/choij/Sync/workspace/ChargedHiggsAnalysisV3/SKNanoOutput/CRPromptSelector/Run3Mu_RunSyst/2023/Skim_TriLep_WZTo3LNu_powheg.root
2025-11-19 00:19:43,061 - INFO - [2023] MISSING_CENTRAL: WZ3Mu/Central/ZCand/phi in Skim_TriLep_DYJets10to50.root
2025-11-19 00:19:43,074 - INFO - [2023] MISSING_CENTRAL: WZ3Mu/Central/ZCand/phi in Skim_TriLep_TTG_PTG200toInf.root
2025-11-19 00:19:43,078 - INFO - [2023] MISSING_FILE: /data9/Users/choij/Sync/workspace/ChargedHiggsAnalysisV3/SKNanoOutput/CRPromptSelector/Run3Mu_RunNoWZSF_RunSyst/2023/Skim_TriLep_WZTo3LNu_powheg.root
2025-11-19 00:19:43,078 - INFO - [2023] MISSING_FILE: /data9/Users/choij/Sync/workspace/ChargedHiggsAnalysisV3/SKNanoOutput/CRPromptSelector/Run3Mu_RunNoWZSF_RunSyst/2023/Skim_TriLep_ZZTo4L_powheg.root
2025-11-19 00:19:43,085 - INFO - [2023] MISSING_FILE: /data9/Users/choij/Sync/workspace/ChargedHiggsAnalysisV3/SKNanoOutput/CRPromptSelector/Run3Mu_RunNoWZSF_RunSyst/2023/Skim_TriLep_VBFHToZZTo4L.root
2025-11-19 00:19:43,085 - INFO - [2023] MISSING_FILE: /data9/Users/choij/Sync/workspace/ChargedHiggsAnalysisV3/SKNanoOutput/CRPromptSelector/Run3Mu_RunNoWZSF_RunSyst/2023/Skim_TriLep_ggHToZZTo4L.root
2025-11-19 15:44:55,090 - INFO - [2023] MISSING_CENTRAL: WZ3Mu/Central/ZCand/phi in Skim_TriLep_DYJets10to50.root
2025-11-19 15:44:55,122 - INFO - [2023] MISSING_CENTRAL: WZ3Mu/Central/ZCand/phi in Skim_TriLep_TTG_PTG200toInf.root
2025-11-19 15:45:00,301 - INFO - [2023] MISSING_CENTRAL: WZ3Mu/Central/ZCand/phi in Skim_TriLep_DYJets10to50.root
2025-11-19 15:45:00,305 - INFO - [2023] MISSING_CENTRAL: WZ3Mu/Central/ZCand/phi in Skim_TriLep_TTG_PTG200toInf.root
2025-11-19 15:45:00,307 - INFO - [2023] MISSING_FILE: /home/choij/Sync/workspace/ChargedHiggsAnalysisV3/SKNanoOutput/CRPromptSelector/Run3Mu_RunNoWZSF_RunSyst/2023/Skim_TriLep_ZZTo4L_powheg.root
2025-11-19 15:45:00,309 - INFO - [2023] MISSING_FILE: /home/choij/Sync/workspace/ChargedHiggsAnalysisV3/SKNanoOutput/CRPromptSelector/Run3Mu_RunNoWZSF_RunSyst/2023/Skim_TriLep_VBFHToZZTo4L.root
2025-11-19 15:45:00,309 - INFO - [2023] MISSING_FILE: /home/choij/Sync/workspace/ChargedHiggsAnalysisV3/SKNanoOutput/CRPromptSelector/Run3Mu_RunNoWZSF_RunSyst/2023/Skim_TriLep_ggHToZZTo4L.root
2025-11-19 16:28:12,980 - INFO - [2023] MISSING_CENTRAL: WZ3Mu/Central/ZCand/phi in Skim_TriLep_DYJets10to50.root
2025-11-19 16:28:13,030 - INFO - [2023] MISSING_CENTRAL: WZ3Mu/Central/ZCand/phi in Skim_TriLep_TTG_PTG200toInf.root
2025-11-19 16:28:17,907 - INFO - [2023] MISSING_CENTRAL: WZ3Mu/Central/ZCand/phi in Skim_TriLep_DYJets10to50.root
2025-11-19 16:28:17,920 - INFO - [2023] MISSING_CENTRAL: WZ3Mu/Central/ZCand/phi in Skim_TriLep_TTG_PTG200toInf.root
2025-11-19 16:28:17,924 - INFO - [2023] MISSING_FILE: /home/choij/Sync/workspace/ChargedHiggsAnalysisV3/SKNanoOutput/CRPromptSelector/Run3Mu_RunNoWZSF_RunSyst/2023/Skim_TriLep_ZZTo4L_powheg.root
2025-11-19 16:28:17,928 - INFO - [2023] MISSING_FILE: /home/choij/Sync/workspace/ChargedHiggsAnalysisV3/SKNanoOutput/CRPromptSelector/Run3Mu_RunNoWZSF_RunSyst/2023/Skim_TriLep_VBFHToZZTo4L.root
2025-11-19 16:28:17,931 - INFO - [2023] MISSING_FILE: /home/choij/Sync/workspace/ChargedHiggsAnalysisV3/SKNanoOutput/CRPromptSelector/Run3Mu_RunNoWZSF_RunSyst/2023/Skim_TriLep_ggHToZZTo4L.root
