INFO - Loaded ConvSF for 2017 SR1E2Mu: 0.7215 +/- 0.1004
INFO - Loaded 8 K-factors for Run2
INFO - Preprocessing MHc130_MA90 for 2017 era and SR1E2Mu channel
INFO - Found 18 preprocessed shape systematics
INFO - Found 1 valued shape systematics
INFO - Found 2 multi-variation systematics
INFO - Found 11 valued lnN systematics (skipped)
INFO - ============================================================
INFO - Processing Signal
INFO - ============================================================
INFO -   Output: /tmp/workdir_2959444/SignalRegionStudyV2/samples/2017/SR1E2Mu/MHc130_MA90/MHc130_MA90.root
INFO - ============================================================
INFO - Processing WZ
INFO - ============================================================
INFO -   Applying K-factor 1.109 to WZTo3LNu_amcatnlo
INFO - Merged 1 files -> /tmp/workdir_2959444/SignalRegionStudyV2/samples/2017/SR1E2Mu/MHc130_MA90/WZ.root
INFO -   Output: /tmp/workdir_2959444/SignalRegionStudyV2/samples/2017/SR1E2Mu/MHc130_MA90/WZ.root
INFO - ============================================================
INFO - Processing ZZ
INFO - ============================================================
INFO -   Applying K-factor 1.160 to ZZTo4L_powheg
INFO - Merged 1 files -> /tmp/workdir_2959444/SignalRegionStudyV2/samples/2017/SR1E2Mu/MHc130_MA90/ZZ.root
INFO -   Output: /tmp/workdir_2959444/SignalRegionStudyV2/samples/2017/SR1E2Mu/MHc130_MA90/ZZ.root
INFO - ============================================================
INFO - Processing ttW
INFO - ============================================================
INFO -   Applying K-factor 1.150 to TTWToLNu
INFO - Merged 1 files -> /tmp/workdir_2959444/SignalRegionStudyV2/samples/2017/SR1E2Mu/MHc130_MA90/ttW.root
INFO -   Output: /tmp/workdir_2959444/SignalRegionStudyV2/samples/2017/SR1E2Mu/MHc130_MA90/ttW.root
INFO - ============================================================
INFO - Processing ttZ
INFO - ============================================================
INFO -   Applying K-factor 1.164 to TTZToLLNuNu
INFO - Merged 1 files -> /tmp/workdir_2959444/SignalRegionStudyV2/samples/2017/SR1E2Mu/MHc130_MA90/ttZ.root
INFO -   Output: /tmp/workdir_2959444/SignalRegionStudyV2/samples/2017/SR1E2Mu/MHc130_MA90/ttZ.root
INFO - ============================================================
INFO - Processing ttH
INFO - ============================================================
INFO - Merged 1 files -> /tmp/workdir_2959444/SignalRegionStudyV2/samples/2017/SR1E2Mu/MHc130_MA90/ttH.root
INFO -   Output: /tmp/workdir_2959444/SignalRegionStudyV2/samples/2017/SR1E2Mu/MHc130_MA90/ttH.root
INFO - ============================================================
INFO - Processing tZq
INFO - ============================================================
INFO - Merged 1 files -> /tmp/workdir_2959444/SignalRegionStudyV2/samples/2017/SR1E2Mu/MHc130_MA90/tZq.root
INFO -   Output: /tmp/workdir_2959444/SignalRegionStudyV2/samples/2017/SR1E2Mu/MHc130_MA90/tZq.root
INFO - ============================================================
INFO - Processing conversion
INFO - ============================================================
INFO - Merged 4 files -> /tmp/workdir_2959444/SignalRegionStudyV2/samples/2017/SR1E2Mu/MHc130_MA90/conversion.root
INFO -   Output: /tmp/workdir_2959444/SignalRegionStudyV2/samples/2017/SR1E2Mu/MHc130_MA90/conversion.root
INFO - ============================================================
INFO - Processing others
INFO - ============================================================
INFO -   Applying K-factor 1.240 to ggHToZZTo4L
INFO - Merged 8 files -> /tmp/workdir_2959444/SignalRegionStudyV2/samples/2017/SR1E2Mu/MHc130_MA90/others.root
INFO -   Output: /tmp/workdir_2959444/SignalRegionStudyV2/samples/2017/SR1E2Mu/MHc130_MA90/others.root
INFO - ============================================================
INFO - Processing Nonprompt
INFO - ============================================================
INFO - Merged 5 files -> /tmp/workdir_2959444/SignalRegionStudyV2/samples/2017/SR1E2Mu/MHc130_MA90/nonprompt.root
INFO -   Output: /tmp/workdir_2959444/SignalRegionStudyV2/samples/2017/SR1E2Mu/MHc130_MA90/nonprompt.root
INFO - ============================================================
INFO - Processing Data
INFO - ============================================================
INFO - Merged 5 files -> /tmp/workdir_2959444/SignalRegionStudyV2/samples/2017/SR1E2Mu/MHc130_MA90/data.root
INFO -   Output: /tmp/workdir_2959444/SignalRegionStudyV2/samples/2017/SR1E2Mu/MHc130_MA90/data.root
INFO - ============================================================
INFO - Preprocessing complete! Output directory: /tmp/workdir_2959444/SignalRegionStudyV2/samples/2017/SR1E2Mu/MHc130_MA90
INFO - ============================================================
