2025-09-24 16:05:25,643 - INFO - [2023BPix] MISSING_CENTRAL: ZG3Mu/Central/convLep/eta in Skim_TriLep_DYJets10to50.root
2025-09-24 16:05:25,665 - INFO - [2023BPix] MISSING_CENTRAL: ZG3Mu/Central/convLep/eta in Skim_TriLep_DYGTo2LG_MLL50_PTG200to400.root
2025-09-24 16:05:25,666 - INFO - [2023BPix] MISSING_CENTRAL: ZG3Mu/Central/convLep/eta in Skim_TriLep_DYGTo2LG_MLL50_PTG400to600.root
2025-09-24 16:05:25,666 - INFO - [2023BPix] MISSING_CENTRAL: ZG3Mu/Central/convLep/eta in Skim_TriLep_DYGTo2LG_MLL50_PTG600toInf.root
2025-09-24 16:05:25,666 - INFO - [2023BPix] MISSING_CENTRAL: ZG3Mu/Central/convLep/eta in Skim_TriLep_TTG_PTG10to100.root
2025-09-24 16:05:25,666 - INFO - [2023BPix] MISSING_CENTRAL: ZG3Mu/Central/convLep/eta in Skim_TriLep_TTG_PTG100to200.root
2025-09-24 16:05:25,667 - INFO - [2023BPix] MISSING_CENTRAL: ZG3Mu/Central/convLep/eta in Skim_TriLep_TTG_PTG200toInf.root
2025-09-24 16:05:25,667 - INFO - [2023BPix] MISSING_CENTRAL: ZG3Mu/Central/convLep/eta in Skim_TriLep_TTWToLNu.root
2025-09-24 16:05:25,687 - INFO - [2023BPix] MISSING_CENTRAL: ZG3Mu/Central/convLep/eta in Skim_TriLep_tHq.root
2025-09-24 16:05:35,383 - INFO - [2023BPix] MISSING_CENTRAL: ZG3Mu/Central/convLep/eta in Skim_TriLep_DYJets10to50.root
2025-09-24 16:05:35,385 - INFO - [2023BPix] MISSING_CENTRAL: ZG3Mu/Central/convLep/eta in Skim_TriLep_DYGTo2LG_MLL50_PTG200to400.root
2025-09-24 16:05:35,385 - INFO - [2023BPix] MISSING_CENTRAL: ZG3Mu/Central/convLep/eta in Skim_TriLep_DYGTo2LG_MLL50_PTG400to600.root
2025-09-24 16:05:35,386 - INFO - [2023BPix] MISSING_CENTRAL: ZG3Mu/Central/convLep/eta in Skim_TriLep_DYGTo2LG_MLL50_PTG600toInf.root
2025-09-24 16:05:35,386 - INFO - [2023BPix] MISSING_CENTRAL: ZG3Mu/Central/convLep/eta in Skim_TriLep_TTG_PTG10to100.root
2025-09-24 16:05:35,386 - INFO - [2023BPix] MISSING_CENTRAL: ZG3Mu/Central/convLep/eta in Skim_TriLep_TTG_PTG100to200.root
2025-09-24 16:05:35,386 - INFO - [2023BPix] MISSING_CENTRAL: ZG3Mu/Central/convLep/eta in Skim_TriLep_TTG_PTG200toInf.root
2025-09-24 16:05:35,386 - INFO - [2023BPix] MISSING_CENTRAL: ZG3Mu/Central/convLep/eta in Skim_TriLep_TTWToLNu.root
2025-09-24 16:05:35,390 - INFO - [2023BPix] MISSING_CENTRAL: ZG3Mu/Central/convLep/eta in Skim_TriLep_tHq.root
2025-10-02 21:22:25,024 - INFO - [2023BPix] MISSING_CENTRAL: ZG3Mu/Central/convLep/eta in Skim_TriLep_DYJets10to50.root
2025-10-02 21:22:25,052 - INFO - [2023BPix] MISSING_CENTRAL: ZG3Mu/Central/convLep/eta in Skim_TriLep_DYGTo2LG_MLL50_PTG200to400.root
2025-10-02 21:22:25,053 - INFO - [2023BPix] MISSING_CENTRAL: ZG3Mu/Central/convLep/eta in Skim_TriLep_DYGTo2LG_MLL50_PTG400to600.root
2025-10-02 21:22:25,053 - INFO - [2023BPix] MISSING_CENTRAL: ZG3Mu/Central/convLep/eta in Skim_TriLep_DYGTo2LG_MLL50_PTG600toInf.root
2025-10-02 21:22:25,054 - INFO - [2023BPix] MISSING_CENTRAL: ZG3Mu/Central/convLep/eta in Skim_TriLep_TTG_PTG10to100.root
2025-10-02 21:22:25,055 - INFO - [2023BPix] MISSING_CENTRAL: ZG3Mu/Central/convLep/eta in Skim_TriLep_TTG_PTG100to200.root
2025-10-02 21:22:25,055 - INFO - [2023BPix] MISSING_CENTRAL: ZG3Mu/Central/convLep/eta in Skim_TriLep_TTG_PTG200toInf.root
2025-10-02 21:22:25,078 - INFO - [2023BPix] MISSING_CENTRAL: ZG3Mu/Central/convLep/eta in Skim_TriLep_TTWToLNu.root
2025-10-02 21:22:25,886 - INFO - [2023BPix] MISSING_CENTRAL: ZG3Mu/Central/convLep/eta in Skim_TriLep_tHq.root
2025-10-02 21:22:30,016 - INFO - [2023BPix] MISSING_CENTRAL: ZG3Mu/Central/convLep/eta in Skim_TriLep_DYJets10to50.root
2025-10-02 21:22:30,023 - INFO - [2023BPix] MISSING_CENTRAL: ZG3Mu/Central/convLep/eta in Skim_TriLep_DYGTo2LG_MLL50_PTG200to400.root
2025-10-02 21:22:30,024 - INFO - [2023BPix] MISSING_CENTRAL: ZG3Mu/Central/convLep/eta in Skim_TriLep_DYGTo2LG_MLL50_PTG400to600.root
2025-10-02 21:22:30,025 - INFO - [2023BPix] MISSING_CENTRAL: ZG3Mu/Central/convLep/eta in Skim_TriLep_DYGTo2LG_MLL50_PTG600toInf.root
2025-10-02 21:22:30,026 - INFO - [2023BPix] MISSING_CENTRAL: ZG3Mu/Central/convLep/eta in Skim_TriLep_TTG_PTG10to100.root
2025-10-02 21:22:30,027 - INFO - [2023BPix] MISSING_CENTRAL: ZG3Mu/Central/convLep/eta in Skim_TriLep_TTG_PTG100to200.root
2025-10-02 21:22:30,029 - INFO - [2023BPix] MISSING_CENTRAL: ZG3Mu/Central/convLep/eta in Skim_TriLep_TTG_PTG200toInf.root
2025-10-02 21:22:30,030 - INFO - [2023BPix] MISSING_CENTRAL: ZG3Mu/Central/convLep/eta in Skim_TriLep_TTWToLNu.root
2025-10-02 21:22:30,044 - INFO - [2023BPix] MISSING_CENTRAL: ZG3Mu/Central/convLep/eta in Skim_TriLep_tHq.root
2025-10-03 00:36:13,827 - INFO - [2023BPix] MISSING_CENTRAL: ZG3Mu/Central/convLep/eta in Skim_TriLep_DYJets10to50.root
2025-10-03 00:36:13,871 - INFO - [2023BPix] MISSING_CENTRAL: ZG3Mu/Central/convLep/eta in Skim_TriLep_DYGTo2LG_MLL50_PTG200to400.root
2025-10-03 00:36:13,872 - INFO - [2023BPix] MISSING_CENTRAL: ZG3Mu/Central/convLep/eta in Skim_TriLep_DYGTo2LG_MLL50_PTG400to600.root
2025-10-03 00:36:13,872 - INFO - [2023BPix] MISSING_CENTRAL: ZG3Mu/Central/convLep/eta in Skim_TriLep_DYGTo2LG_MLL50_PTG600toInf.root
2025-10-03 00:36:13,873 - INFO - [2023BPix] MISSING_CENTRAL: ZG3Mu/Central/convLep/eta in Skim_TriLep_TTG_PTG10to100.root
2025-10-03 00:36:13,874 - INFO - [2023BPix] MISSING_CENTRAL: ZG3Mu/Central/convLep/eta in Skim_TriLep_TTG_PTG100to200.root
2025-10-03 00:36:13,874 - INFO - [2023BPix] MISSING_CENTRAL: ZG3Mu/Central/convLep/eta in Skim_TriLep_TTG_PTG200toInf.root
2025-10-03 00:36:13,875 - INFO - [2023BPix] MISSING_CENTRAL: ZG3Mu/Central/convLep/eta in Skim_TriLep_TTWToLNu.root
2025-10-03 00:36:13,925 - INFO - [2023BPix] MISSING_CENTRAL: ZG3Mu/Central/convLep/eta in Skim_TriLep_tHq.root
2025-10-03 00:36:29,314 - INFO - [2023BPix] MISSING_CENTRAL: ZG3Mu/Central/convLep/eta in Skim_TriLep_DYJets10to50.root
2025-10-03 00:36:29,318 - INFO - [2023BPix] MISSING_CENTRAL: ZG3Mu/Central/convLep/eta in Skim_TriLep_DYGTo2LG_MLL50_PTG200to400.root
2025-10-03 00:36:29,319 - INFO - [2023BPix] MISSING_CENTRAL: ZG3Mu/Central/convLep/eta in Skim_TriLep_DYGTo2LG_MLL50_PTG400to600.root
2025-10-03 00:36:29,319 - INFO - [2023BPix] MISSING_CENTRAL: ZG3Mu/Central/convLep/eta in Skim_TriLep_DYGTo2LG_MLL50_PTG600toInf.root
2025-10-03 00:36:29,320 - INFO - [2023BPix] MISSING_CENTRAL: ZG3Mu/Central/convLep/eta in Skim_TriLep_TTG_PTG10to100.root
2025-10-03 00:36:29,320 - INFO - [2023BPix] MISSING_CENTRAL: ZG3Mu/Central/convLep/eta in Skim_TriLep_TTG_PTG100to200.root
2025-10-03 00:36:29,320 - INFO - [2023BPix] MISSING_CENTRAL: ZG3Mu/Central/convLep/eta in Skim_TriLep_TTG_PTG200toInf.root
2025-10-03 00:36:29,321 - INFO - [2023BPix] MISSING_CENTRAL: ZG3Mu/Central/convLep/eta in Skim_TriLep_TTWToLNu.root
2025-10-03 00:36:29,328 - INFO - [2023BPix] MISSING_CENTRAL: ZG3Mu/Central/convLep/eta in Skim_TriLep_tHq.root
2025-11-07 13:13:21,353 - INFO - [2023BPix] MISSING_CENTRAL: ZG3Mu/Central/convLep/eta in Skim_TriLep_DYJets10to50.root
2025-11-07 13:13:21,368 - INFO - [2023BPix] MISSING_CENTRAL: ZG3Mu/Central/convLep/eta in Skim_TriLep_DYGTo2LG_MLL50_PTG200to400.root
2025-11-07 13:13:21,369 - INFO - [2023BPix] MISSING_CENTRAL: ZG3Mu/Central/convLep/eta in Skim_TriLep_DYGTo2LG_MLL50_PTG400to600.root
2025-11-07 13:13:21,369 - INFO - [2023BPix] MISSING_CENTRAL: ZG3Mu/Central/convLep/eta in Skim_TriLep_DYGTo2LG_MLL50_PTG600toInf.root
2025-11-07 13:13:21,369 - INFO - [2023BPix] MISSING_CENTRAL: ZG3Mu/Central/convLep/eta in Skim_TriLep_TTG_PTG10to100.root
2025-11-07 13:13:21,370 - INFO - [2023BPix] MISSING_CENTRAL: ZG3Mu/Central/convLep/eta in Skim_TriLep_TTG_PTG100to200.root
2025-11-07 13:13:21,370 - INFO - [2023BPix] MISSING_CENTRAL: ZG3Mu/Central/convLep/eta in Skim_TriLep_TTG_PTG200toInf.root
2025-11-07 13:13:21,370 - INFO - [2023BPix] MISSING_CENTRAL: ZG3Mu/Central/convLep/eta in Skim_TriLep_TTWToLNu.root
2025-11-07 13:13:21,388 - INFO - [2023BPix] MISSING_CENTRAL: ZG3Mu/Central/convLep/eta in Skim_TriLep_tHq.root
2025-11-07 13:13:26,384 - INFO - [2023BPix] MISSING_CENTRAL: ZG3Mu/Central/convLep/eta in Skim_TriLep_DYJets10to50.root
2025-11-07 13:13:26,386 - INFO - [2023BPix] MISSING_CENTRAL: ZG3Mu/Central/convLep/eta in Skim_TriLep_DYGTo2LG_MLL50_PTG200to400.root
2025-11-07 13:13:26,387 - INFO - [2023BPix] MISSING_CENTRAL: ZG3Mu/Central/convLep/eta in Skim_TriLep_DYGTo2LG_MLL50_PTG400to600.root
2025-11-07 13:13:26,387 - INFO - [2023BPix] MISSING_CENTRAL: ZG3Mu/Central/convLep/eta in Skim_TriLep_DYGTo2LG_MLL50_PTG600toInf.root
2025-11-07 13:13:26,387 - INFO - [2023BPix] MISSING_CENTRAL: ZG3Mu/Central/convLep/eta in Skim_TriLep_TTG_PTG10to100.root
2025-11-07 13:13:26,387 - INFO - [2023BPix] MISSING_CENTRAL: ZG3Mu/Central/convLep/eta in Skim_TriLep_TTG_PTG100to200.root
2025-11-07 13:13:26,388 - INFO - [2023BPix] MISSING_CENTRAL: ZG3Mu/Central/convLep/eta in Skim_TriLep_TTG_PTG200toInf.root
2025-11-07 13:13:26,388 - INFO - [2023BPix] MISSING_CENTRAL: ZG3Mu/Central/convLep/eta in Skim_TriLep_TTWToLNu.root
2025-11-07 13:13:26,393 - INFO - [2023BPix] MISSING_CENTRAL: ZG3Mu/Central/convLep/eta in Skim_TriLep_tHq.root
2025-11-07 14:10:54,301 - INFO - [2023BPix] MISSING_CENTRAL: ZG3Mu/Central/convLep/eta in Skim_TriLep_DYJets10to50.root
2025-11-07 14:10:54,316 - INFO - [2023BPix] MISSING_CENTRAL: ZG3Mu/Central/convLep/eta in Skim_TriLep_DYGTo2LG_MLL50_PTG200to400.root
2025-11-07 14:10:54,316 - INFO - [2023BPix] MISSING_CENTRAL: ZG3Mu/Central/convLep/eta in Skim_TriLep_DYGTo2LG_MLL50_PTG400to600.root
2025-11-07 14:10:54,316 - INFO - [2023BPix] MISSING_CENTRAL: ZG3Mu/Central/convLep/eta in Skim_TriLep_DYGTo2LG_MLL50_PTG600toInf.root
2025-11-07 14:10:54,317 - INFO - [2023BPix] MISSING_CENTRAL: ZG3Mu/Central/convLep/eta in Skim_TriLep_TTG_PTG10to100.root
2025-11-07 14:10:54,317 - INFO - [2023BPix] MISSING_CENTRAL: ZG3Mu/Central/convLep/eta in Skim_TriLep_TTG_PTG100to200.root
2025-11-07 14:10:54,317 - INFO - [2023BPix] MISSING_CENTRAL: ZG3Mu/Central/convLep/eta in Skim_TriLep_TTG_PTG200toInf.root
2025-11-07 14:10:54,317 - INFO - [2023BPix] MISSING_CENTRAL: ZG3Mu/Central/convLep/eta in Skim_TriLep_TTWToLNu.root
2025-11-07 14:10:54,334 - INFO - [2023BPix] MISSING_CENTRAL: ZG3Mu/Central/convLep/eta in Skim_TriLep_tHq.root
2025-11-07 14:10:59,240 - INFO - [2023BPix] MISSING_CENTRAL: ZG3Mu/Central/convLep/eta in Skim_TriLep_DYJets10to50.root
2025-11-07 14:10:59,242 - INFO - [2023BPix] MISSING_CENTRAL: ZG3Mu/Central/convLep/eta in Skim_TriLep_DYGTo2LG_MLL50_PTG200to400.root
2025-11-07 14:10:59,242 - INFO - [2023BPix] MISSING_CENTRAL: ZG3Mu/Central/convLep/eta in Skim_TriLep_DYGTo2LG_MLL50_PTG400to600.root
2025-11-07 14:10:59,243 - INFO - [2023BPix] MISSING_CENTRAL: ZG3Mu/Central/convLep/eta in Skim_TriLep_DYGTo2LG_MLL50_PTG600toInf.root
2025-11-07 14:10:59,243 - INFO - [2023BPix] MISSING_CENTRAL: ZG3Mu/Central/convLep/eta in Skim_TriLep_TTG_PTG10to100.root
2025-11-07 14:10:59,243 - INFO - [2023BPix] MISSING_CENTRAL: ZG3Mu/Central/convLep/eta in Skim_TriLep_TTG_PTG100to200.root
2025-11-07 14:10:59,243 - INFO - [2023BPix] MISSING_CENTRAL: ZG3Mu/Central/convLep/eta in Skim_TriLep_TTG_PTG200toInf.root
2025-11-07 14:10:59,244 - INFO - [2023BPix] MISSING_CENTRAL: ZG3Mu/Central/convLep/eta in Skim_TriLep_TTWToLNu.root
2025-11-07 14:10:59,248 - INFO - [2023BPix] MISSING_CENTRAL: ZG3Mu/Central/convLep/eta in Skim_TriLep_tHq.root
2025-11-10 12:27:08,612 - INFO - [2023BPix] MISSING_CENTRAL: ZG3Mu/Central/convLep/eta in Skim_TriLep_DYJets10to50.root
2025-11-10 12:27:08,627 - INFO - [2023BPix] MISSING_CENTRAL: ZG3Mu/Central/convLep/eta in Skim_TriLep_DYGTo2LG_MLL50_PTG200to400.root
2025-11-10 12:27:08,627 - INFO - [2023BPix] MISSING_CENTRAL: ZG3Mu/Central/convLep/eta in Skim_TriLep_DYGTo2LG_MLL50_PTG400to600.root
2025-11-10 12:27:08,628 - INFO - [2023BPix] MISSING_CENTRAL: ZG3Mu/Central/convLep/eta in Skim_TriLep_DYGTo2LG_MLL50_PTG600toInf.root
2025-11-10 12:27:08,628 - INFO - [2023BPix] MISSING_CENTRAL: ZG3Mu/Central/convLep/eta in Skim_TriLep_TTG_PTG10to100.root
2025-11-10 12:27:08,628 - INFO - [2023BPix] MISSING_CENTRAL: ZG3Mu/Central/convLep/eta in Skim_TriLep_TTG_PTG100to200.root
2025-11-10 12:27:08,629 - INFO - [2023BPix] MISSING_CENTRAL: ZG3Mu/Central/convLep/eta in Skim_TriLep_TTG_PTG200toInf.root
2025-11-10 12:27:08,629 - INFO - [2023BPix] MISSING_CENTRAL: ZG3Mu/Central/convLep/eta in Skim_TriLep_TTWToLNu.root
2025-11-10 12:27:08,645 - INFO - [2023BPix] MISSING_CENTRAL: ZG3Mu/Central/convLep/eta in Skim_TriLep_tHq.root
2025-11-10 12:27:13,644 - INFO - [2023BPix] MISSING_CENTRAL: ZG3Mu/Central/convLep/eta in Skim_TriLep_DYJets10to50.root
2025-11-10 12:27:13,646 - INFO - [2023BPix] MISSING_CENTRAL: ZG3Mu/Central/convLep/eta in Skim_TriLep_DYGTo2LG_MLL50_PTG200to400.root
2025-11-10 12:27:13,646 - INFO - [2023BPix] MISSING_CENTRAL: ZG3Mu/Central/convLep/eta in Skim_TriLep_DYGTo2LG_MLL50_PTG400to600.root
2025-11-10 12:27:13,647 - INFO - [2023BPix] MISSING_CENTRAL: ZG3Mu/Central/convLep/eta in Skim_TriLep_DYGTo2LG_MLL50_PTG600toInf.root
2025-11-10 12:27:13,647 - INFO - [2023BPix] MISSING_CENTRAL: ZG3Mu/Central/convLep/eta in Skim_TriLep_TTG_PTG10to100.root
2025-11-10 12:27:13,647 - INFO - [2023BPix] MISSING_CENTRAL: ZG3Mu/Central/convLep/eta in Skim_TriLep_TTG_PTG100to200.root
2025-11-10 12:27:13,647 - INFO - [2023BPix] MISSING_CENTRAL: ZG3Mu/Central/convLep/eta in Skim_TriLep_TTG_PTG200toInf.root
2025-11-10 12:27:13,648 - INFO - [2023BPix] MISSING_CENTRAL: ZG3Mu/Central/convLep/eta in Skim_TriLep_TTWToLNu.root
2025-11-10 12:27:13,652 - INFO - [2023BPix] MISSING_CENTRAL: ZG3Mu/Central/convLep/eta in Skim_TriLep_tHq.root
2025-11-13 11:17:29,218 - INFO - [2023BPix] MISSING_CENTRAL: ZG3Mu/Central/convLep/eta in Skim_TriLep_DYJets10to50.root
2025-11-13 11:17:29,499 - INFO - [2023BPix] MISSING_CENTRAL: ZG3Mu/Central/convLep/eta in Skim_TriLep_DYGTo2LG_MLL50_PTG200to400.root
2025-11-13 11:17:29,563 - INFO - [2023BPix] MISSING_CENTRAL: ZG3Mu/Central/convLep/eta in Skim_TriLep_DYGTo2LG_MLL50_PTG400to600.root
2025-11-13 11:17:29,591 - INFO - [2023BPix] MISSING_CENTRAL: ZG3Mu/Central/convLep/eta in Skim_TriLep_DYGTo2LG_MLL50_PTG600toInf.root
2025-11-13 11:17:29,601 - INFO - [2023BPix] MISSING_CENTRAL: ZG3Mu/Central/convLep/eta in Skim_TriLep_TTG_PTG10to100.root
2025-11-13 11:17:29,645 - INFO - [2023BPix] MISSING_CENTRAL: ZG3Mu/Central/convLep/eta in Skim_TriLep_TTG_PTG100to200.root
2025-11-13 11:17:29,653 - INFO - [2023BPix] MISSING_CENTRAL: ZG3Mu/Central/convLep/eta in Skim_TriLep_TTG_PTG200toInf.root
2025-11-13 11:17:29,720 - INFO - [2023BPix] MISSING_CENTRAL: ZG3Mu/Central/convLep/eta in Skim_TriLep_TTWToLNu.root
2025-11-13 11:17:30,895 - INFO - [2023BPix] MISSING_CENTRAL: ZG3Mu/Central/convLep/eta in Skim_TriLep_tHq.root
2025-11-13 11:17:36,858 - INFO - [2023BPix] MISSING_CENTRAL: ZG3Mu/Central/convLep/eta in Skim_TriLep_DYJets10to50.root
2025-11-13 11:17:36,862 - INFO - [2023BPix] MISSING_CENTRAL: ZG3Mu/Central/convLep/eta in Skim_TriLep_DYGTo2LG_MLL50_PTG200to400.root
2025-11-13 11:17:36,863 - INFO - [2023BPix] MISSING_CENTRAL: ZG3Mu/Central/convLep/eta in Skim_TriLep_DYGTo2LG_MLL50_PTG400to600.root
2025-11-13 11:17:36,863 - INFO - [2023BPix] MISSING_CENTRAL: ZG3Mu/Central/convLep/eta in Skim_TriLep_DYGTo2LG_MLL50_PTG600toInf.root
2025-11-13 11:17:36,864 - INFO - [2023BPix] MISSING_CENTRAL: ZG3Mu/Central/convLep/eta in Skim_TriLep_TTG_PTG10to100.root
2025-11-13 11:17:36,864 - INFO - [2023BPix] MISSING_CENTRAL: ZG3Mu/Central/convLep/eta in Skim_TriLep_TTG_PTG100to200.root
2025-11-13 11:17:36,865 - INFO - [2023BPix] MISSING_CENTRAL: ZG3Mu/Central/convLep/eta in Skim_TriLep_TTG_PTG200toInf.root
2025-11-13 11:17:36,865 - INFO - [2023BPix] MISSING_CENTRAL: ZG3Mu/Central/convLep/eta in Skim_TriLep_TTWToLNu.root
2025-11-13 11:17:36,873 - INFO - [2023BPix] MISSING_CENTRAL: ZG3Mu/Central/convLep/eta in Skim_TriLep_tHq.root
2025-11-19 00:19:57,271 - INFO - [2023BPix] MISSING_CENTRAL: ZG3Mu/Central/convLep/eta in Skim_TriLep_DYJets10to50.root
2025-11-19 00:19:57,297 - INFO - [2023BPix] MISSING_CENTRAL: ZG3Mu/Central/convLep/eta in Skim_TriLep_DYGTo2LG_MLL50_PTG200to400.root
2025-11-19 00:19:57,297 - INFO - [2023BPix] MISSING_CENTRAL: ZG3Mu/Central/convLep/eta in Skim_TriLep_DYGTo2LG_MLL50_PTG400to600.root
2025-11-19 00:19:57,298 - INFO - [2023BPix] MISSING_CENTRAL: ZG3Mu/Central/convLep/eta in Skim_TriLep_DYGTo2LG_MLL50_PTG600toInf.root
2025-11-19 00:19:57,299 - INFO - [2023BPix] MISSING_CENTRAL: ZG3Mu/Central/convLep/eta in Skim_TriLep_TTG_PTG10to100.root
2025-11-19 00:19:57,299 - INFO - [2023BPix] MISSING_CENTRAL: ZG3Mu/Central/convLep/eta in Skim_TriLep_TTG_PTG100to200.root
2025-11-19 00:19:57,300 - INFO - [2023BPix] MISSING_CENTRAL: ZG3Mu/Central/convLep/eta in Skim_TriLep_TTG_PTG200toInf.root
2025-11-19 00:19:57,300 - INFO - [2023BPix] MISSING_CENTRAL: ZG3Mu/Central/convLep/eta in Skim_TriLep_TTWToLNu.root
2025-11-19 00:19:57,314 - INFO - [2023BPix] MISSING_FILE: /data9/Users/choij/Sync/workspace/ChargedHiggsAnalysisV3/SKNanoOutput/CRPromptSelector/Run3Mu_RunSyst/2023BPix/Skim_TriLep_WZTo3LNu_powheg.root
2025-11-19 00:19:57,324 - INFO - [2023BPix] MISSING_CENTRAL: ZG3Mu/Central/convLep/eta in Skim_TriLep_tHq.root
2025-11-19 00:20:02,063 - INFO - [2023BPix] MISSING_CENTRAL: ZG3Mu/Central/convLep/eta in Skim_TriLep_DYJets10to50.root
2025-11-19 00:20:02,067 - INFO - [2023BPix] MISSING_CENTRAL: ZG3Mu/Central/convLep/eta in Skim_TriLep_DYGTo2LG_MLL50_PTG200to400.root
2025-11-19 00:20:02,068 - INFO - [2023BPix] MISSING_CENTRAL: ZG3Mu/Central/convLep/eta in Skim_TriLep_DYGTo2LG_MLL50_PTG400to600.root
2025-11-19 00:20:02,069 - INFO - [2023BPix] MISSING_CENTRAL: ZG3Mu/Central/convLep/eta in Skim_TriLep_DYGTo2LG_MLL50_PTG600toInf.root
2025-11-19 00:20:02,069 - INFO - [2023BPix] MISSING_CENTRAL: ZG3Mu/Central/convLep/eta in Skim_TriLep_TTG_PTG10to100.root
2025-11-19 00:20:02,070 - INFO - [2023BPix] MISSING_CENTRAL: ZG3Mu/Central/convLep/eta in Skim_TriLep_TTG_PTG100to200.root
2025-11-19 00:20:02,070 - INFO - [2023BPix] MISSING_CENTRAL: ZG3Mu/Central/convLep/eta in Skim_TriLep_TTG_PTG200toInf.root
2025-11-19 00:20:02,071 - INFO - [2023BPix] MISSING_CENTRAL: ZG3Mu/Central/convLep/eta in Skim_TriLep_TTWToLNu.root
2025-11-19 00:20:02,073 - INFO - [2023BPix] MISSING_FILE: /data9/Users/choij/Sync/workspace/ChargedHiggsAnalysisV3/SKNanoOutput/CRPromptSelector/Run3Mu_RunSyst/2023BPix/Skim_TriLep_WZTo3LNu_powheg.root
2025-11-19 00:20:02,078 - INFO - [2023BPix] MISSING_CENTRAL: ZG3Mu/Central/convLep/eta in Skim_TriLep_tHq.root
2025-11-19 15:45:15,959 - INFO - [2023BPix] MISSING_CENTRAL: ZG3Mu/Central/convLep/eta in Skim_TriLep_DYJets10to50.root
2025-11-19 15:45:15,973 - INFO - [2023BPix] MISSING_CENTRAL: ZG3Mu/Central/convLep/eta in Skim_TriLep_DYGTo2LG_MLL50_PTG200to400.root
2025-11-19 15:45:15,973 - INFO - [2023BPix] MISSING_CENTRAL: ZG3Mu/Central/convLep/eta in Skim_TriLep_DYGTo2LG_MLL50_PTG400to600.root
2025-11-19 15:45:15,974 - INFO - [2023BPix] MISSING_CENTRAL: ZG3Mu/Central/convLep/eta in Skim_TriLep_DYGTo2LG_MLL50_PTG600toInf.root
2025-11-19 15:45:15,974 - INFO - [2023BPix] MISSING_CENTRAL: ZG3Mu/Central/convLep/eta in Skim_TriLep_TTG_PTG10to100.root
2025-11-19 15:45:15,974 - INFO - [2023BPix] MISSING_CENTRAL: ZG3Mu/Central/convLep/eta in Skim_TriLep_TTG_PTG100to200.root
2025-11-19 15:45:15,974 - INFO - [2023BPix] MISSING_CENTRAL: ZG3Mu/Central/convLep/eta in Skim_TriLep_TTG_PTG200toInf.root
2025-11-19 15:45:15,975 - INFO - [2023BPix] MISSING_CENTRAL: ZG3Mu/Central/convLep/eta in Skim_TriLep_TTWToLNu.root
2025-11-19 15:45:15,992 - INFO - [2023BPix] MISSING_CENTRAL: ZG3Mu/Central/convLep/eta in Skim_TriLep_tHq.root
2025-11-19 15:45:20,944 - INFO - [2023BPix] MISSING_CENTRAL: ZG3Mu/Central/convLep/eta in Skim_TriLep_DYJets10to50.root
2025-11-19 15:45:20,946 - INFO - [2023BPix] MISSING_CENTRAL: ZG3Mu/Central/convLep/eta in Skim_TriLep_DYGTo2LG_MLL50_PTG200to400.root
2025-11-19 15:45:20,946 - INFO - [2023BPix] MISSING_CENTRAL: ZG3Mu/Central/convLep/eta in Skim_TriLep_DYGTo2LG_MLL50_PTG400to600.root
2025-11-19 15:45:20,947 - INFO - [2023BPix] MISSING_CENTRAL: ZG3Mu/Central/convLep/eta in Skim_TriLep_DYGTo2LG_MLL50_PTG600toInf.root
2025-11-19 15:45:20,947 - INFO - [2023BPix] MISSING_CENTRAL: ZG3Mu/Central/convLep/eta in Skim_TriLep_TTG_PTG10to100.root
2025-11-19 15:45:20,947 - INFO - [2023BPix] MISSING_CENTRAL: ZG3Mu/Central/convLep/eta in Skim_TriLep_TTG_PTG100to200.root
2025-11-19 15:45:20,948 - INFO - [2023BPix] MISSING_CENTRAL: ZG3Mu/Central/convLep/eta in Skim_TriLep_TTG_PTG200toInf.root
2025-11-19 15:45:20,948 - INFO - [2023BPix] MISSING_CENTRAL: ZG3Mu/Central/convLep/eta in Skim_TriLep_TTWToLNu.root
2025-11-19 15:45:20,953 - INFO - [2023BPix] MISSING_CENTRAL: ZG3Mu/Central/convLep/eta in Skim_TriLep_tHq.root
2025-11-19 16:29:36,375 - INFO - [2023BPix] MISSING_CENTRAL: ZG3Mu/Central/convLep/eta in Skim_TriLep_DYJets10to50.root
2025-11-19 16:29:36,390 - INFO - [2023BPix] MISSING_CENTRAL: ZG3Mu/Central/convLep/eta in Skim_TriLep_DYGTo2LG_MLL50_PTG200to400.root
2025-11-19 16:29:36,391 - INFO - [2023BPix] MISSING_CENTRAL: ZG3Mu/Central/convLep/eta in Skim_TriLep_DYGTo2LG_MLL50_PTG400to600.root
2025-11-19 16:29:36,391 - INFO - [2023BPix] MISSING_CENTRAL: ZG3Mu/Central/convLep/eta in Skim_TriLep_DYGTo2LG_MLL50_PTG600toInf.root
2025-11-19 16:29:36,391 - INFO - [2023BPix] MISSING_CENTRAL: ZG3Mu/Central/convLep/eta in Skim_TriLep_TTG_PTG10to100.root
2025-11-19 16:29:36,391 - INFO - [2023BPix] MISSING_CENTRAL: ZG3Mu/Central/convLep/eta in Skim_TriLep_TTG_PTG100to200.root
2025-11-19 16:29:36,392 - INFO - [2023BPix] MISSING_CENTRAL: ZG3Mu/Central/convLep/eta in Skim_TriLep_TTG_PTG200toInf.root
2025-11-19 16:29:36,392 - INFO - [2023BPix] MISSING_CENTRAL: ZG3Mu/Central/convLep/eta in Skim_TriLep_TTWToLNu.root
2025-11-19 16:29:36,409 - INFO - [2023BPix] MISSING_CENTRAL: ZG3Mu/Central/convLep/eta in Skim_TriLep_tHq.root
2025-11-19 16:29:41,481 - INFO - [2023BPix] MISSING_CENTRAL: ZG3Mu/Central/convLep/eta in Skim_TriLep_DYJets10to50.root
2025-11-19 16:29:41,483 - INFO - [2023BPix] MISSING_CENTRAL: ZG3Mu/Central/convLep/eta in Skim_TriLep_DYGTo2LG_MLL50_PTG200to400.root
2025-11-19 16:29:41,483 - INFO - [2023BPix] MISSING_CENTRAL: ZG3Mu/Central/convLep/eta in Skim_TriLep_DYGTo2LG_MLL50_PTG400to600.root
2025-11-19 16:29:41,483 - INFO - [2023BPix] MISSING_CENTRAL: ZG3Mu/Central/convLep/eta in Skim_TriLep_DYGTo2LG_MLL50_PTG600toInf.root
2025-11-19 16:29:41,484 - INFO - [2023BPix] MISSING_CENTRAL: ZG3Mu/Central/convLep/eta in Skim_TriLep_TTG_PTG10to100.root
2025-11-19 16:29:41,484 - INFO - [2023BPix] MISSING_CENTRAL: ZG3Mu/Central/convLep/eta in Skim_TriLep_TTG_PTG100to200.root
2025-11-19 16:29:41,484 - INFO - [2023BPix] MISSING_CENTRAL: ZG3Mu/Central/convLep/eta in Skim_TriLep_TTG_PTG200toInf.root
2025-11-19 16:29:41,484 - INFO - [2023BPix] MISSING_CENTRAL: ZG3Mu/Central/convLep/eta in Skim_TriLep_TTWToLNu.root
2025-11-19 16:29:41,489 - INFO - [2023BPix] MISSING_CENTRAL: ZG3Mu/Central/convLep/eta in Skim_TriLep_tHq.root
