2025-09-24 16:05:20,832 - INFO - [2023BPix] MISSING_CENTRAL: ZG3Mu/Central/jets/1/phi in Skim_TriLep_DYJets10to50.root
2025-09-24 16:05:20,852 - INFO - [2023BPix] MISSING_CENTRAL: ZG3Mu/Central/jets/1/phi in Skim_TriLep_DYGTo2LG_MLL50_PTG200to400.root
2025-09-24 16:05:20,852 - INFO - [2023BPix] MISSING_CENTRAL: ZG3Mu/Central/jets/1/phi in Skim_TriLep_DYGTo2LG_MLL50_PTG400to600.root
2025-09-24 16:05:20,852 - INFO - [2023BPix] MISSING_CENTRAL: ZG3Mu/Central/jets/1/phi in Skim_TriLep_DYGTo2LG_MLL50_PTG600toInf.root
2025-09-24 16:05:20,852 - INFO - [2023BPix] MISSING_CENTRAL: ZG3Mu/Central/jets/1/phi in Skim_TriLep_TTG_PTG10to100.root
2025-09-24 16:05:20,852 - INFO - [2023BPix] MISSING_CENTRAL: ZG3Mu/Central/jets/1/phi in Skim_TriLep_TTG_PTG100to200.root
2025-09-24 16:05:20,853 - INFO - [2023BPix] MISSING_CENTRAL: ZG3Mu/Central/jets/1/phi in Skim_TriLep_TTG_PTG200toInf.root
2025-09-24 16:05:20,853 - INFO - [2023BPix] MISSING_CENTRAL: ZG3Mu/Central/jets/1/phi in Skim_TriLep_TTWToLNu.root
2025-09-24 16:05:21,002 - INFO - [2023BPix] MISSING_CENTRAL: ZG3Mu/Central/jets/1/phi in Skim_TriLep_tHq.root
2025-09-24 16:05:30,530 - INFO - [2023BPix] MISSING_CENTRAL: ZG3Mu/Central/jets/1/phi in Skim_TriLep_DYJets10to50.root
2025-09-24 16:05:30,532 - INFO - [2023BPix] MISSING_CENTRAL: ZG3Mu/Central/jets/1/phi in Skim_TriLep_DYGTo2LG_MLL50_PTG200to400.root
2025-09-24 16:05:30,532 - INFO - [2023BPix] MISSING_CENTRAL: ZG3Mu/Central/jets/1/phi in Skim_TriLep_DYGTo2LG_MLL50_PTG400to600.root
2025-09-24 16:05:30,559 - INFO - [2023BPix] MISSING_CENTRAL: ZG3Mu/Central/jets/1/phi in Skim_TriLep_DYGTo2LG_MLL50_PTG600toInf.root
2025-09-24 16:05:30,559 - INFO - [2023BPix] MISSING_CENTRAL: ZG3Mu/Central/jets/1/phi in Skim_TriLep_TTG_PTG10to100.root
2025-09-24 16:05:30,559 - INFO - [2023BPix] MISSING_CENTRAL: ZG3Mu/Central/jets/1/phi in Skim_TriLep_TTG_PTG100to200.root
2025-09-24 16:05:30,559 - INFO - [2023BPix] MISSING_CENTRAL: ZG3Mu/Central/jets/1/phi in Skim_TriLep_TTG_PTG200toInf.root
2025-09-24 16:05:30,559 - INFO - [2023BPix] MISSING_CENTRAL: ZG3Mu/Central/jets/1/phi in Skim_TriLep_TTWToLNu.root
2025-09-24 16:05:30,568 - INFO - [2023BPix] MISSING_CENTRAL: ZG3Mu/Central/jets/1/phi in Skim_TriLep_tHq.root
2025-10-02 21:22:24,086 - INFO - [2023BPix] MISSING_CENTRAL: ZG3Mu/Central/jets/1/phi in Skim_TriLep_DYJets10to50.root
2025-10-02 21:22:24,961 - INFO - [2023BPix] MISSING_CENTRAL: ZG3Mu/Central/jets/1/phi in Skim_TriLep_DYGTo2LG_MLL50_PTG200to400.root
2025-10-02 21:22:24,991 - INFO - [2023BPix] MISSING_CENTRAL: ZG3Mu/Central/jets/1/phi in Skim_TriLep_DYGTo2LG_MLL50_PTG400to600.root
2025-10-02 21:22:25,011 - INFO - [2023BPix] MISSING_CENTRAL: ZG3Mu/Central/jets/1/phi in Skim_TriLep_DYGTo2LG_MLL50_PTG600toInf.root
2025-10-02 21:22:25,023 - INFO - [2023BPix] MISSING_CENTRAL: ZG3Mu/Central/jets/1/phi in Skim_TriLep_TTG_PTG10to100.root
2025-10-02 21:22:25,053 - INFO - [2023BPix] MISSING_CENTRAL: ZG3Mu/Central/jets/1/phi in Skim_TriLep_TTG_PTG100to200.root
2025-10-02 21:22:25,056 - INFO - [2023BPix] MISSING_CENTRAL: ZG3Mu/Central/jets/1/phi in Skim_TriLep_TTG_PTG200toInf.root
2025-10-02 21:22:25,078 - INFO - [2023BPix] MISSING_CENTRAL: ZG3Mu/Central/jets/1/phi in Skim_TriLep_TTWToLNu.root
2025-10-02 21:22:25,885 - INFO - [2023BPix] MISSING_CENTRAL: ZG3Mu/Central/jets/1/phi in Skim_TriLep_tHq.root
2025-10-02 21:22:31,238 - INFO - [2023BPix] MISSING_CENTRAL: ZG3Mu/Central/jets/1/phi in Skim_TriLep_DYJets10to50.root
2025-10-02 21:22:31,244 - INFO - [2023BPix] MISSING_CENTRAL: ZG3Mu/Central/jets/1/phi in Skim_TriLep_DYGTo2LG_MLL50_PTG200to400.root
2025-10-02 21:22:31,245 - INFO - [2023BPix] MISSING_CENTRAL: ZG3Mu/Central/jets/1/phi in Skim_TriLep_DYGTo2LG_MLL50_PTG400to600.root
2025-10-02 21:22:31,246 - INFO - [2023BPix] MISSING_CENTRAL: ZG3Mu/Central/jets/1/phi in Skim_TriLep_DYGTo2LG_MLL50_PTG600toInf.root
2025-10-02 21:22:31,247 - INFO - [2023BPix] MISSING_CENTRAL: ZG3Mu/Central/jets/1/phi in Skim_TriLep_TTG_PTG10to100.root
2025-10-02 21:22:31,247 - INFO - [2023BPix] MISSING_CENTRAL: ZG3Mu/Central/jets/1/phi in Skim_TriLep_TTG_PTG100to200.root
2025-10-02 21:22:31,248 - INFO - [2023BPix] MISSING_CENTRAL: ZG3Mu/Central/jets/1/phi in Skim_TriLep_TTG_PTG200toInf.root
2025-10-02 21:22:31,249 - INFO - [2023BPix] MISSING_CENTRAL: ZG3Mu/Central/jets/1/phi in Skim_TriLep_TTWToLNu.root
2025-10-02 21:22:31,264 - INFO - [2023BPix] MISSING_CENTRAL: ZG3Mu/Central/jets/1/phi in Skim_TriLep_tHq.root
2025-10-03 00:36:06,367 - INFO - [2023BPix] MISSING_CENTRAL: ZG3Mu/Central/jets/1/phi in Skim_TriLep_DYJets10to50.root
2025-10-03 00:36:06,428 - INFO - [2023BPix] MISSING_CENTRAL: ZG3Mu/Central/jets/1/phi in Skim_TriLep_DYGTo2LG_MLL50_PTG200to400.root
2025-10-03 00:36:06,428 - INFO - [2023BPix] MISSING_CENTRAL: ZG3Mu/Central/jets/1/phi in Skim_TriLep_DYGTo2LG_MLL50_PTG400to600.root
2025-10-03 00:36:06,429 - INFO - [2023BPix] MISSING_CENTRAL: ZG3Mu/Central/jets/1/phi in Skim_TriLep_DYGTo2LG_MLL50_PTG600toInf.root
2025-10-03 00:36:06,430 - INFO - [2023BPix] MISSING_CENTRAL: ZG3Mu/Central/jets/1/phi in Skim_TriLep_TTG_PTG10to100.root
2025-10-03 00:36:06,430 - INFO - [2023BPix] MISSING_CENTRAL: ZG3Mu/Central/jets/1/phi in Skim_TriLep_TTG_PTG100to200.root
2025-10-03 00:36:06,431 - INFO - [2023BPix] MISSING_CENTRAL: ZG3Mu/Central/jets/1/phi in Skim_TriLep_TTG_PTG200toInf.root
2025-10-03 00:36:06,431 - INFO - [2023BPix] MISSING_CENTRAL: ZG3Mu/Central/jets/1/phi in Skim_TriLep_TTWToLNu.root
2025-10-03 00:36:06,515 - INFO - [2023BPix] MISSING_CENTRAL: ZG3Mu/Central/jets/1/phi in Skim_TriLep_tHq.root
2025-10-03 00:36:22,159 - INFO - [2023BPix] MISSING_CENTRAL: ZG3Mu/Central/jets/1/phi in Skim_TriLep_DYJets10to50.root
2025-10-03 00:36:22,165 - INFO - [2023BPix] MISSING_CENTRAL: ZG3Mu/Central/jets/1/phi in Skim_TriLep_DYGTo2LG_MLL50_PTG200to400.root
2025-10-03 00:36:22,167 - INFO - [2023BPix] MISSING_CENTRAL: ZG3Mu/Central/jets/1/phi in Skim_TriLep_DYGTo2LG_MLL50_PTG400to600.root
2025-10-03 00:36:22,168 - INFO - [2023BPix] MISSING_CENTRAL: ZG3Mu/Central/jets/1/phi in Skim_TriLep_DYGTo2LG_MLL50_PTG600toInf.root
2025-10-03 00:36:22,169 - INFO - [2023BPix] MISSING_CENTRAL: ZG3Mu/Central/jets/1/phi in Skim_TriLep_TTG_PTG10to100.root
2025-10-03 00:36:22,170 - INFO - [2023BPix] MISSING_CENTRAL: ZG3Mu/Central/jets/1/phi in Skim_TriLep_TTG_PTG100to200.root
2025-10-03 00:36:22,171 - INFO - [2023BPix] MISSING_CENTRAL: ZG3Mu/Central/jets/1/phi in Skim_TriLep_TTG_PTG200toInf.root
2025-10-03 00:36:22,173 - INFO - [2023BPix] MISSING_CENTRAL: ZG3Mu/Central/jets/1/phi in Skim_TriLep_TTWToLNu.root
2025-10-03 00:36:22,184 - INFO - [2023BPix] MISSING_CENTRAL: ZG3Mu/Central/jets/1/phi in Skim_TriLep_tHq.root
