2025-09-24 16:05:18,300 - INFO - [2023BPix] MISSING_CENTRAL: ZG3Mu/Central/muons/1/eta in Skim_TriLep_DYJets10to50.root
2025-09-24 16:05:18,319 - INFO - [2023BPix] MISSING_CENTRAL: ZG3Mu/Central/muons/1/eta in Skim_TriLep_DYGTo2LG_MLL50_PTG200to400.root
2025-09-24 16:05:18,319 - INFO - [2023BPix] MISSING_CENTRAL: ZG3Mu/Central/muons/1/eta in Skim_TriLep_DYGTo2LG_MLL50_PTG400to600.root
2025-09-24 16:05:18,319 - INFO - [2023BPix] MISSING_CENTRAL: ZG3Mu/Central/muons/1/eta in Skim_TriLep_DYGTo2LG_MLL50_PTG600toInf.root
2025-09-24 16:05:18,320 - INFO - [2023BPix] MISSING_CENTRAL: ZG3Mu/Central/muons/1/eta in Skim_TriLep_TTG_PTG10to100.root
2025-09-24 16:05:18,320 - INFO - [2023BPix] MISSING_CENTRAL: ZG3Mu/Central/muons/1/eta in Skim_TriLep_TTG_PTG100to200.root
2025-09-24 16:05:18,320 - INFO - [2023BPix] MISSING_CENTRAL: ZG3Mu/Central/muons/1/eta in Skim_TriLep_TTG_PTG200toInf.root
2025-09-24 16:05:18,320 - INFO - [2023BPix] MISSING_CENTRAL: ZG3Mu/Central/muons/1/eta in Skim_TriLep_TTWToLNu.root
2025-09-24 16:05:18,346 - INFO - [2023BPix] MISSING_CENTRAL: ZG3Mu/Central/muons/1/eta in Skim_TriLep_tHq.root
2025-09-24 16:05:28,425 - INFO - [2023BPix] MISSING_CENTRAL: ZG3Mu/Central/muons/1/eta in Skim_TriLep_DYJets10to50.root
2025-09-24 16:05:28,427 - INFO - [2023BPix] MISSING_CENTRAL: ZG3Mu/Central/muons/1/eta in Skim_TriLep_DYGTo2LG_MLL50_PTG200to400.root
2025-09-24 16:05:28,428 - INFO - [2023BPix] MISSING_CENTRAL: ZG3Mu/Central/muons/1/eta in Skim_TriLep_DYGTo2LG_MLL50_PTG400to600.root
2025-09-24 16:05:28,428 - INFO - [2023BPix] MISSING_CENTRAL: ZG3Mu/Central/muons/1/eta in Skim_TriLep_DYGTo2LG_MLL50_PTG600toInf.root
2025-09-24 16:05:28,428 - INFO - [2023BPix] MISSING_CENTRAL: ZG3Mu/Central/muons/1/eta in Skim_TriLep_TTG_PTG10to100.root
2025-09-24 16:05:28,428 - INFO - [2023BPix] MISSING_CENTRAL: ZG3Mu/Central/muons/1/eta in Skim_TriLep_TTG_PTG100to200.root
2025-09-24 16:05:28,428 - INFO - [2023BPix] MISSING_CENTRAL: ZG3Mu/Central/muons/1/eta in Skim_TriLep_TTG_PTG200toInf.root
2025-09-24 16:05:28,428 - INFO - [2023BPix] MISSING_CENTRAL: ZG3Mu/Central/muons/1/eta in Skim_TriLep_TTWToLNu.root
2025-09-24 16:05:28,432 - INFO - [2023BPix] MISSING_CENTRAL: ZG3Mu/Central/muons/1/eta in Skim_TriLep_tHq.root
2025-10-02 21:22:24,087 - INFO - [2023BPix] MISSING_CENTRAL: ZG3Mu/Central/muons/1/eta in Skim_TriLep_DYJets10to50.root
2025-10-02 21:22:24,961 - INFO - [2023BPix] MISSING_CENTRAL: ZG3Mu/Central/muons/1/eta in Skim_TriLep_DYGTo2LG_MLL50_PTG200to400.root
2025-10-02 21:22:24,991 - INFO - [2023BPix] MISSING_CENTRAL: ZG3Mu/Central/muons/1/eta in Skim_TriLep_DYGTo2LG_MLL50_PTG400to600.root
2025-10-02 21:22:25,011 - INFO - [2023BPix] MISSING_CENTRAL: ZG3Mu/Central/muons/1/eta in Skim_TriLep_DYGTo2LG_MLL50_PTG600toInf.root
2025-10-02 21:22:25,023 - INFO - [2023BPix] MISSING_CENTRAL: ZG3Mu/Central/muons/1/eta in Skim_TriLep_TTG_PTG10to100.root
2025-10-02 21:22:25,053 - INFO - [2023BPix] MISSING_CENTRAL: ZG3Mu/Central/muons/1/eta in Skim_TriLep_TTG_PTG100to200.root
2025-10-02 21:22:25,055 - INFO - [2023BPix] MISSING_CENTRAL: ZG3Mu/Central/muons/1/eta in Skim_TriLep_TTG_PTG200toInf.root
2025-10-02 21:22:25,078 - INFO - [2023BPix] MISSING_CENTRAL: ZG3Mu/Central/muons/1/eta in Skim_TriLep_TTWToLNu.root
2025-10-02 21:22:25,886 - INFO - [2023BPix] MISSING_CENTRAL: ZG3Mu/Central/muons/1/eta in Skim_TriLep_tHq.root
2025-10-02 21:22:30,016 - INFO - [2023BPix] MISSING_CENTRAL: ZG3Mu/Central/muons/1/eta in Skim_TriLep_DYJets10to50.root
2025-10-02 21:22:30,024 - INFO - [2023BPix] MISSING_CENTRAL: ZG3Mu/Central/muons/1/eta in Skim_TriLep_DYGTo2LG_MLL50_PTG200to400.root
2025-10-02 21:22:30,025 - INFO - [2023BPix] MISSING_CENTRAL: ZG3Mu/Central/muons/1/eta in Skim_TriLep_DYGTo2LG_MLL50_PTG400to600.root
2025-10-02 21:22:30,026 - INFO - [2023BPix] MISSING_CENTRAL: ZG3Mu/Central/muons/1/eta in Skim_TriLep_DYGTo2LG_MLL50_PTG600toInf.root
2025-10-02 21:22:30,027 - INFO - [2023BPix] MISSING_CENTRAL: ZG3Mu/Central/muons/1/eta in Skim_TriLep_TTG_PTG10to100.root
2025-10-02 21:22:30,029 - INFO - [2023BPix] MISSING_CENTRAL: ZG3Mu/Central/muons/1/eta in Skim_TriLep_TTG_PTG100to200.root
2025-10-02 21:22:30,030 - INFO - [2023BPix] MISSING_CENTRAL: ZG3Mu/Central/muons/1/eta in Skim_TriLep_TTG_PTG200toInf.root
2025-10-02 21:22:30,031 - INFO - [2023BPix] MISSING_CENTRAL: ZG3Mu/Central/muons/1/eta in Skim_TriLep_TTWToLNu.root
2025-10-02 21:22:30,046 - INFO - [2023BPix] MISSING_CENTRAL: ZG3Mu/Central/muons/1/eta in Skim_TriLep_tHq.root
2025-10-03 00:36:02,040 - INFO - [2023BPix] MISSING_CENTRAL: ZG3Mu/Central/muons/1/eta in Skim_TriLep_DYJets10to50.root
2025-10-03 00:36:02,097 - INFO - [2023BPix] MISSING_CENTRAL: ZG3Mu/Central/muons/1/eta in Skim_TriLep_DYGTo2LG_MLL50_PTG200to400.root
2025-10-03 00:36:02,098 - INFO - [2023BPix] MISSING_CENTRAL: ZG3Mu/Central/muons/1/eta in Skim_TriLep_DYGTo2LG_MLL50_PTG400to600.root
2025-10-03 00:36:02,099 - INFO - [2023BPix] MISSING_CENTRAL: ZG3Mu/Central/muons/1/eta in Skim_TriLep_DYGTo2LG_MLL50_PTG600toInf.root
2025-10-03 00:36:02,100 - INFO - [2023BPix] MISSING_CENTRAL: ZG3Mu/Central/muons/1/eta in Skim_TriLep_TTG_PTG10to100.root
2025-10-03 00:36:02,101 - INFO - [2023BPix] MISSING_CENTRAL: ZG3Mu/Central/muons/1/eta in Skim_TriLep_TTG_PTG100to200.root
2025-10-03 00:36:02,101 - INFO - [2023BPix] MISSING_CENTRAL: ZG3Mu/Central/muons/1/eta in Skim_TriLep_TTG_PTG200toInf.root
2025-10-03 00:36:02,102 - INFO - [2023BPix] MISSING_CENTRAL: ZG3Mu/Central/muons/1/eta in Skim_TriLep_TTWToLNu.root
2025-10-03 00:36:02,171 - INFO - [2023BPix] MISSING_CENTRAL: ZG3Mu/Central/muons/1/eta in Skim_TriLep_tHq.root
2025-10-03 00:36:18,135 - INFO - [2023BPix] MISSING_CENTRAL: ZG3Mu/Central/muons/1/eta in Skim_TriLep_DYJets10to50.root
2025-10-03 00:36:18,140 - INFO - [2023BPix] MISSING_CENTRAL: ZG3Mu/Central/muons/1/eta in Skim_TriLep_DYGTo2LG_MLL50_PTG200to400.root
2025-10-03 00:36:18,143 - INFO - [2023BPix] MISSING_CENTRAL: ZG3Mu/Central/muons/1/eta in Skim_TriLep_DYGTo2LG_MLL50_PTG400to600.root
2025-10-03 00:36:18,143 - INFO - [2023BPix] MISSING_CENTRAL: ZG3Mu/Central/muons/1/eta in Skim_TriLep_DYGTo2LG_MLL50_PTG600toInf.root
2025-10-03 00:36:18,144 - INFO - [2023BPix] MISSING_CENTRAL: ZG3Mu/Central/muons/1/eta in Skim_TriLep_TTG_PTG10to100.root
2025-10-03 00:36:18,145 - INFO - [2023BPix] MISSING_CENTRAL: ZG3Mu/Central/muons/1/eta in Skim_TriLep_TTG_PTG100to200.root
2025-10-03 00:36:18,146 - INFO - [2023BPix] MISSING_CENTRAL: ZG3Mu/Central/muons/1/eta in Skim_TriLep_TTG_PTG200toInf.root
2025-10-03 00:36:18,146 - INFO - [2023BPix] MISSING_CENTRAL: ZG3Mu/Central/muons/1/eta in Skim_TriLep_TTWToLNu.root
2025-10-03 00:36:18,161 - INFO - [2023BPix] MISSING_CENTRAL: ZG3Mu/Central/muons/1/eta in Skim_TriLep_tHq.root
2025-11-07 13:13:19,012 - INFO - [2023BPix] MISSING_CENTRAL: ZG3Mu/Central/muons/1/eta in Skim_TriLep_DYJets10to50.root
2025-11-07 13:13:19,105 - INFO - [2023BPix] MISSING_CENTRAL: ZG3Mu/Central/muons/1/eta in Skim_TriLep_DYGTo2LG_MLL50_PTG200to400.root
2025-11-07 13:13:19,107 - INFO - [2023BPix] MISSING_CENTRAL: ZG3Mu/Central/muons/1/eta in Skim_TriLep_DYGTo2LG_MLL50_PTG400to600.root
2025-11-07 13:13:19,108 - INFO - [2023BPix] MISSING_CENTRAL: ZG3Mu/Central/muons/1/eta in Skim_TriLep_DYGTo2LG_MLL50_PTG600toInf.root
2025-11-07 13:13:19,108 - INFO - [2023BPix] MISSING_CENTRAL: ZG3Mu/Central/muons/1/eta in Skim_TriLep_TTG_PTG10to100.root
2025-11-07 13:13:19,110 - INFO - [2023BPix] MISSING_CENTRAL: ZG3Mu/Central/muons/1/eta in Skim_TriLep_TTG_PTG100to200.root
2025-11-07 13:13:19,110 - INFO - [2023BPix] MISSING_CENTRAL: ZG3Mu/Central/muons/1/eta in Skim_TriLep_TTG_PTG200toInf.root
2025-11-07 13:13:19,111 - INFO - [2023BPix] MISSING_CENTRAL: ZG3Mu/Central/muons/1/eta in Skim_TriLep_TTWToLNu.root
2025-11-07 13:13:19,196 - INFO - [2023BPix] MISSING_CENTRAL: ZG3Mu/Central/muons/1/eta in Skim_TriLep_tHq.root
2025-11-07 13:13:24,205 - INFO - [2023BPix] MISSING_CENTRAL: ZG3Mu/Central/muons/1/eta in Skim_TriLep_DYJets10to50.root
2025-11-07 13:13:24,208 - INFO - [2023BPix] MISSING_CENTRAL: ZG3Mu/Central/muons/1/eta in Skim_TriLep_DYGTo2LG_MLL50_PTG200to400.root
2025-11-07 13:13:24,208 - INFO - [2023BPix] MISSING_CENTRAL: ZG3Mu/Central/muons/1/eta in Skim_TriLep_DYGTo2LG_MLL50_PTG400to600.root
2025-11-07 13:13:24,209 - INFO - [2023BPix] MISSING_CENTRAL: ZG3Mu/Central/muons/1/eta in Skim_TriLep_DYGTo2LG_MLL50_PTG600toInf.root
2025-11-07 13:13:24,209 - INFO - [2023BPix] MISSING_CENTRAL: ZG3Mu/Central/muons/1/eta in Skim_TriLep_TTG_PTG10to100.root
2025-11-07 13:13:24,210 - INFO - [2023BPix] MISSING_CENTRAL: ZG3Mu/Central/muons/1/eta in Skim_TriLep_TTG_PTG100to200.root
2025-11-07 13:13:24,210 - INFO - [2023BPix] MISSING_CENTRAL: ZG3Mu/Central/muons/1/eta in Skim_TriLep_TTG_PTG200toInf.root
2025-11-07 13:13:24,210 - INFO - [2023BPix] MISSING_CENTRAL: ZG3Mu/Central/muons/1/eta in Skim_TriLep_TTWToLNu.root
2025-11-07 13:13:24,218 - INFO - [2023BPix] MISSING_CENTRAL: ZG3Mu/Central/muons/1/eta in Skim_TriLep_tHq.root
2025-11-07 14:10:52,074 - INFO - [2023BPix] MISSING_CENTRAL: ZG3Mu/Central/muons/1/eta in Skim_TriLep_DYJets10to50.root
2025-11-07 14:10:52,103 - INFO - [2023BPix] MISSING_CENTRAL: ZG3Mu/Central/muons/1/eta in Skim_TriLep_DYGTo2LG_MLL50_PTG200to400.root
2025-11-07 14:10:52,104 - INFO - [2023BPix] MISSING_CENTRAL: ZG3Mu/Central/muons/1/eta in Skim_TriLep_DYGTo2LG_MLL50_PTG400to600.root
2025-11-07 14:10:52,105 - INFO - [2023BPix] MISSING_CENTRAL: ZG3Mu/Central/muons/1/eta in Skim_TriLep_DYGTo2LG_MLL50_PTG600toInf.root
2025-11-07 14:10:52,105 - INFO - [2023BPix] MISSING_CENTRAL: ZG3Mu/Central/muons/1/eta in Skim_TriLep_TTG_PTG10to100.root
2025-11-07 14:10:52,106 - INFO - [2023BPix] MISSING_CENTRAL: ZG3Mu/Central/muons/1/eta in Skim_TriLep_TTG_PTG100to200.root
2025-11-07 14:10:52,106 - INFO - [2023BPix] MISSING_CENTRAL: ZG3Mu/Central/muons/1/eta in Skim_TriLep_TTG_PTG200toInf.root
2025-11-07 14:10:52,107 - INFO - [2023BPix] MISSING_CENTRAL: ZG3Mu/Central/muons/1/eta in Skim_TriLep_TTWToLNu.root
2025-11-07 14:10:52,140 - INFO - [2023BPix] MISSING_CENTRAL: ZG3Mu/Central/muons/1/eta in Skim_TriLep_tHq.root
2025-11-07 14:10:57,097 - INFO - [2023BPix] MISSING_CENTRAL: ZG3Mu/Central/muons/1/eta in Skim_TriLep_DYJets10to50.root
2025-11-07 14:10:57,101 - INFO - [2023BPix] MISSING_CENTRAL: ZG3Mu/Central/muons/1/eta in Skim_TriLep_DYGTo2LG_MLL50_PTG200to400.root
2025-11-07 14:10:57,101 - INFO - [2023BPix] MISSING_CENTRAL: ZG3Mu/Central/muons/1/eta in Skim_TriLep_DYGTo2LG_MLL50_PTG400to600.root
2025-11-07 14:10:57,102 - INFO - [2023BPix] MISSING_CENTRAL: ZG3Mu/Central/muons/1/eta in Skim_TriLep_DYGTo2LG_MLL50_PTG600toInf.root
2025-11-07 14:10:57,102 - INFO - [2023BPix] MISSING_CENTRAL: ZG3Mu/Central/muons/1/eta in Skim_TriLep_TTG_PTG10to100.root
2025-11-07 14:10:57,102 - INFO - [2023BPix] MISSING_CENTRAL: ZG3Mu/Central/muons/1/eta in Skim_TriLep_TTG_PTG100to200.root
2025-11-07 14:10:57,103 - INFO - [2023BPix] MISSING_CENTRAL: ZG3Mu/Central/muons/1/eta in Skim_TriLep_TTG_PTG200toInf.root
2025-11-07 14:10:57,103 - INFO - [2023BPix] MISSING_CENTRAL: ZG3Mu/Central/muons/1/eta in Skim_TriLep_TTWToLNu.root
2025-11-07 14:10:57,111 - INFO - [2023BPix] MISSING_CENTRAL: ZG3Mu/Central/muons/1/eta in Skim_TriLep_tHq.root
2025-11-10 12:27:06,204 - INFO - [2023BPix] MISSING_CENTRAL: ZG3Mu/Central/muons/1/eta in Skim_TriLep_DYJets10to50.root
2025-11-10 12:27:06,309 - INFO - [2023BPix] MISSING_CENTRAL: ZG3Mu/Central/muons/1/eta in Skim_TriLep_DYGTo2LG_MLL50_PTG200to400.root
2025-11-10 12:27:06,310 - INFO - [2023BPix] MISSING_CENTRAL: ZG3Mu/Central/muons/1/eta in Skim_TriLep_DYGTo2LG_MLL50_PTG400to600.root
2025-11-10 12:27:06,310 - INFO - [2023BPix] MISSING_CENTRAL: ZG3Mu/Central/muons/1/eta in Skim_TriLep_DYGTo2LG_MLL50_PTG600toInf.root
2025-11-10 12:27:06,311 - INFO - [2023BPix] MISSING_CENTRAL: ZG3Mu/Central/muons/1/eta in Skim_TriLep_TTG_PTG10to100.root
2025-11-10 12:27:06,312 - INFO - [2023BPix] MISSING_CENTRAL: ZG3Mu/Central/muons/1/eta in Skim_TriLep_TTG_PTG100to200.root
2025-11-10 12:27:06,313 - INFO - [2023BPix] MISSING_CENTRAL: ZG3Mu/Central/muons/1/eta in Skim_TriLep_TTG_PTG200toInf.root
2025-11-10 12:27:06,314 - INFO - [2023BPix] MISSING_CENTRAL: ZG3Mu/Central/muons/1/eta in Skim_TriLep_TTWToLNu.root
2025-11-10 12:27:06,407 - INFO - [2023BPix] MISSING_CENTRAL: ZG3Mu/Central/muons/1/eta in Skim_TriLep_tHq.root
2025-11-10 12:27:11,645 - INFO - [2023BPix] MISSING_CENTRAL: ZG3Mu/Central/muons/1/eta in Skim_TriLep_DYJets10to50.root
2025-11-10 12:27:11,649 - INFO - [2023BPix] MISSING_CENTRAL: ZG3Mu/Central/muons/1/eta in Skim_TriLep_DYGTo2LG_MLL50_PTG200to400.root
2025-11-10 12:27:11,649 - INFO - [2023BPix] MISSING_CENTRAL: ZG3Mu/Central/muons/1/eta in Skim_TriLep_DYGTo2LG_MLL50_PTG400to600.root
2025-11-10 12:27:11,650 - INFO - [2023BPix] MISSING_CENTRAL: ZG3Mu/Central/muons/1/eta in Skim_TriLep_DYGTo2LG_MLL50_PTG600toInf.root
2025-11-10 12:27:11,650 - INFO - [2023BPix] MISSING_CENTRAL: ZG3Mu/Central/muons/1/eta in Skim_TriLep_TTG_PTG10to100.root
2025-11-10 12:27:11,651 - INFO - [2023BPix] MISSING_CENTRAL: ZG3Mu/Central/muons/1/eta in Skim_TriLep_TTG_PTG100to200.root
2025-11-10 12:27:11,651 - INFO - [2023BPix] MISSING_CENTRAL: ZG3Mu/Central/muons/1/eta in Skim_TriLep_TTG_PTG200toInf.root
2025-11-10 12:27:11,652 - INFO - [2023BPix] MISSING_CENTRAL: ZG3Mu/Central/muons/1/eta in Skim_TriLep_TTWToLNu.root
2025-11-10 12:27:11,659 - INFO - [2023BPix] MISSING_CENTRAL: ZG3Mu/Central/muons/1/eta in Skim_TriLep_tHq.root
2025-11-13 11:17:28,431 - INFO - [2023BPix] MISSING_CENTRAL: ZG3Mu/Central/muons/1/eta in Skim_TriLep_DYJets10to50.root
2025-11-13 11:17:29,499 - INFO - [2023BPix] MISSING_CENTRAL: ZG3Mu/Central/muons/1/eta in Skim_TriLep_DYGTo2LG_MLL50_PTG200to400.root
2025-11-13 11:17:29,563 - INFO - [2023BPix] MISSING_CENTRAL: ZG3Mu/Central/muons/1/eta in Skim_TriLep_DYGTo2LG_MLL50_PTG400to600.root
2025-11-13 11:17:29,591 - INFO - [2023BPix] MISSING_CENTRAL: ZG3Mu/Central/muons/1/eta in Skim_TriLep_DYGTo2LG_MLL50_PTG600toInf.root
2025-11-13 11:17:29,601 - INFO - [2023BPix] MISSING_CENTRAL: ZG3Mu/Central/muons/1/eta in Skim_TriLep_TTG_PTG10to100.root
2025-11-13 11:17:29,645 - INFO - [2023BPix] MISSING_CENTRAL: ZG3Mu/Central/muons/1/eta in Skim_TriLep_TTG_PTG100to200.root
2025-11-13 11:17:29,653 - INFO - [2023BPix] MISSING_CENTRAL: ZG3Mu/Central/muons/1/eta in Skim_TriLep_TTG_PTG200toInf.root
2025-11-13 11:17:29,720 - INFO - [2023BPix] MISSING_CENTRAL: ZG3Mu/Central/muons/1/eta in Skim_TriLep_TTWToLNu.root
2025-11-13 11:17:30,895 - INFO - [2023BPix] MISSING_CENTRAL: ZG3Mu/Central/muons/1/eta in Skim_TriLep_tHq.root
2025-11-13 11:17:35,553 - INFO - [2023BPix] MISSING_CENTRAL: ZG3Mu/Central/muons/1/eta in Skim_TriLep_DYJets10to50.root
2025-11-13 11:17:35,558 - INFO - [2023BPix] MISSING_CENTRAL: ZG3Mu/Central/muons/1/eta in Skim_TriLep_DYGTo2LG_MLL50_PTG200to400.root
2025-11-13 11:17:35,558 - INFO - [2023BPix] MISSING_CENTRAL: ZG3Mu/Central/muons/1/eta in Skim_TriLep_DYGTo2LG_MLL50_PTG400to600.root
2025-11-13 11:17:35,559 - INFO - [2023BPix] MISSING_CENTRAL: ZG3Mu/Central/muons/1/eta in Skim_TriLep_DYGTo2LG_MLL50_PTG600toInf.root
2025-11-13 11:17:35,560 - INFO - [2023BPix] MISSING_CENTRAL: ZG3Mu/Central/muons/1/eta in Skim_TriLep_TTG_PTG10to100.root
2025-11-13 11:17:35,560 - INFO - [2023BPix] MISSING_CENTRAL: ZG3Mu/Central/muons/1/eta in Skim_TriLep_TTG_PTG100to200.root
2025-11-13 11:17:35,561 - INFO - [2023BPix] MISSING_CENTRAL: ZG3Mu/Central/muons/1/eta in Skim_TriLep_TTG_PTG200toInf.root
2025-11-13 11:17:35,561 - INFO - [2023BPix] MISSING_CENTRAL: ZG3Mu/Central/muons/1/eta in Skim_TriLep_TTWToLNu.root
2025-11-13 11:17:35,570 - INFO - [2023BPix] MISSING_CENTRAL: ZG3Mu/Central/muons/1/eta in Skim_TriLep_tHq.root
2025-11-19 00:19:57,061 - INFO - [2023BPix] MISSING_CENTRAL: ZG3Mu/Central/muons/1/eta in Skim_TriLep_DYJets10to50.root
2025-11-19 00:19:57,109 - INFO - [2023BPix] MISSING_CENTRAL: ZG3Mu/Central/muons/1/eta in Skim_TriLep_DYGTo2LG_MLL50_PTG200to400.root
2025-11-19 00:19:57,110 - INFO - [2023BPix] MISSING_CENTRAL: ZG3Mu/Central/muons/1/eta in Skim_TriLep_DYGTo2LG_MLL50_PTG400to600.root
2025-11-19 00:19:57,111 - INFO - [2023BPix] MISSING_CENTRAL: ZG3Mu/Central/muons/1/eta in Skim_TriLep_DYGTo2LG_MLL50_PTG600toInf.root
2025-11-19 00:19:57,111 - INFO - [2023BPix] MISSING_CENTRAL: ZG3Mu/Central/muons/1/eta in Skim_TriLep_TTG_PTG10to100.root
2025-11-19 00:19:57,112 - INFO - [2023BPix] MISSING_CENTRAL: ZG3Mu/Central/muons/1/eta in Skim_TriLep_TTG_PTG100to200.root
2025-11-19 00:19:57,113 - INFO - [2023BPix] MISSING_CENTRAL: ZG3Mu/Central/muons/1/eta in Skim_TriLep_TTG_PTG200toInf.root
2025-11-19 00:19:57,114 - INFO - [2023BPix] MISSING_CENTRAL: ZG3Mu/Central/muons/1/eta in Skim_TriLep_TTWToLNu.root
2025-11-19 00:19:57,140 - INFO - [2023BPix] MISSING_FILE: /data9/Users/choij/Sync/workspace/ChargedHiggsAnalysisV3/SKNanoOutput/CRPromptSelector/Run3Mu_RunSyst/2023BPix/Skim_TriLep_WZTo3LNu_powheg.root
2025-11-19 00:19:57,160 - INFO - [2023BPix] MISSING_CENTRAL: ZG3Mu/Central/muons/1/eta in Skim_TriLep_tHq.root
2025-11-19 00:20:01,952 - INFO - [2023BPix] MISSING_CENTRAL: ZG3Mu/Central/muons/1/eta in Skim_TriLep_DYJets10to50.root
2025-11-19 00:20:01,956 - INFO - [2023BPix] MISSING_CENTRAL: ZG3Mu/Central/muons/1/eta in Skim_TriLep_DYGTo2LG_MLL50_PTG200to400.root
2025-11-19 00:20:01,957 - INFO - [2023BPix] MISSING_CENTRAL: ZG3Mu/Central/muons/1/eta in Skim_TriLep_DYGTo2LG_MLL50_PTG400to600.root
2025-11-19 00:20:01,957 - INFO - [2023BPix] MISSING_CENTRAL: ZG3Mu/Central/muons/1/eta in Skim_TriLep_DYGTo2LG_MLL50_PTG600toInf.root
2025-11-19 00:20:01,958 - INFO - [2023BPix] MISSING_CENTRAL: ZG3Mu/Central/muons/1/eta in Skim_TriLep_TTG_PTG10to100.root
2025-11-19 00:20:01,959 - INFO - [2023BPix] MISSING_CENTRAL: ZG3Mu/Central/muons/1/eta in Skim_TriLep_TTG_PTG100to200.root
2025-11-19 00:20:01,959 - INFO - [2023BPix] MISSING_CENTRAL: ZG3Mu/Central/muons/1/eta in Skim_TriLep_TTG_PTG200toInf.root
2025-11-19 00:20:01,960 - INFO - [2023BPix] MISSING_CENTRAL: ZG3Mu/Central/muons/1/eta in Skim_TriLep_TTWToLNu.root
2025-11-19 00:20:01,962 - INFO - [2023BPix] MISSING_FILE: /data9/Users/choij/Sync/workspace/ChargedHiggsAnalysisV3/SKNanoOutput/CRPromptSelector/Run3Mu_RunSyst/2023BPix/Skim_TriLep_WZTo3LNu_powheg.root
2025-11-19 00:20:01,968 - INFO - [2023BPix] MISSING_CENTRAL: ZG3Mu/Central/muons/1/eta in Skim_TriLep_tHq.root
2025-11-19 15:45:13,644 - INFO - [2023BPix] MISSING_CENTRAL: ZG3Mu/Central/muons/1/eta in Skim_TriLep_DYJets10to50.root
2025-11-19 15:45:13,727 - INFO - [2023BPix] MISSING_CENTRAL: ZG3Mu/Central/muons/1/eta in Skim_TriLep_DYGTo2LG_MLL50_PTG200to400.root
2025-11-19 15:45:13,727 - INFO - [2023BPix] MISSING_CENTRAL: ZG3Mu/Central/muons/1/eta in Skim_TriLep_DYGTo2LG_MLL50_PTG400to600.root
2025-11-19 15:45:13,727 - INFO - [2023BPix] MISSING_CENTRAL: ZG3Mu/Central/muons/1/eta in Skim_TriLep_DYGTo2LG_MLL50_PTG600toInf.root
2025-11-19 15:45:13,728 - INFO - [2023BPix] MISSING_CENTRAL: ZG3Mu/Central/muons/1/eta in Skim_TriLep_TTG_PTG10to100.root
2025-11-19 15:45:13,729 - INFO - [2023BPix] MISSING_CENTRAL: ZG3Mu/Central/muons/1/eta in Skim_TriLep_TTG_PTG100to200.root
2025-11-19 15:45:13,730 - INFO - [2023BPix] MISSING_CENTRAL: ZG3Mu/Central/muons/1/eta in Skim_TriLep_TTG_PTG200toInf.root
2025-11-19 15:45:13,731 - INFO - [2023BPix] MISSING_CENTRAL: ZG3Mu/Central/muons/1/eta in Skim_TriLep_TTWToLNu.root
2025-11-19 15:45:13,800 - INFO - [2023BPix] MISSING_CENTRAL: ZG3Mu/Central/muons/1/eta in Skim_TriLep_tHq.root
2025-11-19 15:45:18,840 - INFO - [2023BPix] MISSING_CENTRAL: ZG3Mu/Central/muons/1/eta in Skim_TriLep_DYJets10to50.root
2025-11-19 15:45:18,844 - INFO - [2023BPix] MISSING_CENTRAL: ZG3Mu/Central/muons/1/eta in Skim_TriLep_DYGTo2LG_MLL50_PTG200to400.root
2025-11-19 15:45:18,844 - INFO - [2023BPix] MISSING_CENTRAL: ZG3Mu/Central/muons/1/eta in Skim_TriLep_DYGTo2LG_MLL50_PTG400to600.root
2025-11-19 15:45:18,845 - INFO - [2023BPix] MISSING_CENTRAL: ZG3Mu/Central/muons/1/eta in Skim_TriLep_DYGTo2LG_MLL50_PTG600toInf.root
2025-11-19 15:45:18,845 - INFO - [2023BPix] MISSING_CENTRAL: ZG3Mu/Central/muons/1/eta in Skim_TriLep_TTG_PTG10to100.root
2025-11-19 15:45:18,845 - INFO - [2023BPix] MISSING_CENTRAL: ZG3Mu/Central/muons/1/eta in Skim_TriLep_TTG_PTG100to200.root
2025-11-19 15:45:18,846 - INFO - [2023BPix] MISSING_CENTRAL: ZG3Mu/Central/muons/1/eta in Skim_TriLep_TTG_PTG200toInf.root
2025-11-19 15:45:18,846 - INFO - [2023BPix] MISSING_CENTRAL: ZG3Mu/Central/muons/1/eta in Skim_TriLep_TTWToLNu.root
2025-11-19 15:45:18,853 - INFO - [2023BPix] MISSING_CENTRAL: ZG3Mu/Central/muons/1/eta in Skim_TriLep_tHq.root
2025-11-19 16:29:34,038 - INFO - [2023BPix] MISSING_CENTRAL: ZG3Mu/Central/muons/1/eta in Skim_TriLep_DYJets10to50.root
2025-11-19 16:29:34,067 - INFO - [2023BPix] MISSING_CENTRAL: ZG3Mu/Central/muons/1/eta in Skim_TriLep_DYGTo2LG_MLL50_PTG200to400.root
2025-11-19 16:29:34,068 - INFO - [2023BPix] MISSING_CENTRAL: ZG3Mu/Central/muons/1/eta in Skim_TriLep_DYGTo2LG_MLL50_PTG400to600.root
2025-11-19 16:29:34,068 - INFO - [2023BPix] MISSING_CENTRAL: ZG3Mu/Central/muons/1/eta in Skim_TriLep_DYGTo2LG_MLL50_PTG600toInf.root
2025-11-19 16:29:34,068 - INFO - [2023BPix] MISSING_CENTRAL: ZG3Mu/Central/muons/1/eta in Skim_TriLep_TTG_PTG10to100.root
2025-11-19 16:29:34,069 - INFO - [2023BPix] MISSING_CENTRAL: ZG3Mu/Central/muons/1/eta in Skim_TriLep_TTG_PTG100to200.root
2025-11-19 16:29:34,069 - INFO - [2023BPix] MISSING_CENTRAL: ZG3Mu/Central/muons/1/eta in Skim_TriLep_TTG_PTG200toInf.root
2025-11-19 16:29:34,070 - INFO - [2023BPix] MISSING_CENTRAL: ZG3Mu/Central/muons/1/eta in Skim_TriLep_TTWToLNu.root
2025-11-19 16:29:34,103 - INFO - [2023BPix] MISSING_CENTRAL: ZG3Mu/Central/muons/1/eta in Skim_TriLep_tHq.root
2025-11-19 16:29:39,367 - INFO - [2023BPix] MISSING_CENTRAL: ZG3Mu/Central/muons/1/eta in Skim_TriLep_DYJets10to50.root
2025-11-19 16:29:39,371 - INFO - [2023BPix] MISSING_CENTRAL: ZG3Mu/Central/muons/1/eta in Skim_TriLep_DYGTo2LG_MLL50_PTG200to400.root
2025-11-19 16:29:39,371 - INFO - [2023BPix] MISSING_CENTRAL: ZG3Mu/Central/muons/1/eta in Skim_TriLep_DYGTo2LG_MLL50_PTG400to600.root
2025-11-19 16:29:39,372 - INFO - [2023BPix] MISSING_CENTRAL: ZG3Mu/Central/muons/1/eta in Skim_TriLep_DYGTo2LG_MLL50_PTG600toInf.root
2025-11-19 16:29:39,372 - INFO - [2023BPix] MISSING_CENTRAL: ZG3Mu/Central/muons/1/eta in Skim_TriLep_TTG_PTG10to100.root
2025-11-19 16:29:39,373 - INFO - [2023BPix] MISSING_CENTRAL: ZG3Mu/Central/muons/1/eta in Skim_TriLep_TTG_PTG100to200.root
2025-11-19 16:29:39,373 - INFO - [2023BPix] MISSING_CENTRAL: ZG3Mu/Central/muons/1/eta in Skim_TriLep_TTG_PTG200toInf.root
2025-11-19 16:29:39,374 - INFO - [2023BPix] MISSING_CENTRAL: ZG3Mu/Central/muons/1/eta in Skim_TriLep_TTWToLNu.root
2025-11-19 16:29:39,381 - INFO - [2023BPix] MISSING_CENTRAL: ZG3Mu/Central/muons/1/eta in Skim_TriLep_tHq.root
2025-12-17 12:28:31,297 - INFO - [2023BPix] MISSING_CENTRAL: ZG3Mu/Central/muons/1/eta in Skim_TriLep_DYJets10to50.root
2025-12-17 12:28:31,298 - INFO - [2023BPix] MISSING_CENTRAL: ZG3Mu/Central/muons/1/eta in Skim_TriLep_TTG_PTG10to100.root
2025-12-17 12:28:31,298 - INFO - [2023BPix] MISSING_CENTRAL: ZG3Mu/Central/muons/1/eta in Skim_TriLep_TTG_PTG100to200.root
2025-12-17 12:28:31,299 - INFO - [2023BPix] MISSING_CENTRAL: ZG3Mu/Central/muons/1/eta in Skim_TriLep_TTG_PTG200toInf.root
2025-12-17 12:28:31,300 - INFO - [2023BPix] MISSING_CENTRAL: ZG3Mu/Central/muons/1/eta in Skim_TriLep_TTWToLNu.root
2025-12-17 12:28:31,341 - INFO - [2023BPix] MISSING_CENTRAL: ZG3Mu/Central/muons/1/eta in Skim_TriLep_tHq.root
2025-12-17 12:28:36,640 - INFO - [2023BPix] MISSING_CENTRAL: ZG3Mu/Central/muons/1/eta in Skim_TriLep_DYJets10to50.root
2025-12-17 12:28:36,641 - INFO - [2023BPix] MISSING_CENTRAL: ZG3Mu/Central/muons/1/eta in Skim_TriLep_TTG_PTG10to100.root
2025-12-17 12:28:36,642 - INFO - [2023BPix] MISSING_CENTRAL: ZG3Mu/Central/muons/1/eta in Skim_TriLep_TTG_PTG100to200.root
2025-12-17 12:28:36,643 - INFO - [2023BPix] MISSING_CENTRAL: ZG3Mu/Central/muons/1/eta in Skim_TriLep_TTG_PTG200toInf.root
2025-12-17 12:28:36,644 - INFO - [2023BPix] MISSING_CENTRAL: ZG3Mu/Central/muons/1/eta in Skim_TriLep_TTWToLNu.root
2025-12-17 12:28:36,656 - INFO - [2023BPix] MISSING_CENTRAL: ZG3Mu/Central/muons/1/eta in Skim_TriLep_tHq.root
2025-12-17 16:10:03,361 - INFO - [2023BPix] MISSING_CENTRAL: ZG3Mu/Central/muons/1/eta in Skim_TriLep_DYJets10to50.root
2025-12-17 16:10:03,362 - INFO - [2023BPix] MISSING_CENTRAL: ZG3Mu/Central/muons/1/eta in Skim_TriLep_TTG_PTG10to100.root
2025-12-17 16:10:03,363 - INFO - [2023BPix] MISSING_CENTRAL: ZG3Mu/Central/muons/1/eta in Skim_TriLep_TTG_PTG100to200.root
2025-12-17 16:10:03,364 - INFO - [2023BPix] MISSING_CENTRAL: ZG3Mu/Central/muons/1/eta in Skim_TriLep_TTG_PTG200toInf.root
2025-12-17 16:10:03,365 - INFO - [2023BPix] MISSING_CENTRAL: ZG3Mu/Central/muons/1/eta in Skim_TriLep_TTWToLNu.root
2025-12-17 16:10:03,417 - INFO - [2023BPix] MISSING_CENTRAL: ZG3Mu/Central/muons/1/eta in Skim_TriLep_tHq.root
2025-12-17 16:10:06,663 - INFO - [2023BPix] MISSING_CENTRAL: ZG3Mu/Central/muons/1/eta in Skim_TriLep_DYJets10to50.root
2025-12-17 16:10:06,663 - INFO - [2023BPix] MISSING_CENTRAL: ZG3Mu/Central/muons/1/eta in Skim_TriLep_TTG_PTG10to100.root
2025-12-17 16:10:06,664 - INFO - [2023BPix] MISSING_CENTRAL: ZG3Mu/Central/muons/1/eta in Skim_TriLep_TTG_PTG100to200.root
2025-12-17 16:10:06,664 - INFO - [2023BPix] MISSING_CENTRAL: ZG3Mu/Central/muons/1/eta in Skim_TriLep_TTG_PTG200toInf.root
2025-12-17 16:10:06,665 - INFO - [2023BPix] MISSING_CENTRAL: ZG3Mu/Central/muons/1/eta in Skim_TriLep_TTWToLNu.root
2025-12-17 16:10:06,673 - INFO - [2023BPix] MISSING_CENTRAL: ZG3Mu/Central/muons/1/eta in Skim_TriLep_tHq.root
2025-12-17 22:44:36,985 - INFO - [2023BPix] MISSING_CENTRAL: ZG3Mu/Central/muons/1/eta in Skim_TriLep_DYJets10to50.root
2025-12-17 22:44:36,988 - INFO - [2023BPix] MISSING_CENTRAL: ZG3Mu/Central/muons/1/eta in Skim_TriLep_TTG_PTG10to100.root
2025-12-17 22:44:36,990 - INFO - [2023BPix] MISSING_CENTRAL: ZG3Mu/Central/muons/1/eta in Skim_TriLep_TTG_PTG100to200.root
2025-12-17 22:44:36,991 - INFO - [2023BPix] MISSING_CENTRAL: ZG3Mu/Central/muons/1/eta in Skim_TriLep_TTG_PTG200toInf.root
2025-12-17 22:44:36,992 - INFO - [2023BPix] MISSING_CENTRAL: ZG3Mu/Central/muons/1/eta in Skim_TriLep_TTWToLNu.root
2025-12-17 22:44:37,075 - INFO - [2023BPix] MISSING_CENTRAL: ZG3Mu/Central/muons/1/eta in Skim_TriLep_tHq.root
2025-12-17 22:44:41,636 - INFO - [2023BPix] MISSING_CENTRAL: ZG3Mu/Central/muons/1/eta in Skim_TriLep_DYJets10to50.root
2025-12-17 22:44:41,637 - INFO - [2023BPix] MISSING_CENTRAL: ZG3Mu/Central/muons/1/eta in Skim_TriLep_TTG_PTG10to100.root
2025-12-17 22:44:41,638 - INFO - [2023BPix] MISSING_CENTRAL: ZG3Mu/Central/muons/1/eta in Skim_TriLep_TTG_PTG100to200.root
2025-12-17 22:44:41,639 - INFO - [2023BPix] MISSING_CENTRAL: ZG3Mu/Central/muons/1/eta in Skim_TriLep_TTG_PTG200toInf.root
2025-12-17 22:44:41,640 - INFO - [2023BPix] MISSING_CENTRAL: ZG3Mu/Central/muons/1/eta in Skim_TriLep_TTWToLNu.root
2025-12-17 22:44:41,655 - INFO - [2023BPix] MISSING_CENTRAL: ZG3Mu/Central/muons/1/eta in Skim_TriLep_tHq.root
2025-12-18 14:45:50,038 - INFO - [2023BPix] MISSING_CENTRAL: ZG3Mu/Central/muons/1/eta in Skim_TriLep_DYJets10to50.root
2025-12-18 14:45:50,040 - INFO - [2023BPix] MISSING_CENTRAL: ZG3Mu/Central/muons/1/eta in Skim_TriLep_TTG_PTG10to100.root
2025-12-18 14:45:50,043 - INFO - [2023BPix] MISSING_CENTRAL: ZG3Mu/Central/muons/1/eta in Skim_TriLep_TTG_PTG100to200.root
2025-12-18 14:45:50,047 - INFO - [2023BPix] MISSING_CENTRAL: ZG3Mu/Central/muons/1/eta in Skim_TriLep_TTG_PTG200toInf.root
2025-12-18 14:45:50,071 - INFO - [2023BPix] MISSING_CENTRAL: ZG3Mu/Central/muons/1/eta in Skim_TriLep_TTWToLNu.root
2025-12-18 14:45:50,287 - INFO - [2023BPix] MISSING_CENTRAL: ZG3Mu/Central/muons/1/eta in Skim_TriLep_tHq.root
2025-12-18 14:45:56,012 - INFO - [2023BPix] MISSING_CENTRAL: ZG3Mu/Central/muons/1/eta in Skim_TriLep_DYJets10to50.root
2025-12-18 14:45:56,013 - INFO - [2023BPix] MISSING_CENTRAL: ZG3Mu/Central/muons/1/eta in Skim_TriLep_TTG_PTG10to100.root
2025-12-18 14:45:56,014 - INFO - [2023BPix] MISSING_CENTRAL: ZG3Mu/Central/muons/1/eta in Skim_TriLep_TTG_PTG100to200.root
2025-12-18 14:45:56,015 - INFO - [2023BPix] MISSING_CENTRAL: ZG3Mu/Central/muons/1/eta in Skim_TriLep_TTG_PTG200toInf.root
2025-12-18 14:45:56,016 - INFO - [2023BPix] MISSING_CENTRAL: ZG3Mu/Central/muons/1/eta in Skim_TriLep_TTWToLNu.root
2025-12-18 14:45:56,029 - INFO - [2023BPix] MISSING_CENTRAL: ZG3Mu/Central/muons/1/eta in Skim_TriLep_tHq.root
