2025-09-24 16:05:24,297 - INFO - [2023BPix] MISSING_CENTRAL: ZG3Mu/Central/ZCand/pt in Skim_TriLep_DYJets10to50.root
2025-09-24 16:05:24,370 - INFO - [2023BPix] MISSING_CENTRAL: ZG3Mu/Central/ZCand/pt in Skim_TriLep_DYGTo2LG_MLL50_PTG200to400.root
2025-09-24 16:05:24,370 - INFO - [2023BPix] MISSING_CENTRAL: ZG3Mu/Central/ZCand/pt in Skim_TriLep_DYGTo2LG_MLL50_PTG400to600.root
2025-09-24 16:05:24,370 - INFO - [2023BPix] MISSING_CENTRAL: ZG3Mu/Central/ZCand/pt in Skim_TriLep_DYGTo2LG_MLL50_PTG600toInf.root
2025-09-24 16:05:24,370 - INFO - [2023BPix] MISSING_CENTRAL: ZG3Mu/Central/ZCand/pt in Skim_TriLep_TTG_PTG10to100.root
2025-09-24 16:05:24,371 - INFO - [2023BPix] MISSING_CENTRAL: ZG3Mu/Central/ZCand/pt in Skim_TriLep_TTG_PTG100to200.root
2025-09-24 16:05:24,371 - INFO - [2023BPix] MISSING_CENTRAL: ZG3Mu/Central/ZCand/pt in Skim_TriLep_TTG_PTG200toInf.root
2025-09-24 16:05:24,371 - INFO - [2023BPix] MISSING_CENTRAL: ZG3Mu/Central/ZCand/pt in Skim_TriLep_TTWToLNu.root
2025-09-24 16:05:24,437 - INFO - [2023BPix] MISSING_CENTRAL: ZG3Mu/Central/ZCand/pt in Skim_TriLep_tHq.root
2025-09-24 16:05:33,853 - INFO - [2023BPix] MISSING_CENTRAL: ZG3Mu/Central/ZCand/pt in Skim_TriLep_DYJets10to50.root
2025-09-24 16:05:33,855 - INFO - [2023BPix] MISSING_CENTRAL: ZG3Mu/Central/ZCand/pt in Skim_TriLep_DYGTo2LG_MLL50_PTG200to400.root
2025-09-24 16:05:33,855 - INFO - [2023BPix] MISSING_CENTRAL: ZG3Mu/Central/ZCand/pt in Skim_TriLep_DYGTo2LG_MLL50_PTG400to600.root
2025-09-24 16:05:33,855 - INFO - [2023BPix] MISSING_CENTRAL: ZG3Mu/Central/ZCand/pt in Skim_TriLep_DYGTo2LG_MLL50_PTG600toInf.root
2025-09-24 16:05:33,856 - INFO - [2023BPix] MISSING_CENTRAL: ZG3Mu/Central/ZCand/pt in Skim_TriLep_TTG_PTG10to100.root
2025-09-24 16:05:33,856 - INFO - [2023BPix] MISSING_CENTRAL: ZG3Mu/Central/ZCand/pt in Skim_TriLep_TTG_PTG100to200.root
2025-09-24 16:05:33,856 - INFO - [2023BPix] MISSING_CENTRAL: ZG3Mu/Central/ZCand/pt in Skim_TriLep_TTG_PTG200toInf.root
2025-09-24 16:05:33,856 - INFO - [2023BPix] MISSING_CENTRAL: ZG3Mu/Central/ZCand/pt in Skim_TriLep_TTWToLNu.root
2025-09-24 16:05:33,861 - INFO - [2023BPix] MISSING_CENTRAL: ZG3Mu/Central/ZCand/pt in Skim_TriLep_tHq.root
2025-10-02 21:22:24,931 - INFO - [2023BPix] MISSING_CENTRAL: ZG3Mu/Central/ZCand/pt in Skim_TriLep_DYJets10to50.root
2025-10-02 21:22:24,982 - INFO - [2023BPix] MISSING_CENTRAL: ZG3Mu/Central/ZCand/pt in Skim_TriLep_DYGTo2LG_MLL50_PTG200to400.root
2025-10-02 21:22:24,991 - INFO - [2023BPix] MISSING_CENTRAL: ZG3Mu/Central/ZCand/pt in Skim_TriLep_DYGTo2LG_MLL50_PTG400to600.root
2025-10-02 21:22:25,011 - INFO - [2023BPix] MISSING_CENTRAL: ZG3Mu/Central/ZCand/pt in Skim_TriLep_DYGTo2LG_MLL50_PTG600toInf.root
2025-10-02 21:22:25,023 - INFO - [2023BPix] MISSING_CENTRAL: ZG3Mu/Central/ZCand/pt in Skim_TriLep_TTG_PTG10to100.root
2025-10-02 21:22:25,053 - INFO - [2023BPix] MISSING_CENTRAL: ZG3Mu/Central/ZCand/pt in Skim_TriLep_TTG_PTG100to200.root
2025-10-02 21:22:25,055 - INFO - [2023BPix] MISSING_CENTRAL: ZG3Mu/Central/ZCand/pt in Skim_TriLep_TTG_PTG200toInf.root
2025-10-02 21:22:25,078 - INFO - [2023BPix] MISSING_CENTRAL: ZG3Mu/Central/ZCand/pt in Skim_TriLep_TTWToLNu.root
2025-10-02 21:22:25,885 - INFO - [2023BPix] MISSING_CENTRAL: ZG3Mu/Central/ZCand/pt in Skim_TriLep_tHq.root
2025-10-02 21:22:30,052 - INFO - [2023BPix] MISSING_CENTRAL: ZG3Mu/Central/ZCand/pt in Skim_TriLep_DYJets10to50.root
2025-10-02 21:22:30,060 - INFO - [2023BPix] MISSING_CENTRAL: ZG3Mu/Central/ZCand/pt in Skim_TriLep_DYGTo2LG_MLL50_PTG200to400.root
2025-10-02 21:22:30,062 - INFO - [2023BPix] MISSING_CENTRAL: ZG3Mu/Central/ZCand/pt in Skim_TriLep_DYGTo2LG_MLL50_PTG400to600.root
2025-10-02 21:22:30,063 - INFO - [2023BPix] MISSING_CENTRAL: ZG3Mu/Central/ZCand/pt in Skim_TriLep_DYGTo2LG_MLL50_PTG600toInf.root
2025-10-02 21:22:30,064 - INFO - [2023BPix] MISSING_CENTRAL: ZG3Mu/Central/ZCand/pt in Skim_TriLep_TTG_PTG10to100.root
2025-10-02 21:22:30,065 - INFO - [2023BPix] MISSING_CENTRAL: ZG3Mu/Central/ZCand/pt in Skim_TriLep_TTG_PTG100to200.root
2025-10-02 21:22:30,066 - INFO - [2023BPix] MISSING_CENTRAL: ZG3Mu/Central/ZCand/pt in Skim_TriLep_TTG_PTG200toInf.root
2025-10-02 21:22:30,067 - INFO - [2023BPix] MISSING_CENTRAL: ZG3Mu/Central/ZCand/pt in Skim_TriLep_TTWToLNu.root
2025-10-02 21:22:30,082 - INFO - [2023BPix] MISSING_CENTRAL: ZG3Mu/Central/ZCand/pt in Skim_TriLep_tHq.root
2025-10-03 00:36:11,494 - INFO - [2023BPix] MISSING_CENTRAL: ZG3Mu/Central/ZCand/pt in Skim_TriLep_DYJets10to50.root
2025-10-03 00:36:11,613 - INFO - [2023BPix] MISSING_CENTRAL: ZG3Mu/Central/ZCand/pt in Skim_TriLep_DYGTo2LG_MLL50_PTG200to400.root
2025-10-03 00:36:11,614 - INFO - [2023BPix] MISSING_CENTRAL: ZG3Mu/Central/ZCand/pt in Skim_TriLep_DYGTo2LG_MLL50_PTG400to600.root
2025-10-03 00:36:11,615 - INFO - [2023BPix] MISSING_CENTRAL: ZG3Mu/Central/ZCand/pt in Skim_TriLep_DYGTo2LG_MLL50_PTG600toInf.root
2025-10-03 00:36:11,616 - INFO - [2023BPix] MISSING_CENTRAL: ZG3Mu/Central/ZCand/pt in Skim_TriLep_TTG_PTG10to100.root
2025-10-03 00:36:11,616 - INFO - [2023BPix] MISSING_CENTRAL: ZG3Mu/Central/ZCand/pt in Skim_TriLep_TTG_PTG100to200.root
2025-10-03 00:36:11,617 - INFO - [2023BPix] MISSING_CENTRAL: ZG3Mu/Central/ZCand/pt in Skim_TriLep_TTG_PTG200toInf.root
2025-10-03 00:36:11,617 - INFO - [2023BPix] MISSING_CENTRAL: ZG3Mu/Central/ZCand/pt in Skim_TriLep_TTWToLNu.root
2025-10-03 00:36:11,749 - INFO - [2023BPix] MISSING_CENTRAL: ZG3Mu/Central/ZCand/pt in Skim_TriLep_tHq.root
2025-10-03 00:36:26,585 - INFO - [2023BPix] MISSING_CENTRAL: ZG3Mu/Central/ZCand/pt in Skim_TriLep_DYJets10to50.root
2025-10-03 00:36:26,594 - INFO - [2023BPix] MISSING_CENTRAL: ZG3Mu/Central/ZCand/pt in Skim_TriLep_DYGTo2LG_MLL50_PTG200to400.root
2025-10-03 00:36:26,595 - INFO - [2023BPix] MISSING_CENTRAL: ZG3Mu/Central/ZCand/pt in Skim_TriLep_DYGTo2LG_MLL50_PTG400to600.root
2025-10-03 00:36:26,595 - INFO - [2023BPix] MISSING_CENTRAL: ZG3Mu/Central/ZCand/pt in Skim_TriLep_DYGTo2LG_MLL50_PTG600toInf.root
2025-10-03 00:36:26,596 - INFO - [2023BPix] MISSING_CENTRAL: ZG3Mu/Central/ZCand/pt in Skim_TriLep_TTG_PTG10to100.root
2025-10-03 00:36:26,596 - INFO - [2023BPix] MISSING_CENTRAL: ZG3Mu/Central/ZCand/pt in Skim_TriLep_TTG_PTG100to200.root
2025-10-03 00:36:26,597 - INFO - [2023BPix] MISSING_CENTRAL: ZG3Mu/Central/ZCand/pt in Skim_TriLep_TTG_PTG200toInf.root
2025-10-03 00:36:26,597 - INFO - [2023BPix] MISSING_CENTRAL: ZG3Mu/Central/ZCand/pt in Skim_TriLep_TTWToLNu.root
2025-10-03 00:36:26,608 - INFO - [2023BPix] MISSING_CENTRAL: ZG3Mu/Central/ZCand/pt in Skim_TriLep_tHq.root
2025-11-07 13:13:20,891 - INFO - [2023BPix] MISSING_CENTRAL: ZG3Mu/Central/ZCand/pt in Skim_TriLep_DYJets10to50.root
2025-11-07 13:13:20,924 - INFO - [2023BPix] MISSING_CENTRAL: ZG3Mu/Central/ZCand/pt in Skim_TriLep_DYGTo2LG_MLL50_PTG200to400.root
2025-11-07 13:13:20,925 - INFO - [2023BPix] MISSING_CENTRAL: ZG3Mu/Central/ZCand/pt in Skim_TriLep_DYGTo2LG_MLL50_PTG400to600.root
2025-11-07 13:13:20,925 - INFO - [2023BPix] MISSING_CENTRAL: ZG3Mu/Central/ZCand/pt in Skim_TriLep_DYGTo2LG_MLL50_PTG600toInf.root
2025-11-07 13:13:20,925 - INFO - [2023BPix] MISSING_CENTRAL: ZG3Mu/Central/ZCand/pt in Skim_TriLep_TTG_PTG10to100.root
2025-11-07 13:13:20,925 - INFO - [2023BPix] MISSING_CENTRAL: ZG3Mu/Central/ZCand/pt in Skim_TriLep_TTG_PTG100to200.root
2025-11-07 13:13:20,926 - INFO - [2023BPix] MISSING_CENTRAL: ZG3Mu/Central/ZCand/pt in Skim_TriLep_TTG_PTG200toInf.root
2025-11-07 13:13:20,926 - INFO - [2023BPix] MISSING_CENTRAL: ZG3Mu/Central/ZCand/pt in Skim_TriLep_TTWToLNu.root
2025-11-07 13:13:20,964 - INFO - [2023BPix] MISSING_CENTRAL: ZG3Mu/Central/ZCand/pt in Skim_TriLep_tHq.root
2025-11-07 13:13:26,064 - INFO - [2023BPix] MISSING_CENTRAL: ZG3Mu/Central/ZCand/pt in Skim_TriLep_DYJets10to50.root
2025-11-07 13:13:26,067 - INFO - [2023BPix] MISSING_CENTRAL: ZG3Mu/Central/ZCand/pt in Skim_TriLep_DYGTo2LG_MLL50_PTG200to400.root
2025-11-07 13:13:26,067 - INFO - [2023BPix] MISSING_CENTRAL: ZG3Mu/Central/ZCand/pt in Skim_TriLep_DYGTo2LG_MLL50_PTG400to600.root
2025-11-07 13:13:26,067 - INFO - [2023BPix] MISSING_CENTRAL: ZG3Mu/Central/ZCand/pt in Skim_TriLep_DYGTo2LG_MLL50_PTG600toInf.root
2025-11-07 13:13:26,068 - INFO - [2023BPix] MISSING_CENTRAL: ZG3Mu/Central/ZCand/pt in Skim_TriLep_TTG_PTG10to100.root
2025-11-07 13:13:26,068 - INFO - [2023BPix] MISSING_CENTRAL: ZG3Mu/Central/ZCand/pt in Skim_TriLep_TTG_PTG100to200.root
2025-11-07 13:13:26,068 - INFO - [2023BPix] MISSING_CENTRAL: ZG3Mu/Central/ZCand/pt in Skim_TriLep_TTG_PTG200toInf.root
2025-11-07 13:13:26,069 - INFO - [2023BPix] MISSING_CENTRAL: ZG3Mu/Central/ZCand/pt in Skim_TriLep_TTWToLNu.root
2025-11-07 13:13:26,075 - INFO - [2023BPix] MISSING_CENTRAL: ZG3Mu/Central/ZCand/pt in Skim_TriLep_tHq.root
2025-11-07 14:10:53,904 - INFO - [2023BPix] MISSING_CENTRAL: ZG3Mu/Central/ZCand/pt in Skim_TriLep_DYJets10to50.root
2025-11-07 14:10:53,936 - INFO - [2023BPix] MISSING_CENTRAL: ZG3Mu/Central/ZCand/pt in Skim_TriLep_DYGTo2LG_MLL50_PTG200to400.root
2025-11-07 14:10:53,936 - INFO - [2023BPix] MISSING_CENTRAL: ZG3Mu/Central/ZCand/pt in Skim_TriLep_DYGTo2LG_MLL50_PTG400to600.root
2025-11-07 14:10:53,937 - INFO - [2023BPix] MISSING_CENTRAL: ZG3Mu/Central/ZCand/pt in Skim_TriLep_DYGTo2LG_MLL50_PTG600toInf.root
2025-11-07 14:10:53,937 - INFO - [2023BPix] MISSING_CENTRAL: ZG3Mu/Central/ZCand/pt in Skim_TriLep_TTG_PTG10to100.root
2025-11-07 14:10:53,937 - INFO - [2023BPix] MISSING_CENTRAL: ZG3Mu/Central/ZCand/pt in Skim_TriLep_TTG_PTG100to200.root
2025-11-07 14:10:53,937 - INFO - [2023BPix] MISSING_CENTRAL: ZG3Mu/Central/ZCand/pt in Skim_TriLep_TTG_PTG200toInf.root
2025-11-07 14:10:53,938 - INFO - [2023BPix] MISSING_CENTRAL: ZG3Mu/Central/ZCand/pt in Skim_TriLep_TTWToLNu.root
2025-11-07 14:10:53,975 - INFO - [2023BPix] MISSING_CENTRAL: ZG3Mu/Central/ZCand/pt in Skim_TriLep_tHq.root
2025-11-07 14:10:58,772 - INFO - [2023BPix] MISSING_CENTRAL: ZG3Mu/Central/ZCand/pt in Skim_TriLep_DYJets10to50.root
2025-11-07 14:10:58,774 - INFO - [2023BPix] MISSING_CENTRAL: ZG3Mu/Central/ZCand/pt in Skim_TriLep_DYGTo2LG_MLL50_PTG200to400.root
2025-11-07 14:10:58,774 - INFO - [2023BPix] MISSING_CENTRAL: ZG3Mu/Central/ZCand/pt in Skim_TriLep_DYGTo2LG_MLL50_PTG400to600.root
2025-11-07 14:10:58,775 - INFO - [2023BPix] MISSING_CENTRAL: ZG3Mu/Central/ZCand/pt in Skim_TriLep_DYGTo2LG_MLL50_PTG600toInf.root
2025-11-07 14:10:58,775 - INFO - [2023BPix] MISSING_CENTRAL: ZG3Mu/Central/ZCand/pt in Skim_TriLep_TTG_PTG10to100.root
2025-11-07 14:10:58,775 - INFO - [2023BPix] MISSING_CENTRAL: ZG3Mu/Central/ZCand/pt in Skim_TriLep_TTG_PTG100to200.root
2025-11-07 14:10:58,776 - INFO - [2023BPix] MISSING_CENTRAL: ZG3Mu/Central/ZCand/pt in Skim_TriLep_TTG_PTG200toInf.root
2025-11-07 14:10:58,776 - INFO - [2023BPix] MISSING_CENTRAL: ZG3Mu/Central/ZCand/pt in Skim_TriLep_TTWToLNu.root
2025-11-07 14:10:58,781 - INFO - [2023BPix] MISSING_CENTRAL: ZG3Mu/Central/ZCand/pt in Skim_TriLep_tHq.root
2025-11-10 12:27:08,038 - INFO - [2023BPix] MISSING_CENTRAL: ZG3Mu/Central/ZCand/pt in Skim_TriLep_DYJets10to50.root
2025-11-10 12:27:08,070 - INFO - [2023BPix] MISSING_CENTRAL: ZG3Mu/Central/ZCand/pt in Skim_TriLep_DYGTo2LG_MLL50_PTG200to400.root
2025-11-10 12:27:08,070 - INFO - [2023BPix] MISSING_CENTRAL: ZG3Mu/Central/ZCand/pt in Skim_TriLep_DYGTo2LG_MLL50_PTG400to600.root
2025-11-10 12:27:08,070 - INFO - [2023BPix] MISSING_CENTRAL: ZG3Mu/Central/ZCand/pt in Skim_TriLep_DYGTo2LG_MLL50_PTG600toInf.root
2025-11-10 12:27:08,071 - INFO - [2023BPix] MISSING_CENTRAL: ZG3Mu/Central/ZCand/pt in Skim_TriLep_TTG_PTG10to100.root
2025-11-10 12:27:08,071 - INFO - [2023BPix] MISSING_CENTRAL: ZG3Mu/Central/ZCand/pt in Skim_TriLep_TTG_PTG100to200.root
2025-11-10 12:27:08,071 - INFO - [2023BPix] MISSING_CENTRAL: ZG3Mu/Central/ZCand/pt in Skim_TriLep_TTG_PTG200toInf.root
2025-11-10 12:27:08,071 - INFO - [2023BPix] MISSING_CENTRAL: ZG3Mu/Central/ZCand/pt in Skim_TriLep_TTWToLNu.root
2025-11-10 12:27:08,110 - INFO - [2023BPix] MISSING_CENTRAL: ZG3Mu/Central/ZCand/pt in Skim_TriLep_tHq.root
2025-11-10 12:27:13,320 - INFO - [2023BPix] MISSING_CENTRAL: ZG3Mu/Central/ZCand/pt in Skim_TriLep_DYJets10to50.root
2025-11-10 12:27:13,322 - INFO - [2023BPix] MISSING_CENTRAL: ZG3Mu/Central/ZCand/pt in Skim_TriLep_DYGTo2LG_MLL50_PTG200to400.root
2025-11-10 12:27:13,322 - INFO - [2023BPix] MISSING_CENTRAL: ZG3Mu/Central/ZCand/pt in Skim_TriLep_DYGTo2LG_MLL50_PTG400to600.root
2025-11-10 12:27:13,323 - INFO - [2023BPix] MISSING_CENTRAL: ZG3Mu/Central/ZCand/pt in Skim_TriLep_DYGTo2LG_MLL50_PTG600toInf.root
2025-11-10 12:27:13,323 - INFO - [2023BPix] MISSING_CENTRAL: ZG3Mu/Central/ZCand/pt in Skim_TriLep_TTG_PTG10to100.root
2025-11-10 12:27:13,323 - INFO - [2023BPix] MISSING_CENTRAL: ZG3Mu/Central/ZCand/pt in Skim_TriLep_TTG_PTG100to200.root
2025-11-10 12:27:13,323 - INFO - [2023BPix] MISSING_CENTRAL: ZG3Mu/Central/ZCand/pt in Skim_TriLep_TTG_PTG200toInf.root
2025-11-10 12:27:13,324 - INFO - [2023BPix] MISSING_CENTRAL: ZG3Mu/Central/ZCand/pt in Skim_TriLep_TTWToLNu.root
2025-11-10 12:27:13,329 - INFO - [2023BPix] MISSING_CENTRAL: ZG3Mu/Central/ZCand/pt in Skim_TriLep_tHq.root
2025-11-13 11:17:29,086 - INFO - [2023BPix] MISSING_CENTRAL: ZG3Mu/Central/ZCand/pt in Skim_TriLep_DYJets10to50.root
2025-11-13 11:17:29,499 - INFO - [2023BPix] MISSING_CENTRAL: ZG3Mu/Central/ZCand/pt in Skim_TriLep_DYGTo2LG_MLL50_PTG200to400.root
2025-11-13 11:17:29,563 - INFO - [2023BPix] MISSING_CENTRAL: ZG3Mu/Central/ZCand/pt in Skim_TriLep_DYGTo2LG_MLL50_PTG400to600.root
2025-11-13 11:17:29,591 - INFO - [2023BPix] MISSING_CENTRAL: ZG3Mu/Central/ZCand/pt in Skim_TriLep_DYGTo2LG_MLL50_PTG600toInf.root
2025-11-13 11:17:29,601 - INFO - [2023BPix] MISSING_CENTRAL: ZG3Mu/Central/ZCand/pt in Skim_TriLep_TTG_PTG10to100.root
2025-11-13 11:17:29,645 - INFO - [2023BPix] MISSING_CENTRAL: ZG3Mu/Central/ZCand/pt in Skim_TriLep_TTG_PTG100to200.root
2025-11-13 11:17:29,653 - INFO - [2023BPix] MISSING_CENTRAL: ZG3Mu/Central/ZCand/pt in Skim_TriLep_TTG_PTG200toInf.root
2025-11-13 11:17:29,720 - INFO - [2023BPix] MISSING_CENTRAL: ZG3Mu/Central/ZCand/pt in Skim_TriLep_TTWToLNu.root
2025-11-13 11:17:30,895 - INFO - [2023BPix] MISSING_CENTRAL: ZG3Mu/Central/ZCand/pt in Skim_TriLep_tHq.root
2025-11-13 11:17:36,647 - INFO - [2023BPix] MISSING_CENTRAL: ZG3Mu/Central/ZCand/pt in Skim_TriLep_DYJets10to50.root
2025-11-13 11:17:36,657 - INFO - [2023BPix] MISSING_CENTRAL: ZG3Mu/Central/ZCand/pt in Skim_TriLep_DYGTo2LG_MLL50_PTG200to400.root
2025-11-13 11:17:36,658 - INFO - [2023BPix] MISSING_CENTRAL: ZG3Mu/Central/ZCand/pt in Skim_TriLep_DYGTo2LG_MLL50_PTG400to600.root
2025-11-13 11:17:36,658 - INFO - [2023BPix] MISSING_CENTRAL: ZG3Mu/Central/ZCand/pt in Skim_TriLep_DYGTo2LG_MLL50_PTG600toInf.root
2025-11-13 11:17:36,659 - INFO - [2023BPix] MISSING_CENTRAL: ZG3Mu/Central/ZCand/pt in Skim_TriLep_TTG_PTG10to100.root
2025-11-13 11:17:36,660 - INFO - [2023BPix] MISSING_CENTRAL: ZG3Mu/Central/ZCand/pt in Skim_TriLep_TTG_PTG100to200.root
2025-11-13 11:17:36,660 - INFO - [2023BPix] MISSING_CENTRAL: ZG3Mu/Central/ZCand/pt in Skim_TriLep_TTG_PTG200toInf.root
2025-11-13 11:17:36,661 - INFO - [2023BPix] MISSING_CENTRAL: ZG3Mu/Central/ZCand/pt in Skim_TriLep_TTWToLNu.root
2025-11-13 11:17:36,671 - INFO - [2023BPix] MISSING_CENTRAL: ZG3Mu/Central/ZCand/pt in Skim_TriLep_tHq.root
2025-11-19 00:19:56,038 - INFO - [2023BPix] MISSING_CENTRAL: ZG3Mu/Central/ZCand/pt in Skim_TriLep_DYJets10to50.root
2025-11-19 00:19:56,127 - INFO - [2023BPix] MISSING_CENTRAL: ZG3Mu/Central/ZCand/pt in Skim_TriLep_DYGTo2LG_MLL50_PTG200to400.root
2025-11-19 00:19:56,128 - INFO - [2023BPix] MISSING_CENTRAL: ZG3Mu/Central/ZCand/pt in Skim_TriLep_DYGTo2LG_MLL50_PTG400to600.root
2025-11-19 00:19:56,128 - INFO - [2023BPix] MISSING_CENTRAL: ZG3Mu/Central/ZCand/pt in Skim_TriLep_DYGTo2LG_MLL50_PTG600toInf.root
2025-11-19 00:19:56,129 - INFO - [2023BPix] MISSING_CENTRAL: ZG3Mu/Central/ZCand/pt in Skim_TriLep_TTG_PTG10to100.root
2025-11-19 00:19:56,129 - INFO - [2023BPix] MISSING_CENTRAL: ZG3Mu/Central/ZCand/pt in Skim_TriLep_TTG_PTG100to200.root
2025-11-19 00:19:56,130 - INFO - [2023BPix] MISSING_CENTRAL: ZG3Mu/Central/ZCand/pt in Skim_TriLep_TTG_PTG200toInf.root
2025-11-19 00:19:56,131 - INFO - [2023BPix] MISSING_CENTRAL: ZG3Mu/Central/ZCand/pt in Skim_TriLep_TTWToLNu.root
2025-11-19 00:19:56,159 - INFO - [2023BPix] MISSING_FILE: /data9/Users/choij/Sync/workspace/ChargedHiggsAnalysisV3/SKNanoOutput/CRPromptSelector/Run3Mu_RunSyst/2023BPix/Skim_TriLep_WZTo3LNu_powheg.root
2025-11-19 00:19:56,205 - INFO - [2023BPix] MISSING_CENTRAL: ZG3Mu/Central/ZCand/pt in Skim_TriLep_tHq.root
2025-11-19 00:20:01,811 - INFO - [2023BPix] MISSING_CENTRAL: ZG3Mu/Central/ZCand/pt in Skim_TriLep_DYJets10to50.root
2025-11-19 00:20:01,816 - INFO - [2023BPix] MISSING_CENTRAL: ZG3Mu/Central/ZCand/pt in Skim_TriLep_DYGTo2LG_MLL50_PTG200to400.root
2025-11-19 00:20:01,816 - INFO - [2023BPix] MISSING_CENTRAL: ZG3Mu/Central/ZCand/pt in Skim_TriLep_DYGTo2LG_MLL50_PTG400to600.root
2025-11-19 00:20:01,817 - INFO - [2023BPix] MISSING_CENTRAL: ZG3Mu/Central/ZCand/pt in Skim_TriLep_DYGTo2LG_MLL50_PTG600toInf.root
2025-11-19 00:20:01,817 - INFO - [2023BPix] MISSING_CENTRAL: ZG3Mu/Central/ZCand/pt in Skim_TriLep_TTG_PTG10to100.root
2025-11-19 00:20:01,818 - INFO - [2023BPix] MISSING_CENTRAL: ZG3Mu/Central/ZCand/pt in Skim_TriLep_TTG_PTG100to200.root
2025-11-19 00:20:01,818 - INFO - [2023BPix] MISSING_CENTRAL: ZG3Mu/Central/ZCand/pt in Skim_TriLep_TTG_PTG200toInf.root
2025-11-19 00:20:01,819 - INFO - [2023BPix] MISSING_CENTRAL: ZG3Mu/Central/ZCand/pt in Skim_TriLep_TTWToLNu.root
2025-11-19 00:20:01,821 - INFO - [2023BPix] MISSING_FILE: /data9/Users/choij/Sync/workspace/ChargedHiggsAnalysisV3/SKNanoOutput/CRPromptSelector/Run3Mu_RunSyst/2023BPix/Skim_TriLep_WZTo3LNu_powheg.root
2025-11-19 00:20:01,827 - INFO - [2023BPix] MISSING_CENTRAL: ZG3Mu/Central/ZCand/pt in Skim_TriLep_tHq.root
2025-11-19 15:45:15,444 - INFO - [2023BPix] MISSING_CENTRAL: ZG3Mu/Central/ZCand/pt in Skim_TriLep_DYJets10to50.root
2025-11-19 15:45:15,476 - INFO - [2023BPix] MISSING_CENTRAL: ZG3Mu/Central/ZCand/pt in Skim_TriLep_DYGTo2LG_MLL50_PTG200to400.root
2025-11-19 15:45:15,476 - INFO - [2023BPix] MISSING_CENTRAL: ZG3Mu/Central/ZCand/pt in Skim_TriLep_DYGTo2LG_MLL50_PTG400to600.root
2025-11-19 15:45:15,476 - INFO - [2023BPix] MISSING_CENTRAL: ZG3Mu/Central/ZCand/pt in Skim_TriLep_DYGTo2LG_MLL50_PTG600toInf.root
2025-11-19 15:45:15,477 - INFO - [2023BPix] MISSING_CENTRAL: ZG3Mu/Central/ZCand/pt in Skim_TriLep_TTG_PTG10to100.root
2025-11-19 15:45:15,477 - INFO - [2023BPix] MISSING_CENTRAL: ZG3Mu/Central/ZCand/pt in Skim_TriLep_TTG_PTG100to200.root
2025-11-19 15:45:15,477 - INFO - [2023BPix] MISSING_CENTRAL: ZG3Mu/Central/ZCand/pt in Skim_TriLep_TTG_PTG200toInf.root
2025-11-19 15:45:15,477 - INFO - [2023BPix] MISSING_CENTRAL: ZG3Mu/Central/ZCand/pt in Skim_TriLep_TTWToLNu.root
2025-11-19 15:45:15,513 - INFO - [2023BPix] MISSING_CENTRAL: ZG3Mu/Central/ZCand/pt in Skim_TriLep_tHq.root
2025-11-19 15:45:20,489 - INFO - [2023BPix] MISSING_CENTRAL: ZG3Mu/Central/ZCand/pt in Skim_TriLep_DYJets10to50.root
2025-11-19 15:45:20,491 - INFO - [2023BPix] MISSING_CENTRAL: ZG3Mu/Central/ZCand/pt in Skim_TriLep_DYGTo2LG_MLL50_PTG200to400.root
2025-11-19 15:45:20,492 - INFO - [2023BPix] MISSING_CENTRAL: ZG3Mu/Central/ZCand/pt in Skim_TriLep_DYGTo2LG_MLL50_PTG400to600.root
2025-11-19 15:45:20,492 - INFO - [2023BPix] MISSING_CENTRAL: ZG3Mu/Central/ZCand/pt in Skim_TriLep_DYGTo2LG_MLL50_PTG600toInf.root
2025-11-19 15:45:20,492 - INFO - [2023BPix] MISSING_CENTRAL: ZG3Mu/Central/ZCand/pt in Skim_TriLep_TTG_PTG10to100.root
2025-11-19 15:45:20,492 - INFO - [2023BPix] MISSING_CENTRAL: ZG3Mu/Central/ZCand/pt in Skim_TriLep_TTG_PTG100to200.root
2025-11-19 15:45:20,493 - INFO - [2023BPix] MISSING_CENTRAL: ZG3Mu/Central/ZCand/pt in Skim_TriLep_TTG_PTG200toInf.root
2025-11-19 15:45:20,493 - INFO - [2023BPix] MISSING_CENTRAL: ZG3Mu/Central/ZCand/pt in Skim_TriLep_TTWToLNu.root
2025-11-19 15:45:20,498 - INFO - [2023BPix] MISSING_CENTRAL: ZG3Mu/Central/ZCand/pt in Skim_TriLep_tHq.root
2025-11-19 16:29:36,123 - INFO - [2023BPix] MISSING_CENTRAL: ZG3Mu/Central/ZCand/pt in Skim_TriLep_DYJets10to50.root
2025-11-19 16:29:36,179 - INFO - [2023BPix] MISSING_CENTRAL: ZG3Mu/Central/ZCand/pt in Skim_TriLep_DYGTo2LG_MLL50_PTG200to400.root
2025-11-19 16:29:36,180 - INFO - [2023BPix] MISSING_CENTRAL: ZG3Mu/Central/ZCand/pt in Skim_TriLep_DYGTo2LG_MLL50_PTG400to600.root
2025-11-19 16:29:36,180 - INFO - [2023BPix] MISSING_CENTRAL: ZG3Mu/Central/ZCand/pt in Skim_TriLep_DYGTo2LG_MLL50_PTG600toInf.root
2025-11-19 16:29:36,181 - INFO - [2023BPix] MISSING_CENTRAL: ZG3Mu/Central/ZCand/pt in Skim_TriLep_TTG_PTG10to100.root
2025-11-19 16:29:36,181 - INFO - [2023BPix] MISSING_CENTRAL: ZG3Mu/Central/ZCand/pt in Skim_TriLep_TTG_PTG100to200.root
2025-11-19 16:29:36,182 - INFO - [2023BPix] MISSING_CENTRAL: ZG3Mu/Central/ZCand/pt in Skim_TriLep_TTG_PTG200toInf.root
2025-11-19 16:29:36,182 - INFO - [2023BPix] MISSING_CENTRAL: ZG3Mu/Central/ZCand/pt in Skim_TriLep_TTWToLNu.root
2025-11-19 16:29:36,222 - INFO - [2023BPix] MISSING_CENTRAL: ZG3Mu/Central/ZCand/pt in Skim_TriLep_tHq.root
2025-11-19 16:29:41,337 - INFO - [2023BPix] MISSING_CENTRAL: ZG3Mu/Central/ZCand/pt in Skim_TriLep_DYJets10to50.root
2025-11-19 16:29:41,340 - INFO - [2023BPix] MISSING_CENTRAL: ZG3Mu/Central/ZCand/pt in Skim_TriLep_DYGTo2LG_MLL50_PTG200to400.root
2025-11-19 16:29:41,341 - INFO - [2023BPix] MISSING_CENTRAL: ZG3Mu/Central/ZCand/pt in Skim_TriLep_DYGTo2LG_MLL50_PTG400to600.root
2025-11-19 16:29:41,341 - INFO - [2023BPix] MISSING_CENTRAL: ZG3Mu/Central/ZCand/pt in Skim_TriLep_DYGTo2LG_MLL50_PTG600toInf.root
2025-11-19 16:29:41,342 - INFO - [2023BPix] MISSING_CENTRAL: ZG3Mu/Central/ZCand/pt in Skim_TriLep_TTG_PTG10to100.root
2025-11-19 16:29:41,342 - INFO - [2023BPix] MISSING_CENTRAL: ZG3Mu/Central/ZCand/pt in Skim_TriLep_TTG_PTG100to200.root
2025-11-19 16:29:41,342 - INFO - [2023BPix] MISSING_CENTRAL: ZG3Mu/Central/ZCand/pt in Skim_TriLep_TTG_PTG200toInf.root
2025-11-19 16:29:41,343 - INFO - [2023BPix] MISSING_CENTRAL: ZG3Mu/Central/ZCand/pt in Skim_TriLep_TTWToLNu.root
2025-11-19 16:29:41,350 - INFO - [2023BPix] MISSING_CENTRAL: ZG3Mu/Central/ZCand/pt in Skim_TriLep_tHq.root
2025-12-17 12:28:31,345 - INFO - [2023BPix] MISSING_CENTRAL: ZG3Mu/Central/ZCand/pt in Skim_TriLep_DYJets10to50.root
2025-12-17 12:28:31,346 - INFO - [2023BPix] MISSING_CENTRAL: ZG3Mu/Central/ZCand/pt in Skim_TriLep_TTG_PTG10to100.root
2025-12-17 12:28:31,347 - INFO - [2023BPix] MISSING_CENTRAL: ZG3Mu/Central/ZCand/pt in Skim_TriLep_TTG_PTG100to200.root
2025-12-17 12:28:31,347 - INFO - [2023BPix] MISSING_CENTRAL: ZG3Mu/Central/ZCand/pt in Skim_TriLep_TTG_PTG200toInf.root
2025-12-17 12:28:31,348 - INFO - [2023BPix] MISSING_CENTRAL: ZG3Mu/Central/ZCand/pt in Skim_TriLep_TTWToLNu.root
2025-12-17 12:28:31,424 - INFO - [2023BPix] MISSING_CENTRAL: ZG3Mu/Central/ZCand/pt in Skim_TriLep_tHq.root
2025-12-17 12:28:36,555 - INFO - [2023BPix] MISSING_CENTRAL: ZG3Mu/Central/ZCand/pt in Skim_TriLep_DYJets10to50.root
2025-12-17 12:28:36,556 - INFO - [2023BPix] MISSING_CENTRAL: ZG3Mu/Central/ZCand/pt in Skim_TriLep_TTG_PTG10to100.root
2025-12-17 12:28:36,556 - INFO - [2023BPix] MISSING_CENTRAL: ZG3Mu/Central/ZCand/pt in Skim_TriLep_TTG_PTG100to200.root
2025-12-17 12:28:36,557 - INFO - [2023BPix] MISSING_CENTRAL: ZG3Mu/Central/ZCand/pt in Skim_TriLep_TTG_PTG200toInf.root
2025-12-17 12:28:36,558 - INFO - [2023BPix] MISSING_CENTRAL: ZG3Mu/Central/ZCand/pt in Skim_TriLep_TTWToLNu.root
2025-12-17 12:28:36,572 - INFO - [2023BPix] MISSING_CENTRAL: ZG3Mu/Central/ZCand/pt in Skim_TriLep_tHq.root
2025-12-17 16:10:03,254 - INFO - [2023BPix] MISSING_CENTRAL: ZG3Mu/Central/ZCand/pt in Skim_TriLep_DYJets10to50.root
2025-12-17 16:10:03,255 - INFO - [2023BPix] MISSING_CENTRAL: ZG3Mu/Central/ZCand/pt in Skim_TriLep_TTG_PTG10to100.root
2025-12-17 16:10:03,255 - INFO - [2023BPix] MISSING_CENTRAL: ZG3Mu/Central/ZCand/pt in Skim_TriLep_TTG_PTG100to200.root
2025-12-17 16:10:03,256 - INFO - [2023BPix] MISSING_CENTRAL: ZG3Mu/Central/ZCand/pt in Skim_TriLep_TTG_PTG200toInf.root
2025-12-17 16:10:03,257 - INFO - [2023BPix] MISSING_CENTRAL: ZG3Mu/Central/ZCand/pt in Skim_TriLep_TTWToLNu.root
2025-12-17 16:10:03,315 - INFO - [2023BPix] MISSING_CENTRAL: ZG3Mu/Central/ZCand/pt in Skim_TriLep_tHq.root
2025-12-17 16:10:06,820 - INFO - [2023BPix] MISSING_CENTRAL: ZG3Mu/Central/ZCand/pt in Skim_TriLep_DYJets10to50.root
2025-12-17 16:10:06,821 - INFO - [2023BPix] MISSING_CENTRAL: ZG3Mu/Central/ZCand/pt in Skim_TriLep_TTG_PTG10to100.root
2025-12-17 16:10:06,822 - INFO - [2023BPix] MISSING_CENTRAL: ZG3Mu/Central/ZCand/pt in Skim_TriLep_TTG_PTG100to200.root
2025-12-17 16:10:06,823 - INFO - [2023BPix] MISSING_CENTRAL: ZG3Mu/Central/ZCand/pt in Skim_TriLep_TTG_PTG200toInf.root
2025-12-17 16:10:06,823 - INFO - [2023BPix] MISSING_CENTRAL: ZG3Mu/Central/ZCand/pt in Skim_TriLep_TTWToLNu.root
2025-12-17 16:10:06,854 - INFO - [2023BPix] MISSING_CENTRAL: ZG3Mu/Central/ZCand/pt in Skim_TriLep_tHq.root
2025-12-17 22:44:38,129 - INFO - [2023BPix] MISSING_CENTRAL: ZG3Mu/Central/ZCand/pt in Skim_TriLep_DYJets10to50.root
2025-12-17 22:44:38,130 - INFO - [2023BPix] MISSING_CENTRAL: ZG3Mu/Central/ZCand/pt in Skim_TriLep_TTG_PTG10to100.root
2025-12-17 22:44:38,131 - INFO - [2023BPix] MISSING_CENTRAL: ZG3Mu/Central/ZCand/pt in Skim_TriLep_TTG_PTG100to200.root
2025-12-17 22:44:38,132 - INFO - [2023BPix] MISSING_CENTRAL: ZG3Mu/Central/ZCand/pt in Skim_TriLep_TTG_PTG200toInf.root
2025-12-17 22:44:38,133 - INFO - [2023BPix] MISSING_CENTRAL: ZG3Mu/Central/ZCand/pt in Skim_TriLep_TTWToLNu.root
2025-12-17 22:44:38,186 - INFO - [2023BPix] MISSING_CENTRAL: ZG3Mu/Central/ZCand/pt in Skim_TriLep_tHq.root
2025-12-17 22:44:42,805 - INFO - [2023BPix] MISSING_CENTRAL: ZG3Mu/Central/ZCand/pt in Skim_TriLep_DYJets10to50.root
2025-12-17 22:44:42,806 - INFO - [2023BPix] MISSING_CENTRAL: ZG3Mu/Central/ZCand/pt in Skim_TriLep_TTG_PTG10to100.root
2025-12-17 22:44:42,807 - INFO - [2023BPix] MISSING_CENTRAL: ZG3Mu/Central/ZCand/pt in Skim_TriLep_TTG_PTG100to200.root
2025-12-17 22:44:42,807 - INFO - [2023BPix] MISSING_CENTRAL: ZG3Mu/Central/ZCand/pt in Skim_TriLep_TTG_PTG200toInf.root
2025-12-17 22:44:42,808 - INFO - [2023BPix] MISSING_CENTRAL: ZG3Mu/Central/ZCand/pt in Skim_TriLep_TTWToLNu.root
2025-12-17 22:44:42,816 - INFO - [2023BPix] MISSING_CENTRAL: ZG3Mu/Central/ZCand/pt in Skim_TriLep_tHq.root
2025-12-18 14:45:50,041 - INFO - [2023BPix] MISSING_CENTRAL: ZG3Mu/Central/ZCand/pt in Skim_TriLep_DYJets10to50.root
2025-12-18 14:45:50,044 - INFO - [2023BPix] MISSING_CENTRAL: ZG3Mu/Central/ZCand/pt in Skim_TriLep_TTG_PTG10to100.root
2025-12-18 14:45:50,045 - INFO - [2023BPix] MISSING_CENTRAL: ZG3Mu/Central/ZCand/pt in Skim_TriLep_TTG_PTG100to200.root
2025-12-18 14:45:50,047 - INFO - [2023BPix] MISSING_CENTRAL: ZG3Mu/Central/ZCand/pt in Skim_TriLep_TTG_PTG200toInf.root
2025-12-18 14:45:50,057 - INFO - [2023BPix] MISSING_CENTRAL: ZG3Mu/Central/ZCand/pt in Skim_TriLep_TTWToLNu.root
2025-12-18 14:45:50,381 - INFO - [2023BPix] MISSING_CENTRAL: ZG3Mu/Central/ZCand/pt in Skim_TriLep_tHq.root
2025-12-18 14:45:55,971 - INFO - [2023BPix] MISSING_CENTRAL: ZG3Mu/Central/ZCand/pt in Skim_TriLep_DYJets10to50.root
2025-12-18 14:45:55,972 - INFO - [2023BPix] MISSING_CENTRAL: ZG3Mu/Central/ZCand/pt in Skim_TriLep_TTG_PTG10to100.root
2025-12-18 14:45:55,973 - INFO - [2023BPix] MISSING_CENTRAL: ZG3Mu/Central/ZCand/pt in Skim_TriLep_TTG_PTG100to200.root
2025-12-18 14:45:55,974 - INFO - [2023BPix] MISSING_CENTRAL: ZG3Mu/Central/ZCand/pt in Skim_TriLep_TTG_PTG200toInf.root
2025-12-18 14:45:55,974 - INFO - [2023BPix] MISSING_CENTRAL: ZG3Mu/Central/ZCand/pt in Skim_TriLep_TTWToLNu.root
2025-12-18 14:45:55,987 - INFO - [2023BPix] MISSING_CENTRAL: ZG3Mu/Central/ZCand/pt in Skim_TriLep_tHq.root
2026-01-07 11:54:42,866 - INFO - [2023BPix] MISSING_FILE: /data9/Users/choij/Sync/workspace/ChargedHiggsAnalysisV3/SKNanoOutput/CRPromptSelector/Run3Mu/2023BPix/Skim_TriLep_Muon0_D_v1.root
2026-01-07 11:54:42,866 - INFO - [2023BPix] MISSING_FILE: /data9/Users/choij/Sync/workspace/ChargedHiggsAnalysisV3/SKNanoOutput/CRPromptSelector/Run3Mu/2023BPix/Skim_TriLep_Muon0_D_v2.root
2026-01-07 11:54:42,866 - INFO - [2023BPix] MISSING_FILE: /data9/Users/choij/Sync/workspace/ChargedHiggsAnalysisV3/SKNanoOutput/CRPromptSelector/Run3Mu/2023BPix/Skim_TriLep_Muon1_D_v1.root
2026-01-07 11:54:42,866 - INFO - [2023BPix] MISSING_FILE: /data9/Users/choij/Sync/workspace/ChargedHiggsAnalysisV3/SKNanoOutput/CRPromptSelector/Run3Mu/2023BPix/Skim_TriLep_Muon1_D_v2.root
2026-01-07 11:54:45,534 - INFO - [2023BPix] MISSING_FILE: /data9/Users/choij/Sync/workspace/ChargedHiggsAnalysisV3/SKNanoOutput/CRPromptSelector/Run3Mu/2023BPix/Skim_TriLep_Muon0_D_v1.root
2026-01-07 11:54:45,534 - INFO - [2023BPix] MISSING_FILE: /data9/Users/choij/Sync/workspace/ChargedHiggsAnalysisV3/SKNanoOutput/CRPromptSelector/Run3Mu/2023BPix/Skim_TriLep_Muon0_D_v2.root
2026-01-07 11:54:45,535 - INFO - [2023BPix] MISSING_FILE: /data9/Users/choij/Sync/workspace/ChargedHiggsAnalysisV3/SKNanoOutput/CRPromptSelector/Run3Mu/2023BPix/Skim_TriLep_Muon1_D_v1.root
2026-01-07 11:54:45,535 - INFO - [2023BPix] MISSING_FILE: /data9/Users/choij/Sync/workspace/ChargedHiggsAnalysisV3/SKNanoOutput/CRPromptSelector/Run3Mu/2023BPix/Skim_TriLep_Muon1_D_v2.root
