2025-09-24 15:33:43,144 - INFO - [2018] MISSING_CENTRAL: EMU/Central/jets/4/phi in WJets.root
2025-09-24 15:33:44,082 - INFO - [2018] MISSING_CENTRAL: EMU/L1Prefire_NotImplemented/jets/4/phi in WJets.root
2025-09-24 15:33:44,101 - INFO - [2018] MISSING_CENTRAL: EMU/EMuTrigSF_NotImplemented/jets/4/phi in WJets.root
2025-09-24 15:33:44,123 - INFO - [2018] MISSING_CENTRAL: EMU/PileupReweight_NotImplemented/jets/4/phi in WJets.root
2025-09-24 15:33:44,143 - INFO - [2018] MISSING_CENTRAL: EMU/MuonIDSF_NotImplemented/jets/4/phi in WJets.root
2025-09-24 15:33:44,197 - INFO - [2018] MISSING_CENTRAL: EMU/ElectronIDSF_NotImplemented/jets/4/phi in WJets.root
2025-09-24 15:33:44,228 - INFO - [2018] MISSING_CENTRAL: EMU/BtagSF_HFcorr_NotImplemented/jets/4/phi in WJets.root
2025-10-02 21:10:10,376 - INFO - [2018] MISSING_CENTRAL: EMU/Central/jets/4/phi in WJets.root
2025-10-02 21:10:10,559 - INFO - [2018] MISSING_CENTRAL: EMU/L1Prefire_NotImplemented/jets/4/phi in WJets.root
2025-10-02 21:10:11,609 - INFO - [2018] MISSING_CENTRAL: EMU/PileupReweight_NotImplemented/jets/4/phi in WJets.root
2025-10-02 21:10:11,935 - INFO - [2018] MISSING_CENTRAL: EMU/MuonIDSF_NotImplemented/jets/4/phi in WJets.root
2025-10-02 21:10:12,291 - INFO - [2018] MISSING_CENTRAL: EMU/ElectronIDSF_NotImplemented/jets/4/phi in WJets.root
2025-10-02 21:10:12,746 - INFO - [2018] MISSING_CENTRAL: EMU/EMuTrigSF_NotImplemented/jets/4/phi in WJets.root
2025-10-02 21:10:13,347 - INFO - [2018] MISSING_CENTRAL: EMU/BtagSF_HFcorr_NotImplemented/jets/4/phi in WJets.root
2025-12-16 12:45:31,125 - INFO - [2018] MISSING_CENTRAL: EMU/Central/jets/4/phi in WJets.root
2025-12-16 12:45:31,221 - INFO - [2018] MISSING_CENTRAL: EMU/L1Prefire_NotImplemented/jets/4/phi in WJets.root
2025-12-16 12:45:31,248 - INFO - [2018] MISSING_CENTRAL: EMU/PileupReweight_NotImplemented/jets/4/phi in WJets.root
2025-12-16 12:45:31,274 - INFO - [2018] MISSING_CENTRAL: EMU/ElectronIDSF_NotImplemented/jets/4/phi in WJets.root
2025-12-16 12:45:31,304 - INFO - [2018] MISSING_CENTRAL: EMU/MuonIDSF_NotImplemented/jets/4/phi in WJets.root
2025-12-16 12:45:31,522 - INFO - [2018] MISSING_CENTRAL: EMU/EMuTrigSF_NotImplemented/jets/4/phi in WJets.root
2025-12-16 12:45:32,148 - INFO - [2018] MISSING_CENTRAL: EMU/BtagSF_HFcorr_NotImplemented/jets/4/phi in WJets.root
2025-12-16 14:49:23,827 - INFO - [2018] MISSING_CENTRAL: EMU/Central/jets/4/phi in WJets.root
2025-12-16 14:49:23,869 - INFO - [2018] MISSING_CENTRAL: EMU/L1Prefire_NotImplemented/jets/4/phi in WJets.root
2025-12-16 14:49:23,929 - INFO - [2018] MISSING_CENTRAL: EMU/PileupReweight_NotImplemented/jets/4/phi in WJets.root
2025-12-16 14:49:24,130 - INFO - [2018] MISSING_CENTRAL: EMU/MuonIDSF_NotImplemented/jets/4/phi in WJets.root
2025-12-16 14:49:24,192 - INFO - [2018] MISSING_CENTRAL: EMU/ElectronIDSF_NotImplemented/jets/4/phi in WJets.root
2025-12-16 14:49:24,288 - INFO - [2018] MISSING_CENTRAL: EMU/EMuTrigSF_NotImplemented/jets/4/phi in WJets.root
2025-12-16 14:49:24,358 - INFO - [2018] MISSING_CENTRAL: EMU/BtagSF_HFcorr_NotImplemented/jets/4/phi in WJets.root
2026-01-09 12:41:47,500 - INFO - [2018] MISSING_CENTRAL: EMU/Central/jets/4/phi in WJets.root
2026-01-09 12:41:48,105 - INFO - [2018] MISSING_CENTRAL: EMU/PileupReweight_NotImplemented/jets/4/phi in WJets.root
2026-01-09 12:41:48,105 - INFO - [2018] MISSING_CENTRAL: EMU/L1Prefire_NotImplemented/jets/4/phi in WJets.root
2026-01-09 12:41:48,153 - INFO - [2018] MISSING_CENTRAL: EMU/MuonIDSF_NotImplemented/jets/4/phi in WJets.root
2026-01-09 12:41:48,230 - INFO - [2018] MISSING_CENTRAL: EMU/ElectronIDSF_NotImplemented/jets/4/phi in WJets.root
2026-01-09 12:41:48,237 - INFO - [2018] MISSING_CENTRAL: EMU/BtagSF_HFcorr_NotImplemented/jets/4/phi in WJets.root
2026-01-09 12:41:48,261 - INFO - [2018] MISSING_CENTRAL: EMU/EMuTrigSF_NotImplemented/jets/4/phi in WJets.root
2026-01-21 09:22:05,617 - INFO - [2018] MISSING_CENTRAL: EMU/Central/jets/4/phi in WJets.root
2026-01-21 09:22:05,676 - INFO - [2018] MISSING_CENTRAL: EMU/L1Prefire_NotImplemented/jets/4/phi in WJets.root
2026-01-21 09:22:05,877 - INFO - [2018] MISSING_CENTRAL: EMU/PileupReweight_NotImplemented/jets/4/phi in WJets.root
2026-01-21 09:22:05,932 - INFO - [2018] MISSING_CENTRAL: EMU/MuonIDSF_NotImplemented/jets/4/phi in WJets.root
2026-01-21 09:22:06,141 - INFO - [2018] MISSING_CENTRAL: EMU/ElectronIDSF_NotImplemented/jets/4/phi in WJets.root
2026-01-21 09:22:06,344 - INFO - [2018] MISSING_CENTRAL: EMU/EMuTrigSF_NotImplemented/jets/4/phi in WJets.root
2026-01-21 09:22:06,433 - INFO - [2018] MISSING_CENTRAL: EMU/BtagSF_HFcorr_NotImplemented/jets/4/phi in WJets.root
