2025-11-07 13:10:03,950 - INFO - [2022EE] MISSING_FILE: /home/choij/Sync/workspace/ChargedHiggsAnalysisV3/SKNanoOutput/PromptSelector/Run1E2Mu/2022EE/Skim_TriLep_MuonEG_E.root
2025-11-07 13:10:03,950 - INFO - [2022EE] MISSING_FILE: /home/choij/Sync/workspace/ChargedHiggsAnalysisV3/SKNanoOutput/PromptSelector/Run1E2Mu/2022EE/Skim_TriLep_MuonEG_F.root
2025-11-07 13:10:03,950 - INFO - [2022EE] MISSING_FILE: /home/choij/Sync/workspace/ChargedHiggsAnalysisV3/SKNanoOutput/PromptSelector/Run1E2Mu/2022EE/Skim_TriLep_MuonEG_G.root
2025-11-07 14:07:43,653 - INFO - [2022EE] MISSING_FILE: /home/choij/Sync/workspace/ChargedHiggsAnalysisV3/SKNanoOutput/PromptSelector/Run1E2Mu/2022EE/Skim_TriLep_MuonEG_E.root
2025-11-07 14:07:43,654 - INFO - [2022EE] MISSING_FILE: /home/choij/Sync/workspace/ChargedHiggsAnalysisV3/SKNanoOutput/PromptSelector/Run1E2Mu/2022EE/Skim_TriLep_MuonEG_F.root
2025-11-07 14:07:43,654 - INFO - [2022EE] MISSING_FILE: /home/choij/Sync/workspace/ChargedHiggsAnalysisV3/SKNanoOutput/PromptSelector/Run1E2Mu/2022EE/Skim_TriLep_MuonEG_G.root
2025-11-10 12:23:09,397 - INFO - [2022EE] MISSING_CENTRAL: ZFake1E2Mu/Central/dR_mu1_mu2 in Skim_TriLep_DYJets.root
2025-11-10 12:23:09,398 - INFO - [2022EE] MISSING_CENTRAL: ZFake1E2Mu/Central/dR_mu1_mu2 in Skim_TriLep_DYJets10to50.root
2025-11-10 12:23:09,398 - INFO - [2022EE] MISSING_CENTRAL: ZFake1E2Mu/Central/dR_mu1_mu2 in Skim_TriLep_DYGTo2LG_MLL4to50_PTG10to100.root
2025-11-10 12:23:09,399 - INFO - [2022EE] MISSING_CENTRAL: ZFake1E2Mu/Central/dR_mu1_mu2 in Skim_TriLep_DYGTo2LG_MLL4to50_PTG100to200.root
2025-11-10 12:23:09,399 - INFO - [2022EE] MISSING_CENTRAL: ZFake1E2Mu/Central/dR_mu1_mu2 in Skim_TriLep_DYGTo2LG_MLL4to50_PTG200toInf.root
2025-11-13 11:12:53,404 - INFO - [2022EE] MISSING_CENTRAL: ZFake1E2Mu/Central/dR_mu1_mu2 in Skim_TriLep_DYJets.root
2025-11-13 11:12:53,407 - INFO - [2022EE] MISSING_CENTRAL: ZFake1E2Mu/Central/dR_mu1_mu2 in Skim_TriLep_DYJets10to50.root
2025-11-13 11:12:53,409 - INFO - [2022EE] MISSING_CENTRAL: ZFake1E2Mu/Central/dR_mu1_mu2 in Skim_TriLep_DYGTo2LG_MLL4to50_PTG10to100.root
2025-11-13 11:12:53,411 - INFO - [2022EE] MISSING_CENTRAL: ZFake1E2Mu/Central/dR_mu1_mu2 in Skim_TriLep_DYGTo2LG_MLL4to50_PTG100to200.root
2025-11-13 11:12:53,412 - INFO - [2022EE] MISSING_CENTRAL: ZFake1E2Mu/Central/dR_mu1_mu2 in Skim_TriLep_DYGTo2LG_MLL4to50_PTG200toInf.root
2025-11-19 16:10:43,545 - INFO - [2022EE] MISSING_CENTRAL: ZFake1E2Mu/Central/dR_mu1_mu2 in Skim_TriLep_DYJets.root
2025-11-19 16:10:43,546 - INFO - [2022EE] MISSING_CENTRAL: ZFake1E2Mu/Central/dR_mu1_mu2 in Skim_TriLep_DYJets10to50.root
2025-11-19 16:10:43,546 - INFO - [2022EE] MISSING_CENTRAL: ZFake1E2Mu/Central/dR_mu1_mu2 in Skim_TriLep_DYGTo2LG_MLL4to50_PTG10to100.root
2025-11-19 16:10:43,547 - INFO - [2022EE] MISSING_CENTRAL: ZFake1E2Mu/Central/dR_mu1_mu2 in Skim_TriLep_DYGTo2LG_MLL4to50_PTG100to200.root
2025-11-19 16:10:43,547 - INFO - [2022EE] MISSING_CENTRAL: ZFake1E2Mu/Central/dR_mu1_mu2 in Skim_TriLep_DYGTo2LG_MLL4to50_PTG200toInf.root
2025-11-19 16:25:34,495 - INFO - [2022EE] MISSING_CENTRAL: ZFake1E2Mu/Central/dR_mu1_mu2 in Skim_TriLep_DYJets.root
2025-11-19 16:25:34,496 - INFO - [2022EE] MISSING_CENTRAL: ZFake1E2Mu/Central/dR_mu1_mu2 in Skim_TriLep_DYJets10to50.root
2025-11-19 16:25:34,496 - INFO - [2022EE] MISSING_CENTRAL: ZFake1E2Mu/Central/dR_mu1_mu2 in Skim_TriLep_DYGTo2LG_MLL4to50_PTG10to100.root
2025-11-19 16:25:34,497 - INFO - [2022EE] MISSING_CENTRAL: ZFake1E2Mu/Central/dR_mu1_mu2 in Skim_TriLep_DYGTo2LG_MLL4to50_PTG100to200.root
2025-11-19 16:25:34,497 - INFO - [2022EE] MISSING_CENTRAL: ZFake1E2Mu/Central/dR_mu1_mu2 in Skim_TriLep_DYGTo2LG_MLL4to50_PTG200toInf.root
2025-12-17 22:40:11,769 - INFO - [2022EE] MISSING_CENTRAL: ZFake1E2Mu/Central/dR_mu1_mu2 in Skim_TriLep_DYJets10to50.root
2025-12-18 14:25:18,462 - INFO - [2022EE] MISSING_CENTRAL: ZFake1E2Mu/Central/dR_mu1_mu2 in Skim_TriLep_DYJets10to50.root
2025-12-18 14:40:40,296 - INFO - [2022EE] MISSING_CENTRAL: ZFake1E2Mu/Central/dR_mu1_mu2 in Skim_TriLep_DYJets10to50.root
2026-01-07 11:50:02,970 - INFO - [2022EE] MISSING_CENTRAL: ZFake1E2Mu/Central/dR_mu1_mu2 in Skim_TriLep_DYJets10to50.root
2026-01-07 18:46:44,521 - INFO - [2022EE] MISSING_CENTRAL: ZFake1E2Mu/Central/dR_mu1_mu2 in Skim_TriLep_DYJets10to50.root
2026-01-09 12:21:11,781 - INFO - [2022EE] MISSING_CENTRAL: ZFake1E2Mu/Central/dR_mu1_mu2 in Skim_TriLep_DYJets10to50.root
