2025-09-24 15:57:02,603 - INFO - [2022EE] MISSING_CENTRAL: ZFake1E2Mu/Central/electrons/1/phi in Skim_TriLep_DYJets.root
2025-09-24 15:57:02,604 - INFO - [2022EE] MISSING_CENTRAL: ZFake1E2Mu/Central/electrons/1/phi in Skim_TriLep_DYJets10to50.root
2025-09-24 15:57:02,604 - INFO - [2022EE] MISSING_CENTRAL: ZFake1E2Mu/Central/electrons/1/phi in Skim_TriLep_DYGTo2LG_MLL4to50_PTG10to100.root
2025-09-24 15:57:02,604 - INFO - [2022EE] MISSING_CENTRAL: ZFake1E2Mu/Central/electrons/1/phi in Skim_TriLep_DYGTo2LG_MLL4to50_PTG100to200.root
2025-09-24 15:57:02,604 - INFO - [2022EE] MISSING_CENTRAL: ZFake1E2Mu/Central/electrons/1/phi in Skim_TriLep_DYGTo2LG_MLL4to50_PTG200toInf.root
2025-10-02 21:17:51,399 - INFO - [2022EE] MISSING_CENTRAL: ZFake1E2Mu/Central/electrons/1/phi in Skim_TriLep_DYJets.root
2025-10-02 21:17:51,400 - INFO - [2022EE] MISSING_CENTRAL: ZFake1E2Mu/Central/electrons/1/phi in Skim_TriLep_DYJets10to50.root
2025-10-02 21:17:51,401 - INFO - [2022EE] MISSING_CENTRAL: ZFake1E2Mu/Central/electrons/1/phi in Skim_TriLep_DYGTo2LG_MLL4to50_PTG10to100.root
2025-10-02 21:17:51,402 - INFO - [2022EE] MISSING_CENTRAL: ZFake1E2Mu/Central/electrons/1/phi in Skim_TriLep_DYGTo2LG_MLL4to50_PTG100to200.root
2025-10-02 21:17:51,402 - INFO - [2022EE] MISSING_CENTRAL: ZFake1E2Mu/Central/electrons/1/phi in Skim_TriLep_DYGTo2LG_MLL4to50_PTG200toInf.root
2025-10-03 00:24:53,751 - INFO - [2022EE] MISSING_CENTRAL: ZFake1E2Mu/Central/electrons/1/phi in Skim_TriLep_DYJets.root
2025-10-03 00:24:53,752 - INFO - [2022EE] MISSING_CENTRAL: ZFake1E2Mu/Central/electrons/1/phi in Skim_TriLep_DYJets10to50.root
2025-10-03 00:24:53,752 - INFO - [2022EE] MISSING_CENTRAL: ZFake1E2Mu/Central/electrons/1/phi in Skim_TriLep_DYGTo2LG_MLL4to50_PTG10to100.root
2025-10-03 00:24:53,753 - INFO - [2022EE] MISSING_CENTRAL: ZFake1E2Mu/Central/electrons/1/phi in Skim_TriLep_DYGTo2LG_MLL4to50_PTG100to200.root
2025-10-03 00:24:53,753 - INFO - [2022EE] MISSING_CENTRAL: ZFake1E2Mu/Central/electrons/1/phi in Skim_TriLep_DYGTo2LG_MLL4to50_PTG200toInf.root
2025-11-07 13:09:57,828 - INFO - [2022EE] MISSING_FILE: /home/choij/Sync/workspace/ChargedHiggsAnalysisV3/SKNanoOutput/PromptSelector/Run1E2Mu/2022EE/Skim_TriLep_MuonEG_E.root
2025-11-07 13:09:57,828 - INFO - [2022EE] MISSING_FILE: /home/choij/Sync/workspace/ChargedHiggsAnalysisV3/SKNanoOutput/PromptSelector/Run1E2Mu/2022EE/Skim_TriLep_MuonEG_F.root
2025-11-07 13:09:57,828 - INFO - [2022EE] MISSING_FILE: /home/choij/Sync/workspace/ChargedHiggsAnalysisV3/SKNanoOutput/PromptSelector/Run1E2Mu/2022EE/Skim_TriLep_MuonEG_G.root
2025-11-07 14:07:37,368 - INFO - [2022EE] MISSING_FILE: /home/choij/Sync/workspace/ChargedHiggsAnalysisV3/SKNanoOutput/PromptSelector/Run1E2Mu/2022EE/Skim_TriLep_MuonEG_E.root
2025-11-07 14:07:37,368 - INFO - [2022EE] MISSING_FILE: /home/choij/Sync/workspace/ChargedHiggsAnalysisV3/SKNanoOutput/PromptSelector/Run1E2Mu/2022EE/Skim_TriLep_MuonEG_F.root
2025-11-07 14:07:37,368 - INFO - [2022EE] MISSING_FILE: /home/choij/Sync/workspace/ChargedHiggsAnalysisV3/SKNanoOutput/PromptSelector/Run1E2Mu/2022EE/Skim_TriLep_MuonEG_G.root
2025-11-10 12:23:00,138 - INFO - [2022EE] MISSING_CENTRAL: ZFake1E2Mu/Central/electrons/1/phi in Skim_TriLep_DYJets.root
2025-11-10 12:23:00,138 - INFO - [2022EE] MISSING_CENTRAL: ZFake1E2Mu/Central/electrons/1/phi in Skim_TriLep_DYJets10to50.root
2025-11-10 12:23:00,139 - INFO - [2022EE] MISSING_CENTRAL: ZFake1E2Mu/Central/electrons/1/phi in Skim_TriLep_DYGTo2LG_MLL4to50_PTG10to100.root
2025-11-10 12:23:00,139 - INFO - [2022EE] MISSING_CENTRAL: ZFake1E2Mu/Central/electrons/1/phi in Skim_TriLep_DYGTo2LG_MLL4to50_PTG100to200.root
2025-11-10 12:23:00,140 - INFO - [2022EE] MISSING_CENTRAL: ZFake1E2Mu/Central/electrons/1/phi in Skim_TriLep_DYGTo2LG_MLL4to50_PTG200toInf.root
2025-11-13 11:12:43,850 - INFO - [2022EE] MISSING_CENTRAL: ZFake1E2Mu/Central/electrons/1/phi in Skim_TriLep_DYJets.root
2025-11-13 11:12:43,851 - INFO - [2022EE] MISSING_CENTRAL: ZFake1E2Mu/Central/electrons/1/phi in Skim_TriLep_DYJets10to50.root
2025-11-13 11:12:43,851 - INFO - [2022EE] MISSING_CENTRAL: ZFake1E2Mu/Central/electrons/1/phi in Skim_TriLep_DYGTo2LG_MLL4to50_PTG10to100.root
2025-11-13 11:12:43,852 - INFO - [2022EE] MISSING_CENTRAL: ZFake1E2Mu/Central/electrons/1/phi in Skim_TriLep_DYGTo2LG_MLL4to50_PTG100to200.root
2025-11-13 11:12:43,853 - INFO - [2022EE] MISSING_CENTRAL: ZFake1E2Mu/Central/electrons/1/phi in Skim_TriLep_DYGTo2LG_MLL4to50_PTG200toInf.root
2025-11-19 16:10:33,939 - INFO - [2022EE] MISSING_CENTRAL: ZFake1E2Mu/Central/electrons/1/phi in Skim_TriLep_DYJets.root
2025-11-19 16:10:33,940 - INFO - [2022EE] MISSING_CENTRAL: ZFake1E2Mu/Central/electrons/1/phi in Skim_TriLep_DYJets10to50.root
2025-11-19 16:10:33,940 - INFO - [2022EE] MISSING_CENTRAL: ZFake1E2Mu/Central/electrons/1/phi in Skim_TriLep_DYGTo2LG_MLL4to50_PTG10to100.root
2025-11-19 16:10:33,941 - INFO - [2022EE] MISSING_CENTRAL: ZFake1E2Mu/Central/electrons/1/phi in Skim_TriLep_DYGTo2LG_MLL4to50_PTG100to200.root
2025-11-19 16:10:33,941 - INFO - [2022EE] MISSING_CENTRAL: ZFake1E2Mu/Central/electrons/1/phi in Skim_TriLep_DYGTo2LG_MLL4to50_PTG200toInf.root
2025-11-19 16:25:25,445 - INFO - [2022EE] MISSING_CENTRAL: ZFake1E2Mu/Central/electrons/1/phi in Skim_TriLep_DYJets.root
2025-11-19 16:25:25,446 - INFO - [2022EE] MISSING_CENTRAL: ZFake1E2Mu/Central/electrons/1/phi in Skim_TriLep_DYJets10to50.root
2025-11-19 16:25:25,446 - INFO - [2022EE] MISSING_CENTRAL: ZFake1E2Mu/Central/electrons/1/phi in Skim_TriLep_DYGTo2LG_MLL4to50_PTG10to100.root
2025-11-19 16:25:25,447 - INFO - [2022EE] MISSING_CENTRAL: ZFake1E2Mu/Central/electrons/1/phi in Skim_TriLep_DYGTo2LG_MLL4to50_PTG100to200.root
2025-11-19 16:25:25,447 - INFO - [2022EE] MISSING_CENTRAL: ZFake1E2Mu/Central/electrons/1/phi in Skim_TriLep_DYGTo2LG_MLL4to50_PTG200toInf.root
2025-12-17 22:40:02,525 - INFO - [2022EE] MISSING_CENTRAL: ZFake1E2Mu/Central/electrons/1/phi in Skim_TriLep_DYJets10to50.root
2025-12-18 14:25:10,709 - INFO - [2022EE] MISSING_CENTRAL: ZFake1E2Mu/Central/electrons/1/phi in Skim_TriLep_DYJets10to50.root
2025-12-18 14:40:33,390 - INFO - [2022EE] MISSING_CENTRAL: ZFake1E2Mu/Central/electrons/1/phi in Skim_TriLep_DYJets10to50.root
2026-01-07 11:49:54,861 - INFO - [2022EE] MISSING_CENTRAL: ZFake1E2Mu/Central/electrons/1/phi in Skim_TriLep_DYJets10to50.root
2026-01-07 18:46:38,995 - INFO - [2022EE] MISSING_CENTRAL: ZFake1E2Mu/Central/electrons/1/phi in Skim_TriLep_DYJets10to50.root
2026-01-09 12:21:02,419 - INFO - [2022EE] MISSING_CENTRAL: ZFake1E2Mu/Central/electrons/1/phi in Skim_TriLep_DYJets10to50.root
2026-01-11 09:41:05,494 - INFO - [2022EE] MISSING_CENTRAL: ZFake1E2Mu/Central/electrons/1/phi in Skim_TriLep_DYJets10to50.root
2026-01-12 13:49:48,487 - INFO - [2022EE] MISSING_FILE: /home/choij/Sync/workspace/ChargedHiggsAnalysisV3/SKNanoOutput/MatrixSelector/Run1E2Mu/2022EE/Skim_TriLep_MuonEG_E.root
2026-01-12 13:49:48,487 - INFO - [2022EE] MISSING_FILE: /home/choij/Sync/workspace/ChargedHiggsAnalysisV3/SKNanoOutput/MatrixSelector/Run1E2Mu/2022EE/Skim_TriLep_MuonEG_F.root
2026-01-12 13:49:48,488 - INFO - [2022EE] MISSING_FILE: /home/choij/Sync/workspace/ChargedHiggsAnalysisV3/SKNanoOutput/MatrixSelector/Run1E2Mu/2022EE/Skim_TriLep_MuonEG_G.root
2026-01-12 13:49:48,511 - INFO - [2022EE] MISSING_CENTRAL: ZFake1E2Mu/Central/electrons/1/phi in Skim_TriLep_DYJets10to50.root
2026-01-16 19:04:47,837 - INFO - [2022EE] MISSING_CENTRAL: ZFake1E2Mu/Central/electrons/1/phi in Skim_TriLep_DYJets10to50.root
