2025-09-24 15:57:18,230 - INFO - [2022EE] MISSING_CENTRAL: ZFake1E2Mu/Central/jets/4/energy in Skim_TriLep_MuonEG_G.root
2025-09-24 15:57:18,289 - INFO - [2022EE] MISSING_CENTRAL: ZFake1E2Mu/Central/jets/4/energy in Skim_TriLep_MuonEG_E.root
2025-09-24 15:57:18,289 - INFO - [2022EE] MISSING_CENTRAL: ZFake1E2Mu/Central/jets/4/energy in Skim_TriLep_MuonEG_F.root
2025-09-24 15:57:18,290 - INFO - [2022EE] MISSING_CENTRAL: ZFake1E2Mu/Central/jets/4/energy in Skim_TriLep_MuonEG_G.root
2025-09-24 15:57:18,290 - INFO - [2022EE] MISSING_CENTRAL: ZFake1E2Mu/Central/jets/4/energy in Skim_TriLep_DYJets.root
2025-09-24 15:57:18,290 - INFO - [2022EE] MISSING_CENTRAL: ZFake1E2Mu/Central/jets/4/energy in Skim_TriLep_DYJets10to50.root
2025-09-24 15:57:18,291 - INFO - [2022EE] MISSING_CENTRAL: ZFake1E2Mu/Central/jets/4/energy in Skim_TriLep_DYGTo2LG_MLL4to50_PTG10to100.root
2025-09-24 15:57:18,291 - INFO - [2022EE] MISSING_CENTRAL: ZFake1E2Mu/Central/jets/4/energy in Skim_TriLep_DYGTo2LG_MLL4to50_PTG100to200.root
2025-09-24 15:57:18,291 - INFO - [2022EE] MISSING_CENTRAL: ZFake1E2Mu/Central/jets/4/energy in Skim_TriLep_DYGTo2LG_MLL4to50_PTG200toInf.root
2025-09-24 15:57:18,292 - INFO - [2022EE] MISSING_CENTRAL: ZFake1E2Mu/Central/jets/4/energy in Skim_TriLep_DYGTo2LG_MLL50_PTG10to100.root
2025-09-24 15:57:18,292 - INFO - [2022EE] MISSING_CENTRAL: ZFake1E2Mu/Central/jets/4/energy in Skim_TriLep_DYGTo2LG_MLL50_PTG100to200.root
2025-09-24 15:57:18,292 - INFO - [2022EE] MISSING_CENTRAL: ZFake1E2Mu/Central/jets/4/energy in Skim_TriLep_DYGTo2LG_MLL50_PTG200toInf.root
2025-09-24 15:57:18,293 - INFO - [2022EE] MISSING_CENTRAL: ZFake1E2Mu/Central/jets/4/energy in Skim_TriLep_TTG_PTG10to100.root
2025-09-24 15:57:18,293 - INFO - [2022EE] MISSING_CENTRAL: ZFake1E2Mu/Central/jets/4/energy in Skim_TriLep_TTG_PTG100to200.root
2025-09-24 15:57:18,293 - INFO - [2022EE] MISSING_CENTRAL: ZFake1E2Mu/Central/jets/4/energy in Skim_TriLep_TTG_PTG200toInf.root
2025-09-24 15:57:18,294 - INFO - [2022EE] MISSING_CENTRAL: ZFake1E2Mu/Central/jets/4/energy in Skim_TriLep_TTWToLNu.root
2025-09-24 15:57:18,295 - INFO - [2022EE] MISSING_CENTRAL: ZFake1E2Mu/Central/jets/4/energy in Skim_TriLep_TTZ_M4to50.root
2025-09-24 15:57:18,414 - INFO - [2022EE] MISSING_CENTRAL: ZFake1E2Mu/Central/jets/4/energy in Skim_TriLep_WWW.root
2025-09-24 15:57:18,477 - INFO - [2022EE] MISSING_CENTRAL: ZFake1E2Mu/Central/jets/4/energy in Skim_TriLep_VBFHToZZTo4L.root
2025-10-02 21:17:58,605 - INFO - [2022EE] MISSING_CENTRAL: ZFake1E2Mu/Central/jets/4/energy in Skim_TriLep_MuonEG_G.root
2025-10-02 21:17:58,645 - INFO - [2022EE] MISSING_CENTRAL: ZFake1E2Mu/Central/jets/4/energy in Skim_TriLep_MuonEG_E.root
2025-10-02 21:17:58,646 - INFO - [2022EE] MISSING_CENTRAL: ZFake1E2Mu/Central/jets/4/energy in Skim_TriLep_MuonEG_F.root
2025-10-02 21:17:58,648 - INFO - [2022EE] MISSING_CENTRAL: ZFake1E2Mu/Central/jets/4/energy in Skim_TriLep_MuonEG_G.root
2025-10-02 21:17:58,648 - INFO - [2022EE] MISSING_CENTRAL: ZFake1E2Mu/Central/jets/4/energy in Skim_TriLep_DYJets.root
2025-10-02 21:17:58,652 - INFO - [2022EE] MISSING_CENTRAL: ZFake1E2Mu/Central/jets/4/energy in Skim_TriLep_DYJets10to50.root
2025-10-02 21:17:58,653 - INFO - [2022EE] MISSING_CENTRAL: ZFake1E2Mu/Central/jets/4/energy in Skim_TriLep_DYGTo2LG_MLL4to50_PTG10to100.root
2025-10-02 21:17:58,654 - INFO - [2022EE] MISSING_CENTRAL: ZFake1E2Mu/Central/jets/4/energy in Skim_TriLep_DYGTo2LG_MLL4to50_PTG100to200.root
2025-10-02 21:17:58,655 - INFO - [2022EE] MISSING_CENTRAL: ZFake1E2Mu/Central/jets/4/energy in Skim_TriLep_DYGTo2LG_MLL4to50_PTG200toInf.root
2025-10-02 21:17:58,657 - INFO - [2022EE] MISSING_CENTRAL: ZFake1E2Mu/Central/jets/4/energy in Skim_TriLep_DYGTo2LG_MLL50_PTG10to100.root
2025-10-02 21:17:58,659 - INFO - [2022EE] MISSING_CENTRAL: ZFake1E2Mu/Central/jets/4/energy in Skim_TriLep_DYGTo2LG_MLL50_PTG100to200.root
2025-10-02 21:17:58,661 - INFO - [2022EE] MISSING_CENTRAL: ZFake1E2Mu/Central/jets/4/energy in Skim_TriLep_DYGTo2LG_MLL50_PTG200toInf.root
2025-10-02 21:17:58,666 - INFO - [2022EE] MISSING_CENTRAL: ZFake1E2Mu/Central/jets/4/energy in Skim_TriLep_TTG_PTG10to100.root
2025-10-02 21:17:58,668 - INFO - [2022EE] MISSING_CENTRAL: ZFake1E2Mu/Central/jets/4/energy in Skim_TriLep_TTG_PTG100to200.root
2025-10-02 21:17:58,670 - INFO - [2022EE] MISSING_CENTRAL: ZFake1E2Mu/Central/jets/4/energy in Skim_TriLep_TTG_PTG200toInf.root
2025-10-02 21:17:58,672 - INFO - [2022EE] MISSING_CENTRAL: ZFake1E2Mu/Central/jets/4/energy in Skim_TriLep_TTWToLNu.root
2025-10-02 21:17:58,673 - INFO - [2022EE] MISSING_CENTRAL: ZFake1E2Mu/Central/jets/4/energy in Skim_TriLep_TTZ_M4to50.root
2025-10-02 21:17:58,983 - INFO - [2022EE] MISSING_CENTRAL: ZFake1E2Mu/Central/jets/4/energy in Skim_TriLep_WWW.root
2025-10-02 21:17:59,099 - INFO - [2022EE] MISSING_CENTRAL: ZFake1E2Mu/Central/jets/4/energy in Skim_TriLep_VBFHToZZTo4L.root
2025-10-03 00:25:10,124 - INFO - [2022EE] MISSING_CENTRAL: ZFake1E2Mu/Central/jets/4/energy in Skim_TriLep_MuonEG_G.root
2025-10-03 00:25:10,182 - INFO - [2022EE] MISSING_CENTRAL: ZFake1E2Mu/Central/jets/4/energy in Skim_TriLep_MuonEG_E.root
2025-10-03 00:25:10,183 - INFO - [2022EE] MISSING_CENTRAL: ZFake1E2Mu/Central/jets/4/energy in Skim_TriLep_MuonEG_F.root
2025-10-03 00:25:10,183 - INFO - [2022EE] MISSING_CENTRAL: ZFake1E2Mu/Central/jets/4/energy in Skim_TriLep_MuonEG_G.root
2025-10-03 00:25:10,183 - INFO - [2022EE] MISSING_CENTRAL: ZFake1E2Mu/Central/jets/4/energy in Skim_TriLep_DYJets.root
2025-10-03 00:25:10,183 - INFO - [2022EE] MISSING_CENTRAL: ZFake1E2Mu/Central/jets/4/energy in Skim_TriLep_DYJets10to50.root
2025-10-03 00:25:10,184 - INFO - [2022EE] MISSING_CENTRAL: ZFake1E2Mu/Central/jets/4/energy in Skim_TriLep_DYGTo2LG_MLL4to50_PTG10to100.root
2025-10-03 00:25:10,184 - INFO - [2022EE] MISSING_CENTRAL: ZFake1E2Mu/Central/jets/4/energy in Skim_TriLep_DYGTo2LG_MLL4to50_PTG100to200.root
2025-10-03 00:25:10,184 - INFO - [2022EE] MISSING_CENTRAL: ZFake1E2Mu/Central/jets/4/energy in Skim_TriLep_DYGTo2LG_MLL4to50_PTG200toInf.root
2025-10-03 00:25:10,185 - INFO - [2022EE] MISSING_CENTRAL: ZFake1E2Mu/Central/jets/4/energy in Skim_TriLep_DYGTo2LG_MLL50_PTG10to100.root
2025-10-03 00:25:10,185 - INFO - [2022EE] MISSING_CENTRAL: ZFake1E2Mu/Central/jets/4/energy in Skim_TriLep_DYGTo2LG_MLL50_PTG100to200.root
2025-10-03 00:25:10,185 - INFO - [2022EE] MISSING_CENTRAL: ZFake1E2Mu/Central/jets/4/energy in Skim_TriLep_DYGTo2LG_MLL50_PTG200toInf.root
2025-10-03 00:25:10,186 - INFO - [2022EE] MISSING_CENTRAL: ZFake1E2Mu/Central/jets/4/energy in Skim_TriLep_TTG_PTG10to100.root
2025-10-03 00:25:10,186 - INFO - [2022EE] MISSING_CENTRAL: ZFake1E2Mu/Central/jets/4/energy in Skim_TriLep_TTG_PTG100to200.root
2025-10-03 00:25:10,186 - INFO - [2022EE] MISSING_CENTRAL: ZFake1E2Mu/Central/jets/4/energy in Skim_TriLep_TTG_PTG200toInf.root
2025-10-03 00:25:10,187 - INFO - [2022EE] MISSING_CENTRAL: ZFake1E2Mu/Central/jets/4/energy in Skim_TriLep_TTWToLNu.root
2025-10-03 00:25:10,187 - INFO - [2022EE] MISSING_CENTRAL: ZFake1E2Mu/Central/jets/4/energy in Skim_TriLep_TTZ_M4to50.root
2025-10-03 00:25:10,448 - INFO - [2022EE] MISSING_CENTRAL: ZFake1E2Mu/Central/jets/4/energy in Skim_TriLep_WWW.root
2025-10-03 00:25:10,535 - INFO - [2022EE] MISSING_CENTRAL: ZFake1E2Mu/Central/jets/4/energy in Skim_TriLep_VBFHToZZTo4L.root
2025-11-07 13:10:02,210 - INFO - [2022EE] MISSING_FILE: /home/choij/Sync/workspace/ChargedHiggsAnalysisV3/SKNanoOutput/PromptSelector/Run1E2Mu/2022EE/Skim_TriLep_MuonEG_E.root
2025-11-07 13:10:02,212 - INFO - [2022EE] MISSING_FILE: /home/choij/Sync/workspace/ChargedHiggsAnalysisV3/SKNanoOutput/PromptSelector/Run1E2Mu/2022EE/Skim_TriLep_MuonEG_F.root
2025-11-07 13:10:02,213 - INFO - [2022EE] MISSING_FILE: /home/choij/Sync/workspace/ChargedHiggsAnalysisV3/SKNanoOutput/PromptSelector/Run1E2Mu/2022EE/Skim_TriLep_MuonEG_G.root
2025-11-07 14:07:41,677 - INFO - [2022EE] MISSING_FILE: /home/choij/Sync/workspace/ChargedHiggsAnalysisV3/SKNanoOutput/PromptSelector/Run1E2Mu/2022EE/Skim_TriLep_MuonEG_E.root
2025-11-07 14:07:41,677 - INFO - [2022EE] MISSING_FILE: /home/choij/Sync/workspace/ChargedHiggsAnalysisV3/SKNanoOutput/PromptSelector/Run1E2Mu/2022EE/Skim_TriLep_MuonEG_F.root
2025-11-07 14:07:41,677 - INFO - [2022EE] MISSING_FILE: /home/choij/Sync/workspace/ChargedHiggsAnalysisV3/SKNanoOutput/PromptSelector/Run1E2Mu/2022EE/Skim_TriLep_MuonEG_G.root
