2025-09-24 15:57:05,630 - INFO - [2022EE] MISSING_CENTRAL: ZFake1E2Mu/Central/jets/1/mass in Skim_TriLep_DYJets.root
2025-09-24 15:57:05,631 - INFO - [2022EE] MISSING_CENTRAL: ZFake1E2Mu/Central/jets/1/mass in Skim_TriLep_DYJets10to50.root
2025-09-24 15:57:05,631 - INFO - [2022EE] MISSING_CENTRAL: ZFake1E2Mu/Central/jets/1/mass in Skim_TriLep_DYGTo2LG_MLL4to50_PTG10to100.root
2025-09-24 15:57:05,631 - INFO - [2022EE] MISSING_CENTRAL: ZFake1E2Mu/Central/jets/1/mass in Skim_TriLep_DYGTo2LG_MLL4to50_PTG100to200.root
2025-09-24 15:57:05,631 - INFO - [2022EE] MISSING_CENTRAL: ZFake1E2Mu/Central/jets/1/mass in Skim_TriLep_DYGTo2LG_MLL4to50_PTG200toInf.root
2025-10-02 21:17:51,068 - INFO - [2022EE] MISSING_CENTRAL: ZFake1E2Mu/Central/jets/1/mass in Skim_TriLep_DYJets.root
2025-10-02 21:17:51,069 - INFO - [2022EE] MISSING_CENTRAL: ZFake1E2Mu/Central/jets/1/mass in Skim_TriLep_DYJets10to50.root
2025-10-02 21:17:51,070 - INFO - [2022EE] MISSING_CENTRAL: ZFake1E2Mu/Central/jets/1/mass in Skim_TriLep_DYGTo2LG_MLL4to50_PTG10to100.root
2025-10-02 21:17:51,076 - INFO - [2022EE] MISSING_CENTRAL: ZFake1E2Mu/Central/jets/1/mass in Skim_TriLep_DYGTo2LG_MLL4to50_PTG100to200.root
2025-10-02 21:17:51,080 - INFO - [2022EE] MISSING_CENTRAL: ZFake1E2Mu/Central/jets/1/mass in Skim_TriLep_DYGTo2LG_MLL4to50_PTG200toInf.root
2025-10-03 00:24:56,969 - INFO - [2022EE] MISSING_CENTRAL: ZFake1E2Mu/Central/jets/1/mass in Skim_TriLep_DYJets.root
2025-10-03 00:24:56,969 - INFO - [2022EE] MISSING_CENTRAL: ZFake1E2Mu/Central/jets/1/mass in Skim_TriLep_DYJets10to50.root
2025-10-03 00:24:56,970 - INFO - [2022EE] MISSING_CENTRAL: ZFake1E2Mu/Central/jets/1/mass in Skim_TriLep_DYGTo2LG_MLL4to50_PTG10to100.root
2025-10-03 00:24:56,970 - INFO - [2022EE] MISSING_CENTRAL: ZFake1E2Mu/Central/jets/1/mass in Skim_TriLep_DYGTo2LG_MLL4to50_PTG100to200.root
2025-10-03 00:24:56,970 - INFO - [2022EE] MISSING_CENTRAL: ZFake1E2Mu/Central/jets/1/mass in Skim_TriLep_DYGTo2LG_MLL4to50_PTG200toInf.root
2025-11-07 13:09:59,940 - INFO - [2022EE] MISSING_FILE: /home/choij/Sync/workspace/ChargedHiggsAnalysisV3/SKNanoOutput/PromptSelector/Run1E2Mu/2022EE/Skim_TriLep_MuonEG_E.root
2025-11-07 13:09:59,946 - INFO - [2022EE] MISSING_FILE: /home/choij/Sync/workspace/ChargedHiggsAnalysisV3/SKNanoOutput/PromptSelector/Run1E2Mu/2022EE/Skim_TriLep_MuonEG_F.root
2025-11-07 13:09:59,947 - INFO - [2022EE] MISSING_FILE: /home/choij/Sync/workspace/ChargedHiggsAnalysisV3/SKNanoOutput/PromptSelector/Run1E2Mu/2022EE/Skim_TriLep_MuonEG_G.root
2025-11-07 14:07:39,465 - INFO - [2022EE] MISSING_FILE: /home/choij/Sync/workspace/ChargedHiggsAnalysisV3/SKNanoOutput/PromptSelector/Run1E2Mu/2022EE/Skim_TriLep_MuonEG_E.root
2025-11-07 14:07:39,465 - INFO - [2022EE] MISSING_FILE: /home/choij/Sync/workspace/ChargedHiggsAnalysisV3/SKNanoOutput/PromptSelector/Run1E2Mu/2022EE/Skim_TriLep_MuonEG_F.root
2025-11-07 14:07:39,465 - INFO - [2022EE] MISSING_FILE: /home/choij/Sync/workspace/ChargedHiggsAnalysisV3/SKNanoOutput/PromptSelector/Run1E2Mu/2022EE/Skim_TriLep_MuonEG_G.root
2025-11-10 12:23:03,375 - INFO - [2022EE] MISSING_CENTRAL: ZFake1E2Mu/Central/jets/1/mass in Skim_TriLep_DYJets.root
2025-11-10 12:23:03,375 - INFO - [2022EE] MISSING_CENTRAL: ZFake1E2Mu/Central/jets/1/mass in Skim_TriLep_DYJets10to50.root
2025-11-10 12:23:03,376 - INFO - [2022EE] MISSING_CENTRAL: ZFake1E2Mu/Central/jets/1/mass in Skim_TriLep_DYGTo2LG_MLL4to50_PTG10to100.root
2025-11-10 12:23:03,376 - INFO - [2022EE] MISSING_CENTRAL: ZFake1E2Mu/Central/jets/1/mass in Skim_TriLep_DYGTo2LG_MLL4to50_PTG100to200.root
2025-11-10 12:23:03,376 - INFO - [2022EE] MISSING_CENTRAL: ZFake1E2Mu/Central/jets/1/mass in Skim_TriLep_DYGTo2LG_MLL4to50_PTG200toInf.root
2025-11-13 11:12:43,874 - INFO - [2022EE] MISSING_CENTRAL: ZFake1E2Mu/Central/jets/1/mass in Skim_TriLep_DYJets.root
2025-11-13 11:12:43,876 - INFO - [2022EE] MISSING_CENTRAL: ZFake1E2Mu/Central/jets/1/mass in Skim_TriLep_DYJets10to50.root
2025-11-13 11:12:43,877 - INFO - [2022EE] MISSING_CENTRAL: ZFake1E2Mu/Central/jets/1/mass in Skim_TriLep_DYGTo2LG_MLL4to50_PTG10to100.root
2025-11-13 11:12:43,878 - INFO - [2022EE] MISSING_CENTRAL: ZFake1E2Mu/Central/jets/1/mass in Skim_TriLep_DYGTo2LG_MLL4to50_PTG100to200.root
2025-11-13 11:12:43,880 - INFO - [2022EE] MISSING_CENTRAL: ZFake1E2Mu/Central/jets/1/mass in Skim_TriLep_DYGTo2LG_MLL4to50_PTG200toInf.root
2025-11-19 16:10:37,377 - INFO - [2022EE] MISSING_CENTRAL: ZFake1E2Mu/Central/jets/1/mass in Skim_TriLep_DYJets.root
2025-11-19 16:10:37,378 - INFO - [2022EE] MISSING_CENTRAL: ZFake1E2Mu/Central/jets/1/mass in Skim_TriLep_DYJets10to50.root
2025-11-19 16:10:37,378 - INFO - [2022EE] MISSING_CENTRAL: ZFake1E2Mu/Central/jets/1/mass in Skim_TriLep_DYGTo2LG_MLL4to50_PTG10to100.root
2025-11-19 16:10:37,379 - INFO - [2022EE] MISSING_CENTRAL: ZFake1E2Mu/Central/jets/1/mass in Skim_TriLep_DYGTo2LG_MLL4to50_PTG100to200.root
2025-11-19 16:10:37,379 - INFO - [2022EE] MISSING_CENTRAL: ZFake1E2Mu/Central/jets/1/mass in Skim_TriLep_DYGTo2LG_MLL4to50_PTG200toInf.root
2025-11-19 16:25:28,452 - INFO - [2022EE] MISSING_CENTRAL: ZFake1E2Mu/Central/jets/1/mass in Skim_TriLep_DYJets.root
2025-11-19 16:25:28,456 - INFO - [2022EE] MISSING_CENTRAL: ZFake1E2Mu/Central/jets/1/mass in Skim_TriLep_DYJets10to50.root
2025-11-19 16:25:28,456 - INFO - [2022EE] MISSING_CENTRAL: ZFake1E2Mu/Central/jets/1/mass in Skim_TriLep_DYGTo2LG_MLL4to50_PTG10to100.root
2025-11-19 16:25:28,457 - INFO - [2022EE] MISSING_CENTRAL: ZFake1E2Mu/Central/jets/1/mass in Skim_TriLep_DYGTo2LG_MLL4to50_PTG100to200.root
2025-11-19 16:25:28,457 - INFO - [2022EE] MISSING_CENTRAL: ZFake1E2Mu/Central/jets/1/mass in Skim_TriLep_DYGTo2LG_MLL4to50_PTG200toInf.root
2025-12-17 22:40:02,526 - INFO - [2022EE] MISSING_CENTRAL: ZFake1E2Mu/Central/jets/1/mass in Skim_TriLep_DYJets10to50.root
2025-12-18 14:25:11,381 - INFO - [2022EE] MISSING_CENTRAL: ZFake1E2Mu/Central/jets/1/mass in Skim_TriLep_DYJets10to50.root
2025-12-18 14:40:33,012 - INFO - [2022EE] MISSING_CENTRAL: ZFake1E2Mu/Central/jets/1/mass in Skim_TriLep_DYJets10to50.root
