2025-09-24 15:57:08,532 - INFO - [2022EE] MISSING_CENTRAL: ZFake1E2Mu/Central/jets/1/energy in Skim_TriLep_DYJets.root
2025-09-24 15:57:08,532 - INFO - [2022EE] MISSING_CENTRAL: ZFake1E2Mu/Central/jets/1/energy in Skim_TriLep_DYJets10to50.root
2025-09-24 15:57:08,533 - INFO - [2022EE] MISSING_CENTRAL: ZFake1E2Mu/Central/jets/1/energy in Skim_TriLep_DYGTo2LG_MLL4to50_PTG10to100.root
2025-09-24 15:57:08,533 - INFO - [2022EE] MISSING_CENTRAL: ZFake1E2Mu/Central/jets/1/energy in Skim_TriLep_DYGTo2LG_MLL4to50_PTG100to200.root
2025-09-24 15:57:08,533 - INFO - [2022EE] MISSING_CENTRAL: ZFake1E2Mu/Central/jets/1/energy in Skim_TriLep_DYGTo2LG_MLL4to50_PTG200toInf.root
2025-10-02 21:17:51,173 - INFO - [2022EE] MISSING_CENTRAL: ZFake1E2Mu/Central/jets/1/energy in Skim_TriLep_DYJets.root
2025-10-02 21:17:51,174 - INFO - [2022EE] MISSING_CENTRAL: ZFake1E2Mu/Central/jets/1/energy in Skim_TriLep_DYJets10to50.root
2025-10-02 21:17:51,174 - INFO - [2022EE] MISSING_CENTRAL: ZFake1E2Mu/Central/jets/1/energy in Skim_TriLep_DYGTo2LG_MLL4to50_PTG10to100.root
2025-10-02 21:17:51,175 - INFO - [2022EE] MISSING_CENTRAL: ZFake1E2Mu/Central/jets/1/energy in Skim_TriLep_DYGTo2LG_MLL4to50_PTG100to200.root
2025-10-02 21:17:51,176 - INFO - [2022EE] MISSING_CENTRAL: ZFake1E2Mu/Central/jets/1/energy in Skim_TriLep_DYGTo2LG_MLL4to50_PTG200toInf.root
2025-10-03 00:25:00,080 - INFO - [2022EE] MISSING_CENTRAL: ZFake1E2Mu/Central/jets/1/energy in Skim_TriLep_DYJets.root
2025-10-03 00:25:00,081 - INFO - [2022EE] MISSING_CENTRAL: ZFake1E2Mu/Central/jets/1/energy in Skim_TriLep_DYJets10to50.root
2025-10-03 00:25:00,081 - INFO - [2022EE] MISSING_CENTRAL: ZFake1E2Mu/Central/jets/1/energy in Skim_TriLep_DYGTo2LG_MLL4to50_PTG10to100.root
2025-10-03 00:25:00,082 - INFO - [2022EE] MISSING_CENTRAL: ZFake1E2Mu/Central/jets/1/energy in Skim_TriLep_DYGTo2LG_MLL4to50_PTG100to200.root
2025-10-03 00:25:00,082 - INFO - [2022EE] MISSING_CENTRAL: ZFake1E2Mu/Central/jets/1/energy in Skim_TriLep_DYGTo2LG_MLL4to50_PTG200toInf.root
2025-11-07 13:10:00,005 - INFO - [2022EE] MISSING_FILE: /home/choij/Sync/workspace/ChargedHiggsAnalysisV3/SKNanoOutput/PromptSelector/Run1E2Mu/2022EE/Skim_TriLep_MuonEG_E.root
2025-11-07 13:10:00,005 - INFO - [2022EE] MISSING_FILE: /home/choij/Sync/workspace/ChargedHiggsAnalysisV3/SKNanoOutput/PromptSelector/Run1E2Mu/2022EE/Skim_TriLep_MuonEG_F.root
2025-11-07 13:10:00,006 - INFO - [2022EE] MISSING_FILE: /home/choij/Sync/workspace/ChargedHiggsAnalysisV3/SKNanoOutput/PromptSelector/Run1E2Mu/2022EE/Skim_TriLep_MuonEG_G.root
2025-11-07 14:07:39,398 - INFO - [2022EE] MISSING_FILE: /home/choij/Sync/workspace/ChargedHiggsAnalysisV3/SKNanoOutput/PromptSelector/Run1E2Mu/2022EE/Skim_TriLep_MuonEG_E.root
2025-11-07 14:07:39,400 - INFO - [2022EE] MISSING_FILE: /home/choij/Sync/workspace/ChargedHiggsAnalysisV3/SKNanoOutput/PromptSelector/Run1E2Mu/2022EE/Skim_TriLep_MuonEG_F.root
2025-11-07 14:07:39,400 - INFO - [2022EE] MISSING_FILE: /home/choij/Sync/workspace/ChargedHiggsAnalysisV3/SKNanoOutput/PromptSelector/Run1E2Mu/2022EE/Skim_TriLep_MuonEG_G.root
2025-11-10 12:23:03,375 - INFO - [2022EE] MISSING_CENTRAL: ZFake1E2Mu/Central/jets/1/energy in Skim_TriLep_DYJets.root
2025-11-10 12:23:03,375 - INFO - [2022EE] MISSING_CENTRAL: ZFake1E2Mu/Central/jets/1/energy in Skim_TriLep_DYJets10to50.root
2025-11-10 12:23:03,376 - INFO - [2022EE] MISSING_CENTRAL: ZFake1E2Mu/Central/jets/1/energy in Skim_TriLep_DYGTo2LG_MLL4to50_PTG10to100.root
2025-11-10 12:23:03,376 - INFO - [2022EE] MISSING_CENTRAL: ZFake1E2Mu/Central/jets/1/energy in Skim_TriLep_DYGTo2LG_MLL4to50_PTG100to200.root
2025-11-10 12:23:03,377 - INFO - [2022EE] MISSING_CENTRAL: ZFake1E2Mu/Central/jets/1/energy in Skim_TriLep_DYGTo2LG_MLL4to50_PTG200toInf.root
2025-11-13 11:12:43,889 - INFO - [2022EE] MISSING_CENTRAL: ZFake1E2Mu/Central/jets/1/energy in Skim_TriLep_DYJets.root
2025-11-13 11:12:43,890 - INFO - [2022EE] MISSING_CENTRAL: ZFake1E2Mu/Central/jets/1/energy in Skim_TriLep_DYJets10to50.root
2025-11-13 11:12:43,891 - INFO - [2022EE] MISSING_CENTRAL: ZFake1E2Mu/Central/jets/1/energy in Skim_TriLep_DYGTo2LG_MLL4to50_PTG10to100.root
2025-11-13 11:12:43,893 - INFO - [2022EE] MISSING_CENTRAL: ZFake1E2Mu/Central/jets/1/energy in Skim_TriLep_DYGTo2LG_MLL4to50_PTG100to200.root
2025-11-13 11:12:43,895 - INFO - [2022EE] MISSING_CENTRAL: ZFake1E2Mu/Central/jets/1/energy in Skim_TriLep_DYGTo2LG_MLL4to50_PTG200toInf.root
2025-11-19 16:10:37,420 - INFO - [2022EE] MISSING_CENTRAL: ZFake1E2Mu/Central/jets/1/energy in Skim_TriLep_DYJets.root
2025-11-19 16:10:37,421 - INFO - [2022EE] MISSING_CENTRAL: ZFake1E2Mu/Central/jets/1/energy in Skim_TriLep_DYJets10to50.root
2025-11-19 16:10:37,421 - INFO - [2022EE] MISSING_CENTRAL: ZFake1E2Mu/Central/jets/1/energy in Skim_TriLep_DYGTo2LG_MLL4to50_PTG10to100.root
2025-11-19 16:10:37,422 - INFO - [2022EE] MISSING_CENTRAL: ZFake1E2Mu/Central/jets/1/energy in Skim_TriLep_DYGTo2LG_MLL4to50_PTG100to200.root
2025-11-19 16:10:37,422 - INFO - [2022EE] MISSING_CENTRAL: ZFake1E2Mu/Central/jets/1/energy in Skim_TriLep_DYGTo2LG_MLL4to50_PTG200toInf.root
2025-11-19 16:25:28,735 - INFO - [2022EE] MISSING_CENTRAL: ZFake1E2Mu/Central/jets/1/energy in Skim_TriLep_DYJets.root
2025-11-19 16:25:28,736 - INFO - [2022EE] MISSING_CENTRAL: ZFake1E2Mu/Central/jets/1/energy in Skim_TriLep_DYJets10to50.root
2025-11-19 16:25:28,736 - INFO - [2022EE] MISSING_CENTRAL: ZFake1E2Mu/Central/jets/1/energy in Skim_TriLep_DYGTo2LG_MLL4to50_PTG10to100.root
2025-11-19 16:25:28,737 - INFO - [2022EE] MISSING_CENTRAL: ZFake1E2Mu/Central/jets/1/energy in Skim_TriLep_DYGTo2LG_MLL4to50_PTG100to200.root
2025-11-19 16:25:28,737 - INFO - [2022EE] MISSING_CENTRAL: ZFake1E2Mu/Central/jets/1/energy in Skim_TriLep_DYGTo2LG_MLL4to50_PTG200toInf.root
