2025-11-07 13:10:05,602 - INFO - [2022EE] MISSING_FILE: /home/choij/Sync/workspace/ChargedHiggsAnalysisV3/SKNanoOutput/PromptSelector/Run1E2Mu/2022EE/Skim_TriLep_MuonEG_E.root
2025-11-07 13:10:05,602 - INFO - [2022EE] MISSING_FILE: /home/choij/Sync/workspace/ChargedHiggsAnalysisV3/SKNanoOutput/PromptSelector/Run1E2Mu/2022EE/Skim_TriLep_MuonEG_F.root
2025-11-07 13:10:05,602 - INFO - [2022EE] MISSING_FILE: /home/choij/Sync/workspace/ChargedHiggsAnalysisV3/SKNanoOutput/PromptSelector/Run1E2Mu/2022EE/Skim_TriLep_MuonEG_G.root
2025-11-07 14:07:43,959 - INFO - [2022EE] MISSING_FILE: /home/choij/Sync/workspace/ChargedHiggsAnalysisV3/SKNanoOutput/PromptSelector/Run1E2Mu/2022EE/Skim_TriLep_MuonEG_E.root
2025-11-07 14:07:43,959 - INFO - [2022EE] MISSING_FILE: /home/choij/Sync/workspace/ChargedHiggsAnalysisV3/SKNanoOutput/PromptSelector/Run1E2Mu/2022EE/Skim_TriLep_MuonEG_F.root
2025-11-07 14:07:43,960 - INFO - [2022EE] MISSING_FILE: /home/choij/Sync/workspace/ChargedHiggsAnalysisV3/SKNanoOutput/PromptSelector/Run1E2Mu/2022EE/Skim_TriLep_MuonEG_G.root
2025-11-10 12:23:10,154 - INFO - [2022EE] MISSING_CENTRAL: ZFake1E2Mu/Central/MHc160_MA85/score_diboson in Skim_TriLep_DYJets.root
2025-11-10 12:23:10,155 - INFO - [2022EE] MISSING_CENTRAL: ZFake1E2Mu/Central/MHc160_MA85/score_diboson in Skim_TriLep_DYJets10to50.root
2025-11-10 12:23:10,155 - INFO - [2022EE] MISSING_CENTRAL: ZFake1E2Mu/Central/MHc160_MA85/score_diboson in Skim_TriLep_DYGTo2LG_MLL4to50_PTG10to100.root
2025-11-10 12:23:10,156 - INFO - [2022EE] MISSING_CENTRAL: ZFake1E2Mu/Central/MHc160_MA85/score_diboson in Skim_TriLep_DYGTo2LG_MLL4to50_PTG100to200.root
2025-11-10 12:23:10,156 - INFO - [2022EE] MISSING_CENTRAL: ZFake1E2Mu/Central/MHc160_MA85/score_diboson in Skim_TriLep_DYGTo2LG_MLL4to50_PTG200toInf.root
2025-11-13 11:12:53,181 - INFO - [2022EE] MISSING_CENTRAL: ZFake1E2Mu/Central/MHc160_MA85/score_diboson in Skim_TriLep_DYJets.root
2025-11-13 11:12:53,190 - INFO - [2022EE] MISSING_CENTRAL: ZFake1E2Mu/Central/MHc160_MA85/score_diboson in Skim_TriLep_DYJets10to50.root
2025-11-13 11:12:53,191 - INFO - [2022EE] MISSING_CENTRAL: ZFake1E2Mu/Central/MHc160_MA85/score_diboson in Skim_TriLep_DYGTo2LG_MLL4to50_PTG10to100.root
2025-11-13 11:12:53,192 - INFO - [2022EE] MISSING_CENTRAL: ZFake1E2Mu/Central/MHc160_MA85/score_diboson in Skim_TriLep_DYGTo2LG_MLL4to50_PTG100to200.root
2025-11-13 11:12:53,194 - INFO - [2022EE] MISSING_CENTRAL: ZFake1E2Mu/Central/MHc160_MA85/score_diboson in Skim_TriLep_DYGTo2LG_MLL4to50_PTG200toInf.root
2025-11-19 16:10:44,168 - INFO - [2022EE] MISSING_CENTRAL: ZFake1E2Mu/Central/MHc160_MA85/score_diboson in Skim_TriLep_DYJets.root
2025-11-19 16:10:44,168 - INFO - [2022EE] MISSING_CENTRAL: ZFake1E2Mu/Central/MHc160_MA85/score_diboson in Skim_TriLep_DYJets10to50.root
2025-11-19 16:10:44,172 - INFO - [2022EE] MISSING_CENTRAL: ZFake1E2Mu/Central/MHc160_MA85/score_diboson in Skim_TriLep_DYGTo2LG_MLL4to50_PTG10to100.root
2025-11-19 16:10:44,172 - INFO - [2022EE] MISSING_CENTRAL: ZFake1E2Mu/Central/MHc160_MA85/score_diboson in Skim_TriLep_DYGTo2LG_MLL4to50_PTG100to200.root
2025-11-19 16:10:44,173 - INFO - [2022EE] MISSING_CENTRAL: ZFake1E2Mu/Central/MHc160_MA85/score_diboson in Skim_TriLep_DYGTo2LG_MLL4to50_PTG200toInf.root
2025-11-19 16:25:35,998 - INFO - [2022EE] MISSING_CENTRAL: ZFake1E2Mu/Central/MHc160_MA85/score_diboson in Skim_TriLep_DYJets.root
2025-11-19 16:25:35,999 - INFO - [2022EE] MISSING_CENTRAL: ZFake1E2Mu/Central/MHc160_MA85/score_diboson in Skim_TriLep_DYJets10to50.root
2025-11-19 16:25:35,999 - INFO - [2022EE] MISSING_CENTRAL: ZFake1E2Mu/Central/MHc160_MA85/score_diboson in Skim_TriLep_DYGTo2LG_MLL4to50_PTG10to100.root
2025-11-19 16:25:36,000 - INFO - [2022EE] MISSING_CENTRAL: ZFake1E2Mu/Central/MHc160_MA85/score_diboson in Skim_TriLep_DYGTo2LG_MLL4to50_PTG100to200.root
2025-11-19 16:25:36,000 - INFO - [2022EE] MISSING_CENTRAL: ZFake1E2Mu/Central/MHc160_MA85/score_diboson in Skim_TriLep_DYGTo2LG_MLL4to50_PTG200toInf.root
