2025-11-07 13:10:04,295 - INFO - [2022EE] MISSING_FILE: /home/choij/Sync/workspace/ChargedHiggsAnalysisV3/SKNanoOutput/PromptSelector/Run1E2Mu/2022EE/Skim_TriLep_MuonEG_E.root
2025-11-07 13:10:04,295 - INFO - [2022EE] MISSING_FILE: /home/choij/Sync/workspace/ChargedHiggsAnalysisV3/SKNanoOutput/PromptSelector/Run1E2Mu/2022EE/Skim_TriLep_MuonEG_F.root
2025-11-07 13:10:04,295 - INFO - [2022EE] MISSING_FILE: /home/choij/Sync/workspace/ChargedHiggsAnalysisV3/SKNanoOutput/PromptSelector/Run1E2Mu/2022EE/Skim_TriLep_MuonEG_G.root
2025-11-07 14:07:43,791 - INFO - [2022EE] MISSING_FILE: /home/choij/Sync/workspace/ChargedHiggsAnalysisV3/SKNanoOutput/PromptSelector/Run1E2Mu/2022EE/Skim_TriLep_MuonEG_E.root
2025-11-07 14:07:43,791 - INFO - [2022EE] MISSING_FILE: /home/choij/Sync/workspace/ChargedHiggsAnalysisV3/SKNanoOutput/PromptSelector/Run1E2Mu/2022EE/Skim_TriLep_MuonEG_F.root
2025-11-07 14:07:43,795 - INFO - [2022EE] MISSING_FILE: /home/choij/Sync/workspace/ChargedHiggsAnalysisV3/SKNanoOutput/PromptSelector/Run1E2Mu/2022EE/Skim_TriLep_MuonEG_G.root
2025-11-10 12:23:09,777 - INFO - [2022EE] MISSING_CENTRAL: ZFake1E2Mu/Central/MHc130_MA90/score_nonprompt in Skim_TriLep_DYJets.root
2025-11-10 12:23:09,777 - INFO - [2022EE] MISSING_CENTRAL: ZFake1E2Mu/Central/MHc130_MA90/score_nonprompt in Skim_TriLep_DYJets10to50.root
2025-11-10 12:23:09,778 - INFO - [2022EE] MISSING_CENTRAL: ZFake1E2Mu/Central/MHc130_MA90/score_nonprompt in Skim_TriLep_DYGTo2LG_MLL4to50_PTG10to100.root
2025-11-10 12:23:09,778 - INFO - [2022EE] MISSING_CENTRAL: ZFake1E2Mu/Central/MHc130_MA90/score_nonprompt in Skim_TriLep_DYGTo2LG_MLL4to50_PTG100to200.root
2025-11-10 12:23:09,779 - INFO - [2022EE] MISSING_CENTRAL: ZFake1E2Mu/Central/MHc130_MA90/score_nonprompt in Skim_TriLep_DYGTo2LG_MLL4to50_PTG200toInf.root
2025-11-13 11:12:52,926 - INFO - [2022EE] MISSING_CENTRAL: ZFake1E2Mu/Central/MHc130_MA90/score_nonprompt in Skim_TriLep_DYJets.root
2025-11-13 11:12:52,927 - INFO - [2022EE] MISSING_CENTRAL: ZFake1E2Mu/Central/MHc130_MA90/score_nonprompt in Skim_TriLep_DYJets10to50.root
2025-11-13 11:12:52,928 - INFO - [2022EE] MISSING_CENTRAL: ZFake1E2Mu/Central/MHc130_MA90/score_nonprompt in Skim_TriLep_DYGTo2LG_MLL4to50_PTG10to100.root
2025-11-13 11:12:52,929 - INFO - [2022EE] MISSING_CENTRAL: ZFake1E2Mu/Central/MHc130_MA90/score_nonprompt in Skim_TriLep_DYGTo2LG_MLL4to50_PTG100to200.root
2025-11-13 11:12:52,930 - INFO - [2022EE] MISSING_CENTRAL: ZFake1E2Mu/Central/MHc130_MA90/score_nonprompt in Skim_TriLep_DYGTo2LG_MLL4to50_PTG200toInf.root
2025-11-19 16:10:43,970 - INFO - [2022EE] MISSING_CENTRAL: ZFake1E2Mu/Central/MHc130_MA90/score_nonprompt in Skim_TriLep_DYJets.root
2025-11-19 16:10:43,970 - INFO - [2022EE] MISSING_CENTRAL: ZFake1E2Mu/Central/MHc130_MA90/score_nonprompt in Skim_TriLep_DYJets10to50.root
2025-11-19 16:10:43,971 - INFO - [2022EE] MISSING_CENTRAL: ZFake1E2Mu/Central/MHc130_MA90/score_nonprompt in Skim_TriLep_DYGTo2LG_MLL4to50_PTG10to100.root
2025-11-19 16:10:43,971 - INFO - [2022EE] MISSING_CENTRAL: ZFake1E2Mu/Central/MHc130_MA90/score_nonprompt in Skim_TriLep_DYGTo2LG_MLL4to50_PTG100to200.root
2025-11-19 16:10:43,972 - INFO - [2022EE] MISSING_CENTRAL: ZFake1E2Mu/Central/MHc130_MA90/score_nonprompt in Skim_TriLep_DYGTo2LG_MLL4to50_PTG200toInf.root
2025-11-19 16:25:35,182 - INFO - [2022EE] MISSING_CENTRAL: ZFake1E2Mu/Central/MHc130_MA90/score_nonprompt in Skim_TriLep_DYJets.root
2025-11-19 16:25:35,183 - INFO - [2022EE] MISSING_CENTRAL: ZFake1E2Mu/Central/MHc130_MA90/score_nonprompt in Skim_TriLep_DYJets10to50.root
2025-11-19 16:25:35,183 - INFO - [2022EE] MISSING_CENTRAL: ZFake1E2Mu/Central/MHc130_MA90/score_nonprompt in Skim_TriLep_DYGTo2LG_MLL4to50_PTG10to100.root
2025-11-19 16:25:35,184 - INFO - [2022EE] MISSING_CENTRAL: ZFake1E2Mu/Central/MHc130_MA90/score_nonprompt in Skim_TriLep_DYGTo2LG_MLL4to50_PTG100to200.root
2025-11-19 16:25:35,184 - INFO - [2022EE] MISSING_CENTRAL: ZFake1E2Mu/Central/MHc130_MA90/score_nonprompt in Skim_TriLep_DYGTo2LG_MLL4to50_PTG200toInf.root
2025-12-17 22:40:11,829 - INFO - [2022EE] MISSING_CENTRAL: ZFake1E2Mu/Central/MHc130_MA90/score_nonprompt in Skim_TriLep_DYJets10to50.root
2025-12-18 14:25:18,802 - INFO - [2022EE] MISSING_CENTRAL: ZFake1E2Mu/Central/MHc130_MA90/score_nonprompt in Skim_TriLep_DYJets10to50.root
2025-12-18 14:40:39,916 - INFO - [2022EE] MISSING_CENTRAL: ZFake1E2Mu/Central/MHc130_MA90/score_nonprompt in Skim_TriLep_DYJets10to50.root
