2025-11-07 13:10:04,411 - INFO - [2022EE] MISSING_FILE: /home/choij/Sync/workspace/ChargedHiggsAnalysisV3/SKNanoOutput/PromptSelector/Run1E2Mu/2022EE/Skim_TriLep_MuonEG_E.root
2025-11-07 13:10:04,411 - INFO - [2022EE] MISSING_FILE: /home/choij/Sync/workspace/ChargedHiggsAnalysisV3/SKNanoOutput/PromptSelector/Run1E2Mu/2022EE/Skim_TriLep_MuonEG_F.root
2025-11-07 13:10:04,411 - INFO - [2022EE] MISSING_FILE: /home/choij/Sync/workspace/ChargedHiggsAnalysisV3/SKNanoOutput/PromptSelector/Run1E2Mu/2022EE/Skim_TriLep_MuonEG_G.root
2025-11-07 14:07:43,783 - INFO - [2022EE] MISSING_FILE: /home/choij/Sync/workspace/ChargedHiggsAnalysisV3/SKNanoOutput/PromptSelector/Run1E2Mu/2022EE/Skim_TriLep_MuonEG_E.root
2025-11-07 14:07:43,783 - INFO - [2022EE] MISSING_FILE: /home/choij/Sync/workspace/ChargedHiggsAnalysisV3/SKNanoOutput/PromptSelector/Run1E2Mu/2022EE/Skim_TriLep_MuonEG_F.root
2025-11-07 14:07:43,783 - INFO - [2022EE] MISSING_FILE: /home/choij/Sync/workspace/ChargedHiggsAnalysisV3/SKNanoOutput/PromptSelector/Run1E2Mu/2022EE/Skim_TriLep_MuonEG_G.root
2025-11-10 12:23:09,536 - INFO - [2022EE] MISSING_CENTRAL: ZFake1E2Mu/Central/MHc100_MA95/score_nonprompt in Skim_TriLep_DYJets.root
2025-11-10 12:23:09,540 - INFO - [2022EE] MISSING_CENTRAL: ZFake1E2Mu/Central/MHc100_MA95/score_nonprompt in Skim_TriLep_DYJets10to50.root
2025-11-10 12:23:09,540 - INFO - [2022EE] MISSING_CENTRAL: ZFake1E2Mu/Central/MHc100_MA95/score_nonprompt in Skim_TriLep_DYGTo2LG_MLL4to50_PTG10to100.root
2025-11-10 12:23:09,541 - INFO - [2022EE] MISSING_CENTRAL: ZFake1E2Mu/Central/MHc100_MA95/score_nonprompt in Skim_TriLep_DYGTo2LG_MLL4to50_PTG100to200.root
2025-11-10 12:23:09,541 - INFO - [2022EE] MISSING_CENTRAL: ZFake1E2Mu/Central/MHc100_MA95/score_nonprompt in Skim_TriLep_DYGTo2LG_MLL4to50_PTG200toInf.root
2025-11-13 11:12:52,721 - INFO - [2022EE] MISSING_CENTRAL: ZFake1E2Mu/Central/MHc100_MA95/score_nonprompt in Skim_TriLep_DYJets.root
2025-11-13 11:12:52,722 - INFO - [2022EE] MISSING_CENTRAL: ZFake1E2Mu/Central/MHc100_MA95/score_nonprompt in Skim_TriLep_DYJets10to50.root
2025-11-13 11:12:52,723 - INFO - [2022EE] MISSING_CENTRAL: ZFake1E2Mu/Central/MHc100_MA95/score_nonprompt in Skim_TriLep_DYGTo2LG_MLL4to50_PTG10to100.root
2025-11-13 11:12:52,725 - INFO - [2022EE] MISSING_CENTRAL: ZFake1E2Mu/Central/MHc100_MA95/score_nonprompt in Skim_TriLep_DYGTo2LG_MLL4to50_PTG100to200.root
2025-11-13 11:12:52,727 - INFO - [2022EE] MISSING_CENTRAL: ZFake1E2Mu/Central/MHc100_MA95/score_nonprompt in Skim_TriLep_DYGTo2LG_MLL4to50_PTG200toInf.root
2025-11-19 16:10:43,725 - INFO - [2022EE] MISSING_CENTRAL: ZFake1E2Mu/Central/MHc100_MA95/score_nonprompt in Skim_TriLep_DYJets.root
2025-11-19 16:10:43,726 - INFO - [2022EE] MISSING_CENTRAL: ZFake1E2Mu/Central/MHc100_MA95/score_nonprompt in Skim_TriLep_DYJets10to50.root
2025-11-19 16:10:43,726 - INFO - [2022EE] MISSING_CENTRAL: ZFake1E2Mu/Central/MHc100_MA95/score_nonprompt in Skim_TriLep_DYGTo2LG_MLL4to50_PTG10to100.root
2025-11-19 16:10:43,726 - INFO - [2022EE] MISSING_CENTRAL: ZFake1E2Mu/Central/MHc100_MA95/score_nonprompt in Skim_TriLep_DYGTo2LG_MLL4to50_PTG100to200.root
2025-11-19 16:10:43,727 - INFO - [2022EE] MISSING_CENTRAL: ZFake1E2Mu/Central/MHc100_MA95/score_nonprompt in Skim_TriLep_DYGTo2LG_MLL4to50_PTG200toInf.root
2025-11-19 16:25:34,710 - INFO - [2022EE] MISSING_CENTRAL: ZFake1E2Mu/Central/MHc100_MA95/score_nonprompt in Skim_TriLep_DYJets.root
2025-11-19 16:25:34,720 - INFO - [2022EE] MISSING_CENTRAL: ZFake1E2Mu/Central/MHc100_MA95/score_nonprompt in Skim_TriLep_DYJets10to50.root
2025-11-19 16:25:34,721 - INFO - [2022EE] MISSING_CENTRAL: ZFake1E2Mu/Central/MHc100_MA95/score_nonprompt in Skim_TriLep_DYGTo2LG_MLL4to50_PTG10to100.root
2025-11-19 16:25:34,723 - INFO - [2022EE] MISSING_CENTRAL: ZFake1E2Mu/Central/MHc100_MA95/score_nonprompt in Skim_TriLep_DYGTo2LG_MLL4to50_PTG100to200.root
2025-11-19 16:25:34,725 - INFO - [2022EE] MISSING_CENTRAL: ZFake1E2Mu/Central/MHc100_MA95/score_nonprompt in Skim_TriLep_DYGTo2LG_MLL4to50_PTG200toInf.root
2025-12-17 22:40:11,868 - INFO - [2022EE] MISSING_CENTRAL: ZFake1E2Mu/Central/MHc100_MA95/score_nonprompt in Skim_TriLep_DYJets10to50.root
2025-12-18 14:25:17,520 - INFO - [2022EE] MISSING_CENTRAL: ZFake1E2Mu/Central/MHc100_MA95/score_nonprompt in Skim_TriLep_DYJets10to50.root
2025-12-18 14:40:39,680 - INFO - [2022EE] MISSING_CENTRAL: ZFake1E2Mu/Central/MHc100_MA95/score_nonprompt in Skim_TriLep_DYJets10to50.root
2026-01-07 11:50:02,924 - INFO - [2022EE] MISSING_CENTRAL: ZFake1E2Mu/Central/MHc100_MA95/score_nonprompt in Skim_TriLep_DYJets10to50.root
2026-01-07 18:46:44,618 - INFO - [2022EE] MISSING_CENTRAL: ZFake1E2Mu/Central/MHc100_MA95/score_nonprompt in Skim_TriLep_DYJets10to50.root
2026-01-09 12:21:11,788 - INFO - [2022EE] MISSING_CENTRAL: ZFake1E2Mu/Central/MHc100_MA95/score_nonprompt in Skim_TriLep_DYJets10to50.root
2026-01-11 09:41:14,863 - INFO - [2022EE] MISSING_CENTRAL: ZFake1E2Mu/Central/MHc100_MA95/score_nonprompt in Skim_TriLep_DYJets10to50.root
2026-01-12 13:49:58,046 - INFO - [2022EE] MISSING_FILE: /home/choij/Sync/workspace/ChargedHiggsAnalysisV3/SKNanoOutput/MatrixSelector/Run1E2Mu/2022EE/Skim_TriLep_MuonEG_E.root
2026-01-12 13:49:58,047 - INFO - [2022EE] MISSING_FILE: /home/choij/Sync/workspace/ChargedHiggsAnalysisV3/SKNanoOutput/MatrixSelector/Run1E2Mu/2022EE/Skim_TriLep_MuonEG_F.root
2026-01-12 13:49:58,047 - INFO - [2022EE] MISSING_FILE: /home/choij/Sync/workspace/ChargedHiggsAnalysisV3/SKNanoOutput/MatrixSelector/Run1E2Mu/2022EE/Skim_TriLep_MuonEG_G.root
2026-01-12 13:49:58,072 - INFO - [2022EE] MISSING_CENTRAL: ZFake1E2Mu/Central/MHc100_MA95/score_nonprompt in Skim_TriLep_DYJets10to50.root
2026-01-16 19:04:57,054 - INFO - [2022EE] MISSING_CENTRAL: ZFake1E2Mu/Central/MHc100_MA95/score_nonprompt in Skim_TriLep_DYJets10to50.root
