2025-11-07 13:10:04,496 - INFO - [2022EE] MISSING_FILE: /home/choij/Sync/workspace/ChargedHiggsAnalysisV3/SKNanoOutput/PromptSelector/Run1E2Mu/2022EE/Skim_TriLep_MuonEG_E.root
2025-11-07 13:10:04,496 - INFO - [2022EE] MISSING_FILE: /home/choij/Sync/workspace/ChargedHiggsAnalysisV3/SKNanoOutput/PromptSelector/Run1E2Mu/2022EE/Skim_TriLep_MuonEG_F.root
2025-11-07 13:10:04,497 - INFO - [2022EE] MISSING_FILE: /home/choij/Sync/workspace/ChargedHiggsAnalysisV3/SKNanoOutput/PromptSelector/Run1E2Mu/2022EE/Skim_TriLep_MuonEG_G.root
2025-11-07 14:07:43,897 - INFO - [2022EE] MISSING_FILE: /home/choij/Sync/workspace/ChargedHiggsAnalysisV3/SKNanoOutput/PromptSelector/Run1E2Mu/2022EE/Skim_TriLep_MuonEG_E.root
2025-11-07 14:07:43,900 - INFO - [2022EE] MISSING_FILE: /home/choij/Sync/workspace/ChargedHiggsAnalysisV3/SKNanoOutput/PromptSelector/Run1E2Mu/2022EE/Skim_TriLep_MuonEG_F.root
2025-11-07 14:07:43,900 - INFO - [2022EE] MISSING_FILE: /home/choij/Sync/workspace/ChargedHiggsAnalysisV3/SKNanoOutput/PromptSelector/Run1E2Mu/2022EE/Skim_TriLep_MuonEG_G.root
2025-11-10 12:23:09,983 - INFO - [2022EE] MISSING_CENTRAL: ZFake1E2Mu/Central/MHc130_MA90/score_signal in Skim_TriLep_DYJets.root
2025-11-10 12:23:09,984 - INFO - [2022EE] MISSING_CENTRAL: ZFake1E2Mu/Central/MHc130_MA90/score_signal in Skim_TriLep_DYJets10to50.root
2025-11-10 12:23:09,984 - INFO - [2022EE] MISSING_CENTRAL: ZFake1E2Mu/Central/MHc130_MA90/score_signal in Skim_TriLep_DYGTo2LG_MLL4to50_PTG10to100.root
2025-11-10 12:23:09,985 - INFO - [2022EE] MISSING_CENTRAL: ZFake1E2Mu/Central/MHc130_MA90/score_signal in Skim_TriLep_DYGTo2LG_MLL4to50_PTG100to200.root
2025-11-10 12:23:09,985 - INFO - [2022EE] MISSING_CENTRAL: ZFake1E2Mu/Central/MHc130_MA90/score_signal in Skim_TriLep_DYGTo2LG_MLL4to50_PTG200toInf.root
2025-11-13 11:12:52,755 - INFO - [2022EE] MISSING_CENTRAL: ZFake1E2Mu/Central/MHc130_MA90/score_signal in Skim_TriLep_DYJets.root
2025-11-13 11:12:52,757 - INFO - [2022EE] MISSING_CENTRAL: ZFake1E2Mu/Central/MHc130_MA90/score_signal in Skim_TriLep_DYJets10to50.root
2025-11-13 11:12:52,758 - INFO - [2022EE] MISSING_CENTRAL: ZFake1E2Mu/Central/MHc130_MA90/score_signal in Skim_TriLep_DYGTo2LG_MLL4to50_PTG10to100.root
2025-11-13 11:12:52,761 - INFO - [2022EE] MISSING_CENTRAL: ZFake1E2Mu/Central/MHc130_MA90/score_signal in Skim_TriLep_DYGTo2LG_MLL4to50_PTG100to200.root
2025-11-13 11:12:52,762 - INFO - [2022EE] MISSING_CENTRAL: ZFake1E2Mu/Central/MHc130_MA90/score_signal in Skim_TriLep_DYGTo2LG_MLL4to50_PTG200toInf.root
2025-11-19 16:10:44,070 - INFO - [2022EE] MISSING_CENTRAL: ZFake1E2Mu/Central/MHc130_MA90/score_signal in Skim_TriLep_DYJets.root
2025-11-19 16:10:44,071 - INFO - [2022EE] MISSING_CENTRAL: ZFake1E2Mu/Central/MHc130_MA90/score_signal in Skim_TriLep_DYJets10to50.root
2025-11-19 16:10:44,071 - INFO - [2022EE] MISSING_CENTRAL: ZFake1E2Mu/Central/MHc130_MA90/score_signal in Skim_TriLep_DYGTo2LG_MLL4to50_PTG10to100.root
2025-11-19 16:10:44,071 - INFO - [2022EE] MISSING_CENTRAL: ZFake1E2Mu/Central/MHc130_MA90/score_signal in Skim_TriLep_DYGTo2LG_MLL4to50_PTG100to200.root
2025-11-19 16:10:44,072 - INFO - [2022EE] MISSING_CENTRAL: ZFake1E2Mu/Central/MHc130_MA90/score_signal in Skim_TriLep_DYGTo2LG_MLL4to50_PTG200toInf.root
2025-11-19 16:25:35,722 - INFO - [2022EE] MISSING_CENTRAL: ZFake1E2Mu/Central/MHc130_MA90/score_signal in Skim_TriLep_DYJets.root
2025-11-19 16:25:35,723 - INFO - [2022EE] MISSING_CENTRAL: ZFake1E2Mu/Central/MHc130_MA90/score_signal in Skim_TriLep_DYJets10to50.root
2025-11-19 16:25:35,723 - INFO - [2022EE] MISSING_CENTRAL: ZFake1E2Mu/Central/MHc130_MA90/score_signal in Skim_TriLep_DYGTo2LG_MLL4to50_PTG10to100.root
2025-11-19 16:25:35,724 - INFO - [2022EE] MISSING_CENTRAL: ZFake1E2Mu/Central/MHc130_MA90/score_signal in Skim_TriLep_DYGTo2LG_MLL4to50_PTG100to200.root
2025-11-19 16:25:35,724 - INFO - [2022EE] MISSING_CENTRAL: ZFake1E2Mu/Central/MHc130_MA90/score_signal in Skim_TriLep_DYGTo2LG_MLL4to50_PTG200toInf.root
2025-12-17 22:40:11,783 - INFO - [2022EE] MISSING_CENTRAL: ZFake1E2Mu/Central/MHc130_MA90/score_signal in Skim_TriLep_DYJets10to50.root
2025-12-18 14:25:20,268 - INFO - [2022EE] MISSING_CENTRAL: ZFake1E2Mu/Central/MHc130_MA90/score_signal in Skim_TriLep_DYJets10to50.root
2025-12-18 14:40:41,918 - INFO - [2022EE] MISSING_CENTRAL: ZFake1E2Mu/Central/MHc130_MA90/score_signal in Skim_TriLep_DYJets10to50.root
