2025-09-24 15:57:21,188 - INFO - [2022EE] MISSING_CENTRAL: ZFake1E2Mu/Central/ZCand/mass in Skim_TriLep_DYJets.root
2025-09-24 15:57:21,188 - INFO - [2022EE] MISSING_CENTRAL: ZFake1E2Mu/Central/ZCand/mass in Skim_TriLep_DYJets10to50.root
2025-09-24 15:57:21,188 - INFO - [2022EE] MISSING_CENTRAL: ZFake1E2Mu/Central/ZCand/mass in Skim_TriLep_DYGTo2LG_MLL4to50_PTG10to100.root
2025-09-24 15:57:21,188 - INFO - [2022EE] MISSING_CENTRAL: ZFake1E2Mu/Central/ZCand/mass in Skim_TriLep_DYGTo2LG_MLL4to50_PTG100to200.root
2025-09-24 15:57:21,189 - INFO - [2022EE] MISSING_CENTRAL: ZFake1E2Mu/Central/ZCand/mass in Skim_TriLep_DYGTo2LG_MLL4to50_PTG200toInf.root
2025-10-02 21:17:59,655 - INFO - [2022EE] MISSING_CENTRAL: ZFake1E2Mu/Central/ZCand/mass in Skim_TriLep_DYJets.root
2025-10-02 21:17:59,656 - INFO - [2022EE] MISSING_CENTRAL: ZFake1E2Mu/Central/ZCand/mass in Skim_TriLep_DYJets10to50.root
2025-10-02 21:17:59,657 - INFO - [2022EE] MISSING_CENTRAL: ZFake1E2Mu/Central/ZCand/mass in Skim_TriLep_DYGTo2LG_MLL4to50_PTG10to100.root
2025-10-02 21:17:59,658 - INFO - [2022EE] MISSING_CENTRAL: ZFake1E2Mu/Central/ZCand/mass in Skim_TriLep_DYGTo2LG_MLL4to50_PTG100to200.root
2025-10-02 21:17:59,659 - INFO - [2022EE] MISSING_CENTRAL: ZFake1E2Mu/Central/ZCand/mass in Skim_TriLep_DYGTo2LG_MLL4to50_PTG200toInf.root
2025-10-03 00:25:13,457 - INFO - [2022EE] MISSING_CENTRAL: ZFake1E2Mu/Central/ZCand/mass in Skim_TriLep_DYJets.root
2025-10-03 00:25:13,458 - INFO - [2022EE] MISSING_CENTRAL: ZFake1E2Mu/Central/ZCand/mass in Skim_TriLep_DYJets10to50.root
2025-10-03 00:25:13,458 - INFO - [2022EE] MISSING_CENTRAL: ZFake1E2Mu/Central/ZCand/mass in Skim_TriLep_DYGTo2LG_MLL4to50_PTG10to100.root
2025-10-03 00:25:13,459 - INFO - [2022EE] MISSING_CENTRAL: ZFake1E2Mu/Central/ZCand/mass in Skim_TriLep_DYGTo2LG_MLL4to50_PTG100to200.root
2025-10-03 00:25:13,459 - INFO - [2022EE] MISSING_CENTRAL: ZFake1E2Mu/Central/ZCand/mass in Skim_TriLep_DYGTo2LG_MLL4to50_PTG200toInf.root
2025-11-07 13:10:03,898 - INFO - [2022EE] MISSING_FILE: /home/choij/Sync/workspace/ChargedHiggsAnalysisV3/SKNanoOutput/PromptSelector/Run1E2Mu/2022EE/Skim_TriLep_MuonEG_E.root
2025-11-07 13:10:03,898 - INFO - [2022EE] MISSING_FILE: /home/choij/Sync/workspace/ChargedHiggsAnalysisV3/SKNanoOutput/PromptSelector/Run1E2Mu/2022EE/Skim_TriLep_MuonEG_F.root
2025-11-07 13:10:03,898 - INFO - [2022EE] MISSING_FILE: /home/choij/Sync/workspace/ChargedHiggsAnalysisV3/SKNanoOutput/PromptSelector/Run1E2Mu/2022EE/Skim_TriLep_MuonEG_G.root
2025-11-07 14:07:41,670 - INFO - [2022EE] MISSING_FILE: /home/choij/Sync/workspace/ChargedHiggsAnalysisV3/SKNanoOutput/PromptSelector/Run1E2Mu/2022EE/Skim_TriLep_MuonEG_E.root
2025-11-07 14:07:41,671 - INFO - [2022EE] MISSING_FILE: /home/choij/Sync/workspace/ChargedHiggsAnalysisV3/SKNanoOutput/PromptSelector/Run1E2Mu/2022EE/Skim_TriLep_MuonEG_F.root
2025-11-07 14:07:41,671 - INFO - [2022EE] MISSING_FILE: /home/choij/Sync/workspace/ChargedHiggsAnalysisV3/SKNanoOutput/PromptSelector/Run1E2Mu/2022EE/Skim_TriLep_MuonEG_G.root
2025-11-10 12:23:06,813 - INFO - [2022EE] MISSING_CENTRAL: ZFake1E2Mu/Central/ZCand/mass in Skim_TriLep_DYJets.root
2025-11-10 12:23:06,814 - INFO - [2022EE] MISSING_CENTRAL: ZFake1E2Mu/Central/ZCand/mass in Skim_TriLep_DYJets10to50.root
2025-11-10 12:23:06,814 - INFO - [2022EE] MISSING_CENTRAL: ZFake1E2Mu/Central/ZCand/mass in Skim_TriLep_DYGTo2LG_MLL4to50_PTG10to100.root
2025-11-10 12:23:06,815 - INFO - [2022EE] MISSING_CENTRAL: ZFake1E2Mu/Central/ZCand/mass in Skim_TriLep_DYGTo2LG_MLL4to50_PTG100to200.root
2025-11-10 12:23:06,815 - INFO - [2022EE] MISSING_CENTRAL: ZFake1E2Mu/Central/ZCand/mass in Skim_TriLep_DYGTo2LG_MLL4to50_PTG200toInf.root
2025-11-13 11:12:52,705 - INFO - [2022EE] MISSING_CENTRAL: ZFake1E2Mu/Central/ZCand/mass in Skim_TriLep_DYJets.root
2025-11-13 11:12:52,707 - INFO - [2022EE] MISSING_CENTRAL: ZFake1E2Mu/Central/ZCand/mass in Skim_TriLep_DYJets10to50.root
2025-11-13 11:12:52,709 - INFO - [2022EE] MISSING_CENTRAL: ZFake1E2Mu/Central/ZCand/mass in Skim_TriLep_DYGTo2LG_MLL4to50_PTG10to100.root
2025-11-13 11:12:52,710 - INFO - [2022EE] MISSING_CENTRAL: ZFake1E2Mu/Central/ZCand/mass in Skim_TriLep_DYGTo2LG_MLL4to50_PTG100to200.root
2025-11-13 11:12:52,712 - INFO - [2022EE] MISSING_CENTRAL: ZFake1E2Mu/Central/ZCand/mass in Skim_TriLep_DYGTo2LG_MLL4to50_PTG200toInf.root
2025-11-19 16:10:40,872 - INFO - [2022EE] MISSING_CENTRAL: ZFake1E2Mu/Central/ZCand/mass in Skim_TriLep_DYJets.root
2025-11-19 16:10:40,874 - INFO - [2022EE] MISSING_CENTRAL: ZFake1E2Mu/Central/ZCand/mass in Skim_TriLep_DYJets10to50.root
2025-11-19 16:10:40,874 - INFO - [2022EE] MISSING_CENTRAL: ZFake1E2Mu/Central/ZCand/mass in Skim_TriLep_DYGTo2LG_MLL4to50_PTG10to100.root
2025-11-19 16:10:40,874 - INFO - [2022EE] MISSING_CENTRAL: ZFake1E2Mu/Central/ZCand/mass in Skim_TriLep_DYGTo2LG_MLL4to50_PTG100to200.root
2025-11-19 16:10:40,875 - INFO - [2022EE] MISSING_CENTRAL: ZFake1E2Mu/Central/ZCand/mass in Skim_TriLep_DYGTo2LG_MLL4to50_PTG200toInf.root
2025-11-19 16:25:31,961 - INFO - [2022EE] MISSING_CENTRAL: ZFake1E2Mu/Central/ZCand/mass in Skim_TriLep_DYJets.root
2025-11-19 16:25:31,961 - INFO - [2022EE] MISSING_CENTRAL: ZFake1E2Mu/Central/ZCand/mass in Skim_TriLep_DYJets10to50.root
2025-11-19 16:25:31,962 - INFO - [2022EE] MISSING_CENTRAL: ZFake1E2Mu/Central/ZCand/mass in Skim_TriLep_DYGTo2LG_MLL4to50_PTG10to100.root
2025-11-19 16:25:31,962 - INFO - [2022EE] MISSING_CENTRAL: ZFake1E2Mu/Central/ZCand/mass in Skim_TriLep_DYGTo2LG_MLL4to50_PTG100to200.root
2025-11-19 16:25:31,962 - INFO - [2022EE] MISSING_CENTRAL: ZFake1E2Mu/Central/ZCand/mass in Skim_TriLep_DYGTo2LG_MLL4to50_PTG200toInf.root
2025-12-17 22:40:11,836 - INFO - [2022EE] MISSING_CENTRAL: ZFake1E2Mu/Central/ZCand/mass in Skim_TriLep_DYJets10to50.root
2025-12-18 14:25:16,819 - INFO - [2022EE] MISSING_CENTRAL: ZFake1E2Mu/Central/ZCand/mass in Skim_TriLep_DYJets10to50.root
2025-12-18 14:40:39,259 - INFO - [2022EE] MISSING_CENTRAL: ZFake1E2Mu/Central/ZCand/mass in Skim_TriLep_DYJets10to50.root
2026-01-07 11:50:02,991 - INFO - [2022EE] MISSING_CENTRAL: ZFake1E2Mu/Central/ZCand/mass in Skim_TriLep_DYJets10to50.root
2026-01-07 18:46:44,597 - INFO - [2022EE] MISSING_CENTRAL: ZFake1E2Mu/Central/ZCand/mass in Skim_TriLep_DYJets10to50.root
2026-01-09 12:21:08,925 - INFO - [2022EE] MISSING_CENTRAL: ZFake1E2Mu/Central/ZCand/mass in Skim_TriLep_DYJets10to50.root
2026-01-11 09:41:12,044 - INFO - [2022EE] MISSING_CENTRAL: ZFake1E2Mu/Central/ZCand/mass in Skim_TriLep_DYJets10to50.root
2026-01-12 13:49:55,304 - INFO - [2022EE] MISSING_FILE: /home/choij/Sync/workspace/ChargedHiggsAnalysisV3/SKNanoOutput/MatrixSelector/Run1E2Mu/2022EE/Skim_TriLep_MuonEG_E.root
2026-01-12 13:49:55,304 - INFO - [2022EE] MISSING_FILE: /home/choij/Sync/workspace/ChargedHiggsAnalysisV3/SKNanoOutput/MatrixSelector/Run1E2Mu/2022EE/Skim_TriLep_MuonEG_F.root
2026-01-12 13:49:55,304 - INFO - [2022EE] MISSING_FILE: /home/choij/Sync/workspace/ChargedHiggsAnalysisV3/SKNanoOutput/MatrixSelector/Run1E2Mu/2022EE/Skim_TriLep_MuonEG_G.root
2026-01-12 13:49:55,328 - INFO - [2022EE] MISSING_CENTRAL: ZFake1E2Mu/Central/ZCand/mass in Skim_TriLep_DYJets10to50.root
2026-01-16 19:04:54,321 - INFO - [2022EE] MISSING_CENTRAL: ZFake1E2Mu/Central/ZCand/mass in Skim_TriLep_DYJets10to50.root
