2025-09-24 15:56:13,167 - INFO - [2022] MISSING_CENTRAL: SR1E2Mu/Central/bjets/1/pt in Skim_TriLep_DYJets.root
2025-09-24 15:56:13,167 - INFO - [2022] MISSING_CENTRAL: SR1E2Mu/Central/bjets/1/pt in Skim_TriLep_DYJets10to50.root
2025-09-24 15:56:13,205 - INFO - [2022] MISSING_CENTRAL: SR1E2Mu/Central/bjets/1/pt in Skim_TriLep_DYGTo2LG_MLL4to50_PTG200toInf.root
2025-09-24 15:56:13,539 - INFO - [2022] MISSING_CENTRAL: SR1E2Mu/Central/bjets/1/pt in Skim_TriLep_WWW.root
2025-10-02 21:17:23,768 - INFO - [2022] MISSING_CENTRAL: SR1E2Mu/Central/bjets/1/pt in Skim_TriLep_DYJets.root
2025-10-02 21:17:23,769 - INFO - [2022] MISSING_CENTRAL: SR1E2Mu/Central/bjets/1/pt in Skim_TriLep_DYJets10to50.root
2025-10-02 21:17:23,831 - INFO - [2022] MISSING_CENTRAL: SR1E2Mu/Central/bjets/1/pt in Skim_TriLep_DYGTo2LG_MLL4to50_PTG200toInf.root
2025-10-02 21:17:24,751 - INFO - [2022] MISSING_CENTRAL: SR1E2Mu/Central/bjets/1/pt in Skim_TriLep_WWW.root
2025-10-03 00:24:06,470 - INFO - [2022] MISSING_CENTRAL: SR1E2Mu/Central/bjets/1/pt in Skim_TriLep_DYJets.root
2025-10-03 00:24:06,471 - INFO - [2022] MISSING_CENTRAL: SR1E2Mu/Central/bjets/1/pt in Skim_TriLep_DYJets10to50.root
2025-10-03 00:24:06,603 - INFO - [2022] MISSING_CENTRAL: SR1E2Mu/Central/bjets/1/pt in Skim_TriLep_DYGTo2LG_MLL4to50_PTG200toInf.root
2025-10-03 00:24:06,832 - INFO - [2022] MISSING_CENTRAL: SR1E2Mu/Central/bjets/1/pt in Skim_TriLep_WWW.root
2025-11-07 13:09:39,734 - INFO - [2022] MISSING_FILE: /home/choij/Sync/workspace/ChargedHiggsAnalysisV3/SKNanoOutput/PromptSelector/Run1E2Mu/2022/Skim_TriLep_MuonEG_C.root
2025-11-07 13:09:39,734 - INFO - [2022] MISSING_FILE: /home/choij/Sync/workspace/ChargedHiggsAnalysisV3/SKNanoOutput/PromptSelector/Run1E2Mu/2022/Skim_TriLep_MuonEG_D.root
2025-11-07 14:07:19,999 - INFO - [2022] MISSING_FILE: /home/choij/Sync/workspace/ChargedHiggsAnalysisV3/SKNanoOutput/PromptSelector/Run1E2Mu/2022/Skim_TriLep_MuonEG_C.root
2025-11-07 14:07:20,005 - INFO - [2022] MISSING_FILE: /home/choij/Sync/workspace/ChargedHiggsAnalysisV3/SKNanoOutput/PromptSelector/Run1E2Mu/2022/Skim_TriLep_MuonEG_D.root
2025-11-10 12:22:34,990 - INFO - [2022] MISSING_CENTRAL: SR1E2Mu/Central/bjets/1/pt in Skim_TriLep_DYJets.root
2025-11-10 12:22:34,990 - INFO - [2022] MISSING_CENTRAL: SR1E2Mu/Central/bjets/1/pt in Skim_TriLep_DYJets10to50.root
2025-11-10 12:22:35,016 - INFO - [2022] MISSING_CENTRAL: SR1E2Mu/Central/bjets/1/pt in Skim_TriLep_DYGTo2LG_MLL4to50_PTG200toInf.root
2025-11-10 12:22:35,201 - INFO - [2022] MISSING_CENTRAL: SR1E2Mu/Central/bjets/1/pt in Skim_TriLep_WWW.root
2025-11-13 11:12:15,966 - INFO - [2022] MISSING_CENTRAL: SR1E2Mu/Central/bjets/1/pt in Skim_TriLep_DYJets.root
2025-11-13 11:12:15,967 - INFO - [2022] MISSING_CENTRAL: SR1E2Mu/Central/bjets/1/pt in Skim_TriLep_DYJets10to50.root
2025-11-13 11:12:16,071 - INFO - [2022] MISSING_CENTRAL: SR1E2Mu/Central/bjets/1/pt in Skim_TriLep_DYGTo2LG_MLL4to50_PTG200toInf.root
2025-11-13 11:12:16,543 - INFO - [2022] MISSING_CENTRAL: SR1E2Mu/Central/bjets/1/pt in Skim_TriLep_WWW.root
2025-11-19 16:24:58,541 - INFO - [2022] MISSING_CENTRAL: SR1E2Mu/Central/bjets/1/pt in Skim_TriLep_DYJets.root
2025-11-19 16:24:58,545 - INFO - [2022] MISSING_CENTRAL: SR1E2Mu/Central/bjets/1/pt in Skim_TriLep_DYJets10to50.root
2025-11-19 16:24:58,595 - INFO - [2022] MISSING_CENTRAL: SR1E2Mu/Central/bjets/1/pt in Skim_TriLep_DYGTo2LG_MLL4to50_PTG200toInf.root
2025-11-19 16:24:58,833 - INFO - [2022] MISSING_CENTRAL: SR1E2Mu/Central/bjets/1/pt in Skim_TriLep_WWW.root
2025-12-17 22:39:32,926 - INFO - [2022] MISSING_CENTRAL: SR1E2Mu/Central/bjets/1/pt in Skim_TriLep_DYJets10to50.root
2025-12-17 22:39:33,198 - INFO - [2022] MISSING_CENTRAL: SR1E2Mu/Central/bjets/1/pt in Skim_TriLep_WWW.root
2025-12-18 14:24:17,074 - INFO - [2022] MISSING_CENTRAL: SR1E2Mu/Central/bjets/1/pt in Skim_TriLep_DYJets10to50.root
2025-12-18 14:24:17,518 - INFO - [2022] MISSING_CENTRAL: SR1E2Mu/Central/bjets/1/pt in Skim_TriLep_WWW.root
2025-12-18 14:39:40,137 - INFO - [2022] MISSING_CENTRAL: SR1E2Mu/Central/bjets/1/pt in Skim_TriLep_DYJets10to50.root
2025-12-18 14:39:40,533 - INFO - [2022] MISSING_CENTRAL: SR1E2Mu/Central/bjets/1/pt in Skim_TriLep_WWW.root
2026-01-07 11:49:09,411 - INFO - [2022] MISSING_CENTRAL: SR1E2Mu/Central/bjets/1/pt in Skim_TriLep_DYJets10to50.root
2026-01-07 11:49:09,666 - INFO - [2022] MISSING_CENTRAL: SR1E2Mu/Central/bjets/1/pt in Skim_TriLep_WWW.root
2026-01-07 18:45:54,989 - INFO - [2022] MISSING_CENTRAL: SR1E2Mu/Central/bjets/1/pt in Skim_TriLep_DYJets10to50.root
2026-01-07 18:45:55,505 - INFO - [2022] MISSING_CENTRAL: SR1E2Mu/Central/bjets/1/pt in Skim_TriLep_WWW.root
2026-01-07 19:29:30,965 - INFO - [2022] MISSING_CENTRAL: SR1E2Mu/Central/bjets/1/pt in Skim_TriLep_DYJets10to50.root
2026-01-07 19:29:31,206 - INFO - [2022] MISSING_CENTRAL: SR1E2Mu/Central/bjets/1/pt in Skim_TriLep_WWW.root
2026-01-09 12:20:11,865 - INFO - [2022] MISSING_CENTRAL: SR1E2Mu/Central/bjets/1/pt in Skim_TriLep_DYJets10to50.root
2026-01-09 12:20:12,007 - INFO - [2022] MISSING_CENTRAL: SR1E2Mu/Central/bjets/1/pt in Skim_TriLep_WWW.root
