2025-09-24 15:56:00,120 - INFO - [2022] MISSING_CENTRAL: SR1E2Mu/Central/electrons/1/py in Skim_TriLep_DYJets.root
2025-09-24 15:56:00,120 - INFO - [2022] MISSING_CENTRAL: SR1E2Mu/Central/electrons/1/py in Skim_TriLep_DYJets10to50.root
2025-09-24 15:56:00,196 - INFO - [2022] MISSING_CENTRAL: SR1E2Mu/Central/electrons/1/py in Skim_TriLep_DYGTo2LG_MLL4to50_PTG200toInf.root
2025-09-24 15:56:00,427 - INFO - [2022] MISSING_CENTRAL: SR1E2Mu/Central/electrons/1/py in Skim_TriLep_WWW.root
2025-10-02 21:17:15,114 - INFO - [2022] MISSING_CENTRAL: SR1E2Mu/Central/electrons/1/py in Skim_TriLep_DYJets.root
2025-10-02 21:17:15,115 - INFO - [2022] MISSING_CENTRAL: SR1E2Mu/Central/electrons/1/py in Skim_TriLep_DYJets10to50.root
2025-10-02 21:17:15,179 - INFO - [2022] MISSING_CENTRAL: SR1E2Mu/Central/electrons/1/py in Skim_TriLep_DYGTo2LG_MLL4to50_PTG200toInf.root
2025-10-02 21:17:17,431 - INFO - [2022] MISSING_CENTRAL: SR1E2Mu/Central/electrons/1/py in Skim_TriLep_WWW.root
2025-10-03 00:23:53,818 - INFO - [2022] MISSING_CENTRAL: SR1E2Mu/Central/electrons/1/py in Skim_TriLep_DYJets.root
2025-10-03 00:23:53,819 - INFO - [2022] MISSING_CENTRAL: SR1E2Mu/Central/electrons/1/py in Skim_TriLep_DYJets10to50.root
2025-10-03 00:23:53,939 - INFO - [2022] MISSING_CENTRAL: SR1E2Mu/Central/electrons/1/py in Skim_TriLep_DYGTo2LG_MLL4to50_PTG200toInf.root
2025-10-03 00:23:54,546 - INFO - [2022] MISSING_CENTRAL: SR1E2Mu/Central/electrons/1/py in Skim_TriLep_WWW.root
2025-11-07 13:09:35,121 - INFO - [2022] MISSING_FILE: /home/choij/Sync/workspace/ChargedHiggsAnalysisV3/SKNanoOutput/PromptSelector/Run1E2Mu/2022/Skim_TriLep_MuonEG_C.root
2025-11-07 13:09:35,121 - INFO - [2022] MISSING_FILE: /home/choij/Sync/workspace/ChargedHiggsAnalysisV3/SKNanoOutput/PromptSelector/Run1E2Mu/2022/Skim_TriLep_MuonEG_D.root
2025-11-07 14:07:15,738 - INFO - [2022] MISSING_FILE: /home/choij/Sync/workspace/ChargedHiggsAnalysisV3/SKNanoOutput/PromptSelector/Run1E2Mu/2022/Skim_TriLep_MuonEG_C.root
2025-11-07 14:07:15,739 - INFO - [2022] MISSING_FILE: /home/choij/Sync/workspace/ChargedHiggsAnalysisV3/SKNanoOutput/PromptSelector/Run1E2Mu/2022/Skim_TriLep_MuonEG_D.root
2025-11-10 12:22:28,528 - INFO - [2022] MISSING_CENTRAL: SR1E2Mu/Central/electrons/1/py in Skim_TriLep_DYJets.root
2025-11-10 12:22:28,529 - INFO - [2022] MISSING_CENTRAL: SR1E2Mu/Central/electrons/1/py in Skim_TriLep_DYJets10to50.root
2025-11-10 12:22:28,563 - INFO - [2022] MISSING_CENTRAL: SR1E2Mu/Central/electrons/1/py in Skim_TriLep_DYGTo2LG_MLL4to50_PTG200toInf.root
2025-11-10 12:22:28,784 - INFO - [2022] MISSING_CENTRAL: SR1E2Mu/Central/electrons/1/py in Skim_TriLep_WWW.root
2025-11-13 11:12:07,136 - INFO - [2022] MISSING_CENTRAL: SR1E2Mu/Central/electrons/1/py in Skim_TriLep_DYJets.root
2025-11-13 11:12:07,137 - INFO - [2022] MISSING_CENTRAL: SR1E2Mu/Central/electrons/1/py in Skim_TriLep_DYJets10to50.root
2025-11-13 11:12:07,327 - INFO - [2022] MISSING_CENTRAL: SR1E2Mu/Central/electrons/1/py in Skim_TriLep_DYGTo2LG_MLL4to50_PTG200toInf.root
2025-11-13 11:12:09,780 - INFO - [2022] MISSING_CENTRAL: SR1E2Mu/Central/electrons/1/py in Skim_TriLep_WWW.root
2025-11-19 16:24:51,850 - INFO - [2022] MISSING_CENTRAL: SR1E2Mu/Central/electrons/1/py in Skim_TriLep_DYJets.root
2025-11-19 16:24:51,851 - INFO - [2022] MISSING_CENTRAL: SR1E2Mu/Central/electrons/1/py in Skim_TriLep_DYJets10to50.root
2025-11-19 16:24:51,884 - INFO - [2022] MISSING_CENTRAL: SR1E2Mu/Central/electrons/1/py in Skim_TriLep_DYGTo2LG_MLL4to50_PTG200toInf.root
2025-11-19 16:24:52,146 - INFO - [2022] MISSING_CENTRAL: SR1E2Mu/Central/electrons/1/py in Skim_TriLep_WWW.root
2025-12-17 22:39:22,076 - INFO - [2022] MISSING_CENTRAL: SR1E2Mu/Central/electrons/1/py in Skim_TriLep_DYJets10to50.root
2025-12-17 22:39:25,847 - INFO - [2022] MISSING_CENTRAL: SR1E2Mu/Central/electrons/1/py in Skim_TriLep_WWW.root
2025-12-18 14:24:10,799 - INFO - [2022] MISSING_CENTRAL: SR1E2Mu/Central/electrons/1/py in Skim_TriLep_DYJets10to50.root
2025-12-18 14:24:11,162 - INFO - [2022] MISSING_CENTRAL: SR1E2Mu/Central/electrons/1/py in Skim_TriLep_WWW.root
2025-12-18 14:39:34,611 - INFO - [2022] MISSING_CENTRAL: SR1E2Mu/Central/electrons/1/py in Skim_TriLep_DYJets10to50.root
2025-12-18 14:39:34,947 - INFO - [2022] MISSING_CENTRAL: SR1E2Mu/Central/electrons/1/py in Skim_TriLep_WWW.root
2026-01-07 11:49:02,858 - INFO - [2022] MISSING_CENTRAL: SR1E2Mu/Central/electrons/1/py in Skim_TriLep_DYJets10to50.root
2026-01-07 11:49:04,097 - INFO - [2022] MISSING_CENTRAL: SR1E2Mu/Central/electrons/1/py in Skim_TriLep_WWW.root
2026-01-07 18:45:50,273 - INFO - [2022] MISSING_CENTRAL: SR1E2Mu/Central/electrons/1/py in Skim_TriLep_DYJets10to50.root
2026-01-07 18:45:50,561 - INFO - [2022] MISSING_CENTRAL: SR1E2Mu/Central/electrons/1/py in Skim_TriLep_WWW.root
2026-01-07 19:29:25,188 - INFO - [2022] MISSING_CENTRAL: SR1E2Mu/Central/electrons/1/py in Skim_TriLep_DYJets10to50.root
2026-01-07 19:29:25,464 - INFO - [2022] MISSING_CENTRAL: SR1E2Mu/Central/electrons/1/py in Skim_TriLep_WWW.root
2026-01-09 12:20:05,624 - INFO - [2022] MISSING_CENTRAL: SR1E2Mu/Central/electrons/1/py in Skim_TriLep_DYJets10to50.root
2026-01-09 12:20:05,781 - INFO - [2022] MISSING_CENTRAL: SR1E2Mu/Central/electrons/1/py in Skim_TriLep_WWW.root
2026-01-11 09:40:09,182 - INFO - [2022] MISSING_CENTRAL: SR1E2Mu/Central/electrons/1/py in Skim_TriLep_DYJets10to50.root
2026-01-11 09:40:09,355 - INFO - [2022] MISSING_CENTRAL: SR1E2Mu/Central/electrons/1/py in Skim_TriLep_WWW.root
2026-01-12 13:48:51,287 - INFO - [2022] MISSING_FILE: /home/choij/Sync/workspace/ChargedHiggsAnalysisV3/SKNanoOutput/MatrixSelector/Run1E2Mu/2022/Skim_TriLep_MuonEG_C.root
2026-01-12 13:48:51,288 - INFO - [2022] MISSING_FILE: /home/choij/Sync/workspace/ChargedHiggsAnalysisV3/SKNanoOutput/MatrixSelector/Run1E2Mu/2022/Skim_TriLep_MuonEG_D.root
2026-01-12 13:48:51,320 - INFO - [2022] MISSING_CENTRAL: SR1E2Mu/Central/electrons/1/py in Skim_TriLep_DYJets10to50.root
2026-01-12 13:48:51,498 - INFO - [2022] MISSING_CENTRAL: SR1E2Mu/Central/electrons/1/py in Skim_TriLep_WWW.root
2026-01-16 19:03:51,505 - INFO - [2022] MISSING_CENTRAL: SR1E2Mu/Central/electrons/1/py in Skim_TriLep_DYJets10to50.root
2026-01-16 19:03:51,693 - INFO - [2022] MISSING_CENTRAL: SR1E2Mu/Central/electrons/1/py in Skim_TriLep_WWW.root
