2025-09-24 15:56:02,344 - INFO - [2022] MISSING_CENTRAL: SR1E2Mu/Central/jets/1/charge in Skim_TriLep_DYJets.root
2025-09-24 15:56:02,345 - INFO - [2022] MISSING_CENTRAL: SR1E2Mu/Central/jets/1/charge in Skim_TriLep_DYJets10to50.root
2025-09-24 15:56:02,477 - INFO - [2022] MISSING_CENTRAL: SR1E2Mu/Central/jets/1/charge in Skim_TriLep_DYGTo2LG_MLL4to50_PTG200toInf.root
2025-09-24 15:56:02,926 - INFO - [2022] MISSING_CENTRAL: SR1E2Mu/Central/jets/1/charge in Skim_TriLep_WWW.root
2025-10-02 21:17:16,511 - INFO - [2022] MISSING_CENTRAL: SR1E2Mu/Central/jets/1/charge in Skim_TriLep_DYJets.root
2025-10-02 21:17:16,512 - INFO - [2022] MISSING_CENTRAL: SR1E2Mu/Central/jets/1/charge in Skim_TriLep_DYJets10to50.root
2025-10-02 21:17:16,545 - INFO - [2022] MISSING_CENTRAL: SR1E2Mu/Central/jets/1/charge in Skim_TriLep_DYGTo2LG_MLL4to50_PTG200toInf.root
2025-10-02 21:17:17,423 - INFO - [2022] MISSING_CENTRAL: SR1E2Mu/Central/jets/1/charge in Skim_TriLep_WWW.root
2025-10-03 00:23:56,583 - INFO - [2022] MISSING_CENTRAL: SR1E2Mu/Central/jets/1/charge in Skim_TriLep_DYJets.root
2025-10-03 00:23:56,587 - INFO - [2022] MISSING_CENTRAL: SR1E2Mu/Central/jets/1/charge in Skim_TriLep_DYJets10to50.root
2025-10-03 00:23:56,613 - INFO - [2022] MISSING_CENTRAL: SR1E2Mu/Central/jets/1/charge in Skim_TriLep_DYGTo2LG_MLL4to50_PTG200toInf.root
2025-10-03 00:23:57,160 - INFO - [2022] MISSING_CENTRAL: SR1E2Mu/Central/jets/1/charge in Skim_TriLep_WWW.root
2025-11-07 13:09:37,092 - INFO - [2022] MISSING_FILE: /home/choij/Sync/workspace/ChargedHiggsAnalysisV3/SKNanoOutput/PromptSelector/Run1E2Mu/2022/Skim_TriLep_MuonEG_C.root
2025-11-07 13:09:37,092 - INFO - [2022] MISSING_FILE: /home/choij/Sync/workspace/ChargedHiggsAnalysisV3/SKNanoOutput/PromptSelector/Run1E2Mu/2022/Skim_TriLep_MuonEG_D.root
2025-11-07 14:07:17,742 - INFO - [2022] MISSING_FILE: /home/choij/Sync/workspace/ChargedHiggsAnalysisV3/SKNanoOutput/PromptSelector/Run1E2Mu/2022/Skim_TriLep_MuonEG_C.root
2025-11-07 14:07:17,743 - INFO - [2022] MISSING_FILE: /home/choij/Sync/workspace/ChargedHiggsAnalysisV3/SKNanoOutput/PromptSelector/Run1E2Mu/2022/Skim_TriLep_MuonEG_D.root
2025-11-10 12:22:31,720 - INFO - [2022] MISSING_CENTRAL: SR1E2Mu/Central/jets/1/charge in Skim_TriLep_DYJets.root
2025-11-10 12:22:31,720 - INFO - [2022] MISSING_CENTRAL: SR1E2Mu/Central/jets/1/charge in Skim_TriLep_DYJets10to50.root
2025-11-10 12:22:31,742 - INFO - [2022] MISSING_CENTRAL: SR1E2Mu/Central/jets/1/charge in Skim_TriLep_DYGTo2LG_MLL4to50_PTG200toInf.root
2025-11-10 12:22:31,871 - INFO - [2022] MISSING_CENTRAL: SR1E2Mu/Central/jets/1/charge in Skim_TriLep_WWW.root
2025-11-13 11:12:07,230 - INFO - [2022] MISSING_CENTRAL: SR1E2Mu/Central/jets/1/charge in Skim_TriLep_MuonEG_C.root
2025-11-13 11:12:07,231 - INFO - [2022] MISSING_CENTRAL: SR1E2Mu/Central/jets/1/charge in Skim_TriLep_MuonEG_D.root
2025-11-19 16:24:55,329 - INFO - [2022] MISSING_CENTRAL: SR1E2Mu/Central/jets/1/charge in Skim_TriLep_MuonEG_C.root
2025-11-19 16:24:55,330 - INFO - [2022] MISSING_CENTRAL: SR1E2Mu/Central/jets/1/charge in Skim_TriLep_MuonEG_D.root
