2025-09-24 15:56:03,344 - INFO - [2022] MISSING_CENTRAL: SR1E2Mu/Central/jets/2/eta in Skim_TriLep_DYJets.root
2025-09-24 15:56:03,344 - INFO - [2022] MISSING_CENTRAL: SR1E2Mu/Central/jets/2/eta in Skim_TriLep_DYJets10to50.root
2025-09-24 15:56:03,354 - INFO - [2022] MISSING_CENTRAL: SR1E2Mu/Central/jets/2/eta in Skim_TriLep_DYGTo2LG_MLL4to50_PTG200toInf.root
2025-09-24 15:56:03,453 - INFO - [2022] MISSING_CENTRAL: SR1E2Mu/Central/jets/2/eta in Skim_TriLep_WWW.root
2025-10-02 21:17:15,717 - INFO - [2022] MISSING_CENTRAL: SR1E2Mu/Central/jets/2/eta in Skim_TriLep_DYJets.root
2025-10-02 21:17:15,720 - INFO - [2022] MISSING_CENTRAL: SR1E2Mu/Central/jets/2/eta in Skim_TriLep_DYJets10to50.root
2025-10-02 21:17:15,758 - INFO - [2022] MISSING_CENTRAL: SR1E2Mu/Central/jets/2/eta in Skim_TriLep_DYGTo2LG_MLL4to50_PTG200toInf.root
2025-10-02 21:17:17,420 - INFO - [2022] MISSING_CENTRAL: SR1E2Mu/Central/jets/2/eta in Skim_TriLep_WWW.root
2025-10-03 00:23:57,645 - INFO - [2022] MISSING_CENTRAL: SR1E2Mu/Central/jets/2/eta in Skim_TriLep_DYJets.root
2025-10-03 00:23:57,646 - INFO - [2022] MISSING_CENTRAL: SR1E2Mu/Central/jets/2/eta in Skim_TriLep_DYJets10to50.root
2025-10-03 00:23:57,656 - INFO - [2022] MISSING_CENTRAL: SR1E2Mu/Central/jets/2/eta in Skim_TriLep_DYGTo2LG_MLL4to50_PTG200toInf.root
2025-10-03 00:23:57,758 - INFO - [2022] MISSING_CENTRAL: SR1E2Mu/Central/jets/2/eta in Skim_TriLep_WWW.root
2025-11-07 13:09:37,773 - INFO - [2022] MISSING_FILE: /home/choij/Sync/workspace/ChargedHiggsAnalysisV3/SKNanoOutput/PromptSelector/Run1E2Mu/2022/Skim_TriLep_MuonEG_C.root
2025-11-07 13:09:37,773 - INFO - [2022] MISSING_FILE: /home/choij/Sync/workspace/ChargedHiggsAnalysisV3/SKNanoOutput/PromptSelector/Run1E2Mu/2022/Skim_TriLep_MuonEG_D.root
2025-11-07 14:07:17,802 - INFO - [2022] MISSING_FILE: /home/choij/Sync/workspace/ChargedHiggsAnalysisV3/SKNanoOutput/PromptSelector/Run1E2Mu/2022/Skim_TriLep_MuonEG_C.root
2025-11-07 14:07:17,807 - INFO - [2022] MISSING_FILE: /home/choij/Sync/workspace/ChargedHiggsAnalysisV3/SKNanoOutput/PromptSelector/Run1E2Mu/2022/Skim_TriLep_MuonEG_D.root
2025-11-10 12:22:31,812 - INFO - [2022] MISSING_CENTRAL: SR1E2Mu/Central/jets/2/eta in Skim_TriLep_DYJets.root
2025-11-10 12:22:31,812 - INFO - [2022] MISSING_CENTRAL: SR1E2Mu/Central/jets/2/eta in Skim_TriLep_DYJets10to50.root
2025-11-10 12:22:31,827 - INFO - [2022] MISSING_CENTRAL: SR1E2Mu/Central/jets/2/eta in Skim_TriLep_DYGTo2LG_MLL4to50_PTG200toInf.root
2025-11-10 12:22:31,918 - INFO - [2022] MISSING_CENTRAL: SR1E2Mu/Central/jets/2/eta in Skim_TriLep_WWW.root
