2025-11-07 13:09:44,094 - INFO - [2022] MISSING_FILE: /home/choij/Sync/workspace/ChargedHiggsAnalysisV3/SKNanoOutput/PromptSelector/Run1E2Mu/2022/Skim_TriLep_MuonEG_C.root
2025-11-07 13:09:44,094 - INFO - [2022] MISSING_FILE: /home/choij/Sync/workspace/ChargedHiggsAnalysisV3/SKNanoOutput/PromptSelector/Run1E2Mu/2022/Skim_TriLep_MuonEG_D.root
2025-11-07 14:07:24,137 - INFO - [2022] MISSING_FILE: /home/choij/Sync/workspace/ChargedHiggsAnalysisV3/SKNanoOutput/PromptSelector/Run1E2Mu/2022/Skim_TriLep_MuonEG_C.root
2025-11-07 14:07:24,146 - INFO - [2022] MISSING_FILE: /home/choij/Sync/workspace/ChargedHiggsAnalysisV3/SKNanoOutput/PromptSelector/Run1E2Mu/2022/Skim_TriLep_MuonEG_D.root
2025-11-10 12:22:41,020 - INFO - [2022] MISSING_CENTRAL: SR1E2Mu/Central/MHc130_MA90/score_signal in Skim_TriLep_DYJets.root
2025-11-10 12:22:41,021 - INFO - [2022] MISSING_CENTRAL: SR1E2Mu/Central/MHc130_MA90/score_signal in Skim_TriLep_DYJets10to50.root
2025-11-10 12:22:41,035 - INFO - [2022] MISSING_CENTRAL: SR1E2Mu/Central/MHc130_MA90/score_signal in Skim_TriLep_DYGTo2LG_MLL4to50_PTG200toInf.root
2025-11-10 12:22:41,182 - INFO - [2022] MISSING_CENTRAL: SR1E2Mu/Central/MHc130_MA90/score_signal in Skim_TriLep_WWW.root
2025-11-13 11:12:19,483 - INFO - [2022] MISSING_CENTRAL: SR1E2Mu/Central/MHc130_MA90/score_signal in Skim_TriLep_DYJets.root
2025-11-13 11:12:19,484 - INFO - [2022] MISSING_CENTRAL: SR1E2Mu/Central/MHc130_MA90/score_signal in Skim_TriLep_DYJets10to50.root
2025-11-13 11:12:19,502 - INFO - [2022] MISSING_CENTRAL: SR1E2Mu/Central/MHc130_MA90/score_signal in Skim_TriLep_DYGTo2LG_MLL4to50_PTG200toInf.root
2025-11-13 11:12:19,605 - INFO - [2022] MISSING_CENTRAL: SR1E2Mu/Central/MHc130_MA90/score_signal in Skim_TriLep_WWW.root
2025-11-19 16:25:04,626 - INFO - [2022] MISSING_CENTRAL: SR1E2Mu/Central/MHc130_MA90/score_signal in Skim_TriLep_DYJets.root
2025-11-19 16:25:04,627 - INFO - [2022] MISSING_CENTRAL: SR1E2Mu/Central/MHc130_MA90/score_signal in Skim_TriLep_DYJets10to50.root
2025-11-19 16:25:04,642 - INFO - [2022] MISSING_CENTRAL: SR1E2Mu/Central/MHc130_MA90/score_signal in Skim_TriLep_DYGTo2LG_MLL4to50_PTG200toInf.root
2025-11-19 16:25:04,788 - INFO - [2022] MISSING_CENTRAL: SR1E2Mu/Central/MHc130_MA90/score_signal in Skim_TriLep_WWW.root
2025-12-17 22:39:35,859 - INFO - [2022] MISSING_CENTRAL: SR1E2Mu/Central/MHc130_MA90/score_signal in Skim_TriLep_DYJets10to50.root
2025-12-17 22:39:35,992 - INFO - [2022] MISSING_CENTRAL: SR1E2Mu/Central/MHc130_MA90/score_signal in Skim_TriLep_WWW.root
2025-12-18 14:24:22,337 - INFO - [2022] MISSING_CENTRAL: SR1E2Mu/Central/MHc130_MA90/score_signal in Skim_TriLep_DYJets10to50.root
2025-12-18 14:24:22,492 - INFO - [2022] MISSING_CENTRAL: SR1E2Mu/Central/MHc130_MA90/score_signal in Skim_TriLep_WWW.root
2025-12-18 14:39:45,982 - INFO - [2022] MISSING_CENTRAL: SR1E2Mu/Central/MHc130_MA90/score_signal in Skim_TriLep_DYJets10to50.root
2025-12-18 14:39:46,257 - INFO - [2022] MISSING_CENTRAL: SR1E2Mu/Central/MHc130_MA90/score_signal in Skim_TriLep_WWW.root
