2025-09-24 15:55:54,495 - INFO - [2022] MISSING_CENTRAL: SR1E2Mu/Central/muons/1/py in Skim_TriLep_DYJets.root
2025-09-24 15:55:54,495 - INFO - [2022] MISSING_CENTRAL: SR1E2Mu/Central/muons/1/py in Skim_TriLep_DYJets10to50.root
2025-09-24 15:55:54,526 - INFO - [2022] MISSING_CENTRAL: SR1E2Mu/Central/muons/1/py in Skim_TriLep_DYGTo2LG_MLL4to50_PTG200toInf.root
2025-09-24 15:55:54,776 - INFO - [2022] MISSING_CENTRAL: SR1E2Mu/Central/muons/1/py in Skim_TriLep_WWW.root
2025-10-02 21:17:16,133 - INFO - [2022] MISSING_CENTRAL: SR1E2Mu/Central/muons/1/py in Skim_TriLep_DYJets.root
2025-10-02 21:17:16,138 - INFO - [2022] MISSING_CENTRAL: SR1E2Mu/Central/muons/1/py in Skim_TriLep_DYJets10to50.root
2025-10-02 21:17:16,227 - INFO - [2022] MISSING_CENTRAL: SR1E2Mu/Central/muons/1/py in Skim_TriLep_DYGTo2LG_MLL4to50_PTG200toInf.root
2025-10-02 21:17:17,436 - INFO - [2022] MISSING_CENTRAL: SR1E2Mu/Central/muons/1/py in Skim_TriLep_WWW.root
2025-10-03 00:23:48,698 - INFO - [2022] MISSING_CENTRAL: SR1E2Mu/Central/muons/1/py in Skim_TriLep_DYJets.root
2025-10-03 00:23:48,698 - INFO - [2022] MISSING_CENTRAL: SR1E2Mu/Central/muons/1/py in Skim_TriLep_DYJets10to50.root
2025-10-03 00:23:48,753 - INFO - [2022] MISSING_CENTRAL: SR1E2Mu/Central/muons/1/py in Skim_TriLep_DYGTo2LG_MLL4to50_PTG200toInf.root
2025-10-03 00:23:49,006 - INFO - [2022] MISSING_CENTRAL: SR1E2Mu/Central/muons/1/py in Skim_TriLep_WWW.root
2025-11-07 13:09:34,963 - INFO - [2022] MISSING_FILE: /home/choij/Sync/workspace/ChargedHiggsAnalysisV3/SKNanoOutput/PromptSelector/Run1E2Mu/2022/Skim_TriLep_MuonEG_C.root
2025-11-07 13:09:34,963 - INFO - [2022] MISSING_FILE: /home/choij/Sync/workspace/ChargedHiggsAnalysisV3/SKNanoOutput/PromptSelector/Run1E2Mu/2022/Skim_TriLep_MuonEG_D.root
2025-11-07 14:07:15,661 - INFO - [2022] MISSING_FILE: /home/choij/Sync/workspace/ChargedHiggsAnalysisV3/SKNanoOutput/PromptSelector/Run1E2Mu/2022/Skim_TriLep_MuonEG_C.root
2025-11-07 14:07:15,661 - INFO - [2022] MISSING_FILE: /home/choij/Sync/workspace/ChargedHiggsAnalysisV3/SKNanoOutput/PromptSelector/Run1E2Mu/2022/Skim_TriLep_MuonEG_D.root
2025-11-10 12:22:28,503 - INFO - [2022] MISSING_CENTRAL: SR1E2Mu/Central/muons/1/py in Skim_TriLep_DYJets.root
2025-11-10 12:22:28,503 - INFO - [2022] MISSING_CENTRAL: SR1E2Mu/Central/muons/1/py in Skim_TriLep_DYJets10to50.root
2025-11-10 12:22:28,536 - INFO - [2022] MISSING_CENTRAL: SR1E2Mu/Central/muons/1/py in Skim_TriLep_DYGTo2LG_MLL4to50_PTG200toInf.root
2025-11-10 12:22:28,769 - INFO - [2022] MISSING_CENTRAL: SR1E2Mu/Central/muons/1/py in Skim_TriLep_WWW.root
