2025-11-07 13:09:35,065 - INFO - [2022] MISSING_FILE: /home/choij/Sync/workspace/ChargedHiggsAnalysisV3/SKNanoOutput/PromptSelector/Run1E2Mu/2022/Skim_TriLep_MuonEG_C.root
2025-11-07 13:09:35,065 - INFO - [2022] MISSING_FILE: /home/choij/Sync/workspace/ChargedHiggsAnalysisV3/SKNanoOutput/PromptSelector/Run1E2Mu/2022/Skim_TriLep_MuonEG_D.root
2025-11-07 14:07:15,598 - INFO - [2022] MISSING_FILE: /home/choij/Sync/workspace/ChargedHiggsAnalysisV3/SKNanoOutput/PromptSelector/Run1E2Mu/2022/Skim_TriLep_MuonEG_C.root
2025-11-07 14:07:15,599 - INFO - [2022] MISSING_FILE: /home/choij/Sync/workspace/ChargedHiggsAnalysisV3/SKNanoOutput/PromptSelector/Run1E2Mu/2022/Skim_TriLep_MuonEG_D.root
2025-11-10 12:22:28,482 - INFO - [2022] MISSING_CENTRAL: SR1E2Mu/Central/muons/1/min_dR_bjets in Skim_TriLep_DYJets.root
2025-11-10 12:22:28,482 - INFO - [2022] MISSING_CENTRAL: SR1E2Mu/Central/muons/1/min_dR_bjets in Skim_TriLep_DYJets10to50.root
2025-11-10 12:22:28,501 - INFO - [2022] MISSING_CENTRAL: SR1E2Mu/Central/muons/1/min_dR_bjets in Skim_TriLep_DYGTo2LG_MLL4to50_PTG200toInf.root
2025-11-10 12:22:28,720 - INFO - [2022] MISSING_CENTRAL: SR1E2Mu/Central/muons/1/min_dR_bjets in Skim_TriLep_WWW.root
2025-11-13 11:12:07,076 - INFO - [2022] MISSING_CENTRAL: SR1E2Mu/Central/muons/1/min_dR_bjets in Skim_TriLep_DYJets.root
2025-11-13 11:12:07,077 - INFO - [2022] MISSING_CENTRAL: SR1E2Mu/Central/muons/1/min_dR_bjets in Skim_TriLep_DYJets10to50.root
2025-11-13 11:12:07,315 - INFO - [2022] MISSING_CENTRAL: SR1E2Mu/Central/muons/1/min_dR_bjets in Skim_TriLep_DYGTo2LG_MLL4to50_PTG200toInf.root
2025-11-13 11:12:09,770 - INFO - [2022] MISSING_CENTRAL: SR1E2Mu/Central/muons/1/min_dR_bjets in Skim_TriLep_WWW.root
2025-11-19 16:24:51,661 - INFO - [2022] MISSING_CENTRAL: SR1E2Mu/Central/muons/1/min_dR_bjets in Skim_TriLep_DYJets.root
2025-11-19 16:24:51,662 - INFO - [2022] MISSING_CENTRAL: SR1E2Mu/Central/muons/1/min_dR_bjets in Skim_TriLep_DYJets10to50.root
2025-11-19 16:24:51,754 - INFO - [2022] MISSING_CENTRAL: SR1E2Mu/Central/muons/1/min_dR_bjets in Skim_TriLep_DYGTo2LG_MLL4to50_PTG200toInf.root
2025-11-19 16:24:52,140 - INFO - [2022] MISSING_CENTRAL: SR1E2Mu/Central/muons/1/min_dR_bjets in Skim_TriLep_WWW.root
2025-12-17 22:39:22,063 - INFO - [2022] MISSING_CENTRAL: SR1E2Mu/Central/muons/1/min_dR_bjets in Skim_TriLep_DYJets10to50.root
2025-12-17 22:39:25,837 - INFO - [2022] MISSING_CENTRAL: SR1E2Mu/Central/muons/1/min_dR_bjets in Skim_TriLep_WWW.root
2025-12-18 14:24:09,227 - INFO - [2022] MISSING_CENTRAL: SR1E2Mu/Central/muons/1/min_dR_bjets in Skim_TriLep_DYJets10to50.root
2025-12-18 14:24:09,720 - INFO - [2022] MISSING_CENTRAL: SR1E2Mu/Central/muons/1/min_dR_bjets in Skim_TriLep_WWW.root
2025-12-18 14:39:34,077 - INFO - [2022] MISSING_CENTRAL: SR1E2Mu/Central/muons/1/min_dR_bjets in Skim_TriLep_DYJets10to50.root
2025-12-18 14:39:34,232 - INFO - [2022] MISSING_CENTRAL: SR1E2Mu/Central/muons/1/min_dR_bjets in Skim_TriLep_WWW.root
2026-01-07 11:49:03,030 - INFO - [2022] MISSING_CENTRAL: SR1E2Mu/Central/muons/1/min_dR_bjets in Skim_TriLep_DYJets10to50.root
2026-01-07 11:49:04,085 - INFO - [2022] MISSING_CENTRAL: SR1E2Mu/Central/muons/1/min_dR_bjets in Skim_TriLep_WWW.root
2026-01-07 18:45:50,087 - INFO - [2022] MISSING_CENTRAL: SR1E2Mu/Central/muons/1/min_dR_bjets in Skim_TriLep_DYJets10to50.root
2026-01-07 18:45:50,226 - INFO - [2022] MISSING_CENTRAL: SR1E2Mu/Central/muons/1/min_dR_bjets in Skim_TriLep_WWW.root
2026-01-07 19:29:25,212 - INFO - [2022] MISSING_CENTRAL: SR1E2Mu/Central/muons/1/min_dR_bjets in Skim_TriLep_DYJets10to50.root
2026-01-07 19:29:25,349 - INFO - [2022] MISSING_CENTRAL: SR1E2Mu/Central/muons/1/min_dR_bjets in Skim_TriLep_WWW.root
2026-01-09 12:20:05,557 - INFO - [2022] MISSING_CENTRAL: SR1E2Mu/Central/muons/1/min_dR_bjets in Skim_TriLep_DYJets10to50.root
2026-01-09 12:20:05,701 - INFO - [2022] MISSING_CENTRAL: SR1E2Mu/Central/muons/1/min_dR_bjets in Skim_TriLep_WWW.root
2026-01-11 09:40:09,106 - INFO - [2022] MISSING_CENTRAL: SR1E2Mu/Central/muons/1/min_dR_bjets in Skim_TriLep_DYJets10to50.root
2026-01-11 09:40:09,223 - INFO - [2022] MISSING_CENTRAL: SR1E2Mu/Central/muons/1/min_dR_bjets in Skim_TriLep_WWW.root
2026-01-12 13:48:51,204 - INFO - [2022] MISSING_FILE: /home/choij/Sync/workspace/ChargedHiggsAnalysisV3/SKNanoOutput/MatrixSelector/Run1E2Mu/2022/Skim_TriLep_MuonEG_C.root
2026-01-12 13:48:51,204 - INFO - [2022] MISSING_FILE: /home/choij/Sync/workspace/ChargedHiggsAnalysisV3/SKNanoOutput/MatrixSelector/Run1E2Mu/2022/Skim_TriLep_MuonEG_D.root
2026-01-12 13:48:51,229 - INFO - [2022] MISSING_CENTRAL: SR1E2Mu/Central/muons/1/min_dR_bjets in Skim_TriLep_DYJets10to50.root
2026-01-12 13:48:51,307 - INFO - [2022] MISSING_CENTRAL: SR1E2Mu/Central/muons/1/min_dR_bjets in Skim_TriLep_WWW.root
2026-01-16 19:03:51,347 - INFO - [2022] MISSING_CENTRAL: SR1E2Mu/Central/muons/1/min_dR_bjets in Skim_TriLep_DYJets10to50.root
2026-01-16 19:03:51,650 - INFO - [2022] MISSING_CENTRAL: SR1E2Mu/Central/muons/1/min_dR_bjets in Skim_TriLep_WWW.root
