2025-11-05 22:18:43,705 - INFO - [2018] MISSING_CENTRAL: ZFake1E2Mu/Central/dR_ele_mu2 in Skim_TriLep_DYJets.root
2025-11-05 22:18:43,705 - INFO - [2018] MISSING_CENTRAL: ZFake1E2Mu/Central/dR_ele_mu2 in Skim_TriLep_DYJets10to50.root
2025-11-05 23:23:16,700 - INFO - [2018] MISSING_CENTRAL: ZFake1E2Mu/Central/dR_ele_mu2 in Skim_TriLep_DYJets.root
2025-11-05 23:23:16,701 - INFO - [2018] MISSING_CENTRAL: ZFake1E2Mu/Central/dR_ele_mu2 in Skim_TriLep_DYJets10to50.root
2025-11-07 12:26:29,307 - INFO - [2018] MISSING_CENTRAL: ZFake1E2Mu/Central/dR_ele_mu2 in Skim_TriLep_DYJets.root
2025-11-07 12:26:29,308 - INFO - [2018] MISSING_CENTRAL: ZFake1E2Mu/Central/dR_ele_mu2 in Skim_TriLep_DYJets10to50.root
2025-11-07 13:06:58,680 - INFO - [2018] MISSING_CENTRAL: ZFake1E2Mu/Central/dR_ele_mu2 in Skim_TriLep_DYJets.root
2025-11-07 13:06:58,684 - INFO - [2018] MISSING_CENTRAL: ZFake1E2Mu/Central/dR_ele_mu2 in Skim_TriLep_DYJets10to50.root
2025-11-07 13:30:43,504 - INFO - [2018] MISSING_CENTRAL: ZFake1E2Mu/Central/dR_ele_mu2 in Skim_TriLep_DYJets.root
2025-11-07 13:30:43,507 - INFO - [2018] MISSING_CENTRAL: ZFake1E2Mu/Central/dR_ele_mu2 in Skim_TriLep_DYJets10to50.root
2025-11-07 14:03:29,052 - INFO - [2018] MISSING_CENTRAL: ZFake1E2Mu/Central/dR_ele_mu2 in Skim_TriLep_DYJets.root
2025-11-07 14:03:29,059 - INFO - [2018] MISSING_CENTRAL: ZFake1E2Mu/Central/dR_ele_mu2 in Skim_TriLep_DYJets10to50.root
2025-11-10 05:54:08,632 - INFO - [2018] MISSING_CENTRAL: ZFake1E2Mu/Central/dR_ele_mu2 in Skim_TriLep_DYJets.root
2025-11-10 05:54:08,633 - INFO - [2018] MISSING_CENTRAL: ZFake1E2Mu/Central/dR_ele_mu2 in Skim_TriLep_DYJets10to50.root
2025-11-10 12:18:32,124 - INFO - [2018] MISSING_CENTRAL: ZFake1E2Mu/Central/dR_ele_mu2 in Skim_TriLep_DYJets.root
2025-11-10 12:18:32,125 - INFO - [2018] MISSING_CENTRAL: ZFake1E2Mu/Central/dR_ele_mu2 in Skim_TriLep_DYJets10to50.root
2025-11-13 11:07:43,808 - INFO - [2018] MISSING_CENTRAL: ZFake1E2Mu/Central/dR_ele_mu2 in Skim_TriLep_DYJets.root
2025-11-13 11:07:43,810 - INFO - [2018] MISSING_CENTRAL: ZFake1E2Mu/Central/dR_ele_mu2 in Skim_TriLep_DYJets10to50.root
2025-11-19 16:09:10,839 - INFO - [2018] MISSING_CENTRAL: ZFake1E2Mu/Central/dR_ele_mu2 in Skim_TriLep_DYJets.root
2025-11-19 16:09:10,839 - INFO - [2018] MISSING_CENTRAL: ZFake1E2Mu/Central/dR_ele_mu2 in Skim_TriLep_DYJets10to50.root
2025-11-19 16:20:52,169 - INFO - [2018] MISSING_CENTRAL: ZFake1E2Mu/Central/dR_ele_mu2 in Skim_TriLep_DYJets.root
2025-11-19 16:20:52,169 - INFO - [2018] MISSING_CENTRAL: ZFake1E2Mu/Central/dR_ele_mu2 in Skim_TriLep_DYJets10to50.root
2025-12-17 22:35:07,236 - INFO - [2018] MISSING_CENTRAL: ZFake1E2Mu/Central/dR_ele_mu2 in Skim_TriLep_DYJets10to50.root
2025-12-18 14:18:44,928 - INFO - [2018] MISSING_CENTRAL: ZFake1E2Mu/Central/dR_ele_mu2 in Skim_TriLep_DYJets10to50.root
2025-12-18 14:34:12,918 - INFO - [2018] MISSING_CENTRAL: ZFake1E2Mu/Central/dR_ele_mu2 in Skim_TriLep_DYJets10to50.root
2026-01-07 11:44:20,485 - INFO - [2018] MISSING_CENTRAL: ZFake1E2Mu/Central/dR_ele_mu2 in Skim_TriLep_DYJets10to50.root
2026-01-07 18:41:10,408 - INFO - [2018] MISSING_CENTRAL: ZFake1E2Mu/Central/dR_ele_mu2 in Skim_TriLep_DYJets10to50.root
2026-01-09 12:14:53,694 - INFO - [2018] MISSING_CENTRAL: ZFake1E2Mu/Central/dR_ele_mu2 in Skim_TriLep_DYJets10to50.root
2026-01-11 09:34:57,792 - INFO - [2018] MISSING_CENTRAL: ZFake1E2Mu/Central/dR_ele_mu2 in Skim_TriLep_DYJets10to50.root
2026-01-12 13:43:34,097 - INFO - [2018] MISSING_FILE: /home/choij/Sync/workspace/ChargedHiggsAnalysisV3/SKNanoOutput/MatrixSelector/Run1E2Mu/2018/Skim_TriLep_MuonEG_A.root
2026-01-12 13:43:34,097 - INFO - [2018] MISSING_FILE: /home/choij/Sync/workspace/ChargedHiggsAnalysisV3/SKNanoOutput/MatrixSelector/Run1E2Mu/2018/Skim_TriLep_MuonEG_B.root
2026-01-12 13:43:34,098 - INFO - [2018] MISSING_FILE: /home/choij/Sync/workspace/ChargedHiggsAnalysisV3/SKNanoOutput/MatrixSelector/Run1E2Mu/2018/Skim_TriLep_MuonEG_C.root
2026-01-12 13:43:34,098 - INFO - [2018] MISSING_FILE: /home/choij/Sync/workspace/ChargedHiggsAnalysisV3/SKNanoOutput/MatrixSelector/Run1E2Mu/2018/Skim_TriLep_MuonEG_D.root
2026-01-12 13:43:34,121 - INFO - [2018] MISSING_CENTRAL: ZFake1E2Mu/Central/dR_ele_mu2 in Skim_TriLep_DYJets10to50.root
2026-01-16 18:58:48,972 - INFO - [2018] MISSING_CENTRAL: ZFake1E2Mu/Central/dR_ele_mu2 in Skim_TriLep_DYJets10to50.root
2026-01-28 16:07:35,558 - INFO - [2018] MISSING_CENTRAL: ZFake1E2Mu/Central/dR_ele_mu2 in Skim_TriLep_DYJets10to50.root
