2025-09-24 15:47:52,198 - INFO - [2018] MISSING_CENTRAL: ZFake1E2Mu/Central/jets/3/eta in Skim_TriLep_DYJets.root
2025-09-24 15:47:52,198 - INFO - [2018] MISSING_CENTRAL: ZFake1E2Mu/Central/jets/3/eta in Skim_TriLep_DYJets10to50.root
2025-09-24 15:47:52,208 - INFO - [2018] MISSING_FILE: /Users/choij/Sync/workspace/ChargedHiggsAnalysisV3/SKNanoOutput/PromptSelector/Run1E2Mu_RunSyst/2018/Skim_TriLep_TTG.root
2025-09-24 15:47:52,224 - INFO - [2018] MISSING_FILE: /Users/choij/Sync/workspace/ChargedHiggsAnalysisV3/SKNanoOutput/PromptSelector/Run1E2Mu_RunSyst/2018/Skim_TriLep_TTHToNonbb.root
2025-09-24 15:47:52,242 - INFO - [2018] MISSING_FILE: /Users/choij/Sync/workspace/ChargedHiggsAnalysisV3/SKNanoOutput/PromptSelector/Run1E2Mu_RunSyst/2018/Skim_TriLep_tHq.root
2025-09-24 15:47:52,279 - INFO - [2018] MISSING_FILE: /Users/choij/Sync/workspace/ChargedHiggsAnalysisV3/SKNanoOutput/PromptSelector/Run1E2Mu_RunSyst/2018/Skim_TriLep_VBFHToZZTo4L.root
2025-10-02 21:12:56,042 - INFO - [2018] MISSING_CENTRAL: ZFake1E2Mu/Central/jets/3/eta in Skim_TriLep_DYJets.root
2025-10-02 21:12:56,044 - INFO - [2018] MISSING_CENTRAL: ZFake1E2Mu/Central/jets/3/eta in Skim_TriLep_DYJets10to50.root
2025-10-02 21:12:56,107 - INFO - [2018] MISSING_FILE: /data9/Users/choij/Sync/workspace/ChargedHiggsAnalysisV3/SKNanoOutput/PromptSelector/Run1E2Mu_RunSyst/2018/Skim_TriLep_TTG.root
2025-10-02 21:12:56,494 - INFO - [2018] MISSING_FILE: /data9/Users/choij/Sync/workspace/ChargedHiggsAnalysisV3/SKNanoOutput/PromptSelector/Run1E2Mu_RunSyst/2018/Skim_TriLep_TTHToNonbb.root
2025-10-02 21:12:57,287 - INFO - [2018] MISSING_FILE: /data9/Users/choij/Sync/workspace/ChargedHiggsAnalysisV3/SKNanoOutput/PromptSelector/Run1E2Mu_RunSyst/2018/Skim_TriLep_tHq.root
2025-10-02 21:12:58,282 - INFO - [2018] MISSING_FILE: /data9/Users/choij/Sync/workspace/ChargedHiggsAnalysisV3/SKNanoOutput/PromptSelector/Run1E2Mu_RunSyst/2018/Skim_TriLep_VBFHToZZTo4L.root
2025-10-03 00:00:38,548 - INFO - [2018] MISSING_CENTRAL: ZFake1E2Mu/Central/jets/3/eta in Skim_TriLep_DYJets.root
2025-10-03 00:00:38,550 - INFO - [2018] MISSING_CENTRAL: ZFake1E2Mu/Central/jets/3/eta in Skim_TriLep_DYJets10to50.root
2025-10-03 00:00:38,555 - INFO - [2018] MISSING_FILE: /Users/choij/Sync/workspace/ChargedHiggsAnalysisV3/SKNanoOutput/PromptSelector/Run1E2Mu_RunSyst/2018/Skim_TriLep_TTG.root
2025-10-03 00:00:38,576 - INFO - [2018] MISSING_FILE: /Users/choij/Sync/workspace/ChargedHiggsAnalysisV3/SKNanoOutput/PromptSelector/Run1E2Mu_RunSyst/2018/Skim_TriLep_TTHToNonbb.root
2025-10-03 00:00:38,607 - INFO - [2018] MISSING_FILE: /Users/choij/Sync/workspace/ChargedHiggsAnalysisV3/SKNanoOutput/PromptSelector/Run1E2Mu_RunSyst/2018/Skim_TriLep_tHq.root
2025-10-03 00:00:38,651 - INFO - [2018] MISSING_FILE: /Users/choij/Sync/workspace/ChargedHiggsAnalysisV3/SKNanoOutput/PromptSelector/Run1E2Mu_RunSyst/2018/Skim_TriLep_VBFHToZZTo4L.root
2025-11-05 22:02:52,500 - INFO - [2018] MISSING_CENTRAL: ZFake1E2Mu/Central/jets/3/eta in Skim_TriLep_DYJets.root
2025-11-05 22:02:52,501 - INFO - [2018] MISSING_CENTRAL: ZFake1E2Mu/Central/jets/3/eta in Skim_TriLep_DYJets10to50.root
2025-11-05 22:18:39,871 - INFO - [2018] MISSING_CENTRAL: ZFake1E2Mu/Central/jets/3/eta in Skim_TriLep_DYJets.root
2025-11-05 22:18:39,872 - INFO - [2018] MISSING_CENTRAL: ZFake1E2Mu/Central/jets/3/eta in Skim_TriLep_DYJets10to50.root
2025-11-05 23:23:12,888 - INFO - [2018] MISSING_CENTRAL: ZFake1E2Mu/Central/jets/3/eta in Skim_TriLep_DYJets.root
2025-11-05 23:23:12,889 - INFO - [2018] MISSING_CENTRAL: ZFake1E2Mu/Central/jets/3/eta in Skim_TriLep_DYJets10to50.root
2025-11-07 12:26:25,137 - INFO - [2018] MISSING_CENTRAL: ZFake1E2Mu/Central/jets/3/eta in Skim_TriLep_DYJets.root
2025-11-07 12:26:25,137 - INFO - [2018] MISSING_CENTRAL: ZFake1E2Mu/Central/jets/3/eta in Skim_TriLep_DYJets10to50.root
2025-11-07 13:06:54,143 - INFO - [2018] MISSING_CENTRAL: ZFake1E2Mu/Central/jets/3/eta in Skim_TriLep_DYJets.root
2025-11-07 13:06:54,144 - INFO - [2018] MISSING_CENTRAL: ZFake1E2Mu/Central/jets/3/eta in Skim_TriLep_DYJets10to50.root
2025-11-07 13:30:37,681 - INFO - [2018] MISSING_CENTRAL: ZFake1E2Mu/Central/jets/3/eta in Skim_TriLep_DYJets.root
2025-11-07 13:30:37,682 - INFO - [2018] MISSING_CENTRAL: ZFake1E2Mu/Central/jets/3/eta in Skim_TriLep_DYJets10to50.root
2025-11-07 14:03:23,006 - INFO - [2018] MISSING_CENTRAL: ZFake1E2Mu/Central/jets/3/eta in Skim_TriLep_DYJets.root
2025-11-07 14:03:23,006 - INFO - [2018] MISSING_CENTRAL: ZFake1E2Mu/Central/jets/3/eta in Skim_TriLep_DYJets10to50.root
2025-11-10 05:54:02,960 - INFO - [2018] MISSING_CENTRAL: ZFake1E2Mu/Central/jets/3/eta in Skim_TriLep_DYJets.root
2025-11-10 05:54:02,962 - INFO - [2018] MISSING_CENTRAL: ZFake1E2Mu/Central/jets/3/eta in Skim_TriLep_DYJets10to50.root
2025-11-10 12:18:26,172 - INFO - [2018] MISSING_CENTRAL: ZFake1E2Mu/Central/jets/3/eta in Skim_TriLep_DYJets.root
2025-11-10 12:18:26,172 - INFO - [2018] MISSING_CENTRAL: ZFake1E2Mu/Central/jets/3/eta in Skim_TriLep_DYJets10to50.root
2025-11-13 11:07:34,365 - INFO - [2018] MISSING_CENTRAL: ZFake1E2Mu/Central/jets/3/eta in Skim_TriLep_DYJets.root
2025-11-13 11:07:34,374 - INFO - [2018] MISSING_CENTRAL: ZFake1E2Mu/Central/jets/3/eta in Skim_TriLep_DYJets10to50.root
2025-11-19 16:09:05,406 - INFO - [2018] MISSING_CENTRAL: ZFake1E2Mu/Central/jets/3/eta in Skim_TriLep_DYJets.root
2025-11-19 16:09:05,407 - INFO - [2018] MISSING_CENTRAL: ZFake1E2Mu/Central/jets/3/eta in Skim_TriLep_DYJets10to50.root
2025-11-19 16:20:45,972 - INFO - [2018] MISSING_CENTRAL: ZFake1E2Mu/Central/jets/3/eta in Skim_TriLep_DYJets.root
2025-11-19 16:20:45,972 - INFO - [2018] MISSING_CENTRAL: ZFake1E2Mu/Central/jets/3/eta in Skim_TriLep_DYJets10to50.root
2025-12-17 22:34:55,494 - INFO - [2018] MISSING_CENTRAL: ZFake1E2Mu/Central/jets/3/eta in Skim_TriLep_DYJets10to50.root
2025-12-18 14:18:38,604 - INFO - [2018] MISSING_CENTRAL: ZFake1E2Mu/Central/jets/3/eta in Skim_TriLep_DYJets10to50.root
2025-12-18 14:34:06,948 - INFO - [2018] MISSING_CENTRAL: ZFake1E2Mu/Central/jets/3/eta in Skim_TriLep_DYJets10to50.root
2026-01-07 11:44:10,877 - INFO - [2018] MISSING_CENTRAL: ZFake1E2Mu/Central/jets/3/eta in Skim_TriLep_DYJets10to50.root
