2025-09-24 15:47:55,142 - INFO - [2018] MISSING_CENTRAL: ZFake1E2Mu/Central/jets/4/pt in Skim_TriLep_DYJets.root
2025-09-24 15:47:55,143 - INFO - [2018] MISSING_CENTRAL: ZFake1E2Mu/Central/jets/4/pt in Skim_TriLep_DYJets10to50.root
2025-09-24 15:47:55,174 - INFO - [2018] MISSING_FILE: /Users/choij/Sync/workspace/ChargedHiggsAnalysisV3/SKNanoOutput/PromptSelector/Run1E2Mu_RunSyst/2018/Skim_TriLep_TTG.root
2025-09-24 15:47:55,175 - INFO - [2018] MISSING_CENTRAL: ZFake1E2Mu/Central/jets/4/pt in Skim_TriLep_WWG.root
2025-09-24 15:47:55,198 - INFO - [2018] MISSING_FILE: /Users/choij/Sync/workspace/ChargedHiggsAnalysisV3/SKNanoOutput/PromptSelector/Run1E2Mu_RunSyst/2018/Skim_TriLep_TTHToNonbb.root
2025-09-24 15:47:55,247 - INFO - [2018] MISSING_FILE: /Users/choij/Sync/workspace/ChargedHiggsAnalysisV3/SKNanoOutput/PromptSelector/Run1E2Mu_RunSyst/2018/Skim_TriLep_tHq.root
2025-09-24 15:47:55,312 - INFO - [2018] MISSING_FILE: /Users/choij/Sync/workspace/ChargedHiggsAnalysisV3/SKNanoOutput/PromptSelector/Run1E2Mu_RunSyst/2018/Skim_TriLep_VBFHToZZTo4L.root
2025-10-02 21:13:03,916 - INFO - [2018] MISSING_CENTRAL: ZFake1E2Mu/Central/jets/4/pt in Skim_TriLep_DYJets.root
2025-10-02 21:13:03,917 - INFO - [2018] MISSING_CENTRAL: ZFake1E2Mu/Central/jets/4/pt in Skim_TriLep_DYJets10to50.root
2025-10-02 21:13:03,945 - INFO - [2018] MISSING_FILE: /data9/Users/choij/Sync/workspace/ChargedHiggsAnalysisV3/SKNanoOutput/PromptSelector/Run1E2Mu_RunSyst/2018/Skim_TriLep_TTG.root
2025-10-02 21:13:03,947 - INFO - [2018] MISSING_CENTRAL: ZFake1E2Mu/Central/jets/4/pt in Skim_TriLep_WWG.root
2025-10-02 21:13:04,013 - INFO - [2018] MISSING_FILE: /data9/Users/choij/Sync/workspace/ChargedHiggsAnalysisV3/SKNanoOutput/PromptSelector/Run1E2Mu_RunSyst/2018/Skim_TriLep_TTHToNonbb.root
2025-10-02 21:13:04,133 - INFO - [2018] MISSING_FILE: /data9/Users/choij/Sync/workspace/ChargedHiggsAnalysisV3/SKNanoOutput/PromptSelector/Run1E2Mu_RunSyst/2018/Skim_TriLep_tHq.root
2025-10-02 21:13:04,279 - INFO - [2018] MISSING_FILE: /data9/Users/choij/Sync/workspace/ChargedHiggsAnalysisV3/SKNanoOutput/PromptSelector/Run1E2Mu_RunSyst/2018/Skim_TriLep_VBFHToZZTo4L.root
2025-10-03 00:00:41,287 - INFO - [2018] MISSING_CENTRAL: ZFake1E2Mu/Central/jets/4/pt in Skim_TriLep_DYJets.root
2025-10-03 00:00:41,288 - INFO - [2018] MISSING_CENTRAL: ZFake1E2Mu/Central/jets/4/pt in Skim_TriLep_DYJets10to50.root
2025-10-03 00:00:41,327 - INFO - [2018] MISSING_FILE: /Users/choij/Sync/workspace/ChargedHiggsAnalysisV3/SKNanoOutput/PromptSelector/Run1E2Mu_RunSyst/2018/Skim_TriLep_TTG.root
2025-10-03 00:00:41,328 - INFO - [2018] MISSING_CENTRAL: ZFake1E2Mu/Central/jets/4/pt in Skim_TriLep_WWG.root
2025-10-03 00:00:41,358 - INFO - [2018] MISSING_FILE: /Users/choij/Sync/workspace/ChargedHiggsAnalysisV3/SKNanoOutput/PromptSelector/Run1E2Mu_RunSyst/2018/Skim_TriLep_TTHToNonbb.root
2025-10-03 00:00:41,410 - INFO - [2018] MISSING_FILE: /Users/choij/Sync/workspace/ChargedHiggsAnalysisV3/SKNanoOutput/PromptSelector/Run1E2Mu_RunSyst/2018/Skim_TriLep_tHq.root
2025-10-03 00:00:41,478 - INFO - [2018] MISSING_FILE: /Users/choij/Sync/workspace/ChargedHiggsAnalysisV3/SKNanoOutput/PromptSelector/Run1E2Mu_RunSyst/2018/Skim_TriLep_VBFHToZZTo4L.root
