2025-09-24 15:47:46,545 - INFO - [2018] MISSING_CENTRAL: ZFake1E2Mu/Central/jets/1/eta in Skim_TriLep_DYJets.root
2025-09-24 15:47:46,545 - INFO - [2018] MISSING_CENTRAL: ZFake1E2Mu/Central/jets/1/eta in Skim_TriLep_DYJets10to50.root
2025-09-24 15:47:46,554 - INFO - [2018] MISSING_FILE: /Users/choij/Sync/workspace/ChargedHiggsAnalysisV3/SKNanoOutput/PromptSelector/Run1E2Mu_RunSyst/2018/Skim_TriLep_TTG.root
2025-09-24 15:47:46,577 - INFO - [2018] MISSING_FILE: /Users/choij/Sync/workspace/ChargedHiggsAnalysisV3/SKNanoOutput/PromptSelector/Run1E2Mu_RunSyst/2018/Skim_TriLep_TTHToNonbb.root
2025-09-24 15:47:46,596 - INFO - [2018] MISSING_FILE: /Users/choij/Sync/workspace/ChargedHiggsAnalysisV3/SKNanoOutput/PromptSelector/Run1E2Mu_RunSyst/2018/Skim_TriLep_tHq.root
2025-09-24 15:47:46,622 - INFO - [2018] MISSING_FILE: /Users/choij/Sync/workspace/ChargedHiggsAnalysisV3/SKNanoOutput/PromptSelector/Run1E2Mu_RunSyst/2018/Skim_TriLep_VBFHToZZTo4L.root
2025-10-02 21:12:56,969 - INFO - [2018] MISSING_CENTRAL: ZFake1E2Mu/Central/jets/1/eta in Skim_TriLep_DYJets.root
2025-10-02 21:12:56,970 - INFO - [2018] MISSING_CENTRAL: ZFake1E2Mu/Central/jets/1/eta in Skim_TriLep_DYJets10to50.root
2025-10-02 21:12:56,986 - INFO - [2018] MISSING_FILE: /data9/Users/choij/Sync/workspace/ChargedHiggsAnalysisV3/SKNanoOutput/PromptSelector/Run1E2Mu_RunSyst/2018/Skim_TriLep_TTG.root
2025-10-02 21:12:57,020 - INFO - [2018] MISSING_FILE: /data9/Users/choij/Sync/workspace/ChargedHiggsAnalysisV3/SKNanoOutput/PromptSelector/Run1E2Mu_RunSyst/2018/Skim_TriLep_TTHToNonbb.root
2025-10-02 21:12:57,285 - INFO - [2018] MISSING_FILE: /data9/Users/choij/Sync/workspace/ChargedHiggsAnalysisV3/SKNanoOutput/PromptSelector/Run1E2Mu_RunSyst/2018/Skim_TriLep_tHq.root
2025-10-02 21:12:58,277 - INFO - [2018] MISSING_FILE: /data9/Users/choij/Sync/workspace/ChargedHiggsAnalysisV3/SKNanoOutput/PromptSelector/Run1E2Mu_RunSyst/2018/Skim_TriLep_VBFHToZZTo4L.root
2025-10-03 00:00:33,058 - INFO - [2018] MISSING_CENTRAL: ZFake1E2Mu/Central/jets/1/eta in Skim_TriLep_DYJets.root
2025-10-03 00:00:33,059 - INFO - [2018] MISSING_CENTRAL: ZFake1E2Mu/Central/jets/1/eta in Skim_TriLep_DYJets10to50.root
2025-10-03 00:00:33,064 - INFO - [2018] MISSING_FILE: /Users/choij/Sync/workspace/ChargedHiggsAnalysisV3/SKNanoOutput/PromptSelector/Run1E2Mu_RunSyst/2018/Skim_TriLep_TTG.root
2025-10-03 00:00:33,110 - INFO - [2018] MISSING_FILE: /Users/choij/Sync/workspace/ChargedHiggsAnalysisV3/SKNanoOutput/PromptSelector/Run1E2Mu_RunSyst/2018/Skim_TriLep_TTHToNonbb.root
2025-10-03 00:00:33,135 - INFO - [2018] MISSING_FILE: /Users/choij/Sync/workspace/ChargedHiggsAnalysisV3/SKNanoOutput/PromptSelector/Run1E2Mu_RunSyst/2018/Skim_TriLep_tHq.root
2025-10-03 00:00:33,164 - INFO - [2018] MISSING_FILE: /Users/choij/Sync/workspace/ChargedHiggsAnalysisV3/SKNanoOutput/PromptSelector/Run1E2Mu_RunSyst/2018/Skim_TriLep_VBFHToZZTo4L.root
2025-11-05 22:02:51,658 - INFO - [2018] MISSING_CENTRAL: ZFake1E2Mu/Central/jets/1/eta in Skim_TriLep_DYJets.root
2025-11-05 22:02:51,659 - INFO - [2018] MISSING_CENTRAL: ZFake1E2Mu/Central/jets/1/eta in Skim_TriLep_DYJets10to50.root
2025-11-05 22:18:37,574 - INFO - [2018] MISSING_CENTRAL: ZFake1E2Mu/Central/jets/1/eta in Skim_TriLep_DYJets.root
2025-11-05 22:18:37,576 - INFO - [2018] MISSING_CENTRAL: ZFake1E2Mu/Central/jets/1/eta in Skim_TriLep_DYJets10to50.root
2025-11-05 23:23:10,550 - INFO - [2018] MISSING_CENTRAL: ZFake1E2Mu/Central/jets/1/eta in Skim_TriLep_DYJets.root
2025-11-05 23:23:10,550 - INFO - [2018] MISSING_CENTRAL: ZFake1E2Mu/Central/jets/1/eta in Skim_TriLep_DYJets10to50.root
2025-11-07 12:26:22,937 - INFO - [2018] MISSING_CENTRAL: ZFake1E2Mu/Central/jets/1/eta in Skim_TriLep_DYJets.root
2025-11-07 12:26:22,938 - INFO - [2018] MISSING_CENTRAL: ZFake1E2Mu/Central/jets/1/eta in Skim_TriLep_DYJets10to50.root
2025-11-07 13:06:51,969 - INFO - [2018] MISSING_CENTRAL: ZFake1E2Mu/Central/jets/1/eta in Skim_TriLep_DYJets.root
2025-11-07 13:06:51,973 - INFO - [2018] MISSING_CENTRAL: ZFake1E2Mu/Central/jets/1/eta in Skim_TriLep_DYJets10to50.root
2025-11-07 13:30:37,267 - INFO - [2018] MISSING_CENTRAL: ZFake1E2Mu/Central/jets/1/eta in Skim_TriLep_DYJets.root
2025-11-07 13:30:37,268 - INFO - [2018] MISSING_CENTRAL: ZFake1E2Mu/Central/jets/1/eta in Skim_TriLep_DYJets10to50.root
2025-11-07 14:03:22,592 - INFO - [2018] MISSING_CENTRAL: ZFake1E2Mu/Central/jets/1/eta in Skim_TriLep_DYJets.root
2025-11-07 14:03:22,592 - INFO - [2018] MISSING_CENTRAL: ZFake1E2Mu/Central/jets/1/eta in Skim_TriLep_DYJets10to50.root
2025-11-10 05:54:02,187 - INFO - [2018] MISSING_CENTRAL: ZFake1E2Mu/Central/jets/1/eta in Skim_TriLep_DYJets.root
2025-11-10 05:54:02,188 - INFO - [2018] MISSING_CENTRAL: ZFake1E2Mu/Central/jets/1/eta in Skim_TriLep_DYJets10to50.root
