2025-09-24 15:47:55,090 - INFO - [2018] MISSING_CENTRAL: ZFake1E2Mu/Central/jets/3/py in Skim_TriLep_DYJets.root
2025-09-24 15:47:55,091 - INFO - [2018] MISSING_CENTRAL: ZFake1E2Mu/Central/jets/3/py in Skim_TriLep_DYJets10to50.root
2025-09-24 15:47:55,116 - INFO - [2018] MISSING_FILE: /Users/choij/Sync/workspace/ChargedHiggsAnalysisV3/SKNanoOutput/PromptSelector/Run1E2Mu_RunSyst/2018/Skim_TriLep_TTG.root
2025-09-24 15:47:55,160 - INFO - [2018] MISSING_FILE: /Users/choij/Sync/workspace/ChargedHiggsAnalysisV3/SKNanoOutput/PromptSelector/Run1E2Mu_RunSyst/2018/Skim_TriLep_TTHToNonbb.root
2025-09-24 15:47:55,272 - INFO - [2018] MISSING_FILE: /Users/choij/Sync/workspace/ChargedHiggsAnalysisV3/SKNanoOutput/PromptSelector/Run1E2Mu_RunSyst/2018/Skim_TriLep_tHq.root
2025-09-24 15:47:55,378 - INFO - [2018] MISSING_FILE: /Users/choij/Sync/workspace/ChargedHiggsAnalysisV3/SKNanoOutput/PromptSelector/Run1E2Mu_RunSyst/2018/Skim_TriLep_VBFHToZZTo4L.root
2025-10-02 21:13:03,955 - INFO - [2018] MISSING_CENTRAL: ZFake1E2Mu/Central/jets/3/py in Skim_TriLep_DYJets.root
2025-10-02 21:13:03,956 - INFO - [2018] MISSING_CENTRAL: ZFake1E2Mu/Central/jets/3/py in Skim_TriLep_DYJets10to50.root
2025-10-02 21:13:03,990 - INFO - [2018] MISSING_FILE: /data9/Users/choij/Sync/workspace/ChargedHiggsAnalysisV3/SKNanoOutput/PromptSelector/Run1E2Mu_RunSyst/2018/Skim_TriLep_TTG.root
2025-10-02 21:13:04,095 - INFO - [2018] MISSING_FILE: /data9/Users/choij/Sync/workspace/ChargedHiggsAnalysisV3/SKNanoOutput/PromptSelector/Run1E2Mu_RunSyst/2018/Skim_TriLep_TTHToNonbb.root
2025-10-02 21:13:04,336 - INFO - [2018] MISSING_FILE: /data9/Users/choij/Sync/workspace/ChargedHiggsAnalysisV3/SKNanoOutput/PromptSelector/Run1E2Mu_RunSyst/2018/Skim_TriLep_tHq.root
2025-10-02 21:13:04,570 - INFO - [2018] MISSING_FILE: /data9/Users/choij/Sync/workspace/ChargedHiggsAnalysisV3/SKNanoOutput/PromptSelector/Run1E2Mu_RunSyst/2018/Skim_TriLep_VBFHToZZTo4L.root
2025-10-03 00:00:41,233 - INFO - [2018] MISSING_CENTRAL: ZFake1E2Mu/Central/jets/3/py in Skim_TriLep_DYJets.root
2025-10-03 00:00:41,235 - INFO - [2018] MISSING_CENTRAL: ZFake1E2Mu/Central/jets/3/py in Skim_TriLep_DYJets10to50.root
2025-10-03 00:00:41,271 - INFO - [2018] MISSING_FILE: /Users/choij/Sync/workspace/ChargedHiggsAnalysisV3/SKNanoOutput/PromptSelector/Run1E2Mu_RunSyst/2018/Skim_TriLep_TTG.root
2025-10-03 00:00:41,339 - INFO - [2018] MISSING_FILE: /Users/choij/Sync/workspace/ChargedHiggsAnalysisV3/SKNanoOutput/PromptSelector/Run1E2Mu_RunSyst/2018/Skim_TriLep_TTHToNonbb.root
2025-10-03 00:00:41,458 - INFO - [2018] MISSING_FILE: /Users/choij/Sync/workspace/ChargedHiggsAnalysisV3/SKNanoOutput/PromptSelector/Run1E2Mu_RunSyst/2018/Skim_TriLep_tHq.root
2025-10-03 00:00:41,666 - INFO - [2018] MISSING_FILE: /Users/choij/Sync/workspace/ChargedHiggsAnalysisV3/SKNanoOutput/PromptSelector/Run1E2Mu_RunSyst/2018/Skim_TriLep_VBFHToZZTo4L.root
2025-11-05 22:02:55,080 - INFO - [2018] MISSING_CENTRAL: ZFake1E2Mu/Central/jets/3/py in Skim_TriLep_DYJets.root
2025-11-05 22:02:55,080 - INFO - [2018] MISSING_CENTRAL: ZFake1E2Mu/Central/jets/3/py in Skim_TriLep_DYJets10to50.root
2025-11-05 22:18:40,750 - INFO - [2018] MISSING_CENTRAL: ZFake1E2Mu/Central/jets/3/py in Skim_TriLep_DYJets.root
2025-11-05 22:18:40,757 - INFO - [2018] MISSING_CENTRAL: ZFake1E2Mu/Central/jets/3/py in Skim_TriLep_DYJets10to50.root
2025-11-05 23:23:13,728 - INFO - [2018] MISSING_CENTRAL: ZFake1E2Mu/Central/jets/3/py in Skim_TriLep_DYJets.root
2025-11-05 23:23:13,733 - INFO - [2018] MISSING_CENTRAL: ZFake1E2Mu/Central/jets/3/py in Skim_TriLep_DYJets10to50.root
2025-11-07 12:26:26,116 - INFO - [2018] MISSING_CENTRAL: ZFake1E2Mu/Central/jets/3/py in Skim_TriLep_DYJets.root
2025-11-07 12:26:26,117 - INFO - [2018] MISSING_CENTRAL: ZFake1E2Mu/Central/jets/3/py in Skim_TriLep_DYJets10to50.root
2025-11-07 13:06:55,211 - INFO - [2018] MISSING_CENTRAL: ZFake1E2Mu/Central/jets/3/py in Skim_TriLep_DYJets.root
2025-11-07 13:06:55,212 - INFO - [2018] MISSING_CENTRAL: ZFake1E2Mu/Central/jets/3/py in Skim_TriLep_DYJets10to50.root
2025-11-07 13:30:40,300 - INFO - [2018] MISSING_CENTRAL: ZFake1E2Mu/Central/jets/3/py in Skim_TriLep_DYJets.root
2025-11-07 13:30:40,301 - INFO - [2018] MISSING_CENTRAL: ZFake1E2Mu/Central/jets/3/py in Skim_TriLep_DYJets10to50.root
2025-11-07 14:03:25,792 - INFO - [2018] MISSING_CENTRAL: ZFake1E2Mu/Central/jets/3/py in Skim_TriLep_DYJets.root
2025-11-07 14:03:25,793 - INFO - [2018] MISSING_CENTRAL: ZFake1E2Mu/Central/jets/3/py in Skim_TriLep_DYJets10to50.root
2025-11-10 05:54:05,069 - INFO - [2018] MISSING_CENTRAL: ZFake1E2Mu/Central/jets/3/py in Skim_TriLep_DYJets.root
2025-11-10 05:54:05,070 - INFO - [2018] MISSING_CENTRAL: ZFake1E2Mu/Central/jets/3/py in Skim_TriLep_DYJets10to50.root
2025-11-10 12:18:28,686 - INFO - [2018] MISSING_CENTRAL: ZFake1E2Mu/Central/jets/3/py in Skim_TriLep_DYJets.root
2025-11-10 12:18:28,689 - INFO - [2018] MISSING_CENTRAL: ZFake1E2Mu/Central/jets/3/py in Skim_TriLep_DYJets10to50.root
