2025-09-24 15:47:58,121 - INFO - [2018] MISSING_CENTRAL: ZFake1E2Mu/Central/METv/px in Skim_TriLep_DYJets.root
2025-09-24 15:47:58,121 - INFO - [2018] MISSING_CENTRAL: ZFake1E2Mu/Central/METv/px in Skim_TriLep_DYJets10to50.root
2025-09-24 15:47:58,158 - INFO - [2018] MISSING_FILE: /Users/choij/Sync/workspace/ChargedHiggsAnalysisV3/SKNanoOutput/PromptSelector/Run1E2Mu_RunSyst/2018/Skim_TriLep_TTG.root
2025-09-24 15:47:58,262 - INFO - [2018] MISSING_FILE: /Users/choij/Sync/workspace/ChargedHiggsAnalysisV3/SKNanoOutput/PromptSelector/Run1E2Mu_RunSyst/2018/Skim_TriLep_TTHToNonbb.root
2025-09-24 15:47:58,326 - INFO - [2018] MISSING_FILE: /Users/choij/Sync/workspace/ChargedHiggsAnalysisV3/SKNanoOutput/PromptSelector/Run1E2Mu_RunSyst/2018/Skim_TriLep_tHq.root
2025-09-24 15:47:58,409 - INFO - [2018] MISSING_FILE: /Users/choij/Sync/workspace/ChargedHiggsAnalysisV3/SKNanoOutput/PromptSelector/Run1E2Mu_RunSyst/2018/Skim_TriLep_VBFHToZZTo4L.root
2025-10-02 21:13:04,093 - INFO - [2018] MISSING_CENTRAL: ZFake1E2Mu/Central/METv/px in Skim_TriLep_DYJets.root
2025-10-02 21:13:04,094 - INFO - [2018] MISSING_CENTRAL: ZFake1E2Mu/Central/METv/px in Skim_TriLep_DYJets10to50.root
2025-10-02 21:13:04,130 - INFO - [2018] MISSING_FILE: /data9/Users/choij/Sync/workspace/ChargedHiggsAnalysisV3/SKNanoOutput/PromptSelector/Run1E2Mu_RunSyst/2018/Skim_TriLep_TTG.root
2025-10-02 21:13:04,278 - INFO - [2018] MISSING_FILE: /data9/Users/choij/Sync/workspace/ChargedHiggsAnalysisV3/SKNanoOutput/PromptSelector/Run1E2Mu_RunSyst/2018/Skim_TriLep_TTHToNonbb.root
2025-10-02 21:13:04,391 - INFO - [2018] MISSING_FILE: /data9/Users/choij/Sync/workspace/ChargedHiggsAnalysisV3/SKNanoOutput/PromptSelector/Run1E2Mu_RunSyst/2018/Skim_TriLep_tHq.root
2025-10-02 21:13:04,623 - INFO - [2018] MISSING_FILE: /data9/Users/choij/Sync/workspace/ChargedHiggsAnalysisV3/SKNanoOutput/PromptSelector/Run1E2Mu_RunSyst/2018/Skim_TriLep_VBFHToZZTo4L.root
2025-10-03 00:00:44,275 - INFO - [2018] MISSING_CENTRAL: ZFake1E2Mu/Central/METv/px in Skim_TriLep_DYJets.root
2025-10-03 00:00:44,275 - INFO - [2018] MISSING_CENTRAL: ZFake1E2Mu/Central/METv/px in Skim_TriLep_DYJets10to50.root
2025-10-03 00:00:44,355 - INFO - [2018] MISSING_FILE: /Users/choij/Sync/workspace/ChargedHiggsAnalysisV3/SKNanoOutput/PromptSelector/Run1E2Mu_RunSyst/2018/Skim_TriLep_TTG.root
2025-10-03 00:00:44,484 - INFO - [2018] MISSING_FILE: /Users/choij/Sync/workspace/ChargedHiggsAnalysisV3/SKNanoOutput/PromptSelector/Run1E2Mu_RunSyst/2018/Skim_TriLep_TTHToNonbb.root
2025-10-03 00:00:44,529 - INFO - [2018] MISSING_FILE: /Users/choij/Sync/workspace/ChargedHiggsAnalysisV3/SKNanoOutput/PromptSelector/Run1E2Mu_RunSyst/2018/Skim_TriLep_tHq.root
2025-10-03 00:00:44,612 - INFO - [2018] MISSING_FILE: /Users/choij/Sync/workspace/ChargedHiggsAnalysisV3/SKNanoOutput/PromptSelector/Run1E2Mu_RunSyst/2018/Skim_TriLep_VBFHToZZTo4L.root
2025-11-05 22:02:56,261 - INFO - [2018] MISSING_CENTRAL: ZFake1E2Mu/Central/METv/px in Skim_TriLep_DYJets.root
2025-11-05 22:02:56,264 - INFO - [2018] MISSING_CENTRAL: ZFake1E2Mu/Central/METv/px in Skim_TriLep_DYJets10to50.root
2025-11-05 22:18:41,020 - INFO - [2018] MISSING_CENTRAL: ZFake1E2Mu/Central/METv/px in Skim_TriLep_DYJets.root
2025-11-05 22:18:41,024 - INFO - [2018] MISSING_CENTRAL: ZFake1E2Mu/Central/METv/px in Skim_TriLep_DYJets10to50.root
2025-11-05 23:23:14,362 - INFO - [2018] MISSING_CENTRAL: ZFake1E2Mu/Central/METv/px in Skim_TriLep_DYJets.root
2025-11-05 23:23:14,363 - INFO - [2018] MISSING_CENTRAL: ZFake1E2Mu/Central/METv/px in Skim_TriLep_DYJets10to50.root
2025-11-07 12:26:26,323 - INFO - [2018] MISSING_CENTRAL: ZFake1E2Mu/Central/METv/px in Skim_TriLep_DYJets.root
2025-11-07 12:26:26,324 - INFO - [2018] MISSING_CENTRAL: ZFake1E2Mu/Central/METv/px in Skim_TriLep_DYJets10to50.root
2025-11-07 13:06:55,527 - INFO - [2018] MISSING_CENTRAL: ZFake1E2Mu/Central/METv/px in Skim_TriLep_DYJets.root
2025-11-07 13:06:55,531 - INFO - [2018] MISSING_CENTRAL: ZFake1E2Mu/Central/METv/px in Skim_TriLep_DYJets10to50.root
2025-11-07 13:30:40,738 - INFO - [2018] MISSING_CENTRAL: ZFake1E2Mu/Central/METv/px in Skim_TriLep_DYJets.root
2025-11-07 13:30:40,739 - INFO - [2018] MISSING_CENTRAL: ZFake1E2Mu/Central/METv/px in Skim_TriLep_DYJets10to50.root
2025-11-07 14:03:26,106 - INFO - [2018] MISSING_CENTRAL: ZFake1E2Mu/Central/METv/px in Skim_TriLep_DYJets.root
2025-11-07 14:03:26,107 - INFO - [2018] MISSING_CENTRAL: ZFake1E2Mu/Central/METv/px in Skim_TriLep_DYJets10to50.root
2025-11-10 05:54:06,807 - INFO - [2018] MISSING_CENTRAL: ZFake1E2Mu/Central/METv/px in Skim_TriLep_DYJets.root
2025-11-10 05:54:06,808 - INFO - [2018] MISSING_CENTRAL: ZFake1E2Mu/Central/METv/px in Skim_TriLep_DYJets10to50.root
2025-11-10 12:18:29,440 - INFO - [2018] MISSING_CENTRAL: ZFake1E2Mu/Central/METv/px in Skim_TriLep_DYJets.root
2025-11-10 12:18:29,442 - INFO - [2018] MISSING_CENTRAL: ZFake1E2Mu/Central/METv/px in Skim_TriLep_DYJets10to50.root
2025-11-13 11:07:43,737 - INFO - [2018] MISSING_CENTRAL: ZFake1E2Mu/Central/METv/px in Skim_TriLep_DYJets.root
2025-11-13 11:07:43,738 - INFO - [2018] MISSING_CENTRAL: ZFake1E2Mu/Central/METv/px in Skim_TriLep_DYJets10to50.root
2025-11-19 16:09:08,516 - INFO - [2018] MISSING_CENTRAL: ZFake1E2Mu/Central/METv/px in Skim_TriLep_DYJets.root
2025-11-19 16:09:08,517 - INFO - [2018] MISSING_CENTRAL: ZFake1E2Mu/Central/METv/px in Skim_TriLep_DYJets10to50.root
2025-11-19 16:20:49,398 - INFO - [2018] MISSING_CENTRAL: ZFake1E2Mu/Central/METv/px in Skim_TriLep_DYJets.root
2025-11-19 16:20:49,398 - INFO - [2018] MISSING_CENTRAL: ZFake1E2Mu/Central/METv/px in Skim_TriLep_DYJets10to50.root
