2025-09-24 15:42:04,780 - INFO - [2016preVFP] MISSING_CENTRAL: SR3Mu/Central/bjets/1/pt in Skim_TriLep_DYJets10to50.root
2025-09-24 15:42:04,807 - INFO - [2016preVFP] MISSING_CENTRAL: SR3Mu/Central/bjets/1/pt in Skim_TriLep_WWG.root
2025-10-02 21:09:43,223 - INFO - [2016preVFP] MISSING_CENTRAL: SR3Mu/Central/bjets/1/pt in Skim_TriLep_DYJets10to50.root
2025-10-02 21:09:43,267 - INFO - [2016preVFP] MISSING_CENTRAL: SR3Mu/Central/bjets/1/pt in Skim_TriLep_WWG.root
2025-10-02 23:55:24,906 - INFO - [2016preVFP] MISSING_CENTRAL: SR3Mu/Central/bjets/1/pt in Skim_TriLep_DYJets10to50.root
2025-10-02 23:55:25,014 - INFO - [2016preVFP] MISSING_CENTRAL: SR3Mu/Central/bjets/1/pt in Skim_TriLep_WWG.root
2025-11-05 20:28:31,888 - INFO - [2016preVFP] MISSING_CENTRAL: SR3Mu/Central/bjets/1/pt in Skim_TriLep_DYJets.root
2025-11-05 20:28:31,889 - INFO - [2016preVFP] MISSING_CENTRAL: SR3Mu/Central/bjets/1/pt in Skim_TriLep_DYJets10to50.root
2025-11-05 20:28:31,915 - INFO - [2016preVFP] MISSING_CENTRAL: SR3Mu/Central/bjets/1/pt in Skim_TriLep_WWG.root
2025-11-05 21:32:47,119 - INFO - [2016preVFP] MISSING_CENTRAL: SR3Mu/Central/bjets/1/pt in Skim_TriLep_DYJets.root
2025-11-05 21:32:47,120 - INFO - [2016preVFP] MISSING_CENTRAL: SR3Mu/Central/bjets/1/pt in Skim_TriLep_DYJets10to50.root
2025-11-05 21:32:47,148 - INFO - [2016preVFP] MISSING_CENTRAL: SR3Mu/Central/bjets/1/pt in Skim_TriLep_WWG.root
2025-11-05 21:36:43,627 - INFO - [2016preVFP] MISSING_CENTRAL: SR3Mu/Central/bjets/1/pt in Skim_TriLep_DYJets.root
2025-11-05 21:36:43,627 - INFO - [2016preVFP] MISSING_CENTRAL: SR3Mu/Central/bjets/1/pt in Skim_TriLep_DYJets10to50.root
2025-11-05 21:36:43,654 - INFO - [2016preVFP] MISSING_CENTRAL: SR3Mu/Central/bjets/1/pt in Skim_TriLep_WWG.root
2025-11-05 21:37:48,781 - INFO - [2016preVFP] MISSING_CENTRAL: SR3Mu/Central/bjets/1/pt in Skim_TriLep_DYJets.root
2025-11-05 21:37:48,782 - INFO - [2016preVFP] MISSING_CENTRAL: SR3Mu/Central/bjets/1/pt in Skim_TriLep_DYJets10to50.root
2025-11-05 21:37:48,808 - INFO - [2016preVFP] MISSING_CENTRAL: SR3Mu/Central/bjets/1/pt in Skim_TriLep_WWG.root
2025-11-05 21:59:51,801 - INFO - [2016preVFP] MISSING_CENTRAL: SR3Mu/Central/bjets/1/pt in Skim_TriLep_DYJets.root
2025-11-05 21:59:51,802 - INFO - [2016preVFP] MISSING_CENTRAL: SR3Mu/Central/bjets/1/pt in Skim_TriLep_DYJets10to50.root
2025-11-05 21:59:51,829 - INFO - [2016preVFP] MISSING_CENTRAL: SR3Mu/Central/bjets/1/pt in Skim_TriLep_WWG.root
2025-11-05 22:15:35,036 - INFO - [2016preVFP] MISSING_CENTRAL: SR3Mu/Central/bjets/1/pt in Skim_TriLep_DYJets.root
2025-11-05 22:15:35,036 - INFO - [2016preVFP] MISSING_CENTRAL: SR3Mu/Central/bjets/1/pt in Skim_TriLep_DYJets10to50.root
2025-11-05 22:15:35,067 - INFO - [2016preVFP] MISSING_CENTRAL: SR3Mu/Central/bjets/1/pt in Skim_TriLep_WWG.root
2025-11-05 23:20:12,584 - INFO - [2016preVFP] MISSING_CENTRAL: SR3Mu/Central/bjets/1/pt in Skim_TriLep_DYJets.root
2025-11-05 23:20:12,585 - INFO - [2016preVFP] MISSING_CENTRAL: SR3Mu/Central/bjets/1/pt in Skim_TriLep_DYJets10to50.root
2025-11-05 23:20:12,613 - INFO - [2016preVFP] MISSING_CENTRAL: SR3Mu/Central/bjets/1/pt in Skim_TriLep_WWG.root
2025-11-07 12:23:28,317 - INFO - [2016preVFP] MISSING_CENTRAL: SR3Mu/Central/bjets/1/pt in Skim_TriLep_DYJets.root
2025-11-07 12:23:28,318 - INFO - [2016preVFP] MISSING_CENTRAL: SR3Mu/Central/bjets/1/pt in Skim_TriLep_DYJets10to50.root
2025-11-07 12:23:28,345 - INFO - [2016preVFP] MISSING_CENTRAL: SR3Mu/Central/bjets/1/pt in Skim_TriLep_WWG.root
2025-11-07 13:03:32,592 - INFO - [2016preVFP] MISSING_CENTRAL: SR3Mu/Central/bjets/1/pt in Skim_TriLep_DYJets.root
2025-11-07 13:03:32,595 - INFO - [2016preVFP] MISSING_CENTRAL: SR3Mu/Central/bjets/1/pt in Skim_TriLep_DYJets10to50.root
2025-11-07 13:03:32,626 - INFO - [2016preVFP] MISSING_CENTRAL: SR3Mu/Central/bjets/1/pt in Skim_TriLep_WWG.root
2025-11-07 13:25:15,752 - INFO - [2016preVFP] MISSING_CENTRAL: SR3Mu/Central/bjets/1/pt in Skim_TriLep_DYJets.root
2025-11-07 13:25:15,753 - INFO - [2016preVFP] MISSING_CENTRAL: SR3Mu/Central/bjets/1/pt in Skim_TriLep_DYJets10to50.root
2025-11-07 13:25:15,780 - INFO - [2016preVFP] MISSING_CENTRAL: SR3Mu/Central/bjets/1/pt in Skim_TriLep_WWG.root
2025-11-07 13:27:43,787 - INFO - [2016preVFP] MISSING_CENTRAL: SR3Mu/Central/bjets/1/pt in Skim_TriLep_DYJets.root
2025-11-07 13:27:43,793 - INFO - [2016preVFP] MISSING_CENTRAL: SR3Mu/Central/bjets/1/pt in Skim_TriLep_DYJets10to50.root
2025-11-07 13:27:43,858 - INFO - [2016preVFP] MISSING_CENTRAL: SR3Mu/Central/bjets/1/pt in Skim_TriLep_WWG.root
2025-11-07 13:44:06,794 - INFO - [2016preVFP] MISSING_CENTRAL: SR3Mu/Central/bjets/1/pt in Skim_TriLep_DYJets.root
2025-11-07 13:44:06,795 - INFO - [2016preVFP] MISSING_CENTRAL: SR3Mu/Central/bjets/1/pt in Skim_TriLep_DYJets10to50.root
2025-11-07 13:44:06,823 - INFO - [2016preVFP] MISSING_CENTRAL: SR3Mu/Central/bjets/1/pt in Skim_TriLep_WWG.root
2025-11-07 13:52:03,903 - INFO - [2016preVFP] MISSING_CENTRAL: SR3Mu/Central/bjets/1/pt in Skim_TriLep_DYJets.root
2025-11-07 13:52:03,903 - INFO - [2016preVFP] MISSING_CENTRAL: SR3Mu/Central/bjets/1/pt in Skim_TriLep_DYJets10to50.root
2025-11-07 13:52:03,930 - INFO - [2016preVFP] MISSING_CENTRAL: SR3Mu/Central/bjets/1/pt in Skim_TriLep_WWG.root
2025-11-07 14:00:29,486 - INFO - [2016preVFP] MISSING_CENTRAL: SR3Mu/Central/bjets/1/pt in Skim_TriLep_DYJets.root
2025-11-07 14:00:29,486 - INFO - [2016preVFP] MISSING_CENTRAL: SR3Mu/Central/bjets/1/pt in Skim_TriLep_DYJets10to50.root
2025-11-07 14:00:29,513 - INFO - [2016preVFP] MISSING_CENTRAL: SR3Mu/Central/bjets/1/pt in Skim_TriLep_WWG.root
2025-11-10 05:50:26,682 - INFO - [2016preVFP] MISSING_CENTRAL: SR3Mu/Central/bjets/1/pt in Skim_TriLep_DYJets.root
2025-11-10 05:50:26,685 - INFO - [2016preVFP] MISSING_CENTRAL: SR3Mu/Central/bjets/1/pt in Skim_TriLep_DYJets10to50.root
2025-11-10 05:50:26,718 - INFO - [2016preVFP] MISSING_CENTRAL: SR3Mu/Central/bjets/1/pt in Skim_TriLep_WWG.root
2025-11-10 12:15:30,261 - INFO - [2016preVFP] MISSING_CENTRAL: SR3Mu/Central/bjets/1/pt in Skim_TriLep_DYJets.root
2025-11-10 12:15:30,262 - INFO - [2016preVFP] MISSING_CENTRAL: SR3Mu/Central/bjets/1/pt in Skim_TriLep_DYJets10to50.root
2025-11-10 12:15:30,301 - INFO - [2016preVFP] MISSING_CENTRAL: SR3Mu/Central/bjets/1/pt in Skim_TriLep_WWG.root
2025-11-13 11:04:07,432 - INFO - [2016preVFP] MISSING_CENTRAL: SR3Mu/Central/bjets/1/pt in Skim_TriLep_DYJets.root
2025-11-13 11:04:07,433 - INFO - [2016preVFP] MISSING_CENTRAL: SR3Mu/Central/bjets/1/pt in Skim_TriLep_DYJets10to50.root
2025-11-13 11:04:07,477 - INFO - [2016preVFP] MISSING_CENTRAL: SR3Mu/Central/bjets/1/pt in Skim_TriLep_WWG.root
2025-11-13 19:53:46,308 - INFO - [2016preVFP] MISSING_CENTRAL: SR3Mu/Central/bjets/1/pt in Skim_TriLep_DYJets.root
2025-11-13 19:53:46,309 - INFO - [2016preVFP] MISSING_CENTRAL: SR3Mu/Central/bjets/1/pt in Skim_TriLep_DYJets10to50.root
2025-11-13 19:53:46,343 - INFO - [2016preVFP] MISSING_CENTRAL: SR3Mu/Central/bjets/1/pt in Skim_TriLep_WWG.root
2025-11-13 20:00:41,040 - INFO - [2016preVFP] MISSING_CENTRAL: SR3Mu/Central/bjets/1/pt in Skim_TriLep_DYJets.root
2025-11-13 20:00:41,041 - INFO - [2016preVFP] MISSING_CENTRAL: SR3Mu/Central/bjets/1/pt in Skim_TriLep_DYJets10to50.root
2025-11-13 20:00:41,066 - INFO - [2016preVFP] MISSING_CENTRAL: SR3Mu/Central/bjets/1/pt in Skim_TriLep_WWG.root
2025-11-19 16:17:49,299 - INFO - [2016preVFP] MISSING_CENTRAL: SR3Mu/Central/bjets/1/pt in Skim_TriLep_DYJets.root
2025-11-19 16:17:49,300 - INFO - [2016preVFP] MISSING_CENTRAL: SR3Mu/Central/bjets/1/pt in Skim_TriLep_DYJets10to50.root
2025-11-19 16:17:49,326 - INFO - [2016preVFP] MISSING_CENTRAL: SR3Mu/Central/bjets/1/pt in Skim_TriLep_WWG.root
2025-12-17 22:31:22,406 - INFO - [2016preVFP] MISSING_CENTRAL: SR3Mu/Central/bjets/1/pt in Skim_TriLep_DYJets10to50.root
2025-12-17 22:31:22,407 - INFO - [2016preVFP] MISSING_FILE: /data9/Users/choij/Sync/workspace/ChargedHiggsAnalysisV3/SKNanoOutput/PromptSelector/Run3Mu_RunSyst/2016preVFP/Skim_TriLep_ZGToLLG.root
2025-12-17 22:31:22,427 - INFO - [2016preVFP] MISSING_CENTRAL: SR3Mu/Central/bjets/1/pt in Skim_TriLep_WWG.root
2025-12-18 14:10:05,293 - INFO - [2016preVFP] MISSING_CENTRAL: SR3Mu/Central/bjets/1/pt in Skim_TriLep_DYJets10to50.root
2025-12-18 14:10:05,293 - INFO - [2016preVFP] MISSING_FILE: /data9/Users/choij/Sync/workspace/ChargedHiggsAnalysisV3/SKNanoOutput/PromptSelector/Run3Mu_RunSyst/2016preVFP/Skim_TriLep_ZGToLLG.root
2025-12-18 14:10:05,315 - INFO - [2016preVFP] MISSING_CENTRAL: SR3Mu/Central/bjets/1/pt in Skim_TriLep_WWG.root
2025-12-18 14:14:10,308 - INFO - [2016preVFP] MISSING_CENTRAL: SR3Mu/Central/bjets/1/pt in Skim_TriLep_DYJets10to50.root
2025-12-18 14:14:10,308 - INFO - [2016preVFP] MISSING_FILE: /data9/Users/choij/Sync/workspace/ChargedHiggsAnalysisV3/SKNanoOutput/PromptSelector/Run3Mu_RunSyst/2016preVFP/Skim_TriLep_ZGToLLG.root
2025-12-18 14:14:10,357 - INFO - [2016preVFP] MISSING_CENTRAL: SR3Mu/Central/bjets/1/pt in Skim_TriLep_WWG.root
2025-12-18 14:29:41,035 - INFO - [2016preVFP] MISSING_CENTRAL: SR3Mu/Central/bjets/1/pt in Skim_TriLep_DYJets10to50.root
2025-12-18 14:29:41,035 - INFO - [2016preVFP] MISSING_FILE: /data9/Users/choij/Sync/workspace/ChargedHiggsAnalysisV3/SKNanoOutput/PromptSelector/Run3Mu_RunSyst/2016preVFP/Skim_TriLep_ZGToLLG.root
2025-12-18 14:29:41,057 - INFO - [2016preVFP] MISSING_CENTRAL: SR3Mu/Central/bjets/1/pt in Skim_TriLep_WWG.root
2026-01-07 11:40:00,554 - INFO - [2016preVFP] MISSING_CENTRAL: SR3Mu/Central/bjets/1/pt in Skim_TriLep_DYJets10to50.root
2026-01-07 11:40:00,555 - INFO - [2016preVFP] MISSING_FILE: /data9/Users/choij/Sync/workspace/ChargedHiggsAnalysisV3/SKNanoOutput/PromptSelector/Run3Mu_RunSyst/2016preVFP/Skim_TriLep_ZGToLLG.root
2026-01-07 11:40:00,579 - INFO - [2016preVFP] MISSING_CENTRAL: SR3Mu/Central/bjets/1/pt in Skim_TriLep_WWG.root
2026-01-07 18:37:19,603 - INFO - [2016preVFP] MISSING_CENTRAL: SR3Mu/Central/bjets/1/pt in Skim_TriLep_DYJets10to50.root
2026-01-07 18:37:19,604 - INFO - [2016preVFP] MISSING_FILE: /data9/Users/choij/Sync/workspace/ChargedHiggsAnalysisV3/SKNanoOutput/PromptSelector/Run3Mu_RunSyst/2016preVFP/Skim_TriLep_ZGToLLG.root
2026-01-07 18:37:19,624 - INFO - [2016preVFP] MISSING_CENTRAL: SR3Mu/Central/bjets/1/pt in Skim_TriLep_WWG.root
2026-01-07 19:26:53,484 - INFO - [2016preVFP] MISSING_CENTRAL: SR3Mu/Central/bjets/1/pt in Skim_TriLep_DYJets10to50.root
2026-01-07 19:26:53,484 - INFO - [2016preVFP] MISSING_FILE: /data9/Users/choij/Sync/workspace/ChargedHiggsAnalysisV3/SKNanoOutput/PromptSelector/Run3Mu_RunSyst/2016preVFP/Skim_TriLep_ZGToLLG.root
2026-01-07 19:26:53,542 - INFO - [2016preVFP] MISSING_CENTRAL: SR3Mu/Central/bjets/1/pt in Skim_TriLep_WWG.root
2026-01-09 12:10:28,209 - INFO - [2016preVFP] MISSING_CENTRAL: SR3Mu/Central/bjets/1/pt in Skim_TriLep_DYJets10to50.root
2026-01-09 12:10:28,210 - INFO - [2016preVFP] MISSING_FILE: /home/choij/Sync/workspace/ChargedHiggsAnalysisV3/SKNanoOutput/PromptSelector/Run3Mu_RunSyst/2016preVFP/Skim_TriLep_ZGToLLG.root
2026-01-09 12:10:28,222 - INFO - [2016preVFP] MISSING_CENTRAL: SR3Mu/Central/bjets/1/pt in Skim_TriLep_WWG.root
2026-01-11 09:30:32,483 - INFO - [2016preVFP] MISSING_CENTRAL: SR3Mu/Central/bjets/1/pt in Skim_TriLep_DYJets10to50.root
2026-01-11 09:30:32,483 - INFO - [2016preVFP] MISSING_FILE: /home/choij/Sync/workspace/ChargedHiggsAnalysisV3/SKNanoOutput/PromptSelector/Run3Mu_RunSyst/2016preVFP/Skim_TriLep_ZGToLLG.root
2026-01-11 09:30:32,492 - INFO - [2016preVFP] MISSING_CENTRAL: SR3Mu/Central/bjets/1/pt in Skim_TriLep_WWG.root
2026-01-12 13:39:03,622 - INFO - [2016preVFP] MISSING_FILE: /home/choij/Sync/workspace/ChargedHiggsAnalysisV3/SKNanoOutput/MatrixSelector/Run3Mu/2016preVFP/Skim_TriLep_DoubleMuon_B.root
2026-01-12 13:39:03,623 - INFO - [2016preVFP] MISSING_FILE: /home/choij/Sync/workspace/ChargedHiggsAnalysisV3/SKNanoOutput/MatrixSelector/Run3Mu/2016preVFP/Skim_TriLep_DoubleMuon_C.root
2026-01-12 13:39:03,623 - INFO - [2016preVFP] MISSING_FILE: /home/choij/Sync/workspace/ChargedHiggsAnalysisV3/SKNanoOutput/MatrixSelector/Run3Mu/2016preVFP/Skim_TriLep_DoubleMuon_D.root
2026-01-12 13:39:03,623 - INFO - [2016preVFP] MISSING_FILE: /home/choij/Sync/workspace/ChargedHiggsAnalysisV3/SKNanoOutput/MatrixSelector/Run3Mu/2016preVFP/Skim_TriLep_DoubleMuon_E.root
2026-01-12 13:39:03,623 - INFO - [2016preVFP] MISSING_FILE: /home/choij/Sync/workspace/ChargedHiggsAnalysisV3/SKNanoOutput/MatrixSelector/Run3Mu/2016preVFP/Skim_TriLep_DoubleMuon_F.root
2026-01-12 13:39:03,651 - INFO - [2016preVFP] MISSING_CENTRAL: SR3Mu/Central/bjets/1/pt in Skim_TriLep_DYJets10to50.root
2026-01-12 13:39:03,652 - INFO - [2016preVFP] MISSING_FILE: /home/choij/Sync/workspace/ChargedHiggsAnalysisV3/SKNanoOutput/PromptSelector/Run3Mu_RunSyst/2016preVFP/Skim_TriLep_ZGToLLG.root
2026-01-12 13:39:03,665 - INFO - [2016preVFP] MISSING_CENTRAL: SR3Mu/Central/bjets/1/pt in Skim_TriLep_WWG.root
2026-01-16 18:54:31,518 - INFO - [2016preVFP] MISSING_CENTRAL: SR3Mu/Central/bjets/1/pt in Skim_TriLep_DYJets10to50.root
2026-01-16 18:54:31,518 - INFO - [2016preVFP] MISSING_FILE: /home/choij/Sync/workspace/ChargedHiggsAnalysisV3/SKNanoOutput/PromptSelector/Run3Mu_RunSyst/2016preVFP/Skim_TriLep_ZGToLLG.root
2026-01-16 18:54:31,530 - INFO - [2016preVFP] MISSING_CENTRAL: SR3Mu/Central/bjets/1/pt in Skim_TriLep_WWG.root
