2025-09-24 15:42:07,919 - INFO - [2016preVFP] MISSING_CENTRAL: SR3Mu/Central/bjets/2/charge in Skim_TriLep_DYJets.root
2025-09-24 15:42:07,920 - INFO - [2016preVFP] MISSING_CENTRAL: SR3Mu/Central/bjets/2/charge in Skim_TriLep_DYJets10to50.root
2025-09-24 15:42:07,944 - INFO - [2016preVFP] MISSING_CENTRAL: SR3Mu/Central/bjets/2/charge in Skim_TriLep_WWG.root
2025-10-02 21:09:43,677 - INFO - [2016preVFP] MISSING_CENTRAL: SR3Mu/Central/bjets/2/charge in Skim_TriLep_DYJets.root
2025-10-02 21:09:43,680 - INFO - [2016preVFP] MISSING_CENTRAL: SR3Mu/Central/bjets/2/charge in Skim_TriLep_DYJets10to50.root
2025-10-02 21:09:43,757 - INFO - [2016preVFP] MISSING_CENTRAL: SR3Mu/Central/bjets/2/charge in Skim_TriLep_WWG.root
2025-10-02 23:55:28,335 - INFO - [2016preVFP] MISSING_CENTRAL: SR3Mu/Central/bjets/2/charge in Skim_TriLep_DYJets.root
2025-10-02 23:55:28,335 - INFO - [2016preVFP] MISSING_CENTRAL: SR3Mu/Central/bjets/2/charge in Skim_TriLep_DYJets10to50.root
2025-10-02 23:55:28,351 - INFO - [2016preVFP] MISSING_CENTRAL: SR3Mu/Central/bjets/2/charge in Skim_TriLep_WWG.root
2025-11-05 21:32:49,843 - INFO - [2016preVFP] MISSING_CENTRAL: SR3Mu/Central/bjets/2/charge in Skim_TriLep_DYJets.root
2025-11-05 21:32:49,861 - INFO - [2016preVFP] MISSING_CENTRAL: SR3Mu/Central/bjets/2/charge in Skim_TriLep_DYJets10to50.root
2025-11-05 21:32:49,921 - INFO - [2016preVFP] MISSING_CENTRAL: SR3Mu/Central/bjets/2/charge in Skim_TriLep_WWG.root
2025-11-05 21:36:46,360 - INFO - [2016preVFP] MISSING_CENTRAL: SR3Mu/Central/bjets/2/charge in Skim_TriLep_DYJets.root
2025-11-05 21:36:46,364 - INFO - [2016preVFP] MISSING_CENTRAL: SR3Mu/Central/bjets/2/charge in Skim_TriLep_DYJets10to50.root
2025-11-05 21:36:46,403 - INFO - [2016preVFP] MISSING_CENTRAL: SR3Mu/Central/bjets/2/charge in Skim_TriLep_WWG.root
2025-11-05 21:37:51,349 - INFO - [2016preVFP] MISSING_CENTRAL: SR3Mu/Central/bjets/2/charge in Skim_TriLep_DYJets.root
2025-11-05 21:37:51,350 - INFO - [2016preVFP] MISSING_CENTRAL: SR3Mu/Central/bjets/2/charge in Skim_TriLep_DYJets10to50.root
2025-11-05 21:37:51,374 - INFO - [2016preVFP] MISSING_CENTRAL: SR3Mu/Central/bjets/2/charge in Skim_TriLep_WWG.root
2025-11-05 21:59:54,714 - INFO - [2016preVFP] MISSING_CENTRAL: SR3Mu/Central/bjets/2/charge in Skim_TriLep_DYJets.root
2025-11-05 21:59:54,714 - INFO - [2016preVFP] MISSING_CENTRAL: SR3Mu/Central/bjets/2/charge in Skim_TriLep_DYJets10to50.root
2025-11-05 21:59:54,749 - INFO - [2016preVFP] MISSING_CENTRAL: SR3Mu/Central/bjets/2/charge in Skim_TriLep_WWG.root
2025-11-05 22:15:37,928 - INFO - [2016preVFP] MISSING_CENTRAL: SR3Mu/Central/bjets/2/charge in Skim_TriLep_DYJets.root
2025-11-05 22:15:37,929 - INFO - [2016preVFP] MISSING_CENTRAL: SR3Mu/Central/bjets/2/charge in Skim_TriLep_DYJets10to50.root
2025-11-05 22:15:37,952 - INFO - [2016preVFP] MISSING_CENTRAL: SR3Mu/Central/bjets/2/charge in Skim_TriLep_WWG.root
2025-11-05 23:20:15,384 - INFO - [2016preVFP] MISSING_CENTRAL: SR3Mu/Central/bjets/2/charge in Skim_TriLep_DYJets.root
2025-11-05 23:20:15,385 - INFO - [2016preVFP] MISSING_CENTRAL: SR3Mu/Central/bjets/2/charge in Skim_TriLep_DYJets10to50.root
2025-11-05 23:20:15,453 - INFO - [2016preVFP] MISSING_CENTRAL: SR3Mu/Central/bjets/2/charge in Skim_TriLep_WWG.root
2025-11-07 12:23:30,922 - INFO - [2016preVFP] MISSING_CENTRAL: SR3Mu/Central/bjets/2/charge in Skim_TriLep_DYJets.root
2025-11-07 12:23:30,923 - INFO - [2016preVFP] MISSING_CENTRAL: SR3Mu/Central/bjets/2/charge in Skim_TriLep_DYJets10to50.root
2025-11-07 12:23:30,945 - INFO - [2016preVFP] MISSING_CENTRAL: SR3Mu/Central/bjets/2/charge in Skim_TriLep_WWG.root
2025-11-07 13:03:35,061 - INFO - [2016preVFP] MISSING_CENTRAL: SR3Mu/Central/bjets/2/charge in Skim_TriLep_DYJets.root
2025-11-07 13:03:35,061 - INFO - [2016preVFP] MISSING_CENTRAL: SR3Mu/Central/bjets/2/charge in Skim_TriLep_DYJets10to50.root
2025-11-07 13:03:35,082 - INFO - [2016preVFP] MISSING_CENTRAL: SR3Mu/Central/bjets/2/charge in Skim_TriLep_WWG.root
2025-11-07 13:25:18,279 - INFO - [2016preVFP] MISSING_CENTRAL: SR3Mu/Central/bjets/2/charge in Skim_TriLep_DYJets.root
2025-11-07 13:25:18,281 - INFO - [2016preVFP] MISSING_CENTRAL: SR3Mu/Central/bjets/2/charge in Skim_TriLep_DYJets10to50.root
2025-11-07 13:25:18,326 - INFO - [2016preVFP] MISSING_CENTRAL: SR3Mu/Central/bjets/2/charge in Skim_TriLep_WWG.root
2025-11-07 13:27:46,568 - INFO - [2016preVFP] MISSING_CENTRAL: SR3Mu/Central/bjets/2/charge in Skim_TriLep_DYJets.root
2025-11-07 13:27:46,569 - INFO - [2016preVFP] MISSING_CENTRAL: SR3Mu/Central/bjets/2/charge in Skim_TriLep_DYJets10to50.root
2025-11-07 13:27:46,608 - INFO - [2016preVFP] MISSING_CENTRAL: SR3Mu/Central/bjets/2/charge in Skim_TriLep_WWG.root
2025-11-07 13:44:09,468 - INFO - [2016preVFP] MISSING_CENTRAL: SR3Mu/Central/bjets/2/charge in Skim_TriLep_DYJets.root
2025-11-07 13:44:09,468 - INFO - [2016preVFP] MISSING_CENTRAL: SR3Mu/Central/bjets/2/charge in Skim_TriLep_DYJets10to50.root
2025-11-07 13:44:09,488 - INFO - [2016preVFP] MISSING_CENTRAL: SR3Mu/Central/bjets/2/charge in Skim_TriLep_WWG.root
2025-11-07 13:52:06,514 - INFO - [2016preVFP] MISSING_CENTRAL: SR3Mu/Central/bjets/2/charge in Skim_TriLep_DYJets.root
2025-11-07 13:52:06,518 - INFO - [2016preVFP] MISSING_CENTRAL: SR3Mu/Central/bjets/2/charge in Skim_TriLep_DYJets10to50.root
2025-11-07 13:52:06,540 - INFO - [2016preVFP] MISSING_CENTRAL: SR3Mu/Central/bjets/2/charge in Skim_TriLep_WWG.root
2025-11-07 14:00:32,099 - INFO - [2016preVFP] MISSING_CENTRAL: SR3Mu/Central/bjets/2/charge in Skim_TriLep_DYJets.root
2025-11-07 14:00:32,101 - INFO - [2016preVFP] MISSING_CENTRAL: SR3Mu/Central/bjets/2/charge in Skim_TriLep_DYJets10to50.root
2025-11-07 14:00:32,138 - INFO - [2016preVFP] MISSING_CENTRAL: SR3Mu/Central/bjets/2/charge in Skim_TriLep_WWG.root
2025-11-10 05:50:29,301 - INFO - [2016preVFP] MISSING_CENTRAL: SR3Mu/Central/bjets/2/charge in Skim_TriLep_DYJets.root
2025-11-10 05:50:29,302 - INFO - [2016preVFP] MISSING_CENTRAL: SR3Mu/Central/bjets/2/charge in Skim_TriLep_DYJets10to50.root
2025-11-10 05:50:29,350 - INFO - [2016preVFP] MISSING_CENTRAL: SR3Mu/Central/bjets/2/charge in Skim_TriLep_WWG.root
2025-11-10 12:15:33,259 - INFO - [2016preVFP] MISSING_CENTRAL: SR3Mu/Central/bjets/2/charge in Skim_TriLep_DYJets.root
2025-11-10 12:15:33,261 - INFO - [2016preVFP] MISSING_CENTRAL: SR3Mu/Central/bjets/2/charge in Skim_TriLep_DYJets10to50.root
2025-11-10 12:15:33,284 - INFO - [2016preVFP] MISSING_CENTRAL: SR3Mu/Central/bjets/2/charge in Skim_TriLep_WWG.root
2025-11-13 11:04:07,282 - INFO - [2016preVFP] MISSING_CENTRAL: SR3Mu/Central/bjets/2/charge in Skim_TriLep_DoubleMuon_B.root
2025-11-13 11:04:07,284 - INFO - [2016preVFP] MISSING_CENTRAL: SR3Mu/Central/bjets/2/charge in Skim_TriLep_DoubleMuon_C.root
2025-11-13 11:04:07,285 - INFO - [2016preVFP] MISSING_CENTRAL: SR3Mu/Central/bjets/2/charge in Skim_TriLep_DoubleMuon_D.root
2025-11-13 11:04:07,286 - INFO - [2016preVFP] MISSING_CENTRAL: SR3Mu/Central/bjets/2/charge in Skim_TriLep_DoubleMuon_E.root
2025-11-13 11:04:07,289 - INFO - [2016preVFP] MISSING_CENTRAL: SR3Mu/Central/bjets/2/charge in Skim_TriLep_DoubleMuon_F.root
2025-11-13 19:53:48,223 - INFO - [2016preVFP] MISSING_CENTRAL: SR3Mu/Central/bjets/2/charge in Skim_TriLep_DoubleMuon_B.root
2025-11-13 19:53:48,225 - INFO - [2016preVFP] MISSING_CENTRAL: SR3Mu/Central/bjets/2/charge in Skim_TriLep_DoubleMuon_C.root
2025-11-13 19:53:48,225 - INFO - [2016preVFP] MISSING_CENTRAL: SR3Mu/Central/bjets/2/charge in Skim_TriLep_DoubleMuon_D.root
2025-11-13 19:53:48,226 - INFO - [2016preVFP] MISSING_CENTRAL: SR3Mu/Central/bjets/2/charge in Skim_TriLep_DoubleMuon_E.root
2025-11-13 19:53:48,226 - INFO - [2016preVFP] MISSING_CENTRAL: SR3Mu/Central/bjets/2/charge in Skim_TriLep_DoubleMuon_F.root
2025-11-13 20:00:43,130 - INFO - [2016preVFP] MISSING_CENTRAL: SR3Mu/Central/bjets/2/charge in Skim_TriLep_DoubleMuon_B.root
2025-11-13 20:00:43,131 - INFO - [2016preVFP] MISSING_CENTRAL: SR3Mu/Central/bjets/2/charge in Skim_TriLep_DoubleMuon_C.root
2025-11-13 20:00:43,131 - INFO - [2016preVFP] MISSING_CENTRAL: SR3Mu/Central/bjets/2/charge in Skim_TriLep_DoubleMuon_D.root
2025-11-13 20:00:43,132 - INFO - [2016preVFP] MISSING_CENTRAL: SR3Mu/Central/bjets/2/charge in Skim_TriLep_DoubleMuon_E.root
2025-11-13 20:00:43,133 - INFO - [2016preVFP] MISSING_CENTRAL: SR3Mu/Central/bjets/2/charge in Skim_TriLep_DoubleMuon_F.root
2025-11-19 16:17:51,311 - INFO - [2016preVFP] MISSING_CENTRAL: SR3Mu/Central/bjets/2/charge in Skim_TriLep_DoubleMuon_B.root
2025-11-19 16:17:51,314 - INFO - [2016preVFP] MISSING_CENTRAL: SR3Mu/Central/bjets/2/charge in Skim_TriLep_DoubleMuon_C.root
2025-11-19 16:17:51,316 - INFO - [2016preVFP] MISSING_CENTRAL: SR3Mu/Central/bjets/2/charge in Skim_TriLep_DoubleMuon_D.root
2025-11-19 16:17:51,317 - INFO - [2016preVFP] MISSING_CENTRAL: SR3Mu/Central/bjets/2/charge in Skim_TriLep_DoubleMuon_E.root
2025-11-19 16:17:51,318 - INFO - [2016preVFP] MISSING_CENTRAL: SR3Mu/Central/bjets/2/charge in Skim_TriLep_DoubleMuon_F.root
2025-12-17 22:31:22,332 - INFO - [2016preVFP] MISSING_CENTRAL: SR3Mu/Central/bjets/2/charge in Skim_TriLep_DoubleMuon_B.root
2025-12-17 22:31:22,333 - INFO - [2016preVFP] MISSING_CENTRAL: SR3Mu/Central/bjets/2/charge in Skim_TriLep_DoubleMuon_C.root
2025-12-17 22:31:22,336 - INFO - [2016preVFP] MISSING_CENTRAL: SR3Mu/Central/bjets/2/charge in Skim_TriLep_DoubleMuon_D.root
2025-12-17 22:31:22,337 - INFO - [2016preVFP] MISSING_CENTRAL: SR3Mu/Central/bjets/2/charge in Skim_TriLep_DoubleMuon_E.root
2025-12-17 22:31:22,338 - INFO - [2016preVFP] MISSING_CENTRAL: SR3Mu/Central/bjets/2/charge in Skim_TriLep_DoubleMuon_F.root
2025-12-18 14:10:04,369 - INFO - [2016preVFP] MISSING_CENTRAL: SR3Mu/Central/bjets/2/charge in Skim_TriLep_DoubleMuon_B.root
2025-12-18 14:10:04,381 - INFO - [2016preVFP] MISSING_CENTRAL: SR3Mu/Central/bjets/2/charge in Skim_TriLep_DoubleMuon_C.root
2025-12-18 14:10:04,382 - INFO - [2016preVFP] MISSING_CENTRAL: SR3Mu/Central/bjets/2/charge in Skim_TriLep_DoubleMuon_D.root
2025-12-18 14:10:04,385 - INFO - [2016preVFP] MISSING_CENTRAL: SR3Mu/Central/bjets/2/charge in Skim_TriLep_DoubleMuon_E.root
2025-12-18 14:10:04,388 - INFO - [2016preVFP] MISSING_CENTRAL: SR3Mu/Central/bjets/2/charge in Skim_TriLep_DoubleMuon_F.root
2025-12-18 14:14:10,627 - INFO - [2016preVFP] MISSING_CENTRAL: SR3Mu/Central/bjets/2/charge in Skim_TriLep_DoubleMuon_B.root
2025-12-18 14:14:10,631 - INFO - [2016preVFP] MISSING_CENTRAL: SR3Mu/Central/bjets/2/charge in Skim_TriLep_DoubleMuon_C.root
2025-12-18 14:14:10,633 - INFO - [2016preVFP] MISSING_CENTRAL: SR3Mu/Central/bjets/2/charge in Skim_TriLep_DoubleMuon_D.root
2025-12-18 14:14:10,636 - INFO - [2016preVFP] MISSING_CENTRAL: SR3Mu/Central/bjets/2/charge in Skim_TriLep_DoubleMuon_E.root
2025-12-18 14:14:10,641 - INFO - [2016preVFP] MISSING_CENTRAL: SR3Mu/Central/bjets/2/charge in Skim_TriLep_DoubleMuon_F.root
2025-12-18 14:29:42,010 - INFO - [2016preVFP] MISSING_CENTRAL: SR3Mu/Central/bjets/2/charge in Skim_TriLep_DoubleMuon_B.root
2025-12-18 14:29:42,012 - INFO - [2016preVFP] MISSING_CENTRAL: SR3Mu/Central/bjets/2/charge in Skim_TriLep_DoubleMuon_C.root
2025-12-18 14:29:42,020 - INFO - [2016preVFP] MISSING_CENTRAL: SR3Mu/Central/bjets/2/charge in Skim_TriLep_DoubleMuon_D.root
2025-12-18 14:29:42,022 - INFO - [2016preVFP] MISSING_CENTRAL: SR3Mu/Central/bjets/2/charge in Skim_TriLep_DoubleMuon_E.root
2025-12-18 14:29:42,023 - INFO - [2016preVFP] MISSING_CENTRAL: SR3Mu/Central/bjets/2/charge in Skim_TriLep_DoubleMuon_F.root
2026-01-07 11:40:00,589 - INFO - [2016preVFP] MISSING_CENTRAL: SR3Mu/Central/bjets/2/charge in Skim_TriLep_DoubleMuon_B.root
2026-01-07 11:40:00,591 - INFO - [2016preVFP] MISSING_CENTRAL: SR3Mu/Central/bjets/2/charge in Skim_TriLep_DoubleMuon_C.root
2026-01-07 11:40:00,594 - INFO - [2016preVFP] MISSING_CENTRAL: SR3Mu/Central/bjets/2/charge in Skim_TriLep_DoubleMuon_D.root
2026-01-07 11:40:00,595 - INFO - [2016preVFP] MISSING_CENTRAL: SR3Mu/Central/bjets/2/charge in Skim_TriLep_DoubleMuon_E.root
2026-01-07 11:40:00,597 - INFO - [2016preVFP] MISSING_CENTRAL: SR3Mu/Central/bjets/2/charge in Skim_TriLep_DoubleMuon_F.root
2026-01-07 18:37:19,656 - INFO - [2016preVFP] MISSING_CENTRAL: SR3Mu/Central/bjets/2/charge in Skim_TriLep_DoubleMuon_B.root
2026-01-07 18:37:19,657 - INFO - [2016preVFP] MISSING_CENTRAL: SR3Mu/Central/bjets/2/charge in Skim_TriLep_DoubleMuon_C.root
2026-01-07 18:37:19,665 - INFO - [2016preVFP] MISSING_CENTRAL: SR3Mu/Central/bjets/2/charge in Skim_TriLep_DoubleMuon_D.root
2026-01-07 18:37:19,667 - INFO - [2016preVFP] MISSING_CENTRAL: SR3Mu/Central/bjets/2/charge in Skim_TriLep_DoubleMuon_E.root
2026-01-07 18:37:19,670 - INFO - [2016preVFP] MISSING_CENTRAL: SR3Mu/Central/bjets/2/charge in Skim_TriLep_DoubleMuon_F.root
2026-01-07 19:26:53,374 - INFO - [2016preVFP] MISSING_CENTRAL: SR3Mu/Central/bjets/2/charge in Skim_TriLep_DoubleMuon_B.root
2026-01-07 19:26:53,386 - INFO - [2016preVFP] MISSING_CENTRAL: SR3Mu/Central/bjets/2/charge in Skim_TriLep_DoubleMuon_C.root
2026-01-07 19:26:53,390 - INFO - [2016preVFP] MISSING_CENTRAL: SR3Mu/Central/bjets/2/charge in Skim_TriLep_DoubleMuon_D.root
2026-01-07 19:26:53,397 - INFO - [2016preVFP] MISSING_CENTRAL: SR3Mu/Central/bjets/2/charge in Skim_TriLep_DoubleMuon_E.root
2026-01-07 19:26:53,403 - INFO - [2016preVFP] MISSING_CENTRAL: SR3Mu/Central/bjets/2/charge in Skim_TriLep_DoubleMuon_F.root
2026-01-09 12:10:30,054 - INFO - [2016preVFP] MISSING_CENTRAL: SR3Mu/Central/bjets/2/charge in Skim_TriLep_DoubleMuon_B.root
2026-01-09 12:10:30,058 - INFO - [2016preVFP] MISSING_CENTRAL: SR3Mu/Central/bjets/2/charge in Skim_TriLep_DoubleMuon_C.root
2026-01-09 12:10:30,058 - INFO - [2016preVFP] MISSING_CENTRAL: SR3Mu/Central/bjets/2/charge in Skim_TriLep_DoubleMuon_D.root
2026-01-09 12:10:30,059 - INFO - [2016preVFP] MISSING_CENTRAL: SR3Mu/Central/bjets/2/charge in Skim_TriLep_DoubleMuon_E.root
2026-01-09 12:10:30,059 - INFO - [2016preVFP] MISSING_CENTRAL: SR3Mu/Central/bjets/2/charge in Skim_TriLep_DoubleMuon_F.root
