2025-09-24 15:41:52,829 - INFO - [2016preVFP] MISSING_CENTRAL: SR3Mu/Central/jets/1/pt in Skim_TriLep_DYJets10to50.root
2025-09-24 15:41:52,856 - INFO - [2016preVFP] MISSING_CENTRAL: SR3Mu/Central/jets/1/pt in Skim_TriLep_WWG.root
2025-10-02 21:09:34,532 - INFO - [2016preVFP] MISSING_CENTRAL: SR3Mu/Central/jets/1/pt in Skim_TriLep_DYJets10to50.root
2025-10-02 21:09:34,570 - INFO - [2016preVFP] MISSING_CENTRAL: SR3Mu/Central/jets/1/pt in Skim_TriLep_WWG.root
2025-10-02 23:55:13,925 - INFO - [2016preVFP] MISSING_CENTRAL: SR3Mu/Central/jets/1/pt in Skim_TriLep_DYJets10to50.root
2025-10-02 23:55:13,969 - INFO - [2016preVFP] MISSING_CENTRAL: SR3Mu/Central/jets/1/pt in Skim_TriLep_WWG.root
2025-11-05 20:28:28,735 - INFO - [2016preVFP] MISSING_CENTRAL: SR3Mu/Central/jets/1/pt in Skim_TriLep_DYJets.root
2025-11-05 20:28:28,735 - INFO - [2016preVFP] MISSING_CENTRAL: SR3Mu/Central/jets/1/pt in Skim_TriLep_DYJets10to50.root
2025-11-05 20:28:28,763 - INFO - [2016preVFP] MISSING_CENTRAL: SR3Mu/Central/jets/1/pt in Skim_TriLep_WWG.root
2025-11-05 21:32:43,760 - INFO - [2016preVFP] MISSING_CENTRAL: SR3Mu/Central/jets/1/pt in Skim_TriLep_DYJets.root
2025-11-05 21:32:43,764 - INFO - [2016preVFP] MISSING_CENTRAL: SR3Mu/Central/jets/1/pt in Skim_TriLep_DYJets10to50.root
2025-11-05 21:32:43,824 - INFO - [2016preVFP] MISSING_CENTRAL: SR3Mu/Central/jets/1/pt in Skim_TriLep_WWG.root
2025-11-05 21:36:40,337 - INFO - [2016preVFP] MISSING_CENTRAL: SR3Mu/Central/jets/1/pt in Skim_TriLep_DYJets.root
2025-11-05 21:36:40,337 - INFO - [2016preVFP] MISSING_CENTRAL: SR3Mu/Central/jets/1/pt in Skim_TriLep_DYJets10to50.root
2025-11-05 21:36:40,382 - INFO - [2016preVFP] MISSING_CENTRAL: SR3Mu/Central/jets/1/pt in Skim_TriLep_WWG.root
2025-11-05 21:37:45,085 - INFO - [2016preVFP] MISSING_CENTRAL: SR3Mu/Central/jets/1/pt in Skim_TriLep_DYJets.root
2025-11-05 21:37:45,085 - INFO - [2016preVFP] MISSING_CENTRAL: SR3Mu/Central/jets/1/pt in Skim_TriLep_DYJets10to50.root
2025-11-05 21:37:45,156 - INFO - [2016preVFP] MISSING_CENTRAL: SR3Mu/Central/jets/1/pt in Skim_TriLep_WWG.root
2025-11-05 21:59:48,264 - INFO - [2016preVFP] MISSING_CENTRAL: SR3Mu/Central/jets/1/pt in Skim_TriLep_DYJets.root
2025-11-05 21:59:48,265 - INFO - [2016preVFP] MISSING_CENTRAL: SR3Mu/Central/jets/1/pt in Skim_TriLep_DYJets10to50.root
2025-11-05 21:59:48,290 - INFO - [2016preVFP] MISSING_CENTRAL: SR3Mu/Central/jets/1/pt in Skim_TriLep_WWG.root
2025-11-05 22:15:31,671 - INFO - [2016preVFP] MISSING_CENTRAL: SR3Mu/Central/jets/1/pt in Skim_TriLep_DYJets.root
2025-11-05 22:15:31,672 - INFO - [2016preVFP] MISSING_CENTRAL: SR3Mu/Central/jets/1/pt in Skim_TriLep_DYJets10to50.root
2025-11-05 22:15:31,714 - INFO - [2016preVFP] MISSING_CENTRAL: SR3Mu/Central/jets/1/pt in Skim_TriLep_WWG.root
2025-11-05 23:20:09,208 - INFO - [2016preVFP] MISSING_CENTRAL: SR3Mu/Central/jets/1/pt in Skim_TriLep_DYJets.root
2025-11-05 23:20:09,209 - INFO - [2016preVFP] MISSING_CENTRAL: SR3Mu/Central/jets/1/pt in Skim_TriLep_DYJets10to50.root
2025-11-05 23:20:09,236 - INFO - [2016preVFP] MISSING_CENTRAL: SR3Mu/Central/jets/1/pt in Skim_TriLep_WWG.root
2025-11-07 12:23:24,961 - INFO - [2016preVFP] MISSING_CENTRAL: SR3Mu/Central/jets/1/pt in Skim_TriLep_DYJets.root
2025-11-07 12:23:24,962 - INFO - [2016preVFP] MISSING_CENTRAL: SR3Mu/Central/jets/1/pt in Skim_TriLep_DYJets10to50.root
2025-11-07 12:23:24,990 - INFO - [2016preVFP] MISSING_CENTRAL: SR3Mu/Central/jets/1/pt in Skim_TriLep_WWG.root
2025-11-07 13:03:29,053 - INFO - [2016preVFP] MISSING_CENTRAL: SR3Mu/Central/jets/1/pt in Skim_TriLep_DYJets.root
2025-11-07 13:03:29,054 - INFO - [2016preVFP] MISSING_CENTRAL: SR3Mu/Central/jets/1/pt in Skim_TriLep_DYJets10to50.root
2025-11-07 13:03:29,080 - INFO - [2016preVFP] MISSING_CENTRAL: SR3Mu/Central/jets/1/pt in Skim_TriLep_WWG.root
2025-11-07 13:25:12,393 - INFO - [2016preVFP] MISSING_CENTRAL: SR3Mu/Central/jets/1/pt in Skim_TriLep_DYJets.root
2025-11-07 13:25:12,397 - INFO - [2016preVFP] MISSING_CENTRAL: SR3Mu/Central/jets/1/pt in Skim_TriLep_DYJets10to50.root
2025-11-07 13:25:12,424 - INFO - [2016preVFP] MISSING_CENTRAL: SR3Mu/Central/jets/1/pt in Skim_TriLep_WWG.root
2025-11-07 13:27:40,486 - INFO - [2016preVFP] MISSING_CENTRAL: SR3Mu/Central/jets/1/pt in Skim_TriLep_DYJets.root
2025-11-07 13:27:40,486 - INFO - [2016preVFP] MISSING_CENTRAL: SR3Mu/Central/jets/1/pt in Skim_TriLep_DYJets10to50.root
2025-11-07 13:27:40,513 - INFO - [2016preVFP] MISSING_CENTRAL: SR3Mu/Central/jets/1/pt in Skim_TriLep_WWG.root
2025-11-07 13:44:03,224 - INFO - [2016preVFP] MISSING_CENTRAL: SR3Mu/Central/jets/1/pt in Skim_TriLep_DYJets.root
2025-11-07 13:44:03,224 - INFO - [2016preVFP] MISSING_CENTRAL: SR3Mu/Central/jets/1/pt in Skim_TriLep_DYJets10to50.root
2025-11-07 13:44:03,249 - INFO - [2016preVFP] MISSING_CENTRAL: SR3Mu/Central/jets/1/pt in Skim_TriLep_WWG.root
2025-11-07 13:52:00,230 - INFO - [2016preVFP] MISSING_CENTRAL: SR3Mu/Central/jets/1/pt in Skim_TriLep_DYJets.root
2025-11-07 13:52:00,233 - INFO - [2016preVFP] MISSING_CENTRAL: SR3Mu/Central/jets/1/pt in Skim_TriLep_DYJets10to50.root
2025-11-07 13:52:00,283 - INFO - [2016preVFP] MISSING_CENTRAL: SR3Mu/Central/jets/1/pt in Skim_TriLep_WWG.root
2025-11-07 14:00:26,033 - INFO - [2016preVFP] MISSING_CENTRAL: SR3Mu/Central/jets/1/pt in Skim_TriLep_DYJets.root
2025-11-07 14:00:26,037 - INFO - [2016preVFP] MISSING_CENTRAL: SR3Mu/Central/jets/1/pt in Skim_TriLep_DYJets10to50.root
2025-11-07 14:00:26,090 - INFO - [2016preVFP] MISSING_CENTRAL: SR3Mu/Central/jets/1/pt in Skim_TriLep_WWG.root
2025-11-10 05:50:21,897 - INFO - [2016preVFP] MISSING_CENTRAL: SR3Mu/Central/jets/1/pt in Skim_TriLep_DYJets.root
2025-11-10 05:50:21,897 - INFO - [2016preVFP] MISSING_CENTRAL: SR3Mu/Central/jets/1/pt in Skim_TriLep_DYJets10to50.root
2025-11-10 05:50:21,957 - INFO - [2016preVFP] MISSING_CENTRAL: SR3Mu/Central/jets/1/pt in Skim_TriLep_WWG.root
2025-11-10 12:15:27,056 - INFO - [2016preVFP] MISSING_CENTRAL: SR3Mu/Central/jets/1/pt in Skim_TriLep_DYJets.root
2025-11-10 12:15:27,057 - INFO - [2016preVFP] MISSING_CENTRAL: SR3Mu/Central/jets/1/pt in Skim_TriLep_DYJets10to50.root
2025-11-10 12:15:27,083 - INFO - [2016preVFP] MISSING_CENTRAL: SR3Mu/Central/jets/1/pt in Skim_TriLep_WWG.root
2025-11-13 11:03:57,140 - INFO - [2016preVFP] MISSING_CENTRAL: SR3Mu/Central/jets/1/pt in Skim_TriLep_DYJets.root
2025-11-13 11:03:57,141 - INFO - [2016preVFP] MISSING_CENTRAL: SR3Mu/Central/jets/1/pt in Skim_TriLep_DYJets10to50.root
2025-11-13 11:03:57,978 - INFO - [2016preVFP] MISSING_CENTRAL: SR3Mu/Central/jets/1/pt in Skim_TriLep_WWG.root
2025-11-13 19:53:42,930 - INFO - [2016preVFP] MISSING_CENTRAL: SR3Mu/Central/jets/1/pt in Skim_TriLep_DYJets.root
2025-11-13 19:53:42,931 - INFO - [2016preVFP] MISSING_CENTRAL: SR3Mu/Central/jets/1/pt in Skim_TriLep_DYJets10to50.root
2025-11-13 19:53:42,958 - INFO - [2016preVFP] MISSING_CENTRAL: SR3Mu/Central/jets/1/pt in Skim_TriLep_WWG.root
2025-11-13 20:00:37,420 - INFO - [2016preVFP] MISSING_CENTRAL: SR3Mu/Central/jets/1/pt in Skim_TriLep_DYJets.root
2025-11-13 20:00:37,420 - INFO - [2016preVFP] MISSING_CENTRAL: SR3Mu/Central/jets/1/pt in Skim_TriLep_DYJets10to50.root
2025-11-13 20:00:37,445 - INFO - [2016preVFP] MISSING_CENTRAL: SR3Mu/Central/jets/1/pt in Skim_TriLep_WWG.root
2025-11-19 16:17:45,937 - INFO - [2016preVFP] MISSING_CENTRAL: SR3Mu/Central/jets/1/pt in Skim_TriLep_DYJets.root
2025-11-19 16:17:45,938 - INFO - [2016preVFP] MISSING_CENTRAL: SR3Mu/Central/jets/1/pt in Skim_TriLep_DYJets10to50.root
2025-11-19 16:17:45,966 - INFO - [2016preVFP] MISSING_CENTRAL: SR3Mu/Central/jets/1/pt in Skim_TriLep_WWG.root
2025-12-17 22:31:11,729 - INFO - [2016preVFP] MISSING_CENTRAL: SR3Mu/Central/jets/1/pt in Skim_TriLep_DYJets10to50.root
2025-12-17 22:31:11,729 - INFO - [2016preVFP] MISSING_FILE: /data9/Users/choij/Sync/workspace/ChargedHiggsAnalysisV3/SKNanoOutput/PromptSelector/Run3Mu_RunSyst/2016preVFP/Skim_TriLep_ZGToLLG.root
2025-12-17 22:31:12,152 - INFO - [2016preVFP] MISSING_CENTRAL: SR3Mu/Central/jets/1/pt in Skim_TriLep_WWG.root
2025-12-18 14:09:59,044 - INFO - [2016preVFP] MISSING_CENTRAL: SR3Mu/Central/jets/1/pt in Skim_TriLep_DYJets10to50.root
2025-12-18 14:09:59,045 - INFO - [2016preVFP] MISSING_FILE: /data9/Users/choij/Sync/workspace/ChargedHiggsAnalysisV3/SKNanoOutput/PromptSelector/Run3Mu_RunSyst/2016preVFP/Skim_TriLep_ZGToLLG.root
2025-12-18 14:09:59,105 - INFO - [2016preVFP] MISSING_CENTRAL: SR3Mu/Central/jets/1/pt in Skim_TriLep_WWG.root
2025-12-18 14:14:03,804 - INFO - [2016preVFP] MISSING_CENTRAL: SR3Mu/Central/jets/1/pt in Skim_TriLep_DYJets10to50.root
2025-12-18 14:14:03,804 - INFO - [2016preVFP] MISSING_FILE: /data9/Users/choij/Sync/workspace/ChargedHiggsAnalysisV3/SKNanoOutput/PromptSelector/Run3Mu_RunSyst/2016preVFP/Skim_TriLep_ZGToLLG.root
2025-12-18 14:14:03,841 - INFO - [2016preVFP] MISSING_CENTRAL: SR3Mu/Central/jets/1/pt in Skim_TriLep_WWG.root
2025-12-18 14:29:35,002 - INFO - [2016preVFP] MISSING_CENTRAL: SR3Mu/Central/jets/1/pt in Skim_TriLep_DYJets10to50.root
2025-12-18 14:29:35,002 - INFO - [2016preVFP] MISSING_FILE: /data9/Users/choij/Sync/workspace/ChargedHiggsAnalysisV3/SKNanoOutput/PromptSelector/Run3Mu_RunSyst/2016preVFP/Skim_TriLep_ZGToLLG.root
2025-12-18 14:29:35,071 - INFO - [2016preVFP] MISSING_CENTRAL: SR3Mu/Central/jets/1/pt in Skim_TriLep_WWG.root
2026-01-07 11:39:50,232 - INFO - [2016preVFP] MISSING_CENTRAL: SR3Mu/Central/jets/1/pt in Skim_TriLep_DYJets10to50.root
2026-01-07 11:39:50,232 - INFO - [2016preVFP] MISSING_FILE: /data9/Users/choij/Sync/workspace/ChargedHiggsAnalysisV3/SKNanoOutput/PromptSelector/Run3Mu_RunSyst/2016preVFP/Skim_TriLep_ZGToLLG.root
2026-01-07 11:39:50,304 - INFO - [2016preVFP] MISSING_CENTRAL: SR3Mu/Central/jets/1/pt in Skim_TriLep_WWG.root
2026-01-07 18:37:14,106 - INFO - [2016preVFP] MISSING_CENTRAL: SR3Mu/Central/jets/1/pt in Skim_TriLep_DYJets10to50.root
2026-01-07 18:37:14,107 - INFO - [2016preVFP] MISSING_FILE: /data9/Users/choij/Sync/workspace/ChargedHiggsAnalysisV3/SKNanoOutput/PromptSelector/Run3Mu_RunSyst/2016preVFP/Skim_TriLep_ZGToLLG.root
2026-01-07 18:37:14,127 - INFO - [2016preVFP] MISSING_CENTRAL: SR3Mu/Central/jets/1/pt in Skim_TriLep_WWG.root
2026-01-07 19:26:47,902 - INFO - [2016preVFP] MISSING_CENTRAL: SR3Mu/Central/jets/1/pt in Skim_TriLep_DYJets10to50.root
2026-01-07 19:26:47,902 - INFO - [2016preVFP] MISSING_FILE: /data9/Users/choij/Sync/workspace/ChargedHiggsAnalysisV3/SKNanoOutput/PromptSelector/Run3Mu_RunSyst/2016preVFP/Skim_TriLep_ZGToLLG.root
2026-01-07 19:26:47,923 - INFO - [2016preVFP] MISSING_CENTRAL: SR3Mu/Central/jets/1/pt in Skim_TriLep_WWG.root
2026-01-09 12:10:24,841 - INFO - [2016preVFP] MISSING_CENTRAL: SR3Mu/Central/jets/1/pt in Skim_TriLep_DYJets10to50.root
2026-01-09 12:10:24,842 - INFO - [2016preVFP] MISSING_FILE: /home/choij/Sync/workspace/ChargedHiggsAnalysisV3/SKNanoOutput/PromptSelector/Run3Mu_RunSyst/2016preVFP/Skim_TriLep_ZGToLLG.root
2026-01-09 12:10:24,854 - INFO - [2016preVFP] MISSING_CENTRAL: SR3Mu/Central/jets/1/pt in Skim_TriLep_WWG.root
2026-01-11 09:30:29,002 - INFO - [2016preVFP] MISSING_CENTRAL: SR3Mu/Central/jets/1/pt in Skim_TriLep_DYJets10to50.root
2026-01-11 09:30:29,002 - INFO - [2016preVFP] MISSING_FILE: /home/choij/Sync/workspace/ChargedHiggsAnalysisV3/SKNanoOutput/PromptSelector/Run3Mu_RunSyst/2016preVFP/Skim_TriLep_ZGToLLG.root
2026-01-11 09:30:29,015 - INFO - [2016preVFP] MISSING_CENTRAL: SR3Mu/Central/jets/1/pt in Skim_TriLep_WWG.root
2026-01-12 13:39:00,169 - INFO - [2016preVFP] MISSING_FILE: /home/choij/Sync/workspace/ChargedHiggsAnalysisV3/SKNanoOutput/MatrixSelector/Run3Mu/2016preVFP/Skim_TriLep_DoubleMuon_B.root
2026-01-12 13:39:00,169 - INFO - [2016preVFP] MISSING_FILE: /home/choij/Sync/workspace/ChargedHiggsAnalysisV3/SKNanoOutput/MatrixSelector/Run3Mu/2016preVFP/Skim_TriLep_DoubleMuon_C.root
2026-01-12 13:39:00,169 - INFO - [2016preVFP] MISSING_FILE: /home/choij/Sync/workspace/ChargedHiggsAnalysisV3/SKNanoOutput/MatrixSelector/Run3Mu/2016preVFP/Skim_TriLep_DoubleMuon_D.root
2026-01-12 13:39:00,169 - INFO - [2016preVFP] MISSING_FILE: /home/choij/Sync/workspace/ChargedHiggsAnalysisV3/SKNanoOutput/MatrixSelector/Run3Mu/2016preVFP/Skim_TriLep_DoubleMuon_E.root
2026-01-12 13:39:00,169 - INFO - [2016preVFP] MISSING_FILE: /home/choij/Sync/workspace/ChargedHiggsAnalysisV3/SKNanoOutput/MatrixSelector/Run3Mu/2016preVFP/Skim_TriLep_DoubleMuon_F.root
2026-01-12 13:39:00,198 - INFO - [2016preVFP] MISSING_CENTRAL: SR3Mu/Central/jets/1/pt in Skim_TriLep_DYJets10to50.root
2026-01-12 13:39:00,198 - INFO - [2016preVFP] MISSING_FILE: /home/choij/Sync/workspace/ChargedHiggsAnalysisV3/SKNanoOutput/PromptSelector/Run3Mu_RunSyst/2016preVFP/Skim_TriLep_ZGToLLG.root
2026-01-12 13:39:00,210 - INFO - [2016preVFP] MISSING_CENTRAL: SR3Mu/Central/jets/1/pt in Skim_TriLep_WWG.root
2026-01-16 18:54:28,382 - INFO - [2016preVFP] MISSING_CENTRAL: SR3Mu/Central/jets/1/pt in Skim_TriLep_DYJets10to50.root
2026-01-16 18:54:28,383 - INFO - [2016preVFP] MISSING_FILE: /home/choij/Sync/workspace/ChargedHiggsAnalysisV3/SKNanoOutput/PromptSelector/Run3Mu_RunSyst/2016preVFP/Skim_TriLep_ZGToLLG.root
2026-01-16 18:54:28,416 - INFO - [2016preVFP] MISSING_CENTRAL: SR3Mu/Central/jets/1/pt in Skim_TriLep_WWG.root
