2025-09-24 15:41:58,574 - INFO - [2016preVFP] MISSING_CENTRAL: SR3Mu/Central/jets/2/px in Skim_TriLep_DYJets10to50.root
2025-09-24 15:41:58,615 - INFO - [2016preVFP] MISSING_CENTRAL: SR3Mu/Central/jets/2/px in Skim_TriLep_WWG.root
2025-10-02 21:09:34,800 - INFO - [2016preVFP] MISSING_CENTRAL: SR3Mu/Central/jets/2/px in Skim_TriLep_DYJets10to50.root
2025-10-02 21:09:34,850 - INFO - [2016preVFP] MISSING_CENTRAL: SR3Mu/Central/jets/2/px in Skim_TriLep_WWG.root
2025-10-02 23:55:18,997 - INFO - [2016preVFP] MISSING_CENTRAL: SR3Mu/Central/jets/2/px in Skim_TriLep_DYJets10to50.root
2025-10-02 23:55:19,128 - INFO - [2016preVFP] MISSING_CENTRAL: SR3Mu/Central/jets/2/px in Skim_TriLep_WWG.root
2025-11-05 20:28:28,819 - INFO - [2016preVFP] MISSING_CENTRAL: SR3Mu/Central/jets/2/px in Skim_TriLep_DYJets.root
2025-11-05 20:28:28,819 - INFO - [2016preVFP] MISSING_CENTRAL: SR3Mu/Central/jets/2/px in Skim_TriLep_DYJets10to50.root
2025-11-05 20:28:28,855 - INFO - [2016preVFP] MISSING_CENTRAL: SR3Mu/Central/jets/2/px in Skim_TriLep_WWG.root
2025-11-05 21:32:43,972 - INFO - [2016preVFP] MISSING_CENTRAL: SR3Mu/Central/jets/2/px in Skim_TriLep_DYJets.root
2025-11-05 21:32:43,973 - INFO - [2016preVFP] MISSING_CENTRAL: SR3Mu/Central/jets/2/px in Skim_TriLep_DYJets10to50.root
2025-11-05 21:32:44,010 - INFO - [2016preVFP] MISSING_CENTRAL: SR3Mu/Central/jets/2/px in Skim_TriLep_WWG.root
2025-11-05 21:36:40,548 - INFO - [2016preVFP] MISSING_CENTRAL: SR3Mu/Central/jets/2/px in Skim_TriLep_DYJets.root
2025-11-05 21:36:40,549 - INFO - [2016preVFP] MISSING_CENTRAL: SR3Mu/Central/jets/2/px in Skim_TriLep_DYJets10to50.root
2025-11-05 21:36:40,584 - INFO - [2016preVFP] MISSING_CENTRAL: SR3Mu/Central/jets/2/px in Skim_TriLep_WWG.root
2025-11-05 21:37:45,365 - INFO - [2016preVFP] MISSING_CENTRAL: SR3Mu/Central/jets/2/px in Skim_TriLep_DYJets.root
2025-11-05 21:37:45,366 - INFO - [2016preVFP] MISSING_CENTRAL: SR3Mu/Central/jets/2/px in Skim_TriLep_DYJets10to50.root
2025-11-05 21:37:45,402 - INFO - [2016preVFP] MISSING_CENTRAL: SR3Mu/Central/jets/2/px in Skim_TriLep_WWG.root
2025-11-05 21:59:48,634 - INFO - [2016preVFP] MISSING_CENTRAL: SR3Mu/Central/jets/2/px in Skim_TriLep_DYJets.root
2025-11-05 21:59:48,635 - INFO - [2016preVFP] MISSING_CENTRAL: SR3Mu/Central/jets/2/px in Skim_TriLep_DYJets10to50.root
2025-11-05 21:59:48,670 - INFO - [2016preVFP] MISSING_CENTRAL: SR3Mu/Central/jets/2/px in Skim_TriLep_WWG.root
2025-11-05 22:15:31,913 - INFO - [2016preVFP] MISSING_CENTRAL: SR3Mu/Central/jets/2/px in Skim_TriLep_DYJets.root
2025-11-05 22:15:31,914 - INFO - [2016preVFP] MISSING_CENTRAL: SR3Mu/Central/jets/2/px in Skim_TriLep_DYJets10to50.root
2025-11-05 22:15:31,952 - INFO - [2016preVFP] MISSING_CENTRAL: SR3Mu/Central/jets/2/px in Skim_TriLep_WWG.root
2025-11-05 23:20:09,380 - INFO - [2016preVFP] MISSING_CENTRAL: SR3Mu/Central/jets/2/px in Skim_TriLep_DYJets.root
2025-11-05 23:20:09,380 - INFO - [2016preVFP] MISSING_CENTRAL: SR3Mu/Central/jets/2/px in Skim_TriLep_DYJets10to50.root
2025-11-05 23:20:09,418 - INFO - [2016preVFP] MISSING_CENTRAL: SR3Mu/Central/jets/2/px in Skim_TriLep_WWG.root
2025-11-07 12:23:25,072 - INFO - [2016preVFP] MISSING_CENTRAL: SR3Mu/Central/jets/2/px in Skim_TriLep_DYJets.root
2025-11-07 12:23:25,072 - INFO - [2016preVFP] MISSING_CENTRAL: SR3Mu/Central/jets/2/px in Skim_TriLep_DYJets10to50.root
2025-11-07 12:23:25,107 - INFO - [2016preVFP] MISSING_CENTRAL: SR3Mu/Central/jets/2/px in Skim_TriLep_WWG.root
2025-11-07 13:03:29,467 - INFO - [2016preVFP] MISSING_CENTRAL: SR3Mu/Central/jets/2/px in Skim_TriLep_DYJets.root
2025-11-07 13:03:29,468 - INFO - [2016preVFP] MISSING_CENTRAL: SR3Mu/Central/jets/2/px in Skim_TriLep_DYJets10to50.root
2025-11-07 13:03:29,504 - INFO - [2016preVFP] MISSING_CENTRAL: SR3Mu/Central/jets/2/px in Skim_TriLep_WWG.root
2025-11-07 13:25:12,529 - INFO - [2016preVFP] MISSING_CENTRAL: SR3Mu/Central/jets/2/px in Skim_TriLep_DYJets.root
2025-11-07 13:25:12,530 - INFO - [2016preVFP] MISSING_CENTRAL: SR3Mu/Central/jets/2/px in Skim_TriLep_DYJets10to50.root
2025-11-07 13:25:12,564 - INFO - [2016preVFP] MISSING_CENTRAL: SR3Mu/Central/jets/2/px in Skim_TriLep_WWG.root
2025-11-07 13:27:40,586 - INFO - [2016preVFP] MISSING_CENTRAL: SR3Mu/Central/jets/2/px in Skim_TriLep_DYJets.root
2025-11-07 13:27:40,587 - INFO - [2016preVFP] MISSING_CENTRAL: SR3Mu/Central/jets/2/px in Skim_TriLep_DYJets10to50.root
2025-11-07 13:27:40,622 - INFO - [2016preVFP] MISSING_CENTRAL: SR3Mu/Central/jets/2/px in Skim_TriLep_WWG.root
2025-11-07 13:44:03,771 - INFO - [2016preVFP] MISSING_CENTRAL: SR3Mu/Central/jets/2/px in Skim_TriLep_DYJets.root
2025-11-07 13:44:03,771 - INFO - [2016preVFP] MISSING_CENTRAL: SR3Mu/Central/jets/2/px in Skim_TriLep_DYJets10to50.root
2025-11-07 13:44:03,806 - INFO - [2016preVFP] MISSING_CENTRAL: SR3Mu/Central/jets/2/px in Skim_TriLep_WWG.root
2025-11-07 13:52:00,643 - INFO - [2016preVFP] MISSING_CENTRAL: SR3Mu/Central/jets/2/px in Skim_TriLep_DYJets.root
2025-11-07 13:52:00,643 - INFO - [2016preVFP] MISSING_CENTRAL: SR3Mu/Central/jets/2/px in Skim_TriLep_DYJets10to50.root
2025-11-07 13:52:00,679 - INFO - [2016preVFP] MISSING_CENTRAL: SR3Mu/Central/jets/2/px in Skim_TriLep_WWG.root
2025-11-07 14:00:26,354 - INFO - [2016preVFP] MISSING_CENTRAL: SR3Mu/Central/jets/2/px in Skim_TriLep_DYJets.root
2025-11-07 14:00:26,354 - INFO - [2016preVFP] MISSING_CENTRAL: SR3Mu/Central/jets/2/px in Skim_TriLep_DYJets10to50.root
2025-11-07 14:00:26,389 - INFO - [2016preVFP] MISSING_CENTRAL: SR3Mu/Central/jets/2/px in Skim_TriLep_WWG.root
2025-11-10 05:50:22,929 - INFO - [2016preVFP] MISSING_CENTRAL: SR3Mu/Central/jets/2/px in Skim_TriLep_DYJets.root
2025-11-10 05:50:22,932 - INFO - [2016preVFP] MISSING_CENTRAL: SR3Mu/Central/jets/2/px in Skim_TriLep_DYJets10to50.root
2025-11-10 05:50:22,966 - INFO - [2016preVFP] MISSING_CENTRAL: SR3Mu/Central/jets/2/px in Skim_TriLep_WWG.root
2025-11-10 12:15:27,125 - INFO - [2016preVFP] MISSING_CENTRAL: SR3Mu/Central/jets/2/px in Skim_TriLep_DYJets.root
2025-11-10 12:15:27,125 - INFO - [2016preVFP] MISSING_CENTRAL: SR3Mu/Central/jets/2/px in Skim_TriLep_DYJets10to50.root
2025-11-10 12:15:27,161 - INFO - [2016preVFP] MISSING_CENTRAL: SR3Mu/Central/jets/2/px in Skim_TriLep_WWG.root
2025-11-13 11:03:57,149 - INFO - [2016preVFP] MISSING_CENTRAL: SR3Mu/Central/jets/2/px in Skim_TriLep_DYJets.root
2025-11-13 11:03:57,150 - INFO - [2016preVFP] MISSING_CENTRAL: SR3Mu/Central/jets/2/px in Skim_TriLep_DYJets10to50.root
2025-11-13 11:03:57,980 - INFO - [2016preVFP] MISSING_CENTRAL: SR3Mu/Central/jets/2/px in Skim_TriLep_WWG.root
2025-11-13 19:53:42,912 - INFO - [2016preVFP] MISSING_CENTRAL: SR3Mu/Central/jets/2/px in Skim_TriLep_DYJets.root
2025-11-13 19:53:42,913 - INFO - [2016preVFP] MISSING_CENTRAL: SR3Mu/Central/jets/2/px in Skim_TriLep_DYJets10to50.root
2025-11-13 19:53:42,960 - INFO - [2016preVFP] MISSING_CENTRAL: SR3Mu/Central/jets/2/px in Skim_TriLep_WWG.root
2025-11-13 20:00:37,666 - INFO - [2016preVFP] MISSING_CENTRAL: SR3Mu/Central/jets/2/px in Skim_TriLep_DYJets.root
2025-11-13 20:00:37,667 - INFO - [2016preVFP] MISSING_CENTRAL: SR3Mu/Central/jets/2/px in Skim_TriLep_DYJets10to50.root
2025-11-13 20:00:37,702 - INFO - [2016preVFP] MISSING_CENTRAL: SR3Mu/Central/jets/2/px in Skim_TriLep_WWG.root
2025-11-19 16:17:46,102 - INFO - [2016preVFP] MISSING_CENTRAL: SR3Mu/Central/jets/2/px in Skim_TriLep_DYJets.root
2025-11-19 16:17:46,103 - INFO - [2016preVFP] MISSING_CENTRAL: SR3Mu/Central/jets/2/px in Skim_TriLep_DYJets10to50.root
2025-11-19 16:17:46,138 - INFO - [2016preVFP] MISSING_CENTRAL: SR3Mu/Central/jets/2/px in Skim_TriLep_WWG.root
2025-12-17 22:31:11,612 - INFO - [2016preVFP] MISSING_CENTRAL: SR3Mu/Central/jets/2/px in Skim_TriLep_DYJets10to50.root
2025-12-17 22:31:11,612 - INFO - [2016preVFP] MISSING_FILE: /data9/Users/choij/Sync/workspace/ChargedHiggsAnalysisV3/SKNanoOutput/PromptSelector/Run3Mu_RunSyst/2016preVFP/Skim_TriLep_ZGToLLG.root
2025-12-17 22:31:12,162 - INFO - [2016preVFP] MISSING_CENTRAL: SR3Mu/Central/jets/2/px in Skim_TriLep_WWG.root
2025-12-18 14:09:58,764 - INFO - [2016preVFP] MISSING_CENTRAL: SR3Mu/Central/jets/2/px in Skim_TriLep_DYJets10to50.root
2025-12-18 14:09:58,764 - INFO - [2016preVFP] MISSING_FILE: /data9/Users/choij/Sync/workspace/ChargedHiggsAnalysisV3/SKNanoOutput/PromptSelector/Run3Mu_RunSyst/2016preVFP/Skim_TriLep_ZGToLLG.root
2025-12-18 14:09:58,801 - INFO - [2016preVFP] MISSING_CENTRAL: SR3Mu/Central/jets/2/px in Skim_TriLep_WWG.root
2025-12-18 14:14:04,270 - INFO - [2016preVFP] MISSING_CENTRAL: SR3Mu/Central/jets/2/px in Skim_TriLep_DYJets10to50.root
2025-12-18 14:14:04,271 - INFO - [2016preVFP] MISSING_FILE: /data9/Users/choij/Sync/workspace/ChargedHiggsAnalysisV3/SKNanoOutput/PromptSelector/Run3Mu_RunSyst/2016preVFP/Skim_TriLep_ZGToLLG.root
2025-12-18 14:14:04,382 - INFO - [2016preVFP] MISSING_CENTRAL: SR3Mu/Central/jets/2/px in Skim_TriLep_WWG.root
2025-12-18 14:29:36,369 - INFO - [2016preVFP] MISSING_CENTRAL: SR3Mu/Central/jets/2/px in Skim_TriLep_DYJets10to50.root
2025-12-18 14:29:36,370 - INFO - [2016preVFP] MISSING_FILE: /data9/Users/choij/Sync/workspace/ChargedHiggsAnalysisV3/SKNanoOutput/PromptSelector/Run3Mu_RunSyst/2016preVFP/Skim_TriLep_ZGToLLG.root
2025-12-18 14:29:36,400 - INFO - [2016preVFP] MISSING_CENTRAL: SR3Mu/Central/jets/2/px in Skim_TriLep_WWG.root
2026-01-07 11:39:50,340 - INFO - [2016preVFP] MISSING_CENTRAL: SR3Mu/Central/jets/2/px in Skim_TriLep_DYJets10to50.root
2026-01-07 11:39:50,340 - INFO - [2016preVFP] MISSING_FILE: /data9/Users/choij/Sync/workspace/ChargedHiggsAnalysisV3/SKNanoOutput/PromptSelector/Run3Mu_RunSyst/2016preVFP/Skim_TriLep_ZGToLLG.root
2026-01-07 11:39:50,363 - INFO - [2016preVFP] MISSING_CENTRAL: SR3Mu/Central/jets/2/px in Skim_TriLep_WWG.root
2026-01-07 18:37:14,168 - INFO - [2016preVFP] MISSING_CENTRAL: SR3Mu/Central/jets/2/px in Skim_TriLep_DYJets10to50.root
2026-01-07 18:37:14,168 - INFO - [2016preVFP] MISSING_FILE: /data9/Users/choij/Sync/workspace/ChargedHiggsAnalysisV3/SKNanoOutput/PromptSelector/Run3Mu_RunSyst/2016preVFP/Skim_TriLep_ZGToLLG.root
2026-01-07 18:37:14,199 - INFO - [2016preVFP] MISSING_CENTRAL: SR3Mu/Central/jets/2/px in Skim_TriLep_WWG.root
2026-01-07 19:26:47,918 - INFO - [2016preVFP] MISSING_CENTRAL: SR3Mu/Central/jets/2/px in Skim_TriLep_DYJets10to50.root
2026-01-07 19:26:47,918 - INFO - [2016preVFP] MISSING_FILE: /data9/Users/choij/Sync/workspace/ChargedHiggsAnalysisV3/SKNanoOutput/PromptSelector/Run3Mu_RunSyst/2016preVFP/Skim_TriLep_ZGToLLG.root
2026-01-07 19:26:47,945 - INFO - [2016preVFP] MISSING_CENTRAL: SR3Mu/Central/jets/2/px in Skim_TriLep_WWG.root
2026-01-09 12:10:24,838 - INFO - [2016preVFP] MISSING_CENTRAL: SR3Mu/Central/jets/2/px in Skim_TriLep_DYJets10to50.root
2026-01-09 12:10:24,838 - INFO - [2016preVFP] MISSING_FILE: /home/choij/Sync/workspace/ChargedHiggsAnalysisV3/SKNanoOutput/PromptSelector/Run3Mu_RunSyst/2016preVFP/Skim_TriLep_ZGToLLG.root
2026-01-09 12:10:24,855 - INFO - [2016preVFP] MISSING_CENTRAL: SR3Mu/Central/jets/2/px in Skim_TriLep_WWG.root
2026-01-11 09:30:29,045 - INFO - [2016preVFP] MISSING_CENTRAL: SR3Mu/Central/jets/2/px in Skim_TriLep_DYJets10to50.root
2026-01-11 09:30:29,045 - INFO - [2016preVFP] MISSING_FILE: /home/choij/Sync/workspace/ChargedHiggsAnalysisV3/SKNanoOutput/PromptSelector/Run3Mu_RunSyst/2016preVFP/Skim_TriLep_ZGToLLG.root
2026-01-11 09:30:29,061 - INFO - [2016preVFP] MISSING_CENTRAL: SR3Mu/Central/jets/2/px in Skim_TriLep_WWG.root
2026-01-12 13:39:00,217 - INFO - [2016preVFP] MISSING_FILE: /home/choij/Sync/workspace/ChargedHiggsAnalysisV3/SKNanoOutput/MatrixSelector/Run3Mu/2016preVFP/Skim_TriLep_DoubleMuon_B.root
2026-01-12 13:39:00,217 - INFO - [2016preVFP] MISSING_FILE: /home/choij/Sync/workspace/ChargedHiggsAnalysisV3/SKNanoOutput/MatrixSelector/Run3Mu/2016preVFP/Skim_TriLep_DoubleMuon_C.root
2026-01-12 13:39:00,218 - INFO - [2016preVFP] MISSING_FILE: /home/choij/Sync/workspace/ChargedHiggsAnalysisV3/SKNanoOutput/MatrixSelector/Run3Mu/2016preVFP/Skim_TriLep_DoubleMuon_D.root
2026-01-12 13:39:00,218 - INFO - [2016preVFP] MISSING_FILE: /home/choij/Sync/workspace/ChargedHiggsAnalysisV3/SKNanoOutput/MatrixSelector/Run3Mu/2016preVFP/Skim_TriLep_DoubleMuon_E.root
2026-01-12 13:39:00,218 - INFO - [2016preVFP] MISSING_FILE: /home/choij/Sync/workspace/ChargedHiggsAnalysisV3/SKNanoOutput/MatrixSelector/Run3Mu/2016preVFP/Skim_TriLep_DoubleMuon_F.root
2026-01-12 13:39:00,250 - INFO - [2016preVFP] MISSING_CENTRAL: SR3Mu/Central/jets/2/px in Skim_TriLep_DYJets10to50.root
2026-01-12 13:39:00,250 - INFO - [2016preVFP] MISSING_FILE: /home/choij/Sync/workspace/ChargedHiggsAnalysisV3/SKNanoOutput/PromptSelector/Run3Mu_RunSyst/2016preVFP/Skim_TriLep_ZGToLLG.root
2026-01-12 13:39:00,267 - INFO - [2016preVFP] MISSING_CENTRAL: SR3Mu/Central/jets/2/px in Skim_TriLep_WWG.root
2026-01-16 18:54:28,720 - INFO - [2016preVFP] MISSING_CENTRAL: SR3Mu/Central/jets/2/px in Skim_TriLep_DYJets10to50.root
2026-01-16 18:54:28,720 - INFO - [2016preVFP] MISSING_FILE: /home/choij/Sync/workspace/ChargedHiggsAnalysisV3/SKNanoOutput/PromptSelector/Run3Mu_RunSyst/2016preVFP/Skim_TriLep_ZGToLLG.root
2026-01-16 18:54:28,737 - INFO - [2016preVFP] MISSING_CENTRAL: SR3Mu/Central/jets/2/px in Skim_TriLep_WWG.root
