2025-12-18 14:14:18,775 - INFO - [2016preVFP] MISSING_CENTRAL: SR3Mu/Central/MHc160_MA98/LR_totalBkg in Skim_TriLep_DYJets10to50.root
2025-12-18 14:14:18,776 - INFO - [2016preVFP] MISSING_FILE: /data9/Users/choij/Sync/workspace/ChargedHiggsAnalysisV3/SKNanoOutput/PromptSelector/Run3Mu_RunSyst/2016preVFP/Skim_TriLep_ZGToLLG.root
2025-12-18 14:14:18,783 - INFO - [2016preVFP] MISSING_CENTRAL: SR3Mu/Central/MHc160_MA98/LR_totalBkg in Skim_TriLep_WWG.root
2025-12-18 14:29:49,718 - INFO - [2016preVFP] MISSING_CENTRAL: SR3Mu/Central/MHc160_MA98/LR_totalBkg in Skim_TriLep_DYJets10to50.root
2025-12-18 14:29:49,718 - INFO - [2016preVFP] MISSING_FILE: /data9/Users/choij/Sync/workspace/ChargedHiggsAnalysisV3/SKNanoOutput/PromptSelector/Run3Mu_RunSyst/2016preVFP/Skim_TriLep_ZGToLLG.root
2025-12-18 14:29:49,728 - INFO - [2016preVFP] MISSING_CENTRAL: SR3Mu/Central/MHc160_MA98/LR_totalBkg in Skim_TriLep_WWG.root
2026-01-07 11:40:06,277 - INFO - [2016preVFP] MISSING_CENTRAL: SR3Mu/Central/MHc160_MA98/LR_totalBkg in Skim_TriLep_DYJets10to50.root
2026-01-07 11:40:06,278 - INFO - [2016preVFP] MISSING_FILE: /data9/Users/choij/Sync/workspace/ChargedHiggsAnalysisV3/SKNanoOutput/PromptSelector/Run3Mu_RunSyst/2016preVFP/Skim_TriLep_ZGToLLG.root
2026-01-07 11:40:06,290 - INFO - [2016preVFP] MISSING_CENTRAL: SR3Mu/Central/MHc160_MA98/LR_totalBkg in Skim_TriLep_WWG.root
2026-01-07 18:37:25,787 - INFO - [2016preVFP] MISSING_CENTRAL: SR3Mu/Central/MHc160_MA98/LR_totalBkg in Skim_TriLep_DYJets10to50.root
2026-01-07 18:37:25,788 - INFO - [2016preVFP] MISSING_FILE: /data9/Users/choij/Sync/workspace/ChargedHiggsAnalysisV3/SKNanoOutput/PromptSelector/Run3Mu_RunSyst/2016preVFP/Skim_TriLep_ZGToLLG.root
2026-01-07 18:37:25,795 - INFO - [2016preVFP] MISSING_CENTRAL: SR3Mu/Central/MHc160_MA98/LR_totalBkg in Skim_TriLep_WWG.root
2026-01-07 19:26:59,643 - INFO - [2016preVFP] MISSING_CENTRAL: SR3Mu/Central/MHc160_MA98/LR_totalBkg in Skim_TriLep_DYJets10to50.root
2026-01-07 19:26:59,643 - INFO - [2016preVFP] MISSING_FILE: /data9/Users/choij/Sync/workspace/ChargedHiggsAnalysisV3/SKNanoOutput/PromptSelector/Run3Mu_RunSyst/2016preVFP/Skim_TriLep_ZGToLLG.root
2026-01-07 19:26:59,657 - INFO - [2016preVFP] MISSING_CENTRAL: SR3Mu/Central/MHc160_MA98/LR_totalBkg in Skim_TriLep_WWG.root
2026-01-09 12:10:38,107 - INFO - [2016preVFP] MISSING_CENTRAL: SR3Mu/Central/MHc160_MA98/LR_totalBkg in Skim_TriLep_DYJets10to50.root
2026-01-09 12:10:38,107 - INFO - [2016preVFP] MISSING_FILE: /home/choij/Sync/workspace/ChargedHiggsAnalysisV3/SKNanoOutput/PromptSelector/Run3Mu_RunSyst/2016preVFP/Skim_TriLep_ZGToLLG.root
2026-01-09 12:10:38,115 - INFO - [2016preVFP] MISSING_CENTRAL: SR3Mu/Central/MHc160_MA98/LR_totalBkg in Skim_TriLep_WWG.root
2026-01-11 09:30:42,544 - INFO - [2016preVFP] MISSING_CENTRAL: SR3Mu/Central/MHc160_MA98/LR_totalBkg in Skim_TriLep_DYJets10to50.root
2026-01-11 09:30:42,544 - INFO - [2016preVFP] MISSING_FILE: /home/choij/Sync/workspace/ChargedHiggsAnalysisV3/SKNanoOutput/PromptSelector/Run3Mu_RunSyst/2016preVFP/Skim_TriLep_ZGToLLG.root
2026-01-11 09:30:42,548 - INFO - [2016preVFP] MISSING_CENTRAL: SR3Mu/Central/MHc160_MA98/LR_totalBkg in Skim_TriLep_WWG.root
2026-01-12 13:39:14,009 - INFO - [2016preVFP] MISSING_FILE: /home/choij/Sync/workspace/ChargedHiggsAnalysisV3/SKNanoOutput/MatrixSelector/Run3Mu/2016preVFP/Skim_TriLep_DoubleMuon_B.root
2026-01-12 13:39:14,009 - INFO - [2016preVFP] MISSING_FILE: /home/choij/Sync/workspace/ChargedHiggsAnalysisV3/SKNanoOutput/MatrixSelector/Run3Mu/2016preVFP/Skim_TriLep_DoubleMuon_C.root
2026-01-12 13:39:14,009 - INFO - [2016preVFP] MISSING_FILE: /home/choij/Sync/workspace/ChargedHiggsAnalysisV3/SKNanoOutput/MatrixSelector/Run3Mu/2016preVFP/Skim_TriLep_DoubleMuon_D.root
2026-01-12 13:39:14,009 - INFO - [2016preVFP] MISSING_FILE: /home/choij/Sync/workspace/ChargedHiggsAnalysisV3/SKNanoOutput/MatrixSelector/Run3Mu/2016preVFP/Skim_TriLep_DoubleMuon_E.root
2026-01-12 13:39:14,009 - INFO - [2016preVFP] MISSING_FILE: /home/choij/Sync/workspace/ChargedHiggsAnalysisV3/SKNanoOutput/MatrixSelector/Run3Mu/2016preVFP/Skim_TriLep_DoubleMuon_F.root
2026-01-12 13:39:14,029 - INFO - [2016preVFP] MISSING_CENTRAL: SR3Mu/Central/MHc160_MA98/LR_totalBkg in Skim_TriLep_DYJets10to50.root
2026-01-12 13:39:14,029 - INFO - [2016preVFP] MISSING_FILE: /home/choij/Sync/workspace/ChargedHiggsAnalysisV3/SKNanoOutput/PromptSelector/Run3Mu_RunSyst/2016preVFP/Skim_TriLep_ZGToLLG.root
2026-01-12 13:39:14,033 - INFO - [2016preVFP] MISSING_CENTRAL: SR3Mu/Central/MHc160_MA98/LR_totalBkg in Skim_TriLep_WWG.root
2026-01-16 18:54:42,135 - INFO - [2016preVFP] MISSING_CENTRAL: SR3Mu/Central/MHc160_MA98/LR_totalBkg in Skim_TriLep_DYJets10to50.root
2026-01-16 18:54:42,135 - INFO - [2016preVFP] MISSING_FILE: /home/choij/Sync/workspace/ChargedHiggsAnalysisV3/SKNanoOutput/PromptSelector/Run3Mu_RunSyst/2016preVFP/Skim_TriLep_ZGToLLG.root
2026-01-16 18:54:42,140 - INFO - [2016preVFP] MISSING_CENTRAL: SR3Mu/Central/MHc160_MA98/LR_totalBkg in Skim_TriLep_WWG.root
