2025-12-18 14:14:16,883 - INFO - [2016preVFP] MISSING_CENTRAL: SR3Mu/Central/MHc145_MA92/LR_diboson in Skim_TriLep_DYJets10to50.root
2025-12-18 14:14:16,883 - INFO - [2016preVFP] MISSING_FILE: /data9/Users/choij/Sync/workspace/ChargedHiggsAnalysisV3/SKNanoOutput/PromptSelector/Run3Mu_RunSyst/2016preVFP/Skim_TriLep_ZGToLLG.root
2025-12-18 14:14:16,904 - INFO - [2016preVFP] MISSING_CENTRAL: SR3Mu/Central/MHc145_MA92/LR_diboson in Skim_TriLep_WWG.root
2025-12-18 14:29:48,049 - INFO - [2016preVFP] MISSING_CENTRAL: SR3Mu/Central/MHc145_MA92/LR_diboson in Skim_TriLep_DYJets10to50.root
2025-12-18 14:29:48,049 - INFO - [2016preVFP] MISSING_FILE: /data9/Users/choij/Sync/workspace/ChargedHiggsAnalysisV3/SKNanoOutput/PromptSelector/Run3Mu_RunSyst/2016preVFP/Skim_TriLep_ZGToLLG.root
2025-12-18 14:29:48,081 - INFO - [2016preVFP] MISSING_CENTRAL: SR3Mu/Central/MHc145_MA92/LR_diboson in Skim_TriLep_WWG.root
2026-01-07 11:40:06,294 - INFO - [2016preVFP] MISSING_CENTRAL: SR3Mu/Central/MHc145_MA92/LR_diboson in Skim_TriLep_DYJets10to50.root
2026-01-07 11:40:06,295 - INFO - [2016preVFP] MISSING_FILE: /data9/Users/choij/Sync/workspace/ChargedHiggsAnalysisV3/SKNanoOutput/PromptSelector/Run3Mu_RunSyst/2016preVFP/Skim_TriLep_ZGToLLG.root
2026-01-07 11:40:06,307 - INFO - [2016preVFP] MISSING_CENTRAL: SR3Mu/Central/MHc145_MA92/LR_diboson in Skim_TriLep_WWG.root
2026-01-07 18:37:25,466 - INFO - [2016preVFP] MISSING_CENTRAL: SR3Mu/Central/MHc145_MA92/LR_diboson in Skim_TriLep_DYJets10to50.root
2026-01-07 18:37:25,466 - INFO - [2016preVFP] MISSING_FILE: /data9/Users/choij/Sync/workspace/ChargedHiggsAnalysisV3/SKNanoOutput/PromptSelector/Run3Mu_RunSyst/2016preVFP/Skim_TriLep_ZGToLLG.root
2026-01-07 18:37:25,478 - INFO - [2016preVFP] MISSING_CENTRAL: SR3Mu/Central/MHc145_MA92/LR_diboson in Skim_TriLep_WWG.root
2026-01-07 19:26:59,231 - INFO - [2016preVFP] MISSING_CENTRAL: SR3Mu/Central/MHc145_MA92/LR_diboson in Skim_TriLep_DYJets10to50.root
2026-01-07 19:26:59,231 - INFO - [2016preVFP] MISSING_FILE: /data9/Users/choij/Sync/workspace/ChargedHiggsAnalysisV3/SKNanoOutput/PromptSelector/Run3Mu_RunSyst/2016preVFP/Skim_TriLep_ZGToLLG.root
2026-01-07 19:26:59,242 - INFO - [2016preVFP] MISSING_CENTRAL: SR3Mu/Central/MHc145_MA92/LR_diboson in Skim_TriLep_WWG.root
2026-01-09 12:10:37,058 - INFO - [2016preVFP] MISSING_CENTRAL: SR3Mu/Central/MHc145_MA92/LR_diboson in Skim_TriLep_DYJets10to50.root
2026-01-09 12:10:37,058 - INFO - [2016preVFP] MISSING_FILE: /home/choij/Sync/workspace/ChargedHiggsAnalysisV3/SKNanoOutput/PromptSelector/Run3Mu_RunSyst/2016preVFP/Skim_TriLep_ZGToLLG.root
2026-01-09 12:10:37,080 - INFO - [2016preVFP] MISSING_CENTRAL: SR3Mu/Central/MHc145_MA92/LR_diboson in Skim_TriLep_WWG.root
2026-01-11 09:30:41,615 - INFO - [2016preVFP] MISSING_CENTRAL: SR3Mu/Central/MHc145_MA92/LR_diboson in Skim_TriLep_DYJets10to50.root
2026-01-11 09:30:41,616 - INFO - [2016preVFP] MISSING_FILE: /home/choij/Sync/workspace/ChargedHiggsAnalysisV3/SKNanoOutput/PromptSelector/Run3Mu_RunSyst/2016preVFP/Skim_TriLep_ZGToLLG.root
2026-01-11 09:30:41,623 - INFO - [2016preVFP] MISSING_CENTRAL: SR3Mu/Central/MHc145_MA92/LR_diboson in Skim_TriLep_WWG.root
2026-01-12 13:39:12,472 - INFO - [2016preVFP] MISSING_FILE: /home/choij/Sync/workspace/ChargedHiggsAnalysisV3/SKNanoOutput/MatrixSelector/Run3Mu/2016preVFP/Skim_TriLep_DoubleMuon_B.root
2026-01-12 13:39:12,472 - INFO - [2016preVFP] MISSING_FILE: /home/choij/Sync/workspace/ChargedHiggsAnalysisV3/SKNanoOutput/MatrixSelector/Run3Mu/2016preVFP/Skim_TriLep_DoubleMuon_C.root
2026-01-12 13:39:12,472 - INFO - [2016preVFP] MISSING_FILE: /home/choij/Sync/workspace/ChargedHiggsAnalysisV3/SKNanoOutput/MatrixSelector/Run3Mu/2016preVFP/Skim_TriLep_DoubleMuon_D.root
2026-01-12 13:39:12,472 - INFO - [2016preVFP] MISSING_FILE: /home/choij/Sync/workspace/ChargedHiggsAnalysisV3/SKNanoOutput/MatrixSelector/Run3Mu/2016preVFP/Skim_TriLep_DoubleMuon_E.root
2026-01-12 13:39:12,473 - INFO - [2016preVFP] MISSING_FILE: /home/choij/Sync/workspace/ChargedHiggsAnalysisV3/SKNanoOutput/MatrixSelector/Run3Mu/2016preVFP/Skim_TriLep_DoubleMuon_F.root
2026-01-12 13:39:12,523 - INFO - [2016preVFP] MISSING_CENTRAL: SR3Mu/Central/MHc145_MA92/LR_diboson in Skim_TriLep_DYJets10to50.root
2026-01-12 13:39:12,527 - INFO - [2016preVFP] MISSING_FILE: /home/choij/Sync/workspace/ChargedHiggsAnalysisV3/SKNanoOutput/PromptSelector/Run3Mu_RunSyst/2016preVFP/Skim_TriLep_ZGToLLG.root
2026-01-12 13:39:12,541 - INFO - [2016preVFP] MISSING_CENTRAL: SR3Mu/Central/MHc145_MA92/LR_diboson in Skim_TriLep_WWG.root
