2025-12-18 14:14:15,320 - INFO - [2016preVFP] MISSING_CENTRAL: SR3Mu/Central/MHc100_MA95/LR_nonprompt in Skim_TriLep_DYJets10to50.root
2025-12-18 14:14:15,321 - INFO - [2016preVFP] MISSING_FILE: /data9/Users/choij/Sync/workspace/ChargedHiggsAnalysisV3/SKNanoOutput/PromptSelector/Run3Mu_RunSyst/2016preVFP/Skim_TriLep_ZGToLLG.root
2025-12-18 14:14:15,362 - INFO - [2016preVFP] MISSING_CENTRAL: SR3Mu/Central/MHc100_MA95/LR_nonprompt in Skim_TriLep_WWG.root
2025-12-18 14:29:45,638 - INFO - [2016preVFP] MISSING_CENTRAL: SR3Mu/Central/MHc100_MA95/LR_nonprompt in Skim_TriLep_DYJets10to50.root
2025-12-18 14:29:45,638 - INFO - [2016preVFP] MISSING_FILE: /data9/Users/choij/Sync/workspace/ChargedHiggsAnalysisV3/SKNanoOutput/PromptSelector/Run3Mu_RunSyst/2016preVFP/Skim_TriLep_ZGToLLG.root
2025-12-18 14:29:45,689 - INFO - [2016preVFP] MISSING_CENTRAL: SR3Mu/Central/MHc100_MA95/LR_nonprompt in Skim_TriLep_WWG.root
2026-01-07 11:40:03,808 - INFO - [2016preVFP] MISSING_CENTRAL: SR3Mu/Central/MHc100_MA95/LR_nonprompt in Skim_TriLep_DYJets10to50.root
2026-01-07 11:40:03,808 - INFO - [2016preVFP] MISSING_FILE: /data9/Users/choij/Sync/workspace/ChargedHiggsAnalysisV3/SKNanoOutput/PromptSelector/Run3Mu_RunSyst/2016preVFP/Skim_TriLep_ZGToLLG.root
2026-01-07 11:40:03,820 - INFO - [2016preVFP] MISSING_CENTRAL: SR3Mu/Central/MHc100_MA95/LR_nonprompt in Skim_TriLep_WWG.root
2026-01-07 18:37:23,363 - INFO - [2016preVFP] MISSING_CENTRAL: SR3Mu/Central/MHc100_MA95/LR_nonprompt in Skim_TriLep_DYJets10to50.root
2026-01-07 18:37:23,363 - INFO - [2016preVFP] MISSING_FILE: /data9/Users/choij/Sync/workspace/ChargedHiggsAnalysisV3/SKNanoOutput/PromptSelector/Run3Mu_RunSyst/2016preVFP/Skim_TriLep_ZGToLLG.root
2026-01-07 18:37:23,376 - INFO - [2016preVFP] MISSING_CENTRAL: SR3Mu/Central/MHc100_MA95/LR_nonprompt in Skim_TriLep_WWG.root
2026-01-07 19:26:56,948 - INFO - [2016preVFP] MISSING_CENTRAL: SR3Mu/Central/MHc100_MA95/LR_nonprompt in Skim_TriLep_DYJets10to50.root
2026-01-07 19:26:56,949 - INFO - [2016preVFP] MISSING_FILE: /data9/Users/choij/Sync/workspace/ChargedHiggsAnalysisV3/SKNanoOutput/PromptSelector/Run3Mu_RunSyst/2016preVFP/Skim_TriLep_ZGToLLG.root
2026-01-07 19:26:56,960 - INFO - [2016preVFP] MISSING_CENTRAL: SR3Mu/Central/MHc100_MA95/LR_nonprompt in Skim_TriLep_WWG.root
2026-01-09 12:10:33,514 - INFO - [2016preVFP] MISSING_CENTRAL: SR3Mu/Central/MHc100_MA95/LR_nonprompt in Skim_TriLep_DYJets10to50.root
2026-01-09 12:10:33,514 - INFO - [2016preVFP] MISSING_FILE: /home/choij/Sync/workspace/ChargedHiggsAnalysisV3/SKNanoOutput/PromptSelector/Run3Mu_RunSyst/2016preVFP/Skim_TriLep_ZGToLLG.root
2026-01-09 12:10:33,523 - INFO - [2016preVFP] MISSING_CENTRAL: SR3Mu/Central/MHc100_MA95/LR_nonprompt in Skim_TriLep_WWG.root
2026-01-11 09:30:37,890 - INFO - [2016preVFP] MISSING_CENTRAL: SR3Mu/Central/MHc100_MA95/LR_nonprompt in Skim_TriLep_DYJets10to50.root
2026-01-11 09:30:37,890 - INFO - [2016preVFP] MISSING_FILE: /home/choij/Sync/workspace/ChargedHiggsAnalysisV3/SKNanoOutput/PromptSelector/Run3Mu_RunSyst/2016preVFP/Skim_TriLep_ZGToLLG.root
2026-01-11 09:30:37,900 - INFO - [2016preVFP] MISSING_CENTRAL: SR3Mu/Central/MHc100_MA95/LR_nonprompt in Skim_TriLep_WWG.root
2026-01-12 13:39:08,949 - INFO - [2016preVFP] MISSING_FILE: /home/choij/Sync/workspace/ChargedHiggsAnalysisV3/SKNanoOutput/MatrixSelector/Run3Mu/2016preVFP/Skim_TriLep_DoubleMuon_B.root
2026-01-12 13:39:08,950 - INFO - [2016preVFP] MISSING_FILE: /home/choij/Sync/workspace/ChargedHiggsAnalysisV3/SKNanoOutput/MatrixSelector/Run3Mu/2016preVFP/Skim_TriLep_DoubleMuon_C.root
2026-01-12 13:39:08,950 - INFO - [2016preVFP] MISSING_FILE: /home/choij/Sync/workspace/ChargedHiggsAnalysisV3/SKNanoOutput/MatrixSelector/Run3Mu/2016preVFP/Skim_TriLep_DoubleMuon_D.root
2026-01-12 13:39:08,950 - INFO - [2016preVFP] MISSING_FILE: /home/choij/Sync/workspace/ChargedHiggsAnalysisV3/SKNanoOutput/MatrixSelector/Run3Mu/2016preVFP/Skim_TriLep_DoubleMuon_E.root
2026-01-12 13:39:08,950 - INFO - [2016preVFP] MISSING_FILE: /home/choij/Sync/workspace/ChargedHiggsAnalysisV3/SKNanoOutput/MatrixSelector/Run3Mu/2016preVFP/Skim_TriLep_DoubleMuon_F.root
2026-01-12 13:39:08,975 - INFO - [2016preVFP] MISSING_CENTRAL: SR3Mu/Central/MHc100_MA95/LR_nonprompt in Skim_TriLep_DYJets10to50.root
2026-01-12 13:39:08,975 - INFO - [2016preVFP] MISSING_FILE: /home/choij/Sync/workspace/ChargedHiggsAnalysisV3/SKNanoOutput/PromptSelector/Run3Mu_RunSyst/2016preVFP/Skim_TriLep_ZGToLLG.root
2026-01-12 13:39:08,981 - INFO - [2016preVFP] MISSING_CENTRAL: SR3Mu/Central/MHc100_MA95/LR_nonprompt in Skim_TriLep_WWG.root
