2025-12-18 14:14:17,261 - INFO - [2016preVFP] MISSING_CENTRAL: SR3Mu/Central/MHc160_MA85/LR_nonprompt in Skim_TriLep_DYJets10to50.root
2025-12-18 14:14:17,261 - INFO - [2016preVFP] MISSING_FILE: /data9/Users/choij/Sync/workspace/ChargedHiggsAnalysisV3/SKNanoOutput/PromptSelector/Run3Mu_RunSyst/2016preVFP/Skim_TriLep_ZGToLLG.root
2025-12-18 14:14:17,299 - INFO - [2016preVFP] MISSING_CENTRAL: SR3Mu/Central/MHc160_MA85/LR_nonprompt in Skim_TriLep_WWG.root
2025-12-18 14:29:48,910 - INFO - [2016preVFP] MISSING_CENTRAL: SR3Mu/Central/MHc160_MA85/LR_nonprompt in Skim_TriLep_DYJets10to50.root
2025-12-18 14:29:48,911 - INFO - [2016preVFP] MISSING_FILE: /data9/Users/choij/Sync/workspace/ChargedHiggsAnalysisV3/SKNanoOutput/PromptSelector/Run3Mu_RunSyst/2016preVFP/Skim_TriLep_ZGToLLG.root
2025-12-18 14:29:48,924 - INFO - [2016preVFP] MISSING_CENTRAL: SR3Mu/Central/MHc160_MA85/LR_nonprompt in Skim_TriLep_WWG.root
2026-01-07 11:40:06,222 - INFO - [2016preVFP] MISSING_CENTRAL: SR3Mu/Central/MHc160_MA85/LR_nonprompt in Skim_TriLep_DYJets10to50.root
2026-01-07 11:40:06,222 - INFO - [2016preVFP] MISSING_FILE: /data9/Users/choij/Sync/workspace/ChargedHiggsAnalysisV3/SKNanoOutput/PromptSelector/Run3Mu_RunSyst/2016preVFP/Skim_TriLep_ZGToLLG.root
2026-01-07 11:40:06,230 - INFO - [2016preVFP] MISSING_CENTRAL: SR3Mu/Central/MHc160_MA85/LR_nonprompt in Skim_TriLep_WWG.root
2026-01-07 18:37:25,561 - INFO - [2016preVFP] MISSING_CENTRAL: SR3Mu/Central/MHc160_MA85/LR_nonprompt in Skim_TriLep_DYJets10to50.root
2026-01-07 18:37:25,561 - INFO - [2016preVFP] MISSING_FILE: /data9/Users/choij/Sync/workspace/ChargedHiggsAnalysisV3/SKNanoOutput/PromptSelector/Run3Mu_RunSyst/2016preVFP/Skim_TriLep_ZGToLLG.root
2026-01-07 18:37:25,573 - INFO - [2016preVFP] MISSING_CENTRAL: SR3Mu/Central/MHc160_MA85/LR_nonprompt in Skim_TriLep_WWG.root
2026-01-07 19:26:59,295 - INFO - [2016preVFP] MISSING_CENTRAL: SR3Mu/Central/MHc160_MA85/LR_nonprompt in Skim_TriLep_DYJets10to50.root
2026-01-07 19:26:59,296 - INFO - [2016preVFP] MISSING_FILE: /data9/Users/choij/Sync/workspace/ChargedHiggsAnalysisV3/SKNanoOutput/PromptSelector/Run3Mu_RunSyst/2016preVFP/Skim_TriLep_ZGToLLG.root
2026-01-07 19:26:59,308 - INFO - [2016preVFP] MISSING_CENTRAL: SR3Mu/Central/MHc160_MA85/LR_nonprompt in Skim_TriLep_WWG.root
2026-01-09 12:10:37,724 - INFO - [2016preVFP] MISSING_CENTRAL: SR3Mu/Central/MHc160_MA85/LR_nonprompt in Skim_TriLep_DYJets10to50.root
2026-01-09 12:10:37,724 - INFO - [2016preVFP] MISSING_FILE: /home/choij/Sync/workspace/ChargedHiggsAnalysisV3/SKNanoOutput/PromptSelector/Run3Mu_RunSyst/2016preVFP/Skim_TriLep_ZGToLLG.root
2026-01-09 12:10:37,730 - INFO - [2016preVFP] MISSING_CENTRAL: SR3Mu/Central/MHc160_MA85/LR_nonprompt in Skim_TriLep_WWG.root
2026-01-11 09:30:41,956 - INFO - [2016preVFP] MISSING_CENTRAL: SR3Mu/Central/MHc160_MA85/LR_nonprompt in Skim_TriLep_DYJets10to50.root
2026-01-11 09:30:41,956 - INFO - [2016preVFP] MISSING_FILE: /home/choij/Sync/workspace/ChargedHiggsAnalysisV3/SKNanoOutput/PromptSelector/Run3Mu_RunSyst/2016preVFP/Skim_TriLep_ZGToLLG.root
2026-01-11 09:30:41,965 - INFO - [2016preVFP] MISSING_CENTRAL: SR3Mu/Central/MHc160_MA85/LR_nonprompt in Skim_TriLep_WWG.root
2026-01-12 13:39:13,404 - INFO - [2016preVFP] MISSING_FILE: /home/choij/Sync/workspace/ChargedHiggsAnalysisV3/SKNanoOutput/MatrixSelector/Run3Mu/2016preVFP/Skim_TriLep_DoubleMuon_B.root
2026-01-12 13:39:13,405 - INFO - [2016preVFP] MISSING_FILE: /home/choij/Sync/workspace/ChargedHiggsAnalysisV3/SKNanoOutput/MatrixSelector/Run3Mu/2016preVFP/Skim_TriLep_DoubleMuon_C.root
2026-01-12 13:39:13,405 - INFO - [2016preVFP] MISSING_FILE: /home/choij/Sync/workspace/ChargedHiggsAnalysisV3/SKNanoOutput/MatrixSelector/Run3Mu/2016preVFP/Skim_TriLep_DoubleMuon_D.root
2026-01-12 13:39:13,405 - INFO - [2016preVFP] MISSING_FILE: /home/choij/Sync/workspace/ChargedHiggsAnalysisV3/SKNanoOutput/MatrixSelector/Run3Mu/2016preVFP/Skim_TriLep_DoubleMuon_E.root
2026-01-12 13:39:13,405 - INFO - [2016preVFP] MISSING_FILE: /home/choij/Sync/workspace/ChargedHiggsAnalysisV3/SKNanoOutput/MatrixSelector/Run3Mu/2016preVFP/Skim_TriLep_DoubleMuon_F.root
2026-01-12 13:39:13,427 - INFO - [2016preVFP] MISSING_CENTRAL: SR3Mu/Central/MHc160_MA85/LR_nonprompt in Skim_TriLep_DYJets10to50.root
2026-01-12 13:39:13,428 - INFO - [2016preVFP] MISSING_FILE: /home/choij/Sync/workspace/ChargedHiggsAnalysisV3/SKNanoOutput/PromptSelector/Run3Mu_RunSyst/2016preVFP/Skim_TriLep_ZGToLLG.root
2026-01-12 13:39:13,435 - INFO - [2016preVFP] MISSING_CENTRAL: SR3Mu/Central/MHc160_MA85/LR_nonprompt in Skim_TriLep_WWG.root
