2025-11-05 21:59:55,019 - INFO - [2016preVFP] MISSING_CENTRAL: SR3Mu/Central/MHc100_MA95/score_ttZ in Skim_TriLep_DYJets.root
2025-11-05 21:59:55,020 - INFO - [2016preVFP] MISSING_CENTRAL: SR3Mu/Central/MHc100_MA95/score_ttZ in Skim_TriLep_DYJets10to50.root
2025-11-05 21:59:55,037 - INFO - [2016preVFP] MISSING_CENTRAL: SR3Mu/Central/MHc100_MA95/score_ttZ in Skim_TriLep_WWG.root
2025-11-05 22:15:40,394 - INFO - [2016preVFP] MISSING_CENTRAL: SR3Mu/Central/MHc100_MA95/score_ttZ in Skim_TriLep_DYJets.root
2025-11-05 22:15:40,395 - INFO - [2016preVFP] MISSING_CENTRAL: SR3Mu/Central/MHc100_MA95/score_ttZ in Skim_TriLep_DYJets10to50.root
2025-11-05 22:15:40,421 - INFO - [2016preVFP] MISSING_CENTRAL: SR3Mu/Central/MHc100_MA95/score_ttZ in Skim_TriLep_WWG.root
2025-11-05 23:20:15,887 - INFO - [2016preVFP] MISSING_CENTRAL: SR3Mu/Central/MHc100_MA95/score_ttZ in Skim_TriLep_DYJets.root
2025-11-05 23:20:15,888 - INFO - [2016preVFP] MISSING_CENTRAL: SR3Mu/Central/MHc100_MA95/score_ttZ in Skim_TriLep_DYJets10to50.root
2025-11-05 23:20:15,905 - INFO - [2016preVFP] MISSING_CENTRAL: SR3Mu/Central/MHc100_MA95/score_ttZ in Skim_TriLep_WWG.root
2025-11-07 12:23:31,879 - INFO - [2016preVFP] MISSING_CENTRAL: SR3Mu/Central/MHc100_MA95/score_ttZ in Skim_TriLep_DYJets.root
2025-11-07 12:23:31,880 - INFO - [2016preVFP] MISSING_CENTRAL: SR3Mu/Central/MHc100_MA95/score_ttZ in Skim_TriLep_DYJets10to50.root
2025-11-07 12:23:31,898 - INFO - [2016preVFP] MISSING_CENTRAL: SR3Mu/Central/MHc100_MA95/score_ttZ in Skim_TriLep_WWG.root
2025-11-07 13:03:36,293 - INFO - [2016preVFP] MISSING_CENTRAL: SR3Mu/Central/MHc100_MA95/score_ttZ in Skim_TriLep_DYJets.root
2025-11-07 13:03:36,294 - INFO - [2016preVFP] MISSING_CENTRAL: SR3Mu/Central/MHc100_MA95/score_ttZ in Skim_TriLep_DYJets10to50.root
2025-11-07 13:03:36,312 - INFO - [2016preVFP] MISSING_CENTRAL: SR3Mu/Central/MHc100_MA95/score_ttZ in Skim_TriLep_WWG.root
2025-11-07 13:25:19,049 - INFO - [2016preVFP] MISSING_CENTRAL: SR3Mu/Central/MHc100_MA95/score_ttZ in Skim_TriLep_DYJets.root
2025-11-07 13:25:19,050 - INFO - [2016preVFP] MISSING_CENTRAL: SR3Mu/Central/MHc100_MA95/score_ttZ in Skim_TriLep_DYJets10to50.root
2025-11-07 13:25:19,066 - INFO - [2016preVFP] MISSING_CENTRAL: SR3Mu/Central/MHc100_MA95/score_ttZ in Skim_TriLep_WWG.root
2025-11-07 13:27:47,246 - INFO - [2016preVFP] MISSING_CENTRAL: SR3Mu/Central/MHc100_MA95/score_ttZ in Skim_TriLep_DYJets.root
2025-11-07 13:27:47,247 - INFO - [2016preVFP] MISSING_CENTRAL: SR3Mu/Central/MHc100_MA95/score_ttZ in Skim_TriLep_DYJets10to50.root
2025-11-07 13:27:47,265 - INFO - [2016preVFP] MISSING_CENTRAL: SR3Mu/Central/MHc100_MA95/score_ttZ in Skim_TriLep_WWG.root
2025-11-07 13:44:10,318 - INFO - [2016preVFP] MISSING_CENTRAL: SR3Mu/Central/MHc100_MA95/score_ttZ in Skim_TriLep_DYJets.root
2025-11-07 13:44:10,319 - INFO - [2016preVFP] MISSING_CENTRAL: SR3Mu/Central/MHc100_MA95/score_ttZ in Skim_TriLep_DYJets10to50.root
2025-11-07 13:44:10,347 - INFO - [2016preVFP] MISSING_CENTRAL: SR3Mu/Central/MHc100_MA95/score_ttZ in Skim_TriLep_WWG.root
2025-11-07 13:52:07,257 - INFO - [2016preVFP] MISSING_CENTRAL: SR3Mu/Central/MHc100_MA95/score_ttZ in Skim_TriLep_DYJets.root
2025-11-07 13:52:07,258 - INFO - [2016preVFP] MISSING_CENTRAL: SR3Mu/Central/MHc100_MA95/score_ttZ in Skim_TriLep_DYJets10to50.root
2025-11-07 13:52:07,276 - INFO - [2016preVFP] MISSING_CENTRAL: SR3Mu/Central/MHc100_MA95/score_ttZ in Skim_TriLep_WWG.root
2025-11-07 14:00:32,702 - INFO - [2016preVFP] MISSING_CENTRAL: SR3Mu/Central/MHc100_MA95/score_ttZ in Skim_TriLep_DYJets.root
2025-11-07 14:00:32,703 - INFO - [2016preVFP] MISSING_CENTRAL: SR3Mu/Central/MHc100_MA95/score_ttZ in Skim_TriLep_DYJets10to50.root
2025-11-07 14:00:32,720 - INFO - [2016preVFP] MISSING_CENTRAL: SR3Mu/Central/MHc100_MA95/score_ttZ in Skim_TriLep_WWG.root
2025-11-10 05:50:31,697 - INFO - [2016preVFP] MISSING_CENTRAL: SR3Mu/Central/MHc100_MA95/score_ttZ in Skim_TriLep_DYJets.root
2025-11-10 05:50:31,698 - INFO - [2016preVFP] MISSING_CENTRAL: SR3Mu/Central/MHc100_MA95/score_ttZ in Skim_TriLep_DYJets10to50.root
2025-11-10 05:50:31,715 - INFO - [2016preVFP] MISSING_CENTRAL: SR3Mu/Central/MHc100_MA95/score_ttZ in Skim_TriLep_WWG.root
2025-11-10 12:15:33,609 - INFO - [2016preVFP] MISSING_CENTRAL: SR3Mu/Central/MHc100_MA95/score_ttZ in Skim_TriLep_DYJets.root
2025-11-10 12:15:33,609 - INFO - [2016preVFP] MISSING_CENTRAL: SR3Mu/Central/MHc100_MA95/score_ttZ in Skim_TriLep_DYJets10to50.root
2025-11-10 12:15:33,627 - INFO - [2016preVFP] MISSING_CENTRAL: SR3Mu/Central/MHc100_MA95/score_ttZ in Skim_TriLep_WWG.root
2025-11-13 11:04:07,295 - INFO - [2016preVFP] MISSING_CENTRAL: SR3Mu/Central/MHc100_MA95/score_ttZ in Skim_TriLep_DYJets.root
2025-11-13 11:04:07,296 - INFO - [2016preVFP] MISSING_CENTRAL: SR3Mu/Central/MHc100_MA95/score_ttZ in Skim_TriLep_DYJets10to50.root
2025-11-13 11:04:07,326 - INFO - [2016preVFP] MISSING_CENTRAL: SR3Mu/Central/MHc100_MA95/score_ttZ in Skim_TriLep_WWG.root
2025-11-13 19:53:51,447 - INFO - [2016preVFP] MISSING_CENTRAL: SR3Mu/Central/MHc100_MA95/score_ttZ in Skim_TriLep_DYJets.root
2025-11-13 19:53:51,447 - INFO - [2016preVFP] MISSING_CENTRAL: SR3Mu/Central/MHc100_MA95/score_ttZ in Skim_TriLep_DYJets10to50.root
2025-11-13 19:53:51,465 - INFO - [2016preVFP] MISSING_CENTRAL: SR3Mu/Central/MHc100_MA95/score_ttZ in Skim_TriLep_WWG.root
2025-11-13 20:00:46,219 - INFO - [2016preVFP] MISSING_CENTRAL: SR3Mu/Central/MHc100_MA95/score_ttZ in Skim_TriLep_DYJets.root
2025-11-13 20:00:46,220 - INFO - [2016preVFP] MISSING_CENTRAL: SR3Mu/Central/MHc100_MA95/score_ttZ in Skim_TriLep_DYJets10to50.root
2025-11-13 20:00:46,238 - INFO - [2016preVFP] MISSING_CENTRAL: SR3Mu/Central/MHc100_MA95/score_ttZ in Skim_TriLep_WWG.root
2025-11-19 16:17:54,698 - INFO - [2016preVFP] MISSING_CENTRAL: SR3Mu/Central/MHc100_MA95/score_ttZ in Skim_TriLep_DYJets.root
2025-11-19 16:17:54,699 - INFO - [2016preVFP] MISSING_CENTRAL: SR3Mu/Central/MHc100_MA95/score_ttZ in Skim_TriLep_DYJets10to50.root
2025-11-19 16:17:54,716 - INFO - [2016preVFP] MISSING_CENTRAL: SR3Mu/Central/MHc100_MA95/score_ttZ in Skim_TriLep_WWG.root
2025-12-17 22:31:25,061 - INFO - [2016preVFP] MISSING_CENTRAL: SR3Mu/Central/MHc100_MA95/score_ttZ in Skim_TriLep_DYJets10to50.root
2025-12-17 22:31:25,061 - INFO - [2016preVFP] MISSING_FILE: /data9/Users/choij/Sync/workspace/ChargedHiggsAnalysisV3/SKNanoOutput/PromptSelector/Run3Mu_RunSyst/2016preVFP/Skim_TriLep_ZGToLLG.root
2025-12-17 22:31:25,069 - INFO - [2016preVFP] MISSING_CENTRAL: SR3Mu/Central/MHc100_MA95/score_ttZ in Skim_TriLep_WWG.root
2025-12-18 14:10:09,037 - INFO - [2016preVFP] MISSING_CENTRAL: SR3Mu/Central/MHc100_MA95/score_ttZ in Skim_TriLep_DYJets10to50.root
2025-12-18 14:10:09,037 - INFO - [2016preVFP] MISSING_FILE: /data9/Users/choij/Sync/workspace/ChargedHiggsAnalysisV3/SKNanoOutput/PromptSelector/Run3Mu_RunSyst/2016preVFP/Skim_TriLep_ZGToLLG.root
2025-12-18 14:10:09,059 - INFO - [2016preVFP] MISSING_CENTRAL: SR3Mu/Central/MHc100_MA95/score_ttZ in Skim_TriLep_WWG.root
2025-12-18 14:14:14,765 - INFO - [2016preVFP] MISSING_CENTRAL: SR3Mu/Central/MHc100_MA95/score_ttZ in Skim_TriLep_DYJets10to50.root
2025-12-18 14:14:14,766 - INFO - [2016preVFP] MISSING_FILE: /data9/Users/choij/Sync/workspace/ChargedHiggsAnalysisV3/SKNanoOutput/PromptSelector/Run3Mu_RunSyst/2016preVFP/Skim_TriLep_ZGToLLG.root
2025-12-18 14:14:14,789 - INFO - [2016preVFP] MISSING_CENTRAL: SR3Mu/Central/MHc100_MA95/score_ttZ in Skim_TriLep_WWG.root
2025-12-18 14:29:46,327 - INFO - [2016preVFP] MISSING_CENTRAL: SR3Mu/Central/MHc100_MA95/score_ttZ in Skim_TriLep_DYJets10to50.root
2025-12-18 14:29:46,327 - INFO - [2016preVFP] MISSING_FILE: /data9/Users/choij/Sync/workspace/ChargedHiggsAnalysisV3/SKNanoOutput/PromptSelector/Run3Mu_RunSyst/2016preVFP/Skim_TriLep_ZGToLLG.root
2025-12-18 14:29:46,370 - INFO - [2016preVFP] MISSING_CENTRAL: SR3Mu/Central/MHc100_MA95/score_ttZ in Skim_TriLep_WWG.root
2026-01-07 11:40:03,794 - INFO - [2016preVFP] MISSING_CENTRAL: SR3Mu/Central/MHc100_MA95/score_ttZ in Skim_TriLep_DYJets10to50.root
2026-01-07 11:40:03,795 - INFO - [2016preVFP] MISSING_FILE: /data9/Users/choij/Sync/workspace/ChargedHiggsAnalysisV3/SKNanoOutput/PromptSelector/Run3Mu_RunSyst/2016preVFP/Skim_TriLep_ZGToLLG.root
2026-01-07 11:40:03,808 - INFO - [2016preVFP] MISSING_CENTRAL: SR3Mu/Central/MHc100_MA95/score_ttZ in Skim_TriLep_WWG.root
2026-01-07 18:37:23,080 - INFO - [2016preVFP] MISSING_CENTRAL: SR3Mu/Central/MHc100_MA95/score_ttZ in Skim_TriLep_DYJets10to50.root
2026-01-07 18:37:23,080 - INFO - [2016preVFP] MISSING_FILE: /data9/Users/choij/Sync/workspace/ChargedHiggsAnalysisV3/SKNanoOutput/PromptSelector/Run3Mu_RunSyst/2016preVFP/Skim_TriLep_ZGToLLG.root
2026-01-07 18:37:23,092 - INFO - [2016preVFP] MISSING_CENTRAL: SR3Mu/Central/MHc100_MA95/score_ttZ in Skim_TriLep_WWG.root
2026-01-07 19:26:56,923 - INFO - [2016preVFP] MISSING_CENTRAL: SR3Mu/Central/MHc100_MA95/score_ttZ in Skim_TriLep_DYJets10to50.root
2026-01-07 19:26:56,923 - INFO - [2016preVFP] MISSING_FILE: /data9/Users/choij/Sync/workspace/ChargedHiggsAnalysisV3/SKNanoOutput/PromptSelector/Run3Mu_RunSyst/2016preVFP/Skim_TriLep_ZGToLLG.root
2026-01-07 19:26:56,935 - INFO - [2016preVFP] MISSING_CENTRAL: SR3Mu/Central/MHc100_MA95/score_ttZ in Skim_TriLep_WWG.root
2026-01-09 12:10:33,376 - INFO - [2016preVFP] MISSING_CENTRAL: SR3Mu/Central/MHc100_MA95/score_ttZ in Skim_TriLep_DYJets10to50.root
2026-01-09 12:10:33,376 - INFO - [2016preVFP] MISSING_FILE: /home/choij/Sync/workspace/ChargedHiggsAnalysisV3/SKNanoOutput/PromptSelector/Run3Mu_RunSyst/2016preVFP/Skim_TriLep_ZGToLLG.root
2026-01-09 12:10:33,385 - INFO - [2016preVFP] MISSING_CENTRAL: SR3Mu/Central/MHc100_MA95/score_ttZ in Skim_TriLep_WWG.root
2026-01-11 09:30:37,634 - INFO - [2016preVFP] MISSING_CENTRAL: SR3Mu/Central/MHc100_MA95/score_ttZ in Skim_TriLep_DYJets10to50.root
2026-01-11 09:30:37,637 - INFO - [2016preVFP] MISSING_FILE: /home/choij/Sync/workspace/ChargedHiggsAnalysisV3/SKNanoOutput/PromptSelector/Run3Mu_RunSyst/2016preVFP/Skim_TriLep_ZGToLLG.root
2026-01-11 09:30:37,652 - INFO - [2016preVFP] MISSING_CENTRAL: SR3Mu/Central/MHc100_MA95/score_ttZ in Skim_TriLep_WWG.root
2026-01-12 13:39:08,723 - INFO - [2016preVFP] MISSING_FILE: /home/choij/Sync/workspace/ChargedHiggsAnalysisV3/SKNanoOutput/MatrixSelector/Run3Mu/2016preVFP/Skim_TriLep_DoubleMuon_B.root
2026-01-12 13:39:08,723 - INFO - [2016preVFP] MISSING_FILE: /home/choij/Sync/workspace/ChargedHiggsAnalysisV3/SKNanoOutput/MatrixSelector/Run3Mu/2016preVFP/Skim_TriLep_DoubleMuon_C.root
2026-01-12 13:39:08,723 - INFO - [2016preVFP] MISSING_FILE: /home/choij/Sync/workspace/ChargedHiggsAnalysisV3/SKNanoOutput/MatrixSelector/Run3Mu/2016preVFP/Skim_TriLep_DoubleMuon_D.root
2026-01-12 13:39:08,724 - INFO - [2016preVFP] MISSING_FILE: /home/choij/Sync/workspace/ChargedHiggsAnalysisV3/SKNanoOutput/MatrixSelector/Run3Mu/2016preVFP/Skim_TriLep_DoubleMuon_E.root
2026-01-12 13:39:08,724 - INFO - [2016preVFP] MISSING_FILE: /home/choij/Sync/workspace/ChargedHiggsAnalysisV3/SKNanoOutput/MatrixSelector/Run3Mu/2016preVFP/Skim_TriLep_DoubleMuon_F.root
2026-01-12 13:39:08,748 - INFO - [2016preVFP] MISSING_CENTRAL: SR3Mu/Central/MHc100_MA95/score_ttZ in Skim_TriLep_DYJets10to50.root
2026-01-12 13:39:08,749 - INFO - [2016preVFP] MISSING_FILE: /home/choij/Sync/workspace/ChargedHiggsAnalysisV3/SKNanoOutput/PromptSelector/Run3Mu_RunSyst/2016preVFP/Skim_TriLep_ZGToLLG.root
2026-01-12 13:39:08,760 - INFO - [2016preVFP] MISSING_CENTRAL: SR3Mu/Central/MHc100_MA95/score_ttZ in Skim_TriLep_WWG.root
