2025-11-05 21:59:56,755 - INFO - [2016preVFP] MISSING_CENTRAL: SR3Mu/Central/MHc100_MA95/score_signal in Skim_TriLep_DYJets.root
2025-11-05 21:59:56,755 - INFO - [2016preVFP] MISSING_CENTRAL: SR3Mu/Central/MHc100_MA95/score_signal in Skim_TriLep_DYJets10to50.root
2025-11-05 21:59:56,772 - INFO - [2016preVFP] MISSING_CENTRAL: SR3Mu/Central/MHc100_MA95/score_signal in Skim_TriLep_WWG.root
2025-11-05 22:15:40,781 - INFO - [2016preVFP] MISSING_CENTRAL: SR3Mu/Central/MHc100_MA95/score_signal in Skim_TriLep_DYJets.root
2025-11-05 22:15:40,781 - INFO - [2016preVFP] MISSING_CENTRAL: SR3Mu/Central/MHc100_MA95/score_signal in Skim_TriLep_DYJets10to50.root
2025-11-05 22:15:40,792 - INFO - [2016preVFP] MISSING_CENTRAL: SR3Mu/Central/MHc100_MA95/score_signal in Skim_TriLep_WWG.root
2025-11-05 23:20:16,103 - INFO - [2016preVFP] MISSING_CENTRAL: SR3Mu/Central/MHc100_MA95/score_signal in Skim_TriLep_DYJets.root
2025-11-05 23:20:16,103 - INFO - [2016preVFP] MISSING_CENTRAL: SR3Mu/Central/MHc100_MA95/score_signal in Skim_TriLep_DYJets10to50.root
2025-11-05 23:20:16,122 - INFO - [2016preVFP] MISSING_CENTRAL: SR3Mu/Central/MHc100_MA95/score_signal in Skim_TriLep_WWG.root
2025-11-07 12:23:32,075 - INFO - [2016preVFP] MISSING_CENTRAL: SR3Mu/Central/MHc100_MA95/score_signal in Skim_TriLep_DYJets.root
2025-11-07 12:23:32,076 - INFO - [2016preVFP] MISSING_CENTRAL: SR3Mu/Central/MHc100_MA95/score_signal in Skim_TriLep_DYJets10to50.root
2025-11-07 12:23:32,093 - INFO - [2016preVFP] MISSING_CENTRAL: SR3Mu/Central/MHc100_MA95/score_signal in Skim_TriLep_WWG.root
2025-11-07 13:03:36,759 - INFO - [2016preVFP] MISSING_CENTRAL: SR3Mu/Central/MHc100_MA95/score_signal in Skim_TriLep_DYJets.root
2025-11-07 13:03:36,760 - INFO - [2016preVFP] MISSING_CENTRAL: SR3Mu/Central/MHc100_MA95/score_signal in Skim_TriLep_DYJets10to50.root
2025-11-07 13:03:36,777 - INFO - [2016preVFP] MISSING_CENTRAL: SR3Mu/Central/MHc100_MA95/score_signal in Skim_TriLep_WWG.root
2025-11-07 13:25:19,098 - INFO - [2016preVFP] MISSING_CENTRAL: SR3Mu/Central/MHc100_MA95/score_signal in Skim_TriLep_DYJets.root
2025-11-07 13:25:19,099 - INFO - [2016preVFP] MISSING_CENTRAL: SR3Mu/Central/MHc100_MA95/score_signal in Skim_TriLep_DYJets10to50.root
2025-11-07 13:25:19,116 - INFO - [2016preVFP] MISSING_CENTRAL: SR3Mu/Central/MHc100_MA95/score_signal in Skim_TriLep_WWG.root
2025-11-07 13:27:47,221 - INFO - [2016preVFP] MISSING_CENTRAL: SR3Mu/Central/MHc100_MA95/score_signal in Skim_TriLep_DYJets.root
2025-11-07 13:27:47,221 - INFO - [2016preVFP] MISSING_CENTRAL: SR3Mu/Central/MHc100_MA95/score_signal in Skim_TriLep_DYJets10to50.root
2025-11-07 13:27:47,240 - INFO - [2016preVFP] MISSING_CENTRAL: SR3Mu/Central/MHc100_MA95/score_signal in Skim_TriLep_WWG.root
2025-11-07 13:44:10,351 - INFO - [2016preVFP] MISSING_CENTRAL: SR3Mu/Central/MHc100_MA95/score_signal in Skim_TriLep_DYJets.root
2025-11-07 13:44:10,351 - INFO - [2016preVFP] MISSING_CENTRAL: SR3Mu/Central/MHc100_MA95/score_signal in Skim_TriLep_DYJets10to50.root
2025-11-07 13:44:10,369 - INFO - [2016preVFP] MISSING_CENTRAL: SR3Mu/Central/MHc100_MA95/score_signal in Skim_TriLep_WWG.root
2025-11-07 13:52:07,368 - INFO - [2016preVFP] MISSING_CENTRAL: SR3Mu/Central/MHc100_MA95/score_signal in Skim_TriLep_DYJets.root
2025-11-07 13:52:07,369 - INFO - [2016preVFP] MISSING_CENTRAL: SR3Mu/Central/MHc100_MA95/score_signal in Skim_TriLep_DYJets10to50.root
2025-11-07 13:52:07,388 - INFO - [2016preVFP] MISSING_CENTRAL: SR3Mu/Central/MHc100_MA95/score_signal in Skim_TriLep_WWG.root
2025-11-07 14:00:33,126 - INFO - [2016preVFP] MISSING_CENTRAL: SR3Mu/Central/MHc100_MA95/score_signal in Skim_TriLep_DYJets.root
2025-11-07 14:00:33,126 - INFO - [2016preVFP] MISSING_CENTRAL: SR3Mu/Central/MHc100_MA95/score_signal in Skim_TriLep_DYJets10to50.root
2025-11-07 14:00:33,144 - INFO - [2016preVFP] MISSING_CENTRAL: SR3Mu/Central/MHc100_MA95/score_signal in Skim_TriLep_WWG.root
2025-11-10 05:50:33,167 - INFO - [2016preVFP] MISSING_CENTRAL: SR3Mu/Central/MHc100_MA95/score_signal in Skim_TriLep_DYJets.root
2025-11-10 05:50:33,173 - INFO - [2016preVFP] MISSING_CENTRAL: SR3Mu/Central/MHc100_MA95/score_signal in Skim_TriLep_DYJets10to50.root
2025-11-10 05:50:33,192 - INFO - [2016preVFP] MISSING_CENTRAL: SR3Mu/Central/MHc100_MA95/score_signal in Skim_TriLep_WWG.root
2025-11-10 12:15:33,589 - INFO - [2016preVFP] MISSING_CENTRAL: SR3Mu/Central/MHc100_MA95/score_signal in Skim_TriLep_DYJets.root
2025-11-10 12:15:33,589 - INFO - [2016preVFP] MISSING_CENTRAL: SR3Mu/Central/MHc100_MA95/score_signal in Skim_TriLep_DYJets10to50.root
2025-11-10 12:15:33,607 - INFO - [2016preVFP] MISSING_CENTRAL: SR3Mu/Central/MHc100_MA95/score_signal in Skim_TriLep_WWG.root
2025-11-13 11:04:07,343 - INFO - [2016preVFP] MISSING_CENTRAL: SR3Mu/Central/MHc100_MA95/score_signal in Skim_TriLep_DYJets.root
2025-11-13 11:04:07,344 - INFO - [2016preVFP] MISSING_CENTRAL: SR3Mu/Central/MHc100_MA95/score_signal in Skim_TriLep_DYJets10to50.root
2025-11-13 11:04:07,374 - INFO - [2016preVFP] MISSING_CENTRAL: SR3Mu/Central/MHc100_MA95/score_signal in Skim_TriLep_WWG.root
2025-11-13 19:53:51,697 - INFO - [2016preVFP] MISSING_CENTRAL: SR3Mu/Central/MHc100_MA95/score_signal in Skim_TriLep_DYJets.root
2025-11-13 19:53:51,698 - INFO - [2016preVFP] MISSING_CENTRAL: SR3Mu/Central/MHc100_MA95/score_signal in Skim_TriLep_DYJets10to50.root
2025-11-13 19:53:51,731 - INFO - [2016preVFP] MISSING_CENTRAL: SR3Mu/Central/MHc100_MA95/score_signal in Skim_TriLep_WWG.root
2025-11-13 20:00:46,416 - INFO - [2016preVFP] MISSING_CENTRAL: SR3Mu/Central/MHc100_MA95/score_signal in Skim_TriLep_DYJets.root
2025-11-13 20:00:46,417 - INFO - [2016preVFP] MISSING_CENTRAL: SR3Mu/Central/MHc100_MA95/score_signal in Skim_TriLep_DYJets10to50.root
2025-11-13 20:00:46,436 - INFO - [2016preVFP] MISSING_CENTRAL: SR3Mu/Central/MHc100_MA95/score_signal in Skim_TriLep_WWG.root
2025-11-19 16:17:54,741 - INFO - [2016preVFP] MISSING_CENTRAL: SR3Mu/Central/MHc100_MA95/score_signal in Skim_TriLep_DYJets.root
2025-11-19 16:17:54,741 - INFO - [2016preVFP] MISSING_CENTRAL: SR3Mu/Central/MHc100_MA95/score_signal in Skim_TriLep_DYJets10to50.root
2025-11-19 16:17:54,759 - INFO - [2016preVFP] MISSING_CENTRAL: SR3Mu/Central/MHc100_MA95/score_signal in Skim_TriLep_WWG.root
2025-12-17 22:31:25,249 - INFO - [2016preVFP] MISSING_CENTRAL: SR3Mu/Central/MHc100_MA95/score_signal in Skim_TriLep_DYJets10to50.root
2025-12-17 22:31:25,249 - INFO - [2016preVFP] MISSING_FILE: /data9/Users/choij/Sync/workspace/ChargedHiggsAnalysisV3/SKNanoOutput/PromptSelector/Run3Mu_RunSyst/2016preVFP/Skim_TriLep_ZGToLLG.root
2025-12-17 22:31:25,274 - INFO - [2016preVFP] MISSING_CENTRAL: SR3Mu/Central/MHc100_MA95/score_signal in Skim_TriLep_WWG.root
2025-12-18 14:10:09,435 - INFO - [2016preVFP] MISSING_CENTRAL: SR3Mu/Central/MHc100_MA95/score_signal in Skim_TriLep_DYJets10to50.root
2025-12-18 14:10:09,447 - INFO - [2016preVFP] MISSING_FILE: /data9/Users/choij/Sync/workspace/ChargedHiggsAnalysisV3/SKNanoOutput/PromptSelector/Run3Mu_RunSyst/2016preVFP/Skim_TriLep_ZGToLLG.root
2025-12-18 14:10:09,473 - INFO - [2016preVFP] MISSING_CENTRAL: SR3Mu/Central/MHc100_MA95/score_signal in Skim_TriLep_WWG.root
2025-12-18 14:14:14,647 - INFO - [2016preVFP] MISSING_CENTRAL: SR3Mu/Central/MHc100_MA95/score_signal in Skim_TriLep_DYJets10to50.root
2025-12-18 14:14:14,647 - INFO - [2016preVFP] MISSING_FILE: /data9/Users/choij/Sync/workspace/ChargedHiggsAnalysisV3/SKNanoOutput/PromptSelector/Run3Mu_RunSyst/2016preVFP/Skim_TriLep_ZGToLLG.root
2025-12-18 14:14:14,690 - INFO - [2016preVFP] MISSING_CENTRAL: SR3Mu/Central/MHc100_MA95/score_signal in Skim_TriLep_WWG.root
2025-12-18 14:29:45,801 - INFO - [2016preVFP] MISSING_CENTRAL: SR3Mu/Central/MHc100_MA95/score_signal in Skim_TriLep_DYJets10to50.root
2025-12-18 14:29:45,801 - INFO - [2016preVFP] MISSING_FILE: /data9/Users/choij/Sync/workspace/ChargedHiggsAnalysisV3/SKNanoOutput/PromptSelector/Run3Mu_RunSyst/2016preVFP/Skim_TriLep_ZGToLLG.root
2025-12-18 14:29:45,839 - INFO - [2016preVFP] MISSING_CENTRAL: SR3Mu/Central/MHc100_MA95/score_signal in Skim_TriLep_WWG.root
2026-01-07 11:40:03,904 - INFO - [2016preVFP] MISSING_CENTRAL: SR3Mu/Central/MHc100_MA95/score_signal in Skim_TriLep_DYJets10to50.root
2026-01-07 11:40:03,904 - INFO - [2016preVFP] MISSING_FILE: /data9/Users/choij/Sync/workspace/ChargedHiggsAnalysisV3/SKNanoOutput/PromptSelector/Run3Mu_RunSyst/2016preVFP/Skim_TriLep_ZGToLLG.root
2026-01-07 11:40:03,939 - INFO - [2016preVFP] MISSING_CENTRAL: SR3Mu/Central/MHc100_MA95/score_signal in Skim_TriLep_WWG.root
2026-01-07 18:37:23,157 - INFO - [2016preVFP] MISSING_CENTRAL: SR3Mu/Central/MHc100_MA95/score_signal in Skim_TriLep_DYJets10to50.root
2026-01-07 18:37:23,157 - INFO - [2016preVFP] MISSING_FILE: /data9/Users/choij/Sync/workspace/ChargedHiggsAnalysisV3/SKNanoOutput/PromptSelector/Run3Mu_RunSyst/2016preVFP/Skim_TriLep_ZGToLLG.root
2026-01-07 18:37:23,170 - INFO - [2016preVFP] MISSING_CENTRAL: SR3Mu/Central/MHc100_MA95/score_signal in Skim_TriLep_WWG.root
2026-01-07 19:26:57,265 - INFO - [2016preVFP] MISSING_CENTRAL: SR3Mu/Central/MHc100_MA95/score_signal in Skim_TriLep_DYJets10to50.root
2026-01-07 19:26:57,265 - INFO - [2016preVFP] MISSING_FILE: /data9/Users/choij/Sync/workspace/ChargedHiggsAnalysisV3/SKNanoOutput/PromptSelector/Run3Mu_RunSyst/2016preVFP/Skim_TriLep_ZGToLLG.root
2026-01-07 19:26:57,289 - INFO - [2016preVFP] MISSING_CENTRAL: SR3Mu/Central/MHc100_MA95/score_signal in Skim_TriLep_WWG.root
2026-01-09 12:10:33,374 - INFO - [2016preVFP] MISSING_CENTRAL: SR3Mu/Central/MHc100_MA95/score_signal in Skim_TriLep_DYJets10to50.root
2026-01-09 12:10:33,378 - INFO - [2016preVFP] MISSING_FILE: /home/choij/Sync/workspace/ChargedHiggsAnalysisV3/SKNanoOutput/PromptSelector/Run3Mu_RunSyst/2016preVFP/Skim_TriLep_ZGToLLG.root
2026-01-09 12:10:33,386 - INFO - [2016preVFP] MISSING_CENTRAL: SR3Mu/Central/MHc100_MA95/score_signal in Skim_TriLep_WWG.root
2026-01-11 09:30:38,037 - INFO - [2016preVFP] MISSING_CENTRAL: SR3Mu/Central/MHc100_MA95/score_signal in Skim_TriLep_DYJets10to50.root
2026-01-11 09:30:38,037 - INFO - [2016preVFP] MISSING_FILE: /home/choij/Sync/workspace/ChargedHiggsAnalysisV3/SKNanoOutput/PromptSelector/Run3Mu_RunSyst/2016preVFP/Skim_TriLep_ZGToLLG.root
2026-01-11 09:30:38,056 - INFO - [2016preVFP] MISSING_CENTRAL: SR3Mu/Central/MHc100_MA95/score_signal in Skim_TriLep_WWG.root
2026-01-12 13:39:08,794 - INFO - [2016preVFP] MISSING_FILE: /home/choij/Sync/workspace/ChargedHiggsAnalysisV3/SKNanoOutput/MatrixSelector/Run3Mu/2016preVFP/Skim_TriLep_DoubleMuon_B.root
2026-01-12 13:39:08,795 - INFO - [2016preVFP] MISSING_FILE: /home/choij/Sync/workspace/ChargedHiggsAnalysisV3/SKNanoOutput/MatrixSelector/Run3Mu/2016preVFP/Skim_TriLep_DoubleMuon_C.root
2026-01-12 13:39:08,795 - INFO - [2016preVFP] MISSING_FILE: /home/choij/Sync/workspace/ChargedHiggsAnalysisV3/SKNanoOutput/MatrixSelector/Run3Mu/2016preVFP/Skim_TriLep_DoubleMuon_D.root
2026-01-12 13:39:08,795 - INFO - [2016preVFP] MISSING_FILE: /home/choij/Sync/workspace/ChargedHiggsAnalysisV3/SKNanoOutput/MatrixSelector/Run3Mu/2016preVFP/Skim_TriLep_DoubleMuon_E.root
2026-01-12 13:39:08,795 - INFO - [2016preVFP] MISSING_FILE: /home/choij/Sync/workspace/ChargedHiggsAnalysisV3/SKNanoOutput/MatrixSelector/Run3Mu/2016preVFP/Skim_TriLep_DoubleMuon_F.root
2026-01-12 13:39:08,840 - INFO - [2016preVFP] MISSING_CENTRAL: SR3Mu/Central/MHc100_MA95/score_signal in Skim_TriLep_DYJets10to50.root
2026-01-12 13:39:08,840 - INFO - [2016preVFP] MISSING_FILE: /home/choij/Sync/workspace/ChargedHiggsAnalysisV3/SKNanoOutput/PromptSelector/Run3Mu_RunSyst/2016preVFP/Skim_TriLep_ZGToLLG.root
2026-01-12 13:39:08,853 - INFO - [2016preVFP] MISSING_CENTRAL: SR3Mu/Central/MHc100_MA95/score_signal in Skim_TriLep_WWG.root
2026-01-16 18:54:37,151 - INFO - [2016preVFP] MISSING_CENTRAL: SR3Mu/Central/MHc100_MA95/score_signal in Skim_TriLep_DYJets10to50.root
2026-01-16 18:54:37,152 - INFO - [2016preVFP] MISSING_FILE: /home/choij/Sync/workspace/ChargedHiggsAnalysisV3/SKNanoOutput/PromptSelector/Run3Mu_RunSyst/2016preVFP/Skim_TriLep_ZGToLLG.root
2026-01-16 18:54:37,159 - INFO - [2016preVFP] MISSING_CENTRAL: SR3Mu/Central/MHc100_MA95/score_signal in Skim_TriLep_WWG.root
