2025-09-24 15:41:52,485 - INFO - [2016preVFP] MISSING_CENTRAL: SR3Mu/Central/muons/3/pz in Skim_TriLep_DYJets10to50.root
2025-09-24 15:41:52,511 - INFO - [2016preVFP] MISSING_CENTRAL: SR3Mu/Central/muons/3/pz in Skim_TriLep_WWG.root
2025-10-02 21:09:33,731 - INFO - [2016preVFP] MISSING_CENTRAL: SR3Mu/Central/muons/3/pz in Skim_TriLep_DYJets10to50.root
2025-10-02 21:09:33,804 - INFO - [2016preVFP] MISSING_CENTRAL: SR3Mu/Central/muons/3/pz in Skim_TriLep_WWG.root
2025-10-02 23:55:13,577 - INFO - [2016preVFP] MISSING_CENTRAL: SR3Mu/Central/muons/3/pz in Skim_TriLep_DYJets10to50.root
2025-10-02 23:55:13,693 - INFO - [2016preVFP] MISSING_CENTRAL: SR3Mu/Central/muons/3/pz in Skim_TriLep_WWG.root
2025-11-05 20:28:25,772 - INFO - [2016preVFP] MISSING_CENTRAL: SR3Mu/Central/muons/3/pz in Skim_TriLep_DYJets.root
2025-11-05 20:28:25,773 - INFO - [2016preVFP] MISSING_CENTRAL: SR3Mu/Central/muons/3/pz in Skim_TriLep_DYJets10to50.root
2025-11-05 20:28:25,809 - INFO - [2016preVFP] MISSING_CENTRAL: SR3Mu/Central/muons/3/pz in Skim_TriLep_WWG.root
2025-11-05 21:32:40,850 - INFO - [2016preVFP] MISSING_CENTRAL: SR3Mu/Central/muons/3/pz in Skim_TriLep_DYJets.root
2025-11-05 21:32:40,851 - INFO - [2016preVFP] MISSING_CENTRAL: SR3Mu/Central/muons/3/pz in Skim_TriLep_DYJets10to50.root
2025-11-05 21:32:40,889 - INFO - [2016preVFP] MISSING_CENTRAL: SR3Mu/Central/muons/3/pz in Skim_TriLep_WWG.root
2025-11-05 21:36:37,387 - INFO - [2016preVFP] MISSING_CENTRAL: SR3Mu/Central/muons/3/pz in Skim_TriLep_DYJets.root
2025-11-05 21:36:37,387 - INFO - [2016preVFP] MISSING_CENTRAL: SR3Mu/Central/muons/3/pz in Skim_TriLep_DYJets10to50.root
2025-11-05 21:36:37,425 - INFO - [2016preVFP] MISSING_CENTRAL: SR3Mu/Central/muons/3/pz in Skim_TriLep_WWG.root
2025-11-05 21:37:42,119 - INFO - [2016preVFP] MISSING_CENTRAL: SR3Mu/Central/muons/3/pz in Skim_TriLep_DYJets.root
2025-11-05 21:37:42,120 - INFO - [2016preVFP] MISSING_CENTRAL: SR3Mu/Central/muons/3/pz in Skim_TriLep_DYJets10to50.root
2025-11-05 21:37:42,155 - INFO - [2016preVFP] MISSING_CENTRAL: SR3Mu/Central/muons/3/pz in Skim_TriLep_WWG.root
2025-11-05 21:59:45,442 - INFO - [2016preVFP] MISSING_CENTRAL: SR3Mu/Central/muons/3/pz in Skim_TriLep_DYJets.root
2025-11-05 21:59:45,443 - INFO - [2016preVFP] MISSING_CENTRAL: SR3Mu/Central/muons/3/pz in Skim_TriLep_DYJets10to50.root
2025-11-05 21:59:45,478 - INFO - [2016preVFP] MISSING_CENTRAL: SR3Mu/Central/muons/3/pz in Skim_TriLep_WWG.root
2025-11-05 22:15:31,609 - INFO - [2016preVFP] MISSING_CENTRAL: SR3Mu/Central/muons/3/pz in Skim_TriLep_DYJets.root
2025-11-05 22:15:31,609 - INFO - [2016preVFP] MISSING_CENTRAL: SR3Mu/Central/muons/3/pz in Skim_TriLep_DYJets10to50.root
2025-11-05 22:15:31,643 - INFO - [2016preVFP] MISSING_CENTRAL: SR3Mu/Central/muons/3/pz in Skim_TriLep_WWG.root
2025-11-05 23:20:09,091 - INFO - [2016preVFP] MISSING_CENTRAL: SR3Mu/Central/muons/3/pz in Skim_TriLep_DYJets.root
2025-11-05 23:20:09,095 - INFO - [2016preVFP] MISSING_CENTRAL: SR3Mu/Central/muons/3/pz in Skim_TriLep_DYJets10to50.root
2025-11-05 23:20:09,185 - INFO - [2016preVFP] MISSING_CENTRAL: SR3Mu/Central/muons/3/pz in Skim_TriLep_WWG.root
2025-11-07 12:23:24,938 - INFO - [2016preVFP] MISSING_CENTRAL: SR3Mu/Central/muons/3/pz in Skim_TriLep_DYJets.root
2025-11-07 12:23:24,939 - INFO - [2016preVFP] MISSING_CENTRAL: SR3Mu/Central/muons/3/pz in Skim_TriLep_DYJets10to50.root
2025-11-07 12:23:24,975 - INFO - [2016preVFP] MISSING_CENTRAL: SR3Mu/Central/muons/3/pz in Skim_TriLep_WWG.root
2025-11-07 13:03:28,584 - INFO - [2016preVFP] MISSING_CENTRAL: SR3Mu/Central/muons/3/pz in Skim_TriLep_DYJets.root
2025-11-07 13:03:28,588 - INFO - [2016preVFP] MISSING_CENTRAL: SR3Mu/Central/muons/3/pz in Skim_TriLep_DYJets10to50.root
2025-11-07 13:03:28,678 - INFO - [2016preVFP] MISSING_CENTRAL: SR3Mu/Central/muons/3/pz in Skim_TriLep_WWG.root
2025-11-07 13:25:12,132 - INFO - [2016preVFP] MISSING_CENTRAL: SR3Mu/Central/muons/3/pz in Skim_TriLep_DYJets.root
2025-11-07 13:25:12,133 - INFO - [2016preVFP] MISSING_CENTRAL: SR3Mu/Central/muons/3/pz in Skim_TriLep_DYJets10to50.root
2025-11-07 13:25:12,204 - INFO - [2016preVFP] MISSING_CENTRAL: SR3Mu/Central/muons/3/pz in Skim_TriLep_WWG.root
2025-11-07 13:27:40,198 - INFO - [2016preVFP] MISSING_CENTRAL: SR3Mu/Central/muons/3/pz in Skim_TriLep_DYJets.root
2025-11-07 13:27:40,201 - INFO - [2016preVFP] MISSING_CENTRAL: SR3Mu/Central/muons/3/pz in Skim_TriLep_DYJets10to50.root
2025-11-07 13:27:40,286 - INFO - [2016preVFP] MISSING_CENTRAL: SR3Mu/Central/muons/3/pz in Skim_TriLep_WWG.root
2025-11-07 13:44:03,144 - INFO - [2016preVFP] MISSING_CENTRAL: SR3Mu/Central/muons/3/pz in Skim_TriLep_DYJets.root
2025-11-07 13:44:03,149 - INFO - [2016preVFP] MISSING_CENTRAL: SR3Mu/Central/muons/3/pz in Skim_TriLep_DYJets10to50.root
2025-11-07 13:44:03,194 - INFO - [2016preVFP] MISSING_CENTRAL: SR3Mu/Central/muons/3/pz in Skim_TriLep_WWG.root
2025-11-07 13:52:00,141 - INFO - [2016preVFP] MISSING_CENTRAL: SR3Mu/Central/muons/3/pz in Skim_TriLep_DYJets.root
2025-11-07 13:52:00,141 - INFO - [2016preVFP] MISSING_CENTRAL: SR3Mu/Central/muons/3/pz in Skim_TriLep_DYJets10to50.root
2025-11-07 13:52:00,175 - INFO - [2016preVFP] MISSING_CENTRAL: SR3Mu/Central/muons/3/pz in Skim_TriLep_WWG.root
2025-11-07 14:00:25,986 - INFO - [2016preVFP] MISSING_CENTRAL: SR3Mu/Central/muons/3/pz in Skim_TriLep_DYJets.root
2025-11-07 14:00:25,986 - INFO - [2016preVFP] MISSING_CENTRAL: SR3Mu/Central/muons/3/pz in Skim_TriLep_DYJets10to50.root
2025-11-07 14:00:26,080 - INFO - [2016preVFP] MISSING_CENTRAL: SR3Mu/Central/muons/3/pz in Skim_TriLep_WWG.root
2025-11-10 05:50:21,107 - INFO - [2016preVFP] MISSING_CENTRAL: SR3Mu/Central/muons/3/pz in Skim_TriLep_DYJets.root
2025-11-10 05:50:21,108 - INFO - [2016preVFP] MISSING_CENTRAL: SR3Mu/Central/muons/3/pz in Skim_TriLep_DYJets10to50.root
2025-11-10 05:50:21,142 - INFO - [2016preVFP] MISSING_CENTRAL: SR3Mu/Central/muons/3/pz in Skim_TriLep_WWG.root
2025-11-10 12:15:27,023 - INFO - [2016preVFP] MISSING_CENTRAL: SR3Mu/Central/muons/3/pz in Skim_TriLep_DYJets.root
2025-11-10 12:15:27,024 - INFO - [2016preVFP] MISSING_CENTRAL: SR3Mu/Central/muons/3/pz in Skim_TriLep_DYJets10to50.root
2025-11-10 12:15:27,059 - INFO - [2016preVFP] MISSING_CENTRAL: SR3Mu/Central/muons/3/pz in Skim_TriLep_WWG.root
2025-11-13 11:03:57,148 - INFO - [2016preVFP] MISSING_CENTRAL: SR3Mu/Central/muons/3/pz in Skim_TriLep_DYJets.root
2025-11-13 11:03:57,148 - INFO - [2016preVFP] MISSING_CENTRAL: SR3Mu/Central/muons/3/pz in Skim_TriLep_DYJets10to50.root
2025-11-13 11:03:57,986 - INFO - [2016preVFP] MISSING_CENTRAL: SR3Mu/Central/muons/3/pz in Skim_TriLep_WWG.root
2025-11-13 19:53:42,861 - INFO - [2016preVFP] MISSING_CENTRAL: SR3Mu/Central/muons/3/pz in Skim_TriLep_DYJets.root
2025-11-13 19:53:42,863 - INFO - [2016preVFP] MISSING_CENTRAL: SR3Mu/Central/muons/3/pz in Skim_TriLep_DYJets10to50.root
2025-11-13 19:53:42,914 - INFO - [2016preVFP] MISSING_CENTRAL: SR3Mu/Central/muons/3/pz in Skim_TriLep_WWG.root
2025-11-13 20:00:37,389 - INFO - [2016preVFP] MISSING_CENTRAL: SR3Mu/Central/muons/3/pz in Skim_TriLep_DYJets.root
2025-11-13 20:00:37,389 - INFO - [2016preVFP] MISSING_CENTRAL: SR3Mu/Central/muons/3/pz in Skim_TriLep_DYJets10to50.root
2025-11-13 20:00:37,422 - INFO - [2016preVFP] MISSING_CENTRAL: SR3Mu/Central/muons/3/pz in Skim_TriLep_WWG.root
2025-11-19 16:17:45,601 - INFO - [2016preVFP] MISSING_CENTRAL: SR3Mu/Central/muons/3/pz in Skim_TriLep_DYJets.root
2025-11-19 16:17:45,604 - INFO - [2016preVFP] MISSING_CENTRAL: SR3Mu/Central/muons/3/pz in Skim_TriLep_DYJets10to50.root
2025-11-19 16:17:45,664 - INFO - [2016preVFP] MISSING_CENTRAL: SR3Mu/Central/muons/3/pz in Skim_TriLep_WWG.root
2025-12-17 22:31:11,622 - INFO - [2016preVFP] MISSING_CENTRAL: SR3Mu/Central/muons/3/pz in Skim_TriLep_DYJets10to50.root
2025-12-17 22:31:11,622 - INFO - [2016preVFP] MISSING_FILE: /data9/Users/choij/Sync/workspace/ChargedHiggsAnalysisV3/SKNanoOutput/PromptSelector/Run3Mu_RunSyst/2016preVFP/Skim_TriLep_ZGToLLG.root
2025-12-17 22:31:12,159 - INFO - [2016preVFP] MISSING_CENTRAL: SR3Mu/Central/muons/3/pz in Skim_TriLep_WWG.root
2025-12-18 14:09:58,744 - INFO - [2016preVFP] MISSING_CENTRAL: SR3Mu/Central/muons/3/pz in Skim_TriLep_DYJets10to50.root
2025-12-18 14:09:58,745 - INFO - [2016preVFP] MISSING_FILE: /data9/Users/choij/Sync/workspace/ChargedHiggsAnalysisV3/SKNanoOutput/PromptSelector/Run3Mu_RunSyst/2016preVFP/Skim_TriLep_ZGToLLG.root
2025-12-18 14:09:58,792 - INFO - [2016preVFP] MISSING_CENTRAL: SR3Mu/Central/muons/3/pz in Skim_TriLep_WWG.root
2025-12-18 14:14:04,031 - INFO - [2016preVFP] MISSING_CENTRAL: SR3Mu/Central/muons/3/pz in Skim_TriLep_DYJets10to50.root
2025-12-18 14:14:04,031 - INFO - [2016preVFP] MISSING_FILE: /data9/Users/choij/Sync/workspace/ChargedHiggsAnalysisV3/SKNanoOutput/PromptSelector/Run3Mu_RunSyst/2016preVFP/Skim_TriLep_ZGToLLG.root
2025-12-18 14:14:04,060 - INFO - [2016preVFP] MISSING_CENTRAL: SR3Mu/Central/muons/3/pz in Skim_TriLep_WWG.root
2025-12-18 14:29:34,744 - INFO - [2016preVFP] MISSING_CENTRAL: SR3Mu/Central/muons/3/pz in Skim_TriLep_DYJets10to50.root
2025-12-18 14:29:34,745 - INFO - [2016preVFP] MISSING_FILE: /data9/Users/choij/Sync/workspace/ChargedHiggsAnalysisV3/SKNanoOutput/PromptSelector/Run3Mu_RunSyst/2016preVFP/Skim_TriLep_ZGToLLG.root
2025-12-18 14:29:34,772 - INFO - [2016preVFP] MISSING_CENTRAL: SR3Mu/Central/muons/3/pz in Skim_TriLep_WWG.root
2026-01-07 11:39:50,210 - INFO - [2016preVFP] MISSING_CENTRAL: SR3Mu/Central/muons/3/pz in Skim_TriLep_DYJets10to50.root
2026-01-07 11:39:50,210 - INFO - [2016preVFP] MISSING_FILE: /data9/Users/choij/Sync/workspace/ChargedHiggsAnalysisV3/SKNanoOutput/PromptSelector/Run3Mu_RunSyst/2016preVFP/Skim_TriLep_ZGToLLG.root
2026-01-07 11:39:50,312 - INFO - [2016preVFP] MISSING_CENTRAL: SR3Mu/Central/muons/3/pz in Skim_TriLep_WWG.root
2026-01-07 18:37:14,211 - INFO - [2016preVFP] MISSING_CENTRAL: SR3Mu/Central/muons/3/pz in Skim_TriLep_DYJets10to50.root
2026-01-07 18:37:14,212 - INFO - [2016preVFP] MISSING_FILE: /data9/Users/choij/Sync/workspace/ChargedHiggsAnalysisV3/SKNanoOutput/PromptSelector/Run3Mu_RunSyst/2016preVFP/Skim_TriLep_ZGToLLG.root
2026-01-07 18:37:14,240 - INFO - [2016preVFP] MISSING_CENTRAL: SR3Mu/Central/muons/3/pz in Skim_TriLep_WWG.root
2026-01-07 19:26:48,005 - INFO - [2016preVFP] MISSING_CENTRAL: SR3Mu/Central/muons/3/pz in Skim_TriLep_DYJets10to50.root
2026-01-07 19:26:48,005 - INFO - [2016preVFP] MISSING_FILE: /data9/Users/choij/Sync/workspace/ChargedHiggsAnalysisV3/SKNanoOutput/PromptSelector/Run3Mu_RunSyst/2016preVFP/Skim_TriLep_ZGToLLG.root
2026-01-07 19:26:48,034 - INFO - [2016preVFP] MISSING_CENTRAL: SR3Mu/Central/muons/3/pz in Skim_TriLep_WWG.root
2026-01-09 12:10:24,832 - INFO - [2016preVFP] MISSING_CENTRAL: SR3Mu/Central/muons/3/pz in Skim_TriLep_DYJets10to50.root
2026-01-09 12:10:24,833 - INFO - [2016preVFP] MISSING_FILE: /home/choij/Sync/workspace/ChargedHiggsAnalysisV3/SKNanoOutput/PromptSelector/Run3Mu_RunSyst/2016preVFP/Skim_TriLep_ZGToLLG.root
2026-01-09 12:10:24,849 - INFO - [2016preVFP] MISSING_CENTRAL: SR3Mu/Central/muons/3/pz in Skim_TriLep_WWG.root
2026-01-11 09:30:29,005 - INFO - [2016preVFP] MISSING_CENTRAL: SR3Mu/Central/muons/3/pz in Skim_TriLep_DYJets10to50.root
2026-01-11 09:30:29,005 - INFO - [2016preVFP] MISSING_FILE: /home/choij/Sync/workspace/ChargedHiggsAnalysisV3/SKNanoOutput/PromptSelector/Run3Mu_RunSyst/2016preVFP/Skim_TriLep_ZGToLLG.root
2026-01-11 09:30:29,022 - INFO - [2016preVFP] MISSING_CENTRAL: SR3Mu/Central/muons/3/pz in Skim_TriLep_WWG.root
2026-01-12 13:39:00,072 - INFO - [2016preVFP] MISSING_FILE: /home/choij/Sync/workspace/ChargedHiggsAnalysisV3/SKNanoOutput/MatrixSelector/Run3Mu/2016preVFP/Skim_TriLep_DoubleMuon_B.root
2026-01-12 13:39:00,073 - INFO - [2016preVFP] MISSING_FILE: /home/choij/Sync/workspace/ChargedHiggsAnalysisV3/SKNanoOutput/MatrixSelector/Run3Mu/2016preVFP/Skim_TriLep_DoubleMuon_C.root
2026-01-12 13:39:00,073 - INFO - [2016preVFP] MISSING_FILE: /home/choij/Sync/workspace/ChargedHiggsAnalysisV3/SKNanoOutput/MatrixSelector/Run3Mu/2016preVFP/Skim_TriLep_DoubleMuon_D.root
2026-01-12 13:39:00,073 - INFO - [2016preVFP] MISSING_FILE: /home/choij/Sync/workspace/ChargedHiggsAnalysisV3/SKNanoOutput/MatrixSelector/Run3Mu/2016preVFP/Skim_TriLep_DoubleMuon_E.root
2026-01-12 13:39:00,073 - INFO - [2016preVFP] MISSING_FILE: /home/choij/Sync/workspace/ChargedHiggsAnalysisV3/SKNanoOutput/MatrixSelector/Run3Mu/2016preVFP/Skim_TriLep_DoubleMuon_F.root
2026-01-12 13:39:00,108 - INFO - [2016preVFP] MISSING_CENTRAL: SR3Mu/Central/muons/3/pz in Skim_TriLep_DYJets10to50.root
2026-01-12 13:39:00,108 - INFO - [2016preVFP] MISSING_FILE: /home/choij/Sync/workspace/ChargedHiggsAnalysisV3/SKNanoOutput/PromptSelector/Run3Mu_RunSyst/2016preVFP/Skim_TriLep_ZGToLLG.root
2026-01-12 13:39:00,125 - INFO - [2016preVFP] MISSING_CENTRAL: SR3Mu/Central/muons/3/pz in Skim_TriLep_WWG.root
2026-01-16 18:54:28,300 - INFO - [2016preVFP] MISSING_CENTRAL: SR3Mu/Central/muons/3/pz in Skim_TriLep_DYJets10to50.root
2026-01-16 18:54:28,301 - INFO - [2016preVFP] MISSING_FILE: /home/choij/Sync/workspace/ChargedHiggsAnalysisV3/SKNanoOutput/PromptSelector/Run3Mu_RunSyst/2016preVFP/Skim_TriLep_ZGToLLG.root
2026-01-16 18:54:28,318 - INFO - [2016preVFP] MISSING_CENTRAL: SR3Mu/Central/muons/3/pz in Skim_TriLep_WWG.root
2026-01-28 16:05:00,223 - INFO - [2016preVFP] MISSING_CENTRAL: SR3Mu/Central/muons/3/pz in Skim_TriLep_DYJets10to50.root
2026-01-28 16:05:00,246 - INFO - [2016preVFP] MISSING_CENTRAL: SR3Mu/Central/muons/3/pz in Skim_TriLep_WWG.root
