2025-09-24 15:41:46,675 - INFO - [2016preVFP] MISSING_CENTRAL: SR3Mu/Central/muons/1/energy in Skim_TriLep_DYJets10to50.root
2025-09-24 15:41:46,723 - INFO - [2016preVFP] MISSING_CENTRAL: SR3Mu/Central/muons/1/energy in Skim_TriLep_WWG.root
2025-10-02 21:09:33,403 - INFO - [2016preVFP] MISSING_CENTRAL: SR3Mu/Central/muons/1/energy in Skim_TriLep_DYJets10to50.root
2025-10-02 21:09:33,765 - INFO - [2016preVFP] MISSING_CENTRAL: SR3Mu/Central/muons/1/energy in Skim_TriLep_WWG.root
2025-10-02 23:55:08,304 - INFO - [2016preVFP] MISSING_CENTRAL: SR3Mu/Central/muons/1/energy in Skim_TriLep_DYJets10to50.root
2025-10-02 23:55:08,358 - INFO - [2016preVFP] MISSING_CENTRAL: SR3Mu/Central/muons/1/energy in Skim_TriLep_WWG.root
2025-11-05 20:28:25,724 - INFO - [2016preVFP] MISSING_CENTRAL: SR3Mu/Central/muons/1/energy in Skim_TriLep_DYJets.root
2025-11-05 20:28:25,724 - INFO - [2016preVFP] MISSING_CENTRAL: SR3Mu/Central/muons/1/energy in Skim_TriLep_DYJets10to50.root
2025-11-05 20:28:25,751 - INFO - [2016preVFP] MISSING_CENTRAL: SR3Mu/Central/muons/1/energy in Skim_TriLep_WWG.root
2025-11-05 21:32:40,797 - INFO - [2016preVFP] MISSING_CENTRAL: SR3Mu/Central/muons/1/energy in Skim_TriLep_DYJets.root
2025-11-05 21:32:40,798 - INFO - [2016preVFP] MISSING_CENTRAL: SR3Mu/Central/muons/1/energy in Skim_TriLep_DYJets10to50.root
2025-11-05 21:32:40,827 - INFO - [2016preVFP] MISSING_CENTRAL: SR3Mu/Central/muons/1/energy in Skim_TriLep_WWG.root
2025-11-05 21:36:37,297 - INFO - [2016preVFP] MISSING_CENTRAL: SR3Mu/Central/muons/1/energy in Skim_TriLep_DYJets.root
2025-11-05 21:36:37,298 - INFO - [2016preVFP] MISSING_CENTRAL: SR3Mu/Central/muons/1/energy in Skim_TriLep_DYJets10to50.root
2025-11-05 21:36:37,326 - INFO - [2016preVFP] MISSING_CENTRAL: SR3Mu/Central/muons/1/energy in Skim_TriLep_WWG.root
2025-11-05 21:37:42,119 - INFO - [2016preVFP] MISSING_CENTRAL: SR3Mu/Central/muons/1/energy in Skim_TriLep_DYJets.root
2025-11-05 21:37:42,119 - INFO - [2016preVFP] MISSING_CENTRAL: SR3Mu/Central/muons/1/energy in Skim_TriLep_DYJets10to50.root
2025-11-05 21:37:42,149 - INFO - [2016preVFP] MISSING_CENTRAL: SR3Mu/Central/muons/1/energy in Skim_TriLep_WWG.root
2025-11-05 21:59:45,344 - INFO - [2016preVFP] MISSING_CENTRAL: SR3Mu/Central/muons/1/energy in Skim_TriLep_DYJets.root
2025-11-05 21:59:45,345 - INFO - [2016preVFP] MISSING_CENTRAL: SR3Mu/Central/muons/1/energy in Skim_TriLep_DYJets10to50.root
2025-11-05 21:59:45,372 - INFO - [2016preVFP] MISSING_CENTRAL: SR3Mu/Central/muons/1/energy in Skim_TriLep_WWG.root
2025-11-05 22:15:28,690 - INFO - [2016preVFP] MISSING_CENTRAL: SR3Mu/Central/muons/1/energy in Skim_TriLep_DYJets.root
2025-11-05 22:15:28,691 - INFO - [2016preVFP] MISSING_CENTRAL: SR3Mu/Central/muons/1/energy in Skim_TriLep_DYJets10to50.root
2025-11-05 22:15:28,719 - INFO - [2016preVFP] MISSING_CENTRAL: SR3Mu/Central/muons/1/energy in Skim_TriLep_WWG.root
2025-11-05 23:20:06,046 - INFO - [2016preVFP] MISSING_CENTRAL: SR3Mu/Central/muons/1/energy in Skim_TriLep_DYJets.root
2025-11-05 23:20:06,047 - INFO - [2016preVFP] MISSING_CENTRAL: SR3Mu/Central/muons/1/energy in Skim_TriLep_DYJets10to50.root
2025-11-05 23:20:06,074 - INFO - [2016preVFP] MISSING_CENTRAL: SR3Mu/Central/muons/1/energy in Skim_TriLep_WWG.root
2025-11-07 12:23:21,504 - INFO - [2016preVFP] MISSING_CENTRAL: SR3Mu/Central/muons/1/energy in Skim_TriLep_DYJets.root
2025-11-07 12:23:21,505 - INFO - [2016preVFP] MISSING_CENTRAL: SR3Mu/Central/muons/1/energy in Skim_TriLep_DYJets10to50.root
2025-11-07 12:23:21,533 - INFO - [2016preVFP] MISSING_CENTRAL: SR3Mu/Central/muons/1/energy in Skim_TriLep_WWG.root
2025-11-07 13:03:25,757 - INFO - [2016preVFP] MISSING_CENTRAL: SR3Mu/Central/muons/1/energy in Skim_TriLep_DYJets.root
2025-11-07 13:03:25,758 - INFO - [2016preVFP] MISSING_CENTRAL: SR3Mu/Central/muons/1/energy in Skim_TriLep_DYJets10to50.root
2025-11-07 13:03:25,786 - INFO - [2016preVFP] MISSING_CENTRAL: SR3Mu/Central/muons/1/energy in Skim_TriLep_WWG.root
2025-11-07 13:25:09,237 - INFO - [2016preVFP] MISSING_CENTRAL: SR3Mu/Central/muons/1/energy in Skim_TriLep_DYJets.root
2025-11-07 13:25:09,238 - INFO - [2016preVFP] MISSING_CENTRAL: SR3Mu/Central/muons/1/energy in Skim_TriLep_DYJets10to50.root
2025-11-07 13:25:09,265 - INFO - [2016preVFP] MISSING_CENTRAL: SR3Mu/Central/muons/1/energy in Skim_TriLep_WWG.root
2025-11-07 13:27:37,346 - INFO - [2016preVFP] MISSING_CENTRAL: SR3Mu/Central/muons/1/energy in Skim_TriLep_DYJets.root
2025-11-07 13:27:37,347 - INFO - [2016preVFP] MISSING_CENTRAL: SR3Mu/Central/muons/1/energy in Skim_TriLep_DYJets10to50.root
2025-11-07 13:27:37,375 - INFO - [2016preVFP] MISSING_CENTRAL: SR3Mu/Central/muons/1/energy in Skim_TriLep_WWG.root
2025-11-07 13:44:00,312 - INFO - [2016preVFP] MISSING_CENTRAL: SR3Mu/Central/muons/1/energy in Skim_TriLep_DYJets.root
2025-11-07 13:44:00,313 - INFO - [2016preVFP] MISSING_CENTRAL: SR3Mu/Central/muons/1/energy in Skim_TriLep_DYJets10to50.root
2025-11-07 13:44:00,341 - INFO - [2016preVFP] MISSING_CENTRAL: SR3Mu/Central/muons/1/energy in Skim_TriLep_WWG.root
2025-11-07 13:51:57,262 - INFO - [2016preVFP] MISSING_CENTRAL: SR3Mu/Central/muons/1/energy in Skim_TriLep_DYJets.root
2025-11-07 13:51:57,263 - INFO - [2016preVFP] MISSING_CENTRAL: SR3Mu/Central/muons/1/energy in Skim_TriLep_DYJets10to50.root
2025-11-07 13:51:57,289 - INFO - [2016preVFP] MISSING_CENTRAL: SR3Mu/Central/muons/1/energy in Skim_TriLep_WWG.root
2025-11-07 14:00:22,951 - INFO - [2016preVFP] MISSING_CENTRAL: SR3Mu/Central/muons/1/energy in Skim_TriLep_DYJets.root
2025-11-07 14:00:22,952 - INFO - [2016preVFP] MISSING_CENTRAL: SR3Mu/Central/muons/1/energy in Skim_TriLep_DYJets10to50.root
2025-11-07 14:00:22,979 - INFO - [2016preVFP] MISSING_CENTRAL: SR3Mu/Central/muons/1/energy in Skim_TriLep_WWG.root
2025-11-10 05:50:18,310 - INFO - [2016preVFP] MISSING_CENTRAL: SR3Mu/Central/muons/1/energy in Skim_TriLep_DYJets.root
2025-11-10 05:50:18,312 - INFO - [2016preVFP] MISSING_CENTRAL: SR3Mu/Central/muons/1/energy in Skim_TriLep_DYJets10to50.root
2025-11-10 05:50:18,348 - INFO - [2016preVFP] MISSING_CENTRAL: SR3Mu/Central/muons/1/energy in Skim_TriLep_WWG.root
2025-11-10 12:15:23,743 - INFO - [2016preVFP] MISSING_CENTRAL: SR3Mu/Central/muons/1/energy in Skim_TriLep_DYJets.root
2025-11-10 12:15:23,743 - INFO - [2016preVFP] MISSING_CENTRAL: SR3Mu/Central/muons/1/energy in Skim_TriLep_DYJets10to50.root
2025-11-10 12:15:23,769 - INFO - [2016preVFP] MISSING_CENTRAL: SR3Mu/Central/muons/1/energy in Skim_TriLep_WWG.root
2025-11-13 11:03:57,148 - INFO - [2016preVFP] MISSING_CENTRAL: SR3Mu/Central/muons/1/energy in Skim_TriLep_DYJets.root
2025-11-13 11:03:57,148 - INFO - [2016preVFP] MISSING_CENTRAL: SR3Mu/Central/muons/1/energy in Skim_TriLep_DYJets10to50.root
2025-11-13 11:03:57,973 - INFO - [2016preVFP] MISSING_CENTRAL: SR3Mu/Central/muons/1/energy in Skim_TriLep_WWG.root
2025-11-13 19:53:39,615 - INFO - [2016preVFP] MISSING_CENTRAL: SR3Mu/Central/muons/1/energy in Skim_TriLep_DYJets.root
2025-11-13 19:53:39,615 - INFO - [2016preVFP] MISSING_CENTRAL: SR3Mu/Central/muons/1/energy in Skim_TriLep_DYJets10to50.root
2025-11-13 19:53:39,642 - INFO - [2016preVFP] MISSING_CENTRAL: SR3Mu/Central/muons/1/energy in Skim_TriLep_WWG.root
2025-11-13 20:00:34,427 - INFO - [2016preVFP] MISSING_CENTRAL: SR3Mu/Central/muons/1/energy in Skim_TriLep_DYJets.root
2025-11-13 20:00:34,428 - INFO - [2016preVFP] MISSING_CENTRAL: SR3Mu/Central/muons/1/energy in Skim_TriLep_DYJets10to50.root
2025-11-13 20:00:34,455 - INFO - [2016preVFP] MISSING_CENTRAL: SR3Mu/Central/muons/1/energy in Skim_TriLep_WWG.root
2025-11-19 16:17:42,762 - INFO - [2016preVFP] MISSING_CENTRAL: SR3Mu/Central/muons/1/energy in Skim_TriLep_DYJets.root
2025-11-19 16:17:42,763 - INFO - [2016preVFP] MISSING_CENTRAL: SR3Mu/Central/muons/1/energy in Skim_TriLep_DYJets10to50.root
2025-11-19 16:17:42,790 - INFO - [2016preVFP] MISSING_CENTRAL: SR3Mu/Central/muons/1/energy in Skim_TriLep_WWG.root
2025-12-17 22:31:11,618 - INFO - [2016preVFP] MISSING_CENTRAL: SR3Mu/Central/muons/1/energy in Skim_TriLep_DYJets10to50.root
2025-12-17 22:31:11,618 - INFO - [2016preVFP] MISSING_FILE: /data9/Users/choij/Sync/workspace/ChargedHiggsAnalysisV3/SKNanoOutput/PromptSelector/Run3Mu_RunSyst/2016preVFP/Skim_TriLep_ZGToLLG.root
2025-12-17 22:31:12,158 - INFO - [2016preVFP] MISSING_CENTRAL: SR3Mu/Central/muons/1/energy in Skim_TriLep_WWG.root
2025-12-18 14:09:58,531 - INFO - [2016preVFP] MISSING_CENTRAL: SR3Mu/Central/muons/1/energy in Skim_TriLep_DYJets10to50.root
2025-12-18 14:09:58,531 - INFO - [2016preVFP] MISSING_FILE: /data9/Users/choij/Sync/workspace/ChargedHiggsAnalysisV3/SKNanoOutput/PromptSelector/Run3Mu_RunSyst/2016preVFP/Skim_TriLep_ZGToLLG.root
2025-12-18 14:09:58,564 - INFO - [2016preVFP] MISSING_CENTRAL: SR3Mu/Central/muons/1/energy in Skim_TriLep_WWG.root
2025-12-18 14:14:03,988 - INFO - [2016preVFP] MISSING_CENTRAL: SR3Mu/Central/muons/1/energy in Skim_TriLep_DYJets10to50.root
2025-12-18 14:14:03,988 - INFO - [2016preVFP] MISSING_FILE: /data9/Users/choij/Sync/workspace/ChargedHiggsAnalysisV3/SKNanoOutput/PromptSelector/Run3Mu_RunSyst/2016preVFP/Skim_TriLep_ZGToLLG.root
2025-12-18 14:14:04,034 - INFO - [2016preVFP] MISSING_CENTRAL: SR3Mu/Central/muons/1/energy in Skim_TriLep_WWG.root
2025-12-18 14:29:34,834 - INFO - [2016preVFP] MISSING_CENTRAL: SR3Mu/Central/muons/1/energy in Skim_TriLep_DYJets10to50.root
2025-12-18 14:29:34,834 - INFO - [2016preVFP] MISSING_FILE: /data9/Users/choij/Sync/workspace/ChargedHiggsAnalysisV3/SKNanoOutput/PromptSelector/Run3Mu_RunSyst/2016preVFP/Skim_TriLep_ZGToLLG.root
2025-12-18 14:29:34,900 - INFO - [2016preVFP] MISSING_CENTRAL: SR3Mu/Central/muons/1/energy in Skim_TriLep_WWG.root
2026-01-07 11:39:50,273 - INFO - [2016preVFP] MISSING_CENTRAL: SR3Mu/Central/muons/1/energy in Skim_TriLep_DYJets10to50.root
2026-01-07 11:39:50,273 - INFO - [2016preVFP] MISSING_FILE: /data9/Users/choij/Sync/workspace/ChargedHiggsAnalysisV3/SKNanoOutput/PromptSelector/Run3Mu_RunSyst/2016preVFP/Skim_TriLep_ZGToLLG.root
2026-01-07 11:39:50,306 - INFO - [2016preVFP] MISSING_CENTRAL: SR3Mu/Central/muons/1/energy in Skim_TriLep_WWG.root
2026-01-07 18:37:14,311 - INFO - [2016preVFP] MISSING_CENTRAL: SR3Mu/Central/muons/1/energy in Skim_TriLep_DYJets10to50.root
2026-01-07 18:37:14,312 - INFO - [2016preVFP] MISSING_FILE: /data9/Users/choij/Sync/workspace/ChargedHiggsAnalysisV3/SKNanoOutput/PromptSelector/Run3Mu_RunSyst/2016preVFP/Skim_TriLep_ZGToLLG.root
2026-01-07 18:37:14,333 - INFO - [2016preVFP] MISSING_CENTRAL: SR3Mu/Central/muons/1/energy in Skim_TriLep_WWG.root
2026-01-07 19:26:47,998 - INFO - [2016preVFP] MISSING_CENTRAL: SR3Mu/Central/muons/1/energy in Skim_TriLep_DYJets10to50.root
2026-01-07 19:26:47,998 - INFO - [2016preVFP] MISSING_FILE: /data9/Users/choij/Sync/workspace/ChargedHiggsAnalysisV3/SKNanoOutput/PromptSelector/Run3Mu_RunSyst/2016preVFP/Skim_TriLep_ZGToLLG.root
2026-01-07 19:26:48,019 - INFO - [2016preVFP] MISSING_CENTRAL: SR3Mu/Central/muons/1/energy in Skim_TriLep_WWG.root
2026-01-09 12:10:21,687 - INFO - [2016preVFP] MISSING_CENTRAL: SR3Mu/Central/muons/1/energy in Skim_TriLep_DYJets10to50.root
2026-01-09 12:10:21,687 - INFO - [2016preVFP] MISSING_FILE: /home/choij/Sync/workspace/ChargedHiggsAnalysisV3/SKNanoOutput/PromptSelector/Run3Mu_RunSyst/2016preVFP/Skim_TriLep_ZGToLLG.root
2026-01-09 12:10:21,700 - INFO - [2016preVFP] MISSING_CENTRAL: SR3Mu/Central/muons/1/energy in Skim_TriLep_WWG.root
2026-01-11 09:30:25,752 - INFO - [2016preVFP] MISSING_CENTRAL: SR3Mu/Central/muons/1/energy in Skim_TriLep_DYJets10to50.root
2026-01-11 09:30:25,752 - INFO - [2016preVFP] MISSING_FILE: /home/choij/Sync/workspace/ChargedHiggsAnalysisV3/SKNanoOutput/PromptSelector/Run3Mu_RunSyst/2016preVFP/Skim_TriLep_ZGToLLG.root
2026-01-11 09:30:25,765 - INFO - [2016preVFP] MISSING_CENTRAL: SR3Mu/Central/muons/1/energy in Skim_TriLep_WWG.root
2026-01-12 13:38:56,802 - INFO - [2016preVFP] MISSING_FILE: /home/choij/Sync/workspace/ChargedHiggsAnalysisV3/SKNanoOutput/MatrixSelector/Run3Mu/2016preVFP/Skim_TriLep_DoubleMuon_B.root
2026-01-12 13:38:56,802 - INFO - [2016preVFP] MISSING_FILE: /home/choij/Sync/workspace/ChargedHiggsAnalysisV3/SKNanoOutput/MatrixSelector/Run3Mu/2016preVFP/Skim_TriLep_DoubleMuon_C.root
2026-01-12 13:38:56,802 - INFO - [2016preVFP] MISSING_FILE: /home/choij/Sync/workspace/ChargedHiggsAnalysisV3/SKNanoOutput/MatrixSelector/Run3Mu/2016preVFP/Skim_TriLep_DoubleMuon_D.root
2026-01-12 13:38:56,802 - INFO - [2016preVFP] MISSING_FILE: /home/choij/Sync/workspace/ChargedHiggsAnalysisV3/SKNanoOutput/MatrixSelector/Run3Mu/2016preVFP/Skim_TriLep_DoubleMuon_E.root
2026-01-12 13:38:56,802 - INFO - [2016preVFP] MISSING_FILE: /home/choij/Sync/workspace/ChargedHiggsAnalysisV3/SKNanoOutput/MatrixSelector/Run3Mu/2016preVFP/Skim_TriLep_DoubleMuon_F.root
2026-01-12 13:38:56,829 - INFO - [2016preVFP] MISSING_CENTRAL: SR3Mu/Central/muons/1/energy in Skim_TriLep_DYJets10to50.root
2026-01-12 13:38:56,829 - INFO - [2016preVFP] MISSING_FILE: /home/choij/Sync/workspace/ChargedHiggsAnalysisV3/SKNanoOutput/PromptSelector/Run3Mu_RunSyst/2016preVFP/Skim_TriLep_ZGToLLG.root
2026-01-12 13:38:56,840 - INFO - [2016preVFP] MISSING_CENTRAL: SR3Mu/Central/muons/1/energy in Skim_TriLep_WWG.root
