2025-11-13 19:53:49,556 - INFO - [2016preVFP] MISSING_CENTRAL: SR3Mu/Central/pair_highM/eta in Skim_TriLep_DYJets.root
2025-11-13 19:53:49,557 - INFO - [2016preVFP] MISSING_CENTRAL: SR3Mu/Central/pair_highM/eta in Skim_TriLep_DYJets10to50.root
2025-11-13 19:53:49,575 - INFO - [2016preVFP] MISSING_CENTRAL: SR3Mu/Central/pair_highM/eta in Skim_TriLep_WWG.root
2025-11-13 20:00:44,304 - INFO - [2016preVFP] MISSING_CENTRAL: SR3Mu/Central/pair_highM/eta in Skim_TriLep_DYJets.root
2025-11-13 20:00:44,305 - INFO - [2016preVFP] MISSING_CENTRAL: SR3Mu/Central/pair_highM/eta in Skim_TriLep_DYJets10to50.root
2025-11-13 20:00:44,323 - INFO - [2016preVFP] MISSING_CENTRAL: SR3Mu/Central/pair_highM/eta in Skim_TriLep_WWG.root
2025-11-19 16:17:52,818 - INFO - [2016preVFP] MISSING_CENTRAL: SR3Mu/Central/pair_highM/eta in Skim_TriLep_DYJets.root
2025-11-19 16:17:52,819 - INFO - [2016preVFP] MISSING_CENTRAL: SR3Mu/Central/pair_highM/eta in Skim_TriLep_DYJets10to50.root
2025-11-19 16:17:52,837 - INFO - [2016preVFP] MISSING_CENTRAL: SR3Mu/Central/pair_highM/eta in Skim_TriLep_WWG.root
2025-12-17 22:31:22,255 - INFO - [2016preVFP] MISSING_CENTRAL: SR3Mu/Central/pair_highM/eta in Skim_TriLep_DYJets10to50.root
2025-12-17 22:31:22,255 - INFO - [2016preVFP] MISSING_FILE: /data9/Users/choij/Sync/workspace/ChargedHiggsAnalysisV3/SKNanoOutput/PromptSelector/Run3Mu_RunSyst/2016preVFP/Skim_TriLep_ZGToLLG.root
2025-12-17 22:31:22,267 - INFO - [2016preVFP] MISSING_CENTRAL: SR3Mu/Central/pair_highM/eta in Skim_TriLep_WWG.root
2025-12-18 14:10:05,533 - INFO - [2016preVFP] MISSING_CENTRAL: SR3Mu/Central/pair_highM/eta in Skim_TriLep_DYJets10to50.root
2025-12-18 14:10:05,534 - INFO - [2016preVFP] MISSING_FILE: /data9/Users/choij/Sync/workspace/ChargedHiggsAnalysisV3/SKNanoOutput/PromptSelector/Run3Mu_RunSyst/2016preVFP/Skim_TriLep_ZGToLLG.root
2025-12-18 14:10:05,562 - INFO - [2016preVFP] MISSING_CENTRAL: SR3Mu/Central/pair_highM/eta in Skim_TriLep_WWG.root
2025-12-18 14:14:11,531 - INFO - [2016preVFP] MISSING_CENTRAL: SR3Mu/Central/pair_highM/eta in Skim_TriLep_DYJets10to50.root
2025-12-18 14:14:11,531 - INFO - [2016preVFP] MISSING_FILE: /data9/Users/choij/Sync/workspace/ChargedHiggsAnalysisV3/SKNanoOutput/PromptSelector/Run3Mu_RunSyst/2016preVFP/Skim_TriLep_ZGToLLG.root
2025-12-18 14:14:11,551 - INFO - [2016preVFP] MISSING_CENTRAL: SR3Mu/Central/pair_highM/eta in Skim_TriLep_WWG.root
2025-12-18 14:29:42,574 - INFO - [2016preVFP] MISSING_CENTRAL: SR3Mu/Central/pair_highM/eta in Skim_TriLep_DYJets10to50.root
2025-12-18 14:29:42,575 - INFO - [2016preVFP] MISSING_FILE: /data9/Users/choij/Sync/workspace/ChargedHiggsAnalysisV3/SKNanoOutput/PromptSelector/Run3Mu_RunSyst/2016preVFP/Skim_TriLep_ZGToLLG.root
2025-12-18 14:29:42,608 - INFO - [2016preVFP] MISSING_CENTRAL: SR3Mu/Central/pair_highM/eta in Skim_TriLep_WWG.root
2026-01-07 11:40:00,552 - INFO - [2016preVFP] MISSING_CENTRAL: SR3Mu/Central/pair_highM/eta in Skim_TriLep_DYJets10to50.root
2026-01-07 11:40:00,553 - INFO - [2016preVFP] MISSING_FILE: /data9/Users/choij/Sync/workspace/ChargedHiggsAnalysisV3/SKNanoOutput/PromptSelector/Run3Mu_RunSyst/2016preVFP/Skim_TriLep_ZGToLLG.root
2026-01-07 11:40:00,571 - INFO - [2016preVFP] MISSING_CENTRAL: SR3Mu/Central/pair_highM/eta in Skim_TriLep_WWG.root
2026-01-07 18:37:19,841 - INFO - [2016preVFP] MISSING_CENTRAL: SR3Mu/Central/pair_highM/eta in Skim_TriLep_DYJets10to50.root
2026-01-07 18:37:19,841 - INFO - [2016preVFP] MISSING_FILE: /data9/Users/choij/Sync/workspace/ChargedHiggsAnalysisV3/SKNanoOutput/PromptSelector/Run3Mu_RunSyst/2016preVFP/Skim_TriLep_ZGToLLG.root
2026-01-07 18:37:19,853 - INFO - [2016preVFP] MISSING_CENTRAL: SR3Mu/Central/pair_highM/eta in Skim_TriLep_WWG.root
2026-01-07 19:26:53,627 - INFO - [2016preVFP] MISSING_CENTRAL: SR3Mu/Central/pair_highM/eta in Skim_TriLep_DYJets10to50.root
2026-01-07 19:26:53,627 - INFO - [2016preVFP] MISSING_FILE: /data9/Users/choij/Sync/workspace/ChargedHiggsAnalysisV3/SKNanoOutput/PromptSelector/Run3Mu_RunSyst/2016preVFP/Skim_TriLep_ZGToLLG.root
2026-01-07 19:26:53,639 - INFO - [2016preVFP] MISSING_CENTRAL: SR3Mu/Central/pair_highM/eta in Skim_TriLep_WWG.root
2026-01-09 12:10:31,451 - INFO - [2016preVFP] MISSING_CENTRAL: SR3Mu/Central/pair_highM/eta in Skim_TriLep_DYJets10to50.root
2026-01-09 12:10:31,451 - INFO - [2016preVFP] MISSING_FILE: /home/choij/Sync/workspace/ChargedHiggsAnalysisV3/SKNanoOutput/PromptSelector/Run3Mu_RunSyst/2016preVFP/Skim_TriLep_ZGToLLG.root
2026-01-09 12:10:31,458 - INFO - [2016preVFP] MISSING_CENTRAL: SR3Mu/Central/pair_highM/eta in Skim_TriLep_WWG.root
2026-01-11 09:30:35,767 - INFO - [2016preVFP] MISSING_CENTRAL: SR3Mu/Central/pair_highM/eta in Skim_TriLep_DYJets10to50.root
2026-01-11 09:30:35,768 - INFO - [2016preVFP] MISSING_FILE: /home/choij/Sync/workspace/ChargedHiggsAnalysisV3/SKNanoOutput/PromptSelector/Run3Mu_RunSyst/2016preVFP/Skim_TriLep_ZGToLLG.root
2026-01-11 09:30:35,775 - INFO - [2016preVFP] MISSING_CENTRAL: SR3Mu/Central/pair_highM/eta in Skim_TriLep_WWG.root
2026-01-12 13:39:06,978 - INFO - [2016preVFP] MISSING_FILE: /home/choij/Sync/workspace/ChargedHiggsAnalysisV3/SKNanoOutput/MatrixSelector/Run3Mu/2016preVFP/Skim_TriLep_DoubleMuon_B.root
2026-01-12 13:39:06,978 - INFO - [2016preVFP] MISSING_FILE: /home/choij/Sync/workspace/ChargedHiggsAnalysisV3/SKNanoOutput/MatrixSelector/Run3Mu/2016preVFP/Skim_TriLep_DoubleMuon_C.root
2026-01-12 13:39:06,978 - INFO - [2016preVFP] MISSING_FILE: /home/choij/Sync/workspace/ChargedHiggsAnalysisV3/SKNanoOutput/MatrixSelector/Run3Mu/2016preVFP/Skim_TriLep_DoubleMuon_D.root
2026-01-12 13:39:06,978 - INFO - [2016preVFP] MISSING_FILE: /home/choij/Sync/workspace/ChargedHiggsAnalysisV3/SKNanoOutput/MatrixSelector/Run3Mu/2016preVFP/Skim_TriLep_DoubleMuon_E.root
2026-01-12 13:39:06,978 - INFO - [2016preVFP] MISSING_FILE: /home/choij/Sync/workspace/ChargedHiggsAnalysisV3/SKNanoOutput/MatrixSelector/Run3Mu/2016preVFP/Skim_TriLep_DoubleMuon_F.root
2026-01-12 13:39:07,005 - INFO - [2016preVFP] MISSING_CENTRAL: SR3Mu/Central/pair_highM/eta in Skim_TriLep_DYJets10to50.root
2026-01-12 13:39:07,005 - INFO - [2016preVFP] MISSING_FILE: /home/choij/Sync/workspace/ChargedHiggsAnalysisV3/SKNanoOutput/PromptSelector/Run3Mu_RunSyst/2016preVFP/Skim_TriLep_ZGToLLG.root
2026-01-12 13:39:07,013 - INFO - [2016preVFP] MISSING_CENTRAL: SR3Mu/Central/pair_highM/eta in Skim_TriLep_WWG.root
2026-01-16 18:54:34,912 - INFO - [2016preVFP] MISSING_CENTRAL: SR3Mu/Central/pair_highM/eta in Skim_TriLep_DYJets10to50.root
2026-01-16 18:54:34,912 - INFO - [2016preVFP] MISSING_FILE: /home/choij/Sync/workspace/ChargedHiggsAnalysisV3/SKNanoOutput/PromptSelector/Run3Mu_RunSyst/2016preVFP/Skim_TriLep_ZGToLLG.root
2026-01-16 18:54:34,920 - INFO - [2016preVFP] MISSING_CENTRAL: SR3Mu/Central/pair_highM/eta in Skim_TriLep_WWG.root
2026-01-28 16:05:06,907 - INFO - [2016preVFP] MISSING_CENTRAL: SR3Mu/Central/pair_highM/eta in Skim_TriLep_DYJets10to50.root
2026-01-28 16:05:06,917 - INFO - [2016preVFP] MISSING_CENTRAL: SR3Mu/Central/pair_highM/eta in Skim_TriLep_WWG.root
