2025-12-18 14:22:30,196 - INFO - [2016preVFP] MISSING_CENTRAL: TTZ2E1Mu/Central/bjets/size in Skim_TriLep_DYJets10to50.root
2025-12-18 14:22:30,381 - INFO - [2016postVFP] MISSING_CENTRAL: TTZ2E1Mu/Central/bjets/size in Skim_TriLep_DYJets.root
2025-12-18 14:22:30,391 - INFO - [2016postVFP] MISSING_CENTRAL: TTZ2E1Mu/Central/bjets/size in Skim_TriLep_DYJets10to50.root
2025-12-18 14:22:30,600 - INFO - [2017] MISSING_CENTRAL: TTZ2E1Mu/Central/bjets/size in Skim_TriLep_DYJets10to50.root
2025-12-18 14:22:30,822 - INFO - [2018] MISSING_CENTRAL: TTZ2E1Mu/Central/bjets/size in Skim_TriLep_DYJets10to50.root
2025-12-18 14:37:55,469 - INFO - [2016preVFP] MISSING_CENTRAL: TTZ2E1Mu/Central/bjets/size in Skim_TriLep_DYJets10to50.root
2025-12-18 14:37:55,606 - INFO - [2016postVFP] MISSING_CENTRAL: TTZ2E1Mu/Central/bjets/size in Skim_TriLep_DYJets.root
2025-12-18 14:37:55,607 - INFO - [2016postVFP] MISSING_CENTRAL: TTZ2E1Mu/Central/bjets/size in Skim_TriLep_DYJets10to50.root
2025-12-18 14:37:55,766 - INFO - [2017] MISSING_CENTRAL: TTZ2E1Mu/Central/bjets/size in Skim_TriLep_DYJets10to50.root
2025-12-18 14:37:55,931 - INFO - [2018] MISSING_CENTRAL: TTZ2E1Mu/Central/bjets/size in Skim_TriLep_DYJets10to50.root
2025-12-18 21:34:24,993 - INFO - [2016preVFP] MISSING_CENTRAL: TTZ2E1Mu/Central/bjets/size in Skim_TriLep_DYJets10to50.root
2025-12-18 21:34:25,131 - INFO - [2016postVFP] MISSING_CENTRAL: TTZ2E1Mu/Central/bjets/size in Skim_TriLep_DYJets.root
2025-12-18 21:34:25,132 - INFO - [2016postVFP] MISSING_CENTRAL: TTZ2E1Mu/Central/bjets/size in Skim_TriLep_DYJets10to50.root
2025-12-18 21:34:25,273 - INFO - [2017] MISSING_CENTRAL: TTZ2E1Mu/Central/bjets/size in Skim_TriLep_DYJets10to50.root
2025-12-18 21:34:25,414 - INFO - [2018] MISSING_CENTRAL: TTZ2E1Mu/Central/bjets/size in Skim_TriLep_DYJets10to50.root
2025-12-18 23:43:20,266 - INFO - [2016preVFP] MISSING_CENTRAL: TTZ2E1Mu/Central/bjets/size in Skim_TriLep_DYJets10to50.root
2025-12-18 23:43:20,345 - INFO - [2016postVFP] MISSING_CENTRAL: TTZ2E1Mu/Central/bjets/size in Skim_TriLep_DYJets.root
2025-12-18 23:43:20,345 - INFO - [2016postVFP] MISSING_CENTRAL: TTZ2E1Mu/Central/bjets/size in Skim_TriLep_DYJets10to50.root
2025-12-18 23:43:20,477 - INFO - [2017] MISSING_CENTRAL: TTZ2E1Mu/Central/bjets/size in Skim_TriLep_DYJets10to50.root
2025-12-18 23:43:20,570 - INFO - [2018] MISSING_CENTRAL: TTZ2E1Mu/Central/bjets/size in Skim_TriLep_DYJets10to50.root
2026-01-07 11:23:12,278 - INFO - [2016preVFP] MISSING_CENTRAL: TTZ2E1Mu/Central/bjets/size in Skim_TriLep_DYJets10to50.root
2026-01-07 11:23:12,443 - INFO - [2016postVFP] MISSING_CENTRAL: TTZ2E1Mu/Central/bjets/size in Skim_TriLep_DYJets.root
2026-01-07 11:23:12,446 - INFO - [2016postVFP] MISSING_CENTRAL: TTZ2E1Mu/Central/bjets/size in Skim_TriLep_DYJets10to50.root
2026-01-07 11:23:12,624 - INFO - [2017] MISSING_CENTRAL: TTZ2E1Mu/Central/bjets/size in Skim_TriLep_DYJets10to50.root
2026-01-07 11:23:12,811 - INFO - [2018] MISSING_CENTRAL: TTZ2E1Mu/Central/bjets/size in Skim_TriLep_DYJets10to50.root
2026-01-07 11:47:37,972 - INFO - [2016preVFP] MISSING_CENTRAL: TTZ2E1Mu/Central/bjets/size in Skim_TriLep_DYJets10to50.root
2026-01-07 11:47:38,116 - INFO - [2016postVFP] MISSING_CENTRAL: TTZ2E1Mu/Central/bjets/size in Skim_TriLep_DYJets.root
2026-01-07 11:47:38,117 - INFO - [2016postVFP] MISSING_CENTRAL: TTZ2E1Mu/Central/bjets/size in Skim_TriLep_DYJets10to50.root
2026-01-07 11:47:38,274 - INFO - [2017] MISSING_CENTRAL: TTZ2E1Mu/Central/bjets/size in Skim_TriLep_DYJets10to50.root
2026-01-07 11:47:38,430 - INFO - [2018] MISSING_CENTRAL: TTZ2E1Mu/Central/bjets/size in Skim_TriLep_DYJets10to50.root
2026-01-07 18:44:22,809 - INFO - [2016preVFP] MISSING_CENTRAL: TTZ2E1Mu/Central/bjets/size in Skim_TriLep_DYJets10to50.root
2026-01-07 18:44:22,949 - INFO - [2016postVFP] MISSING_CENTRAL: TTZ2E1Mu/Central/bjets/size in Skim_TriLep_DYJets.root
2026-01-07 18:44:22,950 - INFO - [2016postVFP] MISSING_CENTRAL: TTZ2E1Mu/Central/bjets/size in Skim_TriLep_DYJets10to50.root
2026-01-07 18:44:23,099 - INFO - [2017] MISSING_CENTRAL: TTZ2E1Mu/Central/bjets/size in Skim_TriLep_DYJets10to50.root
2026-01-07 18:44:23,270 - INFO - [2018] MISSING_CENTRAL: TTZ2E1Mu/Central/bjets/size in Skim_TriLep_DYJets10to50.root
2026-01-09 12:18:32,120 - INFO - [2016preVFP] MISSING_CENTRAL: TTZ2E1Mu/Central/bjets/size in Skim_TriLep_DYJets10to50.root
2026-01-09 12:18:32,206 - INFO - [2016postVFP] MISSING_CENTRAL: TTZ2E1Mu/Central/bjets/size in Skim_TriLep_DYJets.root
2026-01-09 12:18:32,206 - INFO - [2016postVFP] MISSING_CENTRAL: TTZ2E1Mu/Central/bjets/size in Skim_TriLep_DYJets10to50.root
2026-01-09 12:18:32,361 - INFO - [2017] MISSING_CENTRAL: TTZ2E1Mu/Central/bjets/size in Skim_TriLep_DYJets10to50.root
2026-01-09 12:18:32,474 - INFO - [2018] MISSING_CENTRAL: TTZ2E1Mu/Central/bjets/size in Skim_TriLep_DYJets10to50.root
2026-01-11 09:38:36,030 - INFO - [2016preVFP] MISSING_CENTRAL: TTZ2E1Mu/Central/bjets/size in Skim_TriLep_DYJets10to50.root
2026-01-11 09:38:36,131 - INFO - [2016postVFP] MISSING_CENTRAL: TTZ2E1Mu/Central/bjets/size in Skim_TriLep_DYJets.root
2026-01-11 09:38:36,131 - INFO - [2016postVFP] MISSING_CENTRAL: TTZ2E1Mu/Central/bjets/size in Skim_TriLep_DYJets10to50.root
2026-01-11 09:38:36,219 - INFO - [2017] MISSING_CENTRAL: TTZ2E1Mu/Central/bjets/size in Skim_TriLep_DYJets10to50.root
2026-01-11 09:38:36,377 - INFO - [2018] MISSING_CENTRAL: TTZ2E1Mu/Central/bjets/size in Skim_TriLep_DYJets10to50.root
2026-01-12 13:47:15,722 - INFO - [2016preVFP] MISSING_CENTRAL: TTZ2E1Mu/Central/bjets/size in Skim_TriLep_DYJets10to50.root
2026-01-12 13:47:15,839 - INFO - [2016postVFP] MISSING_CENTRAL: TTZ2E1Mu/Central/bjets/size in Skim_TriLep_DYJets.root
2026-01-12 13:47:15,840 - INFO - [2016postVFP] MISSING_CENTRAL: TTZ2E1Mu/Central/bjets/size in Skim_TriLep_DYJets10to50.root
2026-01-12 13:47:15,993 - INFO - [2017] MISSING_CENTRAL: TTZ2E1Mu/Central/bjets/size in Skim_TriLep_DYJets10to50.root
2026-01-12 13:47:16,141 - INFO - [2018] MISSING_FILE: /home/choij/Sync/workspace/ChargedHiggsAnalysisV3/SKNanoOutput/MatrixSelector/Run2E1Mu/2018/Skim_TriLep_MuonEG_A.root
2026-01-12 13:47:16,143 - INFO - [2018] MISSING_FILE: /home/choij/Sync/workspace/ChargedHiggsAnalysisV3/SKNanoOutput/MatrixSelector/Run2E1Mu/2018/Skim_TriLep_MuonEG_D.root
2026-01-12 13:47:16,149 - INFO - [2018] MISSING_CENTRAL: TTZ2E1Mu/Central/bjets/size in Skim_TriLep_DYJets10to50.root
2026-01-12 22:00:06,694 - INFO - [2016preVFP] MISSING_CENTRAL: TTZ2E1Mu/Central/bjets/size in Skim_TriLep_DYJets10to50.root
2026-01-12 22:00:06,833 - INFO - [2016postVFP] MISSING_CENTRAL: TTZ2E1Mu/Central/bjets/size in Skim_TriLep_DYJets.root
2026-01-12 22:00:06,834 - INFO - [2016postVFP] MISSING_CENTRAL: TTZ2E1Mu/Central/bjets/size in Skim_TriLep_DYJets10to50.root
2026-01-12 22:00:06,982 - INFO - [2017] MISSING_CENTRAL: TTZ2E1Mu/Central/bjets/size in Skim_TriLep_DYJets10to50.root
2026-01-12 22:00:07,133 - INFO - [2018] MISSING_CENTRAL: TTZ2E1Mu/Central/bjets/size in Skim_TriLep_DYJets10to50.root
2026-01-12 22:47:45,546 - INFO - [2016preVFP] MISSING_CENTRAL: TTZ2E1Mu/Central/bjets/size in Skim_TriLep_DYJets10to50.root
2026-01-12 22:47:45,912 - INFO - [2016postVFP] MISSING_CENTRAL: TTZ2E1Mu/Central/bjets/size in Skim_TriLep_DYJets.root
2026-01-12 22:47:45,926 - INFO - [2016postVFP] MISSING_CENTRAL: TTZ2E1Mu/Central/bjets/size in Skim_TriLep_DYJets10to50.root
2026-01-12 22:47:46,372 - INFO - [2017] MISSING_CENTRAL: TTZ2E1Mu/Central/bjets/size in Skim_TriLep_DYJets10to50.root
2026-01-12 22:47:46,790 - INFO - [2018] MISSING_CENTRAL: TTZ2E1Mu/Central/bjets/size in Skim_TriLep_DYJets10to50.root
2026-01-12 22:56:15,884 - INFO - [2016preVFP] MISSING_CENTRAL: TTZ2E1Mu/Central/bjets/size in Skim_TriLep_DYJets10to50.root
2026-01-12 22:56:16,088 - INFO - [2016postVFP] MISSING_CENTRAL: TTZ2E1Mu/Central/bjets/size in Skim_TriLep_DYJets.root
2026-01-12 22:56:16,090 - INFO - [2016postVFP] MISSING_CENTRAL: TTZ2E1Mu/Central/bjets/size in Skim_TriLep_DYJets10to50.root
2026-01-12 22:56:16,396 - INFO - [2017] MISSING_CENTRAL: TTZ2E1Mu/Central/bjets/size in Skim_TriLep_DYJets10to50.root
2026-01-12 22:56:16,713 - INFO - [2018] MISSING_CENTRAL: TTZ2E1Mu/Central/bjets/size in Skim_TriLep_DYJets10to50.root
2026-01-12 23:02:25,124 - INFO - [2016preVFP] MISSING_CENTRAL: TTZ2E1Mu/Central/bjets/size in Skim_TriLep_DYJets10to50.root
2026-01-12 23:02:25,338 - INFO - [2016postVFP] MISSING_CENTRAL: TTZ2E1Mu/Central/bjets/size in Skim_TriLep_DYJets.root
2026-01-12 23:02:25,339 - INFO - [2016postVFP] MISSING_CENTRAL: TTZ2E1Mu/Central/bjets/size in Skim_TriLep_DYJets10to50.root
2026-01-12 23:02:25,596 - INFO - [2017] MISSING_CENTRAL: TTZ2E1Mu/Central/bjets/size in Skim_TriLep_DYJets10to50.root
2026-01-12 23:02:25,916 - INFO - [2018] MISSING_CENTRAL: TTZ2E1Mu/Central/bjets/size in Skim_TriLep_DYJets10to50.root
2026-01-12 23:05:35,278 - INFO - [2016preVFP] MISSING_CENTRAL: TTZ2E1Mu/Central/bjets/size in Skim_TriLep_DYJets10to50.root
2026-01-12 23:05:35,575 - INFO - [2016postVFP] MISSING_CENTRAL: TTZ2E1Mu/Central/bjets/size in Skim_TriLep_DYJets.root
2026-01-12 23:05:35,585 - INFO - [2016postVFP] MISSING_CENTRAL: TTZ2E1Mu/Central/bjets/size in Skim_TriLep_DYJets10to50.root
2026-01-12 23:05:35,840 - INFO - [2017] MISSING_CENTRAL: TTZ2E1Mu/Central/bjets/size in Skim_TriLep_DYJets10to50.root
2026-01-12 23:05:36,143 - INFO - [2018] MISSING_CENTRAL: TTZ2E1Mu/Central/bjets/size in Skim_TriLep_DYJets10to50.root
2026-01-13 14:58:21,767 - INFO - [2016preVFP] MISSING_CENTRAL: TTZ2E1Mu/Central/bjets/size in Skim_TriLep_DYJets10to50.root
2026-01-13 14:58:21,920 - INFO - [2016postVFP] MISSING_CENTRAL: TTZ2E1Mu/Central/bjets/size in Skim_TriLep_DYJets.root
2026-01-13 14:58:21,923 - INFO - [2016postVFP] MISSING_CENTRAL: TTZ2E1Mu/Central/bjets/size in Skim_TriLep_DYJets10to50.root
2026-01-13 14:58:22,131 - INFO - [2017] MISSING_CENTRAL: TTZ2E1Mu/Central/bjets/size in Skim_TriLep_DYJets10to50.root
2026-01-13 14:58:22,382 - INFO - [2018] MISSING_CENTRAL: TTZ2E1Mu/Central/bjets/size in Skim_TriLep_DYJets10to50.root
