2025-12-18 14:22:29,955 - INFO - [2016preVFP] MISSING_CENTRAL: TTZ2E1Mu/Central/electrons/1/charge in Skim_TriLep_DYJets10to50.root
2025-12-18 14:22:30,327 - INFO - [2016postVFP] MISSING_CENTRAL: TTZ2E1Mu/Central/electrons/1/charge in Skim_TriLep_DYJets.root
2025-12-18 14:22:30,329 - INFO - [2016postVFP] MISSING_CENTRAL: TTZ2E1Mu/Central/electrons/1/charge in Skim_TriLep_DYJets10to50.root
2025-12-18 14:22:30,566 - INFO - [2017] MISSING_CENTRAL: TTZ2E1Mu/Central/electrons/1/charge in Skim_TriLep_DYJets10to50.root
2025-12-18 14:22:30,813 - INFO - [2018] MISSING_CENTRAL: TTZ2E1Mu/Central/electrons/1/charge in Skim_TriLep_DYJets10to50.root
2025-12-18 14:37:54,246 - INFO - [2016preVFP] MISSING_CENTRAL: TTZ2E1Mu/Central/electrons/1/charge in Skim_TriLep_DYJets10to50.root
2025-12-18 14:37:54,717 - INFO - [2016postVFP] MISSING_CENTRAL: TTZ2E1Mu/Central/electrons/1/charge in Skim_TriLep_DYJets.root
2025-12-18 14:37:54,718 - INFO - [2016postVFP] MISSING_CENTRAL: TTZ2E1Mu/Central/electrons/1/charge in Skim_TriLep_DYJets10to50.root
2025-12-18 14:37:55,186 - INFO - [2017] MISSING_CENTRAL: TTZ2E1Mu/Central/electrons/1/charge in Skim_TriLep_DYJets10to50.root
2025-12-18 14:37:55,470 - INFO - [2018] MISSING_CENTRAL: TTZ2E1Mu/Central/electrons/1/charge in Skim_TriLep_DYJets10to50.root
2025-12-18 21:34:25,065 - INFO - [2016preVFP] MISSING_CENTRAL: TTZ2E1Mu/Central/electrons/1/charge in Skim_TriLep_DYJets10to50.root
2025-12-18 21:34:25,219 - INFO - [2016postVFP] MISSING_CENTRAL: TTZ2E1Mu/Central/electrons/1/charge in Skim_TriLep_DYJets.root
2025-12-18 21:34:25,220 - INFO - [2016postVFP] MISSING_CENTRAL: TTZ2E1Mu/Central/electrons/1/charge in Skim_TriLep_DYJets10to50.root
2025-12-18 21:34:25,412 - INFO - [2017] MISSING_CENTRAL: TTZ2E1Mu/Central/electrons/1/charge in Skim_TriLep_DYJets10to50.root
2025-12-18 21:34:25,598 - INFO - [2018] MISSING_CENTRAL: TTZ2E1Mu/Central/electrons/1/charge in Skim_TriLep_DYJets10to50.root
2025-12-18 23:43:16,919 - INFO - [2016preVFP] MISSING_CENTRAL: TTZ2E1Mu/Central/electrons/1/charge in Skim_TriLep_DYJets10to50.root
2025-12-18 23:43:17,010 - INFO - [2016postVFP] MISSING_CENTRAL: TTZ2E1Mu/Central/electrons/1/charge in Skim_TriLep_DYJets.root
2025-12-18 23:43:17,011 - INFO - [2016postVFP] MISSING_CENTRAL: TTZ2E1Mu/Central/electrons/1/charge in Skim_TriLep_DYJets10to50.root
2025-12-18 23:43:17,111 - INFO - [2017] MISSING_CENTRAL: TTZ2E1Mu/Central/electrons/1/charge in Skim_TriLep_DYJets10to50.root
2025-12-18 23:43:17,247 - INFO - [2018] MISSING_CENTRAL: TTZ2E1Mu/Central/electrons/1/charge in Skim_TriLep_DYJets10to50.root
2026-01-07 11:23:11,832 - INFO - [2016preVFP] MISSING_CENTRAL: TTZ2E1Mu/Central/electrons/1/charge in Skim_TriLep_DYJets10to50.root
2026-01-07 11:23:12,123 - INFO - [2016postVFP] MISSING_CENTRAL: TTZ2E1Mu/Central/electrons/1/charge in Skim_TriLep_DYJets.root
2026-01-07 11:23:12,126 - INFO - [2016postVFP] MISSING_CENTRAL: TTZ2E1Mu/Central/electrons/1/charge in Skim_TriLep_DYJets10to50.root
2026-01-07 11:23:12,407 - INFO - [2017] MISSING_CENTRAL: TTZ2E1Mu/Central/electrons/1/charge in Skim_TriLep_DYJets10to50.root
2026-01-07 11:23:12,638 - INFO - [2018] MISSING_CENTRAL: TTZ2E1Mu/Central/electrons/1/charge in Skim_TriLep_DYJets10to50.root
2026-01-07 11:47:37,973 - INFO - [2016preVFP] MISSING_CENTRAL: TTZ2E1Mu/Central/electrons/1/charge in Skim_TriLep_DYJets10to50.root
2026-01-07 11:47:38,135 - INFO - [2016postVFP] MISSING_CENTRAL: TTZ2E1Mu/Central/electrons/1/charge in Skim_TriLep_DYJets.root
2026-01-07 11:47:38,135 - INFO - [2016postVFP] MISSING_CENTRAL: TTZ2E1Mu/Central/electrons/1/charge in Skim_TriLep_DYJets10to50.root
2026-01-07 11:47:38,310 - INFO - [2017] MISSING_CENTRAL: TTZ2E1Mu/Central/electrons/1/charge in Skim_TriLep_DYJets10to50.root
2026-01-07 11:47:38,494 - INFO - [2018] MISSING_CENTRAL: TTZ2E1Mu/Central/electrons/1/charge in Skim_TriLep_DYJets10to50.root
2026-01-07 18:44:22,761 - INFO - [2016preVFP] MISSING_CENTRAL: TTZ2E1Mu/Central/electrons/1/charge in Skim_TriLep_DYJets10to50.root
2026-01-07 18:44:22,915 - INFO - [2016postVFP] MISSING_CENTRAL: TTZ2E1Mu/Central/electrons/1/charge in Skim_TriLep_DYJets.root
2026-01-07 18:44:22,916 - INFO - [2016postVFP] MISSING_CENTRAL: TTZ2E1Mu/Central/electrons/1/charge in Skim_TriLep_DYJets10to50.root
2026-01-07 18:44:23,088 - INFO - [2017] MISSING_CENTRAL: TTZ2E1Mu/Central/electrons/1/charge in Skim_TriLep_DYJets10to50.root
2026-01-07 18:44:23,300 - INFO - [2018] MISSING_CENTRAL: TTZ2E1Mu/Central/electrons/1/charge in Skim_TriLep_DYJets10to50.root
2026-01-09 12:18:28,838 - INFO - [2016preVFP] MISSING_CENTRAL: TTZ2E1Mu/Central/electrons/1/charge in Skim_TriLep_DYJets10to50.root
2026-01-09 12:18:28,933 - INFO - [2016postVFP] MISSING_CENTRAL: TTZ2E1Mu/Central/electrons/1/charge in Skim_TriLep_DYJets.root
2026-01-09 12:18:28,933 - INFO - [2016postVFP] MISSING_CENTRAL: TTZ2E1Mu/Central/electrons/1/charge in Skim_TriLep_DYJets10to50.root
2026-01-09 12:18:29,034 - INFO - [2017] MISSING_CENTRAL: TTZ2E1Mu/Central/electrons/1/charge in Skim_TriLep_DYJets10to50.root
2026-01-09 12:18:29,140 - INFO - [2018] MISSING_CENTRAL: TTZ2E1Mu/Central/electrons/1/charge in Skim_TriLep_DYJets10to50.root
2026-01-11 09:38:32,565 - INFO - [2016preVFP] MISSING_CENTRAL: TTZ2E1Mu/Central/electrons/1/charge in Skim_TriLep_DYJets10to50.root
2026-01-11 09:38:32,670 - INFO - [2016postVFP] MISSING_CENTRAL: TTZ2E1Mu/Central/electrons/1/charge in Skim_TriLep_DYJets.root
2026-01-11 09:38:32,671 - INFO - [2016postVFP] MISSING_CENTRAL: TTZ2E1Mu/Central/electrons/1/charge in Skim_TriLep_DYJets10to50.root
2026-01-11 09:38:32,775 - INFO - [2017] MISSING_CENTRAL: TTZ2E1Mu/Central/electrons/1/charge in Skim_TriLep_DYJets10to50.root
2026-01-11 09:38:32,884 - INFO - [2018] MISSING_CENTRAL: TTZ2E1Mu/Central/electrons/1/charge in Skim_TriLep_DYJets10to50.root
2026-01-12 13:47:12,191 - INFO - [2016preVFP] MISSING_CENTRAL: TTZ2E1Mu/Central/electrons/1/charge in Skim_TriLep_DYJets10to50.root
2026-01-12 13:47:12,286 - INFO - [2016postVFP] MISSING_CENTRAL: TTZ2E1Mu/Central/electrons/1/charge in Skim_TriLep_DYJets.root
2026-01-12 13:47:12,287 - INFO - [2016postVFP] MISSING_CENTRAL: TTZ2E1Mu/Central/electrons/1/charge in Skim_TriLep_DYJets10to50.root
2026-01-12 13:47:12,388 - INFO - [2017] MISSING_CENTRAL: TTZ2E1Mu/Central/electrons/1/charge in Skim_TriLep_DYJets10to50.root
2026-01-12 13:47:12,482 - INFO - [2018] MISSING_FILE: /home/choij/Sync/workspace/ChargedHiggsAnalysisV3/SKNanoOutput/MatrixSelector/Run2E1Mu/2018/Skim_TriLep_MuonEG_A.root
2026-01-12 13:47:12,484 - INFO - [2018] MISSING_FILE: /home/choij/Sync/workspace/ChargedHiggsAnalysisV3/SKNanoOutput/MatrixSelector/Run2E1Mu/2018/Skim_TriLep_MuonEG_D.root
2026-01-12 13:47:12,491 - INFO - [2018] MISSING_CENTRAL: TTZ2E1Mu/Central/electrons/1/charge in Skim_TriLep_DYJets10to50.root
2026-01-12 22:00:06,368 - INFO - [2016preVFP] MISSING_CENTRAL: TTZ2E1Mu/Central/electrons/1/charge in Skim_TriLep_DYJets10to50.root
2026-01-12 22:00:06,546 - INFO - [2016postVFP] MISSING_CENTRAL: TTZ2E1Mu/Central/electrons/1/charge in Skim_TriLep_DYJets.root
2026-01-12 22:00:06,547 - INFO - [2016postVFP] MISSING_CENTRAL: TTZ2E1Mu/Central/electrons/1/charge in Skim_TriLep_DYJets10to50.root
2026-01-12 22:00:06,786 - INFO - [2017] MISSING_CENTRAL: TTZ2E1Mu/Central/electrons/1/charge in Skim_TriLep_DYJets10to50.root
2026-01-12 22:00:06,983 - INFO - [2018] MISSING_CENTRAL: TTZ2E1Mu/Central/electrons/1/charge in Skim_TriLep_DYJets10to50.root
2026-01-12 22:47:44,843 - INFO - [2016preVFP] MISSING_CENTRAL: TTZ2E1Mu/Central/electrons/1/charge in Skim_TriLep_DYJets10to50.root
2026-01-12 22:47:45,225 - INFO - [2016postVFP] MISSING_CENTRAL: TTZ2E1Mu/Central/electrons/1/charge in Skim_TriLep_DYJets.root
2026-01-12 22:47:45,226 - INFO - [2016postVFP] MISSING_CENTRAL: TTZ2E1Mu/Central/electrons/1/charge in Skim_TriLep_DYJets10to50.root
2026-01-12 22:47:45,633 - INFO - [2017] MISSING_CENTRAL: TTZ2E1Mu/Central/electrons/1/charge in Skim_TriLep_DYJets10to50.root
2026-01-12 22:47:46,036 - INFO - [2018] MISSING_CENTRAL: TTZ2E1Mu/Central/electrons/1/charge in Skim_TriLep_DYJets10to50.root
2026-01-12 22:56:16,147 - INFO - [2016preVFP] MISSING_CENTRAL: TTZ2E1Mu/Central/electrons/1/charge in Skim_TriLep_DYJets10to50.root
2026-01-12 22:56:16,407 - INFO - [2016postVFP] MISSING_CENTRAL: TTZ2E1Mu/Central/electrons/1/charge in Skim_TriLep_DYJets.root
2026-01-12 22:56:16,415 - INFO - [2016postVFP] MISSING_CENTRAL: TTZ2E1Mu/Central/electrons/1/charge in Skim_TriLep_DYJets10to50.root
2026-01-12 22:56:16,815 - INFO - [2017] MISSING_CENTRAL: TTZ2E1Mu/Central/electrons/1/charge in Skim_TriLep_DYJets10to50.root
2026-01-12 22:56:17,162 - INFO - [2018] MISSING_CENTRAL: TTZ2E1Mu/Central/electrons/1/charge in Skim_TriLep_DYJets10to50.root
2026-01-12 23:02:24,410 - INFO - [2016preVFP] MISSING_CENTRAL: TTZ2E1Mu/Central/electrons/1/charge in Skim_TriLep_DYJets10to50.root
2026-01-12 23:02:24,694 - INFO - [2016postVFP] MISSING_CENTRAL: TTZ2E1Mu/Central/electrons/1/charge in Skim_TriLep_DYJets.root
2026-01-12 23:02:24,695 - INFO - [2016postVFP] MISSING_CENTRAL: TTZ2E1Mu/Central/electrons/1/charge in Skim_TriLep_DYJets10to50.root
2026-01-12 23:02:25,041 - INFO - [2017] MISSING_CENTRAL: TTZ2E1Mu/Central/electrons/1/charge in Skim_TriLep_DYJets10to50.root
2026-01-12 23:02:25,306 - INFO - [2018] MISSING_CENTRAL: TTZ2E1Mu/Central/electrons/1/charge in Skim_TriLep_DYJets10to50.root
2026-01-12 23:05:36,268 - INFO - [2016preVFP] MISSING_CENTRAL: TTZ2E1Mu/Central/electrons/1/charge in Skim_TriLep_DYJets10to50.root
2026-01-12 23:05:36,620 - INFO - [2016postVFP] MISSING_CENTRAL: TTZ2E1Mu/Central/electrons/1/charge in Skim_TriLep_DYJets.root
2026-01-12 23:05:36,621 - INFO - [2016postVFP] MISSING_CENTRAL: TTZ2E1Mu/Central/electrons/1/charge in Skim_TriLep_DYJets10to50.root
2026-01-12 23:05:36,963 - INFO - [2017] MISSING_CENTRAL: TTZ2E1Mu/Central/electrons/1/charge in Skim_TriLep_DYJets10to50.root
2026-01-12 23:05:37,383 - INFO - [2018] MISSING_CENTRAL: TTZ2E1Mu/Central/electrons/1/charge in Skim_TriLep_DYJets10to50.root
2026-01-13 14:58:22,066 - INFO - [2016preVFP] MISSING_CENTRAL: TTZ2E1Mu/Central/electrons/1/charge in Skim_TriLep_DYJets10to50.root
2026-01-13 14:58:22,239 - INFO - [2016postVFP] MISSING_CENTRAL: TTZ2E1Mu/Central/electrons/1/charge in Skim_TriLep_DYJets.root
2026-01-13 14:58:22,240 - INFO - [2016postVFP] MISSING_CENTRAL: TTZ2E1Mu/Central/electrons/1/charge in Skim_TriLep_DYJets10to50.root
2026-01-13 14:58:22,415 - INFO - [2017] MISSING_CENTRAL: TTZ2E1Mu/Central/electrons/1/charge in Skim_TriLep_DYJets10to50.root
2026-01-13 14:58:22,589 - INFO - [2018] MISSING_CENTRAL: TTZ2E1Mu/Central/electrons/1/charge in Skim_TriLep_DYJets10to50.root
2026-01-16 19:02:18,782 - INFO - [2016preVFP] MISSING_CENTRAL: TTZ2E1Mu/Central/electrons/1/charge in Skim_TriLep_DYJets10to50.root
2026-01-16 19:02:18,882 - INFO - [2016postVFP] MISSING_CENTRAL: TTZ2E1Mu/Central/electrons/1/charge in Skim_TriLep_DYJets.root
2026-01-16 19:02:18,882 - INFO - [2016postVFP] MISSING_CENTRAL: TTZ2E1Mu/Central/electrons/1/charge in Skim_TriLep_DYJets10to50.root
2026-01-16 19:02:18,986 - INFO - [2017] MISSING_CENTRAL: TTZ2E1Mu/Central/electrons/1/charge in Skim_TriLep_DYJets10to50.root
2026-01-16 19:02:19,089 - INFO - [2018] MISSING_CENTRAL: TTZ2E1Mu/Central/electrons/1/charge in Skim_TriLep_DYJets10to50.root
2026-01-28 16:09:33,187 - INFO - [2016preVFP] MISSING_CENTRAL: TTZ2E1Mu/Central/electrons/1/charge in Skim_TriLep_DYJets10to50.root
2026-01-28 16:09:33,291 - INFO - [2016postVFP] MISSING_CENTRAL: TTZ2E1Mu/Central/electrons/1/charge in Skim_TriLep_DYJets.root
2026-01-28 16:09:33,292 - INFO - [2016postVFP] MISSING_CENTRAL: TTZ2E1Mu/Central/electrons/1/charge in Skim_TriLep_DYJets10to50.root
2026-01-28 16:09:33,394 - INFO - [2017] MISSING_CENTRAL: TTZ2E1Mu/Central/electrons/1/charge in Skim_TriLep_DYJets10to50.root
2026-01-28 16:09:33,497 - INFO - [2018] MISSING_CENTRAL: TTZ2E1Mu/Central/electrons/1/charge in Skim_TriLep_DYJets10to50.root
