2025-12-18 14:22:30,614 - INFO - [2016preVFP] MISSING_CENTRAL: TTZ2E1Mu/Central/electrons/1/px in Skim_TriLep_DYJets10to50.root
2025-12-18 14:22:31,115 - INFO - [2016postVFP] MISSING_CENTRAL: TTZ2E1Mu/Central/electrons/1/px in Skim_TriLep_DYJets.root
2025-12-18 14:22:31,116 - INFO - [2016postVFP] MISSING_CENTRAL: TTZ2E1Mu/Central/electrons/1/px in Skim_TriLep_DYJets10to50.root
2025-12-18 14:22:31,745 - INFO - [2017] MISSING_CENTRAL: TTZ2E1Mu/Central/electrons/1/px in Skim_TriLep_DYJets10to50.root
2025-12-18 14:22:32,405 - INFO - [2018] MISSING_CENTRAL: TTZ2E1Mu/Central/electrons/1/px in Skim_TriLep_DYJets10to50.root
2025-12-18 14:37:54,802 - INFO - [2016preVFP] MISSING_CENTRAL: TTZ2E1Mu/Central/electrons/1/px in Skim_TriLep_DYJets10to50.root
2025-12-18 14:37:55,415 - INFO - [2016postVFP] MISSING_CENTRAL: TTZ2E1Mu/Central/electrons/1/px in Skim_TriLep_DYJets.root
2025-12-18 14:37:55,417 - INFO - [2016postVFP] MISSING_CENTRAL: TTZ2E1Mu/Central/electrons/1/px in Skim_TriLep_DYJets10to50.root
2025-12-18 14:37:55,975 - INFO - [2017] MISSING_CENTRAL: TTZ2E1Mu/Central/electrons/1/px in Skim_TriLep_DYJets10to50.root
2025-12-18 14:37:56,682 - INFO - [2018] MISSING_CENTRAL: TTZ2E1Mu/Central/electrons/1/px in Skim_TriLep_DYJets10to50.root
2025-12-18 21:34:25,229 - INFO - [2016preVFP] MISSING_CENTRAL: TTZ2E1Mu/Central/electrons/1/px in Skim_TriLep_DYJets10to50.root
2025-12-18 21:34:25,712 - INFO - [2016postVFP] MISSING_CENTRAL: TTZ2E1Mu/Central/electrons/1/px in Skim_TriLep_DYJets.root
2025-12-18 21:34:25,713 - INFO - [2016postVFP] MISSING_CENTRAL: TTZ2E1Mu/Central/electrons/1/px in Skim_TriLep_DYJets10to50.root
2025-12-18 21:34:26,241 - INFO - [2017] MISSING_CENTRAL: TTZ2E1Mu/Central/electrons/1/px in Skim_TriLep_DYJets10to50.root
2025-12-18 21:34:26,776 - INFO - [2018] MISSING_CENTRAL: TTZ2E1Mu/Central/electrons/1/px in Skim_TriLep_DYJets10to50.root
2025-12-18 23:43:16,935 - INFO - [2016preVFP] MISSING_CENTRAL: TTZ2E1Mu/Central/electrons/1/px in Skim_TriLep_DYJets10to50.root
2025-12-18 23:43:17,223 - INFO - [2016postVFP] MISSING_CENTRAL: TTZ2E1Mu/Central/electrons/1/px in Skim_TriLep_DYJets.root
2025-12-18 23:43:17,224 - INFO - [2016postVFP] MISSING_CENTRAL: TTZ2E1Mu/Central/electrons/1/px in Skim_TriLep_DYJets10to50.root
2025-12-18 23:43:17,532 - INFO - [2017] MISSING_CENTRAL: TTZ2E1Mu/Central/electrons/1/px in Skim_TriLep_DYJets10to50.root
2025-12-18 23:43:17,846 - INFO - [2018] MISSING_CENTRAL: TTZ2E1Mu/Central/electrons/1/px in Skim_TriLep_DYJets10to50.root
2026-01-07 11:23:12,003 - INFO - [2016preVFP] MISSING_CENTRAL: TTZ2E1Mu/Central/electrons/1/px in Skim_TriLep_DYJets10to50.root
2026-01-07 11:23:12,499 - INFO - [2016postVFP] MISSING_CENTRAL: TTZ2E1Mu/Central/electrons/1/px in Skim_TriLep_DYJets.root
2026-01-07 11:23:12,501 - INFO - [2016postVFP] MISSING_CENTRAL: TTZ2E1Mu/Central/electrons/1/px in Skim_TriLep_DYJets10to50.root
2026-01-07 11:23:13,081 - INFO - [2017] MISSING_CENTRAL: TTZ2E1Mu/Central/electrons/1/px in Skim_TriLep_DYJets10to50.root
2026-01-07 11:23:13,734 - INFO - [2018] MISSING_CENTRAL: TTZ2E1Mu/Central/electrons/1/px in Skim_TriLep_DYJets10to50.root
2026-01-07 11:47:37,991 - INFO - [2016preVFP] MISSING_CENTRAL: TTZ2E1Mu/Central/electrons/1/px in Skim_TriLep_DYJets10to50.root
2026-01-07 11:47:38,450 - INFO - [2016postVFP] MISSING_CENTRAL: TTZ2E1Mu/Central/electrons/1/px in Skim_TriLep_DYJets.root
2026-01-07 11:47:38,451 - INFO - [2016postVFP] MISSING_CENTRAL: TTZ2E1Mu/Central/electrons/1/px in Skim_TriLep_DYJets10to50.root
2026-01-07 11:47:38,974 - INFO - [2017] MISSING_CENTRAL: TTZ2E1Mu/Central/electrons/1/px in Skim_TriLep_DYJets10to50.root
2026-01-07 11:47:39,485 - INFO - [2018] MISSING_CENTRAL: TTZ2E1Mu/Central/electrons/1/px in Skim_TriLep_DYJets10to50.root
2026-01-07 18:44:22,932 - INFO - [2016preVFP] MISSING_CENTRAL: TTZ2E1Mu/Central/electrons/1/px in Skim_TriLep_DYJets10to50.root
2026-01-07 18:44:23,418 - INFO - [2016postVFP] MISSING_CENTRAL: TTZ2E1Mu/Central/electrons/1/px in Skim_TriLep_DYJets.root
2026-01-07 18:44:23,419 - INFO - [2016postVFP] MISSING_CENTRAL: TTZ2E1Mu/Central/electrons/1/px in Skim_TriLep_DYJets10to50.root
2026-01-07 18:44:23,950 - INFO - [2017] MISSING_CENTRAL: TTZ2E1Mu/Central/electrons/1/px in Skim_TriLep_DYJets10to50.root
2026-01-07 18:44:24,500 - INFO - [2018] MISSING_CENTRAL: TTZ2E1Mu/Central/electrons/1/px in Skim_TriLep_DYJets10to50.root
2026-01-09 12:18:28,791 - INFO - [2016preVFP] MISSING_CENTRAL: TTZ2E1Mu/Central/electrons/1/px in Skim_TriLep_DYJets10to50.root
2026-01-09 12:18:29,090 - INFO - [2016postVFP] MISSING_CENTRAL: TTZ2E1Mu/Central/electrons/1/px in Skim_TriLep_DYJets.root
2026-01-09 12:18:29,091 - INFO - [2016postVFP] MISSING_CENTRAL: TTZ2E1Mu/Central/electrons/1/px in Skim_TriLep_DYJets10to50.root
2026-01-09 12:18:29,421 - INFO - [2017] MISSING_CENTRAL: TTZ2E1Mu/Central/electrons/1/px in Skim_TriLep_DYJets10to50.root
2026-01-09 12:18:29,753 - INFO - [2018] MISSING_CENTRAL: TTZ2E1Mu/Central/electrons/1/px in Skim_TriLep_DYJets10to50.root
2026-01-11 09:38:32,602 - INFO - [2016preVFP] MISSING_CENTRAL: TTZ2E1Mu/Central/electrons/1/px in Skim_TriLep_DYJets10to50.root
2026-01-11 09:38:32,912 - INFO - [2016postVFP] MISSING_CENTRAL: TTZ2E1Mu/Central/electrons/1/px in Skim_TriLep_DYJets.root
2026-01-11 09:38:32,913 - INFO - [2016postVFP] MISSING_CENTRAL: TTZ2E1Mu/Central/electrons/1/px in Skim_TriLep_DYJets10to50.root
2026-01-11 09:38:33,220 - INFO - [2017] MISSING_CENTRAL: TTZ2E1Mu/Central/electrons/1/px in Skim_TriLep_DYJets10to50.root
2026-01-11 09:38:33,530 - INFO - [2018] MISSING_CENTRAL: TTZ2E1Mu/Central/electrons/1/px in Skim_TriLep_DYJets10to50.root
2026-01-12 13:47:12,158 - INFO - [2016preVFP] MISSING_CENTRAL: TTZ2E1Mu/Central/electrons/1/px in Skim_TriLep_DYJets10to50.root
2026-01-12 13:47:12,454 - INFO - [2016postVFP] MISSING_CENTRAL: TTZ2E1Mu/Central/electrons/1/px in Skim_TriLep_DYJets.root
2026-01-12 13:47:12,454 - INFO - [2016postVFP] MISSING_CENTRAL: TTZ2E1Mu/Central/electrons/1/px in Skim_TriLep_DYJets10to50.root
2026-01-12 13:47:12,770 - INFO - [2017] MISSING_CENTRAL: TTZ2E1Mu/Central/electrons/1/px in Skim_TriLep_DYJets10to50.root
2026-01-12 13:47:13,098 - INFO - [2018] MISSING_FILE: /home/choij/Sync/workspace/ChargedHiggsAnalysisV3/SKNanoOutput/MatrixSelector/Run2E1Mu/2018/Skim_TriLep_MuonEG_A.root
2026-01-12 13:47:13,102 - INFO - [2018] MISSING_FILE: /home/choij/Sync/workspace/ChargedHiggsAnalysisV3/SKNanoOutput/MatrixSelector/Run2E1Mu/2018/Skim_TriLep_MuonEG_D.root
2026-01-12 13:47:13,121 - INFO - [2018] MISSING_CENTRAL: TTZ2E1Mu/Central/electrons/1/px in Skim_TriLep_DYJets10to50.root
2026-01-12 22:00:06,520 - INFO - [2016preVFP] MISSING_CENTRAL: TTZ2E1Mu/Central/electrons/1/px in Skim_TriLep_DYJets10to50.root
2026-01-12 22:00:07,024 - INFO - [2016postVFP] MISSING_CENTRAL: TTZ2E1Mu/Central/electrons/1/px in Skim_TriLep_DYJets.root
2026-01-12 22:00:07,025 - INFO - [2016postVFP] MISSING_CENTRAL: TTZ2E1Mu/Central/electrons/1/px in Skim_TriLep_DYJets10to50.root
2026-01-12 22:00:07,575 - INFO - [2017] MISSING_CENTRAL: TTZ2E1Mu/Central/electrons/1/px in Skim_TriLep_DYJets10to50.root
2026-01-12 22:00:08,133 - INFO - [2018] MISSING_CENTRAL: TTZ2E1Mu/Central/electrons/1/px in Skim_TriLep_DYJets10to50.root
2026-01-12 22:10:16,256 - INFO - [2016preVFP] MISSING_CENTRAL: TTZ2E1Mu/Central/electrons/1/px in Skim_TriLep_DYJets10to50.root
2026-01-12 22:10:16,512 - INFO - [2016postVFP] MISSING_CENTRAL: TTZ2E1Mu/Central/electrons/1/px in Skim_TriLep_DYJets.root
2026-01-12 22:10:16,513 - INFO - [2016postVFP] MISSING_CENTRAL: TTZ2E1Mu/Central/electrons/1/px in Skim_TriLep_DYJets10to50.root
2026-01-12 22:10:16,788 - INFO - [2017] MISSING_CENTRAL: TTZ2E1Mu/Central/electrons/1/px in Skim_TriLep_DYJets10to50.root
2026-01-12 22:10:17,070 - INFO - [2018] MISSING_CENTRAL: TTZ2E1Mu/Central/electrons/1/px in Skim_TriLep_DYJets10to50.root
2026-01-12 22:47:45,098 - INFO - [2016preVFP] MISSING_CENTRAL: TTZ2E1Mu/Central/electrons/1/px in Skim_TriLep_DYJets10to50.root
2026-01-12 22:47:45,669 - INFO - [2016postVFP] MISSING_CENTRAL: TTZ2E1Mu/Central/electrons/1/px in Skim_TriLep_DYJets.root
2026-01-12 22:47:45,671 - INFO - [2016postVFP] MISSING_CENTRAL: TTZ2E1Mu/Central/electrons/1/px in Skim_TriLep_DYJets10to50.root
2026-01-12 22:47:46,300 - INFO - [2017] MISSING_CENTRAL: TTZ2E1Mu/Central/electrons/1/px in Skim_TriLep_DYJets10to50.root
2026-01-12 22:47:47,120 - INFO - [2018] MISSING_CENTRAL: TTZ2E1Mu/Central/electrons/1/px in Skim_TriLep_DYJets10to50.root
2026-01-12 22:56:16,064 - INFO - [2016preVFP] MISSING_CENTRAL: TTZ2E1Mu/Central/electrons/1/px in Skim_TriLep_DYJets10to50.root
2026-01-12 22:56:16,701 - INFO - [2016postVFP] MISSING_CENTRAL: TTZ2E1Mu/Central/electrons/1/px in Skim_TriLep_DYJets.root
2026-01-12 22:56:16,703 - INFO - [2016postVFP] MISSING_CENTRAL: TTZ2E1Mu/Central/electrons/1/px in Skim_TriLep_DYJets10to50.root
2026-01-12 22:56:17,336 - INFO - [2017] MISSING_CENTRAL: TTZ2E1Mu/Central/electrons/1/px in Skim_TriLep_DYJets10to50.root
2026-01-12 22:56:18,039 - INFO - [2018] MISSING_CENTRAL: TTZ2E1Mu/Central/electrons/1/px in Skim_TriLep_DYJets10to50.root
2026-01-12 23:02:23,966 - INFO - [2016preVFP] MISSING_CENTRAL: TTZ2E1Mu/Central/electrons/1/px in Skim_TriLep_DYJets10to50.root
2026-01-12 23:02:24,610 - INFO - [2016postVFP] MISSING_CENTRAL: TTZ2E1Mu/Central/electrons/1/px in Skim_TriLep_DYJets.root
2026-01-12 23:02:24,612 - INFO - [2016postVFP] MISSING_CENTRAL: TTZ2E1Mu/Central/electrons/1/px in Skim_TriLep_DYJets10to50.root
2026-01-12 23:02:25,245 - INFO - [2017] MISSING_CENTRAL: TTZ2E1Mu/Central/electrons/1/px in Skim_TriLep_DYJets10to50.root
2026-01-12 23:02:25,879 - INFO - [2018] MISSING_CENTRAL: TTZ2E1Mu/Central/electrons/1/px in Skim_TriLep_DYJets10to50.root
2026-01-12 23:05:35,990 - INFO - [2016preVFP] MISSING_CENTRAL: TTZ2E1Mu/Central/electrons/1/px in Skim_TriLep_DYJets10to50.root
2026-01-12 23:05:36,647 - INFO - [2016postVFP] MISSING_CENTRAL: TTZ2E1Mu/Central/electrons/1/px in Skim_TriLep_DYJets.root
2026-01-12 23:05:36,655 - INFO - [2016postVFP] MISSING_CENTRAL: TTZ2E1Mu/Central/electrons/1/px in Skim_TriLep_DYJets10to50.root
2026-01-12 23:05:37,259 - INFO - [2017] MISSING_CENTRAL: TTZ2E1Mu/Central/electrons/1/px in Skim_TriLep_DYJets10to50.root
2026-01-12 23:05:38,066 - INFO - [2018] MISSING_CENTRAL: TTZ2E1Mu/Central/electrons/1/px in Skim_TriLep_DYJets10to50.root
