2025-12-18 14:22:30,624 - INFO - [2016preVFP] MISSING_CENTRAL: TTZ2E1Mu/Central/electrons/1/py in Skim_TriLep_DYJets10to50.root
2025-12-18 14:22:31,127 - INFO - [2016postVFP] MISSING_CENTRAL: TTZ2E1Mu/Central/electrons/1/py in Skim_TriLep_DYJets.root
2025-12-18 14:22:31,132 - INFO - [2016postVFP] MISSING_CENTRAL: TTZ2E1Mu/Central/electrons/1/py in Skim_TriLep_DYJets10to50.root
2025-12-18 14:22:31,829 - INFO - [2017] MISSING_CENTRAL: TTZ2E1Mu/Central/electrons/1/py in Skim_TriLep_DYJets10to50.root
2025-12-18 14:22:32,656 - INFO - [2018] MISSING_CENTRAL: TTZ2E1Mu/Central/electrons/1/py in Skim_TriLep_DYJets10to50.root
2025-12-18 14:37:54,297 - INFO - [2016preVFP] MISSING_CENTRAL: TTZ2E1Mu/Central/electrons/1/py in Skim_TriLep_DYJets10to50.root
2025-12-18 14:37:55,284 - INFO - [2016postVFP] MISSING_CENTRAL: TTZ2E1Mu/Central/electrons/1/py in Skim_TriLep_DYJets.root
2025-12-18 14:37:55,286 - INFO - [2016postVFP] MISSING_CENTRAL: TTZ2E1Mu/Central/electrons/1/py in Skim_TriLep_DYJets10to50.root
2025-12-18 14:37:55,846 - INFO - [2017] MISSING_CENTRAL: TTZ2E1Mu/Central/electrons/1/py in Skim_TriLep_DYJets10to50.root
2025-12-18 14:37:56,512 - INFO - [2018] MISSING_CENTRAL: TTZ2E1Mu/Central/electrons/1/py in Skim_TriLep_DYJets10to50.root
2025-12-18 21:34:25,041 - INFO - [2016preVFP] MISSING_CENTRAL: TTZ2E1Mu/Central/electrons/1/py in Skim_TriLep_DYJets10to50.root
2025-12-18 21:34:25,510 - INFO - [2016postVFP] MISSING_CENTRAL: TTZ2E1Mu/Central/electrons/1/py in Skim_TriLep_DYJets.root
2025-12-18 21:34:25,511 - INFO - [2016postVFP] MISSING_CENTRAL: TTZ2E1Mu/Central/electrons/1/py in Skim_TriLep_DYJets10to50.root
2025-12-18 21:34:26,022 - INFO - [2017] MISSING_CENTRAL: TTZ2E1Mu/Central/electrons/1/py in Skim_TriLep_DYJets10to50.root
2025-12-18 21:34:26,539 - INFO - [2018] MISSING_CENTRAL: TTZ2E1Mu/Central/electrons/1/py in Skim_TriLep_DYJets10to50.root
2025-12-18 23:43:16,958 - INFO - [2016preVFP] MISSING_CENTRAL: TTZ2E1Mu/Central/electrons/1/py in Skim_TriLep_DYJets10to50.root
2025-12-18 23:43:17,250 - INFO - [2016postVFP] MISSING_CENTRAL: TTZ2E1Mu/Central/electrons/1/py in Skim_TriLep_DYJets.root
2025-12-18 23:43:17,250 - INFO - [2016postVFP] MISSING_CENTRAL: TTZ2E1Mu/Central/electrons/1/py in Skim_TriLep_DYJets10to50.root
2025-12-18 23:43:17,560 - INFO - [2017] MISSING_CENTRAL: TTZ2E1Mu/Central/electrons/1/py in Skim_TriLep_DYJets10to50.root
2025-12-18 23:43:17,888 - INFO - [2018] MISSING_CENTRAL: TTZ2E1Mu/Central/electrons/1/py in Skim_TriLep_DYJets10to50.root
2026-01-07 11:23:11,930 - INFO - [2016preVFP] MISSING_CENTRAL: TTZ2E1Mu/Central/electrons/1/py in Skim_TriLep_DYJets10to50.root
2026-01-07 11:23:12,415 - INFO - [2016postVFP] MISSING_CENTRAL: TTZ2E1Mu/Central/electrons/1/py in Skim_TriLep_DYJets.root
2026-01-07 11:23:12,417 - INFO - [2016postVFP] MISSING_CENTRAL: TTZ2E1Mu/Central/electrons/1/py in Skim_TriLep_DYJets10to50.root
2026-01-07 11:23:12,951 - INFO - [2017] MISSING_CENTRAL: TTZ2E1Mu/Central/electrons/1/py in Skim_TriLep_DYJets10to50.root
2026-01-07 11:23:13,529 - INFO - [2018] MISSING_CENTRAL: TTZ2E1Mu/Central/electrons/1/py in Skim_TriLep_DYJets10to50.root
2026-01-07 11:47:37,992 - INFO - [2016preVFP] MISSING_CENTRAL: TTZ2E1Mu/Central/electrons/1/py in Skim_TriLep_DYJets10to50.root
2026-01-07 11:47:38,468 - INFO - [2016postVFP] MISSING_CENTRAL: TTZ2E1Mu/Central/electrons/1/py in Skim_TriLep_DYJets.root
2026-01-07 11:47:38,469 - INFO - [2016postVFP] MISSING_CENTRAL: TTZ2E1Mu/Central/electrons/1/py in Skim_TriLep_DYJets10to50.root
2026-01-07 11:47:38,987 - INFO - [2017] MISSING_CENTRAL: TTZ2E1Mu/Central/electrons/1/py in Skim_TriLep_DYJets10to50.root
2026-01-07 11:47:39,503 - INFO - [2018] MISSING_CENTRAL: TTZ2E1Mu/Central/electrons/1/py in Skim_TriLep_DYJets10to50.root
2026-01-07 18:44:22,730 - INFO - [2016preVFP] MISSING_CENTRAL: TTZ2E1Mu/Central/electrons/1/py in Skim_TriLep_DYJets10to50.root
2026-01-07 18:44:23,202 - INFO - [2016postVFP] MISSING_CENTRAL: TTZ2E1Mu/Central/electrons/1/py in Skim_TriLep_DYJets.root
2026-01-07 18:44:23,203 - INFO - [2016postVFP] MISSING_CENTRAL: TTZ2E1Mu/Central/electrons/1/py in Skim_TriLep_DYJets10to50.root
2026-01-07 18:44:23,722 - INFO - [2017] MISSING_CENTRAL: TTZ2E1Mu/Central/electrons/1/py in Skim_TriLep_DYJets10to50.root
2026-01-07 18:44:24,248 - INFO - [2018] MISSING_CENTRAL: TTZ2E1Mu/Central/electrons/1/py in Skim_TriLep_DYJets10to50.root
2026-01-09 12:18:28,831 - INFO - [2016preVFP] MISSING_CENTRAL: TTZ2E1Mu/Central/electrons/1/py in Skim_TriLep_DYJets10to50.root
2026-01-09 12:18:29,130 - INFO - [2016postVFP] MISSING_CENTRAL: TTZ2E1Mu/Central/electrons/1/py in Skim_TriLep_DYJets.root
2026-01-09 12:18:29,131 - INFO - [2016postVFP] MISSING_CENTRAL: TTZ2E1Mu/Central/electrons/1/py in Skim_TriLep_DYJets10to50.root
2026-01-09 12:18:29,459 - INFO - [2017] MISSING_CENTRAL: TTZ2E1Mu/Central/electrons/1/py in Skim_TriLep_DYJets10to50.root
2026-01-09 12:18:29,784 - INFO - [2018] MISSING_CENTRAL: TTZ2E1Mu/Central/electrons/1/py in Skim_TriLep_DYJets10to50.root
2026-01-11 09:38:32,590 - INFO - [2016preVFP] MISSING_CENTRAL: TTZ2E1Mu/Central/electrons/1/py in Skim_TriLep_DYJets10to50.root
2026-01-11 09:38:32,914 - INFO - [2016postVFP] MISSING_CENTRAL: TTZ2E1Mu/Central/electrons/1/py in Skim_TriLep_DYJets.root
2026-01-11 09:38:32,914 - INFO - [2016postVFP] MISSING_CENTRAL: TTZ2E1Mu/Central/electrons/1/py in Skim_TriLep_DYJets10to50.root
2026-01-11 09:38:33,230 - INFO - [2017] MISSING_CENTRAL: TTZ2E1Mu/Central/electrons/1/py in Skim_TriLep_DYJets10to50.root
2026-01-11 09:38:33,547 - INFO - [2018] MISSING_CENTRAL: TTZ2E1Mu/Central/electrons/1/py in Skim_TriLep_DYJets10to50.root
2026-01-12 13:47:12,251 - INFO - [2016preVFP] MISSING_CENTRAL: TTZ2E1Mu/Central/electrons/1/py in Skim_TriLep_DYJets10to50.root
2026-01-12 13:47:12,563 - INFO - [2016postVFP] MISSING_CENTRAL: TTZ2E1Mu/Central/electrons/1/py in Skim_TriLep_DYJets.root
2026-01-12 13:47:12,564 - INFO - [2016postVFP] MISSING_CENTRAL: TTZ2E1Mu/Central/electrons/1/py in Skim_TriLep_DYJets10to50.root
2026-01-12 13:47:12,888 - INFO - [2017] MISSING_CENTRAL: TTZ2E1Mu/Central/electrons/1/py in Skim_TriLep_DYJets10to50.root
2026-01-12 13:47:13,191 - INFO - [2018] MISSING_FILE: /home/choij/Sync/workspace/ChargedHiggsAnalysisV3/SKNanoOutput/MatrixSelector/Run2E1Mu/2018/Skim_TriLep_MuonEG_A.root
2026-01-12 13:47:13,194 - INFO - [2018] MISSING_FILE: /home/choij/Sync/workspace/ChargedHiggsAnalysisV3/SKNanoOutput/MatrixSelector/Run2E1Mu/2018/Skim_TriLep_MuonEG_D.root
2026-01-12 13:47:13,212 - INFO - [2018] MISSING_CENTRAL: TTZ2E1Mu/Central/electrons/1/py in Skim_TriLep_DYJets10to50.root
2026-01-12 22:00:06,259 - INFO - [2016preVFP] MISSING_CENTRAL: TTZ2E1Mu/Central/electrons/1/py in Skim_TriLep_DYJets10to50.root
2026-01-12 22:00:06,788 - INFO - [2016postVFP] MISSING_CENTRAL: TTZ2E1Mu/Central/electrons/1/py in Skim_TriLep_DYJets.root
2026-01-12 22:00:06,789 - INFO - [2016postVFP] MISSING_CENTRAL: TTZ2E1Mu/Central/electrons/1/py in Skim_TriLep_DYJets10to50.root
2026-01-12 22:00:07,361 - INFO - [2017] MISSING_CENTRAL: TTZ2E1Mu/Central/electrons/1/py in Skim_TriLep_DYJets10to50.root
2026-01-12 22:00:07,955 - INFO - [2018] MISSING_CENTRAL: TTZ2E1Mu/Central/electrons/1/py in Skim_TriLep_DYJets10to50.root
2026-01-12 22:10:40,745 - INFO - [2016preVFP] MISSING_CENTRAL: TTZ2E1Mu/Central/electrons/1/py in Skim_TriLep_DYJets10to50.root
2026-01-12 22:10:40,999 - INFO - [2016postVFP] MISSING_CENTRAL: TTZ2E1Mu/Central/electrons/1/py in Skim_TriLep_DYJets.root
2026-01-12 22:10:41,000 - INFO - [2016postVFP] MISSING_CENTRAL: TTZ2E1Mu/Central/electrons/1/py in Skim_TriLep_DYJets10to50.root
2026-01-12 22:10:41,279 - INFO - [2017] MISSING_CENTRAL: TTZ2E1Mu/Central/electrons/1/py in Skim_TriLep_DYJets10to50.root
2026-01-12 22:10:41,557 - INFO - [2018] MISSING_CENTRAL: TTZ2E1Mu/Central/electrons/1/py in Skim_TriLep_DYJets10to50.root
2026-01-12 22:47:45,483 - INFO - [2016preVFP] MISSING_CENTRAL: TTZ2E1Mu/Central/electrons/1/py in Skim_TriLep_DYJets10to50.root
2026-01-12 22:47:46,182 - INFO - [2016postVFP] MISSING_CENTRAL: TTZ2E1Mu/Central/electrons/1/py in Skim_TriLep_DYJets.root
2026-01-12 22:47:46,186 - INFO - [2016postVFP] MISSING_CENTRAL: TTZ2E1Mu/Central/electrons/1/py in Skim_TriLep_DYJets10to50.root
2026-01-12 22:47:47,174 - INFO - [2017] MISSING_CENTRAL: TTZ2E1Mu/Central/electrons/1/py in Skim_TriLep_DYJets10to50.root
2026-01-12 22:47:47,978 - INFO - [2018] MISSING_CENTRAL: TTZ2E1Mu/Central/electrons/1/py in Skim_TriLep_DYJets10to50.root
2026-01-12 22:56:16,038 - INFO - [2016preVFP] MISSING_CENTRAL: TTZ2E1Mu/Central/electrons/1/py in Skim_TriLep_DYJets10to50.root
2026-01-12 22:56:16,526 - INFO - [2016postVFP] MISSING_CENTRAL: TTZ2E1Mu/Central/electrons/1/py in Skim_TriLep_DYJets.root
2026-01-12 22:56:16,527 - INFO - [2016postVFP] MISSING_CENTRAL: TTZ2E1Mu/Central/electrons/1/py in Skim_TriLep_DYJets10to50.root
2026-01-12 22:56:17,196 - INFO - [2017] MISSING_CENTRAL: TTZ2E1Mu/Central/electrons/1/py in Skim_TriLep_DYJets10to50.root
2026-01-12 22:56:17,787 - INFO - [2018] MISSING_CENTRAL: TTZ2E1Mu/Central/electrons/1/py in Skim_TriLep_DYJets10to50.root
2026-01-12 23:02:24,042 - INFO - [2016preVFP] MISSING_CENTRAL: TTZ2E1Mu/Central/electrons/1/py in Skim_TriLep_DYJets10to50.root
2026-01-12 23:02:24,643 - INFO - [2016postVFP] MISSING_CENTRAL: TTZ2E1Mu/Central/electrons/1/py in Skim_TriLep_DYJets.root
2026-01-12 23:02:24,644 - INFO - [2016postVFP] MISSING_CENTRAL: TTZ2E1Mu/Central/electrons/1/py in Skim_TriLep_DYJets10to50.root
2026-01-12 23:02:25,254 - INFO - [2017] MISSING_CENTRAL: TTZ2E1Mu/Central/electrons/1/py in Skim_TriLep_DYJets10to50.root
2026-01-12 23:02:25,830 - INFO - [2018] MISSING_CENTRAL: TTZ2E1Mu/Central/electrons/1/py in Skim_TriLep_DYJets10to50.root
2026-01-12 23:05:35,023 - INFO - [2016preVFP] MISSING_CENTRAL: TTZ2E1Mu/Central/electrons/1/py in Skim_TriLep_DYJets10to50.root
2026-01-12 23:05:35,770 - INFO - [2016postVFP] MISSING_CENTRAL: TTZ2E1Mu/Central/electrons/1/py in Skim_TriLep_DYJets.root
2026-01-12 23:05:35,781 - INFO - [2016postVFP] MISSING_CENTRAL: TTZ2E1Mu/Central/electrons/1/py in Skim_TriLep_DYJets10to50.root
2026-01-12 23:05:36,426 - INFO - [2017] MISSING_CENTRAL: TTZ2E1Mu/Central/electrons/1/py in Skim_TriLep_DYJets10to50.root
2026-01-12 23:05:37,299 - INFO - [2018] MISSING_CENTRAL: TTZ2E1Mu/Central/electrons/1/py in Skim_TriLep_DYJets10to50.root
2026-01-13 14:58:22,188 - INFO - [2016preVFP] MISSING_CENTRAL: TTZ2E1Mu/Central/electrons/1/py in Skim_TriLep_DYJets10to50.root
2026-01-13 14:58:22,689 - INFO - [2016postVFP] MISSING_CENTRAL: TTZ2E1Mu/Central/electrons/1/py in Skim_TriLep_DYJets.root
2026-01-13 14:58:22,689 - INFO - [2016postVFP] MISSING_CENTRAL: TTZ2E1Mu/Central/electrons/1/py in Skim_TriLep_DYJets10to50.root
2026-01-13 14:58:23,236 - INFO - [2017] MISSING_CENTRAL: TTZ2E1Mu/Central/electrons/1/py in Skim_TriLep_DYJets10to50.root
2026-01-13 14:58:23,881 - INFO - [2018] MISSING_CENTRAL: TTZ2E1Mu/Central/electrons/1/py in Skim_TriLep_DYJets10to50.root
