2025-12-18 14:22:36,189 - INFO - [2016preVFP] MISSING_CENTRAL: TTZ2E1Mu/Central/jets/3/pz in Skim_TriLep_DYJets.root
2025-12-18 14:22:36,191 - INFO - [2016preVFP] MISSING_CENTRAL: TTZ2E1Mu/Central/jets/3/pz in Skim_TriLep_DYJets10to50.root
2025-12-18 14:22:36,285 - INFO - [2016preVFP] MISSING_CENTRAL: TTZ2E1Mu/Central/jets/3/pz in Skim_TriLep_WWG.root
2025-12-18 14:22:37,433 - INFO - [2016postVFP] MISSING_CENTRAL: TTZ2E1Mu/Central/jets/3/pz in Skim_TriLep_DYJets.root
2025-12-18 14:22:37,437 - INFO - [2016postVFP] MISSING_CENTRAL: TTZ2E1Mu/Central/jets/3/pz in Skim_TriLep_DYJets10to50.root
2025-12-18 14:22:37,472 - INFO - [2016postVFP] MISSING_CENTRAL: TTZ2E1Mu/Central/jets/3/pz in Skim_TriLep_WWG.root
2025-12-18 14:22:38,213 - INFO - [2017] MISSING_CENTRAL: TTZ2E1Mu/Central/jets/3/pz in Skim_TriLep_DYJets10to50.root
2025-12-18 14:22:38,272 - INFO - [2017] MISSING_CENTRAL: TTZ2E1Mu/Central/jets/3/pz in Skim_TriLep_WWG.root
2025-12-18 14:22:39,020 - INFO - [2018] MISSING_CENTRAL: TTZ2E1Mu/Central/jets/3/pz in Skim_TriLep_DYJets10to50.root
2025-12-18 14:38:01,455 - INFO - [2016preVFP] MISSING_CENTRAL: TTZ2E1Mu/Central/jets/3/pz in Skim_TriLep_DYJets.root
2025-12-18 14:38:01,456 - INFO - [2016preVFP] MISSING_CENTRAL: TTZ2E1Mu/Central/jets/3/pz in Skim_TriLep_DYJets10to50.root
2025-12-18 14:38:01,503 - INFO - [2016preVFP] MISSING_CENTRAL: TTZ2E1Mu/Central/jets/3/pz in Skim_TriLep_WWG.root
2025-12-18 14:38:02,443 - INFO - [2016postVFP] MISSING_CENTRAL: TTZ2E1Mu/Central/jets/3/pz in Skim_TriLep_DYJets.root
2025-12-18 14:38:02,446 - INFO - [2016postVFP] MISSING_CENTRAL: TTZ2E1Mu/Central/jets/3/pz in Skim_TriLep_DYJets10to50.root
2025-12-18 14:38:02,508 - INFO - [2016postVFP] MISSING_CENTRAL: TTZ2E1Mu/Central/jets/3/pz in Skim_TriLep_WWG.root
2025-12-18 14:38:03,225 - INFO - [2017] MISSING_CENTRAL: TTZ2E1Mu/Central/jets/3/pz in Skim_TriLep_DYJets10to50.root
2025-12-18 14:38:03,257 - INFO - [2017] MISSING_CENTRAL: TTZ2E1Mu/Central/jets/3/pz in Skim_TriLep_WWG.root
2025-12-18 14:38:03,998 - INFO - [2018] MISSING_CENTRAL: TTZ2E1Mu/Central/jets/3/pz in Skim_TriLep_DYJets10to50.root
2025-12-18 21:34:30,697 - INFO - [2016preVFP] MISSING_CENTRAL: TTZ2E1Mu/Central/jets/3/pz in Skim_TriLep_DYJets.root
2025-12-18 21:34:30,699 - INFO - [2016preVFP] MISSING_CENTRAL: TTZ2E1Mu/Central/jets/3/pz in Skim_TriLep_DYJets10to50.root
2025-12-18 21:34:30,766 - INFO - [2016preVFP] MISSING_CENTRAL: TTZ2E1Mu/Central/jets/3/pz in Skim_TriLep_WWG.root
2025-12-18 21:34:31,492 - INFO - [2016postVFP] MISSING_CENTRAL: TTZ2E1Mu/Central/jets/3/pz in Skim_TriLep_DYJets.root
2025-12-18 21:34:31,499 - INFO - [2016postVFP] MISSING_CENTRAL: TTZ2E1Mu/Central/jets/3/pz in Skim_TriLep_DYJets10to50.root
2025-12-18 21:34:31,581 - INFO - [2016postVFP] MISSING_CENTRAL: TTZ2E1Mu/Central/jets/3/pz in Skim_TriLep_WWG.root
2025-12-18 21:34:32,372 - INFO - [2017] MISSING_CENTRAL: TTZ2E1Mu/Central/jets/3/pz in Skim_TriLep_DYJets10to50.root
2025-12-18 21:34:32,455 - INFO - [2017] MISSING_CENTRAL: TTZ2E1Mu/Central/jets/3/pz in Skim_TriLep_WWG.root
2025-12-18 21:34:32,933 - INFO - [2018] MISSING_CENTRAL: TTZ2E1Mu/Central/jets/3/pz in Skim_TriLep_DYJets10to50.root
2025-12-18 23:43:24,079 - INFO - [2016preVFP] MISSING_CENTRAL: TTZ2E1Mu/Central/jets/3/pz in Skim_TriLep_DYJets.root
2025-12-18 23:43:24,082 - INFO - [2016preVFP] MISSING_CENTRAL: TTZ2E1Mu/Central/jets/3/pz in Skim_TriLep_DYJets10to50.root
2025-12-18 23:43:24,114 - INFO - [2016preVFP] MISSING_CENTRAL: TTZ2E1Mu/Central/jets/3/pz in Skim_TriLep_WWG.root
2025-12-18 23:43:24,481 - INFO - [2016postVFP] MISSING_CENTRAL: TTZ2E1Mu/Central/jets/3/pz in Skim_TriLep_DYJets.root
2025-12-18 23:43:24,483 - INFO - [2016postVFP] MISSING_CENTRAL: TTZ2E1Mu/Central/jets/3/pz in Skim_TriLep_DYJets10to50.root
2025-12-18 23:43:24,510 - INFO - [2016postVFP] MISSING_CENTRAL: TTZ2E1Mu/Central/jets/3/pz in Skim_TriLep_WWG.root
2025-12-18 23:43:24,870 - INFO - [2017] MISSING_CENTRAL: TTZ2E1Mu/Central/jets/3/pz in Skim_TriLep_DYJets10to50.root
2025-12-18 23:43:24,889 - INFO - [2017] MISSING_CENTRAL: TTZ2E1Mu/Central/jets/3/pz in Skim_TriLep_WWG.root
2025-12-18 23:43:25,199 - INFO - [2018] MISSING_CENTRAL: TTZ2E1Mu/Central/jets/3/pz in Skim_TriLep_DYJets10to50.root
