2025-12-18 14:22:30,754 - INFO - [2016preVFP] MISSING_CENTRAL: TTZ2E1Mu/Central/jets/1/py in Skim_TriLep_DYJets10to50.root
2025-12-18 14:22:31,286 - INFO - [2016postVFP] MISSING_CENTRAL: TTZ2E1Mu/Central/jets/1/py in Skim_TriLep_DYJets.root
2025-12-18 14:22:31,287 - INFO - [2016postVFP] MISSING_CENTRAL: TTZ2E1Mu/Central/jets/1/py in Skim_TriLep_DYJets10to50.root
2025-12-18 14:22:31,961 - INFO - [2017] MISSING_CENTRAL: TTZ2E1Mu/Central/jets/1/py in Skim_TriLep_DYJets10to50.root
2025-12-18 14:22:32,719 - INFO - [2018] MISSING_CENTRAL: TTZ2E1Mu/Central/jets/1/py in Skim_TriLep_DYJets10to50.root
2025-12-18 14:37:54,914 - INFO - [2016preVFP] MISSING_CENTRAL: TTZ2E1Mu/Central/jets/1/py in Skim_TriLep_DYJets10to50.root
2025-12-18 14:37:55,603 - INFO - [2016postVFP] MISSING_CENTRAL: TTZ2E1Mu/Central/jets/1/py in Skim_TriLep_DYJets.root
2025-12-18 14:37:55,604 - INFO - [2016postVFP] MISSING_CENTRAL: TTZ2E1Mu/Central/jets/1/py in Skim_TriLep_DYJets10to50.root
2025-12-18 14:37:56,178 - INFO - [2017] MISSING_CENTRAL: TTZ2E1Mu/Central/jets/1/py in Skim_TriLep_DYJets10to50.root
2025-12-18 14:37:56,821 - INFO - [2018] MISSING_CENTRAL: TTZ2E1Mu/Central/jets/1/py in Skim_TriLep_DYJets10to50.root
2025-12-18 21:34:25,192 - INFO - [2016preVFP] MISSING_CENTRAL: TTZ2E1Mu/Central/jets/1/py in Skim_TriLep_DYJets10to50.root
2025-12-18 21:34:25,681 - INFO - [2016postVFP] MISSING_CENTRAL: TTZ2E1Mu/Central/jets/1/py in Skim_TriLep_DYJets.root
2025-12-18 21:34:25,682 - INFO - [2016postVFP] MISSING_CENTRAL: TTZ2E1Mu/Central/jets/1/py in Skim_TriLep_DYJets10to50.root
2025-12-18 21:34:26,211 - INFO - [2017] MISSING_CENTRAL: TTZ2E1Mu/Central/jets/1/py in Skim_TriLep_DYJets10to50.root
2025-12-18 21:34:26,746 - INFO - [2018] MISSING_CENTRAL: TTZ2E1Mu/Central/jets/1/py in Skim_TriLep_DYJets10to50.root
2025-12-18 23:43:20,982 - INFO - [2016preVFP] MISSING_CENTRAL: TTZ2E1Mu/Central/jets/1/py in Skim_TriLep_DYJets10to50.root
2025-12-18 23:43:21,363 - INFO - [2016postVFP] MISSING_CENTRAL: TTZ2E1Mu/Central/jets/1/py in Skim_TriLep_DYJets.root
2025-12-18 23:43:21,363 - INFO - [2016postVFP] MISSING_CENTRAL: TTZ2E1Mu/Central/jets/1/py in Skim_TriLep_DYJets10to50.root
2025-12-18 23:43:21,664 - INFO - [2017] MISSING_CENTRAL: TTZ2E1Mu/Central/jets/1/py in Skim_TriLep_DYJets10to50.root
2025-12-18 23:43:21,985 - INFO - [2018] MISSING_CENTRAL: TTZ2E1Mu/Central/jets/1/py in Skim_TriLep_DYJets10to50.root
2026-01-07 11:23:12,153 - INFO - [2016preVFP] MISSING_CENTRAL: TTZ2E1Mu/Central/jets/1/py in Skim_TriLep_DYJets10to50.root
2026-01-07 11:23:12,667 - INFO - [2016postVFP] MISSING_CENTRAL: TTZ2E1Mu/Central/jets/1/py in Skim_TriLep_DYJets.root
2026-01-07 11:23:12,668 - INFO - [2016postVFP] MISSING_CENTRAL: TTZ2E1Mu/Central/jets/1/py in Skim_TriLep_DYJets10to50.root
2026-01-07 11:23:13,201 - INFO - [2017] MISSING_CENTRAL: TTZ2E1Mu/Central/jets/1/py in Skim_TriLep_DYJets10to50.root
2026-01-07 11:23:13,784 - INFO - [2018] MISSING_CENTRAL: TTZ2E1Mu/Central/jets/1/py in Skim_TriLep_DYJets10to50.root
2026-01-07 11:47:37,992 - INFO - [2016preVFP] MISSING_CENTRAL: TTZ2E1Mu/Central/jets/1/py in Skim_TriLep_DYJets10to50.root
2026-01-07 11:47:38,471 - INFO - [2016postVFP] MISSING_CENTRAL: TTZ2E1Mu/Central/jets/1/py in Skim_TriLep_DYJets.root
2026-01-07 11:47:38,472 - INFO - [2016postVFP] MISSING_CENTRAL: TTZ2E1Mu/Central/jets/1/py in Skim_TriLep_DYJets10to50.root
2026-01-07 11:47:38,983 - INFO - [2017] MISSING_CENTRAL: TTZ2E1Mu/Central/jets/1/py in Skim_TriLep_DYJets10to50.root
2026-01-07 11:47:39,531 - INFO - [2018] MISSING_CENTRAL: TTZ2E1Mu/Central/jets/1/py in Skim_TriLep_DYJets10to50.root
2026-01-07 18:44:22,725 - INFO - [2016preVFP] MISSING_CENTRAL: TTZ2E1Mu/Central/jets/1/py in Skim_TriLep_DYJets10to50.root
2026-01-07 18:44:23,224 - INFO - [2016postVFP] MISSING_CENTRAL: TTZ2E1Mu/Central/jets/1/py in Skim_TriLep_DYJets.root
2026-01-07 18:44:23,225 - INFO - [2016postVFP] MISSING_CENTRAL: TTZ2E1Mu/Central/jets/1/py in Skim_TriLep_DYJets10to50.root
2026-01-07 18:44:23,751 - INFO - [2017] MISSING_CENTRAL: TTZ2E1Mu/Central/jets/1/py in Skim_TriLep_DYJets10to50.root
2026-01-07 18:44:24,342 - INFO - [2018] MISSING_CENTRAL: TTZ2E1Mu/Central/jets/1/py in Skim_TriLep_DYJets10to50.root
2026-01-09 12:18:32,722 - INFO - [2016preVFP] MISSING_CENTRAL: TTZ2E1Mu/Central/jets/1/py in Skim_TriLep_DYJets10to50.root
2026-01-09 12:18:33,163 - INFO - [2016postVFP] MISSING_CENTRAL: TTZ2E1Mu/Central/jets/1/py in Skim_TriLep_DYJets.root
2026-01-09 12:18:33,164 - INFO - [2016postVFP] MISSING_CENTRAL: TTZ2E1Mu/Central/jets/1/py in Skim_TriLep_DYJets10to50.root
2026-01-09 12:18:33,480 - INFO - [2017] MISSING_CENTRAL: TTZ2E1Mu/Central/jets/1/py in Skim_TriLep_DYJets10to50.root
2026-01-09 12:18:33,793 - INFO - [2018] MISSING_CENTRAL: TTZ2E1Mu/Central/jets/1/py in Skim_TriLep_DYJets10to50.root
2026-01-11 09:38:36,769 - INFO - [2016preVFP] MISSING_CENTRAL: TTZ2E1Mu/Central/jets/1/py in Skim_TriLep_DYJets10to50.root
2026-01-11 09:38:37,063 - INFO - [2016postVFP] MISSING_CENTRAL: TTZ2E1Mu/Central/jets/1/py in Skim_TriLep_DYJets.root
2026-01-11 09:38:37,063 - INFO - [2016postVFP] MISSING_CENTRAL: TTZ2E1Mu/Central/jets/1/py in Skim_TriLep_DYJets10to50.root
2026-01-11 09:38:37,366 - INFO - [2017] MISSING_CENTRAL: TTZ2E1Mu/Central/jets/1/py in Skim_TriLep_DYJets10to50.root
2026-01-11 09:38:37,695 - INFO - [2018] MISSING_CENTRAL: TTZ2E1Mu/Central/jets/1/py in Skim_TriLep_DYJets10to50.root
2026-01-12 13:47:16,217 - INFO - [2016preVFP] MISSING_CENTRAL: TTZ2E1Mu/Central/jets/1/py in Skim_TriLep_DYJets10to50.root
2026-01-12 13:47:16,567 - INFO - [2016postVFP] MISSING_CENTRAL: TTZ2E1Mu/Central/jets/1/py in Skim_TriLep_DYJets.root
2026-01-12 13:47:16,570 - INFO - [2016postVFP] MISSING_CENTRAL: TTZ2E1Mu/Central/jets/1/py in Skim_TriLep_DYJets10to50.root
2026-01-12 13:47:16,882 - INFO - [2017] MISSING_CENTRAL: TTZ2E1Mu/Central/jets/1/py in Skim_TriLep_DYJets10to50.root
2026-01-12 13:47:17,188 - INFO - [2018] MISSING_FILE: /home/choij/Sync/workspace/ChargedHiggsAnalysisV3/SKNanoOutput/MatrixSelector/Run2E1Mu/2018/Skim_TriLep_MuonEG_A.root
2026-01-12 13:47:17,191 - INFO - [2018] MISSING_FILE: /home/choij/Sync/workspace/ChargedHiggsAnalysisV3/SKNanoOutput/MatrixSelector/Run2E1Mu/2018/Skim_TriLep_MuonEG_D.root
2026-01-12 13:47:17,210 - INFO - [2018] MISSING_CENTRAL: TTZ2E1Mu/Central/jets/1/py in Skim_TriLep_DYJets10to50.root
2026-01-12 22:00:06,446 - INFO - [2016preVFP] MISSING_CENTRAL: TTZ2E1Mu/Central/jets/1/py in Skim_TriLep_DYJets10to50.root
2026-01-12 22:00:06,962 - INFO - [2016postVFP] MISSING_CENTRAL: TTZ2E1Mu/Central/jets/1/py in Skim_TriLep_DYJets.root
2026-01-12 22:00:06,963 - INFO - [2016postVFP] MISSING_CENTRAL: TTZ2E1Mu/Central/jets/1/py in Skim_TriLep_DYJets10to50.root
2026-01-12 22:00:07,506 - INFO - [2017] MISSING_CENTRAL: TTZ2E1Mu/Central/jets/1/py in Skim_TriLep_DYJets10to50.root
2026-01-12 22:00:08,055 - INFO - [2018] MISSING_CENTRAL: TTZ2E1Mu/Central/jets/1/py in Skim_TriLep_DYJets10to50.root
2026-01-12 22:47:45,387 - INFO - [2016preVFP] MISSING_CENTRAL: TTZ2E1Mu/Central/jets/1/py in Skim_TriLep_DYJets10to50.root
2026-01-12 22:47:45,995 - INFO - [2016postVFP] MISSING_CENTRAL: TTZ2E1Mu/Central/jets/1/py in Skim_TriLep_DYJets.root
2026-01-12 22:47:46,000 - INFO - [2016postVFP] MISSING_CENTRAL: TTZ2E1Mu/Central/jets/1/py in Skim_TriLep_DYJets10to50.root
2026-01-12 22:47:46,647 - INFO - [2017] MISSING_CENTRAL: TTZ2E1Mu/Central/jets/1/py in Skim_TriLep_DYJets10to50.root
2026-01-12 22:47:47,457 - INFO - [2018] MISSING_CENTRAL: TTZ2E1Mu/Central/jets/1/py in Skim_TriLep_DYJets10to50.root
2026-01-12 22:56:15,871 - INFO - [2016preVFP] MISSING_CENTRAL: TTZ2E1Mu/Central/jets/1/py in Skim_TriLep_DYJets10to50.root
2026-01-12 22:56:16,610 - INFO - [2016postVFP] MISSING_CENTRAL: TTZ2E1Mu/Central/jets/1/py in Skim_TriLep_DYJets.root
2026-01-12 22:56:16,612 - INFO - [2016postVFP] MISSING_CENTRAL: TTZ2E1Mu/Central/jets/1/py in Skim_TriLep_DYJets10to50.root
2026-01-12 22:56:17,317 - INFO - [2017] MISSING_CENTRAL: TTZ2E1Mu/Central/jets/1/py in Skim_TriLep_DYJets10to50.root
2026-01-12 22:56:18,049 - INFO - [2018] MISSING_CENTRAL: TTZ2E1Mu/Central/jets/1/py in Skim_TriLep_DYJets10to50.root
2026-01-12 23:02:25,223 - INFO - [2016preVFP] MISSING_CENTRAL: TTZ2E1Mu/Central/jets/1/py in Skim_TriLep_DYJets10to50.root
2026-01-12 23:02:26,002 - INFO - [2016postVFP] MISSING_CENTRAL: TTZ2E1Mu/Central/jets/1/py in Skim_TriLep_DYJets.root
2026-01-12 23:02:26,005 - INFO - [2016postVFP] MISSING_CENTRAL: TTZ2E1Mu/Central/jets/1/py in Skim_TriLep_DYJets10to50.root
2026-01-12 23:02:26,813 - INFO - [2017] MISSING_CENTRAL: TTZ2E1Mu/Central/jets/1/py in Skim_TriLep_DYJets10to50.root
2026-01-12 23:02:27,708 - INFO - [2018] MISSING_CENTRAL: TTZ2E1Mu/Central/jets/1/py in Skim_TriLep_DYJets10to50.root
2026-01-12 23:05:35,957 - INFO - [2016preVFP] MISSING_CENTRAL: TTZ2E1Mu/Central/jets/1/py in Skim_TriLep_DYJets10to50.root
2026-01-12 23:05:36,639 - INFO - [2016postVFP] MISSING_CENTRAL: TTZ2E1Mu/Central/jets/1/py in Skim_TriLep_DYJets.root
2026-01-12 23:05:36,640 - INFO - [2016postVFP] MISSING_CENTRAL: TTZ2E1Mu/Central/jets/1/py in Skim_TriLep_DYJets10to50.root
2026-01-12 23:05:37,435 - INFO - [2017] MISSING_CENTRAL: TTZ2E1Mu/Central/jets/1/py in Skim_TriLep_DYJets10to50.root
2026-01-12 23:05:38,397 - INFO - [2018] MISSING_CENTRAL: TTZ2E1Mu/Central/jets/1/py in Skim_TriLep_DYJets10to50.root
2026-01-13 14:58:22,326 - INFO - [2016preVFP] MISSING_CENTRAL: TTZ2E1Mu/Central/jets/1/py in Skim_TriLep_DYJets10to50.root
2026-01-13 14:58:22,868 - INFO - [2016postVFP] MISSING_CENTRAL: TTZ2E1Mu/Central/jets/1/py in Skim_TriLep_DYJets.root
2026-01-13 14:58:22,869 - INFO - [2016postVFP] MISSING_CENTRAL: TTZ2E1Mu/Central/jets/1/py in Skim_TriLep_DYJets10to50.root
2026-01-13 14:58:23,485 - INFO - [2017] MISSING_CENTRAL: TTZ2E1Mu/Central/jets/1/py in Skim_TriLep_DYJets10to50.root
2026-01-13 14:58:24,135 - INFO - [2018] MISSING_CENTRAL: TTZ2E1Mu/Central/jets/1/py in Skim_TriLep_DYJets10to50.root
2026-01-16 19:02:22,157 - INFO - [2016preVFP] MISSING_CENTRAL: TTZ2E1Mu/Central/jets/1/py in Skim_TriLep_DYJets10to50.root
2026-01-16 19:02:22,449 - INFO - [2016postVFP] MISSING_CENTRAL: TTZ2E1Mu/Central/jets/1/py in Skim_TriLep_DYJets.root
2026-01-16 19:02:22,449 - INFO - [2016postVFP] MISSING_CENTRAL: TTZ2E1Mu/Central/jets/1/py in Skim_TriLep_DYJets10to50.root
2026-01-16 19:02:22,780 - INFO - [2017] MISSING_CENTRAL: TTZ2E1Mu/Central/jets/1/py in Skim_TriLep_DYJets10to50.root
2026-01-16 19:02:23,118 - INFO - [2018] MISSING_CENTRAL: TTZ2E1Mu/Central/jets/1/py in Skim_TriLep_DYJets10to50.root
