2025-12-18 14:22:36,281 - INFO - [2016preVFP] MISSING_CENTRAL: TTZ2E1Mu/Central/jets/3/px in Skim_TriLep_DYJets.root
2025-12-18 14:22:36,284 - INFO - [2016preVFP] MISSING_CENTRAL: TTZ2E1Mu/Central/jets/3/px in Skim_TriLep_DYJets10to50.root
2025-12-18 14:22:36,373 - INFO - [2016preVFP] MISSING_CENTRAL: TTZ2E1Mu/Central/jets/3/px in Skim_TriLep_WWG.root
2025-12-18 14:22:37,282 - INFO - [2016postVFP] MISSING_CENTRAL: TTZ2E1Mu/Central/jets/3/px in Skim_TriLep_DYJets.root
2025-12-18 14:22:37,283 - INFO - [2016postVFP] MISSING_CENTRAL: TTZ2E1Mu/Central/jets/3/px in Skim_TriLep_DYJets10to50.root
2025-12-18 14:22:37,316 - INFO - [2016postVFP] MISSING_CENTRAL: TTZ2E1Mu/Central/jets/3/px in Skim_TriLep_WWG.root
2025-12-18 14:22:38,025 - INFO - [2017] MISSING_CENTRAL: TTZ2E1Mu/Central/jets/3/px in Skim_TriLep_DYJets10to50.root
2025-12-18 14:22:38,104 - INFO - [2017] MISSING_CENTRAL: TTZ2E1Mu/Central/jets/3/px in Skim_TriLep_WWG.root
2025-12-18 14:22:38,847 - INFO - [2018] MISSING_CENTRAL: TTZ2E1Mu/Central/jets/3/px in Skim_TriLep_DYJets10to50.root
2025-12-18 14:38:01,207 - INFO - [2016preVFP] MISSING_CENTRAL: TTZ2E1Mu/Central/jets/3/px in Skim_TriLep_DYJets.root
2025-12-18 14:38:01,215 - INFO - [2016preVFP] MISSING_CENTRAL: TTZ2E1Mu/Central/jets/3/px in Skim_TriLep_DYJets10to50.root
2025-12-18 14:38:01,266 - INFO - [2016preVFP] MISSING_CENTRAL: TTZ2E1Mu/Central/jets/3/px in Skim_TriLep_WWG.root
2025-12-18 14:38:01,907 - INFO - [2016postVFP] MISSING_CENTRAL: TTZ2E1Mu/Central/jets/3/px in Skim_TriLep_DYJets.root
2025-12-18 14:38:01,914 - INFO - [2016postVFP] MISSING_CENTRAL: TTZ2E1Mu/Central/jets/3/px in Skim_TriLep_DYJets10to50.root
2025-12-18 14:38:02,015 - INFO - [2016postVFP] MISSING_CENTRAL: TTZ2E1Mu/Central/jets/3/px in Skim_TriLep_WWG.root
2025-12-18 14:38:03,004 - INFO - [2017] MISSING_CENTRAL: TTZ2E1Mu/Central/jets/3/px in Skim_TriLep_DYJets10to50.root
2025-12-18 14:38:03,037 - INFO - [2017] MISSING_CENTRAL: TTZ2E1Mu/Central/jets/3/px in Skim_TriLep_WWG.root
2025-12-18 14:38:03,567 - INFO - [2018] MISSING_CENTRAL: TTZ2E1Mu/Central/jets/3/px in Skim_TriLep_DYJets10to50.root
2025-12-18 21:34:30,186 - INFO - [2016preVFP] MISSING_CENTRAL: TTZ2E1Mu/Central/jets/3/px in Skim_TriLep_DYJets.root
2025-12-18 21:34:30,187 - INFO - [2016preVFP] MISSING_CENTRAL: TTZ2E1Mu/Central/jets/3/px in Skim_TriLep_DYJets10to50.root
2025-12-18 21:34:30,263 - INFO - [2016preVFP] MISSING_CENTRAL: TTZ2E1Mu/Central/jets/3/px in Skim_TriLep_WWG.root
2025-12-18 21:34:31,003 - INFO - [2016postVFP] MISSING_CENTRAL: TTZ2E1Mu/Central/jets/3/px in Skim_TriLep_DYJets.root
2025-12-18 21:34:31,004 - INFO - [2016postVFP] MISSING_CENTRAL: TTZ2E1Mu/Central/jets/3/px in Skim_TriLep_DYJets10to50.root
2025-12-18 21:34:31,045 - INFO - [2016postVFP] MISSING_CENTRAL: TTZ2E1Mu/Central/jets/3/px in Skim_TriLep_WWG.root
2025-12-18 21:34:31,614 - INFO - [2017] MISSING_CENTRAL: TTZ2E1Mu/Central/jets/3/px in Skim_TriLep_DYJets10to50.root
2025-12-18 21:34:31,651 - INFO - [2017] MISSING_CENTRAL: TTZ2E1Mu/Central/jets/3/px in Skim_TriLep_WWG.root
2025-12-18 21:34:32,612 - INFO - [2018] MISSING_CENTRAL: TTZ2E1Mu/Central/jets/3/px in Skim_TriLep_DYJets10to50.root
2025-12-18 23:43:23,870 - INFO - [2016preVFP] MISSING_CENTRAL: TTZ2E1Mu/Central/jets/3/px in Skim_TriLep_DYJets.root
2025-12-18 23:43:23,870 - INFO - [2016preVFP] MISSING_CENTRAL: TTZ2E1Mu/Central/jets/3/px in Skim_TriLep_DYJets10to50.root
2025-12-18 23:43:23,890 - INFO - [2016preVFP] MISSING_CENTRAL: TTZ2E1Mu/Central/jets/3/px in Skim_TriLep_WWG.root
2025-12-18 23:43:24,170 - INFO - [2016postVFP] MISSING_CENTRAL: TTZ2E1Mu/Central/jets/3/px in Skim_TriLep_DYJets.root
2025-12-18 23:43:24,171 - INFO - [2016postVFP] MISSING_CENTRAL: TTZ2E1Mu/Central/jets/3/px in Skim_TriLep_DYJets10to50.root
2025-12-18 23:43:24,187 - INFO - [2016postVFP] MISSING_CENTRAL: TTZ2E1Mu/Central/jets/3/px in Skim_TriLep_WWG.root
2025-12-18 23:43:24,507 - INFO - [2017] MISSING_CENTRAL: TTZ2E1Mu/Central/jets/3/px in Skim_TriLep_DYJets10to50.root
2025-12-18 23:43:24,527 - INFO - [2017] MISSING_CENTRAL: TTZ2E1Mu/Central/jets/3/px in Skim_TriLep_WWG.root
2025-12-18 23:43:24,907 - INFO - [2018] MISSING_CENTRAL: TTZ2E1Mu/Central/jets/3/px in Skim_TriLep_DYJets10to50.root
2026-01-07 11:23:17,466 - INFO - [2016preVFP] MISSING_CENTRAL: TTZ2E1Mu/Central/jets/3/px in Skim_TriLep_DYJets.root
2026-01-07 11:23:17,468 - INFO - [2016preVFP] MISSING_CENTRAL: TTZ2E1Mu/Central/jets/3/px in Skim_TriLep_DYJets10to50.root
2026-01-07 11:23:17,570 - INFO - [2016preVFP] MISSING_CENTRAL: TTZ2E1Mu/Central/jets/3/px in Skim_TriLep_WWG.root
2026-01-07 11:23:18,417 - INFO - [2016postVFP] MISSING_CENTRAL: TTZ2E1Mu/Central/jets/3/px in Skim_TriLep_DYJets.root
2026-01-07 11:23:18,418 - INFO - [2016postVFP] MISSING_CENTRAL: TTZ2E1Mu/Central/jets/3/px in Skim_TriLep_DYJets10to50.root
2026-01-07 11:23:18,448 - INFO - [2016postVFP] MISSING_CENTRAL: TTZ2E1Mu/Central/jets/3/px in Skim_TriLep_WWG.root
2026-01-07 11:23:19,055 - INFO - [2017] MISSING_CENTRAL: TTZ2E1Mu/Central/jets/3/px in Skim_TriLep_DYJets10to50.root
2026-01-07 11:23:19,088 - INFO - [2017] MISSING_CENTRAL: TTZ2E1Mu/Central/jets/3/px in Skim_TriLep_WWG.root
2026-01-07 11:23:19,929 - INFO - [2018] MISSING_CENTRAL: TTZ2E1Mu/Central/jets/3/px in Skim_TriLep_DYJets10to50.root
2026-01-07 11:47:43,381 - INFO - [2016preVFP] MISSING_CENTRAL: TTZ2E1Mu/Central/jets/3/px in Skim_TriLep_DYJets.root
2026-01-07 11:47:43,392 - INFO - [2016preVFP] MISSING_CENTRAL: TTZ2E1Mu/Central/jets/3/px in Skim_TriLep_DYJets10to50.root
2026-01-07 11:47:43,463 - INFO - [2016preVFP] MISSING_CENTRAL: TTZ2E1Mu/Central/jets/3/px in Skim_TriLep_WWG.root
2026-01-07 11:47:44,203 - INFO - [2016postVFP] MISSING_CENTRAL: TTZ2E1Mu/Central/jets/3/px in Skim_TriLep_DYJets.root
2026-01-07 11:47:44,204 - INFO - [2016postVFP] MISSING_CENTRAL: TTZ2E1Mu/Central/jets/3/px in Skim_TriLep_DYJets10to50.root
2026-01-07 11:47:44,233 - INFO - [2016postVFP] MISSING_CENTRAL: TTZ2E1Mu/Central/jets/3/px in Skim_TriLep_WWG.root
2026-01-07 11:47:44,927 - INFO - [2017] MISSING_CENTRAL: TTZ2E1Mu/Central/jets/3/px in Skim_TriLep_DYJets10to50.root
2026-01-07 11:47:45,060 - INFO - [2017] MISSING_CENTRAL: TTZ2E1Mu/Central/jets/3/px in Skim_TriLep_WWG.root
2026-01-07 11:47:45,610 - INFO - [2018] MISSING_CENTRAL: TTZ2E1Mu/Central/jets/3/px in Skim_TriLep_DYJets10to50.root
2026-01-07 18:44:28,186 - INFO - [2016preVFP] MISSING_CENTRAL: TTZ2E1Mu/Central/jets/3/px in Skim_TriLep_DYJets.root
2026-01-07 18:44:28,187 - INFO - [2016preVFP] MISSING_CENTRAL: TTZ2E1Mu/Central/jets/3/px in Skim_TriLep_DYJets10to50.root
2026-01-07 18:44:28,220 - INFO - [2016preVFP] MISSING_CENTRAL: TTZ2E1Mu/Central/jets/3/px in Skim_TriLep_WWG.root
2026-01-07 18:44:28,867 - INFO - [2016postVFP] MISSING_CENTRAL: TTZ2E1Mu/Central/jets/3/px in Skim_TriLep_DYJets.root
2026-01-07 18:44:28,868 - INFO - [2016postVFP] MISSING_CENTRAL: TTZ2E1Mu/Central/jets/3/px in Skim_TriLep_DYJets10to50.root
2026-01-07 18:44:28,899 - INFO - [2016postVFP] MISSING_CENTRAL: TTZ2E1Mu/Central/jets/3/px in Skim_TriLep_WWG.root
2026-01-07 18:44:29,504 - INFO - [2017] MISSING_CENTRAL: TTZ2E1Mu/Central/jets/3/px in Skim_TriLep_DYJets10to50.root
2026-01-07 18:44:29,537 - INFO - [2017] MISSING_CENTRAL: TTZ2E1Mu/Central/jets/3/px in Skim_TriLep_WWG.root
2026-01-07 18:44:30,409 - INFO - [2018] MISSING_CENTRAL: TTZ2E1Mu/Central/jets/3/px in Skim_TriLep_DYJets10to50.root
2026-01-09 12:18:35,967 - INFO - [2016preVFP] MISSING_CENTRAL: TTZ2E1Mu/Central/jets/3/px in Skim_TriLep_DYJets.root
2026-01-09 12:18:35,968 - INFO - [2016preVFP] MISSING_CENTRAL: TTZ2E1Mu/Central/jets/3/px in Skim_TriLep_DYJets10to50.root
2026-01-09 12:18:35,990 - INFO - [2016preVFP] MISSING_CENTRAL: TTZ2E1Mu/Central/jets/3/px in Skim_TriLep_WWG.root
2026-01-09 12:18:36,297 - INFO - [2016postVFP] MISSING_CENTRAL: TTZ2E1Mu/Central/jets/3/px in Skim_TriLep_DYJets.root
2026-01-09 12:18:36,298 - INFO - [2016postVFP] MISSING_CENTRAL: TTZ2E1Mu/Central/jets/3/px in Skim_TriLep_DYJets10to50.root
2026-01-09 12:18:36,317 - INFO - [2016postVFP] MISSING_CENTRAL: TTZ2E1Mu/Central/jets/3/px in Skim_TriLep_WWG.root
2026-01-09 12:18:36,693 - INFO - [2017] MISSING_CENTRAL: TTZ2E1Mu/Central/jets/3/px in Skim_TriLep_DYJets10to50.root
2026-01-09 12:18:36,710 - INFO - [2017] MISSING_CENTRAL: TTZ2E1Mu/Central/jets/3/px in Skim_TriLep_WWG.root
2026-01-09 12:18:37,037 - INFO - [2018] MISSING_CENTRAL: TTZ2E1Mu/Central/jets/3/px in Skim_TriLep_DYJets10to50.root
