2025-12-18 14:22:46,120 - INFO - [2016preVFP] MISSING_CENTRAL: TTZ2E1Mu/Central/MHc160_MA85/LR_totalBkg in Skim_TriLep_DYJets10to50.root
2025-12-18 14:22:46,378 - INFO - [2016postVFP] MISSING_CENTRAL: TTZ2E1Mu/Central/MHc160_MA85/LR_totalBkg in Skim_TriLep_DYJets.root
2025-12-18 14:22:46,379 - INFO - [2016postVFP] MISSING_CENTRAL: TTZ2E1Mu/Central/MHc160_MA85/LR_totalBkg in Skim_TriLep_DYJets10to50.root
2025-12-18 14:22:46,672 - INFO - [2017] MISSING_CENTRAL: TTZ2E1Mu/Central/MHc160_MA85/LR_totalBkg in Skim_TriLep_DYJets10to50.root
2025-12-18 14:22:46,907 - INFO - [2018] MISSING_CENTRAL: TTZ2E1Mu/Central/MHc160_MA85/LR_totalBkg in Skim_TriLep_DYJets10to50.root
2025-12-18 14:38:10,703 - INFO - [2016preVFP] MISSING_CENTRAL: TTZ2E1Mu/Central/MHc160_MA85/LR_totalBkg in Skim_TriLep_DYJets10to50.root
2025-12-18 14:38:10,923 - INFO - [2016postVFP] MISSING_CENTRAL: TTZ2E1Mu/Central/MHc160_MA85/LR_totalBkg in Skim_TriLep_DYJets.root
2025-12-18 14:38:10,924 - INFO - [2016postVFP] MISSING_CENTRAL: TTZ2E1Mu/Central/MHc160_MA85/LR_totalBkg in Skim_TriLep_DYJets10to50.root
2025-12-18 14:38:11,111 - INFO - [2017] MISSING_CENTRAL: TTZ2E1Mu/Central/MHc160_MA85/LR_totalBkg in Skim_TriLep_DYJets10to50.root
2025-12-18 14:38:11,297 - INFO - [2018] MISSING_CENTRAL: TTZ2E1Mu/Central/MHc160_MA85/LR_totalBkg in Skim_TriLep_DYJets10to50.root
2025-12-18 21:34:38,661 - INFO - [2016preVFP] MISSING_CENTRAL: TTZ2E1Mu/Central/MHc160_MA85/LR_totalBkg in Skim_TriLep_DYJets10to50.root
2025-12-18 21:34:38,939 - INFO - [2016postVFP] MISSING_CENTRAL: TTZ2E1Mu/Central/MHc160_MA85/LR_totalBkg in Skim_TriLep_DYJets.root
2025-12-18 21:34:38,940 - INFO - [2016postVFP] MISSING_CENTRAL: TTZ2E1Mu/Central/MHc160_MA85/LR_totalBkg in Skim_TriLep_DYJets10to50.root
2025-12-18 21:34:39,187 - INFO - [2017] MISSING_CENTRAL: TTZ2E1Mu/Central/MHc160_MA85/LR_totalBkg in Skim_TriLep_DYJets10to50.root
2025-12-18 21:34:39,418 - INFO - [2018] MISSING_CENTRAL: TTZ2E1Mu/Central/MHc160_MA85/LR_totalBkg in Skim_TriLep_DYJets10to50.root
2025-12-18 23:43:36,158 - INFO - [2016preVFP] MISSING_CENTRAL: TTZ2E1Mu/Central/MHc160_MA85/LR_totalBkg in Skim_TriLep_DYJets10to50.root
2025-12-18 23:43:36,282 - INFO - [2016postVFP] MISSING_CENTRAL: TTZ2E1Mu/Central/MHc160_MA85/LR_totalBkg in Skim_TriLep_DYJets.root
2025-12-18 23:43:36,286 - INFO - [2016postVFP] MISSING_CENTRAL: TTZ2E1Mu/Central/MHc160_MA85/LR_totalBkg in Skim_TriLep_DYJets10to50.root
2025-12-18 23:43:36,457 - INFO - [2017] MISSING_CENTRAL: TTZ2E1Mu/Central/MHc160_MA85/LR_totalBkg in Skim_TriLep_DYJets10to50.root
2025-12-18 23:43:36,536 - INFO - [2018] MISSING_CENTRAL: TTZ2E1Mu/Central/MHc160_MA85/LR_totalBkg in Skim_TriLep_DYJets10to50.root
2026-01-07 11:23:26,828 - INFO - [2016preVFP] MISSING_CENTRAL: TTZ2E1Mu/Central/MHc160_MA85/LR_totalBkg in Skim_TriLep_DYJets10to50.root
2026-01-07 11:23:27,058 - INFO - [2016postVFP] MISSING_CENTRAL: TTZ2E1Mu/Central/MHc160_MA85/LR_totalBkg in Skim_TriLep_DYJets.root
2026-01-07 11:23:27,059 - INFO - [2016postVFP] MISSING_CENTRAL: TTZ2E1Mu/Central/MHc160_MA85/LR_totalBkg in Skim_TriLep_DYJets10to50.root
2026-01-07 11:23:27,285 - INFO - [2017] MISSING_CENTRAL: TTZ2E1Mu/Central/MHc160_MA85/LR_totalBkg in Skim_TriLep_DYJets10to50.root
2026-01-07 11:23:27,492 - INFO - [2018] MISSING_CENTRAL: TTZ2E1Mu/Central/MHc160_MA85/LR_totalBkg in Skim_TriLep_DYJets10to50.root
2026-01-07 11:47:51,896 - INFO - [2016preVFP] MISSING_CENTRAL: TTZ2E1Mu/Central/MHc160_MA85/LR_totalBkg in Skim_TriLep_DYJets10to50.root
2026-01-07 11:47:52,103 - INFO - [2016postVFP] MISSING_CENTRAL: TTZ2E1Mu/Central/MHc160_MA85/LR_totalBkg in Skim_TriLep_DYJets.root
2026-01-07 11:47:52,104 - INFO - [2016postVFP] MISSING_CENTRAL: TTZ2E1Mu/Central/MHc160_MA85/LR_totalBkg in Skim_TriLep_DYJets10to50.root
2026-01-07 11:47:52,348 - INFO - [2017] MISSING_CENTRAL: TTZ2E1Mu/Central/MHc160_MA85/LR_totalBkg in Skim_TriLep_DYJets10to50.root
2026-01-07 11:47:52,586 - INFO - [2018] MISSING_CENTRAL: TTZ2E1Mu/Central/MHc160_MA85/LR_totalBkg in Skim_TriLep_DYJets10to50.root
2026-01-07 18:44:36,344 - INFO - [2016preVFP] MISSING_CENTRAL: TTZ2E1Mu/Central/MHc160_MA85/LR_totalBkg in Skim_TriLep_DYJets10to50.root
2026-01-07 18:44:36,468 - INFO - [2016postVFP] MISSING_CENTRAL: TTZ2E1Mu/Central/MHc160_MA85/LR_totalBkg in Skim_TriLep_DYJets.root
2026-01-07 18:44:36,469 - INFO - [2016postVFP] MISSING_CENTRAL: TTZ2E1Mu/Central/MHc160_MA85/LR_totalBkg in Skim_TriLep_DYJets10to50.root
2026-01-07 18:44:36,604 - INFO - [2017] MISSING_CENTRAL: TTZ2E1Mu/Central/MHc160_MA85/LR_totalBkg in Skim_TriLep_DYJets10to50.root
2026-01-07 18:44:36,745 - INFO - [2018] MISSING_CENTRAL: TTZ2E1Mu/Central/MHc160_MA85/LR_totalBkg in Skim_TriLep_DYJets10to50.root
2026-01-09 12:18:47,439 - INFO - [2016preVFP] MISSING_CENTRAL: TTZ2E1Mu/Central/MHc160_MA85/LR_totalBkg in Skim_TriLep_DYJets10to50.root
2026-01-09 12:18:47,637 - INFO - [2016postVFP] MISSING_CENTRAL: TTZ2E1Mu/Central/MHc160_MA85/LR_totalBkg in Skim_TriLep_DYJets.root
2026-01-09 12:18:47,638 - INFO - [2016postVFP] MISSING_CENTRAL: TTZ2E1Mu/Central/MHc160_MA85/LR_totalBkg in Skim_TriLep_DYJets10to50.root
2026-01-09 12:18:47,769 - INFO - [2017] MISSING_CENTRAL: TTZ2E1Mu/Central/MHc160_MA85/LR_totalBkg in Skim_TriLep_DYJets10to50.root
2026-01-09 12:18:47,885 - INFO - [2018] MISSING_CENTRAL: TTZ2E1Mu/Central/MHc160_MA85/LR_totalBkg in Skim_TriLep_DYJets10to50.root
2026-01-11 09:38:51,278 - INFO - [2016preVFP] MISSING_CENTRAL: TTZ2E1Mu/Central/MHc160_MA85/LR_totalBkg in Skim_TriLep_DYJets10to50.root
2026-01-11 09:38:51,417 - INFO - [2016postVFP] MISSING_CENTRAL: TTZ2E1Mu/Central/MHc160_MA85/LR_totalBkg in Skim_TriLep_DYJets.root
2026-01-11 09:38:51,417 - INFO - [2016postVFP] MISSING_CENTRAL: TTZ2E1Mu/Central/MHc160_MA85/LR_totalBkg in Skim_TriLep_DYJets10to50.root
2026-01-11 09:38:51,559 - INFO - [2017] MISSING_CENTRAL: TTZ2E1Mu/Central/MHc160_MA85/LR_totalBkg in Skim_TriLep_DYJets10to50.root
2026-01-11 09:38:51,640 - INFO - [2018] MISSING_CENTRAL: TTZ2E1Mu/Central/MHc160_MA85/LR_totalBkg in Skim_TriLep_DYJets10to50.root
2026-01-11 15:53:40,969 - INFO - [2016preVFP] MISSING_CENTRAL: TTZ2E1Mu/Central/MHc160_MA85/LR_totalBkg in Skim_TriLep_DYJets10to50.root
2026-01-11 15:53:41,051 - INFO - [2016postVFP] MISSING_CENTRAL: TTZ2E1Mu/Central/MHc160_MA85/LR_totalBkg in Skim_TriLep_DYJets.root
2026-01-11 15:53:41,052 - INFO - [2016postVFP] MISSING_CENTRAL: TTZ2E1Mu/Central/MHc160_MA85/LR_totalBkg in Skim_TriLep_DYJets10to50.root
2026-01-11 15:53:41,133 - INFO - [2017] MISSING_CENTRAL: TTZ2E1Mu/Central/MHc160_MA85/LR_totalBkg in Skim_TriLep_DYJets10to50.root
2026-01-11 15:53:41,204 - INFO - [2018] MISSING_CENTRAL: TTZ2E1Mu/Central/MHc160_MA85/LR_totalBkg in Skim_TriLep_DYJets10to50.root
2026-01-11 15:56:49,640 - INFO - [2016preVFP] MISSING_CENTRAL: TTZ2E1Mu/Central/MHc160_MA85/LR_totalBkg in Skim_TriLep_DYJets10to50.root
2026-01-11 15:56:49,706 - INFO - [2016postVFP] MISSING_CENTRAL: TTZ2E1Mu/Central/MHc160_MA85/LR_totalBkg in Skim_TriLep_DYJets.root
2026-01-11 15:56:49,706 - INFO - [2016postVFP] MISSING_CENTRAL: TTZ2E1Mu/Central/MHc160_MA85/LR_totalBkg in Skim_TriLep_DYJets10to50.root
2026-01-11 15:56:49,776 - INFO - [2017] MISSING_CENTRAL: TTZ2E1Mu/Central/MHc160_MA85/LR_totalBkg in Skim_TriLep_DYJets10to50.root
2026-01-11 15:56:49,845 - INFO - [2018] MISSING_CENTRAL: TTZ2E1Mu/Central/MHc160_MA85/LR_totalBkg in Skim_TriLep_DYJets10to50.root
2026-01-11 15:58:17,721 - INFO - [2016preVFP] MISSING_CENTRAL: TTZ2E1Mu/Central/MHc160_MA85/LR_totalBkg in Skim_TriLep_DYJets10to50.root
2026-01-11 15:58:17,800 - INFO - [2016postVFP] MISSING_CENTRAL: TTZ2E1Mu/Central/MHc160_MA85/LR_totalBkg in Skim_TriLep_DYJets.root
2026-01-11 15:58:17,801 - INFO - [2016postVFP] MISSING_CENTRAL: TTZ2E1Mu/Central/MHc160_MA85/LR_totalBkg in Skim_TriLep_DYJets10to50.root
2026-01-11 15:58:17,872 - INFO - [2017] MISSING_CENTRAL: TTZ2E1Mu/Central/MHc160_MA85/LR_totalBkg in Skim_TriLep_DYJets10to50.root
2026-01-11 15:58:17,945 - INFO - [2018] MISSING_CENTRAL: TTZ2E1Mu/Central/MHc160_MA85/LR_totalBkg in Skim_TriLep_DYJets10to50.root
2026-01-11 16:05:00,713 - INFO - [2016preVFP] MISSING_CENTRAL: TTZ2E1Mu/Central/MHc160_MA85/LR_totalBkg in Skim_TriLep_DYJets10to50.root
2026-01-11 16:05:00,782 - INFO - [2016postVFP] MISSING_CENTRAL: TTZ2E1Mu/Central/MHc160_MA85/LR_totalBkg in Skim_TriLep_DYJets.root
2026-01-11 16:05:00,782 - INFO - [2016postVFP] MISSING_CENTRAL: TTZ2E1Mu/Central/MHc160_MA85/LR_totalBkg in Skim_TriLep_DYJets10to50.root
2026-01-11 16:05:00,854 - INFO - [2017] MISSING_CENTRAL: TTZ2E1Mu/Central/MHc160_MA85/LR_totalBkg in Skim_TriLep_DYJets10to50.root
2026-01-11 16:05:00,925 - INFO - [2018] MISSING_CENTRAL: TTZ2E1Mu/Central/MHc160_MA85/LR_totalBkg in Skim_TriLep_DYJets10to50.root
2026-01-11 16:06:10,290 - INFO - [2016preVFP] MISSING_CENTRAL: TTZ2E1Mu/Central/MHc160_MA85/LR_totalBkg in Skim_TriLep_DYJets10to50.root
2026-01-11 16:06:10,357 - INFO - [2016postVFP] MISSING_CENTRAL: TTZ2E1Mu/Central/MHc160_MA85/LR_totalBkg in Skim_TriLep_DYJets.root
2026-01-11 16:06:10,357 - INFO - [2016postVFP] MISSING_CENTRAL: TTZ2E1Mu/Central/MHc160_MA85/LR_totalBkg in Skim_TriLep_DYJets10to50.root
2026-01-11 16:06:10,426 - INFO - [2017] MISSING_CENTRAL: TTZ2E1Mu/Central/MHc160_MA85/LR_totalBkg in Skim_TriLep_DYJets10to50.root
2026-01-11 16:06:10,495 - INFO - [2018] MISSING_CENTRAL: TTZ2E1Mu/Central/MHc160_MA85/LR_totalBkg in Skim_TriLep_DYJets10to50.root
2026-01-11 16:06:31,246 - INFO - [2016preVFP] MISSING_CENTRAL: TTZ2E1Mu/Central/MHc160_MA85/LR_totalBkg in Skim_TriLep_DYJets10to50.root
2026-01-11 16:06:31,315 - INFO - [2016postVFP] MISSING_CENTRAL: TTZ2E1Mu/Central/MHc160_MA85/LR_totalBkg in Skim_TriLep_DYJets.root
2026-01-11 16:06:31,315 - INFO - [2016postVFP] MISSING_CENTRAL: TTZ2E1Mu/Central/MHc160_MA85/LR_totalBkg in Skim_TriLep_DYJets10to50.root
2026-01-11 16:06:31,386 - INFO - [2017] MISSING_CENTRAL: TTZ2E1Mu/Central/MHc160_MA85/LR_totalBkg in Skim_TriLep_DYJets10to50.root
2026-01-11 16:06:31,457 - INFO - [2018] MISSING_CENTRAL: TTZ2E1Mu/Central/MHc160_MA85/LR_totalBkg in Skim_TriLep_DYJets10to50.root
2026-01-11 16:06:52,835 - INFO - [2016preVFP] MISSING_CENTRAL: TTZ2E1Mu/Central/MHc160_MA85/LR_totalBkg in Skim_TriLep_DYJets10to50.root
2026-01-11 16:06:52,904 - INFO - [2016postVFP] MISSING_CENTRAL: TTZ2E1Mu/Central/MHc160_MA85/LR_totalBkg in Skim_TriLep_DYJets.root
2026-01-11 16:06:52,904 - INFO - [2016postVFP] MISSING_CENTRAL: TTZ2E1Mu/Central/MHc160_MA85/LR_totalBkg in Skim_TriLep_DYJets10to50.root
2026-01-11 16:06:52,976 - INFO - [2017] MISSING_CENTRAL: TTZ2E1Mu/Central/MHc160_MA85/LR_totalBkg in Skim_TriLep_DYJets10to50.root
2026-01-11 16:06:53,047 - INFO - [2018] MISSING_CENTRAL: TTZ2E1Mu/Central/MHc160_MA85/LR_totalBkg in Skim_TriLep_DYJets10to50.root
2026-01-11 16:07:18,695 - INFO - [2016preVFP] MISSING_CENTRAL: TTZ2E1Mu/Central/MHc160_MA85/LR_totalBkg in Skim_TriLep_DYJets10to50.root
2026-01-11 16:07:18,761 - INFO - [2016postVFP] MISSING_CENTRAL: TTZ2E1Mu/Central/MHc160_MA85/LR_totalBkg in Skim_TriLep_DYJets.root
2026-01-11 16:07:18,761 - INFO - [2016postVFP] MISSING_CENTRAL: TTZ2E1Mu/Central/MHc160_MA85/LR_totalBkg in Skim_TriLep_DYJets10to50.root
2026-01-11 16:07:18,830 - INFO - [2017] MISSING_CENTRAL: TTZ2E1Mu/Central/MHc160_MA85/LR_totalBkg in Skim_TriLep_DYJets10to50.root
2026-01-11 16:07:18,898 - INFO - [2018] MISSING_CENTRAL: TTZ2E1Mu/Central/MHc160_MA85/LR_totalBkg in Skim_TriLep_DYJets10to50.root
2026-01-11 17:15:52,444 - INFO - [2016preVFP] MISSING_CENTRAL: TTZ2E1Mu/Central/MHc160_MA85/LR_totalBkg in Skim_TriLep_DYJets10to50.root
2026-01-11 17:15:59,708 - INFO - [2016postVFP] MISSING_CENTRAL: TTZ2E1Mu/Central/MHc160_MA85/LR_totalBkg in Skim_TriLep_DYJets.root
2026-01-11 17:15:59,731 - INFO - [2016postVFP] MISSING_CENTRAL: TTZ2E1Mu/Central/MHc160_MA85/LR_totalBkg in Skim_TriLep_DYJets10to50.root
2026-01-11 17:16:14,019 - INFO - [2017] MISSING_CENTRAL: TTZ2E1Mu/Central/MHc160_MA85/LR_totalBkg in Skim_TriLep_DYJets10to50.root
2026-01-11 17:16:24,914 - INFO - [2018] MISSING_CENTRAL: TTZ2E1Mu/Central/MHc160_MA85/LR_totalBkg in Skim_TriLep_DYJets10to50.root
2026-01-11 17:24:02,073 - INFO - [2016preVFP] MISSING_CENTRAL: TTZ2E1Mu/Central/MHc160_MA85/LR_totalBkg in Skim_TriLep_DYJets10to50.root
2026-01-11 17:24:02,188 - INFO - [2016postVFP] MISSING_CENTRAL: TTZ2E1Mu/Central/MHc160_MA85/LR_totalBkg in Skim_TriLep_DYJets.root
2026-01-11 17:24:02,189 - INFO - [2016postVFP] MISSING_CENTRAL: TTZ2E1Mu/Central/MHc160_MA85/LR_totalBkg in Skim_TriLep_DYJets10to50.root
2026-01-11 17:24:02,311 - INFO - [2017] MISSING_CENTRAL: TTZ2E1Mu/Central/MHc160_MA85/LR_totalBkg in Skim_TriLep_DYJets10to50.root
2026-01-11 17:24:02,433 - INFO - [2018] MISSING_CENTRAL: TTZ2E1Mu/Central/MHc160_MA85/LR_totalBkg in Skim_TriLep_DYJets10to50.root
2026-01-11 17:31:01,413 - INFO - [2016preVFP] MISSING_CENTRAL: TTZ2E1Mu/Central/MHc160_MA85/LR_totalBkg in Skim_TriLep_DYJets10to50.root
2026-01-11 17:31:01,536 - INFO - [2016postVFP] MISSING_CENTRAL: TTZ2E1Mu/Central/MHc160_MA85/LR_totalBkg in Skim_TriLep_DYJets.root
2026-01-11 17:31:01,537 - INFO - [2016postVFP] MISSING_CENTRAL: TTZ2E1Mu/Central/MHc160_MA85/LR_totalBkg in Skim_TriLep_DYJets10to50.root
2026-01-11 17:31:01,668 - INFO - [2017] MISSING_CENTRAL: TTZ2E1Mu/Central/MHc160_MA85/LR_totalBkg in Skim_TriLep_DYJets10to50.root
2026-01-11 17:31:01,798 - INFO - [2018] MISSING_CENTRAL: TTZ2E1Mu/Central/MHc160_MA85/LR_totalBkg in Skim_TriLep_DYJets10to50.root
2026-01-11 17:35:29,596 - INFO - [2016preVFP] MISSING_CENTRAL: TTZ2E1Mu/Central/MHc160_MA85/LR_totalBkg in Skim_TriLep_DYJets10to50.root
2026-01-11 17:35:29,713 - INFO - [2016postVFP] MISSING_CENTRAL: TTZ2E1Mu/Central/MHc160_MA85/LR_totalBkg in Skim_TriLep_DYJets.root
2026-01-11 17:35:29,714 - INFO - [2016postVFP] MISSING_CENTRAL: TTZ2E1Mu/Central/MHc160_MA85/LR_totalBkg in Skim_TriLep_DYJets10to50.root
2026-01-11 17:35:29,838 - INFO - [2017] MISSING_CENTRAL: TTZ2E1Mu/Central/MHc160_MA85/LR_totalBkg in Skim_TriLep_DYJets10to50.root
2026-01-11 17:35:29,963 - INFO - [2018] MISSING_CENTRAL: TTZ2E1Mu/Central/MHc160_MA85/LR_totalBkg in Skim_TriLep_DYJets10to50.root
2026-01-12 13:47:31,008 - INFO - [2016preVFP] MISSING_CENTRAL: TTZ2E1Mu/Central/MHc160_MA85/LR_totalBkg in Skim_TriLep_DYJets10to50.root
2026-01-12 13:47:31,104 - INFO - [2016postVFP] MISSING_CENTRAL: TTZ2E1Mu/Central/MHc160_MA85/LR_totalBkg in Skim_TriLep_DYJets.root
2026-01-12 13:47:31,105 - INFO - [2016postVFP] MISSING_CENTRAL: TTZ2E1Mu/Central/MHc160_MA85/LR_totalBkg in Skim_TriLep_DYJets10to50.root
2026-01-12 13:47:31,295 - INFO - [2017] MISSING_CENTRAL: TTZ2E1Mu/Central/MHc160_MA85/LR_totalBkg in Skim_TriLep_DYJets10to50.root
2026-01-12 13:47:31,452 - INFO - [2018] MISSING_FILE: /home/choij/Sync/workspace/ChargedHiggsAnalysisV3/SKNanoOutput/MatrixSelector/Run2E1Mu/2018/Skim_TriLep_MuonEG_A.root
2026-01-12 13:47:31,454 - INFO - [2018] MISSING_FILE: /home/choij/Sync/workspace/ChargedHiggsAnalysisV3/SKNanoOutput/MatrixSelector/Run2E1Mu/2018/Skim_TriLep_MuonEG_D.root
2026-01-12 13:47:31,464 - INFO - [2018] MISSING_CENTRAL: TTZ2E1Mu/Central/MHc160_MA85/LR_totalBkg in Skim_TriLep_DYJets10to50.root
2026-01-12 17:34:07,983 - INFO - [2016preVFP] MISSING_CENTRAL: TTZ2E1Mu/Central/MHc160_MA85/LR_totalBkg in Skim_TriLep_DYJets10to50.root
2026-01-12 17:34:08,107 - INFO - [2016postVFP] MISSING_CENTRAL: TTZ2E1Mu/Central/MHc160_MA85/LR_totalBkg in Skim_TriLep_DYJets.root
2026-01-12 17:34:08,108 - INFO - [2016postVFP] MISSING_CENTRAL: TTZ2E1Mu/Central/MHc160_MA85/LR_totalBkg in Skim_TriLep_DYJets10to50.root
2026-01-12 17:34:08,242 - INFO - [2017] MISSING_CENTRAL: TTZ2E1Mu/Central/MHc160_MA85/LR_totalBkg in Skim_TriLep_DYJets10to50.root
2026-01-12 17:34:08,368 - INFO - [2018] MISSING_FILE: /data9/Users/choij/Sync/workspace/ChargedHiggsAnalysisV3/SKNanoOutput/MatrixSelector/Run2E1Mu/2018/Skim_TriLep_MuonEG_D.root
2026-01-12 17:34:08,376 - INFO - [2018] MISSING_CENTRAL: TTZ2E1Mu/Central/MHc160_MA85/LR_totalBkg in Skim_TriLep_DYJets10to50.root
2026-01-12 19:17:11,692 - INFO - [2016preVFP] MISSING_CENTRAL: TTZ2E1Mu/Central/MHc160_MA85/LR_totalBkg in Skim_TriLep_DYJets10to50.root
2026-01-12 19:17:11,815 - INFO - [2016postVFP] MISSING_CENTRAL: TTZ2E1Mu/Central/MHc160_MA85/LR_totalBkg in Skim_TriLep_DYJets.root
2026-01-12 19:17:11,816 - INFO - [2016postVFP] MISSING_CENTRAL: TTZ2E1Mu/Central/MHc160_MA85/LR_totalBkg in Skim_TriLep_DYJets10to50.root
2026-01-12 19:17:11,946 - INFO - [2017] MISSING_CENTRAL: TTZ2E1Mu/Central/MHc160_MA85/LR_totalBkg in Skim_TriLep_DYJets10to50.root
2026-01-12 19:17:12,077 - INFO - [2018] MISSING_CENTRAL: TTZ2E1Mu/Central/MHc160_MA85/LR_totalBkg in Skim_TriLep_DYJets10to50.root
2026-01-12 21:16:59,067 - INFO - [2016preVFP] MISSING_CENTRAL: TTZ2E1Mu/Central/MHc160_MA85/LR_totalBkg in Skim_TriLep_DYJets10to50.root
2026-01-12 21:16:59,187 - INFO - [2016postVFP] MISSING_CENTRAL: TTZ2E1Mu/Central/MHc160_MA85/LR_totalBkg in Skim_TriLep_DYJets.root
2026-01-12 21:16:59,188 - INFO - [2016postVFP] MISSING_CENTRAL: TTZ2E1Mu/Central/MHc160_MA85/LR_totalBkg in Skim_TriLep_DYJets10to50.root
2026-01-12 21:16:59,318 - INFO - [2017] MISSING_CENTRAL: TTZ2E1Mu/Central/MHc160_MA85/LR_totalBkg in Skim_TriLep_DYJets10to50.root
2026-01-12 21:16:59,447 - INFO - [2018] MISSING_CENTRAL: TTZ2E1Mu/Central/MHc160_MA85/LR_totalBkg in Skim_TriLep_DYJets10to50.root
2026-01-12 21:17:46,332 - INFO - [2016preVFP] MISSING_CENTRAL: TTZ2E1Mu/Central/MHc160_MA85/LR_totalBkg in Skim_TriLep_DYJets10to50.root
2026-01-12 21:17:46,449 - INFO - [2016postVFP] MISSING_CENTRAL: TTZ2E1Mu/Central/MHc160_MA85/LR_totalBkg in Skim_TriLep_DYJets.root
2026-01-12 21:17:46,450 - INFO - [2016postVFP] MISSING_CENTRAL: TTZ2E1Mu/Central/MHc160_MA85/LR_totalBkg in Skim_TriLep_DYJets10to50.root
2026-01-12 21:17:46,575 - INFO - [2017] MISSING_CENTRAL: TTZ2E1Mu/Central/MHc160_MA85/LR_totalBkg in Skim_TriLep_DYJets10to50.root
2026-01-12 21:17:46,700 - INFO - [2018] MISSING_CENTRAL: TTZ2E1Mu/Central/MHc160_MA85/LR_totalBkg in Skim_TriLep_DYJets10to50.root
2026-01-12 21:18:03,559 - INFO - [2016preVFP] MISSING_CENTRAL: TTZ2E1Mu/Central/MHc160_MA85/LR_totalBkg in Skim_TriLep_DYJets10to50.root
2026-01-12 21:18:03,678 - INFO - [2016postVFP] MISSING_CENTRAL: TTZ2E1Mu/Central/MHc160_MA85/LR_totalBkg in Skim_TriLep_DYJets.root
2026-01-12 21:18:03,679 - INFO - [2016postVFP] MISSING_CENTRAL: TTZ2E1Mu/Central/MHc160_MA85/LR_totalBkg in Skim_TriLep_DYJets10to50.root
2026-01-12 21:18:03,805 - INFO - [2017] MISSING_CENTRAL: TTZ2E1Mu/Central/MHc160_MA85/LR_totalBkg in Skim_TriLep_DYJets10to50.root
2026-01-12 21:18:03,932 - INFO - [2018] MISSING_CENTRAL: TTZ2E1Mu/Central/MHc160_MA85/LR_totalBkg in Skim_TriLep_DYJets10to50.root
2026-01-12 21:45:49,817 - INFO - [2016preVFP] MISSING_CENTRAL: TTZ2E1Mu/Central/MHc160_MA85/LR_totalBkg in Skim_TriLep_DYJets10to50.root
2026-01-12 21:45:49,928 - INFO - [2016postVFP] MISSING_CENTRAL: TTZ2E1Mu/Central/MHc160_MA85/LR_totalBkg in Skim_TriLep_DYJets.root
2026-01-12 21:45:49,928 - INFO - [2016postVFP] MISSING_CENTRAL: TTZ2E1Mu/Central/MHc160_MA85/LR_totalBkg in Skim_TriLep_DYJets10to50.root
2026-01-12 21:45:50,045 - INFO - [2017] MISSING_CENTRAL: TTZ2E1Mu/Central/MHc160_MA85/LR_totalBkg in Skim_TriLep_DYJets10to50.root
2026-01-12 21:45:50,162 - INFO - [2018] MISSING_CENTRAL: TTZ2E1Mu/Central/MHc160_MA85/LR_totalBkg in Skim_TriLep_DYJets10to50.root
2026-01-12 22:00:20,658 - INFO - [2016preVFP] MISSING_CENTRAL: TTZ2E1Mu/Central/MHc160_MA85/LR_totalBkg in Skim_TriLep_DYJets10to50.root
2026-01-12 22:00:20,865 - INFO - [2016postVFP] MISSING_CENTRAL: TTZ2E1Mu/Central/MHc160_MA85/LR_totalBkg in Skim_TriLep_DYJets.root
2026-01-12 22:00:20,866 - INFO - [2016postVFP] MISSING_CENTRAL: TTZ2E1Mu/Central/MHc160_MA85/LR_totalBkg in Skim_TriLep_DYJets10to50.root
2026-01-12 22:00:21,058 - INFO - [2017] MISSING_CENTRAL: TTZ2E1Mu/Central/MHc160_MA85/LR_totalBkg in Skim_TriLep_DYJets10to50.root
2026-01-12 22:00:21,199 - INFO - [2018] MISSING_CENTRAL: TTZ2E1Mu/Central/MHc160_MA85/LR_totalBkg in Skim_TriLep_DYJets10to50.root
2026-01-12 22:48:03,391 - INFO - [2016preVFP] MISSING_CENTRAL: TTZ2E1Mu/Central/MHc160_MA85/LR_totalBkg in Skim_TriLep_DYJets10to50.root
2026-01-12 22:48:03,585 - INFO - [2016postVFP] MISSING_CENTRAL: TTZ2E1Mu/Central/MHc160_MA85/LR_totalBkg in Skim_TriLep_DYJets.root
2026-01-12 22:48:03,586 - INFO - [2016postVFP] MISSING_CENTRAL: TTZ2E1Mu/Central/MHc160_MA85/LR_totalBkg in Skim_TriLep_DYJets10to50.root
2026-01-12 22:48:03,782 - INFO - [2017] MISSING_CENTRAL: TTZ2E1Mu/Central/MHc160_MA85/LR_totalBkg in Skim_TriLep_DYJets10to50.root
2026-01-12 22:48:03,999 - INFO - [2018] MISSING_CENTRAL: TTZ2E1Mu/Central/MHc160_MA85/LR_totalBkg in Skim_TriLep_DYJets10to50.root
2026-01-12 22:56:35,372 - INFO - [2016preVFP] MISSING_CENTRAL: TTZ2E1Mu/Central/MHc160_MA85/LR_totalBkg in Skim_TriLep_DYJets10to50.root
2026-01-12 22:56:35,592 - INFO - [2016postVFP] MISSING_CENTRAL: TTZ2E1Mu/Central/MHc160_MA85/LR_totalBkg in Skim_TriLep_DYJets.root
2026-01-12 22:56:35,593 - INFO - [2016postVFP] MISSING_CENTRAL: TTZ2E1Mu/Central/MHc160_MA85/LR_totalBkg in Skim_TriLep_DYJets10to50.root
2026-01-12 22:56:35,837 - INFO - [2017] MISSING_CENTRAL: TTZ2E1Mu/Central/MHc160_MA85/LR_totalBkg in Skim_TriLep_DYJets10to50.root
2026-01-12 22:56:36,035 - INFO - [2018] MISSING_CENTRAL: TTZ2E1Mu/Central/MHc160_MA85/LR_totalBkg in Skim_TriLep_DYJets10to50.root
2026-01-12 23:02:43,660 - INFO - [2016preVFP] MISSING_CENTRAL: TTZ2E1Mu/Central/MHc160_MA85/LR_totalBkg in Skim_TriLep_DYJets10to50.root
2026-01-12 23:02:43,924 - INFO - [2016postVFP] MISSING_CENTRAL: TTZ2E1Mu/Central/MHc160_MA85/LR_totalBkg in Skim_TriLep_DYJets.root
2026-01-12 23:02:43,926 - INFO - [2016postVFP] MISSING_CENTRAL: TTZ2E1Mu/Central/MHc160_MA85/LR_totalBkg in Skim_TriLep_DYJets10to50.root
2026-01-12 23:02:44,158 - INFO - [2017] MISSING_CENTRAL: TTZ2E1Mu/Central/MHc160_MA85/LR_totalBkg in Skim_TriLep_DYJets10to50.root
2026-01-12 23:02:44,387 - INFO - [2018] MISSING_CENTRAL: TTZ2E1Mu/Central/MHc160_MA85/LR_totalBkg in Skim_TriLep_DYJets10to50.root
2026-01-12 23:05:54,002 - INFO - [2016preVFP] MISSING_CENTRAL: TTZ2E1Mu/Central/MHc160_MA85/LR_totalBkg in Skim_TriLep_DYJets10to50.root
2026-01-12 23:05:54,261 - INFO - [2016postVFP] MISSING_CENTRAL: TTZ2E1Mu/Central/MHc160_MA85/LR_totalBkg in Skim_TriLep_DYJets.root
2026-01-12 23:05:54,262 - INFO - [2016postVFP] MISSING_CENTRAL: TTZ2E1Mu/Central/MHc160_MA85/LR_totalBkg in Skim_TriLep_DYJets10to50.root
2026-01-12 23:05:54,519 - INFO - [2017] MISSING_CENTRAL: TTZ2E1Mu/Central/MHc160_MA85/LR_totalBkg in Skim_TriLep_DYJets10to50.root
2026-01-12 23:05:54,806 - INFO - [2018] MISSING_CENTRAL: TTZ2E1Mu/Central/MHc160_MA85/LR_totalBkg in Skim_TriLep_DYJets10to50.root
