2025-12-18 14:22:46,382 - INFO - [2016preVFP] MISSING_CENTRAL: TTZ2E1Mu/Central/MHc160_MA98/score_ttZ in Skim_TriLep_DYJets10to50.root
2025-12-18 14:22:46,592 - INFO - [2016postVFP] MISSING_CENTRAL: TTZ2E1Mu/Central/MHc160_MA98/score_ttZ in Skim_TriLep_DYJets.root
2025-12-18 14:22:46,593 - INFO - [2016postVFP] MISSING_CENTRAL: TTZ2E1Mu/Central/MHc160_MA98/score_ttZ in Skim_TriLep_DYJets10to50.root
2025-12-18 14:22:46,835 - INFO - [2017] MISSING_CENTRAL: TTZ2E1Mu/Central/MHc160_MA98/score_ttZ in Skim_TriLep_DYJets10to50.root
2025-12-18 14:22:47,018 - INFO - [2018] MISSING_CENTRAL: TTZ2E1Mu/Central/MHc160_MA98/score_ttZ in Skim_TriLep_DYJets10to50.root
2025-12-18 14:38:11,045 - INFO - [2016preVFP] MISSING_CENTRAL: TTZ2E1Mu/Central/MHc160_MA98/score_ttZ in Skim_TriLep_DYJets10to50.root
2025-12-18 14:38:11,206 - INFO - [2016postVFP] MISSING_CENTRAL: TTZ2E1Mu/Central/MHc160_MA98/score_ttZ in Skim_TriLep_DYJets.root
2025-12-18 14:38:11,207 - INFO - [2016postVFP] MISSING_CENTRAL: TTZ2E1Mu/Central/MHc160_MA98/score_ttZ in Skim_TriLep_DYJets10to50.root
2025-12-18 14:38:11,398 - INFO - [2017] MISSING_CENTRAL: TTZ2E1Mu/Central/MHc160_MA98/score_ttZ in Skim_TriLep_DYJets10to50.root
2025-12-18 14:38:11,561 - INFO - [2018] MISSING_CENTRAL: TTZ2E1Mu/Central/MHc160_MA98/score_ttZ in Skim_TriLep_DYJets10to50.root
2025-12-18 21:34:38,992 - INFO - [2016preVFP] MISSING_CENTRAL: TTZ2E1Mu/Central/MHc160_MA98/score_ttZ in Skim_TriLep_DYJets10to50.root
2025-12-18 21:34:39,203 - INFO - [2016postVFP] MISSING_CENTRAL: TTZ2E1Mu/Central/MHc160_MA98/score_ttZ in Skim_TriLep_DYJets.root
2025-12-18 21:34:39,232 - INFO - [2016postVFP] MISSING_CENTRAL: TTZ2E1Mu/Central/MHc160_MA98/score_ttZ in Skim_TriLep_DYJets10to50.root
2025-12-18 21:34:39,501 - INFO - [2017] MISSING_CENTRAL: TTZ2E1Mu/Central/MHc160_MA98/score_ttZ in Skim_TriLep_DYJets10to50.root
2025-12-18 21:34:39,734 - INFO - [2018] MISSING_CENTRAL: TTZ2E1Mu/Central/MHc160_MA98/score_ttZ in Skim_TriLep_DYJets10to50.root
2025-12-18 23:43:36,532 - INFO - [2016preVFP] MISSING_CENTRAL: TTZ2E1Mu/Central/MHc160_MA98/score_ttZ in Skim_TriLep_DYJets10to50.root
2025-12-18 23:43:36,607 - INFO - [2016postVFP] MISSING_CENTRAL: TTZ2E1Mu/Central/MHc160_MA98/score_ttZ in Skim_TriLep_DYJets.root
2025-12-18 23:43:36,607 - INFO - [2016postVFP] MISSING_CENTRAL: TTZ2E1Mu/Central/MHc160_MA98/score_ttZ in Skim_TriLep_DYJets10to50.root
2025-12-18 23:43:36,686 - INFO - [2017] MISSING_CENTRAL: TTZ2E1Mu/Central/MHc160_MA98/score_ttZ in Skim_TriLep_DYJets10to50.root
2025-12-18 23:43:36,768 - INFO - [2018] MISSING_CENTRAL: TTZ2E1Mu/Central/MHc160_MA98/score_ttZ in Skim_TriLep_DYJets10to50.root
2026-01-07 11:23:26,850 - INFO - [2016preVFP] MISSING_CENTRAL: TTZ2E1Mu/Central/MHc160_MA98/score_ttZ in Skim_TriLep_DYJets10to50.root
2026-01-07 11:23:27,127 - INFO - [2016postVFP] MISSING_CENTRAL: TTZ2E1Mu/Central/MHc160_MA98/score_ttZ in Skim_TriLep_DYJets.root
2026-01-07 11:23:27,128 - INFO - [2016postVFP] MISSING_CENTRAL: TTZ2E1Mu/Central/MHc160_MA98/score_ttZ in Skim_TriLep_DYJets10to50.root
2026-01-07 11:23:27,433 - INFO - [2017] MISSING_CENTRAL: TTZ2E1Mu/Central/MHc160_MA98/score_ttZ in Skim_TriLep_DYJets10to50.root
2026-01-07 11:23:27,669 - INFO - [2018] MISSING_CENTRAL: TTZ2E1Mu/Central/MHc160_MA98/score_ttZ in Skim_TriLep_DYJets10to50.root
2026-01-07 11:47:51,951 - INFO - [2016preVFP] MISSING_CENTRAL: TTZ2E1Mu/Central/MHc160_MA98/score_ttZ in Skim_TriLep_DYJets10to50.root
2026-01-07 11:47:52,161 - INFO - [2016postVFP] MISSING_CENTRAL: TTZ2E1Mu/Central/MHc160_MA98/score_ttZ in Skim_TriLep_DYJets.root
2026-01-07 11:47:52,162 - INFO - [2016postVFP] MISSING_CENTRAL: TTZ2E1Mu/Central/MHc160_MA98/score_ttZ in Skim_TriLep_DYJets10to50.root
2026-01-07 11:47:52,407 - INFO - [2017] MISSING_CENTRAL: TTZ2E1Mu/Central/MHc160_MA98/score_ttZ in Skim_TriLep_DYJets10to50.root
2026-01-07 11:47:52,652 - INFO - [2018] MISSING_CENTRAL: TTZ2E1Mu/Central/MHc160_MA98/score_ttZ in Skim_TriLep_DYJets10to50.root
2026-01-07 18:44:36,432 - INFO - [2016preVFP] MISSING_CENTRAL: TTZ2E1Mu/Central/MHc160_MA98/score_ttZ in Skim_TriLep_DYJets10to50.root
2026-01-07 18:44:36,638 - INFO - [2016postVFP] MISSING_CENTRAL: TTZ2E1Mu/Central/MHc160_MA98/score_ttZ in Skim_TriLep_DYJets.root
2026-01-07 18:44:36,639 - INFO - [2016postVFP] MISSING_CENTRAL: TTZ2E1Mu/Central/MHc160_MA98/score_ttZ in Skim_TriLep_DYJets10to50.root
2026-01-07 18:44:36,878 - INFO - [2017] MISSING_CENTRAL: TTZ2E1Mu/Central/MHc160_MA98/score_ttZ in Skim_TriLep_DYJets10to50.root
2026-01-07 18:44:37,118 - INFO - [2018] MISSING_CENTRAL: TTZ2E1Mu/Central/MHc160_MA98/score_ttZ in Skim_TriLep_DYJets10to50.root
2026-01-09 12:18:48,092 - INFO - [2016preVFP] MISSING_CENTRAL: TTZ2E1Mu/Central/MHc160_MA98/score_ttZ in Skim_TriLep_DYJets10to50.root
2026-01-09 12:18:48,166 - INFO - [2016postVFP] MISSING_CENTRAL: TTZ2E1Mu/Central/MHc160_MA98/score_ttZ in Skim_TriLep_DYJets.root
2026-01-09 12:18:48,167 - INFO - [2016postVFP] MISSING_CENTRAL: TTZ2E1Mu/Central/MHc160_MA98/score_ttZ in Skim_TriLep_DYJets10to50.root
2026-01-09 12:18:48,246 - INFO - [2017] MISSING_CENTRAL: TTZ2E1Mu/Central/MHc160_MA98/score_ttZ in Skim_TriLep_DYJets10to50.root
2026-01-09 12:18:48,326 - INFO - [2018] MISSING_CENTRAL: TTZ2E1Mu/Central/MHc160_MA98/score_ttZ in Skim_TriLep_DYJets10to50.root
2026-01-11 09:38:51,690 - INFO - [2016preVFP] MISSING_CENTRAL: TTZ2E1Mu/Central/MHc160_MA98/score_ttZ in Skim_TriLep_DYJets10to50.root
2026-01-11 09:38:51,778 - INFO - [2016postVFP] MISSING_CENTRAL: TTZ2E1Mu/Central/MHc160_MA98/score_ttZ in Skim_TriLep_DYJets.root
2026-01-11 09:38:51,778 - INFO - [2016postVFP] MISSING_CENTRAL: TTZ2E1Mu/Central/MHc160_MA98/score_ttZ in Skim_TriLep_DYJets10to50.root
2026-01-11 09:38:51,860 - INFO - [2017] MISSING_CENTRAL: TTZ2E1Mu/Central/MHc160_MA98/score_ttZ in Skim_TriLep_DYJets10to50.root
2026-01-11 09:38:51,936 - INFO - [2018] MISSING_CENTRAL: TTZ2E1Mu/Central/MHc160_MA98/score_ttZ in Skim_TriLep_DYJets10to50.root
2026-01-12 13:47:31,692 - INFO - [2016preVFP] MISSING_CENTRAL: TTZ2E1Mu/Central/MHc160_MA98/score_ttZ in Skim_TriLep_DYJets10to50.root
2026-01-12 13:47:31,783 - INFO - [2016postVFP] MISSING_CENTRAL: TTZ2E1Mu/Central/MHc160_MA98/score_ttZ in Skim_TriLep_DYJets.root
2026-01-12 13:47:31,784 - INFO - [2016postVFP] MISSING_CENTRAL: TTZ2E1Mu/Central/MHc160_MA98/score_ttZ in Skim_TriLep_DYJets10to50.root
2026-01-12 13:47:31,865 - INFO - [2017] MISSING_CENTRAL: TTZ2E1Mu/Central/MHc160_MA98/score_ttZ in Skim_TriLep_DYJets10to50.root
2026-01-12 13:47:31,936 - INFO - [2018] MISSING_FILE: /home/choij/Sync/workspace/ChargedHiggsAnalysisV3/SKNanoOutput/MatrixSelector/Run2E1Mu/2018/Skim_TriLep_MuonEG_A.root
2026-01-12 13:47:31,937 - INFO - [2018] MISSING_FILE: /home/choij/Sync/workspace/ChargedHiggsAnalysisV3/SKNanoOutput/MatrixSelector/Run2E1Mu/2018/Skim_TriLep_MuonEG_D.root
2026-01-12 13:47:31,942 - INFO - [2018] MISSING_CENTRAL: TTZ2E1Mu/Central/MHc160_MA98/score_ttZ in Skim_TriLep_DYJets10to50.root
2026-01-12 22:00:20,702 - INFO - [2016preVFP] MISSING_CENTRAL: TTZ2E1Mu/Central/MHc160_MA98/score_ttZ in Skim_TriLep_DYJets10to50.root
2026-01-12 22:00:20,908 - INFO - [2016postVFP] MISSING_CENTRAL: TTZ2E1Mu/Central/MHc160_MA98/score_ttZ in Skim_TriLep_DYJets.root
2026-01-12 22:00:20,909 - INFO - [2016postVFP] MISSING_CENTRAL: TTZ2E1Mu/Central/MHc160_MA98/score_ttZ in Skim_TriLep_DYJets10to50.root
2026-01-12 22:00:21,082 - INFO - [2017] MISSING_CENTRAL: TTZ2E1Mu/Central/MHc160_MA98/score_ttZ in Skim_TriLep_DYJets10to50.root
2026-01-12 22:00:21,224 - INFO - [2018] MISSING_CENTRAL: TTZ2E1Mu/Central/MHc160_MA98/score_ttZ in Skim_TriLep_DYJets10to50.root
2026-01-12 22:48:03,796 - INFO - [2016preVFP] MISSING_CENTRAL: TTZ2E1Mu/Central/MHc160_MA98/score_ttZ in Skim_TriLep_DYJets10to50.root
2026-01-12 22:48:04,094 - INFO - [2016postVFP] MISSING_CENTRAL: TTZ2E1Mu/Central/MHc160_MA98/score_ttZ in Skim_TriLep_DYJets.root
2026-01-12 22:48:04,095 - INFO - [2016postVFP] MISSING_CENTRAL: TTZ2E1Mu/Central/MHc160_MA98/score_ttZ in Skim_TriLep_DYJets10to50.root
2026-01-12 22:48:04,378 - INFO - [2017] MISSING_CENTRAL: TTZ2E1Mu/Central/MHc160_MA98/score_ttZ in Skim_TriLep_DYJets10to50.root
2026-01-12 22:48:04,643 - INFO - [2018] MISSING_CENTRAL: TTZ2E1Mu/Central/MHc160_MA98/score_ttZ in Skim_TriLep_DYJets10to50.root
2026-01-12 22:56:35,504 - INFO - [2016preVFP] MISSING_CENTRAL: TTZ2E1Mu/Central/MHc160_MA98/score_ttZ in Skim_TriLep_DYJets10to50.root
2026-01-12 22:56:35,691 - INFO - [2016postVFP] MISSING_CENTRAL: TTZ2E1Mu/Central/MHc160_MA98/score_ttZ in Skim_TriLep_DYJets.root
2026-01-12 22:56:35,692 - INFO - [2016postVFP] MISSING_CENTRAL: TTZ2E1Mu/Central/MHc160_MA98/score_ttZ in Skim_TriLep_DYJets10to50.root
2026-01-12 22:56:35,894 - INFO - [2017] MISSING_CENTRAL: TTZ2E1Mu/Central/MHc160_MA98/score_ttZ in Skim_TriLep_DYJets10to50.root
2026-01-12 22:56:36,130 - INFO - [2018] MISSING_CENTRAL: TTZ2E1Mu/Central/MHc160_MA98/score_ttZ in Skim_TriLep_DYJets10to50.root
2026-01-12 23:02:44,591 - INFO - [2016preVFP] MISSING_CENTRAL: TTZ2E1Mu/Central/MHc160_MA98/score_ttZ in Skim_TriLep_DYJets10to50.root
2026-01-12 23:02:44,794 - INFO - [2016postVFP] MISSING_CENTRAL: TTZ2E1Mu/Central/MHc160_MA98/score_ttZ in Skim_TriLep_DYJets.root
2026-01-12 23:02:44,795 - INFO - [2016postVFP] MISSING_CENTRAL: TTZ2E1Mu/Central/MHc160_MA98/score_ttZ in Skim_TriLep_DYJets10to50.root
2026-01-12 23:02:45,076 - INFO - [2017] MISSING_CENTRAL: TTZ2E1Mu/Central/MHc160_MA98/score_ttZ in Skim_TriLep_DYJets10to50.root
2026-01-12 23:02:45,266 - INFO - [2018] MISSING_CENTRAL: TTZ2E1Mu/Central/MHc160_MA98/score_ttZ in Skim_TriLep_DYJets10to50.root
2026-01-12 23:05:54,747 - INFO - [2016preVFP] MISSING_CENTRAL: TTZ2E1Mu/Central/MHc160_MA98/score_ttZ in Skim_TriLep_DYJets10to50.root
2026-01-12 23:05:54,935 - INFO - [2016postVFP] MISSING_CENTRAL: TTZ2E1Mu/Central/MHc160_MA98/score_ttZ in Skim_TriLep_DYJets.root
2026-01-12 23:05:54,936 - INFO - [2016postVFP] MISSING_CENTRAL: TTZ2E1Mu/Central/MHc160_MA98/score_ttZ in Skim_TriLep_DYJets10to50.root
2026-01-12 23:05:55,145 - INFO - [2017] MISSING_CENTRAL: TTZ2E1Mu/Central/MHc160_MA98/score_ttZ in Skim_TriLep_DYJets10to50.root
2026-01-12 23:05:55,367 - INFO - [2018] MISSING_CENTRAL: TTZ2E1Mu/Central/MHc160_MA98/score_ttZ in Skim_TriLep_DYJets10to50.root
2026-01-13 14:58:37,209 - INFO - [2016preVFP] MISSING_CENTRAL: TTZ2E1Mu/Central/MHc160_MA98/score_ttZ in Skim_TriLep_DYJets10to50.root
2026-01-13 14:58:37,421 - INFO - [2016postVFP] MISSING_CENTRAL: TTZ2E1Mu/Central/MHc160_MA98/score_ttZ in Skim_TriLep_DYJets.root
2026-01-13 14:58:37,423 - INFO - [2016postVFP] MISSING_CENTRAL: TTZ2E1Mu/Central/MHc160_MA98/score_ttZ in Skim_TriLep_DYJets10to50.root
2026-01-13 14:58:37,604 - INFO - [2017] MISSING_CENTRAL: TTZ2E1Mu/Central/MHc160_MA98/score_ttZ in Skim_TriLep_DYJets10to50.root
2026-01-13 14:58:37,836 - INFO - [2018] MISSING_CENTRAL: TTZ2E1Mu/Central/MHc160_MA98/score_ttZ in Skim_TriLep_DYJets10to50.root
2026-01-16 19:02:37,445 - INFO - [2016preVFP] MISSING_CENTRAL: TTZ2E1Mu/Central/MHc160_MA98/score_ttZ in Skim_TriLep_DYJets10to50.root
2026-01-16 19:02:37,572 - INFO - [2016postVFP] MISSING_CENTRAL: TTZ2E1Mu/Central/MHc160_MA98/score_ttZ in Skim_TriLep_DYJets.root
2026-01-16 19:02:37,573 - INFO - [2016postVFP] MISSING_CENTRAL: TTZ2E1Mu/Central/MHc160_MA98/score_ttZ in Skim_TriLep_DYJets10to50.root
2026-01-16 19:02:37,711 - INFO - [2017] MISSING_CENTRAL: TTZ2E1Mu/Central/MHc160_MA98/score_ttZ in Skim_TriLep_DYJets10to50.root
2026-01-16 19:02:37,848 - INFO - [2018] MISSING_CENTRAL: TTZ2E1Mu/Central/MHc160_MA98/score_ttZ in Skim_TriLep_DYJets10to50.root
