2025-09-24 16:07:14,790 - INFO - [2023BPix] MISSING_CENTRAL: SR3Mu/Central/bjets/3/phi in Skim_TriLep_Muon0_D_v2.root
2025-09-24 16:07:14,790 - INFO - [2023BPix] MISSING_CENTRAL: SR3Mu/Central/bjets/3/phi in Skim_TriLep_Muon1_D_v1.root
2025-09-24 16:07:14,791 - INFO - [2023BPix] MISSING_CENTRAL: SR3Mu/Central/bjets/3/phi in Skim_TriLep_Muon1_D_v2.root
2025-09-24 16:07:14,803 - INFO - [2023BPix] MISSING_CENTRAL: SR3Mu/Central/bjets/3/phi in Skim_TriLep_Muon0_D_v1.root
2025-09-24 16:07:14,803 - INFO - [2023BPix] MISSING_CENTRAL: SR3Mu/Central/bjets/3/phi in Skim_TriLep_Muon0_D_v2.root
2025-09-24 16:07:14,803 - INFO - [2023BPix] MISSING_CENTRAL: SR3Mu/Central/bjets/3/phi in Skim_TriLep_Muon1_D_v1.root
2025-09-24 16:07:14,804 - INFO - [2023BPix] MISSING_CENTRAL: SR3Mu/Central/bjets/3/phi in Skim_TriLep_Muon1_D_v2.root
2025-09-24 16:07:14,804 - INFO - [2023BPix] MISSING_CENTRAL: SR3Mu/Central/bjets/3/phi in Skim_TriLep_DYJets.root
2025-09-24 16:07:14,804 - INFO - [2023BPix] MISSING_CENTRAL: SR3Mu/Central/bjets/3/phi in Skim_TriLep_DYJets10to50.root
2025-09-24 16:07:14,804 - INFO - [2023BPix] MISSING_CENTRAL: SR3Mu/Central/bjets/3/phi in Skim_TriLep_DYGTo2LG_MLL4to50_PTG10to100.root
2025-09-24 16:07:14,805 - INFO - [2023BPix] MISSING_CENTRAL: SR3Mu/Central/bjets/3/phi in Skim_TriLep_DYGTo2LG_MLL4to50_PTG100to200.root
2025-09-24 16:07:14,805 - INFO - [2023BPix] MISSING_CENTRAL: SR3Mu/Central/bjets/3/phi in Skim_TriLep_DYGTo2LG_MLL4to50_PTG200toInf.root
2025-09-24 16:07:14,805 - INFO - [2023BPix] MISSING_CENTRAL: SR3Mu/Central/bjets/3/phi in Skim_TriLep_DYGTo2LG_MLL50_PTG10to100.root
2025-09-24 16:07:14,805 - INFO - [2023BPix] MISSING_CENTRAL: SR3Mu/Central/bjets/3/phi in Skim_TriLep_DYGTo2LG_MLL50_PTG100to200.root
2025-09-24 16:07:14,806 - INFO - [2023BPix] MISSING_CENTRAL: SR3Mu/Central/bjets/3/phi in Skim_TriLep_DYGTo2LG_MLL50_PTG200to400.root
2025-09-24 16:07:14,806 - INFO - [2023BPix] MISSING_CENTRAL: SR3Mu/Central/bjets/3/phi in Skim_TriLep_DYGTo2LG_MLL50_PTG400to600.root
2025-09-24 16:07:14,806 - INFO - [2023BPix] MISSING_CENTRAL: SR3Mu/Central/bjets/3/phi in Skim_TriLep_DYGTo2LG_MLL50_PTG600toInf.root
2025-09-24 16:07:14,806 - INFO - [2023BPix] MISSING_CENTRAL: SR3Mu/Central/bjets/3/phi in Skim_TriLep_TTG_PTG10to100.root
2025-09-24 16:07:14,807 - INFO - [2023BPix] MISSING_CENTRAL: SR3Mu/Central/bjets/3/phi in Skim_TriLep_TTG_PTG100to200.root
2025-09-24 16:07:14,807 - INFO - [2023BPix] MISSING_CENTRAL: SR3Mu/Central/bjets/3/phi in Skim_TriLep_TTG_PTG200toInf.root
2025-09-24 16:07:14,807 - INFO - [2023BPix] MISSING_CENTRAL: SR3Mu/Central/bjets/3/phi in Skim_TriLep_TTWToLNu.root
2025-09-24 16:07:14,828 - INFO - [2023BPix] MISSING_CENTRAL: SR3Mu/Central/bjets/3/phi in Skim_TriLep_WZTo3LNu_powheg.root
2025-09-24 16:07:14,844 - INFO - [2023BPix] MISSING_CENTRAL: SR3Mu/Central/bjets/3/phi in Skim_TriLep_tHq.root
2025-09-24 16:07:14,844 - INFO - [2023BPix] MISSING_CENTRAL: SR3Mu/Central/bjets/3/phi in Skim_TriLep_WWW.root
2025-09-24 16:07:14,844 - INFO - [2023BPix] MISSING_CENTRAL: SR3Mu/Central/bjets/3/phi in Skim_TriLep_WWZ.root
2025-09-24 16:07:14,845 - INFO - [2023BPix] MISSING_CENTRAL: SR3Mu/Central/bjets/3/phi in Skim_TriLep_WZZ.root
2025-09-24 16:07:14,845 - INFO - [2023BPix] MISSING_CENTRAL: SR3Mu/Central/bjets/3/phi in Skim_TriLep_ZZZ.root
2025-09-24 16:07:14,849 - INFO - [2023BPix] MISSING_CENTRAL: SR3Mu/Central/bjets/3/phi in Skim_TriLep_VBFHToZZTo4L.root
2025-09-24 16:07:14,849 - INFO - [2023BPix] MISSING_CENTRAL: SR3Mu/Central/bjets/3/phi in Skim_TriLep_ggHToZZTo4L.root
