2025-09-24 16:07:07,488 - INFO - [2023BPix] MISSING_CENTRAL: SR3Mu/Central/jets/4/mass in Skim_TriLep_Muon0_D_v2.root
2025-09-24 16:07:07,488 - INFO - [2023BPix] MISSING_CENTRAL: SR3Mu/Central/jets/4/mass in Skim_TriLep_Muon1_D_v1.root
2025-09-24 16:07:07,488 - INFO - [2023BPix] MISSING_CENTRAL: SR3Mu/Central/jets/4/mass in Skim_TriLep_Muon1_D_v2.root
2025-09-24 16:07:07,505 - INFO - [2023BPix] MISSING_CENTRAL: SR3Mu/Central/jets/4/mass in Skim_TriLep_Muon0_D_v2.root
2025-09-24 16:07:07,505 - INFO - [2023BPix] MISSING_CENTRAL: SR3Mu/Central/jets/4/mass in Skim_TriLep_Muon1_D_v2.root
2025-09-24 16:07:07,506 - INFO - [2023BPix] MISSING_CENTRAL: SR3Mu/Central/jets/4/mass in Skim_TriLep_DYJets.root
2025-09-24 16:07:07,531 - INFO - [2023BPix] MISSING_CENTRAL: SR3Mu/Central/jets/4/mass in Skim_TriLep_DYJets10to50.root
2025-09-24 16:07:07,539 - INFO - [2023BPix] MISSING_CENTRAL: SR3Mu/Central/jets/4/mass in Skim_TriLep_DYGTo2LG_MLL4to50_PTG10to100.root
2025-09-24 16:07:07,548 - INFO - [2023BPix] MISSING_CENTRAL: SR3Mu/Central/jets/4/mass in Skim_TriLep_DYGTo2LG_MLL4to50_PTG200toInf.root
2025-09-24 16:07:07,548 - INFO - [2023BPix] MISSING_CENTRAL: SR3Mu/Central/jets/4/mass in Skim_TriLep_DYGTo2LG_MLL50_PTG10to100.root
2025-09-24 16:07:07,549 - INFO - [2023BPix] MISSING_CENTRAL: SR3Mu/Central/jets/4/mass in Skim_TriLep_DYGTo2LG_MLL50_PTG100to200.root
2025-09-24 16:07:07,549 - INFO - [2023BPix] MISSING_CENTRAL: SR3Mu/Central/jets/4/mass in Skim_TriLep_DYGTo2LG_MLL50_PTG200to400.root
2025-09-24 16:07:07,550 - INFO - [2023BPix] MISSING_CENTRAL: SR3Mu/Central/jets/4/mass in Skim_TriLep_DYGTo2LG_MLL50_PTG400to600.root
2025-09-24 16:07:07,550 - INFO - [2023BPix] MISSING_CENTRAL: SR3Mu/Central/jets/4/mass in Skim_TriLep_DYGTo2LG_MLL50_PTG600toInf.root
2025-09-24 16:07:07,550 - INFO - [2023BPix] MISSING_CENTRAL: SR3Mu/Central/jets/4/mass in Skim_TriLep_TTG_PTG10to100.root
2025-09-24 16:07:07,551 - INFO - [2023BPix] MISSING_CENTRAL: SR3Mu/Central/jets/4/mass in Skim_TriLep_TTG_PTG100to200.root
2025-09-24 16:07:07,551 - INFO - [2023BPix] MISSING_CENTRAL: SR3Mu/Central/jets/4/mass in Skim_TriLep_TTG_PTG200toInf.root
2025-09-24 16:07:07,573 - INFO - [2023BPix] MISSING_CENTRAL: SR3Mu/Central/jets/4/mass in Skim_TriLep_WZTo3LNu_powheg.root
2025-09-24 16:07:07,574 - INFO - [2023BPix] MISSING_CENTRAL: SR3Mu/Central/jets/4/mass in Skim_TriLep_ZZTo4L_powheg.root
2025-09-24 16:07:07,583 - INFO - [2023BPix] MISSING_CENTRAL: SR3Mu/Central/jets/4/mass in Skim_TriLep_WWW.root
2025-09-24 16:07:07,621 - INFO - [2023BPix] MISSING_CENTRAL: SR3Mu/Central/jets/4/mass in Skim_TriLep_VBFHToZZTo4L.root
2025-09-24 16:07:07,622 - INFO - [2023BPix] MISSING_CENTRAL: SR3Mu/Central/jets/4/mass in Skim_TriLep_ggHToZZTo4L.root
