2025-09-24 16:07:07,095 - INFO - [2023BPix] MISSING_CENTRAL: SR3Mu/Central/jets/3/px in Skim_TriLep_DYJets.root
2025-09-24 16:07:07,095 - INFO - [2023BPix] MISSING_CENTRAL: SR3Mu/Central/jets/3/px in Skim_TriLep_DYJets10to50.root
2025-09-24 16:07:07,095 - INFO - [2023BPix] MISSING_CENTRAL: SR3Mu/Central/jets/3/px in Skim_TriLep_DYGTo2LG_MLL4to50_PTG10to100.root
2025-09-24 16:07:07,381 - INFO - [2023BPix] MISSING_CENTRAL: SR3Mu/Central/jets/3/px in Skim_TriLep_DYGTo2LG_MLL50_PTG100to200.root
2025-09-24 16:07:07,382 - INFO - [2023BPix] MISSING_CENTRAL: SR3Mu/Central/jets/3/px in Skim_TriLep_DYGTo2LG_MLL50_PTG200to400.root
2025-09-24 16:07:07,382 - INFO - [2023BPix] MISSING_CENTRAL: SR3Mu/Central/jets/3/px in Skim_TriLep_DYGTo2LG_MLL50_PTG400to600.root
2025-09-24 16:07:07,382 - INFO - [2023BPix] MISSING_CENTRAL: SR3Mu/Central/jets/3/px in Skim_TriLep_DYGTo2LG_MLL50_PTG600toInf.root
2025-09-24 16:07:07,383 - INFO - [2023BPix] MISSING_CENTRAL: SR3Mu/Central/jets/3/px in Skim_TriLep_TTG_PTG10to100.root
2025-09-24 16:07:07,383 - INFO - [2023BPix] MISSING_CENTRAL: SR3Mu/Central/jets/3/px in Skim_TriLep_TTG_PTG100to200.root
2025-09-24 16:07:07,383 - INFO - [2023BPix] MISSING_CENTRAL: SR3Mu/Central/jets/3/px in Skim_TriLep_TTG_PTG200toInf.root
2025-09-24 16:07:07,577 - INFO - [2023BPix] MISSING_CENTRAL: SR3Mu/Central/jets/3/px in Skim_TriLep_WWW.root
2025-10-02 21:23:21,422 - INFO - [2023BPix] MISSING_CENTRAL: SR3Mu/Central/jets/3/px in Skim_TriLep_DYJets.root
2025-10-02 21:23:21,423 - INFO - [2023BPix] MISSING_CENTRAL: SR3Mu/Central/jets/3/px in Skim_TriLep_DYJets10to50.root
2025-10-02 21:23:21,424 - INFO - [2023BPix] MISSING_CENTRAL: SR3Mu/Central/jets/3/px in Skim_TriLep_DYGTo2LG_MLL4to50_PTG10to100.root
2025-10-02 21:23:21,494 - INFO - [2023BPix] MISSING_CENTRAL: SR3Mu/Central/jets/3/px in Skim_TriLep_DYGTo2LG_MLL50_PTG100to200.root
2025-10-02 21:23:21,495 - INFO - [2023BPix] MISSING_CENTRAL: SR3Mu/Central/jets/3/px in Skim_TriLep_DYGTo2LG_MLL50_PTG200to400.root
2025-10-02 21:23:21,497 - INFO - [2023BPix] MISSING_CENTRAL: SR3Mu/Central/jets/3/px in Skim_TriLep_DYGTo2LG_MLL50_PTG400to600.root
2025-10-02 21:23:21,498 - INFO - [2023BPix] MISSING_CENTRAL: SR3Mu/Central/jets/3/px in Skim_TriLep_DYGTo2LG_MLL50_PTG600toInf.root
2025-10-02 21:23:21,499 - INFO - [2023BPix] MISSING_CENTRAL: SR3Mu/Central/jets/3/px in Skim_TriLep_TTG_PTG10to100.root
2025-10-02 21:23:21,500 - INFO - [2023BPix] MISSING_CENTRAL: SR3Mu/Central/jets/3/px in Skim_TriLep_TTG_PTG100to200.root
2025-10-02 21:23:21,501 - INFO - [2023BPix] MISSING_CENTRAL: SR3Mu/Central/jets/3/px in Skim_TriLep_TTG_PTG200toInf.root
2025-10-02 21:23:21,691 - INFO - [2023BPix] MISSING_CENTRAL: SR3Mu/Central/jets/3/px in Skim_TriLep_WWW.root
2025-10-03 00:38:59,610 - INFO - [2023BPix] MISSING_CENTRAL: SR3Mu/Central/jets/3/px in Skim_TriLep_DYJets.root
2025-10-03 00:38:59,612 - INFO - [2023BPix] MISSING_CENTRAL: SR3Mu/Central/jets/3/px in Skim_TriLep_DYJets10to50.root
2025-10-03 00:38:59,612 - INFO - [2023BPix] MISSING_CENTRAL: SR3Mu/Central/jets/3/px in Skim_TriLep_DYGTo2LG_MLL4to50_PTG10to100.root
2025-10-03 00:38:59,847 - INFO - [2023BPix] MISSING_CENTRAL: SR3Mu/Central/jets/3/px in Skim_TriLep_DYGTo2LG_MLL50_PTG100to200.root
2025-10-03 00:38:59,848 - INFO - [2023BPix] MISSING_CENTRAL: SR3Mu/Central/jets/3/px in Skim_TriLep_DYGTo2LG_MLL50_PTG200to400.root
2025-10-03 00:38:59,861 - INFO - [2023BPix] MISSING_CENTRAL: SR3Mu/Central/jets/3/px in Skim_TriLep_DYGTo2LG_MLL50_PTG400to600.root
2025-10-03 00:38:59,862 - INFO - [2023BPix] MISSING_CENTRAL: SR3Mu/Central/jets/3/px in Skim_TriLep_DYGTo2LG_MLL50_PTG600toInf.root
2025-10-03 00:38:59,865 - INFO - [2023BPix] MISSING_CENTRAL: SR3Mu/Central/jets/3/px in Skim_TriLep_TTG_PTG10to100.root
2025-10-03 00:38:59,866 - INFO - [2023BPix] MISSING_CENTRAL: SR3Mu/Central/jets/3/px in Skim_TriLep_TTG_PTG100to200.root
2025-10-03 00:38:59,867 - INFO - [2023BPix] MISSING_CENTRAL: SR3Mu/Central/jets/3/px in Skim_TriLep_TTG_PTG200toInf.root
2025-10-03 00:39:00,147 - INFO - [2023BPix] MISSING_CENTRAL: SR3Mu/Central/jets/3/px in Skim_TriLep_WWW.root
