2025-09-24 15:54:32,962 - INFO - [2022] MISSING_CENTRAL: ZG1E2Mu/Central/jets/1/pt in Skim_TriLep_DYJets10to50.root
2025-09-24 15:54:33,115 - INFO - [2022] MISSING_CENTRAL: ZG1E2Mu/Central/jets/1/pt in Skim_TriLep_TTG_PTG10to100.root
2025-09-24 15:54:33,115 - INFO - [2022] MISSING_CENTRAL: ZG1E2Mu/Central/jets/1/pt in Skim_TriLep_TTG_PTG100to200.root
2025-09-24 15:54:33,115 - INFO - [2022] MISSING_CENTRAL: ZG1E2Mu/Central/jets/1/pt in Skim_TriLep_TTG_PTG200toInf.root
2025-09-24 15:54:33,116 - INFO - [2022] MISSING_CENTRAL: ZG1E2Mu/Central/jets/1/pt in Skim_TriLep_TTWToLNu.root
2025-09-24 15:54:33,205 - INFO - [2022] MISSING_CENTRAL: ZG1E2Mu/Central/jets/1/pt in Skim_TriLep_WWW.root
2025-09-24 15:54:43,804 - INFO - [2022] MISSING_CENTRAL: ZG1E2Mu/Central/jets/1/pt in Skim_TriLep_DYJets10to50.root
2025-09-24 15:54:43,806 - INFO - [2022] MISSING_CENTRAL: ZG1E2Mu/Central/jets/1/pt in Skim_TriLep_TTG_PTG10to100.root
2025-09-24 15:54:43,806 - INFO - [2022] MISSING_CENTRAL: ZG1E2Mu/Central/jets/1/pt in Skim_TriLep_TTG_PTG100to200.root
2025-09-24 15:54:43,807 - INFO - [2022] MISSING_CENTRAL: ZG1E2Mu/Central/jets/1/pt in Skim_TriLep_TTG_PTG200toInf.root
2025-09-24 15:54:43,807 - INFO - [2022] MISSING_CENTRAL: ZG1E2Mu/Central/jets/1/pt in Skim_TriLep_TTWToLNu.root
2025-09-24 15:54:43,845 - INFO - [2022] MISSING_CENTRAL: ZG1E2Mu/Central/jets/1/pt in Skim_TriLep_WWW.root
2025-10-02 21:16:27,270 - INFO - [2022] MISSING_CENTRAL: ZG1E2Mu/Central/jets/1/pt in Skim_TriLep_DYJets10to50.root
2025-10-02 21:16:27,582 - INFO - [2022] MISSING_CENTRAL: ZG1E2Mu/Central/jets/1/pt in Skim_TriLep_TTG_PTG10to100.root
2025-10-02 21:16:27,583 - INFO - [2022] MISSING_CENTRAL: ZG1E2Mu/Central/jets/1/pt in Skim_TriLep_TTG_PTG100to200.root
2025-10-02 21:16:27,599 - INFO - [2022] MISSING_CENTRAL: ZG1E2Mu/Central/jets/1/pt in Skim_TriLep_TTG_PTG200toInf.root
2025-10-02 21:16:27,639 - INFO - [2022] MISSING_CENTRAL: ZG1E2Mu/Central/jets/1/pt in Skim_TriLep_TTWToLNu.root
2025-10-02 21:16:28,429 - INFO - [2022] MISSING_CENTRAL: ZG1E2Mu/Central/jets/1/pt in Skim_TriLep_WWW.root
2025-10-02 21:16:32,759 - INFO - [2022] MISSING_CENTRAL: ZG1E2Mu/Central/jets/1/pt in Skim_TriLep_DYJets10to50.root
2025-10-02 21:16:32,777 - INFO - [2022] MISSING_CENTRAL: ZG1E2Mu/Central/jets/1/pt in Skim_TriLep_TTG_PTG10to100.root
2025-10-02 21:16:32,778 - INFO - [2022] MISSING_CENTRAL: ZG1E2Mu/Central/jets/1/pt in Skim_TriLep_TTG_PTG100to200.root
2025-10-02 21:16:32,779 - INFO - [2022] MISSING_CENTRAL: ZG1E2Mu/Central/jets/1/pt in Skim_TriLep_TTG_PTG200toInf.root
2025-10-02 21:16:32,780 - INFO - [2022] MISSING_CENTRAL: ZG1E2Mu/Central/jets/1/pt in Skim_TriLep_TTWToLNu.root
2025-10-02 21:16:32,817 - INFO - [2022] MISSING_CENTRAL: ZG1E2Mu/Central/jets/1/pt in Skim_TriLep_WWW.root
2025-10-03 00:22:38,744 - INFO - [2022] MISSING_CENTRAL: ZG1E2Mu/Central/jets/1/pt in Skim_TriLep_DYJets10to50.root
2025-10-03 00:22:39,010 - INFO - [2022] MISSING_CENTRAL: ZG1E2Mu/Central/jets/1/pt in Skim_TriLep_TTG_PTG10to100.root
2025-10-03 00:22:39,011 - INFO - [2022] MISSING_CENTRAL: ZG1E2Mu/Central/jets/1/pt in Skim_TriLep_TTG_PTG100to200.root
2025-10-03 00:22:39,011 - INFO - [2022] MISSING_CENTRAL: ZG1E2Mu/Central/jets/1/pt in Skim_TriLep_TTG_PTG200toInf.root
2025-10-03 00:22:39,011 - INFO - [2022] MISSING_CENTRAL: ZG1E2Mu/Central/jets/1/pt in Skim_TriLep_TTWToLNu.root
2025-10-03 00:22:39,231 - INFO - [2022] MISSING_CENTRAL: ZG1E2Mu/Central/jets/1/pt in Skim_TriLep_WWW.root
2025-10-03 00:22:48,700 - INFO - [2022] MISSING_CENTRAL: ZG1E2Mu/Central/jets/1/pt in Skim_TriLep_DYJets10to50.root
2025-10-03 00:22:48,702 - INFO - [2022] MISSING_CENTRAL: ZG1E2Mu/Central/jets/1/pt in Skim_TriLep_TTG_PTG10to100.root
2025-10-03 00:22:48,703 - INFO - [2022] MISSING_CENTRAL: ZG1E2Mu/Central/jets/1/pt in Skim_TriLep_TTG_PTG100to200.root
2025-10-03 00:22:48,703 - INFO - [2022] MISSING_CENTRAL: ZG1E2Mu/Central/jets/1/pt in Skim_TriLep_TTG_PTG200toInf.root
2025-10-03 00:22:48,703 - INFO - [2022] MISSING_CENTRAL: ZG1E2Mu/Central/jets/1/pt in Skim_TriLep_TTWToLNu.root
2025-10-03 00:22:48,708 - INFO - [2022] MISSING_CENTRAL: ZG1E2Mu/Central/jets/1/pt in Skim_TriLep_WWW.root
2025-11-07 13:08:53,962 - INFO - [2022] MISSING_CENTRAL: ZG1E2Mu/Central/jets/1/pt in Skim_TriLep_DYJets10to50.root
2025-11-07 13:08:54,020 - INFO - [2022] MISSING_CENTRAL: ZG1E2Mu/Central/jets/1/pt in Skim_TriLep_TTG_PTG10to100.root
2025-11-07 13:08:54,020 - INFO - [2022] MISSING_CENTRAL: ZG1E2Mu/Central/jets/1/pt in Skim_TriLep_TTG_PTG100to200.root
2025-11-07 13:08:54,020 - INFO - [2022] MISSING_CENTRAL: ZG1E2Mu/Central/jets/1/pt in Skim_TriLep_TTG_PTG200toInf.root
2025-11-07 13:08:54,021 - INFO - [2022] MISSING_CENTRAL: ZG1E2Mu/Central/jets/1/pt in Skim_TriLep_TTWToLNu.root
2025-11-07 13:08:54,113 - INFO - [2022] MISSING_CENTRAL: ZG1E2Mu/Central/jets/1/pt in Skim_TriLep_WWW.root
2025-11-07 13:08:59,397 - INFO - [2022] MISSING_CENTRAL: ZG1E2Mu/Central/jets/1/pt in Skim_TriLep_DYJets10to50.root
2025-11-07 13:08:59,402 - INFO - [2022] MISSING_CENTRAL: ZG1E2Mu/Central/jets/1/pt in Skim_TriLep_TTG_PTG10to100.root
2025-11-07 13:08:59,403 - INFO - [2022] MISSING_CENTRAL: ZG1E2Mu/Central/jets/1/pt in Skim_TriLep_TTG_PTG100to200.root
2025-11-07 13:08:59,403 - INFO - [2022] MISSING_CENTRAL: ZG1E2Mu/Central/jets/1/pt in Skim_TriLep_TTG_PTG200toInf.root
2025-11-07 13:08:59,404 - INFO - [2022] MISSING_CENTRAL: ZG1E2Mu/Central/jets/1/pt in Skim_TriLep_TTWToLNu.root
2025-11-07 13:08:59,413 - INFO - [2022] MISSING_CENTRAL: ZG1E2Mu/Central/jets/1/pt in Skim_TriLep_WWW.root
2025-11-07 14:06:36,119 - INFO - [2022] MISSING_CENTRAL: ZG1E2Mu/Central/jets/1/pt in Skim_TriLep_DYJets10to50.root
2025-11-07 14:06:36,188 - INFO - [2022] MISSING_CENTRAL: ZG1E2Mu/Central/jets/1/pt in Skim_TriLep_TTG_PTG10to100.root
2025-11-07 14:06:36,189 - INFO - [2022] MISSING_CENTRAL: ZG1E2Mu/Central/jets/1/pt in Skim_TriLep_TTG_PTG100to200.root
2025-11-07 14:06:36,190 - INFO - [2022] MISSING_CENTRAL: ZG1E2Mu/Central/jets/1/pt in Skim_TriLep_TTG_PTG200toInf.root
2025-11-07 14:06:36,190 - INFO - [2022] MISSING_CENTRAL: ZG1E2Mu/Central/jets/1/pt in Skim_TriLep_TTWToLNu.root
2025-11-07 14:06:36,269 - INFO - [2022] MISSING_CENTRAL: ZG1E2Mu/Central/jets/1/pt in Skim_TriLep_WWW.root
2025-11-07 14:06:41,152 - INFO - [2022] MISSING_CENTRAL: ZG1E2Mu/Central/jets/1/pt in Skim_TriLep_DYJets10to50.root
2025-11-07 14:06:41,156 - INFO - [2022] MISSING_CENTRAL: ZG1E2Mu/Central/jets/1/pt in Skim_TriLep_TTG_PTG10to100.root
2025-11-07 14:06:41,157 - INFO - [2022] MISSING_CENTRAL: ZG1E2Mu/Central/jets/1/pt in Skim_TriLep_TTG_PTG100to200.root
2025-11-07 14:06:41,157 - INFO - [2022] MISSING_CENTRAL: ZG1E2Mu/Central/jets/1/pt in Skim_TriLep_TTG_PTG200toInf.root
2025-11-07 14:06:41,158 - INFO - [2022] MISSING_CENTRAL: ZG1E2Mu/Central/jets/1/pt in Skim_TriLep_TTWToLNu.root
2025-11-07 14:06:41,166 - INFO - [2022] MISSING_CENTRAL: ZG1E2Mu/Central/jets/1/pt in Skim_TriLep_WWW.root
