2025-09-24 15:54:33,152 - INFO - [2022] MISSING_CENTRAL: ZG1E2Mu/Central/jets/3/pt in Skim_TriLep_MuonEG_D.root
2025-09-24 15:54:33,187 - INFO - [2022] MISSING_CENTRAL: ZG1E2Mu/Central/jets/3/pt in Skim_TriLep_DYJets10to50.root
2025-09-24 15:54:33,201 - INFO - [2022] MISSING_CENTRAL: ZG1E2Mu/Central/jets/3/pt in Skim_TriLep_DYGTo2LG_MLL4to50_PTG100to200.root
2025-09-24 15:54:33,202 - INFO - [2022] MISSING_CENTRAL: ZG1E2Mu/Central/jets/3/pt in Skim_TriLep_DYGTo2LG_MLL4to50_PTG200toInf.root
2025-09-24 15:54:33,213 - INFO - [2022] MISSING_CENTRAL: ZG1E2Mu/Central/jets/3/pt in Skim_TriLep_DYGTo2LG_MLL50_PTG100to200.root
2025-09-24 15:54:33,213 - INFO - [2022] MISSING_CENTRAL: ZG1E2Mu/Central/jets/3/pt in Skim_TriLep_DYGTo2LG_MLL50_PTG200toInf.root
2025-09-24 15:54:33,214 - INFO - [2022] MISSING_CENTRAL: ZG1E2Mu/Central/jets/3/pt in Skim_TriLep_TTG_PTG10to100.root
2025-09-24 15:54:33,214 - INFO - [2022] MISSING_CENTRAL: ZG1E2Mu/Central/jets/3/pt in Skim_TriLep_TTG_PTG100to200.root
2025-09-24 15:54:33,214 - INFO - [2022] MISSING_CENTRAL: ZG1E2Mu/Central/jets/3/pt in Skim_TriLep_TTG_PTG200toInf.root
2025-09-24 15:54:33,214 - INFO - [2022] MISSING_CENTRAL: ZG1E2Mu/Central/jets/3/pt in Skim_TriLep_TTWToLNu.root
2025-09-24 15:54:33,227 - INFO - [2022] MISSING_CENTRAL: ZG1E2Mu/Central/jets/3/pt in Skim_TriLep_TTZ_M50.root
2025-09-24 15:54:33,237 - INFO - [2022] MISSING_CENTRAL: ZG1E2Mu/Central/jets/3/pt in Skim_TriLep_WZTo3LNu_powheg.root
2025-09-24 15:54:33,268 - INFO - [2022] MISSING_CENTRAL: ZG1E2Mu/Central/jets/3/pt in Skim_TriLep_WWW.root
2025-09-24 15:54:33,268 - INFO - [2022] MISSING_CENTRAL: ZG1E2Mu/Central/jets/3/pt in Skim_TriLep_WWZ.root
2025-09-24 15:54:33,295 - INFO - [2022] MISSING_CENTRAL: ZG1E2Mu/Central/jets/3/pt in Skim_TriLep_VBFHToZZTo4L.root
2025-09-24 15:54:44,044 - INFO - [2022] MISSING_CENTRAL: ZG1E2Mu/Central/jets/3/pt in Skim_TriLep_MuonEG_D.root
2025-09-24 15:54:44,059 - INFO - [2022] MISSING_CENTRAL: ZG1E2Mu/Central/jets/3/pt in Skim_TriLep_DYJets10to50.root
2025-09-24 15:54:44,060 - INFO - [2022] MISSING_CENTRAL: ZG1E2Mu/Central/jets/3/pt in Skim_TriLep_DYGTo2LG_MLL4to50_PTG100to200.root
2025-09-24 15:54:44,060 - INFO - [2022] MISSING_CENTRAL: ZG1E2Mu/Central/jets/3/pt in Skim_TriLep_DYGTo2LG_MLL4to50_PTG200toInf.root
2025-09-24 15:54:44,061 - INFO - [2022] MISSING_CENTRAL: ZG1E2Mu/Central/jets/3/pt in Skim_TriLep_DYGTo2LG_MLL50_PTG100to200.root
2025-09-24 15:54:44,061 - INFO - [2022] MISSING_CENTRAL: ZG1E2Mu/Central/jets/3/pt in Skim_TriLep_DYGTo2LG_MLL50_PTG200toInf.root
2025-09-24 15:54:44,061 - INFO - [2022] MISSING_CENTRAL: ZG1E2Mu/Central/jets/3/pt in Skim_TriLep_TTG_PTG10to100.root
2025-09-24 15:54:44,061 - INFO - [2022] MISSING_CENTRAL: ZG1E2Mu/Central/jets/3/pt in Skim_TriLep_TTG_PTG100to200.root
2025-09-24 15:54:44,062 - INFO - [2022] MISSING_CENTRAL: ZG1E2Mu/Central/jets/3/pt in Skim_TriLep_TTG_PTG200toInf.root
2025-09-24 15:54:44,062 - INFO - [2022] MISSING_CENTRAL: ZG1E2Mu/Central/jets/3/pt in Skim_TriLep_TTWToLNu.root
2025-09-24 15:54:44,063 - INFO - [2022] MISSING_CENTRAL: ZG1E2Mu/Central/jets/3/pt in Skim_TriLep_TTZ_M50.root
2025-09-24 15:54:44,063 - INFO - [2022] MISSING_CENTRAL: ZG1E2Mu/Central/jets/3/pt in Skim_TriLep_WZTo3LNu_powheg.root
2025-09-24 15:54:44,066 - INFO - [2022] MISSING_CENTRAL: ZG1E2Mu/Central/jets/3/pt in Skim_TriLep_WWW.root
2025-09-24 15:54:44,066 - INFO - [2022] MISSING_CENTRAL: ZG1E2Mu/Central/jets/3/pt in Skim_TriLep_WWZ.root
2025-09-24 15:54:44,067 - INFO - [2022] MISSING_CENTRAL: ZG1E2Mu/Central/jets/3/pt in Skim_TriLep_VBFHToZZTo4L.root
