2025-09-24 15:54:36,311 - INFO - [2022] MISSING_CENTRAL: ZG1E2Mu/Central/ZCand/pt in Skim_TriLep_DYJets10to50.root
2025-09-24 15:54:36,430 - INFO - [2022] MISSING_CENTRAL: ZG1E2Mu/Central/ZCand/pt in Skim_TriLep_TTG_PTG100to200.root
2025-09-24 15:54:36,430 - INFO - [2022] MISSING_CENTRAL: ZG1E2Mu/Central/ZCand/pt in Skim_TriLep_TTG_PTG200toInf.root
2025-09-24 15:54:46,729 - INFO - [2022] MISSING_CENTRAL: ZG1E2Mu/Central/ZCand/pt in Skim_TriLep_DYJets10to50.root
2025-09-24 15:54:46,732 - INFO - [2022] MISSING_CENTRAL: ZG1E2Mu/Central/ZCand/pt in Skim_TriLep_TTG_PTG100to200.root
2025-09-24 15:54:46,732 - INFO - [2022] MISSING_CENTRAL: ZG1E2Mu/Central/ZCand/pt in Skim_TriLep_TTG_PTG200toInf.root
2025-10-02 21:16:27,127 - INFO - [2022] MISSING_CENTRAL: ZG1E2Mu/Central/ZCand/pt in Skim_TriLep_DYJets10to50.root
2025-10-02 21:16:27,649 - INFO - [2022] MISSING_CENTRAL: ZG1E2Mu/Central/ZCand/pt in Skim_TriLep_TTG_PTG100to200.root
2025-10-02 21:16:27,649 - INFO - [2022] MISSING_CENTRAL: ZG1E2Mu/Central/ZCand/pt in Skim_TriLep_TTG_PTG200toInf.root
2025-10-02 21:16:33,843 - INFO - [2022] MISSING_CENTRAL: ZG1E2Mu/Central/ZCand/pt in Skim_TriLep_DYJets10to50.root
2025-10-02 21:16:33,852 - INFO - [2022] MISSING_CENTRAL: ZG1E2Mu/Central/ZCand/pt in Skim_TriLep_TTG_PTG100to200.root
2025-10-02 21:16:33,853 - INFO - [2022] MISSING_CENTRAL: ZG1E2Mu/Central/ZCand/pt in Skim_TriLep_TTG_PTG200toInf.root
2025-10-03 00:22:42,022 - INFO - [2022] MISSING_CENTRAL: ZG1E2Mu/Central/ZCand/pt in Skim_TriLep_DYJets10to50.root
2025-10-03 00:22:42,086 - INFO - [2022] MISSING_CENTRAL: ZG1E2Mu/Central/ZCand/pt in Skim_TriLep_TTG_PTG100to200.root
2025-10-03 00:22:42,086 - INFO - [2022] MISSING_CENTRAL: ZG1E2Mu/Central/ZCand/pt in Skim_TriLep_TTG_PTG200toInf.root
2025-10-03 00:22:51,512 - INFO - [2022] MISSING_CENTRAL: ZG1E2Mu/Central/ZCand/pt in Skim_TriLep_DYJets10to50.root
2025-10-03 00:22:51,515 - INFO - [2022] MISSING_CENTRAL: ZG1E2Mu/Central/ZCand/pt in Skim_TriLep_TTG_PTG100to200.root
2025-10-03 00:22:51,515 - INFO - [2022] MISSING_CENTRAL: ZG1E2Mu/Central/ZCand/pt in Skim_TriLep_TTG_PTG200toInf.root
2025-11-07 13:08:56,571 - INFO - [2022] MISSING_CENTRAL: ZG1E2Mu/Central/ZCand/pt in Skim_TriLep_DYJets10to50.root
2025-11-07 13:08:56,618 - INFO - [2022] MISSING_CENTRAL: ZG1E2Mu/Central/ZCand/pt in Skim_TriLep_TTG_PTG100to200.root
2025-11-07 13:08:56,618 - INFO - [2022] MISSING_CENTRAL: ZG1E2Mu/Central/ZCand/pt in Skim_TriLep_TTG_PTG200toInf.root
2025-11-07 13:09:01,504 - INFO - [2022] MISSING_CENTRAL: ZG1E2Mu/Central/ZCand/pt in Skim_TriLep_DYJets10to50.root
2025-11-07 13:09:01,507 - INFO - [2022] MISSING_CENTRAL: ZG1E2Mu/Central/ZCand/pt in Skim_TriLep_TTG_PTG100to200.root
2025-11-07 13:09:01,507 - INFO - [2022] MISSING_CENTRAL: ZG1E2Mu/Central/ZCand/pt in Skim_TriLep_TTG_PTG200toInf.root
2025-11-07 14:06:38,298 - INFO - [2022] MISSING_CENTRAL: ZG1E2Mu/Central/ZCand/pt in Skim_TriLep_DYJets10to50.root
2025-11-07 14:06:38,343 - INFO - [2022] MISSING_CENTRAL: ZG1E2Mu/Central/ZCand/pt in Skim_TriLep_TTG_PTG100to200.root
2025-11-07 14:06:38,344 - INFO - [2022] MISSING_CENTRAL: ZG1E2Mu/Central/ZCand/pt in Skim_TriLep_TTG_PTG200toInf.root
2025-11-07 14:06:43,155 - INFO - [2022] MISSING_CENTRAL: ZG1E2Mu/Central/ZCand/pt in Skim_TriLep_DYJets10to50.root
2025-11-07 14:06:43,158 - INFO - [2022] MISSING_CENTRAL: ZG1E2Mu/Central/ZCand/pt in Skim_TriLep_TTG_PTG100to200.root
2025-11-07 14:06:43,159 - INFO - [2022] MISSING_CENTRAL: ZG1E2Mu/Central/ZCand/pt in Skim_TriLep_TTG_PTG200toInf.root
2025-11-10 12:21:50,376 - INFO - [2022] MISSING_CENTRAL: ZG1E2Mu/Central/ZCand/pt in Skim_TriLep_DYJets10to50.root
2025-11-10 12:21:50,420 - INFO - [2022] MISSING_CENTRAL: ZG1E2Mu/Central/ZCand/pt in Skim_TriLep_TTG_PTG100to200.root
2025-11-10 12:21:50,420 - INFO - [2022] MISSING_CENTRAL: ZG1E2Mu/Central/ZCand/pt in Skim_TriLep_TTG_PTG200toInf.root
2025-11-10 12:21:55,297 - INFO - [2022] MISSING_CENTRAL: ZG1E2Mu/Central/ZCand/pt in Skim_TriLep_DYJets10to50.root
2025-11-10 12:21:55,300 - INFO - [2022] MISSING_CENTRAL: ZG1E2Mu/Central/ZCand/pt in Skim_TriLep_TTG_PTG100to200.root
2025-11-10 12:21:55,300 - INFO - [2022] MISSING_CENTRAL: ZG1E2Mu/Central/ZCand/pt in Skim_TriLep_TTG_PTG200toInf.root
2025-11-13 11:11:22,486 - INFO - [2022] MISSING_CENTRAL: ZG1E2Mu/Central/ZCand/pt in Skim_TriLep_DYJets10to50.root
2025-11-13 11:11:23,487 - INFO - [2022] MISSING_CENTRAL: ZG1E2Mu/Central/ZCand/pt in Skim_TriLep_TTG_PTG100to200.root
2025-11-13 11:11:23,488 - INFO - [2022] MISSING_CENTRAL: ZG1E2Mu/Central/ZCand/pt in Skim_TriLep_TTG_PTG200toInf.root
2025-11-13 11:11:29,964 - INFO - [2022] MISSING_CENTRAL: ZG1E2Mu/Central/ZCand/pt in Skim_TriLep_DYJets10to50.root
2025-11-13 11:11:29,972 - INFO - [2022] MISSING_CENTRAL: ZG1E2Mu/Central/ZCand/pt in Skim_TriLep_TTG_PTG100to200.root
2025-11-13 11:11:29,973 - INFO - [2022] MISSING_CENTRAL: ZG1E2Mu/Central/ZCand/pt in Skim_TriLep_TTG_PTG200toInf.root
2025-11-19 00:17:51,320 - INFO - [2022] MISSING_CENTRAL: ZG1E2Mu/Central/ZCand/pt in Skim_TriLep_DYJets10to50.root
2025-11-19 00:17:51,437 - INFO - [2022] MISSING_CENTRAL: ZG1E2Mu/Central/ZCand/pt in Skim_TriLep_TTG_PTG100to200.root
2025-11-19 00:17:51,438 - INFO - [2022] MISSING_CENTRAL: ZG1E2Mu/Central/ZCand/pt in Skim_TriLep_TTG_PTG200toInf.root
2025-11-19 00:17:56,405 - INFO - [2022] MISSING_CENTRAL: ZG1E2Mu/Central/ZCand/pt in Skim_TriLep_DYJets10to50.root
2025-11-19 00:17:56,414 - INFO - [2022] MISSING_CENTRAL: ZG1E2Mu/Central/ZCand/pt in Skim_TriLep_TTG_PTG100to200.root
2025-11-19 00:17:56,415 - INFO - [2022] MISSING_CENTRAL: ZG1E2Mu/Central/ZCand/pt in Skim_TriLep_TTG_PTG200toInf.root
2025-11-19 15:43:03,162 - INFO - [2022] MISSING_CENTRAL: ZG1E2Mu/Central/ZCand/pt in Skim_TriLep_DYJets10to50.root
2025-11-19 15:43:03,206 - INFO - [2022] MISSING_CENTRAL: ZG1E2Mu/Central/ZCand/pt in Skim_TriLep_TTG_PTG100to200.root
2025-11-19 15:43:03,206 - INFO - [2022] MISSING_CENTRAL: ZG1E2Mu/Central/ZCand/pt in Skim_TriLep_TTG_PTG200toInf.root
2025-11-19 15:43:08,185 - INFO - [2022] MISSING_CENTRAL: ZG1E2Mu/Central/ZCand/pt in Skim_TriLep_DYJets10to50.root
2025-11-19 15:43:08,188 - INFO - [2022] MISSING_CENTRAL: ZG1E2Mu/Central/ZCand/pt in Skim_TriLep_TTG_PTG100to200.root
2025-11-19 15:43:08,188 - INFO - [2022] MISSING_CENTRAL: ZG1E2Mu/Central/ZCand/pt in Skim_TriLep_TTG_PTG200toInf.root
2025-11-19 16:24:13,706 - INFO - [2022] MISSING_CENTRAL: ZG1E2Mu/Central/ZCand/pt in Skim_TriLep_DYJets10to50.root
2025-11-19 16:24:13,752 - INFO - [2022] MISSING_CENTRAL: ZG1E2Mu/Central/ZCand/pt in Skim_TriLep_TTG_PTG100to200.root
2025-11-19 16:24:13,753 - INFO - [2022] MISSING_CENTRAL: ZG1E2Mu/Central/ZCand/pt in Skim_TriLep_TTG_PTG200toInf.root
2025-11-19 16:24:18,657 - INFO - [2022] MISSING_CENTRAL: ZG1E2Mu/Central/ZCand/pt in Skim_TriLep_DYJets10to50.root
2025-11-19 16:24:18,660 - INFO - [2022] MISSING_CENTRAL: ZG1E2Mu/Central/ZCand/pt in Skim_TriLep_TTG_PTG100to200.root
2025-11-19 16:24:18,660 - INFO - [2022] MISSING_CENTRAL: ZG1E2Mu/Central/ZCand/pt in Skim_TriLep_TTG_PTG200toInf.root
2025-12-17 12:26:15,564 - INFO - [2022] MISSING_CENTRAL: ZG1E2Mu/Central/ZCand/pt in Skim_TriLep_DYJets10to50.root
2025-12-17 12:26:15,581 - INFO - [2022] MISSING_CENTRAL: ZG1E2Mu/Central/ZCand/pt in Skim_TriLep_TTG_PTG100to200.root
2025-12-17 12:26:15,583 - INFO - [2022] MISSING_CENTRAL: ZG1E2Mu/Central/ZCand/pt in Skim_TriLep_TTG_PTG200toInf.root
2025-12-17 12:26:20,630 - INFO - [2022] MISSING_CENTRAL: ZG1E2Mu/Central/ZCand/pt in Skim_TriLep_DYJets10to50.root
2025-12-17 12:26:20,632 - INFO - [2022] MISSING_CENTRAL: ZG1E2Mu/Central/ZCand/pt in Skim_TriLep_TTG_PTG100to200.root
2025-12-17 12:26:20,634 - INFO - [2022] MISSING_CENTRAL: ZG1E2Mu/Central/ZCand/pt in Skim_TriLep_TTG_PTG200toInf.root
2025-12-17 16:08:00,500 - INFO - [2022] MISSING_CENTRAL: ZG1E2Mu/Central/ZCand/pt in Skim_TriLep_DYJets10to50.root
2025-12-17 16:08:00,517 - INFO - [2022] MISSING_CENTRAL: ZG1E2Mu/Central/ZCand/pt in Skim_TriLep_TTG_PTG100to200.root
2025-12-17 16:08:00,518 - INFO - [2022] MISSING_CENTRAL: ZG1E2Mu/Central/ZCand/pt in Skim_TriLep_TTG_PTG200toInf.root
2025-12-17 16:08:04,126 - INFO - [2022] MISSING_CENTRAL: ZG1E2Mu/Central/ZCand/pt in Skim_TriLep_DYJets10to50.root
2025-12-17 16:08:04,128 - INFO - [2022] MISSING_CENTRAL: ZG1E2Mu/Central/ZCand/pt in Skim_TriLep_TTG_PTG100to200.root
2025-12-17 16:08:04,129 - INFO - [2022] MISSING_CENTRAL: ZG1E2Mu/Central/ZCand/pt in Skim_TriLep_TTG_PTG200toInf.root
2025-12-17 22:38:42,591 - INFO - [2022] MISSING_CENTRAL: ZG1E2Mu/Central/ZCand/pt in Skim_TriLep_DYJets10to50.root
2025-12-17 22:38:42,608 - INFO - [2022] MISSING_CENTRAL: ZG1E2Mu/Central/ZCand/pt in Skim_TriLep_TTG_PTG100to200.root
2025-12-17 22:38:42,609 - INFO - [2022] MISSING_CENTRAL: ZG1E2Mu/Central/ZCand/pt in Skim_TriLep_TTG_PTG200toInf.root
2025-12-17 22:38:46,223 - INFO - [2022] MISSING_CENTRAL: ZG1E2Mu/Central/ZCand/pt in Skim_TriLep_DYJets10to50.root
2025-12-17 22:38:46,224 - INFO - [2022] MISSING_CENTRAL: ZG1E2Mu/Central/ZCand/pt in Skim_TriLep_TTG_PTG100to200.root
2025-12-17 22:38:46,225 - INFO - [2022] MISSING_CENTRAL: ZG1E2Mu/Central/ZCand/pt in Skim_TriLep_TTG_PTG200toInf.root
2025-12-18 14:23:26,588 - INFO - [2022] MISSING_CENTRAL: ZG1E2Mu/Central/ZCand/pt in Skim_TriLep_DYJets10to50.root
2025-12-18 14:23:26,633 - INFO - [2022] MISSING_CENTRAL: ZG1E2Mu/Central/ZCand/pt in Skim_TriLep_TTG_PTG100to200.root
2025-12-18 14:23:26,638 - INFO - [2022] MISSING_CENTRAL: ZG1E2Mu/Central/ZCand/pt in Skim_TriLep_TTG_PTG200toInf.root
2025-12-18 14:23:32,836 - INFO - [2022] MISSING_CENTRAL: ZG1E2Mu/Central/ZCand/pt in Skim_TriLep_DYJets10to50.root
2025-12-18 14:23:32,838 - INFO - [2022] MISSING_CENTRAL: ZG1E2Mu/Central/ZCand/pt in Skim_TriLep_TTG_PTG100to200.root
2025-12-18 14:23:32,839 - INFO - [2022] MISSING_CENTRAL: ZG1E2Mu/Central/ZCand/pt in Skim_TriLep_TTG_PTG200toInf.root
2025-12-18 14:38:52,444 - INFO - [2022] MISSING_CENTRAL: ZG1E2Mu/Central/ZCand/pt in Skim_TriLep_DYJets10to50.root
2025-12-18 14:38:52,461 - INFO - [2022] MISSING_CENTRAL: ZG1E2Mu/Central/ZCand/pt in Skim_TriLep_TTG_PTG100to200.root
2025-12-18 14:38:52,462 - INFO - [2022] MISSING_CENTRAL: ZG1E2Mu/Central/ZCand/pt in Skim_TriLep_TTG_PTG200toInf.root
2025-12-18 14:38:57,563 - INFO - [2022] MISSING_CENTRAL: ZG1E2Mu/Central/ZCand/pt in Skim_TriLep_DYJets10to50.root
2025-12-18 14:38:57,565 - INFO - [2022] MISSING_CENTRAL: ZG1E2Mu/Central/ZCand/pt in Skim_TriLep_TTG_PTG100to200.root
2025-12-18 14:38:57,566 - INFO - [2022] MISSING_CENTRAL: ZG1E2Mu/Central/ZCand/pt in Skim_TriLep_TTG_PTG200toInf.root
2026-01-07 11:48:30,952 - INFO - [2022] MISSING_FILE: /data9/Users/choij/Sync/workspace/ChargedHiggsAnalysisV3/SKNanoOutput/CRPromptSelector/Run1E2Mu/2022/Skim_TriLep_MuonEG_C.root
2026-01-07 11:48:30,952 - INFO - [2022] MISSING_FILE: /data9/Users/choij/Sync/workspace/ChargedHiggsAnalysisV3/SKNanoOutput/CRPromptSelector/Run1E2Mu/2022/Skim_TriLep_MuonEG_D.root
2026-01-07 11:48:34,661 - INFO - [2022] MISSING_FILE: /data9/Users/choij/Sync/workspace/ChargedHiggsAnalysisV3/SKNanoOutput/CRPromptSelector/Run1E2Mu/2022/Skim_TriLep_MuonEG_C.root
2026-01-07 11:48:34,661 - INFO - [2022] MISSING_FILE: /data9/Users/choij/Sync/workspace/ChargedHiggsAnalysisV3/SKNanoOutput/CRPromptSelector/Run1E2Mu/2022/Skim_TriLep_MuonEG_D.root
2026-01-07 18:45:10,924 - INFO - [2022] MISSING_CENTRAL: ZG1E2Mu/Central/ZCand/pt in Skim_TriLep_DYJets10to50.root
2026-01-07 18:45:10,934 - INFO - [2022] MISSING_CENTRAL: ZG1E2Mu/Central/ZCand/pt in Skim_TriLep_TTG_PTG100to200.root
2026-01-07 18:45:10,935 - INFO - [2022] MISSING_CENTRAL: ZG1E2Mu/Central/ZCand/pt in Skim_TriLep_TTG_PTG200toInf.root
2026-01-07 18:45:16,074 - INFO - [2022] MISSING_CENTRAL: ZG1E2Mu/Central/ZCand/pt in Skim_TriLep_DYJets10to50.root
2026-01-07 18:45:16,076 - INFO - [2022] MISSING_CENTRAL: ZG1E2Mu/Central/ZCand/pt in Skim_TriLep_TTG_PTG100to200.root
2026-01-07 18:45:16,083 - INFO - [2022] MISSING_CENTRAL: ZG1E2Mu/Central/ZCand/pt in Skim_TriLep_TTG_PTG200toInf.root
2026-01-08 23:11:24,030 - INFO - [2022] MISSING_CENTRAL: ZG1E2Mu/Central/ZCand/pt in Skim_TriLep_DYJets10to50.root
2026-01-08 23:11:24,047 - INFO - [2022] MISSING_CENTRAL: ZG1E2Mu/Central/ZCand/pt in Skim_TriLep_TTG_PTG100to200.root
2026-01-08 23:11:24,049 - INFO - [2022] MISSING_CENTRAL: ZG1E2Mu/Central/ZCand/pt in Skim_TriLep_TTG_PTG200toInf.root
2026-01-08 23:11:27,606 - INFO - [2022] MISSING_CENTRAL: ZG1E2Mu/Central/ZCand/pt in Skim_TriLep_DYJets10to50.root
2026-01-08 23:11:27,608 - INFO - [2022] MISSING_CENTRAL: ZG1E2Mu/Central/ZCand/pt in Skim_TriLep_TTG_PTG100to200.root
2026-01-08 23:11:27,609 - INFO - [2022] MISSING_CENTRAL: ZG1E2Mu/Central/ZCand/pt in Skim_TriLep_TTG_PTG200toInf.root
2026-01-09 12:19:27,632 - INFO - [2022] MISSING_CENTRAL: ZG1E2Mu/Central/ZCand/pt in Skim_TriLep_DYJets10to50.root
2026-01-09 12:19:27,639 - INFO - [2022] MISSING_CENTRAL: ZG1E2Mu/Central/ZCand/pt in Skim_TriLep_TTG_PTG100to200.root
2026-01-09 12:19:27,639 - INFO - [2022] MISSING_CENTRAL: ZG1E2Mu/Central/ZCand/pt in Skim_TriLep_TTG_PTG200toInf.root
2026-01-09 12:19:32,687 - INFO - [2022] MISSING_CENTRAL: ZG1E2Mu/Central/ZCand/pt in Skim_TriLep_DYJets10to50.root
2026-01-09 12:19:32,688 - INFO - [2022] MISSING_CENTRAL: ZG1E2Mu/Central/ZCand/pt in Skim_TriLep_TTG_PTG100to200.root
2026-01-09 12:19:32,688 - INFO - [2022] MISSING_CENTRAL: ZG1E2Mu/Central/ZCand/pt in Skim_TriLep_TTG_PTG200toInf.root
2026-01-11 09:39:31,418 - INFO - [2022] MISSING_CENTRAL: ZG1E2Mu/Central/ZCand/pt in Skim_TriLep_DYJets10to50.root
2026-01-11 09:39:31,425 - INFO - [2022] MISSING_CENTRAL: ZG1E2Mu/Central/ZCand/pt in Skim_TriLep_TTG_PTG100to200.root
2026-01-11 09:39:31,425 - INFO - [2022] MISSING_CENTRAL: ZG1E2Mu/Central/ZCand/pt in Skim_TriLep_TTG_PTG200toInf.root
2026-01-11 09:39:36,558 - INFO - [2022] MISSING_CENTRAL: ZG1E2Mu/Central/ZCand/pt in Skim_TriLep_DYJets10to50.root
2026-01-11 09:39:36,559 - INFO - [2022] MISSING_CENTRAL: ZG1E2Mu/Central/ZCand/pt in Skim_TriLep_TTG_PTG100to200.root
2026-01-11 09:39:36,559 - INFO - [2022] MISSING_CENTRAL: ZG1E2Mu/Central/ZCand/pt in Skim_TriLep_TTG_PTG200toInf.root
2026-01-12 13:48:12,738 - INFO - [2022] MISSING_CENTRAL: ZG1E2Mu/Central/ZCand/pt in Skim_TriLep_DYJets10to50.root
2026-01-12 13:48:12,745 - INFO - [2022] MISSING_CENTRAL: ZG1E2Mu/Central/ZCand/pt in Skim_TriLep_TTG_PTG100to200.root
2026-01-12 13:48:12,745 - INFO - [2022] MISSING_CENTRAL: ZG1E2Mu/Central/ZCand/pt in Skim_TriLep_TTG_PTG200toInf.root
2026-01-12 13:48:17,833 - INFO - [2022] MISSING_CENTRAL: ZG1E2Mu/Central/ZCand/pt in Skim_TriLep_DYJets10to50.root
2026-01-12 13:48:17,833 - INFO - [2022] MISSING_CENTRAL: ZG1E2Mu/Central/ZCand/pt in Skim_TriLep_TTG_PTG100to200.root
2026-01-12 13:48:17,834 - INFO - [2022] MISSING_CENTRAL: ZG1E2Mu/Central/ZCand/pt in Skim_TriLep_TTG_PTG200toInf.root
