2026-01-16 19:12:42,047 - INFO - [2023] MISSING_CENTRAL: SR1E2Mu/Central/bjets/2/py in Skim_TriLep_MuonEG_C_v3.root
2026-01-16 19:12:42,064 - INFO - [2022] MISSING_CENTRAL: SR1E2Mu/Central/bjets/2/py in Skim_TriLep_DYJets.root
2026-01-16 19:12:42,065 - INFO - [2022] MISSING_CENTRAL: SR1E2Mu/Central/bjets/2/py in Skim_TriLep_DYJets10to50.root
2026-01-16 19:12:42,240 - INFO - [2022] MISSING_CENTRAL: SR1E2Mu/Central/bjets/2/py in Skim_TriLep_WWW.root
2026-01-16 19:12:42,335 - INFO - [2022EE] MISSING_CENTRAL: SR1E2Mu/Central/bjets/2/py in Skim_TriLep_DYJets.root
2026-01-16 19:12:42,336 - INFO - [2022EE] MISSING_CENTRAL: SR1E2Mu/Central/bjets/2/py in Skim_TriLep_DYJets10to50.root
2026-01-16 19:12:42,512 - INFO - [2022EE] MISSING_CENTRAL: SR1E2Mu/Central/bjets/2/py in Skim_TriLep_WWW.root
2026-01-16 19:12:42,630 - INFO - [2023] MISSING_CENTRAL: SR1E2Mu/Central/bjets/2/py in Skim_TriLep_DYJets10to50.root
2026-01-16 19:12:42,832 - INFO - [2023] MISSING_CENTRAL: SR1E2Mu/Central/bjets/2/py in Skim_TriLep_WWW.root
2026-01-16 19:12:42,951 - INFO - [2023BPix] MISSING_CENTRAL: SR1E2Mu/Central/bjets/2/py in Skim_TriLep_DYJets10to50.root
2026-01-16 19:12:43,147 - INFO - [2023BPix] MISSING_CENTRAL: SR1E2Mu/Central/bjets/2/py in Skim_TriLep_WWW.root
2026-01-16 19:12:43,148 - INFO - [2023BPix] MISSING_CENTRAL: SR1E2Mu/Central/bjets/2/py in Skim_TriLep_WWZ.root
2026-01-21 13:02:01,066 - INFO - [2023] MISSING_CENTRAL: SR1E2Mu/Central/bjets/2/py in Skim_TriLep_MuonEG_C_v3.root
2026-01-21 13:02:01,083 - INFO - [2022] MISSING_CENTRAL: SR1E2Mu/Central/bjets/2/py in Skim_TriLep_DYJets.root
2026-01-21 13:02:01,083 - INFO - [2022] MISSING_CENTRAL: SR1E2Mu/Central/bjets/2/py in Skim_TriLep_DYJets10to50.root
2026-01-21 13:02:01,286 - INFO - [2022] MISSING_CENTRAL: SR1E2Mu/Central/bjets/2/py in Skim_TriLep_WWW.root
2026-01-21 13:02:01,383 - INFO - [2022EE] MISSING_CENTRAL: SR1E2Mu/Central/bjets/2/py in Skim_TriLep_DYJets.root
2026-01-21 13:02:01,383 - INFO - [2022EE] MISSING_CENTRAL: SR1E2Mu/Central/bjets/2/py in Skim_TriLep_DYJets10to50.root
2026-01-21 13:02:01,569 - INFO - [2022EE] MISSING_CENTRAL: SR1E2Mu/Central/bjets/2/py in Skim_TriLep_WWW.root
2026-01-21 13:02:01,674 - INFO - [2023] MISSING_CENTRAL: SR1E2Mu/Central/bjets/2/py in Skim_TriLep_DYJets10to50.root
2026-01-21 13:02:01,857 - INFO - [2023] MISSING_CENTRAL: SR1E2Mu/Central/bjets/2/py in Skim_TriLep_WWW.root
2026-01-21 13:02:01,978 - INFO - [2023BPix] MISSING_CENTRAL: SR1E2Mu/Central/bjets/2/py in Skim_TriLep_DYJets10to50.root
2026-01-21 13:02:02,166 - INFO - [2023BPix] MISSING_CENTRAL: SR1E2Mu/Central/bjets/2/py in Skim_TriLep_WWW.root
2026-01-21 13:02:02,167 - INFO - [2023BPix] MISSING_CENTRAL: SR1E2Mu/Central/bjets/2/py in Skim_TriLep_WWZ.root
2026-01-21 14:50:29,092 - INFO - [2023] MISSING_CENTRAL: SR1E2Mu/Central/bjets/2/py in Skim_TriLep_MuonEG_C_v3.root
2026-01-21 14:50:29,108 - INFO - [2022] MISSING_CENTRAL: SR1E2Mu/Central/bjets/2/py in Skim_TriLep_DYJets.root
2026-01-21 14:50:29,109 - INFO - [2022] MISSING_CENTRAL: SR1E2Mu/Central/bjets/2/py in Skim_TriLep_DYJets10to50.root
2026-01-21 14:50:29,295 - INFO - [2022] MISSING_CENTRAL: SR1E2Mu/Central/bjets/2/py in Skim_TriLep_WWW.root
2026-01-21 14:50:29,501 - INFO - [2022EE] MISSING_CENTRAL: SR1E2Mu/Central/bjets/2/py in Skim_TriLep_DYJets.root
2026-01-21 14:50:29,501 - INFO - [2022EE] MISSING_CENTRAL: SR1E2Mu/Central/bjets/2/py in Skim_TriLep_DYJets10to50.root
2026-01-21 14:50:29,802 - INFO - [2022EE] MISSING_CENTRAL: SR1E2Mu/Central/bjets/2/py in Skim_TriLep_WWW.root
2026-01-21 14:50:29,920 - INFO - [2023] MISSING_CENTRAL: SR1E2Mu/Central/bjets/2/py in Skim_TriLep_DYJets10to50.root
2026-01-21 14:50:30,114 - INFO - [2023] MISSING_CENTRAL: SR1E2Mu/Central/bjets/2/py in Skim_TriLep_WWW.root
2026-01-21 14:50:30,241 - INFO - [2023BPix] MISSING_CENTRAL: SR1E2Mu/Central/bjets/2/py in Skim_TriLep_DYJets10to50.root
2026-01-21 14:50:30,442 - INFO - [2023BPix] MISSING_CENTRAL: SR1E2Mu/Central/bjets/2/py in Skim_TriLep_WWW.root
2026-01-21 14:50:30,444 - INFO - [2023BPix] MISSING_CENTRAL: SR1E2Mu/Central/bjets/2/py in Skim_TriLep_WWZ.root
2026-01-28 17:09:30,314 - INFO - [2023] MISSING_CENTRAL: SR1E2Mu/Central/bjets/2/py in Skim_TriLep_MuonEG_C_v3.root
2026-01-28 17:09:30,333 - INFO - [2022] MISSING_CENTRAL: SR1E2Mu/Central/bjets/2/py in Skim_TriLep_DYJets.root
2026-01-28 17:09:30,333 - INFO - [2022] MISSING_CENTRAL: SR1E2Mu/Central/bjets/2/py in Skim_TriLep_DYJets10to50.root
2026-01-28 17:09:30,608 - INFO - [2022] MISSING_CENTRAL: SR1E2Mu/Central/bjets/2/py in Skim_TriLep_WWW.root
2026-01-28 17:09:30,739 - INFO - [2022EE] MISSING_CENTRAL: SR1E2Mu/Central/bjets/2/py in Skim_TriLep_DYJets.root
2026-01-28 17:09:30,739 - INFO - [2022EE] MISSING_CENTRAL: SR1E2Mu/Central/bjets/2/py in Skim_TriLep_DYJets10to50.root
2026-01-28 17:09:30,984 - INFO - [2022EE] MISSING_CENTRAL: SR1E2Mu/Central/bjets/2/py in Skim_TriLep_WWW.root
2026-01-28 17:09:31,145 - INFO - [2023] MISSING_CENTRAL: SR1E2Mu/Central/bjets/2/py in Skim_TriLep_DYJets10to50.root
2026-01-28 17:09:31,428 - INFO - [2023] MISSING_CENTRAL: SR1E2Mu/Central/bjets/2/py in Skim_TriLep_WWW.root
2026-01-28 17:09:31,603 - INFO - [2023BPix] MISSING_CENTRAL: SR1E2Mu/Central/bjets/2/py in Skim_TriLep_DYJets10to50.root
2026-01-28 17:09:31,811 - INFO - [2023BPix] MISSING_CENTRAL: SR1E2Mu/Central/bjets/2/py in Skim_TriLep_WZTo3LNu_powheg.root
2026-01-28 17:09:31,862 - INFO - [2023BPix] MISSING_CENTRAL: SR1E2Mu/Central/bjets/2/py in Skim_TriLep_WWW.root
2026-01-28 17:09:31,863 - INFO - [2023BPix] MISSING_CENTRAL: SR1E2Mu/Central/bjets/2/py in Skim_TriLep_WWZ.root
2026-01-28 17:30:00,146 - INFO - [2023] MISSING_CENTRAL: SR1E2Mu/Central/bjets/2/py in Skim_TriLep_MuonEG_C_v3.root
2026-01-28 17:30:00,165 - INFO - [2022] MISSING_CENTRAL: SR1E2Mu/Central/bjets/2/py in Skim_TriLep_DYJets.root
2026-01-28 17:30:00,165 - INFO - [2022] MISSING_CENTRAL: SR1E2Mu/Central/bjets/2/py in Skim_TriLep_DYJets10to50.root
2026-01-28 17:30:00,431 - INFO - [2022] MISSING_CENTRAL: SR1E2Mu/Central/bjets/2/py in Skim_TriLep_WWW.root
2026-01-28 17:30:00,572 - INFO - [2022EE] MISSING_CENTRAL: SR1E2Mu/Central/bjets/2/py in Skim_TriLep_DYJets.root
2026-01-28 17:30:00,572 - INFO - [2022EE] MISSING_CENTRAL: SR1E2Mu/Central/bjets/2/py in Skim_TriLep_DYJets10to50.root
2026-01-28 17:30:00,835 - INFO - [2022EE] MISSING_CENTRAL: SR1E2Mu/Central/bjets/2/py in Skim_TriLep_WWW.root
2026-01-28 17:30:01,006 - INFO - [2023] MISSING_CENTRAL: SR1E2Mu/Central/bjets/2/py in Skim_TriLep_DYJets10to50.root
2026-01-28 17:30:01,282 - INFO - [2023] MISSING_CENTRAL: SR1E2Mu/Central/bjets/2/py in Skim_TriLep_WWW.root
2026-01-28 17:30:01,446 - INFO - [2023BPix] MISSING_CENTRAL: SR1E2Mu/Central/bjets/2/py in Skim_TriLep_DYJets10to50.root
2026-01-28 17:30:01,643 - INFO - [2023BPix] MISSING_CENTRAL: SR1E2Mu/Central/bjets/2/py in Skim_TriLep_WZTo3LNu_powheg.root
2026-01-28 17:30:01,692 - INFO - [2023BPix] MISSING_CENTRAL: SR1E2Mu/Central/bjets/2/py in Skim_TriLep_WWW.root
2026-01-28 17:30:01,693 - INFO - [2023BPix] MISSING_CENTRAL: SR1E2Mu/Central/bjets/2/py in Skim_TriLep_WWZ.root
2026-01-28 20:03:50,342 - INFO - [2023] MISSING_CENTRAL: SR1E2Mu/Central/bjets/2/py in Skim_TriLep_MuonEG_C_v3.root
2026-01-28 20:03:50,362 - INFO - [2022] MISSING_CENTRAL: SR1E2Mu/Central/bjets/2/py in Skim_TriLep_DYJets.root
2026-01-28 20:03:50,362 - INFO - [2022] MISSING_CENTRAL: SR1E2Mu/Central/bjets/2/py in Skim_TriLep_DYJets10to50.root
2026-01-28 20:03:50,624 - INFO - [2022] MISSING_CENTRAL: SR1E2Mu/Central/bjets/2/py in Skim_TriLep_WWW.root
2026-01-28 20:03:50,778 - INFO - [2022EE] MISSING_CENTRAL: SR1E2Mu/Central/bjets/2/py in Skim_TriLep_DYJets.root
2026-01-28 20:03:50,779 - INFO - [2022EE] MISSING_CENTRAL: SR1E2Mu/Central/bjets/2/py in Skim_TriLep_DYJets10to50.root
2026-01-28 20:03:51,046 - INFO - [2022EE] MISSING_CENTRAL: SR1E2Mu/Central/bjets/2/py in Skim_TriLep_WWW.root
2026-01-28 20:03:51,320 - INFO - [2023] MISSING_CENTRAL: SR1E2Mu/Central/bjets/2/py in Skim_TriLep_DYJets10to50.root
2026-01-28 20:03:51,589 - INFO - [2023] MISSING_CENTRAL: SR1E2Mu/Central/bjets/2/py in Skim_TriLep_WWW.root
2026-01-28 20:03:51,777 - INFO - [2023BPix] MISSING_CENTRAL: SR1E2Mu/Central/bjets/2/py in Skim_TriLep_DYJets10to50.root
2026-01-28 20:03:52,042 - INFO - [2023BPix] MISSING_CENTRAL: SR1E2Mu/Central/bjets/2/py in Skim_TriLep_WZTo3LNu_powheg.root
2026-01-28 20:03:52,093 - INFO - [2023BPix] MISSING_CENTRAL: SR1E2Mu/Central/bjets/2/py in Skim_TriLep_WWW.root
2026-01-28 20:03:52,094 - INFO - [2023BPix] MISSING_CENTRAL: SR1E2Mu/Central/bjets/2/py in Skim_TriLep_WWZ.root
2026-01-29 07:20:15,344 - INFO - [2023] MISSING_CENTRAL: SR1E2Mu/Central/bjets/2/py in Skim_TriLep_MuonEG_C_v3.root
2026-01-29 07:20:15,363 - INFO - [2022] MISSING_CENTRAL: SR1E2Mu/Central/bjets/2/py in Skim_TriLep_DYJets.root
2026-01-29 07:20:15,364 - INFO - [2022] MISSING_CENTRAL: SR1E2Mu/Central/bjets/2/py in Skim_TriLep_DYJets10to50.root
2026-01-29 07:20:15,537 - INFO - [2022] MISSING_CENTRAL: SR1E2Mu/Central/bjets/2/py in Skim_TriLep_WWW.root
2026-01-29 07:20:15,627 - INFO - [2022EE] MISSING_CENTRAL: SR1E2Mu/Central/bjets/2/py in Skim_TriLep_DYJets.root
2026-01-29 07:20:15,628 - INFO - [2022EE] MISSING_CENTRAL: SR1E2Mu/Central/bjets/2/py in Skim_TriLep_DYJets10to50.root
2026-01-29 07:20:15,805 - INFO - [2022EE] MISSING_CENTRAL: SR1E2Mu/Central/bjets/2/py in Skim_TriLep_WWW.root
2026-01-29 07:20:15,919 - INFO - [2023] MISSING_CENTRAL: SR1E2Mu/Central/bjets/2/py in Skim_TriLep_DYJets10to50.root
2026-01-29 07:20:16,099 - INFO - [2023] MISSING_CENTRAL: SR1E2Mu/Central/bjets/2/py in Skim_TriLep_WWW.root
2026-01-29 07:20:16,212 - INFO - [2023BPix] MISSING_CENTRAL: SR1E2Mu/Central/bjets/2/py in Skim_TriLep_DYJets10to50.root
2026-01-29 07:20:16,341 - INFO - [2023BPix] MISSING_CENTRAL: SR1E2Mu/Central/bjets/2/py in Skim_TriLep_WZTo3LNu_powheg.root
2026-01-29 07:20:16,374 - INFO - [2023BPix] MISSING_CENTRAL: SR1E2Mu/Central/bjets/2/py in Skim_TriLep_WWW.root
2026-01-29 07:20:16,375 - INFO - [2023BPix] MISSING_CENTRAL: SR1E2Mu/Central/bjets/2/py in Skim_TriLep_WWZ.root
2026-03-06 09:45:08,235 - INFO - [2023] MISSING_CENTRAL: SR1E2Mu/Central/bjets/2/py in Skim_TriLep_MuonEG_C_v3.root
2026-03-06 09:45:08,254 - INFO - [2022] MISSING_CENTRAL: SR1E2Mu/Central/bjets/2/py in Skim_TriLep_DYJets.root
2026-03-06 09:45:08,255 - INFO - [2022] MISSING_CENTRAL: SR1E2Mu/Central/bjets/2/py in Skim_TriLep_DYJets10to50.root
2026-03-06 09:45:08,443 - INFO - [2022] MISSING_CENTRAL: SR1E2Mu/Central/bjets/2/py in Skim_TriLep_WWW.root
2026-03-06 09:45:08,557 - INFO - [2022EE] MISSING_CENTRAL: SR1E2Mu/Central/bjets/2/py in Skim_TriLep_DYJets.root
2026-03-06 09:45:08,558 - INFO - [2022EE] MISSING_CENTRAL: SR1E2Mu/Central/bjets/2/py in Skim_TriLep_DYJets10to50.root
2026-03-06 09:45:08,764 - INFO - [2022EE] MISSING_CENTRAL: SR1E2Mu/Central/bjets/2/py in Skim_TriLep_WWW.root
2026-03-06 09:45:08,889 - INFO - [2023] MISSING_CENTRAL: SR1E2Mu/Central/bjets/2/py in Skim_TriLep_DYJets10to50.root
2026-03-06 09:45:09,079 - INFO - [2023] MISSING_CENTRAL: SR1E2Mu/Central/bjets/2/py in Skim_TriLep_WWW.root
2026-03-06 09:45:09,198 - INFO - [2023BPix] MISSING_CENTRAL: SR1E2Mu/Central/bjets/2/py in Skim_TriLep_DYJets10to50.root
2026-03-06 09:45:09,340 - INFO - [2023BPix] MISSING_CENTRAL: SR1E2Mu/Central/bjets/2/py in Skim_TriLep_WZTo3LNu_powheg.root
2026-03-06 09:45:09,376 - INFO - [2023BPix] MISSING_CENTRAL: SR1E2Mu/Central/bjets/2/py in Skim_TriLep_WWW.root
2026-03-06 19:50:54,049 - INFO - [2023] MISSING_CENTRAL: SR1E2Mu/Central/bjets/2/py in Skim_TriLep_MuonEG_C_v3.root
2026-03-06 19:50:54,066 - INFO - [2022] MISSING_CENTRAL: SR1E2Mu/Central/bjets/2/py in Skim_TriLep_DYJets.root
2026-03-06 19:50:54,066 - INFO - [2022] MISSING_CENTRAL: SR1E2Mu/Central/bjets/2/py in Skim_TriLep_DYJets10to50.root
2026-03-06 19:50:54,249 - INFO - [2022] MISSING_CENTRAL: SR1E2Mu/Central/bjets/2/py in Skim_TriLep_WWW.root
2026-03-06 19:50:54,343 - INFO - [2022EE] MISSING_CENTRAL: SR1E2Mu/Central/bjets/2/py in Skim_TriLep_DYJets.root
2026-03-06 19:50:54,343 - INFO - [2022EE] MISSING_CENTRAL: SR1E2Mu/Central/bjets/2/py in Skim_TriLep_DYJets10to50.root
2026-03-06 19:50:54,522 - INFO - [2022EE] MISSING_CENTRAL: SR1E2Mu/Central/bjets/2/py in Skim_TriLep_WWW.root
2026-03-06 19:50:54,637 - INFO - [2023] MISSING_CENTRAL: SR1E2Mu/Central/bjets/2/py in Skim_TriLep_DYJets10to50.root
2026-03-06 19:50:54,818 - INFO - [2023] MISSING_CENTRAL: SR1E2Mu/Central/bjets/2/py in Skim_TriLep_WWW.root
2026-03-06 19:50:54,931 - INFO - [2023BPix] MISSING_CENTRAL: SR1E2Mu/Central/bjets/2/py in Skim_TriLep_DYJets10to50.root
2026-03-06 19:50:55,065 - INFO - [2023BPix] MISSING_CENTRAL: SR1E2Mu/Central/bjets/2/py in Skim_TriLep_WZTo3LNu_powheg.root
2026-03-06 19:50:55,101 - INFO - [2023BPix] MISSING_CENTRAL: SR1E2Mu/Central/bjets/2/py in Skim_TriLep_WWW.root
