2026-01-16 19:12:42,986 - INFO - [2022] MISSING_CENTRAL: SR1E2Mu/Central/bjets/3/pz in Skim_TriLep_MuonEG_C.root
2026-01-16 19:12:42,987 - INFO - [2022] MISSING_CENTRAL: SR1E2Mu/Central/bjets/3/pz in Skim_TriLep_MuonEG_D.root
2026-01-16 19:12:42,988 - INFO - [2022EE] MISSING_CENTRAL: SR1E2Mu/Central/bjets/3/pz in Skim_TriLep_MuonEG_E.root
2026-01-16 19:12:42,988 - INFO - [2022EE] MISSING_CENTRAL: SR1E2Mu/Central/bjets/3/pz in Skim_TriLep_MuonEG_F.root
2026-01-16 19:12:42,988 - INFO - [2022EE] MISSING_CENTRAL: SR1E2Mu/Central/bjets/3/pz in Skim_TriLep_MuonEG_G.root
2026-01-16 19:12:42,989 - INFO - [2023] MISSING_CENTRAL: SR1E2Mu/Central/bjets/3/pz in Skim_TriLep_MuonEG_C_v1.root
2026-01-16 19:12:42,989 - INFO - [2023] MISSING_CENTRAL: SR1E2Mu/Central/bjets/3/pz in Skim_TriLep_MuonEG_C_v2.root
2026-01-16 19:12:42,990 - INFO - [2023] MISSING_CENTRAL: SR1E2Mu/Central/bjets/3/pz in Skim_TriLep_MuonEG_C_v3.root
2026-01-16 19:12:43,047 - INFO - [2023BPix] MISSING_CENTRAL: SR1E2Mu/Central/bjets/3/pz in Skim_TriLep_MuonEG_D_v1.root
2026-01-16 19:12:43,047 - INFO - [2023BPix] MISSING_CENTRAL: SR1E2Mu/Central/bjets/3/pz in Skim_TriLep_MuonEG_D_v2.root
2026-01-16 19:12:43,061 - INFO - [2022] MISSING_CENTRAL: SR1E2Mu/Central/bjets/3/pz in Skim_TriLep_MuonEG_D.root
2026-01-16 19:12:43,062 - INFO - [2022] MISSING_CENTRAL: SR1E2Mu/Central/bjets/3/pz in Skim_TriLep_DYJets.root
2026-01-16 19:12:43,062 - INFO - [2022] MISSING_CENTRAL: SR1E2Mu/Central/bjets/3/pz in Skim_TriLep_DYJets10to50.root
2026-01-16 19:12:43,063 - INFO - [2022] MISSING_CENTRAL: SR1E2Mu/Central/bjets/3/pz in Skim_TriLep_TTG_PTG10to100.root
2026-01-16 19:12:43,063 - INFO - [2022] MISSING_CENTRAL: SR1E2Mu/Central/bjets/3/pz in Skim_TriLep_TTG_PTG100to200.root
2026-01-16 19:12:43,064 - INFO - [2022] MISSING_CENTRAL: SR1E2Mu/Central/bjets/3/pz in Skim_TriLep_TTG_PTG200toInf.root
2026-01-16 19:12:43,128 - INFO - [2022] MISSING_CENTRAL: SR1E2Mu/Central/bjets/3/pz in Skim_TriLep_WZTo3LNu_powheg.root
2026-01-16 19:12:43,128 - INFO - [2022] MISSING_CENTRAL: SR1E2Mu/Central/bjets/3/pz in Skim_TriLep_ZZTo4L_powheg.root
2026-01-16 19:12:43,157 - INFO - [2022] MISSING_CENTRAL: SR1E2Mu/Central/bjets/3/pz in Skim_TriLep_WWW.root
2026-01-16 19:12:43,158 - INFO - [2022] MISSING_CENTRAL: SR1E2Mu/Central/bjets/3/pz in Skim_TriLep_WWZ.root
2026-01-16 19:12:43,158 - INFO - [2022] MISSING_CENTRAL: SR1E2Mu/Central/bjets/3/pz in Skim_TriLep_WZZ.root
2026-01-16 19:12:43,159 - INFO - [2022] MISSING_CENTRAL: SR1E2Mu/Central/bjets/3/pz in Skim_TriLep_ZZZ.root
2026-01-16 19:12:43,175 - INFO - [2022] MISSING_CENTRAL: SR1E2Mu/Central/bjets/3/pz in Skim_TriLep_VBFHToZZTo4L.root
2026-01-16 19:12:43,175 - INFO - [2022] MISSING_CENTRAL: SR1E2Mu/Central/bjets/3/pz in Skim_TriLep_ggHToZZTo4L.root
2026-01-16 19:12:43,176 - INFO - [2022EE] MISSING_CENTRAL: SR1E2Mu/Central/bjets/3/pz in Skim_TriLep_MuonEG_E.root
2026-01-16 19:12:43,177 - INFO - [2022EE] MISSING_CENTRAL: SR1E2Mu/Central/bjets/3/pz in Skim_TriLep_MuonEG_G.root
2026-01-16 19:12:43,177 - INFO - [2022EE] MISSING_CENTRAL: SR1E2Mu/Central/bjets/3/pz in Skim_TriLep_DYJets.root
2026-01-16 19:12:43,178 - INFO - [2022EE] MISSING_CENTRAL: SR1E2Mu/Central/bjets/3/pz in Skim_TriLep_DYJets10to50.root
2026-01-16 19:12:43,197 - INFO - [2022EE] MISSING_CENTRAL: SR1E2Mu/Central/bjets/3/pz in Skim_TriLep_TTG_PTG100to200.root
2026-01-16 19:12:43,198 - INFO - [2022EE] MISSING_CENTRAL: SR1E2Mu/Central/bjets/3/pz in Skim_TriLep_TTG_PTG200toInf.root
2026-01-16 19:12:43,198 - INFO - [2022EE] MISSING_CENTRAL: SR1E2Mu/Central/bjets/3/pz in Skim_TriLep_TTWToLNu.root
2026-01-16 19:12:43,244 - INFO - [2022EE] MISSING_CENTRAL: SR1E2Mu/Central/bjets/3/pz in Skim_TriLep_WZTo3LNu_powheg.root
2026-01-16 19:12:43,286 - INFO - [2022EE] MISSING_CENTRAL: SR1E2Mu/Central/bjets/3/pz in Skim_TriLep_WWW.root
2026-01-16 19:12:43,287 - INFO - [2022EE] MISSING_CENTRAL: SR1E2Mu/Central/bjets/3/pz in Skim_TriLep_WWZ.root
2026-01-16 19:12:43,303 - INFO - [2022EE] MISSING_SYSTEMATIC: SR1E2Mu/JetEn_Down/bjets/3/pz in Skim_TriLep_ZZZ.root
2026-01-16 19:12:43,330 - INFO - [2022EE] MISSING_CENTRAL: SR1E2Mu/Central/bjets/3/pz in Skim_TriLep_VBFHToZZTo4L.root
2026-01-16 19:12:43,331 - INFO - [2022EE] MISSING_CENTRAL: SR1E2Mu/Central/bjets/3/pz in Skim_TriLep_ggHToZZTo4L.root
2026-01-16 19:12:43,331 - INFO - [2023] MISSING_CENTRAL: SR1E2Mu/Central/bjets/3/pz in Skim_TriLep_MuonEG_C_v1.root
2026-01-16 19:12:43,332 - INFO - [2023] MISSING_CENTRAL: SR1E2Mu/Central/bjets/3/pz in Skim_TriLep_MuonEG_C_v2.root
2026-01-16 19:12:43,332 - INFO - [2023] MISSING_CENTRAL: SR1E2Mu/Central/bjets/3/pz in Skim_TriLep_MuonEG_C_v3.root
2026-01-16 19:12:43,333 - INFO - [2023] MISSING_CENTRAL: SR1E2Mu/Central/bjets/3/pz in Skim_TriLep_DYJets.root
2026-01-16 19:12:43,334 - INFO - [2023] MISSING_CENTRAL: SR1E2Mu/Central/bjets/3/pz in Skim_TriLep_DYJets10to50.root
2026-01-16 19:12:43,334 - INFO - [2023] MISSING_CENTRAL: SR1E2Mu/Central/bjets/3/pz in Skim_TriLep_TTG_PTG10to100.root
2026-01-16 19:12:43,335 - INFO - [2023] MISSING_CENTRAL: SR1E2Mu/Central/bjets/3/pz in Skim_TriLep_TTG_PTG100to200.root
2026-01-16 19:12:43,335 - INFO - [2023] MISSING_CENTRAL: SR1E2Mu/Central/bjets/3/pz in Skim_TriLep_TTG_PTG200toInf.root
2026-01-16 19:12:43,396 - INFO - [2023] MISSING_CENTRAL: SR1E2Mu/Central/bjets/3/pz in Skim_TriLep_WZTo3LNu_powheg.root
2026-01-16 19:12:43,397 - INFO - [2023] MISSING_CENTRAL: SR1E2Mu/Central/bjets/3/pz in Skim_TriLep_ZZTo4L_powheg.root
2026-01-16 19:12:43,430 - INFO - [2023] MISSING_CENTRAL: SR1E2Mu/Central/bjets/3/pz in Skim_TriLep_WWW.root
2026-01-16 19:12:43,494 - INFO - [2023] MISSING_CENTRAL: SR1E2Mu/Central/bjets/3/pz in Skim_TriLep_VBFHToZZTo4L.root
2026-01-16 19:12:43,494 - INFO - [2023] MISSING_CENTRAL: SR1E2Mu/Central/bjets/3/pz in Skim_TriLep_ggHToZZTo4L.root
2026-01-16 19:12:43,496 - INFO - [2023BPix] MISSING_CENTRAL: SR1E2Mu/Central/bjets/3/pz in Skim_TriLep_MuonEG_D_v2.root
2026-01-16 19:12:43,496 - INFO - [2023BPix] MISSING_CENTRAL: SR1E2Mu/Central/bjets/3/pz in Skim_TriLep_DYJets.root
2026-01-16 19:12:43,497 - INFO - [2023BPix] MISSING_CENTRAL: SR1E2Mu/Central/bjets/3/pz in Skim_TriLep_DYJets10to50.root
2026-01-16 19:12:43,497 - INFO - [2023BPix] MISSING_CENTRAL: SR1E2Mu/Central/bjets/3/pz in Skim_TriLep_TTG_PTG10to100.root
2026-01-16 19:12:43,498 - INFO - [2023BPix] MISSING_CENTRAL: SR1E2Mu/Central/bjets/3/pz in Skim_TriLep_TTG_PTG100to200.root
2026-01-16 19:12:43,499 - INFO - [2023BPix] MISSING_CENTRAL: SR1E2Mu/Central/bjets/3/pz in Skim_TriLep_TTG_PTG200toInf.root
2026-01-16 19:12:43,562 - INFO - [2023BPix] MISSING_CENTRAL: SR1E2Mu/Central/bjets/3/pz in Skim_TriLep_WZTo3LNu_powheg.root
2026-01-16 19:12:43,563 - INFO - [2023BPix] MISSING_CENTRAL: SR1E2Mu/Central/bjets/3/pz in Skim_TriLep_ZZTo4L_powheg.root
2026-01-16 19:12:43,595 - INFO - [2023BPix] MISSING_CENTRAL: SR1E2Mu/Central/bjets/3/pz in Skim_TriLep_WWW.root
2026-01-16 19:12:43,596 - INFO - [2023BPix] MISSING_CENTRAL: SR1E2Mu/Central/bjets/3/pz in Skim_TriLep_WWZ.root
2026-01-16 19:12:43,644 - INFO - [2023BPix] MISSING_CENTRAL: SR1E2Mu/Central/bjets/3/pz in Skim_TriLep_VBFHToZZTo4L.root
2026-01-16 19:12:43,645 - INFO - [2023BPix] MISSING_CENTRAL: SR1E2Mu/Central/bjets/3/pz in Skim_TriLep_ggHToZZTo4L.root
2026-01-21 13:02:01,571 - INFO - [2022] MISSING_CENTRAL: SR1E2Mu/Central/bjets/3/pz in Skim_TriLep_MuonEG_C.root
2026-01-21 13:02:01,572 - INFO - [2022] MISSING_CENTRAL: SR1E2Mu/Central/bjets/3/pz in Skim_TriLep_MuonEG_D.root
2026-01-21 13:02:01,573 - INFO - [2022EE] MISSING_CENTRAL: SR1E2Mu/Central/bjets/3/pz in Skim_TriLep_MuonEG_E.root
2026-01-21 13:02:01,573 - INFO - [2022EE] MISSING_CENTRAL: SR1E2Mu/Central/bjets/3/pz in Skim_TriLep_MuonEG_F.root
2026-01-21 13:02:01,573 - INFO - [2022EE] MISSING_CENTRAL: SR1E2Mu/Central/bjets/3/pz in Skim_TriLep_MuonEG_G.root
2026-01-21 13:02:01,574 - INFO - [2023] MISSING_CENTRAL: SR1E2Mu/Central/bjets/3/pz in Skim_TriLep_MuonEG_C_v1.root
2026-01-21 13:02:01,575 - INFO - [2023] MISSING_CENTRAL: SR1E2Mu/Central/bjets/3/pz in Skim_TriLep_MuonEG_C_v2.root
2026-01-21 13:02:01,575 - INFO - [2023] MISSING_CENTRAL: SR1E2Mu/Central/bjets/3/pz in Skim_TriLep_MuonEG_C_v3.root
2026-01-21 13:02:01,632 - INFO - [2023BPix] MISSING_CENTRAL: SR1E2Mu/Central/bjets/3/pz in Skim_TriLep_MuonEG_D_v1.root
2026-01-21 13:02:01,633 - INFO - [2023BPix] MISSING_CENTRAL: SR1E2Mu/Central/bjets/3/pz in Skim_TriLep_MuonEG_D_v2.root
2026-01-21 13:02:01,646 - INFO - [2022] MISSING_CENTRAL: SR1E2Mu/Central/bjets/3/pz in Skim_TriLep_MuonEG_D.root
2026-01-21 13:02:01,647 - INFO - [2022] MISSING_CENTRAL: SR1E2Mu/Central/bjets/3/pz in Skim_TriLep_DYJets.root
2026-01-21 13:02:01,647 - INFO - [2022] MISSING_CENTRAL: SR1E2Mu/Central/bjets/3/pz in Skim_TriLep_DYJets10to50.root
2026-01-21 13:02:01,648 - INFO - [2022] MISSING_CENTRAL: SR1E2Mu/Central/bjets/3/pz in Skim_TriLep_TTG_PTG10to100.root
2026-01-21 13:02:01,649 - INFO - [2022] MISSING_CENTRAL: SR1E2Mu/Central/bjets/3/pz in Skim_TriLep_TTG_PTG100to200.root
2026-01-21 13:02:01,649 - INFO - [2022] MISSING_CENTRAL: SR1E2Mu/Central/bjets/3/pz in Skim_TriLep_TTG_PTG200toInf.root
2026-01-21 13:02:01,712 - INFO - [2022] MISSING_CENTRAL: SR1E2Mu/Central/bjets/3/pz in Skim_TriLep_WZTo3LNu_powheg.root
2026-01-21 13:02:01,713 - INFO - [2022] MISSING_CENTRAL: SR1E2Mu/Central/bjets/3/pz in Skim_TriLep_ZZTo4L_powheg.root
2026-01-21 13:02:01,743 - INFO - [2022] MISSING_CENTRAL: SR1E2Mu/Central/bjets/3/pz in Skim_TriLep_WWW.root
2026-01-21 13:02:01,744 - INFO - [2022] MISSING_CENTRAL: SR1E2Mu/Central/bjets/3/pz in Skim_TriLep_WWZ.root
2026-01-21 13:02:01,744 - INFO - [2022] MISSING_CENTRAL: SR1E2Mu/Central/bjets/3/pz in Skim_TriLep_WZZ.root
2026-01-21 13:02:01,745 - INFO - [2022] MISSING_CENTRAL: SR1E2Mu/Central/bjets/3/pz in Skim_TriLep_ZZZ.root
2026-01-21 13:02:01,761 - INFO - [2022] MISSING_CENTRAL: SR1E2Mu/Central/bjets/3/pz in Skim_TriLep_VBFHToZZTo4L.root
2026-01-21 13:02:01,762 - INFO - [2022] MISSING_CENTRAL: SR1E2Mu/Central/bjets/3/pz in Skim_TriLep_ggHToZZTo4L.root
2026-01-21 13:02:01,763 - INFO - [2022EE] MISSING_CENTRAL: SR1E2Mu/Central/bjets/3/pz in Skim_TriLep_MuonEG_E.root
2026-01-21 13:02:01,764 - INFO - [2022EE] MISSING_CENTRAL: SR1E2Mu/Central/bjets/3/pz in Skim_TriLep_MuonEG_G.root
2026-01-21 13:02:01,764 - INFO - [2022EE] MISSING_CENTRAL: SR1E2Mu/Central/bjets/3/pz in Skim_TriLep_DYJets.root
2026-01-21 13:02:01,765 - INFO - [2022EE] MISSING_CENTRAL: SR1E2Mu/Central/bjets/3/pz in Skim_TriLep_DYJets10to50.root
2026-01-21 13:02:01,784 - INFO - [2022EE] MISSING_CENTRAL: SR1E2Mu/Central/bjets/3/pz in Skim_TriLep_TTG_PTG100to200.root
2026-01-21 13:02:01,785 - INFO - [2022EE] MISSING_CENTRAL: SR1E2Mu/Central/bjets/3/pz in Skim_TriLep_TTG_PTG200toInf.root
2026-01-21 13:02:01,785 - INFO - [2022EE] MISSING_CENTRAL: SR1E2Mu/Central/bjets/3/pz in Skim_TriLep_TTWToLNu.root
2026-01-21 13:02:01,832 - INFO - [2022EE] MISSING_CENTRAL: SR1E2Mu/Central/bjets/3/pz in Skim_TriLep_WZTo3LNu_powheg.root
2026-01-21 13:02:01,876 - INFO - [2022EE] MISSING_CENTRAL: SR1E2Mu/Central/bjets/3/pz in Skim_TriLep_WWW.root
2026-01-21 13:02:01,877 - INFO - [2022EE] MISSING_CENTRAL: SR1E2Mu/Central/bjets/3/pz in Skim_TriLep_WWZ.root
2026-01-21 13:02:01,894 - INFO - [2022EE] MISSING_SYSTEMATIC: SR1E2Mu/JetEn_Down/bjets/3/pz in Skim_TriLep_ZZZ.root
2026-01-21 13:02:01,923 - INFO - [2022EE] MISSING_CENTRAL: SR1E2Mu/Central/bjets/3/pz in Skim_TriLep_VBFHToZZTo4L.root
2026-01-21 13:02:01,923 - INFO - [2022EE] MISSING_CENTRAL: SR1E2Mu/Central/bjets/3/pz in Skim_TriLep_ggHToZZTo4L.root
2026-01-21 13:02:01,924 - INFO - [2023] MISSING_CENTRAL: SR1E2Mu/Central/bjets/3/pz in Skim_TriLep_MuonEG_C_v1.root
2026-01-21 13:02:01,924 - INFO - [2023] MISSING_CENTRAL: SR1E2Mu/Central/bjets/3/pz in Skim_TriLep_MuonEG_C_v2.root
2026-01-21 13:02:01,925 - INFO - [2023] MISSING_CENTRAL: SR1E2Mu/Central/bjets/3/pz in Skim_TriLep_MuonEG_C_v3.root
2026-01-21 13:02:01,926 - INFO - [2023] MISSING_CENTRAL: SR1E2Mu/Central/bjets/3/pz in Skim_TriLep_DYJets.root
2026-01-21 13:02:01,927 - INFO - [2023] MISSING_CENTRAL: SR1E2Mu/Central/bjets/3/pz in Skim_TriLep_DYJets10to50.root
2026-01-21 13:02:01,927 - INFO - [2023] MISSING_CENTRAL: SR1E2Mu/Central/bjets/3/pz in Skim_TriLep_TTG_PTG10to100.root
2026-01-21 13:02:01,928 - INFO - [2023] MISSING_CENTRAL: SR1E2Mu/Central/bjets/3/pz in Skim_TriLep_TTG_PTG100to200.root
2026-01-21 13:02:01,928 - INFO - [2023] MISSING_CENTRAL: SR1E2Mu/Central/bjets/3/pz in Skim_TriLep_TTG_PTG200toInf.root
2026-01-21 13:02:01,992 - INFO - [2023] MISSING_CENTRAL: SR1E2Mu/Central/bjets/3/pz in Skim_TriLep_WZTo3LNu_powheg.root
2026-01-21 13:02:01,993 - INFO - [2023] MISSING_CENTRAL: SR1E2Mu/Central/bjets/3/pz in Skim_TriLep_ZZTo4L_powheg.root
2026-01-21 13:02:02,025 - INFO - [2023] MISSING_CENTRAL: SR1E2Mu/Central/bjets/3/pz in Skim_TriLep_WWW.root
2026-01-21 13:02:02,086 - INFO - [2023] MISSING_CENTRAL: SR1E2Mu/Central/bjets/3/pz in Skim_TriLep_VBFHToZZTo4L.root
2026-01-21 13:02:02,087 - INFO - [2023] MISSING_CENTRAL: SR1E2Mu/Central/bjets/3/pz in Skim_TriLep_ggHToZZTo4L.root
2026-01-21 13:02:02,089 - INFO - [2023BPix] MISSING_CENTRAL: SR1E2Mu/Central/bjets/3/pz in Skim_TriLep_MuonEG_D_v2.root
2026-01-21 13:02:02,090 - INFO - [2023BPix] MISSING_CENTRAL: SR1E2Mu/Central/bjets/3/pz in Skim_TriLep_DYJets.root
2026-01-21 13:02:02,091 - INFO - [2023BPix] MISSING_CENTRAL: SR1E2Mu/Central/bjets/3/pz in Skim_TriLep_DYJets10to50.root
2026-01-21 13:02:02,091 - INFO - [2023BPix] MISSING_CENTRAL: SR1E2Mu/Central/bjets/3/pz in Skim_TriLep_TTG_PTG10to100.root
2026-01-21 13:02:02,092 - INFO - [2023BPix] MISSING_CENTRAL: SR1E2Mu/Central/bjets/3/pz in Skim_TriLep_TTG_PTG100to200.root
2026-01-21 13:02:02,093 - INFO - [2023BPix] MISSING_CENTRAL: SR1E2Mu/Central/bjets/3/pz in Skim_TriLep_TTG_PTG200toInf.root
2026-01-21 13:02:02,155 - INFO - [2023BPix] MISSING_CENTRAL: SR1E2Mu/Central/bjets/3/pz in Skim_TriLep_WZTo3LNu_powheg.root
2026-01-21 13:02:02,156 - INFO - [2023BPix] MISSING_CENTRAL: SR1E2Mu/Central/bjets/3/pz in Skim_TriLep_ZZTo4L_powheg.root
2026-01-21 13:02:02,189 - INFO - [2023BPix] MISSING_CENTRAL: SR1E2Mu/Central/bjets/3/pz in Skim_TriLep_WWW.root
2026-01-21 13:02:02,190 - INFO - [2023BPix] MISSING_CENTRAL: SR1E2Mu/Central/bjets/3/pz in Skim_TriLep_WWZ.root
2026-01-21 13:02:02,238 - INFO - [2023BPix] MISSING_CENTRAL: SR1E2Mu/Central/bjets/3/pz in Skim_TriLep_VBFHToZZTo4L.root
2026-01-21 13:02:02,239 - INFO - [2023BPix] MISSING_CENTRAL: SR1E2Mu/Central/bjets/3/pz in Skim_TriLep_ggHToZZTo4L.root
2026-01-21 14:50:29,867 - INFO - [2022] MISSING_CENTRAL: SR1E2Mu/Central/bjets/3/pz in Skim_TriLep_MuonEG_C.root
2026-01-21 14:50:29,868 - INFO - [2022] MISSING_CENTRAL: SR1E2Mu/Central/bjets/3/pz in Skim_TriLep_MuonEG_D.root
2026-01-21 14:50:29,869 - INFO - [2022EE] MISSING_CENTRAL: SR1E2Mu/Central/bjets/3/pz in Skim_TriLep_MuonEG_E.root
2026-01-21 14:50:29,869 - INFO - [2022EE] MISSING_CENTRAL: SR1E2Mu/Central/bjets/3/pz in Skim_TriLep_MuonEG_F.root
2026-01-21 14:50:29,870 - INFO - [2022EE] MISSING_CENTRAL: SR1E2Mu/Central/bjets/3/pz in Skim_TriLep_MuonEG_G.root
2026-01-21 14:50:29,870 - INFO - [2023] MISSING_CENTRAL: SR1E2Mu/Central/bjets/3/pz in Skim_TriLep_MuonEG_C_v1.root
2026-01-21 14:50:29,871 - INFO - [2023] MISSING_CENTRAL: SR1E2Mu/Central/bjets/3/pz in Skim_TriLep_MuonEG_C_v2.root
2026-01-21 14:50:29,871 - INFO - [2023] MISSING_CENTRAL: SR1E2Mu/Central/bjets/3/pz in Skim_TriLep_MuonEG_C_v3.root
2026-01-21 14:50:29,926 - INFO - [2023BPix] MISSING_CENTRAL: SR1E2Mu/Central/bjets/3/pz in Skim_TriLep_MuonEG_D_v1.root
2026-01-21 14:50:29,927 - INFO - [2023BPix] MISSING_CENTRAL: SR1E2Mu/Central/bjets/3/pz in Skim_TriLep_MuonEG_D_v2.root
2026-01-21 14:50:29,941 - INFO - [2022] MISSING_CENTRAL: SR1E2Mu/Central/bjets/3/pz in Skim_TriLep_MuonEG_D.root
2026-01-21 14:50:29,942 - INFO - [2022] MISSING_CENTRAL: SR1E2Mu/Central/bjets/3/pz in Skim_TriLep_DYJets.root
2026-01-21 14:50:29,942 - INFO - [2022] MISSING_CENTRAL: SR1E2Mu/Central/bjets/3/pz in Skim_TriLep_DYJets10to50.root
2026-01-21 14:50:29,943 - INFO - [2022] MISSING_CENTRAL: SR1E2Mu/Central/bjets/3/pz in Skim_TriLep_TTG_PTG10to100.root
2026-01-21 14:50:29,943 - INFO - [2022] MISSING_CENTRAL: SR1E2Mu/Central/bjets/3/pz in Skim_TriLep_TTG_PTG100to200.root
2026-01-21 14:50:29,944 - INFO - [2022] MISSING_CENTRAL: SR1E2Mu/Central/bjets/3/pz in Skim_TriLep_TTG_PTG200toInf.root
2026-01-21 14:50:30,005 - INFO - [2022] MISSING_CENTRAL: SR1E2Mu/Central/bjets/3/pz in Skim_TriLep_WZTo3LNu_powheg.root
2026-01-21 14:50:30,005 - INFO - [2022] MISSING_CENTRAL: SR1E2Mu/Central/bjets/3/pz in Skim_TriLep_ZZTo4L_powheg.root
2026-01-21 14:50:30,034 - INFO - [2022] MISSING_CENTRAL: SR1E2Mu/Central/bjets/3/pz in Skim_TriLep_WWW.root
2026-01-21 14:50:30,035 - INFO - [2022] MISSING_CENTRAL: SR1E2Mu/Central/bjets/3/pz in Skim_TriLep_WWZ.root
2026-01-21 14:50:30,036 - INFO - [2022] MISSING_CENTRAL: SR1E2Mu/Central/bjets/3/pz in Skim_TriLep_WZZ.root
2026-01-21 14:50:30,036 - INFO - [2022] MISSING_CENTRAL: SR1E2Mu/Central/bjets/3/pz in Skim_TriLep_ZZZ.root
2026-01-21 14:50:30,056 - INFO - [2022] MISSING_CENTRAL: SR1E2Mu/Central/bjets/3/pz in Skim_TriLep_VBFHToZZTo4L.root
2026-01-21 14:50:30,056 - INFO - [2022] MISSING_CENTRAL: SR1E2Mu/Central/bjets/3/pz in Skim_TriLep_ggHToZZTo4L.root
2026-01-21 14:50:30,057 - INFO - [2022EE] MISSING_CENTRAL: SR1E2Mu/Central/bjets/3/pz in Skim_TriLep_MuonEG_E.root
2026-01-21 14:50:30,059 - INFO - [2022EE] MISSING_CENTRAL: SR1E2Mu/Central/bjets/3/pz in Skim_TriLep_MuonEG_G.root
2026-01-21 14:50:30,059 - INFO - [2022EE] MISSING_CENTRAL: SR1E2Mu/Central/bjets/3/pz in Skim_TriLep_DYJets.root
2026-01-21 14:50:30,060 - INFO - [2022EE] MISSING_CENTRAL: SR1E2Mu/Central/bjets/3/pz in Skim_TriLep_DYJets10to50.root
2026-01-21 14:50:30,080 - INFO - [2022EE] MISSING_CENTRAL: SR1E2Mu/Central/bjets/3/pz in Skim_TriLep_TTG_PTG100to200.root
2026-01-21 14:50:30,080 - INFO - [2022EE] MISSING_CENTRAL: SR1E2Mu/Central/bjets/3/pz in Skim_TriLep_TTG_PTG200toInf.root
2026-01-21 14:50:30,081 - INFO - [2022EE] MISSING_CENTRAL: SR1E2Mu/Central/bjets/3/pz in Skim_TriLep_TTWToLNu.root
2026-01-21 14:50:30,127 - INFO - [2022EE] MISSING_CENTRAL: SR1E2Mu/Central/bjets/3/pz in Skim_TriLep_WZTo3LNu_powheg.root
2026-01-21 14:50:30,173 - INFO - [2022EE] MISSING_CENTRAL: SR1E2Mu/Central/bjets/3/pz in Skim_TriLep_WWW.root
2026-01-21 14:50:30,174 - INFO - [2022EE] MISSING_CENTRAL: SR1E2Mu/Central/bjets/3/pz in Skim_TriLep_WWZ.root
2026-01-21 14:50:30,191 - INFO - [2022EE] MISSING_SYSTEMATIC: SR1E2Mu/JetEn_Down/bjets/3/pz in Skim_TriLep_ZZZ.root
2026-01-21 14:50:30,220 - INFO - [2022EE] MISSING_CENTRAL: SR1E2Mu/Central/bjets/3/pz in Skim_TriLep_VBFHToZZTo4L.root
2026-01-21 14:50:30,221 - INFO - [2022EE] MISSING_CENTRAL: SR1E2Mu/Central/bjets/3/pz in Skim_TriLep_ggHToZZTo4L.root
2026-01-21 14:50:30,221 - INFO - [2023] MISSING_CENTRAL: SR1E2Mu/Central/bjets/3/pz in Skim_TriLep_MuonEG_C_v1.root
2026-01-21 14:50:30,222 - INFO - [2023] MISSING_CENTRAL: SR1E2Mu/Central/bjets/3/pz in Skim_TriLep_MuonEG_C_v2.root
2026-01-21 14:50:30,223 - INFO - [2023] MISSING_CENTRAL: SR1E2Mu/Central/bjets/3/pz in Skim_TriLep_MuonEG_C_v3.root
2026-01-21 14:50:30,224 - INFO - [2023] MISSING_CENTRAL: SR1E2Mu/Central/bjets/3/pz in Skim_TriLep_DYJets.root
2026-01-21 14:50:30,225 - INFO - [2023] MISSING_CENTRAL: SR1E2Mu/Central/bjets/3/pz in Skim_TriLep_DYJets10to50.root
2026-01-21 14:50:30,225 - INFO - [2023] MISSING_CENTRAL: SR1E2Mu/Central/bjets/3/pz in Skim_TriLep_TTG_PTG10to100.root
2026-01-21 14:50:30,226 - INFO - [2023] MISSING_CENTRAL: SR1E2Mu/Central/bjets/3/pz in Skim_TriLep_TTG_PTG100to200.root
2026-01-21 14:50:30,227 - INFO - [2023] MISSING_CENTRAL: SR1E2Mu/Central/bjets/3/pz in Skim_TriLep_TTG_PTG200toInf.root
2026-01-21 14:50:30,289 - INFO - [2023] MISSING_CENTRAL: SR1E2Mu/Central/bjets/3/pz in Skim_TriLep_WZTo3LNu_powheg.root
2026-01-21 14:50:30,290 - INFO - [2023] MISSING_CENTRAL: SR1E2Mu/Central/bjets/3/pz in Skim_TriLep_ZZTo4L_powheg.root
2026-01-21 14:50:30,322 - INFO - [2023] MISSING_CENTRAL: SR1E2Mu/Central/bjets/3/pz in Skim_TriLep_WWW.root
2026-01-21 14:50:30,383 - INFO - [2023] MISSING_CENTRAL: SR1E2Mu/Central/bjets/3/pz in Skim_TriLep_VBFHToZZTo4L.root
2026-01-21 14:50:30,384 - INFO - [2023] MISSING_CENTRAL: SR1E2Mu/Central/bjets/3/pz in Skim_TriLep_ggHToZZTo4L.root
2026-01-21 14:50:30,385 - INFO - [2023BPix] MISSING_CENTRAL: SR1E2Mu/Central/bjets/3/pz in Skim_TriLep_MuonEG_D_v2.root
2026-01-21 14:50:30,386 - INFO - [2023BPix] MISSING_CENTRAL: SR1E2Mu/Central/bjets/3/pz in Skim_TriLep_DYJets.root
2026-01-21 14:50:30,386 - INFO - [2023BPix] MISSING_CENTRAL: SR1E2Mu/Central/bjets/3/pz in Skim_TriLep_DYJets10to50.root
2026-01-21 14:50:30,387 - INFO - [2023BPix] MISSING_CENTRAL: SR1E2Mu/Central/bjets/3/pz in Skim_TriLep_TTG_PTG10to100.root
2026-01-21 14:50:30,387 - INFO - [2023BPix] MISSING_CENTRAL: SR1E2Mu/Central/bjets/3/pz in Skim_TriLep_TTG_PTG100to200.root
2026-01-21 14:50:30,388 - INFO - [2023BPix] MISSING_CENTRAL: SR1E2Mu/Central/bjets/3/pz in Skim_TriLep_TTG_PTG200toInf.root
2026-01-21 14:50:30,447 - INFO - [2023BPix] MISSING_CENTRAL: SR1E2Mu/Central/bjets/3/pz in Skim_TriLep_WZTo3LNu_powheg.root
2026-01-21 14:50:30,447 - INFO - [2023BPix] MISSING_CENTRAL: SR1E2Mu/Central/bjets/3/pz in Skim_TriLep_ZZTo4L_powheg.root
2026-01-21 14:50:30,476 - INFO - [2023BPix] MISSING_CENTRAL: SR1E2Mu/Central/bjets/3/pz in Skim_TriLep_WWW.root
2026-01-21 14:50:30,477 - INFO - [2023BPix] MISSING_CENTRAL: SR1E2Mu/Central/bjets/3/pz in Skim_TriLep_WWZ.root
2026-01-21 14:50:30,517 - INFO - [2023BPix] MISSING_CENTRAL: SR1E2Mu/Central/bjets/3/pz in Skim_TriLep_VBFHToZZTo4L.root
2026-01-21 14:50:30,518 - INFO - [2023BPix] MISSING_CENTRAL: SR1E2Mu/Central/bjets/3/pz in Skim_TriLep_ggHToZZTo4L.root
2026-01-28 17:09:31,420 - INFO - [2022] MISSING_CENTRAL: SR1E2Mu/Central/bjets/3/pz in Skim_TriLep_MuonEG_C.root
2026-01-28 17:09:31,421 - INFO - [2022] MISSING_CENTRAL: SR1E2Mu/Central/bjets/3/pz in Skim_TriLep_MuonEG_D.root
2026-01-28 17:09:31,422 - INFO - [2022EE] MISSING_CENTRAL: SR1E2Mu/Central/bjets/3/pz in Skim_TriLep_MuonEG_E.root
2026-01-28 17:09:31,423 - INFO - [2022EE] MISSING_CENTRAL: SR1E2Mu/Central/bjets/3/pz in Skim_TriLep_MuonEG_F.root
2026-01-28 17:09:31,423 - INFO - [2022EE] MISSING_CENTRAL: SR1E2Mu/Central/bjets/3/pz in Skim_TriLep_MuonEG_G.root
2026-01-28 17:09:31,424 - INFO - [2023] MISSING_CENTRAL: SR1E2Mu/Central/bjets/3/pz in Skim_TriLep_MuonEG_C_v1.root
2026-01-28 17:09:31,425 - INFO - [2023] MISSING_CENTRAL: SR1E2Mu/Central/bjets/3/pz in Skim_TriLep_MuonEG_C_v2.root
2026-01-28 17:09:31,425 - INFO - [2023] MISSING_CENTRAL: SR1E2Mu/Central/bjets/3/pz in Skim_TriLep_MuonEG_C_v3.root
2026-01-28 17:09:31,480 - INFO - [2023BPix] MISSING_CENTRAL: SR1E2Mu/Central/bjets/3/pz in Skim_TriLep_MuonEG_D_v1.root
2026-01-28 17:09:31,481 - INFO - [2023BPix] MISSING_CENTRAL: SR1E2Mu/Central/bjets/3/pz in Skim_TriLep_MuonEG_D_v2.root
2026-01-28 17:09:31,497 - INFO - [2022] MISSING_CENTRAL: SR1E2Mu/Central/bjets/3/pz in Skim_TriLep_MuonEG_D.root
2026-01-28 17:09:31,498 - INFO - [2022] MISSING_CENTRAL: SR1E2Mu/Central/bjets/3/pz in Skim_TriLep_DYJets.root
2026-01-28 17:09:31,499 - INFO - [2022] MISSING_CENTRAL: SR1E2Mu/Central/bjets/3/pz in Skim_TriLep_DYJets10to50.root
2026-01-28 17:09:31,499 - INFO - [2022] MISSING_CENTRAL: SR1E2Mu/Central/bjets/3/pz in Skim_TriLep_TTG_PTG10to100.root
2026-01-28 17:09:31,500 - INFO - [2022] MISSING_CENTRAL: SR1E2Mu/Central/bjets/3/pz in Skim_TriLep_TTG_PTG100to200.root
2026-01-28 17:09:31,501 - INFO - [2022] MISSING_CENTRAL: SR1E2Mu/Central/bjets/3/pz in Skim_TriLep_TTG_PTG200toInf.root
2026-01-28 17:09:31,638 - INFO - [2022] MISSING_CENTRAL: SR1E2Mu/Central/bjets/3/pz in Skim_TriLep_WZTo3LNu_powheg.root
2026-01-28 17:09:31,639 - INFO - [2022] MISSING_CENTRAL: SR1E2Mu/Central/bjets/3/pz in Skim_TriLep_ZZTo4L_powheg.root
2026-01-28 17:09:31,665 - INFO - [2022] MISSING_CENTRAL: SR1E2Mu/Central/bjets/3/pz in Skim_TriLep_WWW.root
2026-01-28 17:09:31,666 - INFO - [2022] MISSING_CENTRAL: SR1E2Mu/Central/bjets/3/pz in Skim_TriLep_WWZ.root
2026-01-28 17:09:31,666 - INFO - [2022] MISSING_CENTRAL: SR1E2Mu/Central/bjets/3/pz in Skim_TriLep_WZZ.root
2026-01-28 17:09:31,667 - INFO - [2022] MISSING_CENTRAL: SR1E2Mu/Central/bjets/3/pz in Skim_TriLep_ZZZ.root
2026-01-28 17:09:31,695 - INFO - [2022] MISSING_CENTRAL: SR1E2Mu/Central/bjets/3/pz in Skim_TriLep_VBFHToZZTo4L.root
2026-01-28 17:09:31,696 - INFO - [2022] MISSING_CENTRAL: SR1E2Mu/Central/bjets/3/pz in Skim_TriLep_ggHToZZTo4L.root
2026-01-28 17:09:31,696 - INFO - [2022EE] MISSING_CENTRAL: SR1E2Mu/Central/bjets/3/pz in Skim_TriLep_MuonEG_E.root
2026-01-28 17:09:31,698 - INFO - [2022EE] MISSING_CENTRAL: SR1E2Mu/Central/bjets/3/pz in Skim_TriLep_MuonEG_G.root
2026-01-28 17:09:31,698 - INFO - [2022EE] MISSING_CENTRAL: SR1E2Mu/Central/bjets/3/pz in Skim_TriLep_DYJets.root
2026-01-28 17:09:31,699 - INFO - [2022EE] MISSING_CENTRAL: SR1E2Mu/Central/bjets/3/pz in Skim_TriLep_DYJets10to50.root
2026-01-28 17:09:31,727 - INFO - [2022EE] MISSING_CENTRAL: SR1E2Mu/Central/bjets/3/pz in Skim_TriLep_TTG_PTG100to200.root
2026-01-28 17:09:31,727 - INFO - [2022EE] MISSING_CENTRAL: SR1E2Mu/Central/bjets/3/pz in Skim_TriLep_TTG_PTG200toInf.root
2026-01-28 17:09:31,728 - INFO - [2022EE] MISSING_CENTRAL: SR1E2Mu/Central/bjets/3/pz in Skim_TriLep_TTWToLNu.root
2026-01-28 17:09:31,919 - INFO - [2022EE] MISSING_CENTRAL: SR1E2Mu/Central/bjets/3/pz in Skim_TriLep_WWW.root
2026-01-28 17:09:31,920 - INFO - [2022EE] MISSING_CENTRAL: SR1E2Mu/Central/bjets/3/pz in Skim_TriLep_WWZ.root
2026-01-28 17:09:31,946 - INFO - [2022EE] MISSING_CENTRAL: SR1E2Mu/Central/bjets/3/pz in Skim_TriLep_ZZZ.root
2026-01-28 17:09:31,974 - INFO - [2022EE] MISSING_CENTRAL: SR1E2Mu/Central/bjets/3/pz in Skim_TriLep_VBFHToZZTo4L.root
2026-01-28 17:09:31,974 - INFO - [2022EE] MISSING_CENTRAL: SR1E2Mu/Central/bjets/3/pz in Skim_TriLep_ggHToZZTo4L.root
2026-01-28 17:09:31,975 - INFO - [2023] MISSING_CENTRAL: SR1E2Mu/Central/bjets/3/pz in Skim_TriLep_MuonEG_C_v1.root
2026-01-28 17:09:31,975 - INFO - [2023] MISSING_CENTRAL: SR1E2Mu/Central/bjets/3/pz in Skim_TriLep_MuonEG_C_v2.root
2026-01-28 17:09:31,976 - INFO - [2023] MISSING_CENTRAL: SR1E2Mu/Central/bjets/3/pz in Skim_TriLep_MuonEG_C_v3.root
2026-01-28 17:09:31,978 - INFO - [2023] MISSING_CENTRAL: SR1E2Mu/Central/bjets/3/pz in Skim_TriLep_DYJets.root
2026-01-28 17:09:31,978 - INFO - [2023] MISSING_CENTRAL: SR1E2Mu/Central/bjets/3/pz in Skim_TriLep_DYJets10to50.root
2026-01-28 17:09:31,979 - INFO - [2023] MISSING_CENTRAL: SR1E2Mu/Central/bjets/3/pz in Skim_TriLep_TTG_PTG10to100.root
2026-01-28 17:09:31,980 - INFO - [2023] MISSING_CENTRAL: SR1E2Mu/Central/bjets/3/pz in Skim_TriLep_TTG_PTG100to200.root
2026-01-28 17:09:31,980 - INFO - [2023] MISSING_CENTRAL: SR1E2Mu/Central/bjets/3/pz in Skim_TriLep_TTG_PTG200toInf.root
2026-01-28 17:09:32,115 - INFO - [2023] MISSING_CENTRAL: SR1E2Mu/Central/bjets/3/pz in Skim_TriLep_WZTo3LNu_powheg.root
2026-01-28 17:09:32,116 - INFO - [2023] MISSING_CENTRAL: SR1E2Mu/Central/bjets/3/pz in Skim_TriLep_ZZTo4L_powheg.root
2026-01-28 17:09:32,143 - INFO - [2023] MISSING_CENTRAL: SR1E2Mu/Central/bjets/3/pz in Skim_TriLep_WWW.root
2026-01-28 17:09:32,255 - INFO - [2023] MISSING_CENTRAL: SR1E2Mu/Central/bjets/3/pz in Skim_TriLep_VBFHToZZTo4L.root
2026-01-28 17:09:32,256 - INFO - [2023] MISSING_CENTRAL: SR1E2Mu/Central/bjets/3/pz in Skim_TriLep_ggHToZZTo4L.root
2026-01-28 17:09:32,258 - INFO - [2023BPix] MISSING_CENTRAL: SR1E2Mu/Central/bjets/3/pz in Skim_TriLep_MuonEG_D_v2.root
2026-01-28 17:09:32,258 - INFO - [2023BPix] MISSING_CENTRAL: SR1E2Mu/Central/bjets/3/pz in Skim_TriLep_DYJets.root
2026-01-28 17:09:32,259 - INFO - [2023BPix] MISSING_CENTRAL: SR1E2Mu/Central/bjets/3/pz in Skim_TriLep_DYJets10to50.root
2026-01-28 17:09:32,260 - INFO - [2023BPix] MISSING_CENTRAL: SR1E2Mu/Central/bjets/3/pz in Skim_TriLep_TTG_PTG10to100.root
2026-01-28 17:09:32,261 - INFO - [2023BPix] MISSING_CENTRAL: SR1E2Mu/Central/bjets/3/pz in Skim_TriLep_TTG_PTG100to200.root
2026-01-28 17:09:32,261 - INFO - [2023BPix] MISSING_CENTRAL: SR1E2Mu/Central/bjets/3/pz in Skim_TriLep_TTG_PTG200toInf.root
2026-01-28 17:09:32,404 - INFO - [2023BPix] MISSING_CENTRAL: SR1E2Mu/Central/bjets/3/pz in Skim_TriLep_WZTo3LNu_powheg.root
2026-01-28 17:09:32,405 - INFO - [2023BPix] MISSING_CENTRAL: SR1E2Mu/Central/bjets/3/pz in Skim_TriLep_ZZTo4L_powheg.root
2026-01-28 17:09:32,434 - INFO - [2023BPix] MISSING_CENTRAL: SR1E2Mu/Central/bjets/3/pz in Skim_TriLep_WWW.root
2026-01-28 17:09:32,435 - INFO - [2023BPix] MISSING_CENTRAL: SR1E2Mu/Central/bjets/3/pz in Skim_TriLep_WWZ.root
2026-01-28 17:09:32,518 - INFO - [2023BPix] MISSING_CENTRAL: SR1E2Mu/Central/bjets/3/pz in Skim_TriLep_VBFHToZZTo4L.root
2026-01-28 17:09:32,520 - INFO - [2023BPix] MISSING_CENTRAL: SR1E2Mu/Central/bjets/3/pz in Skim_TriLep_ggHToZZTo4L.root
2026-01-28 17:30:01,180 - INFO - [2022] MISSING_CENTRAL: SR1E2Mu/Central/bjets/3/pz in Skim_TriLep_MuonEG_C.root
2026-01-28 17:30:01,181 - INFO - [2022] MISSING_CENTRAL: SR1E2Mu/Central/bjets/3/pz in Skim_TriLep_MuonEG_D.root
2026-01-28 17:30:01,182 - INFO - [2022EE] MISSING_CENTRAL: SR1E2Mu/Central/bjets/3/pz in Skim_TriLep_MuonEG_E.root
2026-01-28 17:30:01,182 - INFO - [2022EE] MISSING_CENTRAL: SR1E2Mu/Central/bjets/3/pz in Skim_TriLep_MuonEG_F.root
2026-01-28 17:30:01,183 - INFO - [2022EE] MISSING_CENTRAL: SR1E2Mu/Central/bjets/3/pz in Skim_TriLep_MuonEG_G.root
2026-01-28 17:30:01,183 - INFO - [2023] MISSING_CENTRAL: SR1E2Mu/Central/bjets/3/pz in Skim_TriLep_MuonEG_C_v1.root
2026-01-28 17:30:01,184 - INFO - [2023] MISSING_CENTRAL: SR1E2Mu/Central/bjets/3/pz in Skim_TriLep_MuonEG_C_v2.root
2026-01-28 17:30:01,185 - INFO - [2023] MISSING_CENTRAL: SR1E2Mu/Central/bjets/3/pz in Skim_TriLep_MuonEG_C_v3.root
2026-01-28 17:30:01,239 - INFO - [2023BPix] MISSING_CENTRAL: SR1E2Mu/Central/bjets/3/pz in Skim_TriLep_MuonEG_D_v1.root
2026-01-28 17:30:01,240 - INFO - [2023BPix] MISSING_CENTRAL: SR1E2Mu/Central/bjets/3/pz in Skim_TriLep_MuonEG_D_v2.root
2026-01-28 17:30:01,253 - INFO - [2022] MISSING_CENTRAL: SR1E2Mu/Central/bjets/3/pz in Skim_TriLep_MuonEG_D.root
2026-01-28 17:30:01,254 - INFO - [2022] MISSING_CENTRAL: SR1E2Mu/Central/bjets/3/pz in Skim_TriLep_DYJets.root
2026-01-28 17:30:01,254 - INFO - [2022] MISSING_CENTRAL: SR1E2Mu/Central/bjets/3/pz in Skim_TriLep_DYJets10to50.root
2026-01-28 17:30:01,255 - INFO - [2022] MISSING_CENTRAL: SR1E2Mu/Central/bjets/3/pz in Skim_TriLep_TTG_PTG10to100.root
2026-01-28 17:30:01,256 - INFO - [2022] MISSING_CENTRAL: SR1E2Mu/Central/bjets/3/pz in Skim_TriLep_TTG_PTG100to200.root
2026-01-28 17:30:01,256 - INFO - [2022] MISSING_CENTRAL: SR1E2Mu/Central/bjets/3/pz in Skim_TriLep_TTG_PTG200toInf.root
2026-01-28 17:30:01,411 - INFO - [2022] MISSING_CENTRAL: SR1E2Mu/Central/bjets/3/pz in Skim_TriLep_WZTo3LNu_powheg.root
2026-01-28 17:30:01,412 - INFO - [2022] MISSING_CENTRAL: SR1E2Mu/Central/bjets/3/pz in Skim_TriLep_ZZTo4L_powheg.root
2026-01-28 17:30:01,440 - INFO - [2022] MISSING_CENTRAL: SR1E2Mu/Central/bjets/3/pz in Skim_TriLep_WWW.root
2026-01-28 17:30:01,440 - INFO - [2022] MISSING_CENTRAL: SR1E2Mu/Central/bjets/3/pz in Skim_TriLep_WWZ.root
2026-01-28 17:30:01,441 - INFO - [2022] MISSING_CENTRAL: SR1E2Mu/Central/bjets/3/pz in Skim_TriLep_WZZ.root
2026-01-28 17:30:01,442 - INFO - [2022] MISSING_CENTRAL: SR1E2Mu/Central/bjets/3/pz in Skim_TriLep_ZZZ.root
2026-01-28 17:30:01,472 - INFO - [2022] MISSING_CENTRAL: SR1E2Mu/Central/bjets/3/pz in Skim_TriLep_VBFHToZZTo4L.root
2026-01-28 17:30:01,472 - INFO - [2022] MISSING_CENTRAL: SR1E2Mu/Central/bjets/3/pz in Skim_TriLep_ggHToZZTo4L.root
2026-01-28 17:30:01,473 - INFO - [2022EE] MISSING_CENTRAL: SR1E2Mu/Central/bjets/3/pz in Skim_TriLep_MuonEG_E.root
2026-01-28 17:30:01,475 - INFO - [2022EE] MISSING_CENTRAL: SR1E2Mu/Central/bjets/3/pz in Skim_TriLep_MuonEG_G.root
2026-01-28 17:30:01,476 - INFO - [2022EE] MISSING_CENTRAL: SR1E2Mu/Central/bjets/3/pz in Skim_TriLep_DYJets.root
2026-01-28 17:30:01,477 - INFO - [2022EE] MISSING_CENTRAL: SR1E2Mu/Central/bjets/3/pz in Skim_TriLep_DYJets10to50.root
2026-01-28 17:30:01,506 - INFO - [2022EE] MISSING_CENTRAL: SR1E2Mu/Central/bjets/3/pz in Skim_TriLep_TTG_PTG100to200.root
2026-01-28 17:30:01,507 - INFO - [2022EE] MISSING_CENTRAL: SR1E2Mu/Central/bjets/3/pz in Skim_TriLep_TTG_PTG200toInf.root
2026-01-28 17:30:01,508 - INFO - [2022EE] MISSING_CENTRAL: SR1E2Mu/Central/bjets/3/pz in Skim_TriLep_TTWToLNu.root
2026-01-28 17:30:01,717 - INFO - [2022EE] MISSING_CENTRAL: SR1E2Mu/Central/bjets/3/pz in Skim_TriLep_WWW.root
2026-01-28 17:30:01,717 - INFO - [2022EE] MISSING_CENTRAL: SR1E2Mu/Central/bjets/3/pz in Skim_TriLep_WWZ.root
2026-01-28 17:30:01,745 - INFO - [2022EE] MISSING_CENTRAL: SR1E2Mu/Central/bjets/3/pz in Skim_TriLep_ZZZ.root
2026-01-28 17:30:01,774 - INFO - [2022EE] MISSING_CENTRAL: SR1E2Mu/Central/bjets/3/pz in Skim_TriLep_VBFHToZZTo4L.root
2026-01-28 17:30:01,775 - INFO - [2022EE] MISSING_CENTRAL: SR1E2Mu/Central/bjets/3/pz in Skim_TriLep_ggHToZZTo4L.root
2026-01-28 17:30:01,775 - INFO - [2023] MISSING_CENTRAL: SR1E2Mu/Central/bjets/3/pz in Skim_TriLep_MuonEG_C_v1.root
2026-01-28 17:30:01,776 - INFO - [2023] MISSING_CENTRAL: SR1E2Mu/Central/bjets/3/pz in Skim_TriLep_MuonEG_C_v2.root
2026-01-28 17:30:01,776 - INFO - [2023] MISSING_CENTRAL: SR1E2Mu/Central/bjets/3/pz in Skim_TriLep_MuonEG_C_v3.root
2026-01-28 17:30:01,779 - INFO - [2023] MISSING_CENTRAL: SR1E2Mu/Central/bjets/3/pz in Skim_TriLep_DYJets.root
2026-01-28 17:30:01,779 - INFO - [2023] MISSING_CENTRAL: SR1E2Mu/Central/bjets/3/pz in Skim_TriLep_DYJets10to50.root
2026-01-28 17:30:01,780 - INFO - [2023] MISSING_CENTRAL: SR1E2Mu/Central/bjets/3/pz in Skim_TriLep_TTG_PTG10to100.root
2026-01-28 17:30:01,781 - INFO - [2023] MISSING_CENTRAL: SR1E2Mu/Central/bjets/3/pz in Skim_TriLep_TTG_PTG100to200.root
2026-01-28 17:30:01,781 - INFO - [2023] MISSING_CENTRAL: SR1E2Mu/Central/bjets/3/pz in Skim_TriLep_TTG_PTG200toInf.root
2026-01-28 17:30:01,905 - INFO - [2023] MISSING_CENTRAL: SR1E2Mu/Central/bjets/3/pz in Skim_TriLep_WZTo3LNu_powheg.root
2026-01-28 17:30:01,905 - INFO - [2023] MISSING_CENTRAL: SR1E2Mu/Central/bjets/3/pz in Skim_TriLep_ZZTo4L_powheg.root
2026-01-28 17:30:01,932 - INFO - [2023] MISSING_CENTRAL: SR1E2Mu/Central/bjets/3/pz in Skim_TriLep_WWW.root
2026-01-28 17:30:02,020 - INFO - [2023] MISSING_CENTRAL: SR1E2Mu/Central/bjets/3/pz in Skim_TriLep_VBFHToZZTo4L.root
2026-01-28 17:30:02,021 - INFO - [2023] MISSING_CENTRAL: SR1E2Mu/Central/bjets/3/pz in Skim_TriLep_ggHToZZTo4L.root
2026-01-28 17:30:02,022 - INFO - [2023BPix] MISSING_CENTRAL: SR1E2Mu/Central/bjets/3/pz in Skim_TriLep_MuonEG_D_v2.root
2026-01-28 17:30:02,022 - INFO - [2023BPix] MISSING_CENTRAL: SR1E2Mu/Central/bjets/3/pz in Skim_TriLep_DYJets.root
2026-01-28 17:30:02,023 - INFO - [2023BPix] MISSING_CENTRAL: SR1E2Mu/Central/bjets/3/pz in Skim_TriLep_DYJets10to50.root
2026-01-28 17:30:02,023 - INFO - [2023BPix] MISSING_CENTRAL: SR1E2Mu/Central/bjets/3/pz in Skim_TriLep_TTG_PTG10to100.root
2026-01-28 17:30:02,024 - INFO - [2023BPix] MISSING_CENTRAL: SR1E2Mu/Central/bjets/3/pz in Skim_TriLep_TTG_PTG100to200.root
2026-01-28 17:30:02,024 - INFO - [2023BPix] MISSING_CENTRAL: SR1E2Mu/Central/bjets/3/pz in Skim_TriLep_TTG_PTG200toInf.root
2026-01-28 17:30:02,144 - INFO - [2023BPix] MISSING_CENTRAL: SR1E2Mu/Central/bjets/3/pz in Skim_TriLep_WZTo3LNu_powheg.root
2026-01-28 17:30:02,145 - INFO - [2023BPix] MISSING_CENTRAL: SR1E2Mu/Central/bjets/3/pz in Skim_TriLep_ZZTo4L_powheg.root
2026-01-28 17:30:02,166 - INFO - [2023BPix] MISSING_CENTRAL: SR1E2Mu/Central/bjets/3/pz in Skim_TriLep_WWW.root
2026-01-28 17:30:02,167 - INFO - [2023BPix] MISSING_CENTRAL: SR1E2Mu/Central/bjets/3/pz in Skim_TriLep_WWZ.root
2026-01-28 17:30:02,234 - INFO - [2023BPix] MISSING_CENTRAL: SR1E2Mu/Central/bjets/3/pz in Skim_TriLep_VBFHToZZTo4L.root
2026-01-28 17:30:02,235 - INFO - [2023BPix] MISSING_CENTRAL: SR1E2Mu/Central/bjets/3/pz in Skim_TriLep_ggHToZZTo4L.root
2026-01-28 20:03:52,553 - INFO - [2022] MISSING_CENTRAL: SR1E2Mu/Central/bjets/3/pz in Skim_TriLep_MuonEG_C.root
2026-01-28 20:03:52,554 - INFO - [2022] MISSING_CENTRAL: SR1E2Mu/Central/bjets/3/pz in Skim_TriLep_MuonEG_D.root
2026-01-28 20:03:52,557 - INFO - [2022EE] MISSING_CENTRAL: SR1E2Mu/Central/bjets/3/pz in Skim_TriLep_MuonEG_E.root
2026-01-28 20:03:52,558 - INFO - [2022EE] MISSING_CENTRAL: SR1E2Mu/Central/bjets/3/pz in Skim_TriLep_MuonEG_F.root
2026-01-28 20:03:52,558 - INFO - [2022EE] MISSING_CENTRAL: SR1E2Mu/Central/bjets/3/pz in Skim_TriLep_MuonEG_G.root
2026-01-28 20:03:52,562 - INFO - [2023] MISSING_CENTRAL: SR1E2Mu/Central/bjets/3/pz in Skim_TriLep_MuonEG_C_v1.root
2026-01-28 20:03:52,563 - INFO - [2023] MISSING_CENTRAL: SR1E2Mu/Central/bjets/3/pz in Skim_TriLep_MuonEG_C_v2.root
2026-01-28 20:03:52,564 - INFO - [2023] MISSING_CENTRAL: SR1E2Mu/Central/bjets/3/pz in Skim_TriLep_MuonEG_C_v3.root
2026-01-28 20:03:52,685 - INFO - [2023BPix] MISSING_CENTRAL: SR1E2Mu/Central/bjets/3/pz in Skim_TriLep_MuonEG_D_v1.root
2026-01-28 20:03:52,686 - INFO - [2023BPix] MISSING_CENTRAL: SR1E2Mu/Central/bjets/3/pz in Skim_TriLep_MuonEG_D_v2.root
2026-01-28 20:03:52,719 - INFO - [2022] MISSING_CENTRAL: SR1E2Mu/Central/bjets/3/pz in Skim_TriLep_MuonEG_D.root
2026-01-28 20:03:52,719 - INFO - [2022] MISSING_CENTRAL: SR1E2Mu/Central/bjets/3/pz in Skim_TriLep_DYJets.root
2026-01-28 20:03:52,720 - INFO - [2022] MISSING_CENTRAL: SR1E2Mu/Central/bjets/3/pz in Skim_TriLep_DYJets10to50.root
2026-01-28 20:03:52,720 - INFO - [2022] MISSING_CENTRAL: SR1E2Mu/Central/bjets/3/pz in Skim_TriLep_TTG_PTG10to100.root
2026-01-28 20:03:52,724 - INFO - [2022] MISSING_CENTRAL: SR1E2Mu/Central/bjets/3/pz in Skim_TriLep_TTG_PTG100to200.root
2026-01-28 20:03:52,725 - INFO - [2022] MISSING_CENTRAL: SR1E2Mu/Central/bjets/3/pz in Skim_TriLep_TTG_PTG200toInf.root
2026-01-28 20:03:52,878 - INFO - [2022] MISSING_CENTRAL: SR1E2Mu/Central/bjets/3/pz in Skim_TriLep_WZTo3LNu_powheg.root
2026-01-28 20:03:52,879 - INFO - [2022] MISSING_CENTRAL: SR1E2Mu/Central/bjets/3/pz in Skim_TriLep_ZZTo4L_powheg.root
2026-01-28 20:03:52,904 - INFO - [2022] MISSING_CENTRAL: SR1E2Mu/Central/bjets/3/pz in Skim_TriLep_WWW.root
2026-01-28 20:03:52,905 - INFO - [2022] MISSING_CENTRAL: SR1E2Mu/Central/bjets/3/pz in Skim_TriLep_WWZ.root
2026-01-28 20:03:52,906 - INFO - [2022] MISSING_CENTRAL: SR1E2Mu/Central/bjets/3/pz in Skim_TriLep_WZZ.root
2026-01-28 20:03:52,906 - INFO - [2022] MISSING_CENTRAL: SR1E2Mu/Central/bjets/3/pz in Skim_TriLep_ZZZ.root
2026-01-28 20:03:52,933 - INFO - [2022] MISSING_CENTRAL: SR1E2Mu/Central/bjets/3/pz in Skim_TriLep_VBFHToZZTo4L.root
2026-01-28 20:03:52,934 - INFO - [2022] MISSING_CENTRAL: SR1E2Mu/Central/bjets/3/pz in Skim_TriLep_ggHToZZTo4L.root
2026-01-28 20:03:52,935 - INFO - [2022EE] MISSING_CENTRAL: SR1E2Mu/Central/bjets/3/pz in Skim_TriLep_MuonEG_E.root
2026-01-28 20:03:52,937 - INFO - [2022EE] MISSING_CENTRAL: SR1E2Mu/Central/bjets/3/pz in Skim_TriLep_MuonEG_G.root
2026-01-28 20:03:52,938 - INFO - [2022EE] MISSING_CENTRAL: SR1E2Mu/Central/bjets/3/pz in Skim_TriLep_DYJets.root
2026-01-28 20:03:52,938 - INFO - [2022EE] MISSING_CENTRAL: SR1E2Mu/Central/bjets/3/pz in Skim_TriLep_DYJets10to50.root
2026-01-28 20:03:52,966 - INFO - [2022EE] MISSING_CENTRAL: SR1E2Mu/Central/bjets/3/pz in Skim_TriLep_TTG_PTG100to200.root
2026-01-28 20:03:52,967 - INFO - [2022EE] MISSING_CENTRAL: SR1E2Mu/Central/bjets/3/pz in Skim_TriLep_TTG_PTG200toInf.root
2026-01-28 20:03:52,968 - INFO - [2022EE] MISSING_CENTRAL: SR1E2Mu/Central/bjets/3/pz in Skim_TriLep_TTWToLNu.root
2026-01-28 20:03:53,189 - INFO - [2022EE] MISSING_CENTRAL: SR1E2Mu/Central/bjets/3/pz in Skim_TriLep_WWW.root
2026-01-28 20:03:53,189 - INFO - [2022EE] MISSING_CENTRAL: SR1E2Mu/Central/bjets/3/pz in Skim_TriLep_WWZ.root
2026-01-28 20:03:53,213 - INFO - [2022EE] MISSING_CENTRAL: SR1E2Mu/Central/bjets/3/pz in Skim_TriLep_ZZZ.root
2026-01-28 20:03:53,241 - INFO - [2022EE] MISSING_CENTRAL: SR1E2Mu/Central/bjets/3/pz in Skim_TriLep_VBFHToZZTo4L.root
2026-01-28 20:03:53,242 - INFO - [2022EE] MISSING_CENTRAL: SR1E2Mu/Central/bjets/3/pz in Skim_TriLep_ggHToZZTo4L.root
2026-01-28 20:03:53,243 - INFO - [2023] MISSING_CENTRAL: SR1E2Mu/Central/bjets/3/pz in Skim_TriLep_MuonEG_C_v1.root
2026-01-28 20:03:53,244 - INFO - [2023] MISSING_CENTRAL: SR1E2Mu/Central/bjets/3/pz in Skim_TriLep_MuonEG_C_v2.root
2026-01-28 20:03:53,244 - INFO - [2023] MISSING_CENTRAL: SR1E2Mu/Central/bjets/3/pz in Skim_TriLep_MuonEG_C_v3.root
2026-01-28 20:03:53,247 - INFO - [2023] MISSING_CENTRAL: SR1E2Mu/Central/bjets/3/pz in Skim_TriLep_DYJets.root
2026-01-28 20:03:53,248 - INFO - [2023] MISSING_CENTRAL: SR1E2Mu/Central/bjets/3/pz in Skim_TriLep_DYJets10to50.root
2026-01-28 20:03:53,248 - INFO - [2023] MISSING_CENTRAL: SR1E2Mu/Central/bjets/3/pz in Skim_TriLep_TTG_PTG10to100.root
2026-01-28 20:03:53,249 - INFO - [2023] MISSING_CENTRAL: SR1E2Mu/Central/bjets/3/pz in Skim_TriLep_TTG_PTG100to200.root
2026-01-28 20:03:53,250 - INFO - [2023] MISSING_CENTRAL: SR1E2Mu/Central/bjets/3/pz in Skim_TriLep_TTG_PTG200toInf.root
2026-01-28 20:03:53,390 - INFO - [2023] MISSING_CENTRAL: SR1E2Mu/Central/bjets/3/pz in Skim_TriLep_WZTo3LNu_powheg.root
2026-01-28 20:03:53,391 - INFO - [2023] MISSING_CENTRAL: SR1E2Mu/Central/bjets/3/pz in Skim_TriLep_ZZTo4L_powheg.root
2026-01-28 20:03:53,419 - INFO - [2023] MISSING_CENTRAL: SR1E2Mu/Central/bjets/3/pz in Skim_TriLep_WWW.root
2026-01-28 20:03:53,531 - INFO - [2023] MISSING_CENTRAL: SR1E2Mu/Central/bjets/3/pz in Skim_TriLep_VBFHToZZTo4L.root
2026-01-28 20:03:53,531 - INFO - [2023] MISSING_CENTRAL: SR1E2Mu/Central/bjets/3/pz in Skim_TriLep_ggHToZZTo4L.root
2026-01-28 20:03:53,533 - INFO - [2023BPix] MISSING_CENTRAL: SR1E2Mu/Central/bjets/3/pz in Skim_TriLep_MuonEG_D_v2.root
2026-01-28 20:03:53,534 - INFO - [2023BPix] MISSING_CENTRAL: SR1E2Mu/Central/bjets/3/pz in Skim_TriLep_DYJets.root
2026-01-28 20:03:53,535 - INFO - [2023BPix] MISSING_CENTRAL: SR1E2Mu/Central/bjets/3/pz in Skim_TriLep_DYJets10to50.root
2026-01-28 20:03:53,535 - INFO - [2023BPix] MISSING_CENTRAL: SR1E2Mu/Central/bjets/3/pz in Skim_TriLep_TTG_PTG10to100.root
2026-01-28 20:03:53,536 - INFO - [2023BPix] MISSING_CENTRAL: SR1E2Mu/Central/bjets/3/pz in Skim_TriLep_TTG_PTG100to200.root
2026-01-28 20:03:53,537 - INFO - [2023BPix] MISSING_CENTRAL: SR1E2Mu/Central/bjets/3/pz in Skim_TriLep_TTG_PTG200toInf.root
2026-01-28 20:03:53,678 - INFO - [2023BPix] MISSING_CENTRAL: SR1E2Mu/Central/bjets/3/pz in Skim_TriLep_WZTo3LNu_powheg.root
2026-01-28 20:03:53,678 - INFO - [2023BPix] MISSING_CENTRAL: SR1E2Mu/Central/bjets/3/pz in Skim_TriLep_ZZTo4L_powheg.root
2026-01-28 20:03:53,703 - INFO - [2023BPix] MISSING_CENTRAL: SR1E2Mu/Central/bjets/3/pz in Skim_TriLep_WWW.root
2026-01-28 20:03:53,703 - INFO - [2023BPix] MISSING_CENTRAL: SR1E2Mu/Central/bjets/3/pz in Skim_TriLep_WWZ.root
2026-01-28 20:03:53,764 - INFO - [2023BPix] MISSING_CENTRAL: SR1E2Mu/Central/bjets/3/pz in Skim_TriLep_VBFHToZZTo4L.root
2026-01-28 20:03:53,764 - INFO - [2023BPix] MISSING_CENTRAL: SR1E2Mu/Central/bjets/3/pz in Skim_TriLep_ggHToZZTo4L.root
2026-01-29 07:20:15,992 - INFO - [2022] MISSING_CENTRAL: SR1E2Mu/Central/bjets/3/pz in Skim_TriLep_MuonEG_C.root
2026-01-29 07:20:15,992 - INFO - [2022] MISSING_CENTRAL: SR1E2Mu/Central/bjets/3/pz in Skim_TriLep_MuonEG_D.root
2026-01-29 07:20:15,993 - INFO - [2022EE] MISSING_CENTRAL: SR1E2Mu/Central/bjets/3/pz in Skim_TriLep_MuonEG_E.root
2026-01-29 07:20:15,993 - INFO - [2022EE] MISSING_CENTRAL: SR1E2Mu/Central/bjets/3/pz in Skim_TriLep_MuonEG_F.root
2026-01-29 07:20:15,994 - INFO - [2022EE] MISSING_CENTRAL: SR1E2Mu/Central/bjets/3/pz in Skim_TriLep_MuonEG_G.root
2026-01-29 07:20:15,994 - INFO - [2023] MISSING_CENTRAL: SR1E2Mu/Central/bjets/3/pz in Skim_TriLep_MuonEG_C_v1.root
2026-01-29 07:20:15,995 - INFO - [2023] MISSING_CENTRAL: SR1E2Mu/Central/bjets/3/pz in Skim_TriLep_MuonEG_C_v2.root
2026-01-29 07:20:15,995 - INFO - [2023] MISSING_CENTRAL: SR1E2Mu/Central/bjets/3/pz in Skim_TriLep_MuonEG_C_v3.root
2026-01-29 07:20:16,050 - INFO - [2023BPix] MISSING_CENTRAL: SR1E2Mu/Central/bjets/3/pz in Skim_TriLep_MuonEG_D_v1.root
2026-01-29 07:20:16,050 - INFO - [2023BPix] MISSING_CENTRAL: SR1E2Mu/Central/bjets/3/pz in Skim_TriLep_MuonEG_D_v2.root
2026-01-29 07:20:16,066 - INFO - [2022] MISSING_CENTRAL: SR1E2Mu/Central/bjets/3/pz in Skim_TriLep_MuonEG_D.root
2026-01-29 07:20:16,066 - INFO - [2022] MISSING_CENTRAL: SR1E2Mu/Central/bjets/3/pz in Skim_TriLep_DYJets.root
2026-01-29 07:20:16,067 - INFO - [2022] MISSING_CENTRAL: SR1E2Mu/Central/bjets/3/pz in Skim_TriLep_DYJets10to50.root
2026-01-29 07:20:16,067 - INFO - [2022] MISSING_CENTRAL: SR1E2Mu/Central/bjets/3/pz in Skim_TriLep_TTG_PTG10to100.root
2026-01-29 07:20:16,068 - INFO - [2022] MISSING_CENTRAL: SR1E2Mu/Central/bjets/3/pz in Skim_TriLep_TTG_PTG100to200.root
2026-01-29 07:20:16,068 - INFO - [2022] MISSING_CENTRAL: SR1E2Mu/Central/bjets/3/pz in Skim_TriLep_TTG_PTG200toInf.root
2026-01-29 07:20:16,153 - INFO - [2022] MISSING_CENTRAL: SR1E2Mu/Central/bjets/3/pz in Skim_TriLep_WZTo3LNu_powheg.root
2026-01-29 07:20:16,154 - INFO - [2022] MISSING_CENTRAL: SR1E2Mu/Central/bjets/3/pz in Skim_TriLep_ZZTo4L_powheg.root
2026-01-29 07:20:16,169 - INFO - [2022] MISSING_CENTRAL: SR1E2Mu/Central/bjets/3/pz in Skim_TriLep_WWW.root
2026-01-29 07:20:16,169 - INFO - [2022] MISSING_CENTRAL: SR1E2Mu/Central/bjets/3/pz in Skim_TriLep_WWZ.root
2026-01-29 07:20:16,170 - INFO - [2022] MISSING_CENTRAL: SR1E2Mu/Central/bjets/3/pz in Skim_TriLep_WZZ.root
2026-01-29 07:20:16,171 - INFO - [2022] MISSING_CENTRAL: SR1E2Mu/Central/bjets/3/pz in Skim_TriLep_ZZZ.root
2026-01-29 07:20:16,190 - INFO - [2022] MISSING_CENTRAL: SR1E2Mu/Central/bjets/3/pz in Skim_TriLep_VBFHToZZTo4L.root
2026-01-29 07:20:16,191 - INFO - [2022] MISSING_CENTRAL: SR1E2Mu/Central/bjets/3/pz in Skim_TriLep_ggHToZZTo4L.root
2026-01-29 07:20:16,191 - INFO - [2022EE] MISSING_CENTRAL: SR1E2Mu/Central/bjets/3/pz in Skim_TriLep_MuonEG_E.root
2026-01-29 07:20:16,192 - INFO - [2022EE] MISSING_CENTRAL: SR1E2Mu/Central/bjets/3/pz in Skim_TriLep_MuonEG_G.root
2026-01-29 07:20:16,193 - INFO - [2022EE] MISSING_CENTRAL: SR1E2Mu/Central/bjets/3/pz in Skim_TriLep_DYJets.root
2026-01-29 07:20:16,194 - INFO - [2022EE] MISSING_CENTRAL: SR1E2Mu/Central/bjets/3/pz in Skim_TriLep_DYJets10to50.root
2026-01-29 07:20:16,211 - INFO - [2022EE] MISSING_CENTRAL: SR1E2Mu/Central/bjets/3/pz in Skim_TriLep_TTG_PTG100to200.root
2026-01-29 07:20:16,212 - INFO - [2022EE] MISSING_CENTRAL: SR1E2Mu/Central/bjets/3/pz in Skim_TriLep_TTG_PTG200toInf.root
2026-01-29 07:20:16,213 - INFO - [2022EE] MISSING_CENTRAL: SR1E2Mu/Central/bjets/3/pz in Skim_TriLep_TTWToLNu.root
2026-01-29 07:20:16,337 - INFO - [2022EE] MISSING_CENTRAL: SR1E2Mu/Central/bjets/3/pz in Skim_TriLep_WWW.root
2026-01-29 07:20:16,338 - INFO - [2022EE] MISSING_CENTRAL: SR1E2Mu/Central/bjets/3/pz in Skim_TriLep_WWZ.root
2026-01-29 07:20:16,355 - INFO - [2022EE] MISSING_CENTRAL: SR1E2Mu/Central/bjets/3/pz in Skim_TriLep_ZZZ.root
2026-01-29 07:20:16,374 - INFO - [2022EE] MISSING_CENTRAL: SR1E2Mu/Central/bjets/3/pz in Skim_TriLep_VBFHToZZTo4L.root
2026-01-29 07:20:16,375 - INFO - [2022EE] MISSING_CENTRAL: SR1E2Mu/Central/bjets/3/pz in Skim_TriLep_ggHToZZTo4L.root
2026-01-29 07:20:16,376 - INFO - [2023] MISSING_CENTRAL: SR1E2Mu/Central/bjets/3/pz in Skim_TriLep_MuonEG_C_v1.root
2026-01-29 07:20:16,376 - INFO - [2023] MISSING_CENTRAL: SR1E2Mu/Central/bjets/3/pz in Skim_TriLep_MuonEG_C_v2.root
2026-01-29 07:20:16,377 - INFO - [2023] MISSING_CENTRAL: SR1E2Mu/Central/bjets/3/pz in Skim_TriLep_MuonEG_C_v3.root
2026-01-29 07:20:16,379 - INFO - [2023] MISSING_CENTRAL: SR1E2Mu/Central/bjets/3/pz in Skim_TriLep_DYJets.root
2026-01-29 07:20:16,379 - INFO - [2023] MISSING_CENTRAL: SR1E2Mu/Central/bjets/3/pz in Skim_TriLep_DYJets10to50.root
2026-01-29 07:20:16,380 - INFO - [2023] MISSING_CENTRAL: SR1E2Mu/Central/bjets/3/pz in Skim_TriLep_TTG_PTG10to100.root
2026-01-29 07:20:16,381 - INFO - [2023] MISSING_CENTRAL: SR1E2Mu/Central/bjets/3/pz in Skim_TriLep_TTG_PTG100to200.root
2026-01-29 07:20:16,381 - INFO - [2023] MISSING_CENTRAL: SR1E2Mu/Central/bjets/3/pz in Skim_TriLep_TTG_PTG200toInf.root
2026-01-29 07:20:16,472 - INFO - [2023] MISSING_CENTRAL: SR1E2Mu/Central/bjets/3/pz in Skim_TriLep_WZTo3LNu_powheg.root
2026-01-29 07:20:16,473 - INFO - [2023] MISSING_CENTRAL: SR1E2Mu/Central/bjets/3/pz in Skim_TriLep_ZZTo4L_powheg.root
2026-01-29 07:20:16,491 - INFO - [2023] MISSING_CENTRAL: SR1E2Mu/Central/bjets/3/pz in Skim_TriLep_WWW.root
2026-01-29 07:20:16,560 - INFO - [2023] MISSING_CENTRAL: SR1E2Mu/Central/bjets/3/pz in Skim_TriLep_VBFHToZZTo4L.root
2026-01-29 07:20:16,561 - INFO - [2023] MISSING_CENTRAL: SR1E2Mu/Central/bjets/3/pz in Skim_TriLep_ggHToZZTo4L.root
2026-01-29 07:20:16,562 - INFO - [2023BPix] MISSING_CENTRAL: SR1E2Mu/Central/bjets/3/pz in Skim_TriLep_MuonEG_D_v2.root
2026-01-29 07:20:16,563 - INFO - [2023BPix] MISSING_CENTRAL: SR1E2Mu/Central/bjets/3/pz in Skim_TriLep_DYJets.root
2026-01-29 07:20:16,563 - INFO - [2023BPix] MISSING_CENTRAL: SR1E2Mu/Central/bjets/3/pz in Skim_TriLep_DYJets10to50.root
2026-01-29 07:20:16,564 - INFO - [2023BPix] MISSING_CENTRAL: SR1E2Mu/Central/bjets/3/pz in Skim_TriLep_TTG_PTG10to100.root
2026-01-29 07:20:16,565 - INFO - [2023BPix] MISSING_CENTRAL: SR1E2Mu/Central/bjets/3/pz in Skim_TriLep_TTG_PTG100to200.root
2026-01-29 07:20:16,565 - INFO - [2023BPix] MISSING_CENTRAL: SR1E2Mu/Central/bjets/3/pz in Skim_TriLep_TTG_PTG200toInf.root
2026-01-29 07:20:16,656 - INFO - [2023BPix] MISSING_CENTRAL: SR1E2Mu/Central/bjets/3/pz in Skim_TriLep_WZTo3LNu_powheg.root
2026-01-29 07:20:16,657 - INFO - [2023BPix] MISSING_CENTRAL: SR1E2Mu/Central/bjets/3/pz in Skim_TriLep_ZZTo4L_powheg.root
2026-01-29 07:20:16,675 - INFO - [2023BPix] MISSING_CENTRAL: SR1E2Mu/Central/bjets/3/pz in Skim_TriLep_WWW.root
2026-01-29 07:20:16,675 - INFO - [2023BPix] MISSING_CENTRAL: SR1E2Mu/Central/bjets/3/pz in Skim_TriLep_WWZ.root
2026-01-29 07:20:16,726 - INFO - [2023BPix] MISSING_CENTRAL: SR1E2Mu/Central/bjets/3/pz in Skim_TriLep_VBFHToZZTo4L.root
2026-01-29 07:20:16,727 - INFO - [2023BPix] MISSING_CENTRAL: SR1E2Mu/Central/bjets/3/pz in Skim_TriLep_ggHToZZTo4L.root
