2026-01-16 19:12:42,858 - INFO - [2022] MISSING_CENTRAL: SR1E2Mu/Central/bjets/3/px in Skim_TriLep_MuonEG_C.root
2026-01-16 19:12:42,858 - INFO - [2022] MISSING_CENTRAL: SR1E2Mu/Central/bjets/3/px in Skim_TriLep_MuonEG_D.root
2026-01-16 19:12:42,859 - INFO - [2022EE] MISSING_CENTRAL: SR1E2Mu/Central/bjets/3/px in Skim_TriLep_MuonEG_E.root
2026-01-16 19:12:42,859 - INFO - [2022EE] MISSING_CENTRAL: SR1E2Mu/Central/bjets/3/px in Skim_TriLep_MuonEG_F.root
2026-01-16 19:12:42,860 - INFO - [2022EE] MISSING_CENTRAL: SR1E2Mu/Central/bjets/3/px in Skim_TriLep_MuonEG_G.root
2026-01-16 19:12:42,860 - INFO - [2023] MISSING_CENTRAL: SR1E2Mu/Central/bjets/3/px in Skim_TriLep_MuonEG_C_v1.root
2026-01-16 19:12:42,861 - INFO - [2023] MISSING_CENTRAL: SR1E2Mu/Central/bjets/3/px in Skim_TriLep_MuonEG_C_v2.root
2026-01-16 19:12:42,861 - INFO - [2023] MISSING_CENTRAL: SR1E2Mu/Central/bjets/3/px in Skim_TriLep_MuonEG_C_v3.root
2026-01-16 19:12:42,913 - INFO - [2023BPix] MISSING_CENTRAL: SR1E2Mu/Central/bjets/3/px in Skim_TriLep_MuonEG_D_v1.root
2026-01-16 19:12:42,914 - INFO - [2023BPix] MISSING_CENTRAL: SR1E2Mu/Central/bjets/3/px in Skim_TriLep_MuonEG_D_v2.root
2026-01-16 19:12:42,926 - INFO - [2022] MISSING_CENTRAL: SR1E2Mu/Central/bjets/3/px in Skim_TriLep_MuonEG_D.root
2026-01-16 19:12:42,926 - INFO - [2022] MISSING_CENTRAL: SR1E2Mu/Central/bjets/3/px in Skim_TriLep_DYJets.root
2026-01-16 19:12:42,927 - INFO - [2022] MISSING_CENTRAL: SR1E2Mu/Central/bjets/3/px in Skim_TriLep_DYJets10to50.root
2026-01-16 19:12:42,927 - INFO - [2022] MISSING_CENTRAL: SR1E2Mu/Central/bjets/3/px in Skim_TriLep_TTG_PTG10to100.root
2026-01-16 19:12:42,928 - INFO - [2022] MISSING_CENTRAL: SR1E2Mu/Central/bjets/3/px in Skim_TriLep_TTG_PTG100to200.root
2026-01-16 19:12:42,928 - INFO - [2022] MISSING_CENTRAL: SR1E2Mu/Central/bjets/3/px in Skim_TriLep_TTG_PTG200toInf.root
2026-01-16 19:12:42,988 - INFO - [2022] MISSING_CENTRAL: SR1E2Mu/Central/bjets/3/px in Skim_TriLep_WZTo3LNu_powheg.root
2026-01-16 19:12:42,989 - INFO - [2022] MISSING_CENTRAL: SR1E2Mu/Central/bjets/3/px in Skim_TriLep_ZZTo4L_powheg.root
2026-01-16 19:12:43,018 - INFO - [2022] MISSING_CENTRAL: SR1E2Mu/Central/bjets/3/px in Skim_TriLep_WWW.root
2026-01-16 19:12:43,019 - INFO - [2022] MISSING_CENTRAL: SR1E2Mu/Central/bjets/3/px in Skim_TriLep_WWZ.root
2026-01-16 19:12:43,019 - INFO - [2022] MISSING_CENTRAL: SR1E2Mu/Central/bjets/3/px in Skim_TriLep_WZZ.root
2026-01-16 19:12:43,020 - INFO - [2022] MISSING_CENTRAL: SR1E2Mu/Central/bjets/3/px in Skim_TriLep_ZZZ.root
2026-01-16 19:12:43,036 - INFO - [2022] MISSING_CENTRAL: SR1E2Mu/Central/bjets/3/px in Skim_TriLep_VBFHToZZTo4L.root
2026-01-16 19:12:43,037 - INFO - [2022] MISSING_CENTRAL: SR1E2Mu/Central/bjets/3/px in Skim_TriLep_ggHToZZTo4L.root
2026-01-16 19:12:43,037 - INFO - [2022EE] MISSING_CENTRAL: SR1E2Mu/Central/bjets/3/px in Skim_TriLep_MuonEG_E.root
2026-01-16 19:12:43,039 - INFO - [2022EE] MISSING_CENTRAL: SR1E2Mu/Central/bjets/3/px in Skim_TriLep_MuonEG_G.root
2026-01-16 19:12:43,039 - INFO - [2022EE] MISSING_CENTRAL: SR1E2Mu/Central/bjets/3/px in Skim_TriLep_DYJets.root
2026-01-16 19:12:43,039 - INFO - [2022EE] MISSING_CENTRAL: SR1E2Mu/Central/bjets/3/px in Skim_TriLep_DYJets10to50.root
2026-01-16 19:12:43,060 - INFO - [2022EE] MISSING_CENTRAL: SR1E2Mu/Central/bjets/3/px in Skim_TriLep_TTG_PTG100to200.root
2026-01-16 19:12:43,060 - INFO - [2022EE] MISSING_CENTRAL: SR1E2Mu/Central/bjets/3/px in Skim_TriLep_TTG_PTG200toInf.root
2026-01-16 19:12:43,061 - INFO - [2022EE] MISSING_CENTRAL: SR1E2Mu/Central/bjets/3/px in Skim_TriLep_TTWToLNu.root
2026-01-16 19:12:43,109 - INFO - [2022EE] MISSING_CENTRAL: SR1E2Mu/Central/bjets/3/px in Skim_TriLep_WZTo3LNu_powheg.root
2026-01-16 19:12:43,155 - INFO - [2022EE] MISSING_CENTRAL: SR1E2Mu/Central/bjets/3/px in Skim_TriLep_WWW.root
2026-01-16 19:12:43,156 - INFO - [2022EE] MISSING_CENTRAL: SR1E2Mu/Central/bjets/3/px in Skim_TriLep_WWZ.root
2026-01-16 19:12:43,174 - INFO - [2022EE] MISSING_SYSTEMATIC: SR1E2Mu/JetEn_Down/bjets/3/px in Skim_TriLep_ZZZ.root
2026-01-16 19:12:43,204 - INFO - [2022EE] MISSING_CENTRAL: SR1E2Mu/Central/bjets/3/px in Skim_TriLep_VBFHToZZTo4L.root
2026-01-16 19:12:43,205 - INFO - [2022EE] MISSING_CENTRAL: SR1E2Mu/Central/bjets/3/px in Skim_TriLep_ggHToZZTo4L.root
2026-01-16 19:12:43,206 - INFO - [2023] MISSING_CENTRAL: SR1E2Mu/Central/bjets/3/px in Skim_TriLep_MuonEG_C_v1.root
2026-01-16 19:12:43,206 - INFO - [2023] MISSING_CENTRAL: SR1E2Mu/Central/bjets/3/px in Skim_TriLep_MuonEG_C_v2.root
2026-01-16 19:12:43,207 - INFO - [2023] MISSING_CENTRAL: SR1E2Mu/Central/bjets/3/px in Skim_TriLep_MuonEG_C_v3.root
2026-01-16 19:12:43,208 - INFO - [2023] MISSING_CENTRAL: SR1E2Mu/Central/bjets/3/px in Skim_TriLep_DYJets.root
2026-01-16 19:12:43,208 - INFO - [2023] MISSING_CENTRAL: SR1E2Mu/Central/bjets/3/px in Skim_TriLep_DYJets10to50.root
2026-01-16 19:12:43,209 - INFO - [2023] MISSING_CENTRAL: SR1E2Mu/Central/bjets/3/px in Skim_TriLep_TTG_PTG10to100.root
2026-01-16 19:12:43,210 - INFO - [2023] MISSING_CENTRAL: SR1E2Mu/Central/bjets/3/px in Skim_TriLep_TTG_PTG100to200.root
2026-01-16 19:12:43,210 - INFO - [2023] MISSING_CENTRAL: SR1E2Mu/Central/bjets/3/px in Skim_TriLep_TTG_PTG200toInf.root
2026-01-16 19:12:43,282 - INFO - [2023] MISSING_CENTRAL: SR1E2Mu/Central/bjets/3/px in Skim_TriLep_WZTo3LNu_powheg.root
2026-01-16 19:12:43,283 - INFO - [2023] MISSING_CENTRAL: SR1E2Mu/Central/bjets/3/px in Skim_TriLep_ZZTo4L_powheg.root
2026-01-16 19:12:43,316 - INFO - [2023] MISSING_CENTRAL: SR1E2Mu/Central/bjets/3/px in Skim_TriLep_WWW.root
2026-01-16 19:12:43,383 - INFO - [2023] MISSING_CENTRAL: SR1E2Mu/Central/bjets/3/px in Skim_TriLep_VBFHToZZTo4L.root
2026-01-16 19:12:43,384 - INFO - [2023] MISSING_CENTRAL: SR1E2Mu/Central/bjets/3/px in Skim_TriLep_ggHToZZTo4L.root
2026-01-16 19:12:43,389 - INFO - [2023BPix] MISSING_CENTRAL: SR1E2Mu/Central/bjets/3/px in Skim_TriLep_MuonEG_D_v2.root
2026-01-16 19:12:43,393 - INFO - [2023BPix] MISSING_CENTRAL: SR1E2Mu/Central/bjets/3/px in Skim_TriLep_DYJets.root
2026-01-16 19:12:43,394 - INFO - [2023BPix] MISSING_CENTRAL: SR1E2Mu/Central/bjets/3/px in Skim_TriLep_DYJets10to50.root
2026-01-16 19:12:43,395 - INFO - [2023BPix] MISSING_CENTRAL: SR1E2Mu/Central/bjets/3/px in Skim_TriLep_TTG_PTG10to100.root
2026-01-16 19:12:43,395 - INFO - [2023BPix] MISSING_CENTRAL: SR1E2Mu/Central/bjets/3/px in Skim_TriLep_TTG_PTG100to200.root
2026-01-16 19:12:43,399 - INFO - [2023BPix] MISSING_CENTRAL: SR1E2Mu/Central/bjets/3/px in Skim_TriLep_TTG_PTG200toInf.root
2026-01-16 19:12:43,477 - INFO - [2023BPix] MISSING_CENTRAL: SR1E2Mu/Central/bjets/3/px in Skim_TriLep_WZTo3LNu_powheg.root
2026-01-16 19:12:43,478 - INFO - [2023BPix] MISSING_CENTRAL: SR1E2Mu/Central/bjets/3/px in Skim_TriLep_ZZTo4L_powheg.root
2026-01-16 19:12:43,511 - INFO - [2023BPix] MISSING_CENTRAL: SR1E2Mu/Central/bjets/3/px in Skim_TriLep_WWW.root
2026-01-16 19:12:43,512 - INFO - [2023BPix] MISSING_CENTRAL: SR1E2Mu/Central/bjets/3/px in Skim_TriLep_WWZ.root
2026-01-16 19:12:43,564 - INFO - [2023BPix] MISSING_CENTRAL: SR1E2Mu/Central/bjets/3/px in Skim_TriLep_VBFHToZZTo4L.root
2026-01-16 19:12:43,565 - INFO - [2023BPix] MISSING_CENTRAL: SR1E2Mu/Central/bjets/3/px in Skim_TriLep_ggHToZZTo4L.root
2026-01-21 13:02:01,351 - INFO - [2022] MISSING_CENTRAL: SR1E2Mu/Central/bjets/3/px in Skim_TriLep_MuonEG_C.root
2026-01-21 13:02:01,353 - INFO - [2022] MISSING_CENTRAL: SR1E2Mu/Central/bjets/3/px in Skim_TriLep_MuonEG_D.root
2026-01-21 13:02:01,354 - INFO - [2022EE] MISSING_CENTRAL: SR1E2Mu/Central/bjets/3/px in Skim_TriLep_MuonEG_E.root
2026-01-21 13:02:01,354 - INFO - [2022EE] MISSING_CENTRAL: SR1E2Mu/Central/bjets/3/px in Skim_TriLep_MuonEG_F.root
2026-01-21 13:02:01,355 - INFO - [2022EE] MISSING_CENTRAL: SR1E2Mu/Central/bjets/3/px in Skim_TriLep_MuonEG_G.root
2026-01-21 13:02:01,355 - INFO - [2023] MISSING_CENTRAL: SR1E2Mu/Central/bjets/3/px in Skim_TriLep_MuonEG_C_v1.root
2026-01-21 13:02:01,356 - INFO - [2023] MISSING_CENTRAL: SR1E2Mu/Central/bjets/3/px in Skim_TriLep_MuonEG_C_v2.root
2026-01-21 13:02:01,356 - INFO - [2023] MISSING_CENTRAL: SR1E2Mu/Central/bjets/3/px in Skim_TriLep_MuonEG_C_v3.root
2026-01-21 13:02:01,411 - INFO - [2023BPix] MISSING_CENTRAL: SR1E2Mu/Central/bjets/3/px in Skim_TriLep_MuonEG_D_v1.root
2026-01-21 13:02:01,411 - INFO - [2023BPix] MISSING_CENTRAL: SR1E2Mu/Central/bjets/3/px in Skim_TriLep_MuonEG_D_v2.root
2026-01-21 13:02:01,423 - INFO - [2022] MISSING_CENTRAL: SR1E2Mu/Central/bjets/3/px in Skim_TriLep_MuonEG_D.root
2026-01-21 13:02:01,424 - INFO - [2022] MISSING_CENTRAL: SR1E2Mu/Central/bjets/3/px in Skim_TriLep_DYJets.root
2026-01-21 13:02:01,425 - INFO - [2022] MISSING_CENTRAL: SR1E2Mu/Central/bjets/3/px in Skim_TriLep_DYJets10to50.root
2026-01-21 13:02:01,425 - INFO - [2022] MISSING_CENTRAL: SR1E2Mu/Central/bjets/3/px in Skim_TriLep_TTG_PTG10to100.root
2026-01-21 13:02:01,426 - INFO - [2022] MISSING_CENTRAL: SR1E2Mu/Central/bjets/3/px in Skim_TriLep_TTG_PTG100to200.root
2026-01-21 13:02:01,426 - INFO - [2022] MISSING_CENTRAL: SR1E2Mu/Central/bjets/3/px in Skim_TriLep_TTG_PTG200toInf.root
2026-01-21 13:02:01,485 - INFO - [2022] MISSING_CENTRAL: SR1E2Mu/Central/bjets/3/px in Skim_TriLep_WZTo3LNu_powheg.root
2026-01-21 13:02:01,486 - INFO - [2022] MISSING_CENTRAL: SR1E2Mu/Central/bjets/3/px in Skim_TriLep_ZZTo4L_powheg.root
2026-01-21 13:02:01,515 - INFO - [2022] MISSING_CENTRAL: SR1E2Mu/Central/bjets/3/px in Skim_TriLep_WWW.root
2026-01-21 13:02:01,515 - INFO - [2022] MISSING_CENTRAL: SR1E2Mu/Central/bjets/3/px in Skim_TriLep_WWZ.root
2026-01-21 13:02:01,516 - INFO - [2022] MISSING_CENTRAL: SR1E2Mu/Central/bjets/3/px in Skim_TriLep_WZZ.root
2026-01-21 13:02:01,516 - INFO - [2022] MISSING_CENTRAL: SR1E2Mu/Central/bjets/3/px in Skim_TriLep_ZZZ.root
2026-01-21 13:02:01,533 - INFO - [2022] MISSING_CENTRAL: SR1E2Mu/Central/bjets/3/px in Skim_TriLep_VBFHToZZTo4L.root
2026-01-21 13:02:01,534 - INFO - [2022] MISSING_CENTRAL: SR1E2Mu/Central/bjets/3/px in Skim_TriLep_ggHToZZTo4L.root
2026-01-21 13:02:01,534 - INFO - [2022EE] MISSING_CENTRAL: SR1E2Mu/Central/bjets/3/px in Skim_TriLep_MuonEG_E.root
2026-01-21 13:02:01,536 - INFO - [2022EE] MISSING_CENTRAL: SR1E2Mu/Central/bjets/3/px in Skim_TriLep_MuonEG_G.root
2026-01-21 13:02:01,536 - INFO - [2022EE] MISSING_CENTRAL: SR1E2Mu/Central/bjets/3/px in Skim_TriLep_DYJets.root
2026-01-21 13:02:01,537 - INFO - [2022EE] MISSING_CENTRAL: SR1E2Mu/Central/bjets/3/px in Skim_TriLep_DYJets10to50.root
2026-01-21 13:02:01,555 - INFO - [2022EE] MISSING_CENTRAL: SR1E2Mu/Central/bjets/3/px in Skim_TriLep_TTG_PTG100to200.root
2026-01-21 13:02:01,556 - INFO - [2022EE] MISSING_CENTRAL: SR1E2Mu/Central/bjets/3/px in Skim_TriLep_TTG_PTG200toInf.root
2026-01-21 13:02:01,556 - INFO - [2022EE] MISSING_CENTRAL: SR1E2Mu/Central/bjets/3/px in Skim_TriLep_TTWToLNu.root
2026-01-21 13:02:01,604 - INFO - [2022EE] MISSING_CENTRAL: SR1E2Mu/Central/bjets/3/px in Skim_TriLep_WZTo3LNu_powheg.root
2026-01-21 13:02:01,650 - INFO - [2022EE] MISSING_CENTRAL: SR1E2Mu/Central/bjets/3/px in Skim_TriLep_WWW.root
2026-01-21 13:02:01,650 - INFO - [2022EE] MISSING_CENTRAL: SR1E2Mu/Central/bjets/3/px in Skim_TriLep_WWZ.root
2026-01-21 13:02:01,667 - INFO - [2022EE] MISSING_SYSTEMATIC: SR1E2Mu/JetEn_Down/bjets/3/px in Skim_TriLep_ZZZ.root
2026-01-21 13:02:01,695 - INFO - [2022EE] MISSING_CENTRAL: SR1E2Mu/Central/bjets/3/px in Skim_TriLep_VBFHToZZTo4L.root
2026-01-21 13:02:01,695 - INFO - [2022EE] MISSING_CENTRAL: SR1E2Mu/Central/bjets/3/px in Skim_TriLep_ggHToZZTo4L.root
2026-01-21 13:02:01,696 - INFO - [2023] MISSING_CENTRAL: SR1E2Mu/Central/bjets/3/px in Skim_TriLep_MuonEG_C_v1.root
2026-01-21 13:02:01,696 - INFO - [2023] MISSING_CENTRAL: SR1E2Mu/Central/bjets/3/px in Skim_TriLep_MuonEG_C_v2.root
2026-01-21 13:02:01,697 - INFO - [2023] MISSING_CENTRAL: SR1E2Mu/Central/bjets/3/px in Skim_TriLep_MuonEG_C_v3.root
2026-01-21 13:02:01,698 - INFO - [2023] MISSING_CENTRAL: SR1E2Mu/Central/bjets/3/px in Skim_TriLep_DYJets.root
2026-01-21 13:02:01,698 - INFO - [2023] MISSING_CENTRAL: SR1E2Mu/Central/bjets/3/px in Skim_TriLep_DYJets10to50.root
2026-01-21 13:02:01,699 - INFO - [2023] MISSING_CENTRAL: SR1E2Mu/Central/bjets/3/px in Skim_TriLep_TTG_PTG10to100.root
2026-01-21 13:02:01,699 - INFO - [2023] MISSING_CENTRAL: SR1E2Mu/Central/bjets/3/px in Skim_TriLep_TTG_PTG100to200.root
2026-01-21 13:02:01,700 - INFO - [2023] MISSING_CENTRAL: SR1E2Mu/Central/bjets/3/px in Skim_TriLep_TTG_PTG200toInf.root
2026-01-21 13:02:01,765 - INFO - [2023] MISSING_CENTRAL: SR1E2Mu/Central/bjets/3/px in Skim_TriLep_WZTo3LNu_powheg.root
2026-01-21 13:02:01,766 - INFO - [2023] MISSING_CENTRAL: SR1E2Mu/Central/bjets/3/px in Skim_TriLep_ZZTo4L_powheg.root
2026-01-21 13:02:01,800 - INFO - [2023] MISSING_CENTRAL: SR1E2Mu/Central/bjets/3/px in Skim_TriLep_WWW.root
2026-01-21 13:02:01,863 - INFO - [2023] MISSING_CENTRAL: SR1E2Mu/Central/bjets/3/px in Skim_TriLep_VBFHToZZTo4L.root
2026-01-21 13:02:01,864 - INFO - [2023] MISSING_CENTRAL: SR1E2Mu/Central/bjets/3/px in Skim_TriLep_ggHToZZTo4L.root
2026-01-21 13:02:01,865 - INFO - [2023BPix] MISSING_CENTRAL: SR1E2Mu/Central/bjets/3/px in Skim_TriLep_MuonEG_D_v2.root
2026-01-21 13:02:01,866 - INFO - [2023BPix] MISSING_CENTRAL: SR1E2Mu/Central/bjets/3/px in Skim_TriLep_DYJets.root
2026-01-21 13:02:01,867 - INFO - [2023BPix] MISSING_CENTRAL: SR1E2Mu/Central/bjets/3/px in Skim_TriLep_DYJets10to50.root
2026-01-21 13:02:01,867 - INFO - [2023BPix] MISSING_CENTRAL: SR1E2Mu/Central/bjets/3/px in Skim_TriLep_TTG_PTG10to100.root
2026-01-21 13:02:01,868 - INFO - [2023BPix] MISSING_CENTRAL: SR1E2Mu/Central/bjets/3/px in Skim_TriLep_TTG_PTG100to200.root
2026-01-21 13:02:01,869 - INFO - [2023BPix] MISSING_CENTRAL: SR1E2Mu/Central/bjets/3/px in Skim_TriLep_TTG_PTG200toInf.root
2026-01-21 13:02:01,932 - INFO - [2023BPix] MISSING_CENTRAL: SR1E2Mu/Central/bjets/3/px in Skim_TriLep_WZTo3LNu_powheg.root
2026-01-21 13:02:01,933 - INFO - [2023BPix] MISSING_CENTRAL: SR1E2Mu/Central/bjets/3/px in Skim_TriLep_ZZTo4L_powheg.root
2026-01-21 13:02:01,965 - INFO - [2023BPix] MISSING_CENTRAL: SR1E2Mu/Central/bjets/3/px in Skim_TriLep_WWW.root
2026-01-21 13:02:01,966 - INFO - [2023BPix] MISSING_CENTRAL: SR1E2Mu/Central/bjets/3/px in Skim_TriLep_WWZ.root
2026-01-21 13:02:02,016 - INFO - [2023BPix] MISSING_CENTRAL: SR1E2Mu/Central/bjets/3/px in Skim_TriLep_VBFHToZZTo4L.root
2026-01-21 13:02:02,017 - INFO - [2023BPix] MISSING_CENTRAL: SR1E2Mu/Central/bjets/3/px in Skim_TriLep_ggHToZZTo4L.root
2026-01-21 14:50:29,577 - INFO - [2022] MISSING_CENTRAL: SR1E2Mu/Central/bjets/3/px in Skim_TriLep_MuonEG_C.root
2026-01-21 14:50:29,578 - INFO - [2022] MISSING_CENTRAL: SR1E2Mu/Central/bjets/3/px in Skim_TriLep_MuonEG_D.root
2026-01-21 14:50:29,579 - INFO - [2022EE] MISSING_CENTRAL: SR1E2Mu/Central/bjets/3/px in Skim_TriLep_MuonEG_E.root
2026-01-21 14:50:29,579 - INFO - [2022EE] MISSING_CENTRAL: SR1E2Mu/Central/bjets/3/px in Skim_TriLep_MuonEG_F.root
2026-01-21 14:50:29,580 - INFO - [2022EE] MISSING_CENTRAL: SR1E2Mu/Central/bjets/3/px in Skim_TriLep_MuonEG_G.root
2026-01-21 14:50:29,580 - INFO - [2023] MISSING_CENTRAL: SR1E2Mu/Central/bjets/3/px in Skim_TriLep_MuonEG_C_v1.root
2026-01-21 14:50:29,581 - INFO - [2023] MISSING_CENTRAL: SR1E2Mu/Central/bjets/3/px in Skim_TriLep_MuonEG_C_v2.root
2026-01-21 14:50:29,582 - INFO - [2023] MISSING_CENTRAL: SR1E2Mu/Central/bjets/3/px in Skim_TriLep_MuonEG_C_v3.root
2026-01-21 14:50:29,641 - INFO - [2023BPix] MISSING_CENTRAL: SR1E2Mu/Central/bjets/3/px in Skim_TriLep_MuonEG_D_v1.root
2026-01-21 14:50:29,641 - INFO - [2023BPix] MISSING_CENTRAL: SR1E2Mu/Central/bjets/3/px in Skim_TriLep_MuonEG_D_v2.root
2026-01-21 14:50:29,656 - INFO - [2022] MISSING_CENTRAL: SR1E2Mu/Central/bjets/3/px in Skim_TriLep_MuonEG_D.root
2026-01-21 14:50:29,656 - INFO - [2022] MISSING_CENTRAL: SR1E2Mu/Central/bjets/3/px in Skim_TriLep_DYJets.root
2026-01-21 14:50:29,657 - INFO - [2022] MISSING_CENTRAL: SR1E2Mu/Central/bjets/3/px in Skim_TriLep_DYJets10to50.root
2026-01-21 14:50:29,657 - INFO - [2022] MISSING_CENTRAL: SR1E2Mu/Central/bjets/3/px in Skim_TriLep_TTG_PTG10to100.root
2026-01-21 14:50:29,658 - INFO - [2022] MISSING_CENTRAL: SR1E2Mu/Central/bjets/3/px in Skim_TriLep_TTG_PTG100to200.root
2026-01-21 14:50:29,659 - INFO - [2022] MISSING_CENTRAL: SR1E2Mu/Central/bjets/3/px in Skim_TriLep_TTG_PTG200toInf.root
2026-01-21 14:50:29,722 - INFO - [2022] MISSING_CENTRAL: SR1E2Mu/Central/bjets/3/px in Skim_TriLep_WZTo3LNu_powheg.root
2026-01-21 14:50:29,723 - INFO - [2022] MISSING_CENTRAL: SR1E2Mu/Central/bjets/3/px in Skim_TriLep_ZZTo4L_powheg.root
2026-01-21 14:50:29,752 - INFO - [2022] MISSING_CENTRAL: SR1E2Mu/Central/bjets/3/px in Skim_TriLep_WWW.root
2026-01-21 14:50:29,753 - INFO - [2022] MISSING_CENTRAL: SR1E2Mu/Central/bjets/3/px in Skim_TriLep_WWZ.root
2026-01-21 14:50:29,754 - INFO - [2022] MISSING_CENTRAL: SR1E2Mu/Central/bjets/3/px in Skim_TriLep_WZZ.root
2026-01-21 14:50:29,754 - INFO - [2022] MISSING_CENTRAL: SR1E2Mu/Central/bjets/3/px in Skim_TriLep_ZZZ.root
2026-01-21 14:50:29,770 - INFO - [2022] MISSING_CENTRAL: SR1E2Mu/Central/bjets/3/px in Skim_TriLep_VBFHToZZTo4L.root
2026-01-21 14:50:29,770 - INFO - [2022] MISSING_CENTRAL: SR1E2Mu/Central/bjets/3/px in Skim_TriLep_ggHToZZTo4L.root
2026-01-21 14:50:29,771 - INFO - [2022EE] MISSING_CENTRAL: SR1E2Mu/Central/bjets/3/px in Skim_TriLep_MuonEG_E.root
2026-01-21 14:50:29,772 - INFO - [2022EE] MISSING_CENTRAL: SR1E2Mu/Central/bjets/3/px in Skim_TriLep_MuonEG_G.root
2026-01-21 14:50:29,773 - INFO - [2022EE] MISSING_CENTRAL: SR1E2Mu/Central/bjets/3/px in Skim_TriLep_DYJets.root
2026-01-21 14:50:29,773 - INFO - [2022EE] MISSING_CENTRAL: SR1E2Mu/Central/bjets/3/px in Skim_TriLep_DYJets10to50.root
2026-01-21 14:50:29,793 - INFO - [2022EE] MISSING_CENTRAL: SR1E2Mu/Central/bjets/3/px in Skim_TriLep_TTG_PTG100to200.root
2026-01-21 14:50:29,794 - INFO - [2022EE] MISSING_CENTRAL: SR1E2Mu/Central/bjets/3/px in Skim_TriLep_TTG_PTG200toInf.root
2026-01-21 14:50:29,795 - INFO - [2022EE] MISSING_CENTRAL: SR1E2Mu/Central/bjets/3/px in Skim_TriLep_TTWToLNu.root
2026-01-21 14:50:29,839 - INFO - [2022EE] MISSING_CENTRAL: SR1E2Mu/Central/bjets/3/px in Skim_TriLep_WZTo3LNu_powheg.root
2026-01-21 14:50:29,883 - INFO - [2022EE] MISSING_CENTRAL: SR1E2Mu/Central/bjets/3/px in Skim_TriLep_WWW.root
2026-01-21 14:50:29,884 - INFO - [2022EE] MISSING_CENTRAL: SR1E2Mu/Central/bjets/3/px in Skim_TriLep_WWZ.root
2026-01-21 14:50:29,900 - INFO - [2022EE] MISSING_SYSTEMATIC: SR1E2Mu/JetEn_Down/bjets/3/px in Skim_TriLep_ZZZ.root
2026-01-21 14:50:29,928 - INFO - [2022EE] MISSING_CENTRAL: SR1E2Mu/Central/bjets/3/px in Skim_TriLep_VBFHToZZTo4L.root
2026-01-21 14:50:29,929 - INFO - [2022EE] MISSING_CENTRAL: SR1E2Mu/Central/bjets/3/px in Skim_TriLep_ggHToZZTo4L.root
2026-01-21 14:50:29,929 - INFO - [2023] MISSING_CENTRAL: SR1E2Mu/Central/bjets/3/px in Skim_TriLep_MuonEG_C_v1.root
2026-01-21 14:50:29,930 - INFO - [2023] MISSING_CENTRAL: SR1E2Mu/Central/bjets/3/px in Skim_TriLep_MuonEG_C_v2.root
2026-01-21 14:50:29,931 - INFO - [2023] MISSING_CENTRAL: SR1E2Mu/Central/bjets/3/px in Skim_TriLep_MuonEG_C_v3.root
2026-01-21 14:50:29,932 - INFO - [2023] MISSING_CENTRAL: SR1E2Mu/Central/bjets/3/px in Skim_TriLep_DYJets.root
2026-01-21 14:50:29,933 - INFO - [2023] MISSING_CENTRAL: SR1E2Mu/Central/bjets/3/px in Skim_TriLep_DYJets10to50.root
2026-01-21 14:50:29,933 - INFO - [2023] MISSING_CENTRAL: SR1E2Mu/Central/bjets/3/px in Skim_TriLep_TTG_PTG10to100.root
2026-01-21 14:50:29,934 - INFO - [2023] MISSING_CENTRAL: SR1E2Mu/Central/bjets/3/px in Skim_TriLep_TTG_PTG100to200.root
2026-01-21 14:50:29,935 - INFO - [2023] MISSING_CENTRAL: SR1E2Mu/Central/bjets/3/px in Skim_TriLep_TTG_PTG200toInf.root
2026-01-21 14:50:29,998 - INFO - [2023] MISSING_CENTRAL: SR1E2Mu/Central/bjets/3/px in Skim_TriLep_WZTo3LNu_powheg.root
2026-01-21 14:50:29,999 - INFO - [2023] MISSING_CENTRAL: SR1E2Mu/Central/bjets/3/px in Skim_TriLep_ZZTo4L_powheg.root
2026-01-21 14:50:30,032 - INFO - [2023] MISSING_CENTRAL: SR1E2Mu/Central/bjets/3/px in Skim_TriLep_WWW.root
2026-01-21 14:50:30,102 - INFO - [2023] MISSING_CENTRAL: SR1E2Mu/Central/bjets/3/px in Skim_TriLep_VBFHToZZTo4L.root
2026-01-21 14:50:30,103 - INFO - [2023] MISSING_CENTRAL: SR1E2Mu/Central/bjets/3/px in Skim_TriLep_ggHToZZTo4L.root
2026-01-21 14:50:30,104 - INFO - [2023BPix] MISSING_CENTRAL: SR1E2Mu/Central/bjets/3/px in Skim_TriLep_MuonEG_D_v2.root
2026-01-21 14:50:30,105 - INFO - [2023BPix] MISSING_CENTRAL: SR1E2Mu/Central/bjets/3/px in Skim_TriLep_DYJets.root
2026-01-21 14:50:30,106 - INFO - [2023BPix] MISSING_CENTRAL: SR1E2Mu/Central/bjets/3/px in Skim_TriLep_DYJets10to50.root
2026-01-21 14:50:30,106 - INFO - [2023BPix] MISSING_CENTRAL: SR1E2Mu/Central/bjets/3/px in Skim_TriLep_TTG_PTG10to100.root
2026-01-21 14:50:30,107 - INFO - [2023BPix] MISSING_CENTRAL: SR1E2Mu/Central/bjets/3/px in Skim_TriLep_TTG_PTG100to200.root
2026-01-21 14:50:30,108 - INFO - [2023BPix] MISSING_CENTRAL: SR1E2Mu/Central/bjets/3/px in Skim_TriLep_TTG_PTG200toInf.root
2026-01-21 14:50:30,189 - INFO - [2023BPix] MISSING_CENTRAL: SR1E2Mu/Central/bjets/3/px in Skim_TriLep_WZTo3LNu_powheg.root
2026-01-21 14:50:30,190 - INFO - [2023BPix] MISSING_CENTRAL: SR1E2Mu/Central/bjets/3/px in Skim_TriLep_ZZTo4L_powheg.root
2026-01-21 14:50:30,259 - INFO - [2023BPix] MISSING_CENTRAL: SR1E2Mu/Central/bjets/3/px in Skim_TriLep_WWW.root
2026-01-21 14:50:30,263 - INFO - [2023BPix] MISSING_CENTRAL: SR1E2Mu/Central/bjets/3/px in Skim_TriLep_WWZ.root
2026-01-21 14:50:30,313 - INFO - [2023BPix] MISSING_CENTRAL: SR1E2Mu/Central/bjets/3/px in Skim_TriLep_VBFHToZZTo4L.root
2026-01-21 14:50:30,314 - INFO - [2023BPix] MISSING_CENTRAL: SR1E2Mu/Central/bjets/3/px in Skim_TriLep_ggHToZZTo4L.root
2026-01-28 17:09:31,191 - INFO - [2022] MISSING_CENTRAL: SR1E2Mu/Central/bjets/3/px in Skim_TriLep_MuonEG_C.root
2026-01-28 17:09:31,192 - INFO - [2022] MISSING_CENTRAL: SR1E2Mu/Central/bjets/3/px in Skim_TriLep_MuonEG_D.root
2026-01-28 17:09:31,192 - INFO - [2022EE] MISSING_CENTRAL: SR1E2Mu/Central/bjets/3/px in Skim_TriLep_MuonEG_E.root
2026-01-28 17:09:31,193 - INFO - [2022EE] MISSING_CENTRAL: SR1E2Mu/Central/bjets/3/px in Skim_TriLep_MuonEG_F.root
2026-01-28 17:09:31,194 - INFO - [2022EE] MISSING_CENTRAL: SR1E2Mu/Central/bjets/3/px in Skim_TriLep_MuonEG_G.root
2026-01-28 17:09:31,194 - INFO - [2023] MISSING_CENTRAL: SR1E2Mu/Central/bjets/3/px in Skim_TriLep_MuonEG_C_v1.root
2026-01-28 17:09:31,195 - INFO - [2023] MISSING_CENTRAL: SR1E2Mu/Central/bjets/3/px in Skim_TriLep_MuonEG_C_v2.root
2026-01-28 17:09:31,196 - INFO - [2023] MISSING_CENTRAL: SR1E2Mu/Central/bjets/3/px in Skim_TriLep_MuonEG_C_v3.root
2026-01-28 17:09:31,250 - INFO - [2023BPix] MISSING_CENTRAL: SR1E2Mu/Central/bjets/3/px in Skim_TriLep_MuonEG_D_v1.root
2026-01-28 17:09:31,251 - INFO - [2023BPix] MISSING_CENTRAL: SR1E2Mu/Central/bjets/3/px in Skim_TriLep_MuonEG_D_v2.root
2026-01-28 17:09:31,267 - INFO - [2022] MISSING_CENTRAL: SR1E2Mu/Central/bjets/3/px in Skim_TriLep_MuonEG_D.root
2026-01-28 17:09:31,268 - INFO - [2022] MISSING_CENTRAL: SR1E2Mu/Central/bjets/3/px in Skim_TriLep_DYJets.root
2026-01-28 17:09:31,269 - INFO - [2022] MISSING_CENTRAL: SR1E2Mu/Central/bjets/3/px in Skim_TriLep_DYJets10to50.root
2026-01-28 17:09:31,269 - INFO - [2022] MISSING_CENTRAL: SR1E2Mu/Central/bjets/3/px in Skim_TriLep_TTG_PTG10to100.root
2026-01-28 17:09:31,270 - INFO - [2022] MISSING_CENTRAL: SR1E2Mu/Central/bjets/3/px in Skim_TriLep_TTG_PTG100to200.root
2026-01-28 17:09:31,271 - INFO - [2022] MISSING_CENTRAL: SR1E2Mu/Central/bjets/3/px in Skim_TriLep_TTG_PTG200toInf.root
2026-01-28 17:09:31,396 - INFO - [2022] MISSING_CENTRAL: SR1E2Mu/Central/bjets/3/px in Skim_TriLep_WZTo3LNu_powheg.root
2026-01-28 17:09:31,397 - INFO - [2022] MISSING_CENTRAL: SR1E2Mu/Central/bjets/3/px in Skim_TriLep_ZZTo4L_powheg.root
2026-01-28 17:09:31,421 - INFO - [2022] MISSING_CENTRAL: SR1E2Mu/Central/bjets/3/px in Skim_TriLep_WWW.root
2026-01-28 17:09:31,422 - INFO - [2022] MISSING_CENTRAL: SR1E2Mu/Central/bjets/3/px in Skim_TriLep_WWZ.root
2026-01-28 17:09:31,422 - INFO - [2022] MISSING_CENTRAL: SR1E2Mu/Central/bjets/3/px in Skim_TriLep_WZZ.root
2026-01-28 17:09:31,423 - INFO - [2022] MISSING_CENTRAL: SR1E2Mu/Central/bjets/3/px in Skim_TriLep_ZZZ.root
2026-01-28 17:09:31,445 - INFO - [2022] MISSING_CENTRAL: SR1E2Mu/Central/bjets/3/px in Skim_TriLep_VBFHToZZTo4L.root
2026-01-28 17:09:31,446 - INFO - [2022] MISSING_CENTRAL: SR1E2Mu/Central/bjets/3/px in Skim_TriLep_ggHToZZTo4L.root
2026-01-28 17:09:31,446 - INFO - [2022EE] MISSING_CENTRAL: SR1E2Mu/Central/bjets/3/px in Skim_TriLep_MuonEG_E.root
2026-01-28 17:09:31,447 - INFO - [2022EE] MISSING_CENTRAL: SR1E2Mu/Central/bjets/3/px in Skim_TriLep_MuonEG_G.root
2026-01-28 17:09:31,448 - INFO - [2022EE] MISSING_CENTRAL: SR1E2Mu/Central/bjets/3/px in Skim_TriLep_DYJets.root
2026-01-28 17:09:31,448 - INFO - [2022EE] MISSING_CENTRAL: SR1E2Mu/Central/bjets/3/px in Skim_TriLep_DYJets10to50.root
2026-01-28 17:09:31,471 - INFO - [2022EE] MISSING_CENTRAL: SR1E2Mu/Central/bjets/3/px in Skim_TriLep_TTG_PTG100to200.root
2026-01-28 17:09:31,472 - INFO - [2022EE] MISSING_CENTRAL: SR1E2Mu/Central/bjets/3/px in Skim_TriLep_TTG_PTG200toInf.root
2026-01-28 17:09:31,473 - INFO - [2022EE] MISSING_CENTRAL: SR1E2Mu/Central/bjets/3/px in Skim_TriLep_TTWToLNu.root
2026-01-28 17:09:31,640 - INFO - [2022EE] MISSING_CENTRAL: SR1E2Mu/Central/bjets/3/px in Skim_TriLep_WWW.root
2026-01-28 17:09:31,640 - INFO - [2022EE] MISSING_CENTRAL: SR1E2Mu/Central/bjets/3/px in Skim_TriLep_WWZ.root
2026-01-28 17:09:31,664 - INFO - [2022EE] MISSING_CENTRAL: SR1E2Mu/Central/bjets/3/px in Skim_TriLep_ZZZ.root
2026-01-28 17:09:31,688 - INFO - [2022EE] MISSING_CENTRAL: SR1E2Mu/Central/bjets/3/px in Skim_TriLep_VBFHToZZTo4L.root
2026-01-28 17:09:31,689 - INFO - [2022EE] MISSING_CENTRAL: SR1E2Mu/Central/bjets/3/px in Skim_TriLep_ggHToZZTo4L.root
2026-01-28 17:09:31,689 - INFO - [2023] MISSING_CENTRAL: SR1E2Mu/Central/bjets/3/px in Skim_TriLep_MuonEG_C_v1.root
2026-01-28 17:09:31,690 - INFO - [2023] MISSING_CENTRAL: SR1E2Mu/Central/bjets/3/px in Skim_TriLep_MuonEG_C_v2.root
2026-01-28 17:09:31,690 - INFO - [2023] MISSING_CENTRAL: SR1E2Mu/Central/bjets/3/px in Skim_TriLep_MuonEG_C_v3.root
2026-01-28 17:09:31,693 - INFO - [2023] MISSING_CENTRAL: SR1E2Mu/Central/bjets/3/px in Skim_TriLep_DYJets.root
2026-01-28 17:09:31,693 - INFO - [2023] MISSING_CENTRAL: SR1E2Mu/Central/bjets/3/px in Skim_TriLep_DYJets10to50.root
2026-01-28 17:09:31,694 - INFO - [2023] MISSING_CENTRAL: SR1E2Mu/Central/bjets/3/px in Skim_TriLep_TTG_PTG10to100.root
2026-01-28 17:09:31,694 - INFO - [2023] MISSING_CENTRAL: SR1E2Mu/Central/bjets/3/px in Skim_TriLep_TTG_PTG100to200.root
2026-01-28 17:09:31,695 - INFO - [2023] MISSING_CENTRAL: SR1E2Mu/Central/bjets/3/px in Skim_TriLep_TTG_PTG200toInf.root
2026-01-28 17:09:31,813 - INFO - [2023] MISSING_CENTRAL: SR1E2Mu/Central/bjets/3/px in Skim_TriLep_WZTo3LNu_powheg.root
2026-01-28 17:09:31,814 - INFO - [2023] MISSING_CENTRAL: SR1E2Mu/Central/bjets/3/px in Skim_TriLep_ZZTo4L_powheg.root
2026-01-28 17:09:31,836 - INFO - [2023] MISSING_CENTRAL: SR1E2Mu/Central/bjets/3/px in Skim_TriLep_WWW.root
2026-01-28 17:09:31,924 - INFO - [2023] MISSING_CENTRAL: SR1E2Mu/Central/bjets/3/px in Skim_TriLep_VBFHToZZTo4L.root
2026-01-28 17:09:31,925 - INFO - [2023] MISSING_CENTRAL: SR1E2Mu/Central/bjets/3/px in Skim_TriLep_ggHToZZTo4L.root
2026-01-28 17:09:31,926 - INFO - [2023BPix] MISSING_CENTRAL: SR1E2Mu/Central/bjets/3/px in Skim_TriLep_MuonEG_D_v2.root
2026-01-28 17:09:31,927 - INFO - [2023BPix] MISSING_CENTRAL: SR1E2Mu/Central/bjets/3/px in Skim_TriLep_DYJets.root
2026-01-28 17:09:31,928 - INFO - [2023BPix] MISSING_CENTRAL: SR1E2Mu/Central/bjets/3/px in Skim_TriLep_DYJets10to50.root
2026-01-28 17:09:31,928 - INFO - [2023BPix] MISSING_CENTRAL: SR1E2Mu/Central/bjets/3/px in Skim_TriLep_TTG_PTG10to100.root
2026-01-28 17:09:31,929 - INFO - [2023BPix] MISSING_CENTRAL: SR1E2Mu/Central/bjets/3/px in Skim_TriLep_TTG_PTG100to200.root
2026-01-28 17:09:31,930 - INFO - [2023BPix] MISSING_CENTRAL: SR1E2Mu/Central/bjets/3/px in Skim_TriLep_TTG_PTG200toInf.root
2026-01-28 17:09:32,047 - INFO - [2023BPix] MISSING_CENTRAL: SR1E2Mu/Central/bjets/3/px in Skim_TriLep_WZTo3LNu_powheg.root
2026-01-28 17:09:32,048 - INFO - [2023BPix] MISSING_CENTRAL: SR1E2Mu/Central/bjets/3/px in Skim_TriLep_ZZTo4L_powheg.root
2026-01-28 17:09:32,072 - INFO - [2023BPix] MISSING_CENTRAL: SR1E2Mu/Central/bjets/3/px in Skim_TriLep_WWW.root
2026-01-28 17:09:32,073 - INFO - [2023BPix] MISSING_CENTRAL: SR1E2Mu/Central/bjets/3/px in Skim_TriLep_WWZ.root
2026-01-28 17:09:32,140 - INFO - [2023BPix] MISSING_CENTRAL: SR1E2Mu/Central/bjets/3/px in Skim_TriLep_VBFHToZZTo4L.root
2026-01-28 17:09:32,141 - INFO - [2023BPix] MISSING_CENTRAL: SR1E2Mu/Central/bjets/3/px in Skim_TriLep_ggHToZZTo4L.root
2026-01-28 17:30:00,937 - INFO - [2022] MISSING_CENTRAL: SR1E2Mu/Central/bjets/3/px in Skim_TriLep_MuonEG_C.root
2026-01-28 17:30:00,938 - INFO - [2022] MISSING_CENTRAL: SR1E2Mu/Central/bjets/3/px in Skim_TriLep_MuonEG_D.root
2026-01-28 17:30:00,939 - INFO - [2022EE] MISSING_CENTRAL: SR1E2Mu/Central/bjets/3/px in Skim_TriLep_MuonEG_E.root
2026-01-28 17:30:00,939 - INFO - [2022EE] MISSING_CENTRAL: SR1E2Mu/Central/bjets/3/px in Skim_TriLep_MuonEG_F.root
2026-01-28 17:30:00,940 - INFO - [2022EE] MISSING_CENTRAL: SR1E2Mu/Central/bjets/3/px in Skim_TriLep_MuonEG_G.root
2026-01-28 17:30:00,941 - INFO - [2023] MISSING_CENTRAL: SR1E2Mu/Central/bjets/3/px in Skim_TriLep_MuonEG_C_v1.root
2026-01-28 17:30:00,941 - INFO - [2023] MISSING_CENTRAL: SR1E2Mu/Central/bjets/3/px in Skim_TriLep_MuonEG_C_v2.root
2026-01-28 17:30:00,942 - INFO - [2023] MISSING_CENTRAL: SR1E2Mu/Central/bjets/3/px in Skim_TriLep_MuonEG_C_v3.root
2026-01-28 17:30:00,995 - INFO - [2023BPix] MISSING_CENTRAL: SR1E2Mu/Central/bjets/3/px in Skim_TriLep_MuonEG_D_v1.root
2026-01-28 17:30:00,995 - INFO - [2023BPix] MISSING_CENTRAL: SR1E2Mu/Central/bjets/3/px in Skim_TriLep_MuonEG_D_v2.root
2026-01-28 17:30:01,011 - INFO - [2022] MISSING_CENTRAL: SR1E2Mu/Central/bjets/3/px in Skim_TriLep_MuonEG_D.root
2026-01-28 17:30:01,012 - INFO - [2022] MISSING_CENTRAL: SR1E2Mu/Central/bjets/3/px in Skim_TriLep_DYJets.root
2026-01-28 17:30:01,012 - INFO - [2022] MISSING_CENTRAL: SR1E2Mu/Central/bjets/3/px in Skim_TriLep_DYJets10to50.root
2026-01-28 17:30:01,013 - INFO - [2022] MISSING_CENTRAL: SR1E2Mu/Central/bjets/3/px in Skim_TriLep_TTG_PTG10to100.root
2026-01-28 17:30:01,013 - INFO - [2022] MISSING_CENTRAL: SR1E2Mu/Central/bjets/3/px in Skim_TriLep_TTG_PTG100to200.root
2026-01-28 17:30:01,014 - INFO - [2022] MISSING_CENTRAL: SR1E2Mu/Central/bjets/3/px in Skim_TriLep_TTG_PTG200toInf.root
2026-01-28 17:30:01,134 - INFO - [2022] MISSING_CENTRAL: SR1E2Mu/Central/bjets/3/px in Skim_TriLep_WZTo3LNu_powheg.root
2026-01-28 17:30:01,135 - INFO - [2022] MISSING_CENTRAL: SR1E2Mu/Central/bjets/3/px in Skim_TriLep_ZZTo4L_powheg.root
2026-01-28 17:30:01,168 - INFO - [2022] MISSING_CENTRAL: SR1E2Mu/Central/bjets/3/px in Skim_TriLep_WWW.root
2026-01-28 17:30:01,169 - INFO - [2022] MISSING_CENTRAL: SR1E2Mu/Central/bjets/3/px in Skim_TriLep_WWZ.root
2026-01-28 17:30:01,170 - INFO - [2022] MISSING_CENTRAL: SR1E2Mu/Central/bjets/3/px in Skim_TriLep_WZZ.root
2026-01-28 17:30:01,170 - INFO - [2022] MISSING_CENTRAL: SR1E2Mu/Central/bjets/3/px in Skim_TriLep_ZZZ.root
2026-01-28 17:30:01,195 - INFO - [2022] MISSING_CENTRAL: SR1E2Mu/Central/bjets/3/px in Skim_TriLep_VBFHToZZTo4L.root
2026-01-28 17:30:01,196 - INFO - [2022] MISSING_CENTRAL: SR1E2Mu/Central/bjets/3/px in Skim_TriLep_ggHToZZTo4L.root
2026-01-28 17:30:01,196 - INFO - [2022EE] MISSING_CENTRAL: SR1E2Mu/Central/bjets/3/px in Skim_TriLep_MuonEG_E.root
2026-01-28 17:30:01,198 - INFO - [2022EE] MISSING_CENTRAL: SR1E2Mu/Central/bjets/3/px in Skim_TriLep_MuonEG_G.root
2026-01-28 17:30:01,198 - INFO - [2022EE] MISSING_CENTRAL: SR1E2Mu/Central/bjets/3/px in Skim_TriLep_DYJets.root
2026-01-28 17:30:01,199 - INFO - [2022EE] MISSING_CENTRAL: SR1E2Mu/Central/bjets/3/px in Skim_TriLep_DYJets10to50.root
2026-01-28 17:30:01,223 - INFO - [2022EE] MISSING_CENTRAL: SR1E2Mu/Central/bjets/3/px in Skim_TriLep_TTG_PTG100to200.root
2026-01-28 17:30:01,224 - INFO - [2022EE] MISSING_CENTRAL: SR1E2Mu/Central/bjets/3/px in Skim_TriLep_TTG_PTG200toInf.root
2026-01-28 17:30:01,225 - INFO - [2022EE] MISSING_CENTRAL: SR1E2Mu/Central/bjets/3/px in Skim_TriLep_TTWToLNu.root
2026-01-28 17:30:01,395 - INFO - [2022EE] MISSING_CENTRAL: SR1E2Mu/Central/bjets/3/px in Skim_TriLep_WWW.root
2026-01-28 17:30:01,396 - INFO - [2022EE] MISSING_CENTRAL: SR1E2Mu/Central/bjets/3/px in Skim_TriLep_WWZ.root
2026-01-28 17:30:01,420 - INFO - [2022EE] MISSING_CENTRAL: SR1E2Mu/Central/bjets/3/px in Skim_TriLep_ZZZ.root
2026-01-28 17:30:01,444 - INFO - [2022EE] MISSING_CENTRAL: SR1E2Mu/Central/bjets/3/px in Skim_TriLep_VBFHToZZTo4L.root
2026-01-28 17:30:01,445 - INFO - [2022EE] MISSING_CENTRAL: SR1E2Mu/Central/bjets/3/px in Skim_TriLep_ggHToZZTo4L.root
2026-01-28 17:30:01,446 - INFO - [2023] MISSING_CENTRAL: SR1E2Mu/Central/bjets/3/px in Skim_TriLep_MuonEG_C_v1.root
2026-01-28 17:30:01,446 - INFO - [2023] MISSING_CENTRAL: SR1E2Mu/Central/bjets/3/px in Skim_TriLep_MuonEG_C_v2.root
2026-01-28 17:30:01,447 - INFO - [2023] MISSING_CENTRAL: SR1E2Mu/Central/bjets/3/px in Skim_TriLep_MuonEG_C_v3.root
2026-01-28 17:30:01,449 - INFO - [2023] MISSING_CENTRAL: SR1E2Mu/Central/bjets/3/px in Skim_TriLep_DYJets.root
2026-01-28 17:30:01,450 - INFO - [2023] MISSING_CENTRAL: SR1E2Mu/Central/bjets/3/px in Skim_TriLep_DYJets10to50.root
2026-01-28 17:30:01,450 - INFO - [2023] MISSING_CENTRAL: SR1E2Mu/Central/bjets/3/px in Skim_TriLep_TTG_PTG10to100.root
2026-01-28 17:30:01,451 - INFO - [2023] MISSING_CENTRAL: SR1E2Mu/Central/bjets/3/px in Skim_TriLep_TTG_PTG100to200.root
2026-01-28 17:30:01,452 - INFO - [2023] MISSING_CENTRAL: SR1E2Mu/Central/bjets/3/px in Skim_TriLep_TTG_PTG200toInf.root
2026-01-28 17:30:01,572 - INFO - [2023] MISSING_CENTRAL: SR1E2Mu/Central/bjets/3/px in Skim_TriLep_WZTo3LNu_powheg.root
2026-01-28 17:30:01,573 - INFO - [2023] MISSING_CENTRAL: SR1E2Mu/Central/bjets/3/px in Skim_TriLep_ZZTo4L_powheg.root
2026-01-28 17:30:01,597 - INFO - [2023] MISSING_CENTRAL: SR1E2Mu/Central/bjets/3/px in Skim_TriLep_WWW.root
2026-01-28 17:30:01,688 - INFO - [2023] MISSING_CENTRAL: SR1E2Mu/Central/bjets/3/px in Skim_TriLep_VBFHToZZTo4L.root
2026-01-28 17:30:01,689 - INFO - [2023] MISSING_CENTRAL: SR1E2Mu/Central/bjets/3/px in Skim_TriLep_ggHToZZTo4L.root
2026-01-28 17:30:01,690 - INFO - [2023BPix] MISSING_CENTRAL: SR1E2Mu/Central/bjets/3/px in Skim_TriLep_MuonEG_D_v2.root
2026-01-28 17:30:01,691 - INFO - [2023BPix] MISSING_CENTRAL: SR1E2Mu/Central/bjets/3/px in Skim_TriLep_DYJets.root
2026-01-28 17:30:01,691 - INFO - [2023BPix] MISSING_CENTRAL: SR1E2Mu/Central/bjets/3/px in Skim_TriLep_DYJets10to50.root
2026-01-28 17:30:01,692 - INFO - [2023BPix] MISSING_CENTRAL: SR1E2Mu/Central/bjets/3/px in Skim_TriLep_TTG_PTG10to100.root
2026-01-28 17:30:01,692 - INFO - [2023BPix] MISSING_CENTRAL: SR1E2Mu/Central/bjets/3/px in Skim_TriLep_TTG_PTG100to200.root
2026-01-28 17:30:01,693 - INFO - [2023BPix] MISSING_CENTRAL: SR1E2Mu/Central/bjets/3/px in Skim_TriLep_TTG_PTG200toInf.root
2026-01-28 17:30:01,803 - INFO - [2023BPix] MISSING_CENTRAL: SR1E2Mu/Central/bjets/3/px in Skim_TriLep_WZTo3LNu_powheg.root
2026-01-28 17:30:01,803 - INFO - [2023BPix] MISSING_CENTRAL: SR1E2Mu/Central/bjets/3/px in Skim_TriLep_ZZTo4L_powheg.root
2026-01-28 17:30:01,820 - INFO - [2023BPix] MISSING_CENTRAL: SR1E2Mu/Central/bjets/3/px in Skim_TriLep_WWW.root
2026-01-28 17:30:01,821 - INFO - [2023BPix] MISSING_CENTRAL: SR1E2Mu/Central/bjets/3/px in Skim_TriLep_WWZ.root
2026-01-28 17:30:01,882 - INFO - [2023BPix] MISSING_CENTRAL: SR1E2Mu/Central/bjets/3/px in Skim_TriLep_VBFHToZZTo4L.root
2026-01-28 17:30:01,883 - INFO - [2023BPix] MISSING_CENTRAL: SR1E2Mu/Central/bjets/3/px in Skim_TriLep_ggHToZZTo4L.root
2026-01-28 20:03:51,939 - INFO - [2022] MISSING_CENTRAL: SR1E2Mu/Central/bjets/3/px in Skim_TriLep_MuonEG_C.root
2026-01-28 20:03:51,941 - INFO - [2022] MISSING_CENTRAL: SR1E2Mu/Central/bjets/3/px in Skim_TriLep_MuonEG_D.root
2026-01-28 20:03:51,942 - INFO - [2022EE] MISSING_CENTRAL: SR1E2Mu/Central/bjets/3/px in Skim_TriLep_MuonEG_E.root
2026-01-28 20:03:51,942 - INFO - [2022EE] MISSING_CENTRAL: SR1E2Mu/Central/bjets/3/px in Skim_TriLep_MuonEG_F.root
2026-01-28 20:03:51,943 - INFO - [2022EE] MISSING_CENTRAL: SR1E2Mu/Central/bjets/3/px in Skim_TriLep_MuonEG_G.root
2026-01-28 20:03:51,943 - INFO - [2023] MISSING_CENTRAL: SR1E2Mu/Central/bjets/3/px in Skim_TriLep_MuonEG_C_v1.root
2026-01-28 20:03:51,944 - INFO - [2023] MISSING_CENTRAL: SR1E2Mu/Central/bjets/3/px in Skim_TriLep_MuonEG_C_v2.root
2026-01-28 20:03:51,944 - INFO - [2023] MISSING_CENTRAL: SR1E2Mu/Central/bjets/3/px in Skim_TriLep_MuonEG_C_v3.root
2026-01-28 20:03:51,999 - INFO - [2023BPix] MISSING_CENTRAL: SR1E2Mu/Central/bjets/3/px in Skim_TriLep_MuonEG_D_v1.root
2026-01-28 20:03:52,000 - INFO - [2023BPix] MISSING_CENTRAL: SR1E2Mu/Central/bjets/3/px in Skim_TriLep_MuonEG_D_v2.root
2026-01-28 20:03:52,014 - INFO - [2022] MISSING_CENTRAL: SR1E2Mu/Central/bjets/3/px in Skim_TriLep_MuonEG_D.root
2026-01-28 20:03:52,015 - INFO - [2022] MISSING_CENTRAL: SR1E2Mu/Central/bjets/3/px in Skim_TriLep_DYJets.root
2026-01-28 20:03:52,016 - INFO - [2022] MISSING_CENTRAL: SR1E2Mu/Central/bjets/3/px in Skim_TriLep_DYJets10to50.root
2026-01-28 20:03:52,016 - INFO - [2022] MISSING_CENTRAL: SR1E2Mu/Central/bjets/3/px in Skim_TriLep_TTG_PTG10to100.root
2026-01-28 20:03:52,017 - INFO - [2022] MISSING_CENTRAL: SR1E2Mu/Central/bjets/3/px in Skim_TriLep_TTG_PTG100to200.root
2026-01-28 20:03:52,017 - INFO - [2022] MISSING_CENTRAL: SR1E2Mu/Central/bjets/3/px in Skim_TriLep_TTG_PTG200toInf.root
2026-01-28 20:03:52,146 - INFO - [2022] MISSING_CENTRAL: SR1E2Mu/Central/bjets/3/px in Skim_TriLep_WZTo3LNu_powheg.root
2026-01-28 20:03:52,147 - INFO - [2022] MISSING_CENTRAL: SR1E2Mu/Central/bjets/3/px in Skim_TriLep_ZZTo4L_powheg.root
2026-01-28 20:03:52,170 - INFO - [2022] MISSING_CENTRAL: SR1E2Mu/Central/bjets/3/px in Skim_TriLep_WWW.root
2026-01-28 20:03:52,170 - INFO - [2022] MISSING_CENTRAL: SR1E2Mu/Central/bjets/3/px in Skim_TriLep_WWZ.root
2026-01-28 20:03:52,171 - INFO - [2022] MISSING_CENTRAL: SR1E2Mu/Central/bjets/3/px in Skim_TriLep_WZZ.root
2026-01-28 20:03:52,172 - INFO - [2022] MISSING_CENTRAL: SR1E2Mu/Central/bjets/3/px in Skim_TriLep_ZZZ.root
2026-01-28 20:03:52,195 - INFO - [2022] MISSING_CENTRAL: SR1E2Mu/Central/bjets/3/px in Skim_TriLep_VBFHToZZTo4L.root
2026-01-28 20:03:52,195 - INFO - [2022] MISSING_CENTRAL: SR1E2Mu/Central/bjets/3/px in Skim_TriLep_ggHToZZTo4L.root
2026-01-28 20:03:52,196 - INFO - [2022EE] MISSING_CENTRAL: SR1E2Mu/Central/bjets/3/px in Skim_TriLep_MuonEG_E.root
2026-01-28 20:03:52,198 - INFO - [2022EE] MISSING_CENTRAL: SR1E2Mu/Central/bjets/3/px in Skim_TriLep_MuonEG_G.root
2026-01-28 20:03:52,198 - INFO - [2022EE] MISSING_CENTRAL: SR1E2Mu/Central/bjets/3/px in Skim_TriLep_DYJets.root
2026-01-28 20:03:52,199 - INFO - [2022EE] MISSING_CENTRAL: SR1E2Mu/Central/bjets/3/px in Skim_TriLep_DYJets10to50.root
2026-01-28 20:03:52,222 - INFO - [2022EE] MISSING_CENTRAL: SR1E2Mu/Central/bjets/3/px in Skim_TriLep_TTG_PTG100to200.root
2026-01-28 20:03:52,223 - INFO - [2022EE] MISSING_CENTRAL: SR1E2Mu/Central/bjets/3/px in Skim_TriLep_TTG_PTG200toInf.root
2026-01-28 20:03:52,223 - INFO - [2022EE] MISSING_CENTRAL: SR1E2Mu/Central/bjets/3/px in Skim_TriLep_TTWToLNu.root
2026-01-28 20:03:52,389 - INFO - [2022EE] MISSING_CENTRAL: SR1E2Mu/Central/bjets/3/px in Skim_TriLep_WWW.root
2026-01-28 20:03:52,390 - INFO - [2022EE] MISSING_CENTRAL: SR1E2Mu/Central/bjets/3/px in Skim_TriLep_WWZ.root
2026-01-28 20:03:52,414 - INFO - [2022EE] MISSING_CENTRAL: SR1E2Mu/Central/bjets/3/px in Skim_TriLep_ZZZ.root
2026-01-28 20:03:52,439 - INFO - [2022EE] MISSING_CENTRAL: SR1E2Mu/Central/bjets/3/px in Skim_TriLep_VBFHToZZTo4L.root
2026-01-28 20:03:52,440 - INFO - [2022EE] MISSING_CENTRAL: SR1E2Mu/Central/bjets/3/px in Skim_TriLep_ggHToZZTo4L.root
2026-01-28 20:03:52,441 - INFO - [2023] MISSING_CENTRAL: SR1E2Mu/Central/bjets/3/px in Skim_TriLep_MuonEG_C_v1.root
2026-01-28 20:03:52,442 - INFO - [2023] MISSING_CENTRAL: SR1E2Mu/Central/bjets/3/px in Skim_TriLep_MuonEG_C_v2.root
2026-01-28 20:03:52,442 - INFO - [2023] MISSING_CENTRAL: SR1E2Mu/Central/bjets/3/px in Skim_TriLep_MuonEG_C_v3.root
2026-01-28 20:03:52,445 - INFO - [2023] MISSING_CENTRAL: SR1E2Mu/Central/bjets/3/px in Skim_TriLep_DYJets.root
2026-01-28 20:03:52,445 - INFO - [2023] MISSING_CENTRAL: SR1E2Mu/Central/bjets/3/px in Skim_TriLep_DYJets10to50.root
2026-01-28 20:03:52,446 - INFO - [2023] MISSING_CENTRAL: SR1E2Mu/Central/bjets/3/px in Skim_TriLep_TTG_PTG10to100.root
2026-01-28 20:03:52,447 - INFO - [2023] MISSING_CENTRAL: SR1E2Mu/Central/bjets/3/px in Skim_TriLep_TTG_PTG100to200.root
2026-01-28 20:03:52,448 - INFO - [2023] MISSING_CENTRAL: SR1E2Mu/Central/bjets/3/px in Skim_TriLep_TTG_PTG200toInf.root
2026-01-28 20:03:52,587 - INFO - [2023] MISSING_CENTRAL: SR1E2Mu/Central/bjets/3/px in Skim_TriLep_WZTo3LNu_powheg.root
2026-01-28 20:03:52,588 - INFO - [2023] MISSING_CENTRAL: SR1E2Mu/Central/bjets/3/px in Skim_TriLep_ZZTo4L_powheg.root
2026-01-28 20:03:52,631 - INFO - [2023] MISSING_CENTRAL: SR1E2Mu/Central/bjets/3/px in Skim_TriLep_WWW.root
2026-01-28 20:03:52,798 - INFO - [2023] MISSING_CENTRAL: SR1E2Mu/Central/bjets/3/px in Skim_TriLep_VBFHToZZTo4L.root
2026-01-28 20:03:52,799 - INFO - [2023] MISSING_CENTRAL: SR1E2Mu/Central/bjets/3/px in Skim_TriLep_ggHToZZTo4L.root
2026-01-28 20:03:52,800 - INFO - [2023BPix] MISSING_CENTRAL: SR1E2Mu/Central/bjets/3/px in Skim_TriLep_MuonEG_D_v2.root
2026-01-28 20:03:52,801 - INFO - [2023BPix] MISSING_CENTRAL: SR1E2Mu/Central/bjets/3/px in Skim_TriLep_DYJets.root
2026-01-28 20:03:52,801 - INFO - [2023BPix] MISSING_CENTRAL: SR1E2Mu/Central/bjets/3/px in Skim_TriLep_DYJets10to50.root
2026-01-28 20:03:52,802 - INFO - [2023BPix] MISSING_CENTRAL: SR1E2Mu/Central/bjets/3/px in Skim_TriLep_TTG_PTG10to100.root
2026-01-28 20:03:52,803 - INFO - [2023BPix] MISSING_CENTRAL: SR1E2Mu/Central/bjets/3/px in Skim_TriLep_TTG_PTG100to200.root
2026-01-28 20:03:52,805 - INFO - [2023BPix] MISSING_CENTRAL: SR1E2Mu/Central/bjets/3/px in Skim_TriLep_TTG_PTG200toInf.root
2026-01-28 20:03:52,975 - INFO - [2023BPix] MISSING_CENTRAL: SR1E2Mu/Central/bjets/3/px in Skim_TriLep_WZTo3LNu_powheg.root
2026-01-28 20:03:52,976 - INFO - [2023BPix] MISSING_CENTRAL: SR1E2Mu/Central/bjets/3/px in Skim_TriLep_ZZTo4L_powheg.root
2026-01-28 20:03:53,003 - INFO - [2023BPix] MISSING_CENTRAL: SR1E2Mu/Central/bjets/3/px in Skim_TriLep_WWW.root
2026-01-28 20:03:53,003 - INFO - [2023BPix] MISSING_CENTRAL: SR1E2Mu/Central/bjets/3/px in Skim_TriLep_WWZ.root
2026-01-28 20:03:53,096 - INFO - [2023BPix] MISSING_CENTRAL: SR1E2Mu/Central/bjets/3/px in Skim_TriLep_VBFHToZZTo4L.root
2026-01-28 20:03:53,097 - INFO - [2023BPix] MISSING_CENTRAL: SR1E2Mu/Central/bjets/3/px in Skim_TriLep_ggHToZZTo4L.root
2026-01-29 07:20:15,805 - INFO - [2022] MISSING_CENTRAL: SR1E2Mu/Central/bjets/3/px in Skim_TriLep_MuonEG_C.root
2026-01-29 07:20:15,806 - INFO - [2022] MISSING_CENTRAL: SR1E2Mu/Central/bjets/3/px in Skim_TriLep_MuonEG_D.root
2026-01-29 07:20:15,807 - INFO - [2022EE] MISSING_CENTRAL: SR1E2Mu/Central/bjets/3/px in Skim_TriLep_MuonEG_E.root
2026-01-29 07:20:15,807 - INFO - [2022EE] MISSING_CENTRAL: SR1E2Mu/Central/bjets/3/px in Skim_TriLep_MuonEG_F.root
2026-01-29 07:20:15,808 - INFO - [2022EE] MISSING_CENTRAL: SR1E2Mu/Central/bjets/3/px in Skim_TriLep_MuonEG_G.root
2026-01-29 07:20:15,808 - INFO - [2023] MISSING_CENTRAL: SR1E2Mu/Central/bjets/3/px in Skim_TriLep_MuonEG_C_v1.root
2026-01-29 07:20:15,808 - INFO - [2023] MISSING_CENTRAL: SR1E2Mu/Central/bjets/3/px in Skim_TriLep_MuonEG_C_v2.root
2026-01-29 07:20:15,809 - INFO - [2023] MISSING_CENTRAL: SR1E2Mu/Central/bjets/3/px in Skim_TriLep_MuonEG_C_v3.root
2026-01-29 07:20:15,861 - INFO - [2023BPix] MISSING_CENTRAL: SR1E2Mu/Central/bjets/3/px in Skim_TriLep_MuonEG_D_v1.root
2026-01-29 07:20:15,861 - INFO - [2023BPix] MISSING_CENTRAL: SR1E2Mu/Central/bjets/3/px in Skim_TriLep_MuonEG_D_v2.root
2026-01-29 07:20:15,875 - INFO - [2022] MISSING_CENTRAL: SR1E2Mu/Central/bjets/3/px in Skim_TriLep_MuonEG_D.root
2026-01-29 07:20:15,876 - INFO - [2022] MISSING_CENTRAL: SR1E2Mu/Central/bjets/3/px in Skim_TriLep_DYJets.root
2026-01-29 07:20:15,876 - INFO - [2022] MISSING_CENTRAL: SR1E2Mu/Central/bjets/3/px in Skim_TriLep_DYJets10to50.root
2026-01-29 07:20:15,877 - INFO - [2022] MISSING_CENTRAL: SR1E2Mu/Central/bjets/3/px in Skim_TriLep_TTG_PTG10to100.root
2026-01-29 07:20:15,877 - INFO - [2022] MISSING_CENTRAL: SR1E2Mu/Central/bjets/3/px in Skim_TriLep_TTG_PTG100to200.root
2026-01-29 07:20:15,878 - INFO - [2022] MISSING_CENTRAL: SR1E2Mu/Central/bjets/3/px in Skim_TriLep_TTG_PTG200toInf.root
2026-01-29 07:20:15,962 - INFO - [2022] MISSING_CENTRAL: SR1E2Mu/Central/bjets/3/px in Skim_TriLep_WZTo3LNu_powheg.root
2026-01-29 07:20:15,963 - INFO - [2022] MISSING_CENTRAL: SR1E2Mu/Central/bjets/3/px in Skim_TriLep_ZZTo4L_powheg.root
2026-01-29 07:20:15,978 - INFO - [2022] MISSING_CENTRAL: SR1E2Mu/Central/bjets/3/px in Skim_TriLep_WWW.root
2026-01-29 07:20:15,979 - INFO - [2022] MISSING_CENTRAL: SR1E2Mu/Central/bjets/3/px in Skim_TriLep_WWZ.root
2026-01-29 07:20:15,979 - INFO - [2022] MISSING_CENTRAL: SR1E2Mu/Central/bjets/3/px in Skim_TriLep_WZZ.root
2026-01-29 07:20:15,980 - INFO - [2022] MISSING_CENTRAL: SR1E2Mu/Central/bjets/3/px in Skim_TriLep_ZZZ.root
2026-01-29 07:20:15,996 - INFO - [2022] MISSING_CENTRAL: SR1E2Mu/Central/bjets/3/px in Skim_TriLep_VBFHToZZTo4L.root
2026-01-29 07:20:15,997 - INFO - [2022] MISSING_CENTRAL: SR1E2Mu/Central/bjets/3/px in Skim_TriLep_ggHToZZTo4L.root
2026-01-29 07:20:15,997 - INFO - [2022EE] MISSING_CENTRAL: SR1E2Mu/Central/bjets/3/px in Skim_TriLep_MuonEG_E.root
2026-01-29 07:20:15,999 - INFO - [2022EE] MISSING_CENTRAL: SR1E2Mu/Central/bjets/3/px in Skim_TriLep_MuonEG_G.root
2026-01-29 07:20:15,999 - INFO - [2022EE] MISSING_CENTRAL: SR1E2Mu/Central/bjets/3/px in Skim_TriLep_DYJets.root
2026-01-29 07:20:16,000 - INFO - [2022EE] MISSING_CENTRAL: SR1E2Mu/Central/bjets/3/px in Skim_TriLep_DYJets10to50.root
2026-01-29 07:20:16,015 - INFO - [2022EE] MISSING_CENTRAL: SR1E2Mu/Central/bjets/3/px in Skim_TriLep_TTG_PTG100to200.root
2026-01-29 07:20:16,016 - INFO - [2022EE] MISSING_CENTRAL: SR1E2Mu/Central/bjets/3/px in Skim_TriLep_TTG_PTG200toInf.root
2026-01-29 07:20:16,017 - INFO - [2022EE] MISSING_CENTRAL: SR1E2Mu/Central/bjets/3/px in Skim_TriLep_TTWToLNu.root
2026-01-29 07:20:16,125 - INFO - [2022EE] MISSING_CENTRAL: SR1E2Mu/Central/bjets/3/px in Skim_TriLep_WWW.root
2026-01-29 07:20:16,126 - INFO - [2022EE] MISSING_CENTRAL: SR1E2Mu/Central/bjets/3/px in Skim_TriLep_WWZ.root
2026-01-29 07:20:16,141 - INFO - [2022EE] MISSING_CENTRAL: SR1E2Mu/Central/bjets/3/px in Skim_TriLep_ZZZ.root
2026-01-29 07:20:16,157 - INFO - [2022EE] MISSING_CENTRAL: SR1E2Mu/Central/bjets/3/px in Skim_TriLep_VBFHToZZTo4L.root
2026-01-29 07:20:16,158 - INFO - [2022EE] MISSING_CENTRAL: SR1E2Mu/Central/bjets/3/px in Skim_TriLep_ggHToZZTo4L.root
2026-01-29 07:20:16,158 - INFO - [2023] MISSING_CENTRAL: SR1E2Mu/Central/bjets/3/px in Skim_TriLep_MuonEG_C_v1.root
2026-01-29 07:20:16,159 - INFO - [2023] MISSING_CENTRAL: SR1E2Mu/Central/bjets/3/px in Skim_TriLep_MuonEG_C_v2.root
2026-01-29 07:20:16,159 - INFO - [2023] MISSING_CENTRAL: SR1E2Mu/Central/bjets/3/px in Skim_TriLep_MuonEG_C_v3.root
2026-01-29 07:20:16,161 - INFO - [2023] MISSING_CENTRAL: SR1E2Mu/Central/bjets/3/px in Skim_TriLep_DYJets.root
2026-01-29 07:20:16,161 - INFO - [2023] MISSING_CENTRAL: SR1E2Mu/Central/bjets/3/px in Skim_TriLep_DYJets10to50.root
2026-01-29 07:20:16,162 - INFO - [2023] MISSING_CENTRAL: SR1E2Mu/Central/bjets/3/px in Skim_TriLep_TTG_PTG10to100.root
2026-01-29 07:20:16,162 - INFO - [2023] MISSING_CENTRAL: SR1E2Mu/Central/bjets/3/px in Skim_TriLep_TTG_PTG100to200.root
2026-01-29 07:20:16,163 - INFO - [2023] MISSING_CENTRAL: SR1E2Mu/Central/bjets/3/px in Skim_TriLep_TTG_PTG200toInf.root
2026-01-29 07:20:16,244 - INFO - [2023] MISSING_CENTRAL: SR1E2Mu/Central/bjets/3/px in Skim_TriLep_WZTo3LNu_powheg.root
2026-01-29 07:20:16,245 - INFO - [2023] MISSING_CENTRAL: SR1E2Mu/Central/bjets/3/px in Skim_TriLep_ZZTo4L_powheg.root
2026-01-29 07:20:16,260 - INFO - [2023] MISSING_CENTRAL: SR1E2Mu/Central/bjets/3/px in Skim_TriLep_WWW.root
2026-01-29 07:20:16,318 - INFO - [2023] MISSING_CENTRAL: SR1E2Mu/Central/bjets/3/px in Skim_TriLep_VBFHToZZTo4L.root
2026-01-29 07:20:16,319 - INFO - [2023] MISSING_CENTRAL: SR1E2Mu/Central/bjets/3/px in Skim_TriLep_ggHToZZTo4L.root
2026-01-29 07:20:16,321 - INFO - [2023BPix] MISSING_CENTRAL: SR1E2Mu/Central/bjets/3/px in Skim_TriLep_MuonEG_D_v2.root
2026-01-29 07:20:16,322 - INFO - [2023BPix] MISSING_CENTRAL: SR1E2Mu/Central/bjets/3/px in Skim_TriLep_DYJets.root
2026-01-29 07:20:16,322 - INFO - [2023BPix] MISSING_CENTRAL: SR1E2Mu/Central/bjets/3/px in Skim_TriLep_DYJets10to50.root
2026-01-29 07:20:16,323 - INFO - [2023BPix] MISSING_CENTRAL: SR1E2Mu/Central/bjets/3/px in Skim_TriLep_TTG_PTG10to100.root
2026-01-29 07:20:16,324 - INFO - [2023BPix] MISSING_CENTRAL: SR1E2Mu/Central/bjets/3/px in Skim_TriLep_TTG_PTG100to200.root
2026-01-29 07:20:16,324 - INFO - [2023BPix] MISSING_CENTRAL: SR1E2Mu/Central/bjets/3/px in Skim_TriLep_TTG_PTG200toInf.root
2026-01-29 07:20:16,406 - INFO - [2023BPix] MISSING_CENTRAL: SR1E2Mu/Central/bjets/3/px in Skim_TriLep_WZTo3LNu_powheg.root
2026-01-29 07:20:16,407 - INFO - [2023BPix] MISSING_CENTRAL: SR1E2Mu/Central/bjets/3/px in Skim_TriLep_ZZTo4L_powheg.root
2026-01-29 07:20:16,424 - INFO - [2023BPix] MISSING_CENTRAL: SR1E2Mu/Central/bjets/3/px in Skim_TriLep_WWW.root
2026-01-29 07:20:16,425 - INFO - [2023BPix] MISSING_CENTRAL: SR1E2Mu/Central/bjets/3/px in Skim_TriLep_WWZ.root
2026-01-29 07:20:16,473 - INFO - [2023BPix] MISSING_CENTRAL: SR1E2Mu/Central/bjets/3/px in Skim_TriLep_VBFHToZZTo4L.root
2026-01-29 07:20:16,473 - INFO - [2023BPix] MISSING_CENTRAL: SR1E2Mu/Central/bjets/3/px in Skim_TriLep_ggHToZZTo4L.root
