2025-09-24 16:10:32,135 - INFO - [2022] MISSING_CENTRAL: SR1E2Mu/Central/bjets/1/pt in Skim_TriLep_DYJets.root
2025-09-24 16:10:32,135 - INFO - [2022] MISSING_CENTRAL: SR1E2Mu/Central/bjets/1/pt in Skim_TriLep_DYJets10to50.root
2025-09-24 16:10:32,210 - INFO - [2022] MISSING_CENTRAL: SR1E2Mu/Central/bjets/1/pt in Skim_TriLep_DYGTo2LG_MLL4to50_PTG200toInf.root
2025-09-24 16:10:32,547 - INFO - [2022] MISSING_CENTRAL: SR1E2Mu/Central/bjets/1/pt in Skim_TriLep_WWW.root
2025-09-24 16:10:32,647 - INFO - [2022EE] MISSING_SYSTEMATIC: SR1E2Mu/JetEn_Down/bjets/1/pt in Skim_TriLep_DYJets.root
2025-09-24 16:10:32,655 - INFO - [2022EE] MISSING_CENTRAL: SR1E2Mu/Central/bjets/1/pt in Skim_TriLep_DYJets10to50.root
2025-09-24 16:10:33,475 - INFO - [2023] MISSING_CENTRAL: SR1E2Mu/Central/bjets/1/pt in Skim_TriLep_DYJets10to50.root
2025-09-24 16:10:33,856 - INFO - [2023BPix] MISSING_CENTRAL: SR1E2Mu/Central/bjets/1/pt in Skim_TriLep_DYJets10to50.root
2025-10-02 21:24:45,521 - INFO - [2022] MISSING_CENTRAL: SR1E2Mu/Central/bjets/1/pt in Skim_TriLep_DYJets.root
2025-10-02 21:24:45,523 - INFO - [2022] MISSING_CENTRAL: SR1E2Mu/Central/bjets/1/pt in Skim_TriLep_DYJets10to50.root
2025-10-02 21:24:45,574 - INFO - [2022] MISSING_CENTRAL: SR1E2Mu/Central/bjets/1/pt in Skim_TriLep_DYGTo2LG_MLL4to50_PTG200toInf.root
2025-10-02 21:24:46,022 - INFO - [2022] MISSING_CENTRAL: SR1E2Mu/Central/bjets/1/pt in Skim_TriLep_WWW.root
2025-10-02 21:24:46,155 - INFO - [2022EE] MISSING_SYSTEMATIC: SR1E2Mu/JetEn_Down/bjets/1/pt in Skim_TriLep_DYJets.root
2025-10-02 21:24:46,169 - INFO - [2022EE] MISSING_CENTRAL: SR1E2Mu/Central/bjets/1/pt in Skim_TriLep_DYJets10to50.root
2025-10-02 21:24:47,308 - INFO - [2023] MISSING_CENTRAL: SR1E2Mu/Central/bjets/1/pt in Skim_TriLep_DYJets10to50.root
2025-10-02 21:24:48,049 - INFO - [2023BPix] MISSING_CENTRAL: SR1E2Mu/Central/bjets/1/pt in Skim_TriLep_DYJets10to50.root
2025-10-03 00:44:53,773 - INFO - [2022] MISSING_CENTRAL: SR1E2Mu/Central/bjets/1/pt in Skim_TriLep_DYJets.root
2025-10-03 00:44:53,775 - INFO - [2022] MISSING_CENTRAL: SR1E2Mu/Central/bjets/1/pt in Skim_TriLep_DYJets10to50.root
2025-10-03 00:44:53,843 - INFO - [2022] MISSING_CENTRAL: SR1E2Mu/Central/bjets/1/pt in Skim_TriLep_DYGTo2LG_MLL4to50_PTG200toInf.root
2025-10-03 00:44:54,379 - INFO - [2022] MISSING_CENTRAL: SR1E2Mu/Central/bjets/1/pt in Skim_TriLep_WWW.root
2025-10-03 00:44:54,730 - INFO - [2022EE] MISSING_SYSTEMATIC: SR1E2Mu/JetEn_Down/bjets/1/pt in Skim_TriLep_DYJets.root
2025-10-03 00:44:54,773 - INFO - [2022EE] MISSING_CENTRAL: SR1E2Mu/Central/bjets/1/pt in Skim_TriLep_DYJets10to50.root
2025-10-03 00:44:55,613 - INFO - [2023] MISSING_CENTRAL: SR1E2Mu/Central/bjets/1/pt in Skim_TriLep_DYJets10to50.root
2025-10-03 00:44:56,520 - INFO - [2023BPix] MISSING_CENTRAL: SR1E2Mu/Central/bjets/1/pt in Skim_TriLep_DYJets10to50.root
