2025-09-24 16:10:10,757 - INFO - [2022] MISSING_CENTRAL: SR1E2Mu/Central/electrons/1/pt in Skim_TriLep_DYJets.root
2025-09-24 16:10:10,757 - INFO - [2022] MISSING_CENTRAL: SR1E2Mu/Central/electrons/1/pt in Skim_TriLep_DYJets10to50.root
2025-09-24 16:10:10,779 - INFO - [2022] MISSING_CENTRAL: SR1E2Mu/Central/electrons/1/pt in Skim_TriLep_DYGTo2LG_MLL4to50_PTG200toInf.root
2025-09-24 16:10:11,179 - INFO - [2022] MISSING_CENTRAL: SR1E2Mu/Central/electrons/1/pt in Skim_TriLep_WWW.root
2025-09-24 16:10:11,273 - INFO - [2022EE] MISSING_SYSTEMATIC: SR1E2Mu/JetEn_Down/electrons/1/pt in Skim_TriLep_DYJets.root
2025-09-24 16:10:11,280 - INFO - [2022EE] MISSING_CENTRAL: SR1E2Mu/Central/electrons/1/pt in Skim_TriLep_DYJets10to50.root
2025-09-24 16:10:11,659 - INFO - [2023] MISSING_CENTRAL: SR1E2Mu/Central/electrons/1/pt in Skim_TriLep_DYJets10to50.root
2025-09-24 16:10:12,020 - INFO - [2023BPix] MISSING_CENTRAL: SR1E2Mu/Central/electrons/1/pt in Skim_TriLep_DYJets10to50.root
2025-10-02 21:24:39,618 - INFO - [2022] MISSING_CENTRAL: SR1E2Mu/Central/electrons/1/pt in Skim_TriLep_DYJets.root
2025-10-02 21:24:39,620 - INFO - [2022] MISSING_CENTRAL: SR1E2Mu/Central/electrons/1/pt in Skim_TriLep_DYJets10to50.root
2025-10-02 21:24:39,662 - INFO - [2022] MISSING_CENTRAL: SR1E2Mu/Central/electrons/1/pt in Skim_TriLep_DYGTo2LG_MLL4to50_PTG200toInf.root
2025-10-02 21:24:39,927 - INFO - [2022] MISSING_CENTRAL: SR1E2Mu/Central/electrons/1/pt in Skim_TriLep_WWW.root
2025-10-02 21:24:40,046 - INFO - [2022EE] MISSING_SYSTEMATIC: SR1E2Mu/JetEn_Down/electrons/1/pt in Skim_TriLep_DYJets.root
2025-10-02 21:24:40,061 - INFO - [2022EE] MISSING_CENTRAL: SR1E2Mu/Central/electrons/1/pt in Skim_TriLep_DYJets10to50.root
2025-10-02 21:24:40,634 - INFO - [2023] MISSING_CENTRAL: SR1E2Mu/Central/electrons/1/pt in Skim_TriLep_DYJets10to50.root
2025-10-02 21:24:41,157 - INFO - [2023BPix] MISSING_CENTRAL: SR1E2Mu/Central/electrons/1/pt in Skim_TriLep_DYJets10to50.root
2025-10-03 00:44:16,240 - INFO - [2022] MISSING_CENTRAL: SR1E2Mu/Central/electrons/1/pt in Skim_TriLep_DYJets.root
2025-10-03 00:44:16,241 - INFO - [2022] MISSING_CENTRAL: SR1E2Mu/Central/electrons/1/pt in Skim_TriLep_DYJets10to50.root
2025-10-03 00:44:16,302 - INFO - [2022] MISSING_CENTRAL: SR1E2Mu/Central/electrons/1/pt in Skim_TriLep_DYGTo2LG_MLL4to50_PTG200toInf.root
2025-10-03 00:44:16,751 - INFO - [2022] MISSING_CENTRAL: SR1E2Mu/Central/electrons/1/pt in Skim_TriLep_WWW.root
2025-10-03 00:44:17,146 - INFO - [2022EE] MISSING_SYSTEMATIC: SR1E2Mu/JetEn_Down/electrons/1/pt in Skim_TriLep_DYJets.root
2025-10-03 00:44:17,187 - INFO - [2022EE] MISSING_CENTRAL: SR1E2Mu/Central/electrons/1/pt in Skim_TriLep_DYJets10to50.root
2025-10-03 00:44:18,139 - INFO - [2023] MISSING_CENTRAL: SR1E2Mu/Central/electrons/1/pt in Skim_TriLep_DYJets10to50.root
2025-10-03 00:44:18,943 - INFO - [2023BPix] MISSING_CENTRAL: SR1E2Mu/Central/electrons/1/pt in Skim_TriLep_DYJets10to50.root
2025-11-07 13:15:17,453 - INFO - [2022] MISSING_FILE: /home/choij/Sync/workspace/ChargedHiggsAnalysisV3/SKNanoOutput/PromptSelector/Run1E2Mu/2022/Skim_TriLep_MuonEG_C.root
2025-11-07 13:15:17,453 - INFO - [2022] MISSING_FILE: /home/choij/Sync/workspace/ChargedHiggsAnalysisV3/SKNanoOutput/PromptSelector/Run1E2Mu/2022/Skim_TriLep_MuonEG_D.root
2025-11-07 13:15:17,453 - INFO - [2022EE] MISSING_FILE: /home/choij/Sync/workspace/ChargedHiggsAnalysisV3/SKNanoOutput/PromptSelector/Run1E2Mu/2022EE/Skim_TriLep_MuonEG_E.root
2025-11-07 13:15:17,453 - INFO - [2022EE] MISSING_FILE: /home/choij/Sync/workspace/ChargedHiggsAnalysisV3/SKNanoOutput/PromptSelector/Run1E2Mu/2022EE/Skim_TriLep_MuonEG_F.root
2025-11-07 13:15:17,454 - INFO - [2022EE] MISSING_FILE: /home/choij/Sync/workspace/ChargedHiggsAnalysisV3/SKNanoOutput/PromptSelector/Run1E2Mu/2022EE/Skim_TriLep_MuonEG_G.root
2025-11-07 13:15:17,454 - INFO - [2023] MISSING_FILE: /home/choij/Sync/workspace/ChargedHiggsAnalysisV3/SKNanoOutput/PromptSelector/Run1E2Mu/2023/Skim_TriLep_MuonEG_C_v1.root
2025-11-07 13:15:17,454 - INFO - [2023] MISSING_FILE: /home/choij/Sync/workspace/ChargedHiggsAnalysisV3/SKNanoOutput/PromptSelector/Run1E2Mu/2023/Skim_TriLep_MuonEG_C_v2.root
2025-11-07 13:15:17,454 - INFO - [2023] MISSING_FILE: /home/choij/Sync/workspace/ChargedHiggsAnalysisV3/SKNanoOutput/PromptSelector/Run1E2Mu/2023/Skim_TriLep_MuonEG_C_v3.root
2025-11-07 13:15:17,454 - INFO - [2023] MISSING_FILE: /home/choij/Sync/workspace/ChargedHiggsAnalysisV3/SKNanoOutput/PromptSelector/Run1E2Mu/2023/Skim_TriLep_MuonEG_C_v4.root
2025-11-07 13:15:17,454 - INFO - [2023BPix] MISSING_FILE: /home/choij/Sync/workspace/ChargedHiggsAnalysisV3/SKNanoOutput/PromptSelector/Run1E2Mu/2023BPix/Skim_TriLep_MuonEG_D_v1.root
2025-11-07 13:15:17,454 - INFO - [2023BPix] MISSING_FILE: /home/choij/Sync/workspace/ChargedHiggsAnalysisV3/SKNanoOutput/PromptSelector/Run1E2Mu/2023BPix/Skim_TriLep_MuonEG_D_v2.root
2025-11-07 14:12:48,507 - INFO - [2022] MISSING_FILE: /home/choij/Sync/workspace/ChargedHiggsAnalysisV3/SKNanoOutput/PromptSelector/Run1E2Mu/2022/Skim_TriLep_MuonEG_C.root
2025-11-07 14:12:48,507 - INFO - [2022] MISSING_FILE: /home/choij/Sync/workspace/ChargedHiggsAnalysisV3/SKNanoOutput/PromptSelector/Run1E2Mu/2022/Skim_TriLep_MuonEG_D.root
2025-11-07 14:12:48,507 - INFO - [2022EE] MISSING_FILE: /home/choij/Sync/workspace/ChargedHiggsAnalysisV3/SKNanoOutput/PromptSelector/Run1E2Mu/2022EE/Skim_TriLep_MuonEG_E.root
2025-11-07 14:12:48,507 - INFO - [2022EE] MISSING_FILE: /home/choij/Sync/workspace/ChargedHiggsAnalysisV3/SKNanoOutput/PromptSelector/Run1E2Mu/2022EE/Skim_TriLep_MuonEG_F.root
2025-11-07 14:12:48,507 - INFO - [2022EE] MISSING_FILE: /home/choij/Sync/workspace/ChargedHiggsAnalysisV3/SKNanoOutput/PromptSelector/Run1E2Mu/2022EE/Skim_TriLep_MuonEG_G.root
2025-11-07 14:12:48,507 - INFO - [2023] MISSING_FILE: /home/choij/Sync/workspace/ChargedHiggsAnalysisV3/SKNanoOutput/PromptSelector/Run1E2Mu/2023/Skim_TriLep_MuonEG_C_v1.root
2025-11-07 14:12:48,507 - INFO - [2023] MISSING_FILE: /home/choij/Sync/workspace/ChargedHiggsAnalysisV3/SKNanoOutput/PromptSelector/Run1E2Mu/2023/Skim_TriLep_MuonEG_C_v2.root
2025-11-07 14:12:48,507 - INFO - [2023] MISSING_FILE: /home/choij/Sync/workspace/ChargedHiggsAnalysisV3/SKNanoOutput/PromptSelector/Run1E2Mu/2023/Skim_TriLep_MuonEG_C_v3.root
2025-11-07 14:12:48,507 - INFO - [2023] MISSING_FILE: /home/choij/Sync/workspace/ChargedHiggsAnalysisV3/SKNanoOutput/PromptSelector/Run1E2Mu/2023/Skim_TriLep_MuonEG_C_v4.root
2025-11-07 14:12:48,507 - INFO - [2023BPix] MISSING_FILE: /home/choij/Sync/workspace/ChargedHiggsAnalysisV3/SKNanoOutput/PromptSelector/Run1E2Mu/2023BPix/Skim_TriLep_MuonEG_D_v1.root
2025-11-07 14:12:48,507 - INFO - [2023BPix] MISSING_FILE: /home/choij/Sync/workspace/ChargedHiggsAnalysisV3/SKNanoOutput/PromptSelector/Run1E2Mu/2023BPix/Skim_TriLep_MuonEG_D_v2.root
2025-11-10 12:29:30,644 - INFO - [2022] MISSING_CENTRAL: SR1E2Mu/Central/electrons/1/pt in Skim_TriLep_DYJets.root
2025-11-10 12:29:30,644 - INFO - [2022] MISSING_CENTRAL: SR1E2Mu/Central/electrons/1/pt in Skim_TriLep_DYJets10to50.root
2025-11-10 12:29:30,671 - INFO - [2022] MISSING_CENTRAL: SR1E2Mu/Central/electrons/1/pt in Skim_TriLep_DYGTo2LG_MLL4to50_PTG200toInf.root
2025-11-10 12:29:30,833 - INFO - [2022] MISSING_CENTRAL: SR1E2Mu/Central/electrons/1/pt in Skim_TriLep_WWW.root
2025-11-10 12:29:30,908 - INFO - [2022EE] MISSING_SYSTEMATIC: SR1E2Mu/JetEn_Down/electrons/1/pt in Skim_TriLep_DYJets.root
2025-11-10 12:29:30,919 - INFO - [2022EE] MISSING_CENTRAL: SR1E2Mu/Central/electrons/1/pt in Skim_TriLep_DYJets10to50.root
2025-11-10 12:29:31,242 - INFO - [2023] MISSING_CENTRAL: SR1E2Mu/Central/electrons/1/pt in Skim_TriLep_DYJets10to50.root
2025-11-10 12:29:31,595 - INFO - [2023BPix] MISSING_CENTRAL: SR1E2Mu/Central/electrons/1/pt in Skim_TriLep_DYJets10to50.root
2025-11-13 11:19:55,479 - INFO - [2022] MISSING_CENTRAL: SR1E2Mu/Central/electrons/1/pt in Skim_TriLep_DYJets.root
2025-11-13 11:19:55,480 - INFO - [2022] MISSING_CENTRAL: SR1E2Mu/Central/electrons/1/pt in Skim_TriLep_DYJets10to50.root
2025-11-13 11:19:55,524 - INFO - [2022] MISSING_CENTRAL: SR1E2Mu/Central/electrons/1/pt in Skim_TriLep_DYGTo2LG_MLL4to50_PTG200toInf.root
2025-11-13 11:19:55,865 - INFO - [2022] MISSING_CENTRAL: SR1E2Mu/Central/electrons/1/pt in Skim_TriLep_WWW.root
2025-11-13 11:19:55,993 - INFO - [2022EE] MISSING_SYSTEMATIC: SR1E2Mu/JetEn_Down/electrons/1/pt in Skim_TriLep_DYJets.root
2025-11-13 11:19:56,009 - INFO - [2022EE] MISSING_CENTRAL: SR1E2Mu/Central/electrons/1/pt in Skim_TriLep_DYJets10to50.root
2025-11-13 11:19:56,523 - INFO - [2023] MISSING_CENTRAL: SR1E2Mu/Central/electrons/1/pt in Skim_TriLep_DYJets10to50.root
2025-11-13 11:19:57,090 - INFO - [2023BPix] MISSING_CENTRAL: SR1E2Mu/Central/electrons/1/pt in Skim_TriLep_DYJets10to50.root
2025-11-19 16:31:57,949 - INFO - [2022] MISSING_CENTRAL: SR1E2Mu/Central/electrons/1/pt in Skim_TriLep_DYJets.root
2025-11-19 16:31:57,949 - INFO - [2022] MISSING_CENTRAL: SR1E2Mu/Central/electrons/1/pt in Skim_TriLep_DYJets10to50.root
2025-11-19 16:31:57,975 - INFO - [2022] MISSING_CENTRAL: SR1E2Mu/Central/electrons/1/pt in Skim_TriLep_DYGTo2LG_MLL4to50_PTG200toInf.root
2025-11-19 16:31:58,136 - INFO - [2022] MISSING_CENTRAL: SR1E2Mu/Central/electrons/1/pt in Skim_TriLep_WWW.root
2025-11-19 16:31:58,210 - INFO - [2022EE] MISSING_SYSTEMATIC: SR1E2Mu/JetEn_Down/electrons/1/pt in Skim_TriLep_DYJets.root
2025-11-19 16:31:58,220 - INFO - [2022EE] MISSING_CENTRAL: SR1E2Mu/Central/electrons/1/pt in Skim_TriLep_DYJets10to50.root
2025-11-19 16:31:58,522 - INFO - [2023] MISSING_CENTRAL: SR1E2Mu/Central/electrons/1/pt in Skim_TriLep_DYJets10to50.root
2025-11-19 16:31:58,877 - INFO - [2023BPix] MISSING_CENTRAL: SR1E2Mu/Central/electrons/1/pt in Skim_TriLep_DYJets10to50.root
2025-12-17 22:46:57,078 - INFO - [2022] MISSING_CENTRAL: SR1E2Mu/Central/electrons/1/pt in Skim_TriLep_DYJets10to50.root
2025-12-17 22:46:57,292 - INFO - [2022] MISSING_CENTRAL: SR1E2Mu/Central/electrons/1/pt in Skim_TriLep_WWW.root
2025-12-17 22:46:57,434 - INFO - [2022EE] MISSING_CENTRAL: SR1E2Mu/Central/electrons/1/pt in Skim_TriLep_DYJets10to50.root
2025-12-17 22:46:57,824 - INFO - [2023] MISSING_CENTRAL: SR1E2Mu/Central/electrons/1/pt in Skim_TriLep_DYJets10to50.root
2025-12-17 22:46:58,212 - INFO - [2023BPix] MISSING_CENTRAL: SR1E2Mu/Central/electrons/1/pt in Skim_TriLep_DYJets10to50.root
2025-12-18 14:48:49,900 - INFO - [2022] MISSING_CENTRAL: SR1E2Mu/Central/electrons/1/pt in Skim_TriLep_DYJets10to50.root
2025-12-18 14:48:50,206 - INFO - [2022] MISSING_CENTRAL: SR1E2Mu/Central/electrons/1/pt in Skim_TriLep_WWW.root
2025-12-18 14:48:50,348 - INFO - [2022EE] MISSING_CENTRAL: SR1E2Mu/Central/electrons/1/pt in Skim_TriLep_DYJets10to50.root
2025-12-18 14:48:50,802 - INFO - [2023] MISSING_CENTRAL: SR1E2Mu/Central/electrons/1/pt in Skim_TriLep_DYJets10to50.root
2025-12-18 14:48:51,295 - INFO - [2023BPix] MISSING_CENTRAL: SR1E2Mu/Central/electrons/1/pt in Skim_TriLep_DYJets10to50.root
