2025-09-24 16:10:10,934 - INFO - [2022] MISSING_CENTRAL: SR1E2Mu/Central/electrons/1/eta in Skim_TriLep_DYJets.root
2025-09-24 16:10:10,954 - INFO - [2022] MISSING_CENTRAL: SR1E2Mu/Central/electrons/1/eta in Skim_TriLep_DYJets10to50.root
2025-09-24 16:10:10,971 - INFO - [2022] MISSING_CENTRAL: SR1E2Mu/Central/electrons/1/eta in Skim_TriLep_DYGTo2LG_MLL4to50_PTG200toInf.root
2025-09-24 16:10:11,217 - INFO - [2022] MISSING_CENTRAL: SR1E2Mu/Central/electrons/1/eta in Skim_TriLep_WWW.root
2025-09-24 16:10:11,267 - INFO - [2022EE] MISSING_SYSTEMATIC: SR1E2Mu/JetEn_Down/electrons/1/eta in Skim_TriLep_DYJets.root
2025-09-24 16:10:11,270 - INFO - [2022EE] MISSING_CENTRAL: SR1E2Mu/Central/electrons/1/eta in Skim_TriLep_DYJets10to50.root
2025-09-24 16:10:11,528 - INFO - [2023] MISSING_CENTRAL: SR1E2Mu/Central/electrons/1/eta in Skim_TriLep_DYJets10to50.root
2025-09-24 16:10:11,886 - INFO - [2023BPix] MISSING_CENTRAL: SR1E2Mu/Central/electrons/1/eta in Skim_TriLep_DYJets10to50.root
2025-10-02 21:24:39,811 - INFO - [2022] MISSING_CENTRAL: SR1E2Mu/Central/electrons/1/eta in Skim_TriLep_DYJets.root
2025-10-02 21:24:39,812 - INFO - [2022] MISSING_CENTRAL: SR1E2Mu/Central/electrons/1/eta in Skim_TriLep_DYJets10to50.root
2025-10-02 21:24:39,839 - INFO - [2022] MISSING_CENTRAL: SR1E2Mu/Central/electrons/1/eta in Skim_TriLep_DYGTo2LG_MLL4to50_PTG200toInf.root
2025-10-02 21:24:39,979 - INFO - [2022] MISSING_CENTRAL: SR1E2Mu/Central/electrons/1/eta in Skim_TriLep_WWW.root
2025-10-02 21:24:40,044 - INFO - [2022EE] MISSING_SYSTEMATIC: SR1E2Mu/JetEn_Down/electrons/1/eta in Skim_TriLep_DYJets.root
2025-10-02 21:24:40,051 - INFO - [2022EE] MISSING_CENTRAL: SR1E2Mu/Central/electrons/1/eta in Skim_TriLep_DYJets10to50.root
2025-10-02 21:24:40,313 - INFO - [2023] MISSING_CENTRAL: SR1E2Mu/Central/electrons/1/eta in Skim_TriLep_DYJets10to50.root
2025-10-02 21:24:40,609 - INFO - [2023BPix] MISSING_CENTRAL: SR1E2Mu/Central/electrons/1/eta in Skim_TriLep_DYJets10to50.root
2025-10-03 00:44:17,647 - INFO - [2022] MISSING_CENTRAL: SR1E2Mu/Central/electrons/1/eta in Skim_TriLep_DYJets.root
2025-10-03 00:44:17,648 - INFO - [2022] MISSING_CENTRAL: SR1E2Mu/Central/electrons/1/eta in Skim_TriLep_DYJets10to50.root
2025-10-03 00:44:17,675 - INFO - [2022] MISSING_CENTRAL: SR1E2Mu/Central/electrons/1/eta in Skim_TriLep_DYGTo2LG_MLL4to50_PTG200toInf.root
2025-10-03 00:44:17,840 - INFO - [2022] MISSING_CENTRAL: SR1E2Mu/Central/electrons/1/eta in Skim_TriLep_WWW.root
2025-10-03 00:44:17,916 - INFO - [2022EE] MISSING_SYSTEMATIC: SR1E2Mu/JetEn_Down/electrons/1/eta in Skim_TriLep_DYJets.root
2025-10-03 00:44:17,928 - INFO - [2022EE] MISSING_CENTRAL: SR1E2Mu/Central/electrons/1/eta in Skim_TriLep_DYJets10to50.root
2025-10-03 00:44:18,255 - INFO - [2023] MISSING_CENTRAL: SR1E2Mu/Central/electrons/1/eta in Skim_TriLep_DYJets10to50.root
2025-10-03 00:44:18,630 - INFO - [2023BPix] MISSING_CENTRAL: SR1E2Mu/Central/electrons/1/eta in Skim_TriLep_DYJets10to50.root
2025-11-07 13:15:17,430 - INFO - [2022] MISSING_FILE: /home/choij/Sync/workspace/ChargedHiggsAnalysisV3/SKNanoOutput/PromptSelector/Run1E2Mu/2022/Skim_TriLep_MuonEG_C.root
2025-11-07 13:15:17,430 - INFO - [2022] MISSING_FILE: /home/choij/Sync/workspace/ChargedHiggsAnalysisV3/SKNanoOutput/PromptSelector/Run1E2Mu/2022/Skim_TriLep_MuonEG_D.root
2025-11-07 13:15:17,430 - INFO - [2022EE] MISSING_FILE: /home/choij/Sync/workspace/ChargedHiggsAnalysisV3/SKNanoOutput/PromptSelector/Run1E2Mu/2022EE/Skim_TriLep_MuonEG_E.root
2025-11-07 13:15:17,430 - INFO - [2022EE] MISSING_FILE: /home/choij/Sync/workspace/ChargedHiggsAnalysisV3/SKNanoOutput/PromptSelector/Run1E2Mu/2022EE/Skim_TriLep_MuonEG_F.root
2025-11-07 13:15:17,431 - INFO - [2022EE] MISSING_FILE: /home/choij/Sync/workspace/ChargedHiggsAnalysisV3/SKNanoOutput/PromptSelector/Run1E2Mu/2022EE/Skim_TriLep_MuonEG_G.root
2025-11-07 13:15:17,431 - INFO - [2023] MISSING_FILE: /home/choij/Sync/workspace/ChargedHiggsAnalysisV3/SKNanoOutput/PromptSelector/Run1E2Mu/2023/Skim_TriLep_MuonEG_C_v1.root
2025-11-07 13:15:17,431 - INFO - [2023] MISSING_FILE: /home/choij/Sync/workspace/ChargedHiggsAnalysisV3/SKNanoOutput/PromptSelector/Run1E2Mu/2023/Skim_TriLep_MuonEG_C_v2.root
2025-11-07 13:15:17,431 - INFO - [2023] MISSING_FILE: /home/choij/Sync/workspace/ChargedHiggsAnalysisV3/SKNanoOutput/PromptSelector/Run1E2Mu/2023/Skim_TriLep_MuonEG_C_v3.root
2025-11-07 13:15:17,431 - INFO - [2023] MISSING_FILE: /home/choij/Sync/workspace/ChargedHiggsAnalysisV3/SKNanoOutput/PromptSelector/Run1E2Mu/2023/Skim_TriLep_MuonEG_C_v4.root
2025-11-07 13:15:17,431 - INFO - [2023BPix] MISSING_FILE: /home/choij/Sync/workspace/ChargedHiggsAnalysisV3/SKNanoOutput/PromptSelector/Run1E2Mu/2023BPix/Skim_TriLep_MuonEG_D_v1.root
2025-11-07 13:15:17,431 - INFO - [2023BPix] MISSING_FILE: /home/choij/Sync/workspace/ChargedHiggsAnalysisV3/SKNanoOutput/PromptSelector/Run1E2Mu/2023BPix/Skim_TriLep_MuonEG_D_v2.root
2025-11-07 14:12:48,412 - INFO - [2022] MISSING_FILE: /home/choij/Sync/workspace/ChargedHiggsAnalysisV3/SKNanoOutput/PromptSelector/Run1E2Mu/2022/Skim_TriLep_MuonEG_C.root
2025-11-07 14:12:48,417 - INFO - [2022] MISSING_FILE: /home/choij/Sync/workspace/ChargedHiggsAnalysisV3/SKNanoOutput/PromptSelector/Run1E2Mu/2022/Skim_TriLep_MuonEG_D.root
2025-11-07 14:12:48,418 - INFO - [2022EE] MISSING_FILE: /home/choij/Sync/workspace/ChargedHiggsAnalysisV3/SKNanoOutput/PromptSelector/Run1E2Mu/2022EE/Skim_TriLep_MuonEG_E.root
2025-11-07 14:12:48,418 - INFO - [2022EE] MISSING_FILE: /home/choij/Sync/workspace/ChargedHiggsAnalysisV3/SKNanoOutput/PromptSelector/Run1E2Mu/2022EE/Skim_TriLep_MuonEG_F.root
2025-11-07 14:12:48,418 - INFO - [2022EE] MISSING_FILE: /home/choij/Sync/workspace/ChargedHiggsAnalysisV3/SKNanoOutput/PromptSelector/Run1E2Mu/2022EE/Skim_TriLep_MuonEG_G.root
2025-11-07 14:12:48,418 - INFO - [2023] MISSING_FILE: /home/choij/Sync/workspace/ChargedHiggsAnalysisV3/SKNanoOutput/PromptSelector/Run1E2Mu/2023/Skim_TriLep_MuonEG_C_v1.root
2025-11-07 14:12:48,418 - INFO - [2023] MISSING_FILE: /home/choij/Sync/workspace/ChargedHiggsAnalysisV3/SKNanoOutput/PromptSelector/Run1E2Mu/2023/Skim_TriLep_MuonEG_C_v2.root
2025-11-07 14:12:48,418 - INFO - [2023] MISSING_FILE: /home/choij/Sync/workspace/ChargedHiggsAnalysisV3/SKNanoOutput/PromptSelector/Run1E2Mu/2023/Skim_TriLep_MuonEG_C_v3.root
2025-11-07 14:12:48,418 - INFO - [2023] MISSING_FILE: /home/choij/Sync/workspace/ChargedHiggsAnalysisV3/SKNanoOutput/PromptSelector/Run1E2Mu/2023/Skim_TriLep_MuonEG_C_v4.root
2025-11-07 14:12:48,418 - INFO - [2023BPix] MISSING_FILE: /home/choij/Sync/workspace/ChargedHiggsAnalysisV3/SKNanoOutput/PromptSelector/Run1E2Mu/2023BPix/Skim_TriLep_MuonEG_D_v1.root
2025-11-07 14:12:48,418 - INFO - [2023BPix] MISSING_FILE: /home/choij/Sync/workspace/ChargedHiggsAnalysisV3/SKNanoOutput/PromptSelector/Run1E2Mu/2023BPix/Skim_TriLep_MuonEG_D_v2.root
2025-11-10 12:29:30,677 - INFO - [2022] MISSING_CENTRAL: SR1E2Mu/Central/electrons/1/eta in Skim_TriLep_DYJets.root
2025-11-10 12:29:30,677 - INFO - [2022] MISSING_CENTRAL: SR1E2Mu/Central/electrons/1/eta in Skim_TriLep_DYJets10to50.root
2025-11-10 12:29:30,694 - INFO - [2022] MISSING_CENTRAL: SR1E2Mu/Central/electrons/1/eta in Skim_TriLep_DYGTo2LG_MLL4to50_PTG200toInf.root
2025-11-10 12:29:30,777 - INFO - [2022] MISSING_CENTRAL: SR1E2Mu/Central/electrons/1/eta in Skim_TriLep_WWW.root
2025-11-10 12:29:30,820 - INFO - [2022EE] MISSING_SYSTEMATIC: SR1E2Mu/JetEn_Down/electrons/1/eta in Skim_TriLep_DYJets.root
2025-11-10 12:29:30,825 - INFO - [2022EE] MISSING_CENTRAL: SR1E2Mu/Central/electrons/1/eta in Skim_TriLep_DYJets10to50.root
2025-11-10 12:29:30,998 - INFO - [2023] MISSING_CENTRAL: SR1E2Mu/Central/electrons/1/eta in Skim_TriLep_DYJets10to50.root
2025-11-10 12:29:31,196 - INFO - [2023BPix] MISSING_CENTRAL: SR1E2Mu/Central/electrons/1/eta in Skim_TriLep_DYJets10to50.root
2025-11-13 11:19:55,509 - INFO - [2022] MISSING_CENTRAL: SR1E2Mu/Central/electrons/1/eta in Skim_TriLep_DYJets.root
2025-11-13 11:19:55,510 - INFO - [2022] MISSING_CENTRAL: SR1E2Mu/Central/electrons/1/eta in Skim_TriLep_DYJets10to50.root
2025-11-13 11:19:55,538 - INFO - [2022] MISSING_CENTRAL: SR1E2Mu/Central/electrons/1/eta in Skim_TriLep_DYGTo2LG_MLL4to50_PTG200toInf.root
2025-11-13 11:19:55,695 - INFO - [2022] MISSING_CENTRAL: SR1E2Mu/Central/electrons/1/eta in Skim_TriLep_WWW.root
2025-11-13 11:19:55,768 - INFO - [2022EE] MISSING_SYSTEMATIC: SR1E2Mu/JetEn_Down/electrons/1/eta in Skim_TriLep_DYJets.root
2025-11-13 11:19:55,776 - INFO - [2022EE] MISSING_CENTRAL: SR1E2Mu/Central/electrons/1/eta in Skim_TriLep_DYJets10to50.root
2025-11-13 11:19:56,070 - INFO - [2023] MISSING_CENTRAL: SR1E2Mu/Central/electrons/1/eta in Skim_TriLep_DYJets10to50.root
2025-11-13 11:19:56,405 - INFO - [2023BPix] MISSING_CENTRAL: SR1E2Mu/Central/electrons/1/eta in Skim_TriLep_DYJets10to50.root
2025-11-19 16:31:57,951 - INFO - [2022] MISSING_CENTRAL: SR1E2Mu/Central/electrons/1/eta in Skim_TriLep_DYJets.root
2025-11-19 16:31:57,952 - INFO - [2022] MISSING_CENTRAL: SR1E2Mu/Central/electrons/1/eta in Skim_TriLep_DYJets10to50.root
2025-11-19 16:31:57,968 - INFO - [2022] MISSING_CENTRAL: SR1E2Mu/Central/electrons/1/eta in Skim_TriLep_DYGTo2LG_MLL4to50_PTG200toInf.root
2025-11-19 16:31:58,051 - INFO - [2022] MISSING_CENTRAL: SR1E2Mu/Central/electrons/1/eta in Skim_TriLep_WWW.root
2025-11-19 16:31:58,091 - INFO - [2022EE] MISSING_SYSTEMATIC: SR1E2Mu/JetEn_Down/electrons/1/eta in Skim_TriLep_DYJets.root
2025-11-19 16:31:58,095 - INFO - [2022EE] MISSING_CENTRAL: SR1E2Mu/Central/electrons/1/eta in Skim_TriLep_DYJets10to50.root
2025-11-19 16:31:58,252 - INFO - [2023] MISSING_CENTRAL: SR1E2Mu/Central/electrons/1/eta in Skim_TriLep_DYJets10to50.root
2025-11-19 16:31:58,431 - INFO - [2023BPix] MISSING_CENTRAL: SR1E2Mu/Central/electrons/1/eta in Skim_TriLep_DYJets10to50.root
2025-12-17 22:46:57,135 - INFO - [2022] MISSING_CENTRAL: SR1E2Mu/Central/electrons/1/eta in Skim_TriLep_DYJets10to50.root
2025-12-17 22:46:57,244 - INFO - [2022] MISSING_CENTRAL: SR1E2Mu/Central/electrons/1/eta in Skim_TriLep_WWW.root
2025-12-17 22:46:57,316 - INFO - [2022EE] MISSING_CENTRAL: SR1E2Mu/Central/electrons/1/eta in Skim_TriLep_DYJets10to50.root
2025-12-17 22:46:57,525 - INFO - [2023] MISSING_CENTRAL: SR1E2Mu/Central/electrons/1/eta in Skim_TriLep_DYJets10to50.root
2025-12-17 22:46:57,735 - INFO - [2023BPix] MISSING_CENTRAL: SR1E2Mu/Central/electrons/1/eta in Skim_TriLep_DYJets10to50.root
2025-12-18 14:48:49,656 - INFO - [2022] MISSING_CENTRAL: SR1E2Mu/Central/electrons/1/eta in Skim_TriLep_DYJets10to50.root
2025-12-18 14:48:49,803 - INFO - [2022] MISSING_CENTRAL: SR1E2Mu/Central/electrons/1/eta in Skim_TriLep_WWW.root
2025-12-18 14:48:49,924 - INFO - [2022EE] MISSING_CENTRAL: SR1E2Mu/Central/electrons/1/eta in Skim_TriLep_DYJets10to50.root
2025-12-18 14:48:50,317 - INFO - [2023] MISSING_CENTRAL: SR1E2Mu/Central/electrons/1/eta in Skim_TriLep_DYJets10to50.root
2025-12-18 14:48:50,563 - INFO - [2023BPix] MISSING_CENTRAL: SR1E2Mu/Central/electrons/1/eta in Skim_TriLep_DYJets10to50.root
2026-01-07 11:57:07,701 - INFO - [2022] MISSING_CENTRAL: SR1E2Mu/Central/electrons/1/eta in Skim_TriLep_DYJets10to50.root
2026-01-07 11:57:07,822 - INFO - [2022] MISSING_CENTRAL: SR1E2Mu/Central/electrons/1/eta in Skim_TriLep_WWW.root
2026-01-07 11:57:07,901 - INFO - [2022EE] MISSING_CENTRAL: SR1E2Mu/Central/electrons/1/eta in Skim_TriLep_DYJets10to50.root
2026-01-07 11:57:08,118 - INFO - [2023] MISSING_CENTRAL: SR1E2Mu/Central/electrons/1/eta in Skim_TriLep_DYJets10to50.root
2026-01-07 11:57:08,338 - INFO - [2023BPix] MISSING_CENTRAL: SR1E2Mu/Central/electrons/1/eta in Skim_TriLep_DYJets10to50.root
2026-01-07 18:53:46,135 - INFO - [2022] MISSING_CENTRAL: SR1E2Mu/Central/electrons/1/eta in Skim_TriLep_DYJets10to50.root
2026-01-07 18:53:46,245 - INFO - [2022] MISSING_CENTRAL: SR1E2Mu/Central/electrons/1/eta in Skim_TriLep_WWW.root
2026-01-07 18:53:46,319 - INFO - [2022EE] MISSING_CENTRAL: SR1E2Mu/Central/electrons/1/eta in Skim_TriLep_DYJets10to50.root
2026-01-07 18:53:46,530 - INFO - [2023] MISSING_CENTRAL: SR1E2Mu/Central/electrons/1/eta in Skim_TriLep_DYJets10to50.root
2026-01-07 18:53:46,740 - INFO - [2023BPix] MISSING_CENTRAL: SR1E2Mu/Central/electrons/1/eta in Skim_TriLep_DYJets10to50.root
2026-01-07 19:31:37,915 - INFO - [2022] MISSING_CENTRAL: SR1E2Mu/Central/electrons/1/eta in Skim_TriLep_DYJets10to50.root
2026-01-07 19:31:38,026 - INFO - [2022] MISSING_CENTRAL: SR1E2Mu/Central/electrons/1/eta in Skim_TriLep_WWW.root
2026-01-07 19:31:38,100 - INFO - [2022EE] MISSING_CENTRAL: SR1E2Mu/Central/electrons/1/eta in Skim_TriLep_DYJets10to50.root
2026-01-07 19:31:38,309 - INFO - [2023] MISSING_CENTRAL: SR1E2Mu/Central/electrons/1/eta in Skim_TriLep_DYJets10to50.root
2026-01-07 19:31:38,520 - INFO - [2023BPix] MISSING_CENTRAL: SR1E2Mu/Central/electrons/1/eta in Skim_TriLep_DYJets10to50.root
2026-01-09 12:29:02,895 - INFO - [2022] MISSING_CENTRAL: SR1E2Mu/Central/electrons/1/eta in Skim_TriLep_DYJets10to50.root
2026-01-09 12:29:02,965 - INFO - [2022] MISSING_CENTRAL: SR1E2Mu/Central/electrons/1/eta in Skim_TriLep_WWW.root
2026-01-09 12:29:03,017 - INFO - [2022EE] MISSING_CENTRAL: SR1E2Mu/Central/electrons/1/eta in Skim_TriLep_DYJets10to50.root
2026-01-09 12:29:03,139 - INFO - [2023] MISSING_CENTRAL: SR1E2Mu/Central/electrons/1/eta in Skim_TriLep_DYJets10to50.root
2026-01-09 12:29:03,263 - INFO - [2023BPix] MISSING_CENTRAL: SR1E2Mu/Central/electrons/1/eta in Skim_TriLep_DYJets10to50.root
2026-01-11 09:49:02,770 - INFO - [2022] MISSING_CENTRAL: SR1E2Mu/Central/electrons/1/eta in Skim_TriLep_DYJets10to50.root
2026-01-11 09:49:02,838 - INFO - [2022] MISSING_CENTRAL: SR1E2Mu/Central/electrons/1/eta in Skim_TriLep_WWW.root
2026-01-11 09:49:02,882 - INFO - [2022EE] MISSING_CENTRAL: SR1E2Mu/Central/electrons/1/eta in Skim_TriLep_DYJets10to50.root
2026-01-11 09:49:03,002 - INFO - [2023] MISSING_CENTRAL: SR1E2Mu/Central/electrons/1/eta in Skim_TriLep_DYJets10to50.root
2026-01-11 09:49:03,126 - INFO - [2023BPix] MISSING_CENTRAL: SR1E2Mu/Central/electrons/1/eta in Skim_TriLep_DYJets10to50.root
2026-01-12 13:57:59,446 - INFO - [2022] MISSING_FILE: /home/choij/Sync/workspace/ChargedHiggsAnalysisV3/SKNanoOutput/MatrixSelector/Run1E2Mu/2022/Skim_TriLep_MuonEG_C.root
2026-01-12 13:57:59,448 - INFO - [2022] MISSING_FILE: /home/choij/Sync/workspace/ChargedHiggsAnalysisV3/SKNanoOutput/MatrixSelector/Run1E2Mu/2022/Skim_TriLep_MuonEG_D.root
2026-01-12 13:57:59,472 - INFO - [2022] MISSING_CENTRAL: SR1E2Mu/Central/electrons/1/eta in Skim_TriLep_DYJets10to50.root
2026-01-12 13:57:59,540 - INFO - [2022] MISSING_CENTRAL: SR1E2Mu/Central/electrons/1/eta in Skim_TriLep_WWW.root
2026-01-12 13:57:59,577 - INFO - [2022EE] MISSING_FILE: /home/choij/Sync/workspace/ChargedHiggsAnalysisV3/SKNanoOutput/MatrixSelector/Run1E2Mu/2022EE/Skim_TriLep_MuonEG_E.root
2026-01-12 13:57:59,577 - INFO - [2022EE] MISSING_FILE: /home/choij/Sync/workspace/ChargedHiggsAnalysisV3/SKNanoOutput/MatrixSelector/Run1E2Mu/2022EE/Skim_TriLep_MuonEG_F.root
2026-01-12 13:57:59,577 - INFO - [2022EE] MISSING_FILE: /home/choij/Sync/workspace/ChargedHiggsAnalysisV3/SKNanoOutput/MatrixSelector/Run1E2Mu/2022EE/Skim_TriLep_MuonEG_G.root
2026-01-12 13:57:59,584 - INFO - [2022EE] MISSING_CENTRAL: SR1E2Mu/Central/electrons/1/eta in Skim_TriLep_DYJets10to50.root
2026-01-12 13:57:59,699 - INFO - [2023] MISSING_FILE: /home/choij/Sync/workspace/ChargedHiggsAnalysisV3/SKNanoOutput/MatrixSelector/Run1E2Mu/2023/Skim_TriLep_MuonEG_C_v1.root
2026-01-12 13:57:59,699 - INFO - [2023] MISSING_FILE: /home/choij/Sync/workspace/ChargedHiggsAnalysisV3/SKNanoOutput/MatrixSelector/Run1E2Mu/2023/Skim_TriLep_MuonEG_C_v2.root
2026-01-12 13:57:59,699 - INFO - [2023] MISSING_FILE: /home/choij/Sync/workspace/ChargedHiggsAnalysisV3/SKNanoOutput/MatrixSelector/Run1E2Mu/2023/Skim_TriLep_MuonEG_C_v3.root
2026-01-12 13:57:59,699 - INFO - [2023] MISSING_FILE: /home/choij/Sync/workspace/ChargedHiggsAnalysisV3/SKNanoOutput/MatrixSelector/Run1E2Mu/2023/Skim_TriLep_MuonEG_C_v4.root
2026-01-12 13:57:59,707 - INFO - [2023] MISSING_CENTRAL: SR1E2Mu/Central/electrons/1/eta in Skim_TriLep_DYJets10to50.root
2026-01-12 13:57:59,829 - INFO - [2023BPix] MISSING_FILE: /home/choij/Sync/workspace/ChargedHiggsAnalysisV3/SKNanoOutput/MatrixSelector/Run1E2Mu/2023BPix/Skim_TriLep_MuonEG_D_v1.root
2026-01-12 13:57:59,829 - INFO - [2023BPix] MISSING_FILE: /home/choij/Sync/workspace/ChargedHiggsAnalysisV3/SKNanoOutput/MatrixSelector/Run1E2Mu/2023BPix/Skim_TriLep_MuonEG_D_v2.root
2026-01-12 13:57:59,837 - INFO - [2023BPix] MISSING_CENTRAL: SR1E2Mu/Central/electrons/1/eta in Skim_TriLep_DYJets10to50.root
2026-01-16 19:12:32,125 - INFO - [2022] MISSING_CENTRAL: SR1E2Mu/Central/electrons/1/eta in Skim_TriLep_DYJets10to50.root
2026-01-16 19:12:32,194 - INFO - [2022] MISSING_CENTRAL: SR1E2Mu/Central/electrons/1/eta in Skim_TriLep_WWW.root
2026-01-16 19:12:32,240 - INFO - [2022EE] MISSING_CENTRAL: SR1E2Mu/Central/electrons/1/eta in Skim_TriLep_DYJets10to50.root
2026-01-16 19:12:32,371 - INFO - [2023] MISSING_CENTRAL: SR1E2Mu/Central/electrons/1/eta in Skim_TriLep_DYJets10to50.root
2026-01-16 19:12:32,507 - INFO - [2023BPix] MISSING_CENTRAL: SR1E2Mu/Central/electrons/1/eta in Skim_TriLep_DYJets10to50.root
2026-01-21 13:01:49,212 - INFO - [2022] MISSING_CENTRAL: SR1E2Mu/Central/electrons/1/eta in Skim_TriLep_DYJets10to50.root
2026-01-21 13:01:49,500 - INFO - [2022] MISSING_CENTRAL: SR1E2Mu/Central/electrons/1/eta in Skim_TriLep_WWW.root
2026-01-21 13:01:49,701 - INFO - [2022EE] MISSING_CENTRAL: SR1E2Mu/Central/electrons/1/eta in Skim_TriLep_DYJets10to50.root
2026-01-21 13:01:50,271 - INFO - [2023] MISSING_CENTRAL: SR1E2Mu/Central/electrons/1/eta in Skim_TriLep_DYJets10to50.root
2026-01-21 13:01:50,826 - INFO - [2023BPix] MISSING_CENTRAL: SR1E2Mu/Central/electrons/1/eta in Skim_TriLep_DYJets10to50.root
2026-01-21 14:50:19,040 - INFO - [2022] MISSING_CENTRAL: SR1E2Mu/Central/electrons/1/eta in Skim_TriLep_DYJets10to50.root
2026-01-21 14:50:19,116 - INFO - [2022] MISSING_CENTRAL: SR1E2Mu/Central/electrons/1/eta in Skim_TriLep_WWW.root
2026-01-21 14:50:19,163 - INFO - [2022EE] MISSING_CENTRAL: SR1E2Mu/Central/electrons/1/eta in Skim_TriLep_DYJets10to50.root
2026-01-21 14:50:19,290 - INFO - [2023] MISSING_CENTRAL: SR1E2Mu/Central/electrons/1/eta in Skim_TriLep_DYJets10to50.root
2026-01-21 14:50:19,430 - INFO - [2023BPix] MISSING_CENTRAL: SR1E2Mu/Central/electrons/1/eta in Skim_TriLep_DYJets10to50.root
