2025-09-24 16:10:19,918 - INFO - [2022] MISSING_CENTRAL: SR1E2Mu/Central/jets/2/eta in Skim_TriLep_DYJets.root
2025-09-24 16:10:19,918 - INFO - [2022] MISSING_CENTRAL: SR1E2Mu/Central/jets/2/eta in Skim_TriLep_DYJets10to50.root
2025-09-24 16:10:19,928 - INFO - [2022] MISSING_CENTRAL: SR1E2Mu/Central/jets/2/eta in Skim_TriLep_DYGTo2LG_MLL4to50_PTG200toInf.root
2025-09-24 16:10:20,173 - INFO - [2022] MISSING_CENTRAL: SR1E2Mu/Central/jets/2/eta in Skim_TriLep_WWW.root
2025-09-24 16:10:20,219 - INFO - [2022EE] MISSING_SYSTEMATIC: SR1E2Mu/JetEn_Down/jets/2/eta in Skim_TriLep_DYJets.root
2025-09-24 16:10:20,221 - INFO - [2022EE] MISSING_CENTRAL: SR1E2Mu/Central/jets/2/eta in Skim_TriLep_DYJets10to50.root
2025-09-24 16:10:20,388 - INFO - [2023] MISSING_CENTRAL: SR1E2Mu/Central/jets/2/eta in Skim_TriLep_DYJets10to50.root
2025-09-24 16:10:20,583 - INFO - [2023BPix] MISSING_CENTRAL: SR1E2Mu/Central/jets/2/eta in Skim_TriLep_DYJets10to50.root
2025-10-02 21:24:39,708 - INFO - [2022] MISSING_CENTRAL: SR1E2Mu/Central/jets/2/eta in Skim_TriLep_DYJets.root
2025-10-02 21:24:39,709 - INFO - [2022] MISSING_CENTRAL: SR1E2Mu/Central/jets/2/eta in Skim_TriLep_DYJets10to50.root
2025-10-02 21:24:39,736 - INFO - [2022] MISSING_CENTRAL: SR1E2Mu/Central/jets/2/eta in Skim_TriLep_DYGTo2LG_MLL4to50_PTG200toInf.root
2025-10-02 21:24:39,883 - INFO - [2022] MISSING_CENTRAL: SR1E2Mu/Central/jets/2/eta in Skim_TriLep_WWW.root
2025-10-02 21:24:39,956 - INFO - [2022EE] MISSING_SYSTEMATIC: SR1E2Mu/JetEn_Down/jets/2/eta in Skim_TriLep_DYJets.root
2025-10-02 21:24:39,962 - INFO - [2022EE] MISSING_CENTRAL: SR1E2Mu/Central/jets/2/eta in Skim_TriLep_DYJets10to50.root
2025-10-02 21:24:40,224 - INFO - [2023] MISSING_CENTRAL: SR1E2Mu/Central/jets/2/eta in Skim_TriLep_DYJets10to50.root
2025-10-02 21:24:40,527 - INFO - [2023BPix] MISSING_CENTRAL: SR1E2Mu/Central/jets/2/eta in Skim_TriLep_DYJets10to50.root
2025-10-03 00:44:31,994 - INFO - [2022] MISSING_CENTRAL: SR1E2Mu/Central/jets/2/eta in Skim_TriLep_DYJets.root
2025-10-03 00:44:31,995 - INFO - [2022] MISSING_CENTRAL: SR1E2Mu/Central/jets/2/eta in Skim_TriLep_DYJets10to50.root
2025-10-03 00:44:32,050 - INFO - [2022] MISSING_CENTRAL: SR1E2Mu/Central/jets/2/eta in Skim_TriLep_DYGTo2LG_MLL4to50_PTG200toInf.root
2025-10-03 00:44:32,337 - INFO - [2022] MISSING_CENTRAL: SR1E2Mu/Central/jets/2/eta in Skim_TriLep_WWW.root
2025-10-03 00:44:32,411 - INFO - [2022EE] MISSING_SYSTEMATIC: SR1E2Mu/JetEn_Down/jets/2/eta in Skim_TriLep_DYJets.root
2025-10-03 00:44:32,418 - INFO - [2022EE] MISSING_CENTRAL: SR1E2Mu/Central/jets/2/eta in Skim_TriLep_DYJets10to50.root
2025-10-03 00:44:32,791 - INFO - [2023] MISSING_CENTRAL: SR1E2Mu/Central/jets/2/eta in Skim_TriLep_DYJets10to50.root
2025-10-03 00:44:33,194 - INFO - [2023BPix] MISSING_CENTRAL: SR1E2Mu/Central/jets/2/eta in Skim_TriLep_DYJets10to50.root
