2025-09-24 16:10:27,849 - INFO - [2023] MISSING_CENTRAL: SR1E2Mu/Central/jets/3/py in Skim_TriLep_MuonEG_C_v3.root
2025-09-24 16:10:27,857 - INFO - [2022] MISSING_CENTRAL: SR1E2Mu/Central/jets/3/py in Skim_TriLep_DYJets.root
2025-09-24 16:10:27,857 - INFO - [2022] MISSING_CENTRAL: SR1E2Mu/Central/jets/3/py in Skim_TriLep_DYJets10to50.root
2025-09-24 16:10:27,858 - INFO - [2022] MISSING_CENTRAL: SR1E2Mu/Central/jets/3/py in Skim_TriLep_DYGTo2LG_MLL4to50_PTG10to100.root
2025-09-24 16:10:27,858 - INFO - [2022] MISSING_CENTRAL: SR1E2Mu/Central/jets/3/py in Skim_TriLep_DYGTo2LG_MLL4to50_PTG100to200.root
2025-09-24 16:10:27,859 - INFO - [2022] MISSING_CENTRAL: SR1E2Mu/Central/jets/3/py in Skim_TriLep_DYGTo2LG_MLL4to50_PTG200toInf.root
2025-09-24 16:10:27,933 - INFO - [2022] MISSING_CENTRAL: SR1E2Mu/Central/jets/3/py in Skim_TriLep_DYGTo2LG_MLL50_PTG100to200.root
2025-09-24 16:10:27,937 - INFO - [2022] MISSING_CENTRAL: SR1E2Mu/Central/jets/3/py in Skim_TriLep_DYGTo2LG_MLL50_PTG200toInf.root
2025-09-24 16:10:28,559 - INFO - [2022] MISSING_CENTRAL: SR1E2Mu/Central/jets/3/py in Skim_TriLep_WWW.root
2025-09-24 16:10:28,676 - INFO - [2022EE] MISSING_CENTRAL: SR1E2Mu/Central/jets/3/py in Skim_TriLep_DYJets.root
2025-09-24 16:10:28,676 - INFO - [2022EE] MISSING_CENTRAL: SR1E2Mu/Central/jets/3/py in Skim_TriLep_DYJets10to50.root
2025-09-24 16:10:28,689 - INFO - [2022EE] MISSING_CENTRAL: SR1E2Mu/Central/jets/3/py in Skim_TriLep_DYGTo2LG_MLL4to50_PTG100to200.root
2025-09-24 16:10:28,778 - INFO - [2022EE] MISSING_CENTRAL: SR1E2Mu/Central/jets/3/py in Skim_TriLep_DYGTo2LG_MLL50_PTG200toInf.root
2025-09-24 16:10:29,500 - INFO - [2023] MISSING_CENTRAL: SR1E2Mu/Central/jets/3/py in Skim_TriLep_DYJets10to50.root
2025-09-24 16:10:29,583 - INFO - [2023] MISSING_CENTRAL: SR1E2Mu/Central/jets/3/py in Skim_TriLep_DYGTo2LG_MLL50_PTG100to200.root
2025-09-24 16:10:29,980 - INFO - [2023BPix] MISSING_CENTRAL: SR1E2Mu/Central/jets/3/py in Skim_TriLep_DYJets.root
2025-09-24 16:10:29,981 - INFO - [2023BPix] MISSING_CENTRAL: SR1E2Mu/Central/jets/3/py in Skim_TriLep_DYJets10to50.root
2025-10-02 21:24:44,962 - INFO - [2023] MISSING_CENTRAL: SR1E2Mu/Central/jets/3/py in Skim_TriLep_MuonEG_C_v3.root
2025-10-02 21:24:45,033 - INFO - [2022] MISSING_CENTRAL: SR1E2Mu/Central/jets/3/py in Skim_TriLep_DYJets.root
2025-10-02 21:24:45,035 - INFO - [2022] MISSING_CENTRAL: SR1E2Mu/Central/jets/3/py in Skim_TriLep_DYJets10to50.root
2025-10-02 21:24:45,037 - INFO - [2022] MISSING_CENTRAL: SR1E2Mu/Central/jets/3/py in Skim_TriLep_DYGTo2LG_MLL4to50_PTG10to100.root
2025-10-02 21:24:45,040 - INFO - [2022] MISSING_CENTRAL: SR1E2Mu/Central/jets/3/py in Skim_TriLep_DYGTo2LG_MLL4to50_PTG100to200.root
2025-10-02 21:24:45,042 - INFO - [2022] MISSING_CENTRAL: SR1E2Mu/Central/jets/3/py in Skim_TriLep_DYGTo2LG_MLL4to50_PTG200toInf.root
2025-10-02 21:24:45,108 - INFO - [2022] MISSING_CENTRAL: SR1E2Mu/Central/jets/3/py in Skim_TriLep_DYGTo2LG_MLL50_PTG100to200.root
2025-10-02 21:24:45,110 - INFO - [2022] MISSING_CENTRAL: SR1E2Mu/Central/jets/3/py in Skim_TriLep_DYGTo2LG_MLL50_PTG200toInf.root
2025-10-02 21:24:45,568 - INFO - [2022] MISSING_CENTRAL: SR1E2Mu/Central/jets/3/py in Skim_TriLep_WWW.root
2025-10-02 21:24:45,756 - INFO - [2022EE] MISSING_CENTRAL: SR1E2Mu/Central/jets/3/py in Skim_TriLep_DYJets.root
2025-10-02 21:24:45,757 - INFO - [2022EE] MISSING_CENTRAL: SR1E2Mu/Central/jets/3/py in Skim_TriLep_DYJets10to50.root
2025-10-02 21:24:45,784 - INFO - [2022EE] MISSING_CENTRAL: SR1E2Mu/Central/jets/3/py in Skim_TriLep_DYGTo2LG_MLL4to50_PTG100to200.root
2025-10-02 21:24:45,954 - INFO - [2022EE] MISSING_CENTRAL: SR1E2Mu/Central/jets/3/py in Skim_TriLep_DYGTo2LG_MLL50_PTG200toInf.root
2025-10-02 21:24:46,643 - INFO - [2023] MISSING_CENTRAL: SR1E2Mu/Central/jets/3/py in Skim_TriLep_DYJets10to50.root
2025-10-02 21:24:46,762 - INFO - [2023] MISSING_CENTRAL: SR1E2Mu/Central/jets/3/py in Skim_TriLep_DYGTo2LG_MLL50_PTG100to200.root
2025-10-02 21:24:47,949 - INFO - [2023BPix] MISSING_CENTRAL: SR1E2Mu/Central/jets/3/py in Skim_TriLep_DYJets.root
2025-10-02 21:24:47,954 - INFO - [2023BPix] MISSING_CENTRAL: SR1E2Mu/Central/jets/3/py in Skim_TriLep_DYJets10to50.root
2025-10-03 00:44:45,405 - INFO - [2023] MISSING_CENTRAL: SR1E2Mu/Central/jets/3/py in Skim_TriLep_MuonEG_C_v3.root
2025-10-03 00:44:45,435 - INFO - [2022] MISSING_CENTRAL: SR1E2Mu/Central/jets/3/py in Skim_TriLep_DYJets.root
2025-10-03 00:44:45,436 - INFO - [2022] MISSING_CENTRAL: SR1E2Mu/Central/jets/3/py in Skim_TriLep_DYJets10to50.root
2025-10-03 00:44:45,437 - INFO - [2022] MISSING_CENTRAL: SR1E2Mu/Central/jets/3/py in Skim_TriLep_DYGTo2LG_MLL4to50_PTG10to100.root
2025-10-03 00:44:45,437 - INFO - [2022] MISSING_CENTRAL: SR1E2Mu/Central/jets/3/py in Skim_TriLep_DYGTo2LG_MLL4to50_PTG100to200.root
2025-10-03 00:44:45,438 - INFO - [2022] MISSING_CENTRAL: SR1E2Mu/Central/jets/3/py in Skim_TriLep_DYGTo2LG_MLL4to50_PTG200toInf.root
2025-10-03 00:44:45,480 - INFO - [2022] MISSING_CENTRAL: SR1E2Mu/Central/jets/3/py in Skim_TriLep_DYGTo2LG_MLL50_PTG100to200.root
2025-10-03 00:44:45,481 - INFO - [2022] MISSING_CENTRAL: SR1E2Mu/Central/jets/3/py in Skim_TriLep_DYGTo2LG_MLL50_PTG200toInf.root
2025-10-03 00:44:46,146 - INFO - [2022] MISSING_CENTRAL: SR1E2Mu/Central/jets/3/py in Skim_TriLep_WWW.root
2025-10-03 00:44:46,388 - INFO - [2022EE] MISSING_CENTRAL: SR1E2Mu/Central/jets/3/py in Skim_TriLep_DYJets.root
2025-10-03 00:44:46,388 - INFO - [2022EE] MISSING_CENTRAL: SR1E2Mu/Central/jets/3/py in Skim_TriLep_DYJets10to50.root
2025-10-03 00:44:46,425 - INFO - [2022EE] MISSING_CENTRAL: SR1E2Mu/Central/jets/3/py in Skim_TriLep_DYGTo2LG_MLL4to50_PTG100to200.root
2025-10-03 00:44:46,827 - INFO - [2022EE] MISSING_CENTRAL: SR1E2Mu/Central/jets/3/py in Skim_TriLep_DYGTo2LG_MLL50_PTG200toInf.root
2025-10-03 00:44:48,220 - INFO - [2023] MISSING_CENTRAL: SR1E2Mu/Central/jets/3/py in Skim_TriLep_DYJets10to50.root
2025-10-03 00:44:48,392 - INFO - [2023] MISSING_CENTRAL: SR1E2Mu/Central/jets/3/py in Skim_TriLep_DYGTo2LG_MLL50_PTG100to200.root
2025-10-03 00:44:49,200 - INFO - [2023BPix] MISSING_CENTRAL: SR1E2Mu/Central/jets/3/py in Skim_TriLep_DYJets.root
2025-10-03 00:44:49,201 - INFO - [2023BPix] MISSING_CENTRAL: SR1E2Mu/Central/jets/3/py in Skim_TriLep_DYJets10to50.root
