2025-09-24 16:10:31,123 - INFO - [2022] MISSING_CENTRAL: SR1E2Mu/Central/jets/4/px in Skim_TriLep_MuonEG_D.root
2025-09-24 16:10:31,135 - INFO - [2022EE] MISSING_CENTRAL: SR1E2Mu/Central/jets/4/px in Skim_TriLep_MuonEG_G.root
2025-09-24 16:10:31,170 - INFO - [2023] MISSING_CENTRAL: SR1E2Mu/Central/jets/4/px in Skim_TriLep_MuonEG_C_v2.root
2025-09-24 16:10:31,170 - INFO - [2023] MISSING_CENTRAL: SR1E2Mu/Central/jets/4/px in Skim_TriLep_MuonEG_C_v3.root
2025-09-24 16:10:31,171 - INFO - [2023BPix] MISSING_CENTRAL: SR1E2Mu/Central/jets/4/px in Skim_TriLep_MuonEG_D_v1.root
2025-09-24 16:10:31,171 - INFO - [2023BPix] MISSING_CENTRAL: SR1E2Mu/Central/jets/4/px in Skim_TriLep_MuonEG_D_v2.root
2025-09-24 16:10:31,188 - INFO - [2022] MISSING_CENTRAL: SR1E2Mu/Central/jets/4/px in Skim_TriLep_MuonEG_D.root
2025-09-24 16:10:31,188 - INFO - [2022] MISSING_CENTRAL: SR1E2Mu/Central/jets/4/px in Skim_TriLep_DYJets.root
2025-09-24 16:10:31,188 - INFO - [2022] MISSING_CENTRAL: SR1E2Mu/Central/jets/4/px in Skim_TriLep_DYJets10to50.root
2025-09-24 16:10:31,190 - INFO - [2022] MISSING_CENTRAL: SR1E2Mu/Central/jets/4/px in Skim_TriLep_DYGTo2LG_MLL4to50_PTG10to100.root
2025-09-24 16:10:31,192 - INFO - [2022] MISSING_CENTRAL: SR1E2Mu/Central/jets/4/px in Skim_TriLep_DYGTo2LG_MLL4to50_PTG100to200.root
2025-09-24 16:10:31,192 - INFO - [2022] MISSING_CENTRAL: SR1E2Mu/Central/jets/4/px in Skim_TriLep_DYGTo2LG_MLL4to50_PTG200toInf.root
2025-09-24 16:10:31,193 - INFO - [2022] MISSING_CENTRAL: SR1E2Mu/Central/jets/4/px in Skim_TriLep_DYGTo2LG_MLL50_PTG10to100.root
2025-09-24 16:10:31,194 - INFO - [2022] MISSING_CENTRAL: SR1E2Mu/Central/jets/4/px in Skim_TriLep_DYGTo2LG_MLL50_PTG100to200.root
2025-09-24 16:10:31,195 - INFO - [2022] MISSING_CENTRAL: SR1E2Mu/Central/jets/4/px in Skim_TriLep_DYGTo2LG_MLL50_PTG200toInf.root
2025-09-24 16:10:31,196 - INFO - [2022] MISSING_CENTRAL: SR1E2Mu/Central/jets/4/px in Skim_TriLep_TTG_PTG10to100.root
2025-09-24 16:10:31,200 - INFO - [2022] MISSING_CENTRAL: SR1E2Mu/Central/jets/4/px in Skim_TriLep_TTG_PTG100to200.root
2025-09-24 16:10:31,287 - INFO - [2022] MISSING_CENTRAL: SR1E2Mu/Central/jets/4/px in Skim_TriLep_WZTo3LNu_powheg.root
2025-09-24 16:10:31,287 - INFO - [2022] MISSING_CENTRAL: SR1E2Mu/Central/jets/4/px in Skim_TriLep_ZZTo4L_powheg.root
2025-09-24 16:10:31,326 - INFO - [2022] MISSING_CENTRAL: SR1E2Mu/Central/jets/4/px in Skim_TriLep_WWW.root
2025-09-24 16:10:31,379 - INFO - [2022] MISSING_CENTRAL: SR1E2Mu/Central/jets/4/px in Skim_TriLep_VBFHToZZTo4L.root
2025-09-24 16:10:31,379 - INFO - [2022] MISSING_CENTRAL: SR1E2Mu/Central/jets/4/px in Skim_TriLep_ggHToZZTo4L.root
2025-09-24 16:10:31,379 - INFO - [2022EE] MISSING_CENTRAL: SR1E2Mu/Central/jets/4/px in Skim_TriLep_MuonEG_E.root
2025-09-24 16:10:31,388 - INFO - [2022EE] MISSING_CENTRAL: SR1E2Mu/Central/jets/4/px in Skim_TriLep_DYJets.root
2025-09-24 16:10:31,389 - INFO - [2022EE] MISSING_CENTRAL: SR1E2Mu/Central/jets/4/px in Skim_TriLep_DYJets10to50.root
2025-09-24 16:10:31,389 - INFO - [2022EE] MISSING_CENTRAL: SR1E2Mu/Central/jets/4/px in Skim_TriLep_DYGTo2LG_MLL4to50_PTG10to100.root
2025-09-24 16:10:31,390 - INFO - [2022EE] MISSING_CENTRAL: SR1E2Mu/Central/jets/4/px in Skim_TriLep_DYGTo2LG_MLL4to50_PTG100to200.root
2025-09-24 16:10:31,390 - INFO - [2022EE] MISSING_CENTRAL: SR1E2Mu/Central/jets/4/px in Skim_TriLep_DYGTo2LG_MLL4to50_PTG200toInf.root
2025-09-24 16:10:31,504 - INFO - [2022EE] MISSING_CENTRAL: SR1E2Mu/Central/jets/4/px in Skim_TriLep_DYGTo2LG_MLL50_PTG100to200.root
2025-09-24 16:10:31,508 - INFO - [2022EE] MISSING_CENTRAL: SR1E2Mu/Central/jets/4/px in Skim_TriLep_DYGTo2LG_MLL50_PTG200toInf.root
2025-09-24 16:10:31,938 - INFO - [2022EE] MISSING_CENTRAL: SR1E2Mu/Central/jets/4/px in Skim_TriLep_WZTo3LNu_powheg.root
2025-09-24 16:10:32,051 - INFO - [2022EE] MISSING_CENTRAL: SR1E2Mu/Central/jets/4/px in Skim_TriLep_WWW.root
2025-09-24 16:10:32,154 - INFO - [2023] MISSING_CENTRAL: SR1E2Mu/Central/jets/4/px in Skim_TriLep_DYJets.root
2025-09-24 16:10:32,155 - INFO - [2023] MISSING_CENTRAL: SR1E2Mu/Central/jets/4/px in Skim_TriLep_DYJets10to50.root
2025-09-24 16:10:32,155 - INFO - [2023] MISSING_CENTRAL: SR1E2Mu/Central/jets/4/px in Skim_TriLep_DYGTo2LG_MLL4to50_PTG10to100.root
2025-09-24 16:10:32,155 - INFO - [2023] MISSING_CENTRAL: SR1E2Mu/Central/jets/4/px in Skim_TriLep_DYGTo2LG_MLL4to50_PTG100to200.root
2025-09-24 16:10:32,156 - INFO - [2023] MISSING_CENTRAL: SR1E2Mu/Central/jets/4/px in Skim_TriLep_DYGTo2LG_MLL4to50_PTG200toInf.root
2025-09-24 16:10:32,156 - INFO - [2023] MISSING_CENTRAL: SR1E2Mu/Central/jets/4/px in Skim_TriLep_DYGTo2LG_MLL50_PTG10to100.root
2025-09-24 16:10:32,156 - INFO - [2023] MISSING_CENTRAL: SR1E2Mu/Central/jets/4/px in Skim_TriLep_DYGTo2LG_MLL50_PTG100to200.root
2025-09-24 16:10:32,157 - INFO - [2023] MISSING_CENTRAL: SR1E2Mu/Central/jets/4/px in Skim_TriLep_DYGTo2LG_MLL50_PTG200to400.root
2025-09-24 16:10:32,157 - INFO - [2023] MISSING_CENTRAL: SR1E2Mu/Central/jets/4/px in Skim_TriLep_DYGTo2LG_MLL50_PTG400to600.root
2025-09-24 16:10:32,157 - INFO - [2023] MISSING_CENTRAL: SR1E2Mu/Central/jets/4/px in Skim_TriLep_DYGTo2LG_MLL50_PTG600toInf.root
2025-09-24 16:10:32,170 - INFO - [2023] MISSING_CENTRAL: SR1E2Mu/Central/jets/4/px in Skim_TriLep_TTG_PTG100to200.root
2025-09-24 16:10:32,425 - INFO - [2023] MISSING_CENTRAL: SR1E2Mu/Central/jets/4/px in Skim_TriLep_WZTo3LNu_powheg.root
2025-09-24 16:10:32,595 - INFO - [2023] MISSING_CENTRAL: SR1E2Mu/Central/jets/4/px in Skim_TriLep_WWW.root
2025-09-24 16:10:32,694 - INFO - [2023] MISSING_CENTRAL: SR1E2Mu/Central/jets/4/px in Skim_TriLep_VBFHToZZTo4L.root
2025-09-24 16:10:32,694 - INFO - [2023] MISSING_CENTRAL: SR1E2Mu/Central/jets/4/px in Skim_TriLep_ggHToZZTo4L.root
2025-09-24 16:10:32,696 - INFO - [2023BPix] MISSING_CENTRAL: SR1E2Mu/Central/jets/4/px in Skim_TriLep_MuonEG_D_v2.root
2025-09-24 16:10:32,697 - INFO - [2023BPix] MISSING_CENTRAL: SR1E2Mu/Central/jets/4/px in Skim_TriLep_DYJets.root
2025-09-24 16:10:32,698 - INFO - [2023BPix] MISSING_CENTRAL: SR1E2Mu/Central/jets/4/px in Skim_TriLep_DYJets10to50.root
2025-09-24 16:10:32,701 - INFO - [2023BPix] MISSING_CENTRAL: SR1E2Mu/Central/jets/4/px in Skim_TriLep_DYGTo2LG_MLL4to50_PTG10to100.root
2025-09-24 16:10:32,701 - INFO - [2023BPix] MISSING_CENTRAL: SR1E2Mu/Central/jets/4/px in Skim_TriLep_DYGTo2LG_MLL4to50_PTG100to200.root
2025-09-24 16:10:32,702 - INFO - [2023BPix] MISSING_CENTRAL: SR1E2Mu/Central/jets/4/px in Skim_TriLep_DYGTo2LG_MLL4to50_PTG200toInf.root
2025-09-24 16:10:32,702 - INFO - [2023BPix] MISSING_CENTRAL: SR1E2Mu/Central/jets/4/px in Skim_TriLep_DYGTo2LG_MLL50_PTG10to100.root
2025-09-24 16:10:32,703 - INFO - [2023BPix] MISSING_CENTRAL: SR1E2Mu/Central/jets/4/px in Skim_TriLep_DYGTo2LG_MLL50_PTG100to200.root
2025-09-24 16:10:32,708 - INFO - [2023BPix] MISSING_CENTRAL: SR1E2Mu/Central/jets/4/px in Skim_TriLep_DYGTo2LG_MLL50_PTG200to400.root
2025-09-24 16:10:32,710 - INFO - [2023BPix] MISSING_CENTRAL: SR1E2Mu/Central/jets/4/px in Skim_TriLep_DYGTo2LG_MLL50_PTG400to600.root
2025-09-24 16:10:32,711 - INFO - [2023BPix] MISSING_CENTRAL: SR1E2Mu/Central/jets/4/px in Skim_TriLep_DYGTo2LG_MLL50_PTG600toInf.root
2025-09-24 16:10:32,715 - INFO - [2023BPix] MISSING_CENTRAL: SR1E2Mu/Central/jets/4/px in Skim_TriLep_TTG_PTG10to100.root
2025-09-24 16:10:32,716 - INFO - [2023BPix] MISSING_CENTRAL: SR1E2Mu/Central/jets/4/px in Skim_TriLep_TTG_PTG100to200.root
2025-09-24 16:10:32,716 - INFO - [2023BPix] MISSING_CENTRAL: SR1E2Mu/Central/jets/4/px in Skim_TriLep_TTG_PTG200toInf.root
2025-09-24 16:10:32,909 - INFO - [2023BPix] MISSING_CENTRAL: SR1E2Mu/Central/jets/4/px in Skim_TriLep_WZTo3LNu_powheg.root
2025-09-24 16:10:33,199 - INFO - [2023BPix] MISSING_CENTRAL: SR1E2Mu/Central/jets/4/px in Skim_TriLep_WWW.root
2025-09-24 16:10:33,361 - INFO - [2023BPix] MISSING_CENTRAL: SR1E2Mu/Central/jets/4/px in Skim_TriLep_VBFHToZZTo4L.root
2025-09-24 16:10:33,361 - INFO - [2023BPix] MISSING_CENTRAL: SR1E2Mu/Central/jets/4/px in Skim_TriLep_ggHToZZTo4L.root
