2025-09-24 16:10:29,173 - INFO - [2022] MISSING_CENTRAL: SR1E2Mu/Central/jets/4/mass in Skim_TriLep_MuonEG_D.root
2025-09-24 16:10:29,183 - INFO - [2022EE] MISSING_CENTRAL: SR1E2Mu/Central/jets/4/mass in Skim_TriLep_MuonEG_G.root
2025-09-24 16:10:29,187 - INFO - [2023] MISSING_CENTRAL: SR1E2Mu/Central/jets/4/mass in Skim_TriLep_MuonEG_C_v2.root
2025-09-24 16:10:29,187 - INFO - [2023] MISSING_CENTRAL: SR1E2Mu/Central/jets/4/mass in Skim_TriLep_MuonEG_C_v3.root
2025-09-24 16:10:29,188 - INFO - [2023BPix] MISSING_CENTRAL: SR1E2Mu/Central/jets/4/mass in Skim_TriLep_MuonEG_D_v1.root
2025-09-24 16:10:29,188 - INFO - [2023BPix] MISSING_CENTRAL: SR1E2Mu/Central/jets/4/mass in Skim_TriLep_MuonEG_D_v2.root
2025-09-24 16:10:29,196 - INFO - [2022] MISSING_CENTRAL: SR1E2Mu/Central/jets/4/mass in Skim_TriLep_MuonEG_D.root
2025-09-24 16:10:29,197 - INFO - [2022] MISSING_CENTRAL: SR1E2Mu/Central/jets/4/mass in Skim_TriLep_DYJets.root
2025-09-24 16:10:29,199 - INFO - [2022] MISSING_CENTRAL: SR1E2Mu/Central/jets/4/mass in Skim_TriLep_DYJets10to50.root
2025-09-24 16:10:29,199 - INFO - [2022] MISSING_CENTRAL: SR1E2Mu/Central/jets/4/mass in Skim_TriLep_DYGTo2LG_MLL4to50_PTG10to100.root
2025-09-24 16:10:29,200 - INFO - [2022] MISSING_CENTRAL: SR1E2Mu/Central/jets/4/mass in Skim_TriLep_DYGTo2LG_MLL4to50_PTG100to200.root
2025-09-24 16:10:29,200 - INFO - [2022] MISSING_CENTRAL: SR1E2Mu/Central/jets/4/mass in Skim_TriLep_DYGTo2LG_MLL4to50_PTG200toInf.root
2025-09-24 16:10:29,201 - INFO - [2022] MISSING_CENTRAL: SR1E2Mu/Central/jets/4/mass in Skim_TriLep_DYGTo2LG_MLL50_PTG10to100.root
2025-09-24 16:10:29,201 - INFO - [2022] MISSING_CENTRAL: SR1E2Mu/Central/jets/4/mass in Skim_TriLep_DYGTo2LG_MLL50_PTG100to200.root
2025-09-24 16:10:29,203 - INFO - [2022] MISSING_CENTRAL: SR1E2Mu/Central/jets/4/mass in Skim_TriLep_DYGTo2LG_MLL50_PTG200toInf.root
2025-09-24 16:10:29,203 - INFO - [2022] MISSING_CENTRAL: SR1E2Mu/Central/jets/4/mass in Skim_TriLep_TTG_PTG10to100.root
2025-09-24 16:10:29,204 - INFO - [2022] MISSING_CENTRAL: SR1E2Mu/Central/jets/4/mass in Skim_TriLep_TTG_PTG100to200.root
2025-09-24 16:10:29,232 - INFO - [2022] MISSING_CENTRAL: SR1E2Mu/Central/jets/4/mass in Skim_TriLep_WZTo3LNu_powheg.root
2025-09-24 16:10:29,233 - INFO - [2022] MISSING_CENTRAL: SR1E2Mu/Central/jets/4/mass in Skim_TriLep_ZZTo4L_powheg.root
2025-09-24 16:10:29,243 - INFO - [2022] MISSING_CENTRAL: SR1E2Mu/Central/jets/4/mass in Skim_TriLep_WWW.root
2025-09-24 16:10:29,263 - INFO - [2022] MISSING_CENTRAL: SR1E2Mu/Central/jets/4/mass in Skim_TriLep_VBFHToZZTo4L.root
2025-09-24 16:10:29,264 - INFO - [2022] MISSING_CENTRAL: SR1E2Mu/Central/jets/4/mass in Skim_TriLep_ggHToZZTo4L.root
2025-09-24 16:10:29,264 - INFO - [2022EE] MISSING_CENTRAL: SR1E2Mu/Central/jets/4/mass in Skim_TriLep_MuonEG_E.root
2025-09-24 16:10:29,265 - INFO - [2022EE] MISSING_CENTRAL: SR1E2Mu/Central/jets/4/mass in Skim_TriLep_DYJets.root
2025-09-24 16:10:29,265 - INFO - [2022EE] MISSING_CENTRAL: SR1E2Mu/Central/jets/4/mass in Skim_TriLep_DYJets10to50.root
2025-09-24 16:10:29,266 - INFO - [2022EE] MISSING_CENTRAL: SR1E2Mu/Central/jets/4/mass in Skim_TriLep_DYGTo2LG_MLL4to50_PTG10to100.root
2025-09-24 16:10:29,266 - INFO - [2022EE] MISSING_CENTRAL: SR1E2Mu/Central/jets/4/mass in Skim_TriLep_DYGTo2LG_MLL4to50_PTG100to200.root
2025-09-24 16:10:29,266 - INFO - [2022EE] MISSING_CENTRAL: SR1E2Mu/Central/jets/4/mass in Skim_TriLep_DYGTo2LG_MLL4to50_PTG200toInf.root
2025-09-24 16:10:29,296 - INFO - [2022EE] MISSING_CENTRAL: SR1E2Mu/Central/jets/4/mass in Skim_TriLep_DYGTo2LG_MLL50_PTG100to200.root
2025-09-24 16:10:29,297 - INFO - [2022EE] MISSING_CENTRAL: SR1E2Mu/Central/jets/4/mass in Skim_TriLep_DYGTo2LG_MLL50_PTG200toInf.root
2025-09-24 16:10:29,484 - INFO - [2022EE] MISSING_CENTRAL: SR1E2Mu/Central/jets/4/mass in Skim_TriLep_WZTo3LNu_powheg.root
2025-09-24 16:10:29,524 - INFO - [2022EE] MISSING_CENTRAL: SR1E2Mu/Central/jets/4/mass in Skim_TriLep_WWW.root
2025-09-24 16:10:29,571 - INFO - [2023] MISSING_CENTRAL: SR1E2Mu/Central/jets/4/mass in Skim_TriLep_DYJets.root
2025-09-24 16:10:29,572 - INFO - [2023] MISSING_CENTRAL: SR1E2Mu/Central/jets/4/mass in Skim_TriLep_DYJets10to50.root
2025-09-24 16:10:29,572 - INFO - [2023] MISSING_CENTRAL: SR1E2Mu/Central/jets/4/mass in Skim_TriLep_DYGTo2LG_MLL4to50_PTG10to100.root
2025-09-24 16:10:29,572 - INFO - [2023] MISSING_CENTRAL: SR1E2Mu/Central/jets/4/mass in Skim_TriLep_DYGTo2LG_MLL4to50_PTG100to200.root
2025-09-24 16:10:29,573 - INFO - [2023] MISSING_CENTRAL: SR1E2Mu/Central/jets/4/mass in Skim_TriLep_DYGTo2LG_MLL4to50_PTG200toInf.root
2025-09-24 16:10:29,573 - INFO - [2023] MISSING_CENTRAL: SR1E2Mu/Central/jets/4/mass in Skim_TriLep_DYGTo2LG_MLL50_PTG10to100.root
2025-09-24 16:10:29,573 - INFO - [2023] MISSING_CENTRAL: SR1E2Mu/Central/jets/4/mass in Skim_TriLep_DYGTo2LG_MLL50_PTG100to200.root
2025-09-24 16:10:29,574 - INFO - [2023] MISSING_CENTRAL: SR1E2Mu/Central/jets/4/mass in Skim_TriLep_DYGTo2LG_MLL50_PTG200to400.root
2025-09-24 16:10:29,574 - INFO - [2023] MISSING_CENTRAL: SR1E2Mu/Central/jets/4/mass in Skim_TriLep_DYGTo2LG_MLL50_PTG400to600.root
2025-09-24 16:10:29,574 - INFO - [2023] MISSING_CENTRAL: SR1E2Mu/Central/jets/4/mass in Skim_TriLep_DYGTo2LG_MLL50_PTG600toInf.root
2025-09-24 16:10:29,580 - INFO - [2023] MISSING_CENTRAL: SR1E2Mu/Central/jets/4/mass in Skim_TriLep_TTG_PTG100to200.root
2025-09-24 16:10:29,605 - INFO - [2023] MISSING_CENTRAL: SR1E2Mu/Central/jets/4/mass in Skim_TriLep_WZTo3LNu_powheg.root
2025-09-24 16:10:29,620 - INFO - [2023] MISSING_CENTRAL: SR1E2Mu/Central/jets/4/mass in Skim_TriLep_WWW.root
2025-09-24 16:10:29,640 - INFO - [2023] MISSING_CENTRAL: SR1E2Mu/Central/jets/4/mass in Skim_TriLep_VBFHToZZTo4L.root
2025-09-24 16:10:29,640 - INFO - [2023] MISSING_CENTRAL: SR1E2Mu/Central/jets/4/mass in Skim_TriLep_ggHToZZTo4L.root
2025-09-24 16:10:29,641 - INFO - [2023BPix] MISSING_CENTRAL: SR1E2Mu/Central/jets/4/mass in Skim_TriLep_MuonEG_D_v2.root
2025-09-24 16:10:29,641 - INFO - [2023BPix] MISSING_CENTRAL: SR1E2Mu/Central/jets/4/mass in Skim_TriLep_DYJets.root
2025-09-24 16:10:29,642 - INFO - [2023BPix] MISSING_CENTRAL: SR1E2Mu/Central/jets/4/mass in Skim_TriLep_DYJets10to50.root
2025-09-24 16:10:29,642 - INFO - [2023BPix] MISSING_CENTRAL: SR1E2Mu/Central/jets/4/mass in Skim_TriLep_DYGTo2LG_MLL4to50_PTG10to100.root
2025-09-24 16:10:29,642 - INFO - [2023BPix] MISSING_CENTRAL: SR1E2Mu/Central/jets/4/mass in Skim_TriLep_DYGTo2LG_MLL4to50_PTG100to200.root
2025-09-24 16:10:29,643 - INFO - [2023BPix] MISSING_CENTRAL: SR1E2Mu/Central/jets/4/mass in Skim_TriLep_DYGTo2LG_MLL4to50_PTG200toInf.root
2025-09-24 16:10:29,643 - INFO - [2023BPix] MISSING_CENTRAL: SR1E2Mu/Central/jets/4/mass in Skim_TriLep_DYGTo2LG_MLL50_PTG10to100.root
2025-09-24 16:10:29,644 - INFO - [2023BPix] MISSING_CENTRAL: SR1E2Mu/Central/jets/4/mass in Skim_TriLep_DYGTo2LG_MLL50_PTG100to200.root
2025-09-24 16:10:29,644 - INFO - [2023BPix] MISSING_CENTRAL: SR1E2Mu/Central/jets/4/mass in Skim_TriLep_DYGTo2LG_MLL50_PTG200to400.root
2025-09-24 16:10:29,644 - INFO - [2023BPix] MISSING_CENTRAL: SR1E2Mu/Central/jets/4/mass in Skim_TriLep_DYGTo2LG_MLL50_PTG400to600.root
2025-09-24 16:10:29,645 - INFO - [2023BPix] MISSING_CENTRAL: SR1E2Mu/Central/jets/4/mass in Skim_TriLep_DYGTo2LG_MLL50_PTG600toInf.root
2025-09-24 16:10:29,645 - INFO - [2023BPix] MISSING_CENTRAL: SR1E2Mu/Central/jets/4/mass in Skim_TriLep_TTG_PTG10to100.root
2025-09-24 16:10:29,645 - INFO - [2023BPix] MISSING_CENTRAL: SR1E2Mu/Central/jets/4/mass in Skim_TriLep_TTG_PTG100to200.root
2025-09-24 16:10:29,646 - INFO - [2023BPix] MISSING_CENTRAL: SR1E2Mu/Central/jets/4/mass in Skim_TriLep_TTG_PTG200toInf.root
2025-09-24 16:10:29,688 - INFO - [2023BPix] MISSING_CENTRAL: SR1E2Mu/Central/jets/4/mass in Skim_TriLep_WZTo3LNu_powheg.root
2025-09-24 16:10:29,708 - INFO - [2023BPix] MISSING_CENTRAL: SR1E2Mu/Central/jets/4/mass in Skim_TriLep_WWW.root
2025-09-24 16:10:29,760 - INFO - [2023BPix] MISSING_CENTRAL: SR1E2Mu/Central/jets/4/mass in Skim_TriLep_VBFHToZZTo4L.root
2025-09-24 16:10:29,762 - INFO - [2023BPix] MISSING_CENTRAL: SR1E2Mu/Central/jets/4/mass in Skim_TriLep_ggHToZZTo4L.root
