2025-09-24 16:03:14,343 - INFO - [2023] MISSING_CENTRAL: SR1E2Mu/Central/bjets/2/pt in Skim_TriLep_MuonEG_C_v3.root
2025-09-24 16:03:14,365 - INFO - [2023] MISSING_CENTRAL: SR1E2Mu/Central/bjets/2/pt in Skim_TriLep_DYJets.root
2025-09-24 16:03:14,366 - INFO - [2023] MISSING_CENTRAL: SR1E2Mu/Central/bjets/2/pt in Skim_TriLep_DYJets10to50.root
2025-09-24 16:03:14,385 - INFO - [2023] MISSING_CENTRAL: SR1E2Mu/Central/bjets/2/pt in Skim_TriLep_DYGTo2LG_MLL4to50_PTG200toInf.root
2025-09-24 16:03:14,402 - INFO - [2023] MISSING_CENTRAL: SR1E2Mu/Central/bjets/2/pt in Skim_TriLep_DYGTo2LG_MLL50_PTG200to400.root
2025-09-24 16:03:14,711 - INFO - [2023] MISSING_CENTRAL: SR1E2Mu/Central/bjets/2/pt in Skim_TriLep_WWW.root
2025-10-02 21:21:16,715 - INFO - [2023] MISSING_CENTRAL: SR1E2Mu/Central/bjets/2/pt in Skim_TriLep_MuonEG_C_v3.root
2025-10-02 21:21:16,826 - INFO - [2023] MISSING_CENTRAL: SR1E2Mu/Central/bjets/2/pt in Skim_TriLep_DYJets.root
2025-10-02 21:21:16,836 - INFO - [2023] MISSING_CENTRAL: SR1E2Mu/Central/bjets/2/pt in Skim_TriLep_DYJets10to50.root
2025-10-02 21:21:16,908 - INFO - [2023] MISSING_CENTRAL: SR1E2Mu/Central/bjets/2/pt in Skim_TriLep_DYGTo2LG_MLL4to50_PTG200toInf.root
2025-10-02 21:21:16,991 - INFO - [2023] MISSING_CENTRAL: SR1E2Mu/Central/bjets/2/pt in Skim_TriLep_DYGTo2LG_MLL50_PTG200to400.root
2025-10-02 21:21:17,561 - INFO - [2023] MISSING_CENTRAL: SR1E2Mu/Central/bjets/2/pt in Skim_TriLep_WWW.root
2025-10-03 00:33:03,212 - INFO - [2023] MISSING_CENTRAL: SR1E2Mu/Central/bjets/2/pt in Skim_TriLep_MuonEG_C_v3.root
2025-10-03 00:33:03,330 - INFO - [2023] MISSING_CENTRAL: SR1E2Mu/Central/bjets/2/pt in Skim_TriLep_DYJets.root
2025-10-03 00:33:03,330 - INFO - [2023] MISSING_CENTRAL: SR1E2Mu/Central/bjets/2/pt in Skim_TriLep_DYJets10to50.root
2025-10-03 00:33:03,416 - INFO - [2023] MISSING_CENTRAL: SR1E2Mu/Central/bjets/2/pt in Skim_TriLep_DYGTo2LG_MLL4to50_PTG200toInf.root
2025-10-03 00:33:03,477 - INFO - [2023] MISSING_CENTRAL: SR1E2Mu/Central/bjets/2/pt in Skim_TriLep_DYGTo2LG_MLL50_PTG200to400.root
2025-10-03 00:33:03,969 - INFO - [2023] MISSING_CENTRAL: SR1E2Mu/Central/bjets/2/pt in Skim_TriLep_WWW.root
2025-11-07 13:12:29,852 - INFO - [2023] MISSING_FILE: /home/choij/Sync/workspace/ChargedHiggsAnalysisV3/SKNanoOutput/PromptSelector/Run1E2Mu/2023/Skim_TriLep_MuonEG_C_v1.root
2025-11-07 13:12:29,852 - INFO - [2023] MISSING_FILE: /home/choij/Sync/workspace/ChargedHiggsAnalysisV3/SKNanoOutput/PromptSelector/Run1E2Mu/2023/Skim_TriLep_MuonEG_C_v2.root
2025-11-07 13:12:29,852 - INFO - [2023] MISSING_FILE: /home/choij/Sync/workspace/ChargedHiggsAnalysisV3/SKNanoOutput/PromptSelector/Run1E2Mu/2023/Skim_TriLep_MuonEG_C_v3.root
2025-11-07 13:12:29,852 - INFO - [2023] MISSING_FILE: /home/choij/Sync/workspace/ChargedHiggsAnalysisV3/SKNanoOutput/PromptSelector/Run1E2Mu/2023/Skim_TriLep_MuonEG_C_v4.root
2025-11-07 14:10:04,438 - INFO - [2023] MISSING_FILE: /home/choij/Sync/workspace/ChargedHiggsAnalysisV3/SKNanoOutput/PromptSelector/Run1E2Mu/2023/Skim_TriLep_MuonEG_C_v1.root
2025-11-07 14:10:04,443 - INFO - [2023] MISSING_FILE: /home/choij/Sync/workspace/ChargedHiggsAnalysisV3/SKNanoOutput/PromptSelector/Run1E2Mu/2023/Skim_TriLep_MuonEG_C_v2.root
2025-11-07 14:10:04,443 - INFO - [2023] MISSING_FILE: /home/choij/Sync/workspace/ChargedHiggsAnalysisV3/SKNanoOutput/PromptSelector/Run1E2Mu/2023/Skim_TriLep_MuonEG_C_v3.root
2025-11-07 14:10:04,443 - INFO - [2023] MISSING_FILE: /home/choij/Sync/workspace/ChargedHiggsAnalysisV3/SKNanoOutput/PromptSelector/Run1E2Mu/2023/Skim_TriLep_MuonEG_C_v4.root
2025-11-10 12:26:01,478 - INFO - [2023] MISSING_CENTRAL: SR1E2Mu/Central/bjets/2/pt in Skim_TriLep_MuonEG_C_v3.root
2025-11-10 12:26:01,522 - INFO - [2023] MISSING_CENTRAL: SR1E2Mu/Central/bjets/2/pt in Skim_TriLep_DYJets.root
2025-11-10 12:26:01,523 - INFO - [2023] MISSING_CENTRAL: SR1E2Mu/Central/bjets/2/pt in Skim_TriLep_DYJets10to50.root
2025-11-10 12:26:01,549 - INFO - [2023] MISSING_CENTRAL: SR1E2Mu/Central/bjets/2/pt in Skim_TriLep_DYGTo2LG_MLL4to50_PTG200toInf.root
2025-11-10 12:26:01,573 - INFO - [2023] MISSING_CENTRAL: SR1E2Mu/Central/bjets/2/pt in Skim_TriLep_DYGTo2LG_MLL50_PTG200to400.root
2025-11-10 12:26:01,740 - INFO - [2023] MISSING_CENTRAL: SR1E2Mu/Central/bjets/2/pt in Skim_TriLep_WWW.root
