2025-09-24 16:03:15,711 - INFO - [2023] MISSING_CENTRAL: SR1E2Mu/Central/bjets/3/eta in Skim_TriLep_MuonEG_C_v1.root
2025-09-24 16:03:15,712 - INFO - [2023] MISSING_CENTRAL: SR1E2Mu/Central/bjets/3/eta in Skim_TriLep_MuonEG_C_v2.root
2025-09-24 16:03:15,712 - INFO - [2023] MISSING_CENTRAL: SR1E2Mu/Central/bjets/3/eta in Skim_TriLep_MuonEG_C_v3.root
2025-09-24 16:03:15,789 - INFO - [2023] MISSING_CENTRAL: SR1E2Mu/Central/bjets/3/eta in Skim_TriLep_MuonEG_C_v1.root
2025-09-24 16:03:15,789 - INFO - [2023] MISSING_CENTRAL: SR1E2Mu/Central/bjets/3/eta in Skim_TriLep_MuonEG_C_v2.root
2025-09-24 16:03:15,790 - INFO - [2023] MISSING_CENTRAL: SR1E2Mu/Central/bjets/3/eta in Skim_TriLep_MuonEG_C_v3.root
2025-09-24 16:03:15,797 - INFO - [2023] MISSING_CENTRAL: SR1E2Mu/Central/bjets/3/eta in Skim_TriLep_DYJets.root
2025-09-24 16:03:15,797 - INFO - [2023] MISSING_CENTRAL: SR1E2Mu/Central/bjets/3/eta in Skim_TriLep_DYJets10to50.root
2025-09-24 16:03:15,797 - INFO - [2023] MISSING_CENTRAL: SR1E2Mu/Central/bjets/3/eta in Skim_TriLep_DYGTo2LG_MLL4to50_PTG10to100.root
2025-09-24 16:03:15,798 - INFO - [2023] MISSING_CENTRAL: SR1E2Mu/Central/bjets/3/eta in Skim_TriLep_DYGTo2LG_MLL4to50_PTG100to200.root
2025-09-24 16:03:15,798 - INFO - [2023] MISSING_CENTRAL: SR1E2Mu/Central/bjets/3/eta in Skim_TriLep_DYGTo2LG_MLL4to50_PTG200toInf.root
2025-09-24 16:03:15,798 - INFO - [2023] MISSING_CENTRAL: SR1E2Mu/Central/bjets/3/eta in Skim_TriLep_DYGTo2LG_MLL50_PTG10to100.root
2025-09-24 16:03:15,799 - INFO - [2023] MISSING_CENTRAL: SR1E2Mu/Central/bjets/3/eta in Skim_TriLep_DYGTo2LG_MLL50_PTG100to200.root
2025-09-24 16:03:15,799 - INFO - [2023] MISSING_CENTRAL: SR1E2Mu/Central/bjets/3/eta in Skim_TriLep_DYGTo2LG_MLL50_PTG200to400.root
2025-09-24 16:03:15,799 - INFO - [2023] MISSING_CENTRAL: SR1E2Mu/Central/bjets/3/eta in Skim_TriLep_DYGTo2LG_MLL50_PTG400to600.root
2025-09-24 16:03:15,800 - INFO - [2023] MISSING_CENTRAL: SR1E2Mu/Central/bjets/3/eta in Skim_TriLep_DYGTo2LG_MLL50_PTG600toInf.root
2025-09-24 16:03:15,800 - INFO - [2023] MISSING_CENTRAL: SR1E2Mu/Central/bjets/3/eta in Skim_TriLep_TTG_PTG10to100.root
2025-09-24 16:03:15,800 - INFO - [2023] MISSING_CENTRAL: SR1E2Mu/Central/bjets/3/eta in Skim_TriLep_TTG_PTG100to200.root
2025-09-24 16:03:15,801 - INFO - [2023] MISSING_CENTRAL: SR1E2Mu/Central/bjets/3/eta in Skim_TriLep_TTG_PTG200toInf.root
2025-09-24 16:03:15,817 - INFO - [2023] MISSING_CENTRAL: SR1E2Mu/Central/bjets/3/eta in Skim_TriLep_WZTo3LNu_powheg.root
2025-09-24 16:03:15,818 - INFO - [2023] MISSING_CENTRAL: SR1E2Mu/Central/bjets/3/eta in Skim_TriLep_ZZTo4L_powheg.root
2025-09-24 16:03:15,825 - INFO - [2023] MISSING_CENTRAL: SR1E2Mu/Central/bjets/3/eta in Skim_TriLep_WWW.root
2025-09-24 16:03:15,849 - INFO - [2023] MISSING_CENTRAL: SR1E2Mu/Central/bjets/3/eta in Skim_TriLep_VBFHToZZTo4L.root
2025-09-24 16:03:15,850 - INFO - [2023] MISSING_CENTRAL: SR1E2Mu/Central/bjets/3/eta in Skim_TriLep_ggHToZZTo4L.root
