2025-09-24 16:03:05,760 - INFO - [2023] MISSING_CENTRAL: SR1E2Mu/Central/jets/3/mass in Skim_TriLep_MuonEG_C_v3.root
2025-09-24 16:03:05,810 - INFO - [2023] MISSING_CENTRAL: SR1E2Mu/Central/jets/3/mass in Skim_TriLep_DYJets10to50.root
2025-09-24 16:03:05,847 - INFO - [2023] MISSING_CENTRAL: SR1E2Mu/Central/jets/3/mass in Skim_TriLep_DYGTo2LG_MLL50_PTG100to200.root
2025-10-02 21:21:16,220 - INFO - [2023] MISSING_CENTRAL: SR1E2Mu/Central/jets/3/mass in Skim_TriLep_MuonEG_C_v3.root
2025-10-02 21:21:16,357 - INFO - [2023] MISSING_CENTRAL: SR1E2Mu/Central/jets/3/mass in Skim_TriLep_DYJets10to50.root
2025-10-02 21:21:16,442 - INFO - [2023] MISSING_CENTRAL: SR1E2Mu/Central/jets/3/mass in Skim_TriLep_DYGTo2LG_MLL50_PTG100to200.root
2025-10-03 00:32:49,581 - INFO - [2023] MISSING_CENTRAL: SR1E2Mu/Central/jets/3/mass in Skim_TriLep_MuonEG_C_v3.root
2025-10-03 00:32:49,645 - INFO - [2023] MISSING_CENTRAL: SR1E2Mu/Central/jets/3/mass in Skim_TriLep_DYJets10to50.root
2025-10-03 00:32:49,696 - INFO - [2023] MISSING_CENTRAL: SR1E2Mu/Central/jets/3/mass in Skim_TriLep_DYGTo2LG_MLL50_PTG100to200.root
2025-11-07 13:12:29,324 - INFO - [2023] MISSING_FILE: /home/choij/Sync/workspace/ChargedHiggsAnalysisV3/SKNanoOutput/PromptSelector/Run1E2Mu/2023/Skim_TriLep_MuonEG_C_v1.root
2025-11-07 13:12:29,325 - INFO - [2023] MISSING_FILE: /home/choij/Sync/workspace/ChargedHiggsAnalysisV3/SKNanoOutput/PromptSelector/Run1E2Mu/2023/Skim_TriLep_MuonEG_C_v2.root
2025-11-07 13:12:29,325 - INFO - [2023] MISSING_FILE: /home/choij/Sync/workspace/ChargedHiggsAnalysisV3/SKNanoOutput/PromptSelector/Run1E2Mu/2023/Skim_TriLep_MuonEG_C_v3.root
2025-11-07 13:12:29,325 - INFO - [2023] MISSING_FILE: /home/choij/Sync/workspace/ChargedHiggsAnalysisV3/SKNanoOutput/PromptSelector/Run1E2Mu/2023/Skim_TriLep_MuonEG_C_v4.root
2025-11-07 14:10:03,960 - INFO - [2023] MISSING_FILE: /home/choij/Sync/workspace/ChargedHiggsAnalysisV3/SKNanoOutput/PromptSelector/Run1E2Mu/2023/Skim_TriLep_MuonEG_C_v1.root
2025-11-07 14:10:03,961 - INFO - [2023] MISSING_FILE: /home/choij/Sync/workspace/ChargedHiggsAnalysisV3/SKNanoOutput/PromptSelector/Run1E2Mu/2023/Skim_TriLep_MuonEG_C_v2.root
2025-11-07 14:10:03,962 - INFO - [2023] MISSING_FILE: /home/choij/Sync/workspace/ChargedHiggsAnalysisV3/SKNanoOutput/PromptSelector/Run1E2Mu/2023/Skim_TriLep_MuonEG_C_v3.root
2025-11-07 14:10:03,962 - INFO - [2023] MISSING_FILE: /home/choij/Sync/workspace/ChargedHiggsAnalysisV3/SKNanoOutput/PromptSelector/Run1E2Mu/2023/Skim_TriLep_MuonEG_C_v4.root
2025-11-10 12:26:00,881 - INFO - [2023] MISSING_CENTRAL: SR1E2Mu/Central/jets/3/mass in Skim_TriLep_MuonEG_C_v3.root
2025-11-10 12:26:00,987 - INFO - [2023] MISSING_CENTRAL: SR1E2Mu/Central/jets/3/mass in Skim_TriLep_DYJets10to50.root
2025-11-10 12:26:01,018 - INFO - [2023] MISSING_CENTRAL: SR1E2Mu/Central/jets/3/mass in Skim_TriLep_DYGTo2LG_MLL50_PTG100to200.root
2025-11-13 11:16:14,872 - INFO - [2023] MISSING_CENTRAL: SR1E2Mu/Central/jets/3/mass in Skim_TriLep_MuonEG_C_v3.root
2025-11-13 11:16:14,953 - INFO - [2023] MISSING_CENTRAL: SR1E2Mu/Central/jets/3/mass in Skim_TriLep_DYJets10to50.root
2025-11-13 11:16:15,008 - INFO - [2023] MISSING_CENTRAL: SR1E2Mu/Central/jets/3/mass in Skim_TriLep_DYGTo2LG_MLL50_PTG100to200.root
2025-11-19 16:28:27,656 - INFO - [2023] MISSING_CENTRAL: SR1E2Mu/Central/jets/3/mass in Skim_TriLep_MuonEG_C_v3.root
2025-11-19 16:28:27,746 - INFO - [2023] MISSING_CENTRAL: SR1E2Mu/Central/jets/3/mass in Skim_TriLep_DYJets10to50.root
2025-11-19 16:28:27,775 - INFO - [2023] MISSING_CENTRAL: SR1E2Mu/Central/jets/3/mass in Skim_TriLep_DYGTo2LG_MLL50_PTG100to200.root
2025-12-17 22:43:22,538 - INFO - [2023] MISSING_CENTRAL: SR1E2Mu/Central/jets/3/mass in Skim_TriLep_MuonEG_C_v3.root
2025-12-17 22:43:22,610 - INFO - [2023] MISSING_CENTRAL: SR1E2Mu/Central/jets/3/mass in Skim_TriLep_DYJets10to50.root
2025-12-18 14:44:09,828 - INFO - [2023] MISSING_CENTRAL: SR1E2Mu/Central/jets/3/mass in Skim_TriLep_MuonEG_C_v3.root
2025-12-18 14:44:10,129 - INFO - [2023] MISSING_CENTRAL: SR1E2Mu/Central/jets/3/mass in Skim_TriLep_DYJets10to50.root
2026-01-07 11:53:11,719 - INFO - [2023] MISSING_CENTRAL: SR1E2Mu/Central/jets/3/mass in Skim_TriLep_MuonEG_C_v3.root
2026-01-07 11:53:11,838 - INFO - [2023] MISSING_CENTRAL: SR1E2Mu/Central/jets/3/mass in Skim_TriLep_DYJets10to50.root
2026-01-07 18:49:48,743 - INFO - [2023] MISSING_CENTRAL: SR1E2Mu/Central/jets/3/mass in Skim_TriLep_MuonEG_C_v3.root
2026-01-07 18:49:49,089 - INFO - [2023] MISSING_CENTRAL: SR1E2Mu/Central/jets/3/mass in Skim_TriLep_DYJets10to50.root
2026-01-07 19:30:35,653 - INFO - [2023] MISSING_CENTRAL: SR1E2Mu/Central/jets/3/mass in Skim_TriLep_MuonEG_C_v3.root
2026-01-07 19:30:35,998 - INFO - [2023] MISSING_CENTRAL: SR1E2Mu/Central/jets/3/mass in Skim_TriLep_DYJets10to50.root
2026-01-09 12:24:36,890 - INFO - [2023] MISSING_CENTRAL: SR1E2Mu/Central/jets/3/mass in Skim_TriLep_MuonEG_C_v3.root
2026-01-09 12:24:36,971 - INFO - [2023] MISSING_CENTRAL: SR1E2Mu/Central/jets/3/mass in Skim_TriLep_DYJets10to50.root
2026-01-11 09:44:38,236 - INFO - [2023] MISSING_CENTRAL: SR1E2Mu/Central/jets/3/mass in Skim_TriLep_MuonEG_C_v3.root
2026-01-11 09:44:38,295 - INFO - [2023] MISSING_CENTRAL: SR1E2Mu/Central/jets/3/mass in Skim_TriLep_DYJets10to50.root
2026-01-12 13:53:26,615 - INFO - [2023] MISSING_CENTRAL: SR1E2Mu/Central/jets/3/mass in Skim_TriLep_MuonEG_C_v3.root
2026-01-12 13:53:26,679 - INFO - [2023] MISSING_FILE: /home/choij/Sync/workspace/ChargedHiggsAnalysisV3/SKNanoOutput/MatrixSelector/Run1E2Mu/2023/Skim_TriLep_MuonEG_C_v1.root
2026-01-12 13:53:26,680 - INFO - [2023] MISSING_FILE: /home/choij/Sync/workspace/ChargedHiggsAnalysisV3/SKNanoOutput/MatrixSelector/Run1E2Mu/2023/Skim_TriLep_MuonEG_C_v2.root
2026-01-12 13:53:26,680 - INFO - [2023] MISSING_FILE: /home/choij/Sync/workspace/ChargedHiggsAnalysisV3/SKNanoOutput/MatrixSelector/Run1E2Mu/2023/Skim_TriLep_MuonEG_C_v3.root
2026-01-12 13:53:26,680 - INFO - [2023] MISSING_FILE: /home/choij/Sync/workspace/ChargedHiggsAnalysisV3/SKNanoOutput/MatrixSelector/Run1E2Mu/2023/Skim_TriLep_MuonEG_C_v4.root
2026-01-12 13:53:26,705 - INFO - [2023] MISSING_CENTRAL: SR1E2Mu/Central/jets/3/mass in Skim_TriLep_DYJets10to50.root
2026-01-16 19:08:14,039 - INFO - [2023] MISSING_CENTRAL: SR1E2Mu/Central/jets/3/mass in Skim_TriLep_MuonEG_C_v3.root
2026-01-16 19:08:14,097 - INFO - [2023] MISSING_CENTRAL: SR1E2Mu/Central/jets/3/mass in Skim_TriLep_DYJets10to50.root
2026-01-28 17:05:51,434 - INFO - [2023] MISSING_CENTRAL: SR1E2Mu/Central/jets/3/mass in Skim_TriLep_MuonEG_C_v3.root
2026-01-28 17:05:51,481 - INFO - [2023] MISSING_CENTRAL: SR1E2Mu/Central/jets/3/mass in Skim_TriLep_DYJets.root
2026-01-28 17:05:51,482 - INFO - [2023] MISSING_CENTRAL: SR1E2Mu/Central/jets/3/mass in Skim_TriLep_DYJets10to50.root
2026-01-28 17:26:29,944 - INFO - [2023] MISSING_CENTRAL: SR1E2Mu/Central/jets/3/mass in Skim_TriLep_MuonEG_C_v3.root
2026-01-28 17:26:29,998 - INFO - [2023] MISSING_CENTRAL: SR1E2Mu/Central/jets/3/mass in Skim_TriLep_DYJets.root
2026-01-28 17:26:29,999 - INFO - [2023] MISSING_CENTRAL: SR1E2Mu/Central/jets/3/mass in Skim_TriLep_DYJets10to50.root
2026-01-28 20:00:08,182 - INFO - [2023] MISSING_CENTRAL: SR1E2Mu/Central/jets/3/mass in Skim_TriLep_MuonEG_C_v3.root
2026-01-28 20:00:08,227 - INFO - [2023] MISSING_CENTRAL: SR1E2Mu/Central/jets/3/mass in Skim_TriLep_DYJets.root
2026-01-28 20:00:08,227 - INFO - [2023] MISSING_CENTRAL: SR1E2Mu/Central/jets/3/mass in Skim_TriLep_DYJets10to50.root
2026-01-29 07:16:56,758 - INFO - [2023] MISSING_CENTRAL: SR1E2Mu/Central/jets/3/mass in Skim_TriLep_MuonEG_C_v3.root
2026-01-29 07:16:56,800 - INFO - [2023] MISSING_CENTRAL: SR1E2Mu/Central/jets/3/mass in Skim_TriLep_DYJets.root
2026-01-29 07:16:56,801 - INFO - [2023] MISSING_CENTRAL: SR1E2Mu/Central/jets/3/mass in Skim_TriLep_DYJets10to50.root
2026-03-06 09:43:09,245 - INFO - [2023] MISSING_CENTRAL: SR1E2Mu/Central/jets/3/mass in Skim_TriLep_MuonEG_C_v3.root
2026-03-06 09:43:09,290 - INFO - [2023] MISSING_CENTRAL: SR1E2Mu/Central/jets/3/mass in Skim_TriLep_DYJets.root
2026-03-06 09:43:09,290 - INFO - [2023] MISSING_CENTRAL: SR1E2Mu/Central/jets/3/mass in Skim_TriLep_DYJets10to50.root
2026-03-06 19:48:55,495 - INFO - [2023] MISSING_CENTRAL: SR1E2Mu/Central/jets/3/mass in Skim_TriLep_MuonEG_C_v3.root
2026-03-06 19:48:55,542 - INFO - [2023] MISSING_CENTRAL: SR1E2Mu/Central/jets/3/mass in Skim_TriLep_DYJets.root
2026-03-06 19:48:55,543 - INFO - [2023] MISSING_CENTRAL: SR1E2Mu/Central/jets/3/mass in Skim_TriLep_DYJets10to50.root
