2025-09-24 16:03:12,411 - INFO - [2023] MISSING_CENTRAL: SR1E2Mu/Central/jets/4/energy in Skim_TriLep_MuonEG_C_v2.root
2025-09-24 16:03:12,411 - INFO - [2023] MISSING_CENTRAL: SR1E2Mu/Central/jets/4/energy in Skim_TriLep_MuonEG_C_v3.root
2025-09-24 16:03:12,449 - INFO - [2023] MISSING_CENTRAL: SR1E2Mu/Central/jets/4/energy in Skim_TriLep_DYJets.root
2025-09-24 16:03:12,449 - INFO - [2023] MISSING_CENTRAL: SR1E2Mu/Central/jets/4/energy in Skim_TriLep_DYJets10to50.root
2025-09-24 16:03:12,450 - INFO - [2023] MISSING_CENTRAL: SR1E2Mu/Central/jets/4/energy in Skim_TriLep_DYGTo2LG_MLL4to50_PTG10to100.root
2025-09-24 16:03:12,450 - INFO - [2023] MISSING_CENTRAL: SR1E2Mu/Central/jets/4/energy in Skim_TriLep_DYGTo2LG_MLL4to50_PTG100to200.root
2025-09-24 16:03:12,450 - INFO - [2023] MISSING_CENTRAL: SR1E2Mu/Central/jets/4/energy in Skim_TriLep_DYGTo2LG_MLL4to50_PTG200toInf.root
2025-09-24 16:03:12,451 - INFO - [2023] MISSING_CENTRAL: SR1E2Mu/Central/jets/4/energy in Skim_TriLep_DYGTo2LG_MLL50_PTG10to100.root
2025-09-24 16:03:12,451 - INFO - [2023] MISSING_CENTRAL: SR1E2Mu/Central/jets/4/energy in Skim_TriLep_DYGTo2LG_MLL50_PTG100to200.root
2025-09-24 16:03:12,451 - INFO - [2023] MISSING_CENTRAL: SR1E2Mu/Central/jets/4/energy in Skim_TriLep_DYGTo2LG_MLL50_PTG200to400.root
2025-09-24 16:03:12,451 - INFO - [2023] MISSING_CENTRAL: SR1E2Mu/Central/jets/4/energy in Skim_TriLep_DYGTo2LG_MLL50_PTG400to600.root
2025-09-24 16:03:12,452 - INFO - [2023] MISSING_CENTRAL: SR1E2Mu/Central/jets/4/energy in Skim_TriLep_DYGTo2LG_MLL50_PTG600toInf.root
2025-09-24 16:03:12,462 - INFO - [2023] MISSING_CENTRAL: SR1E2Mu/Central/jets/4/energy in Skim_TriLep_TTG_PTG100to200.root
2025-09-24 16:03:12,584 - INFO - [2023] MISSING_CENTRAL: SR1E2Mu/Central/jets/4/energy in Skim_TriLep_WZTo3LNu_powheg.root
2025-09-24 16:03:12,612 - INFO - [2023] MISSING_CENTRAL: SR1E2Mu/Central/jets/4/energy in Skim_TriLep_WWW.root
2025-09-24 16:03:12,652 - INFO - [2023] MISSING_CENTRAL: SR1E2Mu/Central/jets/4/energy in Skim_TriLep_VBFHToZZTo4L.root
2025-09-24 16:03:12,653 - INFO - [2023] MISSING_CENTRAL: SR1E2Mu/Central/jets/4/energy in Skim_TriLep_ggHToZZTo4L.root
2025-10-02 21:21:16,773 - INFO - [2023] MISSING_CENTRAL: SR1E2Mu/Central/jets/4/energy in Skim_TriLep_MuonEG_C_v2.root
2025-10-02 21:21:16,775 - INFO - [2023] MISSING_CENTRAL: SR1E2Mu/Central/jets/4/energy in Skim_TriLep_MuonEG_C_v3.root
2025-10-02 21:21:16,842 - INFO - [2023] MISSING_CENTRAL: SR1E2Mu/Central/jets/4/energy in Skim_TriLep_DYJets.root
2025-10-02 21:21:16,844 - INFO - [2023] MISSING_CENTRAL: SR1E2Mu/Central/jets/4/energy in Skim_TriLep_DYJets10to50.root
2025-10-02 21:21:16,845 - INFO - [2023] MISSING_CENTRAL: SR1E2Mu/Central/jets/4/energy in Skim_TriLep_DYGTo2LG_MLL4to50_PTG10to100.root
2025-10-02 21:21:16,846 - INFO - [2023] MISSING_CENTRAL: SR1E2Mu/Central/jets/4/energy in Skim_TriLep_DYGTo2LG_MLL4to50_PTG100to200.root
2025-10-02 21:21:16,848 - INFO - [2023] MISSING_CENTRAL: SR1E2Mu/Central/jets/4/energy in Skim_TriLep_DYGTo2LG_MLL4to50_PTG200toInf.root
2025-10-02 21:21:16,849 - INFO - [2023] MISSING_CENTRAL: SR1E2Mu/Central/jets/4/energy in Skim_TriLep_DYGTo2LG_MLL50_PTG10to100.root
2025-10-02 21:21:16,851 - INFO - [2023] MISSING_CENTRAL: SR1E2Mu/Central/jets/4/energy in Skim_TriLep_DYGTo2LG_MLL50_PTG100to200.root
2025-10-02 21:21:16,852 - INFO - [2023] MISSING_CENTRAL: SR1E2Mu/Central/jets/4/energy in Skim_TriLep_DYGTo2LG_MLL50_PTG200to400.root
2025-10-02 21:21:16,853 - INFO - [2023] MISSING_CENTRAL: SR1E2Mu/Central/jets/4/energy in Skim_TriLep_DYGTo2LG_MLL50_PTG400to600.root
2025-10-02 21:21:16,855 - INFO - [2023] MISSING_CENTRAL: SR1E2Mu/Central/jets/4/energy in Skim_TriLep_DYGTo2LG_MLL50_PTG600toInf.root
2025-10-02 21:21:16,879 - INFO - [2023] MISSING_CENTRAL: SR1E2Mu/Central/jets/4/energy in Skim_TriLep_TTG_PTG100to200.root
2025-10-02 21:21:16,977 - INFO - [2023] MISSING_CENTRAL: SR1E2Mu/Central/jets/4/energy in Skim_TriLep_WZTo3LNu_powheg.root
2025-10-02 21:21:17,040 - INFO - [2023] MISSING_CENTRAL: SR1E2Mu/Central/jets/4/energy in Skim_TriLep_WWW.root
2025-10-02 21:21:17,132 - INFO - [2023] MISSING_CENTRAL: SR1E2Mu/Central/jets/4/energy in Skim_TriLep_VBFHToZZTo4L.root
2025-10-02 21:21:17,135 - INFO - [2023] MISSING_CENTRAL: SR1E2Mu/Central/jets/4/energy in Skim_TriLep_ggHToZZTo4L.root
2025-10-03 00:32:58,635 - INFO - [2023] MISSING_CENTRAL: SR1E2Mu/Central/jets/4/energy in Skim_TriLep_MuonEG_C_v2.root
2025-10-03 00:32:58,637 - INFO - [2023] MISSING_CENTRAL: SR1E2Mu/Central/jets/4/energy in Skim_TriLep_MuonEG_C_v3.root
2025-10-03 00:32:58,897 - INFO - [2023] MISSING_CENTRAL: SR1E2Mu/Central/jets/4/energy in Skim_TriLep_DYJets.root
2025-10-03 00:32:58,910 - INFO - [2023] MISSING_CENTRAL: SR1E2Mu/Central/jets/4/energy in Skim_TriLep_DYJets10to50.root
2025-10-03 00:32:58,911 - INFO - [2023] MISSING_CENTRAL: SR1E2Mu/Central/jets/4/energy in Skim_TriLep_DYGTo2LG_MLL4to50_PTG10to100.root
2025-10-03 00:32:58,912 - INFO - [2023] MISSING_CENTRAL: SR1E2Mu/Central/jets/4/energy in Skim_TriLep_DYGTo2LG_MLL4to50_PTG100to200.root
2025-10-03 00:32:58,913 - INFO - [2023] MISSING_CENTRAL: SR1E2Mu/Central/jets/4/energy in Skim_TriLep_DYGTo2LG_MLL4to50_PTG200toInf.root
2025-10-03 00:32:58,913 - INFO - [2023] MISSING_CENTRAL: SR1E2Mu/Central/jets/4/energy in Skim_TriLep_DYGTo2LG_MLL50_PTG10to100.root
2025-10-03 00:32:58,914 - INFO - [2023] MISSING_CENTRAL: SR1E2Mu/Central/jets/4/energy in Skim_TriLep_DYGTo2LG_MLL50_PTG100to200.root
2025-10-03 00:32:58,916 - INFO - [2023] MISSING_CENTRAL: SR1E2Mu/Central/jets/4/energy in Skim_TriLep_DYGTo2LG_MLL50_PTG200to400.root
2025-10-03 00:32:58,917 - INFO - [2023] MISSING_CENTRAL: SR1E2Mu/Central/jets/4/energy in Skim_TriLep_DYGTo2LG_MLL50_PTG400to600.root
2025-10-03 00:32:58,918 - INFO - [2023] MISSING_CENTRAL: SR1E2Mu/Central/jets/4/energy in Skim_TriLep_DYGTo2LG_MLL50_PTG600toInf.root
2025-10-03 00:32:58,957 - INFO - [2023] MISSING_CENTRAL: SR1E2Mu/Central/jets/4/energy in Skim_TriLep_TTG_PTG100to200.root
2025-10-03 00:32:59,124 - INFO - [2023] MISSING_CENTRAL: SR1E2Mu/Central/jets/4/energy in Skim_TriLep_WZTo3LNu_powheg.root
2025-10-03 00:32:59,223 - INFO - [2023] MISSING_CENTRAL: SR1E2Mu/Central/jets/4/energy in Skim_TriLep_WWW.root
2025-10-03 00:32:59,346 - INFO - [2023] MISSING_CENTRAL: SR1E2Mu/Central/jets/4/energy in Skim_TriLep_VBFHToZZTo4L.root
2025-10-03 00:32:59,347 - INFO - [2023] MISSING_CENTRAL: SR1E2Mu/Central/jets/4/energy in Skim_TriLep_ggHToZZTo4L.root
2025-11-07 13:12:29,868 - INFO - [2023] MISSING_FILE: /home/choij/Sync/workspace/ChargedHiggsAnalysisV3/SKNanoOutput/PromptSelector/Run1E2Mu/2023/Skim_TriLep_MuonEG_C_v1.root
2025-11-07 13:12:29,870 - INFO - [2023] MISSING_FILE: /home/choij/Sync/workspace/ChargedHiggsAnalysisV3/SKNanoOutput/PromptSelector/Run1E2Mu/2023/Skim_TriLep_MuonEG_C_v2.root
2025-11-07 13:12:29,871 - INFO - [2023] MISSING_FILE: /home/choij/Sync/workspace/ChargedHiggsAnalysisV3/SKNanoOutput/PromptSelector/Run1E2Mu/2023/Skim_TriLep_MuonEG_C_v3.root
2025-11-07 13:12:29,871 - INFO - [2023] MISSING_FILE: /home/choij/Sync/workspace/ChargedHiggsAnalysisV3/SKNanoOutput/PromptSelector/Run1E2Mu/2023/Skim_TriLep_MuonEG_C_v4.root
2025-11-07 14:10:04,341 - INFO - [2023] MISSING_FILE: /home/choij/Sync/workspace/ChargedHiggsAnalysisV3/SKNanoOutput/PromptSelector/Run1E2Mu/2023/Skim_TriLep_MuonEG_C_v1.root
2025-11-07 14:10:04,342 - INFO - [2023] MISSING_FILE: /home/choij/Sync/workspace/ChargedHiggsAnalysisV3/SKNanoOutput/PromptSelector/Run1E2Mu/2023/Skim_TriLep_MuonEG_C_v2.root
2025-11-07 14:10:04,342 - INFO - [2023] MISSING_FILE: /home/choij/Sync/workspace/ChargedHiggsAnalysisV3/SKNanoOutput/PromptSelector/Run1E2Mu/2023/Skim_TriLep_MuonEG_C_v3.root
2025-11-07 14:10:04,342 - INFO - [2023] MISSING_FILE: /home/choij/Sync/workspace/ChargedHiggsAnalysisV3/SKNanoOutput/PromptSelector/Run1E2Mu/2023/Skim_TriLep_MuonEG_C_v4.root
2025-11-10 12:26:01,214 - INFO - [2023] MISSING_CENTRAL: SR1E2Mu/Central/jets/4/energy in Skim_TriLep_MuonEG_C_v2.root
2025-11-10 12:26:01,215 - INFO - [2023] MISSING_CENTRAL: SR1E2Mu/Central/jets/4/energy in Skim_TriLep_MuonEG_C_v3.root
2025-11-10 12:26:01,306 - INFO - [2023] MISSING_CENTRAL: SR1E2Mu/Central/jets/4/energy in Skim_TriLep_DYJets.root
2025-11-10 12:26:01,306 - INFO - [2023] MISSING_CENTRAL: SR1E2Mu/Central/jets/4/energy in Skim_TriLep_DYJets10to50.root
2025-11-10 12:26:01,307 - INFO - [2023] MISSING_CENTRAL: SR1E2Mu/Central/jets/4/energy in Skim_TriLep_DYGTo2LG_MLL4to50_PTG10to100.root
2025-11-10 12:26:01,308 - INFO - [2023] MISSING_CENTRAL: SR1E2Mu/Central/jets/4/energy in Skim_TriLep_DYGTo2LG_MLL4to50_PTG100to200.root
2025-11-10 12:26:01,308 - INFO - [2023] MISSING_CENTRAL: SR1E2Mu/Central/jets/4/energy in Skim_TriLep_DYGTo2LG_MLL4to50_PTG200toInf.root
2025-11-10 12:26:01,309 - INFO - [2023] MISSING_CENTRAL: SR1E2Mu/Central/jets/4/energy in Skim_TriLep_DYGTo2LG_MLL50_PTG10to100.root
2025-11-10 12:26:01,309 - INFO - [2023] MISSING_CENTRAL: SR1E2Mu/Central/jets/4/energy in Skim_TriLep_DYGTo2LG_MLL50_PTG100to200.root
2025-11-10 12:26:01,310 - INFO - [2023] MISSING_CENTRAL: SR1E2Mu/Central/jets/4/energy in Skim_TriLep_DYGTo2LG_MLL50_PTG200to400.root
2025-11-10 12:26:01,311 - INFO - [2023] MISSING_CENTRAL: SR1E2Mu/Central/jets/4/energy in Skim_TriLep_DYGTo2LG_MLL50_PTG400to600.root
2025-11-10 12:26:01,311 - INFO - [2023] MISSING_CENTRAL: SR1E2Mu/Central/jets/4/energy in Skim_TriLep_DYGTo2LG_MLL50_PTG600toInf.root
2025-11-10 12:26:01,326 - INFO - [2023] MISSING_CENTRAL: SR1E2Mu/Central/jets/4/energy in Skim_TriLep_TTG_PTG100to200.root
2025-11-10 12:26:01,427 - INFO - [2023] MISSING_CENTRAL: SR1E2Mu/Central/jets/4/energy in Skim_TriLep_WWW.root
2025-11-10 12:26:01,473 - INFO - [2023] MISSING_CENTRAL: SR1E2Mu/Central/jets/4/energy in Skim_TriLep_VBFHToZZTo4L.root
2025-11-10 12:26:01,473 - INFO - [2023] MISSING_CENTRAL: SR1E2Mu/Central/jets/4/energy in Skim_TriLep_ggHToZZTo4L.root
2025-11-13 11:16:15,188 - INFO - [2023] MISSING_CENTRAL: SR1E2Mu/Central/jets/4/energy in Skim_TriLep_MuonEG_C_v2.root
2025-11-13 11:16:15,189 - INFO - [2023] MISSING_CENTRAL: SR1E2Mu/Central/jets/4/energy in Skim_TriLep_MuonEG_C_v3.root
2025-11-13 11:16:15,251 - INFO - [2023] MISSING_CENTRAL: SR1E2Mu/Central/jets/4/energy in Skim_TriLep_DYJets.root
2025-11-13 11:16:15,253 - INFO - [2023] MISSING_CENTRAL: SR1E2Mu/Central/jets/4/energy in Skim_TriLep_DYJets10to50.root
2025-11-13 11:16:15,254 - INFO - [2023] MISSING_CENTRAL: SR1E2Mu/Central/jets/4/energy in Skim_TriLep_DYGTo2LG_MLL4to50_PTG10to100.root
2025-11-13 11:16:15,255 - INFO - [2023] MISSING_CENTRAL: SR1E2Mu/Central/jets/4/energy in Skim_TriLep_DYGTo2LG_MLL4to50_PTG100to200.root
2025-11-13 11:16:15,256 - INFO - [2023] MISSING_CENTRAL: SR1E2Mu/Central/jets/4/energy in Skim_TriLep_DYGTo2LG_MLL4to50_PTG200toInf.root
2025-11-13 11:16:15,258 - INFO - [2023] MISSING_CENTRAL: SR1E2Mu/Central/jets/4/energy in Skim_TriLep_DYGTo2LG_MLL50_PTG10to100.root
2025-11-13 11:16:15,259 - INFO - [2023] MISSING_CENTRAL: SR1E2Mu/Central/jets/4/energy in Skim_TriLep_DYGTo2LG_MLL50_PTG100to200.root
2025-11-13 11:16:15,260 - INFO - [2023] MISSING_CENTRAL: SR1E2Mu/Central/jets/4/energy in Skim_TriLep_DYGTo2LG_MLL50_PTG200to400.root
2025-11-13 11:16:15,262 - INFO - [2023] MISSING_CENTRAL: SR1E2Mu/Central/jets/4/energy in Skim_TriLep_DYGTo2LG_MLL50_PTG400to600.root
2025-11-13 11:16:15,263 - INFO - [2023] MISSING_CENTRAL: SR1E2Mu/Central/jets/4/energy in Skim_TriLep_DYGTo2LG_MLL50_PTG600toInf.root
2025-11-13 11:16:15,288 - INFO - [2023] MISSING_CENTRAL: SR1E2Mu/Central/jets/4/energy in Skim_TriLep_TTG_PTG100to200.root
2025-11-13 11:16:15,446 - INFO - [2023] MISSING_CENTRAL: SR1E2Mu/Central/jets/4/energy in Skim_TriLep_WWW.root
2025-11-13 11:16:15,527 - INFO - [2023] MISSING_CENTRAL: SR1E2Mu/Central/jets/4/energy in Skim_TriLep_VBFHToZZTo4L.root
2025-11-13 11:16:15,528 - INFO - [2023] MISSING_CENTRAL: SR1E2Mu/Central/jets/4/energy in Skim_TriLep_ggHToZZTo4L.root
2025-11-19 16:28:28,512 - INFO - [2023] MISSING_CENTRAL: SR1E2Mu/Central/jets/4/energy in Skim_TriLep_MuonEG_C_v2.root
2025-11-19 16:28:28,512 - INFO - [2023] MISSING_CENTRAL: SR1E2Mu/Central/jets/4/energy in Skim_TriLep_MuonEG_C_v3.root
2025-11-19 16:28:28,557 - INFO - [2023] MISSING_CENTRAL: SR1E2Mu/Central/jets/4/energy in Skim_TriLep_DYJets.root
2025-11-19 16:28:28,557 - INFO - [2023] MISSING_CENTRAL: SR1E2Mu/Central/jets/4/energy in Skim_TriLep_DYJets10to50.root
2025-11-19 16:28:28,558 - INFO - [2023] MISSING_CENTRAL: SR1E2Mu/Central/jets/4/energy in Skim_TriLep_DYGTo2LG_MLL4to50_PTG10to100.root
2025-11-19 16:28:28,559 - INFO - [2023] MISSING_CENTRAL: SR1E2Mu/Central/jets/4/energy in Skim_TriLep_DYGTo2LG_MLL4to50_PTG100to200.root
2025-11-19 16:28:28,560 - INFO - [2023] MISSING_CENTRAL: SR1E2Mu/Central/jets/4/energy in Skim_TriLep_DYGTo2LG_MLL4to50_PTG200toInf.root
2025-11-19 16:28:28,560 - INFO - [2023] MISSING_CENTRAL: SR1E2Mu/Central/jets/4/energy in Skim_TriLep_DYGTo2LG_MLL50_PTG10to100.root
2025-11-19 16:28:28,561 - INFO - [2023] MISSING_CENTRAL: SR1E2Mu/Central/jets/4/energy in Skim_TriLep_DYGTo2LG_MLL50_PTG100to200.root
2025-11-19 16:28:28,561 - INFO - [2023] MISSING_CENTRAL: SR1E2Mu/Central/jets/4/energy in Skim_TriLep_DYGTo2LG_MLL50_PTG200to400.root
2025-11-19 16:28:28,562 - INFO - [2023] MISSING_CENTRAL: SR1E2Mu/Central/jets/4/energy in Skim_TriLep_DYGTo2LG_MLL50_PTG400to600.root
2025-11-19 16:28:28,563 - INFO - [2023] MISSING_CENTRAL: SR1E2Mu/Central/jets/4/energy in Skim_TriLep_DYGTo2LG_MLL50_PTG600toInf.root
2025-11-19 16:28:28,578 - INFO - [2023] MISSING_CENTRAL: SR1E2Mu/Central/jets/4/energy in Skim_TriLep_TTG_PTG100to200.root
2025-11-19 16:28:28,684 - INFO - [2023] MISSING_CENTRAL: SR1E2Mu/Central/jets/4/energy in Skim_TriLep_WWW.root
2025-11-19 16:28:28,732 - INFO - [2023] MISSING_CENTRAL: SR1E2Mu/Central/jets/4/energy in Skim_TriLep_VBFHToZZTo4L.root
2025-11-19 16:28:28,733 - INFO - [2023] MISSING_CENTRAL: SR1E2Mu/Central/jets/4/energy in Skim_TriLep_ggHToZZTo4L.root
2025-12-17 22:43:22,500 - INFO - [2023] MISSING_CENTRAL: SR1E2Mu/Central/jets/4/energy in Skim_TriLep_MuonEG_C_v2.root
2025-12-17 22:43:22,501 - INFO - [2023] MISSING_CENTRAL: SR1E2Mu/Central/jets/4/energy in Skim_TriLep_MuonEG_C_v3.root
2025-12-17 22:43:22,559 - INFO - [2023] MISSING_CENTRAL: SR1E2Mu/Central/jets/4/energy in Skim_TriLep_DYJets.root
2025-12-17 22:43:22,560 - INFO - [2023] MISSING_CENTRAL: SR1E2Mu/Central/jets/4/energy in Skim_TriLep_DYJets10to50.root
2025-12-17 22:43:22,583 - INFO - [2023] MISSING_CENTRAL: SR1E2Mu/Central/jets/4/energy in Skim_TriLep_TTG_PTG100to200.root
2025-12-17 22:43:22,813 - INFO - [2023] MISSING_CENTRAL: SR1E2Mu/Central/jets/4/energy in Skim_TriLep_WWW.root
2025-12-17 22:43:22,877 - INFO - [2023] MISSING_CENTRAL: SR1E2Mu/Central/jets/4/energy in Skim_TriLep_VBFHToZZTo4L.root
2025-12-17 22:43:22,878 - INFO - [2023] MISSING_CENTRAL: SR1E2Mu/Central/jets/4/energy in Skim_TriLep_ggHToZZTo4L.root
2025-12-18 14:44:11,533 - INFO - [2023] MISSING_CENTRAL: SR1E2Mu/Central/jets/4/energy in Skim_TriLep_MuonEG_C_v2.root
2025-12-18 14:44:11,535 - INFO - [2023] MISSING_CENTRAL: SR1E2Mu/Central/jets/4/energy in Skim_TriLep_MuonEG_C_v3.root
2025-12-18 14:44:11,619 - INFO - [2023] MISSING_CENTRAL: SR1E2Mu/Central/jets/4/energy in Skim_TriLep_DYJets.root
2025-12-18 14:44:11,631 - INFO - [2023] MISSING_CENTRAL: SR1E2Mu/Central/jets/4/energy in Skim_TriLep_DYJets10to50.root
2025-12-18 14:44:11,669 - INFO - [2023] MISSING_CENTRAL: SR1E2Mu/Central/jets/4/energy in Skim_TriLep_TTG_PTG100to200.root
2025-12-18 14:44:11,904 - INFO - [2023] MISSING_CENTRAL: SR1E2Mu/Central/jets/4/energy in Skim_TriLep_WWW.root
2025-12-18 14:44:12,015 - INFO - [2023] MISSING_CENTRAL: SR1E2Mu/Central/jets/4/energy in Skim_TriLep_VBFHToZZTo4L.root
2025-12-18 14:44:12,018 - INFO - [2023] MISSING_CENTRAL: SR1E2Mu/Central/jets/4/energy in Skim_TriLep_ggHToZZTo4L.root
2026-01-07 11:53:11,729 - INFO - [2023] MISSING_CENTRAL: SR1E2Mu/Central/jets/4/energy in Skim_TriLep_MuonEG_C_v2.root
2026-01-07 11:53:11,730 - INFO - [2023] MISSING_CENTRAL: SR1E2Mu/Central/jets/4/energy in Skim_TriLep_MuonEG_C_v3.root
2026-01-07 11:53:11,844 - INFO - [2023] MISSING_CENTRAL: SR1E2Mu/Central/jets/4/energy in Skim_TriLep_DYJets.root
2026-01-07 11:53:11,848 - INFO - [2023] MISSING_CENTRAL: SR1E2Mu/Central/jets/4/energy in Skim_TriLep_DYJets10to50.root
2026-01-07 11:53:11,916 - INFO - [2023] MISSING_CENTRAL: SR1E2Mu/Central/jets/4/energy in Skim_TriLep_TTG_PTG100to200.root
2026-01-07 11:53:12,076 - INFO - [2023] MISSING_CENTRAL: SR1E2Mu/Central/jets/4/energy in Skim_TriLep_WWW.root
2026-01-07 11:53:12,156 - INFO - [2023] MISSING_CENTRAL: SR1E2Mu/Central/jets/4/energy in Skim_TriLep_VBFHToZZTo4L.root
2026-01-07 11:53:12,158 - INFO - [2023] MISSING_CENTRAL: SR1E2Mu/Central/jets/4/energy in Skim_TriLep_ggHToZZTo4L.root
2026-01-07 18:49:49,818 - INFO - [2023] MISSING_CENTRAL: SR1E2Mu/Central/jets/4/energy in Skim_TriLep_MuonEG_C_v2.root
2026-01-07 18:49:49,819 - INFO - [2023] MISSING_CENTRAL: SR1E2Mu/Central/jets/4/energy in Skim_TriLep_MuonEG_C_v3.root
2026-01-07 18:49:49,878 - INFO - [2023] MISSING_CENTRAL: SR1E2Mu/Central/jets/4/energy in Skim_TriLep_DYJets.root
2026-01-07 18:49:49,879 - INFO - [2023] MISSING_CENTRAL: SR1E2Mu/Central/jets/4/energy in Skim_TriLep_DYJets10to50.root
2026-01-07 18:49:49,910 - INFO - [2023] MISSING_CENTRAL: SR1E2Mu/Central/jets/4/energy in Skim_TriLep_TTG_PTG100to200.root
2026-01-07 18:49:50,106 - INFO - [2023] MISSING_CENTRAL: SR1E2Mu/Central/jets/4/energy in Skim_TriLep_WWW.root
2026-01-07 18:49:50,187 - INFO - [2023] MISSING_CENTRAL: SR1E2Mu/Central/jets/4/energy in Skim_TriLep_VBFHToZZTo4L.root
2026-01-07 18:49:50,188 - INFO - [2023] MISSING_CENTRAL: SR1E2Mu/Central/jets/4/energy in Skim_TriLep_ggHToZZTo4L.root
2026-01-07 19:30:37,214 - INFO - [2023] MISSING_CENTRAL: SR1E2Mu/Central/jets/4/energy in Skim_TriLep_MuonEG_C_v2.root
2026-01-07 19:30:37,215 - INFO - [2023] MISSING_CENTRAL: SR1E2Mu/Central/jets/4/energy in Skim_TriLep_MuonEG_C_v3.root
2026-01-07 19:30:37,276 - INFO - [2023] MISSING_CENTRAL: SR1E2Mu/Central/jets/4/energy in Skim_TriLep_DYJets.root
2026-01-07 19:30:37,277 - INFO - [2023] MISSING_CENTRAL: SR1E2Mu/Central/jets/4/energy in Skim_TriLep_DYJets10to50.root
2026-01-07 19:30:37,309 - INFO - [2023] MISSING_CENTRAL: SR1E2Mu/Central/jets/4/energy in Skim_TriLep_TTG_PTG100to200.root
2026-01-07 19:30:37,492 - INFO - [2023] MISSING_CENTRAL: SR1E2Mu/Central/jets/4/energy in Skim_TriLep_WWW.root
2026-01-07 19:30:37,572 - INFO - [2023] MISSING_CENTRAL: SR1E2Mu/Central/jets/4/energy in Skim_TriLep_VBFHToZZTo4L.root
2026-01-07 19:30:37,574 - INFO - [2023] MISSING_CENTRAL: SR1E2Mu/Central/jets/4/energy in Skim_TriLep_ggHToZZTo4L.root
2026-01-09 12:24:37,129 - INFO - [2023] MISSING_CENTRAL: SR1E2Mu/Central/jets/4/energy in Skim_TriLep_MuonEG_C_v2.root
2026-01-09 12:24:37,130 - INFO - [2023] MISSING_CENTRAL: SR1E2Mu/Central/jets/4/energy in Skim_TriLep_MuonEG_C_v3.root
2026-01-09 12:24:37,256 - INFO - [2023] MISSING_CENTRAL: SR1E2Mu/Central/jets/4/energy in Skim_TriLep_DYJets.root
2026-01-09 12:24:37,257 - INFO - [2023] MISSING_CENTRAL: SR1E2Mu/Central/jets/4/energy in Skim_TriLep_DYJets10to50.root
2026-01-09 12:24:37,275 - INFO - [2023] MISSING_CENTRAL: SR1E2Mu/Central/jets/4/energy in Skim_TriLep_TTG_PTG100to200.root
2026-01-09 12:24:37,376 - INFO - [2023] MISSING_CENTRAL: SR1E2Mu/Central/jets/4/energy in Skim_TriLep_WWW.root
2026-01-09 12:24:37,420 - INFO - [2023] MISSING_CENTRAL: SR1E2Mu/Central/jets/4/energy in Skim_TriLep_VBFHToZZTo4L.root
2026-01-09 12:24:37,420 - INFO - [2023] MISSING_CENTRAL: SR1E2Mu/Central/jets/4/energy in Skim_TriLep_ggHToZZTo4L.root
2026-01-11 09:44:38,595 - INFO - [2023] MISSING_CENTRAL: SR1E2Mu/Central/jets/4/energy in Skim_TriLep_MuonEG_C_v2.root
2026-01-11 09:44:38,596 - INFO - [2023] MISSING_CENTRAL: SR1E2Mu/Central/jets/4/energy in Skim_TriLep_MuonEG_C_v3.root
2026-01-11 09:44:38,639 - INFO - [2023] MISSING_CENTRAL: SR1E2Mu/Central/jets/4/energy in Skim_TriLep_DYJets.root
2026-01-11 09:44:38,639 - INFO - [2023] MISSING_CENTRAL: SR1E2Mu/Central/jets/4/energy in Skim_TriLep_DYJets10to50.root
2026-01-11 09:44:38,658 - INFO - [2023] MISSING_CENTRAL: SR1E2Mu/Central/jets/4/energy in Skim_TriLep_TTG_PTG100to200.root
2026-01-11 09:44:38,760 - INFO - [2023] MISSING_CENTRAL: SR1E2Mu/Central/jets/4/energy in Skim_TriLep_WWW.root
2026-01-11 09:44:38,807 - INFO - [2023] MISSING_CENTRAL: SR1E2Mu/Central/jets/4/energy in Skim_TriLep_VBFHToZZTo4L.root
2026-01-11 09:44:38,807 - INFO - [2023] MISSING_CENTRAL: SR1E2Mu/Central/jets/4/energy in Skim_TriLep_ggHToZZTo4L.root
2026-01-12 13:53:27,021 - INFO - [2023] MISSING_CENTRAL: SR1E2Mu/Central/jets/4/energy in Skim_TriLep_MuonEG_C_v2.root
2026-01-12 13:53:27,022 - INFO - [2023] MISSING_CENTRAL: SR1E2Mu/Central/jets/4/energy in Skim_TriLep_MuonEG_C_v3.root
2026-01-12 13:53:27,056 - INFO - [2023] MISSING_FILE: /home/choij/Sync/workspace/ChargedHiggsAnalysisV3/SKNanoOutput/MatrixSelector/Run1E2Mu/2023/Skim_TriLep_MuonEG_C_v1.root
2026-01-12 13:53:27,056 - INFO - [2023] MISSING_FILE: /home/choij/Sync/workspace/ChargedHiggsAnalysisV3/SKNanoOutput/MatrixSelector/Run1E2Mu/2023/Skim_TriLep_MuonEG_C_v2.root
2026-01-12 13:53:27,056 - INFO - [2023] MISSING_FILE: /home/choij/Sync/workspace/ChargedHiggsAnalysisV3/SKNanoOutput/MatrixSelector/Run1E2Mu/2023/Skim_TriLep_MuonEG_C_v3.root
2026-01-12 13:53:27,056 - INFO - [2023] MISSING_FILE: /home/choij/Sync/workspace/ChargedHiggsAnalysisV3/SKNanoOutput/MatrixSelector/Run1E2Mu/2023/Skim_TriLep_MuonEG_C_v4.root
2026-01-12 13:53:27,057 - INFO - [2023] MISSING_CENTRAL: SR1E2Mu/Central/jets/4/energy in Skim_TriLep_DYJets.root
2026-01-12 13:53:27,057 - INFO - [2023] MISSING_CENTRAL: SR1E2Mu/Central/jets/4/energy in Skim_TriLep_DYJets10to50.root
2026-01-12 13:53:27,083 - INFO - [2023] MISSING_CENTRAL: SR1E2Mu/Central/jets/4/energy in Skim_TriLep_TTG_PTG100to200.root
2026-01-12 13:53:27,190 - INFO - [2023] MISSING_CENTRAL: SR1E2Mu/Central/jets/4/energy in Skim_TriLep_WWW.root
2026-01-12 13:53:27,238 - INFO - [2023] MISSING_CENTRAL: SR1E2Mu/Central/jets/4/energy in Skim_TriLep_VBFHToZZTo4L.root
2026-01-12 13:53:27,239 - INFO - [2023] MISSING_CENTRAL: SR1E2Mu/Central/jets/4/energy in Skim_TriLep_ggHToZZTo4L.root
2026-01-16 19:08:14,085 - INFO - [2023] MISSING_CENTRAL: SR1E2Mu/Central/jets/4/energy in Skim_TriLep_MuonEG_C_v2.root
2026-01-16 19:08:14,086 - INFO - [2023] MISSING_CENTRAL: SR1E2Mu/Central/jets/4/energy in Skim_TriLep_MuonEG_C_v3.root
2026-01-16 19:08:14,130 - INFO - [2023] MISSING_CENTRAL: SR1E2Mu/Central/jets/4/energy in Skim_TriLep_DYJets.root
2026-01-16 19:08:14,131 - INFO - [2023] MISSING_CENTRAL: SR1E2Mu/Central/jets/4/energy in Skim_TriLep_DYJets10to50.root
2026-01-16 19:08:14,151 - INFO - [2023] MISSING_CENTRAL: SR1E2Mu/Central/jets/4/energy in Skim_TriLep_TTG_PTG100to200.root
2026-01-16 19:08:14,270 - INFO - [2023] MISSING_CENTRAL: SR1E2Mu/Central/jets/4/energy in Skim_TriLep_WWW.root
2026-01-16 19:08:14,322 - INFO - [2023] MISSING_CENTRAL: SR1E2Mu/Central/jets/4/energy in Skim_TriLep_VBFHToZZTo4L.root
2026-01-16 19:08:14,323 - INFO - [2023] MISSING_CENTRAL: SR1E2Mu/Central/jets/4/energy in Skim_TriLep_ggHToZZTo4L.root
2026-01-28 17:05:51,657 - INFO - [2023] MISSING_CENTRAL: SR1E2Mu/Central/jets/4/energy in Skim_TriLep_MuonEG_C_v2.root
2026-01-28 17:05:51,658 - INFO - [2023] MISSING_CENTRAL: SR1E2Mu/Central/jets/4/energy in Skim_TriLep_MuonEG_C_v3.root
2026-01-28 17:05:51,713 - INFO - [2023] MISSING_CENTRAL: SR1E2Mu/Central/jets/4/energy in Skim_TriLep_DYJets.root
2026-01-28 17:05:51,713 - INFO - [2023] MISSING_CENTRAL: SR1E2Mu/Central/jets/4/energy in Skim_TriLep_DYJets10to50.root
2026-01-28 17:05:51,746 - INFO - [2023] MISSING_CENTRAL: SR1E2Mu/Central/jets/4/energy in Skim_TriLep_TTG_PTG100to200.root
2026-01-28 17:05:51,895 - INFO - [2023] MISSING_CENTRAL: SR1E2Mu/Central/jets/4/energy in Skim_TriLep_WZTo3LNu_powheg.root
2026-01-28 17:05:51,943 - INFO - [2023] MISSING_CENTRAL: SR1E2Mu/Central/jets/4/energy in Skim_TriLep_WWW.root
2026-01-28 17:05:52,033 - INFO - [2023] MISSING_CENTRAL: SR1E2Mu/Central/jets/4/energy in Skim_TriLep_VBFHToZZTo4L.root
2026-01-28 17:05:52,034 - INFO - [2023] MISSING_CENTRAL: SR1E2Mu/Central/jets/4/energy in Skim_TriLep_ggHToZZTo4L.root
2026-01-28 17:26:30,820 - INFO - [2023] MISSING_CENTRAL: SR1E2Mu/Central/jets/4/energy in Skim_TriLep_MuonEG_C_v2.root
2026-01-28 17:26:30,821 - INFO - [2023] MISSING_CENTRAL: SR1E2Mu/Central/jets/4/energy in Skim_TriLep_MuonEG_C_v3.root
2026-01-28 17:26:30,867 - INFO - [2023] MISSING_CENTRAL: SR1E2Mu/Central/jets/4/energy in Skim_TriLep_DYJets.root
2026-01-28 17:26:30,868 - INFO - [2023] MISSING_CENTRAL: SR1E2Mu/Central/jets/4/energy in Skim_TriLep_DYJets10to50.root
2026-01-28 17:26:30,900 - INFO - [2023] MISSING_CENTRAL: SR1E2Mu/Central/jets/4/energy in Skim_TriLep_TTG_PTG100to200.root
2026-01-28 17:26:31,047 - INFO - [2023] MISSING_CENTRAL: SR1E2Mu/Central/jets/4/energy in Skim_TriLep_WZTo3LNu_powheg.root
2026-01-28 17:26:31,099 - INFO - [2023] MISSING_CENTRAL: SR1E2Mu/Central/jets/4/energy in Skim_TriLep_WWW.root
2026-01-28 17:26:31,205 - INFO - [2023] MISSING_CENTRAL: SR1E2Mu/Central/jets/4/energy in Skim_TriLep_VBFHToZZTo4L.root
2026-01-28 17:26:31,205 - INFO - [2023] MISSING_CENTRAL: SR1E2Mu/Central/jets/4/energy in Skim_TriLep_ggHToZZTo4L.root
2026-01-28 20:00:08,899 - INFO - [2023] MISSING_CENTRAL: SR1E2Mu/Central/jets/4/energy in Skim_TriLep_MuonEG_C_v2.root
2026-01-28 20:00:08,901 - INFO - [2023] MISSING_CENTRAL: SR1E2Mu/Central/jets/4/energy in Skim_TriLep_MuonEG_C_v3.root
2026-01-28 20:00:08,948 - INFO - [2023] MISSING_CENTRAL: SR1E2Mu/Central/jets/4/energy in Skim_TriLep_DYJets.root
2026-01-28 20:00:08,949 - INFO - [2023] MISSING_CENTRAL: SR1E2Mu/Central/jets/4/energy in Skim_TriLep_DYJets10to50.root
2026-01-28 20:00:08,982 - INFO - [2023] MISSING_CENTRAL: SR1E2Mu/Central/jets/4/energy in Skim_TriLep_TTG_PTG100to200.root
2026-01-28 20:00:09,123 - INFO - [2023] MISSING_CENTRAL: SR1E2Mu/Central/jets/4/energy in Skim_TriLep_WZTo3LNu_powheg.root
2026-01-28 20:00:09,171 - INFO - [2023] MISSING_CENTRAL: SR1E2Mu/Central/jets/4/energy in Skim_TriLep_WWW.root
2026-01-28 20:00:09,267 - INFO - [2023] MISSING_CENTRAL: SR1E2Mu/Central/jets/4/energy in Skim_TriLep_VBFHToZZTo4L.root
2026-01-28 20:00:09,268 - INFO - [2023] MISSING_CENTRAL: SR1E2Mu/Central/jets/4/energy in Skim_TriLep_ggHToZZTo4L.root
2026-01-29 07:16:56,819 - INFO - [2023] MISSING_CENTRAL: SR1E2Mu/Central/jets/4/energy in Skim_TriLep_MuonEG_C_v2.root
2026-01-29 07:16:56,819 - INFO - [2023] MISSING_CENTRAL: SR1E2Mu/Central/jets/4/energy in Skim_TriLep_MuonEG_C_v3.root
2026-01-29 07:16:56,866 - INFO - [2023] MISSING_CENTRAL: SR1E2Mu/Central/jets/4/energy in Skim_TriLep_DYJets.root
2026-01-29 07:16:56,867 - INFO - [2023] MISSING_CENTRAL: SR1E2Mu/Central/jets/4/energy in Skim_TriLep_DYJets10to50.root
2026-01-29 07:16:56,889 - INFO - [2023] MISSING_CENTRAL: SR1E2Mu/Central/jets/4/energy in Skim_TriLep_TTG_PTG100to200.root
2026-01-29 07:16:56,987 - INFO - [2023] MISSING_CENTRAL: SR1E2Mu/Central/jets/4/energy in Skim_TriLep_WZTo3LNu_powheg.root
2026-01-29 07:16:57,021 - INFO - [2023] MISSING_CENTRAL: SR1E2Mu/Central/jets/4/energy in Skim_TriLep_WWW.root
2026-01-29 07:16:57,083 - INFO - [2023] MISSING_CENTRAL: SR1E2Mu/Central/jets/4/energy in Skim_TriLep_VBFHToZZTo4L.root
2026-01-29 07:16:57,084 - INFO - [2023] MISSING_CENTRAL: SR1E2Mu/Central/jets/4/energy in Skim_TriLep_ggHToZZTo4L.root
2026-03-06 09:43:09,315 - INFO - [2023] MISSING_CENTRAL: SR1E2Mu/Central/jets/4/energy in Skim_TriLep_MuonEG_C_v2.root
2026-03-06 09:43:09,316 - INFO - [2023] MISSING_CENTRAL: SR1E2Mu/Central/jets/4/energy in Skim_TriLep_MuonEG_C_v3.root
2026-03-06 09:43:09,364 - INFO - [2023] MISSING_CENTRAL: SR1E2Mu/Central/jets/4/energy in Skim_TriLep_DYJets.root
2026-03-06 09:43:09,364 - INFO - [2023] MISSING_CENTRAL: SR1E2Mu/Central/jets/4/energy in Skim_TriLep_DYJets10to50.root
2026-03-06 09:43:09,387 - INFO - [2023] MISSING_CENTRAL: SR1E2Mu/Central/jets/4/energy in Skim_TriLep_TTG_PTG100to200.root
2026-03-06 09:43:09,481 - INFO - [2023] MISSING_CENTRAL: SR1E2Mu/Central/jets/4/energy in Skim_TriLep_WZTo3LNu_powheg.root
2026-03-06 09:43:09,512 - INFO - [2023] MISSING_CENTRAL: SR1E2Mu/Central/jets/4/energy in Skim_TriLep_WWW.root
2026-03-06 09:43:09,544 - INFO - [2023] MISSING_CENTRAL: SR1E2Mu/Central/jets/4/energy in Skim_TriLep_ZZZ.root
2026-03-06 09:43:09,561 - INFO - [2023] MISSING_CENTRAL: SR1E2Mu/Central/jets/4/energy in Skim_TriLep_VBFHToZZTo4L.root
2026-03-06 09:43:09,561 - INFO - [2023] MISSING_CENTRAL: SR1E2Mu/Central/jets/4/energy in Skim_TriLep_ggHToZZTo4L.root
2026-03-06 19:48:55,732 - INFO - [2023] MISSING_CENTRAL: SR1E2Mu/Central/jets/4/energy in Skim_TriLep_MuonEG_C_v2.root
2026-03-06 19:48:55,732 - INFO - [2023] MISSING_CENTRAL: SR1E2Mu/Central/jets/4/energy in Skim_TriLep_MuonEG_C_v3.root
2026-03-06 19:48:55,777 - INFO - [2023] MISSING_CENTRAL: SR1E2Mu/Central/jets/4/energy in Skim_TriLep_DYJets.root
2026-03-06 19:48:55,778 - INFO - [2023] MISSING_CENTRAL: SR1E2Mu/Central/jets/4/energy in Skim_TriLep_DYJets10to50.root
2026-03-06 19:48:55,801 - INFO - [2023] MISSING_CENTRAL: SR1E2Mu/Central/jets/4/energy in Skim_TriLep_TTG_PTG100to200.root
2026-03-06 19:48:55,891 - INFO - [2023] MISSING_CENTRAL: SR1E2Mu/Central/jets/4/energy in Skim_TriLep_WZTo3LNu_powheg.root
2026-03-06 19:48:55,925 - INFO - [2023] MISSING_CENTRAL: SR1E2Mu/Central/jets/4/energy in Skim_TriLep_WWW.root
2026-03-06 19:48:55,958 - INFO - [2023] MISSING_CENTRAL: SR1E2Mu/Central/jets/4/energy in Skim_TriLep_ZZZ.root
2026-03-06 19:48:55,975 - INFO - [2023] MISSING_CENTRAL: SR1E2Mu/Central/jets/4/energy in Skim_TriLep_VBFHToZZTo4L.root
2026-03-06 19:48:55,976 - INFO - [2023] MISSING_CENTRAL: SR1E2Mu/Central/jets/4/energy in Skim_TriLep_ggHToZZTo4L.root
