2025-09-24 16:03:10,650 - INFO - [2023] MISSING_CENTRAL: SR1E2Mu/Central/jets/4/charge in Skim_TriLep_MuonEG_C_v2.root
2025-09-24 16:03:10,651 - INFO - [2023] MISSING_CENTRAL: SR1E2Mu/Central/jets/4/charge in Skim_TriLep_MuonEG_C_v3.root
2025-09-24 16:03:10,673 - INFO - [2023] MISSING_CENTRAL: SR1E2Mu/Central/jets/4/charge in Skim_TriLep_DYJets.root
2025-09-24 16:03:10,673 - INFO - [2023] MISSING_CENTRAL: SR1E2Mu/Central/jets/4/charge in Skim_TriLep_DYJets10to50.root
2025-09-24 16:03:10,674 - INFO - [2023] MISSING_CENTRAL: SR1E2Mu/Central/jets/4/charge in Skim_TriLep_DYGTo2LG_MLL4to50_PTG10to100.root
2025-09-24 16:03:10,674 - INFO - [2023] MISSING_CENTRAL: SR1E2Mu/Central/jets/4/charge in Skim_TriLep_DYGTo2LG_MLL4to50_PTG100to200.root
2025-09-24 16:03:10,674 - INFO - [2023] MISSING_CENTRAL: SR1E2Mu/Central/jets/4/charge in Skim_TriLep_DYGTo2LG_MLL4to50_PTG200toInf.root
2025-09-24 16:03:10,675 - INFO - [2023] MISSING_CENTRAL: SR1E2Mu/Central/jets/4/charge in Skim_TriLep_DYGTo2LG_MLL50_PTG10to100.root
2025-09-24 16:03:10,675 - INFO - [2023] MISSING_CENTRAL: SR1E2Mu/Central/jets/4/charge in Skim_TriLep_DYGTo2LG_MLL50_PTG100to200.root
2025-09-24 16:03:10,675 - INFO - [2023] MISSING_CENTRAL: SR1E2Mu/Central/jets/4/charge in Skim_TriLep_DYGTo2LG_MLL50_PTG200to400.root
2025-09-24 16:03:10,676 - INFO - [2023] MISSING_CENTRAL: SR1E2Mu/Central/jets/4/charge in Skim_TriLep_DYGTo2LG_MLL50_PTG400to600.root
2025-09-24 16:03:10,676 - INFO - [2023] MISSING_CENTRAL: SR1E2Mu/Central/jets/4/charge in Skim_TriLep_DYGTo2LG_MLL50_PTG600toInf.root
2025-09-24 16:03:10,684 - INFO - [2023] MISSING_CENTRAL: SR1E2Mu/Central/jets/4/charge in Skim_TriLep_TTG_PTG100to200.root
2025-09-24 16:03:10,754 - INFO - [2023] MISSING_CENTRAL: SR1E2Mu/Central/jets/4/charge in Skim_TriLep_WZTo3LNu_powheg.root
2025-09-24 16:03:10,776 - INFO - [2023] MISSING_CENTRAL: SR1E2Mu/Central/jets/4/charge in Skim_TriLep_WWW.root
2025-09-24 16:03:10,806 - INFO - [2023] MISSING_CENTRAL: SR1E2Mu/Central/jets/4/charge in Skim_TriLep_VBFHToZZTo4L.root
2025-09-24 16:03:10,806 - INFO - [2023] MISSING_CENTRAL: SR1E2Mu/Central/jets/4/charge in Skim_TriLep_ggHToZZTo4L.root
2025-10-02 21:21:16,382 - INFO - [2023] MISSING_CENTRAL: SR1E2Mu/Central/jets/4/charge in Skim_TriLep_MuonEG_C_v2.root
2025-10-02 21:21:16,384 - INFO - [2023] MISSING_CENTRAL: SR1E2Mu/Central/jets/4/charge in Skim_TriLep_MuonEG_C_v3.root
2025-10-02 21:21:16,522 - INFO - [2023] MISSING_CENTRAL: SR1E2Mu/Central/jets/4/charge in Skim_TriLep_DYJets.root
2025-10-02 21:21:16,523 - INFO - [2023] MISSING_CENTRAL: SR1E2Mu/Central/jets/4/charge in Skim_TriLep_DYJets10to50.root
2025-10-02 21:21:16,524 - INFO - [2023] MISSING_CENTRAL: SR1E2Mu/Central/jets/4/charge in Skim_TriLep_DYGTo2LG_MLL4to50_PTG10to100.root
2025-10-02 21:21:16,525 - INFO - [2023] MISSING_CENTRAL: SR1E2Mu/Central/jets/4/charge in Skim_TriLep_DYGTo2LG_MLL4to50_PTG100to200.root
2025-10-02 21:21:16,527 - INFO - [2023] MISSING_CENTRAL: SR1E2Mu/Central/jets/4/charge in Skim_TriLep_DYGTo2LG_MLL4to50_PTG200toInf.root
2025-10-02 21:21:16,528 - INFO - [2023] MISSING_CENTRAL: SR1E2Mu/Central/jets/4/charge in Skim_TriLep_DYGTo2LG_MLL50_PTG10to100.root
2025-10-02 21:21:16,531 - INFO - [2023] MISSING_CENTRAL: SR1E2Mu/Central/jets/4/charge in Skim_TriLep_DYGTo2LG_MLL50_PTG100to200.root
2025-10-02 21:21:16,532 - INFO - [2023] MISSING_CENTRAL: SR1E2Mu/Central/jets/4/charge in Skim_TriLep_DYGTo2LG_MLL50_PTG200to400.root
2025-10-02 21:21:16,535 - INFO - [2023] MISSING_CENTRAL: SR1E2Mu/Central/jets/4/charge in Skim_TriLep_DYGTo2LG_MLL50_PTG400to600.root
2025-10-02 21:21:16,537 - INFO - [2023] MISSING_CENTRAL: SR1E2Mu/Central/jets/4/charge in Skim_TriLep_DYGTo2LG_MLL50_PTG600toInf.root
2025-10-02 21:21:16,581 - INFO - [2023] MISSING_CENTRAL: SR1E2Mu/Central/jets/4/charge in Skim_TriLep_TTG_PTG100to200.root
2025-10-02 21:21:16,734 - INFO - [2023] MISSING_CENTRAL: SR1E2Mu/Central/jets/4/charge in Skim_TriLep_WZTo3LNu_powheg.root
2025-10-02 21:21:16,786 - INFO - [2023] MISSING_CENTRAL: SR1E2Mu/Central/jets/4/charge in Skim_TriLep_WWW.root
2025-10-02 21:21:16,922 - INFO - [2023] MISSING_CENTRAL: SR1E2Mu/Central/jets/4/charge in Skim_TriLep_VBFHToZZTo4L.root
2025-10-02 21:21:16,924 - INFO - [2023] MISSING_CENTRAL: SR1E2Mu/Central/jets/4/charge in Skim_TriLep_ggHToZZTo4L.root
2025-10-03 00:32:56,820 - INFO - [2023] MISSING_CENTRAL: SR1E2Mu/Central/jets/4/charge in Skim_TriLep_MuonEG_C_v2.root
2025-10-03 00:32:56,822 - INFO - [2023] MISSING_CENTRAL: SR1E2Mu/Central/jets/4/charge in Skim_TriLep_MuonEG_C_v3.root
2025-10-03 00:32:56,895 - INFO - [2023] MISSING_CENTRAL: SR1E2Mu/Central/jets/4/charge in Skim_TriLep_DYJets.root
2025-10-03 00:32:56,896 - INFO - [2023] MISSING_CENTRAL: SR1E2Mu/Central/jets/4/charge in Skim_TriLep_DYJets10to50.root
2025-10-03 00:32:56,897 - INFO - [2023] MISSING_CENTRAL: SR1E2Mu/Central/jets/4/charge in Skim_TriLep_DYGTo2LG_MLL4to50_PTG10to100.root
2025-10-03 00:32:56,898 - INFO - [2023] MISSING_CENTRAL: SR1E2Mu/Central/jets/4/charge in Skim_TriLep_DYGTo2LG_MLL4to50_PTG100to200.root
2025-10-03 00:32:56,898 - INFO - [2023] MISSING_CENTRAL: SR1E2Mu/Central/jets/4/charge in Skim_TriLep_DYGTo2LG_MLL4to50_PTG200toInf.root
2025-10-03 00:32:56,899 - INFO - [2023] MISSING_CENTRAL: SR1E2Mu/Central/jets/4/charge in Skim_TriLep_DYGTo2LG_MLL50_PTG10to100.root
2025-10-03 00:32:56,900 - INFO - [2023] MISSING_CENTRAL: SR1E2Mu/Central/jets/4/charge in Skim_TriLep_DYGTo2LG_MLL50_PTG100to200.root
2025-10-03 00:32:56,900 - INFO - [2023] MISSING_CENTRAL: SR1E2Mu/Central/jets/4/charge in Skim_TriLep_DYGTo2LG_MLL50_PTG200to400.root
2025-10-03 00:32:56,901 - INFO - [2023] MISSING_CENTRAL: SR1E2Mu/Central/jets/4/charge in Skim_TriLep_DYGTo2LG_MLL50_PTG400to600.root
2025-10-03 00:32:56,901 - INFO - [2023] MISSING_CENTRAL: SR1E2Mu/Central/jets/4/charge in Skim_TriLep_DYGTo2LG_MLL50_PTG600toInf.root
2025-10-03 00:32:56,923 - INFO - [2023] MISSING_CENTRAL: SR1E2Mu/Central/jets/4/charge in Skim_TriLep_TTG_PTG100to200.root
2025-10-03 00:32:57,003 - INFO - [2023] MISSING_CENTRAL: SR1E2Mu/Central/jets/4/charge in Skim_TriLep_WZTo3LNu_powheg.root
2025-10-03 00:32:57,078 - INFO - [2023] MISSING_CENTRAL: SR1E2Mu/Central/jets/4/charge in Skim_TriLep_WWW.root
2025-10-03 00:32:57,148 - INFO - [2023] MISSING_CENTRAL: SR1E2Mu/Central/jets/4/charge in Skim_TriLep_VBFHToZZTo4L.root
2025-10-03 00:32:57,148 - INFO - [2023] MISSING_CENTRAL: SR1E2Mu/Central/jets/4/charge in Skim_TriLep_ggHToZZTo4L.root
2025-11-07 13:12:29,508 - INFO - [2023] MISSING_FILE: /home/choij/Sync/workspace/ChargedHiggsAnalysisV3/SKNanoOutput/PromptSelector/Run1E2Mu/2023/Skim_TriLep_MuonEG_C_v1.root
2025-11-07 13:12:29,508 - INFO - [2023] MISSING_FILE: /home/choij/Sync/workspace/ChargedHiggsAnalysisV3/SKNanoOutput/PromptSelector/Run1E2Mu/2023/Skim_TriLep_MuonEG_C_v2.root
2025-11-07 13:12:29,508 - INFO - [2023] MISSING_FILE: /home/choij/Sync/workspace/ChargedHiggsAnalysisV3/SKNanoOutput/PromptSelector/Run1E2Mu/2023/Skim_TriLep_MuonEG_C_v3.root
2025-11-07 13:12:29,508 - INFO - [2023] MISSING_FILE: /home/choij/Sync/workspace/ChargedHiggsAnalysisV3/SKNanoOutput/PromptSelector/Run1E2Mu/2023/Skim_TriLep_MuonEG_C_v4.root
2025-11-07 14:10:04,332 - INFO - [2023] MISSING_FILE: /home/choij/Sync/workspace/ChargedHiggsAnalysisV3/SKNanoOutput/PromptSelector/Run1E2Mu/2023/Skim_TriLep_MuonEG_C_v1.root
2025-11-07 14:10:04,332 - INFO - [2023] MISSING_FILE: /home/choij/Sync/workspace/ChargedHiggsAnalysisV3/SKNanoOutput/PromptSelector/Run1E2Mu/2023/Skim_TriLep_MuonEG_C_v2.root
2025-11-07 14:10:04,332 - INFO - [2023] MISSING_FILE: /home/choij/Sync/workspace/ChargedHiggsAnalysisV3/SKNanoOutput/PromptSelector/Run1E2Mu/2023/Skim_TriLep_MuonEG_C_v3.root
2025-11-07 14:10:04,332 - INFO - [2023] MISSING_FILE: /home/choij/Sync/workspace/ChargedHiggsAnalysisV3/SKNanoOutput/PromptSelector/Run1E2Mu/2023/Skim_TriLep_MuonEG_C_v4.root
2025-11-10 12:26:01,277 - INFO - [2023] MISSING_CENTRAL: SR1E2Mu/Central/jets/4/charge in Skim_TriLep_MuonEG_C_v2.root
2025-11-10 12:26:01,278 - INFO - [2023] MISSING_CENTRAL: SR1E2Mu/Central/jets/4/charge in Skim_TriLep_MuonEG_C_v3.root
2025-11-10 12:26:01,320 - INFO - [2023] MISSING_CENTRAL: SR1E2Mu/Central/jets/4/charge in Skim_TriLep_DYJets.root
2025-11-10 12:26:01,321 - INFO - [2023] MISSING_CENTRAL: SR1E2Mu/Central/jets/4/charge in Skim_TriLep_DYJets10to50.root
2025-11-10 12:26:01,321 - INFO - [2023] MISSING_CENTRAL: SR1E2Mu/Central/jets/4/charge in Skim_TriLep_DYGTo2LG_MLL4to50_PTG10to100.root
2025-11-10 12:26:01,322 - INFO - [2023] MISSING_CENTRAL: SR1E2Mu/Central/jets/4/charge in Skim_TriLep_DYGTo2LG_MLL4to50_PTG100to200.root
2025-11-10 12:26:01,323 - INFO - [2023] MISSING_CENTRAL: SR1E2Mu/Central/jets/4/charge in Skim_TriLep_DYGTo2LG_MLL4to50_PTG200toInf.root
2025-11-10 12:26:01,323 - INFO - [2023] MISSING_CENTRAL: SR1E2Mu/Central/jets/4/charge in Skim_TriLep_DYGTo2LG_MLL50_PTG10to100.root
2025-11-10 12:26:01,324 - INFO - [2023] MISSING_CENTRAL: SR1E2Mu/Central/jets/4/charge in Skim_TriLep_DYGTo2LG_MLL50_PTG100to200.root
2025-11-10 12:26:01,325 - INFO - [2023] MISSING_CENTRAL: SR1E2Mu/Central/jets/4/charge in Skim_TriLep_DYGTo2LG_MLL50_PTG200to400.root
2025-11-10 12:26:01,325 - INFO - [2023] MISSING_CENTRAL: SR1E2Mu/Central/jets/4/charge in Skim_TriLep_DYGTo2LG_MLL50_PTG400to600.root
2025-11-10 12:26:01,326 - INFO - [2023] MISSING_CENTRAL: SR1E2Mu/Central/jets/4/charge in Skim_TriLep_DYGTo2LG_MLL50_PTG600toInf.root
2025-11-10 12:26:01,339 - INFO - [2023] MISSING_CENTRAL: SR1E2Mu/Central/jets/4/charge in Skim_TriLep_TTG_PTG100to200.root
2025-11-10 12:26:01,422 - INFO - [2023] MISSING_CENTRAL: SR1E2Mu/Central/jets/4/charge in Skim_TriLep_WWW.root
2025-11-10 12:26:01,460 - INFO - [2023] MISSING_CENTRAL: SR1E2Mu/Central/jets/4/charge in Skim_TriLep_VBFHToZZTo4L.root
2025-11-10 12:26:01,461 - INFO - [2023] MISSING_CENTRAL: SR1E2Mu/Central/jets/4/charge in Skim_TriLep_ggHToZZTo4L.root
2025-11-13 11:16:14,895 - INFO - [2023] MISSING_CENTRAL: SR1E2Mu/Central/jets/4/charge in Skim_TriLep_MuonEG_C_v1.root
2025-11-13 11:16:14,896 - INFO - [2023] MISSING_CENTRAL: SR1E2Mu/Central/jets/4/charge in Skim_TriLep_MuonEG_C_v2.root
2025-11-13 11:16:14,897 - INFO - [2023] MISSING_CENTRAL: SR1E2Mu/Central/jets/4/charge in Skim_TriLep_MuonEG_C_v3.root
2025-11-13 11:16:14,899 - INFO - [2023] MISSING_CENTRAL: SR1E2Mu/Central/jets/4/charge in Skim_TriLep_MuonEG_C_v4.root
2025-11-19 16:28:27,975 - INFO - [2023] MISSING_CENTRAL: SR1E2Mu/Central/jets/4/charge in Skim_TriLep_MuonEG_C_v1.root
2025-11-19 16:28:27,975 - INFO - [2023] MISSING_CENTRAL: SR1E2Mu/Central/jets/4/charge in Skim_TriLep_MuonEG_C_v2.root
2025-11-19 16:28:27,987 - INFO - [2023] MISSING_CENTRAL: SR1E2Mu/Central/jets/4/charge in Skim_TriLep_MuonEG_C_v3.root
2025-11-19 16:28:27,988 - INFO - [2023] MISSING_CENTRAL: SR1E2Mu/Central/jets/4/charge in Skim_TriLep_MuonEG_C_v4.root
2025-12-17 22:43:22,313 - INFO - [2023] MISSING_CENTRAL: SR1E2Mu/Central/jets/4/charge in Skim_TriLep_MuonEG_C_v1.root
2025-12-17 22:43:22,322 - INFO - [2023] MISSING_CENTRAL: SR1E2Mu/Central/jets/4/charge in Skim_TriLep_MuonEG_C_v2.root
2025-12-17 22:43:22,345 - INFO - [2023] MISSING_CENTRAL: SR1E2Mu/Central/jets/4/charge in Skim_TriLep_MuonEG_C_v3.root
2025-12-17 22:43:22,346 - INFO - [2023] MISSING_CENTRAL: SR1E2Mu/Central/jets/4/charge in Skim_TriLep_MuonEG_C_v4.root
2025-12-18 14:44:11,209 - INFO - [2023] MISSING_CENTRAL: SR1E2Mu/Central/jets/4/charge in Skim_TriLep_MuonEG_C_v1.root
2025-12-18 14:44:11,211 - INFO - [2023] MISSING_CENTRAL: SR1E2Mu/Central/jets/4/charge in Skim_TriLep_MuonEG_C_v2.root
2025-12-18 14:44:11,212 - INFO - [2023] MISSING_CENTRAL: SR1E2Mu/Central/jets/4/charge in Skim_TriLep_MuonEG_C_v3.root
2025-12-18 14:44:11,213 - INFO - [2023] MISSING_CENTRAL: SR1E2Mu/Central/jets/4/charge in Skim_TriLep_MuonEG_C_v4.root
2026-01-07 11:53:11,574 - INFO - [2023] MISSING_CENTRAL: SR1E2Mu/Central/jets/4/charge in Skim_TriLep_MuonEG_C_v1.root
2026-01-07 11:53:11,576 - INFO - [2023] MISSING_CENTRAL: SR1E2Mu/Central/jets/4/charge in Skim_TriLep_MuonEG_C_v2.root
2026-01-07 11:53:11,578 - INFO - [2023] MISSING_CENTRAL: SR1E2Mu/Central/jets/4/charge in Skim_TriLep_MuonEG_C_v3.root
2026-01-07 11:53:11,579 - INFO - [2023] MISSING_CENTRAL: SR1E2Mu/Central/jets/4/charge in Skim_TriLep_MuonEG_C_v4.root
