2025-09-24 16:03:09,238 - INFO - [2023] MISSING_CENTRAL: SR1E2Mu/Central/jets/4/mass in Skim_TriLep_MuonEG_C_v2.root
2025-09-24 16:03:09,238 - INFO - [2023] MISSING_CENTRAL: SR1E2Mu/Central/jets/4/mass in Skim_TriLep_MuonEG_C_v3.root
2025-09-24 16:03:09,260 - INFO - [2023] MISSING_CENTRAL: SR1E2Mu/Central/jets/4/mass in Skim_TriLep_DYJets.root
2025-09-24 16:03:09,260 - INFO - [2023] MISSING_CENTRAL: SR1E2Mu/Central/jets/4/mass in Skim_TriLep_DYJets10to50.root
2025-09-24 16:03:09,261 - INFO - [2023] MISSING_CENTRAL: SR1E2Mu/Central/jets/4/mass in Skim_TriLep_DYGTo2LG_MLL4to50_PTG10to100.root
2025-09-24 16:03:09,261 - INFO - [2023] MISSING_CENTRAL: SR1E2Mu/Central/jets/4/mass in Skim_TriLep_DYGTo2LG_MLL4to50_PTG100to200.root
2025-09-24 16:03:09,261 - INFO - [2023] MISSING_CENTRAL: SR1E2Mu/Central/jets/4/mass in Skim_TriLep_DYGTo2LG_MLL4to50_PTG200toInf.root
2025-09-24 16:03:09,262 - INFO - [2023] MISSING_CENTRAL: SR1E2Mu/Central/jets/4/mass in Skim_TriLep_DYGTo2LG_MLL50_PTG10to100.root
2025-09-24 16:03:09,262 - INFO - [2023] MISSING_CENTRAL: SR1E2Mu/Central/jets/4/mass in Skim_TriLep_DYGTo2LG_MLL50_PTG100to200.root
2025-09-24 16:03:09,262 - INFO - [2023] MISSING_CENTRAL: SR1E2Mu/Central/jets/4/mass in Skim_TriLep_DYGTo2LG_MLL50_PTG200to400.root
2025-09-24 16:03:09,262 - INFO - [2023] MISSING_CENTRAL: SR1E2Mu/Central/jets/4/mass in Skim_TriLep_DYGTo2LG_MLL50_PTG400to600.root
2025-09-24 16:03:09,263 - INFO - [2023] MISSING_CENTRAL: SR1E2Mu/Central/jets/4/mass in Skim_TriLep_DYGTo2LG_MLL50_PTG600toInf.root
2025-09-24 16:03:09,270 - INFO - [2023] MISSING_CENTRAL: SR1E2Mu/Central/jets/4/mass in Skim_TriLep_TTG_PTG100to200.root
2025-09-24 16:03:09,307 - INFO - [2023] MISSING_CENTRAL: SR1E2Mu/Central/jets/4/mass in Skim_TriLep_WZTo3LNu_powheg.root
2025-09-24 16:03:09,324 - INFO - [2023] MISSING_CENTRAL: SR1E2Mu/Central/jets/4/mass in Skim_TriLep_WWW.root
2025-09-24 16:03:09,349 - INFO - [2023] MISSING_CENTRAL: SR1E2Mu/Central/jets/4/mass in Skim_TriLep_VBFHToZZTo4L.root
2025-09-24 16:03:09,349 - INFO - [2023] MISSING_CENTRAL: SR1E2Mu/Central/jets/4/mass in Skim_TriLep_ggHToZZTo4L.root
2025-10-02 21:21:16,592 - INFO - [2023] MISSING_CENTRAL: SR1E2Mu/Central/jets/4/mass in Skim_TriLep_MuonEG_C_v2.root
2025-10-02 21:21:16,595 - INFO - [2023] MISSING_CENTRAL: SR1E2Mu/Central/jets/4/mass in Skim_TriLep_MuonEG_C_v3.root
2025-10-02 21:21:16,730 - INFO - [2023] MISSING_CENTRAL: SR1E2Mu/Central/jets/4/mass in Skim_TriLep_DYJets.root
2025-10-02 21:21:16,731 - INFO - [2023] MISSING_CENTRAL: SR1E2Mu/Central/jets/4/mass in Skim_TriLep_DYJets10to50.root
2025-10-02 21:21:16,733 - INFO - [2023] MISSING_CENTRAL: SR1E2Mu/Central/jets/4/mass in Skim_TriLep_DYGTo2LG_MLL4to50_PTG10to100.root
2025-10-02 21:21:16,735 - INFO - [2023] MISSING_CENTRAL: SR1E2Mu/Central/jets/4/mass in Skim_TriLep_DYGTo2LG_MLL4to50_PTG100to200.root
2025-10-02 21:21:16,746 - INFO - [2023] MISSING_CENTRAL: SR1E2Mu/Central/jets/4/mass in Skim_TriLep_DYGTo2LG_MLL4to50_PTG200toInf.root
2025-10-02 21:21:16,747 - INFO - [2023] MISSING_CENTRAL: SR1E2Mu/Central/jets/4/mass in Skim_TriLep_DYGTo2LG_MLL50_PTG10to100.root
2025-10-02 21:21:16,749 - INFO - [2023] MISSING_CENTRAL: SR1E2Mu/Central/jets/4/mass in Skim_TriLep_DYGTo2LG_MLL50_PTG100to200.root
2025-10-02 21:21:16,750 - INFO - [2023] MISSING_CENTRAL: SR1E2Mu/Central/jets/4/mass in Skim_TriLep_DYGTo2LG_MLL50_PTG200to400.root
2025-10-02 21:21:16,751 - INFO - [2023] MISSING_CENTRAL: SR1E2Mu/Central/jets/4/mass in Skim_TriLep_DYGTo2LG_MLL50_PTG400to600.root
2025-10-02 21:21:16,753 - INFO - [2023] MISSING_CENTRAL: SR1E2Mu/Central/jets/4/mass in Skim_TriLep_DYGTo2LG_MLL50_PTG600toInf.root
2025-10-02 21:21:16,784 - INFO - [2023] MISSING_CENTRAL: SR1E2Mu/Central/jets/4/mass in Skim_TriLep_TTG_PTG100to200.root
2025-10-02 21:21:16,912 - INFO - [2023] MISSING_CENTRAL: SR1E2Mu/Central/jets/4/mass in Skim_TriLep_WZTo3LNu_powheg.root
2025-10-02 21:21:16,989 - INFO - [2023] MISSING_CENTRAL: SR1E2Mu/Central/jets/4/mass in Skim_TriLep_WWW.root
2025-10-02 21:21:17,097 - INFO - [2023] MISSING_CENTRAL: SR1E2Mu/Central/jets/4/mass in Skim_TriLep_VBFHToZZTo4L.root
2025-10-02 21:21:17,098 - INFO - [2023] MISSING_CENTRAL: SR1E2Mu/Central/jets/4/mass in Skim_TriLep_ggHToZZTo4L.root
2025-10-03 00:32:54,255 - INFO - [2023] MISSING_CENTRAL: SR1E2Mu/Central/jets/4/mass in Skim_TriLep_MuonEG_C_v2.root
2025-10-03 00:32:54,256 - INFO - [2023] MISSING_CENTRAL: SR1E2Mu/Central/jets/4/mass in Skim_TriLep_MuonEG_C_v3.root
2025-10-03 00:32:54,308 - INFO - [2023] MISSING_CENTRAL: SR1E2Mu/Central/jets/4/mass in Skim_TriLep_DYJets.root
2025-10-03 00:32:54,308 - INFO - [2023] MISSING_CENTRAL: SR1E2Mu/Central/jets/4/mass in Skim_TriLep_DYJets10to50.root
2025-10-03 00:32:54,309 - INFO - [2023] MISSING_CENTRAL: SR1E2Mu/Central/jets/4/mass in Skim_TriLep_DYGTo2LG_MLL4to50_PTG10to100.root
2025-10-03 00:32:54,310 - INFO - [2023] MISSING_CENTRAL: SR1E2Mu/Central/jets/4/mass in Skim_TriLep_DYGTo2LG_MLL4to50_PTG100to200.root
2025-10-03 00:32:54,311 - INFO - [2023] MISSING_CENTRAL: SR1E2Mu/Central/jets/4/mass in Skim_TriLep_DYGTo2LG_MLL4to50_PTG200toInf.root
2025-10-03 00:32:54,311 - INFO - [2023] MISSING_CENTRAL: SR1E2Mu/Central/jets/4/mass in Skim_TriLep_DYGTo2LG_MLL50_PTG10to100.root
2025-10-03 00:32:54,312 - INFO - [2023] MISSING_CENTRAL: SR1E2Mu/Central/jets/4/mass in Skim_TriLep_DYGTo2LG_MLL50_PTG100to200.root
2025-10-03 00:32:54,313 - INFO - [2023] MISSING_CENTRAL: SR1E2Mu/Central/jets/4/mass in Skim_TriLep_DYGTo2LG_MLL50_PTG200to400.root
2025-10-03 00:32:54,313 - INFO - [2023] MISSING_CENTRAL: SR1E2Mu/Central/jets/4/mass in Skim_TriLep_DYGTo2LG_MLL50_PTG400to600.root
2025-10-03 00:32:54,314 - INFO - [2023] MISSING_CENTRAL: SR1E2Mu/Central/jets/4/mass in Skim_TriLep_DYGTo2LG_MLL50_PTG600toInf.root
2025-10-03 00:32:54,331 - INFO - [2023] MISSING_CENTRAL: SR1E2Mu/Central/jets/4/mass in Skim_TriLep_TTG_PTG100to200.root
2025-10-03 00:32:54,391 - INFO - [2023] MISSING_CENTRAL: SR1E2Mu/Central/jets/4/mass in Skim_TriLep_WZTo3LNu_powheg.root
2025-10-03 00:32:54,423 - INFO - [2023] MISSING_CENTRAL: SR1E2Mu/Central/jets/4/mass in Skim_TriLep_WWW.root
2025-10-03 00:32:54,471 - INFO - [2023] MISSING_CENTRAL: SR1E2Mu/Central/jets/4/mass in Skim_TriLep_VBFHToZZTo4L.root
2025-10-03 00:32:54,472 - INFO - [2023] MISSING_CENTRAL: SR1E2Mu/Central/jets/4/mass in Skim_TriLep_ggHToZZTo4L.root
