2025-09-24 15:50:06,486 - INFO - [2018] MISSING_CENTRAL: SR3Mu/Central/bjets/3/pt in Skim_TriLep_DoubleMuon_A.root
2025-09-24 15:50:06,567 - INFO - [2018] MISSING_CENTRAL: SR3Mu/Central/bjets/3/pt in Skim_TriLep_DoubleMuon_B.root
2025-09-24 15:50:06,569 - INFO - [2018] MISSING_CENTRAL: SR3Mu/Central/bjets/3/pt in Skim_TriLep_DYJets.root
2025-09-24 15:50:06,569 - INFO - [2018] MISSING_CENTRAL: SR3Mu/Central/bjets/3/pt in Skim_TriLep_DYJets10to50.root
2025-09-24 15:50:06,569 - INFO - [2018] MISSING_CENTRAL: SR3Mu/Central/bjets/3/pt in Skim_TriLep_ZGToLLG.root
2025-09-24 15:50:06,569 - INFO - [2018] MISSING_FILE: /Users/choij/Sync/workspace/ChargedHiggsAnalysisV3/SKNanoOutput/PromptSelector/Run3Mu_RunSyst/2018/Skim_TriLep_TTG.root
2025-09-24 15:50:06,569 - INFO - [2018] MISSING_CENTRAL: SR3Mu/Central/bjets/3/pt in Skim_TriLep_WWG.root
2025-09-24 15:50:06,611 - INFO - [2018] MISSING_FILE: /Users/choij/Sync/workspace/ChargedHiggsAnalysisV3/SKNanoOutput/PromptSelector/Run3Mu_RunSyst/2018/Skim_TriLep_TTHToNonbb.root
2025-09-24 15:50:06,669 - INFO - [2018] MISSING_FILE: /Users/choij/Sync/workspace/ChargedHiggsAnalysisV3/SKNanoOutput/PromptSelector/Run3Mu_RunSyst/2018/Skim_TriLep_tHq.root
2025-09-24 15:50:06,670 - INFO - [2018] MISSING_CENTRAL: SR3Mu/Central/bjets/3/pt in Skim_TriLep_WWW.root
2025-09-24 15:50:06,741 - INFO - [2018] MISSING_FILE: /Users/choij/Sync/workspace/ChargedHiggsAnalysisV3/SKNanoOutput/PromptSelector/Run3Mu_RunSyst/2018/Skim_TriLep_VBFHToZZTo4L.root
2025-09-24 15:50:06,742 - INFO - [2018] MISSING_CENTRAL: SR3Mu/Central/bjets/3/pt in Skim_TriLep_ggHToZZTo4L.root
2025-10-02 21:14:16,948 - INFO - [2018] MISSING_CENTRAL: SR3Mu/Central/bjets/3/pt in Skim_TriLep_DoubleMuon_A.root
2025-10-02 21:14:17,095 - INFO - [2018] MISSING_CENTRAL: SR3Mu/Central/bjets/3/pt in Skim_TriLep_DoubleMuon_B.root
2025-10-02 21:14:17,099 - INFO - [2018] MISSING_CENTRAL: SR3Mu/Central/bjets/3/pt in Skim_TriLep_DYJets.root
2025-10-02 21:14:17,103 - INFO - [2018] MISSING_CENTRAL: SR3Mu/Central/bjets/3/pt in Skim_TriLep_DYJets10to50.root
2025-10-02 21:14:17,117 - INFO - [2018] MISSING_CENTRAL: SR3Mu/Central/bjets/3/pt in Skim_TriLep_ZGToLLG.root
2025-10-02 21:14:17,117 - INFO - [2018] MISSING_FILE: /data9/Users/choij/Sync/workspace/ChargedHiggsAnalysisV3/SKNanoOutput/PromptSelector/Run3Mu_RunSyst/2018/Skim_TriLep_TTG.root
2025-10-02 21:14:17,119 - INFO - [2018] MISSING_CENTRAL: SR3Mu/Central/bjets/3/pt in Skim_TriLep_WWG.root
2025-10-02 21:14:17,177 - INFO - [2018] MISSING_FILE: /data9/Users/choij/Sync/workspace/ChargedHiggsAnalysisV3/SKNanoOutput/PromptSelector/Run3Mu_RunSyst/2018/Skim_TriLep_TTHToNonbb.root
2025-10-02 21:14:17,243 - INFO - [2018] MISSING_FILE: /data9/Users/choij/Sync/workspace/ChargedHiggsAnalysisV3/SKNanoOutput/PromptSelector/Run3Mu_RunSyst/2018/Skim_TriLep_tHq.root
2025-10-02 21:14:17,245 - INFO - [2018] MISSING_CENTRAL: SR3Mu/Central/bjets/3/pt in Skim_TriLep_WWW.root
2025-10-02 21:14:17,331 - INFO - [2018] MISSING_FILE: /data9/Users/choij/Sync/workspace/ChargedHiggsAnalysisV3/SKNanoOutput/PromptSelector/Run3Mu_RunSyst/2018/Skim_TriLep_VBFHToZZTo4L.root
2025-10-02 21:14:17,333 - INFO - [2018] MISSING_CENTRAL: SR3Mu/Central/bjets/3/pt in Skim_TriLep_ggHToZZTo4L.root
2025-10-03 00:02:39,973 - INFO - [2018] MISSING_CENTRAL: SR3Mu/Central/bjets/3/pt in Skim_TriLep_DoubleMuon_A.root
2025-10-03 00:02:40,058 - INFO - [2018] MISSING_CENTRAL: SR3Mu/Central/bjets/3/pt in Skim_TriLep_DoubleMuon_B.root
2025-10-03 00:02:40,061 - INFO - [2018] MISSING_CENTRAL: SR3Mu/Central/bjets/3/pt in Skim_TriLep_DYJets.root
2025-10-03 00:02:40,062 - INFO - [2018] MISSING_CENTRAL: SR3Mu/Central/bjets/3/pt in Skim_TriLep_DYJets10to50.root
2025-10-03 00:02:40,065 - INFO - [2018] MISSING_CENTRAL: SR3Mu/Central/bjets/3/pt in Skim_TriLep_ZGToLLG.root
2025-10-03 00:02:40,065 - INFO - [2018] MISSING_FILE: /Users/choij/Sync/workspace/ChargedHiggsAnalysisV3/SKNanoOutput/PromptSelector/Run3Mu_RunSyst/2018/Skim_TriLep_TTG.root
2025-10-03 00:02:40,066 - INFO - [2018] MISSING_CENTRAL: SR3Mu/Central/bjets/3/pt in Skim_TriLep_WWG.root
2025-10-03 00:02:40,105 - INFO - [2018] MISSING_FILE: /Users/choij/Sync/workspace/ChargedHiggsAnalysisV3/SKNanoOutput/PromptSelector/Run3Mu_RunSyst/2018/Skim_TriLep_TTHToNonbb.root
2025-10-03 00:02:40,165 - INFO - [2018] MISSING_FILE: /Users/choij/Sync/workspace/ChargedHiggsAnalysisV3/SKNanoOutput/PromptSelector/Run3Mu_RunSyst/2018/Skim_TriLep_tHq.root
2025-10-03 00:02:40,165 - INFO - [2018] MISSING_CENTRAL: SR3Mu/Central/bjets/3/pt in Skim_TriLep_WWW.root
2025-10-03 00:02:40,218 - INFO - [2018] MISSING_FILE: /Users/choij/Sync/workspace/ChargedHiggsAnalysisV3/SKNanoOutput/PromptSelector/Run3Mu_RunSyst/2018/Skim_TriLep_VBFHToZZTo4L.root
2025-10-03 00:02:40,220 - INFO - [2018] MISSING_CENTRAL: SR3Mu/Central/bjets/3/pt in Skim_TriLep_ggHToZZTo4L.root
