2025-09-24 15:50:07,130 - INFO - [2018] MISSING_CENTRAL: SR3Mu/Central/bjets/3/eta in Skim_TriLep_DoubleMuon_A.root
2025-09-24 15:50:07,248 - INFO - [2018] MISSING_CENTRAL: SR3Mu/Central/bjets/3/eta in Skim_TriLep_DoubleMuon_B.root
2025-09-24 15:50:07,250 - INFO - [2018] MISSING_CENTRAL: SR3Mu/Central/bjets/3/eta in Skim_TriLep_DYJets.root
2025-09-24 15:50:07,250 - INFO - [2018] MISSING_CENTRAL: SR3Mu/Central/bjets/3/eta in Skim_TriLep_DYJets10to50.root
2025-09-24 15:50:07,250 - INFO - [2018] MISSING_CENTRAL: SR3Mu/Central/bjets/3/eta in Skim_TriLep_ZGToLLG.root
2025-09-24 15:50:07,250 - INFO - [2018] MISSING_FILE: /Users/choij/Sync/workspace/ChargedHiggsAnalysisV3/SKNanoOutput/PromptSelector/Run3Mu_RunSyst/2018/Skim_TriLep_TTG.root
2025-09-24 15:50:07,250 - INFO - [2018] MISSING_CENTRAL: SR3Mu/Central/bjets/3/eta in Skim_TriLep_WWG.root
2025-09-24 15:50:07,269 - INFO - [2018] MISSING_FILE: /Users/choij/Sync/workspace/ChargedHiggsAnalysisV3/SKNanoOutput/PromptSelector/Run3Mu_RunSyst/2018/Skim_TriLep_TTHToNonbb.root
2025-09-24 15:50:07,284 - INFO - [2018] MISSING_FILE: /Users/choij/Sync/workspace/ChargedHiggsAnalysisV3/SKNanoOutput/PromptSelector/Run3Mu_RunSyst/2018/Skim_TriLep_tHq.root
2025-09-24 15:50:07,284 - INFO - [2018] MISSING_CENTRAL: SR3Mu/Central/bjets/3/eta in Skim_TriLep_WWW.root
2025-09-24 15:50:07,303 - INFO - [2018] MISSING_FILE: /Users/choij/Sync/workspace/ChargedHiggsAnalysisV3/SKNanoOutput/PromptSelector/Run3Mu_RunSyst/2018/Skim_TriLep_VBFHToZZTo4L.root
2025-09-24 15:50:07,304 - INFO - [2018] MISSING_CENTRAL: SR3Mu/Central/bjets/3/eta in Skim_TriLep_ggHToZZTo4L.root
2025-10-02 21:14:15,477 - INFO - [2018] MISSING_CENTRAL: SR3Mu/Central/bjets/3/eta in Skim_TriLep_DoubleMuon_A.root
2025-10-02 21:14:15,834 - INFO - [2018] MISSING_CENTRAL: SR3Mu/Central/bjets/3/eta in Skim_TriLep_DoubleMuon_B.root
2025-10-02 21:14:15,844 - INFO - [2018] MISSING_CENTRAL: SR3Mu/Central/bjets/3/eta in Skim_TriLep_DYJets.root
2025-10-02 21:14:15,845 - INFO - [2018] MISSING_CENTRAL: SR3Mu/Central/bjets/3/eta in Skim_TriLep_DYJets10to50.root
2025-10-02 21:14:15,846 - INFO - [2018] MISSING_CENTRAL: SR3Mu/Central/bjets/3/eta in Skim_TriLep_ZGToLLG.root
2025-10-02 21:14:15,846 - INFO - [2018] MISSING_FILE: /data9/Users/choij/Sync/workspace/ChargedHiggsAnalysisV3/SKNanoOutput/PromptSelector/Run3Mu_RunSyst/2018/Skim_TriLep_TTG.root
2025-10-02 21:14:15,847 - INFO - [2018] MISSING_CENTRAL: SR3Mu/Central/bjets/3/eta in Skim_TriLep_WWG.root
2025-10-02 21:14:15,905 - INFO - [2018] MISSING_FILE: /data9/Users/choij/Sync/workspace/ChargedHiggsAnalysisV3/SKNanoOutput/PromptSelector/Run3Mu_RunSyst/2018/Skim_TriLep_TTHToNonbb.root
2025-10-02 21:14:15,969 - INFO - [2018] MISSING_FILE: /data9/Users/choij/Sync/workspace/ChargedHiggsAnalysisV3/SKNanoOutput/PromptSelector/Run3Mu_RunSyst/2018/Skim_TriLep_tHq.root
2025-10-02 21:14:15,973 - INFO - [2018] MISSING_CENTRAL: SR3Mu/Central/bjets/3/eta in Skim_TriLep_WWW.root
2025-10-02 21:14:16,068 - INFO - [2018] MISSING_FILE: /data9/Users/choij/Sync/workspace/ChargedHiggsAnalysisV3/SKNanoOutput/PromptSelector/Run3Mu_RunSyst/2018/Skim_TriLep_VBFHToZZTo4L.root
2025-10-02 21:14:16,071 - INFO - [2018] MISSING_CENTRAL: SR3Mu/Central/bjets/3/eta in Skim_TriLep_ggHToZZTo4L.root
2025-10-03 00:02:40,085 - INFO - [2018] MISSING_CENTRAL: SR3Mu/Central/bjets/3/eta in Skim_TriLep_DoubleMuon_A.root
2025-10-03 00:02:40,152 - INFO - [2018] MISSING_CENTRAL: SR3Mu/Central/bjets/3/eta in Skim_TriLep_DoubleMuon_B.root
2025-10-03 00:02:40,153 - INFO - [2018] MISSING_CENTRAL: SR3Mu/Central/bjets/3/eta in Skim_TriLep_DYJets.root
2025-10-03 00:02:40,154 - INFO - [2018] MISSING_CENTRAL: SR3Mu/Central/bjets/3/eta in Skim_TriLep_DYJets10to50.root
2025-10-03 00:02:40,154 - INFO - [2018] MISSING_CENTRAL: SR3Mu/Central/bjets/3/eta in Skim_TriLep_ZGToLLG.root
2025-10-03 00:02:40,154 - INFO - [2018] MISSING_FILE: /Users/choij/Sync/workspace/ChargedHiggsAnalysisV3/SKNanoOutput/PromptSelector/Run3Mu_RunSyst/2018/Skim_TriLep_TTG.root
2025-10-03 00:02:40,154 - INFO - [2018] MISSING_CENTRAL: SR3Mu/Central/bjets/3/eta in Skim_TriLep_WWG.root
2025-10-03 00:02:40,164 - INFO - [2018] MISSING_FILE: /Users/choij/Sync/workspace/ChargedHiggsAnalysisV3/SKNanoOutput/PromptSelector/Run3Mu_RunSyst/2018/Skim_TriLep_TTHToNonbb.root
2025-10-03 00:02:40,183 - INFO - [2018] MISSING_FILE: /Users/choij/Sync/workspace/ChargedHiggsAnalysisV3/SKNanoOutput/PromptSelector/Run3Mu_RunSyst/2018/Skim_TriLep_tHq.root
2025-10-03 00:02:40,183 - INFO - [2018] MISSING_CENTRAL: SR3Mu/Central/bjets/3/eta in Skim_TriLep_WWW.root
2025-10-03 00:02:40,210 - INFO - [2018] MISSING_FILE: /Users/choij/Sync/workspace/ChargedHiggsAnalysisV3/SKNanoOutput/PromptSelector/Run3Mu_RunSyst/2018/Skim_TriLep_VBFHToZZTo4L.root
2025-10-03 00:02:40,210 - INFO - [2018] MISSING_CENTRAL: SR3Mu/Central/bjets/3/eta in Skim_TriLep_ggHToZZTo4L.root
