2025-09-24 15:49:57,382 - INFO - [2018] MISSING_CENTRAL: SR3Mu/Central/jets/2/py in Skim_TriLep_DYJets10to50.root
2025-09-24 15:49:57,396 - INFO - [2018] MISSING_FILE: /Users/choij/Sync/workspace/ChargedHiggsAnalysisV3/SKNanoOutput/PromptSelector/Run3Mu_RunSyst/2018/Skim_TriLep_TTG.root
2025-09-24 15:49:57,483 - INFO - [2018] MISSING_FILE: /Users/choij/Sync/workspace/ChargedHiggsAnalysisV3/SKNanoOutput/PromptSelector/Run3Mu_RunSyst/2018/Skim_TriLep_TTHToNonbb.root
2025-09-24 15:49:57,554 - INFO - [2018] MISSING_FILE: /Users/choij/Sync/workspace/ChargedHiggsAnalysisV3/SKNanoOutput/PromptSelector/Run3Mu_RunSyst/2018/Skim_TriLep_tHq.root
2025-09-24 15:49:57,657 - INFO - [2018] MISSING_FILE: /Users/choij/Sync/workspace/ChargedHiggsAnalysisV3/SKNanoOutput/PromptSelector/Run3Mu_RunSyst/2018/Skim_TriLep_VBFHToZZTo4L.root
2025-10-02 21:14:08,257 - INFO - [2018] MISSING_CENTRAL: SR3Mu/Central/jets/2/py in Skim_TriLep_DYJets10to50.root
2025-10-02 21:14:08,294 - INFO - [2018] MISSING_FILE: /data9/Users/choij/Sync/workspace/ChargedHiggsAnalysisV3/SKNanoOutput/PromptSelector/Run3Mu_RunSyst/2018/Skim_TriLep_TTG.root
2025-10-02 21:14:08,408 - INFO - [2018] MISSING_FILE: /data9/Users/choij/Sync/workspace/ChargedHiggsAnalysisV3/SKNanoOutput/PromptSelector/Run3Mu_RunSyst/2018/Skim_TriLep_TTHToNonbb.root
2025-10-02 21:14:08,605 - INFO - [2018] MISSING_FILE: /data9/Users/choij/Sync/workspace/ChargedHiggsAnalysisV3/SKNanoOutput/PromptSelector/Run3Mu_RunSyst/2018/Skim_TriLep_tHq.root
2025-10-02 21:14:09,524 - INFO - [2018] MISSING_FILE: /data9/Users/choij/Sync/workspace/ChargedHiggsAnalysisV3/SKNanoOutput/PromptSelector/Run3Mu_RunSyst/2018/Skim_TriLep_VBFHToZZTo4L.root
2025-10-03 00:02:32,194 - INFO - [2018] MISSING_CENTRAL: SR3Mu/Central/jets/2/py in Skim_TriLep_DYJets10to50.root
2025-10-03 00:02:32,230 - INFO - [2018] MISSING_FILE: /Users/choij/Sync/workspace/ChargedHiggsAnalysisV3/SKNanoOutput/PromptSelector/Run3Mu_RunSyst/2018/Skim_TriLep_TTG.root
2025-10-03 00:02:32,293 - INFO - [2018] MISSING_FILE: /Users/choij/Sync/workspace/ChargedHiggsAnalysisV3/SKNanoOutput/PromptSelector/Run3Mu_RunSyst/2018/Skim_TriLep_TTHToNonbb.root
2025-10-03 00:02:32,344 - INFO - [2018] MISSING_FILE: /Users/choij/Sync/workspace/ChargedHiggsAnalysisV3/SKNanoOutput/PromptSelector/Run3Mu_RunSyst/2018/Skim_TriLep_tHq.root
2025-10-03 00:02:32,429 - INFO - [2018] MISSING_FILE: /Users/choij/Sync/workspace/ChargedHiggsAnalysisV3/SKNanoOutput/PromptSelector/Run3Mu_RunSyst/2018/Skim_TriLep_VBFHToZZTo4L.root
2025-11-05 20:28:54,306 - INFO - [2018] MISSING_CENTRAL: SR3Mu/Central/jets/2/py in Skim_TriLep_DYJets10to50.root
2025-11-05 21:34:10,227 - INFO - [2018] MISSING_CENTRAL: SR3Mu/Central/jets/2/py in Skim_TriLep_DYJets10to50.root
2025-11-05 21:39:14,537 - INFO - [2018] MISSING_CENTRAL: SR3Mu/Central/jets/2/py in Skim_TriLep_DYJets10to50.root
2025-11-05 22:02:37,157 - INFO - [2018] MISSING_CENTRAL: SR3Mu/Central/jets/2/py in Skim_TriLep_DYJets10to50.root
2025-11-05 22:18:23,247 - INFO - [2018] MISSING_CENTRAL: SR3Mu/Central/jets/2/py in Skim_TriLep_DYJets10to50.root
2025-11-05 23:22:56,200 - INFO - [2018] MISSING_CENTRAL: SR3Mu/Central/jets/2/py in Skim_TriLep_DYJets10to50.root
2025-11-07 12:26:08,732 - INFO - [2018] MISSING_CENTRAL: SR3Mu/Central/jets/2/py in Skim_TriLep_DYJets10to50.root
2025-11-07 13:06:36,280 - INFO - [2018] MISSING_CENTRAL: SR3Mu/Central/jets/2/py in Skim_TriLep_DYJets10to50.root
2025-11-07 14:04:28,364 - INFO - [2018] MISSING_CENTRAL: SR3Mu/Central/jets/2/py in Skim_TriLep_DYJets10to50.root
2025-11-10 05:55:26,809 - INFO - [2018] MISSING_CENTRAL: SR3Mu/Central/jets/2/py in Skim_TriLep_DYJets10to50.root
2025-11-10 12:19:31,634 - INFO - [2018] MISSING_CENTRAL: SR3Mu/Central/jets/2/py in Skim_TriLep_DYJets10to50.root
2025-11-13 11:08:54,361 - INFO - [2018] MISSING_CENTRAL: SR3Mu/Central/jets/2/py in Skim_TriLep_DYJets10to50.root
2025-11-13 19:54:32,559 - INFO - [2018] MISSING_CENTRAL: SR3Mu/Central/jets/2/py in Skim_TriLep_DYJets10to50.root
2025-11-13 20:01:26,953 - INFO - [2018] MISSING_CENTRAL: SR3Mu/Central/jets/2/py in Skim_TriLep_DYJets10to50.root
2025-11-19 16:21:53,585 - INFO - [2018] MISSING_CENTRAL: SR3Mu/Central/jets/2/py in Skim_TriLep_DYJets10to50.root
2025-12-17 22:36:15,833 - INFO - [2018] MISSING_CENTRAL: SR3Mu/Central/jets/2/py in Skim_TriLep_DYJets10to50.root
2025-12-18 14:19:55,231 - INFO - [2018] MISSING_CENTRAL: SR3Mu/Central/jets/2/py in Skim_TriLep_DYJets10to50.root
2025-12-18 14:35:23,196 - INFO - [2018] MISSING_CENTRAL: SR3Mu/Central/jets/2/py in Skim_TriLep_DYJets10to50.root
2026-01-07 11:45:26,415 - INFO - [2018] MISSING_CENTRAL: SR3Mu/Central/jets/2/py in Skim_TriLep_DYJets10to50.root
2026-01-07 18:42:11,796 - INFO - [2018] MISSING_CENTRAL: SR3Mu/Central/jets/2/py in Skim_TriLep_DYJets10to50.root
2026-01-07 19:28:28,032 - INFO - [2018] MISSING_CENTRAL: SR3Mu/Central/jets/2/py in Skim_TriLep_DYJets10to50.root
2026-01-09 12:16:03,358 - INFO - [2018] MISSING_CENTRAL: SR3Mu/Central/jets/2/py in Skim_TriLep_DYJets10to50.root
2026-01-11 09:36:06,986 - INFO - [2018] MISSING_CENTRAL: SR3Mu/Central/jets/2/py in Skim_TriLep_DYJets10to50.root
2026-01-12 13:44:44,710 - INFO - [2018] MISSING_FILE: /home/choij/Sync/workspace/ChargedHiggsAnalysisV3/SKNanoOutput/MatrixSelector/Run3Mu/2018/Skim_TriLep_DoubleMuon_A.root
2026-01-12 13:44:44,711 - INFO - [2018] MISSING_FILE: /home/choij/Sync/workspace/ChargedHiggsAnalysisV3/SKNanoOutput/MatrixSelector/Run3Mu/2018/Skim_TriLep_DoubleMuon_B.root
2026-01-12 13:44:44,711 - INFO - [2018] MISSING_FILE: /home/choij/Sync/workspace/ChargedHiggsAnalysisV3/SKNanoOutput/MatrixSelector/Run3Mu/2018/Skim_TriLep_DoubleMuon_C.root
2026-01-12 13:44:44,711 - INFO - [2018] MISSING_FILE: /home/choij/Sync/workspace/ChargedHiggsAnalysisV3/SKNanoOutput/MatrixSelector/Run3Mu/2018/Skim_TriLep_DoubleMuon_D.root
2026-01-12 13:44:44,746 - INFO - [2018] MISSING_CENTRAL: SR3Mu/Central/jets/2/py in Skim_TriLep_DYJets10to50.root
