2025-09-24 15:50:09,340 - INFO - [2018] MISSING_CENTRAL: SR3Mu/Central/METv/pt in Skim_TriLep_DYJets10to50.root
2025-09-24 15:50:09,348 - INFO - [2018] MISSING_FILE: /Users/choij/Sync/workspace/ChargedHiggsAnalysisV3/SKNanoOutput/PromptSelector/Run3Mu_RunSyst/2018/Skim_TriLep_TTG.root
2025-09-24 15:50:09,407 - INFO - [2018] MISSING_FILE: /Users/choij/Sync/workspace/ChargedHiggsAnalysisV3/SKNanoOutput/PromptSelector/Run3Mu_RunSyst/2018/Skim_TriLep_TTHToNonbb.root
2025-09-24 15:50:09,452 - INFO - [2018] MISSING_FILE: /Users/choij/Sync/workspace/ChargedHiggsAnalysisV3/SKNanoOutput/PromptSelector/Run3Mu_RunSyst/2018/Skim_TriLep_tHq.root
2025-09-24 15:50:09,551 - INFO - [2018] MISSING_FILE: /Users/choij/Sync/workspace/ChargedHiggsAnalysisV3/SKNanoOutput/PromptSelector/Run3Mu_RunSyst/2018/Skim_TriLep_VBFHToZZTo4L.root
2025-10-02 21:14:16,341 - INFO - [2018] MISSING_CENTRAL: SR3Mu/Central/METv/pt in Skim_TriLep_DYJets10to50.root
2025-10-02 21:14:16,372 - INFO - [2018] MISSING_FILE: /data9/Users/choij/Sync/workspace/ChargedHiggsAnalysisV3/SKNanoOutput/PromptSelector/Run3Mu_RunSyst/2018/Skim_TriLep_TTG.root
2025-10-02 21:14:16,526 - INFO - [2018] MISSING_FILE: /data9/Users/choij/Sync/workspace/ChargedHiggsAnalysisV3/SKNanoOutput/PromptSelector/Run3Mu_RunSyst/2018/Skim_TriLep_TTHToNonbb.root
2025-10-02 21:14:16,642 - INFO - [2018] MISSING_FILE: /data9/Users/choij/Sync/workspace/ChargedHiggsAnalysisV3/SKNanoOutput/PromptSelector/Run3Mu_RunSyst/2018/Skim_TriLep_tHq.root
2025-10-02 21:14:16,813 - INFO - [2018] MISSING_FILE: /data9/Users/choij/Sync/workspace/ChargedHiggsAnalysisV3/SKNanoOutput/PromptSelector/Run3Mu_RunSyst/2018/Skim_TriLep_VBFHToZZTo4L.root
2025-10-03 00:02:42,468 - INFO - [2018] MISSING_CENTRAL: SR3Mu/Central/METv/pt in Skim_TriLep_DYJets10to50.root
2025-10-03 00:02:42,491 - INFO - [2018] MISSING_FILE: /Users/choij/Sync/workspace/ChargedHiggsAnalysisV3/SKNanoOutput/PromptSelector/Run3Mu_RunSyst/2018/Skim_TriLep_TTG.root
2025-10-03 00:02:42,542 - INFO - [2018] MISSING_FILE: /Users/choij/Sync/workspace/ChargedHiggsAnalysisV3/SKNanoOutput/PromptSelector/Run3Mu_RunSyst/2018/Skim_TriLep_TTHToNonbb.root
2025-10-03 00:02:42,572 - INFO - [2018] MISSING_FILE: /Users/choij/Sync/workspace/ChargedHiggsAnalysisV3/SKNanoOutput/PromptSelector/Run3Mu_RunSyst/2018/Skim_TriLep_tHq.root
2025-10-03 00:02:42,649 - INFO - [2018] MISSING_FILE: /Users/choij/Sync/workspace/ChargedHiggsAnalysisV3/SKNanoOutput/PromptSelector/Run3Mu_RunSyst/2018/Skim_TriLep_VBFHToZZTo4L.root
2025-11-05 20:29:00,694 - INFO - [2018] MISSING_CENTRAL: SR3Mu/Central/METv/pt in Skim_TriLep_DYJets10to50.root
2025-11-05 21:34:16,468 - INFO - [2018] MISSING_CENTRAL: SR3Mu/Central/METv/pt in Skim_TriLep_DYJets10to50.root
2025-11-05 21:39:21,112 - INFO - [2018] MISSING_CENTRAL: SR3Mu/Central/METv/pt in Skim_TriLep_DYJets10to50.root
2025-11-05 22:02:43,386 - INFO - [2018] MISSING_CENTRAL: SR3Mu/Central/METv/pt in Skim_TriLep_DYJets10to50.root
2025-11-05 22:18:29,436 - INFO - [2018] MISSING_CENTRAL: SR3Mu/Central/METv/pt in Skim_TriLep_DYJets10to50.root
2025-11-05 23:23:02,437 - INFO - [2018] MISSING_CENTRAL: SR3Mu/Central/METv/pt in Skim_TriLep_DYJets10to50.root
2025-11-07 12:26:15,053 - INFO - [2018] MISSING_CENTRAL: SR3Mu/Central/METv/pt in Skim_TriLep_DYJets10to50.root
2025-11-07 13:06:42,353 - INFO - [2018] MISSING_CENTRAL: SR3Mu/Central/METv/pt in Skim_TriLep_DYJets10to50.root
2025-11-07 14:04:34,531 - INFO - [2018] MISSING_CENTRAL: SR3Mu/Central/METv/pt in Skim_TriLep_DYJets10to50.root
2025-11-10 05:55:34,682 - INFO - [2018] MISSING_CENTRAL: SR3Mu/Central/METv/pt in Skim_TriLep_DYJets10to50.root
2025-11-10 12:19:38,020 - INFO - [2018] MISSING_CENTRAL: SR3Mu/Central/METv/pt in Skim_TriLep_DYJets10to50.root
2025-11-13 11:09:05,155 - INFO - [2018] MISSING_CENTRAL: SR3Mu/Central/METv/pt in Skim_TriLep_DYJets10to50.root
2025-11-13 19:54:39,063 - INFO - [2018] MISSING_CENTRAL: SR3Mu/Central/METv/pt in Skim_TriLep_DYJets10to50.root
2025-11-13 20:01:33,259 - INFO - [2018] MISSING_CENTRAL: SR3Mu/Central/METv/pt in Skim_TriLep_DYJets10to50.root
2025-11-19 16:21:59,641 - INFO - [2018] MISSING_CENTRAL: SR3Mu/Central/METv/pt in Skim_TriLep_DYJets10to50.root
2025-12-17 22:36:27,049 - INFO - [2018] MISSING_CENTRAL: SR3Mu/Central/METv/pt in Skim_TriLep_DYJets10to50.root
2025-12-18 14:20:02,576 - INFO - [2018] MISSING_CENTRAL: SR3Mu/Central/METv/pt in Skim_TriLep_DYJets10to50.root
2025-12-18 14:35:29,265 - INFO - [2018] MISSING_CENTRAL: SR3Mu/Central/METv/pt in Skim_TriLep_DYJets10to50.root
2026-01-07 11:45:37,385 - INFO - [2018] MISSING_CENTRAL: SR3Mu/Central/METv/pt in Skim_TriLep_DYJets10to50.root
