2025-11-05 22:18:19,982 - INFO - [2018] MISSING_CENTRAL: SR3Mu/Central/muons/2/min_dR_bjets in Skim_TriLep_DYJets10to50.root
2025-11-05 23:22:52,816 - INFO - [2018] MISSING_CENTRAL: SR3Mu/Central/muons/2/min_dR_bjets in Skim_TriLep_DYJets10to50.root
2025-11-07 12:26:05,320 - INFO - [2018] MISSING_CENTRAL: SR3Mu/Central/muons/2/min_dR_bjets in Skim_TriLep_DYJets10to50.root
2025-11-07 13:06:32,822 - INFO - [2018] MISSING_CENTRAL: SR3Mu/Central/muons/2/min_dR_bjets in Skim_TriLep_DYJets10to50.root
2025-11-07 14:04:24,933 - INFO - [2018] MISSING_CENTRAL: SR3Mu/Central/muons/2/min_dR_bjets in Skim_TriLep_DYJets10to50.root
2025-11-10 05:55:21,791 - INFO - [2018] MISSING_CENTRAL: SR3Mu/Central/muons/2/min_dR_bjets in Skim_TriLep_DYJets10to50.root
2025-11-10 12:19:28,381 - INFO - [2018] MISSING_CENTRAL: SR3Mu/Central/muons/2/min_dR_bjets in Skim_TriLep_DYJets10to50.root
2025-11-13 11:08:54,337 - INFO - [2018] MISSING_CENTRAL: SR3Mu/Central/muons/2/min_dR_bjets in Skim_TriLep_DYJets10to50.root
2025-11-13 19:54:29,109 - INFO - [2018] MISSING_CENTRAL: SR3Mu/Central/muons/2/min_dR_bjets in Skim_TriLep_DYJets10to50.root
2025-11-13 20:01:23,532 - INFO - [2018] MISSING_CENTRAL: SR3Mu/Central/muons/2/min_dR_bjets in Skim_TriLep_DYJets10to50.root
2025-11-19 16:21:50,021 - INFO - [2018] MISSING_CENTRAL: SR3Mu/Central/muons/2/min_dR_bjets in Skim_TriLep_DYJets10to50.root
2025-12-17 22:36:15,742 - INFO - [2018] MISSING_CENTRAL: SR3Mu/Central/muons/2/min_dR_bjets in Skim_TriLep_DYJets10to50.root
2025-12-18 14:19:55,634 - INFO - [2018] MISSING_CENTRAL: SR3Mu/Central/muons/2/min_dR_bjets in Skim_TriLep_DYJets10to50.root
2025-12-18 14:35:22,988 - INFO - [2018] MISSING_CENTRAL: SR3Mu/Central/muons/2/min_dR_bjets in Skim_TriLep_DYJets10to50.root
2026-01-07 11:45:26,409 - INFO - [2018] MISSING_CENTRAL: SR3Mu/Central/muons/2/min_dR_bjets in Skim_TriLep_DYJets10to50.root
2026-01-07 18:42:11,669 - INFO - [2018] MISSING_CENTRAL: SR3Mu/Central/muons/2/min_dR_bjets in Skim_TriLep_DYJets10to50.root
2026-01-07 19:28:27,957 - INFO - [2018] MISSING_CENTRAL: SR3Mu/Central/muons/2/min_dR_bjets in Skim_TriLep_DYJets10to50.root
2026-01-09 12:16:00,019 - INFO - [2018] MISSING_CENTRAL: SR3Mu/Central/muons/2/min_dR_bjets in Skim_TriLep_DYJets10to50.root
2026-01-11 09:36:03,767 - INFO - [2018] MISSING_CENTRAL: SR3Mu/Central/muons/2/min_dR_bjets in Skim_TriLep_DYJets10to50.root
2026-01-12 13:44:41,192 - INFO - [2018] MISSING_FILE: /home/choij/Sync/workspace/ChargedHiggsAnalysisV3/SKNanoOutput/MatrixSelector/Run3Mu/2018/Skim_TriLep_DoubleMuon_A.root
2026-01-12 13:44:41,192 - INFO - [2018] MISSING_FILE: /home/choij/Sync/workspace/ChargedHiggsAnalysisV3/SKNanoOutput/MatrixSelector/Run3Mu/2018/Skim_TriLep_DoubleMuon_B.root
2026-01-12 13:44:41,192 - INFO - [2018] MISSING_FILE: /home/choij/Sync/workspace/ChargedHiggsAnalysisV3/SKNanoOutput/MatrixSelector/Run3Mu/2018/Skim_TriLep_DoubleMuon_C.root
2026-01-12 13:44:41,192 - INFO - [2018] MISSING_FILE: /home/choij/Sync/workspace/ChargedHiggsAnalysisV3/SKNanoOutput/MatrixSelector/Run3Mu/2018/Skim_TriLep_DoubleMuon_D.root
2026-01-12 13:44:41,217 - INFO - [2018] MISSING_CENTRAL: SR3Mu/Central/muons/2/min_dR_bjets in Skim_TriLep_DYJets10to50.root
2026-01-16 18:59:54,521 - INFO - [2018] MISSING_CENTRAL: SR3Mu/Central/muons/2/min_dR_bjets in Skim_TriLep_DYJets10to50.root
