2025-11-05 22:18:23,025 - INFO - [2018] MISSING_CENTRAL: SR3Mu/Central/muons/3/min_dR_bjets in Skim_TriLep_DYJets10to50.root
2025-11-05 23:22:55,858 - INFO - [2018] MISSING_CENTRAL: SR3Mu/Central/muons/3/min_dR_bjets in Skim_TriLep_DYJets10to50.root
2025-11-07 12:26:08,590 - INFO - [2018] MISSING_CENTRAL: SR3Mu/Central/muons/3/min_dR_bjets in Skim_TriLep_DYJets10to50.root
2025-11-07 13:06:35,757 - INFO - [2018] MISSING_CENTRAL: SR3Mu/Central/muons/3/min_dR_bjets in Skim_TriLep_DYJets10to50.root
2025-11-07 14:04:28,021 - INFO - [2018] MISSING_CENTRAL: SR3Mu/Central/muons/3/min_dR_bjets in Skim_TriLep_DYJets10to50.root
2025-11-10 05:55:25,501 - INFO - [2018] MISSING_CENTRAL: SR3Mu/Central/muons/3/min_dR_bjets in Skim_TriLep_DYJets10to50.root
2025-11-10 12:19:31,489 - INFO - [2018] MISSING_CENTRAL: SR3Mu/Central/muons/3/min_dR_bjets in Skim_TriLep_DYJets10to50.root
2025-11-13 11:08:55,381 - INFO - [2018] MISSING_CENTRAL: SR3Mu/Central/muons/3/min_dR_bjets in Skim_TriLep_DYJets10to50.root
2025-11-13 19:54:32,467 - INFO - [2018] MISSING_CENTRAL: SR3Mu/Central/muons/3/min_dR_bjets in Skim_TriLep_DYJets10to50.root
2025-11-13 20:01:26,676 - INFO - [2018] MISSING_CENTRAL: SR3Mu/Central/muons/3/min_dR_bjets in Skim_TriLep_DYJets10to50.root
2025-11-19 16:21:53,100 - INFO - [2018] MISSING_CENTRAL: SR3Mu/Central/muons/3/min_dR_bjets in Skim_TriLep_DYJets10to50.root
2025-12-17 22:36:15,781 - INFO - [2018] MISSING_CENTRAL: SR3Mu/Central/muons/3/min_dR_bjets in Skim_TriLep_DYJets10to50.root
2025-12-18 14:19:54,847 - INFO - [2018] MISSING_CENTRAL: SR3Mu/Central/muons/3/min_dR_bjets in Skim_TriLep_DYJets10to50.root
2025-12-18 14:35:23,601 - INFO - [2018] MISSING_CENTRAL: SR3Mu/Central/muons/3/min_dR_bjets in Skim_TriLep_DYJets10to50.root
2026-01-07 11:45:26,407 - INFO - [2018] MISSING_CENTRAL: SR3Mu/Central/muons/3/min_dR_bjets in Skim_TriLep_DYJets10to50.root
2026-01-07 18:42:11,559 - INFO - [2018] MISSING_CENTRAL: SR3Mu/Central/muons/3/min_dR_bjets in Skim_TriLep_DYJets10to50.root
2026-01-07 19:28:27,964 - INFO - [2018] MISSING_CENTRAL: SR3Mu/Central/muons/3/min_dR_bjets in Skim_TriLep_DYJets10to50.root
2026-01-09 12:16:03,350 - INFO - [2018] MISSING_CENTRAL: SR3Mu/Central/muons/3/min_dR_bjets in Skim_TriLep_DYJets10to50.root
2026-01-11 09:36:06,914 - INFO - [2018] MISSING_CENTRAL: SR3Mu/Central/muons/3/min_dR_bjets in Skim_TriLep_DYJets10to50.root
2026-01-12 13:44:44,316 - INFO - [2018] MISSING_FILE: /home/choij/Sync/workspace/ChargedHiggsAnalysisV3/SKNanoOutput/MatrixSelector/Run3Mu/2018/Skim_TriLep_DoubleMuon_A.root
2026-01-12 13:44:44,316 - INFO - [2018] MISSING_FILE: /home/choij/Sync/workspace/ChargedHiggsAnalysisV3/SKNanoOutput/MatrixSelector/Run3Mu/2018/Skim_TriLep_DoubleMuon_B.root
2026-01-12 13:44:44,316 - INFO - [2018] MISSING_FILE: /home/choij/Sync/workspace/ChargedHiggsAnalysisV3/SKNanoOutput/MatrixSelector/Run3Mu/2018/Skim_TriLep_DoubleMuon_C.root
2026-01-12 13:44:44,316 - INFO - [2018] MISSING_FILE: /home/choij/Sync/workspace/ChargedHiggsAnalysisV3/SKNanoOutput/MatrixSelector/Run3Mu/2018/Skim_TriLep_DoubleMuon_D.root
2026-01-12 13:44:44,341 - INFO - [2018] MISSING_CENTRAL: SR3Mu/Central/muons/3/min_dR_bjets in Skim_TriLep_DYJets10to50.root
2026-01-16 18:59:57,911 - INFO - [2018] MISSING_CENTRAL: SR3Mu/Central/muons/3/min_dR_bjets in Skim_TriLep_DYJets10to50.root
2026-01-28 16:08:06,525 - INFO - [2018] MISSING_CENTRAL: SR3Mu/Central/muons/3/min_dR_bjets in Skim_TriLep_DYJets10to50.root
