2025-09-24 15:49:44,329 - INFO - [2018] MISSING_CENTRAL: SR3Mu/Central/muons/1/pt in Skim_TriLep_DYJets10to50.root
2025-09-24 15:49:44,346 - INFO - [2018] MISSING_FILE: /Users/choij/Sync/workspace/ChargedHiggsAnalysisV3/SKNanoOutput/PromptSelector/Run3Mu_RunSyst/2018/Skim_TriLep_TTG.root
2025-09-24 15:49:44,427 - INFO - [2018] MISSING_FILE: /Users/choij/Sync/workspace/ChargedHiggsAnalysisV3/SKNanoOutput/PromptSelector/Run3Mu_RunSyst/2018/Skim_TriLep_TTHToNonbb.root
2025-09-24 15:49:44,539 - INFO - [2018] MISSING_FILE: /Users/choij/Sync/workspace/ChargedHiggsAnalysisV3/SKNanoOutput/PromptSelector/Run3Mu_RunSyst/2018/Skim_TriLep_tHq.root
2025-09-24 15:49:44,731 - INFO - [2018] MISSING_FILE: /Users/choij/Sync/workspace/ChargedHiggsAnalysisV3/SKNanoOutput/PromptSelector/Run3Mu_RunSyst/2018/Skim_TriLep_VBFHToZZTo4L.root
2025-10-02 21:14:08,148 - INFO - [2018] MISSING_CENTRAL: SR3Mu/Central/muons/1/pt in Skim_TriLep_DYJets10to50.root
2025-10-02 21:14:08,164 - INFO - [2018] MISSING_FILE: /data9/Users/choij/Sync/workspace/ChargedHiggsAnalysisV3/SKNanoOutput/PromptSelector/Run3Mu_RunSyst/2018/Skim_TriLep_TTG.root
2025-10-02 21:14:08,206 - INFO - [2018] MISSING_FILE: /data9/Users/choij/Sync/workspace/ChargedHiggsAnalysisV3/SKNanoOutput/PromptSelector/Run3Mu_RunSyst/2018/Skim_TriLep_TTHToNonbb.root
2025-10-02 21:14:08,592 - INFO - [2018] MISSING_FILE: /data9/Users/choij/Sync/workspace/ChargedHiggsAnalysisV3/SKNanoOutput/PromptSelector/Run3Mu_RunSyst/2018/Skim_TriLep_tHq.root
2025-10-02 21:14:09,516 - INFO - [2018] MISSING_FILE: /data9/Users/choij/Sync/workspace/ChargedHiggsAnalysisV3/SKNanoOutput/PromptSelector/Run3Mu_RunSyst/2018/Skim_TriLep_VBFHToZZTo4L.root
2025-10-03 00:02:22,185 - INFO - [2018] MISSING_CENTRAL: SR3Mu/Central/muons/1/pt in Skim_TriLep_DYJets10to50.root
2025-10-03 00:02:22,200 - INFO - [2018] MISSING_FILE: /Users/choij/Sync/workspace/ChargedHiggsAnalysisV3/SKNanoOutput/PromptSelector/Run3Mu_RunSyst/2018/Skim_TriLep_TTG.root
2025-10-03 00:02:22,299 - INFO - [2018] MISSING_FILE: /Users/choij/Sync/workspace/ChargedHiggsAnalysisV3/SKNanoOutput/PromptSelector/Run3Mu_RunSyst/2018/Skim_TriLep_TTHToNonbb.root
2025-10-03 00:02:22,344 - INFO - [2018] MISSING_FILE: /Users/choij/Sync/workspace/ChargedHiggsAnalysisV3/SKNanoOutput/PromptSelector/Run3Mu_RunSyst/2018/Skim_TriLep_tHq.root
2025-10-03 00:02:22,415 - INFO - [2018] MISSING_FILE: /Users/choij/Sync/workspace/ChargedHiggsAnalysisV3/SKNanoOutput/PromptSelector/Run3Mu_RunSyst/2018/Skim_TriLep_VBFHToZZTo4L.root
2025-11-05 20:28:51,171 - INFO - [2018] MISSING_CENTRAL: SR3Mu/Central/muons/1/pt in Skim_TriLep_DYJets10to50.root
2025-11-05 21:34:06,986 - INFO - [2018] MISSING_CENTRAL: SR3Mu/Central/muons/1/pt in Skim_TriLep_DYJets10to50.root
2025-11-05 21:39:11,099 - INFO - [2018] MISSING_CENTRAL: SR3Mu/Central/muons/1/pt in Skim_TriLep_DYJets10to50.root
2025-11-05 22:02:33,616 - INFO - [2018] MISSING_CENTRAL: SR3Mu/Central/muons/1/pt in Skim_TriLep_DYJets10to50.root
2025-11-05 22:18:19,882 - INFO - [2018] MISSING_CENTRAL: SR3Mu/Central/muons/1/pt in Skim_TriLep_DYJets10to50.root
2025-11-05 23:22:52,795 - INFO - [2018] MISSING_CENTRAL: SR3Mu/Central/muons/1/pt in Skim_TriLep_DYJets10to50.root
2025-11-07 12:26:05,228 - INFO - [2018] MISSING_CENTRAL: SR3Mu/Central/muons/1/pt in Skim_TriLep_DYJets10to50.root
2025-11-07 13:06:32,775 - INFO - [2018] MISSING_CENTRAL: SR3Mu/Central/muons/1/pt in Skim_TriLep_DYJets10to50.root
2025-11-07 14:04:24,933 - INFO - [2018] MISSING_CENTRAL: SR3Mu/Central/muons/1/pt in Skim_TriLep_DYJets10to50.root
