2025-09-24 15:49:50,810 - INFO - [2018] MISSING_CENTRAL: SR3Mu/Central/muons/3/pz in Skim_TriLep_DYJets10to50.root
2025-09-24 15:49:50,877 - INFO - [2018] MISSING_FILE: /Users/choij/Sync/workspace/ChargedHiggsAnalysisV3/SKNanoOutput/PromptSelector/Run3Mu_RunSyst/2018/Skim_TriLep_TTG.root
2025-09-24 15:49:50,955 - INFO - [2018] MISSING_FILE: /Users/choij/Sync/workspace/ChargedHiggsAnalysisV3/SKNanoOutput/PromptSelector/Run3Mu_RunSyst/2018/Skim_TriLep_TTHToNonbb.root
2025-09-24 15:49:51,183 - INFO - [2018] MISSING_FILE: /Users/choij/Sync/workspace/ChargedHiggsAnalysisV3/SKNanoOutput/PromptSelector/Run3Mu_RunSyst/2018/Skim_TriLep_tHq.root
2025-09-24 15:49:51,297 - INFO - [2018] MISSING_FILE: /Users/choij/Sync/workspace/ChargedHiggsAnalysisV3/SKNanoOutput/PromptSelector/Run3Mu_RunSyst/2018/Skim_TriLep_VBFHToZZTo4L.root
2025-10-02 21:14:07,592 - INFO - [2018] MISSING_CENTRAL: SR3Mu/Central/muons/3/pz in Skim_TriLep_DYJets10to50.root
2025-10-02 21:14:07,660 - INFO - [2018] MISSING_FILE: /data9/Users/choij/Sync/workspace/ChargedHiggsAnalysisV3/SKNanoOutput/PromptSelector/Run3Mu_RunSyst/2018/Skim_TriLep_TTG.root
2025-10-02 21:14:08,080 - INFO - [2018] MISSING_FILE: /data9/Users/choij/Sync/workspace/ChargedHiggsAnalysisV3/SKNanoOutput/PromptSelector/Run3Mu_RunSyst/2018/Skim_TriLep_TTHToNonbb.root
2025-10-02 21:14:08,600 - INFO - [2018] MISSING_FILE: /data9/Users/choij/Sync/workspace/ChargedHiggsAnalysisV3/SKNanoOutput/PromptSelector/Run3Mu_RunSyst/2018/Skim_TriLep_tHq.root
2025-10-02 21:14:09,523 - INFO - [2018] MISSING_FILE: /data9/Users/choij/Sync/workspace/ChargedHiggsAnalysisV3/SKNanoOutput/PromptSelector/Run3Mu_RunSyst/2018/Skim_TriLep_VBFHToZZTo4L.root
2025-10-03 00:02:27,188 - INFO - [2018] MISSING_CENTRAL: SR3Mu/Central/muons/3/pz in Skim_TriLep_DYJets10to50.root
2025-10-03 00:02:27,232 - INFO - [2018] MISSING_FILE: /Users/choij/Sync/workspace/ChargedHiggsAnalysisV3/SKNanoOutput/PromptSelector/Run3Mu_RunSyst/2018/Skim_TriLep_TTG.root
2025-10-03 00:02:27,316 - INFO - [2018] MISSING_FILE: /Users/choij/Sync/workspace/ChargedHiggsAnalysisV3/SKNanoOutput/PromptSelector/Run3Mu_RunSyst/2018/Skim_TriLep_TTHToNonbb.root
2025-10-03 00:02:27,399 - INFO - [2018] MISSING_FILE: /Users/choij/Sync/workspace/ChargedHiggsAnalysisV3/SKNanoOutput/PromptSelector/Run3Mu_RunSyst/2018/Skim_TriLep_tHq.root
2025-10-03 00:02:27,508 - INFO - [2018] MISSING_FILE: /Users/choij/Sync/workspace/ChargedHiggsAnalysisV3/SKNanoOutput/PromptSelector/Run3Mu_RunSyst/2018/Skim_TriLep_VBFHToZZTo4L.root
2025-11-05 20:28:51,273 - INFO - [2018] MISSING_CENTRAL: SR3Mu/Central/muons/3/pz in Skim_TriLep_DYJets10to50.root
2025-11-05 21:34:07,064 - INFO - [2018] MISSING_CENTRAL: SR3Mu/Central/muons/3/pz in Skim_TriLep_DYJets10to50.root
2025-11-05 21:39:11,189 - INFO - [2018] MISSING_CENTRAL: SR3Mu/Central/muons/3/pz in Skim_TriLep_DYJets10to50.root
2025-11-05 22:02:33,652 - INFO - [2018] MISSING_CENTRAL: SR3Mu/Central/muons/3/pz in Skim_TriLep_DYJets10to50.root
2025-11-05 22:18:22,925 - INFO - [2018] MISSING_CENTRAL: SR3Mu/Central/muons/3/pz in Skim_TriLep_DYJets10to50.root
2025-11-05 23:22:55,898 - INFO - [2018] MISSING_CENTRAL: SR3Mu/Central/muons/3/pz in Skim_TriLep_DYJets10to50.root
2025-11-07 12:26:08,650 - INFO - [2018] MISSING_CENTRAL: SR3Mu/Central/muons/3/pz in Skim_TriLep_DYJets10to50.root
2025-11-07 13:06:35,331 - INFO - [2018] MISSING_CENTRAL: SR3Mu/Central/muons/3/pz in Skim_TriLep_DYJets10to50.root
2025-11-07 14:04:27,832 - INFO - [2018] MISSING_CENTRAL: SR3Mu/Central/muons/3/pz in Skim_TriLep_DYJets10to50.root
2025-11-10 05:55:26,052 - INFO - [2018] MISSING_CENTRAL: SR3Mu/Central/muons/3/pz in Skim_TriLep_DYJets10to50.root
2025-11-10 12:19:31,504 - INFO - [2018] MISSING_CENTRAL: SR3Mu/Central/muons/3/pz in Skim_TriLep_DYJets10to50.root
2025-11-13 11:08:54,670 - INFO - [2018] MISSING_CENTRAL: SR3Mu/Central/muons/3/pz in Skim_TriLep_DYJets10to50.root
2025-11-13 19:54:32,448 - INFO - [2018] MISSING_CENTRAL: SR3Mu/Central/muons/3/pz in Skim_TriLep_DYJets10to50.root
2025-11-13 20:01:26,857 - INFO - [2018] MISSING_CENTRAL: SR3Mu/Central/muons/3/pz in Skim_TriLep_DYJets10to50.root
2025-11-19 16:21:52,852 - INFO - [2018] MISSING_CENTRAL: SR3Mu/Central/muons/3/pz in Skim_TriLep_DYJets10to50.root
2025-12-17 22:36:15,749 - INFO - [2018] MISSING_CENTRAL: SR3Mu/Central/muons/3/pz in Skim_TriLep_DYJets10to50.root
2025-12-18 14:19:55,463 - INFO - [2018] MISSING_CENTRAL: SR3Mu/Central/muons/3/pz in Skim_TriLep_DYJets10to50.root
2025-12-18 14:35:22,899 - INFO - [2018] MISSING_CENTRAL: SR3Mu/Central/muons/3/pz in Skim_TriLep_DYJets10to50.root
