2025-09-24 15:49:45,072 - INFO - [2018] MISSING_CENTRAL: SR3Mu/Central/muons/1/eta in Skim_TriLep_DYJets10to50.root
2025-09-24 15:49:45,078 - INFO - [2018] MISSING_FILE: /Users/choij/Sync/workspace/ChargedHiggsAnalysisV3/SKNanoOutput/PromptSelector/Run3Mu_RunSyst/2018/Skim_TriLep_TTG.root
2025-09-24 15:49:45,090 - INFO - [2018] MISSING_FILE: /Users/choij/Sync/workspace/ChargedHiggsAnalysisV3/SKNanoOutput/PromptSelector/Run3Mu_RunSyst/2018/Skim_TriLep_TTHToNonbb.root
2025-09-24 15:49:45,104 - INFO - [2018] MISSING_FILE: /Users/choij/Sync/workspace/ChargedHiggsAnalysisV3/SKNanoOutput/PromptSelector/Run3Mu_RunSyst/2018/Skim_TriLep_tHq.root
2025-09-24 15:49:45,151 - INFO - [2018] MISSING_FILE: /Users/choij/Sync/workspace/ChargedHiggsAnalysisV3/SKNanoOutput/PromptSelector/Run3Mu_RunSyst/2018/Skim_TriLep_VBFHToZZTo4L.root
2025-10-02 21:14:07,559 - INFO - [2018] MISSING_CENTRAL: SR3Mu/Central/muons/1/eta in Skim_TriLep_DYJets10to50.root
2025-10-02 21:14:07,580 - INFO - [2018] MISSING_FILE: /data9/Users/choij/Sync/workspace/ChargedHiggsAnalysisV3/SKNanoOutput/PromptSelector/Run3Mu_RunSyst/2018/Skim_TriLep_TTG.root
2025-10-02 21:14:08,069 - INFO - [2018] MISSING_FILE: /data9/Users/choij/Sync/workspace/ChargedHiggsAnalysisV3/SKNanoOutput/PromptSelector/Run3Mu_RunSyst/2018/Skim_TriLep_TTHToNonbb.root
2025-10-02 21:14:08,584 - INFO - [2018] MISSING_FILE: /data9/Users/choij/Sync/workspace/ChargedHiggsAnalysisV3/SKNanoOutput/PromptSelector/Run3Mu_RunSyst/2018/Skim_TriLep_tHq.root
2025-10-02 21:14:09,506 - INFO - [2018] MISSING_FILE: /data9/Users/choij/Sync/workspace/ChargedHiggsAnalysisV3/SKNanoOutput/PromptSelector/Run3Mu_RunSyst/2018/Skim_TriLep_VBFHToZZTo4L.root
2025-10-03 00:02:22,297 - INFO - [2018] MISSING_CENTRAL: SR3Mu/Central/muons/1/eta in Skim_TriLep_DYJets10to50.root
2025-10-03 00:02:22,301 - INFO - [2018] MISSING_FILE: /Users/choij/Sync/workspace/ChargedHiggsAnalysisV3/SKNanoOutput/PromptSelector/Run3Mu_RunSyst/2018/Skim_TriLep_TTG.root
2025-10-03 00:02:22,318 - INFO - [2018] MISSING_FILE: /Users/choij/Sync/workspace/ChargedHiggsAnalysisV3/SKNanoOutput/PromptSelector/Run3Mu_RunSyst/2018/Skim_TriLep_TTHToNonbb.root
2025-10-03 00:02:22,347 - INFO - [2018] MISSING_FILE: /Users/choij/Sync/workspace/ChargedHiggsAnalysisV3/SKNanoOutput/PromptSelector/Run3Mu_RunSyst/2018/Skim_TriLep_tHq.root
2025-10-03 00:02:22,394 - INFO - [2018] MISSING_FILE: /Users/choij/Sync/workspace/ChargedHiggsAnalysisV3/SKNanoOutput/PromptSelector/Run3Mu_RunSyst/2018/Skim_TriLep_VBFHToZZTo4L.root
2025-11-05 20:28:51,180 - INFO - [2018] MISSING_CENTRAL: SR3Mu/Central/muons/1/eta in Skim_TriLep_DYJets10to50.root
2025-11-05 21:34:06,991 - INFO - [2018] MISSING_CENTRAL: SR3Mu/Central/muons/1/eta in Skim_TriLep_DYJets10to50.root
2025-11-05 21:39:11,069 - INFO - [2018] MISSING_CENTRAL: SR3Mu/Central/muons/1/eta in Skim_TriLep_DYJets10to50.root
2025-11-05 22:02:33,175 - INFO - [2018] MISSING_CENTRAL: SR3Mu/Central/muons/1/eta in Skim_TriLep_DYJets10to50.root
2025-11-05 22:18:19,928 - INFO - [2018] MISSING_CENTRAL: SR3Mu/Central/muons/1/eta in Skim_TriLep_DYJets10to50.root
2025-11-05 23:22:52,792 - INFO - [2018] MISSING_CENTRAL: SR3Mu/Central/muons/1/eta in Skim_TriLep_DYJets10to50.root
2025-11-07 12:26:05,223 - INFO - [2018] MISSING_CENTRAL: SR3Mu/Central/muons/1/eta in Skim_TriLep_DYJets10to50.root
2025-11-07 13:06:32,799 - INFO - [2018] MISSING_CENTRAL: SR3Mu/Central/muons/1/eta in Skim_TriLep_DYJets10to50.root
2025-11-07 14:04:24,935 - INFO - [2018] MISSING_CENTRAL: SR3Mu/Central/muons/1/eta in Skim_TriLep_DYJets10to50.root
2025-11-10 05:55:21,518 - INFO - [2018] MISSING_CENTRAL: SR3Mu/Central/muons/1/eta in Skim_TriLep_DYJets10to50.root
2025-11-10 12:19:28,282 - INFO - [2018] MISSING_CENTRAL: SR3Mu/Central/muons/1/eta in Skim_TriLep_DYJets10to50.root
2025-11-13 11:08:54,546 - INFO - [2018] MISSING_CENTRAL: SR3Mu/Central/muons/1/eta in Skim_TriLep_DYJets10to50.root
2025-11-13 19:54:29,035 - INFO - [2018] MISSING_CENTRAL: SR3Mu/Central/muons/1/eta in Skim_TriLep_DYJets10to50.root
2025-11-13 20:01:23,611 - INFO - [2018] MISSING_CENTRAL: SR3Mu/Central/muons/1/eta in Skim_TriLep_DYJets10to50.root
2025-11-19 16:21:49,911 - INFO - [2018] MISSING_CENTRAL: SR3Mu/Central/muons/1/eta in Skim_TriLep_DYJets10to50.root
2025-12-17 22:36:15,740 - INFO - [2018] MISSING_CENTRAL: SR3Mu/Central/muons/1/eta in Skim_TriLep_DYJets10to50.root
2025-12-18 14:19:54,868 - INFO - [2018] MISSING_CENTRAL: SR3Mu/Central/muons/1/eta in Skim_TriLep_DYJets10to50.root
2025-12-18 14:35:23,026 - INFO - [2018] MISSING_CENTRAL: SR3Mu/Central/muons/1/eta in Skim_TriLep_DYJets10to50.root
2026-01-07 11:45:26,416 - INFO - [2018] MISSING_CENTRAL: SR3Mu/Central/muons/1/eta in Skim_TriLep_DYJets10to50.root
