2025-09-24 15:50:10,736 - INFO - [2018] MISSING_CENTRAL: SR3Mu/Central/stack/pt in Skim_TriLep_DYJets10to50.root
2025-09-24 15:50:10,750 - INFO - [2018] MISSING_FILE: /Users/choij/Sync/workspace/ChargedHiggsAnalysisV3/SKNanoOutput/PromptSelector/Run3Mu_RunSyst/2018/Skim_TriLep_TTG.root
2025-09-24 15:50:10,792 - INFO - [2018] MISSING_FILE: /Users/choij/Sync/workspace/ChargedHiggsAnalysisV3/SKNanoOutput/PromptSelector/Run3Mu_RunSyst/2018/Skim_TriLep_TTHToNonbb.root
2025-09-24 15:50:10,854 - INFO - [2018] MISSING_FILE: /Users/choij/Sync/workspace/ChargedHiggsAnalysisV3/SKNanoOutput/PromptSelector/Run3Mu_RunSyst/2018/Skim_TriLep_tHq.root
2025-09-24 15:50:11,001 - INFO - [2018] MISSING_FILE: /Users/choij/Sync/workspace/ChargedHiggsAnalysisV3/SKNanoOutput/PromptSelector/Run3Mu_RunSyst/2018/Skim_TriLep_VBFHToZZTo4L.root
2025-10-02 21:14:15,925 - INFO - [2018] MISSING_CENTRAL: SR3Mu/Central/stack/pt in Skim_TriLep_DYJets10to50.root
2025-10-02 21:14:15,943 - INFO - [2018] MISSING_FILE: /data9/Users/choij/Sync/workspace/ChargedHiggsAnalysisV3/SKNanoOutput/PromptSelector/Run3Mu_RunSyst/2018/Skim_TriLep_TTG.root
2025-10-02 21:14:16,045 - INFO - [2018] MISSING_FILE: /data9/Users/choij/Sync/workspace/ChargedHiggsAnalysisV3/SKNanoOutput/PromptSelector/Run3Mu_RunSyst/2018/Skim_TriLep_TTHToNonbb.root
2025-10-02 21:14:16,220 - INFO - [2018] MISSING_FILE: /data9/Users/choij/Sync/workspace/ChargedHiggsAnalysisV3/SKNanoOutput/PromptSelector/Run3Mu_RunSyst/2018/Skim_TriLep_tHq.root
2025-10-02 21:14:16,449 - INFO - [2018] MISSING_FILE: /data9/Users/choij/Sync/workspace/ChargedHiggsAnalysisV3/SKNanoOutput/PromptSelector/Run3Mu_RunSyst/2018/Skim_TriLep_VBFHToZZTo4L.root
2025-10-03 00:02:42,425 - INFO - [2018] MISSING_CENTRAL: SR3Mu/Central/stack/pt in Skim_TriLep_DYJets10to50.root
2025-10-03 00:02:42,435 - INFO - [2018] MISSING_FILE: /Users/choij/Sync/workspace/ChargedHiggsAnalysisV3/SKNanoOutput/PromptSelector/Run3Mu_RunSyst/2018/Skim_TriLep_TTG.root
2025-10-03 00:02:42,471 - INFO - [2018] MISSING_FILE: /Users/choij/Sync/workspace/ChargedHiggsAnalysisV3/SKNanoOutput/PromptSelector/Run3Mu_RunSyst/2018/Skim_TriLep_TTHToNonbb.root
2025-10-03 00:02:42,514 - INFO - [2018] MISSING_FILE: /Users/choij/Sync/workspace/ChargedHiggsAnalysisV3/SKNanoOutput/PromptSelector/Run3Mu_RunSyst/2018/Skim_TriLep_tHq.root
2025-10-03 00:02:42,577 - INFO - [2018] MISSING_FILE: /Users/choij/Sync/workspace/ChargedHiggsAnalysisV3/SKNanoOutput/PromptSelector/Run3Mu_RunSyst/2018/Skim_TriLep_VBFHToZZTo4L.root
2025-11-05 20:29:00,910 - INFO - [2018] MISSING_CENTRAL: SR3Mu/Central/stack/pt in Skim_TriLep_DYJets10to50.root
2025-11-05 21:34:16,749 - INFO - [2018] MISSING_CENTRAL: SR3Mu/Central/stack/pt in Skim_TriLep_DYJets10to50.root
2025-11-05 21:39:21,096 - INFO - [2018] MISSING_CENTRAL: SR3Mu/Central/stack/pt in Skim_TriLep_DYJets10to50.root
2025-11-05 22:02:43,466 - INFO - [2018] MISSING_CENTRAL: SR3Mu/Central/stack/pt in Skim_TriLep_DYJets10to50.root
2025-11-05 22:18:29,589 - INFO - [2018] MISSING_CENTRAL: SR3Mu/Central/stack/pt in Skim_TriLep_DYJets10to50.root
2025-11-05 23:23:02,459 - INFO - [2018] MISSING_CENTRAL: SR3Mu/Central/stack/pt in Skim_TriLep_DYJets10to50.root
2025-11-07 12:26:15,064 - INFO - [2018] MISSING_CENTRAL: SR3Mu/Central/stack/pt in Skim_TriLep_DYJets10to50.root
2025-11-07 13:06:42,622 - INFO - [2018] MISSING_CENTRAL: SR3Mu/Central/stack/pt in Skim_TriLep_DYJets10to50.root
2025-11-07 14:04:34,686 - INFO - [2018] MISSING_CENTRAL: SR3Mu/Central/stack/pt in Skim_TriLep_DYJets10to50.root
2025-11-10 05:55:35,079 - INFO - [2018] MISSING_CENTRAL: SR3Mu/Central/stack/pt in Skim_TriLep_DYJets10to50.root
2025-11-10 12:19:38,100 - INFO - [2018] MISSING_CENTRAL: SR3Mu/Central/stack/pt in Skim_TriLep_DYJets10to50.root
2025-11-13 11:09:04,935 - INFO - [2018] MISSING_CENTRAL: SR3Mu/Central/stack/pt in Skim_TriLep_DoubleMuon_A.root
2025-11-13 11:09:04,939 - INFO - [2018] MISSING_CENTRAL: SR3Mu/Central/stack/pt in Skim_TriLep_DoubleMuon_B.root
2025-11-13 11:09:04,940 - INFO - [2018] MISSING_CENTRAL: SR3Mu/Central/stack/pt in Skim_TriLep_DoubleMuon_C.root
2025-11-13 11:09:04,941 - INFO - [2018] MISSING_CENTRAL: SR3Mu/Central/stack/pt in Skim_TriLep_DoubleMuon_D.root
