2025-09-24 16:06:00,613 - INFO - [2023BPix] MISSING_CENTRAL: WZ3Mu/Central/jets/1/eta in Skim_TriLep_DYJets10to50.root
2025-09-24 16:06:00,621 - INFO - [2023BPix] MISSING_SYSTEMATIC: WZ3Mu/JetEn_Up/jets/1/eta in Skim_TriLep_DYGTo2LG_MLL4to50_PTG200toInf.root
2025-09-24 16:06:00,621 - INFO - [2023BPix] MISSING_SYSTEMATIC: WZ3Mu/JetEn_Down/jets/1/eta in Skim_TriLep_DYGTo2LG_MLL4to50_PTG200toInf.root
2025-09-24 16:06:00,621 - INFO - [2023BPix] MISSING_SYSTEMATIC: WZ3Mu/JetRes_Up/jets/1/eta in Skim_TriLep_DYGTo2LG_MLL4to50_PTG200toInf.root
2025-09-24 16:06:00,708 - INFO - [2023BPix] MISSING_CENTRAL: WZ3Mu/Central/jets/1/eta in Skim_TriLep_TTG_PTG200toInf.root
2025-09-24 16:06:11,908 - INFO - [2023BPix] MISSING_CENTRAL: WZ3Mu/Central/jets/1/eta in Skim_TriLep_DYJets10to50.root
2025-09-24 16:06:11,912 - INFO - [2023BPix] MISSING_CENTRAL: WZ3Mu/Central/jets/1/eta in Skim_TriLep_TTG_PTG200toInf.root
2025-09-24 16:06:11,913 - INFO - [2023BPix] MISSING_FILE: /Users/choij/Sync/workspace/ChargedHiggsAnalysisV3/SKNanoOutput/CRPromptSelector/Run3Mu_RunNoWZSF_RunSyst/2023BPix/Skim_TriLep_ZZTo4L_powheg.root
2025-09-24 16:06:11,915 - INFO - [2023BPix] MISSING_FILE: /Users/choij/Sync/workspace/ChargedHiggsAnalysisV3/SKNanoOutput/CRPromptSelector/Run3Mu_RunNoWZSF_RunSyst/2023BPix/Skim_TriLep_VBFHToZZTo4L.root
2025-09-24 16:06:11,915 - INFO - [2023BPix] MISSING_FILE: /Users/choij/Sync/workspace/ChargedHiggsAnalysisV3/SKNanoOutput/CRPromptSelector/Run3Mu_RunNoWZSF_RunSyst/2023BPix/Skim_TriLep_ggHToZZTo4L.root
2025-10-02 21:22:45,623 - INFO - [2023BPix] MISSING_CENTRAL: WZ3Mu/Central/jets/1/eta in Skim_TriLep_DYJets10to50.root
2025-10-02 21:22:45,638 - INFO - [2023BPix] MISSING_SYSTEMATIC: WZ3Mu/JetEn_Up/jets/1/eta in Skim_TriLep_DYGTo2LG_MLL4to50_PTG200toInf.root
2025-10-02 21:22:45,639 - INFO - [2023BPix] MISSING_SYSTEMATIC: WZ3Mu/JetEn_Down/jets/1/eta in Skim_TriLep_DYGTo2LG_MLL4to50_PTG200toInf.root
2025-10-02 21:22:45,639 - INFO - [2023BPix] MISSING_SYSTEMATIC: WZ3Mu/JetRes_Up/jets/1/eta in Skim_TriLep_DYGTo2LG_MLL4to50_PTG200toInf.root
2025-10-02 21:22:45,682 - INFO - [2023BPix] MISSING_CENTRAL: WZ3Mu/Central/jets/1/eta in Skim_TriLep_TTG_PTG200toInf.root
2025-10-02 21:22:51,722 - INFO - [2023BPix] MISSING_CENTRAL: WZ3Mu/Central/jets/1/eta in Skim_TriLep_DYJets10to50.root
2025-10-02 21:22:51,730 - INFO - [2023BPix] MISSING_CENTRAL: WZ3Mu/Central/jets/1/eta in Skim_TriLep_TTG_PTG200toInf.root
2025-10-02 21:22:51,734 - INFO - [2023BPix] MISSING_FILE: /data9/Users/choij/Sync/workspace/ChargedHiggsAnalysisV3/SKNanoOutput/CRPromptSelector/Run3Mu_RunNoWZSF_RunSyst/2023BPix/Skim_TriLep_ZZTo4L_powheg.root
2025-10-02 21:22:51,738 - INFO - [2023BPix] MISSING_FILE: /data9/Users/choij/Sync/workspace/ChargedHiggsAnalysisV3/SKNanoOutput/CRPromptSelector/Run3Mu_RunNoWZSF_RunSyst/2023BPix/Skim_TriLep_VBFHToZZTo4L.root
2025-10-02 21:22:51,739 - INFO - [2023BPix] MISSING_FILE: /data9/Users/choij/Sync/workspace/ChargedHiggsAnalysisV3/SKNanoOutput/CRPromptSelector/Run3Mu_RunNoWZSF_RunSyst/2023BPix/Skim_TriLep_ggHToZZTo4L.root
2025-10-03 00:37:08,867 - INFO - [2023BPix] MISSING_CENTRAL: WZ3Mu/Central/jets/1/eta in Skim_TriLep_DYJets10to50.root
2025-10-03 00:37:08,911 - INFO - [2023BPix] MISSING_SYSTEMATIC: WZ3Mu/JetEn_Up/jets/1/eta in Skim_TriLep_DYGTo2LG_MLL4to50_PTG200toInf.root
2025-10-03 00:37:08,911 - INFO - [2023BPix] MISSING_SYSTEMATIC: WZ3Mu/JetEn_Down/jets/1/eta in Skim_TriLep_DYGTo2LG_MLL4to50_PTG200toInf.root
2025-10-03 00:37:08,912 - INFO - [2023BPix] MISSING_SYSTEMATIC: WZ3Mu/JetRes_Up/jets/1/eta in Skim_TriLep_DYGTo2LG_MLL4to50_PTG200toInf.root
2025-10-03 00:37:09,055 - INFO - [2023BPix] MISSING_CENTRAL: WZ3Mu/Central/jets/1/eta in Skim_TriLep_TTG_PTG200toInf.root
2025-10-03 00:37:26,722 - INFO - [2023BPix] MISSING_CENTRAL: WZ3Mu/Central/jets/1/eta in Skim_TriLep_DYJets10to50.root
2025-10-03 00:37:26,731 - INFO - [2023BPix] MISSING_CENTRAL: WZ3Mu/Central/jets/1/eta in Skim_TriLep_TTG_PTG200toInf.root
2025-10-03 00:37:26,735 - INFO - [2023BPix] MISSING_FILE: /Users/choij/Sync/workspace/ChargedHiggsAnalysisV3/SKNanoOutput/CRPromptSelector/Run3Mu_RunNoWZSF_RunSyst/2023BPix/Skim_TriLep_ZZTo4L_powheg.root
2025-10-03 00:37:26,740 - INFO - [2023BPix] MISSING_FILE: /Users/choij/Sync/workspace/ChargedHiggsAnalysisV3/SKNanoOutput/CRPromptSelector/Run3Mu_RunNoWZSF_RunSyst/2023BPix/Skim_TriLep_VBFHToZZTo4L.root
2025-10-03 00:37:26,740 - INFO - [2023BPix] MISSING_FILE: /Users/choij/Sync/workspace/ChargedHiggsAnalysisV3/SKNanoOutput/CRPromptSelector/Run3Mu_RunNoWZSF_RunSyst/2023BPix/Skim_TriLep_ggHToZZTo4L.root
2025-11-07 13:13:39,303 - INFO - [2023BPix] MISSING_CENTRAL: WZ3Mu/Central/jets/1/eta in Skim_TriLep_DYJets10to50.root
2025-11-07 13:13:39,322 - INFO - [2023BPix] MISSING_SYSTEMATIC: WZ3Mu/JetEn_Up/jets/1/eta in Skim_TriLep_DYGTo2LG_MLL4to50_PTG200toInf.root
2025-11-07 13:13:39,322 - INFO - [2023BPix] MISSING_SYSTEMATIC: WZ3Mu/JetEn_Down/jets/1/eta in Skim_TriLep_DYGTo2LG_MLL4to50_PTG200toInf.root
2025-11-07 13:13:39,322 - INFO - [2023BPix] MISSING_SYSTEMATIC: WZ3Mu/JetRes_Up/jets/1/eta in Skim_TriLep_DYGTo2LG_MLL4to50_PTG200toInf.root
2025-11-07 13:13:39,393 - INFO - [2023BPix] MISSING_CENTRAL: WZ3Mu/Central/jets/1/eta in Skim_TriLep_TTG_PTG200toInf.root
2025-11-07 13:13:45,012 - INFO - [2023BPix] MISSING_CENTRAL: WZ3Mu/Central/jets/1/eta in Skim_TriLep_DYJets10to50.root
2025-11-07 13:13:45,018 - INFO - [2023BPix] MISSING_CENTRAL: WZ3Mu/Central/jets/1/eta in Skim_TriLep_TTG_PTG200toInf.root
2025-11-07 13:13:45,021 - INFO - [2023BPix] MISSING_FILE: /home/choij/Sync/workspace/ChargedHiggsAnalysisV3/SKNanoOutput/CRPromptSelector/Run3Mu_RunNoWZSF_RunSyst/2023BPix/Skim_TriLep_ZZTo4L_powheg.root
2025-11-07 13:13:45,025 - INFO - [2023BPix] MISSING_FILE: /home/choij/Sync/workspace/ChargedHiggsAnalysisV3/SKNanoOutput/CRPromptSelector/Run3Mu_RunNoWZSF_RunSyst/2023BPix/Skim_TriLep_VBFHToZZTo4L.root
2025-11-07 13:13:45,025 - INFO - [2023BPix] MISSING_FILE: /home/choij/Sync/workspace/ChargedHiggsAnalysisV3/SKNanoOutput/CRPromptSelector/Run3Mu_RunNoWZSF_RunSyst/2023BPix/Skim_TriLep_ggHToZZTo4L.root
2025-11-07 14:11:11,707 - INFO - [2023BPix] MISSING_CENTRAL: WZ3Mu/Central/jets/1/eta in Skim_TriLep_DYJets10to50.root
2025-11-07 14:11:11,719 - INFO - [2023BPix] MISSING_SYSTEMATIC: WZ3Mu/JetEn_Up/jets/1/eta in Skim_TriLep_DYGTo2LG_MLL4to50_PTG200toInf.root
2025-11-07 14:11:11,720 - INFO - [2023BPix] MISSING_SYSTEMATIC: WZ3Mu/JetEn_Down/jets/1/eta in Skim_TriLep_DYGTo2LG_MLL4to50_PTG200toInf.root
2025-11-07 14:11:11,720 - INFO - [2023BPix] MISSING_SYSTEMATIC: WZ3Mu/JetRes_Up/jets/1/eta in Skim_TriLep_DYGTo2LG_MLL4to50_PTG200toInf.root
2025-11-07 14:11:11,761 - INFO - [2023BPix] MISSING_CENTRAL: WZ3Mu/Central/jets/1/eta in Skim_TriLep_TTG_PTG200toInf.root
2025-11-07 14:11:17,134 - INFO - [2023BPix] MISSING_CENTRAL: WZ3Mu/Central/jets/1/eta in Skim_TriLep_DYJets10to50.root
2025-11-07 14:11:17,140 - INFO - [2023BPix] MISSING_CENTRAL: WZ3Mu/Central/jets/1/eta in Skim_TriLep_TTG_PTG200toInf.root
2025-11-07 14:11:17,143 - INFO - [2023BPix] MISSING_FILE: /home/choij/Sync/workspace/ChargedHiggsAnalysisV3/SKNanoOutput/CRPromptSelector/Run3Mu_RunNoWZSF_RunSyst/2023BPix/Skim_TriLep_ZZTo4L_powheg.root
2025-11-07 14:11:17,146 - INFO - [2023BPix] MISSING_FILE: /home/choij/Sync/workspace/ChargedHiggsAnalysisV3/SKNanoOutput/CRPromptSelector/Run3Mu_RunNoWZSF_RunSyst/2023BPix/Skim_TriLep_VBFHToZZTo4L.root
2025-11-07 14:11:17,147 - INFO - [2023BPix] MISSING_FILE: /home/choij/Sync/workspace/ChargedHiggsAnalysisV3/SKNanoOutput/CRPromptSelector/Run3Mu_RunNoWZSF_RunSyst/2023BPix/Skim_TriLep_ggHToZZTo4L.root
2025-11-10 12:27:26,425 - INFO - [2023BPix] MISSING_CENTRAL: WZ3Mu/Central/jets/1/eta in Skim_TriLep_DYJets10to50.root
2025-11-10 12:27:26,434 - INFO - [2023BPix] MISSING_SYSTEMATIC: WZ3Mu/JetEn_Up/jets/1/eta in Skim_TriLep_DYGTo2LG_MLL4to50_PTG200toInf.root
2025-11-10 12:27:26,434 - INFO - [2023BPix] MISSING_SYSTEMATIC: WZ3Mu/JetEn_Down/jets/1/eta in Skim_TriLep_DYGTo2LG_MLL4to50_PTG200toInf.root
2025-11-10 12:27:26,434 - INFO - [2023BPix] MISSING_SYSTEMATIC: WZ3Mu/JetRes_Up/jets/1/eta in Skim_TriLep_DYGTo2LG_MLL4to50_PTG200toInf.root
2025-11-10 12:27:26,468 - INFO - [2023BPix] MISSING_CENTRAL: WZ3Mu/Central/jets/1/eta in Skim_TriLep_TTG_PTG200toInf.root
2025-11-10 12:27:32,009 - INFO - [2023BPix] MISSING_CENTRAL: WZ3Mu/Central/jets/1/eta in Skim_TriLep_DYJets10to50.root
2025-11-10 12:27:32,016 - INFO - [2023BPix] MISSING_CENTRAL: WZ3Mu/Central/jets/1/eta in Skim_TriLep_TTG_PTG200toInf.root
2025-11-10 12:27:32,018 - INFO - [2023BPix] MISSING_FILE: /home/choij/Sync/workspace/ChargedHiggsAnalysisV3/SKNanoOutput/CRPromptSelector/Run3Mu_RunNoWZSF_RunSyst/2023BPix/Skim_TriLep_ZZTo4L_powheg.root
2025-11-10 12:27:32,021 - INFO - [2023BPix] MISSING_FILE: /home/choij/Sync/workspace/ChargedHiggsAnalysisV3/SKNanoOutput/CRPromptSelector/Run3Mu_RunNoWZSF_RunSyst/2023BPix/Skim_TriLep_VBFHToZZTo4L.root
2025-11-10 12:27:32,021 - INFO - [2023BPix] MISSING_FILE: /home/choij/Sync/workspace/ChargedHiggsAnalysisV3/SKNanoOutput/CRPromptSelector/Run3Mu_RunNoWZSF_RunSyst/2023BPix/Skim_TriLep_ggHToZZTo4L.root
