2025-09-24 16:06:00,631 - INFO - [2023BPix] MISSING_CENTRAL: WZ3Mu/Central/jets/1/phi in Skim_TriLep_DYJets10to50.root
2025-09-24 16:06:00,646 - INFO - [2023BPix] MISSING_SYSTEMATIC: WZ3Mu/JetEn_Up/jets/1/phi in Skim_TriLep_DYGTo2LG_MLL4to50_PTG200toInf.root
2025-09-24 16:06:00,646 - INFO - [2023BPix] MISSING_SYSTEMATIC: WZ3Mu/JetEn_Down/jets/1/phi in Skim_TriLep_DYGTo2LG_MLL4to50_PTG200toInf.root
2025-09-24 16:06:00,646 - INFO - [2023BPix] MISSING_SYSTEMATIC: WZ3Mu/JetRes_Up/jets/1/phi in Skim_TriLep_DYGTo2LG_MLL4to50_PTG200toInf.root
2025-09-24 16:06:00,765 - INFO - [2023BPix] MISSING_CENTRAL: WZ3Mu/Central/jets/1/phi in Skim_TriLep_TTG_PTG200toInf.root
2025-09-24 16:06:11,457 - INFO - [2023BPix] MISSING_CENTRAL: WZ3Mu/Central/jets/1/phi in Skim_TriLep_DYJets10to50.root
2025-09-24 16:06:11,460 - INFO - [2023BPix] MISSING_CENTRAL: WZ3Mu/Central/jets/1/phi in Skim_TriLep_TTG_PTG200toInf.root
2025-09-24 16:06:11,462 - INFO - [2023BPix] MISSING_FILE: /Users/choij/Sync/workspace/ChargedHiggsAnalysisV3/SKNanoOutput/CRPromptSelector/Run3Mu_RunNoWZSF_RunSyst/2023BPix/Skim_TriLep_ZZTo4L_powheg.root
2025-09-24 16:06:11,464 - INFO - [2023BPix] MISSING_FILE: /Users/choij/Sync/workspace/ChargedHiggsAnalysisV3/SKNanoOutput/CRPromptSelector/Run3Mu_RunNoWZSF_RunSyst/2023BPix/Skim_TriLep_VBFHToZZTo4L.root
2025-09-24 16:06:11,464 - INFO - [2023BPix] MISSING_FILE: /Users/choij/Sync/workspace/ChargedHiggsAnalysisV3/SKNanoOutput/CRPromptSelector/Run3Mu_RunNoWZSF_RunSyst/2023BPix/Skim_TriLep_ggHToZZTo4L.root
2025-10-02 21:22:45,678 - INFO - [2023BPix] MISSING_CENTRAL: WZ3Mu/Central/jets/1/phi in Skim_TriLep_DYJets10to50.root
2025-10-02 21:22:45,700 - INFO - [2023BPix] MISSING_SYSTEMATIC: WZ3Mu/JetEn_Up/jets/1/phi in Skim_TriLep_DYGTo2LG_MLL4to50_PTG200toInf.root
2025-10-02 21:22:45,700 - INFO - [2023BPix] MISSING_SYSTEMATIC: WZ3Mu/JetEn_Down/jets/1/phi in Skim_TriLep_DYGTo2LG_MLL4to50_PTG200toInf.root
2025-10-02 21:22:45,700 - INFO - [2023BPix] MISSING_SYSTEMATIC: WZ3Mu/JetRes_Up/jets/1/phi in Skim_TriLep_DYGTo2LG_MLL4to50_PTG200toInf.root
2025-10-02 21:22:45,762 - INFO - [2023BPix] MISSING_CENTRAL: WZ3Mu/Central/jets/1/phi in Skim_TriLep_TTG_PTG200toInf.root
2025-10-02 21:22:51,596 - INFO - [2023BPix] MISSING_CENTRAL: WZ3Mu/Central/jets/1/phi in Skim_TriLep_DYJets10to50.root
2025-10-02 21:22:51,610 - INFO - [2023BPix] MISSING_CENTRAL: WZ3Mu/Central/jets/1/phi in Skim_TriLep_TTG_PTG200toInf.root
2025-10-02 21:22:51,616 - INFO - [2023BPix] MISSING_FILE: /data9/Users/choij/Sync/workspace/ChargedHiggsAnalysisV3/SKNanoOutput/CRPromptSelector/Run3Mu_RunNoWZSF_RunSyst/2023BPix/Skim_TriLep_ZZTo4L_powheg.root
2025-10-02 21:22:51,624 - INFO - [2023BPix] MISSING_FILE: /data9/Users/choij/Sync/workspace/ChargedHiggsAnalysisV3/SKNanoOutput/CRPromptSelector/Run3Mu_RunNoWZSF_RunSyst/2023BPix/Skim_TriLep_VBFHToZZTo4L.root
2025-10-02 21:22:51,624 - INFO - [2023BPix] MISSING_FILE: /data9/Users/choij/Sync/workspace/ChargedHiggsAnalysisV3/SKNanoOutput/CRPromptSelector/Run3Mu_RunNoWZSF_RunSyst/2023BPix/Skim_TriLep_ggHToZZTo4L.root
2025-10-03 00:37:09,072 - INFO - [2023BPix] MISSING_CENTRAL: WZ3Mu/Central/jets/1/phi in Skim_TriLep_DYJets10to50.root
2025-10-03 00:37:09,115 - INFO - [2023BPix] MISSING_SYSTEMATIC: WZ3Mu/JetEn_Up/jets/1/phi in Skim_TriLep_DYGTo2LG_MLL4to50_PTG200toInf.root
2025-10-03 00:37:09,115 - INFO - [2023BPix] MISSING_SYSTEMATIC: WZ3Mu/JetEn_Down/jets/1/phi in Skim_TriLep_DYGTo2LG_MLL4to50_PTG200toInf.root
2025-10-03 00:37:09,116 - INFO - [2023BPix] MISSING_SYSTEMATIC: WZ3Mu/JetRes_Up/jets/1/phi in Skim_TriLep_DYGTo2LG_MLL4to50_PTG200toInf.root
2025-10-03 00:37:09,224 - INFO - [2023BPix] MISSING_CENTRAL: WZ3Mu/Central/jets/1/phi in Skim_TriLep_TTG_PTG200toInf.root
2025-10-03 00:37:26,756 - INFO - [2023BPix] MISSING_CENTRAL: WZ3Mu/Central/jets/1/phi in Skim_TriLep_DYJets10to50.root
2025-10-03 00:37:26,764 - INFO - [2023BPix] MISSING_CENTRAL: WZ3Mu/Central/jets/1/phi in Skim_TriLep_TTG_PTG200toInf.root
2025-10-03 00:37:26,770 - INFO - [2023BPix] MISSING_FILE: /Users/choij/Sync/workspace/ChargedHiggsAnalysisV3/SKNanoOutput/CRPromptSelector/Run3Mu_RunNoWZSF_RunSyst/2023BPix/Skim_TriLep_ZZTo4L_powheg.root
2025-10-03 00:37:26,776 - INFO - [2023BPix] MISSING_FILE: /Users/choij/Sync/workspace/ChargedHiggsAnalysisV3/SKNanoOutput/CRPromptSelector/Run3Mu_RunNoWZSF_RunSyst/2023BPix/Skim_TriLep_VBFHToZZTo4L.root
2025-10-03 00:37:26,777 - INFO - [2023BPix] MISSING_FILE: /Users/choij/Sync/workspace/ChargedHiggsAnalysisV3/SKNanoOutput/CRPromptSelector/Run3Mu_RunNoWZSF_RunSyst/2023BPix/Skim_TriLep_ggHToZZTo4L.root
2025-11-07 13:13:39,334 - INFO - [2023BPix] MISSING_CENTRAL: WZ3Mu/Central/jets/1/phi in Skim_TriLep_DYJets10to50.root
2025-11-07 13:13:39,344 - INFO - [2023BPix] MISSING_SYSTEMATIC: WZ3Mu/JetEn_Up/jets/1/phi in Skim_TriLep_DYGTo2LG_MLL4to50_PTG200toInf.root
2025-11-07 13:13:39,344 - INFO - [2023BPix] MISSING_SYSTEMATIC: WZ3Mu/JetEn_Down/jets/1/phi in Skim_TriLep_DYGTo2LG_MLL4to50_PTG200toInf.root
2025-11-07 13:13:39,344 - INFO - [2023BPix] MISSING_SYSTEMATIC: WZ3Mu/JetRes_Up/jets/1/phi in Skim_TriLep_DYGTo2LG_MLL4to50_PTG200toInf.root
2025-11-07 13:13:39,393 - INFO - [2023BPix] MISSING_CENTRAL: WZ3Mu/Central/jets/1/phi in Skim_TriLep_TTG_PTG200toInf.root
2025-11-07 13:13:44,930 - INFO - [2023BPix] MISSING_CENTRAL: WZ3Mu/Central/jets/1/phi in Skim_TriLep_DYJets10to50.root
2025-11-07 13:13:44,937 - INFO - [2023BPix] MISSING_CENTRAL: WZ3Mu/Central/jets/1/phi in Skim_TriLep_TTG_PTG200toInf.root
2025-11-07 13:13:44,943 - INFO - [2023BPix] MISSING_FILE: /home/choij/Sync/workspace/ChargedHiggsAnalysisV3/SKNanoOutput/CRPromptSelector/Run3Mu_RunNoWZSF_RunSyst/2023BPix/Skim_TriLep_ZZTo4L_powheg.root
2025-11-07 13:13:44,950 - INFO - [2023BPix] MISSING_FILE: /home/choij/Sync/workspace/ChargedHiggsAnalysisV3/SKNanoOutput/CRPromptSelector/Run3Mu_RunNoWZSF_RunSyst/2023BPix/Skim_TriLep_VBFHToZZTo4L.root
2025-11-07 13:13:44,950 - INFO - [2023BPix] MISSING_FILE: /home/choij/Sync/workspace/ChargedHiggsAnalysisV3/SKNanoOutput/CRPromptSelector/Run3Mu_RunNoWZSF_RunSyst/2023BPix/Skim_TriLep_ggHToZZTo4L.root
2025-11-07 14:11:11,741 - INFO - [2023BPix] MISSING_CENTRAL: WZ3Mu/Central/jets/1/phi in Skim_TriLep_DYJets10to50.root
2025-11-07 14:11:11,755 - INFO - [2023BPix] MISSING_SYSTEMATIC: WZ3Mu/JetEn_Up/jets/1/phi in Skim_TriLep_DYGTo2LG_MLL4to50_PTG200toInf.root
2025-11-07 14:11:11,755 - INFO - [2023BPix] MISSING_SYSTEMATIC: WZ3Mu/JetEn_Down/jets/1/phi in Skim_TriLep_DYGTo2LG_MLL4to50_PTG200toInf.root
2025-11-07 14:11:11,755 - INFO - [2023BPix] MISSING_SYSTEMATIC: WZ3Mu/JetRes_Up/jets/1/phi in Skim_TriLep_DYGTo2LG_MLL4to50_PTG200toInf.root
2025-11-07 14:11:11,798 - INFO - [2023BPix] MISSING_CENTRAL: WZ3Mu/Central/jets/1/phi in Skim_TriLep_TTG_PTG200toInf.root
2025-11-07 14:11:17,069 - INFO - [2023BPix] MISSING_CENTRAL: WZ3Mu/Central/jets/1/phi in Skim_TriLep_DYJets10to50.root
2025-11-07 14:11:17,076 - INFO - [2023BPix] MISSING_CENTRAL: WZ3Mu/Central/jets/1/phi in Skim_TriLep_TTG_PTG200toInf.root
2025-11-07 14:11:17,079 - INFO - [2023BPix] MISSING_FILE: /home/choij/Sync/workspace/ChargedHiggsAnalysisV3/SKNanoOutput/CRPromptSelector/Run3Mu_RunNoWZSF_RunSyst/2023BPix/Skim_TriLep_ZZTo4L_powheg.root
2025-11-07 14:11:17,083 - INFO - [2023BPix] MISSING_FILE: /home/choij/Sync/workspace/ChargedHiggsAnalysisV3/SKNanoOutput/CRPromptSelector/Run3Mu_RunNoWZSF_RunSyst/2023BPix/Skim_TriLep_VBFHToZZTo4L.root
2025-11-07 14:11:17,083 - INFO - [2023BPix] MISSING_FILE: /home/choij/Sync/workspace/ChargedHiggsAnalysisV3/SKNanoOutput/CRPromptSelector/Run3Mu_RunNoWZSF_RunSyst/2023BPix/Skim_TriLep_ggHToZZTo4L.root
2025-11-10 12:27:26,457 - INFO - [2023BPix] MISSING_CENTRAL: WZ3Mu/Central/jets/1/phi in Skim_TriLep_DYJets10to50.root
2025-11-10 12:27:26,469 - INFO - [2023BPix] MISSING_SYSTEMATIC: WZ3Mu/JetEn_Up/jets/1/phi in Skim_TriLep_DYGTo2LG_MLL4to50_PTG200toInf.root
2025-11-10 12:27:26,470 - INFO - [2023BPix] MISSING_SYSTEMATIC: WZ3Mu/JetEn_Down/jets/1/phi in Skim_TriLep_DYGTo2LG_MLL4to50_PTG200toInf.root
2025-11-10 12:27:26,470 - INFO - [2023BPix] MISSING_SYSTEMATIC: WZ3Mu/JetRes_Up/jets/1/phi in Skim_TriLep_DYGTo2LG_MLL4to50_PTG200toInf.root
2025-11-10 12:27:26,504 - INFO - [2023BPix] MISSING_CENTRAL: WZ3Mu/Central/jets/1/phi in Skim_TriLep_TTG_PTG200toInf.root
2025-11-10 12:27:31,983 - INFO - [2023BPix] MISSING_CENTRAL: WZ3Mu/Central/jets/1/phi in Skim_TriLep_DYJets10to50.root
2025-11-10 12:27:31,989 - INFO - [2023BPix] MISSING_CENTRAL: WZ3Mu/Central/jets/1/phi in Skim_TriLep_TTG_PTG200toInf.root
2025-11-10 12:27:31,992 - INFO - [2023BPix] MISSING_FILE: /home/choij/Sync/workspace/ChargedHiggsAnalysisV3/SKNanoOutput/CRPromptSelector/Run3Mu_RunNoWZSF_RunSyst/2023BPix/Skim_TriLep_ZZTo4L_powheg.root
2025-11-10 12:27:31,995 - INFO - [2023BPix] MISSING_FILE: /home/choij/Sync/workspace/ChargedHiggsAnalysisV3/SKNanoOutput/CRPromptSelector/Run3Mu_RunNoWZSF_RunSyst/2023BPix/Skim_TriLep_VBFHToZZTo4L.root
2025-11-10 12:27:31,995 - INFO - [2023BPix] MISSING_FILE: /home/choij/Sync/workspace/ChargedHiggsAnalysisV3/SKNanoOutput/CRPromptSelector/Run3Mu_RunNoWZSF_RunSyst/2023BPix/Skim_TriLep_ggHToZZTo4L.root
2025-11-13 11:17:51,540 - INFO - [2023BPix] MISSING_CENTRAL: WZ3Mu/Central/jets/1/phi in Skim_TriLep_DYJets10to50.root
2025-11-13 11:17:51,574 - INFO - [2023BPix] MISSING_SYSTEMATIC: WZ3Mu/JetEn_Up/jets/1/phi in Skim_TriLep_DYGTo2LG_MLL4to50_PTG200toInf.root
2025-11-13 11:17:51,575 - INFO - [2023BPix] MISSING_SYSTEMATIC: WZ3Mu/JetEn_Down/jets/1/phi in Skim_TriLep_DYGTo2LG_MLL4to50_PTG200toInf.root
2025-11-13 11:17:51,575 - INFO - [2023BPix] MISSING_SYSTEMATIC: WZ3Mu/JetRes_Up/jets/1/phi in Skim_TriLep_DYGTo2LG_MLL4to50_PTG200toInf.root
2025-11-13 11:17:51,649 - INFO - [2023BPix] MISSING_CENTRAL: WZ3Mu/Central/jets/1/phi in Skim_TriLep_TTG_PTG200toInf.root
2025-11-13 11:17:57,603 - INFO - [2023BPix] MISSING_CENTRAL: WZ3Mu/Central/jets/1/phi in Skim_TriLep_DYJets10to50.root
2025-11-13 11:17:57,613 - INFO - [2023BPix] MISSING_CENTRAL: WZ3Mu/Central/jets/1/phi in Skim_TriLep_TTG_PTG200toInf.root
2025-11-13 11:17:57,617 - INFO - [2023BPix] MISSING_FILE: /data9/Users/choij/Sync/workspace/ChargedHiggsAnalysisV3/SKNanoOutput/CRPromptSelector/Run3Mu_RunNoWZSF_RunSyst/2023BPix/Skim_TriLep_ZZTo4L_powheg.root
2025-11-13 11:17:57,623 - INFO - [2023BPix] MISSING_FILE: /data9/Users/choij/Sync/workspace/ChargedHiggsAnalysisV3/SKNanoOutput/CRPromptSelector/Run3Mu_RunNoWZSF_RunSyst/2023BPix/Skim_TriLep_VBFHToZZTo4L.root
2025-11-13 11:17:57,623 - INFO - [2023BPix] MISSING_FILE: /data9/Users/choij/Sync/workspace/ChargedHiggsAnalysisV3/SKNanoOutput/CRPromptSelector/Run3Mu_RunNoWZSF_RunSyst/2023BPix/Skim_TriLep_ggHToZZTo4L.root
2025-11-19 00:20:14,318 - INFO - [2023BPix] MISSING_CENTRAL: WZ3Mu/Central/jets/1/phi in Skim_TriLep_DYJets10to50.root
2025-11-19 00:20:14,332 - INFO - [2023BPix] MISSING_SYSTEMATIC: WZ3Mu/JetEn_Up/jets/1/phi in Skim_TriLep_DYGTo2LG_MLL4to50_PTG200toInf.root
2025-11-19 00:20:14,332 - INFO - [2023BPix] MISSING_SYSTEMATIC: WZ3Mu/JetEn_Down/jets/1/phi in Skim_TriLep_DYGTo2LG_MLL4to50_PTG200toInf.root
2025-11-19 00:20:14,332 - INFO - [2023BPix] MISSING_SYSTEMATIC: WZ3Mu/JetRes_Up/jets/1/phi in Skim_TriLep_DYGTo2LG_MLL4to50_PTG200toInf.root
2025-11-19 00:20:14,392 - INFO - [2023BPix] MISSING_CENTRAL: WZ3Mu/Central/jets/1/phi in Skim_TriLep_TTG_PTG200toInf.root
2025-11-19 00:20:14,701 - INFO - [2023BPix] MISSING_FILE: /data9/Users/choij/Sync/workspace/ChargedHiggsAnalysisV3/SKNanoOutput/CRPromptSelector/Run3Mu_RunSyst/2023BPix/Skim_TriLep_WZTo3LNu_powheg.root
2025-11-19 00:20:20,681 - INFO - [2023BPix] MISSING_CENTRAL: WZ3Mu/Central/jets/1/phi in Skim_TriLep_DYJets10to50.root
2025-11-19 00:20:20,694 - INFO - [2023BPix] MISSING_CENTRAL: WZ3Mu/Central/jets/1/phi in Skim_TriLep_TTG_PTG200toInf.root
2025-11-19 00:20:20,699 - INFO - [2023BPix] MISSING_FILE: /data9/Users/choij/Sync/workspace/ChargedHiggsAnalysisV3/SKNanoOutput/CRPromptSelector/Run3Mu_RunNoWZSF_RunSyst/2023BPix/Skim_TriLep_WZTo3LNu_powheg.root
2025-11-19 00:20:20,699 - INFO - [2023BPix] MISSING_FILE: /data9/Users/choij/Sync/workspace/ChargedHiggsAnalysisV3/SKNanoOutput/CRPromptSelector/Run3Mu_RunNoWZSF_RunSyst/2023BPix/Skim_TriLep_ZZTo4L_powheg.root
2025-11-19 00:20:20,707 - INFO - [2023BPix] MISSING_FILE: /data9/Users/choij/Sync/workspace/ChargedHiggsAnalysisV3/SKNanoOutput/CRPromptSelector/Run3Mu_RunNoWZSF_RunSyst/2023BPix/Skim_TriLep_VBFHToZZTo4L.root
2025-11-19 00:20:20,707 - INFO - [2023BPix] MISSING_FILE: /data9/Users/choij/Sync/workspace/ChargedHiggsAnalysisV3/SKNanoOutput/CRPromptSelector/Run3Mu_RunNoWZSF_RunSyst/2023BPix/Skim_TriLep_ggHToZZTo4L.root
2025-11-19 15:45:33,697 - INFO - [2023BPix] MISSING_CENTRAL: WZ3Mu/Central/jets/1/phi in Skim_TriLep_DYJets10to50.root
2025-11-19 15:45:33,710 - INFO - [2023BPix] MISSING_SYSTEMATIC: WZ3Mu/JetEn_Up/jets/1/phi in Skim_TriLep_DYGTo2LG_MLL4to50_PTG200toInf.root
2025-11-19 15:45:33,711 - INFO - [2023BPix] MISSING_SYSTEMATIC: WZ3Mu/JetEn_Down/jets/1/phi in Skim_TriLep_DYGTo2LG_MLL4to50_PTG200toInf.root
2025-11-19 15:45:33,711 - INFO - [2023BPix] MISSING_SYSTEMATIC: WZ3Mu/JetRes_Up/jets/1/phi in Skim_TriLep_DYGTo2LG_MLL4to50_PTG200toInf.root
2025-11-19 15:45:33,787 - INFO - [2023BPix] MISSING_CENTRAL: WZ3Mu/Central/jets/1/phi in Skim_TriLep_TTG_PTG200toInf.root
2025-11-19 15:45:39,216 - INFO - [2023BPix] MISSING_CENTRAL: WZ3Mu/Central/jets/1/phi in Skim_TriLep_DYJets10to50.root
2025-11-19 15:45:39,222 - INFO - [2023BPix] MISSING_CENTRAL: WZ3Mu/Central/jets/1/phi in Skim_TriLep_TTG_PTG200toInf.root
2025-11-19 15:45:39,225 - INFO - [2023BPix] MISSING_FILE: /home/choij/Sync/workspace/ChargedHiggsAnalysisV3/SKNanoOutput/CRPromptSelector/Run3Mu_RunNoWZSF_RunSyst/2023BPix/Skim_TriLep_ZZTo4L_powheg.root
2025-11-19 15:45:39,229 - INFO - [2023BPix] MISSING_FILE: /home/choij/Sync/workspace/ChargedHiggsAnalysisV3/SKNanoOutput/CRPromptSelector/Run3Mu_RunNoWZSF_RunSyst/2023BPix/Skim_TriLep_VBFHToZZTo4L.root
2025-11-19 15:45:39,229 - INFO - [2023BPix] MISSING_FILE: /home/choij/Sync/workspace/ChargedHiggsAnalysisV3/SKNanoOutput/CRPromptSelector/Run3Mu_RunNoWZSF_RunSyst/2023BPix/Skim_TriLep_ggHToZZTo4L.root
2025-11-19 16:29:54,233 - INFO - [2023BPix] MISSING_CENTRAL: WZ3Mu/Central/jets/1/phi in Skim_TriLep_DYJets10to50.root
2025-11-19 16:29:54,247 - INFO - [2023BPix] MISSING_SYSTEMATIC: WZ3Mu/JetEn_Up/jets/1/phi in Skim_TriLep_DYGTo2LG_MLL4to50_PTG200toInf.root
2025-11-19 16:29:54,247 - INFO - [2023BPix] MISSING_SYSTEMATIC: WZ3Mu/JetEn_Down/jets/1/phi in Skim_TriLep_DYGTo2LG_MLL4to50_PTG200toInf.root
2025-11-19 16:29:54,247 - INFO - [2023BPix] MISSING_SYSTEMATIC: WZ3Mu/JetRes_Up/jets/1/phi in Skim_TriLep_DYGTo2LG_MLL4to50_PTG200toInf.root
2025-11-19 16:29:54,292 - INFO - [2023BPix] MISSING_CENTRAL: WZ3Mu/Central/jets/1/phi in Skim_TriLep_TTG_PTG200toInf.root
2025-11-19 16:30:00,042 - INFO - [2023BPix] MISSING_CENTRAL: WZ3Mu/Central/jets/1/phi in Skim_TriLep_DYJets10to50.root
2025-11-19 16:30:00,051 - INFO - [2023BPix] MISSING_CENTRAL: WZ3Mu/Central/jets/1/phi in Skim_TriLep_TTG_PTG200toInf.root
2025-11-19 16:30:00,055 - INFO - [2023BPix] MISSING_FILE: /home/choij/Sync/workspace/ChargedHiggsAnalysisV3/SKNanoOutput/CRPromptSelector/Run3Mu_RunNoWZSF_RunSyst/2023BPix/Skim_TriLep_ZZTo4L_powheg.root
2025-11-19 16:30:00,064 - INFO - [2023BPix] MISSING_FILE: /home/choij/Sync/workspace/ChargedHiggsAnalysisV3/SKNanoOutput/CRPromptSelector/Run3Mu_RunNoWZSF_RunSyst/2023BPix/Skim_TriLep_VBFHToZZTo4L.root
2025-11-19 16:30:00,064 - INFO - [2023BPix] MISSING_FILE: /home/choij/Sync/workspace/ChargedHiggsAnalysisV3/SKNanoOutput/CRPromptSelector/Run3Mu_RunNoWZSF_RunSyst/2023BPix/Skim_TriLep_ggHToZZTo4L.root
2025-12-17 12:28:52,032 - INFO - [2023BPix] MISSING_CENTRAL: WZ3Mu/Central/jets/1/phi in Skim_TriLep_DYJets10to50.root
2025-12-17 12:28:52,042 - INFO - [2023BPix] MISSING_CENTRAL: WZ3Mu/Central/jets/1/phi in Skim_TriLep_TTG_PTG100to200.root
2025-12-17 12:28:52,043 - INFO - [2023BPix] MISSING_CENTRAL: WZ3Mu/Central/jets/1/phi in Skim_TriLep_TTG_PTG200toInf.root
2025-12-17 12:28:57,583 - INFO - [2023BPix] MISSING_CENTRAL: WZ3Mu/Central/jets/1/phi in Skim_TriLep_DYJets10to50.root
2025-12-17 12:28:57,586 - INFO - [2023BPix] MISSING_CENTRAL: WZ3Mu/Central/jets/1/phi in Skim_TriLep_TTG_PTG100to200.root
2025-12-17 12:28:57,587 - INFO - [2023BPix] MISSING_CENTRAL: WZ3Mu/Central/jets/1/phi in Skim_TriLep_TTG_PTG200toInf.root
2025-12-17 12:28:57,605 - INFO - [2023BPix] MISSING_FILE: /data9/Users/choij/Sync/workspace/ChargedHiggsAnalysisV3/SKNanoOutput/CRPromptSelector/Run3Mu_RunNoWZSF_RunSyst/2023BPix/Skim_TriLep_ZZTo4L_powheg.root
2025-12-17 12:28:57,622 - INFO - [2023BPix] MISSING_FILE: /data9/Users/choij/Sync/workspace/ChargedHiggsAnalysisV3/SKNanoOutput/CRPromptSelector/Run3Mu_RunNoWZSF_RunSyst/2023BPix/Skim_TriLep_VBFHToZZTo4L.root
2025-12-17 12:28:57,622 - INFO - [2023BPix] MISSING_FILE: /data9/Users/choij/Sync/workspace/ChargedHiggsAnalysisV3/SKNanoOutput/CRPromptSelector/Run3Mu_RunNoWZSF_RunSyst/2023BPix/Skim_TriLep_ggHToZZTo4L.root
2025-12-17 16:10:20,465 - INFO - [2023BPix] MISSING_CENTRAL: WZ3Mu/Central/jets/1/phi in Skim_TriLep_DYJets10to50.root
2025-12-17 16:10:20,475 - INFO - [2023BPix] MISSING_CENTRAL: WZ3Mu/Central/jets/1/phi in Skim_TriLep_TTG_PTG100to200.root
2025-12-17 16:10:20,476 - INFO - [2023BPix] MISSING_CENTRAL: WZ3Mu/Central/jets/1/phi in Skim_TriLep_TTG_PTG200toInf.root
2025-12-17 16:10:26,613 - INFO - [2023BPix] MISSING_CENTRAL: WZ3Mu/Central/jets/1/phi in Skim_TriLep_DYJets10to50.root
2025-12-17 16:10:26,614 - INFO - [2023BPix] MISSING_CENTRAL: WZ3Mu/Central/jets/1/phi in Skim_TriLep_TTG_PTG100to200.root
2025-12-17 16:10:26,615 - INFO - [2023BPix] MISSING_CENTRAL: WZ3Mu/Central/jets/1/phi in Skim_TriLep_TTG_PTG200toInf.root
2025-12-17 16:10:26,618 - INFO - [2023BPix] MISSING_FILE: /data9/Users/choij/Sync/workspace/ChargedHiggsAnalysisV3/SKNanoOutput/CRPromptSelector/Run3Mu_RunNoWZSF_RunSyst/2023BPix/Skim_TriLep_WZTo3LNu_powheg.root
2025-12-17 16:10:26,618 - INFO - [2023BPix] MISSING_FILE: /data9/Users/choij/Sync/workspace/ChargedHiggsAnalysisV3/SKNanoOutput/CRPromptSelector/Run3Mu_RunNoWZSF_RunSyst/2023BPix/Skim_TriLep_ZZTo4L_powheg.root
2025-12-17 16:10:26,622 - INFO - [2023BPix] MISSING_FILE: /data9/Users/choij/Sync/workspace/ChargedHiggsAnalysisV3/SKNanoOutput/CRPromptSelector/Run3Mu_RunNoWZSF_RunSyst/2023BPix/Skim_TriLep_VBFHToZZTo4L.root
2025-12-17 16:10:26,622 - INFO - [2023BPix] MISSING_FILE: /data9/Users/choij/Sync/workspace/ChargedHiggsAnalysisV3/SKNanoOutput/CRPromptSelector/Run3Mu_RunNoWZSF_RunSyst/2023BPix/Skim_TriLep_ggHToZZTo4L.root
2025-12-17 22:44:56,337 - INFO - [2023BPix] MISSING_CENTRAL: WZ3Mu/Central/jets/1/phi in Skim_TriLep_DYJets10to50.root
2025-12-17 22:44:56,347 - INFO - [2023BPix] MISSING_CENTRAL: WZ3Mu/Central/jets/1/phi in Skim_TriLep_TTG_PTG100to200.root
2025-12-17 22:44:56,348 - INFO - [2023BPix] MISSING_CENTRAL: WZ3Mu/Central/jets/1/phi in Skim_TriLep_TTG_PTG200toInf.root
2025-12-17 22:45:01,161 - INFO - [2023BPix] MISSING_CENTRAL: WZ3Mu/Central/jets/1/phi in Skim_TriLep_DYJets10to50.root
2025-12-17 22:45:01,162 - INFO - [2023BPix] MISSING_CENTRAL: WZ3Mu/Central/jets/1/phi in Skim_TriLep_TTG_PTG100to200.root
2025-12-17 22:45:01,163 - INFO - [2023BPix] MISSING_CENTRAL: WZ3Mu/Central/jets/1/phi in Skim_TriLep_TTG_PTG200toInf.root
2025-12-17 22:45:01,166 - INFO - [2023BPix] MISSING_FILE: /data9/Users/choij/Sync/workspace/ChargedHiggsAnalysisV3/SKNanoOutput/CRPromptSelector/Run3Mu_RunNoWZSF_RunSyst/2023BPix/Skim_TriLep_WZTo3LNu_powheg.root
2025-12-17 22:45:01,166 - INFO - [2023BPix] MISSING_FILE: /data9/Users/choij/Sync/workspace/ChargedHiggsAnalysisV3/SKNanoOutput/CRPromptSelector/Run3Mu_RunNoWZSF_RunSyst/2023BPix/Skim_TriLep_ZZTo4L_powheg.root
2025-12-17 22:45:01,170 - INFO - [2023BPix] MISSING_FILE: /data9/Users/choij/Sync/workspace/ChargedHiggsAnalysisV3/SKNanoOutput/CRPromptSelector/Run3Mu_RunNoWZSF_RunSyst/2023BPix/Skim_TriLep_VBFHToZZTo4L.root
2025-12-17 22:45:01,171 - INFO - [2023BPix] MISSING_FILE: /data9/Users/choij/Sync/workspace/ChargedHiggsAnalysisV3/SKNanoOutput/CRPromptSelector/Run3Mu_RunNoWZSF_RunSyst/2023BPix/Skim_TriLep_ggHToZZTo4L.root
2025-12-18 14:46:10,507 - INFO - [2023BPix] MISSING_CENTRAL: WZ3Mu/Central/jets/1/phi in Skim_TriLep_DYJets10to50.root
2025-12-18 14:46:10,547 - INFO - [2023BPix] MISSING_CENTRAL: WZ3Mu/Central/jets/1/phi in Skim_TriLep_TTG_PTG100to200.root
2025-12-18 14:46:10,550 - INFO - [2023BPix] MISSING_CENTRAL: WZ3Mu/Central/jets/1/phi in Skim_TriLep_TTG_PTG200toInf.root
2025-12-18 14:46:16,522 - INFO - [2023BPix] MISSING_CENTRAL: WZ3Mu/Central/jets/1/phi in Skim_TriLep_DYJets10to50.root
2025-12-18 14:46:16,523 - INFO - [2023BPix] MISSING_CENTRAL: WZ3Mu/Central/jets/1/phi in Skim_TriLep_TTG_PTG100to200.root
2025-12-18 14:46:16,524 - INFO - [2023BPix] MISSING_CENTRAL: WZ3Mu/Central/jets/1/phi in Skim_TriLep_TTG_PTG200toInf.root
2025-12-18 14:46:16,529 - INFO - [2023BPix] MISSING_FILE: /data9/Users/choij/Sync/workspace/ChargedHiggsAnalysisV3/SKNanoOutput/CRPromptSelector/Run3Mu_RunNoWZSF_RunSyst/2023BPix/Skim_TriLep_WZTo3LNu_powheg.root
2025-12-18 14:46:16,529 - INFO - [2023BPix] MISSING_FILE: /data9/Users/choij/Sync/workspace/ChargedHiggsAnalysisV3/SKNanoOutput/CRPromptSelector/Run3Mu_RunNoWZSF_RunSyst/2023BPix/Skim_TriLep_ZZTo4L_powheg.root
2025-12-18 14:46:16,535 - INFO - [2023BPix] MISSING_FILE: /data9/Users/choij/Sync/workspace/ChargedHiggsAnalysisV3/SKNanoOutput/CRPromptSelector/Run3Mu_RunNoWZSF_RunSyst/2023BPix/Skim_TriLep_VBFHToZZTo4L.root
2025-12-18 14:46:16,535 - INFO - [2023BPix] MISSING_FILE: /data9/Users/choij/Sync/workspace/ChargedHiggsAnalysisV3/SKNanoOutput/CRPromptSelector/Run3Mu_RunNoWZSF_RunSyst/2023BPix/Skim_TriLep_ggHToZZTo4L.root
2025-12-18 22:08:27,581 - INFO - [2023BPix] MISSING_CENTRAL: WZ3Mu/Central/jets/1/phi in Skim_TriLep_DYJets10to50.root
2025-12-18 22:08:27,588 - INFO - [2023BPix] MISSING_CENTRAL: WZ3Mu/Central/jets/1/phi in Skim_TriLep_TTG_PTG100to200.root
2025-12-18 22:08:27,589 - INFO - [2023BPix] MISSING_CENTRAL: WZ3Mu/Central/jets/1/phi in Skim_TriLep_TTG_PTG200toInf.root
2025-12-18 22:08:33,806 - INFO - [2023BPix] MISSING_CENTRAL: WZ3Mu/Central/jets/1/phi in Skim_TriLep_DYJets10to50.root
2025-12-18 22:08:33,808 - INFO - [2023BPix] MISSING_CENTRAL: WZ3Mu/Central/jets/1/phi in Skim_TriLep_TTG_PTG100to200.root
2025-12-18 22:08:33,809 - INFO - [2023BPix] MISSING_CENTRAL: WZ3Mu/Central/jets/1/phi in Skim_TriLep_TTG_PTG200toInf.root
2025-12-18 22:08:33,814 - INFO - [2023BPix] MISSING_FILE: /data9/Users/choij/Sync/workspace/ChargedHiggsAnalysisV3/SKNanoOutput/CRPromptSelector/Run3Mu_RunNoWZSF_RunSyst/2023BPix/Skim_TriLep_ZZTo4L_powheg.root
2025-12-18 22:08:33,821 - INFO - [2023BPix] MISSING_FILE: /data9/Users/choij/Sync/workspace/ChargedHiggsAnalysisV3/SKNanoOutput/CRPromptSelector/Run3Mu_RunNoWZSF_RunSyst/2023BPix/Skim_TriLep_VBFHToZZTo4L.root
2025-12-18 22:08:33,821 - INFO - [2023BPix] MISSING_FILE: /data9/Users/choij/Sync/workspace/ChargedHiggsAnalysisV3/SKNanoOutput/CRPromptSelector/Run3Mu_RunNoWZSF_RunSyst/2023BPix/Skim_TriLep_ggHToZZTo4L.root
