2025-09-24 16:06:03,916 - INFO - [2023BPix] MISSING_CENTRAL: WZ3Mu/Central/METv/phi in Skim_TriLep_DYJets10to50.root
2025-09-24 16:06:03,924 - INFO - [2023BPix] MISSING_SYSTEMATIC: WZ3Mu/JetEn_Up/METv/phi in Skim_TriLep_DYGTo2LG_MLL4to50_PTG200toInf.root
2025-09-24 16:06:03,924 - INFO - [2023BPix] MISSING_SYSTEMATIC: WZ3Mu/JetEn_Down/METv/phi in Skim_TriLep_DYGTo2LG_MLL4to50_PTG200toInf.root
2025-09-24 16:06:03,925 - INFO - [2023BPix] MISSING_SYSTEMATIC: WZ3Mu/JetRes_Up/METv/phi in Skim_TriLep_DYGTo2LG_MLL4to50_PTG200toInf.root
2025-09-24 16:06:03,951 - INFO - [2023BPix] MISSING_CENTRAL: WZ3Mu/Central/METv/phi in Skim_TriLep_TTG_PTG200toInf.root
2025-09-24 16:06:14,632 - INFO - [2023BPix] MISSING_CENTRAL: WZ3Mu/Central/METv/phi in Skim_TriLep_DYJets10to50.root
2025-09-24 16:06:14,637 - INFO - [2023BPix] MISSING_CENTRAL: WZ3Mu/Central/METv/phi in Skim_TriLep_TTG_PTG200toInf.root
2025-09-24 16:06:14,638 - INFO - [2023BPix] MISSING_FILE: /Users/choij/Sync/workspace/ChargedHiggsAnalysisV3/SKNanoOutput/CRPromptSelector/Run3Mu_RunNoWZSF_RunSyst/2023BPix/Skim_TriLep_ZZTo4L_powheg.root
2025-09-24 16:06:14,640 - INFO - [2023BPix] MISSING_FILE: /Users/choij/Sync/workspace/ChargedHiggsAnalysisV3/SKNanoOutput/CRPromptSelector/Run3Mu_RunNoWZSF_RunSyst/2023BPix/Skim_TriLep_VBFHToZZTo4L.root
2025-09-24 16:06:14,640 - INFO - [2023BPix] MISSING_FILE: /Users/choij/Sync/workspace/ChargedHiggsAnalysisV3/SKNanoOutput/CRPromptSelector/Run3Mu_RunNoWZSF_RunSyst/2023BPix/Skim_TriLep_ggHToZZTo4L.root
2025-10-02 21:22:44,350 - INFO - [2023BPix] MISSING_CENTRAL: WZ3Mu/Central/METv/phi in Skim_TriLep_DYJets10to50.root
2025-10-02 21:22:44,502 - INFO - [2023BPix] MISSING_SYSTEMATIC: WZ3Mu/JetEn_Up/METv/phi in Skim_TriLep_DYGTo2LG_MLL4to50_PTG200toInf.root
2025-10-02 21:22:44,502 - INFO - [2023BPix] MISSING_SYSTEMATIC: WZ3Mu/JetEn_Down/METv/phi in Skim_TriLep_DYGTo2LG_MLL4to50_PTG200toInf.root
2025-10-02 21:22:44,502 - INFO - [2023BPix] MISSING_SYSTEMATIC: WZ3Mu/JetRes_Up/METv/phi in Skim_TriLep_DYGTo2LG_MLL4to50_PTG200toInf.root
2025-10-02 21:22:45,279 - INFO - [2023BPix] MISSING_CENTRAL: WZ3Mu/Central/METv/phi in Skim_TriLep_TTG_PTG200toInf.root
2025-10-02 21:22:50,233 - INFO - [2023BPix] MISSING_CENTRAL: WZ3Mu/Central/METv/phi in Skim_TriLep_DYJets10to50.root
2025-10-02 21:22:50,241 - INFO - [2023BPix] MISSING_CENTRAL: WZ3Mu/Central/METv/phi in Skim_TriLep_TTG_PTG200toInf.root
2025-10-02 21:22:50,329 - INFO - [2023BPix] MISSING_FILE: /data9/Users/choij/Sync/workspace/ChargedHiggsAnalysisV3/SKNanoOutput/CRPromptSelector/Run3Mu_RunNoWZSF_RunSyst/2023BPix/Skim_TriLep_ZZTo4L_powheg.root
2025-10-02 21:22:50,337 - INFO - [2023BPix] MISSING_FILE: /data9/Users/choij/Sync/workspace/ChargedHiggsAnalysisV3/SKNanoOutput/CRPromptSelector/Run3Mu_RunNoWZSF_RunSyst/2023BPix/Skim_TriLep_VBFHToZZTo4L.root
2025-10-02 21:22:50,337 - INFO - [2023BPix] MISSING_FILE: /data9/Users/choij/Sync/workspace/ChargedHiggsAnalysisV3/SKNanoOutput/CRPromptSelector/Run3Mu_RunNoWZSF_RunSyst/2023BPix/Skim_TriLep_ggHToZZTo4L.root
2025-10-03 00:37:14,215 - INFO - [2023BPix] MISSING_CENTRAL: WZ3Mu/Central/METv/phi in Skim_TriLep_DYJets10to50.root
2025-10-03 00:37:14,265 - INFO - [2023BPix] MISSING_SYSTEMATIC: WZ3Mu/JetEn_Up/METv/phi in Skim_TriLep_DYGTo2LG_MLL4to50_PTG200toInf.root
2025-10-03 00:37:14,265 - INFO - [2023BPix] MISSING_SYSTEMATIC: WZ3Mu/JetEn_Down/METv/phi in Skim_TriLep_DYGTo2LG_MLL4to50_PTG200toInf.root
2025-10-03 00:37:14,265 - INFO - [2023BPix] MISSING_SYSTEMATIC: WZ3Mu/JetRes_Up/METv/phi in Skim_TriLep_DYGTo2LG_MLL4to50_PTG200toInf.root
2025-10-03 00:37:14,343 - INFO - [2023BPix] MISSING_CENTRAL: WZ3Mu/Central/METv/phi in Skim_TriLep_TTG_PTG200toInf.root
2025-10-03 00:37:31,014 - INFO - [2023BPix] MISSING_CENTRAL: WZ3Mu/Central/METv/phi in Skim_TriLep_DYJets10to50.root
2025-10-03 00:37:31,023 - INFO - [2023BPix] MISSING_CENTRAL: WZ3Mu/Central/METv/phi in Skim_TriLep_TTG_PTG200toInf.root
2025-10-03 00:37:31,027 - INFO - [2023BPix] MISSING_FILE: /Users/choij/Sync/workspace/ChargedHiggsAnalysisV3/SKNanoOutput/CRPromptSelector/Run3Mu_RunNoWZSF_RunSyst/2023BPix/Skim_TriLep_ZZTo4L_powheg.root
2025-10-03 00:37:31,032 - INFO - [2023BPix] MISSING_FILE: /Users/choij/Sync/workspace/ChargedHiggsAnalysisV3/SKNanoOutput/CRPromptSelector/Run3Mu_RunNoWZSF_RunSyst/2023BPix/Skim_TriLep_VBFHToZZTo4L.root
2025-10-03 00:37:31,032 - INFO - [2023BPix] MISSING_FILE: /Users/choij/Sync/workspace/ChargedHiggsAnalysisV3/SKNanoOutput/CRPromptSelector/Run3Mu_RunNoWZSF_RunSyst/2023BPix/Skim_TriLep_ggHToZZTo4L.root
2025-11-07 13:13:41,811 - INFO - [2023BPix] MISSING_CENTRAL: WZ3Mu/Central/METv/phi in Skim_TriLep_DYJets10to50.root
2025-11-07 13:13:41,818 - INFO - [2023BPix] MISSING_SYSTEMATIC: WZ3Mu/JetEn_Up/METv/phi in Skim_TriLep_DYGTo2LG_MLL4to50_PTG200toInf.root
2025-11-07 13:13:41,818 - INFO - [2023BPix] MISSING_SYSTEMATIC: WZ3Mu/JetEn_Down/METv/phi in Skim_TriLep_DYGTo2LG_MLL4to50_PTG200toInf.root
2025-11-07 13:13:41,819 - INFO - [2023BPix] MISSING_SYSTEMATIC: WZ3Mu/JetRes_Up/METv/phi in Skim_TriLep_DYGTo2LG_MLL4to50_PTG200toInf.root
2025-11-07 13:13:41,852 - INFO - [2023BPix] MISSING_CENTRAL: WZ3Mu/Central/METv/phi in Skim_TriLep_TTG_PTG200toInf.root
2025-11-07 13:13:47,075 - INFO - [2023BPix] MISSING_CENTRAL: WZ3Mu/Central/METv/phi in Skim_TriLep_DYJets10to50.root
2025-11-07 13:13:47,079 - INFO - [2023BPix] MISSING_CENTRAL: WZ3Mu/Central/METv/phi in Skim_TriLep_TTG_PTG200toInf.root
2025-11-07 13:13:47,080 - INFO - [2023BPix] MISSING_FILE: /home/choij/Sync/workspace/ChargedHiggsAnalysisV3/SKNanoOutput/CRPromptSelector/Run3Mu_RunNoWZSF_RunSyst/2023BPix/Skim_TriLep_ZZTo4L_powheg.root
2025-11-07 13:13:47,083 - INFO - [2023BPix] MISSING_FILE: /home/choij/Sync/workspace/ChargedHiggsAnalysisV3/SKNanoOutput/CRPromptSelector/Run3Mu_RunNoWZSF_RunSyst/2023BPix/Skim_TriLep_VBFHToZZTo4L.root
2025-11-07 13:13:47,083 - INFO - [2023BPix] MISSING_FILE: /home/choij/Sync/workspace/ChargedHiggsAnalysisV3/SKNanoOutput/CRPromptSelector/Run3Mu_RunNoWZSF_RunSyst/2023BPix/Skim_TriLep_ggHToZZTo4L.root
2025-11-07 14:11:14,032 - INFO - [2023BPix] MISSING_CENTRAL: WZ3Mu/Central/METv/phi in Skim_TriLep_DYJets10to50.root
2025-11-07 14:11:14,039 - INFO - [2023BPix] MISSING_SYSTEMATIC: WZ3Mu/JetEn_Up/METv/phi in Skim_TriLep_DYGTo2LG_MLL4to50_PTG200toInf.root
2025-11-07 14:11:14,039 - INFO - [2023BPix] MISSING_SYSTEMATIC: WZ3Mu/JetEn_Down/METv/phi in Skim_TriLep_DYGTo2LG_MLL4to50_PTG200toInf.root
2025-11-07 14:11:14,039 - INFO - [2023BPix] MISSING_SYSTEMATIC: WZ3Mu/JetRes_Up/METv/phi in Skim_TriLep_DYGTo2LG_MLL4to50_PTG200toInf.root
2025-11-07 14:11:14,063 - INFO - [2023BPix] MISSING_CENTRAL: WZ3Mu/Central/METv/phi in Skim_TriLep_TTG_PTG200toInf.root
2025-11-07 14:11:19,351 - INFO - [2023BPix] MISSING_CENTRAL: WZ3Mu/Central/METv/phi in Skim_TriLep_DYJets10to50.root
2025-11-07 14:11:19,355 - INFO - [2023BPix] MISSING_CENTRAL: WZ3Mu/Central/METv/phi in Skim_TriLep_TTG_PTG200toInf.root
2025-11-07 14:11:19,357 - INFO - [2023BPix] MISSING_FILE: /home/choij/Sync/workspace/ChargedHiggsAnalysisV3/SKNanoOutput/CRPromptSelector/Run3Mu_RunNoWZSF_RunSyst/2023BPix/Skim_TriLep_ZZTo4L_powheg.root
2025-11-07 14:11:19,359 - INFO - [2023BPix] MISSING_FILE: /home/choij/Sync/workspace/ChargedHiggsAnalysisV3/SKNanoOutput/CRPromptSelector/Run3Mu_RunNoWZSF_RunSyst/2023BPix/Skim_TriLep_VBFHToZZTo4L.root
2025-11-07 14:11:19,359 - INFO - [2023BPix] MISSING_FILE: /home/choij/Sync/workspace/ChargedHiggsAnalysisV3/SKNanoOutput/CRPromptSelector/Run3Mu_RunNoWZSF_RunSyst/2023BPix/Skim_TriLep_ggHToZZTo4L.root
