2025-09-24 16:05:57,967 - INFO - [2023BPix] MISSING_CENTRAL: WZ3Mu/Central/muons/3/pt in Skim_TriLep_DYJets10to50.root
2025-09-24 16:05:57,989 - INFO - [2023BPix] MISSING_SYSTEMATIC: WZ3Mu/JetEn_Up/muons/3/pt in Skim_TriLep_DYGTo2LG_MLL4to50_PTG200toInf.root
2025-09-24 16:05:57,989 - INFO - [2023BPix] MISSING_SYSTEMATIC: WZ3Mu/JetEn_Down/muons/3/pt in Skim_TriLep_DYGTo2LG_MLL4to50_PTG200toInf.root
2025-09-24 16:05:57,989 - INFO - [2023BPix] MISSING_SYSTEMATIC: WZ3Mu/JetRes_Up/muons/3/pt in Skim_TriLep_DYGTo2LG_MLL4to50_PTG200toInf.root
2025-09-24 16:05:58,176 - INFO - [2023BPix] MISSING_CENTRAL: WZ3Mu/Central/muons/3/pt in Skim_TriLep_TTG_PTG200toInf.root
2025-09-24 16:06:09,124 - INFO - [2023BPix] MISSING_CENTRAL: WZ3Mu/Central/muons/3/pt in Skim_TriLep_DYJets10to50.root
2025-09-24 16:06:09,128 - INFO - [2023BPix] MISSING_CENTRAL: WZ3Mu/Central/muons/3/pt in Skim_TriLep_TTG_PTG200toInf.root
2025-09-24 16:06:09,130 - INFO - [2023BPix] MISSING_FILE: /Users/choij/Sync/workspace/ChargedHiggsAnalysisV3/SKNanoOutput/CRPromptSelector/Run3Mu_RunNoWZSF_RunSyst/2023BPix/Skim_TriLep_ZZTo4L_powheg.root
2025-09-24 16:06:09,133 - INFO - [2023BPix] MISSING_FILE: /Users/choij/Sync/workspace/ChargedHiggsAnalysisV3/SKNanoOutput/CRPromptSelector/Run3Mu_RunNoWZSF_RunSyst/2023BPix/Skim_TriLep_VBFHToZZTo4L.root
2025-09-24 16:06:09,133 - INFO - [2023BPix] MISSING_FILE: /Users/choij/Sync/workspace/ChargedHiggsAnalysisV3/SKNanoOutput/CRPromptSelector/Run3Mu_RunNoWZSF_RunSyst/2023BPix/Skim_TriLep_ggHToZZTo4L.root
2025-10-02 21:22:44,233 - INFO - [2023BPix] MISSING_CENTRAL: WZ3Mu/Central/muons/3/pt in Skim_TriLep_DYJets10to50.root
2025-10-02 21:22:44,508 - INFO - [2023BPix] MISSING_SYSTEMATIC: WZ3Mu/JetEn_Up/muons/3/pt in Skim_TriLep_DYGTo2LG_MLL4to50_PTG200toInf.root
2025-10-02 21:22:44,508 - INFO - [2023BPix] MISSING_SYSTEMATIC: WZ3Mu/JetEn_Down/muons/3/pt in Skim_TriLep_DYGTo2LG_MLL4to50_PTG200toInf.root
2025-10-02 21:22:44,509 - INFO - [2023BPix] MISSING_SYSTEMATIC: WZ3Mu/JetRes_Up/muons/3/pt in Skim_TriLep_DYGTo2LG_MLL4to50_PTG200toInf.root
2025-10-02 21:22:45,303 - INFO - [2023BPix] MISSING_CENTRAL: WZ3Mu/Central/muons/3/pt in Skim_TriLep_TTG_PTG200toInf.root
2025-10-02 21:22:50,246 - INFO - [2023BPix] MISSING_CENTRAL: WZ3Mu/Central/muons/3/pt in Skim_TriLep_DYJets10to50.root
2025-10-02 21:22:50,256 - INFO - [2023BPix] MISSING_CENTRAL: WZ3Mu/Central/muons/3/pt in Skim_TriLep_TTG_PTG200toInf.root
2025-10-02 21:22:50,329 - INFO - [2023BPix] MISSING_FILE: /data9/Users/choij/Sync/workspace/ChargedHiggsAnalysisV3/SKNanoOutput/CRPromptSelector/Run3Mu_RunNoWZSF_RunSyst/2023BPix/Skim_TriLep_ZZTo4L_powheg.root
2025-10-02 21:22:50,337 - INFO - [2023BPix] MISSING_FILE: /data9/Users/choij/Sync/workspace/ChargedHiggsAnalysisV3/SKNanoOutput/CRPromptSelector/Run3Mu_RunNoWZSF_RunSyst/2023BPix/Skim_TriLep_VBFHToZZTo4L.root
2025-10-02 21:22:50,337 - INFO - [2023BPix] MISSING_FILE: /data9/Users/choij/Sync/workspace/ChargedHiggsAnalysisV3/SKNanoOutput/CRPromptSelector/Run3Mu_RunNoWZSF_RunSyst/2023BPix/Skim_TriLep_ggHToZZTo4L.root
2025-10-03 00:37:04,406 - INFO - [2023BPix] MISSING_CENTRAL: WZ3Mu/Central/muons/3/pt in Skim_TriLep_DYJets10to50.root
2025-10-03 00:37:04,462 - INFO - [2023BPix] MISSING_SYSTEMATIC: WZ3Mu/JetEn_Up/muons/3/pt in Skim_TriLep_DYGTo2LG_MLL4to50_PTG200toInf.root
2025-10-03 00:37:04,462 - INFO - [2023BPix] MISSING_SYSTEMATIC: WZ3Mu/JetEn_Down/muons/3/pt in Skim_TriLep_DYGTo2LG_MLL4to50_PTG200toInf.root
2025-10-03 00:37:04,462 - INFO - [2023BPix] MISSING_SYSTEMATIC: WZ3Mu/JetRes_Up/muons/3/pt in Skim_TriLep_DYGTo2LG_MLL4to50_PTG200toInf.root
2025-10-03 00:37:04,653 - INFO - [2023BPix] MISSING_CENTRAL: WZ3Mu/Central/muons/3/pt in Skim_TriLep_TTG_PTG200toInf.root
2025-10-03 00:37:22,577 - INFO - [2023BPix] MISSING_CENTRAL: WZ3Mu/Central/muons/3/pt in Skim_TriLep_DYJets10to50.root
2025-10-03 00:37:22,587 - INFO - [2023BPix] MISSING_CENTRAL: WZ3Mu/Central/muons/3/pt in Skim_TriLep_TTG_PTG200toInf.root
2025-10-03 00:37:22,592 - INFO - [2023BPix] MISSING_FILE: /Users/choij/Sync/workspace/ChargedHiggsAnalysisV3/SKNanoOutput/CRPromptSelector/Run3Mu_RunNoWZSF_RunSyst/2023BPix/Skim_TriLep_ZZTo4L_powheg.root
2025-10-03 00:37:22,597 - INFO - [2023BPix] MISSING_FILE: /Users/choij/Sync/workspace/ChargedHiggsAnalysisV3/SKNanoOutput/CRPromptSelector/Run3Mu_RunNoWZSF_RunSyst/2023BPix/Skim_TriLep_VBFHToZZTo4L.root
2025-10-03 00:37:22,598 - INFO - [2023BPix] MISSING_FILE: /Users/choij/Sync/workspace/ChargedHiggsAnalysisV3/SKNanoOutput/CRPromptSelector/Run3Mu_RunNoWZSF_RunSyst/2023BPix/Skim_TriLep_ggHToZZTo4L.root
2025-11-07 13:13:39,256 - INFO - [2023BPix] MISSING_CENTRAL: WZ3Mu/Central/muons/3/pt in Skim_TriLep_DYJets10to50.root
2025-11-07 13:13:39,317 - INFO - [2023BPix] MISSING_SYSTEMATIC: WZ3Mu/JetEn_Up/muons/3/pt in Skim_TriLep_DYGTo2LG_MLL4to50_PTG200toInf.root
2025-11-07 13:13:39,317 - INFO - [2023BPix] MISSING_SYSTEMATIC: WZ3Mu/JetEn_Down/muons/3/pt in Skim_TriLep_DYGTo2LG_MLL4to50_PTG200toInf.root
2025-11-07 13:13:39,318 - INFO - [2023BPix] MISSING_SYSTEMATIC: WZ3Mu/JetRes_Up/muons/3/pt in Skim_TriLep_DYGTo2LG_MLL4to50_PTG200toInf.root
2025-11-07 13:13:39,405 - INFO - [2023BPix] MISSING_CENTRAL: WZ3Mu/Central/muons/3/pt in Skim_TriLep_TTG_PTG200toInf.root
2025-11-07 13:13:44,906 - INFO - [2023BPix] MISSING_CENTRAL: WZ3Mu/Central/muons/3/pt in Skim_TriLep_DYJets10to50.root
2025-11-07 13:13:44,913 - INFO - [2023BPix] MISSING_CENTRAL: WZ3Mu/Central/muons/3/pt in Skim_TriLep_TTG_PTG200toInf.root
2025-11-07 13:13:44,915 - INFO - [2023BPix] MISSING_FILE: /home/choij/Sync/workspace/ChargedHiggsAnalysisV3/SKNanoOutput/CRPromptSelector/Run3Mu_RunNoWZSF_RunSyst/2023BPix/Skim_TriLep_ZZTo4L_powheg.root
2025-11-07 13:13:44,919 - INFO - [2023BPix] MISSING_FILE: /home/choij/Sync/workspace/ChargedHiggsAnalysisV3/SKNanoOutput/CRPromptSelector/Run3Mu_RunNoWZSF_RunSyst/2023BPix/Skim_TriLep_VBFHToZZTo4L.root
2025-11-07 13:13:44,919 - INFO - [2023BPix] MISSING_FILE: /home/choij/Sync/workspace/ChargedHiggsAnalysisV3/SKNanoOutput/CRPromptSelector/Run3Mu_RunNoWZSF_RunSyst/2023BPix/Skim_TriLep_ggHToZZTo4L.root
2025-11-07 14:11:11,731 - INFO - [2023BPix] MISSING_CENTRAL: WZ3Mu/Central/muons/3/pt in Skim_TriLep_DYJets10to50.root
2025-11-07 14:11:11,753 - INFO - [2023BPix] MISSING_SYSTEMATIC: WZ3Mu/JetEn_Up/muons/3/pt in Skim_TriLep_DYGTo2LG_MLL4to50_PTG200toInf.root
2025-11-07 14:11:11,753 - INFO - [2023BPix] MISSING_SYSTEMATIC: WZ3Mu/JetEn_Down/muons/3/pt in Skim_TriLep_DYGTo2LG_MLL4to50_PTG200toInf.root
2025-11-07 14:11:11,753 - INFO - [2023BPix] MISSING_SYSTEMATIC: WZ3Mu/JetRes_Up/muons/3/pt in Skim_TriLep_DYGTo2LG_MLL4to50_PTG200toInf.root
2025-11-07 14:11:11,831 - INFO - [2023BPix] MISSING_CENTRAL: WZ3Mu/Central/muons/3/pt in Skim_TriLep_TTG_PTG200toInf.root
2025-11-07 14:11:17,104 - INFO - [2023BPix] MISSING_CENTRAL: WZ3Mu/Central/muons/3/pt in Skim_TriLep_DYJets10to50.root
2025-11-07 14:11:17,110 - INFO - [2023BPix] MISSING_CENTRAL: WZ3Mu/Central/muons/3/pt in Skim_TriLep_TTG_PTG200toInf.root
2025-11-07 14:11:17,113 - INFO - [2023BPix] MISSING_FILE: /home/choij/Sync/workspace/ChargedHiggsAnalysisV3/SKNanoOutput/CRPromptSelector/Run3Mu_RunNoWZSF_RunSyst/2023BPix/Skim_TriLep_ZZTo4L_powheg.root
2025-11-07 14:11:17,117 - INFO - [2023BPix] MISSING_FILE: /home/choij/Sync/workspace/ChargedHiggsAnalysisV3/SKNanoOutput/CRPromptSelector/Run3Mu_RunNoWZSF_RunSyst/2023BPix/Skim_TriLep_VBFHToZZTo4L.root
2025-11-07 14:11:17,117 - INFO - [2023BPix] MISSING_FILE: /home/choij/Sync/workspace/ChargedHiggsAnalysisV3/SKNanoOutput/CRPromptSelector/Run3Mu_RunNoWZSF_RunSyst/2023BPix/Skim_TriLep_ggHToZZTo4L.root
2025-11-10 12:27:26,413 - INFO - [2023BPix] MISSING_CENTRAL: WZ3Mu/Central/muons/3/pt in Skim_TriLep_DYJets10to50.root
2025-11-10 12:27:26,434 - INFO - [2023BPix] MISSING_SYSTEMATIC: WZ3Mu/JetEn_Up/muons/3/pt in Skim_TriLep_DYGTo2LG_MLL4to50_PTG200toInf.root
2025-11-10 12:27:26,434 - INFO - [2023BPix] MISSING_SYSTEMATIC: WZ3Mu/JetEn_Down/muons/3/pt in Skim_TriLep_DYGTo2LG_MLL4to50_PTG200toInf.root
2025-11-10 12:27:26,434 - INFO - [2023BPix] MISSING_SYSTEMATIC: WZ3Mu/JetRes_Up/muons/3/pt in Skim_TriLep_DYGTo2LG_MLL4to50_PTG200toInf.root
2025-11-10 12:27:26,506 - INFO - [2023BPix] MISSING_CENTRAL: WZ3Mu/Central/muons/3/pt in Skim_TriLep_TTG_PTG200toInf.root
2025-11-10 12:27:31,987 - INFO - [2023BPix] MISSING_CENTRAL: WZ3Mu/Central/muons/3/pt in Skim_TriLep_DYJets10to50.root
2025-11-10 12:27:31,993 - INFO - [2023BPix] MISSING_CENTRAL: WZ3Mu/Central/muons/3/pt in Skim_TriLep_TTG_PTG200toInf.root
2025-11-10 12:27:31,996 - INFO - [2023BPix] MISSING_FILE: /home/choij/Sync/workspace/ChargedHiggsAnalysisV3/SKNanoOutput/CRPromptSelector/Run3Mu_RunNoWZSF_RunSyst/2023BPix/Skim_TriLep_ZZTo4L_powheg.root
2025-11-10 12:27:32,000 - INFO - [2023BPix] MISSING_FILE: /home/choij/Sync/workspace/ChargedHiggsAnalysisV3/SKNanoOutput/CRPromptSelector/Run3Mu_RunNoWZSF_RunSyst/2023BPix/Skim_TriLep_VBFHToZZTo4L.root
2025-11-10 12:27:32,000 - INFO - [2023BPix] MISSING_FILE: /home/choij/Sync/workspace/ChargedHiggsAnalysisV3/SKNanoOutput/CRPromptSelector/Run3Mu_RunNoWZSF_RunSyst/2023BPix/Skim_TriLep_ggHToZZTo4L.root
2025-11-13 11:17:50,221 - INFO - [2023BPix] MISSING_CENTRAL: WZ3Mu/Central/muons/3/pt in Skim_TriLep_DYJets10to50.root
2025-11-13 11:17:50,451 - INFO - [2023BPix] MISSING_SYSTEMATIC: WZ3Mu/JetEn_Up/muons/3/pt in Skim_TriLep_DYGTo2LG_MLL4to50_PTG200toInf.root
2025-11-13 11:17:50,451 - INFO - [2023BPix] MISSING_SYSTEMATIC: WZ3Mu/JetEn_Down/muons/3/pt in Skim_TriLep_DYGTo2LG_MLL4to50_PTG200toInf.root
2025-11-13 11:17:50,452 - INFO - [2023BPix] MISSING_SYSTEMATIC: WZ3Mu/JetRes_Up/muons/3/pt in Skim_TriLep_DYGTo2LG_MLL4to50_PTG200toInf.root
2025-11-13 11:17:50,996 - INFO - [2023BPix] MISSING_CENTRAL: WZ3Mu/Central/muons/3/pt in Skim_TriLep_TTG_PTG200toInf.root
2025-11-13 11:17:57,571 - INFO - [2023BPix] MISSING_CENTRAL: WZ3Mu/Central/muons/3/pt in Skim_TriLep_DYJets10to50.root
2025-11-13 11:17:57,579 - INFO - [2023BPix] MISSING_CENTRAL: WZ3Mu/Central/muons/3/pt in Skim_TriLep_TTG_PTG200toInf.root
2025-11-13 11:17:57,583 - INFO - [2023BPix] MISSING_FILE: /data9/Users/choij/Sync/workspace/ChargedHiggsAnalysisV3/SKNanoOutput/CRPromptSelector/Run3Mu_RunNoWZSF_RunSyst/2023BPix/Skim_TriLep_ZZTo4L_powheg.root
2025-11-13 11:17:57,588 - INFO - [2023BPix] MISSING_FILE: /data9/Users/choij/Sync/workspace/ChargedHiggsAnalysisV3/SKNanoOutput/CRPromptSelector/Run3Mu_RunNoWZSF_RunSyst/2023BPix/Skim_TriLep_VBFHToZZTo4L.root
2025-11-13 11:17:57,589 - INFO - [2023BPix] MISSING_FILE: /data9/Users/choij/Sync/workspace/ChargedHiggsAnalysisV3/SKNanoOutput/CRPromptSelector/Run3Mu_RunNoWZSF_RunSyst/2023BPix/Skim_TriLep_ggHToZZTo4L.root
2025-11-19 00:20:15,449 - INFO - [2023BPix] MISSING_CENTRAL: WZ3Mu/Central/muons/3/pt in Skim_TriLep_DYJets10to50.root
2025-11-19 00:20:15,489 - INFO - [2023BPix] MISSING_SYSTEMATIC: WZ3Mu/JetEn_Up/muons/3/pt in Skim_TriLep_DYGTo2LG_MLL4to50_PTG200toInf.root
2025-11-19 00:20:15,489 - INFO - [2023BPix] MISSING_SYSTEMATIC: WZ3Mu/JetEn_Down/muons/3/pt in Skim_TriLep_DYGTo2LG_MLL4to50_PTG200toInf.root
2025-11-19 00:20:15,489 - INFO - [2023BPix] MISSING_SYSTEMATIC: WZ3Mu/JetRes_Up/muons/3/pt in Skim_TriLep_DYGTo2LG_MLL4to50_PTG200toInf.root
2025-11-19 00:20:15,632 - INFO - [2023BPix] MISSING_CENTRAL: WZ3Mu/Central/muons/3/pt in Skim_TriLep_TTG_PTG200toInf.root
2025-11-19 00:20:15,672 - INFO - [2023BPix] MISSING_FILE: /data9/Users/choij/Sync/workspace/ChargedHiggsAnalysisV3/SKNanoOutput/CRPromptSelector/Run3Mu_RunSyst/2023BPix/Skim_TriLep_WZTo3LNu_powheg.root
2025-11-19 00:20:20,772 - INFO - [2023BPix] MISSING_CENTRAL: WZ3Mu/Central/muons/3/pt in Skim_TriLep_DYJets10to50.root
2025-11-19 00:20:20,780 - INFO - [2023BPix] MISSING_CENTRAL: WZ3Mu/Central/muons/3/pt in Skim_TriLep_TTG_PTG200toInf.root
2025-11-19 00:20:20,783 - INFO - [2023BPix] MISSING_FILE: /data9/Users/choij/Sync/workspace/ChargedHiggsAnalysisV3/SKNanoOutput/CRPromptSelector/Run3Mu_RunNoWZSF_RunSyst/2023BPix/Skim_TriLep_WZTo3LNu_powheg.root
2025-11-19 00:20:20,783 - INFO - [2023BPix] MISSING_FILE: /data9/Users/choij/Sync/workspace/ChargedHiggsAnalysisV3/SKNanoOutput/CRPromptSelector/Run3Mu_RunNoWZSF_RunSyst/2023BPix/Skim_TriLep_ZZTo4L_powheg.root
2025-11-19 00:20:20,788 - INFO - [2023BPix] MISSING_FILE: /data9/Users/choij/Sync/workspace/ChargedHiggsAnalysisV3/SKNanoOutput/CRPromptSelector/Run3Mu_RunNoWZSF_RunSyst/2023BPix/Skim_TriLep_VBFHToZZTo4L.root
2025-11-19 00:20:20,788 - INFO - [2023BPix] MISSING_FILE: /data9/Users/choij/Sync/workspace/ChargedHiggsAnalysisV3/SKNanoOutput/CRPromptSelector/Run3Mu_RunNoWZSF_RunSyst/2023BPix/Skim_TriLep_ggHToZZTo4L.root
2025-11-19 15:45:33,736 - INFO - [2023BPix] MISSING_CENTRAL: WZ3Mu/Central/muons/3/pt in Skim_TriLep_DYJets10to50.root
2025-11-19 15:45:33,755 - INFO - [2023BPix] MISSING_SYSTEMATIC: WZ3Mu/JetEn_Up/muons/3/pt in Skim_TriLep_DYGTo2LG_MLL4to50_PTG200toInf.root
2025-11-19 15:45:33,755 - INFO - [2023BPix] MISSING_SYSTEMATIC: WZ3Mu/JetEn_Down/muons/3/pt in Skim_TriLep_DYGTo2LG_MLL4to50_PTG200toInf.root
2025-11-19 15:45:33,755 - INFO - [2023BPix] MISSING_SYSTEMATIC: WZ3Mu/JetRes_Up/muons/3/pt in Skim_TriLep_DYGTo2LG_MLL4to50_PTG200toInf.root
2025-11-19 15:45:33,827 - INFO - [2023BPix] MISSING_CENTRAL: WZ3Mu/Central/muons/3/pt in Skim_TriLep_TTG_PTG200toInf.root
2025-11-19 15:45:39,190 - INFO - [2023BPix] MISSING_CENTRAL: WZ3Mu/Central/muons/3/pt in Skim_TriLep_DYJets10to50.root
2025-11-19 15:45:39,196 - INFO - [2023BPix] MISSING_CENTRAL: WZ3Mu/Central/muons/3/pt in Skim_TriLep_TTG_PTG200toInf.root
2025-11-19 15:45:39,199 - INFO - [2023BPix] MISSING_FILE: /home/choij/Sync/workspace/ChargedHiggsAnalysisV3/SKNanoOutput/CRPromptSelector/Run3Mu_RunNoWZSF_RunSyst/2023BPix/Skim_TriLep_ZZTo4L_powheg.root
2025-11-19 15:45:39,203 - INFO - [2023BPix] MISSING_FILE: /home/choij/Sync/workspace/ChargedHiggsAnalysisV3/SKNanoOutput/CRPromptSelector/Run3Mu_RunNoWZSF_RunSyst/2023BPix/Skim_TriLep_VBFHToZZTo4L.root
2025-11-19 15:45:39,203 - INFO - [2023BPix] MISSING_FILE: /home/choij/Sync/workspace/ChargedHiggsAnalysisV3/SKNanoOutput/CRPromptSelector/Run3Mu_RunNoWZSF_RunSyst/2023BPix/Skim_TriLep_ggHToZZTo4L.root
2025-11-19 16:29:54,472 - INFO - [2023BPix] MISSING_CENTRAL: WZ3Mu/Central/muons/3/pt in Skim_TriLep_DYJets10to50.root
2025-11-19 16:29:54,494 - INFO - [2023BPix] MISSING_SYSTEMATIC: WZ3Mu/JetEn_Up/muons/3/pt in Skim_TriLep_DYGTo2LG_MLL4to50_PTG200toInf.root
2025-11-19 16:29:54,494 - INFO - [2023BPix] MISSING_SYSTEMATIC: WZ3Mu/JetEn_Down/muons/3/pt in Skim_TriLep_DYGTo2LG_MLL4to50_PTG200toInf.root
2025-11-19 16:29:54,494 - INFO - [2023BPix] MISSING_SYSTEMATIC: WZ3Mu/JetRes_Up/muons/3/pt in Skim_TriLep_DYGTo2LG_MLL4to50_PTG200toInf.root
2025-11-19 16:29:54,577 - INFO - [2023BPix] MISSING_CENTRAL: WZ3Mu/Central/muons/3/pt in Skim_TriLep_TTG_PTG200toInf.root
2025-11-19 16:30:00,343 - INFO - [2023BPix] MISSING_CENTRAL: WZ3Mu/Central/muons/3/pt in Skim_TriLep_DYJets10to50.root
2025-11-19 16:30:00,349 - INFO - [2023BPix] MISSING_CENTRAL: WZ3Mu/Central/muons/3/pt in Skim_TriLep_TTG_PTG200toInf.root
2025-11-19 16:30:00,352 - INFO - [2023BPix] MISSING_FILE: /home/choij/Sync/workspace/ChargedHiggsAnalysisV3/SKNanoOutput/CRPromptSelector/Run3Mu_RunNoWZSF_RunSyst/2023BPix/Skim_TriLep_ZZTo4L_powheg.root
2025-11-19 16:30:00,356 - INFO - [2023BPix] MISSING_FILE: /home/choij/Sync/workspace/ChargedHiggsAnalysisV3/SKNanoOutput/CRPromptSelector/Run3Mu_RunNoWZSF_RunSyst/2023BPix/Skim_TriLep_VBFHToZZTo4L.root
2025-11-19 16:30:00,356 - INFO - [2023BPix] MISSING_FILE: /home/choij/Sync/workspace/ChargedHiggsAnalysisV3/SKNanoOutput/CRPromptSelector/Run3Mu_RunNoWZSF_RunSyst/2023BPix/Skim_TriLep_ggHToZZTo4L.root
2025-12-17 12:28:51,859 - INFO - [2023BPix] MISSING_CENTRAL: WZ3Mu/Central/muons/3/pt in Skim_TriLep_DYJets10to50.root
2025-12-17 12:28:51,878 - INFO - [2023BPix] MISSING_CENTRAL: WZ3Mu/Central/muons/3/pt in Skim_TriLep_TTG_PTG100to200.root
2025-12-17 12:28:51,880 - INFO - [2023BPix] MISSING_CENTRAL: WZ3Mu/Central/muons/3/pt in Skim_TriLep_TTG_PTG200toInf.root
2025-12-17 12:28:56,843 - INFO - [2023BPix] MISSING_CENTRAL: WZ3Mu/Central/muons/3/pt in Skim_TriLep_DYJets10to50.root
2025-12-17 12:28:56,848 - INFO - [2023BPix] MISSING_CENTRAL: WZ3Mu/Central/muons/3/pt in Skim_TriLep_TTG_PTG100to200.root
2025-12-17 12:28:56,860 - INFO - [2023BPix] MISSING_CENTRAL: WZ3Mu/Central/muons/3/pt in Skim_TriLep_TTG_PTG200toInf.root
2025-12-17 12:28:56,879 - INFO - [2023BPix] MISSING_FILE: /data9/Users/choij/Sync/workspace/ChargedHiggsAnalysisV3/SKNanoOutput/CRPromptSelector/Run3Mu_RunNoWZSF_RunSyst/2023BPix/Skim_TriLep_ZZTo4L_powheg.root
2025-12-17 12:28:56,914 - INFO - [2023BPix] MISSING_FILE: /data9/Users/choij/Sync/workspace/ChargedHiggsAnalysisV3/SKNanoOutput/CRPromptSelector/Run3Mu_RunNoWZSF_RunSyst/2023BPix/Skim_TriLep_VBFHToZZTo4L.root
2025-12-17 12:28:56,915 - INFO - [2023BPix] MISSING_FILE: /data9/Users/choij/Sync/workspace/ChargedHiggsAnalysisV3/SKNanoOutput/CRPromptSelector/Run3Mu_RunNoWZSF_RunSyst/2023BPix/Skim_TriLep_ggHToZZTo4L.root
2025-12-17 16:10:20,491 - INFO - [2023BPix] MISSING_CENTRAL: WZ3Mu/Central/muons/3/pt in Skim_TriLep_DYJets10to50.root
2025-12-17 16:10:20,507 - INFO - [2023BPix] MISSING_CENTRAL: WZ3Mu/Central/muons/3/pt in Skim_TriLep_TTG_PTG100to200.root
2025-12-17 16:10:20,508 - INFO - [2023BPix] MISSING_CENTRAL: WZ3Mu/Central/muons/3/pt in Skim_TriLep_TTG_PTG200toInf.root
2025-12-17 16:10:26,598 - INFO - [2023BPix] MISSING_CENTRAL: WZ3Mu/Central/muons/3/pt in Skim_TriLep_DYJets10to50.root
2025-12-17 16:10:26,600 - INFO - [2023BPix] MISSING_CENTRAL: WZ3Mu/Central/muons/3/pt in Skim_TriLep_TTG_PTG100to200.root
2025-12-17 16:10:26,601 - INFO - [2023BPix] MISSING_CENTRAL: WZ3Mu/Central/muons/3/pt in Skim_TriLep_TTG_PTG200toInf.root
2025-12-17 16:10:26,605 - INFO - [2023BPix] MISSING_FILE: /data9/Users/choij/Sync/workspace/ChargedHiggsAnalysisV3/SKNanoOutput/CRPromptSelector/Run3Mu_RunNoWZSF_RunSyst/2023BPix/Skim_TriLep_WZTo3LNu_powheg.root
2025-12-17 16:10:26,605 - INFO - [2023BPix] MISSING_FILE: /data9/Users/choij/Sync/workspace/ChargedHiggsAnalysisV3/SKNanoOutput/CRPromptSelector/Run3Mu_RunNoWZSF_RunSyst/2023BPix/Skim_TriLep_ZZTo4L_powheg.root
2025-12-17 16:10:26,611 - INFO - [2023BPix] MISSING_FILE: /data9/Users/choij/Sync/workspace/ChargedHiggsAnalysisV3/SKNanoOutput/CRPromptSelector/Run3Mu_RunNoWZSF_RunSyst/2023BPix/Skim_TriLep_VBFHToZZTo4L.root
2025-12-17 16:10:26,611 - INFO - [2023BPix] MISSING_FILE: /data9/Users/choij/Sync/workspace/ChargedHiggsAnalysisV3/SKNanoOutput/CRPromptSelector/Run3Mu_RunNoWZSF_RunSyst/2023BPix/Skim_TriLep_ggHToZZTo4L.root
2025-12-17 22:44:56,431 - INFO - [2023BPix] MISSING_CENTRAL: WZ3Mu/Central/muons/3/pt in Skim_TriLep_DYJets10to50.root
2025-12-17 22:44:56,441 - INFO - [2023BPix] MISSING_CENTRAL: WZ3Mu/Central/muons/3/pt in Skim_TriLep_TTG_PTG100to200.root
2025-12-17 22:44:56,442 - INFO - [2023BPix] MISSING_CENTRAL: WZ3Mu/Central/muons/3/pt in Skim_TriLep_TTG_PTG200toInf.root
2025-12-17 22:45:00,041 - INFO - [2023BPix] MISSING_CENTRAL: WZ3Mu/Central/muons/3/pt in Skim_TriLep_DYJets10to50.root
2025-12-17 22:45:00,043 - INFO - [2023BPix] MISSING_CENTRAL: WZ3Mu/Central/muons/3/pt in Skim_TriLep_TTG_PTG100to200.root
2025-12-17 22:45:00,043 - INFO - [2023BPix] MISSING_CENTRAL: WZ3Mu/Central/muons/3/pt in Skim_TriLep_TTG_PTG200toInf.root
2025-12-17 22:45:00,046 - INFO - [2023BPix] MISSING_FILE: /data9/Users/choij/Sync/workspace/ChargedHiggsAnalysisV3/SKNanoOutput/CRPromptSelector/Run3Mu_RunNoWZSF_RunSyst/2023BPix/Skim_TriLep_WZTo3LNu_powheg.root
2025-12-17 22:45:00,046 - INFO - [2023BPix] MISSING_FILE: /data9/Users/choij/Sync/workspace/ChargedHiggsAnalysisV3/SKNanoOutput/CRPromptSelector/Run3Mu_RunNoWZSF_RunSyst/2023BPix/Skim_TriLep_ZZTo4L_powheg.root
2025-12-17 22:45:00,051 - INFO - [2023BPix] MISSING_FILE: /data9/Users/choij/Sync/workspace/ChargedHiggsAnalysisV3/SKNanoOutput/CRPromptSelector/Run3Mu_RunNoWZSF_RunSyst/2023BPix/Skim_TriLep_VBFHToZZTo4L.root
2025-12-17 22:45:00,051 - INFO - [2023BPix] MISSING_FILE: /data9/Users/choij/Sync/workspace/ChargedHiggsAnalysisV3/SKNanoOutput/CRPromptSelector/Run3Mu_RunNoWZSF_RunSyst/2023BPix/Skim_TriLep_ggHToZZTo4L.root
2025-12-18 14:46:11,116 - INFO - [2023BPix] MISSING_CENTRAL: WZ3Mu/Central/muons/3/pt in Skim_TriLep_DYJets10to50.root
2025-12-18 14:46:11,130 - INFO - [2023BPix] MISSING_CENTRAL: WZ3Mu/Central/muons/3/pt in Skim_TriLep_TTG_PTG100to200.root
2025-12-18 14:46:11,151 - INFO - [2023BPix] MISSING_CENTRAL: WZ3Mu/Central/muons/3/pt in Skim_TriLep_TTG_PTG200toInf.root
2025-12-18 14:46:15,966 - INFO - [2023BPix] MISSING_CENTRAL: WZ3Mu/Central/muons/3/pt in Skim_TriLep_DYJets10to50.root
2025-12-18 14:46:15,974 - INFO - [2023BPix] MISSING_CENTRAL: WZ3Mu/Central/muons/3/pt in Skim_TriLep_TTG_PTG100to200.root
2025-12-18 14:46:15,986 - INFO - [2023BPix] MISSING_CENTRAL: WZ3Mu/Central/muons/3/pt in Skim_TriLep_TTG_PTG200toInf.root
2025-12-18 14:46:16,019 - INFO - [2023BPix] MISSING_FILE: /data9/Users/choij/Sync/workspace/ChargedHiggsAnalysisV3/SKNanoOutput/CRPromptSelector/Run3Mu_RunNoWZSF_RunSyst/2023BPix/Skim_TriLep_WZTo3LNu_powheg.root
2025-12-18 14:46:16,019 - INFO - [2023BPix] MISSING_FILE: /data9/Users/choij/Sync/workspace/ChargedHiggsAnalysisV3/SKNanoOutput/CRPromptSelector/Run3Mu_RunNoWZSF_RunSyst/2023BPix/Skim_TriLep_ZZTo4L_powheg.root
2025-12-18 14:46:16,060 - INFO - [2023BPix] MISSING_FILE: /data9/Users/choij/Sync/workspace/ChargedHiggsAnalysisV3/SKNanoOutput/CRPromptSelector/Run3Mu_RunNoWZSF_RunSyst/2023BPix/Skim_TriLep_VBFHToZZTo4L.root
2025-12-18 14:46:16,060 - INFO - [2023BPix] MISSING_FILE: /data9/Users/choij/Sync/workspace/ChargedHiggsAnalysisV3/SKNanoOutput/CRPromptSelector/Run3Mu_RunNoWZSF_RunSyst/2023BPix/Skim_TriLep_ggHToZZTo4L.root
2025-12-18 22:08:27,582 - INFO - [2023BPix] MISSING_CENTRAL: WZ3Mu/Central/muons/3/pt in Skim_TriLep_DYJets10to50.root
2025-12-18 22:08:27,592 - INFO - [2023BPix] MISSING_CENTRAL: WZ3Mu/Central/muons/3/pt in Skim_TriLep_TTG_PTG100to200.root
2025-12-18 22:08:27,593 - INFO - [2023BPix] MISSING_CENTRAL: WZ3Mu/Central/muons/3/pt in Skim_TriLep_TTG_PTG200toInf.root
2025-12-18 22:08:33,889 - INFO - [2023BPix] MISSING_CENTRAL: WZ3Mu/Central/muons/3/pt in Skim_TriLep_DYJets10to50.root
2025-12-18 22:08:33,891 - INFO - [2023BPix] MISSING_CENTRAL: WZ3Mu/Central/muons/3/pt in Skim_TriLep_TTG_PTG100to200.root
2025-12-18 22:08:33,892 - INFO - [2023BPix] MISSING_CENTRAL: WZ3Mu/Central/muons/3/pt in Skim_TriLep_TTG_PTG200toInf.root
2025-12-18 22:08:33,897 - INFO - [2023BPix] MISSING_FILE: /data9/Users/choij/Sync/workspace/ChargedHiggsAnalysisV3/SKNanoOutput/CRPromptSelector/Run3Mu_RunNoWZSF_RunSyst/2023BPix/Skim_TriLep_ZZTo4L_powheg.root
2025-12-18 22:08:33,903 - INFO - [2023BPix] MISSING_FILE: /data9/Users/choij/Sync/workspace/ChargedHiggsAnalysisV3/SKNanoOutput/CRPromptSelector/Run3Mu_RunNoWZSF_RunSyst/2023BPix/Skim_TriLep_VBFHToZZTo4L.root
2025-12-18 22:08:33,903 - INFO - [2023BPix] MISSING_FILE: /data9/Users/choij/Sync/workspace/ChargedHiggsAnalysisV3/SKNanoOutput/CRPromptSelector/Run3Mu_RunNoWZSF_RunSyst/2023BPix/Skim_TriLep_ggHToZZTo4L.root
