2025-09-24 15:45:57,859 - INFO - [2017] MISSING_CENTRAL: ZG1E2Mu/Central/jets/size in Skim_TriLep_DYJets10to50.root
2025-09-24 15:45:57,871 - INFO - [2017] MISSING_SYSTEMATIC: ZG1E2Mu/JetEn_Up/jets/size in Skim_TriLep_TTG.root
2025-09-24 15:45:57,872 - INFO - [2017] MISSING_SYSTEMATIC: ZG1E2Mu/UnclusteredEn_Down/jets/size in Skim_TriLep_TTG.root
2025-09-24 15:45:57,897 - INFO - [2017] MISSING_FILE: /Users/choij/Sync/workspace/ChargedHiggsAnalysisV3/SKNanoOutput/CRPromptSelector/Run1E2Mu_RunSyst/2017/Skim_TriLep_WZTo3LNu_amcatnlo.root
2025-09-24 15:45:57,915 - INFO - [2017] MISSING_CENTRAL: ZG1E2Mu/Central/jets/size in Skim_TriLep_WWZ.root
2025-09-24 15:46:08,348 - INFO - [2017] MISSING_CENTRAL: ZG1E2Mu/Central/jets/size in Skim_TriLep_DYJets10to50.root
2025-09-24 15:46:08,349 - INFO - [2017] MISSING_FILE: /Users/choij/Sync/workspace/ChargedHiggsAnalysisV3/SKNanoOutput/CRPromptSelector/Run1E2Mu_RunSyst/2017/Skim_TriLep_WZTo3LNu_amcatnlo.root
2025-09-24 15:46:08,352 - INFO - [2017] MISSING_CENTRAL: ZG1E2Mu/Central/jets/size in Skim_TriLep_WWZ.root
2025-10-02 21:11:54,778 - INFO - [2017] MISSING_CENTRAL: ZG1E2Mu/Central/jets/size in Skim_TriLep_DYJets10to50.root
2025-10-02 21:11:54,987 - INFO - [2017] MISSING_SYSTEMATIC: ZG1E2Mu/JetEn_Up/jets/size in Skim_TriLep_TTG.root
2025-10-02 21:11:54,992 - INFO - [2017] MISSING_SYSTEMATIC: ZG1E2Mu/UnclusteredEn_Down/jets/size in Skim_TriLep_TTG.root
2025-10-02 21:11:55,246 - INFO - [2017] MISSING_FILE: /data9/Users/choij/Sync/workspace/ChargedHiggsAnalysisV3/SKNanoOutput/CRPromptSelector/Run1E2Mu_RunSyst/2017/Skim_TriLep_WZTo3LNu_amcatnlo.root
2025-10-02 21:11:55,650 - INFO - [2017] MISSING_CENTRAL: ZG1E2Mu/Central/jets/size in Skim_TriLep_WWZ.root
2025-10-02 21:12:01,002 - INFO - [2017] MISSING_CENTRAL: ZG1E2Mu/Central/jets/size in Skim_TriLep_DYJets10to50.root
2025-10-02 21:12:01,037 - INFO - [2017] MISSING_FILE: /data9/Users/choij/Sync/workspace/ChargedHiggsAnalysisV3/SKNanoOutput/CRPromptSelector/Run1E2Mu_RunSyst/2017/Skim_TriLep_WZTo3LNu_amcatnlo.root
2025-10-02 21:12:01,053 - INFO - [2017] MISSING_CENTRAL: ZG1E2Mu/Central/jets/size in Skim_TriLep_WWZ.root
2025-10-02 23:58:53,377 - INFO - [2017] MISSING_CENTRAL: ZG1E2Mu/Central/jets/size in Skim_TriLep_DYJets10to50.root
2025-10-02 23:58:53,384 - INFO - [2017] MISSING_SYSTEMATIC: ZG1E2Mu/JetEn_Up/jets/size in Skim_TriLep_TTG.root
2025-10-02 23:58:53,384 - INFO - [2017] MISSING_SYSTEMATIC: ZG1E2Mu/UnclusteredEn_Down/jets/size in Skim_TriLep_TTG.root
2025-10-02 23:58:53,400 - INFO - [2017] MISSING_FILE: /Users/choij/Sync/workspace/ChargedHiggsAnalysisV3/SKNanoOutput/CRPromptSelector/Run1E2Mu_RunSyst/2017/Skim_TriLep_WZTo3LNu_amcatnlo.root
2025-10-02 23:58:53,421 - INFO - [2017] MISSING_CENTRAL: ZG1E2Mu/Central/jets/size in Skim_TriLep_WWZ.root
2025-10-02 23:59:03,175 - INFO - [2017] MISSING_CENTRAL: ZG1E2Mu/Central/jets/size in Skim_TriLep_DYJets10to50.root
2025-10-02 23:59:03,177 - INFO - [2017] MISSING_FILE: /Users/choij/Sync/workspace/ChargedHiggsAnalysisV3/SKNanoOutput/CRPromptSelector/Run1E2Mu_RunSyst/2017/Skim_TriLep_WZTo3LNu_amcatnlo.root
2025-10-02 23:59:03,183 - INFO - [2017] MISSING_CENTRAL: ZG1E2Mu/Central/jets/size in Skim_TriLep_WWZ.root
2025-11-07 13:29:42,326 - INFO - [2017] MISSING_CENTRAL: ZG1E2Mu/Central/jets/size in Skim_TriLep_DYJets10to50.root
2025-11-07 13:29:42,332 - INFO - [2017] MISSING_SYSTEMATIC: ZG1E2Mu/JetEn_Up/jets/size in Skim_TriLep_TTG.root
2025-11-07 13:29:42,333 - INFO - [2017] MISSING_SYSTEMATIC: ZG1E2Mu/UnclusteredEn_Down/jets/size in Skim_TriLep_TTG.root
2025-11-07 13:29:42,350 - INFO - [2017] MISSING_FILE: /home/choij/Sync/workspace/ChargedHiggsAnalysisV3/SKNanoOutput/CRPromptSelector/Run1E2Mu_RunSyst/2017/Skim_TriLep_WZTo3LNu_amcatnlo.root
2025-11-07 13:29:42,393 - INFO - [2017] MISSING_CENTRAL: ZG1E2Mu/Central/jets/size in Skim_TriLep_WWZ.root
2025-11-07 13:29:47,542 - INFO - [2017] MISSING_CENTRAL: ZG1E2Mu/Central/jets/size in Skim_TriLep_DYJets10to50.root
2025-11-07 13:29:47,545 - INFO - [2017] MISSING_FILE: /home/choij/Sync/workspace/ChargedHiggsAnalysisV3/SKNanoOutput/CRPromptSelector/Run1E2Mu_RunSyst/2017/Skim_TriLep_WZTo3LNu_amcatnlo.root
2025-11-07 13:29:47,551 - INFO - [2017] MISSING_CENTRAL: ZG1E2Mu/Central/jets/size in Skim_TriLep_WWZ.root
2025-11-07 14:02:27,712 - INFO - [2017] MISSING_CENTRAL: ZG1E2Mu/Central/jets/size in Skim_TriLep_DYJets10to50.root
2025-11-07 14:02:27,719 - INFO - [2017] MISSING_SYSTEMATIC: ZG1E2Mu/JetEn_Up/jets/size in Skim_TriLep_TTG.root
2025-11-07 14:02:27,720 - INFO - [2017] MISSING_SYSTEMATIC: ZG1E2Mu/UnclusteredEn_Down/jets/size in Skim_TriLep_TTG.root
2025-11-07 14:02:27,740 - INFO - [2017] MISSING_FILE: /home/choij/Sync/workspace/ChargedHiggsAnalysisV3/SKNanoOutput/CRPromptSelector/Run1E2Mu_RunSyst/2017/Skim_TriLep_WZTo3LNu_amcatnlo.root
2025-11-07 14:02:27,761 - INFO - [2017] MISSING_CENTRAL: ZG1E2Mu/Central/jets/size in Skim_TriLep_WWZ.root
2025-11-07 14:02:32,787 - INFO - [2017] MISSING_CENTRAL: ZG1E2Mu/Central/jets/size in Skim_TriLep_DYJets10to50.root
2025-11-07 14:02:32,791 - INFO - [2017] MISSING_FILE: /home/choij/Sync/workspace/ChargedHiggsAnalysisV3/SKNanoOutput/CRPromptSelector/Run1E2Mu_RunSyst/2017/Skim_TriLep_WZTo3LNu_amcatnlo.root
2025-11-07 14:02:32,796 - INFO - [2017] MISSING_CENTRAL: ZG1E2Mu/Central/jets/size in Skim_TriLep_WWZ.root
