2025-09-24 15:46:00,418 - INFO - [2017] MISSING_CENTRAL: ZG1E2Mu/Central/jets/1/eta in Skim_TriLep_DYJets10to50.root
2025-09-24 15:46:00,424 - INFO - [2017] MISSING_SYSTEMATIC: ZG1E2Mu/JetEn_Up/jets/1/eta in Skim_TriLep_TTG.root
2025-09-24 15:46:00,425 - INFO - [2017] MISSING_SYSTEMATIC: ZG1E2Mu/UnclusteredEn_Down/jets/1/eta in Skim_TriLep_TTG.root
2025-09-24 15:46:00,427 - INFO - [2017] MISSING_CENTRAL: ZG1E2Mu/Central/jets/1/eta in Skim_TriLep_WWG.root
2025-09-24 15:46:00,445 - INFO - [2017] MISSING_FILE: /Users/choij/Sync/workspace/ChargedHiggsAnalysisV3/SKNanoOutput/CRPromptSelector/Run1E2Mu_RunSyst/2017/Skim_TriLep_WZTo3LNu_amcatnlo.root
2025-09-24 15:46:00,552 - INFO - [2017] MISSING_CENTRAL: ZG1E2Mu/Central/jets/1/eta in Skim_TriLep_WWZ.root
2025-09-24 15:46:10,536 - INFO - [2017] MISSING_CENTRAL: ZG1E2Mu/Central/jets/1/eta in Skim_TriLep_DYJets10to50.root
2025-09-24 15:46:10,537 - INFO - [2017] MISSING_CENTRAL: ZG1E2Mu/Central/jets/1/eta in Skim_TriLep_WWG.root
2025-09-24 15:46:10,538 - INFO - [2017] MISSING_FILE: /Users/choij/Sync/workspace/ChargedHiggsAnalysisV3/SKNanoOutput/CRPromptSelector/Run1E2Mu_RunSyst/2017/Skim_TriLep_WZTo3LNu_amcatnlo.root
2025-09-24 15:46:10,542 - INFO - [2017] MISSING_CENTRAL: ZG1E2Mu/Central/jets/1/eta in Skim_TriLep_WWZ.root
2025-10-02 21:11:54,778 - INFO - [2017] MISSING_CENTRAL: ZG1E2Mu/Central/jets/1/eta in Skim_TriLep_DYJets10to50.root
2025-10-02 21:11:54,987 - INFO - [2017] MISSING_SYSTEMATIC: ZG1E2Mu/JetEn_Up/jets/1/eta in Skim_TriLep_TTG.root
2025-10-02 21:11:54,990 - INFO - [2017] MISSING_SYSTEMATIC: ZG1E2Mu/UnclusteredEn_Down/jets/1/eta in Skim_TriLep_TTG.root
2025-10-02 21:11:55,011 - INFO - [2017] MISSING_CENTRAL: ZG1E2Mu/Central/jets/1/eta in Skim_TriLep_WWG.root
2025-10-02 21:11:55,248 - INFO - [2017] MISSING_FILE: /data9/Users/choij/Sync/workspace/ChargedHiggsAnalysisV3/SKNanoOutput/CRPromptSelector/Run1E2Mu_RunSyst/2017/Skim_TriLep_WZTo3LNu_amcatnlo.root
2025-10-02 21:11:55,651 - INFO - [2017] MISSING_CENTRAL: ZG1E2Mu/Central/jets/1/eta in Skim_TriLep_WWZ.root
2025-10-02 21:12:01,355 - INFO - [2017] MISSING_CENTRAL: ZG1E2Mu/Central/jets/1/eta in Skim_TriLep_DYJets10to50.root
2025-10-02 21:12:01,361 - INFO - [2017] MISSING_CENTRAL: ZG1E2Mu/Central/jets/1/eta in Skim_TriLep_WWG.root
2025-10-02 21:12:01,366 - INFO - [2017] MISSING_FILE: /data9/Users/choij/Sync/workspace/ChargedHiggsAnalysisV3/SKNanoOutput/CRPromptSelector/Run1E2Mu_RunSyst/2017/Skim_TriLep_WZTo3LNu_amcatnlo.root
2025-10-02 21:12:01,379 - INFO - [2017] MISSING_CENTRAL: ZG1E2Mu/Central/jets/1/eta in Skim_TriLep_WWZ.root
2025-10-02 23:58:55,877 - INFO - [2017] MISSING_CENTRAL: ZG1E2Mu/Central/jets/1/eta in Skim_TriLep_DYJets10to50.root
2025-10-02 23:58:55,882 - INFO - [2017] MISSING_SYSTEMATIC: ZG1E2Mu/JetEn_Up/jets/1/eta in Skim_TriLep_TTG.root
2025-10-02 23:58:55,883 - INFO - [2017] MISSING_SYSTEMATIC: ZG1E2Mu/UnclusteredEn_Down/jets/1/eta in Skim_TriLep_TTG.root
2025-10-02 23:58:55,885 - INFO - [2017] MISSING_CENTRAL: ZG1E2Mu/Central/jets/1/eta in Skim_TriLep_WWG.root
2025-10-02 23:58:55,913 - INFO - [2017] MISSING_FILE: /Users/choij/Sync/workspace/ChargedHiggsAnalysisV3/SKNanoOutput/CRPromptSelector/Run1E2Mu_RunSyst/2017/Skim_TriLep_WZTo3LNu_amcatnlo.root
2025-10-02 23:58:55,929 - INFO - [2017] MISSING_CENTRAL: ZG1E2Mu/Central/jets/1/eta in Skim_TriLep_WWZ.root
2025-10-02 23:59:05,161 - INFO - [2017] MISSING_CENTRAL: ZG1E2Mu/Central/jets/1/eta in Skim_TriLep_DYJets10to50.root
2025-10-02 23:59:05,183 - INFO - [2017] MISSING_CENTRAL: ZG1E2Mu/Central/jets/1/eta in Skim_TriLep_WWG.root
2025-10-02 23:59:05,192 - INFO - [2017] MISSING_FILE: /Users/choij/Sync/workspace/ChargedHiggsAnalysisV3/SKNanoOutput/CRPromptSelector/Run1E2Mu_RunSyst/2017/Skim_TriLep_WZTo3LNu_amcatnlo.root
2025-10-02 23:59:05,196 - INFO - [2017] MISSING_CENTRAL: ZG1E2Mu/Central/jets/1/eta in Skim_TriLep_WWZ.root
2025-11-07 13:29:42,263 - INFO - [2017] MISSING_CENTRAL: ZG1E2Mu/Central/jets/1/eta in Skim_TriLep_DYJets10to50.root
2025-11-07 13:29:42,293 - INFO - [2017] MISSING_SYSTEMATIC: ZG1E2Mu/JetEn_Up/jets/1/eta in Skim_TriLep_TTG.root
2025-11-07 13:29:42,294 - INFO - [2017] MISSING_SYSTEMATIC: ZG1E2Mu/UnclusteredEn_Down/jets/1/eta in Skim_TriLep_TTG.root
2025-11-07 13:29:42,297 - INFO - [2017] MISSING_CENTRAL: ZG1E2Mu/Central/jets/1/eta in Skim_TriLep_WWG.root
2025-11-07 13:29:42,341 - INFO - [2017] MISSING_FILE: /home/choij/Sync/workspace/ChargedHiggsAnalysisV3/SKNanoOutput/CRPromptSelector/Run1E2Mu_RunSyst/2017/Skim_TriLep_WZTo3LNu_amcatnlo.root
2025-11-07 13:29:42,391 - INFO - [2017] MISSING_CENTRAL: ZG1E2Mu/Central/jets/1/eta in Skim_TriLep_WWZ.root
2025-11-07 13:29:47,488 - INFO - [2017] MISSING_CENTRAL: ZG1E2Mu/Central/jets/1/eta in Skim_TriLep_DYJets10to50.root
2025-11-07 13:29:47,490 - INFO - [2017] MISSING_CENTRAL: ZG1E2Mu/Central/jets/1/eta in Skim_TriLep_WWG.root
2025-11-07 13:29:47,492 - INFO - [2017] MISSING_FILE: /home/choij/Sync/workspace/ChargedHiggsAnalysisV3/SKNanoOutput/CRPromptSelector/Run1E2Mu_RunSyst/2017/Skim_TriLep_WZTo3LNu_amcatnlo.root
2025-11-07 13:29:47,498 - INFO - [2017] MISSING_CENTRAL: ZG1E2Mu/Central/jets/1/eta in Skim_TriLep_WWZ.root
2025-11-07 14:02:27,733 - INFO - [2017] MISSING_CENTRAL: ZG1E2Mu/Central/jets/1/eta in Skim_TriLep_DYJets10to50.root
2025-11-07 14:02:27,743 - INFO - [2017] MISSING_SYSTEMATIC: ZG1E2Mu/JetEn_Up/jets/1/eta in Skim_TriLep_TTG.root
2025-11-07 14:02:27,744 - INFO - [2017] MISSING_SYSTEMATIC: ZG1E2Mu/UnclusteredEn_Down/jets/1/eta in Skim_TriLep_TTG.root
2025-11-07 14:02:27,747 - INFO - [2017] MISSING_CENTRAL: ZG1E2Mu/Central/jets/1/eta in Skim_TriLep_WWG.root
2025-11-07 14:02:27,765 - INFO - [2017] MISSING_FILE: /home/choij/Sync/workspace/ChargedHiggsAnalysisV3/SKNanoOutput/CRPromptSelector/Run1E2Mu_RunSyst/2017/Skim_TriLep_WZTo3LNu_amcatnlo.root
2025-11-07 14:02:27,791 - INFO - [2017] MISSING_CENTRAL: ZG1E2Mu/Central/jets/1/eta in Skim_TriLep_WWZ.root
2025-11-07 14:02:32,797 - INFO - [2017] MISSING_CENTRAL: ZG1E2Mu/Central/jets/1/eta in Skim_TriLep_DYJets10to50.root
2025-11-07 14:02:32,799 - INFO - [2017] MISSING_CENTRAL: ZG1E2Mu/Central/jets/1/eta in Skim_TriLep_WWG.root
2025-11-07 14:02:32,800 - INFO - [2017] MISSING_FILE: /home/choij/Sync/workspace/ChargedHiggsAnalysisV3/SKNanoOutput/CRPromptSelector/Run1E2Mu_RunSyst/2017/Skim_TriLep_WZTo3LNu_amcatnlo.root
2025-11-07 14:02:32,806 - INFO - [2017] MISSING_CENTRAL: ZG1E2Mu/Central/jets/1/eta in Skim_TriLep_WWZ.root
2025-11-10 05:52:52,247 - INFO - [2017] MISSING_CENTRAL: ZG1E2Mu/Central/jets/1/eta in Skim_TriLep_DYJets10to50.root
2025-11-10 05:52:52,265 - INFO - [2017] MISSING_SYSTEMATIC: ZG1E2Mu/JetEn_Up/jets/1/eta in Skim_TriLep_TTG.root
2025-11-10 05:52:52,267 - INFO - [2017] MISSING_SYSTEMATIC: ZG1E2Mu/UnclusteredEn_Down/jets/1/eta in Skim_TriLep_TTG.root
2025-11-10 05:52:52,269 - INFO - [2017] MISSING_CENTRAL: ZG1E2Mu/Central/jets/1/eta in Skim_TriLep_WWG.root
2025-11-10 05:52:52,288 - INFO - [2017] MISSING_FILE: /home/choij/Sync/workspace/ChargedHiggsAnalysisV3/SKNanoOutput/CRPromptSelector/Run1E2Mu_RunSyst/2017/Skim_TriLep_WZTo3LNu_amcatnlo.root
2025-11-10 05:52:52,318 - INFO - [2017] MISSING_CENTRAL: ZG1E2Mu/Central/jets/1/eta in Skim_TriLep_WWZ.root
2025-11-10 05:52:58,817 - INFO - [2017] MISSING_CENTRAL: ZG1E2Mu/Central/jets/1/eta in Skim_TriLep_DYJets10to50.root
2025-11-10 05:52:58,819 - INFO - [2017] MISSING_CENTRAL: ZG1E2Mu/Central/jets/1/eta in Skim_TriLep_WWG.root
2025-11-10 05:52:58,821 - INFO - [2017] MISSING_FILE: /home/choij/Sync/workspace/ChargedHiggsAnalysisV3/SKNanoOutput/CRPromptSelector/Run1E2Mu_RunSyst/2017/Skim_TriLep_WZTo3LNu_amcatnlo.root
2025-11-10 05:52:58,831 - INFO - [2017] MISSING_CENTRAL: ZG1E2Mu/Central/jets/1/eta in Skim_TriLep_WWZ.root
