2025-09-24 15:46:00,688 - INFO - [2017] MISSING_CENTRAL: ZG1E2Mu/Central/jets/2/phi in Skim_TriLep_DYJets10to50.root
2025-09-24 15:46:00,694 - INFO - [2017] MISSING_SYSTEMATIC: ZG1E2Mu/JetEn_Up/jets/2/phi in Skim_TriLep_TTG.root
2025-09-24 15:46:00,695 - INFO - [2017] MISSING_SYSTEMATIC: ZG1E2Mu/UnclusteredEn_Down/jets/2/phi in Skim_TriLep_TTG.root
2025-09-24 15:46:00,697 - INFO - [2017] MISSING_CENTRAL: ZG1E2Mu/Central/jets/2/phi in Skim_TriLep_WWG.root
2025-09-24 15:46:00,710 - INFO - [2017] MISSING_FILE: /Users/choij/Sync/workspace/ChargedHiggsAnalysisV3/SKNanoOutput/CRPromptSelector/Run1E2Mu_RunSyst/2017/Skim_TriLep_WZTo3LNu_amcatnlo.root
2025-09-24 15:46:00,748 - INFO - [2017] MISSING_CENTRAL: ZG1E2Mu/Central/jets/2/phi in Skim_TriLep_WWZ.root
2025-09-24 15:46:00,767 - INFO - [2017] MISSING_CENTRAL: ZG1E2Mu/Central/jets/2/phi in Skim_TriLep_TTTT.root
2025-09-24 15:46:10,547 - INFO - [2017] MISSING_CENTRAL: ZG1E2Mu/Central/jets/2/phi in Skim_TriLep_DYJets10to50.root
2025-09-24 15:46:10,548 - INFO - [2017] MISSING_CENTRAL: ZG1E2Mu/Central/jets/2/phi in Skim_TriLep_WWG.root
2025-09-24 15:46:10,549 - INFO - [2017] MISSING_FILE: /Users/choij/Sync/workspace/ChargedHiggsAnalysisV3/SKNanoOutput/CRPromptSelector/Run1E2Mu_RunSyst/2017/Skim_TriLep_WZTo3LNu_amcatnlo.root
2025-09-24 15:46:10,552 - INFO - [2017] MISSING_CENTRAL: ZG1E2Mu/Central/jets/2/phi in Skim_TriLep_WWZ.root
2025-09-24 15:46:10,553 - INFO - [2017] MISSING_CENTRAL: ZG1E2Mu/Central/jets/2/phi in Skim_TriLep_TTTT.root
2025-10-02 21:11:54,778 - INFO - [2017] MISSING_CENTRAL: ZG1E2Mu/Central/jets/2/phi in Skim_TriLep_DYJets10to50.root
2025-10-02 21:11:54,987 - INFO - [2017] MISSING_SYSTEMATIC: ZG1E2Mu/JetEn_Up/jets/2/phi in Skim_TriLep_TTG.root
2025-10-02 21:11:54,993 - INFO - [2017] MISSING_SYSTEMATIC: ZG1E2Mu/UnclusteredEn_Down/jets/2/phi in Skim_TriLep_TTG.root
2025-10-02 21:11:55,012 - INFO - [2017] MISSING_CENTRAL: ZG1E2Mu/Central/jets/2/phi in Skim_TriLep_WWG.root
2025-10-02 21:11:55,248 - INFO - [2017] MISSING_FILE: /data9/Users/choij/Sync/workspace/ChargedHiggsAnalysisV3/SKNanoOutput/CRPromptSelector/Run1E2Mu_RunSyst/2017/Skim_TriLep_WZTo3LNu_amcatnlo.root
2025-10-02 21:11:55,652 - INFO - [2017] MISSING_CENTRAL: ZG1E2Mu/Central/jets/2/phi in Skim_TriLep_WWZ.root
2025-10-02 21:11:55,799 - INFO - [2017] MISSING_CENTRAL: ZG1E2Mu/Central/jets/2/phi in Skim_TriLep_TTTT.root
2025-10-02 21:12:01,561 - INFO - [2017] MISSING_CENTRAL: ZG1E2Mu/Central/jets/2/phi in Skim_TriLep_DYJets10to50.root
2025-10-02 21:12:01,577 - INFO - [2017] MISSING_CENTRAL: ZG1E2Mu/Central/jets/2/phi in Skim_TriLep_WWG.root
2025-10-02 21:12:01,581 - INFO - [2017] MISSING_FILE: /data9/Users/choij/Sync/workspace/ChargedHiggsAnalysisV3/SKNanoOutput/CRPromptSelector/Run1E2Mu_RunSyst/2017/Skim_TriLep_WZTo3LNu_amcatnlo.root
2025-10-02 21:12:01,604 - INFO - [2017] MISSING_CENTRAL: ZG1E2Mu/Central/jets/2/phi in Skim_TriLep_WWZ.root
2025-10-02 21:12:01,608 - INFO - [2017] MISSING_CENTRAL: ZG1E2Mu/Central/jets/2/phi in Skim_TriLep_TTTT.root
2025-10-02 23:58:56,071 - INFO - [2017] MISSING_CENTRAL: ZG1E2Mu/Central/jets/2/phi in Skim_TriLep_DYJets10to50.root
2025-10-02 23:58:56,077 - INFO - [2017] MISSING_SYSTEMATIC: ZG1E2Mu/JetEn_Up/jets/2/phi in Skim_TriLep_TTG.root
2025-10-02 23:58:56,077 - INFO - [2017] MISSING_SYSTEMATIC: ZG1E2Mu/UnclusteredEn_Down/jets/2/phi in Skim_TriLep_TTG.root
2025-10-02 23:58:56,079 - INFO - [2017] MISSING_CENTRAL: ZG1E2Mu/Central/jets/2/phi in Skim_TriLep_WWG.root
2025-10-02 23:58:56,122 - INFO - [2017] MISSING_FILE: /Users/choij/Sync/workspace/ChargedHiggsAnalysisV3/SKNanoOutput/CRPromptSelector/Run1E2Mu_RunSyst/2017/Skim_TriLep_WZTo3LNu_amcatnlo.root
2025-10-02 23:58:56,178 - INFO - [2017] MISSING_CENTRAL: ZG1E2Mu/Central/jets/2/phi in Skim_TriLep_WWZ.root
2025-10-02 23:58:56,186 - INFO - [2017] MISSING_CENTRAL: ZG1E2Mu/Central/jets/2/phi in Skim_TriLep_TTTT.root
2025-10-02 23:59:05,214 - INFO - [2017] MISSING_CENTRAL: ZG1E2Mu/Central/jets/2/phi in Skim_TriLep_DYJets10to50.root
2025-10-02 23:59:05,215 - INFO - [2017] MISSING_CENTRAL: ZG1E2Mu/Central/jets/2/phi in Skim_TriLep_WWG.root
2025-10-02 23:59:05,216 - INFO - [2017] MISSING_FILE: /Users/choij/Sync/workspace/ChargedHiggsAnalysisV3/SKNanoOutput/CRPromptSelector/Run1E2Mu_RunSyst/2017/Skim_TriLep_WZTo3LNu_amcatnlo.root
2025-10-02 23:59:05,219 - INFO - [2017] MISSING_CENTRAL: ZG1E2Mu/Central/jets/2/phi in Skim_TriLep_WWZ.root
2025-10-02 23:59:05,220 - INFO - [2017] MISSING_CENTRAL: ZG1E2Mu/Central/jets/2/phi in Skim_TriLep_TTTT.root
