2025-09-24 15:45:57,920 - INFO - [2017] MISSING_CENTRAL: ZG1E2Mu/Central/muons/1/phi in Skim_TriLep_DYJets10to50.root
2025-09-24 15:45:57,943 - INFO - [2017] MISSING_SYSTEMATIC: ZG1E2Mu/JetEn_Up/muons/1/phi in Skim_TriLep_TTG.root
2025-09-24 15:45:57,944 - INFO - [2017] MISSING_SYSTEMATIC: ZG1E2Mu/UnclusteredEn_Down/muons/1/phi in Skim_TriLep_TTG.root
2025-09-24 15:45:57,968 - INFO - [2017] MISSING_FILE: /Users/choij/Sync/workspace/ChargedHiggsAnalysisV3/SKNanoOutput/CRPromptSelector/Run1E2Mu_RunSyst/2017/Skim_TriLep_WZTo3LNu_amcatnlo.root
2025-09-24 15:45:57,988 - INFO - [2017] MISSING_CENTRAL: ZG1E2Mu/Central/muons/1/phi in Skim_TriLep_WWZ.root
2025-09-24 15:46:08,210 - INFO - [2017] MISSING_CENTRAL: ZG1E2Mu/Central/muons/1/phi in Skim_TriLep_DYJets10to50.root
2025-09-24 15:46:08,212 - INFO - [2017] MISSING_FILE: /Users/choij/Sync/workspace/ChargedHiggsAnalysisV3/SKNanoOutput/CRPromptSelector/Run1E2Mu_RunSyst/2017/Skim_TriLep_WZTo3LNu_amcatnlo.root
2025-09-24 15:46:08,215 - INFO - [2017] MISSING_CENTRAL: ZG1E2Mu/Central/muons/1/phi in Skim_TriLep_WWZ.root
2025-10-02 21:11:54,778 - INFO - [2017] MISSING_CENTRAL: ZG1E2Mu/Central/muons/1/phi in Skim_TriLep_DYJets10to50.root
2025-10-02 21:11:54,989 - INFO - [2017] MISSING_SYSTEMATIC: ZG1E2Mu/JetEn_Up/muons/1/phi in Skim_TriLep_TTG.root
2025-10-02 21:11:54,994 - INFO - [2017] MISSING_SYSTEMATIC: ZG1E2Mu/UnclusteredEn_Down/muons/1/phi in Skim_TriLep_TTG.root
2025-10-02 21:11:55,248 - INFO - [2017] MISSING_FILE: /data9/Users/choij/Sync/workspace/ChargedHiggsAnalysisV3/SKNanoOutput/CRPromptSelector/Run1E2Mu_RunSyst/2017/Skim_TriLep_WZTo3LNu_amcatnlo.root
2025-10-02 21:11:55,653 - INFO - [2017] MISSING_CENTRAL: ZG1E2Mu/Central/muons/1/phi in Skim_TriLep_WWZ.root
2025-10-02 21:12:01,239 - INFO - [2017] MISSING_CENTRAL: ZG1E2Mu/Central/muons/1/phi in Skim_TriLep_DYJets10to50.root
2025-10-02 21:12:01,252 - INFO - [2017] MISSING_FILE: /data9/Users/choij/Sync/workspace/ChargedHiggsAnalysisV3/SKNanoOutput/CRPromptSelector/Run1E2Mu_RunSyst/2017/Skim_TriLep_WZTo3LNu_amcatnlo.root
2025-10-02 21:12:01,264 - INFO - [2017] MISSING_CENTRAL: ZG1E2Mu/Central/muons/1/phi in Skim_TriLep_WWZ.root
2025-10-02 23:58:52,815 - INFO - [2017] MISSING_CENTRAL: ZG1E2Mu/Central/muons/1/phi in Skim_TriLep_DYJets10to50.root
2025-10-02 23:58:52,827 - INFO - [2017] MISSING_SYSTEMATIC: ZG1E2Mu/JetEn_Up/muons/1/phi in Skim_TriLep_TTG.root
2025-10-02 23:58:52,827 - INFO - [2017] MISSING_SYSTEMATIC: ZG1E2Mu/UnclusteredEn_Down/muons/1/phi in Skim_TriLep_TTG.root
2025-10-02 23:58:52,858 - INFO - [2017] MISSING_FILE: /Users/choij/Sync/workspace/ChargedHiggsAnalysisV3/SKNanoOutput/CRPromptSelector/Run1E2Mu_RunSyst/2017/Skim_TriLep_WZTo3LNu_amcatnlo.root
2025-10-02 23:58:52,886 - INFO - [2017] MISSING_CENTRAL: ZG1E2Mu/Central/muons/1/phi in Skim_TriLep_WWZ.root
2025-10-02 23:59:03,131 - INFO - [2017] MISSING_CENTRAL: ZG1E2Mu/Central/muons/1/phi in Skim_TriLep_DYJets10to50.root
2025-10-02 23:59:03,148 - INFO - [2017] MISSING_FILE: /Users/choij/Sync/workspace/ChargedHiggsAnalysisV3/SKNanoOutput/CRPromptSelector/Run1E2Mu_RunSyst/2017/Skim_TriLep_WZTo3LNu_amcatnlo.root
2025-10-02 23:59:03,154 - INFO - [2017] MISSING_CENTRAL: ZG1E2Mu/Central/muons/1/phi in Skim_TriLep_WWZ.root
