2025-09-24 15:46:05,478 - INFO - [2017] MISSING_CENTRAL: ZG1E2Mu/Central/ZCand/phi in Skim_TriLep_DYJets10to50.root
2025-09-24 15:46:05,483 - INFO - [2017] MISSING_SYSTEMATIC: ZG1E2Mu/JetEn_Up/ZCand/phi in Skim_TriLep_TTG.root
2025-09-24 15:46:05,484 - INFO - [2017] MISSING_SYSTEMATIC: ZG1E2Mu/UnclusteredEn_Down/ZCand/phi in Skim_TriLep_TTG.root
2025-09-24 15:46:05,545 - INFO - [2017] MISSING_FILE: /Users/choij/Sync/workspace/ChargedHiggsAnalysisV3/SKNanoOutput/CRPromptSelector/Run1E2Mu_RunSyst/2017/Skim_TriLep_WZTo3LNu_amcatnlo.root
2025-09-24 15:46:05,569 - INFO - [2017] MISSING_CENTRAL: ZG1E2Mu/Central/ZCand/phi in Skim_TriLep_WWZ.root
2025-09-24 15:46:14,788 - INFO - [2017] MISSING_CENTRAL: ZG1E2Mu/Central/ZCand/phi in Skim_TriLep_DYJets10to50.root
2025-09-24 15:46:14,789 - INFO - [2017] MISSING_FILE: /Users/choij/Sync/workspace/ChargedHiggsAnalysisV3/SKNanoOutput/CRPromptSelector/Run1E2Mu_RunSyst/2017/Skim_TriLep_WZTo3LNu_amcatnlo.root
2025-09-24 15:46:14,793 - INFO - [2017] MISSING_CENTRAL: ZG1E2Mu/Central/ZCand/phi in Skim_TriLep_WWZ.root
2025-10-02 21:11:55,032 - INFO - [2017] MISSING_CENTRAL: ZG1E2Mu/Central/ZCand/phi in Skim_TriLep_DYJets10to50.root
2025-10-02 21:11:55,041 - INFO - [2017] MISSING_SYSTEMATIC: ZG1E2Mu/JetEn_Up/ZCand/phi in Skim_TriLep_TTG.root
2025-10-02 21:11:55,042 - INFO - [2017] MISSING_SYSTEMATIC: ZG1E2Mu/UnclusteredEn_Down/ZCand/phi in Skim_TriLep_TTG.root
2025-10-02 21:11:55,252 - INFO - [2017] MISSING_FILE: /data9/Users/choij/Sync/workspace/ChargedHiggsAnalysisV3/SKNanoOutput/CRPromptSelector/Run1E2Mu_RunSyst/2017/Skim_TriLep_WZTo3LNu_amcatnlo.root
2025-10-02 21:11:55,651 - INFO - [2017] MISSING_CENTRAL: ZG1E2Mu/Central/ZCand/phi in Skim_TriLep_WWZ.root
2025-10-02 21:12:01,274 - INFO - [2017] MISSING_CENTRAL: ZG1E2Mu/Central/ZCand/phi in Skim_TriLep_DYJets10to50.root
2025-10-02 21:12:01,284 - INFO - [2017] MISSING_FILE: /data9/Users/choij/Sync/workspace/ChargedHiggsAnalysisV3/SKNanoOutput/CRPromptSelector/Run1E2Mu_RunSyst/2017/Skim_TriLep_WZTo3LNu_amcatnlo.root
2025-10-02 21:12:01,297 - INFO - [2017] MISSING_CENTRAL: ZG1E2Mu/Central/ZCand/phi in Skim_TriLep_WWZ.root
2025-10-02 23:59:00,892 - INFO - [2017] MISSING_CENTRAL: ZG1E2Mu/Central/ZCand/phi in Skim_TriLep_DYJets10to50.root
2025-10-02 23:59:00,898 - INFO - [2017] MISSING_SYSTEMATIC: ZG1E2Mu/JetEn_Up/ZCand/phi in Skim_TriLep_TTG.root
2025-10-02 23:59:00,898 - INFO - [2017] MISSING_SYSTEMATIC: ZG1E2Mu/UnclusteredEn_Down/ZCand/phi in Skim_TriLep_TTG.root
2025-10-02 23:59:00,916 - INFO - [2017] MISSING_FILE: /Users/choij/Sync/workspace/ChargedHiggsAnalysisV3/SKNanoOutput/CRPromptSelector/Run1E2Mu_RunSyst/2017/Skim_TriLep_WZTo3LNu_amcatnlo.root
2025-10-02 23:59:00,938 - INFO - [2017] MISSING_CENTRAL: ZG1E2Mu/Central/ZCand/phi in Skim_TriLep_WWZ.root
2025-10-02 23:59:09,061 - INFO - [2017] MISSING_CENTRAL: ZG1E2Mu/Central/ZCand/phi in Skim_TriLep_DYJets10to50.root
2025-10-02 23:59:09,063 - INFO - [2017] MISSING_FILE: /Users/choij/Sync/workspace/ChargedHiggsAnalysisV3/SKNanoOutput/CRPromptSelector/Run1E2Mu_RunSyst/2017/Skim_TriLep_WZTo3LNu_amcatnlo.root
2025-10-02 23:59:09,065 - INFO - [2017] MISSING_CENTRAL: ZG1E2Mu/Central/ZCand/phi in Skim_TriLep_WWZ.root
2025-11-07 13:29:44,609 - INFO - [2017] MISSING_CENTRAL: ZG1E2Mu/Central/ZCand/phi in Skim_TriLep_DYJets10to50.root
2025-11-07 13:29:44,614 - INFO - [2017] MISSING_SYSTEMATIC: ZG1E2Mu/JetEn_Up/ZCand/phi in Skim_TriLep_TTG.root
2025-11-07 13:29:44,615 - INFO - [2017] MISSING_SYSTEMATIC: ZG1E2Mu/UnclusteredEn_Down/ZCand/phi in Skim_TriLep_TTG.root
2025-11-07 13:29:44,630 - INFO - [2017] MISSING_FILE: /home/choij/Sync/workspace/ChargedHiggsAnalysisV3/SKNanoOutput/CRPromptSelector/Run1E2Mu_RunSyst/2017/Skim_TriLep_WZTo3LNu_amcatnlo.root
2025-11-07 13:29:44,645 - INFO - [2017] MISSING_CENTRAL: ZG1E2Mu/Central/ZCand/phi in Skim_TriLep_WWZ.root
2025-11-07 13:29:49,652 - INFO - [2017] MISSING_CENTRAL: ZG1E2Mu/Central/ZCand/phi in Skim_TriLep_DYJets10to50.root
2025-11-07 13:29:49,654 - INFO - [2017] MISSING_FILE: /home/choij/Sync/workspace/ChargedHiggsAnalysisV3/SKNanoOutput/CRPromptSelector/Run1E2Mu_RunSyst/2017/Skim_TriLep_WZTo3LNu_amcatnlo.root
2025-11-07 13:29:49,658 - INFO - [2017] MISSING_CENTRAL: ZG1E2Mu/Central/ZCand/phi in Skim_TriLep_WWZ.root
2025-11-07 14:02:29,961 - INFO - [2017] MISSING_CENTRAL: ZG1E2Mu/Central/ZCand/phi in Skim_TriLep_DYJets10to50.root
2025-11-07 14:02:29,966 - INFO - [2017] MISSING_SYSTEMATIC: ZG1E2Mu/JetEn_Up/ZCand/phi in Skim_TriLep_TTG.root
2025-11-07 14:02:29,967 - INFO - [2017] MISSING_SYSTEMATIC: ZG1E2Mu/UnclusteredEn_Down/ZCand/phi in Skim_TriLep_TTG.root
2025-11-07 14:02:29,983 - INFO - [2017] MISSING_FILE: /home/choij/Sync/workspace/ChargedHiggsAnalysisV3/SKNanoOutput/CRPromptSelector/Run1E2Mu_RunSyst/2017/Skim_TriLep_WZTo3LNu_amcatnlo.root
2025-11-07 14:02:29,998 - INFO - [2017] MISSING_CENTRAL: ZG1E2Mu/Central/ZCand/phi in Skim_TriLep_WWZ.root
2025-11-07 14:02:34,909 - INFO - [2017] MISSING_CENTRAL: ZG1E2Mu/Central/ZCand/phi in Skim_TriLep_DYJets10to50.root
2025-11-07 14:02:34,911 - INFO - [2017] MISSING_FILE: /home/choij/Sync/workspace/ChargedHiggsAnalysisV3/SKNanoOutput/CRPromptSelector/Run1E2Mu_RunSyst/2017/Skim_TriLep_WZTo3LNu_amcatnlo.root
2025-11-07 14:02:34,916 - INFO - [2017] MISSING_CENTRAL: ZG1E2Mu/Central/ZCand/phi in Skim_TriLep_WWZ.root
2025-11-10 05:52:55,210 - INFO - [2017] MISSING_CENTRAL: ZG1E2Mu/Central/ZCand/phi in Skim_TriLep_DYJets10to50.root
2025-11-10 05:52:55,216 - INFO - [2017] MISSING_SYSTEMATIC: ZG1E2Mu/JetEn_Up/ZCand/phi in Skim_TriLep_TTG.root
2025-11-10 05:52:55,216 - INFO - [2017] MISSING_SYSTEMATIC: ZG1E2Mu/UnclusteredEn_Down/ZCand/phi in Skim_TriLep_TTG.root
2025-11-10 05:52:55,232 - INFO - [2017] MISSING_FILE: /home/choij/Sync/workspace/ChargedHiggsAnalysisV3/SKNanoOutput/CRPromptSelector/Run1E2Mu_RunSyst/2017/Skim_TriLep_WZTo3LNu_amcatnlo.root
2025-11-10 05:52:55,248 - INFO - [2017] MISSING_CENTRAL: ZG1E2Mu/Central/ZCand/phi in Skim_TriLep_WWZ.root
2025-11-10 05:53:01,674 - INFO - [2017] MISSING_CENTRAL: ZG1E2Mu/Central/ZCand/phi in Skim_TriLep_DYJets10to50.root
2025-11-10 05:53:01,677 - INFO - [2017] MISSING_FILE: /home/choij/Sync/workspace/ChargedHiggsAnalysisV3/SKNanoOutput/CRPromptSelector/Run1E2Mu_RunSyst/2017/Skim_TriLep_WZTo3LNu_amcatnlo.root
2025-11-10 05:53:01,681 - INFO - [2017] MISSING_CENTRAL: ZG1E2Mu/Central/ZCand/phi in Skim_TriLep_WWZ.root
