2025-09-24 15:58:38,566 - INFO - [2022EE] MISSING_CENTRAL: WZ1E2Mu/Central/jets/1/pt in Skim_TriLep_DYJets.root
2025-09-24 15:58:38,579 - INFO - [2022EE] MISSING_CENTRAL: WZ1E2Mu/Central/jets/1/pt in Skim_TriLep_DYJets10to50.root
2025-09-24 15:58:38,579 - INFO - [2022EE] MISSING_CENTRAL: WZ1E2Mu/Central/jets/1/pt in Skim_TriLep_DYGTo2LG_MLL4to50_PTG10to100.root
2025-09-24 15:58:38,579 - INFO - [2022EE] MISSING_CENTRAL: WZ1E2Mu/Central/jets/1/pt in Skim_TriLep_DYGTo2LG_MLL4to50_PTG100to200.root
2025-09-24 15:58:38,579 - INFO - [2022EE] MISSING_CENTRAL: WZ1E2Mu/Central/jets/1/pt in Skim_TriLep_DYGTo2LG_MLL4to50_PTG200toInf.root
2025-09-24 15:58:49,617 - INFO - [2022EE] MISSING_CENTRAL: WZ1E2Mu/Central/jets/1/pt in Skim_TriLep_DYJets.root
2025-09-24 15:58:49,618 - INFO - [2022EE] MISSING_CENTRAL: WZ1E2Mu/Central/jets/1/pt in Skim_TriLep_DYJets10to50.root
2025-09-24 15:58:49,618 - INFO - [2022EE] MISSING_CENTRAL: WZ1E2Mu/Central/jets/1/pt in Skim_TriLep_DYGTo2LG_MLL4to50_PTG10to100.root
2025-09-24 15:58:49,618 - INFO - [2022EE] MISSING_CENTRAL: WZ1E2Mu/Central/jets/1/pt in Skim_TriLep_DYGTo2LG_MLL4to50_PTG100to200.root
2025-09-24 15:58:49,618 - INFO - [2022EE] MISSING_CENTRAL: WZ1E2Mu/Central/jets/1/pt in Skim_TriLep_DYGTo2LG_MLL4to50_PTG200toInf.root
2025-09-24 15:58:49,622 - INFO - [2022EE] MISSING_FILE: /Users/choij/Sync/workspace/ChargedHiggsAnalysisV3/SKNanoOutput/CRPromptSelector/Run1E2Mu_RunNoWZSF_RunSyst/2022EE/Skim_TriLep_ZZTo4L_powheg.root
2025-09-24 15:58:49,624 - INFO - [2022EE] MISSING_FILE: /Users/choij/Sync/workspace/ChargedHiggsAnalysisV3/SKNanoOutput/CRPromptSelector/Run1E2Mu_RunNoWZSF_RunSyst/2022EE/Skim_TriLep_VBFHToZZTo4L.root
2025-09-24 15:58:49,624 - INFO - [2022EE] MISSING_FILE: /Users/choij/Sync/workspace/ChargedHiggsAnalysisV3/SKNanoOutput/CRPromptSelector/Run1E2Mu_RunNoWZSF_RunSyst/2022EE/Skim_TriLep_ggHToZZTo4L.root
2025-10-02 21:18:44,666 - INFO - [2022EE] MISSING_CENTRAL: WZ1E2Mu/Central/jets/1/pt in Skim_TriLep_DYJets.root
2025-10-02 21:18:44,667 - INFO - [2022EE] MISSING_CENTRAL: WZ1E2Mu/Central/jets/1/pt in Skim_TriLep_DYJets10to50.root
2025-10-02 21:18:44,668 - INFO - [2022EE] MISSING_CENTRAL: WZ1E2Mu/Central/jets/1/pt in Skim_TriLep_DYGTo2LG_MLL4to50_PTG10to100.root
2025-10-02 21:18:44,669 - INFO - [2022EE] MISSING_CENTRAL: WZ1E2Mu/Central/jets/1/pt in Skim_TriLep_DYGTo2LG_MLL4to50_PTG100to200.root
2025-10-02 21:18:44,670 - INFO - [2022EE] MISSING_CENTRAL: WZ1E2Mu/Central/jets/1/pt in Skim_TriLep_DYGTo2LG_MLL4to50_PTG200toInf.root
2025-10-02 21:18:51,813 - INFO - [2022EE] MISSING_CENTRAL: WZ1E2Mu/Central/jets/1/pt in Skim_TriLep_DYJets.root
2025-10-02 21:18:51,814 - INFO - [2022EE] MISSING_CENTRAL: WZ1E2Mu/Central/jets/1/pt in Skim_TriLep_DYJets10to50.root
2025-10-02 21:18:51,815 - INFO - [2022EE] MISSING_CENTRAL: WZ1E2Mu/Central/jets/1/pt in Skim_TriLep_DYGTo2LG_MLL4to50_PTG10to100.root
2025-10-02 21:18:51,816 - INFO - [2022EE] MISSING_CENTRAL: WZ1E2Mu/Central/jets/1/pt in Skim_TriLep_DYGTo2LG_MLL4to50_PTG100to200.root
2025-10-02 21:18:51,817 - INFO - [2022EE] MISSING_CENTRAL: WZ1E2Mu/Central/jets/1/pt in Skim_TriLep_DYGTo2LG_MLL4to50_PTG200toInf.root
2025-10-02 21:18:51,832 - INFO - [2022EE] MISSING_FILE: /data9/Users/choij/Sync/workspace/ChargedHiggsAnalysisV3/SKNanoOutput/CRPromptSelector/Run1E2Mu_RunNoWZSF_RunSyst/2022EE/Skim_TriLep_ZZTo4L_powheg.root
2025-10-02 21:18:51,840 - INFO - [2022EE] MISSING_FILE: /data9/Users/choij/Sync/workspace/ChargedHiggsAnalysisV3/SKNanoOutput/CRPromptSelector/Run1E2Mu_RunNoWZSF_RunSyst/2022EE/Skim_TriLep_VBFHToZZTo4L.root
2025-10-02 21:18:51,840 - INFO - [2022EE] MISSING_FILE: /data9/Users/choij/Sync/workspace/ChargedHiggsAnalysisV3/SKNanoOutput/CRPromptSelector/Run1E2Mu_RunNoWZSF_RunSyst/2022EE/Skim_TriLep_ggHToZZTo4L.root
2025-10-03 00:26:35,188 - INFO - [2022EE] MISSING_CENTRAL: WZ1E2Mu/Central/jets/1/pt in Skim_TriLep_DYJets.root
2025-10-03 00:26:35,189 - INFO - [2022EE] MISSING_CENTRAL: WZ1E2Mu/Central/jets/1/pt in Skim_TriLep_DYJets10to50.root
2025-10-03 00:26:35,189 - INFO - [2022EE] MISSING_CENTRAL: WZ1E2Mu/Central/jets/1/pt in Skim_TriLep_DYGTo2LG_MLL4to50_PTG10to100.root
2025-10-03 00:26:35,190 - INFO - [2022EE] MISSING_CENTRAL: WZ1E2Mu/Central/jets/1/pt in Skim_TriLep_DYGTo2LG_MLL4to50_PTG100to200.root
2025-10-03 00:26:35,190 - INFO - [2022EE] MISSING_CENTRAL: WZ1E2Mu/Central/jets/1/pt in Skim_TriLep_DYGTo2LG_MLL4to50_PTG200toInf.root
2025-10-03 00:26:46,144 - INFO - [2022EE] MISSING_CENTRAL: WZ1E2Mu/Central/jets/1/pt in Skim_TriLep_DYJets.root
2025-10-03 00:26:46,144 - INFO - [2022EE] MISSING_CENTRAL: WZ1E2Mu/Central/jets/1/pt in Skim_TriLep_DYJets10to50.root
2025-10-03 00:26:46,145 - INFO - [2022EE] MISSING_CENTRAL: WZ1E2Mu/Central/jets/1/pt in Skim_TriLep_DYGTo2LG_MLL4to50_PTG10to100.root
2025-10-03 00:26:46,145 - INFO - [2022EE] MISSING_CENTRAL: WZ1E2Mu/Central/jets/1/pt in Skim_TriLep_DYGTo2LG_MLL4to50_PTG100to200.root
2025-10-03 00:26:46,145 - INFO - [2022EE] MISSING_CENTRAL: WZ1E2Mu/Central/jets/1/pt in Skim_TriLep_DYGTo2LG_MLL4to50_PTG200toInf.root
2025-10-03 00:26:46,160 - INFO - [2022EE] MISSING_FILE: /Users/choij/Sync/workspace/ChargedHiggsAnalysisV3/SKNanoOutput/CRPromptSelector/Run1E2Mu_RunNoWZSF_RunSyst/2022EE/Skim_TriLep_ZZTo4L_powheg.root
2025-10-03 00:26:46,163 - INFO - [2022EE] MISSING_FILE: /Users/choij/Sync/workspace/ChargedHiggsAnalysisV3/SKNanoOutput/CRPromptSelector/Run1E2Mu_RunNoWZSF_RunSyst/2022EE/Skim_TriLep_VBFHToZZTo4L.root
2025-10-03 00:26:46,163 - INFO - [2022EE] MISSING_FILE: /Users/choij/Sync/workspace/ChargedHiggsAnalysisV3/SKNanoOutput/CRPromptSelector/Run1E2Mu_RunNoWZSF_RunSyst/2022EE/Skim_TriLep_ggHToZZTo4L.root
2025-11-07 13:10:39,500 - INFO - [2022EE] MISSING_CENTRAL: WZ1E2Mu/Central/jets/1/pt in Skim_TriLep_DYJets.root
2025-11-07 13:10:39,500 - INFO - [2022EE] MISSING_CENTRAL: WZ1E2Mu/Central/jets/1/pt in Skim_TriLep_DYJets10to50.root
2025-11-07 13:10:39,501 - INFO - [2022EE] MISSING_CENTRAL: WZ1E2Mu/Central/jets/1/pt in Skim_TriLep_DYGTo2LG_MLL4to50_PTG10to100.root
2025-11-07 13:10:39,501 - INFO - [2022EE] MISSING_CENTRAL: WZ1E2Mu/Central/jets/1/pt in Skim_TriLep_DYGTo2LG_MLL4to50_PTG100to200.root
2025-11-07 13:10:39,502 - INFO - [2022EE] MISSING_CENTRAL: WZ1E2Mu/Central/jets/1/pt in Skim_TriLep_DYGTo2LG_MLL4to50_PTG200toInf.root
2025-11-07 13:10:44,630 - INFO - [2022EE] MISSING_CENTRAL: WZ1E2Mu/Central/jets/1/pt in Skim_TriLep_DYJets.root
2025-11-07 13:10:44,631 - INFO - [2022EE] MISSING_CENTRAL: WZ1E2Mu/Central/jets/1/pt in Skim_TriLep_DYJets10to50.root
2025-11-07 13:10:44,631 - INFO - [2022EE] MISSING_CENTRAL: WZ1E2Mu/Central/jets/1/pt in Skim_TriLep_DYGTo2LG_MLL4to50_PTG10to100.root
2025-11-07 13:10:44,632 - INFO - [2022EE] MISSING_CENTRAL: WZ1E2Mu/Central/jets/1/pt in Skim_TriLep_DYGTo2LG_MLL4to50_PTG100to200.root
2025-11-07 13:10:44,632 - INFO - [2022EE] MISSING_CENTRAL: WZ1E2Mu/Central/jets/1/pt in Skim_TriLep_DYGTo2LG_MLL4to50_PTG200toInf.root
2025-11-07 13:10:44,638 - INFO - [2022EE] MISSING_FILE: /home/choij/Sync/workspace/ChargedHiggsAnalysisV3/SKNanoOutput/CRPromptSelector/Run1E2Mu_RunNoWZSF_RunSyst/2022EE/Skim_TriLep_ZZTo4L_powheg.root
2025-11-07 13:10:44,642 - INFO - [2022EE] MISSING_FILE: /home/choij/Sync/workspace/ChargedHiggsAnalysisV3/SKNanoOutput/CRPromptSelector/Run1E2Mu_RunNoWZSF_RunSyst/2022EE/Skim_TriLep_VBFHToZZTo4L.root
2025-11-07 13:10:44,642 - INFO - [2022EE] MISSING_FILE: /home/choij/Sync/workspace/ChargedHiggsAnalysisV3/SKNanoOutput/CRPromptSelector/Run1E2Mu_RunNoWZSF_RunSyst/2022EE/Skim_TriLep_ggHToZZTo4L.root
2025-11-07 14:08:17,456 - INFO - [2022EE] MISSING_CENTRAL: WZ1E2Mu/Central/jets/1/pt in Skim_TriLep_DYJets.root
2025-11-07 14:08:17,457 - INFO - [2022EE] MISSING_CENTRAL: WZ1E2Mu/Central/jets/1/pt in Skim_TriLep_DYJets10to50.root
2025-11-07 14:08:17,457 - INFO - [2022EE] MISSING_CENTRAL: WZ1E2Mu/Central/jets/1/pt in Skim_TriLep_DYGTo2LG_MLL4to50_PTG10to100.root
2025-11-07 14:08:17,458 - INFO - [2022EE] MISSING_CENTRAL: WZ1E2Mu/Central/jets/1/pt in Skim_TriLep_DYGTo2LG_MLL4to50_PTG100to200.root
2025-11-07 14:08:17,458 - INFO - [2022EE] MISSING_CENTRAL: WZ1E2Mu/Central/jets/1/pt in Skim_TriLep_DYGTo2LG_MLL4to50_PTG200toInf.root
2025-11-07 14:08:22,451 - INFO - [2022EE] MISSING_CENTRAL: WZ1E2Mu/Central/jets/1/pt in Skim_TriLep_DYJets.root
2025-11-07 14:08:22,452 - INFO - [2022EE] MISSING_CENTRAL: WZ1E2Mu/Central/jets/1/pt in Skim_TriLep_DYJets10to50.root
2025-11-07 14:08:22,452 - INFO - [2022EE] MISSING_CENTRAL: WZ1E2Mu/Central/jets/1/pt in Skim_TriLep_DYGTo2LG_MLL4to50_PTG10to100.root
2025-11-07 14:08:22,453 - INFO - [2022EE] MISSING_CENTRAL: WZ1E2Mu/Central/jets/1/pt in Skim_TriLep_DYGTo2LG_MLL4to50_PTG100to200.root
2025-11-07 14:08:22,453 - INFO - [2022EE] MISSING_CENTRAL: WZ1E2Mu/Central/jets/1/pt in Skim_TriLep_DYGTo2LG_MLL4to50_PTG200toInf.root
2025-11-07 14:08:22,459 - INFO - [2022EE] MISSING_FILE: /home/choij/Sync/workspace/ChargedHiggsAnalysisV3/SKNanoOutput/CRPromptSelector/Run1E2Mu_RunNoWZSF_RunSyst/2022EE/Skim_TriLep_ZZTo4L_powheg.root
2025-11-07 14:08:22,463 - INFO - [2022EE] MISSING_FILE: /home/choij/Sync/workspace/ChargedHiggsAnalysisV3/SKNanoOutput/CRPromptSelector/Run1E2Mu_RunNoWZSF_RunSyst/2022EE/Skim_TriLep_VBFHToZZTo4L.root
2025-11-07 14:08:22,463 - INFO - [2022EE] MISSING_FILE: /home/choij/Sync/workspace/ChargedHiggsAnalysisV3/SKNanoOutput/CRPromptSelector/Run1E2Mu_RunNoWZSF_RunSyst/2022EE/Skim_TriLep_ggHToZZTo4L.root
2025-11-10 12:23:49,720 - INFO - [2022EE] MISSING_CENTRAL: WZ1E2Mu/Central/jets/1/pt in Skim_TriLep_DYJets.root
2025-11-10 12:23:49,720 - INFO - [2022EE] MISSING_CENTRAL: WZ1E2Mu/Central/jets/1/pt in Skim_TriLep_DYJets10to50.root
2025-11-10 12:23:49,721 - INFO - [2022EE] MISSING_CENTRAL: WZ1E2Mu/Central/jets/1/pt in Skim_TriLep_DYGTo2LG_MLL4to50_PTG10to100.root
2025-11-10 12:23:49,721 - INFO - [2022EE] MISSING_CENTRAL: WZ1E2Mu/Central/jets/1/pt in Skim_TriLep_DYGTo2LG_MLL4to50_PTG100to200.root
2025-11-10 12:23:49,721 - INFO - [2022EE] MISSING_CENTRAL: WZ1E2Mu/Central/jets/1/pt in Skim_TriLep_DYGTo2LG_MLL4to50_PTG200toInf.root
2025-11-10 12:23:54,971 - INFO - [2022EE] MISSING_CENTRAL: WZ1E2Mu/Central/jets/1/pt in Skim_TriLep_DYJets.root
2025-11-10 12:23:54,972 - INFO - [2022EE] MISSING_CENTRAL: WZ1E2Mu/Central/jets/1/pt in Skim_TriLep_DYJets10to50.root
2025-11-10 12:23:54,972 - INFO - [2022EE] MISSING_CENTRAL: WZ1E2Mu/Central/jets/1/pt in Skim_TriLep_DYGTo2LG_MLL4to50_PTG10to100.root
2025-11-10 12:23:54,973 - INFO - [2022EE] MISSING_CENTRAL: WZ1E2Mu/Central/jets/1/pt in Skim_TriLep_DYGTo2LG_MLL4to50_PTG100to200.root
2025-11-10 12:23:54,974 - INFO - [2022EE] MISSING_CENTRAL: WZ1E2Mu/Central/jets/1/pt in Skim_TriLep_DYGTo2LG_MLL4to50_PTG200toInf.root
2025-11-10 12:23:54,980 - INFO - [2022EE] MISSING_FILE: /home/choij/Sync/workspace/ChargedHiggsAnalysisV3/SKNanoOutput/CRPromptSelector/Run1E2Mu_RunNoWZSF_RunSyst/2022EE/Skim_TriLep_ZZTo4L_powheg.root
2025-11-10 12:23:54,984 - INFO - [2022EE] MISSING_FILE: /home/choij/Sync/workspace/ChargedHiggsAnalysisV3/SKNanoOutput/CRPromptSelector/Run1E2Mu_RunNoWZSF_RunSyst/2022EE/Skim_TriLep_VBFHToZZTo4L.root
2025-11-10 12:23:54,984 - INFO - [2022EE] MISSING_FILE: /home/choij/Sync/workspace/ChargedHiggsAnalysisV3/SKNanoOutput/CRPromptSelector/Run1E2Mu_RunNoWZSF_RunSyst/2022EE/Skim_TriLep_ggHToZZTo4L.root
2025-11-13 11:13:39,525 - INFO - [2022EE] MISSING_CENTRAL: WZ1E2Mu/Central/jets/1/pt in Skim_TriLep_DYJets.root
2025-11-13 11:13:39,526 - INFO - [2022EE] MISSING_CENTRAL: WZ1E2Mu/Central/jets/1/pt in Skim_TriLep_DYJets10to50.root
2025-11-13 11:13:39,526 - INFO - [2022EE] MISSING_CENTRAL: WZ1E2Mu/Central/jets/1/pt in Skim_TriLep_DYGTo2LG_MLL4to50_PTG10to100.root
2025-11-13 11:13:39,527 - INFO - [2022EE] MISSING_CENTRAL: WZ1E2Mu/Central/jets/1/pt in Skim_TriLep_DYGTo2LG_MLL4to50_PTG100to200.root
2025-11-13 11:13:39,528 - INFO - [2022EE] MISSING_CENTRAL: WZ1E2Mu/Central/jets/1/pt in Skim_TriLep_DYGTo2LG_MLL4to50_PTG200toInf.root
2025-11-13 11:13:44,765 - INFO - [2022EE] MISSING_CENTRAL: WZ1E2Mu/Central/jets/1/pt in Skim_TriLep_DYJets.root
2025-11-13 11:13:44,766 - INFO - [2022EE] MISSING_CENTRAL: WZ1E2Mu/Central/jets/1/pt in Skim_TriLep_DYJets10to50.root
2025-11-13 11:13:44,767 - INFO - [2022EE] MISSING_CENTRAL: WZ1E2Mu/Central/jets/1/pt in Skim_TriLep_DYGTo2LG_MLL4to50_PTG10to100.root
2025-11-13 11:13:44,768 - INFO - [2022EE] MISSING_CENTRAL: WZ1E2Mu/Central/jets/1/pt in Skim_TriLep_DYGTo2LG_MLL4to50_PTG100to200.root
2025-11-13 11:13:44,770 - INFO - [2022EE] MISSING_CENTRAL: WZ1E2Mu/Central/jets/1/pt in Skim_TriLep_DYGTo2LG_MLL4to50_PTG200toInf.root
2025-11-13 11:13:44,785 - INFO - [2022EE] MISSING_FILE: /data9/Users/choij/Sync/workspace/ChargedHiggsAnalysisV3/SKNanoOutput/CRPromptSelector/Run1E2Mu_RunNoWZSF_RunSyst/2022EE/Skim_TriLep_ZZTo4L_powheg.root
2025-11-13 11:13:44,796 - INFO - [2022EE] MISSING_FILE: /data9/Users/choij/Sync/workspace/ChargedHiggsAnalysisV3/SKNanoOutput/CRPromptSelector/Run1E2Mu_RunNoWZSF_RunSyst/2022EE/Skim_TriLep_VBFHToZZTo4L.root
2025-11-13 11:13:44,796 - INFO - [2022EE] MISSING_FILE: /data9/Users/choij/Sync/workspace/ChargedHiggsAnalysisV3/SKNanoOutput/CRPromptSelector/Run1E2Mu_RunNoWZSF_RunSyst/2022EE/Skim_TriLep_ggHToZZTo4L.root
