2025-09-24 15:58:38,043 - INFO - [2022EE] MISSING_CENTRAL: WZ1E2Mu/Central/jets/1/eta in Skim_TriLep_DYJets.root
2025-09-24 15:58:38,043 - INFO - [2022EE] MISSING_CENTRAL: WZ1E2Mu/Central/jets/1/eta in Skim_TriLep_DYJets10to50.root
2025-09-24 15:58:38,044 - INFO - [2022EE] MISSING_CENTRAL: WZ1E2Mu/Central/jets/1/eta in Skim_TriLep_DYGTo2LG_MLL4to50_PTG10to100.root
2025-09-24 15:58:38,044 - INFO - [2022EE] MISSING_CENTRAL: WZ1E2Mu/Central/jets/1/eta in Skim_TriLep_DYGTo2LG_MLL4to50_PTG100to200.root
2025-09-24 15:58:38,044 - INFO - [2022EE] MISSING_CENTRAL: WZ1E2Mu/Central/jets/1/eta in Skim_TriLep_DYGTo2LG_MLL4to50_PTG200toInf.root
2025-09-24 15:58:49,395 - INFO - [2022EE] MISSING_CENTRAL: WZ1E2Mu/Central/jets/1/eta in Skim_TriLep_DYJets.root
2025-09-24 15:58:49,396 - INFO - [2022EE] MISSING_CENTRAL: WZ1E2Mu/Central/jets/1/eta in Skim_TriLep_DYJets10to50.root
2025-09-24 15:58:49,396 - INFO - [2022EE] MISSING_CENTRAL: WZ1E2Mu/Central/jets/1/eta in Skim_TriLep_DYGTo2LG_MLL4to50_PTG10to100.root
2025-09-24 15:58:49,396 - INFO - [2022EE] MISSING_CENTRAL: WZ1E2Mu/Central/jets/1/eta in Skim_TriLep_DYGTo2LG_MLL4to50_PTG100to200.root
2025-09-24 15:58:49,396 - INFO - [2022EE] MISSING_CENTRAL: WZ1E2Mu/Central/jets/1/eta in Skim_TriLep_DYGTo2LG_MLL4to50_PTG200toInf.root
2025-09-24 15:58:49,400 - INFO - [2022EE] MISSING_FILE: /Users/choij/Sync/workspace/ChargedHiggsAnalysisV3/SKNanoOutput/CRPromptSelector/Run1E2Mu_RunNoWZSF_RunSyst/2022EE/Skim_TriLep_ZZTo4L_powheg.root
2025-09-24 15:58:49,402 - INFO - [2022EE] MISSING_FILE: /Users/choij/Sync/workspace/ChargedHiggsAnalysisV3/SKNanoOutput/CRPromptSelector/Run1E2Mu_RunNoWZSF_RunSyst/2022EE/Skim_TriLep_VBFHToZZTo4L.root
2025-09-24 15:58:49,402 - INFO - [2022EE] MISSING_FILE: /Users/choij/Sync/workspace/ChargedHiggsAnalysisV3/SKNanoOutput/CRPromptSelector/Run1E2Mu_RunNoWZSF_RunSyst/2022EE/Skim_TriLep_ggHToZZTo4L.root
2025-10-02 21:18:45,819 - INFO - [2022EE] MISSING_CENTRAL: WZ1E2Mu/Central/jets/1/eta in Skim_TriLep_DYJets.root
2025-10-02 21:18:45,820 - INFO - [2022EE] MISSING_CENTRAL: WZ1E2Mu/Central/jets/1/eta in Skim_TriLep_DYJets10to50.root
2025-10-02 21:18:45,821 - INFO - [2022EE] MISSING_CENTRAL: WZ1E2Mu/Central/jets/1/eta in Skim_TriLep_DYGTo2LG_MLL4to50_PTG10to100.root
2025-10-02 21:18:45,822 - INFO - [2022EE] MISSING_CENTRAL: WZ1E2Mu/Central/jets/1/eta in Skim_TriLep_DYGTo2LG_MLL4to50_PTG100to200.root
2025-10-02 21:18:45,823 - INFO - [2022EE] MISSING_CENTRAL: WZ1E2Mu/Central/jets/1/eta in Skim_TriLep_DYGTo2LG_MLL4to50_PTG200toInf.root
2025-10-02 21:18:51,581 - INFO - [2022EE] MISSING_CENTRAL: WZ1E2Mu/Central/jets/1/eta in Skim_TriLep_DYJets.root
2025-10-02 21:18:51,584 - INFO - [2022EE] MISSING_CENTRAL: WZ1E2Mu/Central/jets/1/eta in Skim_TriLep_DYJets10to50.root
2025-10-02 21:18:51,586 - INFO - [2022EE] MISSING_CENTRAL: WZ1E2Mu/Central/jets/1/eta in Skim_TriLep_DYGTo2LG_MLL4to50_PTG10to100.root
2025-10-02 21:18:51,590 - INFO - [2022EE] MISSING_CENTRAL: WZ1E2Mu/Central/jets/1/eta in Skim_TriLep_DYGTo2LG_MLL4to50_PTG100to200.root
2025-10-02 21:18:51,591 - INFO - [2022EE] MISSING_CENTRAL: WZ1E2Mu/Central/jets/1/eta in Skim_TriLep_DYGTo2LG_MLL4to50_PTG200toInf.root
2025-10-02 21:18:51,618 - INFO - [2022EE] MISSING_FILE: /data9/Users/choij/Sync/workspace/ChargedHiggsAnalysisV3/SKNanoOutput/CRPromptSelector/Run1E2Mu_RunNoWZSF_RunSyst/2022EE/Skim_TriLep_ZZTo4L_powheg.root
2025-10-02 21:18:51,630 - INFO - [2022EE] MISSING_FILE: /data9/Users/choij/Sync/workspace/ChargedHiggsAnalysisV3/SKNanoOutput/CRPromptSelector/Run1E2Mu_RunNoWZSF_RunSyst/2022EE/Skim_TriLep_VBFHToZZTo4L.root
2025-10-02 21:18:51,630 - INFO - [2022EE] MISSING_FILE: /data9/Users/choij/Sync/workspace/ChargedHiggsAnalysisV3/SKNanoOutput/CRPromptSelector/Run1E2Mu_RunNoWZSF_RunSyst/2022EE/Skim_TriLep_ggHToZZTo4L.root
2025-10-03 00:26:35,279 - INFO - [2022EE] MISSING_CENTRAL: WZ1E2Mu/Central/jets/1/eta in Skim_TriLep_DYJets.root
2025-10-03 00:26:35,279 - INFO - [2022EE] MISSING_CENTRAL: WZ1E2Mu/Central/jets/1/eta in Skim_TriLep_DYJets10to50.root
2025-10-03 00:26:35,280 - INFO - [2022EE] MISSING_CENTRAL: WZ1E2Mu/Central/jets/1/eta in Skim_TriLep_DYGTo2LG_MLL4to50_PTG10to100.root
2025-10-03 00:26:35,280 - INFO - [2022EE] MISSING_CENTRAL: WZ1E2Mu/Central/jets/1/eta in Skim_TriLep_DYGTo2LG_MLL4to50_PTG100to200.root
2025-10-03 00:26:35,281 - INFO - [2022EE] MISSING_CENTRAL: WZ1E2Mu/Central/jets/1/eta in Skim_TriLep_DYGTo2LG_MLL4to50_PTG200toInf.root
2025-10-03 00:26:46,273 - INFO - [2022EE] MISSING_CENTRAL: WZ1E2Mu/Central/jets/1/eta in Skim_TriLep_DYJets.root
2025-10-03 00:26:46,274 - INFO - [2022EE] MISSING_CENTRAL: WZ1E2Mu/Central/jets/1/eta in Skim_TriLep_DYJets10to50.root
2025-10-03 00:26:46,274 - INFO - [2022EE] MISSING_CENTRAL: WZ1E2Mu/Central/jets/1/eta in Skim_TriLep_DYGTo2LG_MLL4to50_PTG10to100.root
2025-10-03 00:26:46,275 - INFO - [2022EE] MISSING_CENTRAL: WZ1E2Mu/Central/jets/1/eta in Skim_TriLep_DYGTo2LG_MLL4to50_PTG100to200.root
2025-10-03 00:26:46,276 - INFO - [2022EE] MISSING_CENTRAL: WZ1E2Mu/Central/jets/1/eta in Skim_TriLep_DYGTo2LG_MLL4to50_PTG200toInf.root
2025-10-03 00:26:46,284 - INFO - [2022EE] MISSING_FILE: /Users/choij/Sync/workspace/ChargedHiggsAnalysisV3/SKNanoOutput/CRPromptSelector/Run1E2Mu_RunNoWZSF_RunSyst/2022EE/Skim_TriLep_ZZTo4L_powheg.root
2025-10-03 00:26:46,287 - INFO - [2022EE] MISSING_FILE: /Users/choij/Sync/workspace/ChargedHiggsAnalysisV3/SKNanoOutput/CRPromptSelector/Run1E2Mu_RunNoWZSF_RunSyst/2022EE/Skim_TriLep_VBFHToZZTo4L.root
2025-10-03 00:26:46,287 - INFO - [2022EE] MISSING_FILE: /Users/choij/Sync/workspace/ChargedHiggsAnalysisV3/SKNanoOutput/CRPromptSelector/Run1E2Mu_RunNoWZSF_RunSyst/2022EE/Skim_TriLep_ggHToZZTo4L.root
