2025-09-24 15:58:36,136 - INFO - [2022EE] MISSING_CENTRAL: WZ1E2Mu/Central/muons/1/phi in Skim_TriLep_DYJets10to50.root
2025-09-24 15:58:36,136 - INFO - [2022EE] MISSING_CENTRAL: WZ1E2Mu/Central/muons/1/phi in Skim_TriLep_DYGTo2LG_MLL4to50_PTG10to100.root
2025-09-24 15:58:36,136 - INFO - [2022EE] MISSING_CENTRAL: WZ1E2Mu/Central/muons/1/phi in Skim_TriLep_DYGTo2LG_MLL4to50_PTG100to200.root
2025-09-24 15:58:36,136 - INFO - [2022EE] MISSING_CENTRAL: WZ1E2Mu/Central/muons/1/phi in Skim_TriLep_DYGTo2LG_MLL4to50_PTG200toInf.root
2025-09-24 15:58:47,002 - INFO - [2022EE] MISSING_CENTRAL: WZ1E2Mu/Central/muons/1/phi in Skim_TriLep_DYJets10to50.root
2025-09-24 15:58:47,003 - INFO - [2022EE] MISSING_CENTRAL: WZ1E2Mu/Central/muons/1/phi in Skim_TriLep_DYGTo2LG_MLL4to50_PTG10to100.root
2025-09-24 15:58:47,003 - INFO - [2022EE] MISSING_CENTRAL: WZ1E2Mu/Central/muons/1/phi in Skim_TriLep_DYGTo2LG_MLL4to50_PTG100to200.root
2025-09-24 15:58:47,003 - INFO - [2022EE] MISSING_CENTRAL: WZ1E2Mu/Central/muons/1/phi in Skim_TriLep_DYGTo2LG_MLL4to50_PTG200toInf.root
2025-09-24 15:58:47,012 - INFO - [2022EE] MISSING_FILE: /Users/choij/Sync/workspace/ChargedHiggsAnalysisV3/SKNanoOutput/CRPromptSelector/Run1E2Mu_RunNoWZSF_RunSyst/2022EE/Skim_TriLep_ZZTo4L_powheg.root
2025-09-24 15:58:47,014 - INFO - [2022EE] MISSING_FILE: /Users/choij/Sync/workspace/ChargedHiggsAnalysisV3/SKNanoOutput/CRPromptSelector/Run1E2Mu_RunNoWZSF_RunSyst/2022EE/Skim_TriLep_VBFHToZZTo4L.root
2025-09-24 15:58:47,014 - INFO - [2022EE] MISSING_FILE: /Users/choij/Sync/workspace/ChargedHiggsAnalysisV3/SKNanoOutput/CRPromptSelector/Run1E2Mu_RunNoWZSF_RunSyst/2022EE/Skim_TriLep_ggHToZZTo4L.root
2025-10-02 21:18:45,875 - INFO - [2022EE] MISSING_CENTRAL: WZ1E2Mu/Central/muons/1/phi in Skim_TriLep_DYJets10to50.root
2025-10-02 21:18:45,877 - INFO - [2022EE] MISSING_CENTRAL: WZ1E2Mu/Central/muons/1/phi in Skim_TriLep_DYGTo2LG_MLL4to50_PTG10to100.root
2025-10-02 21:18:45,877 - INFO - [2022EE] MISSING_CENTRAL: WZ1E2Mu/Central/muons/1/phi in Skim_TriLep_DYGTo2LG_MLL4to50_PTG100to200.root
2025-10-02 21:18:45,878 - INFO - [2022EE] MISSING_CENTRAL: WZ1E2Mu/Central/muons/1/phi in Skim_TriLep_DYGTo2LG_MLL4to50_PTG200toInf.root
2025-10-02 21:18:51,636 - INFO - [2022EE] MISSING_CENTRAL: WZ1E2Mu/Central/muons/1/phi in Skim_TriLep_DYJets10to50.root
2025-10-02 21:18:51,638 - INFO - [2022EE] MISSING_CENTRAL: WZ1E2Mu/Central/muons/1/phi in Skim_TriLep_DYGTo2LG_MLL4to50_PTG10to100.root
2025-10-02 21:18:51,639 - INFO - [2022EE] MISSING_CENTRAL: WZ1E2Mu/Central/muons/1/phi in Skim_TriLep_DYGTo2LG_MLL4to50_PTG100to200.root
2025-10-02 21:18:51,644 - INFO - [2022EE] MISSING_CENTRAL: WZ1E2Mu/Central/muons/1/phi in Skim_TriLep_DYGTo2LG_MLL4to50_PTG200toInf.root
2025-10-02 21:18:51,658 - INFO - [2022EE] MISSING_FILE: /data9/Users/choij/Sync/workspace/ChargedHiggsAnalysisV3/SKNanoOutput/CRPromptSelector/Run1E2Mu_RunNoWZSF_RunSyst/2022EE/Skim_TriLep_ZZTo4L_powheg.root
2025-10-02 21:18:51,672 - INFO - [2022EE] MISSING_FILE: /data9/Users/choij/Sync/workspace/ChargedHiggsAnalysisV3/SKNanoOutput/CRPromptSelector/Run1E2Mu_RunNoWZSF_RunSyst/2022EE/Skim_TriLep_VBFHToZZTo4L.root
2025-10-02 21:18:51,672 - INFO - [2022EE] MISSING_FILE: /data9/Users/choij/Sync/workspace/ChargedHiggsAnalysisV3/SKNanoOutput/CRPromptSelector/Run1E2Mu_RunNoWZSF_RunSyst/2022EE/Skim_TriLep_ggHToZZTo4L.root
2025-10-03 00:26:32,186 - INFO - [2022EE] MISSING_CENTRAL: WZ1E2Mu/Central/muons/1/phi in Skim_TriLep_DYJets10to50.root
2025-10-03 00:26:32,186 - INFO - [2022EE] MISSING_CENTRAL: WZ1E2Mu/Central/muons/1/phi in Skim_TriLep_DYGTo2LG_MLL4to50_PTG10to100.root
2025-10-03 00:26:32,187 - INFO - [2022EE] MISSING_CENTRAL: WZ1E2Mu/Central/muons/1/phi in Skim_TriLep_DYGTo2LG_MLL4to50_PTG100to200.root
2025-10-03 00:26:32,187 - INFO - [2022EE] MISSING_CENTRAL: WZ1E2Mu/Central/muons/1/phi in Skim_TriLep_DYGTo2LG_MLL4to50_PTG200toInf.root
2025-10-03 00:26:43,317 - INFO - [2022EE] MISSING_CENTRAL: WZ1E2Mu/Central/muons/1/phi in Skim_TriLep_DYJets10to50.root
2025-10-03 00:26:43,317 - INFO - [2022EE] MISSING_CENTRAL: WZ1E2Mu/Central/muons/1/phi in Skim_TriLep_DYGTo2LG_MLL4to50_PTG10to100.root
2025-10-03 00:26:43,317 - INFO - [2022EE] MISSING_CENTRAL: WZ1E2Mu/Central/muons/1/phi in Skim_TriLep_DYGTo2LG_MLL4to50_PTG100to200.root
2025-10-03 00:26:43,318 - INFO - [2022EE] MISSING_CENTRAL: WZ1E2Mu/Central/muons/1/phi in Skim_TriLep_DYGTo2LG_MLL4to50_PTG200toInf.root
2025-10-03 00:26:43,322 - INFO - [2022EE] MISSING_FILE: /Users/choij/Sync/workspace/ChargedHiggsAnalysisV3/SKNanoOutput/CRPromptSelector/Run1E2Mu_RunNoWZSF_RunSyst/2022EE/Skim_TriLep_ZZTo4L_powheg.root
2025-10-03 00:26:43,325 - INFO - [2022EE] MISSING_FILE: /Users/choij/Sync/workspace/ChargedHiggsAnalysisV3/SKNanoOutput/CRPromptSelector/Run1E2Mu_RunNoWZSF_RunSyst/2022EE/Skim_TriLep_VBFHToZZTo4L.root
2025-10-03 00:26:43,325 - INFO - [2022EE] MISSING_FILE: /Users/choij/Sync/workspace/ChargedHiggsAnalysisV3/SKNanoOutput/CRPromptSelector/Run1E2Mu_RunNoWZSF_RunSyst/2022EE/Skim_TriLep_ggHToZZTo4L.root
2025-11-07 13:10:39,463 - INFO - [2022EE] MISSING_CENTRAL: WZ1E2Mu/Central/muons/1/phi in Skim_TriLep_DYJets10to50.root
2025-11-07 13:10:39,463 - INFO - [2022EE] MISSING_CENTRAL: WZ1E2Mu/Central/muons/1/phi in Skim_TriLep_DYGTo2LG_MLL4to50_PTG10to100.root
2025-11-07 13:10:39,464 - INFO - [2022EE] MISSING_CENTRAL: WZ1E2Mu/Central/muons/1/phi in Skim_TriLep_DYGTo2LG_MLL4to50_PTG100to200.root
2025-11-07 13:10:39,464 - INFO - [2022EE] MISSING_CENTRAL: WZ1E2Mu/Central/muons/1/phi in Skim_TriLep_DYGTo2LG_MLL4to50_PTG200toInf.root
2025-11-07 13:10:44,584 - INFO - [2022EE] MISSING_CENTRAL: WZ1E2Mu/Central/muons/1/phi in Skim_TriLep_DYJets10to50.root
2025-11-07 13:10:44,584 - INFO - [2022EE] MISSING_CENTRAL: WZ1E2Mu/Central/muons/1/phi in Skim_TriLep_DYGTo2LG_MLL4to50_PTG10to100.root
2025-11-07 13:10:44,585 - INFO - [2022EE] MISSING_CENTRAL: WZ1E2Mu/Central/muons/1/phi in Skim_TriLep_DYGTo2LG_MLL4to50_PTG100to200.root
2025-11-07 13:10:44,585 - INFO - [2022EE] MISSING_CENTRAL: WZ1E2Mu/Central/muons/1/phi in Skim_TriLep_DYGTo2LG_MLL4to50_PTG200toInf.root
2025-11-07 13:10:44,592 - INFO - [2022EE] MISSING_FILE: /home/choij/Sync/workspace/ChargedHiggsAnalysisV3/SKNanoOutput/CRPromptSelector/Run1E2Mu_RunNoWZSF_RunSyst/2022EE/Skim_TriLep_ZZTo4L_powheg.root
2025-11-07 13:10:44,595 - INFO - [2022EE] MISSING_FILE: /home/choij/Sync/workspace/ChargedHiggsAnalysisV3/SKNanoOutput/CRPromptSelector/Run1E2Mu_RunNoWZSF_RunSyst/2022EE/Skim_TriLep_VBFHToZZTo4L.root
2025-11-07 13:10:44,595 - INFO - [2022EE] MISSING_FILE: /home/choij/Sync/workspace/ChargedHiggsAnalysisV3/SKNanoOutput/CRPromptSelector/Run1E2Mu_RunNoWZSF_RunSyst/2022EE/Skim_TriLep_ggHToZZTo4L.root
2025-11-07 14:08:17,475 - INFO - [2022EE] MISSING_CENTRAL: WZ1E2Mu/Central/muons/1/phi in Skim_TriLep_DYJets10to50.root
2025-11-07 14:08:17,475 - INFO - [2022EE] MISSING_CENTRAL: WZ1E2Mu/Central/muons/1/phi in Skim_TriLep_DYGTo2LG_MLL4to50_PTG10to100.root
2025-11-07 14:08:17,476 - INFO - [2022EE] MISSING_CENTRAL: WZ1E2Mu/Central/muons/1/phi in Skim_TriLep_DYGTo2LG_MLL4to50_PTG100to200.root
2025-11-07 14:08:17,476 - INFO - [2022EE] MISSING_CENTRAL: WZ1E2Mu/Central/muons/1/phi in Skim_TriLep_DYGTo2LG_MLL4to50_PTG200toInf.root
2025-11-07 14:08:22,421 - INFO - [2022EE] MISSING_CENTRAL: WZ1E2Mu/Central/muons/1/phi in Skim_TriLep_DYJets10to50.root
2025-11-07 14:08:22,422 - INFO - [2022EE] MISSING_CENTRAL: WZ1E2Mu/Central/muons/1/phi in Skim_TriLep_DYGTo2LG_MLL4to50_PTG10to100.root
2025-11-07 14:08:22,422 - INFO - [2022EE] MISSING_CENTRAL: WZ1E2Mu/Central/muons/1/phi in Skim_TriLep_DYGTo2LG_MLL4to50_PTG100to200.root
2025-11-07 14:08:22,423 - INFO - [2022EE] MISSING_CENTRAL: WZ1E2Mu/Central/muons/1/phi in Skim_TriLep_DYGTo2LG_MLL4to50_PTG200toInf.root
2025-11-07 14:08:22,429 - INFO - [2022EE] MISSING_FILE: /home/choij/Sync/workspace/ChargedHiggsAnalysisV3/SKNanoOutput/CRPromptSelector/Run1E2Mu_RunNoWZSF_RunSyst/2022EE/Skim_TriLep_ZZTo4L_powheg.root
2025-11-07 14:08:22,432 - INFO - [2022EE] MISSING_FILE: /home/choij/Sync/workspace/ChargedHiggsAnalysisV3/SKNanoOutput/CRPromptSelector/Run1E2Mu_RunNoWZSF_RunSyst/2022EE/Skim_TriLep_VBFHToZZTo4L.root
2025-11-07 14:08:22,433 - INFO - [2022EE] MISSING_FILE: /home/choij/Sync/workspace/ChargedHiggsAnalysisV3/SKNanoOutput/CRPromptSelector/Run1E2Mu_RunNoWZSF_RunSyst/2022EE/Skim_TriLep_ggHToZZTo4L.root
2025-11-10 12:23:49,720 - INFO - [2022EE] MISSING_CENTRAL: WZ1E2Mu/Central/muons/1/phi in Skim_TriLep_DYJets10to50.root
2025-11-10 12:23:49,720 - INFO - [2022EE] MISSING_CENTRAL: WZ1E2Mu/Central/muons/1/phi in Skim_TriLep_DYGTo2LG_MLL4to50_PTG10to100.root
2025-11-10 12:23:49,721 - INFO - [2022EE] MISSING_CENTRAL: WZ1E2Mu/Central/muons/1/phi in Skim_TriLep_DYGTo2LG_MLL4to50_PTG100to200.root
2025-11-10 12:23:49,721 - INFO - [2022EE] MISSING_CENTRAL: WZ1E2Mu/Central/muons/1/phi in Skim_TriLep_DYGTo2LG_MLL4to50_PTG200toInf.root
2025-11-10 12:23:54,953 - INFO - [2022EE] MISSING_CENTRAL: WZ1E2Mu/Central/muons/1/phi in Skim_TriLep_DYJets10to50.root
2025-11-10 12:23:54,954 - INFO - [2022EE] MISSING_CENTRAL: WZ1E2Mu/Central/muons/1/phi in Skim_TriLep_DYGTo2LG_MLL4to50_PTG10to100.root
2025-11-10 12:23:54,955 - INFO - [2022EE] MISSING_CENTRAL: WZ1E2Mu/Central/muons/1/phi in Skim_TriLep_DYGTo2LG_MLL4to50_PTG100to200.root
2025-11-10 12:23:54,955 - INFO - [2022EE] MISSING_CENTRAL: WZ1E2Mu/Central/muons/1/phi in Skim_TriLep_DYGTo2LG_MLL4to50_PTG200toInf.root
2025-11-10 12:23:54,962 - INFO - [2022EE] MISSING_FILE: /home/choij/Sync/workspace/ChargedHiggsAnalysisV3/SKNanoOutput/CRPromptSelector/Run1E2Mu_RunNoWZSF_RunSyst/2022EE/Skim_TriLep_ZZTo4L_powheg.root
2025-11-10 12:23:54,966 - INFO - [2022EE] MISSING_FILE: /home/choij/Sync/workspace/ChargedHiggsAnalysisV3/SKNanoOutput/CRPromptSelector/Run1E2Mu_RunNoWZSF_RunSyst/2022EE/Skim_TriLep_VBFHToZZTo4L.root
2025-11-10 12:23:54,966 - INFO - [2022EE] MISSING_FILE: /home/choij/Sync/workspace/ChargedHiggsAnalysisV3/SKNanoOutput/CRPromptSelector/Run1E2Mu_RunNoWZSF_RunSyst/2022EE/Skim_TriLep_ggHToZZTo4L.root
