2025-09-24 15:58:43,547 - INFO - [2022EE] MISSING_CENTRAL: WZ1E2Mu/Central/ZCand/eta in Skim_TriLep_DYJets10to50.root
2025-09-24 15:58:43,547 - INFO - [2022EE] MISSING_CENTRAL: WZ1E2Mu/Central/ZCand/eta in Skim_TriLep_DYGTo2LG_MLL4to50_PTG10to100.root
2025-09-24 15:58:43,547 - INFO - [2022EE] MISSING_CENTRAL: WZ1E2Mu/Central/ZCand/eta in Skim_TriLep_DYGTo2LG_MLL4to50_PTG100to200.root
2025-09-24 15:58:43,548 - INFO - [2022EE] MISSING_CENTRAL: WZ1E2Mu/Central/ZCand/eta in Skim_TriLep_DYGTo2LG_MLL4to50_PTG200toInf.root
2025-09-24 15:58:54,208 - INFO - [2022EE] MISSING_CENTRAL: WZ1E2Mu/Central/ZCand/eta in Skim_TriLep_DYJets10to50.root
2025-09-24 15:58:54,208 - INFO - [2022EE] MISSING_CENTRAL: WZ1E2Mu/Central/ZCand/eta in Skim_TriLep_DYGTo2LG_MLL4to50_PTG10to100.root
2025-09-24 15:58:54,208 - INFO - [2022EE] MISSING_CENTRAL: WZ1E2Mu/Central/ZCand/eta in Skim_TriLep_DYGTo2LG_MLL4to50_PTG100to200.root
2025-09-24 15:58:54,208 - INFO - [2022EE] MISSING_CENTRAL: WZ1E2Mu/Central/ZCand/eta in Skim_TriLep_DYGTo2LG_MLL4to50_PTG200toInf.root
2025-09-24 15:58:54,211 - INFO - [2022EE] MISSING_FILE: /Users/choij/Sync/workspace/ChargedHiggsAnalysisV3/SKNanoOutput/CRPromptSelector/Run1E2Mu_RunNoWZSF_RunSyst/2022EE/Skim_TriLep_ZZTo4L_powheg.root
2025-09-24 15:58:54,213 - INFO - [2022EE] MISSING_FILE: /Users/choij/Sync/workspace/ChargedHiggsAnalysisV3/SKNanoOutput/CRPromptSelector/Run1E2Mu_RunNoWZSF_RunSyst/2022EE/Skim_TriLep_VBFHToZZTo4L.root
2025-09-24 15:58:54,213 - INFO - [2022EE] MISSING_FILE: /Users/choij/Sync/workspace/ChargedHiggsAnalysisV3/SKNanoOutput/CRPromptSelector/Run1E2Mu_RunNoWZSF_RunSyst/2022EE/Skim_TriLep_ggHToZZTo4L.root
2025-10-02 21:18:45,967 - INFO - [2022EE] MISSING_CENTRAL: WZ1E2Mu/Central/ZCand/eta in Skim_TriLep_DYJets10to50.root
2025-10-02 21:18:45,968 - INFO - [2022EE] MISSING_CENTRAL: WZ1E2Mu/Central/ZCand/eta in Skim_TriLep_DYGTo2LG_MLL4to50_PTG10to100.root
2025-10-02 21:18:45,968 - INFO - [2022EE] MISSING_CENTRAL: WZ1E2Mu/Central/ZCand/eta in Skim_TriLep_DYGTo2LG_MLL4to50_PTG100to200.root
2025-10-02 21:18:45,969 - INFO - [2022EE] MISSING_CENTRAL: WZ1E2Mu/Central/ZCand/eta in Skim_TriLep_DYGTo2LG_MLL4to50_PTG200toInf.root
2025-10-02 21:18:51,776 - INFO - [2022EE] MISSING_CENTRAL: WZ1E2Mu/Central/ZCand/eta in Skim_TriLep_DYJets10to50.root
2025-10-02 21:18:51,777 - INFO - [2022EE] MISSING_CENTRAL: WZ1E2Mu/Central/ZCand/eta in Skim_TriLep_DYGTo2LG_MLL4to50_PTG10to100.root
2025-10-02 21:18:51,778 - INFO - [2022EE] MISSING_CENTRAL: WZ1E2Mu/Central/ZCand/eta in Skim_TriLep_DYGTo2LG_MLL4to50_PTG100to200.root
2025-10-02 21:18:51,779 - INFO - [2022EE] MISSING_CENTRAL: WZ1E2Mu/Central/ZCand/eta in Skim_TriLep_DYGTo2LG_MLL4to50_PTG200toInf.root
2025-10-02 21:18:51,793 - INFO - [2022EE] MISSING_FILE: /data9/Users/choij/Sync/workspace/ChargedHiggsAnalysisV3/SKNanoOutput/CRPromptSelector/Run1E2Mu_RunNoWZSF_RunSyst/2022EE/Skim_TriLep_ZZTo4L_powheg.root
2025-10-02 21:18:51,801 - INFO - [2022EE] MISSING_FILE: /data9/Users/choij/Sync/workspace/ChargedHiggsAnalysisV3/SKNanoOutput/CRPromptSelector/Run1E2Mu_RunNoWZSF_RunSyst/2022EE/Skim_TriLep_VBFHToZZTo4L.root
2025-10-02 21:18:51,801 - INFO - [2022EE] MISSING_FILE: /data9/Users/choij/Sync/workspace/ChargedHiggsAnalysisV3/SKNanoOutput/CRPromptSelector/Run1E2Mu_RunNoWZSF_RunSyst/2022EE/Skim_TriLep_ggHToZZTo4L.root
2025-10-03 00:26:40,320 - INFO - [2022EE] MISSING_CENTRAL: WZ1E2Mu/Central/ZCand/eta in Skim_TriLep_DYJets10to50.root
2025-10-03 00:26:40,322 - INFO - [2022EE] MISSING_CENTRAL: WZ1E2Mu/Central/ZCand/eta in Skim_TriLep_DYGTo2LG_MLL4to50_PTG10to100.root
2025-10-03 00:26:40,322 - INFO - [2022EE] MISSING_CENTRAL: WZ1E2Mu/Central/ZCand/eta in Skim_TriLep_DYGTo2LG_MLL4to50_PTG100to200.root
2025-10-03 00:26:40,322 - INFO - [2022EE] MISSING_CENTRAL: WZ1E2Mu/Central/ZCand/eta in Skim_TriLep_DYGTo2LG_MLL4to50_PTG200toInf.root
2025-10-03 00:26:50,988 - INFO - [2022EE] MISSING_CENTRAL: WZ1E2Mu/Central/ZCand/eta in Skim_TriLep_DYJets10to50.root
2025-10-03 00:26:50,989 - INFO - [2022EE] MISSING_CENTRAL: WZ1E2Mu/Central/ZCand/eta in Skim_TriLep_DYGTo2LG_MLL4to50_PTG10to100.root
2025-10-03 00:26:50,989 - INFO - [2022EE] MISSING_CENTRAL: WZ1E2Mu/Central/ZCand/eta in Skim_TriLep_DYGTo2LG_MLL4to50_PTG100to200.root
2025-10-03 00:26:50,989 - INFO - [2022EE] MISSING_CENTRAL: WZ1E2Mu/Central/ZCand/eta in Skim_TriLep_DYGTo2LG_MLL4to50_PTG200toInf.root
2025-10-03 00:26:50,994 - INFO - [2022EE] MISSING_FILE: /Users/choij/Sync/workspace/ChargedHiggsAnalysisV3/SKNanoOutput/CRPromptSelector/Run1E2Mu_RunNoWZSF_RunSyst/2022EE/Skim_TriLep_ZZTo4L_powheg.root
2025-10-03 00:26:50,996 - INFO - [2022EE] MISSING_FILE: /Users/choij/Sync/workspace/ChargedHiggsAnalysisV3/SKNanoOutput/CRPromptSelector/Run1E2Mu_RunNoWZSF_RunSyst/2022EE/Skim_TriLep_VBFHToZZTo4L.root
2025-10-03 00:26:50,996 - INFO - [2022EE] MISSING_FILE: /Users/choij/Sync/workspace/ChargedHiggsAnalysisV3/SKNanoOutput/CRPromptSelector/Run1E2Mu_RunNoWZSF_RunSyst/2022EE/Skim_TriLep_ggHToZZTo4L.root
2025-11-07 13:10:41,737 - INFO - [2022EE] MISSING_CENTRAL: WZ1E2Mu/Central/ZCand/eta in Skim_TriLep_DYJets10to50.root
2025-11-07 13:10:41,737 - INFO - [2022EE] MISSING_CENTRAL: WZ1E2Mu/Central/ZCand/eta in Skim_TriLep_DYGTo2LG_MLL4to50_PTG10to100.root
2025-11-07 13:10:41,738 - INFO - [2022EE] MISSING_CENTRAL: WZ1E2Mu/Central/ZCand/eta in Skim_TriLep_DYGTo2LG_MLL4to50_PTG100to200.root
2025-11-07 13:10:41,738 - INFO - [2022EE] MISSING_CENTRAL: WZ1E2Mu/Central/ZCand/eta in Skim_TriLep_DYGTo2LG_MLL4to50_PTG200toInf.root
2025-11-07 13:10:46,638 - INFO - [2022EE] MISSING_CENTRAL: WZ1E2Mu/Central/ZCand/eta in Skim_TriLep_DYJets10to50.root
2025-11-07 13:10:46,639 - INFO - [2022EE] MISSING_CENTRAL: WZ1E2Mu/Central/ZCand/eta in Skim_TriLep_DYGTo2LG_MLL4to50_PTG10to100.root
2025-11-07 13:10:46,639 - INFO - [2022EE] MISSING_CENTRAL: WZ1E2Mu/Central/ZCand/eta in Skim_TriLep_DYGTo2LG_MLL4to50_PTG100to200.root
2025-11-07 13:10:46,639 - INFO - [2022EE] MISSING_CENTRAL: WZ1E2Mu/Central/ZCand/eta in Skim_TriLep_DYGTo2LG_MLL4to50_PTG200toInf.root
2025-11-07 13:10:46,643 - INFO - [2022EE] MISSING_FILE: /home/choij/Sync/workspace/ChargedHiggsAnalysisV3/SKNanoOutput/CRPromptSelector/Run1E2Mu_RunNoWZSF_RunSyst/2022EE/Skim_TriLep_ZZTo4L_powheg.root
2025-11-07 13:10:46,645 - INFO - [2022EE] MISSING_FILE: /home/choij/Sync/workspace/ChargedHiggsAnalysisV3/SKNanoOutput/CRPromptSelector/Run1E2Mu_RunNoWZSF_RunSyst/2022EE/Skim_TriLep_VBFHToZZTo4L.root
2025-11-07 13:10:46,645 - INFO - [2022EE] MISSING_FILE: /home/choij/Sync/workspace/ChargedHiggsAnalysisV3/SKNanoOutput/CRPromptSelector/Run1E2Mu_RunNoWZSF_RunSyst/2022EE/Skim_TriLep_ggHToZZTo4L.root
2025-11-07 14:08:19,543 - INFO - [2022EE] MISSING_CENTRAL: WZ1E2Mu/Central/ZCand/eta in Skim_TriLep_DYJets10to50.root
2025-11-07 14:08:19,544 - INFO - [2022EE] MISSING_CENTRAL: WZ1E2Mu/Central/ZCand/eta in Skim_TriLep_DYGTo2LG_MLL4to50_PTG10to100.root
2025-11-07 14:08:19,544 - INFO - [2022EE] MISSING_CENTRAL: WZ1E2Mu/Central/ZCand/eta in Skim_TriLep_DYGTo2LG_MLL4to50_PTG100to200.root
2025-11-07 14:08:19,545 - INFO - [2022EE] MISSING_CENTRAL: WZ1E2Mu/Central/ZCand/eta in Skim_TriLep_DYGTo2LG_MLL4to50_PTG200toInf.root
2025-11-07 14:08:24,487 - INFO - [2022EE] MISSING_CENTRAL: WZ1E2Mu/Central/ZCand/eta in Skim_TriLep_DYJets10to50.root
2025-11-07 14:08:24,488 - INFO - [2022EE] MISSING_CENTRAL: WZ1E2Mu/Central/ZCand/eta in Skim_TriLep_DYGTo2LG_MLL4to50_PTG10to100.root
2025-11-07 14:08:24,488 - INFO - [2022EE] MISSING_CENTRAL: WZ1E2Mu/Central/ZCand/eta in Skim_TriLep_DYGTo2LG_MLL4to50_PTG100to200.root
2025-11-07 14:08:24,488 - INFO - [2022EE] MISSING_CENTRAL: WZ1E2Mu/Central/ZCand/eta in Skim_TriLep_DYGTo2LG_MLL4to50_PTG200toInf.root
2025-11-07 14:08:24,492 - INFO - [2022EE] MISSING_FILE: /home/choij/Sync/workspace/ChargedHiggsAnalysisV3/SKNanoOutput/CRPromptSelector/Run1E2Mu_RunNoWZSF_RunSyst/2022EE/Skim_TriLep_ZZTo4L_powheg.root
2025-11-07 14:08:24,494 - INFO - [2022EE] MISSING_FILE: /home/choij/Sync/workspace/ChargedHiggsAnalysisV3/SKNanoOutput/CRPromptSelector/Run1E2Mu_RunNoWZSF_RunSyst/2022EE/Skim_TriLep_VBFHToZZTo4L.root
2025-11-07 14:08:24,494 - INFO - [2022EE] MISSING_FILE: /home/choij/Sync/workspace/ChargedHiggsAnalysisV3/SKNanoOutput/CRPromptSelector/Run1E2Mu_RunNoWZSF_RunSyst/2022EE/Skim_TriLep_ggHToZZTo4L.root
2025-11-10 12:23:52,065 - INFO - [2022EE] MISSING_CENTRAL: WZ1E2Mu/Central/ZCand/eta in Skim_TriLep_DYJets10to50.root
2025-11-10 12:23:52,065 - INFO - [2022EE] MISSING_CENTRAL: WZ1E2Mu/Central/ZCand/eta in Skim_TriLep_DYGTo2LG_MLL4to50_PTG10to100.root
2025-11-10 12:23:52,065 - INFO - [2022EE] MISSING_CENTRAL: WZ1E2Mu/Central/ZCand/eta in Skim_TriLep_DYGTo2LG_MLL4to50_PTG100to200.root
2025-11-10 12:23:52,066 - INFO - [2022EE] MISSING_CENTRAL: WZ1E2Mu/Central/ZCand/eta in Skim_TriLep_DYGTo2LG_MLL4to50_PTG200toInf.root
2025-11-10 12:23:57,034 - INFO - [2022EE] MISSING_CENTRAL: WZ1E2Mu/Central/ZCand/eta in Skim_TriLep_DYJets10to50.root
2025-11-10 12:23:57,034 - INFO - [2022EE] MISSING_CENTRAL: WZ1E2Mu/Central/ZCand/eta in Skim_TriLep_DYGTo2LG_MLL4to50_PTG10to100.root
2025-11-10 12:23:57,034 - INFO - [2022EE] MISSING_CENTRAL: WZ1E2Mu/Central/ZCand/eta in Skim_TriLep_DYGTo2LG_MLL4to50_PTG100to200.root
2025-11-10 12:23:57,035 - INFO - [2022EE] MISSING_CENTRAL: WZ1E2Mu/Central/ZCand/eta in Skim_TriLep_DYGTo2LG_MLL4to50_PTG200toInf.root
2025-11-10 12:23:57,038 - INFO - [2022EE] MISSING_FILE: /home/choij/Sync/workspace/ChargedHiggsAnalysisV3/SKNanoOutput/CRPromptSelector/Run1E2Mu_RunNoWZSF_RunSyst/2022EE/Skim_TriLep_ZZTo4L_powheg.root
2025-11-10 12:23:57,041 - INFO - [2022EE] MISSING_FILE: /home/choij/Sync/workspace/ChargedHiggsAnalysisV3/SKNanoOutput/CRPromptSelector/Run1E2Mu_RunNoWZSF_RunSyst/2022EE/Skim_TriLep_VBFHToZZTo4L.root
2025-11-10 12:23:57,041 - INFO - [2022EE] MISSING_FILE: /home/choij/Sync/workspace/ChargedHiggsAnalysisV3/SKNanoOutput/CRPromptSelector/Run1E2Mu_RunNoWZSF_RunSyst/2022EE/Skim_TriLep_ggHToZZTo4L.root
2025-11-13 11:13:38,588 - INFO - [2022EE] MISSING_CENTRAL: WZ1E2Mu/Central/ZCand/eta in Skim_TriLep_DYJets10to50.root
2025-11-13 11:13:38,589 - INFO - [2022EE] MISSING_CENTRAL: WZ1E2Mu/Central/ZCand/eta in Skim_TriLep_DYGTo2LG_MLL4to50_PTG10to100.root
2025-11-13 11:13:38,591 - INFO - [2022EE] MISSING_CENTRAL: WZ1E2Mu/Central/ZCand/eta in Skim_TriLep_DYGTo2LG_MLL4to50_PTG100to200.root
2025-11-13 11:13:38,592 - INFO - [2022EE] MISSING_CENTRAL: WZ1E2Mu/Central/ZCand/eta in Skim_TriLep_DYGTo2LG_MLL4to50_PTG200toInf.root
2025-11-13 11:13:44,955 - INFO - [2022EE] MISSING_CENTRAL: WZ1E2Mu/Central/ZCand/eta in Skim_TriLep_DYJets10to50.root
2025-11-13 11:13:44,956 - INFO - [2022EE] MISSING_CENTRAL: WZ1E2Mu/Central/ZCand/eta in Skim_TriLep_DYGTo2LG_MLL4to50_PTG10to100.root
2025-11-13 11:13:44,957 - INFO - [2022EE] MISSING_CENTRAL: WZ1E2Mu/Central/ZCand/eta in Skim_TriLep_DYGTo2LG_MLL4to50_PTG100to200.root
2025-11-13 11:13:44,958 - INFO - [2022EE] MISSING_CENTRAL: WZ1E2Mu/Central/ZCand/eta in Skim_TriLep_DYGTo2LG_MLL4to50_PTG200toInf.root
2025-11-13 11:13:44,970 - INFO - [2022EE] MISSING_FILE: /data9/Users/choij/Sync/workspace/ChargedHiggsAnalysisV3/SKNanoOutput/CRPromptSelector/Run1E2Mu_RunNoWZSF_RunSyst/2022EE/Skim_TriLep_ZZTo4L_powheg.root
2025-11-13 11:13:44,977 - INFO - [2022EE] MISSING_FILE: /data9/Users/choij/Sync/workspace/ChargedHiggsAnalysisV3/SKNanoOutput/CRPromptSelector/Run1E2Mu_RunNoWZSF_RunSyst/2022EE/Skim_TriLep_VBFHToZZTo4L.root
2025-11-13 11:13:44,977 - INFO - [2022EE] MISSING_FILE: /data9/Users/choij/Sync/workspace/ChargedHiggsAnalysisV3/SKNanoOutput/CRPromptSelector/Run1E2Mu_RunNoWZSF_RunSyst/2022EE/Skim_TriLep_ggHToZZTo4L.root
2025-11-19 00:18:48,188 - INFO - [2022EE] MISSING_CENTRAL: WZ1E2Mu/Central/ZCand/eta in Skim_TriLep_DYJets10to50.root
2025-11-19 00:18:48,188 - INFO - [2022EE] MISSING_CENTRAL: WZ1E2Mu/Central/ZCand/eta in Skim_TriLep_DYGTo2LG_MLL4to50_PTG10to100.root
2025-11-19 00:18:48,189 - INFO - [2022EE] MISSING_CENTRAL: WZ1E2Mu/Central/ZCand/eta in Skim_TriLep_DYGTo2LG_MLL4to50_PTG100to200.root
2025-11-19 00:18:48,190 - INFO - [2022EE] MISSING_CENTRAL: WZ1E2Mu/Central/ZCand/eta in Skim_TriLep_DYGTo2LG_MLL4to50_PTG200toInf.root
2025-11-19 00:18:48,688 - INFO - [2022EE] MISSING_FILE: /data9/Users/choij/Sync/workspace/ChargedHiggsAnalysisV3/SKNanoOutput/CRPromptSelector/Run1E2Mu_RunSyst/2022EE/Skim_TriLep_WZTo3LNu_powheg.root
2025-11-19 00:18:54,201 - INFO - [2022EE] MISSING_CENTRAL: WZ1E2Mu/Central/ZCand/eta in Skim_TriLep_DYJets10to50.root
2025-11-19 00:18:54,202 - INFO - [2022EE] MISSING_CENTRAL: WZ1E2Mu/Central/ZCand/eta in Skim_TriLep_DYGTo2LG_MLL4to50_PTG10to100.root
2025-11-19 00:18:54,203 - INFO - [2022EE] MISSING_CENTRAL: WZ1E2Mu/Central/ZCand/eta in Skim_TriLep_DYGTo2LG_MLL4to50_PTG100to200.root
2025-11-19 00:18:54,204 - INFO - [2022EE] MISSING_CENTRAL: WZ1E2Mu/Central/ZCand/eta in Skim_TriLep_DYGTo2LG_MLL4to50_PTG200toInf.root
2025-11-19 00:18:54,216 - INFO - [2022EE] MISSING_FILE: /data9/Users/choij/Sync/workspace/ChargedHiggsAnalysisV3/SKNanoOutput/CRPromptSelector/Run1E2Mu_RunNoWZSF_RunSyst/2022EE/Skim_TriLep_ZZTo4L_powheg.root
2025-11-19 00:18:54,223 - INFO - [2022EE] MISSING_FILE: /data9/Users/choij/Sync/workspace/ChargedHiggsAnalysisV3/SKNanoOutput/CRPromptSelector/Run1E2Mu_RunNoWZSF_RunSyst/2022EE/Skim_TriLep_VBFHToZZTo4L.root
2025-11-19 00:18:54,223 - INFO - [2022EE] MISSING_FILE: /data9/Users/choij/Sync/workspace/ChargedHiggsAnalysisV3/SKNanoOutput/CRPromptSelector/Run1E2Mu_RunNoWZSF_RunSyst/2022EE/Skim_TriLep_ggHToZZTo4L.root
2025-11-19 15:44:03,798 - INFO - [2022EE] MISSING_CENTRAL: WZ1E2Mu/Central/ZCand/eta in Skim_TriLep_DYJets10to50.root
2025-11-19 15:44:03,799 - INFO - [2022EE] MISSING_CENTRAL: WZ1E2Mu/Central/ZCand/eta in Skim_TriLep_DYGTo2LG_MLL4to50_PTG10to100.root
2025-11-19 15:44:03,799 - INFO - [2022EE] MISSING_CENTRAL: WZ1E2Mu/Central/ZCand/eta in Skim_TriLep_DYGTo2LG_MLL4to50_PTG100to200.root
2025-11-19 15:44:03,799 - INFO - [2022EE] MISSING_CENTRAL: WZ1E2Mu/Central/ZCand/eta in Skim_TriLep_DYGTo2LG_MLL4to50_PTG200toInf.root
2025-11-19 15:44:08,765 - INFO - [2022EE] MISSING_CENTRAL: WZ1E2Mu/Central/ZCand/eta in Skim_TriLep_DYJets10to50.root
2025-11-19 15:44:08,766 - INFO - [2022EE] MISSING_CENTRAL: WZ1E2Mu/Central/ZCand/eta in Skim_TriLep_DYGTo2LG_MLL4to50_PTG10to100.root
2025-11-19 15:44:08,766 - INFO - [2022EE] MISSING_CENTRAL: WZ1E2Mu/Central/ZCand/eta in Skim_TriLep_DYGTo2LG_MLL4to50_PTG100to200.root
2025-11-19 15:44:08,766 - INFO - [2022EE] MISSING_CENTRAL: WZ1E2Mu/Central/ZCand/eta in Skim_TriLep_DYGTo2LG_MLL4to50_PTG200toInf.root
2025-11-19 15:44:08,770 - INFO - [2022EE] MISSING_FILE: /home/choij/Sync/workspace/ChargedHiggsAnalysisV3/SKNanoOutput/CRPromptSelector/Run1E2Mu_RunNoWZSF_RunSyst/2022EE/Skim_TriLep_ZZTo4L_powheg.root
2025-11-19 15:44:08,772 - INFO - [2022EE] MISSING_FILE: /home/choij/Sync/workspace/ChargedHiggsAnalysisV3/SKNanoOutput/CRPromptSelector/Run1E2Mu_RunNoWZSF_RunSyst/2022EE/Skim_TriLep_VBFHToZZTo4L.root
2025-11-19 15:44:08,773 - INFO - [2022EE] MISSING_FILE: /home/choij/Sync/workspace/ChargedHiggsAnalysisV3/SKNanoOutput/CRPromptSelector/Run1E2Mu_RunNoWZSF_RunSyst/2022EE/Skim_TriLep_ggHToZZTo4L.root
2025-11-19 16:26:19,484 - INFO - [2022EE] MISSING_CENTRAL: WZ1E2Mu/Central/ZCand/eta in Skim_TriLep_DYJets10to50.root
2025-11-19 16:26:19,485 - INFO - [2022EE] MISSING_CENTRAL: WZ1E2Mu/Central/ZCand/eta in Skim_TriLep_DYGTo2LG_MLL4to50_PTG10to100.root
2025-11-19 16:26:19,485 - INFO - [2022EE] MISSING_CENTRAL: WZ1E2Mu/Central/ZCand/eta in Skim_TriLep_DYGTo2LG_MLL4to50_PTG100to200.root
2025-11-19 16:26:19,485 - INFO - [2022EE] MISSING_CENTRAL: WZ1E2Mu/Central/ZCand/eta in Skim_TriLep_DYGTo2LG_MLL4to50_PTG200toInf.root
2025-11-19 16:26:24,463 - INFO - [2022EE] MISSING_CENTRAL: WZ1E2Mu/Central/ZCand/eta in Skim_TriLep_DYJets10to50.root
2025-11-19 16:26:24,463 - INFO - [2022EE] MISSING_CENTRAL: WZ1E2Mu/Central/ZCand/eta in Skim_TriLep_DYGTo2LG_MLL4to50_PTG10to100.root
2025-11-19 16:26:24,464 - INFO - [2022EE] MISSING_CENTRAL: WZ1E2Mu/Central/ZCand/eta in Skim_TriLep_DYGTo2LG_MLL4to50_PTG100to200.root
2025-11-19 16:26:24,464 - INFO - [2022EE] MISSING_CENTRAL: WZ1E2Mu/Central/ZCand/eta in Skim_TriLep_DYGTo2LG_MLL4to50_PTG200toInf.root
2025-11-19 16:26:24,468 - INFO - [2022EE] MISSING_FILE: /home/choij/Sync/workspace/ChargedHiggsAnalysisV3/SKNanoOutput/CRPromptSelector/Run1E2Mu_RunNoWZSF_RunSyst/2022EE/Skim_TriLep_ZZTo4L_powheg.root
2025-11-19 16:26:24,470 - INFO - [2022EE] MISSING_FILE: /home/choij/Sync/workspace/ChargedHiggsAnalysisV3/SKNanoOutput/CRPromptSelector/Run1E2Mu_RunNoWZSF_RunSyst/2022EE/Skim_TriLep_VBFHToZZTo4L.root
2025-11-19 16:26:24,470 - INFO - [2022EE] MISSING_FILE: /home/choij/Sync/workspace/ChargedHiggsAnalysisV3/SKNanoOutput/CRPromptSelector/Run1E2Mu_RunNoWZSF_RunSyst/2022EE/Skim_TriLep_ggHToZZTo4L.root
2025-12-17 12:27:17,617 - INFO - [2022EE] MISSING_CENTRAL: WZ1E2Mu/Central/ZCand/eta in Skim_TriLep_DYJets10to50.root
2025-12-17 12:27:22,046 - INFO - [2022EE] MISSING_CENTRAL: WZ1E2Mu/Central/ZCand/eta in Skim_TriLep_DYJets10to50.root
2025-12-17 12:27:22,068 - INFO - [2022EE] MISSING_FILE: /data9/Users/choij/Sync/workspace/ChargedHiggsAnalysisV3/SKNanoOutput/CRPromptSelector/Run1E2Mu_RunNoWZSF_RunSyst/2022EE/Skim_TriLep_ZZTo4L_powheg.root
2025-12-17 12:27:22,084 - INFO - [2022EE] MISSING_FILE: /data9/Users/choij/Sync/workspace/ChargedHiggsAnalysisV3/SKNanoOutput/CRPromptSelector/Run1E2Mu_RunNoWZSF_RunSyst/2022EE/Skim_TriLep_VBFHToZZTo4L.root
2025-12-17 12:27:22,084 - INFO - [2022EE] MISSING_FILE: /data9/Users/choij/Sync/workspace/ChargedHiggsAnalysisV3/SKNanoOutput/CRPromptSelector/Run1E2Mu_RunNoWZSF_RunSyst/2022EE/Skim_TriLep_ggHToZZTo4L.root
2025-12-17 16:08:55,862 - INFO - [2022EE] MISSING_CENTRAL: WZ1E2Mu/Central/ZCand/eta in Skim_TriLep_DYJets10to50.root
2025-12-17 16:09:00,539 - INFO - [2022EE] MISSING_CENTRAL: WZ1E2Mu/Central/ZCand/eta in Skim_TriLep_DYJets10to50.root
2025-12-17 16:09:00,544 - INFO - [2022EE] MISSING_FILE: /data9/Users/choij/Sync/workspace/ChargedHiggsAnalysisV3/SKNanoOutput/CRPromptSelector/Run1E2Mu_RunNoWZSF_RunSyst/2022EE/Skim_TriLep_WZTo3LNu_powheg.root
2025-12-17 16:09:00,544 - INFO - [2022EE] MISSING_FILE: /data9/Users/choij/Sync/workspace/ChargedHiggsAnalysisV3/SKNanoOutput/CRPromptSelector/Run1E2Mu_RunNoWZSF_RunSyst/2022EE/Skim_TriLep_ZZTo4L_powheg.root
2025-12-17 16:09:00,548 - INFO - [2022EE] MISSING_FILE: /data9/Users/choij/Sync/workspace/ChargedHiggsAnalysisV3/SKNanoOutput/CRPromptSelector/Run1E2Mu_RunNoWZSF_RunSyst/2022EE/Skim_TriLep_VBFHToZZTo4L.root
2025-12-17 16:09:00,548 - INFO - [2022EE] MISSING_FILE: /data9/Users/choij/Sync/workspace/ChargedHiggsAnalysisV3/SKNanoOutput/CRPromptSelector/Run1E2Mu_RunNoWZSF_RunSyst/2022EE/Skim_TriLep_ggHToZZTo4L.root
2025-12-17 22:40:56,775 - INFO - [2022EE] MISSING_CENTRAL: WZ1E2Mu/Central/ZCand/eta in Skim_TriLep_DYJets10to50.root
2025-12-17 22:41:01,643 - INFO - [2022EE] MISSING_CENTRAL: WZ1E2Mu/Central/ZCand/eta in Skim_TriLep_DYJets10to50.root
2025-12-17 22:41:01,650 - INFO - [2022EE] MISSING_FILE: /data9/Users/choij/Sync/workspace/ChargedHiggsAnalysisV3/SKNanoOutput/CRPromptSelector/Run1E2Mu_RunNoWZSF_RunSyst/2022EE/Skim_TriLep_WZTo3LNu_powheg.root
2025-12-17 22:41:01,651 - INFO - [2022EE] MISSING_FILE: /data9/Users/choij/Sync/workspace/ChargedHiggsAnalysisV3/SKNanoOutput/CRPromptSelector/Run1E2Mu_RunNoWZSF_RunSyst/2022EE/Skim_TriLep_ZZTo4L_powheg.root
2025-12-17 22:41:01,657 - INFO - [2022EE] MISSING_FILE: /data9/Users/choij/Sync/workspace/ChargedHiggsAnalysisV3/SKNanoOutput/CRPromptSelector/Run1E2Mu_RunNoWZSF_RunSyst/2022EE/Skim_TriLep_VBFHToZZTo4L.root
2025-12-17 22:41:01,657 - INFO - [2022EE] MISSING_FILE: /data9/Users/choij/Sync/workspace/ChargedHiggsAnalysisV3/SKNanoOutput/CRPromptSelector/Run1E2Mu_RunNoWZSF_RunSyst/2022EE/Skim_TriLep_ggHToZZTo4L.root
2025-12-18 14:26:06,339 - INFO - [2022EE] MISSING_CENTRAL: WZ1E2Mu/Central/ZCand/eta in Skim_TriLep_DYJets10to50.root
2025-12-18 14:26:11,748 - INFO - [2022EE] MISSING_CENTRAL: WZ1E2Mu/Central/ZCand/eta in Skim_TriLep_DYJets10to50.root
2025-12-18 14:26:11,756 - INFO - [2022EE] MISSING_FILE: /data9/Users/choij/Sync/workspace/ChargedHiggsAnalysisV3/SKNanoOutput/CRPromptSelector/Run1E2Mu_RunNoWZSF_RunSyst/2022EE/Skim_TriLep_WZTo3LNu_powheg.root
2025-12-18 14:26:11,756 - INFO - [2022EE] MISSING_FILE: /data9/Users/choij/Sync/workspace/ChargedHiggsAnalysisV3/SKNanoOutput/CRPromptSelector/Run1E2Mu_RunNoWZSF_RunSyst/2022EE/Skim_TriLep_ZZTo4L_powheg.root
2025-12-18 14:26:11,761 - INFO - [2022EE] MISSING_FILE: /data9/Users/choij/Sync/workspace/ChargedHiggsAnalysisV3/SKNanoOutput/CRPromptSelector/Run1E2Mu_RunNoWZSF_RunSyst/2022EE/Skim_TriLep_VBFHToZZTo4L.root
2025-12-18 14:26:11,761 - INFO - [2022EE] MISSING_FILE: /data9/Users/choij/Sync/workspace/ChargedHiggsAnalysisV3/SKNanoOutput/CRPromptSelector/Run1E2Mu_RunNoWZSF_RunSyst/2022EE/Skim_TriLep_ggHToZZTo4L.root
2025-12-18 14:41:28,243 - INFO - [2022EE] MISSING_CENTRAL: WZ1E2Mu/Central/ZCand/eta in Skim_TriLep_DYJets10to50.root
2025-12-18 14:41:33,905 - INFO - [2022EE] MISSING_CENTRAL: WZ1E2Mu/Central/ZCand/eta in Skim_TriLep_DYJets10to50.root
2025-12-18 14:41:33,915 - INFO - [2022EE] MISSING_FILE: /data9/Users/choij/Sync/workspace/ChargedHiggsAnalysisV3/SKNanoOutput/CRPromptSelector/Run1E2Mu_RunNoWZSF_RunSyst/2022EE/Skim_TriLep_WZTo3LNu_powheg.root
2025-12-18 14:41:33,915 - INFO - [2022EE] MISSING_FILE: /data9/Users/choij/Sync/workspace/ChargedHiggsAnalysisV3/SKNanoOutput/CRPromptSelector/Run1E2Mu_RunNoWZSF_RunSyst/2022EE/Skim_TriLep_ZZTo4L_powheg.root
2025-12-18 14:41:33,924 - INFO - [2022EE] MISSING_FILE: /data9/Users/choij/Sync/workspace/ChargedHiggsAnalysisV3/SKNanoOutput/CRPromptSelector/Run1E2Mu_RunNoWZSF_RunSyst/2022EE/Skim_TriLep_VBFHToZZTo4L.root
2025-12-18 14:41:33,924 - INFO - [2022EE] MISSING_FILE: /data9/Users/choij/Sync/workspace/ChargedHiggsAnalysisV3/SKNanoOutput/CRPromptSelector/Run1E2Mu_RunNoWZSF_RunSyst/2022EE/Skim_TriLep_ggHToZZTo4L.root
2025-12-18 22:07:41,402 - INFO - [2022EE] MISSING_CENTRAL: WZ1E2Mu/Central/ZCand/eta in Skim_TriLep_DYJets10to50.root
2025-12-18 22:07:44,948 - INFO - [2022EE] MISSING_CENTRAL: WZ1E2Mu/Central/ZCand/eta in Skim_TriLep_DYJets10to50.root
2025-12-18 22:07:44,956 - INFO - [2022EE] MISSING_FILE: /data9/Users/choij/Sync/workspace/ChargedHiggsAnalysisV3/SKNanoOutput/CRPromptSelector/Run1E2Mu_RunNoWZSF_RunSyst/2022EE/Skim_TriLep_ZZTo4L_powheg.root
2025-12-18 22:07:44,960 - INFO - [2022EE] MISSING_FILE: /data9/Users/choij/Sync/workspace/ChargedHiggsAnalysisV3/SKNanoOutput/CRPromptSelector/Run1E2Mu_RunNoWZSF_RunSyst/2022EE/Skim_TriLep_VBFHToZZTo4L.root
2025-12-18 22:07:44,961 - INFO - [2022EE] MISSING_FILE: /data9/Users/choij/Sync/workspace/ChargedHiggsAnalysisV3/SKNanoOutput/CRPromptSelector/Run1E2Mu_RunNoWZSF_RunSyst/2022EE/Skim_TriLep_ggHToZZTo4L.root
2026-01-07 11:50:46,388 - INFO - [2022EE] MISSING_FILE: /data9/Users/choij/Sync/workspace/ChargedHiggsAnalysisV3/SKNanoOutput/CRPromptSelector/Run1E2Mu/2022EE/Skim_TriLep_MuonEG_E.root
2026-01-07 11:50:46,388 - INFO - [2022EE] MISSING_FILE: /data9/Users/choij/Sync/workspace/ChargedHiggsAnalysisV3/SKNanoOutput/CRPromptSelector/Run1E2Mu/2022EE/Skim_TriLep_MuonEG_F.root
2026-01-07 11:50:46,388 - INFO - [2022EE] MISSING_FILE: /data9/Users/choij/Sync/workspace/ChargedHiggsAnalysisV3/SKNanoOutput/CRPromptSelector/Run1E2Mu/2022EE/Skim_TriLep_MuonEG_G.root
2026-01-07 11:50:48,782 - INFO - [2022EE] MISSING_FILE: /data9/Users/choij/Sync/workspace/ChargedHiggsAnalysisV3/SKNanoOutput/CRPromptSelector/Run1E2Mu/2022EE/Skim_TriLep_MuonEG_E.root
2026-01-07 11:50:48,782 - INFO - [2022EE] MISSING_FILE: /data9/Users/choij/Sync/workspace/ChargedHiggsAnalysisV3/SKNanoOutput/CRPromptSelector/Run1E2Mu/2022EE/Skim_TriLep_MuonEG_F.root
2026-01-07 11:50:48,783 - INFO - [2022EE] MISSING_FILE: /data9/Users/choij/Sync/workspace/ChargedHiggsAnalysisV3/SKNanoOutput/CRPromptSelector/Run1E2Mu/2022EE/Skim_TriLep_MuonEG_G.root
2026-01-07 18:47:27,813 - INFO - [2022EE] MISSING_CENTRAL: WZ1E2Mu/Central/ZCand/eta in Skim_TriLep_DYJets10to50.root
2026-01-07 18:47:32,716 - INFO - [2022EE] MISSING_CENTRAL: WZ1E2Mu/Central/ZCand/eta in Skim_TriLep_DYJets10to50.root
2026-01-07 18:47:32,724 - INFO - [2022EE] MISSING_FILE: /data9/Users/choij/Sync/workspace/ChargedHiggsAnalysisV3/SKNanoOutput/CRPromptSelector/Run1E2Mu_RunNoWZSF_RunSyst/2022EE/Skim_TriLep_ZZTo4L_powheg.root
2026-01-07 18:47:32,728 - INFO - [2022EE] MISSING_FILE: /data9/Users/choij/Sync/workspace/ChargedHiggsAnalysisV3/SKNanoOutput/CRPromptSelector/Run1E2Mu_RunNoWZSF_RunSyst/2022EE/Skim_TriLep_VBFHToZZTo4L.root
2026-01-07 18:47:32,728 - INFO - [2022EE] MISSING_FILE: /data9/Users/choij/Sync/workspace/ChargedHiggsAnalysisV3/SKNanoOutput/CRPromptSelector/Run1E2Mu_RunNoWZSF_RunSyst/2022EE/Skim_TriLep_ggHToZZTo4L.root
2026-01-08 23:11:51,337 - INFO - [2022EE] MISSING_CENTRAL: WZ1E2Mu/Central/ZCand/eta in Skim_TriLep_DYJets10to50.root
2026-01-08 23:11:57,357 - INFO - [2022EE] MISSING_CENTRAL: WZ1E2Mu/Central/ZCand/eta in Skim_TriLep_DYJets10to50.root
2026-01-08 23:11:57,363 - INFO - [2022EE] MISSING_FILE: /data9/Users/choij/Sync/workspace/ChargedHiggsAnalysisV3/SKNanoOutput/CRPromptSelector/Run1E2Mu_RunNoWZSF_RunSyst/2022EE/Skim_TriLep_ZZTo4L_powheg.root
2026-01-08 23:11:57,368 - INFO - [2022EE] MISSING_FILE: /data9/Users/choij/Sync/workspace/ChargedHiggsAnalysisV3/SKNanoOutput/CRPromptSelector/Run1E2Mu_RunNoWZSF_RunSyst/2022EE/Skim_TriLep_VBFHToZZTo4L.root
2026-01-08 23:11:57,368 - INFO - [2022EE] MISSING_FILE: /data9/Users/choij/Sync/workspace/ChargedHiggsAnalysisV3/SKNanoOutput/CRPromptSelector/Run1E2Mu_RunNoWZSF_RunSyst/2022EE/Skim_TriLep_ggHToZZTo4L.root
2026-01-09 12:21:59,635 - INFO - [2022EE] MISSING_CENTRAL: WZ1E2Mu/Central/ZCand/eta in Skim_TriLep_DYJets10to50.root
2026-01-09 12:22:04,558 - INFO - [2022EE] MISSING_CENTRAL: WZ1E2Mu/Central/ZCand/eta in Skim_TriLep_DYJets10to50.root
2026-01-09 12:22:04,561 - INFO - [2022EE] MISSING_FILE: /home/choij/Sync/workspace/ChargedHiggsAnalysisV3/SKNanoOutput/CRPromptSelector/Run1E2Mu_RunNoWZSF_RunSyst/2022EE/Skim_TriLep_ZZTo4L_powheg.root
2026-01-09 12:22:04,564 - INFO - [2022EE] MISSING_FILE: /home/choij/Sync/workspace/ChargedHiggsAnalysisV3/SKNanoOutput/CRPromptSelector/Run1E2Mu_RunNoWZSF_RunSyst/2022EE/Skim_TriLep_VBFHToZZTo4L.root
2026-01-09 12:22:04,564 - INFO - [2022EE] MISSING_FILE: /home/choij/Sync/workspace/ChargedHiggsAnalysisV3/SKNanoOutput/CRPromptSelector/Run1E2Mu_RunNoWZSF_RunSyst/2022EE/Skim_TriLep_ggHToZZTo4L.root
2026-01-11 09:42:02,631 - INFO - [2022EE] MISSING_CENTRAL: WZ1E2Mu/Central/ZCand/eta in Skim_TriLep_DYJets10to50.root
2026-01-11 09:42:07,523 - INFO - [2022EE] MISSING_CENTRAL: WZ1E2Mu/Central/ZCand/eta in Skim_TriLep_DYJets10to50.root
2026-01-11 09:42:07,526 - INFO - [2022EE] MISSING_FILE: /home/choij/Sync/workspace/ChargedHiggsAnalysisV3/SKNanoOutput/CRPromptSelector/Run1E2Mu_RunNoWZSF_RunSyst/2022EE/Skim_TriLep_ZZTo4L_powheg.root
2026-01-11 09:42:07,529 - INFO - [2022EE] MISSING_FILE: /home/choij/Sync/workspace/ChargedHiggsAnalysisV3/SKNanoOutput/CRPromptSelector/Run1E2Mu_RunNoWZSF_RunSyst/2022EE/Skim_TriLep_VBFHToZZTo4L.root
2026-01-11 09:42:07,529 - INFO - [2022EE] MISSING_FILE: /home/choij/Sync/workspace/ChargedHiggsAnalysisV3/SKNanoOutput/CRPromptSelector/Run1E2Mu_RunNoWZSF_RunSyst/2022EE/Skim_TriLep_ggHToZZTo4L.root
2026-01-12 13:50:46,375 - INFO - [2022EE] MISSING_CENTRAL: WZ1E2Mu/Central/ZCand/eta in Skim_TriLep_DYJets10to50.root
2026-01-12 13:50:51,266 - INFO - [2022EE] MISSING_CENTRAL: WZ1E2Mu/Central/ZCand/eta in Skim_TriLep_DYJets10to50.root
2026-01-12 13:50:51,270 - INFO - [2022EE] MISSING_FILE: /home/choij/Sync/workspace/ChargedHiggsAnalysisV3/SKNanoOutput/CRPromptSelector/Run1E2Mu_RunNoWZSF_RunSyst/2022EE/Skim_TriLep_ZZTo4L_powheg.root
2026-01-12 13:50:51,272 - INFO - [2022EE] MISSING_FILE: /home/choij/Sync/workspace/ChargedHiggsAnalysisV3/SKNanoOutput/CRPromptSelector/Run1E2Mu_RunNoWZSF_RunSyst/2022EE/Skim_TriLep_VBFHToZZTo4L.root
2026-01-12 13:50:51,272 - INFO - [2022EE] MISSING_FILE: /home/choij/Sync/workspace/ChargedHiggsAnalysisV3/SKNanoOutput/CRPromptSelector/Run1E2Mu_RunNoWZSF_RunSyst/2022EE/Skim_TriLep_ggHToZZTo4L.root
