INFO - Loaded ConvSF for 2023 SR3Mu: 0.7210 +/- 0.2120
INFO - Loaded 9 K-factors for Run3
INFO - Preprocessing MHc145_MA92 for 2023 era and SR3Mu channel
INFO - Found 15 preprocessed shape systematics
INFO - Found 1 valued shape systematics
INFO - Found 2 multi-variation systematics
INFO - Found 11 valued lnN systematics (skipped)
INFO - Run3 signal scaling from 2018 to 2023:
INFO -   xsec ratio: 923.0/833.0 = 1.1080
INFO -   lumi ratio: 17.8/59.8 = 0.2977
INFO -   total scale factor: 0.3298
INFO - ============================================================
INFO - Processing Signal (scaled from 2018)
INFO - ============================================================
INFO -   Source: /tmp/workdir_3426946/SignalRegionStudyV2/samples_source/2018/SR3Mu/MHc145_MA92/MHc145_MA92.root
INFO -   Found 142 trees to scale
INFO -   Output: /tmp/workdir_3426946/SignalRegionStudyV2/samples/2023/SR3Mu/MHc145_MA92/MHc145_MA92.root
INFO - ============================================================
INFO - Processing WZ
INFO - ============================================================
WARNING -   Sample not found: /tmp/workdir_3426946/SKNanoOutput/PromptTreeProducer/Run3Mu_RunSyst/2023/Skim_TriLep_WZTo3LNu_powheg.root
INFO - ============================================================
INFO - Processing ZZ
INFO - ============================================================
INFO -   Applying K-factor 1.160 to ZZTo4L_powheg
INFO - Merged 1 files -> /tmp/workdir_3426946/SignalRegionStudyV2/samples/2023/SR3Mu/MHc145_MA92/ZZ.root
INFO -   Output: /tmp/workdir_3426946/SignalRegionStudyV2/samples/2023/SR3Mu/MHc145_MA92/ZZ.root
INFO - ============================================================
INFO - Processing ttW
INFO - ============================================================
INFO -   Applying K-factor 1.150 to TTWToLNu
INFO - Merged 1 files -> /tmp/workdir_3426946/SignalRegionStudyV2/samples/2023/SR3Mu/MHc145_MA92/ttW.root
INFO -   Output: /tmp/workdir_3426946/SignalRegionStudyV2/samples/2023/SR3Mu/MHc145_MA92/ttW.root
INFO - ============================================================
INFO - Processing ttZ
INFO - ============================================================
INFO -   Applying K-factor 1.164 to TTZ_M50
INFO -   Applying K-factor 1.164 to TTZ_M4to50
INFO - Merged 2 files -> /tmp/workdir_3426946/SignalRegionStudyV2/samples/2023/SR3Mu/MHc145_MA92/ttZ.root
INFO -   Output: /tmp/workdir_3426946/SignalRegionStudyV2/samples/2023/SR3Mu/MHc145_MA92/ttZ.root
INFO - ============================================================
INFO - Processing ttH
INFO - ============================================================
INFO - Merged 1 files -> /tmp/workdir_3426946/SignalRegionStudyV2/samples/2023/SR3Mu/MHc145_MA92/ttH.root
INFO -   Output: /tmp/workdir_3426946/SignalRegionStudyV2/samples/2023/SR3Mu/MHc145_MA92/ttH.root
INFO - ============================================================
INFO - Processing tZq
INFO - ============================================================
INFO - Merged 1 files -> /tmp/workdir_3426946/SignalRegionStudyV2/samples/2023/SR3Mu/MHc145_MA92/tZq.root
INFO -   Output: /tmp/workdir_3426946/SignalRegionStudyV2/samples/2023/SR3Mu/MHc145_MA92/tZq.root
INFO - ============================================================
INFO - Processing conversion
INFO - ============================================================
INFO - Merged 5 files -> /tmp/workdir_3426946/SignalRegionStudyV2/samples/2023/SR3Mu/MHc145_MA92/conversion.root
INFO -   Output: /tmp/workdir_3426946/SignalRegionStudyV2/samples/2023/SR3Mu/MHc145_MA92/conversion.root
INFO - ============================================================
INFO - Processing others
INFO - ============================================================
INFO -   Applying K-factor 1.240 to ggHToZZTo4L
INFO - Merged 8 files -> /tmp/workdir_3426946/SignalRegionStudyV2/samples/2023/SR3Mu/MHc145_MA92/others.root
INFO -   Output: /tmp/workdir_3426946/SignalRegionStudyV2/samples/2023/SR3Mu/MHc145_MA92/others.root
INFO - ============================================================
INFO - Processing Nonprompt
INFO - ============================================================
INFO - Merged 8 files -> /tmp/workdir_3426946/SignalRegionStudyV2/samples/2023/SR3Mu/MHc145_MA92/nonprompt.root
INFO -   Output: /tmp/workdir_3426946/SignalRegionStudyV2/samples/2023/SR3Mu/MHc145_MA92/nonprompt.root
INFO - ============================================================
INFO - Processing Data
INFO - ============================================================
INFO - Merged 8 files -> /tmp/workdir_3426946/SignalRegionStudyV2/samples/2023/SR3Mu/MHc145_MA92/data.root
INFO -   Output: /tmp/workdir_3426946/SignalRegionStudyV2/samples/2023/SR3Mu/MHc145_MA92/data.root
INFO - ============================================================
INFO - Preprocessing complete! Output directory: /tmp/workdir_3426946/SignalRegionStudyV2/samples/2023/SR3Mu/MHc145_MA92
INFO - ============================================================
