2025-09-24 15:43:36,412 - INFO - [2016postVFP] MISSING_CENTRAL: ZG3Mu/Central/jets/size in Skim_TriLep_DYJets10to50.root
2025-09-24 15:43:36,417 - INFO - [2016postVFP] MISSING_CENTRAL: ZG3Mu/Central/jets/size in Skim_TriLep_TTG.root
2025-09-24 15:43:36,432 - INFO - [2016postVFP] MISSING_FILE: /Users/choij/Sync/workspace/ChargedHiggsAnalysisV3/SKNanoOutput/CRPromptSelector/Run3Mu_RunSyst/2016postVFP/Skim_TriLep_WZTo3LNu_amcatnlo.root
2025-09-24 15:43:47,012 - INFO - [2016postVFP] MISSING_CENTRAL: ZG3Mu/Central/jets/size in Skim_TriLep_DYJets10to50.root
2025-09-24 15:43:47,013 - INFO - [2016postVFP] MISSING_CENTRAL: ZG3Mu/Central/jets/size in Skim_TriLep_TTG.root
2025-09-24 15:43:47,014 - INFO - [2016postVFP] MISSING_FILE: /Users/choij/Sync/workspace/ChargedHiggsAnalysisV3/SKNanoOutput/CRPromptSelector/Run3Mu_RunSyst/2016postVFP/Skim_TriLep_WZTo3LNu_amcatnlo.root
2025-10-02 21:10:35,540 - INFO - [2016postVFP] MISSING_CENTRAL: ZG3Mu/Central/jets/size in Skim_TriLep_DYJets10to50.root
2025-10-02 21:10:35,682 - INFO - [2016postVFP] MISSING_CENTRAL: ZG3Mu/Central/jets/size in Skim_TriLep_TTG.root
2025-10-02 21:10:36,032 - INFO - [2016postVFP] MISSING_FILE: /data9/Users/choij/Sync/workspace/ChargedHiggsAnalysisV3/SKNanoOutput/CRPromptSelector/Run3Mu_RunSyst/2016postVFP/Skim_TriLep_WZTo3LNu_amcatnlo.root
2025-10-02 21:10:41,986 - INFO - [2016postVFP] MISSING_CENTRAL: ZG3Mu/Central/jets/size in Skim_TriLep_DYJets10to50.root
2025-10-02 21:10:41,988 - INFO - [2016postVFP] MISSING_CENTRAL: ZG3Mu/Central/jets/size in Skim_TriLep_TTG.root
2025-10-02 21:10:42,002 - INFO - [2016postVFP] MISSING_FILE: /data9/Users/choij/Sync/workspace/ChargedHiggsAnalysisV3/SKNanoOutput/CRPromptSelector/Run3Mu_RunSyst/2016postVFP/Skim_TriLep_WZTo3LNu_amcatnlo.root
2025-10-02 23:56:48,870 - INFO - [2016postVFP] MISSING_CENTRAL: ZG3Mu/Central/jets/size in Skim_TriLep_DYJets10to50.root
2025-10-02 23:56:48,875 - INFO - [2016postVFP] MISSING_CENTRAL: ZG3Mu/Central/jets/size in Skim_TriLep_TTG.root
2025-10-02 23:56:48,888 - INFO - [2016postVFP] MISSING_FILE: /Users/choij/Sync/workspace/ChargedHiggsAnalysisV3/SKNanoOutput/CRPromptSelector/Run3Mu_RunSyst/2016postVFP/Skim_TriLep_WZTo3LNu_amcatnlo.root
2025-10-02 23:56:57,913 - INFO - [2016postVFP] MISSING_CENTRAL: ZG3Mu/Central/jets/size in Skim_TriLep_DYJets10to50.root
2025-10-02 23:56:57,914 - INFO - [2016postVFP] MISSING_CENTRAL: ZG3Mu/Central/jets/size in Skim_TriLep_TTG.root
2025-10-02 23:56:57,915 - INFO - [2016postVFP] MISSING_FILE: /Users/choij/Sync/workspace/ChargedHiggsAnalysisV3/SKNanoOutput/CRPromptSelector/Run3Mu_RunSyst/2016postVFP/Skim_TriLep_WZTo3LNu_amcatnlo.root
2025-11-07 13:26:04,983 - INFO - [2016postVFP] MISSING_CENTRAL: ZG3Mu/Central/jets/size in Skim_TriLep_DYJets10to50.root
2025-11-07 13:26:05,019 - INFO - [2016postVFP] MISSING_CENTRAL: ZG3Mu/Central/jets/size in Skim_TriLep_TTG.root
2025-11-07 13:26:05,094 - INFO - [2016postVFP] MISSING_FILE: /home/choij/Sync/workspace/ChargedHiggsAnalysisV3/SKNanoOutput/CRPromptSelector/Run3Mu_RunSyst/2016postVFP/Skim_TriLep_WZTo3LNu_amcatnlo.root
2025-11-07 13:26:10,245 - INFO - [2016postVFP] MISSING_CENTRAL: ZG3Mu/Central/jets/size in Skim_TriLep_DYJets10to50.root
2025-11-07 13:26:10,246 - INFO - [2016postVFP] MISSING_CENTRAL: ZG3Mu/Central/jets/size in Skim_TriLep_TTG.root
2025-11-07 13:26:10,249 - INFO - [2016postVFP] MISSING_FILE: /home/choij/Sync/workspace/ChargedHiggsAnalysisV3/SKNanoOutput/CRPromptSelector/Run3Mu_RunSyst/2016postVFP/Skim_TriLep_WZTo3LNu_amcatnlo.root
2025-11-07 13:28:32,039 - INFO - [2016postVFP] MISSING_CENTRAL: ZG3Mu/Central/jets/size in Skim_TriLep_DYJets10to50.root
2025-11-07 13:28:32,044 - INFO - [2016postVFP] MISSING_CENTRAL: ZG3Mu/Central/jets/size in Skim_TriLep_TTG.root
2025-11-07 13:28:32,061 - INFO - [2016postVFP] MISSING_FILE: /home/choij/Sync/workspace/ChargedHiggsAnalysisV3/SKNanoOutput/CRPromptSelector/Run3Mu_RunSyst/2016postVFP/Skim_TriLep_WZTo3LNu_amcatnlo.root
2025-11-07 13:28:37,003 - INFO - [2016postVFP] MISSING_CENTRAL: ZG3Mu/Central/jets/size in Skim_TriLep_DYJets10to50.root
2025-11-07 13:28:37,004 - INFO - [2016postVFP] MISSING_CENTRAL: ZG3Mu/Central/jets/size in Skim_TriLep_TTG.root
2025-11-07 13:28:37,006 - INFO - [2016postVFP] MISSING_FILE: /home/choij/Sync/workspace/ChargedHiggsAnalysisV3/SKNanoOutput/CRPromptSelector/Run3Mu_RunSyst/2016postVFP/Skim_TriLep_WZTo3LNu_amcatnlo.root
2025-11-07 13:44:55,484 - INFO - [2016postVFP] MISSING_CENTRAL: ZG3Mu/Central/jets/size in Skim_TriLep_DYJets10to50.root
2025-11-07 13:44:55,490 - INFO - [2016postVFP] MISSING_CENTRAL: ZG3Mu/Central/jets/size in Skim_TriLep_TTG.root
2025-11-07 13:44:55,507 - INFO - [2016postVFP] MISSING_FILE: /home/choij/Sync/workspace/ChargedHiggsAnalysisV3/SKNanoOutput/CRPromptSelector/Run3Mu_RunSyst/2016postVFP/Skim_TriLep_WZTo3LNu_amcatnlo.root
2025-11-07 13:45:00,491 - INFO - [2016postVFP] MISSING_CENTRAL: ZG3Mu/Central/jets/size in Skim_TriLep_DYJets10to50.root
2025-11-07 13:45:00,492 - INFO - [2016postVFP] MISSING_CENTRAL: ZG3Mu/Central/jets/size in Skim_TriLep_TTG.root
2025-11-07 13:45:00,495 - INFO - [2016postVFP] MISSING_FILE: /home/choij/Sync/workspace/ChargedHiggsAnalysisV3/SKNanoOutput/CRPromptSelector/Run3Mu_RunSyst/2016postVFP/Skim_TriLep_WZTo3LNu_amcatnlo.root
2025-11-07 14:01:17,312 - INFO - [2016postVFP] MISSING_CENTRAL: ZG3Mu/Central/jets/size in Skim_TriLep_DYJets10to50.root
2025-11-07 14:01:17,316 - INFO - [2016postVFP] MISSING_CENTRAL: ZG3Mu/Central/jets/size in Skim_TriLep_TTG.root
2025-11-07 14:01:17,334 - INFO - [2016postVFP] MISSING_FILE: /home/choij/Sync/workspace/ChargedHiggsAnalysisV3/SKNanoOutput/CRPromptSelector/Run3Mu_RunSyst/2016postVFP/Skim_TriLep_WZTo3LNu_amcatnlo.root
2025-11-07 14:01:22,275 - INFO - [2016postVFP] MISSING_CENTRAL: ZG3Mu/Central/jets/size in Skim_TriLep_DYJets10to50.root
2025-11-07 14:01:22,276 - INFO - [2016postVFP] MISSING_CENTRAL: ZG3Mu/Central/jets/size in Skim_TriLep_TTG.root
2025-11-07 14:01:22,278 - INFO - [2016postVFP] MISSING_FILE: /home/choij/Sync/workspace/ChargedHiggsAnalysisV3/SKNanoOutput/CRPromptSelector/Run3Mu_RunSyst/2016postVFP/Skim_TriLep_WZTo3LNu_amcatnlo.root
2025-11-10 05:51:25,280 - INFO - [2016postVFP] MISSING_CENTRAL: ZG3Mu/Central/jets/size in Skim_TriLep_DYJets10to50.root
2025-11-10 05:51:25,292 - INFO - [2016postVFP] MISSING_CENTRAL: ZG3Mu/Central/jets/size in Skim_TriLep_TTG.root
2025-11-10 05:51:25,310 - INFO - [2016postVFP] MISSING_FILE: /home/choij/Sync/workspace/ChargedHiggsAnalysisV3/SKNanoOutput/CRPromptSelector/Run3Mu_RunSyst/2016postVFP/Skim_TriLep_WZTo3LNu_amcatnlo.root
2025-11-10 05:51:30,582 - INFO - [2016postVFP] MISSING_CENTRAL: ZG3Mu/Central/jets/size in Skim_TriLep_DYJets10to50.root
2025-11-10 05:51:30,584 - INFO - [2016postVFP] MISSING_CENTRAL: ZG3Mu/Central/jets/size in Skim_TriLep_TTG.root
2025-11-10 05:51:30,586 - INFO - [2016postVFP] MISSING_FILE: /home/choij/Sync/workspace/ChargedHiggsAnalysisV3/SKNanoOutput/CRPromptSelector/Run3Mu_RunSyst/2016postVFP/Skim_TriLep_WZTo3LNu_amcatnlo.root
2025-11-10 12:16:18,452 - INFO - [2016postVFP] MISSING_CENTRAL: ZG3Mu/Central/jets/size in Skim_TriLep_DYJets10to50.root
2025-11-10 12:16:18,469 - INFO - [2016postVFP] MISSING_CENTRAL: ZG3Mu/Central/jets/size in Skim_TriLep_TTG.root
2025-11-10 12:16:18,522 - INFO - [2016postVFP] MISSING_FILE: /home/choij/Sync/workspace/ChargedHiggsAnalysisV3/SKNanoOutput/CRPromptSelector/Run3Mu_RunSyst/2016postVFP/Skim_TriLep_WZTo3LNu_amcatnlo.root
2025-11-10 12:16:23,644 - INFO - [2016postVFP] MISSING_CENTRAL: ZG3Mu/Central/jets/size in Skim_TriLep_DYJets10to50.root
2025-11-10 12:16:23,645 - INFO - [2016postVFP] MISSING_CENTRAL: ZG3Mu/Central/jets/size in Skim_TriLep_TTG.root
2025-11-10 12:16:23,647 - INFO - [2016postVFP] MISSING_FILE: /home/choij/Sync/workspace/ChargedHiggsAnalysisV3/SKNanoOutput/CRPromptSelector/Run3Mu_RunSyst/2016postVFP/Skim_TriLep_WZTo3LNu_amcatnlo.root
2025-11-13 11:05:06,205 - INFO - [2016postVFP] MISSING_CENTRAL: ZG3Mu/Central/jets/size in Skim_TriLep_DYJets10to50.root
2025-11-13 11:05:06,213 - INFO - [2016postVFP] MISSING_CENTRAL: ZG3Mu/Central/jets/size in Skim_TriLep_TTG.root
2025-11-13 11:05:06,718 - INFO - [2016postVFP] MISSING_FILE: /data9/Users/choij/Sync/workspace/ChargedHiggsAnalysisV3/SKNanoOutput/CRPromptSelector/Run3Mu_RunSyst/2016postVFP/Skim_TriLep_WZTo3LNu_amcatnlo.root
2025-11-13 11:05:13,052 - INFO - [2016postVFP] MISSING_CENTRAL: ZG3Mu/Central/jets/size in Skim_TriLep_DYJets10to50.root
2025-11-13 11:05:13,054 - INFO - [2016postVFP] MISSING_CENTRAL: ZG3Mu/Central/jets/size in Skim_TriLep_TTG.root
2025-11-13 11:05:13,058 - INFO - [2016postVFP] MISSING_FILE: /data9/Users/choij/Sync/workspace/ChargedHiggsAnalysisV3/SKNanoOutput/CRPromptSelector/Run3Mu_RunSyst/2016postVFP/Skim_TriLep_WZTo3LNu_amcatnlo.root
2025-11-19 00:16:41,233 - INFO - [2016postVFP] MISSING_CENTRAL: ZG3Mu/Central/jets/size in Skim_TriLep_DYJets10to50.root
2025-11-19 00:16:41,242 - INFO - [2016postVFP] MISSING_CENTRAL: ZG3Mu/Central/jets/size in Skim_TriLep_TTG.root
2025-11-19 00:16:41,273 - INFO - [2016postVFP] MISSING_FILE: /data9/Users/choij/Sync/workspace/ChargedHiggsAnalysisV3/SKNanoOutput/CRPromptSelector/Run3Mu_RunSyst/2016postVFP/Skim_TriLep_WZTo3LNu_amcatnlo.root
2025-11-19 00:16:46,137 - INFO - [2016postVFP] MISSING_CENTRAL: ZG3Mu/Central/jets/size in Skim_TriLep_DYJets10to50.root
2025-11-19 00:16:46,140 - INFO - [2016postVFP] MISSING_CENTRAL: ZG3Mu/Central/jets/size in Skim_TriLep_TTG.root
2025-11-19 00:16:46,145 - INFO - [2016postVFP] MISSING_FILE: /data9/Users/choij/Sync/workspace/ChargedHiggsAnalysisV3/SKNanoOutput/CRPromptSelector/Run3Mu_RunSyst/2016postVFP/Skim_TriLep_WZTo3LNu_amcatnlo.root
2025-11-19 15:41:48,333 - INFO - [2016postVFP] MISSING_CENTRAL: ZG3Mu/Central/jets/size in Skim_TriLep_DYJets10to50.root
2025-11-19 15:41:48,338 - INFO - [2016postVFP] MISSING_CENTRAL: ZG3Mu/Central/jets/size in Skim_TriLep_TTG.root
2025-11-19 15:41:48,356 - INFO - [2016postVFP] MISSING_FILE: /home/choij/Sync/workspace/ChargedHiggsAnalysisV3/SKNanoOutput/CRPromptSelector/Run3Mu_RunSyst/2016postVFP/Skim_TriLep_WZTo3LNu_amcatnlo.root
2025-11-19 15:41:53,405 - INFO - [2016postVFP] MISSING_CENTRAL: ZG3Mu/Central/jets/size in Skim_TriLep_DYJets10to50.root
2025-11-19 15:41:53,406 - INFO - [2016postVFP] MISSING_CENTRAL: ZG3Mu/Central/jets/size in Skim_TriLep_TTG.root
2025-11-19 15:41:53,408 - INFO - [2016postVFP] MISSING_FILE: /home/choij/Sync/workspace/ChargedHiggsAnalysisV3/SKNanoOutput/CRPromptSelector/Run3Mu_RunSyst/2016postVFP/Skim_TriLep_WZTo3LNu_amcatnlo.root
2025-11-19 16:18:37,948 - INFO - [2016postVFP] MISSING_CENTRAL: ZG3Mu/Central/jets/size in Skim_TriLep_DYJets10to50.root
2025-11-19 16:18:37,953 - INFO - [2016postVFP] MISSING_CENTRAL: ZG3Mu/Central/jets/size in Skim_TriLep_TTG.root
2025-11-19 16:18:37,970 - INFO - [2016postVFP] MISSING_FILE: /home/choij/Sync/workspace/ChargedHiggsAnalysisV3/SKNanoOutput/CRPromptSelector/Run3Mu_RunSyst/2016postVFP/Skim_TriLep_WZTo3LNu_amcatnlo.root
2025-11-19 16:18:42,988 - INFO - [2016postVFP] MISSING_CENTRAL: ZG3Mu/Central/jets/size in Skim_TriLep_DYJets10to50.root
2025-11-19 16:18:42,989 - INFO - [2016postVFP] MISSING_CENTRAL: ZG3Mu/Central/jets/size in Skim_TriLep_TTG.root
2025-11-19 16:18:42,991 - INFO - [2016postVFP] MISSING_FILE: /home/choij/Sync/workspace/ChargedHiggsAnalysisV3/SKNanoOutput/CRPromptSelector/Run3Mu_RunSyst/2016postVFP/Skim_TriLep_WZTo3LNu_amcatnlo.root
