2025-09-24 15:43:39,174 - INFO - [2016postVFP] MISSING_CENTRAL: ZG3Mu/Central/jets/2/pt in Skim_TriLep_DoubleMuon_F.root
2025-09-24 15:43:39,257 - INFO - [2016postVFP] MISSING_CENTRAL: ZG3Mu/Central/jets/2/pt in Skim_TriLep_DoubleMuon_F.root
2025-09-24 15:43:39,299 - INFO - [2016postVFP] MISSING_CENTRAL: ZG3Mu/Central/jets/2/pt in Skim_TriLep_DYJets10to50.root
2025-09-24 15:43:39,309 - INFO - [2016postVFP] MISSING_CENTRAL: ZG3Mu/Central/jets/2/pt in Skim_TriLep_TTG.root
2025-09-24 15:43:39,310 - INFO - [2016postVFP] MISSING_CENTRAL: ZG3Mu/Central/jets/2/pt in Skim_TriLep_WWG.root
2025-09-24 15:43:39,346 - INFO - [2016postVFP] MISSING_FILE: /Users/choij/Sync/workspace/ChargedHiggsAnalysisV3/SKNanoOutput/CRPromptSelector/Run3Mu_RunSyst/2016postVFP/Skim_TriLep_WZTo3LNu_amcatnlo.root
2025-09-24 15:43:49,426 - INFO - [2016postVFP] MISSING_CENTRAL: ZG3Mu/Central/jets/2/pt in Skim_TriLep_DoubleMuon_F.root
2025-09-24 15:43:49,477 - INFO - [2016postVFP] MISSING_CENTRAL: ZG3Mu/Central/jets/2/pt in Skim_TriLep_DoubleMuon_F.root
2025-09-24 15:43:49,483 - INFO - [2016postVFP] MISSING_CENTRAL: ZG3Mu/Central/jets/2/pt in Skim_TriLep_DYJets10to50.root
2025-09-24 15:43:49,483 - INFO - [2016postVFP] MISSING_CENTRAL: ZG3Mu/Central/jets/2/pt in Skim_TriLep_TTG.root
2025-09-24 15:43:49,484 - INFO - [2016postVFP] MISSING_CENTRAL: ZG3Mu/Central/jets/2/pt in Skim_TriLep_WWG.root
2025-09-24 15:43:49,484 - INFO - [2016postVFP] MISSING_FILE: /Users/choij/Sync/workspace/ChargedHiggsAnalysisV3/SKNanoOutput/CRPromptSelector/Run3Mu_RunSyst/2016postVFP/Skim_TriLep_WZTo3LNu_amcatnlo.root
2025-10-02 21:10:35,448 - INFO - [2016postVFP] MISSING_CENTRAL: ZG3Mu/Central/jets/2/pt in Skim_TriLep_DoubleMuon_F.root
2025-10-02 21:10:35,521 - INFO - [2016postVFP] MISSING_CENTRAL: ZG3Mu/Central/jets/2/pt in Skim_TriLep_DoubleMuon_F.root
2025-10-02 21:10:35,559 - INFO - [2016postVFP] MISSING_CENTRAL: ZG3Mu/Central/jets/2/pt in Skim_TriLep_DYJets10to50.root
2025-10-02 21:10:35,682 - INFO - [2016postVFP] MISSING_CENTRAL: ZG3Mu/Central/jets/2/pt in Skim_TriLep_TTG.root
2025-10-02 21:10:35,724 - INFO - [2016postVFP] MISSING_CENTRAL: ZG3Mu/Central/jets/2/pt in Skim_TriLep_WWG.root
2025-10-02 21:10:36,038 - INFO - [2016postVFP] MISSING_FILE: /data9/Users/choij/Sync/workspace/ChargedHiggsAnalysisV3/SKNanoOutput/CRPromptSelector/Run3Mu_RunSyst/2016postVFP/Skim_TriLep_WZTo3LNu_amcatnlo.root
2025-10-02 21:10:42,023 - INFO - [2016postVFP] MISSING_CENTRAL: ZG3Mu/Central/jets/2/pt in Skim_TriLep_DoubleMuon_F.root
2025-10-02 21:10:42,108 - INFO - [2016postVFP] MISSING_CENTRAL: ZG3Mu/Central/jets/2/pt in Skim_TriLep_DoubleMuon_F.root
2025-10-02 21:10:42,127 - INFO - [2016postVFP] MISSING_CENTRAL: ZG3Mu/Central/jets/2/pt in Skim_TriLep_DYJets10to50.root
2025-10-02 21:10:42,129 - INFO - [2016postVFP] MISSING_CENTRAL: ZG3Mu/Central/jets/2/pt in Skim_TriLep_TTG.root
2025-10-02 21:10:42,131 - INFO - [2016postVFP] MISSING_CENTRAL: ZG3Mu/Central/jets/2/pt in Skim_TriLep_WWG.root
2025-10-02 21:10:42,134 - INFO - [2016postVFP] MISSING_FILE: /data9/Users/choij/Sync/workspace/ChargedHiggsAnalysisV3/SKNanoOutput/CRPromptSelector/Run3Mu_RunSyst/2016postVFP/Skim_TriLep_WZTo3LNu_amcatnlo.root
2025-10-02 23:56:51,126 - INFO - [2016postVFP] MISSING_CENTRAL: ZG3Mu/Central/jets/2/pt in Skim_TriLep_DoubleMuon_F.root
2025-10-02 23:56:51,152 - INFO - [2016postVFP] MISSING_CENTRAL: ZG3Mu/Central/jets/2/pt in Skim_TriLep_DoubleMuon_F.root
2025-10-02 23:56:51,220 - INFO - [2016postVFP] MISSING_CENTRAL: ZG3Mu/Central/jets/2/pt in Skim_TriLep_DYJets10to50.root
2025-10-02 23:56:51,230 - INFO - [2016postVFP] MISSING_CENTRAL: ZG3Mu/Central/jets/2/pt in Skim_TriLep_TTG.root
2025-10-02 23:56:51,230 - INFO - [2016postVFP] MISSING_CENTRAL: ZG3Mu/Central/jets/2/pt in Skim_TriLep_WWG.root
2025-10-02 23:56:51,274 - INFO - [2016postVFP] MISSING_FILE: /Users/choij/Sync/workspace/ChargedHiggsAnalysisV3/SKNanoOutput/CRPromptSelector/Run3Mu_RunSyst/2016postVFP/Skim_TriLep_WZTo3LNu_amcatnlo.root
2025-10-02 23:56:59,835 - INFO - [2016postVFP] MISSING_CENTRAL: ZG3Mu/Central/jets/2/pt in Skim_TriLep_DoubleMuon_F.root
2025-10-02 23:56:59,919 - INFO - [2016postVFP] MISSING_CENTRAL: ZG3Mu/Central/jets/2/pt in Skim_TriLep_DoubleMuon_F.root
2025-10-02 23:56:59,925 - INFO - [2016postVFP] MISSING_CENTRAL: ZG3Mu/Central/jets/2/pt in Skim_TriLep_DYJets10to50.root
2025-10-02 23:56:59,925 - INFO - [2016postVFP] MISSING_CENTRAL: ZG3Mu/Central/jets/2/pt in Skim_TriLep_TTG.root
2025-10-02 23:56:59,925 - INFO - [2016postVFP] MISSING_CENTRAL: ZG3Mu/Central/jets/2/pt in Skim_TriLep_WWG.root
2025-10-02 23:56:59,926 - INFO - [2016postVFP] MISSING_FILE: /Users/choij/Sync/workspace/ChargedHiggsAnalysisV3/SKNanoOutput/CRPromptSelector/Run3Mu_RunSyst/2016postVFP/Skim_TriLep_WZTo3LNu_amcatnlo.root
