2025-12-18 14:20:24,865 - INFO - [2018] MISSING_CENTRAL: TTZ2E1Mu/Central/bjets/3/phi in Skim_TriLep_MuonEG_A.root
2025-12-18 14:20:24,874 - INFO - [2018] MISSING_CENTRAL: TTZ2E1Mu/Central/bjets/3/phi in Skim_TriLep_MuonEG_B.root
2025-12-18 14:20:24,875 - INFO - [2018] MISSING_CENTRAL: TTZ2E1Mu/Central/bjets/3/phi in Skim_TriLep_MuonEG_C.root
2025-12-18 14:20:25,053 - INFO - [2018] MISSING_CENTRAL: TTZ2E1Mu/Central/bjets/3/phi in Skim_TriLep_DYJets.root
2025-12-18 14:20:25,054 - INFO - [2018] MISSING_CENTRAL: TTZ2E1Mu/Central/bjets/3/phi in Skim_TriLep_DYJets10to50.root
2025-12-18 14:20:25,055 - INFO - [2018] MISSING_CENTRAL: TTZ2E1Mu/Central/bjets/3/phi in Skim_TriLep_TTG.root
2025-12-18 14:20:25,057 - INFO - [2018] MISSING_CENTRAL: TTZ2E1Mu/Central/bjets/3/phi in Skim_TriLep_WWG.root
2025-12-18 14:20:25,595 - INFO - [2018] MISSING_CENTRAL: TTZ2E1Mu/Central/bjets/3/phi in Skim_TriLep_WWW.root
2025-12-18 14:20:25,806 - INFO - [2018] MISSING_CENTRAL: TTZ2E1Mu/Central/bjets/3/phi in Skim_TriLep_VBFHToZZTo4L.root
2025-12-18 14:20:25,808 - INFO - [2018] MISSING_CENTRAL: TTZ2E1Mu/Central/bjets/3/phi in Skim_TriLep_ggHToZZTo4L.root
2025-12-18 14:35:50,731 - INFO - [2018] MISSING_CENTRAL: TTZ2E1Mu/Central/bjets/3/phi in Skim_TriLep_MuonEG_A.root
2025-12-18 14:35:50,733 - INFO - [2018] MISSING_CENTRAL: TTZ2E1Mu/Central/bjets/3/phi in Skim_TriLep_MuonEG_B.root
2025-12-18 14:35:50,734 - INFO - [2018] MISSING_CENTRAL: TTZ2E1Mu/Central/bjets/3/phi in Skim_TriLep_MuonEG_C.root
2025-12-18 14:35:50,848 - INFO - [2018] MISSING_CENTRAL: TTZ2E1Mu/Central/bjets/3/phi in Skim_TriLep_DYJets.root
2025-12-18 14:35:50,850 - INFO - [2018] MISSING_CENTRAL: TTZ2E1Mu/Central/bjets/3/phi in Skim_TriLep_DYJets10to50.root
2025-12-18 14:35:50,852 - INFO - [2018] MISSING_CENTRAL: TTZ2E1Mu/Central/bjets/3/phi in Skim_TriLep_TTG.root
2025-12-18 14:35:50,853 - INFO - [2018] MISSING_CENTRAL: TTZ2E1Mu/Central/bjets/3/phi in Skim_TriLep_WWG.root
2025-12-18 14:35:51,038 - INFO - [2018] MISSING_CENTRAL: TTZ2E1Mu/Central/bjets/3/phi in Skim_TriLep_WWW.root
2025-12-18 14:35:51,105 - INFO - [2018] MISSING_CENTRAL: TTZ2E1Mu/Central/bjets/3/phi in Skim_TriLep_VBFHToZZTo4L.root
2025-12-18 14:35:51,107 - INFO - [2018] MISSING_CENTRAL: TTZ2E1Mu/Central/bjets/3/phi in Skim_TriLep_ggHToZZTo4L.root
2025-12-18 21:34:14,051 - INFO - [2018] MISSING_CENTRAL: TTZ2E1Mu/Central/bjets/3/phi in Skim_TriLep_MuonEG_A.root
2025-12-18 21:34:14,052 - INFO - [2018] MISSING_CENTRAL: TTZ2E1Mu/Central/bjets/3/phi in Skim_TriLep_MuonEG_B.root
2025-12-18 21:34:14,054 - INFO - [2018] MISSING_CENTRAL: TTZ2E1Mu/Central/bjets/3/phi in Skim_TriLep_MuonEG_C.root
2025-12-18 21:34:14,148 - INFO - [2018] MISSING_CENTRAL: TTZ2E1Mu/Central/bjets/3/phi in Skim_TriLep_DYJets.root
2025-12-18 21:34:14,149 - INFO - [2018] MISSING_CENTRAL: TTZ2E1Mu/Central/bjets/3/phi in Skim_TriLep_DYJets10to50.root
2025-12-18 21:34:14,150 - INFO - [2018] MISSING_CENTRAL: TTZ2E1Mu/Central/bjets/3/phi in Skim_TriLep_TTG.root
2025-12-18 21:34:14,151 - INFO - [2018] MISSING_CENTRAL: TTZ2E1Mu/Central/bjets/3/phi in Skim_TriLep_WWG.root
2025-12-18 21:34:14,242 - INFO - [2018] MISSING_CENTRAL: TTZ2E1Mu/Central/bjets/3/phi in Skim_TriLep_WWW.root
2025-12-18 21:34:14,293 - INFO - [2018] MISSING_CENTRAL: TTZ2E1Mu/Central/bjets/3/phi in Skim_TriLep_VBFHToZZTo4L.root
2025-12-18 21:34:14,294 - INFO - [2018] MISSING_CENTRAL: TTZ2E1Mu/Central/bjets/3/phi in Skim_TriLep_ggHToZZTo4L.root
2025-12-18 23:43:06,811 - INFO - [2018] MISSING_CENTRAL: TTZ2E1Mu/Central/bjets/3/phi in Skim_TriLep_MuonEG_A.root
2025-12-18 23:43:06,812 - INFO - [2018] MISSING_CENTRAL: TTZ2E1Mu/Central/bjets/3/phi in Skim_TriLep_MuonEG_B.root
2025-12-18 23:43:06,813 - INFO - [2018] MISSING_CENTRAL: TTZ2E1Mu/Central/bjets/3/phi in Skim_TriLep_MuonEG_C.root
2025-12-18 23:43:06,927 - INFO - [2018] MISSING_CENTRAL: TTZ2E1Mu/Central/bjets/3/phi in Skim_TriLep_DYJets.root
2025-12-18 23:43:06,927 - INFO - [2018] MISSING_CENTRAL: TTZ2E1Mu/Central/bjets/3/phi in Skim_TriLep_DYJets10to50.root
2025-12-18 23:43:06,928 - INFO - [2018] MISSING_CENTRAL: TTZ2E1Mu/Central/bjets/3/phi in Skim_TriLep_TTG.root
2025-12-18 23:43:06,928 - INFO - [2018] MISSING_CENTRAL: TTZ2E1Mu/Central/bjets/3/phi in Skim_TriLep_WWG.root
2025-12-18 23:43:07,030 - INFO - [2018] MISSING_CENTRAL: TTZ2E1Mu/Central/bjets/3/phi in Skim_TriLep_WWW.root
2025-12-18 23:43:07,066 - INFO - [2018] MISSING_CENTRAL: TTZ2E1Mu/Central/bjets/3/phi in Skim_TriLep_VBFHToZZTo4L.root
2025-12-18 23:43:07,066 - INFO - [2018] MISSING_CENTRAL: TTZ2E1Mu/Central/bjets/3/phi in Skim_TriLep_ggHToZZTo4L.root
