2025-09-24 16:07:28,220 - INFO - [2022] MISSING_CENTRAL: ZFake1E2Mu/Central/electrons/1/phi in Skim_TriLep_DYJets.root
2025-09-24 16:07:28,221 - INFO - [2022] MISSING_CENTRAL: ZFake1E2Mu/Central/electrons/1/phi in Skim_TriLep_DYJets10to50.root
2025-09-24 16:07:28,221 - INFO - [2022] MISSING_CENTRAL: ZFake1E2Mu/Central/electrons/1/phi in Skim_TriLep_DYGTo2LG_MLL4to50_PTG10to100.root
2025-09-24 16:07:28,221 - INFO - [2022] MISSING_CENTRAL: ZFake1E2Mu/Central/electrons/1/phi in Skim_TriLep_DYGTo2LG_MLL4to50_PTG100to200.root
2025-09-24 16:07:28,221 - INFO - [2022] MISSING_CENTRAL: ZFake1E2Mu/Central/electrons/1/phi in Skim_TriLep_DYGTo2LG_MLL4to50_PTG200toInf.root
2025-09-24 16:07:28,243 - INFO - [2022] MISSING_CENTRAL: ZFake1E2Mu/Central/electrons/1/phi in Skim_TriLep_TTG_PTG10to100.root
2025-09-24 16:07:28,243 - INFO - [2022] MISSING_CENTRAL: ZFake1E2Mu/Central/electrons/1/phi in Skim_TriLep_TTG_PTG100to200.root
2025-09-24 16:07:28,362 - INFO - [2022EE] MISSING_CENTRAL: ZFake1E2Mu/Central/electrons/1/phi in Skim_TriLep_DYJets.root
2025-09-24 16:07:28,363 - INFO - [2022EE] MISSING_CENTRAL: ZFake1E2Mu/Central/electrons/1/phi in Skim_TriLep_DYJets10to50.root
2025-09-24 16:07:28,363 - INFO - [2022EE] MISSING_CENTRAL: ZFake1E2Mu/Central/electrons/1/phi in Skim_TriLep_DYGTo2LG_MLL4to50_PTG10to100.root
2025-09-24 16:07:28,363 - INFO - [2022EE] MISSING_CENTRAL: ZFake1E2Mu/Central/electrons/1/phi in Skim_TriLep_DYGTo2LG_MLL4to50_PTG100to200.root
2025-09-24 16:07:28,364 - INFO - [2022EE] MISSING_CENTRAL: ZFake1E2Mu/Central/electrons/1/phi in Skim_TriLep_DYGTo2LG_MLL4to50_PTG200toInf.root
2025-09-24 16:07:28,498 - INFO - [2023] MISSING_CENTRAL: ZFake1E2Mu/Central/electrons/1/phi in Skim_TriLep_DYJets10to50.root
2025-09-24 16:07:28,498 - INFO - [2023] MISSING_CENTRAL: ZFake1E2Mu/Central/electrons/1/phi in Skim_TriLep_DYGTo2LG_MLL4to50_PTG10to100.root
2025-09-24 16:07:28,499 - INFO - [2023] MISSING_CENTRAL: ZFake1E2Mu/Central/electrons/1/phi in Skim_TriLep_DYGTo2LG_MLL4to50_PTG100to200.root
2025-09-24 16:07:28,499 - INFO - [2023] MISSING_CENTRAL: ZFake1E2Mu/Central/electrons/1/phi in Skim_TriLep_DYGTo2LG_MLL4to50_PTG200toInf.root
2025-09-24 16:07:28,523 - INFO - [2023] MISSING_CENTRAL: ZFake1E2Mu/Central/electrons/1/phi in Skim_TriLep_TTG_PTG10to100.root
2025-09-24 16:07:28,524 - INFO - [2023] MISSING_CENTRAL: ZFake1E2Mu/Central/electrons/1/phi in Skim_TriLep_TTG_PTG100to200.root
2025-09-24 16:07:28,524 - INFO - [2023] MISSING_CENTRAL: ZFake1E2Mu/Central/electrons/1/phi in Skim_TriLep_TTG_PTG200toInf.root
2025-09-24 16:07:28,622 - INFO - [2023BPix] MISSING_CENTRAL: ZFake1E2Mu/Central/electrons/1/phi in Skim_TriLep_DYJets.root
2025-09-24 16:07:28,623 - INFO - [2023BPix] MISSING_CENTRAL: ZFake1E2Mu/Central/electrons/1/phi in Skim_TriLep_DYJets10to50.root
2025-09-24 16:07:28,623 - INFO - [2023BPix] MISSING_CENTRAL: ZFake1E2Mu/Central/electrons/1/phi in Skim_TriLep_DYGTo2LG_MLL4to50_PTG10to100.root
2025-09-24 16:07:28,623 - INFO - [2023BPix] MISSING_CENTRAL: ZFake1E2Mu/Central/electrons/1/phi in Skim_TriLep_DYGTo2LG_MLL4to50_PTG100to200.root
2025-09-24 16:07:28,624 - INFO - [2023BPix] MISSING_CENTRAL: ZFake1E2Mu/Central/electrons/1/phi in Skim_TriLep_DYGTo2LG_MLL4to50_PTG200toInf.root
2025-09-24 16:07:28,668 - INFO - [2023BPix] MISSING_CENTRAL: ZFake1E2Mu/Central/electrons/1/phi in Skim_TriLep_TTG_PTG200toInf.root
