2025-09-24 16:07:28,220 - INFO - [2022] MISSING_CENTRAL: ZFake1E2Mu/Central/electrons/1/charge in Skim_TriLep_DYJets.root
2025-09-24 16:07:28,221 - INFO - [2022] MISSING_CENTRAL: ZFake1E2Mu/Central/electrons/1/charge in Skim_TriLep_DYJets10to50.root
2025-09-24 16:07:28,221 - INFO - [2022] MISSING_CENTRAL: ZFake1E2Mu/Central/electrons/1/charge in Skim_TriLep_DYGTo2LG_MLL4to50_PTG10to100.root
2025-09-24 16:07:28,221 - INFO - [2022] MISSING_CENTRAL: ZFake1E2Mu/Central/electrons/1/charge in Skim_TriLep_DYGTo2LG_MLL4to50_PTG100to200.root
2025-09-24 16:07:28,221 - INFO - [2022] MISSING_CENTRAL: ZFake1E2Mu/Central/electrons/1/charge in Skim_TriLep_DYGTo2LG_MLL4to50_PTG200toInf.root
2025-09-24 16:07:28,234 - INFO - [2022] MISSING_CENTRAL: ZFake1E2Mu/Central/electrons/1/charge in Skim_TriLep_TTG_PTG10to100.root
2025-09-24 16:07:28,234 - INFO - [2022] MISSING_CENTRAL: ZFake1E2Mu/Central/electrons/1/charge in Skim_TriLep_TTG_PTG100to200.root
2025-09-24 16:07:28,330 - INFO - [2022EE] MISSING_CENTRAL: ZFake1E2Mu/Central/electrons/1/charge in Skim_TriLep_DYJets.root
2025-09-24 16:07:28,330 - INFO - [2022EE] MISSING_CENTRAL: ZFake1E2Mu/Central/electrons/1/charge in Skim_TriLep_DYJets10to50.root
2025-09-24 16:07:28,330 - INFO - [2022EE] MISSING_CENTRAL: ZFake1E2Mu/Central/electrons/1/charge in Skim_TriLep_DYGTo2LG_MLL4to50_PTG10to100.root
2025-09-24 16:07:28,330 - INFO - [2022EE] MISSING_CENTRAL: ZFake1E2Mu/Central/electrons/1/charge in Skim_TriLep_DYGTo2LG_MLL4to50_PTG100to200.root
2025-09-24 16:07:28,331 - INFO - [2022EE] MISSING_CENTRAL: ZFake1E2Mu/Central/electrons/1/charge in Skim_TriLep_DYGTo2LG_MLL4to50_PTG200toInf.root
2025-09-24 16:07:28,416 - INFO - [2023] MISSING_CENTRAL: ZFake1E2Mu/Central/electrons/1/charge in Skim_TriLep_DYJets10to50.root
2025-09-24 16:07:28,416 - INFO - [2023] MISSING_CENTRAL: ZFake1E2Mu/Central/electrons/1/charge in Skim_TriLep_DYGTo2LG_MLL4to50_PTG10to100.root
2025-09-24 16:07:28,416 - INFO - [2023] MISSING_CENTRAL: ZFake1E2Mu/Central/electrons/1/charge in Skim_TriLep_DYGTo2LG_MLL4to50_PTG100to200.root
2025-09-24 16:07:28,416 - INFO - [2023] MISSING_CENTRAL: ZFake1E2Mu/Central/electrons/1/charge in Skim_TriLep_DYGTo2LG_MLL4to50_PTG200toInf.root
2025-09-24 16:07:28,442 - INFO - [2023] MISSING_CENTRAL: ZFake1E2Mu/Central/electrons/1/charge in Skim_TriLep_TTG_PTG10to100.root
2025-09-24 16:07:28,442 - INFO - [2023] MISSING_CENTRAL: ZFake1E2Mu/Central/electrons/1/charge in Skim_TriLep_TTG_PTG100to200.root
2025-09-24 16:07:28,443 - INFO - [2023] MISSING_CENTRAL: ZFake1E2Mu/Central/electrons/1/charge in Skim_TriLep_TTG_PTG200toInf.root
2025-09-24 16:07:28,522 - INFO - [2023BPix] MISSING_CENTRAL: ZFake1E2Mu/Central/electrons/1/charge in Skim_TriLep_DYJets.root
2025-09-24 16:07:28,522 - INFO - [2023BPix] MISSING_CENTRAL: ZFake1E2Mu/Central/electrons/1/charge in Skim_TriLep_DYJets10to50.root
2025-09-24 16:07:28,523 - INFO - [2023BPix] MISSING_CENTRAL: ZFake1E2Mu/Central/electrons/1/charge in Skim_TriLep_DYGTo2LG_MLL4to50_PTG10to100.root
2025-09-24 16:07:28,523 - INFO - [2023BPix] MISSING_CENTRAL: ZFake1E2Mu/Central/electrons/1/charge in Skim_TriLep_DYGTo2LG_MLL4to50_PTG100to200.root
2025-09-24 16:07:28,523 - INFO - [2023BPix] MISSING_CENTRAL: ZFake1E2Mu/Central/electrons/1/charge in Skim_TriLep_DYGTo2LG_MLL4to50_PTG200toInf.root
2025-09-24 16:07:28,567 - INFO - [2023BPix] MISSING_CENTRAL: ZFake1E2Mu/Central/electrons/1/charge in Skim_TriLep_TTG_PTG200toInf.root
