2025-09-24 16:07:39,880 - INFO - [2022EE] MISSING_CENTRAL: ZFake1E2Mu/Central/jets/3/pt in Skim_TriLep_MuonEG_G.root
2025-09-24 16:07:39,881 - INFO - [2023] MISSING_CENTRAL: ZFake1E2Mu/Central/jets/3/pt in Skim_TriLep_MuonEG_C_v2.root
2025-09-24 16:07:39,882 - INFO - [2023BPix] MISSING_CENTRAL: ZFake1E2Mu/Central/jets/3/pt in Skim_TriLep_MuonEG_D_v2.root
2025-09-24 16:07:39,888 - INFO - [2022] MISSING_CENTRAL: ZFake1E2Mu/Central/jets/3/pt in Skim_TriLep_DYJets.root
2025-09-24 16:07:39,888 - INFO - [2022] MISSING_CENTRAL: ZFake1E2Mu/Central/jets/3/pt in Skim_TriLep_DYJets10to50.root
2025-09-24 16:07:39,889 - INFO - [2022] MISSING_CENTRAL: ZFake1E2Mu/Central/jets/3/pt in Skim_TriLep_DYGTo2LG_MLL4to50_PTG10to100.root
2025-09-24 16:07:39,889 - INFO - [2022] MISSING_CENTRAL: ZFake1E2Mu/Central/jets/3/pt in Skim_TriLep_DYGTo2LG_MLL4to50_PTG100to200.root
2025-09-24 16:07:39,889 - INFO - [2022] MISSING_CENTRAL: ZFake1E2Mu/Central/jets/3/pt in Skim_TriLep_DYGTo2LG_MLL4to50_PTG200toInf.root
2025-09-24 16:07:39,899 - INFO - [2022] MISSING_CENTRAL: ZFake1E2Mu/Central/jets/3/pt in Skim_TriLep_DYGTo2LG_MLL50_PTG100to200.root
2025-09-24 16:07:39,908 - INFO - [2022] MISSING_CENTRAL: ZFake1E2Mu/Central/jets/3/pt in Skim_TriLep_TTG_PTG10to100.root
2025-09-24 16:07:39,908 - INFO - [2022] MISSING_CENTRAL: ZFake1E2Mu/Central/jets/3/pt in Skim_TriLep_TTG_PTG100to200.root
2025-09-24 16:07:39,908 - INFO - [2022] MISSING_CENTRAL: ZFake1E2Mu/Central/jets/3/pt in Skim_TriLep_TTG_PTG200toInf.root
2025-09-24 16:07:39,909 - INFO - [2022] MISSING_CENTRAL: ZFake1E2Mu/Central/jets/3/pt in Skim_TriLep_TTWToLNu.root
2025-09-24 16:07:39,909 - INFO - [2022] MISSING_CENTRAL: ZFake1E2Mu/Central/jets/3/pt in Skim_TriLep_TTZ_M4to50.root
2025-09-24 16:07:40,034 - INFO - [2022] MISSING_CENTRAL: ZFake1E2Mu/Central/jets/3/pt in Skim_TriLep_WWW.root
2025-09-24 16:07:40,101 - INFO - [2022EE] MISSING_CENTRAL: ZFake1E2Mu/Central/jets/3/pt in Skim_TriLep_DYJets.root
2025-09-24 16:07:40,101 - INFO - [2022EE] MISSING_CENTRAL: ZFake1E2Mu/Central/jets/3/pt in Skim_TriLep_DYJets10to50.root
2025-09-24 16:07:40,102 - INFO - [2022EE] MISSING_CENTRAL: ZFake1E2Mu/Central/jets/3/pt in Skim_TriLep_DYGTo2LG_MLL4to50_PTG10to100.root
2025-09-24 16:07:40,102 - INFO - [2022EE] MISSING_CENTRAL: ZFake1E2Mu/Central/jets/3/pt in Skim_TriLep_DYGTo2LG_MLL4to50_PTG100to200.root
2025-09-24 16:07:40,102 - INFO - [2022EE] MISSING_CENTRAL: ZFake1E2Mu/Central/jets/3/pt in Skim_TriLep_DYGTo2LG_MLL4to50_PTG200toInf.root
2025-09-24 16:07:40,151 - INFO - [2022EE] MISSING_CENTRAL: ZFake1E2Mu/Central/jets/3/pt in Skim_TriLep_TTG_PTG10to100.root
2025-09-24 16:07:40,151 - INFO - [2022EE] MISSING_CENTRAL: ZFake1E2Mu/Central/jets/3/pt in Skim_TriLep_TTG_PTG100to200.root
2025-09-24 16:07:40,152 - INFO - [2022EE] MISSING_CENTRAL: ZFake1E2Mu/Central/jets/3/pt in Skim_TriLep_TTG_PTG200toInf.root
2025-09-24 16:07:40,324 - INFO - [2023] MISSING_CENTRAL: ZFake1E2Mu/Central/jets/3/pt in Skim_TriLep_DYJets.root
2025-09-24 16:07:40,324 - INFO - [2023] MISSING_CENTRAL: ZFake1E2Mu/Central/jets/3/pt in Skim_TriLep_DYJets10to50.root
2025-09-24 16:07:40,324 - INFO - [2023] MISSING_CENTRAL: ZFake1E2Mu/Central/jets/3/pt in Skim_TriLep_DYGTo2LG_MLL4to50_PTG10to100.root
2025-09-24 16:07:40,325 - INFO - [2023] MISSING_CENTRAL: ZFake1E2Mu/Central/jets/3/pt in Skim_TriLep_DYGTo2LG_MLL4to50_PTG100to200.root
2025-09-24 16:07:40,325 - INFO - [2023] MISSING_CENTRAL: ZFake1E2Mu/Central/jets/3/pt in Skim_TriLep_DYGTo2LG_MLL4to50_PTG200toInf.root
2025-09-24 16:07:40,403 - INFO - [2023] MISSING_CENTRAL: ZFake1E2Mu/Central/jets/3/pt in Skim_TriLep_TTG_PTG10to100.root
2025-09-24 16:07:40,404 - INFO - [2023] MISSING_CENTRAL: ZFake1E2Mu/Central/jets/3/pt in Skim_TriLep_TTG_PTG100to200.root
2025-09-24 16:07:40,404 - INFO - [2023] MISSING_CENTRAL: ZFake1E2Mu/Central/jets/3/pt in Skim_TriLep_TTG_PTG200toInf.root
2025-09-24 16:07:40,479 - INFO - [2023] MISSING_CENTRAL: ZFake1E2Mu/Central/jets/3/pt in Skim_TriLep_tHq.root
2025-09-24 16:07:40,544 - INFO - [2023BPix] MISSING_CENTRAL: ZFake1E2Mu/Central/jets/3/pt in Skim_TriLep_MuonEG_D_v2.root
2025-09-24 16:07:40,545 - INFO - [2023BPix] MISSING_CENTRAL: ZFake1E2Mu/Central/jets/3/pt in Skim_TriLep_DYJets.root
2025-09-24 16:07:40,545 - INFO - [2023BPix] MISSING_CENTRAL: ZFake1E2Mu/Central/jets/3/pt in Skim_TriLep_DYJets10to50.root
2025-09-24 16:07:40,545 - INFO - [2023BPix] MISSING_CENTRAL: ZFake1E2Mu/Central/jets/3/pt in Skim_TriLep_DYGTo2LG_MLL4to50_PTG10to100.root
2025-09-24 16:07:40,546 - INFO - [2023BPix] MISSING_CENTRAL: ZFake1E2Mu/Central/jets/3/pt in Skim_TriLep_DYGTo2LG_MLL4to50_PTG100to200.root
2025-09-24 16:07:40,546 - INFO - [2023BPix] MISSING_CENTRAL: ZFake1E2Mu/Central/jets/3/pt in Skim_TriLep_DYGTo2LG_MLL4to50_PTG200toInf.root
2025-09-24 16:07:40,635 - INFO - [2023BPix] MISSING_CENTRAL: ZFake1E2Mu/Central/jets/3/pt in Skim_TriLep_TTG_PTG100to200.root
2025-09-24 16:07:40,636 - INFO - [2023BPix] MISSING_CENTRAL: ZFake1E2Mu/Central/jets/3/pt in Skim_TriLep_TTG_PTG200toInf.root
2025-09-24 16:07:40,721 - INFO - [2023BPix] MISSING_CENTRAL: ZFake1E2Mu/Central/jets/3/pt in Skim_TriLep_tHq.root
2025-09-24 16:07:40,722 - INFO - [2023BPix] MISSING_CENTRAL: ZFake1E2Mu/Central/jets/3/pt in Skim_TriLep_WWW.root
