2025-09-24 16:07:39,822 - INFO - [2022EE] MISSING_CENTRAL: ZFake1E2Mu/Central/jets/3/phi in Skim_TriLep_MuonEG_G.root
2025-09-24 16:07:39,823 - INFO - [2023] MISSING_CENTRAL: ZFake1E2Mu/Central/jets/3/phi in Skim_TriLep_MuonEG_C_v2.root
2025-09-24 16:07:39,824 - INFO - [2023BPix] MISSING_CENTRAL: ZFake1E2Mu/Central/jets/3/phi in Skim_TriLep_MuonEG_D_v2.root
2025-09-24 16:07:39,830 - INFO - [2022] MISSING_CENTRAL: ZFake1E2Mu/Central/jets/3/phi in Skim_TriLep_DYJets.root
2025-09-24 16:07:39,830 - INFO - [2022] MISSING_CENTRAL: ZFake1E2Mu/Central/jets/3/phi in Skim_TriLep_DYJets10to50.root
2025-09-24 16:07:39,830 - INFO - [2022] MISSING_CENTRAL: ZFake1E2Mu/Central/jets/3/phi in Skim_TriLep_DYGTo2LG_MLL4to50_PTG10to100.root
2025-09-24 16:07:39,830 - INFO - [2022] MISSING_CENTRAL: ZFake1E2Mu/Central/jets/3/phi in Skim_TriLep_DYGTo2LG_MLL4to50_PTG100to200.root
2025-09-24 16:07:39,831 - INFO - [2022] MISSING_CENTRAL: ZFake1E2Mu/Central/jets/3/phi in Skim_TriLep_DYGTo2LG_MLL4to50_PTG200toInf.root
2025-09-24 16:07:39,837 - INFO - [2022] MISSING_CENTRAL: ZFake1E2Mu/Central/jets/3/phi in Skim_TriLep_DYGTo2LG_MLL50_PTG100to200.root
2025-09-24 16:07:39,841 - INFO - [2022] MISSING_CENTRAL: ZFake1E2Mu/Central/jets/3/phi in Skim_TriLep_TTG_PTG10to100.root
2025-09-24 16:07:39,842 - INFO - [2022] MISSING_CENTRAL: ZFake1E2Mu/Central/jets/3/phi in Skim_TriLep_TTG_PTG100to200.root
2025-09-24 16:07:39,842 - INFO - [2022] MISSING_CENTRAL: ZFake1E2Mu/Central/jets/3/phi in Skim_TriLep_TTG_PTG200toInf.root
2025-09-24 16:07:39,842 - INFO - [2022] MISSING_CENTRAL: ZFake1E2Mu/Central/jets/3/phi in Skim_TriLep_TTWToLNu.root
2025-09-24 16:07:39,843 - INFO - [2022] MISSING_CENTRAL: ZFake1E2Mu/Central/jets/3/phi in Skim_TriLep_TTZ_M4to50.root
2025-09-24 16:07:39,907 - INFO - [2022] MISSING_CENTRAL: ZFake1E2Mu/Central/jets/3/phi in Skim_TriLep_WWW.root
2025-09-24 16:07:39,957 - INFO - [2022EE] MISSING_CENTRAL: ZFake1E2Mu/Central/jets/3/phi in Skim_TriLep_DYJets.root
2025-09-24 16:07:39,957 - INFO - [2022EE] MISSING_CENTRAL: ZFake1E2Mu/Central/jets/3/phi in Skim_TriLep_DYJets10to50.root
2025-09-24 16:07:39,958 - INFO - [2022EE] MISSING_CENTRAL: ZFake1E2Mu/Central/jets/3/phi in Skim_TriLep_DYGTo2LG_MLL4to50_PTG10to100.root
2025-09-24 16:07:39,958 - INFO - [2022EE] MISSING_CENTRAL: ZFake1E2Mu/Central/jets/3/phi in Skim_TriLep_DYGTo2LG_MLL4to50_PTG100to200.root
2025-09-24 16:07:39,958 - INFO - [2022EE] MISSING_CENTRAL: ZFake1E2Mu/Central/jets/3/phi in Skim_TriLep_DYGTo2LG_MLL4to50_PTG200toInf.root
2025-09-24 16:07:39,974 - INFO - [2022EE] MISSING_CENTRAL: ZFake1E2Mu/Central/jets/3/phi in Skim_TriLep_TTG_PTG10to100.root
2025-09-24 16:07:39,976 - INFO - [2022EE] MISSING_CENTRAL: ZFake1E2Mu/Central/jets/3/phi in Skim_TriLep_TTG_PTG100to200.root
2025-09-24 16:07:39,976 - INFO - [2022EE] MISSING_CENTRAL: ZFake1E2Mu/Central/jets/3/phi in Skim_TriLep_TTG_PTG200toInf.root
2025-09-24 16:07:40,108 - INFO - [2023] MISSING_CENTRAL: ZFake1E2Mu/Central/jets/3/phi in Skim_TriLep_DYJets.root
2025-09-24 16:07:40,108 - INFO - [2023] MISSING_CENTRAL: ZFake1E2Mu/Central/jets/3/phi in Skim_TriLep_DYJets10to50.root
2025-09-24 16:07:40,109 - INFO - [2023] MISSING_CENTRAL: ZFake1E2Mu/Central/jets/3/phi in Skim_TriLep_DYGTo2LG_MLL4to50_PTG10to100.root
2025-09-24 16:07:40,109 - INFO - [2023] MISSING_CENTRAL: ZFake1E2Mu/Central/jets/3/phi in Skim_TriLep_DYGTo2LG_MLL4to50_PTG100to200.root
2025-09-24 16:07:40,109 - INFO - [2023] MISSING_CENTRAL: ZFake1E2Mu/Central/jets/3/phi in Skim_TriLep_DYGTo2LG_MLL4to50_PTG200toInf.root
2025-09-24 16:07:40,132 - INFO - [2023] MISSING_CENTRAL: ZFake1E2Mu/Central/jets/3/phi in Skim_TriLep_TTG_PTG10to100.root
2025-09-24 16:07:40,132 - INFO - [2023] MISSING_CENTRAL: ZFake1E2Mu/Central/jets/3/phi in Skim_TriLep_TTG_PTG100to200.root
2025-09-24 16:07:40,132 - INFO - [2023] MISSING_CENTRAL: ZFake1E2Mu/Central/jets/3/phi in Skim_TriLep_TTG_PTG200toInf.root
2025-09-24 16:07:40,173 - INFO - [2023] MISSING_CENTRAL: ZFake1E2Mu/Central/jets/3/phi in Skim_TriLep_tHq.root
2025-09-24 16:07:40,211 - INFO - [2023BPix] MISSING_CENTRAL: ZFake1E2Mu/Central/jets/3/phi in Skim_TriLep_MuonEG_D_v2.root
2025-09-24 16:07:40,211 - INFO - [2023BPix] MISSING_CENTRAL: ZFake1E2Mu/Central/jets/3/phi in Skim_TriLep_DYJets.root
2025-09-24 16:07:40,212 - INFO - [2023BPix] MISSING_CENTRAL: ZFake1E2Mu/Central/jets/3/phi in Skim_TriLep_DYJets10to50.root
2025-09-24 16:07:40,212 - INFO - [2023BPix] MISSING_CENTRAL: ZFake1E2Mu/Central/jets/3/phi in Skim_TriLep_DYGTo2LG_MLL4to50_PTG10to100.root
2025-09-24 16:07:40,212 - INFO - [2023BPix] MISSING_CENTRAL: ZFake1E2Mu/Central/jets/3/phi in Skim_TriLep_DYGTo2LG_MLL4to50_PTG100to200.root
2025-09-24 16:07:40,213 - INFO - [2023BPix] MISSING_CENTRAL: ZFake1E2Mu/Central/jets/3/phi in Skim_TriLep_DYGTo2LG_MLL4to50_PTG200toInf.root
2025-09-24 16:07:40,252 - INFO - [2023BPix] MISSING_CENTRAL: ZFake1E2Mu/Central/jets/3/phi in Skim_TriLep_TTG_PTG100to200.root
2025-09-24 16:07:40,252 - INFO - [2023BPix] MISSING_CENTRAL: ZFake1E2Mu/Central/jets/3/phi in Skim_TriLep_TTG_PTG200toInf.root
2025-09-24 16:07:40,290 - INFO - [2023BPix] MISSING_CENTRAL: ZFake1E2Mu/Central/jets/3/phi in Skim_TriLep_tHq.root
2025-09-24 16:07:40,290 - INFO - [2023BPix] MISSING_CENTRAL: ZFake1E2Mu/Central/jets/3/phi in Skim_TriLep_WWW.root
