2025-09-24 16:07:34,500 - INFO - [2022] MISSING_CENTRAL: ZFake1E2Mu/Central/jets/1/py in Skim_TriLep_DYJets.root
2025-09-24 16:07:34,500 - INFO - [2022] MISSING_CENTRAL: ZFake1E2Mu/Central/jets/1/py in Skim_TriLep_DYJets10to50.root
2025-09-24 16:07:34,500 - INFO - [2022] MISSING_CENTRAL: ZFake1E2Mu/Central/jets/1/py in Skim_TriLep_DYGTo2LG_MLL4to50_PTG10to100.root
2025-09-24 16:07:34,501 - INFO - [2022] MISSING_CENTRAL: ZFake1E2Mu/Central/jets/1/py in Skim_TriLep_DYGTo2LG_MLL4to50_PTG100to200.root
2025-09-24 16:07:34,501 - INFO - [2022] MISSING_CENTRAL: ZFake1E2Mu/Central/jets/1/py in Skim_TriLep_DYGTo2LG_MLL4to50_PTG200toInf.root
2025-09-24 16:07:34,674 - INFO - [2022] MISSING_CENTRAL: ZFake1E2Mu/Central/jets/1/py in Skim_TriLep_TTG_PTG10to100.root
2025-09-24 16:07:34,675 - INFO - [2022] MISSING_CENTRAL: ZFake1E2Mu/Central/jets/1/py in Skim_TriLep_TTG_PTG100to200.root
2025-09-24 16:07:34,993 - INFO - [2022EE] MISSING_CENTRAL: ZFake1E2Mu/Central/jets/1/py in Skim_TriLep_DYJets.root
2025-09-24 16:07:34,993 - INFO - [2022EE] MISSING_CENTRAL: ZFake1E2Mu/Central/jets/1/py in Skim_TriLep_DYJets10to50.root
2025-09-24 16:07:34,994 - INFO - [2022EE] MISSING_CENTRAL: ZFake1E2Mu/Central/jets/1/py in Skim_TriLep_DYGTo2LG_MLL4to50_PTG10to100.root
2025-09-24 16:07:34,994 - INFO - [2022EE] MISSING_CENTRAL: ZFake1E2Mu/Central/jets/1/py in Skim_TriLep_DYGTo2LG_MLL4to50_PTG100to200.root
2025-09-24 16:07:34,994 - INFO - [2022EE] MISSING_CENTRAL: ZFake1E2Mu/Central/jets/1/py in Skim_TriLep_DYGTo2LG_MLL4to50_PTG200toInf.root
2025-09-24 16:07:35,839 - INFO - [2023] MISSING_CENTRAL: ZFake1E2Mu/Central/jets/1/py in Skim_TriLep_DYJets10to50.root
2025-09-24 16:07:35,839 - INFO - [2023] MISSING_CENTRAL: ZFake1E2Mu/Central/jets/1/py in Skim_TriLep_DYGTo2LG_MLL4to50_PTG10to100.root
2025-09-24 16:07:35,839 - INFO - [2023] MISSING_CENTRAL: ZFake1E2Mu/Central/jets/1/py in Skim_TriLep_DYGTo2LG_MLL4to50_PTG100to200.root
2025-09-24 16:07:35,840 - INFO - [2023] MISSING_CENTRAL: ZFake1E2Mu/Central/jets/1/py in Skim_TriLep_DYGTo2LG_MLL4to50_PTG200toInf.root
2025-09-24 16:07:36,137 - INFO - [2023] MISSING_CENTRAL: ZFake1E2Mu/Central/jets/1/py in Skim_TriLep_TTG_PTG10to100.root
2025-09-24 16:07:36,137 - INFO - [2023] MISSING_CENTRAL: ZFake1E2Mu/Central/jets/1/py in Skim_TriLep_TTG_PTG100to200.root
2025-09-24 16:07:36,138 - INFO - [2023] MISSING_CENTRAL: ZFake1E2Mu/Central/jets/1/py in Skim_TriLep_TTG_PTG200toInf.root
2025-09-24 16:07:36,387 - INFO - [2023BPix] MISSING_CENTRAL: ZFake1E2Mu/Central/jets/1/py in Skim_TriLep_DYJets.root
2025-09-24 16:07:36,387 - INFO - [2023BPix] MISSING_CENTRAL: ZFake1E2Mu/Central/jets/1/py in Skim_TriLep_DYJets10to50.root
2025-09-24 16:07:36,388 - INFO - [2023BPix] MISSING_CENTRAL: ZFake1E2Mu/Central/jets/1/py in Skim_TriLep_DYGTo2LG_MLL4to50_PTG10to100.root
2025-09-24 16:07:36,388 - INFO - [2023BPix] MISSING_CENTRAL: ZFake1E2Mu/Central/jets/1/py in Skim_TriLep_DYGTo2LG_MLL4to50_PTG100to200.root
2025-09-24 16:07:36,388 - INFO - [2023BPix] MISSING_CENTRAL: ZFake1E2Mu/Central/jets/1/py in Skim_TriLep_DYGTo2LG_MLL4to50_PTG200toInf.root
2025-09-24 16:07:36,496 - INFO - [2023BPix] MISSING_CENTRAL: ZFake1E2Mu/Central/jets/1/py in Skim_TriLep_TTG_PTG200toInf.root
2025-10-02 21:23:28,761 - INFO - [2022] MISSING_CENTRAL: ZFake1E2Mu/Central/jets/1/py in Skim_TriLep_DYJets.root
2025-10-02 21:23:28,763 - INFO - [2022] MISSING_CENTRAL: ZFake1E2Mu/Central/jets/1/py in Skim_TriLep_DYJets10to50.root
2025-10-02 21:23:28,765 - INFO - [2022] MISSING_CENTRAL: ZFake1E2Mu/Central/jets/1/py in Skim_TriLep_DYGTo2LG_MLL4to50_PTG10to100.root
2025-10-02 21:23:28,768 - INFO - [2022] MISSING_CENTRAL: ZFake1E2Mu/Central/jets/1/py in Skim_TriLep_DYGTo2LG_MLL4to50_PTG100to200.root
2025-10-02 21:23:28,777 - INFO - [2022] MISSING_CENTRAL: ZFake1E2Mu/Central/jets/1/py in Skim_TriLep_DYGTo2LG_MLL4to50_PTG200toInf.root
2025-10-02 21:23:28,891 - INFO - [2022] MISSING_CENTRAL: ZFake1E2Mu/Central/jets/1/py in Skim_TriLep_TTG_PTG10to100.root
2025-10-02 21:23:28,892 - INFO - [2022] MISSING_CENTRAL: ZFake1E2Mu/Central/jets/1/py in Skim_TriLep_TTG_PTG100to200.root
2025-10-02 21:23:29,410 - INFO - [2022EE] MISSING_CENTRAL: ZFake1E2Mu/Central/jets/1/py in Skim_TriLep_DYJets.root
2025-10-02 21:23:29,411 - INFO - [2022EE] MISSING_CENTRAL: ZFake1E2Mu/Central/jets/1/py in Skim_TriLep_DYJets10to50.root
2025-10-02 21:23:29,412 - INFO - [2022EE] MISSING_CENTRAL: ZFake1E2Mu/Central/jets/1/py in Skim_TriLep_DYGTo2LG_MLL4to50_PTG10to100.root
2025-10-02 21:23:29,413 - INFO - [2022EE] MISSING_CENTRAL: ZFake1E2Mu/Central/jets/1/py in Skim_TriLep_DYGTo2LG_MLL4to50_PTG100to200.root
2025-10-02 21:23:29,424 - INFO - [2022EE] MISSING_CENTRAL: ZFake1E2Mu/Central/jets/1/py in Skim_TriLep_DYGTo2LG_MLL4to50_PTG200toInf.root
2025-10-02 21:23:30,217 - INFO - [2023] MISSING_CENTRAL: ZFake1E2Mu/Central/jets/1/py in Skim_TriLep_DYJets10to50.root
2025-10-02 21:23:30,220 - INFO - [2023] MISSING_CENTRAL: ZFake1E2Mu/Central/jets/1/py in Skim_TriLep_DYGTo2LG_MLL4to50_PTG10to100.root
2025-10-02 21:23:30,221 - INFO - [2023] MISSING_CENTRAL: ZFake1E2Mu/Central/jets/1/py in Skim_TriLep_DYGTo2LG_MLL4to50_PTG100to200.root
2025-10-02 21:23:30,223 - INFO - [2023] MISSING_CENTRAL: ZFake1E2Mu/Central/jets/1/py in Skim_TriLep_DYGTo2LG_MLL4to50_PTG200toInf.root
2025-10-02 21:23:30,359 - INFO - [2023] MISSING_CENTRAL: ZFake1E2Mu/Central/jets/1/py in Skim_TriLep_TTG_PTG10to100.root
2025-10-02 21:23:30,361 - INFO - [2023] MISSING_CENTRAL: ZFake1E2Mu/Central/jets/1/py in Skim_TriLep_TTG_PTG100to200.root
2025-10-02 21:23:30,362 - INFO - [2023] MISSING_CENTRAL: ZFake1E2Mu/Central/jets/1/py in Skim_TriLep_TTG_PTG200toInf.root
2025-10-02 21:23:30,776 - INFO - [2023BPix] MISSING_CENTRAL: ZFake1E2Mu/Central/jets/1/py in Skim_TriLep_DYJets.root
2025-10-02 21:23:30,777 - INFO - [2023BPix] MISSING_CENTRAL: ZFake1E2Mu/Central/jets/1/py in Skim_TriLep_DYJets10to50.root
2025-10-02 21:23:30,779 - INFO - [2023BPix] MISSING_CENTRAL: ZFake1E2Mu/Central/jets/1/py in Skim_TriLep_DYGTo2LG_MLL4to50_PTG10to100.root
2025-10-02 21:23:30,780 - INFO - [2023BPix] MISSING_CENTRAL: ZFake1E2Mu/Central/jets/1/py in Skim_TriLep_DYGTo2LG_MLL4to50_PTG100to200.root
2025-10-02 21:23:30,782 - INFO - [2023BPix] MISSING_CENTRAL: ZFake1E2Mu/Central/jets/1/py in Skim_TriLep_DYGTo2LG_MLL4to50_PTG200toInf.root
2025-10-02 21:23:30,966 - INFO - [2023BPix] MISSING_CENTRAL: ZFake1E2Mu/Central/jets/1/py in Skim_TriLep_TTG_PTG200toInf.root
2025-10-03 00:39:48,069 - INFO - [2022] MISSING_CENTRAL: ZFake1E2Mu/Central/jets/1/py in Skim_TriLep_DYJets.root
2025-10-03 00:39:48,070 - INFO - [2022] MISSING_CENTRAL: ZFake1E2Mu/Central/jets/1/py in Skim_TriLep_DYJets10to50.root
2025-10-03 00:39:48,070 - INFO - [2022] MISSING_CENTRAL: ZFake1E2Mu/Central/jets/1/py in Skim_TriLep_DYGTo2LG_MLL4to50_PTG10to100.root
2025-10-03 00:39:48,071 - INFO - [2022] MISSING_CENTRAL: ZFake1E2Mu/Central/jets/1/py in Skim_TriLep_DYGTo2LG_MLL4to50_PTG100to200.root
2025-10-03 00:39:48,072 - INFO - [2022] MISSING_CENTRAL: ZFake1E2Mu/Central/jets/1/py in Skim_TriLep_DYGTo2LG_MLL4to50_PTG200toInf.root
2025-10-03 00:39:48,209 - INFO - [2022] MISSING_CENTRAL: ZFake1E2Mu/Central/jets/1/py in Skim_TriLep_TTG_PTG10to100.root
2025-10-03 00:39:48,210 - INFO - [2022] MISSING_CENTRAL: ZFake1E2Mu/Central/jets/1/py in Skim_TriLep_TTG_PTG100to200.root
2025-10-03 00:39:49,128 - INFO - [2022EE] MISSING_CENTRAL: ZFake1E2Mu/Central/jets/1/py in Skim_TriLep_DYJets.root
2025-10-03 00:39:49,129 - INFO - [2022EE] MISSING_CENTRAL: ZFake1E2Mu/Central/jets/1/py in Skim_TriLep_DYJets10to50.root
2025-10-03 00:39:49,130 - INFO - [2022EE] MISSING_CENTRAL: ZFake1E2Mu/Central/jets/1/py in Skim_TriLep_DYGTo2LG_MLL4to50_PTG10to100.root
2025-10-03 00:39:49,130 - INFO - [2022EE] MISSING_CENTRAL: ZFake1E2Mu/Central/jets/1/py in Skim_TriLep_DYGTo2LG_MLL4to50_PTG100to200.root
2025-10-03 00:39:49,131 - INFO - [2022EE] MISSING_CENTRAL: ZFake1E2Mu/Central/jets/1/py in Skim_TriLep_DYGTo2LG_MLL4to50_PTG200toInf.root
2025-10-03 00:39:50,328 - INFO - [2023] MISSING_CENTRAL: ZFake1E2Mu/Central/jets/1/py in Skim_TriLep_DYJets10to50.root
2025-10-03 00:39:50,329 - INFO - [2023] MISSING_CENTRAL: ZFake1E2Mu/Central/jets/1/py in Skim_TriLep_DYGTo2LG_MLL4to50_PTG10to100.root
2025-10-03 00:39:50,330 - INFO - [2023] MISSING_CENTRAL: ZFake1E2Mu/Central/jets/1/py in Skim_TriLep_DYGTo2LG_MLL4to50_PTG100to200.root
2025-10-03 00:39:50,330 - INFO - [2023] MISSING_CENTRAL: ZFake1E2Mu/Central/jets/1/py in Skim_TriLep_DYGTo2LG_MLL4to50_PTG200toInf.root
2025-10-03 00:39:50,561 - INFO - [2023] MISSING_CENTRAL: ZFake1E2Mu/Central/jets/1/py in Skim_TriLep_TTG_PTG10to100.root
2025-10-03 00:39:50,566 - INFO - [2023] MISSING_CENTRAL: ZFake1E2Mu/Central/jets/1/py in Skim_TriLep_TTG_PTG100to200.root
2025-10-03 00:39:50,567 - INFO - [2023] MISSING_CENTRAL: ZFake1E2Mu/Central/jets/1/py in Skim_TriLep_TTG_PTG200toInf.root
2025-10-03 00:39:51,498 - INFO - [2023BPix] MISSING_CENTRAL: ZFake1E2Mu/Central/jets/1/py in Skim_TriLep_DYJets.root
2025-10-03 00:39:51,499 - INFO - [2023BPix] MISSING_CENTRAL: ZFake1E2Mu/Central/jets/1/py in Skim_TriLep_DYJets10to50.root
2025-10-03 00:39:51,499 - INFO - [2023BPix] MISSING_CENTRAL: ZFake1E2Mu/Central/jets/1/py in Skim_TriLep_DYGTo2LG_MLL4to50_PTG10to100.root
2025-10-03 00:39:51,500 - INFO - [2023BPix] MISSING_CENTRAL: ZFake1E2Mu/Central/jets/1/py in Skim_TriLep_DYGTo2LG_MLL4to50_PTG100to200.root
2025-10-03 00:39:51,501 - INFO - [2023BPix] MISSING_CENTRAL: ZFake1E2Mu/Central/jets/1/py in Skim_TriLep_DYGTo2LG_MLL4to50_PTG200toInf.root
2025-10-03 00:39:51,793 - INFO - [2023BPix] MISSING_CENTRAL: ZFake1E2Mu/Central/jets/1/py in Skim_TriLep_TTG_PTG200toInf.root
