2025-09-24 16:07:39,102 - INFO - [2022] MISSING_CENTRAL: ZFake1E2Mu/Central/jets/2/energy in Skim_TriLep_DYJets.root
2025-09-24 16:07:39,103 - INFO - [2022] MISSING_CENTRAL: ZFake1E2Mu/Central/jets/2/energy in Skim_TriLep_DYJets10to50.root
2025-09-24 16:07:39,103 - INFO - [2022] MISSING_CENTRAL: ZFake1E2Mu/Central/jets/2/energy in Skim_TriLep_DYGTo2LG_MLL4to50_PTG10to100.root
2025-09-24 16:07:39,103 - INFO - [2022] MISSING_CENTRAL: ZFake1E2Mu/Central/jets/2/energy in Skim_TriLep_DYGTo2LG_MLL4to50_PTG100to200.root
2025-09-24 16:07:39,103 - INFO - [2022] MISSING_CENTRAL: ZFake1E2Mu/Central/jets/2/energy in Skim_TriLep_DYGTo2LG_MLL4to50_PTG200toInf.root
2025-09-24 16:07:39,173 - INFO - [2022] MISSING_CENTRAL: ZFake1E2Mu/Central/jets/2/energy in Skim_TriLep_TTG_PTG10to100.root
2025-09-24 16:07:39,173 - INFO - [2022] MISSING_CENTRAL: ZFake1E2Mu/Central/jets/2/energy in Skim_TriLep_TTG_PTG100to200.root
2025-09-24 16:07:39,878 - INFO - [2022EE] MISSING_CENTRAL: ZFake1E2Mu/Central/jets/2/energy in Skim_TriLep_DYJets.root
2025-09-24 16:07:39,879 - INFO - [2022EE] MISSING_CENTRAL: ZFake1E2Mu/Central/jets/2/energy in Skim_TriLep_DYJets10to50.root
2025-09-24 16:07:39,882 - INFO - [2022EE] MISSING_CENTRAL: ZFake1E2Mu/Central/jets/2/energy in Skim_TriLep_DYGTo2LG_MLL4to50_PTG10to100.root
2025-09-24 16:07:39,883 - INFO - [2022EE] MISSING_CENTRAL: ZFake1E2Mu/Central/jets/2/energy in Skim_TriLep_DYGTo2LG_MLL4to50_PTG100to200.root
2025-09-24 16:07:39,883 - INFO - [2022EE] MISSING_CENTRAL: ZFake1E2Mu/Central/jets/2/energy in Skim_TriLep_DYGTo2LG_MLL4to50_PTG200toInf.root
2025-09-24 16:07:40,167 - INFO - [2023] MISSING_CENTRAL: ZFake1E2Mu/Central/jets/2/energy in Skim_TriLep_DYJets10to50.root
2025-09-24 16:07:40,167 - INFO - [2023] MISSING_CENTRAL: ZFake1E2Mu/Central/jets/2/energy in Skim_TriLep_DYGTo2LG_MLL4to50_PTG10to100.root
2025-09-24 16:07:40,167 - INFO - [2023] MISSING_CENTRAL: ZFake1E2Mu/Central/jets/2/energy in Skim_TriLep_DYGTo2LG_MLL4to50_PTG100to200.root
2025-09-24 16:07:40,167 - INFO - [2023] MISSING_CENTRAL: ZFake1E2Mu/Central/jets/2/energy in Skim_TriLep_DYGTo2LG_MLL4to50_PTG200toInf.root
2025-09-24 16:07:40,232 - INFO - [2023] MISSING_CENTRAL: ZFake1E2Mu/Central/jets/2/energy in Skim_TriLep_TTG_PTG10to100.root
2025-09-24 16:07:40,232 - INFO - [2023] MISSING_CENTRAL: ZFake1E2Mu/Central/jets/2/energy in Skim_TriLep_TTG_PTG100to200.root
2025-09-24 16:07:40,232 - INFO - [2023] MISSING_CENTRAL: ZFake1E2Mu/Central/jets/2/energy in Skim_TriLep_TTG_PTG200toInf.root
2025-09-24 16:07:40,428 - INFO - [2023BPix] MISSING_CENTRAL: ZFake1E2Mu/Central/jets/2/energy in Skim_TriLep_DYJets.root
2025-09-24 16:07:40,429 - INFO - [2023BPix] MISSING_CENTRAL: ZFake1E2Mu/Central/jets/2/energy in Skim_TriLep_DYJets10to50.root
2025-09-24 16:07:40,429 - INFO - [2023BPix] MISSING_CENTRAL: ZFake1E2Mu/Central/jets/2/energy in Skim_TriLep_DYGTo2LG_MLL4to50_PTG10to100.root
2025-09-24 16:07:40,429 - INFO - [2023BPix] MISSING_CENTRAL: ZFake1E2Mu/Central/jets/2/energy in Skim_TriLep_DYGTo2LG_MLL4to50_PTG100to200.root
2025-09-24 16:07:40,430 - INFO - [2023BPix] MISSING_CENTRAL: ZFake1E2Mu/Central/jets/2/energy in Skim_TriLep_DYGTo2LG_MLL4to50_PTG200toInf.root
2025-09-24 16:07:40,513 - INFO - [2023BPix] MISSING_CENTRAL: ZFake1E2Mu/Central/jets/2/energy in Skim_TriLep_TTG_PTG200toInf.root
