2025-09-24 16:07:48,081 - INFO - [2022] MISSING_CENTRAL: ZFake1E2Mu/Central/METv/px in Skim_TriLep_DYJets.root
2025-09-24 16:07:48,082 - INFO - [2022] MISSING_CENTRAL: ZFake1E2Mu/Central/METv/px in Skim_TriLep_DYJets10to50.root
2025-09-24 16:07:48,082 - INFO - [2022] MISSING_CENTRAL: ZFake1E2Mu/Central/METv/px in Skim_TriLep_DYGTo2LG_MLL4to50_PTG10to100.root
2025-09-24 16:07:48,082 - INFO - [2022] MISSING_CENTRAL: ZFake1E2Mu/Central/METv/px in Skim_TriLep_DYGTo2LG_MLL4to50_PTG100to200.root
2025-09-24 16:07:48,082 - INFO - [2022] MISSING_CENTRAL: ZFake1E2Mu/Central/METv/px in Skim_TriLep_DYGTo2LG_MLL4to50_PTG200toInf.root
2025-09-24 16:07:48,119 - INFO - [2022] MISSING_CENTRAL: ZFake1E2Mu/Central/METv/px in Skim_TriLep_TTG_PTG10to100.root
2025-09-24 16:07:48,119 - INFO - [2022] MISSING_CENTRAL: ZFake1E2Mu/Central/METv/px in Skim_TriLep_TTG_PTG100to200.root
2025-09-24 16:07:48,649 - INFO - [2022EE] MISSING_CENTRAL: ZFake1E2Mu/Central/METv/px in Skim_TriLep_DYJets.root
2025-09-24 16:07:48,649 - INFO - [2022EE] MISSING_CENTRAL: ZFake1E2Mu/Central/METv/px in Skim_TriLep_DYJets10to50.root
2025-09-24 16:07:48,649 - INFO - [2022EE] MISSING_CENTRAL: ZFake1E2Mu/Central/METv/px in Skim_TriLep_DYGTo2LG_MLL4to50_PTG10to100.root
2025-09-24 16:07:48,650 - INFO - [2022EE] MISSING_CENTRAL: ZFake1E2Mu/Central/METv/px in Skim_TriLep_DYGTo2LG_MLL4to50_PTG100to200.root
2025-09-24 16:07:48,650 - INFO - [2022EE] MISSING_CENTRAL: ZFake1E2Mu/Central/METv/px in Skim_TriLep_DYGTo2LG_MLL4to50_PTG200toInf.root
2025-09-24 16:07:49,206 - INFO - [2023] MISSING_CENTRAL: ZFake1E2Mu/Central/METv/px in Skim_TriLep_DYJets10to50.root
2025-09-24 16:07:49,207 - INFO - [2023] MISSING_CENTRAL: ZFake1E2Mu/Central/METv/px in Skim_TriLep_DYGTo2LG_MLL4to50_PTG10to100.root
2025-09-24 16:07:49,207 - INFO - [2023] MISSING_CENTRAL: ZFake1E2Mu/Central/METv/px in Skim_TriLep_DYGTo2LG_MLL4to50_PTG100to200.root
2025-09-24 16:07:49,207 - INFO - [2023] MISSING_CENTRAL: ZFake1E2Mu/Central/METv/px in Skim_TriLep_DYGTo2LG_MLL4to50_PTG200toInf.root
2025-09-24 16:07:49,272 - INFO - [2023] MISSING_CENTRAL: ZFake1E2Mu/Central/METv/px in Skim_TriLep_TTG_PTG10to100.root
2025-09-24 16:07:49,273 - INFO - [2023] MISSING_CENTRAL: ZFake1E2Mu/Central/METv/px in Skim_TriLep_TTG_PTG100to200.root
2025-09-24 16:07:49,273 - INFO - [2023] MISSING_CENTRAL: ZFake1E2Mu/Central/METv/px in Skim_TriLep_TTG_PTG200toInf.root
2025-09-24 16:07:49,522 - INFO - [2023BPix] MISSING_CENTRAL: ZFake1E2Mu/Central/METv/px in Skim_TriLep_DYJets.root
2025-09-24 16:07:49,522 - INFO - [2023BPix] MISSING_CENTRAL: ZFake1E2Mu/Central/METv/px in Skim_TriLep_DYJets10to50.root
2025-09-24 16:07:49,523 - INFO - [2023BPix] MISSING_CENTRAL: ZFake1E2Mu/Central/METv/px in Skim_TriLep_DYGTo2LG_MLL4to50_PTG10to100.root
2025-09-24 16:07:49,523 - INFO - [2023BPix] MISSING_CENTRAL: ZFake1E2Mu/Central/METv/px in Skim_TriLep_DYGTo2LG_MLL4to50_PTG100to200.root
2025-09-24 16:07:49,523 - INFO - [2023BPix] MISSING_CENTRAL: ZFake1E2Mu/Central/METv/px in Skim_TriLep_DYGTo2LG_MLL4to50_PTG200toInf.root
2025-09-24 16:07:49,624 - INFO - [2023BPix] MISSING_CENTRAL: ZFake1E2Mu/Central/METv/px in Skim_TriLep_TTG_PTG200toInf.root
