2025-11-07 13:14:20,299 - INFO - [2022] MISSING_FILE: /home/choij/Sync/workspace/ChargedHiggsAnalysisV3/SKNanoOutput/PromptSelector/Run1E2Mu/2022/Skim_TriLep_MuonEG_C.root
2025-11-07 13:14:20,300 - INFO - [2022] MISSING_FILE: /home/choij/Sync/workspace/ChargedHiggsAnalysisV3/SKNanoOutput/PromptSelector/Run1E2Mu/2022/Skim_TriLep_MuonEG_D.root
2025-11-07 13:14:20,300 - INFO - [2022EE] MISSING_FILE: /home/choij/Sync/workspace/ChargedHiggsAnalysisV3/SKNanoOutput/PromptSelector/Run1E2Mu/2022EE/Skim_TriLep_MuonEG_E.root
2025-11-07 13:14:20,300 - INFO - [2022EE] MISSING_FILE: /home/choij/Sync/workspace/ChargedHiggsAnalysisV3/SKNanoOutput/PromptSelector/Run1E2Mu/2022EE/Skim_TriLep_MuonEG_F.root
2025-11-07 13:14:20,300 - INFO - [2022EE] MISSING_FILE: /home/choij/Sync/workspace/ChargedHiggsAnalysisV3/SKNanoOutput/PromptSelector/Run1E2Mu/2022EE/Skim_TriLep_MuonEG_G.root
2025-11-07 13:14:20,300 - INFO - [2023] MISSING_FILE: /home/choij/Sync/workspace/ChargedHiggsAnalysisV3/SKNanoOutput/PromptSelector/Run1E2Mu/2023/Skim_TriLep_MuonEG_C_v1.root
2025-11-07 13:14:20,300 - INFO - [2023] MISSING_FILE: /home/choij/Sync/workspace/ChargedHiggsAnalysisV3/SKNanoOutput/PromptSelector/Run1E2Mu/2023/Skim_TriLep_MuonEG_C_v2.root
2025-11-07 13:14:20,300 - INFO - [2023] MISSING_FILE: /home/choij/Sync/workspace/ChargedHiggsAnalysisV3/SKNanoOutput/PromptSelector/Run1E2Mu/2023/Skim_TriLep_MuonEG_C_v3.root
2025-11-07 13:14:20,300 - INFO - [2023] MISSING_FILE: /home/choij/Sync/workspace/ChargedHiggsAnalysisV3/SKNanoOutput/PromptSelector/Run1E2Mu/2023/Skim_TriLep_MuonEG_C_v4.root
2025-11-07 13:14:20,300 - INFO - [2023BPix] MISSING_FILE: /home/choij/Sync/workspace/ChargedHiggsAnalysisV3/SKNanoOutput/PromptSelector/Run1E2Mu/2023BPix/Skim_TriLep_MuonEG_D_v1.root
2025-11-07 13:14:20,300 - INFO - [2023BPix] MISSING_FILE: /home/choij/Sync/workspace/ChargedHiggsAnalysisV3/SKNanoOutput/PromptSelector/Run1E2Mu/2023BPix/Skim_TriLep_MuonEG_D_v2.root
2025-11-07 14:11:51,436 - INFO - [2022] MISSING_FILE: /home/choij/Sync/workspace/ChargedHiggsAnalysisV3/SKNanoOutput/PromptSelector/Run1E2Mu/2022/Skim_TriLep_MuonEG_C.root
2025-11-07 14:11:51,436 - INFO - [2022] MISSING_FILE: /home/choij/Sync/workspace/ChargedHiggsAnalysisV3/SKNanoOutput/PromptSelector/Run1E2Mu/2022/Skim_TriLep_MuonEG_D.root
2025-11-07 14:11:51,437 - INFO - [2022EE] MISSING_FILE: /home/choij/Sync/workspace/ChargedHiggsAnalysisV3/SKNanoOutput/PromptSelector/Run1E2Mu/2022EE/Skim_TriLep_MuonEG_E.root
2025-11-07 14:11:51,437 - INFO - [2022EE] MISSING_FILE: /home/choij/Sync/workspace/ChargedHiggsAnalysisV3/SKNanoOutput/PromptSelector/Run1E2Mu/2022EE/Skim_TriLep_MuonEG_F.root
2025-11-07 14:11:51,437 - INFO - [2022EE] MISSING_FILE: /home/choij/Sync/workspace/ChargedHiggsAnalysisV3/SKNanoOutput/PromptSelector/Run1E2Mu/2022EE/Skim_TriLep_MuonEG_G.root
2025-11-07 14:11:51,437 - INFO - [2023] MISSING_FILE: /home/choij/Sync/workspace/ChargedHiggsAnalysisV3/SKNanoOutput/PromptSelector/Run1E2Mu/2023/Skim_TriLep_MuonEG_C_v1.root
2025-11-07 14:11:51,437 - INFO - [2023] MISSING_FILE: /home/choij/Sync/workspace/ChargedHiggsAnalysisV3/SKNanoOutput/PromptSelector/Run1E2Mu/2023/Skim_TriLep_MuonEG_C_v2.root
2025-11-07 14:11:51,437 - INFO - [2023] MISSING_FILE: /home/choij/Sync/workspace/ChargedHiggsAnalysisV3/SKNanoOutput/PromptSelector/Run1E2Mu/2023/Skim_TriLep_MuonEG_C_v3.root
2025-11-07 14:11:51,437 - INFO - [2023] MISSING_FILE: /home/choij/Sync/workspace/ChargedHiggsAnalysisV3/SKNanoOutput/PromptSelector/Run1E2Mu/2023/Skim_TriLep_MuonEG_C_v4.root
2025-11-07 14:11:51,437 - INFO - [2023BPix] MISSING_FILE: /home/choij/Sync/workspace/ChargedHiggsAnalysisV3/SKNanoOutput/PromptSelector/Run1E2Mu/2023BPix/Skim_TriLep_MuonEG_D_v1.root
2025-11-07 14:11:51,437 - INFO - [2023BPix] MISSING_FILE: /home/choij/Sync/workspace/ChargedHiggsAnalysisV3/SKNanoOutput/PromptSelector/Run1E2Mu/2023BPix/Skim_TriLep_MuonEG_D_v2.root
2025-11-10 12:28:24,175 - INFO - [2022] MISSING_CENTRAL: ZFake1E2Mu/Central/MHc160_MA98/score_diboson in Skim_TriLep_DYJets.root
2025-11-10 12:28:24,175 - INFO - [2022] MISSING_CENTRAL: ZFake1E2Mu/Central/MHc160_MA98/score_diboson in Skim_TriLep_DYJets10to50.root
2025-11-10 12:28:24,175 - INFO - [2022] MISSING_CENTRAL: ZFake1E2Mu/Central/MHc160_MA98/score_diboson in Skim_TriLep_DYGTo2LG_MLL4to50_PTG10to100.root
2025-11-10 12:28:24,176 - INFO - [2022] MISSING_CENTRAL: ZFake1E2Mu/Central/MHc160_MA98/score_diboson in Skim_TriLep_DYGTo2LG_MLL4to50_PTG100to200.root
2025-11-10 12:28:24,176 - INFO - [2022] MISSING_CENTRAL: ZFake1E2Mu/Central/MHc160_MA98/score_diboson in Skim_TriLep_DYGTo2LG_MLL4to50_PTG200toInf.root
2025-11-10 12:28:24,190 - INFO - [2022] MISSING_CENTRAL: ZFake1E2Mu/Central/MHc160_MA98/score_diboson in Skim_TriLep_TTG_PTG10to100.root
2025-11-10 12:28:24,190 - INFO - [2022] MISSING_CENTRAL: ZFake1E2Mu/Central/MHc160_MA98/score_diboson in Skim_TriLep_TTG_PTG100to200.root
2025-11-10 12:28:24,252 - INFO - [2022EE] MISSING_CENTRAL: ZFake1E2Mu/Central/MHc160_MA98/score_diboson in Skim_TriLep_DYJets.root
2025-11-10 12:28:24,253 - INFO - [2022EE] MISSING_CENTRAL: ZFake1E2Mu/Central/MHc160_MA98/score_diboson in Skim_TriLep_DYJets10to50.root
2025-11-10 12:28:24,253 - INFO - [2022EE] MISSING_CENTRAL: ZFake1E2Mu/Central/MHc160_MA98/score_diboson in Skim_TriLep_DYGTo2LG_MLL4to50_PTG10to100.root
2025-11-10 12:28:24,253 - INFO - [2022EE] MISSING_CENTRAL: ZFake1E2Mu/Central/MHc160_MA98/score_diboson in Skim_TriLep_DYGTo2LG_MLL4to50_PTG100to200.root
2025-11-10 12:28:24,254 - INFO - [2022EE] MISSING_CENTRAL: ZFake1E2Mu/Central/MHc160_MA98/score_diboson in Skim_TriLep_DYGTo2LG_MLL4to50_PTG200toInf.root
2025-11-10 12:28:24,340 - INFO - [2023] MISSING_CENTRAL: ZFake1E2Mu/Central/MHc160_MA98/score_diboson in Skim_TriLep_DYJets10to50.root
2025-11-10 12:28:24,340 - INFO - [2023] MISSING_CENTRAL: ZFake1E2Mu/Central/MHc160_MA98/score_diboson in Skim_TriLep_DYGTo2LG_MLL4to50_PTG10to100.root
2025-11-10 12:28:24,341 - INFO - [2023] MISSING_CENTRAL: ZFake1E2Mu/Central/MHc160_MA98/score_diboson in Skim_TriLep_DYGTo2LG_MLL4to50_PTG100to200.root
2025-11-10 12:28:24,341 - INFO - [2023] MISSING_CENTRAL: ZFake1E2Mu/Central/MHc160_MA98/score_diboson in Skim_TriLep_DYGTo2LG_MLL4to50_PTG200toInf.root
2025-11-10 12:28:24,361 - INFO - [2023] MISSING_CENTRAL: ZFake1E2Mu/Central/MHc160_MA98/score_diboson in Skim_TriLep_TTG_PTG10to100.root
2025-11-10 12:28:24,361 - INFO - [2023] MISSING_CENTRAL: ZFake1E2Mu/Central/MHc160_MA98/score_diboson in Skim_TriLep_TTG_PTG100to200.root
2025-11-10 12:28:24,361 - INFO - [2023] MISSING_CENTRAL: ZFake1E2Mu/Central/MHc160_MA98/score_diboson in Skim_TriLep_TTG_PTG200toInf.root
2025-11-10 12:28:24,421 - INFO - [2023BPix] MISSING_CENTRAL: ZFake1E2Mu/Central/MHc160_MA98/score_diboson in Skim_TriLep_DYJets.root
2025-11-10 12:28:24,421 - INFO - [2023BPix] MISSING_CENTRAL: ZFake1E2Mu/Central/MHc160_MA98/score_diboson in Skim_TriLep_DYJets10to50.root
2025-11-10 12:28:24,421 - INFO - [2023BPix] MISSING_CENTRAL: ZFake1E2Mu/Central/MHc160_MA98/score_diboson in Skim_TriLep_DYGTo2LG_MLL4to50_PTG10to100.root
2025-11-10 12:28:24,421 - INFO - [2023BPix] MISSING_CENTRAL: ZFake1E2Mu/Central/MHc160_MA98/score_diboson in Skim_TriLep_DYGTo2LG_MLL4to50_PTG100to200.root
2025-11-10 12:28:24,422 - INFO - [2023BPix] MISSING_CENTRAL: ZFake1E2Mu/Central/MHc160_MA98/score_diboson in Skim_TriLep_DYGTo2LG_MLL4to50_PTG200toInf.root
2025-11-10 12:28:24,449 - INFO - [2023BPix] MISSING_CENTRAL: ZFake1E2Mu/Central/MHc160_MA98/score_diboson in Skim_TriLep_TTG_PTG200toInf.root
2025-11-13 11:18:51,552 - INFO - [2022] MISSING_CENTRAL: ZFake1E2Mu/Central/MHc160_MA98/score_diboson in Skim_TriLep_DYJets.root
2025-11-13 11:18:51,552 - INFO - [2022] MISSING_CENTRAL: ZFake1E2Mu/Central/MHc160_MA98/score_diboson in Skim_TriLep_DYJets10to50.root
2025-11-13 11:18:51,553 - INFO - [2022] MISSING_CENTRAL: ZFake1E2Mu/Central/MHc160_MA98/score_diboson in Skim_TriLep_DYGTo2LG_MLL4to50_PTG10to100.root
2025-11-13 11:18:51,554 - INFO - [2022] MISSING_CENTRAL: ZFake1E2Mu/Central/MHc160_MA98/score_diboson in Skim_TriLep_DYGTo2LG_MLL4to50_PTG100to200.root
2025-11-13 11:18:51,554 - INFO - [2022] MISSING_CENTRAL: ZFake1E2Mu/Central/MHc160_MA98/score_diboson in Skim_TriLep_DYGTo2LG_MLL4to50_PTG200toInf.root
2025-11-13 11:18:51,576 - INFO - [2022] MISSING_CENTRAL: ZFake1E2Mu/Central/MHc160_MA98/score_diboson in Skim_TriLep_TTG_PTG10to100.root
2025-11-13 11:18:51,577 - INFO - [2022] MISSING_CENTRAL: ZFake1E2Mu/Central/MHc160_MA98/score_diboson in Skim_TriLep_TTG_PTG100to200.root
2025-11-13 11:18:51,676 - INFO - [2022EE] MISSING_CENTRAL: ZFake1E2Mu/Central/MHc160_MA98/score_diboson in Skim_TriLep_DYJets.root
2025-11-13 11:18:51,676 - INFO - [2022EE] MISSING_CENTRAL: ZFake1E2Mu/Central/MHc160_MA98/score_diboson in Skim_TriLep_DYJets10to50.root
2025-11-13 11:18:51,677 - INFO - [2022EE] MISSING_CENTRAL: ZFake1E2Mu/Central/MHc160_MA98/score_diboson in Skim_TriLep_DYGTo2LG_MLL4to50_PTG10to100.root
2025-11-13 11:18:51,678 - INFO - [2022EE] MISSING_CENTRAL: ZFake1E2Mu/Central/MHc160_MA98/score_diboson in Skim_TriLep_DYGTo2LG_MLL4to50_PTG100to200.root
2025-11-13 11:18:51,678 - INFO - [2022EE] MISSING_CENTRAL: ZFake1E2Mu/Central/MHc160_MA98/score_diboson in Skim_TriLep_DYGTo2LG_MLL4to50_PTG200toInf.root
2025-11-13 11:18:51,818 - INFO - [2023] MISSING_CENTRAL: ZFake1E2Mu/Central/MHc160_MA98/score_diboson in Skim_TriLep_DYJets10to50.root
2025-11-13 11:18:51,819 - INFO - [2023] MISSING_CENTRAL: ZFake1E2Mu/Central/MHc160_MA98/score_diboson in Skim_TriLep_DYGTo2LG_MLL4to50_PTG10to100.root
2025-11-13 11:18:51,820 - INFO - [2023] MISSING_CENTRAL: ZFake1E2Mu/Central/MHc160_MA98/score_diboson in Skim_TriLep_DYGTo2LG_MLL4to50_PTG100to200.root
2025-11-13 11:18:51,820 - INFO - [2023] MISSING_CENTRAL: ZFake1E2Mu/Central/MHc160_MA98/score_diboson in Skim_TriLep_DYGTo2LG_MLL4to50_PTG200toInf.root
2025-11-13 11:18:51,852 - INFO - [2023] MISSING_CENTRAL: ZFake1E2Mu/Central/MHc160_MA98/score_diboson in Skim_TriLep_TTG_PTG10to100.root
2025-11-13 11:18:51,853 - INFO - [2023] MISSING_CENTRAL: ZFake1E2Mu/Central/MHc160_MA98/score_diboson in Skim_TriLep_TTG_PTG100to200.root
2025-11-13 11:18:51,853 - INFO - [2023] MISSING_CENTRAL: ZFake1E2Mu/Central/MHc160_MA98/score_diboson in Skim_TriLep_TTG_PTG200toInf.root
2025-11-13 11:18:51,949 - INFO - [2023BPix] MISSING_CENTRAL: ZFake1E2Mu/Central/MHc160_MA98/score_diboson in Skim_TriLep_DYJets.root
2025-11-13 11:18:51,949 - INFO - [2023BPix] MISSING_CENTRAL: ZFake1E2Mu/Central/MHc160_MA98/score_diboson in Skim_TriLep_DYJets10to50.root
2025-11-13 11:18:51,950 - INFO - [2023BPix] MISSING_CENTRAL: ZFake1E2Mu/Central/MHc160_MA98/score_diboson in Skim_TriLep_DYGTo2LG_MLL4to50_PTG10to100.root
2025-11-13 11:18:51,951 - INFO - [2023BPix] MISSING_CENTRAL: ZFake1E2Mu/Central/MHc160_MA98/score_diboson in Skim_TriLep_DYGTo2LG_MLL4to50_PTG100to200.root
2025-11-13 11:18:51,952 - INFO - [2023BPix] MISSING_CENTRAL: ZFake1E2Mu/Central/MHc160_MA98/score_diboson in Skim_TriLep_DYGTo2LG_MLL4to50_PTG200toInf.root
2025-11-13 11:18:51,996 - INFO - [2023BPix] MISSING_CENTRAL: ZFake1E2Mu/Central/MHc160_MA98/score_diboson in Skim_TriLep_TTG_PTG200toInf.root
