2025-11-07 13:14:19,088 - INFO - [2022] MISSING_FILE: /home/choij/Sync/workspace/ChargedHiggsAnalysisV3/SKNanoOutput/PromptSelector/Run1E2Mu/2022/Skim_TriLep_MuonEG_C.root
2025-11-07 13:14:19,088 - INFO - [2022] MISSING_FILE: /home/choij/Sync/workspace/ChargedHiggsAnalysisV3/SKNanoOutput/PromptSelector/Run1E2Mu/2022/Skim_TriLep_MuonEG_D.root
2025-11-07 13:14:19,088 - INFO - [2022EE] MISSING_FILE: /home/choij/Sync/workspace/ChargedHiggsAnalysisV3/SKNanoOutput/PromptSelector/Run1E2Mu/2022EE/Skim_TriLep_MuonEG_E.root
2025-11-07 13:14:19,088 - INFO - [2022EE] MISSING_FILE: /home/choij/Sync/workspace/ChargedHiggsAnalysisV3/SKNanoOutput/PromptSelector/Run1E2Mu/2022EE/Skim_TriLep_MuonEG_F.root
2025-11-07 13:14:19,088 - INFO - [2022EE] MISSING_FILE: /home/choij/Sync/workspace/ChargedHiggsAnalysisV3/SKNanoOutput/PromptSelector/Run1E2Mu/2022EE/Skim_TriLep_MuonEG_G.root
2025-11-07 13:14:19,089 - INFO - [2023] MISSING_FILE: /home/choij/Sync/workspace/ChargedHiggsAnalysisV3/SKNanoOutput/PromptSelector/Run1E2Mu/2023/Skim_TriLep_MuonEG_C_v1.root
2025-11-07 13:14:19,089 - INFO - [2023] MISSING_FILE: /home/choij/Sync/workspace/ChargedHiggsAnalysisV3/SKNanoOutput/PromptSelector/Run1E2Mu/2023/Skim_TriLep_MuonEG_C_v2.root
2025-11-07 13:14:19,089 - INFO - [2023] MISSING_FILE: /home/choij/Sync/workspace/ChargedHiggsAnalysisV3/SKNanoOutput/PromptSelector/Run1E2Mu/2023/Skim_TriLep_MuonEG_C_v3.root
2025-11-07 13:14:19,089 - INFO - [2023] MISSING_FILE: /home/choij/Sync/workspace/ChargedHiggsAnalysisV3/SKNanoOutput/PromptSelector/Run1E2Mu/2023/Skim_TriLep_MuonEG_C_v4.root
2025-11-07 13:14:19,089 - INFO - [2023BPix] MISSING_FILE: /home/choij/Sync/workspace/ChargedHiggsAnalysisV3/SKNanoOutput/PromptSelector/Run1E2Mu/2023BPix/Skim_TriLep_MuonEG_D_v1.root
2025-11-07 13:14:19,089 - INFO - [2023BPix] MISSING_FILE: /home/choij/Sync/workspace/ChargedHiggsAnalysisV3/SKNanoOutput/PromptSelector/Run1E2Mu/2023BPix/Skim_TriLep_MuonEG_D_v2.root
2025-11-07 14:11:50,422 - INFO - [2022] MISSING_FILE: /home/choij/Sync/workspace/ChargedHiggsAnalysisV3/SKNanoOutput/PromptSelector/Run1E2Mu/2022/Skim_TriLep_MuonEG_C.root
2025-11-07 14:11:50,422 - INFO - [2022] MISSING_FILE: /home/choij/Sync/workspace/ChargedHiggsAnalysisV3/SKNanoOutput/PromptSelector/Run1E2Mu/2022/Skim_TriLep_MuonEG_D.root
2025-11-07 14:11:50,422 - INFO - [2022EE] MISSING_FILE: /home/choij/Sync/workspace/ChargedHiggsAnalysisV3/SKNanoOutput/PromptSelector/Run1E2Mu/2022EE/Skim_TriLep_MuonEG_E.root
2025-11-07 14:11:50,423 - INFO - [2022EE] MISSING_FILE: /home/choij/Sync/workspace/ChargedHiggsAnalysisV3/SKNanoOutput/PromptSelector/Run1E2Mu/2022EE/Skim_TriLep_MuonEG_F.root
2025-11-07 14:11:50,423 - INFO - [2022EE] MISSING_FILE: /home/choij/Sync/workspace/ChargedHiggsAnalysisV3/SKNanoOutput/PromptSelector/Run1E2Mu/2022EE/Skim_TriLep_MuonEG_G.root
2025-11-07 14:11:50,423 - INFO - [2023] MISSING_FILE: /home/choij/Sync/workspace/ChargedHiggsAnalysisV3/SKNanoOutput/PromptSelector/Run1E2Mu/2023/Skim_TriLep_MuonEG_C_v1.root
2025-11-07 14:11:50,423 - INFO - [2023] MISSING_FILE: /home/choij/Sync/workspace/ChargedHiggsAnalysisV3/SKNanoOutput/PromptSelector/Run1E2Mu/2023/Skim_TriLep_MuonEG_C_v2.root
2025-11-07 14:11:50,423 - INFO - [2023] MISSING_FILE: /home/choij/Sync/workspace/ChargedHiggsAnalysisV3/SKNanoOutput/PromptSelector/Run1E2Mu/2023/Skim_TriLep_MuonEG_C_v3.root
2025-11-07 14:11:50,423 - INFO - [2023] MISSING_FILE: /home/choij/Sync/workspace/ChargedHiggsAnalysisV3/SKNanoOutput/PromptSelector/Run1E2Mu/2023/Skim_TriLep_MuonEG_C_v4.root
2025-11-07 14:11:50,423 - INFO - [2023BPix] MISSING_FILE: /home/choij/Sync/workspace/ChargedHiggsAnalysisV3/SKNanoOutput/PromptSelector/Run1E2Mu/2023BPix/Skim_TriLep_MuonEG_D_v1.root
2025-11-07 14:11:50,423 - INFO - [2023BPix] MISSING_FILE: /home/choij/Sync/workspace/ChargedHiggsAnalysisV3/SKNanoOutput/PromptSelector/Run1E2Mu/2023BPix/Skim_TriLep_MuonEG_D_v2.root
2025-11-10 12:28:22,884 - INFO - [2022] MISSING_CENTRAL: ZFake1E2Mu/Central/MHc145_MA92/score_ttZ in Skim_TriLep_DYJets.root
2025-11-10 12:28:22,884 - INFO - [2022] MISSING_CENTRAL: ZFake1E2Mu/Central/MHc145_MA92/score_ttZ in Skim_TriLep_DYJets10to50.root
2025-11-10 12:28:22,885 - INFO - [2022] MISSING_CENTRAL: ZFake1E2Mu/Central/MHc145_MA92/score_ttZ in Skim_TriLep_DYGTo2LG_MLL4to50_PTG10to100.root
2025-11-10 12:28:22,885 - INFO - [2022] MISSING_CENTRAL: ZFake1E2Mu/Central/MHc145_MA92/score_ttZ in Skim_TriLep_DYGTo2LG_MLL4to50_PTG100to200.root
2025-11-10 12:28:22,885 - INFO - [2022] MISSING_CENTRAL: ZFake1E2Mu/Central/MHc145_MA92/score_ttZ in Skim_TriLep_DYGTo2LG_MLL4to50_PTG200toInf.root
2025-11-10 12:28:22,908 - INFO - [2022] MISSING_CENTRAL: ZFake1E2Mu/Central/MHc145_MA92/score_ttZ in Skim_TriLep_TTG_PTG10to100.root
2025-11-10 12:28:22,908 - INFO - [2022] MISSING_CENTRAL: ZFake1E2Mu/Central/MHc145_MA92/score_ttZ in Skim_TriLep_TTG_PTG100to200.root
2025-11-10 12:28:23,013 - INFO - [2022EE] MISSING_CENTRAL: ZFake1E2Mu/Central/MHc145_MA92/score_ttZ in Skim_TriLep_DYJets.root
2025-11-10 12:28:23,014 - INFO - [2022EE] MISSING_CENTRAL: ZFake1E2Mu/Central/MHc145_MA92/score_ttZ in Skim_TriLep_DYJets10to50.root
2025-11-10 12:28:23,014 - INFO - [2022EE] MISSING_CENTRAL: ZFake1E2Mu/Central/MHc145_MA92/score_ttZ in Skim_TriLep_DYGTo2LG_MLL4to50_PTG10to100.root
2025-11-10 12:28:23,014 - INFO - [2022EE] MISSING_CENTRAL: ZFake1E2Mu/Central/MHc145_MA92/score_ttZ in Skim_TriLep_DYGTo2LG_MLL4to50_PTG100to200.root
2025-11-10 12:28:23,015 - INFO - [2022EE] MISSING_CENTRAL: ZFake1E2Mu/Central/MHc145_MA92/score_ttZ in Skim_TriLep_DYGTo2LG_MLL4to50_PTG200toInf.root
2025-11-10 12:28:23,115 - INFO - [2023] MISSING_CENTRAL: ZFake1E2Mu/Central/MHc145_MA92/score_ttZ in Skim_TriLep_DYJets10to50.root
2025-11-10 12:28:23,115 - INFO - [2023] MISSING_CENTRAL: ZFake1E2Mu/Central/MHc145_MA92/score_ttZ in Skim_TriLep_DYGTo2LG_MLL4to50_PTG10to100.root
2025-11-10 12:28:23,116 - INFO - [2023] MISSING_CENTRAL: ZFake1E2Mu/Central/MHc145_MA92/score_ttZ in Skim_TriLep_DYGTo2LG_MLL4to50_PTG100to200.root
2025-11-10 12:28:23,116 - INFO - [2023] MISSING_CENTRAL: ZFake1E2Mu/Central/MHc145_MA92/score_ttZ in Skim_TriLep_DYGTo2LG_MLL4to50_PTG200toInf.root
2025-11-10 12:28:23,138 - INFO - [2023] MISSING_CENTRAL: ZFake1E2Mu/Central/MHc145_MA92/score_ttZ in Skim_TriLep_TTG_PTG10to100.root
2025-11-10 12:28:23,139 - INFO - [2023] MISSING_CENTRAL: ZFake1E2Mu/Central/MHc145_MA92/score_ttZ in Skim_TriLep_TTG_PTG100to200.root
2025-11-10 12:28:23,139 - INFO - [2023] MISSING_CENTRAL: ZFake1E2Mu/Central/MHc145_MA92/score_ttZ in Skim_TriLep_TTG_PTG200toInf.root
2025-11-10 12:28:23,203 - INFO - [2023BPix] MISSING_CENTRAL: ZFake1E2Mu/Central/MHc145_MA92/score_ttZ in Skim_TriLep_DYJets.root
2025-11-10 12:28:23,204 - INFO - [2023BPix] MISSING_CENTRAL: ZFake1E2Mu/Central/MHc145_MA92/score_ttZ in Skim_TriLep_DYJets10to50.root
2025-11-10 12:28:23,204 - INFO - [2023BPix] MISSING_CENTRAL: ZFake1E2Mu/Central/MHc145_MA92/score_ttZ in Skim_TriLep_DYGTo2LG_MLL4to50_PTG10to100.root
2025-11-10 12:28:23,204 - INFO - [2023BPix] MISSING_CENTRAL: ZFake1E2Mu/Central/MHc145_MA92/score_ttZ in Skim_TriLep_DYGTo2LG_MLL4to50_PTG100to200.root
2025-11-10 12:28:23,205 - INFO - [2023BPix] MISSING_CENTRAL: ZFake1E2Mu/Central/MHc145_MA92/score_ttZ in Skim_TriLep_DYGTo2LG_MLL4to50_PTG200toInf.root
2025-11-10 12:28:23,237 - INFO - [2023BPix] MISSING_CENTRAL: ZFake1E2Mu/Central/MHc145_MA92/score_ttZ in Skim_TriLep_TTG_PTG200toInf.root
2025-11-13 11:18:49,524 - INFO - [2022] MISSING_CENTRAL: ZFake1E2Mu/Central/MHc145_MA92/score_ttZ in Skim_TriLep_DYJets.root
2025-11-13 11:18:49,525 - INFO - [2022] MISSING_CENTRAL: ZFake1E2Mu/Central/MHc145_MA92/score_ttZ in Skim_TriLep_DYJets10to50.root
2025-11-13 11:18:49,526 - INFO - [2022] MISSING_CENTRAL: ZFake1E2Mu/Central/MHc145_MA92/score_ttZ in Skim_TriLep_DYGTo2LG_MLL4to50_PTG10to100.root
2025-11-13 11:18:49,527 - INFO - [2022] MISSING_CENTRAL: ZFake1E2Mu/Central/MHc145_MA92/score_ttZ in Skim_TriLep_DYGTo2LG_MLL4to50_PTG100to200.root
2025-11-13 11:18:49,528 - INFO - [2022] MISSING_CENTRAL: ZFake1E2Mu/Central/MHc145_MA92/score_ttZ in Skim_TriLep_DYGTo2LG_MLL4to50_PTG200toInf.root
2025-11-13 11:18:49,565 - INFO - [2022] MISSING_CENTRAL: ZFake1E2Mu/Central/MHc145_MA92/score_ttZ in Skim_TriLep_TTG_PTG10to100.root
2025-11-13 11:18:49,565 - INFO - [2022] MISSING_CENTRAL: ZFake1E2Mu/Central/MHc145_MA92/score_ttZ in Skim_TriLep_TTG_PTG100to200.root
2025-11-13 11:18:49,743 - INFO - [2022EE] MISSING_CENTRAL: ZFake1E2Mu/Central/MHc145_MA92/score_ttZ in Skim_TriLep_DYJets.root
2025-11-13 11:18:49,744 - INFO - [2022EE] MISSING_CENTRAL: ZFake1E2Mu/Central/MHc145_MA92/score_ttZ in Skim_TriLep_DYJets10to50.root
2025-11-13 11:18:49,745 - INFO - [2022EE] MISSING_CENTRAL: ZFake1E2Mu/Central/MHc145_MA92/score_ttZ in Skim_TriLep_DYGTo2LG_MLL4to50_PTG10to100.root
2025-11-13 11:18:49,747 - INFO - [2022EE] MISSING_CENTRAL: ZFake1E2Mu/Central/MHc145_MA92/score_ttZ in Skim_TriLep_DYGTo2LG_MLL4to50_PTG100to200.root
2025-11-13 11:18:49,748 - INFO - [2022EE] MISSING_CENTRAL: ZFake1E2Mu/Central/MHc145_MA92/score_ttZ in Skim_TriLep_DYGTo2LG_MLL4to50_PTG200toInf.root
2025-11-13 11:18:50,003 - INFO - [2023] MISSING_CENTRAL: ZFake1E2Mu/Central/MHc145_MA92/score_ttZ in Skim_TriLep_DYJets10to50.root
2025-11-13 11:18:50,004 - INFO - [2023] MISSING_CENTRAL: ZFake1E2Mu/Central/MHc145_MA92/score_ttZ in Skim_TriLep_DYGTo2LG_MLL4to50_PTG10to100.root
2025-11-13 11:18:50,005 - INFO - [2023] MISSING_CENTRAL: ZFake1E2Mu/Central/MHc145_MA92/score_ttZ in Skim_TriLep_DYGTo2LG_MLL4to50_PTG100to200.root
2025-11-13 11:18:50,006 - INFO - [2023] MISSING_CENTRAL: ZFake1E2Mu/Central/MHc145_MA92/score_ttZ in Skim_TriLep_DYGTo2LG_MLL4to50_PTG200toInf.root
2025-11-13 11:18:50,064 - INFO - [2023] MISSING_CENTRAL: ZFake1E2Mu/Central/MHc145_MA92/score_ttZ in Skim_TriLep_TTG_PTG10to100.root
2025-11-13 11:18:50,065 - INFO - [2023] MISSING_CENTRAL: ZFake1E2Mu/Central/MHc145_MA92/score_ttZ in Skim_TriLep_TTG_PTG100to200.root
2025-11-13 11:18:50,066 - INFO - [2023] MISSING_CENTRAL: ZFake1E2Mu/Central/MHc145_MA92/score_ttZ in Skim_TriLep_TTG_PTG200toInf.root
2025-11-13 11:18:50,243 - INFO - [2023BPix] MISSING_CENTRAL: ZFake1E2Mu/Central/MHc145_MA92/score_ttZ in Skim_TriLep_DYJets.root
2025-11-13 11:18:50,245 - INFO - [2023BPix] MISSING_CENTRAL: ZFake1E2Mu/Central/MHc145_MA92/score_ttZ in Skim_TriLep_DYJets10to50.root
2025-11-13 11:18:50,246 - INFO - [2023BPix] MISSING_CENTRAL: ZFake1E2Mu/Central/MHc145_MA92/score_ttZ in Skim_TriLep_DYGTo2LG_MLL4to50_PTG10to100.root
2025-11-13 11:18:50,247 - INFO - [2023BPix] MISSING_CENTRAL: ZFake1E2Mu/Central/MHc145_MA92/score_ttZ in Skim_TriLep_DYGTo2LG_MLL4to50_PTG100to200.root
2025-11-13 11:18:50,249 - INFO - [2023BPix] MISSING_CENTRAL: ZFake1E2Mu/Central/MHc145_MA92/score_ttZ in Skim_TriLep_DYGTo2LG_MLL4to50_PTG200toInf.root
2025-11-13 11:18:50,326 - INFO - [2023BPix] MISSING_CENTRAL: ZFake1E2Mu/Central/MHc145_MA92/score_ttZ in Skim_TriLep_TTG_PTG200toInf.root
