2025-12-18 14:47:33,147 - INFO - [2022] MISSING_CENTRAL: ZFake1E2Mu/Central/MHc115_MA87/LR_diboson in Skim_TriLep_DYJets10to50.root
2025-12-18 14:47:33,150 - INFO - [2022] MISSING_CENTRAL: ZFake1E2Mu/Central/MHc115_MA87/LR_diboson in Skim_TriLep_TTG_PTG10to100.root
2025-12-18 14:47:33,151 - INFO - [2022] MISSING_CENTRAL: ZFake1E2Mu/Central/MHc115_MA87/LR_diboson in Skim_TriLep_TTG_PTG100to200.root
2025-12-18 14:47:33,505 - INFO - [2022EE] MISSING_CENTRAL: ZFake1E2Mu/Central/MHc115_MA87/LR_diboson in Skim_TriLep_DYJets10to50.root
2025-12-18 14:47:33,872 - INFO - [2023] MISSING_CENTRAL: ZFake1E2Mu/Central/MHc115_MA87/LR_diboson in Skim_TriLep_DYJets10to50.root
2025-12-18 14:47:33,874 - INFO - [2023] MISSING_CENTRAL: ZFake1E2Mu/Central/MHc115_MA87/LR_diboson in Skim_TriLep_TTG_PTG10to100.root
2025-12-18 14:47:33,877 - INFO - [2023] MISSING_CENTRAL: ZFake1E2Mu/Central/MHc115_MA87/LR_diboson in Skim_TriLep_TTG_PTG100to200.root
2025-12-18 14:47:33,881 - INFO - [2023] MISSING_CENTRAL: ZFake1E2Mu/Central/MHc115_MA87/LR_diboson in Skim_TriLep_TTG_PTG200toInf.root
2025-12-18 14:47:34,277 - INFO - [2023BPix] MISSING_CENTRAL: ZFake1E2Mu/Central/MHc115_MA87/LR_diboson in Skim_TriLep_DYJets10to50.root
2025-12-18 14:47:34,337 - INFO - [2023BPix] MISSING_CENTRAL: ZFake1E2Mu/Central/MHc115_MA87/LR_diboson in Skim_TriLep_TTG_PTG200toInf.root
2026-01-07 11:56:09,560 - INFO - [2022] MISSING_CENTRAL: ZFake1E2Mu/Central/MHc115_MA87/LR_diboson in Skim_TriLep_DYJets10to50.root
2026-01-07 11:56:09,561 - INFO - [2022] MISSING_CENTRAL: ZFake1E2Mu/Central/MHc115_MA87/LR_diboson in Skim_TriLep_TTG_PTG10to100.root
2026-01-07 11:56:09,562 - INFO - [2022] MISSING_CENTRAL: ZFake1E2Mu/Central/MHc115_MA87/LR_diboson in Skim_TriLep_TTG_PTG100to200.root
2026-01-07 11:56:09,759 - INFO - [2022EE] MISSING_CENTRAL: ZFake1E2Mu/Central/MHc115_MA87/LR_diboson in Skim_TriLep_DYJets10to50.root
2026-01-07 11:56:09,993 - INFO - [2023] MISSING_CENTRAL: ZFake1E2Mu/Central/MHc115_MA87/LR_diboson in Skim_TriLep_DYJets10to50.root
2026-01-07 11:56:09,994 - INFO - [2023] MISSING_CENTRAL: ZFake1E2Mu/Central/MHc115_MA87/LR_diboson in Skim_TriLep_TTG_PTG10to100.root
2026-01-07 11:56:09,995 - INFO - [2023] MISSING_CENTRAL: ZFake1E2Mu/Central/MHc115_MA87/LR_diboson in Skim_TriLep_TTG_PTG100to200.root
2026-01-07 11:56:09,996 - INFO - [2023] MISSING_CENTRAL: ZFake1E2Mu/Central/MHc115_MA87/LR_diboson in Skim_TriLep_TTG_PTG200toInf.root
2026-01-07 11:56:10,191 - INFO - [2023BPix] MISSING_CENTRAL: ZFake1E2Mu/Central/MHc115_MA87/LR_diboson in Skim_TriLep_DYJets10to50.root
2026-01-07 11:56:10,218 - INFO - [2023BPix] MISSING_CENTRAL: ZFake1E2Mu/Central/MHc115_MA87/LR_diboson in Skim_TriLep_TTG_PTG200toInf.root
