2025-09-24 16:07:23,531 - INFO - [2022] MISSING_CENTRAL: ZFake1E2Mu/Central/muons/1/py in Skim_TriLep_DYJets.root
2025-09-24 16:07:23,531 - INFO - [2022] MISSING_CENTRAL: ZFake1E2Mu/Central/muons/1/py in Skim_TriLep_DYJets10to50.root
2025-09-24 16:07:23,531 - INFO - [2022] MISSING_CENTRAL: ZFake1E2Mu/Central/muons/1/py in Skim_TriLep_DYGTo2LG_MLL4to50_PTG10to100.root
2025-09-24 16:07:23,531 - INFO - [2022] MISSING_CENTRAL: ZFake1E2Mu/Central/muons/1/py in Skim_TriLep_DYGTo2LG_MLL4to50_PTG100to200.root
2025-09-24 16:07:23,532 - INFO - [2022] MISSING_CENTRAL: ZFake1E2Mu/Central/muons/1/py in Skim_TriLep_DYGTo2LG_MLL4to50_PTG200toInf.root
2025-09-24 16:07:23,626 - INFO - [2022] MISSING_CENTRAL: ZFake1E2Mu/Central/muons/1/py in Skim_TriLep_TTG_PTG10to100.root
2025-09-24 16:07:23,627 - INFO - [2022] MISSING_CENTRAL: ZFake1E2Mu/Central/muons/1/py in Skim_TriLep_TTG_PTG100to200.root
2025-09-24 16:07:23,918 - INFO - [2022EE] MISSING_CENTRAL: ZFake1E2Mu/Central/muons/1/py in Skim_TriLep_DYJets.root
2025-09-24 16:07:23,919 - INFO - [2022EE] MISSING_CENTRAL: ZFake1E2Mu/Central/muons/1/py in Skim_TriLep_DYJets10to50.root
2025-09-24 16:07:23,919 - INFO - [2022EE] MISSING_CENTRAL: ZFake1E2Mu/Central/muons/1/py in Skim_TriLep_DYGTo2LG_MLL4to50_PTG10to100.root
2025-09-24 16:07:23,920 - INFO - [2022EE] MISSING_CENTRAL: ZFake1E2Mu/Central/muons/1/py in Skim_TriLep_DYGTo2LG_MLL4to50_PTG100to200.root
2025-09-24 16:07:23,920 - INFO - [2022EE] MISSING_CENTRAL: ZFake1E2Mu/Central/muons/1/py in Skim_TriLep_DYGTo2LG_MLL4to50_PTG200toInf.root
2025-09-24 16:07:24,300 - INFO - [2023] MISSING_CENTRAL: ZFake1E2Mu/Central/muons/1/py in Skim_TriLep_DYJets10to50.root
2025-09-24 16:07:24,301 - INFO - [2023] MISSING_CENTRAL: ZFake1E2Mu/Central/muons/1/py in Skim_TriLep_DYGTo2LG_MLL4to50_PTG10to100.root
2025-09-24 16:07:24,301 - INFO - [2023] MISSING_CENTRAL: ZFake1E2Mu/Central/muons/1/py in Skim_TriLep_DYGTo2LG_MLL4to50_PTG100to200.root
2025-09-24 16:07:24,301 - INFO - [2023] MISSING_CENTRAL: ZFake1E2Mu/Central/muons/1/py in Skim_TriLep_DYGTo2LG_MLL4to50_PTG200toInf.root
2025-09-24 16:07:24,388 - INFO - [2023] MISSING_CENTRAL: ZFake1E2Mu/Central/muons/1/py in Skim_TriLep_TTG_PTG10to100.root
2025-09-24 16:07:24,389 - INFO - [2023] MISSING_CENTRAL: ZFake1E2Mu/Central/muons/1/py in Skim_TriLep_TTG_PTG100to200.root
2025-09-24 16:07:24,389 - INFO - [2023] MISSING_CENTRAL: ZFake1E2Mu/Central/muons/1/py in Skim_TriLep_TTG_PTG200toInf.root
2025-09-24 16:07:24,667 - INFO - [2023BPix] MISSING_CENTRAL: ZFake1E2Mu/Central/muons/1/py in Skim_TriLep_DYJets.root
2025-09-24 16:07:24,668 - INFO - [2023BPix] MISSING_CENTRAL: ZFake1E2Mu/Central/muons/1/py in Skim_TriLep_DYJets10to50.root
2025-09-24 16:07:24,668 - INFO - [2023BPix] MISSING_CENTRAL: ZFake1E2Mu/Central/muons/1/py in Skim_TriLep_DYGTo2LG_MLL4to50_PTG10to100.root
2025-09-24 16:07:24,668 - INFO - [2023BPix] MISSING_CENTRAL: ZFake1E2Mu/Central/muons/1/py in Skim_TriLep_DYGTo2LG_MLL4to50_PTG100to200.root
2025-09-24 16:07:24,669 - INFO - [2023BPix] MISSING_CENTRAL: ZFake1E2Mu/Central/muons/1/py in Skim_TriLep_DYGTo2LG_MLL4to50_PTG200toInf.root
2025-09-24 16:07:24,853 - INFO - [2023BPix] MISSING_CENTRAL: ZFake1E2Mu/Central/muons/1/py in Skim_TriLep_TTG_PTG200toInf.root
