2025-09-24 15:47:01,352 - INFO - [2017] MISSING_CENTRAL: SR1E2Mu/Central/bjets/3/phi in Skim_TriLep_MuonEG_E.root
2025-09-24 15:47:01,353 - INFO - [2017] MISSING_CENTRAL: SR1E2Mu/Central/bjets/3/phi in Skim_TriLep_DYJets.root
2025-09-24 15:47:01,353 - INFO - [2017] MISSING_CENTRAL: SR1E2Mu/Central/bjets/3/phi in Skim_TriLep_DYJets10to50.root
2025-09-24 15:47:01,354 - INFO - [2017] MISSING_CENTRAL: SR1E2Mu/Central/bjets/3/phi in Skim_TriLep_ZGToLLG.root
2025-09-24 15:47:01,359 - INFO - [2017] MISSING_CENTRAL: SR1E2Mu/Central/bjets/3/phi in Skim_TriLep_WWG.root
2025-09-24 15:47:01,390 - INFO - [2017] MISSING_CENTRAL: SR1E2Mu/Central/bjets/3/phi in Skim_TriLep_WWW.root
2025-09-24 15:47:01,391 - INFO - [2017] MISSING_CENTRAL: SR1E2Mu/Central/bjets/3/phi in Skim_TriLep_WWZ.root
2025-09-24 15:47:01,585 - INFO - [2017] MISSING_SYSTEMATIC: SR1E2Mu/JetEn_Down/bjets/3/phi in Skim_TriLep_VBFHToZZTo4L.root
2025-09-24 15:47:01,643 - INFO - [2017] MISSING_CENTRAL: SR1E2Mu/Central/bjets/3/phi in Skim_TriLep_ggHToZZTo4L.root
2025-10-02 21:12:29,001 - INFO - [2017] MISSING_CENTRAL: SR1E2Mu/Central/bjets/3/phi in Skim_TriLep_MuonEG_E.root
2025-10-02 21:12:29,006 - INFO - [2017] MISSING_CENTRAL: SR1E2Mu/Central/bjets/3/phi in Skim_TriLep_DYJets.root
2025-10-02 21:12:29,008 - INFO - [2017] MISSING_CENTRAL: SR1E2Mu/Central/bjets/3/phi in Skim_TriLep_DYJets10to50.root
2025-10-02 21:12:29,012 - INFO - [2017] MISSING_CENTRAL: SR1E2Mu/Central/bjets/3/phi in Skim_TriLep_ZGToLLG.root
2025-10-02 21:12:29,043 - INFO - [2017] MISSING_CENTRAL: SR1E2Mu/Central/bjets/3/phi in Skim_TriLep_WWG.root
2025-10-02 21:12:29,229 - INFO - [2017] MISSING_CENTRAL: SR1E2Mu/Central/bjets/3/phi in Skim_TriLep_WWW.root
2025-10-02 21:12:29,232 - INFO - [2017] MISSING_CENTRAL: SR1E2Mu/Central/bjets/3/phi in Skim_TriLep_WWZ.root
2025-10-02 21:12:29,336 - INFO - [2017] MISSING_SYSTEMATIC: SR1E2Mu/JetEn_Down/bjets/3/phi in Skim_TriLep_VBFHToZZTo4L.root
2025-10-02 21:12:29,349 - INFO - [2017] MISSING_CENTRAL: SR1E2Mu/Central/bjets/3/phi in Skim_TriLep_ggHToZZTo4L.root
2025-10-02 23:59:50,191 - INFO - [2017] MISSING_CENTRAL: SR1E2Mu/Central/bjets/3/phi in Skim_TriLep_MuonEG_E.root
2025-10-02 23:59:50,193 - INFO - [2017] MISSING_CENTRAL: SR1E2Mu/Central/bjets/3/phi in Skim_TriLep_DYJets.root
2025-10-02 23:59:50,193 - INFO - [2017] MISSING_CENTRAL: SR1E2Mu/Central/bjets/3/phi in Skim_TriLep_DYJets10to50.root
2025-10-02 23:59:50,193 - INFO - [2017] MISSING_CENTRAL: SR1E2Mu/Central/bjets/3/phi in Skim_TriLep_ZGToLLG.root
2025-10-02 23:59:50,199 - INFO - [2017] MISSING_CENTRAL: SR1E2Mu/Central/bjets/3/phi in Skim_TriLep_WWG.root
2025-10-02 23:59:50,245 - INFO - [2017] MISSING_CENTRAL: SR1E2Mu/Central/bjets/3/phi in Skim_TriLep_WWW.root
2025-10-02 23:59:50,245 - INFO - [2017] MISSING_CENTRAL: SR1E2Mu/Central/bjets/3/phi in Skim_TriLep_WWZ.root
2025-10-02 23:59:50,268 - INFO - [2017] MISSING_SYSTEMATIC: SR1E2Mu/JetEn_Down/bjets/3/phi in Skim_TriLep_VBFHToZZTo4L.root
2025-10-02 23:59:50,275 - INFO - [2017] MISSING_CENTRAL: SR1E2Mu/Central/bjets/3/phi in Skim_TriLep_ggHToZZTo4L.root
