2026-01-16 18:57:54,139 - INFO - [2017] MISSING_CENTRAL: SR1E2Mu/Central/bjets/3/py in Skim_TriLep_MuonEG_B.root
2026-01-16 18:57:54,226 - INFO - [2017] MISSING_CENTRAL: SR1E2Mu/Central/bjets/3/py in Skim_TriLep_DYJets.root
2026-01-16 18:57:54,226 - INFO - [2017] MISSING_CENTRAL: SR1E2Mu/Central/bjets/3/py in Skim_TriLep_DYJets10to50.root
2026-01-16 18:57:54,252 - INFO - [2017] MISSING_CENTRAL: SR1E2Mu/Central/bjets/3/py in Skim_TriLep_WWG.root
2026-01-16 18:57:54,385 - INFO - [2017] MISSING_CENTRAL: SR1E2Mu/Central/bjets/3/py in Skim_TriLep_WWW.root
2026-01-16 18:57:54,385 - INFO - [2017] MISSING_CENTRAL: SR1E2Mu/Central/bjets/3/py in Skim_TriLep_WWZ.root
2026-01-16 18:57:54,442 - INFO - [2017] MISSING_SYSTEMATIC: SR1E2Mu/JetEn_Down/bjets/3/py in Skim_TriLep_VBFHToZZTo4L.root
2026-01-16 18:57:54,456 - INFO - [2017] MISSING_CENTRAL: SR1E2Mu/Central/bjets/3/py in Skim_TriLep_ggHToZZTo4L.root
2026-01-28 16:06:56,665 - INFO - [2017] MISSING_CENTRAL: SR1E2Mu/Central/bjets/3/py in Skim_TriLep_MuonEG_E.root
2026-01-28 16:06:56,667 - INFO - [2017] MISSING_CENTRAL: SR1E2Mu/Central/bjets/3/py in Skim_TriLep_DYJets.root
2026-01-28 16:06:56,668 - INFO - [2017] MISSING_CENTRAL: SR1E2Mu/Central/bjets/3/py in Skim_TriLep_DYJets10to50.root
2026-01-28 16:06:56,701 - INFO - [2017] MISSING_CENTRAL: SR1E2Mu/Central/bjets/3/py in Skim_TriLep_WWG.root
2026-01-28 16:06:56,887 - INFO - [2017] MISSING_CENTRAL: SR1E2Mu/Central/bjets/3/py in Skim_TriLep_WWW.root
2026-01-28 16:06:56,888 - INFO - [2017] MISSING_CENTRAL: SR1E2Mu/Central/bjets/3/py in Skim_TriLep_WWZ.root
2026-01-28 16:06:56,969 - INFO - [2017] MISSING_SYSTEMATIC: SR1E2Mu/JetEn_Down/bjets/3/py in Skim_TriLep_VBFHToZZTo4L.root
2026-01-28 16:06:56,992 - INFO - [2017] MISSING_CENTRAL: SR1E2Mu/Central/bjets/3/py in Skim_TriLep_ggHToZZTo4L.root
2026-01-28 17:18:24,503 - INFO - [2017] MISSING_CENTRAL: SR1E2Mu/Central/bjets/3/py in Skim_TriLep_MuonEG_E.root
2026-01-28 17:18:24,505 - INFO - [2017] MISSING_CENTRAL: SR1E2Mu/Central/bjets/3/py in Skim_TriLep_DYJets.root
2026-01-28 17:18:24,505 - INFO - [2017] MISSING_CENTRAL: SR1E2Mu/Central/bjets/3/py in Skim_TriLep_DYJets10to50.root
2026-01-28 17:18:24,539 - INFO - [2017] MISSING_CENTRAL: SR1E2Mu/Central/bjets/3/py in Skim_TriLep_WWG.root
2026-01-28 17:18:24,739 - INFO - [2017] MISSING_CENTRAL: SR1E2Mu/Central/bjets/3/py in Skim_TriLep_WWW.root
2026-01-28 17:18:24,740 - INFO - [2017] MISSING_CENTRAL: SR1E2Mu/Central/bjets/3/py in Skim_TriLep_WWZ.root
2026-01-28 17:18:24,881 - INFO - [2017] MISSING_SYSTEMATIC: SR1E2Mu/JetEn_Down/bjets/3/py in Skim_TriLep_VBFHToZZTo4L.root
2026-01-28 17:18:24,900 - INFO - [2017] MISSING_CENTRAL: SR1E2Mu/Central/bjets/3/py in Skim_TriLep_ggHToZZTo4L.root
2026-01-28 19:52:02,112 - INFO - [2017] MISSING_CENTRAL: SR1E2Mu/Central/bjets/3/py in Skim_TriLep_MuonEG_E.root
2026-01-28 19:52:02,114 - INFO - [2017] MISSING_CENTRAL: SR1E2Mu/Central/bjets/3/py in Skim_TriLep_DYJets.root
2026-01-28 19:52:02,114 - INFO - [2017] MISSING_CENTRAL: SR1E2Mu/Central/bjets/3/py in Skim_TriLep_DYJets10to50.root
2026-01-28 19:52:02,148 - INFO - [2017] MISSING_CENTRAL: SR1E2Mu/Central/bjets/3/py in Skim_TriLep_WWG.root
2026-01-28 19:52:02,359 - INFO - [2017] MISSING_CENTRAL: SR1E2Mu/Central/bjets/3/py in Skim_TriLep_WWW.root
2026-01-28 19:52:02,359 - INFO - [2017] MISSING_CENTRAL: SR1E2Mu/Central/bjets/3/py in Skim_TriLep_WWZ.root
2026-01-28 19:52:02,440 - INFO - [2017] MISSING_SYSTEMATIC: SR1E2Mu/JetEn_Down/bjets/3/py in Skim_TriLep_VBFHToZZTo4L.root
2026-01-28 19:52:02,463 - INFO - [2017] MISSING_CENTRAL: SR1E2Mu/Central/bjets/3/py in Skim_TriLep_ggHToZZTo4L.root
2026-01-29 07:09:27,850 - INFO - [2017] MISSING_CENTRAL: SR1E2Mu/Central/bjets/3/py in Skim_TriLep_MuonEG_E.root
2026-01-29 07:09:27,852 - INFO - [2017] MISSING_CENTRAL: SR1E2Mu/Central/bjets/3/py in Skim_TriLep_DYJets.root
2026-01-29 07:09:27,853 - INFO - [2017] MISSING_CENTRAL: SR1E2Mu/Central/bjets/3/py in Skim_TriLep_DYJets10to50.root
2026-01-29 07:09:27,877 - INFO - [2017] MISSING_CENTRAL: SR1E2Mu/Central/bjets/3/py in Skim_TriLep_WWG.root
2026-01-29 07:09:27,993 - INFO - [2017] MISSING_CENTRAL: SR1E2Mu/Central/bjets/3/py in Skim_TriLep_WWW.root
2026-01-29 07:09:27,994 - INFO - [2017] MISSING_CENTRAL: SR1E2Mu/Central/bjets/3/py in Skim_TriLep_WWZ.root
2026-01-29 07:09:28,051 - INFO - [2017] MISSING_SYSTEMATIC: SR1E2Mu/JetEn_Down/bjets/3/py in Skim_TriLep_VBFHToZZTo4L.root
2026-01-29 07:09:28,066 - INFO - [2017] MISSING_CENTRAL: SR1E2Mu/Central/bjets/3/py in Skim_TriLep_ggHToZZTo4L.root
