2025-09-24 15:47:01,847 - INFO - [2017] MISSING_CENTRAL: SR1E2Mu/Central/bjets/3/btagScore in Skim_TriLep_MuonEG_E.root
2025-09-24 15:47:01,848 - INFO - [2017] MISSING_CENTRAL: SR1E2Mu/Central/bjets/3/btagScore in Skim_TriLep_DYJets.root
2025-09-24 15:47:01,848 - INFO - [2017] MISSING_CENTRAL: SR1E2Mu/Central/bjets/3/btagScore in Skim_TriLep_DYJets10to50.root
2025-09-24 15:47:01,848 - INFO - [2017] MISSING_CENTRAL: SR1E2Mu/Central/bjets/3/btagScore in Skim_TriLep_ZGToLLG.root
2025-09-24 15:47:01,855 - INFO - [2017] MISSING_CENTRAL: SR1E2Mu/Central/bjets/3/btagScore in Skim_TriLep_WWG.root
2025-09-24 15:47:01,892 - INFO - [2017] MISSING_CENTRAL: SR1E2Mu/Central/bjets/3/btagScore in Skim_TriLep_WWW.root
2025-09-24 15:47:01,892 - INFO - [2017] MISSING_CENTRAL: SR1E2Mu/Central/bjets/3/btagScore in Skim_TriLep_WWZ.root
2025-09-24 15:47:01,909 - INFO - [2017] MISSING_SYSTEMATIC: SR1E2Mu/JetEn_Down/bjets/3/btagScore in Skim_TriLep_VBFHToZZTo4L.root
2025-09-24 15:47:01,995 - INFO - [2017] MISSING_CENTRAL: SR1E2Mu/Central/bjets/3/btagScore in Skim_TriLep_ggHToZZTo4L.root
2025-10-02 21:12:29,233 - INFO - [2017] MISSING_CENTRAL: SR1E2Mu/Central/bjets/3/btagScore in Skim_TriLep_MuonEG_E.root
2025-10-02 21:12:29,236 - INFO - [2017] MISSING_CENTRAL: SR1E2Mu/Central/bjets/3/btagScore in Skim_TriLep_DYJets.root
2025-10-02 21:12:29,237 - INFO - [2017] MISSING_CENTRAL: SR1E2Mu/Central/bjets/3/btagScore in Skim_TriLep_DYJets10to50.root
2025-10-02 21:12:29,238 - INFO - [2017] MISSING_CENTRAL: SR1E2Mu/Central/bjets/3/btagScore in Skim_TriLep_ZGToLLG.root
2025-10-02 21:12:29,259 - INFO - [2017] MISSING_CENTRAL: SR1E2Mu/Central/bjets/3/btagScore in Skim_TriLep_WWG.root
2025-10-02 21:12:29,440 - INFO - [2017] MISSING_CENTRAL: SR1E2Mu/Central/bjets/3/btagScore in Skim_TriLep_WWW.root
2025-10-02 21:12:29,441 - INFO - [2017] MISSING_CENTRAL: SR1E2Mu/Central/bjets/3/btagScore in Skim_TriLep_WWZ.root
2025-10-02 21:12:29,544 - INFO - [2017] MISSING_SYSTEMATIC: SR1E2Mu/JetEn_Down/bjets/3/btagScore in Skim_TriLep_VBFHToZZTo4L.root
2025-10-02 21:12:29,570 - INFO - [2017] MISSING_CENTRAL: SR1E2Mu/Central/bjets/3/btagScore in Skim_TriLep_ggHToZZTo4L.root
2025-10-02 23:59:51,523 - INFO - [2017] MISSING_CENTRAL: SR1E2Mu/Central/bjets/3/btagScore in Skim_TriLep_MuonEG_E.root
2025-10-02 23:59:51,525 - INFO - [2017] MISSING_CENTRAL: SR1E2Mu/Central/bjets/3/btagScore in Skim_TriLep_DYJets.root
2025-10-02 23:59:51,525 - INFO - [2017] MISSING_CENTRAL: SR1E2Mu/Central/bjets/3/btagScore in Skim_TriLep_DYJets10to50.root
2025-10-02 23:59:51,526 - INFO - [2017] MISSING_CENTRAL: SR1E2Mu/Central/bjets/3/btagScore in Skim_TriLep_ZGToLLG.root
2025-10-02 23:59:51,532 - INFO - [2017] MISSING_CENTRAL: SR1E2Mu/Central/bjets/3/btagScore in Skim_TriLep_WWG.root
2025-10-02 23:59:51,709 - INFO - [2017] MISSING_CENTRAL: SR1E2Mu/Central/bjets/3/btagScore in Skim_TriLep_WWW.root
2025-10-02 23:59:51,709 - INFO - [2017] MISSING_CENTRAL: SR1E2Mu/Central/bjets/3/btagScore in Skim_TriLep_WWZ.root
2025-10-02 23:59:51,725 - INFO - [2017] MISSING_SYSTEMATIC: SR1E2Mu/JetEn_Down/bjets/3/btagScore in Skim_TriLep_VBFHToZZTo4L.root
2025-10-02 23:59:51,728 - INFO - [2017] MISSING_CENTRAL: SR1E2Mu/Central/bjets/3/btagScore in Skim_TriLep_ggHToZZTo4L.root
2025-11-05 21:33:34,114 - INFO - [2017] MISSING_CENTRAL: SR1E2Mu/Central/bjets/3/btagScore in Skim_TriLep_MuonEG_B.root
2025-11-05 21:33:34,213 - INFO - [2017] MISSING_CENTRAL: SR1E2Mu/Central/bjets/3/btagScore in Skim_TriLep_MuonEG_E.root
2025-11-05 21:33:34,214 - INFO - [2017] MISSING_CENTRAL: SR1E2Mu/Central/bjets/3/btagScore in Skim_TriLep_DYJets.root
2025-11-05 21:33:34,215 - INFO - [2017] MISSING_CENTRAL: SR1E2Mu/Central/bjets/3/btagScore in Skim_TriLep_DYJets10to50.root
2025-11-05 21:33:34,216 - INFO - [2017] MISSING_CENTRAL: SR1E2Mu/Central/bjets/3/btagScore in Skim_TriLep_ZGToLLG.root
2025-11-05 21:33:34,234 - INFO - [2017] MISSING_CENTRAL: SR1E2Mu/Central/bjets/3/btagScore in Skim_TriLep_WWG.root
2025-11-05 21:33:34,320 - INFO - [2017] MISSING_CENTRAL: SR1E2Mu/Central/bjets/3/btagScore in Skim_TriLep_WWW.root
2025-11-05 21:33:34,324 - INFO - [2017] MISSING_CENTRAL: SR1E2Mu/Central/bjets/3/btagScore in Skim_TriLep_WWZ.root
2025-11-05 21:33:34,386 - INFO - [2017] MISSING_SYSTEMATIC: SR1E2Mu/JetEn_Down/bjets/3/btagScore in Skim_TriLep_VBFHToZZTo4L.root
2025-11-05 21:33:34,395 - INFO - [2017] MISSING_CENTRAL: SR1E2Mu/Central/bjets/3/btagScore in Skim_TriLep_ggHToZZTo4L.root
2025-11-05 21:38:36,379 - INFO - [2017] MISSING_CENTRAL: SR1E2Mu/Central/bjets/3/btagScore in Skim_TriLep_MuonEG_B.root
2025-11-05 21:38:36,459 - INFO - [2017] MISSING_CENTRAL: SR1E2Mu/Central/bjets/3/btagScore in Skim_TriLep_MuonEG_E.root
2025-11-05 21:38:36,461 - INFO - [2017] MISSING_CENTRAL: SR1E2Mu/Central/bjets/3/btagScore in Skim_TriLep_DYJets.root
2025-11-05 21:38:36,461 - INFO - [2017] MISSING_CENTRAL: SR1E2Mu/Central/bjets/3/btagScore in Skim_TriLep_DYJets10to50.root
2025-11-05 21:38:36,462 - INFO - [2017] MISSING_CENTRAL: SR1E2Mu/Central/bjets/3/btagScore in Skim_TriLep_ZGToLLG.root
2025-11-05 21:38:36,475 - INFO - [2017] MISSING_CENTRAL: SR1E2Mu/Central/bjets/3/btagScore in Skim_TriLep_WWG.root
2025-11-05 21:38:36,538 - INFO - [2017] MISSING_CENTRAL: SR1E2Mu/Central/bjets/3/btagScore in Skim_TriLep_WWW.root
2025-11-05 21:38:36,539 - INFO - [2017] MISSING_CENTRAL: SR1E2Mu/Central/bjets/3/btagScore in Skim_TriLep_WWZ.root
2025-11-05 21:38:36,581 - INFO - [2017] MISSING_SYSTEMATIC: SR1E2Mu/JetEn_Down/bjets/3/btagScore in Skim_TriLep_VBFHToZZTo4L.root
2025-11-05 21:38:36,590 - INFO - [2017] MISSING_CENTRAL: SR1E2Mu/Central/bjets/3/btagScore in Skim_TriLep_ggHToZZTo4L.root
2025-11-05 22:01:31,605 - INFO - [2017] MISSING_CENTRAL: SR1E2Mu/Central/bjets/3/btagScore in Skim_TriLep_MuonEG_B.root
2025-11-05 22:01:31,688 - INFO - [2017] MISSING_CENTRAL: SR1E2Mu/Central/bjets/3/btagScore in Skim_TriLep_MuonEG_E.root
2025-11-05 22:01:31,689 - INFO - [2017] MISSING_CENTRAL: SR1E2Mu/Central/bjets/3/btagScore in Skim_TriLep_DYJets.root
2025-11-05 22:01:31,690 - INFO - [2017] MISSING_CENTRAL: SR1E2Mu/Central/bjets/3/btagScore in Skim_TriLep_DYJets10to50.root
2025-11-05 22:01:31,690 - INFO - [2017] MISSING_CENTRAL: SR1E2Mu/Central/bjets/3/btagScore in Skim_TriLep_ZGToLLG.root
2025-11-05 22:01:31,704 - INFO - [2017] MISSING_CENTRAL: SR1E2Mu/Central/bjets/3/btagScore in Skim_TriLep_WWG.root
2025-11-05 22:01:31,768 - INFO - [2017] MISSING_CENTRAL: SR1E2Mu/Central/bjets/3/btagScore in Skim_TriLep_WWW.root
2025-11-05 22:01:31,769 - INFO - [2017] MISSING_CENTRAL: SR1E2Mu/Central/bjets/3/btagScore in Skim_TriLep_WWZ.root
2025-11-05 22:01:31,801 - INFO - [2017] MISSING_SYSTEMATIC: SR1E2Mu/JetEn_Down/bjets/3/btagScore in Skim_TriLep_VBFHToZZTo4L.root
2025-11-05 22:01:31,808 - INFO - [2017] MISSING_CENTRAL: SR1E2Mu/Central/bjets/3/btagScore in Skim_TriLep_ggHToZZTo4L.root
2025-11-05 22:17:18,694 - INFO - [2017] MISSING_CENTRAL: SR1E2Mu/Central/bjets/3/btagScore in Skim_TriLep_MuonEG_B.root
2025-11-05 22:17:18,852 - INFO - [2017] MISSING_CENTRAL: SR1E2Mu/Central/bjets/3/btagScore in Skim_TriLep_MuonEG_E.root
2025-11-05 22:17:18,856 - INFO - [2017] MISSING_CENTRAL: SR1E2Mu/Central/bjets/3/btagScore in Skim_TriLep_DYJets.root
2025-11-05 22:17:18,857 - INFO - [2017] MISSING_CENTRAL: SR1E2Mu/Central/bjets/3/btagScore in Skim_TriLep_DYJets10to50.root
2025-11-05 22:17:18,858 - INFO - [2017] MISSING_CENTRAL: SR1E2Mu/Central/bjets/3/btagScore in Skim_TriLep_ZGToLLG.root
2025-11-05 22:17:18,881 - INFO - [2017] MISSING_CENTRAL: SR1E2Mu/Central/bjets/3/btagScore in Skim_TriLep_WWG.root
2025-11-05 22:17:18,983 - INFO - [2017] MISSING_CENTRAL: SR1E2Mu/Central/bjets/3/btagScore in Skim_TriLep_WWW.root
2025-11-05 22:17:18,984 - INFO - [2017] MISSING_CENTRAL: SR1E2Mu/Central/bjets/3/btagScore in Skim_TriLep_WWZ.root
2025-11-05 22:17:19,058 - INFO - [2017] MISSING_SYSTEMATIC: SR1E2Mu/JetEn_Down/bjets/3/btagScore in Skim_TriLep_VBFHToZZTo4L.root
2025-11-05 22:17:19,065 - INFO - [2017] MISSING_CENTRAL: SR1E2Mu/Central/bjets/3/btagScore in Skim_TriLep_ggHToZZTo4L.root
