2025-09-24 15:46:59,101 - INFO - [2017] MISSING_CENTRAL: SR1E2Mu/Central/bjets/2/eta in Skim_TriLep_DYJets.root
2025-09-24 15:46:59,101 - INFO - [2017] MISSING_CENTRAL: SR1E2Mu/Central/bjets/2/eta in Skim_TriLep_DYJets10to50.root
2025-09-24 15:46:59,124 - INFO - [2017] MISSING_CENTRAL: SR1E2Mu/Central/bjets/2/eta in Skim_TriLep_WWG.root
2025-10-02 21:12:28,288 - INFO - [2017] MISSING_CENTRAL: SR1E2Mu/Central/bjets/2/eta in Skim_TriLep_DYJets.root
2025-10-02 21:12:28,303 - INFO - [2017] MISSING_CENTRAL: SR1E2Mu/Central/bjets/2/eta in Skim_TriLep_DYJets10to50.root
2025-10-02 21:12:28,355 - INFO - [2017] MISSING_CENTRAL: SR1E2Mu/Central/bjets/2/eta in Skim_TriLep_WWG.root
2025-10-02 23:59:48,626 - INFO - [2017] MISSING_CENTRAL: SR1E2Mu/Central/bjets/2/eta in Skim_TriLep_DYJets.root
2025-10-02 23:59:48,626 - INFO - [2017] MISSING_CENTRAL: SR1E2Mu/Central/bjets/2/eta in Skim_TriLep_DYJets10to50.root
2025-10-02 23:59:48,649 - INFO - [2017] MISSING_CENTRAL: SR1E2Mu/Central/bjets/2/eta in Skim_TriLep_WWG.root
2025-11-05 21:33:32,940 - INFO - [2017] MISSING_CENTRAL: SR1E2Mu/Central/bjets/2/eta in Skim_TriLep_DYJets.root
2025-11-05 21:33:32,940 - INFO - [2017] MISSING_CENTRAL: SR1E2Mu/Central/bjets/2/eta in Skim_TriLep_DYJets10to50.root
2025-11-05 21:33:32,957 - INFO - [2017] MISSING_CENTRAL: SR1E2Mu/Central/bjets/2/eta in Skim_TriLep_WWG.root
2025-11-05 21:38:35,557 - INFO - [2017] MISSING_CENTRAL: SR1E2Mu/Central/bjets/2/eta in Skim_TriLep_DYJets.root
2025-11-05 21:38:35,557 - INFO - [2017] MISSING_CENTRAL: SR1E2Mu/Central/bjets/2/eta in Skim_TriLep_DYJets10to50.root
2025-11-05 21:38:35,595 - INFO - [2017] MISSING_CENTRAL: SR1E2Mu/Central/bjets/2/eta in Skim_TriLep_WWG.root
2025-11-05 22:01:30,995 - INFO - [2017] MISSING_CENTRAL: SR1E2Mu/Central/bjets/2/eta in Skim_TriLep_DYJets.root
2025-11-05 22:01:30,995 - INFO - [2017] MISSING_CENTRAL: SR1E2Mu/Central/bjets/2/eta in Skim_TriLep_DYJets10to50.root
2025-11-05 22:01:31,023 - INFO - [2017] MISSING_CENTRAL: SR1E2Mu/Central/bjets/2/eta in Skim_TriLep_WWG.root
2025-11-05 22:17:18,024 - INFO - [2017] MISSING_CENTRAL: SR1E2Mu/Central/bjets/2/eta in Skim_TriLep_DYJets.root
2025-11-05 22:17:18,025 - INFO - [2017] MISSING_CENTRAL: SR1E2Mu/Central/bjets/2/eta in Skim_TriLep_DYJets10to50.root
2025-11-05 22:17:18,041 - INFO - [2017] MISSING_CENTRAL: SR1E2Mu/Central/bjets/2/eta in Skim_TriLep_WWG.root
2025-11-05 23:21:49,022 - INFO - [2017] MISSING_CENTRAL: SR1E2Mu/Central/bjets/2/eta in Skim_TriLep_DYJets.root
2025-11-05 23:21:49,023 - INFO - [2017] MISSING_CENTRAL: SR1E2Mu/Central/bjets/2/eta in Skim_TriLep_DYJets10to50.root
2025-11-05 23:21:49,039 - INFO - [2017] MISSING_CENTRAL: SR1E2Mu/Central/bjets/2/eta in Skim_TriLep_WWG.root
2025-11-07 12:25:02,704 - INFO - [2017] MISSING_CENTRAL: SR1E2Mu/Central/bjets/2/eta in Skim_TriLep_DYJets.root
2025-11-07 12:25:02,704 - INFO - [2017] MISSING_CENTRAL: SR1E2Mu/Central/bjets/2/eta in Skim_TriLep_DYJets10to50.root
2025-11-07 12:25:02,723 - INFO - [2017] MISSING_CENTRAL: SR1E2Mu/Central/bjets/2/eta in Skim_TriLep_WWG.root
2025-11-07 13:05:21,134 - INFO - [2017] MISSING_CENTRAL: SR1E2Mu/Central/bjets/2/eta in Skim_TriLep_DYJets.root
2025-11-07 13:05:21,134 - INFO - [2017] MISSING_CENTRAL: SR1E2Mu/Central/bjets/2/eta in Skim_TriLep_DYJets10to50.root
2025-11-07 13:05:21,154 - INFO - [2017] MISSING_CENTRAL: SR1E2Mu/Central/bjets/2/eta in Skim_TriLep_WWG.root
2025-11-07 13:30:09,618 - INFO - [2017] MISSING_CENTRAL: SR1E2Mu/Central/bjets/2/eta in Skim_TriLep_DYJets.root
2025-11-07 13:30:09,619 - INFO - [2017] MISSING_CENTRAL: SR1E2Mu/Central/bjets/2/eta in Skim_TriLep_DYJets10to50.root
2025-11-07 13:30:09,637 - INFO - [2017] MISSING_CENTRAL: SR1E2Mu/Central/bjets/2/eta in Skim_TriLep_WWG.root
2025-11-07 14:02:54,464 - INFO - [2017] MISSING_CENTRAL: SR1E2Mu/Central/bjets/2/eta in Skim_TriLep_DYJets.root
2025-11-07 14:02:54,464 - INFO - [2017] MISSING_CENTRAL: SR1E2Mu/Central/bjets/2/eta in Skim_TriLep_DYJets10to50.root
2025-11-07 14:02:54,482 - INFO - [2017] MISSING_CENTRAL: SR1E2Mu/Central/bjets/2/eta in Skim_TriLep_WWG.root
2025-11-10 05:53:27,630 - INFO - [2017] MISSING_CENTRAL: SR1E2Mu/Central/bjets/2/eta in Skim_TriLep_DYJets.root
2025-11-10 05:53:27,631 - INFO - [2017] MISSING_CENTRAL: SR1E2Mu/Central/bjets/2/eta in Skim_TriLep_DYJets10to50.root
2025-11-10 05:53:27,663 - INFO - [2017] MISSING_CENTRAL: SR1E2Mu/Central/bjets/2/eta in Skim_TriLep_WWG.root
2025-11-10 12:17:55,975 - INFO - [2017] MISSING_CENTRAL: SR1E2Mu/Central/bjets/2/eta in Skim_TriLep_DYJets.root
2025-11-10 12:17:55,975 - INFO - [2017] MISSING_CENTRAL: SR1E2Mu/Central/bjets/2/eta in Skim_TriLep_DYJets10to50.root
2025-11-10 12:17:55,993 - INFO - [2017] MISSING_CENTRAL: SR1E2Mu/Central/bjets/2/eta in Skim_TriLep_WWG.root
2025-11-13 11:07:04,966 - INFO - [2017] MISSING_CENTRAL: SR1E2Mu/Central/bjets/2/eta in Skim_TriLep_DYJets.root
2025-11-13 11:07:04,967 - INFO - [2017] MISSING_CENTRAL: SR1E2Mu/Central/bjets/2/eta in Skim_TriLep_DYJets10to50.root
2025-11-13 11:07:04,997 - INFO - [2017] MISSING_CENTRAL: SR1E2Mu/Central/bjets/2/eta in Skim_TriLep_WWG.root
2025-11-19 16:20:16,657 - INFO - [2017] MISSING_CENTRAL: SR1E2Mu/Central/bjets/2/eta in Skim_TriLep_DYJets.root
2025-11-19 16:20:16,659 - INFO - [2017] MISSING_CENTRAL: SR1E2Mu/Central/bjets/2/eta in Skim_TriLep_DYJets10to50.root
2025-11-19 16:20:16,675 - INFO - [2017] MISSING_CENTRAL: SR1E2Mu/Central/bjets/2/eta in Skim_TriLep_WWG.root
2025-12-17 22:34:24,002 - INFO - [2017] MISSING_CENTRAL: SR1E2Mu/Central/bjets/2/eta in Skim_TriLep_DYJets10to50.root
2025-12-17 22:34:24,052 - INFO - [2017] MISSING_CENTRAL: SR1E2Mu/Central/bjets/2/eta in Skim_TriLep_WWG.root
2025-12-18 14:17:45,945 - INFO - [2017] MISSING_CENTRAL: SR1E2Mu/Central/bjets/2/eta in Skim_TriLep_DYJets10to50.root
2025-12-18 14:17:45,973 - INFO - [2017] MISSING_CENTRAL: SR1E2Mu/Central/bjets/2/eta in Skim_TriLep_WWG.root
2025-12-18 14:33:13,863 - INFO - [2017] MISSING_CENTRAL: SR1E2Mu/Central/bjets/2/eta in Skim_TriLep_DYJets10to50.root
2025-12-18 14:33:13,877 - INFO - [2017] MISSING_CENTRAL: SR1E2Mu/Central/bjets/2/eta in Skim_TriLep_WWG.root
2026-01-07 11:43:21,730 - INFO - [2017] MISSING_CENTRAL: SR1E2Mu/Central/bjets/2/eta in Skim_TriLep_DYJets10to50.root
2026-01-07 11:43:21,742 - INFO - [2017] MISSING_CENTRAL: SR1E2Mu/Central/bjets/2/eta in Skim_TriLep_WWG.root
2026-01-07 18:40:20,739 - INFO - [2017] MISSING_CENTRAL: SR1E2Mu/Central/bjets/2/eta in Skim_TriLep_DYJets10to50.root
2026-01-07 18:40:20,755 - INFO - [2017] MISSING_CENTRAL: SR1E2Mu/Central/bjets/2/eta in Skim_TriLep_WWG.root
2026-01-07 19:27:43,426 - INFO - [2017] MISSING_CENTRAL: SR1E2Mu/Central/bjets/2/eta in Skim_TriLep_DYJets10to50.root
2026-01-07 19:27:43,439 - INFO - [2017] MISSING_CENTRAL: SR1E2Mu/Central/bjets/2/eta in Skim_TriLep_WWG.root
2026-01-09 12:13:54,247 - INFO - [2017] MISSING_CENTRAL: SR1E2Mu/Central/bjets/2/eta in Skim_TriLep_DYJets10to50.root
2026-01-09 12:13:54,255 - INFO - [2017] MISSING_CENTRAL: SR1E2Mu/Central/bjets/2/eta in Skim_TriLep_WWG.root
2026-01-11 09:33:58,592 - INFO - [2017] MISSING_CENTRAL: SR1E2Mu/Central/bjets/2/eta in Skim_TriLep_DYJets10to50.root
2026-01-11 09:33:58,600 - INFO - [2017] MISSING_CENTRAL: SR1E2Mu/Central/bjets/2/eta in Skim_TriLep_WWG.root
2026-01-12 13:42:33,996 - INFO - [2017] MISSING_FILE: /home/choij/Sync/workspace/ChargedHiggsAnalysisV3/SKNanoOutput/MatrixSelector/Run1E2Mu/2017/Skim_TriLep_MuonEG_B.root
2026-01-12 13:42:33,996 - INFO - [2017] MISSING_FILE: /home/choij/Sync/workspace/ChargedHiggsAnalysisV3/SKNanoOutput/MatrixSelector/Run1E2Mu/2017/Skim_TriLep_MuonEG_C.root
2026-01-12 13:42:33,996 - INFO - [2017] MISSING_FILE: /home/choij/Sync/workspace/ChargedHiggsAnalysisV3/SKNanoOutput/MatrixSelector/Run1E2Mu/2017/Skim_TriLep_MuonEG_D.root
2026-01-12 13:42:33,996 - INFO - [2017] MISSING_FILE: /home/choij/Sync/workspace/ChargedHiggsAnalysisV3/SKNanoOutput/MatrixSelector/Run1E2Mu/2017/Skim_TriLep_MuonEG_E.root
2026-01-12 13:42:33,996 - INFO - [2017] MISSING_FILE: /home/choij/Sync/workspace/ChargedHiggsAnalysisV3/SKNanoOutput/MatrixSelector/Run1E2Mu/2017/Skim_TriLep_MuonEG_F.root
2026-01-12 13:42:34,020 - INFO - [2017] MISSING_CENTRAL: SR1E2Mu/Central/bjets/2/eta in Skim_TriLep_DYJets10to50.root
2026-01-12 13:42:34,028 - INFO - [2017] MISSING_CENTRAL: SR1E2Mu/Central/bjets/2/eta in Skim_TriLep_WWG.root
