2025-09-24 15:46:46,355 - INFO - [2017] MISSING_CENTRAL: SR1E2Mu/Central/jets/2/phi in Skim_TriLep_DYJets10to50.root
2025-10-02 21:12:20,227 - INFO - [2017] MISSING_CENTRAL: SR1E2Mu/Central/jets/2/phi in Skim_TriLep_DYJets10to50.root
2025-10-02 23:59:37,255 - INFO - [2017] MISSING_CENTRAL: SR1E2Mu/Central/jets/2/phi in Skim_TriLep_DYJets10to50.root
2025-11-05 21:33:27,593 - INFO - [2017] MISSING_CENTRAL: SR1E2Mu/Central/jets/2/phi in Skim_TriLep_DYJets10to50.root
2025-11-05 21:38:29,958 - INFO - [2017] MISSING_CENTRAL: SR1E2Mu/Central/jets/2/phi in Skim_TriLep_DYJets10to50.root
2025-11-05 22:01:25,311 - INFO - [2017] MISSING_CENTRAL: SR1E2Mu/Central/jets/2/phi in Skim_TriLep_DYJets10to50.root
2025-11-05 22:17:12,266 - INFO - [2017] MISSING_CENTRAL: SR1E2Mu/Central/jets/2/phi in Skim_TriLep_DYJets10to50.root
2025-11-05 23:21:45,271 - INFO - [2017] MISSING_CENTRAL: SR1E2Mu/Central/jets/2/phi in Skim_TriLep_DYJets10to50.root
2025-11-07 12:24:59,302 - INFO - [2017] MISSING_CENTRAL: SR1E2Mu/Central/jets/2/phi in Skim_TriLep_DYJets10to50.root
2025-11-07 13:05:17,242 - INFO - [2017] MISSING_CENTRAL: SR1E2Mu/Central/jets/2/phi in Skim_TriLep_DYJets10to50.root
2025-11-07 13:30:05,949 - INFO - [2017] MISSING_CENTRAL: SR1E2Mu/Central/jets/2/phi in Skim_TriLep_DYJets10to50.root
2025-11-07 14:02:50,979 - INFO - [2017] MISSING_CENTRAL: SR1E2Mu/Central/jets/2/phi in Skim_TriLep_DYJets10to50.root
2025-11-10 05:53:22,679 - INFO - [2017] MISSING_CENTRAL: SR1E2Mu/Central/jets/2/phi in Skim_TriLep_DYJets10to50.root
2025-11-10 12:17:52,614 - INFO - [2017] MISSING_CENTRAL: SR1E2Mu/Central/jets/2/phi in Skim_TriLep_DYJets10to50.root
2025-11-13 11:06:54,449 - INFO - [2017] MISSING_CENTRAL: SR1E2Mu/Central/jets/2/phi in Skim_TriLep_DYJets10to50.root
2025-11-19 16:20:12,992 - INFO - [2017] MISSING_CENTRAL: SR1E2Mu/Central/jets/2/phi in Skim_TriLep_DYJets10to50.root
2025-12-17 22:34:11,568 - INFO - [2017] MISSING_CENTRAL: SR1E2Mu/Central/jets/2/phi in Skim_TriLep_DYJets10to50.root
2025-12-18 14:17:39,556 - INFO - [2017] MISSING_CENTRAL: SR1E2Mu/Central/jets/2/phi in Skim_TriLep_DYJets10to50.root
2025-12-18 14:33:06,889 - INFO - [2017] MISSING_CENTRAL: SR1E2Mu/Central/jets/2/phi in Skim_TriLep_DYJets10to50.root
2026-01-07 11:43:12,362 - INFO - [2017] MISSING_CENTRAL: SR1E2Mu/Central/jets/2/phi in Skim_TriLep_DYJets10to50.root
2026-01-07 18:40:15,272 - INFO - [2017] MISSING_CENTRAL: SR1E2Mu/Central/jets/2/phi in Skim_TriLep_DYJets10to50.root
2026-01-07 19:27:37,801 - INFO - [2017] MISSING_CENTRAL: SR1E2Mu/Central/jets/2/phi in Skim_TriLep_DYJets10to50.root
2026-01-09 12:13:50,730 - INFO - [2017] MISSING_CENTRAL: SR1E2Mu/Central/jets/2/phi in Skim_TriLep_DYJets10to50.root
2026-01-11 09:33:54,977 - INFO - [2017] MISSING_CENTRAL: SR1E2Mu/Central/jets/2/phi in Skim_TriLep_DYJets10to50.root
2026-01-12 13:42:30,291 - INFO - [2017] MISSING_FILE: /home/choij/Sync/workspace/ChargedHiggsAnalysisV3/SKNanoOutput/MatrixSelector/Run1E2Mu/2017/Skim_TriLep_MuonEG_B.root
2026-01-12 13:42:30,291 - INFO - [2017] MISSING_FILE: /home/choij/Sync/workspace/ChargedHiggsAnalysisV3/SKNanoOutput/MatrixSelector/Run1E2Mu/2017/Skim_TriLep_MuonEG_C.root
2026-01-12 13:42:30,291 - INFO - [2017] MISSING_FILE: /home/choij/Sync/workspace/ChargedHiggsAnalysisV3/SKNanoOutput/MatrixSelector/Run1E2Mu/2017/Skim_TriLep_MuonEG_D.root
2026-01-12 13:42:30,291 - INFO - [2017] MISSING_FILE: /home/choij/Sync/workspace/ChargedHiggsAnalysisV3/SKNanoOutput/MatrixSelector/Run1E2Mu/2017/Skim_TriLep_MuonEG_E.root
2026-01-12 13:42:30,291 - INFO - [2017] MISSING_FILE: /home/choij/Sync/workspace/ChargedHiggsAnalysisV3/SKNanoOutput/MatrixSelector/Run1E2Mu/2017/Skim_TriLep_MuonEG_F.root
2026-01-12 13:42:30,316 - INFO - [2017] MISSING_CENTRAL: SR1E2Mu/Central/jets/2/phi in Skim_TriLep_DYJets10to50.root
