2025-09-24 15:46:46,248 - INFO - [2017] MISSING_CENTRAL: SR1E2Mu/Central/jets/2/eta in Skim_TriLep_DYJets10to50.root
2025-10-02 21:12:20,553 - INFO - [2017] MISSING_CENTRAL: SR1E2Mu/Central/jets/2/eta in Skim_TriLep_DYJets10to50.root
2025-10-02 23:59:37,186 - INFO - [2017] MISSING_CENTRAL: SR1E2Mu/Central/jets/2/eta in Skim_TriLep_DYJets10to50.root
2025-11-05 21:33:27,633 - INFO - [2017] MISSING_CENTRAL: SR1E2Mu/Central/jets/2/eta in Skim_TriLep_DYJets10to50.root
2025-11-05 21:38:30,013 - INFO - [2017] MISSING_CENTRAL: SR1E2Mu/Central/jets/2/eta in Skim_TriLep_DYJets10to50.root
2025-11-05 22:01:25,290 - INFO - [2017] MISSING_CENTRAL: SR1E2Mu/Central/jets/2/eta in Skim_TriLep_DYJets10to50.root
2025-11-05 22:17:12,359 - INFO - [2017] MISSING_CENTRAL: SR1E2Mu/Central/jets/2/eta in Skim_TriLep_DYJets10to50.root
2025-11-05 23:21:45,223 - INFO - [2017] MISSING_CENTRAL: SR1E2Mu/Central/jets/2/eta in Skim_TriLep_DYJets10to50.root
2025-11-07 12:24:59,257 - INFO - [2017] MISSING_CENTRAL: SR1E2Mu/Central/jets/2/eta in Skim_TriLep_DYJets10to50.root
2025-11-07 13:05:17,213 - INFO - [2017] MISSING_CENTRAL: SR1E2Mu/Central/jets/2/eta in Skim_TriLep_DYJets10to50.root
2025-11-07 13:30:05,754 - INFO - [2017] MISSING_CENTRAL: SR1E2Mu/Central/jets/2/eta in Skim_TriLep_DYJets10to50.root
2025-11-07 14:02:50,782 - INFO - [2017] MISSING_CENTRAL: SR1E2Mu/Central/jets/2/eta in Skim_TriLep_DYJets10to50.root
2025-11-10 05:53:22,813 - INFO - [2017] MISSING_CENTRAL: SR1E2Mu/Central/jets/2/eta in Skim_TriLep_DYJets10to50.root
2025-11-10 12:17:52,649 - INFO - [2017] MISSING_CENTRAL: SR1E2Mu/Central/jets/2/eta in Skim_TriLep_DYJets10to50.root
2025-11-13 11:06:54,992 - INFO - [2017] MISSING_CENTRAL: SR1E2Mu/Central/jets/2/eta in Skim_TriLep_DYJets10to50.root
2025-11-19 16:20:13,039 - INFO - [2017] MISSING_CENTRAL: SR1E2Mu/Central/jets/2/eta in Skim_TriLep_DYJets10to50.root
2025-12-17 22:34:11,568 - INFO - [2017] MISSING_CENTRAL: SR1E2Mu/Central/jets/2/eta in Skim_TriLep_DYJets10to50.root
2025-12-18 14:17:39,518 - INFO - [2017] MISSING_CENTRAL: SR1E2Mu/Central/jets/2/eta in Skim_TriLep_DYJets10to50.root
2025-12-18 14:33:07,779 - INFO - [2017] MISSING_CENTRAL: SR1E2Mu/Central/jets/2/eta in Skim_TriLep_DYJets10to50.root
2026-01-07 11:43:12,362 - INFO - [2017] MISSING_CENTRAL: SR1E2Mu/Central/jets/2/eta in Skim_TriLep_DYJets10to50.root
2026-01-07 18:40:15,324 - INFO - [2017] MISSING_CENTRAL: SR1E2Mu/Central/jets/2/eta in Skim_TriLep_DYJets10to50.root
2026-01-07 19:27:37,840 - INFO - [2017] MISSING_CENTRAL: SR1E2Mu/Central/jets/2/eta in Skim_TriLep_DYJets10to50.root
2026-01-09 12:13:50,620 - INFO - [2017] MISSING_CENTRAL: SR1E2Mu/Central/jets/2/eta in Skim_TriLep_DYJets10to50.root
2026-01-11 09:33:55,033 - INFO - [2017] MISSING_CENTRAL: SR1E2Mu/Central/jets/2/eta in Skim_TriLep_DYJets10to50.root
2026-01-12 13:42:30,356 - INFO - [2017] MISSING_FILE: /home/choij/Sync/workspace/ChargedHiggsAnalysisV3/SKNanoOutput/MatrixSelector/Run1E2Mu/2017/Skim_TriLep_MuonEG_B.root
2026-01-12 13:42:30,356 - INFO - [2017] MISSING_FILE: /home/choij/Sync/workspace/ChargedHiggsAnalysisV3/SKNanoOutput/MatrixSelector/Run1E2Mu/2017/Skim_TriLep_MuonEG_C.root
2026-01-12 13:42:30,356 - INFO - [2017] MISSING_FILE: /home/choij/Sync/workspace/ChargedHiggsAnalysisV3/SKNanoOutput/MatrixSelector/Run1E2Mu/2017/Skim_TriLep_MuonEG_D.root
2026-01-12 13:42:30,356 - INFO - [2017] MISSING_FILE: /home/choij/Sync/workspace/ChargedHiggsAnalysisV3/SKNanoOutput/MatrixSelector/Run1E2Mu/2017/Skim_TriLep_MuonEG_E.root
2026-01-12 13:42:30,356 - INFO - [2017] MISSING_FILE: /home/choij/Sync/workspace/ChargedHiggsAnalysisV3/SKNanoOutput/MatrixSelector/Run1E2Mu/2017/Skim_TriLep_MuonEG_F.root
2026-01-12 13:42:30,380 - INFO - [2017] MISSING_CENTRAL: SR1E2Mu/Central/jets/2/eta in Skim_TriLep_DYJets10to50.root
2026-01-16 18:57:48,238 - INFO - [2017] MISSING_CENTRAL: SR1E2Mu/Central/jets/2/eta in Skim_TriLep_DYJets10to50.root
2026-01-28 16:06:50,301 - INFO - [2017] MISSING_CENTRAL: SR1E2Mu/Central/jets/2/eta in Skim_TriLep_DYJets10to50.root
