2025-09-24 15:47:05,731 - INFO - [2017] MISSING_CENTRAL: SR1E2Mu/Central/MHc-100_MA-95/score_ttZ in Skim_TriLep_MuonEG_B.root
2025-09-24 15:47:05,731 - INFO - [2017] MISSING_CENTRAL: SR1E2Mu/Central/MHc-100_MA-95/score_ttZ in Skim_TriLep_MuonEG_C.root
2025-09-24 15:47:05,732 - INFO - [2017] MISSING_CENTRAL: SR1E2Mu/Central/MHc-100_MA-95/score_ttZ in Skim_TriLep_MuonEG_D.root
2025-09-24 15:47:05,732 - INFO - [2017] MISSING_CENTRAL: SR1E2Mu/Central/MHc-100_MA-95/score_ttZ in Skim_TriLep_MuonEG_E.root
2025-09-24 15:47:05,732 - INFO - [2017] MISSING_CENTRAL: SR1E2Mu/Central/MHc-100_MA-95/score_ttZ in Skim_TriLep_MuonEG_F.root
2025-10-02 21:12:29,233 - INFO - [2017] MISSING_CENTRAL: SR1E2Mu/Central/MHc-100_MA-95/score_ttZ in Skim_TriLep_MuonEG_B.root
2025-10-02 21:12:29,234 - INFO - [2017] MISSING_CENTRAL: SR1E2Mu/Central/MHc-100_MA-95/score_ttZ in Skim_TriLep_MuonEG_C.root
2025-10-02 21:12:29,236 - INFO - [2017] MISSING_CENTRAL: SR1E2Mu/Central/MHc-100_MA-95/score_ttZ in Skim_TriLep_MuonEG_D.root
2025-10-02 21:12:29,239 - INFO - [2017] MISSING_CENTRAL: SR1E2Mu/Central/MHc-100_MA-95/score_ttZ in Skim_TriLep_MuonEG_E.root
2025-10-02 21:12:29,248 - INFO - [2017] MISSING_CENTRAL: SR1E2Mu/Central/MHc-100_MA-95/score_ttZ in Skim_TriLep_MuonEG_F.root
2025-10-02 23:59:54,503 - INFO - [2017] MISSING_CENTRAL: SR1E2Mu/Central/MHc-100_MA-95/score_ttZ in Skim_TriLep_MuonEG_B.root
2025-10-02 23:59:54,504 - INFO - [2017] MISSING_CENTRAL: SR1E2Mu/Central/MHc-100_MA-95/score_ttZ in Skim_TriLep_MuonEG_C.root
2025-10-02 23:59:54,505 - INFO - [2017] MISSING_CENTRAL: SR1E2Mu/Central/MHc-100_MA-95/score_ttZ in Skim_TriLep_MuonEG_D.root
2025-10-02 23:59:54,505 - INFO - [2017] MISSING_CENTRAL: SR1E2Mu/Central/MHc-100_MA-95/score_ttZ in Skim_TriLep_MuonEG_E.root
2025-10-02 23:59:54,505 - INFO - [2017] MISSING_CENTRAL: SR1E2Mu/Central/MHc-100_MA-95/score_ttZ in Skim_TriLep_MuonEG_F.root
2025-11-05 21:33:34,410 - INFO - [2017] MISSING_CENTRAL: SR1E2Mu/Central/MHc-100_MA-95/score_ttZ in Skim_TriLep_MuonEG_B.root
2025-11-05 21:33:34,411 - INFO - [2017] MISSING_CENTRAL: SR1E2Mu/Central/MHc-100_MA-95/score_ttZ in Skim_TriLep_MuonEG_C.root
2025-11-05 21:33:34,412 - INFO - [2017] MISSING_CENTRAL: SR1E2Mu/Central/MHc-100_MA-95/score_ttZ in Skim_TriLep_MuonEG_D.root
2025-11-05 21:33:34,412 - INFO - [2017] MISSING_CENTRAL: SR1E2Mu/Central/MHc-100_MA-95/score_ttZ in Skim_TriLep_MuonEG_E.root
2025-11-05 21:33:34,413 - INFO - [2017] MISSING_CENTRAL: SR1E2Mu/Central/MHc-100_MA-95/score_ttZ in Skim_TriLep_MuonEG_F.root
