2025-11-05 21:38:38,337 - INFO - [2017] MISSING_CENTRAL: SR1E2Mu/Central/MHc130_MA90/score_nonprompt in Skim_TriLep_DYJets10to50.root
2025-11-05 22:01:33,760 - INFO - [2017] MISSING_CENTRAL: SR1E2Mu/Central/MHc130_MA90/score_nonprompt in Skim_TriLep_DYJets10to50.root
2025-11-05 22:17:21,192 - INFO - [2017] MISSING_CENTRAL: SR1E2Mu/Central/MHc130_MA90/score_nonprompt in Skim_TriLep_DYJets10to50.root
2025-11-05 23:21:53,685 - INFO - [2017] MISSING_CENTRAL: SR1E2Mu/Central/MHc130_MA90/score_nonprompt in Skim_TriLep_DYJets10to50.root
2025-11-07 12:25:07,716 - INFO - [2017] MISSING_CENTRAL: SR1E2Mu/Central/MHc130_MA90/score_nonprompt in Skim_TriLep_DYJets10to50.root
2025-11-07 13:05:26,531 - INFO - [2017] MISSING_CENTRAL: SR1E2Mu/Central/MHc130_MA90/score_nonprompt in Skim_TriLep_DYJets10to50.root
2025-11-07 13:30:15,110 - INFO - [2017] MISSING_CENTRAL: SR1E2Mu/Central/MHc130_MA90/score_nonprompt in Skim_TriLep_DYJets10to50.root
2025-11-07 14:03:00,230 - INFO - [2017] MISSING_CENTRAL: SR1E2Mu/Central/MHc130_MA90/score_nonprompt in Skim_TriLep_DYJets10to50.root
2025-11-10 05:53:32,954 - INFO - [2017] MISSING_CENTRAL: SR1E2Mu/Central/MHc130_MA90/score_nonprompt in Skim_TriLep_DYJets10to50.root
2025-11-10 12:18:02,259 - INFO - [2017] MISSING_CENTRAL: SR1E2Mu/Central/MHc130_MA90/score_nonprompt in Skim_TriLep_DYJets10to50.root
2025-11-13 11:07:08,287 - INFO - [2017] MISSING_CENTRAL: SR1E2Mu/Central/MHc130_MA90/score_nonprompt in Skim_TriLep_DYJets10to50.root
2025-11-19 16:20:21,752 - INFO - [2017] MISSING_CENTRAL: SR1E2Mu/Central/MHc130_MA90/score_nonprompt in Skim_TriLep_DYJets10to50.root
2025-12-17 22:34:27,313 - INFO - [2017] MISSING_CENTRAL: SR1E2Mu/Central/MHc130_MA90/score_nonprompt in Skim_TriLep_DYJets10to50.root
2025-12-18 14:17:51,801 - INFO - [2017] MISSING_CENTRAL: SR1E2Mu/Central/MHc130_MA90/score_nonprompt in Skim_TriLep_DYJets10to50.root
2025-12-18 14:33:19,198 - INFO - [2017] MISSING_CENTRAL: SR1E2Mu/Central/MHc130_MA90/score_nonprompt in Skim_TriLep_DYJets10to50.root
2026-01-07 11:43:27,014 - INFO - [2017] MISSING_CENTRAL: SR1E2Mu/Central/MHc130_MA90/score_nonprompt in Skim_TriLep_DYJets10to50.root
2026-01-07 18:40:25,776 - INFO - [2017] MISSING_CENTRAL: SR1E2Mu/Central/MHc130_MA90/score_nonprompt in Skim_TriLep_DYJets10to50.root
2026-01-07 19:27:49,133 - INFO - [2017] MISSING_CENTRAL: SR1E2Mu/Central/MHc130_MA90/score_nonprompt in Skim_TriLep_DYJets10to50.root
2026-01-09 12:14:00,808 - INFO - [2017] MISSING_CENTRAL: SR1E2Mu/Central/MHc130_MA90/score_nonprompt in Skim_TriLep_DYJets10to50.root
2026-01-11 09:34:04,827 - INFO - [2017] MISSING_CENTRAL: SR1E2Mu/Central/MHc130_MA90/score_nonprompt in Skim_TriLep_DYJets10to50.root
2026-01-12 13:42:40,279 - INFO - [2017] MISSING_FILE: /home/choij/Sync/workspace/ChargedHiggsAnalysisV3/SKNanoOutput/MatrixSelector/Run1E2Mu/2017/Skim_TriLep_MuonEG_B.root
2026-01-12 13:42:40,280 - INFO - [2017] MISSING_FILE: /home/choij/Sync/workspace/ChargedHiggsAnalysisV3/SKNanoOutput/MatrixSelector/Run1E2Mu/2017/Skim_TriLep_MuonEG_C.root
2026-01-12 13:42:40,280 - INFO - [2017] MISSING_FILE: /home/choij/Sync/workspace/ChargedHiggsAnalysisV3/SKNanoOutput/MatrixSelector/Run1E2Mu/2017/Skim_TriLep_MuonEG_D.root
2026-01-12 13:42:40,280 - INFO - [2017] MISSING_FILE: /home/choij/Sync/workspace/ChargedHiggsAnalysisV3/SKNanoOutput/MatrixSelector/Run1E2Mu/2017/Skim_TriLep_MuonEG_E.root
2026-01-12 13:42:40,280 - INFO - [2017] MISSING_FILE: /home/choij/Sync/workspace/ChargedHiggsAnalysisV3/SKNanoOutput/MatrixSelector/Run1E2Mu/2017/Skim_TriLep_MuonEG_F.root
2026-01-12 13:42:40,303 - INFO - [2017] MISSING_CENTRAL: SR1E2Mu/Central/MHc130_MA90/score_nonprompt in Skim_TriLep_DYJets10to50.root
