2025-11-07 13:05:26,184 - INFO - [2017] MISSING_CENTRAL: SR1E2Mu/Central/MHc115_MA87/score_ttZ in Skim_TriLep_DYJets10to50.root
2025-11-07 13:30:14,891 - INFO - [2017] MISSING_CENTRAL: SR1E2Mu/Central/MHc115_MA87/score_ttZ in Skim_TriLep_DYJets10to50.root
2025-11-07 14:03:00,141 - INFO - [2017] MISSING_CENTRAL: SR1E2Mu/Central/MHc115_MA87/score_ttZ in Skim_TriLep_DYJets10to50.root
2025-11-10 05:53:32,795 - INFO - [2017] MISSING_CENTRAL: SR1E2Mu/Central/MHc115_MA87/score_ttZ in Skim_TriLep_DYJets10to50.root
2025-11-10 12:18:01,927 - INFO - [2017] MISSING_CENTRAL: SR1E2Mu/Central/MHc115_MA87/score_ttZ in Skim_TriLep_DYJets10to50.root
2025-11-13 11:07:08,072 - INFO - [2017] MISSING_CENTRAL: SR1E2Mu/Central/MHc115_MA87/score_ttZ in Skim_TriLep_DYJets10to50.root
2025-11-19 16:20:21,758 - INFO - [2017] MISSING_CENTRAL: SR1E2Mu/Central/MHc115_MA87/score_ttZ in Skim_TriLep_DYJets10to50.root
2025-12-17 22:34:26,924 - INFO - [2017] MISSING_CENTRAL: SR1E2Mu/Central/MHc115_MA87/score_ttZ in Skim_TriLep_DYJets10to50.root
2025-12-18 14:17:50,884 - INFO - [2017] MISSING_CENTRAL: SR1E2Mu/Central/MHc115_MA87/score_ttZ in Skim_TriLep_DYJets10to50.root
2025-12-18 14:33:18,449 - INFO - [2017] MISSING_CENTRAL: SR1E2Mu/Central/MHc115_MA87/score_ttZ in Skim_TriLep_DYJets10to50.root
2026-01-07 11:43:27,145 - INFO - [2017] MISSING_CENTRAL: SR1E2Mu/Central/MHc115_MA87/score_ttZ in Skim_TriLep_DYJets10to50.root
2026-01-07 18:40:25,307 - INFO - [2017] MISSING_CENTRAL: SR1E2Mu/Central/MHc115_MA87/score_ttZ in Skim_TriLep_DYJets10to50.root
2026-01-07 19:27:48,291 - INFO - [2017] MISSING_CENTRAL: SR1E2Mu/Central/MHc115_MA87/score_ttZ in Skim_TriLep_DYJets10to50.root
2026-01-09 12:14:00,061 - INFO - [2017] MISSING_CENTRAL: SR1E2Mu/Central/MHc115_MA87/score_ttZ in Skim_TriLep_DYJets10to50.root
2026-01-11 09:34:04,561 - INFO - [2017] MISSING_CENTRAL: SR1E2Mu/Central/MHc115_MA87/score_ttZ in Skim_TriLep_DYJets10to50.root
2026-01-12 13:42:40,032 - INFO - [2017] MISSING_FILE: /home/choij/Sync/workspace/ChargedHiggsAnalysisV3/SKNanoOutput/MatrixSelector/Run1E2Mu/2017/Skim_TriLep_MuonEG_B.root
2026-01-12 13:42:40,033 - INFO - [2017] MISSING_FILE: /home/choij/Sync/workspace/ChargedHiggsAnalysisV3/SKNanoOutput/MatrixSelector/Run1E2Mu/2017/Skim_TriLep_MuonEG_C.root
2026-01-12 13:42:40,033 - INFO - [2017] MISSING_FILE: /home/choij/Sync/workspace/ChargedHiggsAnalysisV3/SKNanoOutput/MatrixSelector/Run1E2Mu/2017/Skim_TriLep_MuonEG_D.root
2026-01-12 13:42:40,033 - INFO - [2017] MISSING_FILE: /home/choij/Sync/workspace/ChargedHiggsAnalysisV3/SKNanoOutput/MatrixSelector/Run1E2Mu/2017/Skim_TriLep_MuonEG_E.root
2026-01-12 13:42:40,033 - INFO - [2017] MISSING_FILE: /home/choij/Sync/workspace/ChargedHiggsAnalysisV3/SKNanoOutput/MatrixSelector/Run1E2Mu/2017/Skim_TriLep_MuonEG_F.root
2026-01-12 13:42:40,059 - INFO - [2017] MISSING_CENTRAL: SR1E2Mu/Central/MHc115_MA87/score_ttZ in Skim_TriLep_DYJets10to50.root
