2025-09-24 15:46:39,817 - INFO - [2017] MISSING_CENTRAL: SR1E2Mu/Central/muons/2/pz in Skim_TriLep_DYJets10to50.root
2025-10-02 21:12:19,949 - INFO - [2017] MISSING_CENTRAL: SR1E2Mu/Central/muons/2/pz in Skim_TriLep_DYJets10to50.root
2025-10-02 23:59:31,578 - INFO - [2017] MISSING_CENTRAL: SR1E2Mu/Central/muons/2/pz in Skim_TriLep_DYJets10to50.root
2025-11-05 21:33:24,154 - INFO - [2017] MISSING_CENTRAL: SR1E2Mu/Central/muons/2/pz in Skim_TriLep_DYJets10to50.root
2025-11-05 21:37:19,613 - INFO - [2017] MISSING_CENTRAL: SR1E2Mu/Central/muons/2/pz in Skim_TriLep_DYJets10to50.root
2025-11-05 21:38:26,057 - INFO - [2017] MISSING_CENTRAL: SR1E2Mu/Central/muons/2/pz in Skim_TriLep_DYJets10to50.root
2025-11-05 22:01:21,979 - INFO - [2017] MISSING_CENTRAL: SR1E2Mu/Central/muons/2/pz in Skim_TriLep_DYJets10to50.root
2025-11-05 22:17:09,044 - INFO - [2017] MISSING_CENTRAL: SR1E2Mu/Central/muons/2/pz in Skim_TriLep_DYJets10to50.root
2025-11-05 23:21:41,783 - INFO - [2017] MISSING_CENTRAL: SR1E2Mu/Central/muons/2/pz in Skim_TriLep_DYJets10to50.root
2025-11-07 12:24:55,891 - INFO - [2017] MISSING_CENTRAL: SR1E2Mu/Central/muons/2/pz in Skim_TriLep_DYJets10to50.root
2025-11-07 13:05:13,928 - INFO - [2017] MISSING_CENTRAL: SR1E2Mu/Central/muons/2/pz in Skim_TriLep_DYJets10to50.root
2025-11-07 13:30:02,678 - INFO - [2017] MISSING_CENTRAL: SR1E2Mu/Central/muons/2/pz in Skim_TriLep_DYJets10to50.root
2025-11-07 14:02:47,575 - INFO - [2017] MISSING_CENTRAL: SR1E2Mu/Central/muons/2/pz in Skim_TriLep_DYJets10to50.root
2025-11-10 05:53:17,313 - INFO - [2017] MISSING_CENTRAL: SR1E2Mu/Central/muons/2/pz in Skim_TriLep_DYJets10to50.root
2025-11-10 12:17:49,207 - INFO - [2017] MISSING_CENTRAL: SR1E2Mu/Central/muons/2/pz in Skim_TriLep_DYJets10to50.root
2025-11-13 11:06:55,034 - INFO - [2017] MISSING_CENTRAL: SR1E2Mu/Central/muons/2/pz in Skim_TriLep_DYJets10to50.root
2025-11-19 16:20:09,488 - INFO - [2017] MISSING_CENTRAL: SR1E2Mu/Central/muons/2/pz in Skim_TriLep_DYJets10to50.root
2025-12-17 22:34:11,570 - INFO - [2017] MISSING_CENTRAL: SR1E2Mu/Central/muons/2/pz in Skim_TriLep_DYJets10to50.root
2025-12-18 14:17:39,362 - INFO - [2017] MISSING_CENTRAL: SR1E2Mu/Central/muons/2/pz in Skim_TriLep_DYJets10to50.root
2025-12-18 14:33:08,084 - INFO - [2017] MISSING_CENTRAL: SR1E2Mu/Central/muons/2/pz in Skim_TriLep_DYJets10to50.root
2026-01-07 11:43:12,378 - INFO - [2017] MISSING_CENTRAL: SR1E2Mu/Central/muons/2/pz in Skim_TriLep_DYJets10to50.root
2026-01-07 18:40:15,299 - INFO - [2017] MISSING_CENTRAL: SR1E2Mu/Central/muons/2/pz in Skim_TriLep_DYJets10to50.root
2026-01-07 19:27:37,879 - INFO - [2017] MISSING_CENTRAL: SR1E2Mu/Central/muons/2/pz in Skim_TriLep_DYJets10to50.root
2026-01-09 12:13:47,476 - INFO - [2017] MISSING_CENTRAL: SR1E2Mu/Central/muons/2/pz in Skim_TriLep_DYJets10to50.root
2026-01-11 09:33:51,562 - INFO - [2017] MISSING_CENTRAL: SR1E2Mu/Central/muons/2/pz in Skim_TriLep_DYJets10to50.root
2026-01-12 13:42:26,839 - INFO - [2017] MISSING_FILE: /home/choij/Sync/workspace/ChargedHiggsAnalysisV3/SKNanoOutput/MatrixSelector/Run1E2Mu/2017/Skim_TriLep_MuonEG_B.root
2026-01-12 13:42:26,840 - INFO - [2017] MISSING_FILE: /home/choij/Sync/workspace/ChargedHiggsAnalysisV3/SKNanoOutput/MatrixSelector/Run1E2Mu/2017/Skim_TriLep_MuonEG_C.root
2026-01-12 13:42:26,840 - INFO - [2017] MISSING_FILE: /home/choij/Sync/workspace/ChargedHiggsAnalysisV3/SKNanoOutput/MatrixSelector/Run1E2Mu/2017/Skim_TriLep_MuonEG_D.root
2026-01-12 13:42:26,840 - INFO - [2017] MISSING_FILE: /home/choij/Sync/workspace/ChargedHiggsAnalysisV3/SKNanoOutput/MatrixSelector/Run1E2Mu/2017/Skim_TriLep_MuonEG_E.root
2026-01-12 13:42:26,840 - INFO - [2017] MISSING_FILE: /home/choij/Sync/workspace/ChargedHiggsAnalysisV3/SKNanoOutput/MatrixSelector/Run1E2Mu/2017/Skim_TriLep_MuonEG_F.root
2026-01-12 13:42:26,873 - INFO - [2017] MISSING_CENTRAL: SR1E2Mu/Central/muons/2/pz in Skim_TriLep_DYJets10to50.root
2026-01-16 18:57:44,846 - INFO - [2017] MISSING_CENTRAL: SR1E2Mu/Central/muons/2/pz in Skim_TriLep_DYJets10to50.root
