2025-09-24 15:48:15,032 - INFO - [2018] MISSING_CENTRAL: ZFake3Mu/Central/jets/2/phi in Skim_TriLep_DYJets10to50.root
2025-09-24 15:48:15,038 - INFO - [2018] MISSING_FILE: /Users/choij/Sync/workspace/ChargedHiggsAnalysisV3/SKNanoOutput/PromptSelector/Run3Mu_RunSyst/2018/Skim_TriLep_TTG.root
2025-09-24 15:48:15,062 - INFO - [2018] MISSING_FILE: /Users/choij/Sync/workspace/ChargedHiggsAnalysisV3/SKNanoOutput/PromptSelector/Run3Mu_RunSyst/2018/Skim_TriLep_TTHToNonbb.root
2025-09-24 15:48:15,094 - INFO - [2018] MISSING_FILE: /Users/choij/Sync/workspace/ChargedHiggsAnalysisV3/SKNanoOutput/PromptSelector/Run3Mu_RunSyst/2018/Skim_TriLep_tHq.root
2025-09-24 15:48:15,141 - INFO - [2018] MISSING_FILE: /Users/choij/Sync/workspace/ChargedHiggsAnalysisV3/SKNanoOutput/PromptSelector/Run3Mu_RunSyst/2018/Skim_TriLep_VBFHToZZTo4L.root
2025-10-02 21:13:11,691 - INFO - [2018] MISSING_CENTRAL: ZFake3Mu/Central/jets/2/phi in Skim_TriLep_DYJets10to50.root
2025-10-02 21:13:11,700 - INFO - [2018] MISSING_FILE: /data9/Users/choij/Sync/workspace/ChargedHiggsAnalysisV3/SKNanoOutput/PromptSelector/Run3Mu_RunSyst/2018/Skim_TriLep_TTG.root
2025-10-02 21:13:11,726 - INFO - [2018] MISSING_FILE: /data9/Users/choij/Sync/workspace/ChargedHiggsAnalysisV3/SKNanoOutput/PromptSelector/Run3Mu_RunSyst/2018/Skim_TriLep_TTHToNonbb.root
2025-10-02 21:13:11,758 - INFO - [2018] MISSING_FILE: /data9/Users/choij/Sync/workspace/ChargedHiggsAnalysisV3/SKNanoOutput/PromptSelector/Run3Mu_RunSyst/2018/Skim_TriLep_tHq.root
2025-10-02 21:13:12,566 - INFO - [2018] MISSING_FILE: /data9/Users/choij/Sync/workspace/ChargedHiggsAnalysisV3/SKNanoOutput/PromptSelector/Run3Mu_RunSyst/2018/Skim_TriLep_VBFHToZZTo4L.root
2025-10-03 00:00:59,891 - INFO - [2018] MISSING_CENTRAL: ZFake3Mu/Central/jets/2/phi in Skim_TriLep_DYJets10to50.root
2025-10-03 00:00:59,896 - INFO - [2018] MISSING_FILE: /Users/choij/Sync/workspace/ChargedHiggsAnalysisV3/SKNanoOutput/PromptSelector/Run3Mu_RunSyst/2018/Skim_TriLep_TTG.root
2025-10-03 00:00:59,925 - INFO - [2018] MISSING_FILE: /Users/choij/Sync/workspace/ChargedHiggsAnalysisV3/SKNanoOutput/PromptSelector/Run3Mu_RunSyst/2018/Skim_TriLep_TTHToNonbb.root
2025-10-03 00:00:59,942 - INFO - [2018] MISSING_FILE: /Users/choij/Sync/workspace/ChargedHiggsAnalysisV3/SKNanoOutput/PromptSelector/Run3Mu_RunSyst/2018/Skim_TriLep_tHq.root
2025-10-03 00:00:59,985 - INFO - [2018] MISSING_FILE: /Users/choij/Sync/workspace/ChargedHiggsAnalysisV3/SKNanoOutput/PromptSelector/Run3Mu_RunSyst/2018/Skim_TriLep_VBFHToZZTo4L.root
2025-11-05 22:03:05,125 - INFO - [2018] MISSING_CENTRAL: ZFake3Mu/Central/jets/2/phi in Skim_TriLep_DYJets10to50.root
2025-11-05 22:18:50,430 - INFO - [2018] MISSING_CENTRAL: ZFake3Mu/Central/jets/2/phi in Skim_TriLep_DYJets10to50.root
2025-11-05 23:23:23,757 - INFO - [2018] MISSING_CENTRAL: ZFake3Mu/Central/jets/2/phi in Skim_TriLep_DYJets10to50.root
2025-11-07 12:26:35,698 - INFO - [2018] MISSING_CENTRAL: ZFake3Mu/Central/jets/2/phi in Skim_TriLep_DYJets10to50.root
2025-11-07 13:07:07,349 - INFO - [2018] MISSING_CENTRAL: ZFake3Mu/Central/jets/2/phi in Skim_TriLep_DYJets10to50.root
2025-11-07 13:30:51,931 - INFO - [2018] MISSING_CENTRAL: ZFake3Mu/Central/jets/2/phi in Skim_TriLep_DYJets10to50.root
2025-11-07 14:03:37,107 - INFO - [2018] MISSING_CENTRAL: ZFake3Mu/Central/jets/2/phi in Skim_TriLep_DYJets10to50.root
2025-11-10 05:54:19,989 - INFO - [2018] MISSING_CENTRAL: ZFake3Mu/Central/jets/2/phi in Skim_TriLep_DYJets10to50.root
2025-11-10 12:18:40,686 - INFO - [2018] MISSING_CENTRAL: ZFake3Mu/Central/jets/2/phi in Skim_TriLep_DYJets10to50.root
2025-11-13 11:07:51,813 - INFO - [2018] MISSING_CENTRAL: ZFake3Mu/Central/jets/2/phi in Skim_TriLep_DYJets10to50.root
2025-11-19 16:09:19,583 - INFO - [2018] MISSING_CENTRAL: ZFake3Mu/Central/jets/2/phi in Skim_TriLep_DYJets10to50.root
2025-11-19 16:21:01,259 - INFO - [2018] MISSING_CENTRAL: ZFake3Mu/Central/jets/2/phi in Skim_TriLep_DYJets10to50.root
2025-12-17 22:35:15,253 - INFO - [2018] MISSING_CENTRAL: ZFake3Mu/Central/jets/2/phi in Skim_TriLep_DYJets10to50.root
2025-12-18 14:18:56,217 - INFO - [2018] MISSING_CENTRAL: ZFake3Mu/Central/jets/2/phi in Skim_TriLep_DYJets10to50.root
2025-12-18 14:34:25,206 - INFO - [2018] MISSING_CENTRAL: ZFake3Mu/Central/jets/2/phi in Skim_TriLep_DYJets10to50.root
2026-01-07 11:44:30,543 - INFO - [2018] MISSING_CENTRAL: ZFake3Mu/Central/jets/2/phi in Skim_TriLep_DYJets10to50.root
2026-01-07 18:41:20,489 - INFO - [2018] MISSING_CENTRAL: ZFake3Mu/Central/jets/2/phi in Skim_TriLep_DYJets10to50.root
2026-01-09 12:15:05,803 - INFO - [2018] MISSING_CENTRAL: ZFake3Mu/Central/jets/2/phi in Skim_TriLep_DYJets10to50.root
2026-01-11 09:35:09,611 - INFO - [2018] MISSING_CENTRAL: ZFake3Mu/Central/jets/2/phi in Skim_TriLep_DYJets10to50.root
2026-01-12 13:43:46,224 - INFO - [2018] MISSING_FILE: /home/choij/Sync/workspace/ChargedHiggsAnalysisV3/SKNanoOutput/MatrixSelector/Run3Mu/2018/Skim_TriLep_DoubleMuon_A.root
2026-01-12 13:43:46,225 - INFO - [2018] MISSING_FILE: /home/choij/Sync/workspace/ChargedHiggsAnalysisV3/SKNanoOutput/MatrixSelector/Run3Mu/2018/Skim_TriLep_DoubleMuon_B.root
2026-01-12 13:43:46,225 - INFO - [2018] MISSING_FILE: /home/choij/Sync/workspace/ChargedHiggsAnalysisV3/SKNanoOutput/MatrixSelector/Run3Mu/2018/Skim_TriLep_DoubleMuon_C.root
2026-01-12 13:43:46,226 - INFO - [2018] MISSING_FILE: /home/choij/Sync/workspace/ChargedHiggsAnalysisV3/SKNanoOutput/MatrixSelector/Run3Mu/2018/Skim_TriLep_DoubleMuon_D.root
2026-01-12 13:43:46,249 - INFO - [2018] MISSING_CENTRAL: ZFake3Mu/Central/jets/2/phi in Skim_TriLep_DYJets10to50.root
2026-01-16 18:59:01,616 - INFO - [2018] MISSING_CENTRAL: ZFake3Mu/Central/jets/2/phi in Skim_TriLep_DYJets10to50.root
2026-01-28 16:07:41,881 - INFO - [2018] MISSING_CENTRAL: ZFake3Mu/Central/jets/2/phi in Skim_TriLep_DYJets10to50.root
