2025-09-24 15:48:23,916 - INFO - [2018] MISSING_CENTRAL: ZFake3Mu/Central/METv/pt in Skim_TriLep_DYJets10to50.root
2025-09-24 15:48:23,925 - INFO - [2018] MISSING_FILE: /Users/choij/Sync/workspace/ChargedHiggsAnalysisV3/SKNanoOutput/PromptSelector/Run3Mu_RunSyst/2018/Skim_TriLep_TTG.root
2025-09-24 15:48:23,958 - INFO - [2018] MISSING_FILE: /Users/choij/Sync/workspace/ChargedHiggsAnalysisV3/SKNanoOutput/PromptSelector/Run3Mu_RunSyst/2018/Skim_TriLep_TTHToNonbb.root
2025-09-24 15:48:23,988 - INFO - [2018] MISSING_FILE: /Users/choij/Sync/workspace/ChargedHiggsAnalysisV3/SKNanoOutput/PromptSelector/Run3Mu_RunSyst/2018/Skim_TriLep_tHq.root
2025-09-24 15:48:24,065 - INFO - [2018] MISSING_FILE: /Users/choij/Sync/workspace/ChargedHiggsAnalysisV3/SKNanoOutput/PromptSelector/Run3Mu_RunSyst/2018/Skim_TriLep_VBFHToZZTo4L.root
2025-10-02 21:13:19,065 - INFO - [2018] MISSING_CENTRAL: ZFake3Mu/Central/METv/pt in Skim_TriLep_DYJets10to50.root
2025-10-02 21:13:19,096 - INFO - [2018] MISSING_FILE: /data9/Users/choij/Sync/workspace/ChargedHiggsAnalysisV3/SKNanoOutput/PromptSelector/Run3Mu_RunSyst/2018/Skim_TriLep_TTG.root
2025-10-02 21:13:19,157 - INFO - [2018] MISSING_FILE: /data9/Users/choij/Sync/workspace/ChargedHiggsAnalysisV3/SKNanoOutput/PromptSelector/Run3Mu_RunSyst/2018/Skim_TriLep_TTHToNonbb.root
2025-10-02 21:13:19,268 - INFO - [2018] MISSING_FILE: /data9/Users/choij/Sync/workspace/ChargedHiggsAnalysisV3/SKNanoOutput/PromptSelector/Run3Mu_RunSyst/2018/Skim_TriLep_tHq.root
2025-10-02 21:13:19,410 - INFO - [2018] MISSING_FILE: /data9/Users/choij/Sync/workspace/ChargedHiggsAnalysisV3/SKNanoOutput/PromptSelector/Run3Mu_RunSyst/2018/Skim_TriLep_VBFHToZZTo4L.root
2025-10-03 00:01:08,990 - INFO - [2018] MISSING_CENTRAL: ZFake3Mu/Central/METv/pt in Skim_TriLep_DYJets10to50.root
2025-10-03 00:01:08,999 - INFO - [2018] MISSING_FILE: /Users/choij/Sync/workspace/ChargedHiggsAnalysisV3/SKNanoOutput/PromptSelector/Run3Mu_RunSyst/2018/Skim_TriLep_TTG.root
2025-10-03 00:01:09,044 - INFO - [2018] MISSING_FILE: /Users/choij/Sync/workspace/ChargedHiggsAnalysisV3/SKNanoOutput/PromptSelector/Run3Mu_RunSyst/2018/Skim_TriLep_TTHToNonbb.root
2025-10-03 00:01:09,074 - INFO - [2018] MISSING_FILE: /Users/choij/Sync/workspace/ChargedHiggsAnalysisV3/SKNanoOutput/PromptSelector/Run3Mu_RunSyst/2018/Skim_TriLep_tHq.root
2025-10-03 00:01:09,126 - INFO - [2018] MISSING_FILE: /Users/choij/Sync/workspace/ChargedHiggsAnalysisV3/SKNanoOutput/PromptSelector/Run3Mu_RunSyst/2018/Skim_TriLep_VBFHToZZTo4L.root
2025-11-05 22:03:08,918 - INFO - [2018] MISSING_CENTRAL: ZFake3Mu/Central/METv/pt in Skim_TriLep_DYJets10to50.root
2025-11-05 22:18:53,558 - INFO - [2018] MISSING_CENTRAL: ZFake3Mu/Central/METv/pt in Skim_TriLep_DYJets10to50.root
2025-11-05 23:23:27,181 - INFO - [2018] MISSING_CENTRAL: ZFake3Mu/Central/METv/pt in Skim_TriLep_DYJets10to50.root
2025-11-07 12:26:38,948 - INFO - [2018] MISSING_CENTRAL: ZFake3Mu/Central/METv/pt in Skim_TriLep_DYJets10to50.root
2025-11-07 13:07:10,777 - INFO - [2018] MISSING_CENTRAL: ZFake3Mu/Central/METv/pt in Skim_TriLep_DYJets10to50.root
2025-11-07 14:03:40,269 - INFO - [2018] MISSING_CENTRAL: ZFake3Mu/Central/METv/pt in Skim_TriLep_DYJets10to50.root
