2025-09-24 15:48:23,822 - INFO - [2018] MISSING_CENTRAL: ZFake3Mu/Central/METv/px in Skim_TriLep_DYJets10to50.root
2025-09-24 15:48:23,835 - INFO - [2018] MISSING_FILE: /Users/choij/Sync/workspace/ChargedHiggsAnalysisV3/SKNanoOutput/PromptSelector/Run3Mu_RunSyst/2018/Skim_TriLep_TTG.root
2025-09-24 15:48:23,935 - INFO - [2018] MISSING_FILE: /Users/choij/Sync/workspace/ChargedHiggsAnalysisV3/SKNanoOutput/PromptSelector/Run3Mu_RunSyst/2018/Skim_TriLep_TTHToNonbb.root
2025-09-24 15:48:23,989 - INFO - [2018] MISSING_FILE: /Users/choij/Sync/workspace/ChargedHiggsAnalysisV3/SKNanoOutput/PromptSelector/Run3Mu_RunSyst/2018/Skim_TriLep_tHq.root
2025-09-24 15:48:24,075 - INFO - [2018] MISSING_FILE: /Users/choij/Sync/workspace/ChargedHiggsAnalysisV3/SKNanoOutput/PromptSelector/Run3Mu_RunSyst/2018/Skim_TriLep_VBFHToZZTo4L.root
2025-10-02 21:13:19,233 - INFO - [2018] MISSING_CENTRAL: ZFake3Mu/Central/METv/px in Skim_TriLep_DYJets10to50.root
2025-10-02 21:13:19,280 - INFO - [2018] MISSING_FILE: /data9/Users/choij/Sync/workspace/ChargedHiggsAnalysisV3/SKNanoOutput/PromptSelector/Run3Mu_RunSyst/2018/Skim_TriLep_TTG.root
2025-10-02 21:13:19,374 - INFO - [2018] MISSING_FILE: /data9/Users/choij/Sync/workspace/ChargedHiggsAnalysisV3/SKNanoOutput/PromptSelector/Run3Mu_RunSyst/2018/Skim_TriLep_TTHToNonbb.root
2025-10-02 21:13:19,457 - INFO - [2018] MISSING_FILE: /data9/Users/choij/Sync/workspace/ChargedHiggsAnalysisV3/SKNanoOutput/PromptSelector/Run3Mu_RunSyst/2018/Skim_TriLep_tHq.root
2025-10-02 21:13:19,596 - INFO - [2018] MISSING_FILE: /data9/Users/choij/Sync/workspace/ChargedHiggsAnalysisV3/SKNanoOutput/PromptSelector/Run3Mu_RunSyst/2018/Skim_TriLep_VBFHToZZTo4L.root
2025-10-03 00:01:09,015 - INFO - [2018] MISSING_CENTRAL: ZFake3Mu/Central/METv/px in Skim_TriLep_DYJets10to50.root
2025-10-03 00:01:09,037 - INFO - [2018] MISSING_FILE: /Users/choij/Sync/workspace/ChargedHiggsAnalysisV3/SKNanoOutput/PromptSelector/Run3Mu_RunSyst/2018/Skim_TriLep_TTG.root
2025-10-03 00:01:09,082 - INFO - [2018] MISSING_FILE: /Users/choij/Sync/workspace/ChargedHiggsAnalysisV3/SKNanoOutput/PromptSelector/Run3Mu_RunSyst/2018/Skim_TriLep_TTHToNonbb.root
2025-10-03 00:01:09,132 - INFO - [2018] MISSING_FILE: /Users/choij/Sync/workspace/ChargedHiggsAnalysisV3/SKNanoOutput/PromptSelector/Run3Mu_RunSyst/2018/Skim_TriLep_tHq.root
2025-10-03 00:01:09,219 - INFO - [2018] MISSING_FILE: /Users/choij/Sync/workspace/ChargedHiggsAnalysisV3/SKNanoOutput/PromptSelector/Run3Mu_RunSyst/2018/Skim_TriLep_VBFHToZZTo4L.root
2025-11-05 22:03:08,836 - INFO - [2018] MISSING_CENTRAL: ZFake3Mu/Central/METv/px in Skim_TriLep_DYJets10to50.root
2025-11-05 22:18:54,102 - INFO - [2018] MISSING_CENTRAL: ZFake3Mu/Central/METv/px in Skim_TriLep_DYJets10to50.root
2025-11-05 23:23:27,082 - INFO - [2018] MISSING_CENTRAL: ZFake3Mu/Central/METv/px in Skim_TriLep_DYJets10to50.root
2025-11-07 12:26:39,091 - INFO - [2018] MISSING_CENTRAL: ZFake3Mu/Central/METv/px in Skim_TriLep_DYJets10to50.root
2025-11-07 13:07:10,781 - INFO - [2018] MISSING_CENTRAL: ZFake3Mu/Central/METv/px in Skim_TriLep_DYJets10to50.root
2025-11-07 14:03:40,548 - INFO - [2018] MISSING_CENTRAL: ZFake3Mu/Central/METv/px in Skim_TriLep_DYJets10to50.root
2025-11-10 05:54:23,924 - INFO - [2018] MISSING_CENTRAL: ZFake3Mu/Central/METv/px in Skim_TriLep_DYJets10to50.root
2025-11-10 12:18:43,931 - INFO - [2018] MISSING_CENTRAL: ZFake3Mu/Central/METv/px in Skim_TriLep_DYJets10to50.root
2025-11-13 11:08:00,774 - INFO - [2018] MISSING_CENTRAL: ZFake3Mu/Central/METv/px in Skim_TriLep_DYJets10to50.root
2025-11-19 16:09:22,754 - INFO - [2018] MISSING_CENTRAL: ZFake3Mu/Central/METv/px in Skim_TriLep_DYJets10to50.root
2025-11-19 16:21:04,668 - INFO - [2018] MISSING_CENTRAL: ZFake3Mu/Central/METv/px in Skim_TriLep_DYJets10to50.root
