2025-11-05 22:03:11,984 - INFO - [2018] MISSING_CENTRAL: ZFake3Mu/Central/MHc160_MA85/score_ttZ in Skim_TriLep_DYJets10to50.root
2025-11-05 22:18:57,155 - INFO - [2018] MISSING_CENTRAL: ZFake3Mu/Central/MHc160_MA85/score_ttZ in Skim_TriLep_DYJets10to50.root
2025-11-05 23:23:30,577 - INFO - [2018] MISSING_CENTRAL: ZFake3Mu/Central/MHc160_MA85/score_ttZ in Skim_TriLep_DYJets10to50.root
2025-11-07 12:26:42,284 - INFO - [2018] MISSING_CENTRAL: ZFake3Mu/Central/MHc160_MA85/score_ttZ in Skim_TriLep_DYJets10to50.root
2025-11-07 13:07:15,981 - INFO - [2018] MISSING_CENTRAL: ZFake3Mu/Central/MHc160_MA85/score_ttZ in Skim_TriLep_DYJets10to50.root
2025-11-07 14:03:45,554 - INFO - [2018] MISSING_CENTRAL: ZFake3Mu/Central/MHc160_MA85/score_ttZ in Skim_TriLep_DYJets10to50.root
2025-11-10 05:54:29,693 - INFO - [2018] MISSING_CENTRAL: ZFake3Mu/Central/MHc160_MA85/score_ttZ in Skim_TriLep_DYJets10to50.root
2025-11-10 12:18:49,136 - INFO - [2018] MISSING_CENTRAL: ZFake3Mu/Central/MHc160_MA85/score_ttZ in Skim_TriLep_DYJets10to50.root
2025-11-13 11:08:00,986 - INFO - [2018] MISSING_CENTRAL: ZFake3Mu/Central/MHc160_MA85/score_ttZ in Skim_TriLep_DYJets10to50.root
2025-11-19 16:09:27,722 - INFO - [2018] MISSING_CENTRAL: ZFake3Mu/Central/MHc160_MA85/score_ttZ in Skim_TriLep_DYJets10to50.root
2025-11-19 16:21:09,798 - INFO - [2018] MISSING_CENTRAL: ZFake3Mu/Central/MHc160_MA85/score_ttZ in Skim_TriLep_DYJets10to50.root
2025-12-17 22:35:27,051 - INFO - [2018] MISSING_CENTRAL: ZFake3Mu/Central/MHc160_MA85/score_ttZ in Skim_TriLep_DYJets10to50.root
2025-12-18 14:19:08,776 - INFO - [2018] MISSING_CENTRAL: ZFake3Mu/Central/MHc160_MA85/score_ttZ in Skim_TriLep_DYJets10to50.root
2025-12-18 14:34:36,563 - INFO - [2018] MISSING_CENTRAL: ZFake3Mu/Central/MHc160_MA85/score_ttZ in Skim_TriLep_DYJets10to50.root
2026-01-07 11:44:44,320 - INFO - [2018] MISSING_CENTRAL: ZFake3Mu/Central/MHc160_MA85/score_ttZ in Skim_TriLep_DYJets10to50.root
2026-01-07 18:41:30,731 - INFO - [2018] MISSING_CENTRAL: ZFake3Mu/Central/MHc160_MA85/score_ttZ in Skim_TriLep_DYJets10to50.root
2026-01-09 12:15:15,791 - INFO - [2018] MISSING_CENTRAL: ZFake3Mu/Central/MHc160_MA85/score_ttZ in Skim_TriLep_DYJets10to50.root
2026-01-11 09:35:19,431 - INFO - [2018] MISSING_CENTRAL: ZFake3Mu/Central/MHc160_MA85/score_ttZ in Skim_TriLep_DYJets10to50.root
2026-01-12 13:43:56,242 - INFO - [2018] MISSING_FILE: /home/choij/Sync/workspace/ChargedHiggsAnalysisV3/SKNanoOutput/MatrixSelector/Run3Mu/2018/Skim_TriLep_DoubleMuon_A.root
2026-01-12 13:43:56,243 - INFO - [2018] MISSING_FILE: /home/choij/Sync/workspace/ChargedHiggsAnalysisV3/SKNanoOutput/MatrixSelector/Run3Mu/2018/Skim_TriLep_DoubleMuon_B.root
2026-01-12 13:43:56,243 - INFO - [2018] MISSING_FILE: /home/choij/Sync/workspace/ChargedHiggsAnalysisV3/SKNanoOutput/MatrixSelector/Run3Mu/2018/Skim_TriLep_DoubleMuon_C.root
2026-01-12 13:43:56,243 - INFO - [2018] MISSING_FILE: /home/choij/Sync/workspace/ChargedHiggsAnalysisV3/SKNanoOutput/MatrixSelector/Run3Mu/2018/Skim_TriLep_DoubleMuon_D.root
2026-01-12 13:43:56,266 - INFO - [2018] MISSING_CENTRAL: ZFake3Mu/Central/MHc160_MA85/score_ttZ in Skim_TriLep_DYJets10to50.root
