2025-09-24 15:48:06,246 - INFO - [2018] MISSING_CENTRAL: ZFake3Mu/Central/muons/1/charge in Skim_TriLep_DYJets10to50.root
2025-09-24 15:48:06,249 - INFO - [2018] MISSING_FILE: /Users/choij/Sync/workspace/ChargedHiggsAnalysisV3/SKNanoOutput/PromptSelector/Run3Mu_RunSyst/2018/Skim_TriLep_TTG.root
2025-09-24 15:48:06,258 - INFO - [2018] MISSING_FILE: /Users/choij/Sync/workspace/ChargedHiggsAnalysisV3/SKNanoOutput/PromptSelector/Run3Mu_RunSyst/2018/Skim_TriLep_TTHToNonbb.root
2025-09-24 15:48:06,266 - INFO - [2018] MISSING_FILE: /Users/choij/Sync/workspace/ChargedHiggsAnalysisV3/SKNanoOutput/PromptSelector/Run3Mu_RunSyst/2018/Skim_TriLep_tHq.root
2025-09-24 15:48:06,287 - INFO - [2018] MISSING_FILE: /Users/choij/Sync/workspace/ChargedHiggsAnalysisV3/SKNanoOutput/PromptSelector/Run3Mu_RunSyst/2018/Skim_TriLep_VBFHToZZTo4L.root
2025-10-02 21:13:11,315 - INFO - [2018] MISSING_CENTRAL: ZFake3Mu/Central/muons/1/charge in Skim_TriLep_DYJets10to50.root
2025-10-02 21:13:11,325 - INFO - [2018] MISSING_FILE: /data9/Users/choij/Sync/workspace/ChargedHiggsAnalysisV3/SKNanoOutput/PromptSelector/Run3Mu_RunSyst/2018/Skim_TriLep_TTG.root
2025-10-02 21:13:11,357 - INFO - [2018] MISSING_FILE: /data9/Users/choij/Sync/workspace/ChargedHiggsAnalysisV3/SKNanoOutput/PromptSelector/Run3Mu_RunSyst/2018/Skim_TriLep_TTHToNonbb.root
2025-10-02 21:13:11,742 - INFO - [2018] MISSING_FILE: /data9/Users/choij/Sync/workspace/ChargedHiggsAnalysisV3/SKNanoOutput/PromptSelector/Run3Mu_RunSyst/2018/Skim_TriLep_tHq.root
2025-10-02 21:13:12,564 - INFO - [2018] MISSING_FILE: /data9/Users/choij/Sync/workspace/ChargedHiggsAnalysisV3/SKNanoOutput/PromptSelector/Run3Mu_RunSyst/2018/Skim_TriLep_VBFHToZZTo4L.root
2025-10-03 00:00:51,824 - INFO - [2018] MISSING_CENTRAL: ZFake3Mu/Central/muons/1/charge in Skim_TriLep_DYJets10to50.root
2025-10-03 00:00:51,827 - INFO - [2018] MISSING_FILE: /Users/choij/Sync/workspace/ChargedHiggsAnalysisV3/SKNanoOutput/PromptSelector/Run3Mu_RunSyst/2018/Skim_TriLep_TTG.root
2025-10-03 00:00:51,854 - INFO - [2018] MISSING_FILE: /Users/choij/Sync/workspace/ChargedHiggsAnalysisV3/SKNanoOutput/PromptSelector/Run3Mu_RunSyst/2018/Skim_TriLep_TTHToNonbb.root
2025-10-03 00:00:51,901 - INFO - [2018] MISSING_FILE: /Users/choij/Sync/workspace/ChargedHiggsAnalysisV3/SKNanoOutput/PromptSelector/Run3Mu_RunSyst/2018/Skim_TriLep_tHq.root
2025-10-03 00:00:51,980 - INFO - [2018] MISSING_FILE: /Users/choij/Sync/workspace/ChargedHiggsAnalysisV3/SKNanoOutput/PromptSelector/Run3Mu_RunSyst/2018/Skim_TriLep_VBFHToZZTo4L.root
2025-11-05 22:03:01,787 - INFO - [2018] MISSING_CENTRAL: ZFake3Mu/Central/muons/1/charge in Skim_TriLep_DYJets10to50.root
2025-11-05 22:18:47,134 - INFO - [2018] MISSING_CENTRAL: ZFake3Mu/Central/muons/1/charge in Skim_TriLep_DYJets10to50.root
2025-11-05 23:23:20,436 - INFO - [2018] MISSING_CENTRAL: ZFake3Mu/Central/muons/1/charge in Skim_TriLep_DYJets10to50.root
2025-11-07 12:26:32,317 - INFO - [2018] MISSING_CENTRAL: ZFake3Mu/Central/muons/1/charge in Skim_TriLep_DYJets10to50.root
2025-11-07 13:07:03,855 - INFO - [2018] MISSING_CENTRAL: ZFake3Mu/Central/muons/1/charge in Skim_TriLep_DYJets10to50.root
2025-11-07 13:30:48,661 - INFO - [2018] MISSING_CENTRAL: ZFake3Mu/Central/muons/1/charge in Skim_TriLep_DYJets10to50.root
2025-11-07 14:03:33,898 - INFO - [2018] MISSING_CENTRAL: ZFake3Mu/Central/muons/1/charge in Skim_TriLep_DYJets10to50.root
2025-11-10 05:54:15,814 - INFO - [2018] MISSING_CENTRAL: ZFake3Mu/Central/muons/1/charge in Skim_TriLep_DYJets10to50.root
2025-11-10 12:18:37,515 - INFO - [2018] MISSING_CENTRAL: ZFake3Mu/Central/muons/1/charge in Skim_TriLep_DYJets10to50.root
2025-11-13 11:07:51,812 - INFO - [2018] MISSING_CENTRAL: ZFake3Mu/Central/muons/1/charge in Skim_TriLep_DYJets10to50.root
2025-11-19 16:09:16,386 - INFO - [2018] MISSING_CENTRAL: ZFake3Mu/Central/muons/1/charge in Skim_TriLep_DYJets10to50.root
2025-11-19 16:20:58,115 - INFO - [2018] MISSING_CENTRAL: ZFake3Mu/Central/muons/1/charge in Skim_TriLep_DYJets10to50.root
2025-12-17 22:35:15,251 - INFO - [2018] MISSING_CENTRAL: ZFake3Mu/Central/muons/1/charge in Skim_TriLep_DYJets10to50.root
2025-12-18 14:18:57,207 - INFO - [2018] MISSING_CENTRAL: ZFake3Mu/Central/muons/1/charge in Skim_TriLep_DYJets10to50.root
2025-12-18 14:34:24,729 - INFO - [2018] MISSING_CENTRAL: ZFake3Mu/Central/muons/1/charge in Skim_TriLep_DYJets10to50.root
2026-01-07 11:44:30,540 - INFO - [2018] MISSING_CENTRAL: ZFake3Mu/Central/muons/1/charge in Skim_TriLep_DYJets10to50.root
2026-01-07 18:41:20,343 - INFO - [2018] MISSING_CENTRAL: ZFake3Mu/Central/muons/1/charge in Skim_TriLep_DYJets10to50.root
2026-01-09 12:15:02,599 - INFO - [2018] MISSING_CENTRAL: ZFake3Mu/Central/muons/1/charge in Skim_TriLep_DYJets10to50.root
2026-01-11 09:35:06,339 - INFO - [2018] MISSING_CENTRAL: ZFake3Mu/Central/muons/1/charge in Skim_TriLep_DYJets10to50.root
2026-01-12 13:43:42,876 - INFO - [2018] MISSING_FILE: /home/choij/Sync/workspace/ChargedHiggsAnalysisV3/SKNanoOutput/MatrixSelector/Run3Mu/2018/Skim_TriLep_DoubleMuon_A.root
2026-01-12 13:43:42,876 - INFO - [2018] MISSING_FILE: /home/choij/Sync/workspace/ChargedHiggsAnalysisV3/SKNanoOutput/MatrixSelector/Run3Mu/2018/Skim_TriLep_DoubleMuon_B.root
2026-01-12 13:43:42,876 - INFO - [2018] MISSING_FILE: /home/choij/Sync/workspace/ChargedHiggsAnalysisV3/SKNanoOutput/MatrixSelector/Run3Mu/2018/Skim_TriLep_DoubleMuon_C.root
2026-01-12 13:43:42,876 - INFO - [2018] MISSING_FILE: /home/choij/Sync/workspace/ChargedHiggsAnalysisV3/SKNanoOutput/MatrixSelector/Run3Mu/2018/Skim_TriLep_DoubleMuon_D.root
2026-01-12 13:43:42,898 - INFO - [2018] MISSING_CENTRAL: ZFake3Mu/Central/muons/1/charge in Skim_TriLep_DYJets10to50.root
2026-01-16 18:58:57,927 - INFO - [2018] MISSING_CENTRAL: ZFake3Mu/Central/muons/1/charge in Skim_TriLep_DYJets10to50.root
2026-01-28 16:07:38,541 - INFO - [2018] MISSING_CENTRAL: ZFake3Mu/Central/muons/1/charge in Skim_TriLep_DYJets10to50.root
