2025-09-24 15:48:06,206 - INFO - [2018] MISSING_CENTRAL: ZFake3Mu/Central/muons/1/pt in Skim_TriLep_DYJets10to50.root
2025-09-24 15:48:06,215 - INFO - [2018] MISSING_FILE: /Users/choij/Sync/workspace/ChargedHiggsAnalysisV3/SKNanoOutput/PromptSelector/Run3Mu_RunSyst/2018/Skim_TriLep_TTG.root
2025-09-24 15:48:06,287 - INFO - [2018] MISSING_FILE: /Users/choij/Sync/workspace/ChargedHiggsAnalysisV3/SKNanoOutput/PromptSelector/Run3Mu_RunSyst/2018/Skim_TriLep_TTHToNonbb.root
2025-09-24 15:48:06,323 - INFO - [2018] MISSING_FILE: /Users/choij/Sync/workspace/ChargedHiggsAnalysisV3/SKNanoOutput/PromptSelector/Run3Mu_RunSyst/2018/Skim_TriLep_tHq.root
2025-09-24 15:48:06,382 - INFO - [2018] MISSING_FILE: /Users/choij/Sync/workspace/ChargedHiggsAnalysisV3/SKNanoOutput/PromptSelector/Run3Mu_RunSyst/2018/Skim_TriLep_VBFHToZZTo4L.root
2025-10-02 21:13:11,367 - INFO - [2018] MISSING_CENTRAL: ZFake3Mu/Central/muons/1/pt in Skim_TriLep_DYJets10to50.root
2025-10-02 21:13:11,378 - INFO - [2018] MISSING_FILE: /data9/Users/choij/Sync/workspace/ChargedHiggsAnalysisV3/SKNanoOutput/PromptSelector/Run3Mu_RunSyst/2018/Skim_TriLep_TTG.root
2025-10-02 21:13:11,433 - INFO - [2018] MISSING_FILE: /data9/Users/choij/Sync/workspace/ChargedHiggsAnalysisV3/SKNanoOutput/PromptSelector/Run3Mu_RunSyst/2018/Skim_TriLep_TTHToNonbb.root
2025-10-02 21:13:11,752 - INFO - [2018] MISSING_FILE: /data9/Users/choij/Sync/workspace/ChargedHiggsAnalysisV3/SKNanoOutput/PromptSelector/Run3Mu_RunSyst/2018/Skim_TriLep_tHq.root
2025-10-02 21:13:12,584 - INFO - [2018] MISSING_FILE: /data9/Users/choij/Sync/workspace/ChargedHiggsAnalysisV3/SKNanoOutput/PromptSelector/Run3Mu_RunSyst/2018/Skim_TriLep_VBFHToZZTo4L.root
2025-10-03 00:00:51,836 - INFO - [2018] MISSING_CENTRAL: ZFake3Mu/Central/muons/1/pt in Skim_TriLep_DYJets10to50.root
2025-10-03 00:00:51,846 - INFO - [2018] MISSING_FILE: /Users/choij/Sync/workspace/ChargedHiggsAnalysisV3/SKNanoOutput/PromptSelector/Run3Mu_RunSyst/2018/Skim_TriLep_TTG.root
2025-10-03 00:00:51,945 - INFO - [2018] MISSING_FILE: /Users/choij/Sync/workspace/ChargedHiggsAnalysisV3/SKNanoOutput/PromptSelector/Run3Mu_RunSyst/2018/Skim_TriLep_TTHToNonbb.root
2025-10-03 00:00:51,994 - INFO - [2018] MISSING_FILE: /Users/choij/Sync/workspace/ChargedHiggsAnalysisV3/SKNanoOutput/PromptSelector/Run3Mu_RunSyst/2018/Skim_TriLep_tHq.root
2025-10-03 00:00:52,061 - INFO - [2018] MISSING_FILE: /Users/choij/Sync/workspace/ChargedHiggsAnalysisV3/SKNanoOutput/PromptSelector/Run3Mu_RunSyst/2018/Skim_TriLep_VBFHToZZTo4L.root
2025-11-05 22:03:01,412 - INFO - [2018] MISSING_CENTRAL: ZFake3Mu/Central/muons/1/pt in Skim_TriLep_DYJets10to50.root
2025-11-05 22:18:47,170 - INFO - [2018] MISSING_CENTRAL: ZFake3Mu/Central/muons/1/pt in Skim_TriLep_DYJets10to50.root
2025-11-05 23:23:20,412 - INFO - [2018] MISSING_CENTRAL: ZFake3Mu/Central/muons/1/pt in Skim_TriLep_DYJets10to50.root
2025-11-07 12:26:32,341 - INFO - [2018] MISSING_CENTRAL: ZFake3Mu/Central/muons/1/pt in Skim_TriLep_DYJets10to50.root
2025-11-07 13:07:03,991 - INFO - [2018] MISSING_CENTRAL: ZFake3Mu/Central/muons/1/pt in Skim_TriLep_DYJets10to50.root
2025-11-07 13:30:48,646 - INFO - [2018] MISSING_CENTRAL: ZFake3Mu/Central/muons/1/pt in Skim_TriLep_DYJets10to50.root
2025-11-07 14:03:33,896 - INFO - [2018] MISSING_CENTRAL: ZFake3Mu/Central/muons/1/pt in Skim_TriLep_DYJets10to50.root
2025-11-10 05:54:14,664 - INFO - [2018] MISSING_CENTRAL: ZFake3Mu/Central/muons/1/pt in Skim_TriLep_DYJets10to50.root
2025-11-10 12:18:37,428 - INFO - [2018] MISSING_CENTRAL: ZFake3Mu/Central/muons/1/pt in Skim_TriLep_DYJets10to50.root
2025-11-13 11:07:51,823 - INFO - [2018] MISSING_CENTRAL: ZFake3Mu/Central/muons/1/pt in Skim_TriLep_DYJets10to50.root
2025-11-19 16:09:16,334 - INFO - [2018] MISSING_CENTRAL: ZFake3Mu/Central/muons/1/pt in Skim_TriLep_DYJets10to50.root
2025-11-19 16:20:57,884 - INFO - [2018] MISSING_CENTRAL: ZFake3Mu/Central/muons/1/pt in Skim_TriLep_DYJets10to50.root
2025-12-17 22:35:15,263 - INFO - [2018] MISSING_CENTRAL: ZFake3Mu/Central/muons/1/pt in Skim_TriLep_DYJets10to50.root
2025-12-18 14:18:56,294 - INFO - [2018] MISSING_CENTRAL: ZFake3Mu/Central/muons/1/pt in Skim_TriLep_DYJets10to50.root
2025-12-18 14:34:24,488 - INFO - [2018] MISSING_CENTRAL: ZFake3Mu/Central/muons/1/pt in Skim_TriLep_DYJets10to50.root
2026-01-07 11:44:30,552 - INFO - [2018] MISSING_CENTRAL: ZFake3Mu/Central/muons/1/pt in Skim_TriLep_DYJets10to50.root
2026-01-07 18:41:20,316 - INFO - [2018] MISSING_CENTRAL: ZFake3Mu/Central/muons/1/pt in Skim_TriLep_DYJets10to50.root
2026-01-09 12:15:02,557 - INFO - [2018] MISSING_CENTRAL: ZFake3Mu/Central/muons/1/pt in Skim_TriLep_DYJets10to50.root
2026-01-11 09:35:06,359 - INFO - [2018] MISSING_CENTRAL: ZFake3Mu/Central/muons/1/pt in Skim_TriLep_DYJets10to50.root
2026-01-12 13:43:42,989 - INFO - [2018] MISSING_FILE: /home/choij/Sync/workspace/ChargedHiggsAnalysisV3/SKNanoOutput/MatrixSelector/Run3Mu/2018/Skim_TriLep_DoubleMuon_A.root
2026-01-12 13:43:42,990 - INFO - [2018] MISSING_FILE: /home/choij/Sync/workspace/ChargedHiggsAnalysisV3/SKNanoOutput/MatrixSelector/Run3Mu/2018/Skim_TriLep_DoubleMuon_B.root
2026-01-12 13:43:42,990 - INFO - [2018] MISSING_FILE: /home/choij/Sync/workspace/ChargedHiggsAnalysisV3/SKNanoOutput/MatrixSelector/Run3Mu/2018/Skim_TriLep_DoubleMuon_C.root
2026-01-12 13:43:42,990 - INFO - [2018] MISSING_FILE: /home/choij/Sync/workspace/ChargedHiggsAnalysisV3/SKNanoOutput/MatrixSelector/Run3Mu/2018/Skim_TriLep_DoubleMuon_D.root
2026-01-12 13:43:43,018 - INFO - [2018] MISSING_CENTRAL: ZFake3Mu/Central/muons/1/pt in Skim_TriLep_DYJets10to50.root
2026-01-16 18:58:57,932 - INFO - [2018] MISSING_CENTRAL: ZFake3Mu/Central/muons/1/pt in Skim_TriLep_DYJets10to50.root
