2025-09-24 15:48:08,619 - INFO - [2018] MISSING_CENTRAL: ZFake3Mu/Central/muons/2/charge in Skim_TriLep_DYJets10to50.root
2025-09-24 15:48:08,622 - INFO - [2018] MISSING_FILE: /Users/choij/Sync/workspace/ChargedHiggsAnalysisV3/SKNanoOutput/PromptSelector/Run3Mu_RunSyst/2018/Skim_TriLep_TTG.root
2025-09-24 15:48:08,715 - INFO - [2018] MISSING_FILE: /Users/choij/Sync/workspace/ChargedHiggsAnalysisV3/SKNanoOutput/PromptSelector/Run3Mu_RunSyst/2018/Skim_TriLep_TTHToNonbb.root
2025-09-24 15:48:08,760 - INFO - [2018] MISSING_FILE: /Users/choij/Sync/workspace/ChargedHiggsAnalysisV3/SKNanoOutput/PromptSelector/Run3Mu_RunSyst/2018/Skim_TriLep_tHq.root
2025-09-24 15:48:08,780 - INFO - [2018] MISSING_FILE: /Users/choij/Sync/workspace/ChargedHiggsAnalysisV3/SKNanoOutput/PromptSelector/Run3Mu_RunSyst/2018/Skim_TriLep_VBFHToZZTo4L.root
2025-10-02 21:13:11,485 - INFO - [2018] MISSING_CENTRAL: ZFake3Mu/Central/muons/2/charge in Skim_TriLep_DYJets10to50.root
2025-10-02 21:13:11,490 - INFO - [2018] MISSING_FILE: /data9/Users/choij/Sync/workspace/ChargedHiggsAnalysisV3/SKNanoOutput/PromptSelector/Run3Mu_RunSyst/2018/Skim_TriLep_TTG.root
2025-10-02 21:13:11,513 - INFO - [2018] MISSING_FILE: /data9/Users/choij/Sync/workspace/ChargedHiggsAnalysisV3/SKNanoOutput/PromptSelector/Run3Mu_RunSyst/2018/Skim_TriLep_TTHToNonbb.root
2025-10-02 21:13:11,741 - INFO - [2018] MISSING_FILE: /data9/Users/choij/Sync/workspace/ChargedHiggsAnalysisV3/SKNanoOutput/PromptSelector/Run3Mu_RunSyst/2018/Skim_TriLep_tHq.root
2025-10-02 21:13:12,564 - INFO - [2018] MISSING_FILE: /data9/Users/choij/Sync/workspace/ChargedHiggsAnalysisV3/SKNanoOutput/PromptSelector/Run3Mu_RunSyst/2018/Skim_TriLep_VBFHToZZTo4L.root
2025-10-03 00:00:54,110 - INFO - [2018] MISSING_CENTRAL: ZFake3Mu/Central/muons/2/charge in Skim_TriLep_DYJets10to50.root
2025-10-03 00:00:54,113 - INFO - [2018] MISSING_FILE: /Users/choij/Sync/workspace/ChargedHiggsAnalysisV3/SKNanoOutput/PromptSelector/Run3Mu_RunSyst/2018/Skim_TriLep_TTG.root
2025-10-03 00:00:54,133 - INFO - [2018] MISSING_FILE: /Users/choij/Sync/workspace/ChargedHiggsAnalysisV3/SKNanoOutput/PromptSelector/Run3Mu_RunSyst/2018/Skim_TriLep_TTHToNonbb.root
2025-10-03 00:00:54,167 - INFO - [2018] MISSING_FILE: /Users/choij/Sync/workspace/ChargedHiggsAnalysisV3/SKNanoOutput/PromptSelector/Run3Mu_RunSyst/2018/Skim_TriLep_tHq.root
2025-10-03 00:00:54,256 - INFO - [2018] MISSING_FILE: /Users/choij/Sync/workspace/ChargedHiggsAnalysisV3/SKNanoOutput/PromptSelector/Run3Mu_RunSyst/2018/Skim_TriLep_VBFHToZZTo4L.root
2025-11-05 22:03:01,694 - INFO - [2018] MISSING_CENTRAL: ZFake3Mu/Central/muons/2/charge in Skim_TriLep_DYJets10to50.root
2025-11-05 22:18:47,147 - INFO - [2018] MISSING_CENTRAL: ZFake3Mu/Central/muons/2/charge in Skim_TriLep_DYJets10to50.root
2025-11-05 23:23:20,494 - INFO - [2018] MISSING_CENTRAL: ZFake3Mu/Central/muons/2/charge in Skim_TriLep_DYJets10to50.root
2025-11-07 12:26:32,335 - INFO - [2018] MISSING_CENTRAL: ZFake3Mu/Central/muons/2/charge in Skim_TriLep_DYJets10to50.root
2025-11-07 13:07:03,913 - INFO - [2018] MISSING_CENTRAL: ZFake3Mu/Central/muons/2/charge in Skim_TriLep_DYJets10to50.root
2025-11-07 13:30:48,497 - INFO - [2018] MISSING_CENTRAL: ZFake3Mu/Central/muons/2/charge in Skim_TriLep_DYJets10to50.root
2025-11-07 14:03:33,943 - INFO - [2018] MISSING_CENTRAL: ZFake3Mu/Central/muons/2/charge in Skim_TriLep_DYJets10to50.root
2025-11-10 05:54:14,909 - INFO - [2018] MISSING_CENTRAL: ZFake3Mu/Central/muons/2/charge in Skim_TriLep_DYJets10to50.root
2025-11-10 12:18:37,349 - INFO - [2018] MISSING_CENTRAL: ZFake3Mu/Central/muons/2/charge in Skim_TriLep_DYJets10to50.root
2025-11-13 11:07:51,812 - INFO - [2018] MISSING_CENTRAL: ZFake3Mu/Central/muons/2/charge in Skim_TriLep_DYJets10to50.root
2025-11-19 16:09:16,356 - INFO - [2018] MISSING_CENTRAL: ZFake3Mu/Central/muons/2/charge in Skim_TriLep_DYJets10to50.root
2025-11-19 16:20:57,726 - INFO - [2018] MISSING_CENTRAL: ZFake3Mu/Central/muons/2/charge in Skim_TriLep_DYJets10to50.root
2025-12-17 22:35:15,251 - INFO - [2018] MISSING_CENTRAL: ZFake3Mu/Central/muons/2/charge in Skim_TriLep_DYJets10to50.root
2025-12-18 14:18:56,880 - INFO - [2018] MISSING_CENTRAL: ZFake3Mu/Central/muons/2/charge in Skim_TriLep_DYJets10to50.root
2025-12-18 14:34:24,615 - INFO - [2018] MISSING_CENTRAL: ZFake3Mu/Central/muons/2/charge in Skim_TriLep_DYJets10to50.root
2026-01-07 11:44:30,541 - INFO - [2018] MISSING_CENTRAL: ZFake3Mu/Central/muons/2/charge in Skim_TriLep_DYJets10to50.root
