2025-09-24 15:48:06,336 - INFO - [2018] MISSING_CENTRAL: ZFake3Mu/Central/muons/2/eta in Skim_TriLep_DYJets10to50.root
2025-09-24 15:48:06,345 - INFO - [2018] MISSING_FILE: /Users/choij/Sync/workspace/ChargedHiggsAnalysisV3/SKNanoOutput/PromptSelector/Run3Mu_RunSyst/2018/Skim_TriLep_TTG.root
2025-09-24 15:48:06,356 - INFO - [2018] MISSING_FILE: /Users/choij/Sync/workspace/ChargedHiggsAnalysisV3/SKNanoOutput/PromptSelector/Run3Mu_RunSyst/2018/Skim_TriLep_TTHToNonbb.root
2025-09-24 15:48:06,374 - INFO - [2018] MISSING_FILE: /Users/choij/Sync/workspace/ChargedHiggsAnalysisV3/SKNanoOutput/PromptSelector/Run3Mu_RunSyst/2018/Skim_TriLep_tHq.root
2025-09-24 15:48:06,419 - INFO - [2018] MISSING_FILE: /Users/choij/Sync/workspace/ChargedHiggsAnalysisV3/SKNanoOutput/PromptSelector/Run3Mu_RunSyst/2018/Skim_TriLep_VBFHToZZTo4L.root
2025-10-02 21:13:10,129 - INFO - [2018] MISSING_CENTRAL: ZFake3Mu/Central/muons/2/eta in Skim_TriLep_DYJets10to50.root
2025-10-02 21:13:10,415 - INFO - [2018] MISSING_FILE: /data9/Users/choij/Sync/workspace/ChargedHiggsAnalysisV3/SKNanoOutput/PromptSelector/Run3Mu_RunSyst/2018/Skim_TriLep_TTG.root
2025-10-02 21:13:11,124 - INFO - [2018] MISSING_FILE: /data9/Users/choij/Sync/workspace/ChargedHiggsAnalysisV3/SKNanoOutput/PromptSelector/Run3Mu_RunSyst/2018/Skim_TriLep_TTHToNonbb.root
2025-10-02 21:13:11,753 - INFO - [2018] MISSING_FILE: /data9/Users/choij/Sync/workspace/ChargedHiggsAnalysisV3/SKNanoOutput/PromptSelector/Run3Mu_RunSyst/2018/Skim_TriLep_tHq.root
2025-10-02 21:13:12,571 - INFO - [2018] MISSING_FILE: /data9/Users/choij/Sync/workspace/ChargedHiggsAnalysisV3/SKNanoOutput/PromptSelector/Run3Mu_RunSyst/2018/Skim_TriLep_VBFHToZZTo4L.root
2025-10-03 00:00:51,942 - INFO - [2018] MISSING_CENTRAL: ZFake3Mu/Central/muons/2/eta in Skim_TriLep_DYJets10to50.root
2025-10-03 00:00:51,948 - INFO - [2018] MISSING_FILE: /Users/choij/Sync/workspace/ChargedHiggsAnalysisV3/SKNanoOutput/PromptSelector/Run3Mu_RunSyst/2018/Skim_TriLep_TTG.root
2025-10-03 00:00:51,960 - INFO - [2018] MISSING_FILE: /Users/choij/Sync/workspace/ChargedHiggsAnalysisV3/SKNanoOutput/PromptSelector/Run3Mu_RunSyst/2018/Skim_TriLep_TTHToNonbb.root
2025-10-03 00:00:51,990 - INFO - [2018] MISSING_FILE: /Users/choij/Sync/workspace/ChargedHiggsAnalysisV3/SKNanoOutput/PromptSelector/Run3Mu_RunSyst/2018/Skim_TriLep_tHq.root
2025-10-03 00:00:52,040 - INFO - [2018] MISSING_FILE: /Users/choij/Sync/workspace/ChargedHiggsAnalysisV3/SKNanoOutput/PromptSelector/Run3Mu_RunSyst/2018/Skim_TriLep_VBFHToZZTo4L.root
2025-11-05 22:03:01,767 - INFO - [2018] MISSING_CENTRAL: ZFake3Mu/Central/muons/2/eta in Skim_TriLep_DYJets10to50.root
2025-11-05 22:18:47,174 - INFO - [2018] MISSING_CENTRAL: ZFake3Mu/Central/muons/2/eta in Skim_TriLep_DYJets10to50.root
2025-11-05 23:23:20,425 - INFO - [2018] MISSING_CENTRAL: ZFake3Mu/Central/muons/2/eta in Skim_TriLep_DYJets10to50.root
2025-11-07 12:26:32,336 - INFO - [2018] MISSING_CENTRAL: ZFake3Mu/Central/muons/2/eta in Skim_TriLep_DYJets10to50.root
2025-11-07 13:07:03,986 - INFO - [2018] MISSING_CENTRAL: ZFake3Mu/Central/muons/2/eta in Skim_TriLep_DYJets10to50.root
2025-11-07 13:30:48,610 - INFO - [2018] MISSING_CENTRAL: ZFake3Mu/Central/muons/2/eta in Skim_TriLep_DYJets10to50.root
2025-11-07 14:03:33,908 - INFO - [2018] MISSING_CENTRAL: ZFake3Mu/Central/muons/2/eta in Skim_TriLep_DYJets10to50.root
2025-11-10 05:54:15,367 - INFO - [2018] MISSING_CENTRAL: ZFake3Mu/Central/muons/2/eta in Skim_TriLep_DYJets10to50.root
2025-11-10 12:18:37,355 - INFO - [2018] MISSING_CENTRAL: ZFake3Mu/Central/muons/2/eta in Skim_TriLep_DYJets10to50.root
2025-11-13 11:07:51,813 - INFO - [2018] MISSING_CENTRAL: ZFake3Mu/Central/muons/2/eta in Skim_TriLep_DYJets10to50.root
2025-11-19 16:09:16,397 - INFO - [2018] MISSING_CENTRAL: ZFake3Mu/Central/muons/2/eta in Skim_TriLep_DYJets10to50.root
2025-11-19 16:20:57,727 - INFO - [2018] MISSING_CENTRAL: ZFake3Mu/Central/muons/2/eta in Skim_TriLep_DYJets10to50.root
2025-12-17 22:35:15,251 - INFO - [2018] MISSING_CENTRAL: ZFake3Mu/Central/muons/2/eta in Skim_TriLep_DYJets10to50.root
2025-12-18 14:18:56,534 - INFO - [2018] MISSING_CENTRAL: ZFake3Mu/Central/muons/2/eta in Skim_TriLep_DYJets10to50.root
2025-12-18 14:34:24,518 - INFO - [2018] MISSING_CENTRAL: ZFake3Mu/Central/muons/2/eta in Skim_TriLep_DYJets10to50.root
2026-01-07 11:44:30,542 - INFO - [2018] MISSING_CENTRAL: ZFake3Mu/Central/muons/2/eta in Skim_TriLep_DYJets10to50.root
