2025-09-24 15:48:26,770 - INFO - [2018] MISSING_CENTRAL: ZFake3Mu/Central/nZCand/eta in Skim_TriLep_DYJets10to50.root
2025-09-24 15:48:26,775 - INFO - [2018] MISSING_FILE: /Users/choij/Sync/workspace/ChargedHiggsAnalysisV3/SKNanoOutput/PromptSelector/Run3Mu_RunSyst/2018/Skim_TriLep_TTG.root
2025-09-24 15:48:26,791 - INFO - [2018] MISSING_FILE: /Users/choij/Sync/workspace/ChargedHiggsAnalysisV3/SKNanoOutput/PromptSelector/Run3Mu_RunSyst/2018/Skim_TriLep_TTHToNonbb.root
2025-09-24 15:48:26,815 - INFO - [2018] MISSING_FILE: /Users/choij/Sync/workspace/ChargedHiggsAnalysisV3/SKNanoOutput/PromptSelector/Run3Mu_RunSyst/2018/Skim_TriLep_tHq.root
2025-09-24 15:48:26,864 - INFO - [2018] MISSING_FILE: /Users/choij/Sync/workspace/ChargedHiggsAnalysisV3/SKNanoOutput/PromptSelector/Run3Mu_RunSyst/2018/Skim_TriLep_VBFHToZZTo4L.root
2025-10-02 21:13:18,997 - INFO - [2018] MISSING_CENTRAL: ZFake3Mu/Central/nZCand/eta in Skim_TriLep_DYJets10to50.root
2025-10-02 21:13:19,015 - INFO - [2018] MISSING_FILE: /data9/Users/choij/Sync/workspace/ChargedHiggsAnalysisV3/SKNanoOutput/PromptSelector/Run3Mu_RunSyst/2018/Skim_TriLep_TTG.root
2025-10-02 21:13:19,054 - INFO - [2018] MISSING_FILE: /data9/Users/choij/Sync/workspace/ChargedHiggsAnalysisV3/SKNanoOutput/PromptSelector/Run3Mu_RunSyst/2018/Skim_TriLep_TTHToNonbb.root
2025-10-02 21:13:19,141 - INFO - [2018] MISSING_FILE: /data9/Users/choij/Sync/workspace/ChargedHiggsAnalysisV3/SKNanoOutput/PromptSelector/Run3Mu_RunSyst/2018/Skim_TriLep_tHq.root
2025-10-02 21:13:19,240 - INFO - [2018] MISSING_FILE: /data9/Users/choij/Sync/workspace/ChargedHiggsAnalysisV3/SKNanoOutput/PromptSelector/Run3Mu_RunSyst/2018/Skim_TriLep_VBFHToZZTo4L.root
2025-10-03 00:01:11,978 - INFO - [2018] MISSING_CENTRAL: ZFake3Mu/Central/nZCand/eta in Skim_TriLep_DYJets10to50.root
2025-10-03 00:01:11,983 - INFO - [2018] MISSING_FILE: /Users/choij/Sync/workspace/ChargedHiggsAnalysisV3/SKNanoOutput/PromptSelector/Run3Mu_RunSyst/2018/Skim_TriLep_TTG.root
2025-10-03 00:01:11,997 - INFO - [2018] MISSING_FILE: /Users/choij/Sync/workspace/ChargedHiggsAnalysisV3/SKNanoOutput/PromptSelector/Run3Mu_RunSyst/2018/Skim_TriLep_TTHToNonbb.root
2025-10-03 00:01:12,058 - INFO - [2018] MISSING_FILE: /Users/choij/Sync/workspace/ChargedHiggsAnalysisV3/SKNanoOutput/PromptSelector/Run3Mu_RunSyst/2018/Skim_TriLep_tHq.root
2025-10-03 00:01:12,121 - INFO - [2018] MISSING_FILE: /Users/choij/Sync/workspace/ChargedHiggsAnalysisV3/SKNanoOutput/PromptSelector/Run3Mu_RunSyst/2018/Skim_TriLep_VBFHToZZTo4L.root
2025-11-05 22:03:11,018 - INFO - [2018] MISSING_CENTRAL: ZFake3Mu/Central/nZCand/eta in Skim_TriLep_DYJets10to50.root
2025-11-05 22:18:56,168 - INFO - [2018] MISSING_CENTRAL: ZFake3Mu/Central/nZCand/eta in Skim_TriLep_DYJets10to50.root
2025-11-05 23:23:29,672 - INFO - [2018] MISSING_CENTRAL: ZFake3Mu/Central/nZCand/eta in Skim_TriLep_DYJets10to50.root
2025-11-07 12:26:41,342 - INFO - [2018] MISSING_CENTRAL: ZFake3Mu/Central/nZCand/eta in Skim_TriLep_DYJets10to50.root
2025-11-07 13:07:13,115 - INFO - [2018] MISSING_CENTRAL: ZFake3Mu/Central/nZCand/eta in Skim_TriLep_DYJets10to50.root
2025-11-07 14:03:42,775 - INFO - [2018] MISSING_CENTRAL: ZFake3Mu/Central/nZCand/eta in Skim_TriLep_DYJets10to50.root
2025-11-10 05:54:26,577 - INFO - [2018] MISSING_CENTRAL: ZFake3Mu/Central/nZCand/eta in Skim_TriLep_DYJets10to50.root
2025-11-10 12:18:46,440 - INFO - [2018] MISSING_CENTRAL: ZFake3Mu/Central/nZCand/eta in Skim_TriLep_DYJets10to50.root
2025-11-13 11:08:01,034 - INFO - [2018] MISSING_CENTRAL: ZFake3Mu/Central/nZCand/eta in Skim_TriLep_DYJets10to50.root
2025-11-19 16:09:24,195 - INFO - [2018] MISSING_CENTRAL: ZFake3Mu/Central/nZCand/eta in Skim_TriLep_DYJets10to50.root
2025-11-19 16:21:06,056 - INFO - [2018] MISSING_CENTRAL: ZFake3Mu/Central/nZCand/eta in Skim_TriLep_DYJets10to50.root
2025-12-17 22:35:26,672 - INFO - [2018] MISSING_CENTRAL: ZFake3Mu/Central/nZCand/eta in Skim_TriLep_DYJets10to50.root
2025-12-18 14:19:02,958 - INFO - [2018] MISSING_CENTRAL: ZFake3Mu/Central/nZCand/eta in Skim_TriLep_DYJets10to50.root
2025-12-18 14:34:32,020 - INFO - [2018] MISSING_CENTRAL: ZFake3Mu/Central/nZCand/eta in Skim_TriLep_DYJets10to50.root
2026-01-07 11:44:40,373 - INFO - [2018] MISSING_CENTRAL: ZFake3Mu/Central/nZCand/eta in Skim_TriLep_DYJets10to50.root
2026-01-07 18:41:25,807 - INFO - [2018] MISSING_CENTRAL: ZFake3Mu/Central/nZCand/eta in Skim_TriLep_DYJets10to50.root
2026-01-09 12:15:10,973 - INFO - [2018] MISSING_CENTRAL: ZFake3Mu/Central/nZCand/eta in Skim_TriLep_DYJets10to50.root
2026-01-11 09:35:14,269 - INFO - [2018] MISSING_CENTRAL: ZFake3Mu/Central/nZCand/eta in Skim_TriLep_DYJets10to50.root
2026-01-12 13:43:50,783 - INFO - [2018] MISSING_FILE: /home/choij/Sync/workspace/ChargedHiggsAnalysisV3/SKNanoOutput/MatrixSelector/Run3Mu/2018/Skim_TriLep_DoubleMuon_A.root
2026-01-12 13:43:50,784 - INFO - [2018] MISSING_FILE: /home/choij/Sync/workspace/ChargedHiggsAnalysisV3/SKNanoOutput/MatrixSelector/Run3Mu/2018/Skim_TriLep_DoubleMuon_B.root
2026-01-12 13:43:50,784 - INFO - [2018] MISSING_FILE: /home/choij/Sync/workspace/ChargedHiggsAnalysisV3/SKNanoOutput/MatrixSelector/Run3Mu/2018/Skim_TriLep_DoubleMuon_C.root
2026-01-12 13:43:50,784 - INFO - [2018] MISSING_FILE: /home/choij/Sync/workspace/ChargedHiggsAnalysisV3/SKNanoOutput/MatrixSelector/Run3Mu/2018/Skim_TriLep_DoubleMuon_D.root
2026-01-12 13:43:50,812 - INFO - [2018] MISSING_CENTRAL: ZFake3Mu/Central/nZCand/eta in Skim_TriLep_DYJets10to50.root
