2025-09-24 15:48:25,815 - INFO - [2018] MISSING_CENTRAL: ZFake3Mu/Central/ZCand/eta in Skim_TriLep_DYJets10to50.root
2025-09-24 15:48:25,819 - INFO - [2018] MISSING_FILE: /Users/choij/Sync/workspace/ChargedHiggsAnalysisV3/SKNanoOutput/PromptSelector/Run3Mu_RunSyst/2018/Skim_TriLep_TTG.root
2025-09-24 15:48:25,834 - INFO - [2018] MISSING_FILE: /Users/choij/Sync/workspace/ChargedHiggsAnalysisV3/SKNanoOutput/PromptSelector/Run3Mu_RunSyst/2018/Skim_TriLep_TTHToNonbb.root
2025-09-24 15:48:25,853 - INFO - [2018] MISSING_FILE: /Users/choij/Sync/workspace/ChargedHiggsAnalysisV3/SKNanoOutput/PromptSelector/Run3Mu_RunSyst/2018/Skim_TriLep_tHq.root
2025-09-24 15:48:26,266 - INFO - [2018] MISSING_FILE: /Users/choij/Sync/workspace/ChargedHiggsAnalysisV3/SKNanoOutput/PromptSelector/Run3Mu_RunSyst/2018/Skim_TriLep_VBFHToZZTo4L.root
2025-10-02 21:13:18,889 - INFO - [2018] MISSING_CENTRAL: ZFake3Mu/Central/ZCand/eta in Skim_TriLep_DYJets10to50.root
2025-10-02 21:13:18,900 - INFO - [2018] MISSING_FILE: /data9/Users/choij/Sync/workspace/ChargedHiggsAnalysisV3/SKNanoOutput/PromptSelector/Run3Mu_RunSyst/2018/Skim_TriLep_TTG.root
2025-10-02 21:13:18,966 - INFO - [2018] MISSING_FILE: /data9/Users/choij/Sync/workspace/ChargedHiggsAnalysisV3/SKNanoOutput/PromptSelector/Run3Mu_RunSyst/2018/Skim_TriLep_TTHToNonbb.root
2025-10-02 21:13:19,005 - INFO - [2018] MISSING_FILE: /data9/Users/choij/Sync/workspace/ChargedHiggsAnalysisV3/SKNanoOutput/PromptSelector/Run3Mu_RunSyst/2018/Skim_TriLep_tHq.root
2025-10-02 21:13:19,063 - INFO - [2018] MISSING_FILE: /data9/Users/choij/Sync/workspace/ChargedHiggsAnalysisV3/SKNanoOutput/PromptSelector/Run3Mu_RunSyst/2018/Skim_TriLep_VBFHToZZTo4L.root
2025-10-03 00:01:11,367 - INFO - [2018] MISSING_CENTRAL: ZFake3Mu/Central/ZCand/eta in Skim_TriLep_DYJets10to50.root
2025-10-03 00:01:11,374 - INFO - [2018] MISSING_FILE: /Users/choij/Sync/workspace/ChargedHiggsAnalysisV3/SKNanoOutput/PromptSelector/Run3Mu_RunSyst/2018/Skim_TriLep_TTG.root
2025-10-03 00:01:11,560 - INFO - [2018] MISSING_FILE: /Users/choij/Sync/workspace/ChargedHiggsAnalysisV3/SKNanoOutput/PromptSelector/Run3Mu_RunSyst/2018/Skim_TriLep_TTHToNonbb.root
2025-10-03 00:01:11,586 - INFO - [2018] MISSING_FILE: /Users/choij/Sync/workspace/ChargedHiggsAnalysisV3/SKNanoOutput/PromptSelector/Run3Mu_RunSyst/2018/Skim_TriLep_tHq.root
2025-10-03 00:01:11,740 - INFO - [2018] MISSING_FILE: /Users/choij/Sync/workspace/ChargedHiggsAnalysisV3/SKNanoOutput/PromptSelector/Run3Mu_RunSyst/2018/Skim_TriLep_VBFHToZZTo4L.root
2025-11-05 22:03:10,409 - INFO - [2018] MISSING_CENTRAL: ZFake3Mu/Central/ZCand/eta in Skim_TriLep_DYJets10to50.root
2025-11-05 22:18:54,130 - INFO - [2018] MISSING_CENTRAL: ZFake3Mu/Central/ZCand/eta in Skim_TriLep_DYJets10to50.root
2025-11-05 23:23:27,631 - INFO - [2018] MISSING_CENTRAL: ZFake3Mu/Central/ZCand/eta in Skim_TriLep_DYJets10to50.root
2025-11-07 12:26:39,176 - INFO - [2018] MISSING_CENTRAL: ZFake3Mu/Central/ZCand/eta in Skim_TriLep_DYJets10to50.root
2025-11-07 13:07:10,773 - INFO - [2018] MISSING_CENTRAL: ZFake3Mu/Central/ZCand/eta in Skim_TriLep_DYJets10to50.root
2025-11-07 14:03:40,545 - INFO - [2018] MISSING_CENTRAL: ZFake3Mu/Central/ZCand/eta in Skim_TriLep_DYJets10to50.root
2025-11-10 05:54:24,250 - INFO - [2018] MISSING_CENTRAL: ZFake3Mu/Central/ZCand/eta in Skim_TriLep_DYJets10to50.root
2025-11-10 12:18:43,947 - INFO - [2018] MISSING_CENTRAL: ZFake3Mu/Central/ZCand/eta in Skim_TriLep_DYJets10to50.root
2025-11-13 11:08:00,827 - INFO - [2018] MISSING_CENTRAL: ZFake3Mu/Central/ZCand/eta in Skim_TriLep_DYJets10to50.root
