2025-09-24 16:01:32,973 - INFO - [2023] MISSING_CENTRAL: ZG1E2Mu/Central/METv/phi in Skim_TriLep_DYJets10to50.root
2025-09-24 16:01:33,035 - INFO - [2023] MISSING_CENTRAL: ZG1E2Mu/Central/METv/phi in Skim_TriLep_TTG_PTG10to100.root
2025-09-24 16:01:33,036 - INFO - [2023] MISSING_CENTRAL: ZG1E2Mu/Central/METv/phi in Skim_TriLep_TTG_PTG100to200.root
2025-09-24 16:01:33,036 - INFO - [2023] MISSING_CENTRAL: ZG1E2Mu/Central/METv/phi in Skim_TriLep_TTG_PTG200toInf.root
2025-09-24 16:01:33,103 - INFO - [2023] MISSING_CENTRAL: ZG1E2Mu/Central/METv/phi in Skim_TriLep_TTTT.root
2025-09-24 16:01:43,897 - INFO - [2023] MISSING_CENTRAL: ZG1E2Mu/Central/METv/phi in Skim_TriLep_DYJets10to50.root
2025-09-24 16:01:43,900 - INFO - [2023] MISSING_CENTRAL: ZG1E2Mu/Central/METv/phi in Skim_TriLep_TTG_PTG10to100.root
2025-09-24 16:01:43,900 - INFO - [2023] MISSING_CENTRAL: ZG1E2Mu/Central/METv/phi in Skim_TriLep_TTG_PTG100to200.root
2025-09-24 16:01:43,900 - INFO - [2023] MISSING_CENTRAL: ZG1E2Mu/Central/METv/phi in Skim_TriLep_TTG_PTG200toInf.root
2025-09-24 16:01:43,906 - INFO - [2023] MISSING_CENTRAL: ZG1E2Mu/Central/METv/phi in Skim_TriLep_TTTT.root
2025-10-02 21:20:16,243 - INFO - [2023] MISSING_CENTRAL: ZG1E2Mu/Central/METv/phi in Skim_TriLep_DYJets10to50.root
2025-10-02 21:20:16,612 - INFO - [2023] MISSING_CENTRAL: ZG1E2Mu/Central/METv/phi in Skim_TriLep_TTG_PTG10to100.root
2025-10-02 21:20:16,613 - INFO - [2023] MISSING_CENTRAL: ZG1E2Mu/Central/METv/phi in Skim_TriLep_TTG_PTG100to200.root
2025-10-02 21:20:16,613 - INFO - [2023] MISSING_CENTRAL: ZG1E2Mu/Central/METv/phi in Skim_TriLep_TTG_PTG200toInf.root
2025-10-02 21:20:17,797 - INFO - [2023] MISSING_CENTRAL: ZG1E2Mu/Central/METv/phi in Skim_TriLep_TTTT.root
2025-10-02 21:20:23,248 - INFO - [2023] MISSING_CENTRAL: ZG1E2Mu/Central/METv/phi in Skim_TriLep_DYJets10to50.root
2025-10-02 21:20:23,258 - INFO - [2023] MISSING_CENTRAL: ZG1E2Mu/Central/METv/phi in Skim_TriLep_TTG_PTG10to100.root
2025-10-02 21:20:23,259 - INFO - [2023] MISSING_CENTRAL: ZG1E2Mu/Central/METv/phi in Skim_TriLep_TTG_PTG100to200.root
2025-10-02 21:20:23,261 - INFO - [2023] MISSING_CENTRAL: ZG1E2Mu/Central/METv/phi in Skim_TriLep_TTG_PTG200toInf.root
2025-10-02 21:20:23,285 - INFO - [2023] MISSING_CENTRAL: ZG1E2Mu/Central/METv/phi in Skim_TriLep_TTTT.root
2025-10-03 00:30:14,318 - INFO - [2023] MISSING_CENTRAL: ZG1E2Mu/Central/METv/phi in Skim_TriLep_DYJets10to50.root
2025-10-03 00:30:14,420 - INFO - [2023] MISSING_CENTRAL: ZG1E2Mu/Central/METv/phi in Skim_TriLep_TTG_PTG10to100.root
2025-10-03 00:30:14,421 - INFO - [2023] MISSING_CENTRAL: ZG1E2Mu/Central/METv/phi in Skim_TriLep_TTG_PTG100to200.root
2025-10-03 00:30:14,422 - INFO - [2023] MISSING_CENTRAL: ZG1E2Mu/Central/METv/phi in Skim_TriLep_TTG_PTG200toInf.root
2025-10-03 00:30:14,563 - INFO - [2023] MISSING_CENTRAL: ZG1E2Mu/Central/METv/phi in Skim_TriLep_TTTT.root
2025-10-03 00:30:33,484 - INFO - [2023] MISSING_CENTRAL: ZG1E2Mu/Central/METv/phi in Skim_TriLep_DYJets10to50.root
2025-10-03 00:30:33,494 - INFO - [2023] MISSING_CENTRAL: ZG1E2Mu/Central/METv/phi in Skim_TriLep_TTG_PTG10to100.root
2025-10-03 00:30:33,495 - INFO - [2023] MISSING_CENTRAL: ZG1E2Mu/Central/METv/phi in Skim_TriLep_TTG_PTG100to200.root
2025-10-03 00:30:33,496 - INFO - [2023] MISSING_CENTRAL: ZG1E2Mu/Central/METv/phi in Skim_TriLep_TTG_PTG200toInf.root
2025-10-03 00:30:33,513 - INFO - [2023] MISSING_CENTRAL: ZG1E2Mu/Central/METv/phi in Skim_TriLep_TTTT.root
2025-11-07 13:11:46,093 - INFO - [2023] MISSING_CENTRAL: ZG1E2Mu/Central/METv/phi in Skim_TriLep_DYJets10to50.root
2025-11-07 13:11:46,120 - INFO - [2023] MISSING_CENTRAL: ZG1E2Mu/Central/METv/phi in Skim_TriLep_TTG_PTG10to100.root
2025-11-07 13:11:46,120 - INFO - [2023] MISSING_CENTRAL: ZG1E2Mu/Central/METv/phi in Skim_TriLep_TTG_PTG100to200.root
2025-11-07 13:11:46,120 - INFO - [2023] MISSING_CENTRAL: ZG1E2Mu/Central/METv/phi in Skim_TriLep_TTG_PTG200toInf.root
2025-11-07 13:11:46,158 - INFO - [2023] MISSING_CENTRAL: ZG1E2Mu/Central/METv/phi in Skim_TriLep_TTTT.root
2025-11-07 13:11:51,092 - INFO - [2023] MISSING_CENTRAL: ZG1E2Mu/Central/METv/phi in Skim_TriLep_DYJets10to50.root
2025-11-07 13:11:51,097 - INFO - [2023] MISSING_CENTRAL: ZG1E2Mu/Central/METv/phi in Skim_TriLep_TTG_PTG10to100.root
2025-11-07 13:11:51,097 - INFO - [2023] MISSING_CENTRAL: ZG1E2Mu/Central/METv/phi in Skim_TriLep_TTG_PTG100to200.root
2025-11-07 13:11:51,098 - INFO - [2023] MISSING_CENTRAL: ZG1E2Mu/Central/METv/phi in Skim_TriLep_TTG_PTG200toInf.root
2025-11-07 13:11:51,107 - INFO - [2023] MISSING_CENTRAL: ZG1E2Mu/Central/METv/phi in Skim_TriLep_TTTT.root
2025-11-07 14:09:22,030 - INFO - [2023] MISSING_CENTRAL: ZG1E2Mu/Central/METv/phi in Skim_TriLep_DYJets10to50.root
2025-11-07 14:09:22,057 - INFO - [2023] MISSING_CENTRAL: ZG1E2Mu/Central/METv/phi in Skim_TriLep_TTG_PTG10to100.root
2025-11-07 14:09:22,057 - INFO - [2023] MISSING_CENTRAL: ZG1E2Mu/Central/METv/phi in Skim_TriLep_TTG_PTG100to200.root
2025-11-07 14:09:22,058 - INFO - [2023] MISSING_CENTRAL: ZG1E2Mu/Central/METv/phi in Skim_TriLep_TTG_PTG200toInf.root
2025-11-07 14:09:22,096 - INFO - [2023] MISSING_CENTRAL: ZG1E2Mu/Central/METv/phi in Skim_TriLep_TTTT.root
2025-11-07 14:09:27,090 - INFO - [2023] MISSING_CENTRAL: ZG1E2Mu/Central/METv/phi in Skim_TriLep_DYJets10to50.root
2025-11-07 14:09:27,094 - INFO - [2023] MISSING_CENTRAL: ZG1E2Mu/Central/METv/phi in Skim_TriLep_TTG_PTG10to100.root
2025-11-07 14:09:27,094 - INFO - [2023] MISSING_CENTRAL: ZG1E2Mu/Central/METv/phi in Skim_TriLep_TTG_PTG100to200.root
2025-11-07 14:09:27,094 - INFO - [2023] MISSING_CENTRAL: ZG1E2Mu/Central/METv/phi in Skim_TriLep_TTG_PTG200toInf.root
2025-11-07 14:09:27,101 - INFO - [2023] MISSING_CENTRAL: ZG1E2Mu/Central/METv/phi in Skim_TriLep_TTTT.root
2025-11-10 12:25:14,868 - INFO - [2023] MISSING_CENTRAL: ZG1E2Mu/Central/METv/phi in Skim_TriLep_DYJets10to50.root
2025-11-10 12:25:14,896 - INFO - [2023] MISSING_CENTRAL: ZG1E2Mu/Central/METv/phi in Skim_TriLep_TTG_PTG10to100.root
2025-11-10 12:25:14,896 - INFO - [2023] MISSING_CENTRAL: ZG1E2Mu/Central/METv/phi in Skim_TriLep_TTG_PTG100to200.root
2025-11-10 12:25:14,896 - INFO - [2023] MISSING_CENTRAL: ZG1E2Mu/Central/METv/phi in Skim_TriLep_TTG_PTG200toInf.root
2025-11-10 12:25:14,934 - INFO - [2023] MISSING_CENTRAL: ZG1E2Mu/Central/METv/phi in Skim_TriLep_TTTT.root
2025-11-10 12:25:20,069 - INFO - [2023] MISSING_CENTRAL: ZG1E2Mu/Central/METv/phi in Skim_TriLep_DYJets10to50.root
2025-11-10 12:25:20,073 - INFO - [2023] MISSING_CENTRAL: ZG1E2Mu/Central/METv/phi in Skim_TriLep_TTG_PTG10to100.root
2025-11-10 12:25:20,073 - INFO - [2023] MISSING_CENTRAL: ZG1E2Mu/Central/METv/phi in Skim_TriLep_TTG_PTG100to200.root
2025-11-10 12:25:20,073 - INFO - [2023] MISSING_CENTRAL: ZG1E2Mu/Central/METv/phi in Skim_TriLep_TTG_PTG200toInf.root
2025-11-10 12:25:20,080 - INFO - [2023] MISSING_CENTRAL: ZG1E2Mu/Central/METv/phi in Skim_TriLep_TTTT.root
2025-11-13 11:15:16,649 - INFO - [2023] MISSING_CENTRAL: ZG1E2Mu/Central/METv/phi in Skim_TriLep_DYJets10to50.root
2025-11-13 11:15:17,110 - INFO - [2023] MISSING_CENTRAL: ZG1E2Mu/Central/METv/phi in Skim_TriLep_TTG_PTG10to100.root
2025-11-13 11:15:17,125 - INFO - [2023] MISSING_CENTRAL: ZG1E2Mu/Central/METv/phi in Skim_TriLep_TTG_PTG100to200.root
2025-11-13 11:15:17,154 - INFO - [2023] MISSING_CENTRAL: ZG1E2Mu/Central/METv/phi in Skim_TriLep_TTG_PTG200toInf.root
2025-11-13 11:15:19,387 - INFO - [2023] MISSING_CENTRAL: ZG1E2Mu/Central/METv/phi in Skim_TriLep_TTTT.root
2025-11-13 11:15:23,165 - INFO - [2023] MISSING_CENTRAL: ZG1E2Mu/Central/METv/phi in Skim_TriLep_DYJets10to50.root
2025-11-13 11:15:23,174 - INFO - [2023] MISSING_CENTRAL: ZG1E2Mu/Central/METv/phi in Skim_TriLep_TTG_PTG10to100.root
2025-11-13 11:15:23,175 - INFO - [2023] MISSING_CENTRAL: ZG1E2Mu/Central/METv/phi in Skim_TriLep_TTG_PTG100to200.root
2025-11-13 11:15:23,176 - INFO - [2023] MISSING_CENTRAL: ZG1E2Mu/Central/METv/phi in Skim_TriLep_TTG_PTG200toInf.root
2025-11-13 11:15:23,193 - INFO - [2023] MISSING_CENTRAL: ZG1E2Mu/Central/METv/phi in Skim_TriLep_TTTT.root
2025-11-19 00:19:09,082 - INFO - [2023] MISSING_CENTRAL: ZG1E2Mu/Central/METv/phi in Skim_TriLep_DYJets10to50.root
2025-11-19 00:19:09,133 - INFO - [2023] MISSING_CENTRAL: ZG1E2Mu/Central/METv/phi in Skim_TriLep_TTG_PTG10to100.root
2025-11-19 00:19:09,134 - INFO - [2023] MISSING_CENTRAL: ZG1E2Mu/Central/METv/phi in Skim_TriLep_TTG_PTG100to200.root
2025-11-19 00:19:09,134 - INFO - [2023] MISSING_CENTRAL: ZG1E2Mu/Central/METv/phi in Skim_TriLep_TTG_PTG200toInf.root
2025-11-19 00:19:09,155 - INFO - [2023] MISSING_FILE: /data9/Users/choij/Sync/workspace/ChargedHiggsAnalysisV3/SKNanoOutput/CRPromptSelector/Run1E2Mu_RunSyst/2023/Skim_TriLep_WZTo3LNu_powheg.root
2025-11-19 00:19:09,192 - INFO - [2023] MISSING_CENTRAL: ZG1E2Mu/Central/METv/phi in Skim_TriLep_TTTT.root
2025-11-19 00:19:13,837 - INFO - [2023] MISSING_CENTRAL: ZG1E2Mu/Central/METv/phi in Skim_TriLep_DYJets10to50.root
2025-11-19 00:19:13,847 - INFO - [2023] MISSING_CENTRAL: ZG1E2Mu/Central/METv/phi in Skim_TriLep_TTG_PTG10to100.root
2025-11-19 00:19:13,848 - INFO - [2023] MISSING_CENTRAL: ZG1E2Mu/Central/METv/phi in Skim_TriLep_TTG_PTG100to200.root
2025-11-19 00:19:13,849 - INFO - [2023] MISSING_CENTRAL: ZG1E2Mu/Central/METv/phi in Skim_TriLep_TTG_PTG200toInf.root
2025-11-19 00:19:13,853 - INFO - [2023] MISSING_FILE: /data9/Users/choij/Sync/workspace/ChargedHiggsAnalysisV3/SKNanoOutput/CRPromptSelector/Run1E2Mu_RunSyst/2023/Skim_TriLep_WZTo3LNu_powheg.root
2025-11-19 00:19:13,866 - INFO - [2023] MISSING_CENTRAL: ZG1E2Mu/Central/METv/phi in Skim_TriLep_TTTT.root
2025-11-19 15:44:24,722 - INFO - [2023] MISSING_CENTRAL: ZG1E2Mu/Central/METv/phi in Skim_TriLep_DYJets10to50.root
2025-11-19 15:44:24,750 - INFO - [2023] MISSING_CENTRAL: ZG1E2Mu/Central/METv/phi in Skim_TriLep_TTG_PTG10to100.root
2025-11-19 15:44:24,750 - INFO - [2023] MISSING_CENTRAL: ZG1E2Mu/Central/METv/phi in Skim_TriLep_TTG_PTG100to200.root
2025-11-19 15:44:24,750 - INFO - [2023] MISSING_CENTRAL: ZG1E2Mu/Central/METv/phi in Skim_TriLep_TTG_PTG200toInf.root
2025-11-19 15:44:24,795 - INFO - [2023] MISSING_CENTRAL: ZG1E2Mu/Central/METv/phi in Skim_TriLep_TTTT.root
2025-11-19 15:44:29,836 - INFO - [2023] MISSING_CENTRAL: ZG1E2Mu/Central/METv/phi in Skim_TriLep_DYJets10to50.root
2025-11-19 15:44:29,839 - INFO - [2023] MISSING_CENTRAL: ZG1E2Mu/Central/METv/phi in Skim_TriLep_TTG_PTG10to100.root
2025-11-19 15:44:29,839 - INFO - [2023] MISSING_CENTRAL: ZG1E2Mu/Central/METv/phi in Skim_TriLep_TTG_PTG100to200.root
2025-11-19 15:44:29,839 - INFO - [2023] MISSING_CENTRAL: ZG1E2Mu/Central/METv/phi in Skim_TriLep_TTG_PTG200toInf.root
2025-11-19 15:44:29,846 - INFO - [2023] MISSING_CENTRAL: ZG1E2Mu/Central/METv/phi in Skim_TriLep_TTTT.root
2025-11-19 16:27:42,497 - INFO - [2023] MISSING_CENTRAL: ZG1E2Mu/Central/METv/phi in Skim_TriLep_DYJets10to50.root
2025-11-19 16:27:42,524 - INFO - [2023] MISSING_CENTRAL: ZG1E2Mu/Central/METv/phi in Skim_TriLep_TTG_PTG10to100.root
2025-11-19 16:27:42,524 - INFO - [2023] MISSING_CENTRAL: ZG1E2Mu/Central/METv/phi in Skim_TriLep_TTG_PTG100to200.root
2025-11-19 16:27:42,524 - INFO - [2023] MISSING_CENTRAL: ZG1E2Mu/Central/METv/phi in Skim_TriLep_TTG_PTG200toInf.root
2025-11-19 16:27:42,562 - INFO - [2023] MISSING_CENTRAL: ZG1E2Mu/Central/METv/phi in Skim_TriLep_TTTT.root
2025-11-19 16:27:47,621 - INFO - [2023] MISSING_CENTRAL: ZG1E2Mu/Central/METv/phi in Skim_TriLep_DYJets10to50.root
2025-11-19 16:27:47,625 - INFO - [2023] MISSING_CENTRAL: ZG1E2Mu/Central/METv/phi in Skim_TriLep_TTG_PTG10to100.root
2025-11-19 16:27:47,625 - INFO - [2023] MISSING_CENTRAL: ZG1E2Mu/Central/METv/phi in Skim_TriLep_TTG_PTG100to200.root
2025-11-19 16:27:47,625 - INFO - [2023] MISSING_CENTRAL: ZG1E2Mu/Central/METv/phi in Skim_TriLep_TTG_PTG200toInf.root
2025-11-19 16:27:47,632 - INFO - [2023] MISSING_CENTRAL: ZG1E2Mu/Central/METv/phi in Skim_TriLep_TTTT.root
