2025-09-24 16:01:34,115 - INFO - [2023] MISSING_CENTRAL: ZG1E2Mu/Central/ZCand/eta in Skim_TriLep_DYJets10to50.root
2025-09-24 16:01:34,245 - INFO - [2023] MISSING_CENTRAL: ZG1E2Mu/Central/ZCand/eta in Skim_TriLep_TTG_PTG10to100.root
2025-09-24 16:01:34,251 - INFO - [2023] MISSING_CENTRAL: ZG1E2Mu/Central/ZCand/eta in Skim_TriLep_TTG_PTG100to200.root
2025-09-24 16:01:34,252 - INFO - [2023] MISSING_CENTRAL: ZG1E2Mu/Central/ZCand/eta in Skim_TriLep_TTG_PTG200toInf.root
2025-09-24 16:01:34,336 - INFO - [2023] MISSING_CENTRAL: ZG1E2Mu/Central/ZCand/eta in Skim_TriLep_TTTT.root
2025-09-24 16:01:45,439 - INFO - [2023] MISSING_CENTRAL: ZG1E2Mu/Central/ZCand/eta in Skim_TriLep_DYJets10to50.root
2025-09-24 16:01:45,442 - INFO - [2023] MISSING_CENTRAL: ZG1E2Mu/Central/ZCand/eta in Skim_TriLep_TTG_PTG10to100.root
2025-09-24 16:01:45,444 - INFO - [2023] MISSING_CENTRAL: ZG1E2Mu/Central/ZCand/eta in Skim_TriLep_TTG_PTG100to200.root
2025-09-24 16:01:45,444 - INFO - [2023] MISSING_CENTRAL: ZG1E2Mu/Central/ZCand/eta in Skim_TriLep_TTG_PTG200toInf.root
2025-09-24 16:01:45,450 - INFO - [2023] MISSING_CENTRAL: ZG1E2Mu/Central/ZCand/eta in Skim_TriLep_TTTT.root
2025-10-02 21:20:16,407 - INFO - [2023] MISSING_CENTRAL: ZG1E2Mu/Central/ZCand/eta in Skim_TriLep_DYJets10to50.root
2025-10-02 21:20:16,615 - INFO - [2023] MISSING_CENTRAL: ZG1E2Mu/Central/ZCand/eta in Skim_TriLep_TTG_PTG10to100.root
2025-10-02 21:20:16,616 - INFO - [2023] MISSING_CENTRAL: ZG1E2Mu/Central/ZCand/eta in Skim_TriLep_TTG_PTG100to200.root
2025-10-02 21:20:16,617 - INFO - [2023] MISSING_CENTRAL: ZG1E2Mu/Central/ZCand/eta in Skim_TriLep_TTG_PTG200toInf.root
2025-10-02 21:20:17,797 - INFO - [2023] MISSING_CENTRAL: ZG1E2Mu/Central/ZCand/eta in Skim_TriLep_TTTT.root
2025-10-02 21:20:23,423 - INFO - [2023] MISSING_CENTRAL: ZG1E2Mu/Central/ZCand/eta in Skim_TriLep_DYJets10to50.root
2025-10-02 21:20:23,434 - INFO - [2023] MISSING_CENTRAL: ZG1E2Mu/Central/ZCand/eta in Skim_TriLep_TTG_PTG10to100.root
2025-10-02 21:20:23,435 - INFO - [2023] MISSING_CENTRAL: ZG1E2Mu/Central/ZCand/eta in Skim_TriLep_TTG_PTG100to200.root
2025-10-02 21:20:23,436 - INFO - [2023] MISSING_CENTRAL: ZG1E2Mu/Central/ZCand/eta in Skim_TriLep_TTG_PTG200toInf.root
2025-10-02 21:20:23,456 - INFO - [2023] MISSING_CENTRAL: ZG1E2Mu/Central/ZCand/eta in Skim_TriLep_TTTT.root
2025-10-03 00:30:16,831 - INFO - [2023] MISSING_CENTRAL: ZG1E2Mu/Central/ZCand/eta in Skim_TriLep_DYJets10to50.root
2025-10-03 00:30:17,053 - INFO - [2023] MISSING_CENTRAL: ZG1E2Mu/Central/ZCand/eta in Skim_TriLep_TTG_PTG10to100.root
2025-10-03 00:30:17,065 - INFO - [2023] MISSING_CENTRAL: ZG1E2Mu/Central/ZCand/eta in Skim_TriLep_TTG_PTG100to200.root
2025-10-03 00:30:17,066 - INFO - [2023] MISSING_CENTRAL: ZG1E2Mu/Central/ZCand/eta in Skim_TriLep_TTG_PTG200toInf.root
2025-10-03 00:30:17,269 - INFO - [2023] MISSING_CENTRAL: ZG1E2Mu/Central/ZCand/eta in Skim_TriLep_TTTT.root
2025-10-03 00:30:36,922 - INFO - [2023] MISSING_CENTRAL: ZG1E2Mu/Central/ZCand/eta in Skim_TriLep_DYJets10to50.root
2025-10-03 00:30:36,930 - INFO - [2023] MISSING_CENTRAL: ZG1E2Mu/Central/ZCand/eta in Skim_TriLep_TTG_PTG10to100.root
2025-10-03 00:30:36,930 - INFO - [2023] MISSING_CENTRAL: ZG1E2Mu/Central/ZCand/eta in Skim_TriLep_TTG_PTG100to200.root
2025-10-03 00:30:36,931 - INFO - [2023] MISSING_CENTRAL: ZG1E2Mu/Central/ZCand/eta in Skim_TriLep_TTG_PTG200toInf.root
2025-10-03 00:30:36,948 - INFO - [2023] MISSING_CENTRAL: ZG1E2Mu/Central/ZCand/eta in Skim_TriLep_TTTT.root
2025-11-07 13:11:45,955 - INFO - [2023] MISSING_CENTRAL: ZG1E2Mu/Central/ZCand/eta in Skim_TriLep_DYJets10to50.root
2025-11-07 13:11:46,002 - INFO - [2023] MISSING_CENTRAL: ZG1E2Mu/Central/ZCand/eta in Skim_TriLep_TTG_PTG10to100.root
2025-11-07 13:11:46,003 - INFO - [2023] MISSING_CENTRAL: ZG1E2Mu/Central/ZCand/eta in Skim_TriLep_TTG_PTG100to200.root
2025-11-07 13:11:46,003 - INFO - [2023] MISSING_CENTRAL: ZG1E2Mu/Central/ZCand/eta in Skim_TriLep_TTG_PTG200toInf.root
2025-11-07 13:11:46,049 - INFO - [2023] MISSING_CENTRAL: ZG1E2Mu/Central/ZCand/eta in Skim_TriLep_TTTT.root
2025-11-07 13:11:51,285 - INFO - [2023] MISSING_CENTRAL: ZG1E2Mu/Central/ZCand/eta in Skim_TriLep_DYJets10to50.root
2025-11-07 13:11:51,288 - INFO - [2023] MISSING_CENTRAL: ZG1E2Mu/Central/ZCand/eta in Skim_TriLep_TTG_PTG10to100.root
2025-11-07 13:11:51,288 - INFO - [2023] MISSING_CENTRAL: ZG1E2Mu/Central/ZCand/eta in Skim_TriLep_TTG_PTG100to200.root
2025-11-07 13:11:51,289 - INFO - [2023] MISSING_CENTRAL: ZG1E2Mu/Central/ZCand/eta in Skim_TriLep_TTG_PTG200toInf.root
2025-11-07 13:11:51,296 - INFO - [2023] MISSING_CENTRAL: ZG1E2Mu/Central/ZCand/eta in Skim_TriLep_TTTT.root
2025-11-07 14:09:22,168 - INFO - [2023] MISSING_CENTRAL: ZG1E2Mu/Central/ZCand/eta in Skim_TriLep_DYJets10to50.root
2025-11-07 14:09:22,199 - INFO - [2023] MISSING_CENTRAL: ZG1E2Mu/Central/ZCand/eta in Skim_TriLep_TTG_PTG10to100.root
2025-11-07 14:09:22,200 - INFO - [2023] MISSING_CENTRAL: ZG1E2Mu/Central/ZCand/eta in Skim_TriLep_TTG_PTG100to200.root
2025-11-07 14:09:22,200 - INFO - [2023] MISSING_CENTRAL: ZG1E2Mu/Central/ZCand/eta in Skim_TriLep_TTG_PTG200toInf.root
2025-11-07 14:09:22,245 - INFO - [2023] MISSING_CENTRAL: ZG1E2Mu/Central/ZCand/eta in Skim_TriLep_TTTT.root
2025-11-07 14:09:27,111 - INFO - [2023] MISSING_CENTRAL: ZG1E2Mu/Central/ZCand/eta in Skim_TriLep_DYJets10to50.root
2025-11-07 14:09:27,114 - INFO - [2023] MISSING_CENTRAL: ZG1E2Mu/Central/ZCand/eta in Skim_TriLep_TTG_PTG10to100.root
2025-11-07 14:09:27,115 - INFO - [2023] MISSING_CENTRAL: ZG1E2Mu/Central/ZCand/eta in Skim_TriLep_TTG_PTG100to200.root
2025-11-07 14:09:27,115 - INFO - [2023] MISSING_CENTRAL: ZG1E2Mu/Central/ZCand/eta in Skim_TriLep_TTG_PTG200toInf.root
2025-11-07 14:09:27,122 - INFO - [2023] MISSING_CENTRAL: ZG1E2Mu/Central/ZCand/eta in Skim_TriLep_TTTT.root
2025-11-10 12:25:14,925 - INFO - [2023] MISSING_CENTRAL: ZG1E2Mu/Central/ZCand/eta in Skim_TriLep_DYJets10to50.root
2025-11-10 12:25:14,956 - INFO - [2023] MISSING_CENTRAL: ZG1E2Mu/Central/ZCand/eta in Skim_TriLep_TTG_PTG10to100.root
2025-11-10 12:25:14,956 - INFO - [2023] MISSING_CENTRAL: ZG1E2Mu/Central/ZCand/eta in Skim_TriLep_TTG_PTG100to200.root
2025-11-10 12:25:14,956 - INFO - [2023] MISSING_CENTRAL: ZG1E2Mu/Central/ZCand/eta in Skim_TriLep_TTG_PTG200toInf.root
2025-11-10 12:25:15,000 - INFO - [2023] MISSING_CENTRAL: ZG1E2Mu/Central/ZCand/eta in Skim_TriLep_TTTT.root
2025-11-10 12:25:20,138 - INFO - [2023] MISSING_CENTRAL: ZG1E2Mu/Central/ZCand/eta in Skim_TriLep_DYJets10to50.root
2025-11-10 12:25:20,141 - INFO - [2023] MISSING_CENTRAL: ZG1E2Mu/Central/ZCand/eta in Skim_TriLep_TTG_PTG10to100.root
2025-11-10 12:25:20,141 - INFO - [2023] MISSING_CENTRAL: ZG1E2Mu/Central/ZCand/eta in Skim_TriLep_TTG_PTG100to200.root
2025-11-10 12:25:20,141 - INFO - [2023] MISSING_CENTRAL: ZG1E2Mu/Central/ZCand/eta in Skim_TriLep_TTG_PTG200toInf.root
2025-11-10 12:25:20,148 - INFO - [2023] MISSING_CENTRAL: ZG1E2Mu/Central/ZCand/eta in Skim_TriLep_TTTT.root
2025-11-13 11:15:16,703 - INFO - [2023] MISSING_CENTRAL: ZG1E2Mu/Central/ZCand/eta in Skim_TriLep_DYJets10to50.root
2025-11-13 11:15:17,109 - INFO - [2023] MISSING_CENTRAL: ZG1E2Mu/Central/ZCand/eta in Skim_TriLep_TTG_PTG10to100.root
2025-11-13 11:15:17,125 - INFO - [2023] MISSING_CENTRAL: ZG1E2Mu/Central/ZCand/eta in Skim_TriLep_TTG_PTG100to200.root
2025-11-13 11:15:17,154 - INFO - [2023] MISSING_CENTRAL: ZG1E2Mu/Central/ZCand/eta in Skim_TriLep_TTG_PTG200toInf.root
2025-11-13 11:15:19,387 - INFO - [2023] MISSING_CENTRAL: ZG1E2Mu/Central/ZCand/eta in Skim_TriLep_TTTT.root
2025-11-13 11:15:24,569 - INFO - [2023] MISSING_CENTRAL: ZG1E2Mu/Central/ZCand/eta in Skim_TriLep_DYJets10to50.root
2025-11-13 11:15:24,582 - INFO - [2023] MISSING_CENTRAL: ZG1E2Mu/Central/ZCand/eta in Skim_TriLep_TTG_PTG10to100.root
2025-11-13 11:15:24,583 - INFO - [2023] MISSING_CENTRAL: ZG1E2Mu/Central/ZCand/eta in Skim_TriLep_TTG_PTG100to200.root
2025-11-13 11:15:24,584 - INFO - [2023] MISSING_CENTRAL: ZG1E2Mu/Central/ZCand/eta in Skim_TriLep_TTG_PTG200toInf.root
2025-11-13 11:15:24,603 - INFO - [2023] MISSING_CENTRAL: ZG1E2Mu/Central/ZCand/eta in Skim_TriLep_TTTT.root
2025-11-19 00:19:07,784 - INFO - [2023] MISSING_CENTRAL: ZG1E2Mu/Central/ZCand/eta in Skim_TriLep_DYJets10to50.root
2025-11-19 00:19:07,944 - INFO - [2023] MISSING_CENTRAL: ZG1E2Mu/Central/ZCand/eta in Skim_TriLep_TTG_PTG10to100.root
2025-11-19 00:19:07,945 - INFO - [2023] MISSING_CENTRAL: ZG1E2Mu/Central/ZCand/eta in Skim_TriLep_TTG_PTG100to200.root
2025-11-19 00:19:07,946 - INFO - [2023] MISSING_CENTRAL: ZG1E2Mu/Central/ZCand/eta in Skim_TriLep_TTG_PTG200toInf.root
2025-11-19 00:19:08,012 - INFO - [2023] MISSING_FILE: /data9/Users/choij/Sync/workspace/ChargedHiggsAnalysisV3/SKNanoOutput/CRPromptSelector/Run1E2Mu_RunSyst/2023/Skim_TriLep_WZTo3LNu_powheg.root
2025-11-19 00:19:08,184 - INFO - [2023] MISSING_CENTRAL: ZG1E2Mu/Central/ZCand/eta in Skim_TriLep_TTTT.root
2025-11-19 00:19:13,837 - INFO - [2023] MISSING_CENTRAL: ZG1E2Mu/Central/ZCand/eta in Skim_TriLep_DYJets10to50.root
2025-11-19 00:19:13,843 - INFO - [2023] MISSING_CENTRAL: ZG1E2Mu/Central/ZCand/eta in Skim_TriLep_TTG_PTG10to100.root
2025-11-19 00:19:13,844 - INFO - [2023] MISSING_CENTRAL: ZG1E2Mu/Central/ZCand/eta in Skim_TriLep_TTG_PTG100to200.root
2025-11-19 00:19:13,845 - INFO - [2023] MISSING_CENTRAL: ZG1E2Mu/Central/ZCand/eta in Skim_TriLep_TTG_PTG200toInf.root
2025-11-19 00:19:13,847 - INFO - [2023] MISSING_FILE: /data9/Users/choij/Sync/workspace/ChargedHiggsAnalysisV3/SKNanoOutput/CRPromptSelector/Run1E2Mu_RunSyst/2023/Skim_TriLep_WZTo3LNu_powheg.root
2025-11-19 00:19:13,856 - INFO - [2023] MISSING_CENTRAL: ZG1E2Mu/Central/ZCand/eta in Skim_TriLep_TTTT.root
2025-11-19 15:44:24,746 - INFO - [2023] MISSING_CENTRAL: ZG1E2Mu/Central/ZCand/eta in Skim_TriLep_DYJets10to50.root
2025-11-19 15:44:24,776 - INFO - [2023] MISSING_CENTRAL: ZG1E2Mu/Central/ZCand/eta in Skim_TriLep_TTG_PTG10to100.root
2025-11-19 15:44:24,776 - INFO - [2023] MISSING_CENTRAL: ZG1E2Mu/Central/ZCand/eta in Skim_TriLep_TTG_PTG100to200.root
2025-11-19 15:44:24,777 - INFO - [2023] MISSING_CENTRAL: ZG1E2Mu/Central/ZCand/eta in Skim_TriLep_TTG_PTG200toInf.root
2025-11-19 15:44:24,819 - INFO - [2023] MISSING_CENTRAL: ZG1E2Mu/Central/ZCand/eta in Skim_TriLep_TTTT.root
2025-11-19 15:44:29,836 - INFO - [2023] MISSING_CENTRAL: ZG1E2Mu/Central/ZCand/eta in Skim_TriLep_DYJets10to50.root
2025-11-19 15:44:29,839 - INFO - [2023] MISSING_CENTRAL: ZG1E2Mu/Central/ZCand/eta in Skim_TriLep_TTG_PTG10to100.root
2025-11-19 15:44:29,839 - INFO - [2023] MISSING_CENTRAL: ZG1E2Mu/Central/ZCand/eta in Skim_TriLep_TTG_PTG100to200.root
2025-11-19 15:44:29,839 - INFO - [2023] MISSING_CENTRAL: ZG1E2Mu/Central/ZCand/eta in Skim_TriLep_TTG_PTG200toInf.root
2025-11-19 15:44:29,846 - INFO - [2023] MISSING_CENTRAL: ZG1E2Mu/Central/ZCand/eta in Skim_TriLep_TTTT.root
2025-11-19 16:27:42,497 - INFO - [2023] MISSING_CENTRAL: ZG1E2Mu/Central/ZCand/eta in Skim_TriLep_DYJets10to50.root
2025-11-19 16:27:42,527 - INFO - [2023] MISSING_CENTRAL: ZG1E2Mu/Central/ZCand/eta in Skim_TriLep_TTG_PTG10to100.root
2025-11-19 16:27:42,528 - INFO - [2023] MISSING_CENTRAL: ZG1E2Mu/Central/ZCand/eta in Skim_TriLep_TTG_PTG100to200.root
2025-11-19 16:27:42,528 - INFO - [2023] MISSING_CENTRAL: ZG1E2Mu/Central/ZCand/eta in Skim_TriLep_TTG_PTG200toInf.root
2025-11-19 16:27:42,571 - INFO - [2023] MISSING_CENTRAL: ZG1E2Mu/Central/ZCand/eta in Skim_TriLep_TTTT.root
2025-11-19 16:27:47,658 - INFO - [2023] MISSING_CENTRAL: ZG1E2Mu/Central/ZCand/eta in Skim_TriLep_DYJets10to50.root
2025-11-19 16:27:47,661 - INFO - [2023] MISSING_CENTRAL: ZG1E2Mu/Central/ZCand/eta in Skim_TriLep_TTG_PTG10to100.root
2025-11-19 16:27:47,661 - INFO - [2023] MISSING_CENTRAL: ZG1E2Mu/Central/ZCand/eta in Skim_TriLep_TTG_PTG100to200.root
2025-11-19 16:27:47,662 - INFO - [2023] MISSING_CENTRAL: ZG1E2Mu/Central/ZCand/eta in Skim_TriLep_TTG_PTG200toInf.root
2025-11-19 16:27:47,668 - INFO - [2023] MISSING_CENTRAL: ZG1E2Mu/Central/ZCand/eta in Skim_TriLep_TTTT.root
2025-12-17 12:27:38,697 - INFO - [2023] MISSING_CENTRAL: ZG1E2Mu/Central/ZCand/eta in Skim_TriLep_DYJets10to50.root
2025-12-17 12:27:38,699 - INFO - [2023] MISSING_CENTRAL: ZG1E2Mu/Central/ZCand/eta in Skim_TriLep_TTG_PTG10to100.root
2025-12-17 12:27:38,721 - INFO - [2023] MISSING_CENTRAL: ZG1E2Mu/Central/ZCand/eta in Skim_TriLep_TTG_PTG100to200.root
2025-12-17 12:27:38,722 - INFO - [2023] MISSING_CENTRAL: ZG1E2Mu/Central/ZCand/eta in Skim_TriLep_TTG_PTG200toInf.root
2025-12-17 12:27:38,844 - INFO - [2023] MISSING_CENTRAL: ZG1E2Mu/Central/ZCand/eta in Skim_TriLep_TTTT.root
2025-12-17 12:27:43,684 - INFO - [2023] MISSING_CENTRAL: ZG1E2Mu/Central/ZCand/eta in Skim_TriLep_DYJets10to50.root
2025-12-17 12:27:43,687 - INFO - [2023] MISSING_CENTRAL: ZG1E2Mu/Central/ZCand/eta in Skim_TriLep_TTG_PTG10to100.root
2025-12-17 12:27:43,690 - INFO - [2023] MISSING_CENTRAL: ZG1E2Mu/Central/ZCand/eta in Skim_TriLep_TTG_PTG100to200.root
2025-12-17 12:27:43,693 - INFO - [2023] MISSING_CENTRAL: ZG1E2Mu/Central/ZCand/eta in Skim_TriLep_TTG_PTG200toInf.root
2025-12-17 12:27:43,736 - INFO - [2023] MISSING_CENTRAL: ZG1E2Mu/Central/ZCand/eta in Skim_TriLep_TTTT.root
2025-12-17 16:09:15,908 - INFO - [2023] MISSING_CENTRAL: ZG1E2Mu/Central/ZCand/eta in Skim_TriLep_DYJets10to50.root
2025-12-17 16:09:15,909 - INFO - [2023] MISSING_CENTRAL: ZG1E2Mu/Central/ZCand/eta in Skim_TriLep_TTG_PTG10to100.root
2025-12-17 16:09:15,910 - INFO - [2023] MISSING_CENTRAL: ZG1E2Mu/Central/ZCand/eta in Skim_TriLep_TTG_PTG100to200.root
2025-12-17 16:09:15,910 - INFO - [2023] MISSING_CENTRAL: ZG1E2Mu/Central/ZCand/eta in Skim_TriLep_TTG_PTG200toInf.root
2025-12-17 16:09:16,019 - INFO - [2023] MISSING_CENTRAL: ZG1E2Mu/Central/ZCand/eta in Skim_TriLep_TTTT.root
2025-12-17 16:09:21,055 - INFO - [2023] MISSING_CENTRAL: ZG1E2Mu/Central/ZCand/eta in Skim_TriLep_DYJets10to50.root
2025-12-17 16:09:21,055 - INFO - [2023] MISSING_CENTRAL: ZG1E2Mu/Central/ZCand/eta in Skim_TriLep_TTG_PTG10to100.root
2025-12-17 16:09:21,056 - INFO - [2023] MISSING_CENTRAL: ZG1E2Mu/Central/ZCand/eta in Skim_TriLep_TTG_PTG100to200.root
2025-12-17 16:09:21,056 - INFO - [2023] MISSING_CENTRAL: ZG1E2Mu/Central/ZCand/eta in Skim_TriLep_TTG_PTG200toInf.root
2025-12-17 16:09:21,068 - INFO - [2023] MISSING_CENTRAL: ZG1E2Mu/Central/ZCand/eta in Skim_TriLep_TTTT.root
2025-12-17 22:42:32,590 - INFO - [2023] MISSING_CENTRAL: ZG1E2Mu/Central/ZCand/eta in Skim_TriLep_DYJets10to50.root
2025-12-17 22:42:32,591 - INFO - [2023] MISSING_CENTRAL: ZG1E2Mu/Central/ZCand/eta in Skim_TriLep_TTG_PTG10to100.root
2025-12-17 22:42:32,592 - INFO - [2023] MISSING_CENTRAL: ZG1E2Mu/Central/ZCand/eta in Skim_TriLep_TTG_PTG100to200.root
2025-12-17 22:42:32,593 - INFO - [2023] MISSING_CENTRAL: ZG1E2Mu/Central/ZCand/eta in Skim_TriLep_TTG_PTG200toInf.root
2025-12-17 22:42:32,682 - INFO - [2023] MISSING_CENTRAL: ZG1E2Mu/Central/ZCand/eta in Skim_TriLep_TTTT.root
2025-12-17 22:42:36,268 - INFO - [2023] MISSING_CENTRAL: ZG1E2Mu/Central/ZCand/eta in Skim_TriLep_DYJets10to50.root
2025-12-17 22:42:36,269 - INFO - [2023] MISSING_CENTRAL: ZG1E2Mu/Central/ZCand/eta in Skim_TriLep_TTG_PTG10to100.root
2025-12-17 22:42:36,270 - INFO - [2023] MISSING_CENTRAL: ZG1E2Mu/Central/ZCand/eta in Skim_TriLep_TTG_PTG100to200.root
2025-12-17 22:42:36,271 - INFO - [2023] MISSING_CENTRAL: ZG1E2Mu/Central/ZCand/eta in Skim_TriLep_TTG_PTG200toInf.root
2025-12-17 22:42:36,301 - INFO - [2023] MISSING_CENTRAL: ZG1E2Mu/Central/ZCand/eta in Skim_TriLep_TTTT.root
2025-12-18 14:28:05,041 - INFO - [2023] MISSING_CENTRAL: ZG1E2Mu/Central/ZCand/eta in Skim_TriLep_DYJets10to50.root
2025-12-18 14:28:05,042 - INFO - [2023] MISSING_CENTRAL: ZG1E2Mu/Central/ZCand/eta in Skim_TriLep_TTG_PTG10to100.root
2025-12-18 14:28:05,042 - INFO - [2023] MISSING_CENTRAL: ZG1E2Mu/Central/ZCand/eta in Skim_TriLep_TTG_PTG100to200.root
2025-12-18 14:28:05,043 - INFO - [2023] MISSING_CENTRAL: ZG1E2Mu/Central/ZCand/eta in Skim_TriLep_TTG_PTG200toInf.root
2025-12-18 14:28:05,127 - INFO - [2023] MISSING_CENTRAL: ZG1E2Mu/Central/ZCand/eta in Skim_TriLep_TTTT.root
2025-12-18 14:28:10,406 - INFO - [2023] MISSING_CENTRAL: ZG1E2Mu/Central/ZCand/eta in Skim_TriLep_DYJets10to50.root
2025-12-18 14:28:10,407 - INFO - [2023] MISSING_CENTRAL: ZG1E2Mu/Central/ZCand/eta in Skim_TriLep_TTG_PTG10to100.root
2025-12-18 14:28:10,408 - INFO - [2023] MISSING_CENTRAL: ZG1E2Mu/Central/ZCand/eta in Skim_TriLep_TTG_PTG100to200.root
2025-12-18 14:28:10,409 - INFO - [2023] MISSING_CENTRAL: ZG1E2Mu/Central/ZCand/eta in Skim_TriLep_TTG_PTG200toInf.root
2025-12-18 14:28:10,429 - INFO - [2023] MISSING_CENTRAL: ZG1E2Mu/Central/ZCand/eta in Skim_TriLep_TTTT.root
2025-12-18 14:43:22,874 - INFO - [2023] MISSING_CENTRAL: ZG1E2Mu/Central/ZCand/eta in Skim_TriLep_DYJets10to50.root
2025-12-18 14:43:22,879 - INFO - [2023] MISSING_CENTRAL: ZG1E2Mu/Central/ZCand/eta in Skim_TriLep_TTG_PTG10to100.root
2025-12-18 14:43:22,884 - INFO - [2023] MISSING_CENTRAL: ZG1E2Mu/Central/ZCand/eta in Skim_TriLep_TTG_PTG100to200.root
2025-12-18 14:43:22,890 - INFO - [2023] MISSING_CENTRAL: ZG1E2Mu/Central/ZCand/eta in Skim_TriLep_TTG_PTG200toInf.root
2025-12-18 14:43:23,214 - INFO - [2023] MISSING_CENTRAL: ZG1E2Mu/Central/ZCand/eta in Skim_TriLep_TTTT.root
2025-12-18 14:43:28,460 - INFO - [2023] MISSING_CENTRAL: ZG1E2Mu/Central/ZCand/eta in Skim_TriLep_DYJets10to50.root
2025-12-18 14:43:28,461 - INFO - [2023] MISSING_CENTRAL: ZG1E2Mu/Central/ZCand/eta in Skim_TriLep_TTG_PTG10to100.root
2025-12-18 14:43:28,462 - INFO - [2023] MISSING_CENTRAL: ZG1E2Mu/Central/ZCand/eta in Skim_TriLep_TTG_PTG100to200.root
2025-12-18 14:43:28,463 - INFO - [2023] MISSING_CENTRAL: ZG1E2Mu/Central/ZCand/eta in Skim_TriLep_TTG_PTG200toInf.root
2025-12-18 14:43:28,484 - INFO - [2023] MISSING_CENTRAL: ZG1E2Mu/Central/ZCand/eta in Skim_TriLep_TTTT.root
2026-01-07 11:52:33,712 - INFO - [2023] MISSING_FILE: /data9/Users/choij/Sync/workspace/ChargedHiggsAnalysisV3/SKNanoOutput/CRPromptSelector/Run1E2Mu/2023/Skim_TriLep_MuonEG_C_v1.root
2026-01-07 11:52:33,713 - INFO - [2023] MISSING_FILE: /data9/Users/choij/Sync/workspace/ChargedHiggsAnalysisV3/SKNanoOutput/CRPromptSelector/Run1E2Mu/2023/Skim_TriLep_MuonEG_C_v2.root
2026-01-07 11:52:33,713 - INFO - [2023] MISSING_FILE: /data9/Users/choij/Sync/workspace/ChargedHiggsAnalysisV3/SKNanoOutput/CRPromptSelector/Run1E2Mu/2023/Skim_TriLep_MuonEG_C_v3.root
2026-01-07 11:52:33,713 - INFO - [2023] MISSING_FILE: /data9/Users/choij/Sync/workspace/ChargedHiggsAnalysisV3/SKNanoOutput/CRPromptSelector/Run1E2Mu/2023/Skim_TriLep_MuonEG_C_v4.root
2026-01-07 11:52:38,488 - INFO - [2023] MISSING_FILE: /data9/Users/choij/Sync/workspace/ChargedHiggsAnalysisV3/SKNanoOutput/CRPromptSelector/Run1E2Mu/2023/Skim_TriLep_MuonEG_C_v1.root
2026-01-07 11:52:38,488 - INFO - [2023] MISSING_FILE: /data9/Users/choij/Sync/workspace/ChargedHiggsAnalysisV3/SKNanoOutput/CRPromptSelector/Run1E2Mu/2023/Skim_TriLep_MuonEG_C_v2.root
2026-01-07 11:52:38,488 - INFO - [2023] MISSING_FILE: /data9/Users/choij/Sync/workspace/ChargedHiggsAnalysisV3/SKNanoOutput/CRPromptSelector/Run1E2Mu/2023/Skim_TriLep_MuonEG_C_v3.root
2026-01-07 11:52:38,489 - INFO - [2023] MISSING_FILE: /data9/Users/choij/Sync/workspace/ChargedHiggsAnalysisV3/SKNanoOutput/CRPromptSelector/Run1E2Mu/2023/Skim_TriLep_MuonEG_C_v4.root
2026-01-07 18:49:06,097 - INFO - [2023] MISSING_CENTRAL: ZG1E2Mu/Central/ZCand/eta in Skim_TriLep_DYJets10to50.root
2026-01-07 18:49:06,097 - INFO - [2023] MISSING_CENTRAL: ZG1E2Mu/Central/ZCand/eta in Skim_TriLep_TTG_PTG10to100.root
2026-01-07 18:49:06,098 - INFO - [2023] MISSING_CENTRAL: ZG1E2Mu/Central/ZCand/eta in Skim_TriLep_TTG_PTG100to200.root
2026-01-07 18:49:06,098 - INFO - [2023] MISSING_CENTRAL: ZG1E2Mu/Central/ZCand/eta in Skim_TriLep_TTG_PTG200toInf.root
2026-01-07 18:49:06,208 - INFO - [2023] MISSING_CENTRAL: ZG1E2Mu/Central/ZCand/eta in Skim_TriLep_TTTT.root
2026-01-07 18:49:11,081 - INFO - [2023] MISSING_CENTRAL: ZG1E2Mu/Central/ZCand/eta in Skim_TriLep_DYJets10to50.root
2026-01-07 18:49:11,082 - INFO - [2023] MISSING_CENTRAL: ZG1E2Mu/Central/ZCand/eta in Skim_TriLep_TTG_PTG10to100.root
2026-01-07 18:49:11,082 - INFO - [2023] MISSING_CENTRAL: ZG1E2Mu/Central/ZCand/eta in Skim_TriLep_TTG_PTG100to200.root
2026-01-07 18:49:11,083 - INFO - [2023] MISSING_CENTRAL: ZG1E2Mu/Central/ZCand/eta in Skim_TriLep_TTG_PTG200toInf.root
2026-01-07 18:49:11,095 - INFO - [2023] MISSING_CENTRAL: ZG1E2Mu/Central/ZCand/eta in Skim_TriLep_TTTT.root
2026-01-08 23:12:00,507 - INFO - [2023] MISSING_CENTRAL: ZG1E2Mu/Central/ZCand/eta in Skim_TriLep_DYJets10to50.root
2026-01-08 23:12:00,508 - INFO - [2023] MISSING_CENTRAL: ZG1E2Mu/Central/ZCand/eta in Skim_TriLep_TTG_PTG10to100.root
2026-01-08 23:12:00,510 - INFO - [2023] MISSING_CENTRAL: ZG1E2Mu/Central/ZCand/eta in Skim_TriLep_TTG_PTG100to200.root
2026-01-08 23:12:00,511 - INFO - [2023] MISSING_CENTRAL: ZG1E2Mu/Central/ZCand/eta in Skim_TriLep_TTG_PTG200toInf.root
2026-01-08 23:12:00,703 - INFO - [2023] MISSING_CENTRAL: ZG1E2Mu/Central/ZCand/eta in Skim_TriLep_TTTT.root
2026-01-08 23:12:06,691 - INFO - [2023] MISSING_CENTRAL: ZG1E2Mu/Central/ZCand/eta in Skim_TriLep_DYJets10to50.root
2026-01-08 23:12:06,692 - INFO - [2023] MISSING_CENTRAL: ZG1E2Mu/Central/ZCand/eta in Skim_TriLep_TTG_PTG10to100.root
2026-01-08 23:12:06,692 - INFO - [2023] MISSING_CENTRAL: ZG1E2Mu/Central/ZCand/eta in Skim_TriLep_TTG_PTG100to200.root
2026-01-08 23:12:06,693 - INFO - [2023] MISSING_CENTRAL: ZG1E2Mu/Central/ZCand/eta in Skim_TriLep_TTG_PTG200toInf.root
2026-01-08 23:12:06,704 - INFO - [2023] MISSING_CENTRAL: ZG1E2Mu/Central/ZCand/eta in Skim_TriLep_TTTT.root
2026-01-09 12:23:52,266 - INFO - [2023] MISSING_CENTRAL: ZG1E2Mu/Central/ZCand/eta in Skim_TriLep_DYJets10to50.root
2026-01-09 12:23:52,266 - INFO - [2023] MISSING_CENTRAL: ZG1E2Mu/Central/ZCand/eta in Skim_TriLep_TTG_PTG10to100.root
2026-01-09 12:23:52,266 - INFO - [2023] MISSING_CENTRAL: ZG1E2Mu/Central/ZCand/eta in Skim_TriLep_TTG_PTG100to200.root
2026-01-09 12:23:52,267 - INFO - [2023] MISSING_CENTRAL: ZG1E2Mu/Central/ZCand/eta in Skim_TriLep_TTG_PTG200toInf.root
2026-01-09 12:23:52,309 - INFO - [2023] MISSING_CENTRAL: ZG1E2Mu/Central/ZCand/eta in Skim_TriLep_TTTT.root
2026-01-09 12:23:57,208 - INFO - [2023] MISSING_CENTRAL: ZG1E2Mu/Central/ZCand/eta in Skim_TriLep_DYJets10to50.root
2026-01-09 12:23:57,208 - INFO - [2023] MISSING_CENTRAL: ZG1E2Mu/Central/ZCand/eta in Skim_TriLep_TTG_PTG10to100.root
2026-01-09 12:23:57,208 - INFO - [2023] MISSING_CENTRAL: ZG1E2Mu/Central/ZCand/eta in Skim_TriLep_TTG_PTG100to200.root
2026-01-09 12:23:57,209 - INFO - [2023] MISSING_CENTRAL: ZG1E2Mu/Central/ZCand/eta in Skim_TriLep_TTG_PTG200toInf.root
2026-01-09 12:23:57,215 - INFO - [2023] MISSING_CENTRAL: ZG1E2Mu/Central/ZCand/eta in Skim_TriLep_TTTT.root
2026-01-11 09:43:54,248 - INFO - [2023] MISSING_CENTRAL: ZG1E2Mu/Central/ZCand/eta in Skim_TriLep_DYJets10to50.root
2026-01-11 09:43:54,249 - INFO - [2023] MISSING_CENTRAL: ZG1E2Mu/Central/ZCand/eta in Skim_TriLep_TTG_PTG10to100.root
2026-01-11 09:43:54,249 - INFO - [2023] MISSING_CENTRAL: ZG1E2Mu/Central/ZCand/eta in Skim_TriLep_TTG_PTG100to200.root
2026-01-11 09:43:54,249 - INFO - [2023] MISSING_CENTRAL: ZG1E2Mu/Central/ZCand/eta in Skim_TriLep_TTG_PTG200toInf.root
2026-01-11 09:43:54,293 - INFO - [2023] MISSING_CENTRAL: ZG1E2Mu/Central/ZCand/eta in Skim_TriLep_TTTT.root
2026-01-11 09:43:59,184 - INFO - [2023] MISSING_CENTRAL: ZG1E2Mu/Central/ZCand/eta in Skim_TriLep_DYJets10to50.root
2026-01-11 09:43:59,184 - INFO - [2023] MISSING_CENTRAL: ZG1E2Mu/Central/ZCand/eta in Skim_TriLep_TTG_PTG10to100.root
2026-01-11 09:43:59,185 - INFO - [2023] MISSING_CENTRAL: ZG1E2Mu/Central/ZCand/eta in Skim_TriLep_TTG_PTG100to200.root
2026-01-11 09:43:59,185 - INFO - [2023] MISSING_CENTRAL: ZG1E2Mu/Central/ZCand/eta in Skim_TriLep_TTG_PTG200toInf.root
2026-01-11 09:43:59,192 - INFO - [2023] MISSING_CENTRAL: ZG1E2Mu/Central/ZCand/eta in Skim_TriLep_TTTT.root
2026-01-12 13:52:41,337 - INFO - [2023] MISSING_CENTRAL: ZG1E2Mu/Central/ZCand/eta in Skim_TriLep_DYJets10to50.root
2026-01-12 13:52:41,338 - INFO - [2023] MISSING_CENTRAL: ZG1E2Mu/Central/ZCand/eta in Skim_TriLep_TTG_PTG10to100.root
2026-01-12 13:52:41,339 - INFO - [2023] MISSING_CENTRAL: ZG1E2Mu/Central/ZCand/eta in Skim_TriLep_TTG_PTG100to200.root
2026-01-12 13:52:41,339 - INFO - [2023] MISSING_CENTRAL: ZG1E2Mu/Central/ZCand/eta in Skim_TriLep_TTG_PTG200toInf.root
2026-01-12 13:52:41,384 - INFO - [2023] MISSING_CENTRAL: ZG1E2Mu/Central/ZCand/eta in Skim_TriLep_TTTT.root
2026-01-12 13:52:46,390 - INFO - [2023] MISSING_CENTRAL: ZG1E2Mu/Central/ZCand/eta in Skim_TriLep_DYJets10to50.root
2026-01-12 13:52:46,391 - INFO - [2023] MISSING_CENTRAL: ZG1E2Mu/Central/ZCand/eta in Skim_TriLep_TTG_PTG10to100.root
2026-01-12 13:52:46,391 - INFO - [2023] MISSING_CENTRAL: ZG1E2Mu/Central/ZCand/eta in Skim_TriLep_TTG_PTG100to200.root
2026-01-12 13:52:46,391 - INFO - [2023] MISSING_CENTRAL: ZG1E2Mu/Central/ZCand/eta in Skim_TriLep_TTG_PTG200toInf.root
2026-01-12 13:52:46,398 - INFO - [2023] MISSING_CENTRAL: ZG1E2Mu/Central/ZCand/eta in Skim_TriLep_TTTT.root
2026-01-16 19:07:30,731 - INFO - [2023] MISSING_CENTRAL: ZG1E2Mu/Central/ZCand/eta in Skim_TriLep_DYJets10to50.root
2026-01-16 19:07:30,731 - INFO - [2023] MISSING_CENTRAL: ZG1E2Mu/Central/ZCand/eta in Skim_TriLep_TTG_PTG10to100.root
2026-01-16 19:07:30,732 - INFO - [2023] MISSING_CENTRAL: ZG1E2Mu/Central/ZCand/eta in Skim_TriLep_TTG_PTG100to200.root
2026-01-16 19:07:30,732 - INFO - [2023] MISSING_CENTRAL: ZG1E2Mu/Central/ZCand/eta in Skim_TriLep_TTG_PTG200toInf.root
2026-01-16 19:07:30,778 - INFO - [2023] MISSING_CENTRAL: ZG1E2Mu/Central/ZCand/eta in Skim_TriLep_TTTT.root
2026-01-16 19:07:35,683 - INFO - [2023] MISSING_CENTRAL: ZG1E2Mu/Central/ZCand/eta in Skim_TriLep_DYJets10to50.root
2026-01-16 19:07:35,683 - INFO - [2023] MISSING_CENTRAL: ZG1E2Mu/Central/ZCand/eta in Skim_TriLep_TTG_PTG10to100.root
2026-01-16 19:07:35,683 - INFO - [2023] MISSING_CENTRAL: ZG1E2Mu/Central/ZCand/eta in Skim_TriLep_TTG_PTG100to200.root
2026-01-16 19:07:35,683 - INFO - [2023] MISSING_CENTRAL: ZG1E2Mu/Central/ZCand/eta in Skim_TriLep_TTG_PTG200toInf.root
2026-01-16 19:07:35,690 - INFO - [2023] MISSING_CENTRAL: ZG1E2Mu/Central/ZCand/eta in Skim_TriLep_TTTT.root
