2025-12-18 14:47:53,060 - INFO - [2022] MISSING_CENTRAL: ZFake3Mu/Central/MHc100_MA95/LR_ttZ in Skim_TriLep_DYJets10to50.root
2025-12-18 14:47:53,062 - INFO - [2022] MISSING_CENTRAL: ZFake3Mu/Central/MHc100_MA95/LR_ttZ in Skim_TriLep_TTG_PTG10to100.root
2025-12-18 14:47:53,063 - INFO - [2022] MISSING_CENTRAL: ZFake3Mu/Central/MHc100_MA95/LR_ttZ in Skim_TriLep_TTG_PTG100to200.root
2025-12-18 14:47:53,064 - INFO - [2022] MISSING_CENTRAL: ZFake3Mu/Central/MHc100_MA95/LR_ttZ in Skim_TriLep_TTG_PTG200toInf.root
2025-12-18 14:47:53,272 - INFO - [2022EE] MISSING_CENTRAL: ZFake3Mu/Central/MHc100_MA95/LR_ttZ in Skim_TriLep_DYJets10to50.root
2025-12-18 14:47:53,273 - INFO - [2022EE] MISSING_CENTRAL: ZFake3Mu/Central/MHc100_MA95/LR_ttZ in Skim_TriLep_TTG_PTG10to100.root
2025-12-18 14:47:53,518 - INFO - [2023] MISSING_CENTRAL: ZFake3Mu/Central/MHc100_MA95/LR_ttZ in Skim_TriLep_DYJets10to50.root
2025-12-18 14:47:53,530 - INFO - [2023] MISSING_CENTRAL: ZFake3Mu/Central/MHc100_MA95/LR_ttZ in Skim_TriLep_TTG_PTG100to200.root
2025-12-18 14:47:53,531 - INFO - [2023] MISSING_CENTRAL: ZFake3Mu/Central/MHc100_MA95/LR_ttZ in Skim_TriLep_TTG_PTG200toInf.root
2025-12-18 14:47:53,807 - INFO - [2023BPix] MISSING_CENTRAL: ZFake3Mu/Central/MHc100_MA95/LR_ttZ in Skim_TriLep_DYJets10to50.root
2025-12-18 14:47:53,834 - INFO - [2023BPix] MISSING_CENTRAL: ZFake3Mu/Central/MHc100_MA95/LR_ttZ in Skim_TriLep_TTG_PTG100to200.root
2025-12-18 14:47:53,840 - INFO - [2023BPix] MISSING_CENTRAL: ZFake3Mu/Central/MHc100_MA95/LR_ttZ in Skim_TriLep_TTG_PTG200toInf.root
2026-01-07 11:56:26,990 - INFO - [2022] MISSING_CENTRAL: ZFake3Mu/Central/MHc100_MA95/LR_ttZ in Skim_TriLep_DYJets10to50.root
2026-01-07 11:56:26,992 - INFO - [2022] MISSING_CENTRAL: ZFake3Mu/Central/MHc100_MA95/LR_ttZ in Skim_TriLep_TTG_PTG10to100.root
2026-01-07 11:56:26,992 - INFO - [2022] MISSING_CENTRAL: ZFake3Mu/Central/MHc100_MA95/LR_ttZ in Skim_TriLep_TTG_PTG100to200.root
2026-01-07 11:56:26,993 - INFO - [2022] MISSING_CENTRAL: ZFake3Mu/Central/MHc100_MA95/LR_ttZ in Skim_TriLep_TTG_PTG200toInf.root
2026-01-07 11:56:27,164 - INFO - [2022EE] MISSING_CENTRAL: ZFake3Mu/Central/MHc100_MA95/LR_ttZ in Skim_TriLep_DYJets10to50.root
2026-01-07 11:56:27,165 - INFO - [2022EE] MISSING_CENTRAL: ZFake3Mu/Central/MHc100_MA95/LR_ttZ in Skim_TriLep_TTG_PTG10to100.root
2026-01-07 11:56:27,365 - INFO - [2023] MISSING_CENTRAL: ZFake3Mu/Central/MHc100_MA95/LR_ttZ in Skim_TriLep_DYJets10to50.root
2026-01-07 11:56:27,377 - INFO - [2023] MISSING_CENTRAL: ZFake3Mu/Central/MHc100_MA95/LR_ttZ in Skim_TriLep_TTG_PTG100to200.root
2026-01-07 11:56:27,378 - INFO - [2023] MISSING_CENTRAL: ZFake3Mu/Central/MHc100_MA95/LR_ttZ in Skim_TriLep_TTG_PTG200toInf.root
2026-01-07 11:56:27,558 - INFO - [2023BPix] MISSING_CENTRAL: ZFake3Mu/Central/MHc100_MA95/LR_ttZ in Skim_TriLep_DYJets10to50.root
2026-01-07 11:56:27,571 - INFO - [2023BPix] MISSING_CENTRAL: ZFake3Mu/Central/MHc100_MA95/LR_ttZ in Skim_TriLep_TTG_PTG100to200.root
2026-01-07 11:56:27,573 - INFO - [2023BPix] MISSING_CENTRAL: ZFake3Mu/Central/MHc100_MA95/LR_ttZ in Skim_TriLep_TTG_PTG200toInf.root
2026-01-07 18:52:54,915 - INFO - [2022] MISSING_CENTRAL: ZFake3Mu/Central/MHc100_MA95/LR_ttZ in Skim_TriLep_DYJets10to50.root
2026-01-07 18:52:54,916 - INFO - [2022] MISSING_CENTRAL: ZFake3Mu/Central/MHc100_MA95/LR_ttZ in Skim_TriLep_TTG_PTG10to100.root
2026-01-07 18:52:54,917 - INFO - [2022] MISSING_CENTRAL: ZFake3Mu/Central/MHc100_MA95/LR_ttZ in Skim_TriLep_TTG_PTG100to200.root
2026-01-07 18:52:54,918 - INFO - [2022] MISSING_CENTRAL: ZFake3Mu/Central/MHc100_MA95/LR_ttZ in Skim_TriLep_TTG_PTG200toInf.root
2026-01-07 18:52:55,090 - INFO - [2022EE] MISSING_CENTRAL: ZFake3Mu/Central/MHc100_MA95/LR_ttZ in Skim_TriLep_DYJets10to50.root
2026-01-07 18:52:55,091 - INFO - [2022EE] MISSING_CENTRAL: ZFake3Mu/Central/MHc100_MA95/LR_ttZ in Skim_TriLep_TTG_PTG10to100.root
2026-01-07 18:52:55,295 - INFO - [2023] MISSING_CENTRAL: ZFake3Mu/Central/MHc100_MA95/LR_ttZ in Skim_TriLep_DYJets10to50.root
2026-01-07 18:52:55,308 - INFO - [2023] MISSING_CENTRAL: ZFake3Mu/Central/MHc100_MA95/LR_ttZ in Skim_TriLep_TTG_PTG100to200.root
2026-01-07 18:52:55,309 - INFO - [2023] MISSING_CENTRAL: ZFake3Mu/Central/MHc100_MA95/LR_ttZ in Skim_TriLep_TTG_PTG200toInf.root
2026-01-07 18:52:55,509 - INFO - [2023BPix] MISSING_CENTRAL: ZFake3Mu/Central/MHc100_MA95/LR_ttZ in Skim_TriLep_DYJets10to50.root
2026-01-07 18:52:55,522 - INFO - [2023BPix] MISSING_CENTRAL: ZFake3Mu/Central/MHc100_MA95/LR_ttZ in Skim_TriLep_TTG_PTG100to200.root
2026-01-07 18:52:55,523 - INFO - [2023BPix] MISSING_CENTRAL: ZFake3Mu/Central/MHc100_MA95/LR_ttZ in Skim_TriLep_TTG_PTG200toInf.root
2026-01-09 12:28:10,433 - INFO - [2022] MISSING_CENTRAL: ZFake3Mu/Central/MHc100_MA95/LR_ttZ in Skim_TriLep_DYJets10to50.root
2026-01-09 12:28:10,434 - INFO - [2022] MISSING_CENTRAL: ZFake3Mu/Central/MHc100_MA95/LR_ttZ in Skim_TriLep_TTG_PTG10to100.root
2026-01-09 12:28:10,435 - INFO - [2022] MISSING_CENTRAL: ZFake3Mu/Central/MHc100_MA95/LR_ttZ in Skim_TriLep_TTG_PTG100to200.root
2026-01-09 12:28:10,436 - INFO - [2022] MISSING_CENTRAL: ZFake3Mu/Central/MHc100_MA95/LR_ttZ in Skim_TriLep_TTG_PTG200toInf.root
2026-01-09 12:28:10,542 - INFO - [2022EE] MISSING_CENTRAL: ZFake3Mu/Central/MHc100_MA95/LR_ttZ in Skim_TriLep_DYJets10to50.root
2026-01-09 12:28:10,544 - INFO - [2022EE] MISSING_CENTRAL: ZFake3Mu/Central/MHc100_MA95/LR_ttZ in Skim_TriLep_TTG_PTG10to100.root
2026-01-09 12:28:10,703 - INFO - [2023] MISSING_CENTRAL: ZFake3Mu/Central/MHc100_MA95/LR_ttZ in Skim_TriLep_DYJets10to50.root
2026-01-09 12:28:10,719 - INFO - [2023] MISSING_CENTRAL: ZFake3Mu/Central/MHc100_MA95/LR_ttZ in Skim_TriLep_TTG_PTG100to200.root
2026-01-09 12:28:10,719 - INFO - [2023] MISSING_CENTRAL: ZFake3Mu/Central/MHc100_MA95/LR_ttZ in Skim_TriLep_TTG_PTG200toInf.root
2026-01-09 12:28:10,847 - INFO - [2023BPix] MISSING_CENTRAL: ZFake3Mu/Central/MHc100_MA95/LR_ttZ in Skim_TriLep_DYJets10to50.root
2026-01-09 12:28:10,860 - INFO - [2023BPix] MISSING_CENTRAL: ZFake3Mu/Central/MHc100_MA95/LR_ttZ in Skim_TriLep_TTG_PTG100to200.root
2026-01-09 12:28:10,864 - INFO - [2023BPix] MISSING_CENTRAL: ZFake3Mu/Central/MHc100_MA95/LR_ttZ in Skim_TriLep_TTG_PTG200toInf.root
2026-01-11 09:48:10,862 - INFO - [2022] MISSING_CENTRAL: ZFake3Mu/Central/MHc100_MA95/LR_ttZ in Skim_TriLep_DYJets10to50.root
2026-01-11 09:48:10,862 - INFO - [2022] MISSING_CENTRAL: ZFake3Mu/Central/MHc100_MA95/LR_ttZ in Skim_TriLep_TTG_PTG10to100.root
2026-01-11 09:48:10,863 - INFO - [2022] MISSING_CENTRAL: ZFake3Mu/Central/MHc100_MA95/LR_ttZ in Skim_TriLep_TTG_PTG100to200.root
2026-01-11 09:48:10,863 - INFO - [2022] MISSING_CENTRAL: ZFake3Mu/Central/MHc100_MA95/LR_ttZ in Skim_TriLep_TTG_PTG200toInf.root
2026-01-11 09:48:10,984 - INFO - [2022EE] MISSING_CENTRAL: ZFake3Mu/Central/MHc100_MA95/LR_ttZ in Skim_TriLep_DYJets10to50.root
2026-01-11 09:48:10,984 - INFO - [2022EE] MISSING_CENTRAL: ZFake3Mu/Central/MHc100_MA95/LR_ttZ in Skim_TriLep_TTG_PTG10to100.root
2026-01-11 09:48:11,130 - INFO - [2023] MISSING_CENTRAL: ZFake3Mu/Central/MHc100_MA95/LR_ttZ in Skim_TriLep_DYJets10to50.root
2026-01-11 09:48:11,137 - INFO - [2023] MISSING_CENTRAL: ZFake3Mu/Central/MHc100_MA95/LR_ttZ in Skim_TriLep_TTG_PTG100to200.root
2026-01-11 09:48:11,138 - INFO - [2023] MISSING_CENTRAL: ZFake3Mu/Central/MHc100_MA95/LR_ttZ in Skim_TriLep_TTG_PTG200toInf.root
2026-01-11 09:48:11,253 - INFO - [2023BPix] MISSING_CENTRAL: ZFake3Mu/Central/MHc100_MA95/LR_ttZ in Skim_TriLep_DYJets10to50.root
2026-01-11 09:48:11,261 - INFO - [2023BPix] MISSING_CENTRAL: ZFake3Mu/Central/MHc100_MA95/LR_ttZ in Skim_TriLep_TTG_PTG100to200.root
2026-01-11 09:48:11,262 - INFO - [2023BPix] MISSING_CENTRAL: ZFake3Mu/Central/MHc100_MA95/LR_ttZ in Skim_TriLep_TTG_PTG200toInf.root
2026-01-12 13:57:06,253 - INFO - [2022] MISSING_FILE: /home/choij/Sync/workspace/ChargedHiggsAnalysisV3/SKNanoOutput/MatrixSelector/Run3Mu/2022/Skim_TriLep_DoubleMuon_C.root
2026-01-12 13:57:06,255 - INFO - [2022] MISSING_FILE: /home/choij/Sync/workspace/ChargedHiggsAnalysisV3/SKNanoOutput/MatrixSelector/Run3Mu/2022/Skim_TriLep_Muon_C.root
2026-01-12 13:57:06,255 - INFO - [2022] MISSING_FILE: /home/choij/Sync/workspace/ChargedHiggsAnalysisV3/SKNanoOutput/MatrixSelector/Run3Mu/2022/Skim_TriLep_Muon_D.root
2026-01-12 13:57:06,279 - INFO - [2022] MISSING_CENTRAL: ZFake3Mu/Central/MHc100_MA95/LR_ttZ in Skim_TriLep_DYJets10to50.root
2026-01-12 13:57:06,279 - INFO - [2022] MISSING_CENTRAL: ZFake3Mu/Central/MHc100_MA95/LR_ttZ in Skim_TriLep_TTG_PTG10to100.root
2026-01-12 13:57:06,280 - INFO - [2022] MISSING_CENTRAL: ZFake3Mu/Central/MHc100_MA95/LR_ttZ in Skim_TriLep_TTG_PTG100to200.root
2026-01-12 13:57:06,280 - INFO - [2022] MISSING_CENTRAL: ZFake3Mu/Central/MHc100_MA95/LR_ttZ in Skim_TriLep_TTG_PTG200toInf.root
2026-01-12 13:57:06,374 - INFO - [2022EE] MISSING_FILE: /home/choij/Sync/workspace/ChargedHiggsAnalysisV3/SKNanoOutput/MatrixSelector/Run3Mu/2022EE/Skim_TriLep_Muon_E.root
2026-01-12 13:57:06,375 - INFO - [2022EE] MISSING_FILE: /home/choij/Sync/workspace/ChargedHiggsAnalysisV3/SKNanoOutput/MatrixSelector/Run3Mu/2022EE/Skim_TriLep_Muon_F.root
2026-01-12 13:57:06,375 - INFO - [2022EE] MISSING_FILE: /home/choij/Sync/workspace/ChargedHiggsAnalysisV3/SKNanoOutput/MatrixSelector/Run3Mu/2022EE/Skim_TriLep_Muon_G.root
2026-01-12 13:57:06,382 - INFO - [2022EE] MISSING_CENTRAL: ZFake3Mu/Central/MHc100_MA95/LR_ttZ in Skim_TriLep_DYJets10to50.root
2026-01-12 13:57:06,382 - INFO - [2022EE] MISSING_CENTRAL: ZFake3Mu/Central/MHc100_MA95/LR_ttZ in Skim_TriLep_TTG_PTG10to100.root
2026-01-12 13:57:06,494 - INFO - [2023] MISSING_FILE: /home/choij/Sync/workspace/ChargedHiggsAnalysisV3/SKNanoOutput/MatrixSelector/Run3Mu/2023/Skim_TriLep_Muon0_C_v1.root
2026-01-12 13:57:06,495 - INFO - [2023] MISSING_FILE: /home/choij/Sync/workspace/ChargedHiggsAnalysisV3/SKNanoOutput/MatrixSelector/Run3Mu/2023/Skim_TriLep_Muon0_C_v2.root
2026-01-12 13:57:06,495 - INFO - [2023] MISSING_FILE: /home/choij/Sync/workspace/ChargedHiggsAnalysisV3/SKNanoOutput/MatrixSelector/Run3Mu/2023/Skim_TriLep_Muon0_C_v3.root
2026-01-12 13:57:06,495 - INFO - [2023] MISSING_FILE: /home/choij/Sync/workspace/ChargedHiggsAnalysisV3/SKNanoOutput/MatrixSelector/Run3Mu/2023/Skim_TriLep_Muon0_C_v4.root
2026-01-12 13:57:06,495 - INFO - [2023] MISSING_FILE: /home/choij/Sync/workspace/ChargedHiggsAnalysisV3/SKNanoOutput/MatrixSelector/Run3Mu/2023/Skim_TriLep_Muon1_C_v1.root
2026-01-12 13:57:06,495 - INFO - [2023] MISSING_FILE: /home/choij/Sync/workspace/ChargedHiggsAnalysisV3/SKNanoOutput/MatrixSelector/Run3Mu/2023/Skim_TriLep_Muon1_C_v2.root
2026-01-12 13:57:06,495 - INFO - [2023] MISSING_FILE: /home/choij/Sync/workspace/ChargedHiggsAnalysisV3/SKNanoOutput/MatrixSelector/Run3Mu/2023/Skim_TriLep_Muon1_C_v3.root
2026-01-12 13:57:06,495 - INFO - [2023] MISSING_FILE: /home/choij/Sync/workspace/ChargedHiggsAnalysisV3/SKNanoOutput/MatrixSelector/Run3Mu/2023/Skim_TriLep_Muon1_C_v4.root
2026-01-12 13:57:06,502 - INFO - [2023] MISSING_CENTRAL: ZFake3Mu/Central/MHc100_MA95/LR_ttZ in Skim_TriLep_DYJets10to50.root
2026-01-12 13:57:06,510 - INFO - [2023] MISSING_CENTRAL: ZFake3Mu/Central/MHc100_MA95/LR_ttZ in Skim_TriLep_TTG_PTG100to200.root
2026-01-12 13:57:06,510 - INFO - [2023] MISSING_CENTRAL: ZFake3Mu/Central/MHc100_MA95/LR_ttZ in Skim_TriLep_TTG_PTG200toInf.root
2026-01-12 13:57:06,613 - INFO - [2023BPix] MISSING_FILE: /home/choij/Sync/workspace/ChargedHiggsAnalysisV3/SKNanoOutput/MatrixSelector/Run3Mu/2023BPix/Skim_TriLep_Muon0_D_v1.root
2026-01-12 13:57:06,613 - INFO - [2023BPix] MISSING_FILE: /home/choij/Sync/workspace/ChargedHiggsAnalysisV3/SKNanoOutput/MatrixSelector/Run3Mu/2023BPix/Skim_TriLep_Muon0_D_v2.root
2026-01-12 13:57:06,613 - INFO - [2023BPix] MISSING_FILE: /home/choij/Sync/workspace/ChargedHiggsAnalysisV3/SKNanoOutput/MatrixSelector/Run3Mu/2023BPix/Skim_TriLep_Muon1_D_v1.root
2026-01-12 13:57:06,613 - INFO - [2023BPix] MISSING_FILE: /home/choij/Sync/workspace/ChargedHiggsAnalysisV3/SKNanoOutput/MatrixSelector/Run3Mu/2023BPix/Skim_TriLep_Muon1_D_v2.root
2026-01-12 13:57:06,620 - INFO - [2023BPix] MISSING_CENTRAL: ZFake3Mu/Central/MHc100_MA95/LR_ttZ in Skim_TriLep_DYJets10to50.root
2026-01-12 13:57:06,628 - INFO - [2023BPix] MISSING_CENTRAL: ZFake3Mu/Central/MHc100_MA95/LR_ttZ in Skim_TriLep_TTG_PTG100to200.root
2026-01-12 13:57:06,628 - INFO - [2023BPix] MISSING_CENTRAL: ZFake3Mu/Central/MHc100_MA95/LR_ttZ in Skim_TriLep_TTG_PTG200toInf.root
