2025-12-18 14:47:58,910 - INFO - [2022] MISSING_CENTRAL: ZFake3Mu/Central/MHc160_MA98/LR_ttZ in Skim_TriLep_DYJets10to50.root
2025-12-18 14:47:58,911 - INFO - [2022] MISSING_CENTRAL: ZFake3Mu/Central/MHc160_MA98/LR_ttZ in Skim_TriLep_TTG_PTG10to100.root
2025-12-18 14:47:58,912 - INFO - [2022] MISSING_CENTRAL: ZFake3Mu/Central/MHc160_MA98/LR_ttZ in Skim_TriLep_TTG_PTG100to200.root
2025-12-18 14:47:58,913 - INFO - [2022] MISSING_CENTRAL: ZFake3Mu/Central/MHc160_MA98/LR_ttZ in Skim_TriLep_TTG_PTG200toInf.root
2025-12-18 14:47:59,078 - INFO - [2022EE] MISSING_CENTRAL: ZFake3Mu/Central/MHc160_MA98/LR_ttZ in Skim_TriLep_DYJets10to50.root
2025-12-18 14:47:59,079 - INFO - [2022EE] MISSING_CENTRAL: ZFake3Mu/Central/MHc160_MA98/LR_ttZ in Skim_TriLep_TTG_PTG10to100.root
2025-12-18 14:47:59,278 - INFO - [2023] MISSING_CENTRAL: ZFake3Mu/Central/MHc160_MA98/LR_ttZ in Skim_TriLep_DYJets10to50.root
2025-12-18 14:47:59,289 - INFO - [2023] MISSING_CENTRAL: ZFake3Mu/Central/MHc160_MA98/LR_ttZ in Skim_TriLep_TTG_PTG100to200.root
2025-12-18 14:47:59,291 - INFO - [2023] MISSING_CENTRAL: ZFake3Mu/Central/MHc160_MA98/LR_ttZ in Skim_TriLep_TTG_PTG200toInf.root
2025-12-18 14:47:59,482 - INFO - [2023BPix] MISSING_CENTRAL: ZFake3Mu/Central/MHc160_MA98/LR_ttZ in Skim_TriLep_DYJets10to50.root
2025-12-18 14:47:59,495 - INFO - [2023BPix] MISSING_CENTRAL: ZFake3Mu/Central/MHc160_MA98/LR_ttZ in Skim_TriLep_TTG_PTG100to200.root
2025-12-18 14:47:59,496 - INFO - [2023BPix] MISSING_CENTRAL: ZFake3Mu/Central/MHc160_MA98/LR_ttZ in Skim_TriLep_TTG_PTG200toInf.root
2026-01-07 11:56:31,964 - INFO - [2022] MISSING_CENTRAL: ZFake3Mu/Central/MHc160_MA98/LR_ttZ in Skim_TriLep_DYJets10to50.root
2026-01-07 11:56:31,965 - INFO - [2022] MISSING_CENTRAL: ZFake3Mu/Central/MHc160_MA98/LR_ttZ in Skim_TriLep_TTG_PTG10to100.root
2026-01-07 11:56:31,966 - INFO - [2022] MISSING_CENTRAL: ZFake3Mu/Central/MHc160_MA98/LR_ttZ in Skim_TriLep_TTG_PTG100to200.root
2026-01-07 11:56:31,967 - INFO - [2022] MISSING_CENTRAL: ZFake3Mu/Central/MHc160_MA98/LR_ttZ in Skim_TriLep_TTG_PTG200toInf.root
2026-01-07 11:56:32,129 - INFO - [2022EE] MISSING_CENTRAL: ZFake3Mu/Central/MHc160_MA98/LR_ttZ in Skim_TriLep_DYJets10to50.root
2026-01-07 11:56:32,130 - INFO - [2022EE] MISSING_CENTRAL: ZFake3Mu/Central/MHc160_MA98/LR_ttZ in Skim_TriLep_TTG_PTG10to100.root
2026-01-07 11:56:32,333 - INFO - [2023] MISSING_CENTRAL: ZFake3Mu/Central/MHc160_MA98/LR_ttZ in Skim_TriLep_DYJets10to50.root
2026-01-07 11:56:32,345 - INFO - [2023] MISSING_CENTRAL: ZFake3Mu/Central/MHc160_MA98/LR_ttZ in Skim_TriLep_TTG_PTG100to200.root
2026-01-07 11:56:32,346 - INFO - [2023] MISSING_CENTRAL: ZFake3Mu/Central/MHc160_MA98/LR_ttZ in Skim_TriLep_TTG_PTG200toInf.root
2026-01-07 11:56:32,538 - INFO - [2023BPix] MISSING_CENTRAL: ZFake3Mu/Central/MHc160_MA98/LR_ttZ in Skim_TriLep_DYJets10to50.root
2026-01-07 11:56:32,551 - INFO - [2023BPix] MISSING_CENTRAL: ZFake3Mu/Central/MHc160_MA98/LR_ttZ in Skim_TriLep_TTG_PTG100to200.root
2026-01-07 11:56:32,553 - INFO - [2023BPix] MISSING_CENTRAL: ZFake3Mu/Central/MHc160_MA98/LR_ttZ in Skim_TriLep_TTG_PTG200toInf.root
