2025-11-07 13:14:29,337 - INFO - [2022] MISSING_FILE: /home/choij/Sync/workspace/ChargedHiggsAnalysisV3/SKNanoOutput/PromptSelector/Run3Mu/2022/Skim_TriLep_DoubleMuon_C.root
2025-11-07 13:14:29,337 - INFO - [2022] MISSING_FILE: /home/choij/Sync/workspace/ChargedHiggsAnalysisV3/SKNanoOutput/PromptSelector/Run3Mu/2022/Skim_TriLep_Muon_C.root
2025-11-07 13:14:29,337 - INFO - [2022] MISSING_FILE: /home/choij/Sync/workspace/ChargedHiggsAnalysisV3/SKNanoOutput/PromptSelector/Run3Mu/2022/Skim_TriLep_Muon_D.root
2025-11-07 13:14:29,337 - INFO - [2022EE] MISSING_FILE: /home/choij/Sync/workspace/ChargedHiggsAnalysisV3/SKNanoOutput/PromptSelector/Run3Mu/2022EE/Skim_TriLep_Muon_E.root
2025-11-07 13:14:29,337 - INFO - [2022EE] MISSING_FILE: /home/choij/Sync/workspace/ChargedHiggsAnalysisV3/SKNanoOutput/PromptSelector/Run3Mu/2022EE/Skim_TriLep_Muon_F.root
2025-11-07 13:14:29,337 - INFO - [2022EE] MISSING_FILE: /home/choij/Sync/workspace/ChargedHiggsAnalysisV3/SKNanoOutput/PromptSelector/Run3Mu/2022EE/Skim_TriLep_Muon_G.root
2025-11-07 13:14:29,337 - INFO - [2023] MISSING_FILE: /home/choij/Sync/workspace/ChargedHiggsAnalysisV3/SKNanoOutput/PromptSelector/Run3Mu/2023/Skim_TriLep_Muon0_C_v1.root
2025-11-07 13:14:29,338 - INFO - [2023] MISSING_FILE: /home/choij/Sync/workspace/ChargedHiggsAnalysisV3/SKNanoOutput/PromptSelector/Run3Mu/2023/Skim_TriLep_Muon0_C_v2.root
2025-11-07 13:14:29,338 - INFO - [2023] MISSING_FILE: /home/choij/Sync/workspace/ChargedHiggsAnalysisV3/SKNanoOutput/PromptSelector/Run3Mu/2023/Skim_TriLep_Muon0_C_v3.root
2025-11-07 13:14:29,338 - INFO - [2023] MISSING_FILE: /home/choij/Sync/workspace/ChargedHiggsAnalysisV3/SKNanoOutput/PromptSelector/Run3Mu/2023/Skim_TriLep_Muon0_C_v4.root
2025-11-07 13:14:29,338 - INFO - [2023] MISSING_FILE: /home/choij/Sync/workspace/ChargedHiggsAnalysisV3/SKNanoOutput/PromptSelector/Run3Mu/2023/Skim_TriLep_Muon1_C_v1.root
2025-11-07 13:14:29,338 - INFO - [2023] MISSING_FILE: /home/choij/Sync/workspace/ChargedHiggsAnalysisV3/SKNanoOutput/PromptSelector/Run3Mu/2023/Skim_TriLep_Muon1_C_v2.root
2025-11-07 13:14:29,338 - INFO - [2023] MISSING_FILE: /home/choij/Sync/workspace/ChargedHiggsAnalysisV3/SKNanoOutput/PromptSelector/Run3Mu/2023/Skim_TriLep_Muon1_C_v3.root
2025-11-07 13:14:29,338 - INFO - [2023] MISSING_FILE: /home/choij/Sync/workspace/ChargedHiggsAnalysisV3/SKNanoOutput/PromptSelector/Run3Mu/2023/Skim_TriLep_Muon1_C_v4.root
2025-11-07 13:14:29,338 - INFO - [2023BPix] MISSING_FILE: /home/choij/Sync/workspace/ChargedHiggsAnalysisV3/SKNanoOutput/PromptSelector/Run3Mu/2023BPix/Skim_TriLep_Muon0_D_v1.root
2025-11-07 13:14:29,338 - INFO - [2023BPix] MISSING_FILE: /home/choij/Sync/workspace/ChargedHiggsAnalysisV3/SKNanoOutput/PromptSelector/Run3Mu/2023BPix/Skim_TriLep_Muon0_D_v2.root
2025-11-07 13:14:29,339 - INFO - [2023BPix] MISSING_FILE: /home/choij/Sync/workspace/ChargedHiggsAnalysisV3/SKNanoOutput/PromptSelector/Run3Mu/2023BPix/Skim_TriLep_Muon1_D_v1.root
2025-11-07 13:14:29,339 - INFO - [2023BPix] MISSING_FILE: /home/choij/Sync/workspace/ChargedHiggsAnalysisV3/SKNanoOutput/PromptSelector/Run3Mu/2023BPix/Skim_TriLep_Muon1_D_v2.root
2025-11-07 14:12:00,294 - INFO - [2022] MISSING_FILE: /home/choij/Sync/workspace/ChargedHiggsAnalysisV3/SKNanoOutput/PromptSelector/Run3Mu/2022/Skim_TriLep_DoubleMuon_C.root
2025-11-07 14:12:00,295 - INFO - [2022] MISSING_FILE: /home/choij/Sync/workspace/ChargedHiggsAnalysisV3/SKNanoOutput/PromptSelector/Run3Mu/2022/Skim_TriLep_Muon_C.root
2025-11-07 14:12:00,295 - INFO - [2022] MISSING_FILE: /home/choij/Sync/workspace/ChargedHiggsAnalysisV3/SKNanoOutput/PromptSelector/Run3Mu/2022/Skim_TriLep_Muon_D.root
2025-11-07 14:12:00,295 - INFO - [2022EE] MISSING_FILE: /home/choij/Sync/workspace/ChargedHiggsAnalysisV3/SKNanoOutput/PromptSelector/Run3Mu/2022EE/Skim_TriLep_Muon_E.root
2025-11-07 14:12:00,295 - INFO - [2022EE] MISSING_FILE: /home/choij/Sync/workspace/ChargedHiggsAnalysisV3/SKNanoOutput/PromptSelector/Run3Mu/2022EE/Skim_TriLep_Muon_F.root
2025-11-07 14:12:00,295 - INFO - [2022EE] MISSING_FILE: /home/choij/Sync/workspace/ChargedHiggsAnalysisV3/SKNanoOutput/PromptSelector/Run3Mu/2022EE/Skim_TriLep_Muon_G.root
2025-11-07 14:12:00,295 - INFO - [2023] MISSING_FILE: /home/choij/Sync/workspace/ChargedHiggsAnalysisV3/SKNanoOutput/PromptSelector/Run3Mu/2023/Skim_TriLep_Muon0_C_v1.root
2025-11-07 14:12:00,295 - INFO - [2023] MISSING_FILE: /home/choij/Sync/workspace/ChargedHiggsAnalysisV3/SKNanoOutput/PromptSelector/Run3Mu/2023/Skim_TriLep_Muon0_C_v2.root
2025-11-07 14:12:00,295 - INFO - [2023] MISSING_FILE: /home/choij/Sync/workspace/ChargedHiggsAnalysisV3/SKNanoOutput/PromptSelector/Run3Mu/2023/Skim_TriLep_Muon0_C_v3.root
2025-11-07 14:12:00,295 - INFO - [2023] MISSING_FILE: /home/choij/Sync/workspace/ChargedHiggsAnalysisV3/SKNanoOutput/PromptSelector/Run3Mu/2023/Skim_TriLep_Muon0_C_v4.root
2025-11-07 14:12:00,295 - INFO - [2023] MISSING_FILE: /home/choij/Sync/workspace/ChargedHiggsAnalysisV3/SKNanoOutput/PromptSelector/Run3Mu/2023/Skim_TriLep_Muon1_C_v1.root
2025-11-07 14:12:00,295 - INFO - [2023] MISSING_FILE: /home/choij/Sync/workspace/ChargedHiggsAnalysisV3/SKNanoOutput/PromptSelector/Run3Mu/2023/Skim_TriLep_Muon1_C_v2.root
2025-11-07 14:12:00,295 - INFO - [2023] MISSING_FILE: /home/choij/Sync/workspace/ChargedHiggsAnalysisV3/SKNanoOutput/PromptSelector/Run3Mu/2023/Skim_TriLep_Muon1_C_v3.root
2025-11-07 14:12:00,295 - INFO - [2023] MISSING_FILE: /home/choij/Sync/workspace/ChargedHiggsAnalysisV3/SKNanoOutput/PromptSelector/Run3Mu/2023/Skim_TriLep_Muon1_C_v4.root
2025-11-07 14:12:00,295 - INFO - [2023BPix] MISSING_FILE: /home/choij/Sync/workspace/ChargedHiggsAnalysisV3/SKNanoOutput/PromptSelector/Run3Mu/2023BPix/Skim_TriLep_Muon0_D_v1.root
2025-11-07 14:12:00,295 - INFO - [2023BPix] MISSING_FILE: /home/choij/Sync/workspace/ChargedHiggsAnalysisV3/SKNanoOutput/PromptSelector/Run3Mu/2023BPix/Skim_TriLep_Muon0_D_v2.root
2025-11-07 14:12:00,295 - INFO - [2023BPix] MISSING_FILE: /home/choij/Sync/workspace/ChargedHiggsAnalysisV3/SKNanoOutput/PromptSelector/Run3Mu/2023BPix/Skim_TriLep_Muon1_D_v1.root
2025-11-07 14:12:00,295 - INFO - [2023BPix] MISSING_FILE: /home/choij/Sync/workspace/ChargedHiggsAnalysisV3/SKNanoOutput/PromptSelector/Run3Mu/2023BPix/Skim_TriLep_Muon1_D_v2.root
2025-11-10 12:28:39,970 - INFO - [2022EE] MISSING_FILE: /home/choij/Sync/workspace/ChargedHiggsAnalysisV3/SKNanoOutput/PromptSelector/Run3Mu/2022EE/Skim_TriLep_Muon_F.root
2025-11-10 12:28:39,999 - INFO - [2022] MISSING_CENTRAL: ZFake3Mu/Central/MHc115_MA87/score_signal in Skim_TriLep_DYJets10to50.root
2025-11-10 12:28:40,000 - INFO - [2022] MISSING_CENTRAL: ZFake3Mu/Central/MHc115_MA87/score_signal in Skim_TriLep_DYGTo2LG_MLL4to50_PTG10to100.root
2025-11-10 12:28:40,000 - INFO - [2022] MISSING_CENTRAL: ZFake3Mu/Central/MHc115_MA87/score_signal in Skim_TriLep_DYGTo2LG_MLL4to50_PTG100to200.root
2025-11-10 12:28:40,001 - INFO - [2022] MISSING_CENTRAL: ZFake3Mu/Central/MHc115_MA87/score_signal in Skim_TriLep_DYGTo2LG_MLL4to50_PTG200toInf.root
2025-11-10 12:28:40,007 - INFO - [2022] MISSING_CENTRAL: ZFake3Mu/Central/MHc115_MA87/score_signal in Skim_TriLep_DYGTo2LG_MLL50_PTG100to200.root
2025-11-10 12:28:40,007 - INFO - [2022] MISSING_CENTRAL: ZFake3Mu/Central/MHc115_MA87/score_signal in Skim_TriLep_DYGTo2LG_MLL50_PTG200toInf.root
2025-11-10 12:28:40,014 - INFO - [2022] MISSING_CENTRAL: ZFake3Mu/Central/MHc115_MA87/score_signal in Skim_TriLep_TTG_PTG100to200.root
2025-11-10 12:28:40,014 - INFO - [2022] MISSING_CENTRAL: ZFake3Mu/Central/MHc115_MA87/score_signal in Skim_TriLep_TTG_PTG200toInf.root
2025-11-10 12:28:40,108 - INFO - [2022EE] MISSING_CENTRAL: ZFake3Mu/Central/MHc115_MA87/score_signal in Skim_TriLep_DYJets10to50.root
2025-11-10 12:28:40,108 - INFO - [2022EE] MISSING_CENTRAL: ZFake3Mu/Central/MHc115_MA87/score_signal in Skim_TriLep_DYGTo2LG_MLL4to50_PTG10to100.root
2025-11-10 12:28:40,109 - INFO - [2022EE] MISSING_CENTRAL: ZFake3Mu/Central/MHc115_MA87/score_signal in Skim_TriLep_DYGTo2LG_MLL4to50_PTG100to200.root
2025-11-10 12:28:40,344 - INFO - [2023] MISSING_CENTRAL: ZFake3Mu/Central/MHc115_MA87/score_signal in Skim_TriLep_DYJets10to50.root
2025-11-10 12:28:40,345 - INFO - [2023] MISSING_CENTRAL: ZFake3Mu/Central/MHc115_MA87/score_signal in Skim_TriLep_DYGTo2LG_MLL4to50_PTG10to100.root
2025-11-10 12:28:40,401 - INFO - [2023] MISSING_CENTRAL: ZFake3Mu/Central/MHc115_MA87/score_signal in Skim_TriLep_TTG_PTG100to200.root
2025-11-10 12:28:40,402 - INFO - [2023] MISSING_CENTRAL: ZFake3Mu/Central/MHc115_MA87/score_signal in Skim_TriLep_TTG_PTG200toInf.root
2025-11-10 12:28:40,540 - INFO - [2023BPix] MISSING_SYSTEMATIC: ZFake3Mu/JetEn_Down/MHc115_MA87/score_signal in Skim_TriLep_DYJets.root
2025-11-10 12:28:40,545 - INFO - [2023BPix] MISSING_CENTRAL: ZFake3Mu/Central/MHc115_MA87/score_signal in Skim_TriLep_DYJets10to50.root
2025-11-10 12:28:40,615 - INFO - [2023BPix] MISSING_CENTRAL: ZFake3Mu/Central/MHc115_MA87/score_signal in Skim_TriLep_TTG_PTG200toInf.root
