2025-12-18 14:47:58,975 - INFO - [2022] MISSING_CENTRAL: ZFake3Mu/Central/MHc160_MA98/LR_diboson in Skim_TriLep_DYJets10to50.root
2025-12-18 14:47:58,976 - INFO - [2022] MISSING_CENTRAL: ZFake3Mu/Central/MHc160_MA98/LR_diboson in Skim_TriLep_TTG_PTG10to100.root
2025-12-18 14:47:58,976 - INFO - [2022] MISSING_CENTRAL: ZFake3Mu/Central/MHc160_MA98/LR_diboson in Skim_TriLep_TTG_PTG100to200.root
2025-12-18 14:47:58,977 - INFO - [2022] MISSING_CENTRAL: ZFake3Mu/Central/MHc160_MA98/LR_diboson in Skim_TriLep_TTG_PTG200toInf.root
2025-12-18 14:47:59,144 - INFO - [2022EE] MISSING_CENTRAL: ZFake3Mu/Central/MHc160_MA98/LR_diboson in Skim_TriLep_DYJets10to50.root
2025-12-18 14:47:59,145 - INFO - [2022EE] MISSING_CENTRAL: ZFake3Mu/Central/MHc160_MA98/LR_diboson in Skim_TriLep_TTG_PTG10to100.root
2025-12-18 14:47:59,305 - INFO - [2023] MISSING_CENTRAL: ZFake3Mu/Central/MHc160_MA98/LR_diboson in Skim_TriLep_DYJets10to50.root
2025-12-18 14:47:59,313 - INFO - [2023] MISSING_CENTRAL: ZFake3Mu/Central/MHc160_MA98/LR_diboson in Skim_TriLep_TTG_PTG100to200.root
2025-12-18 14:47:59,314 - INFO - [2023] MISSING_CENTRAL: ZFake3Mu/Central/MHc160_MA98/LR_diboson in Skim_TriLep_TTG_PTG200toInf.root
2025-12-18 14:47:59,432 - INFO - [2023BPix] MISSING_CENTRAL: ZFake3Mu/Central/MHc160_MA98/LR_diboson in Skim_TriLep_DYJets10to50.root
2025-12-18 14:47:59,443 - INFO - [2023BPix] MISSING_CENTRAL: ZFake3Mu/Central/MHc160_MA98/LR_diboson in Skim_TriLep_TTG_PTG100to200.root
2025-12-18 14:47:59,444 - INFO - [2023BPix] MISSING_CENTRAL: ZFake3Mu/Central/MHc160_MA98/LR_diboson in Skim_TriLep_TTG_PTG200toInf.root
2026-01-07 11:56:32,188 - INFO - [2022] MISSING_CENTRAL: ZFake3Mu/Central/MHc160_MA98/LR_diboson in Skim_TriLep_DYJets10to50.root
2026-01-07 11:56:32,189 - INFO - [2022] MISSING_CENTRAL: ZFake3Mu/Central/MHc160_MA98/LR_diboson in Skim_TriLep_TTG_PTG10to100.root
2026-01-07 11:56:32,189 - INFO - [2022] MISSING_CENTRAL: ZFake3Mu/Central/MHc160_MA98/LR_diboson in Skim_TriLep_TTG_PTG100to200.root
2026-01-07 11:56:32,190 - INFO - [2022] MISSING_CENTRAL: ZFake3Mu/Central/MHc160_MA98/LR_diboson in Skim_TriLep_TTG_PTG200toInf.root
2026-01-07 11:56:32,289 - INFO - [2022EE] MISSING_CENTRAL: ZFake3Mu/Central/MHc160_MA98/LR_diboson in Skim_TriLep_DYJets10to50.root
2026-01-07 11:56:32,289 - INFO - [2022EE] MISSING_CENTRAL: ZFake3Mu/Central/MHc160_MA98/LR_diboson in Skim_TriLep_TTG_PTG10to100.root
2026-01-07 11:56:32,409 - INFO - [2023] MISSING_CENTRAL: ZFake3Mu/Central/MHc160_MA98/LR_diboson in Skim_TriLep_DYJets10to50.root
2026-01-07 11:56:32,416 - INFO - [2023] MISSING_CENTRAL: ZFake3Mu/Central/MHc160_MA98/LR_diboson in Skim_TriLep_TTG_PTG100to200.root
2026-01-07 11:56:32,417 - INFO - [2023] MISSING_CENTRAL: ZFake3Mu/Central/MHc160_MA98/LR_diboson in Skim_TriLep_TTG_PTG200toInf.root
2026-01-07 11:56:32,529 - INFO - [2023BPix] MISSING_CENTRAL: ZFake3Mu/Central/MHc160_MA98/LR_diboson in Skim_TriLep_DYJets10to50.root
2026-01-07 11:56:32,537 - INFO - [2023BPix] MISSING_CENTRAL: ZFake3Mu/Central/MHc160_MA98/LR_diboson in Skim_TriLep_TTG_PTG100to200.root
2026-01-07 11:56:32,537 - INFO - [2023BPix] MISSING_CENTRAL: ZFake3Mu/Central/MHc160_MA98/LR_diboson in Skim_TriLep_TTG_PTG200toInf.root
