2025-09-24 16:08:05,079 - INFO - [2022] MISSING_CENTRAL: ZFake3Mu/Central/muons/3/pz in Skim_TriLep_DYJets10to50.root
2025-09-24 16:08:05,079 - INFO - [2022] MISSING_CENTRAL: ZFake3Mu/Central/muons/3/pz in Skim_TriLep_DYGTo2LG_MLL4to50_PTG10to100.root
2025-09-24 16:08:05,080 - INFO - [2022] MISSING_CENTRAL: ZFake3Mu/Central/muons/3/pz in Skim_TriLep_DYGTo2LG_MLL4to50_PTG100to200.root
2025-09-24 16:08:05,080 - INFO - [2022] MISSING_CENTRAL: ZFake3Mu/Central/muons/3/pz in Skim_TriLep_DYGTo2LG_MLL4to50_PTG200toInf.root
2025-09-24 16:08:05,092 - INFO - [2022] MISSING_CENTRAL: ZFake3Mu/Central/muons/3/pz in Skim_TriLep_DYGTo2LG_MLL50_PTG100to200.root
2025-09-24 16:08:05,092 - INFO - [2022] MISSING_CENTRAL: ZFake3Mu/Central/muons/3/pz in Skim_TriLep_DYGTo2LG_MLL50_PTG200toInf.root
2025-09-24 16:08:05,126 - INFO - [2022] MISSING_CENTRAL: ZFake3Mu/Central/muons/3/pz in Skim_TriLep_TTG_PTG100to200.root
2025-09-24 16:08:05,126 - INFO - [2022] MISSING_CENTRAL: ZFake3Mu/Central/muons/3/pz in Skim_TriLep_TTG_PTG200toInf.root
2025-09-24 16:08:05,702 - INFO - [2022EE] MISSING_CENTRAL: ZFake3Mu/Central/muons/3/pz in Skim_TriLep_DYJets10to50.root
2025-09-24 16:08:05,702 - INFO - [2022EE] MISSING_CENTRAL: ZFake3Mu/Central/muons/3/pz in Skim_TriLep_DYGTo2LG_MLL4to50_PTG10to100.root
2025-09-24 16:08:05,703 - INFO - [2022EE] MISSING_CENTRAL: ZFake3Mu/Central/muons/3/pz in Skim_TriLep_DYGTo2LG_MLL4to50_PTG100to200.root
2025-09-24 16:08:06,530 - INFO - [2023] MISSING_CENTRAL: ZFake3Mu/Central/muons/3/pz in Skim_TriLep_DYJets10to50.root
2025-09-24 16:08:06,531 - INFO - [2023] MISSING_CENTRAL: ZFake3Mu/Central/muons/3/pz in Skim_TriLep_DYGTo2LG_MLL4to50_PTG10to100.root
2025-09-24 16:08:06,646 - INFO - [2023] MISSING_CENTRAL: ZFake3Mu/Central/muons/3/pz in Skim_TriLep_TTG_PTG100to200.root
2025-09-24 16:08:06,646 - INFO - [2023] MISSING_CENTRAL: ZFake3Mu/Central/muons/3/pz in Skim_TriLep_TTG_PTG200toInf.root
2025-09-24 16:08:06,910 - INFO - [2023BPix] MISSING_SYSTEMATIC: ZFake3Mu/JetEn_Down/muons/3/pz in Skim_TriLep_DYJets.root
2025-09-24 16:08:06,923 - INFO - [2023BPix] MISSING_CENTRAL: ZFake3Mu/Central/muons/3/pz in Skim_TriLep_DYJets10to50.root
2025-09-24 16:08:07,197 - INFO - [2023BPix] MISSING_CENTRAL: ZFake3Mu/Central/muons/3/pz in Skim_TriLep_TTG_PTG200toInf.root
2025-10-02 21:23:42,426 - INFO - [2022] MISSING_CENTRAL: ZFake3Mu/Central/muons/3/pz in Skim_TriLep_DYJets10to50.root
2025-10-02 21:23:42,427 - INFO - [2022] MISSING_CENTRAL: ZFake3Mu/Central/muons/3/pz in Skim_TriLep_DYGTo2LG_MLL4to50_PTG10to100.root
2025-10-02 21:23:42,428 - INFO - [2022] MISSING_CENTRAL: ZFake3Mu/Central/muons/3/pz in Skim_TriLep_DYGTo2LG_MLL4to50_PTG100to200.root
2025-10-02 21:23:42,429 - INFO - [2022] MISSING_CENTRAL: ZFake3Mu/Central/muons/3/pz in Skim_TriLep_DYGTo2LG_MLL4to50_PTG200toInf.root
2025-10-02 21:23:42,450 - INFO - [2022] MISSING_CENTRAL: ZFake3Mu/Central/muons/3/pz in Skim_TriLep_DYGTo2LG_MLL50_PTG100to200.root
2025-10-02 21:23:42,451 - INFO - [2022] MISSING_CENTRAL: ZFake3Mu/Central/muons/3/pz in Skim_TriLep_DYGTo2LG_MLL50_PTG200toInf.root
2025-10-02 21:23:42,475 - INFO - [2022] MISSING_CENTRAL: ZFake3Mu/Central/muons/3/pz in Skim_TriLep_TTG_PTG100to200.root
2025-10-02 21:23:42,477 - INFO - [2022] MISSING_CENTRAL: ZFake3Mu/Central/muons/3/pz in Skim_TriLep_TTG_PTG200toInf.root
2025-10-02 21:23:42,884 - INFO - [2022EE] MISSING_CENTRAL: ZFake3Mu/Central/muons/3/pz in Skim_TriLep_DYJets10to50.root
2025-10-02 21:23:42,885 - INFO - [2022EE] MISSING_CENTRAL: ZFake3Mu/Central/muons/3/pz in Skim_TriLep_DYGTo2LG_MLL4to50_PTG10to100.root
2025-10-02 21:23:42,886 - INFO - [2022EE] MISSING_CENTRAL: ZFake3Mu/Central/muons/3/pz in Skim_TriLep_DYGTo2LG_MLL4to50_PTG100to200.root
2025-10-02 21:23:43,479 - INFO - [2023] MISSING_CENTRAL: ZFake3Mu/Central/muons/3/pz in Skim_TriLep_DYJets10to50.root
2025-10-02 21:23:43,481 - INFO - [2023] MISSING_CENTRAL: ZFake3Mu/Central/muons/3/pz in Skim_TriLep_DYGTo2LG_MLL4to50_PTG10to100.root
2025-10-02 21:23:43,675 - INFO - [2023] MISSING_CENTRAL: ZFake3Mu/Central/muons/3/pz in Skim_TriLep_TTG_PTG100to200.root
2025-10-02 21:23:43,677 - INFO - [2023] MISSING_CENTRAL: ZFake3Mu/Central/muons/3/pz in Skim_TriLep_TTG_PTG200toInf.root
2025-10-02 21:23:44,086 - INFO - [2023BPix] MISSING_SYSTEMATIC: ZFake3Mu/JetEn_Down/muons/3/pz in Skim_TriLep_DYJets.root
2025-10-02 21:23:44,107 - INFO - [2023BPix] MISSING_CENTRAL: ZFake3Mu/Central/muons/3/pz in Skim_TriLep_DYJets10to50.root
2025-10-02 21:23:44,380 - INFO - [2023BPix] MISSING_CENTRAL: ZFake3Mu/Central/muons/3/pz in Skim_TriLep_TTG_PTG200toInf.root
2025-10-03 00:40:41,030 - INFO - [2022] MISSING_CENTRAL: ZFake3Mu/Central/muons/3/pz in Skim_TriLep_DYJets10to50.root
2025-10-03 00:40:41,032 - INFO - [2022] MISSING_CENTRAL: ZFake3Mu/Central/muons/3/pz in Skim_TriLep_DYGTo2LG_MLL4to50_PTG10to100.root
2025-10-03 00:40:41,033 - INFO - [2022] MISSING_CENTRAL: ZFake3Mu/Central/muons/3/pz in Skim_TriLep_DYGTo2LG_MLL4to50_PTG100to200.root
2025-10-03 00:40:41,033 - INFO - [2022] MISSING_CENTRAL: ZFake3Mu/Central/muons/3/pz in Skim_TriLep_DYGTo2LG_MLL4to50_PTG200toInf.root
2025-10-03 00:40:41,085 - INFO - [2022] MISSING_CENTRAL: ZFake3Mu/Central/muons/3/pz in Skim_TriLep_DYGTo2LG_MLL50_PTG100to200.root
2025-10-03 00:40:41,086 - INFO - [2022] MISSING_CENTRAL: ZFake3Mu/Central/muons/3/pz in Skim_TriLep_DYGTo2LG_MLL50_PTG200toInf.root
2025-10-03 00:40:41,112 - INFO - [2022] MISSING_CENTRAL: ZFake3Mu/Central/muons/3/pz in Skim_TriLep_TTG_PTG100to200.root
2025-10-03 00:40:41,113 - INFO - [2022] MISSING_CENTRAL: ZFake3Mu/Central/muons/3/pz in Skim_TriLep_TTG_PTG200toInf.root
2025-10-03 00:40:42,327 - INFO - [2022EE] MISSING_CENTRAL: ZFake3Mu/Central/muons/3/pz in Skim_TriLep_DYJets10to50.root
2025-10-03 00:40:42,328 - INFO - [2022EE] MISSING_CENTRAL: ZFake3Mu/Central/muons/3/pz in Skim_TriLep_DYGTo2LG_MLL4to50_PTG10to100.root
2025-10-03 00:40:42,328 - INFO - [2022EE] MISSING_CENTRAL: ZFake3Mu/Central/muons/3/pz in Skim_TriLep_DYGTo2LG_MLL4to50_PTG100to200.root
2025-10-03 00:40:43,673 - INFO - [2023] MISSING_CENTRAL: ZFake3Mu/Central/muons/3/pz in Skim_TriLep_DYJets10to50.root
2025-10-03 00:40:43,674 - INFO - [2023] MISSING_CENTRAL: ZFake3Mu/Central/muons/3/pz in Skim_TriLep_DYGTo2LG_MLL4to50_PTG10to100.root
2025-10-03 00:40:44,040 - INFO - [2023] MISSING_CENTRAL: ZFake3Mu/Central/muons/3/pz in Skim_TriLep_TTG_PTG100to200.root
2025-10-03 00:40:44,041 - INFO - [2023] MISSING_CENTRAL: ZFake3Mu/Central/muons/3/pz in Skim_TriLep_TTG_PTG200toInf.root
2025-10-03 00:40:44,685 - INFO - [2023BPix] MISSING_SYSTEMATIC: ZFake3Mu/JetEn_Down/muons/3/pz in Skim_TriLep_DYJets.root
2025-10-03 00:40:44,722 - INFO - [2023BPix] MISSING_CENTRAL: ZFake3Mu/Central/muons/3/pz in Skim_TriLep_DYJets10to50.root
2025-10-03 00:40:45,096 - INFO - [2023BPix] MISSING_CENTRAL: ZFake3Mu/Central/muons/3/pz in Skim_TriLep_TTG_PTG200toInf.root
2025-11-07 13:14:24,667 - INFO - [2022] MISSING_FILE: /home/choij/Sync/workspace/ChargedHiggsAnalysisV3/SKNanoOutput/PromptSelector/Run3Mu/2022/Skim_TriLep_DoubleMuon_C.root
2025-11-07 13:14:24,671 - INFO - [2022] MISSING_FILE: /home/choij/Sync/workspace/ChargedHiggsAnalysisV3/SKNanoOutput/PromptSelector/Run3Mu/2022/Skim_TriLep_Muon_C.root
2025-11-07 13:14:24,671 - INFO - [2022] MISSING_FILE: /home/choij/Sync/workspace/ChargedHiggsAnalysisV3/SKNanoOutput/PromptSelector/Run3Mu/2022/Skim_TriLep_Muon_D.root
2025-11-07 13:14:24,671 - INFO - [2022EE] MISSING_FILE: /home/choij/Sync/workspace/ChargedHiggsAnalysisV3/SKNanoOutput/PromptSelector/Run3Mu/2022EE/Skim_TriLep_Muon_E.root
2025-11-07 13:14:24,671 - INFO - [2022EE] MISSING_FILE: /home/choij/Sync/workspace/ChargedHiggsAnalysisV3/SKNanoOutput/PromptSelector/Run3Mu/2022EE/Skim_TriLep_Muon_F.root
2025-11-07 13:14:24,671 - INFO - [2022EE] MISSING_FILE: /home/choij/Sync/workspace/ChargedHiggsAnalysisV3/SKNanoOutput/PromptSelector/Run3Mu/2022EE/Skim_TriLep_Muon_G.root
2025-11-07 13:14:24,671 - INFO - [2023] MISSING_FILE: /home/choij/Sync/workspace/ChargedHiggsAnalysisV3/SKNanoOutput/PromptSelector/Run3Mu/2023/Skim_TriLep_Muon0_C_v1.root
2025-11-07 13:14:24,671 - INFO - [2023] MISSING_FILE: /home/choij/Sync/workspace/ChargedHiggsAnalysisV3/SKNanoOutput/PromptSelector/Run3Mu/2023/Skim_TriLep_Muon0_C_v2.root
2025-11-07 13:14:24,671 - INFO - [2023] MISSING_FILE: /home/choij/Sync/workspace/ChargedHiggsAnalysisV3/SKNanoOutput/PromptSelector/Run3Mu/2023/Skim_TriLep_Muon0_C_v3.root
2025-11-07 13:14:24,671 - INFO - [2023] MISSING_FILE: /home/choij/Sync/workspace/ChargedHiggsAnalysisV3/SKNanoOutput/PromptSelector/Run3Mu/2023/Skim_TriLep_Muon0_C_v4.root
2025-11-07 13:14:24,671 - INFO - [2023] MISSING_FILE: /home/choij/Sync/workspace/ChargedHiggsAnalysisV3/SKNanoOutput/PromptSelector/Run3Mu/2023/Skim_TriLep_Muon1_C_v1.root
2025-11-07 13:14:24,671 - INFO - [2023] MISSING_FILE: /home/choij/Sync/workspace/ChargedHiggsAnalysisV3/SKNanoOutput/PromptSelector/Run3Mu/2023/Skim_TriLep_Muon1_C_v2.root
2025-11-07 13:14:24,671 - INFO - [2023] MISSING_FILE: /home/choij/Sync/workspace/ChargedHiggsAnalysisV3/SKNanoOutput/PromptSelector/Run3Mu/2023/Skim_TriLep_Muon1_C_v3.root
2025-11-07 13:14:24,671 - INFO - [2023] MISSING_FILE: /home/choij/Sync/workspace/ChargedHiggsAnalysisV3/SKNanoOutput/PromptSelector/Run3Mu/2023/Skim_TriLep_Muon1_C_v4.root
2025-11-07 13:14:24,671 - INFO - [2023BPix] MISSING_FILE: /home/choij/Sync/workspace/ChargedHiggsAnalysisV3/SKNanoOutput/PromptSelector/Run3Mu/2023BPix/Skim_TriLep_Muon0_D_v1.root
2025-11-07 13:14:24,671 - INFO - [2023BPix] MISSING_FILE: /home/choij/Sync/workspace/ChargedHiggsAnalysisV3/SKNanoOutput/PromptSelector/Run3Mu/2023BPix/Skim_TriLep_Muon0_D_v2.root
2025-11-07 13:14:24,671 - INFO - [2023BPix] MISSING_FILE: /home/choij/Sync/workspace/ChargedHiggsAnalysisV3/SKNanoOutput/PromptSelector/Run3Mu/2023BPix/Skim_TriLep_Muon1_D_v1.root
2025-11-07 13:14:24,671 - INFO - [2023BPix] MISSING_FILE: /home/choij/Sync/workspace/ChargedHiggsAnalysisV3/SKNanoOutput/PromptSelector/Run3Mu/2023BPix/Skim_TriLep_Muon1_D_v2.root
2025-11-07 14:11:53,564 - INFO - [2022] MISSING_FILE: /home/choij/Sync/workspace/ChargedHiggsAnalysisV3/SKNanoOutput/PromptSelector/Run3Mu/2022/Skim_TriLep_DoubleMuon_C.root
2025-11-07 14:11:53,564 - INFO - [2022] MISSING_FILE: /home/choij/Sync/workspace/ChargedHiggsAnalysisV3/SKNanoOutput/PromptSelector/Run3Mu/2022/Skim_TriLep_Muon_C.root
2025-11-07 14:11:53,564 - INFO - [2022] MISSING_FILE: /home/choij/Sync/workspace/ChargedHiggsAnalysisV3/SKNanoOutput/PromptSelector/Run3Mu/2022/Skim_TriLep_Muon_D.root
2025-11-07 14:11:53,564 - INFO - [2022EE] MISSING_FILE: /home/choij/Sync/workspace/ChargedHiggsAnalysisV3/SKNanoOutput/PromptSelector/Run3Mu/2022EE/Skim_TriLep_Muon_E.root
2025-11-07 14:11:53,565 - INFO - [2022EE] MISSING_FILE: /home/choij/Sync/workspace/ChargedHiggsAnalysisV3/SKNanoOutput/PromptSelector/Run3Mu/2022EE/Skim_TriLep_Muon_F.root
2025-11-07 14:11:53,565 - INFO - [2022EE] MISSING_FILE: /home/choij/Sync/workspace/ChargedHiggsAnalysisV3/SKNanoOutput/PromptSelector/Run3Mu/2022EE/Skim_TriLep_Muon_G.root
2025-11-07 14:11:53,565 - INFO - [2023] MISSING_FILE: /home/choij/Sync/workspace/ChargedHiggsAnalysisV3/SKNanoOutput/PromptSelector/Run3Mu/2023/Skim_TriLep_Muon0_C_v1.root
2025-11-07 14:11:53,565 - INFO - [2023] MISSING_FILE: /home/choij/Sync/workspace/ChargedHiggsAnalysisV3/SKNanoOutput/PromptSelector/Run3Mu/2023/Skim_TriLep_Muon0_C_v2.root
2025-11-07 14:11:53,565 - INFO - [2023] MISSING_FILE: /home/choij/Sync/workspace/ChargedHiggsAnalysisV3/SKNanoOutput/PromptSelector/Run3Mu/2023/Skim_TriLep_Muon0_C_v3.root
2025-11-07 14:11:53,565 - INFO - [2023] MISSING_FILE: /home/choij/Sync/workspace/ChargedHiggsAnalysisV3/SKNanoOutput/PromptSelector/Run3Mu/2023/Skim_TriLep_Muon0_C_v4.root
2025-11-07 14:11:53,565 - INFO - [2023] MISSING_FILE: /home/choij/Sync/workspace/ChargedHiggsAnalysisV3/SKNanoOutput/PromptSelector/Run3Mu/2023/Skim_TriLep_Muon1_C_v1.root
2025-11-07 14:11:53,565 - INFO - [2023] MISSING_FILE: /home/choij/Sync/workspace/ChargedHiggsAnalysisV3/SKNanoOutput/PromptSelector/Run3Mu/2023/Skim_TriLep_Muon1_C_v2.root
2025-11-07 14:11:53,565 - INFO - [2023] MISSING_FILE: /home/choij/Sync/workspace/ChargedHiggsAnalysisV3/SKNanoOutput/PromptSelector/Run3Mu/2023/Skim_TriLep_Muon1_C_v3.root
2025-11-07 14:11:53,565 - INFO - [2023] MISSING_FILE: /home/choij/Sync/workspace/ChargedHiggsAnalysisV3/SKNanoOutput/PromptSelector/Run3Mu/2023/Skim_TriLep_Muon1_C_v4.root
2025-11-07 14:11:53,565 - INFO - [2023BPix] MISSING_FILE: /home/choij/Sync/workspace/ChargedHiggsAnalysisV3/SKNanoOutput/PromptSelector/Run3Mu/2023BPix/Skim_TriLep_Muon0_D_v1.root
2025-11-07 14:11:53,566 - INFO - [2023BPix] MISSING_FILE: /home/choij/Sync/workspace/ChargedHiggsAnalysisV3/SKNanoOutput/PromptSelector/Run3Mu/2023BPix/Skim_TriLep_Muon0_D_v2.root
2025-11-07 14:11:53,566 - INFO - [2023BPix] MISSING_FILE: /home/choij/Sync/workspace/ChargedHiggsAnalysisV3/SKNanoOutput/PromptSelector/Run3Mu/2023BPix/Skim_TriLep_Muon1_D_v1.root
2025-11-07 14:11:53,566 - INFO - [2023BPix] MISSING_FILE: /home/choij/Sync/workspace/ChargedHiggsAnalysisV3/SKNanoOutput/PromptSelector/Run3Mu/2023BPix/Skim_TriLep_Muon1_D_v2.root
