2025-09-24 16:07:57,353 - INFO - [2022] MISSING_CENTRAL: ZFake3Mu/Central/muons/1/pt in Skim_TriLep_DYJets10to50.root
2025-09-24 16:07:57,354 - INFO - [2022] MISSING_CENTRAL: ZFake3Mu/Central/muons/1/pt in Skim_TriLep_DYGTo2LG_MLL4to50_PTG10to100.root
2025-09-24 16:07:57,354 - INFO - [2022] MISSING_CENTRAL: ZFake3Mu/Central/muons/1/pt in Skim_TriLep_DYGTo2LG_MLL4to50_PTG100to200.root
2025-09-24 16:07:57,354 - INFO - [2022] MISSING_CENTRAL: ZFake3Mu/Central/muons/1/pt in Skim_TriLep_DYGTo2LG_MLL4to50_PTG200toInf.root
2025-09-24 16:07:57,363 - INFO - [2022] MISSING_CENTRAL: ZFake3Mu/Central/muons/1/pt in Skim_TriLep_DYGTo2LG_MLL50_PTG100to200.root
2025-09-24 16:07:57,363 - INFO - [2022] MISSING_CENTRAL: ZFake3Mu/Central/muons/1/pt in Skim_TriLep_DYGTo2LG_MLL50_PTG200toInf.root
2025-09-24 16:07:57,371 - INFO - [2022] MISSING_CENTRAL: ZFake3Mu/Central/muons/1/pt in Skim_TriLep_TTG_PTG100to200.root
2025-09-24 16:07:57,371 - INFO - [2022] MISSING_CENTRAL: ZFake3Mu/Central/muons/1/pt in Skim_TriLep_TTG_PTG200toInf.root
2025-09-24 16:07:57,613 - INFO - [2022EE] MISSING_CENTRAL: ZFake3Mu/Central/muons/1/pt in Skim_TriLep_DYJets10to50.root
2025-09-24 16:07:57,613 - INFO - [2022EE] MISSING_CENTRAL: ZFake3Mu/Central/muons/1/pt in Skim_TriLep_DYGTo2LG_MLL4to50_PTG10to100.root
2025-09-24 16:07:57,614 - INFO - [2022EE] MISSING_CENTRAL: ZFake3Mu/Central/muons/1/pt in Skim_TriLep_DYGTo2LG_MLL4to50_PTG100to200.root
2025-09-24 16:07:57,881 - INFO - [2023] MISSING_CENTRAL: ZFake3Mu/Central/muons/1/pt in Skim_TriLep_DYJets10to50.root
2025-09-24 16:07:57,882 - INFO - [2023] MISSING_CENTRAL: ZFake3Mu/Central/muons/1/pt in Skim_TriLep_DYGTo2LG_MLL4to50_PTG10to100.root
2025-09-24 16:07:57,964 - INFO - [2023] MISSING_CENTRAL: ZFake3Mu/Central/muons/1/pt in Skim_TriLep_TTG_PTG100to200.root
2025-09-24 16:07:57,964 - INFO - [2023] MISSING_CENTRAL: ZFake3Mu/Central/muons/1/pt in Skim_TriLep_TTG_PTG200toInf.root
2025-09-24 16:07:58,152 - INFO - [2023BPix] MISSING_SYSTEMATIC: ZFake3Mu/JetEn_Down/muons/1/pt in Skim_TriLep_DYJets.root
2025-09-24 16:07:58,164 - INFO - [2023BPix] MISSING_CENTRAL: ZFake3Mu/Central/muons/1/pt in Skim_TriLep_DYJets10to50.root
2025-09-24 16:07:58,268 - INFO - [2023BPix] MISSING_CENTRAL: ZFake3Mu/Central/muons/1/pt in Skim_TriLep_TTG_PTG200toInf.root
2025-10-02 21:23:42,343 - INFO - [2022] MISSING_CENTRAL: ZFake3Mu/Central/muons/1/pt in Skim_TriLep_DYJets10to50.root
2025-10-02 21:23:42,349 - INFO - [2022] MISSING_CENTRAL: ZFake3Mu/Central/muons/1/pt in Skim_TriLep_DYGTo2LG_MLL4to50_PTG10to100.root
2025-10-02 21:23:42,352 - INFO - [2022] MISSING_CENTRAL: ZFake3Mu/Central/muons/1/pt in Skim_TriLep_DYGTo2LG_MLL4to50_PTG100to200.root
2025-10-02 21:23:42,356 - INFO - [2022] MISSING_CENTRAL: ZFake3Mu/Central/muons/1/pt in Skim_TriLep_DYGTo2LG_MLL4to50_PTG200toInf.root
2025-10-02 21:23:42,386 - INFO - [2022] MISSING_CENTRAL: ZFake3Mu/Central/muons/1/pt in Skim_TriLep_DYGTo2LG_MLL50_PTG100to200.root
2025-10-02 21:23:42,389 - INFO - [2022] MISSING_CENTRAL: ZFake3Mu/Central/muons/1/pt in Skim_TriLep_DYGTo2LG_MLL50_PTG200toInf.root
2025-10-02 21:23:42,413 - INFO - [2022] MISSING_CENTRAL: ZFake3Mu/Central/muons/1/pt in Skim_TriLep_TTG_PTG100to200.root
2025-10-02 21:23:42,414 - INFO - [2022] MISSING_CENTRAL: ZFake3Mu/Central/muons/1/pt in Skim_TriLep_TTG_PTG200toInf.root
2025-10-02 21:23:42,729 - INFO - [2022EE] MISSING_CENTRAL: ZFake3Mu/Central/muons/1/pt in Skim_TriLep_DYJets10to50.root
2025-10-02 21:23:42,731 - INFO - [2022EE] MISSING_CENTRAL: ZFake3Mu/Central/muons/1/pt in Skim_TriLep_DYGTo2LG_MLL4to50_PTG10to100.root
2025-10-02 21:23:42,732 - INFO - [2022EE] MISSING_CENTRAL: ZFake3Mu/Central/muons/1/pt in Skim_TriLep_DYGTo2LG_MLL4to50_PTG100to200.root
2025-10-02 21:23:43,166 - INFO - [2023] MISSING_CENTRAL: ZFake3Mu/Central/muons/1/pt in Skim_TriLep_DYJets10to50.root
2025-10-02 21:23:43,168 - INFO - [2023] MISSING_CENTRAL: ZFake3Mu/Central/muons/1/pt in Skim_TriLep_DYGTo2LG_MLL4to50_PTG10to100.root
2025-10-02 21:23:43,312 - INFO - [2023] MISSING_CENTRAL: ZFake3Mu/Central/muons/1/pt in Skim_TriLep_TTG_PTG100to200.root
2025-10-02 21:23:43,313 - INFO - [2023] MISSING_CENTRAL: ZFake3Mu/Central/muons/1/pt in Skim_TriLep_TTG_PTG200toInf.root
2025-10-02 21:23:43,627 - INFO - [2023BPix] MISSING_SYSTEMATIC: ZFake3Mu/JetEn_Down/muons/1/pt in Skim_TriLep_DYJets.root
2025-10-02 21:23:43,640 - INFO - [2023BPix] MISSING_CENTRAL: ZFake3Mu/Central/muons/1/pt in Skim_TriLep_DYJets10to50.root
2025-10-02 21:23:43,840 - INFO - [2023BPix] MISSING_CENTRAL: ZFake3Mu/Central/muons/1/pt in Skim_TriLep_TTG_PTG200toInf.root
2025-10-03 00:40:27,417 - INFO - [2022] MISSING_CENTRAL: ZFake3Mu/Central/muons/1/pt in Skim_TriLep_DYJets10to50.root
2025-10-03 00:40:27,418 - INFO - [2022] MISSING_CENTRAL: ZFake3Mu/Central/muons/1/pt in Skim_TriLep_DYGTo2LG_MLL4to50_PTG10to100.root
2025-10-03 00:40:27,419 - INFO - [2022] MISSING_CENTRAL: ZFake3Mu/Central/muons/1/pt in Skim_TriLep_DYGTo2LG_MLL4to50_PTG100to200.root
2025-10-03 00:40:27,419 - INFO - [2022] MISSING_CENTRAL: ZFake3Mu/Central/muons/1/pt in Skim_TriLep_DYGTo2LG_MLL4to50_PTG200toInf.root
2025-10-03 00:40:27,445 - INFO - [2022] MISSING_CENTRAL: ZFake3Mu/Central/muons/1/pt in Skim_TriLep_DYGTo2LG_MLL50_PTG100to200.root
2025-10-03 00:40:27,445 - INFO - [2022] MISSING_CENTRAL: ZFake3Mu/Central/muons/1/pt in Skim_TriLep_DYGTo2LG_MLL50_PTG200toInf.root
2025-10-03 00:40:27,472 - INFO - [2022] MISSING_CENTRAL: ZFake3Mu/Central/muons/1/pt in Skim_TriLep_TTG_PTG100to200.root
2025-10-03 00:40:27,473 - INFO - [2022] MISSING_CENTRAL: ZFake3Mu/Central/muons/1/pt in Skim_TriLep_TTG_PTG200toInf.root
2025-10-03 00:40:27,913 - INFO - [2022EE] MISSING_CENTRAL: ZFake3Mu/Central/muons/1/pt in Skim_TriLep_DYJets10to50.root
2025-10-03 00:40:27,914 - INFO - [2022EE] MISSING_CENTRAL: ZFake3Mu/Central/muons/1/pt in Skim_TriLep_DYGTo2LG_MLL4to50_PTG10to100.root
2025-10-03 00:40:27,915 - INFO - [2022EE] MISSING_CENTRAL: ZFake3Mu/Central/muons/1/pt in Skim_TriLep_DYGTo2LG_MLL4to50_PTG100to200.root
2025-10-03 00:40:28,594 - INFO - [2023] MISSING_CENTRAL: ZFake3Mu/Central/muons/1/pt in Skim_TriLep_DYJets10to50.root
2025-10-03 00:40:28,595 - INFO - [2023] MISSING_CENTRAL: ZFake3Mu/Central/muons/1/pt in Skim_TriLep_DYGTo2LG_MLL4to50_PTG10to100.root
2025-10-03 00:40:28,805 - INFO - [2023] MISSING_CENTRAL: ZFake3Mu/Central/muons/1/pt in Skim_TriLep_TTG_PTG100to200.root
2025-10-03 00:40:28,807 - INFO - [2023] MISSING_CENTRAL: ZFake3Mu/Central/muons/1/pt in Skim_TriLep_TTG_PTG200toInf.root
2025-10-03 00:40:29,269 - INFO - [2023BPix] MISSING_SYSTEMATIC: ZFake3Mu/JetEn_Down/muons/1/pt in Skim_TriLep_DYJets.root
2025-10-03 00:40:29,301 - INFO - [2023BPix] MISSING_CENTRAL: ZFake3Mu/Central/muons/1/pt in Skim_TriLep_DYJets10to50.root
2025-10-03 00:40:29,580 - INFO - [2023BPix] MISSING_CENTRAL: ZFake3Mu/Central/muons/1/pt in Skim_TriLep_TTG_PTG200toInf.root
