2025-09-24 16:03:45,732 - INFO - [2023] MISSING_CENTRAL: SR3Mu/Central/jets/4/py in Skim_TriLep_Muon0_C_v2.root
2025-09-24 16:03:45,733 - INFO - [2023] MISSING_CENTRAL: SR3Mu/Central/jets/4/py in Skim_TriLep_Muon0_C_v3.root
2025-09-24 16:03:45,733 - INFO - [2023] MISSING_CENTRAL: SR3Mu/Central/jets/4/py in Skim_TriLep_Muon0_C_v4.root
2025-09-24 16:03:45,734 - INFO - [2023] MISSING_CENTRAL: SR3Mu/Central/jets/4/py in Skim_TriLep_Muon1_C_v2.root
2025-09-24 16:03:45,734 - INFO - [2023] MISSING_CENTRAL: SR3Mu/Central/jets/4/py in Skim_TriLep_Muon1_C_v3.root
2025-09-24 16:03:45,734 - INFO - [2023] MISSING_CENTRAL: SR3Mu/Central/jets/4/py in Skim_TriLep_Muon1_C_v4.root
2025-09-24 16:03:45,749 - INFO - [2023] MISSING_CENTRAL: SR3Mu/Central/jets/4/py in Skim_TriLep_Muon0_C_v1.root
2025-09-24 16:03:45,749 - INFO - [2023] MISSING_CENTRAL: SR3Mu/Central/jets/4/py in Skim_TriLep_Muon0_C_v2.root
2025-09-24 16:03:45,754 - INFO - [2023] MISSING_CENTRAL: SR3Mu/Central/jets/4/py in Skim_TriLep_Muon1_C_v2.root
2025-09-24 16:03:45,755 - INFO - [2023] MISSING_CENTRAL: SR3Mu/Central/jets/4/py in Skim_TriLep_Muon1_C_v3.root
2025-09-24 16:03:45,817 - INFO - [2023] MISSING_CENTRAL: SR3Mu/Central/jets/4/py in Skim_TriLep_DYJets.root
2025-09-24 16:03:45,818 - INFO - [2023] MISSING_CENTRAL: SR3Mu/Central/jets/4/py in Skim_TriLep_DYJets10to50.root
2025-09-24 16:03:45,818 - INFO - [2023] MISSING_CENTRAL: SR3Mu/Central/jets/4/py in Skim_TriLep_DYGTo2LG_MLL4to50_PTG10to100.root
2025-09-24 16:03:45,818 - INFO - [2023] MISSING_CENTRAL: SR3Mu/Central/jets/4/py in Skim_TriLep_DYGTo2LG_MLL4to50_PTG100to200.root
2025-09-24 16:03:45,819 - INFO - [2023] MISSING_CENTRAL: SR3Mu/Central/jets/4/py in Skim_TriLep_DYGTo2LG_MLL4to50_PTG200toInf.root
2025-09-24 16:03:45,819 - INFO - [2023] MISSING_CENTRAL: SR3Mu/Central/jets/4/py in Skim_TriLep_DYGTo2LG_MLL50_PTG10to100.root
2025-09-24 16:03:45,819 - INFO - [2023] MISSING_CENTRAL: SR3Mu/Central/jets/4/py in Skim_TriLep_DYGTo2LG_MLL50_PTG100to200.root
2025-09-24 16:03:45,820 - INFO - [2023] MISSING_CENTRAL: SR3Mu/Central/jets/4/py in Skim_TriLep_DYGTo2LG_MLL50_PTG200to400.root
2025-09-24 16:03:45,820 - INFO - [2023] MISSING_CENTRAL: SR3Mu/Central/jets/4/py in Skim_TriLep_DYGTo2LG_MLL50_PTG400to600.root
2025-09-24 16:03:45,820 - INFO - [2023] MISSING_CENTRAL: SR3Mu/Central/jets/4/py in Skim_TriLep_DYGTo2LG_MLL50_PTG600toInf.root
2025-09-24 16:03:45,820 - INFO - [2023] MISSING_CENTRAL: SR3Mu/Central/jets/4/py in Skim_TriLep_TTG_PTG10to100.root
2025-09-24 16:03:45,821 - INFO - [2023] MISSING_CENTRAL: SR3Mu/Central/jets/4/py in Skim_TriLep_TTG_PTG100to200.root
2025-09-24 16:03:45,821 - INFO - [2023] MISSING_CENTRAL: SR3Mu/Central/jets/4/py in Skim_TriLep_TTG_PTG200toInf.root
2025-09-24 16:03:46,188 - INFO - [2023] MISSING_CENTRAL: SR3Mu/Central/jets/4/py in Skim_TriLep_WWW.root
2025-09-24 16:03:46,303 - INFO - [2023] MISSING_CENTRAL: SR3Mu/Central/jets/4/py in Skim_TriLep_VBFHToZZTo4L.root
2025-09-24 16:03:46,303 - INFO - [2023] MISSING_CENTRAL: SR3Mu/Central/jets/4/py in Skim_TriLep_ggHToZZTo4L.root
