2025-09-24 16:03:39,168 - INFO - [2023] MISSING_CENTRAL: SR3Mu/Central/jets/3/eta in Skim_TriLep_Muon1_C_v3.root
2025-09-24 16:03:39,285 - INFO - [2023] MISSING_CENTRAL: SR3Mu/Central/jets/3/eta in Skim_TriLep_DYJets.root
2025-09-24 16:03:39,286 - INFO - [2023] MISSING_CENTRAL: SR3Mu/Central/jets/3/eta in Skim_TriLep_DYJets10to50.root
2025-09-24 16:03:39,286 - INFO - [2023] MISSING_CENTRAL: SR3Mu/Central/jets/3/eta in Skim_TriLep_DYGTo2LG_MLL4to50_PTG10to100.root
2025-09-24 16:03:39,286 - INFO - [2023] MISSING_CENTRAL: SR3Mu/Central/jets/3/eta in Skim_TriLep_DYGTo2LG_MLL4to50_PTG100to200.root
2025-09-24 16:03:39,289 - INFO - [2023] MISSING_CENTRAL: SR3Mu/Central/jets/3/eta in Skim_TriLep_DYGTo2LG_MLL4to50_PTG200toInf.root
2025-09-24 16:03:39,312 - INFO - [2023] MISSING_CENTRAL: SR3Mu/Central/jets/3/eta in Skim_TriLep_DYGTo2LG_MLL50_PTG100to200.root
2025-09-24 16:03:39,313 - INFO - [2023] MISSING_CENTRAL: SR3Mu/Central/jets/3/eta in Skim_TriLep_DYGTo2LG_MLL50_PTG200to400.root
2025-09-24 16:03:39,314 - INFO - [2023] MISSING_CENTRAL: SR3Mu/Central/jets/3/eta in Skim_TriLep_DYGTo2LG_MLL50_PTG400to600.root
2025-09-24 16:03:39,318 - INFO - [2023] MISSING_CENTRAL: SR3Mu/Central/jets/3/eta in Skim_TriLep_DYGTo2LG_MLL50_PTG600toInf.root
2025-09-24 16:03:39,400 - INFO - [2023] MISSING_CENTRAL: SR3Mu/Central/jets/3/eta in Skim_TriLep_WWW.root
2025-09-24 16:03:39,427 - INFO - [2023] MISSING_CENTRAL: SR3Mu/Central/jets/3/eta in Skim_TriLep_ggHToZZTo4L.root
2025-10-02 21:21:25,347 - INFO - [2023] MISSING_CENTRAL: SR3Mu/Central/jets/3/eta in Skim_TriLep_Muon1_C_v3.root
2025-10-02 21:21:25,516 - INFO - [2023] MISSING_CENTRAL: SR3Mu/Central/jets/3/eta in Skim_TriLep_DYJets.root
2025-10-02 21:21:25,516 - INFO - [2023] MISSING_CENTRAL: SR3Mu/Central/jets/3/eta in Skim_TriLep_DYJets10to50.root
2025-10-02 21:21:25,518 - INFO - [2023] MISSING_CENTRAL: SR3Mu/Central/jets/3/eta in Skim_TriLep_DYGTo2LG_MLL4to50_PTG10to100.root
2025-10-02 21:21:25,519 - INFO - [2023] MISSING_CENTRAL: SR3Mu/Central/jets/3/eta in Skim_TriLep_DYGTo2LG_MLL4to50_PTG100to200.root
2025-10-02 21:21:25,520 - INFO - [2023] MISSING_CENTRAL: SR3Mu/Central/jets/3/eta in Skim_TriLep_DYGTo2LG_MLL4to50_PTG200toInf.root
2025-10-02 21:21:25,535 - INFO - [2023] MISSING_CENTRAL: SR3Mu/Central/jets/3/eta in Skim_TriLep_DYGTo2LG_MLL50_PTG100to200.root
2025-10-02 21:21:25,536 - INFO - [2023] MISSING_CENTRAL: SR3Mu/Central/jets/3/eta in Skim_TriLep_DYGTo2LG_MLL50_PTG200to400.root
2025-10-02 21:21:25,538 - INFO - [2023] MISSING_CENTRAL: SR3Mu/Central/jets/3/eta in Skim_TriLep_DYGTo2LG_MLL50_PTG400to600.root
2025-10-02 21:21:25,540 - INFO - [2023] MISSING_CENTRAL: SR3Mu/Central/jets/3/eta in Skim_TriLep_DYGTo2LG_MLL50_PTG600toInf.root
2025-10-02 21:21:27,622 - INFO - [2023] MISSING_CENTRAL: SR3Mu/Central/jets/3/eta in Skim_TriLep_WWW.root
2025-10-02 21:21:28,838 - INFO - [2023] MISSING_CENTRAL: SR3Mu/Central/jets/3/eta in Skim_TriLep_ggHToZZTo4L.root
2025-10-03 00:33:37,116 - INFO - [2023] MISSING_CENTRAL: SR3Mu/Central/jets/3/eta in Skim_TriLep_Muon1_C_v3.root
2025-10-03 00:33:37,172 - INFO - [2023] MISSING_CENTRAL: SR3Mu/Central/jets/3/eta in Skim_TriLep_DYJets.root
2025-10-03 00:33:37,173 - INFO - [2023] MISSING_CENTRAL: SR3Mu/Central/jets/3/eta in Skim_TriLep_DYJets10to50.root
2025-10-03 00:33:37,174 - INFO - [2023] MISSING_CENTRAL: SR3Mu/Central/jets/3/eta in Skim_TriLep_DYGTo2LG_MLL4to50_PTG10to100.root
2025-10-03 00:33:37,175 - INFO - [2023] MISSING_CENTRAL: SR3Mu/Central/jets/3/eta in Skim_TriLep_DYGTo2LG_MLL4to50_PTG100to200.root
2025-10-03 00:33:37,175 - INFO - [2023] MISSING_CENTRAL: SR3Mu/Central/jets/3/eta in Skim_TriLep_DYGTo2LG_MLL4to50_PTG200toInf.root
2025-10-03 00:33:37,187 - INFO - [2023] MISSING_CENTRAL: SR3Mu/Central/jets/3/eta in Skim_TriLep_DYGTo2LG_MLL50_PTG100to200.root
2025-10-03 00:33:37,188 - INFO - [2023] MISSING_CENTRAL: SR3Mu/Central/jets/3/eta in Skim_TriLep_DYGTo2LG_MLL50_PTG200to400.root
2025-10-03 00:33:37,188 - INFO - [2023] MISSING_CENTRAL: SR3Mu/Central/jets/3/eta in Skim_TriLep_DYGTo2LG_MLL50_PTG400to600.root
2025-10-03 00:33:37,199 - INFO - [2023] MISSING_CENTRAL: SR3Mu/Central/jets/3/eta in Skim_TriLep_DYGTo2LG_MLL50_PTG600toInf.root
2025-10-03 00:33:37,329 - INFO - [2023] MISSING_CENTRAL: SR3Mu/Central/jets/3/eta in Skim_TriLep_WWW.root
2025-10-03 00:33:37,387 - INFO - [2023] MISSING_CENTRAL: SR3Mu/Central/jets/3/eta in Skim_TriLep_ggHToZZTo4L.root
2025-11-07 13:12:40,012 - INFO - [2023] MISSING_FILE: /home/choij/Sync/workspace/ChargedHiggsAnalysisV3/SKNanoOutput/PromptSelector/Run3Mu/2023/Skim_TriLep_Muon0_C_v1.root
2025-11-07 13:12:40,012 - INFO - [2023] MISSING_FILE: /home/choij/Sync/workspace/ChargedHiggsAnalysisV3/SKNanoOutput/PromptSelector/Run3Mu/2023/Skim_TriLep_Muon0_C_v2.root
2025-11-07 13:12:40,012 - INFO - [2023] MISSING_FILE: /home/choij/Sync/workspace/ChargedHiggsAnalysisV3/SKNanoOutput/PromptSelector/Run3Mu/2023/Skim_TriLep_Muon0_C_v3.root
2025-11-07 13:12:40,012 - INFO - [2023] MISSING_FILE: /home/choij/Sync/workspace/ChargedHiggsAnalysisV3/SKNanoOutput/PromptSelector/Run3Mu/2023/Skim_TriLep_Muon0_C_v4.root
2025-11-07 13:12:40,012 - INFO - [2023] MISSING_FILE: /home/choij/Sync/workspace/ChargedHiggsAnalysisV3/SKNanoOutput/PromptSelector/Run3Mu/2023/Skim_TriLep_Muon1_C_v1.root
2025-11-07 13:12:40,012 - INFO - [2023] MISSING_FILE: /home/choij/Sync/workspace/ChargedHiggsAnalysisV3/SKNanoOutput/PromptSelector/Run3Mu/2023/Skim_TriLep_Muon1_C_v2.root
2025-11-07 13:12:40,014 - INFO - [2023] MISSING_FILE: /home/choij/Sync/workspace/ChargedHiggsAnalysisV3/SKNanoOutput/PromptSelector/Run3Mu/2023/Skim_TriLep_Muon1_C_v3.root
2025-11-07 13:12:40,015 - INFO - [2023] MISSING_FILE: /home/choij/Sync/workspace/ChargedHiggsAnalysisV3/SKNanoOutput/PromptSelector/Run3Mu/2023/Skim_TriLep_Muon1_C_v4.root
2025-11-07 14:10:15,057 - INFO - [2023] MISSING_FILE: /home/choij/Sync/workspace/ChargedHiggsAnalysisV3/SKNanoOutput/PromptSelector/Run3Mu/2023/Skim_TriLep_Muon0_C_v1.root
2025-11-07 14:10:15,058 - INFO - [2023] MISSING_FILE: /home/choij/Sync/workspace/ChargedHiggsAnalysisV3/SKNanoOutput/PromptSelector/Run3Mu/2023/Skim_TriLep_Muon0_C_v2.root
2025-11-07 14:10:15,058 - INFO - [2023] MISSING_FILE: /home/choij/Sync/workspace/ChargedHiggsAnalysisV3/SKNanoOutput/PromptSelector/Run3Mu/2023/Skim_TriLep_Muon0_C_v3.root
2025-11-07 14:10:15,058 - INFO - [2023] MISSING_FILE: /home/choij/Sync/workspace/ChargedHiggsAnalysisV3/SKNanoOutput/PromptSelector/Run3Mu/2023/Skim_TriLep_Muon0_C_v4.root
2025-11-07 14:10:15,058 - INFO - [2023] MISSING_FILE: /home/choij/Sync/workspace/ChargedHiggsAnalysisV3/SKNanoOutput/PromptSelector/Run3Mu/2023/Skim_TriLep_Muon1_C_v1.root
2025-11-07 14:10:15,058 - INFO - [2023] MISSING_FILE: /home/choij/Sync/workspace/ChargedHiggsAnalysisV3/SKNanoOutput/PromptSelector/Run3Mu/2023/Skim_TriLep_Muon1_C_v2.root
2025-11-07 14:10:15,059 - INFO - [2023] MISSING_FILE: /home/choij/Sync/workspace/ChargedHiggsAnalysisV3/SKNanoOutput/PromptSelector/Run3Mu/2023/Skim_TriLep_Muon1_C_v3.root
2025-11-07 14:10:15,059 - INFO - [2023] MISSING_FILE: /home/choij/Sync/workspace/ChargedHiggsAnalysisV3/SKNanoOutput/PromptSelector/Run3Mu/2023/Skim_TriLep_Muon1_C_v4.root
2025-11-10 12:26:16,893 - INFO - [2023] MISSING_CENTRAL: SR3Mu/Central/jets/3/eta in Skim_TriLep_Muon1_C_v3.root
2025-11-10 12:26:17,001 - INFO - [2023] MISSING_CENTRAL: SR3Mu/Central/jets/3/eta in Skim_TriLep_DYJets.root
2025-11-10 12:26:17,001 - INFO - [2023] MISSING_CENTRAL: SR3Mu/Central/jets/3/eta in Skim_TriLep_DYJets10to50.root
2025-11-10 12:26:17,002 - INFO - [2023] MISSING_CENTRAL: SR3Mu/Central/jets/3/eta in Skim_TriLep_DYGTo2LG_MLL4to50_PTG10to100.root
2025-11-10 12:26:17,003 - INFO - [2023] MISSING_CENTRAL: SR3Mu/Central/jets/3/eta in Skim_TriLep_DYGTo2LG_MLL4to50_PTG100to200.root
2025-11-10 12:26:17,004 - INFO - [2023] MISSING_CENTRAL: SR3Mu/Central/jets/3/eta in Skim_TriLep_DYGTo2LG_MLL4to50_PTG200toInf.root
2025-11-10 12:26:17,022 - INFO - [2023] MISSING_CENTRAL: SR3Mu/Central/jets/3/eta in Skim_TriLep_DYGTo2LG_MLL50_PTG100to200.root
2025-11-10 12:26:17,024 - INFO - [2023] MISSING_CENTRAL: SR3Mu/Central/jets/3/eta in Skim_TriLep_DYGTo2LG_MLL50_PTG200to400.root
2025-11-10 12:26:17,025 - INFO - [2023] MISSING_CENTRAL: SR3Mu/Central/jets/3/eta in Skim_TriLep_DYGTo2LG_MLL50_PTG400to600.root
2025-11-10 12:26:17,027 - INFO - [2023] MISSING_CENTRAL: SR3Mu/Central/jets/3/eta in Skim_TriLep_DYGTo2LG_MLL50_PTG600toInf.root
2025-11-10 12:26:17,113 - INFO - [2023] MISSING_CENTRAL: SR3Mu/Central/jets/3/eta in Skim_TriLep_WWW.root
2025-11-10 12:26:17,182 - INFO - [2023] MISSING_CENTRAL: SR3Mu/Central/jets/3/eta in Skim_TriLep_ggHToZZTo4L.root
2025-11-13 11:16:25,769 - INFO - [2023] MISSING_CENTRAL: SR3Mu/Central/jets/3/eta in Skim_TriLep_Muon1_C_v3.root
2025-11-13 11:16:25,806 - INFO - [2023] MISSING_CENTRAL: SR3Mu/Central/jets/3/eta in Skim_TriLep_DYJets.root
2025-11-13 11:16:25,806 - INFO - [2023] MISSING_CENTRAL: SR3Mu/Central/jets/3/eta in Skim_TriLep_DYJets10to50.root
2025-11-13 11:16:25,808 - INFO - [2023] MISSING_CENTRAL: SR3Mu/Central/jets/3/eta in Skim_TriLep_DYGTo2LG_MLL4to50_PTG10to100.root
2025-11-13 11:16:25,809 - INFO - [2023] MISSING_CENTRAL: SR3Mu/Central/jets/3/eta in Skim_TriLep_DYGTo2LG_MLL4to50_PTG100to200.root
2025-11-13 11:16:25,809 - INFO - [2023] MISSING_CENTRAL: SR3Mu/Central/jets/3/eta in Skim_TriLep_DYGTo2LG_MLL4to50_PTG200toInf.root
2025-11-13 11:16:25,819 - INFO - [2023] MISSING_CENTRAL: SR3Mu/Central/jets/3/eta in Skim_TriLep_DYGTo2LG_MLL50_PTG100to200.root
2025-11-13 11:16:25,819 - INFO - [2023] MISSING_CENTRAL: SR3Mu/Central/jets/3/eta in Skim_TriLep_DYGTo2LG_MLL50_PTG200to400.root
2025-11-13 11:16:25,820 - INFO - [2023] MISSING_CENTRAL: SR3Mu/Central/jets/3/eta in Skim_TriLep_DYGTo2LG_MLL50_PTG400to600.root
2025-11-13 11:16:25,821 - INFO - [2023] MISSING_CENTRAL: SR3Mu/Central/jets/3/eta in Skim_TriLep_DYGTo2LG_MLL50_PTG600toInf.root
2025-11-13 11:16:27,925 - INFO - [2023] MISSING_CENTRAL: SR3Mu/Central/jets/3/eta in Skim_TriLep_WWW.root
2025-11-13 11:16:28,902 - INFO - [2023] MISSING_CENTRAL: SR3Mu/Central/jets/3/eta in Skim_TriLep_ggHToZZTo4L.root
2025-11-13 19:55:44,011 - INFO - [2023] MISSING_CENTRAL: SR3Mu/Central/jets/3/eta in Skim_TriLep_Muon1_C_v3.root
2025-11-13 19:55:44,060 - INFO - [2023] MISSING_CENTRAL: SR3Mu/Central/jets/3/eta in Skim_TriLep_DYJets.root
2025-11-13 19:55:44,060 - INFO - [2023] MISSING_CENTRAL: SR3Mu/Central/jets/3/eta in Skim_TriLep_DYJets10to50.root
2025-11-13 19:55:44,061 - INFO - [2023] MISSING_CENTRAL: SR3Mu/Central/jets/3/eta in Skim_TriLep_DYGTo2LG_MLL4to50_PTG10to100.root
2025-11-13 19:55:44,062 - INFO - [2023] MISSING_CENTRAL: SR3Mu/Central/jets/3/eta in Skim_TriLep_DYGTo2LG_MLL4to50_PTG100to200.root
2025-11-13 19:55:44,062 - INFO - [2023] MISSING_CENTRAL: SR3Mu/Central/jets/3/eta in Skim_TriLep_DYGTo2LG_MLL4to50_PTG200toInf.root
2025-11-13 19:55:44,074 - INFO - [2023] MISSING_CENTRAL: SR3Mu/Central/jets/3/eta in Skim_TriLep_DYGTo2LG_MLL50_PTG100to200.root
2025-11-13 19:55:44,075 - INFO - [2023] MISSING_CENTRAL: SR3Mu/Central/jets/3/eta in Skim_TriLep_DYGTo2LG_MLL50_PTG200to400.root
2025-11-13 19:55:44,075 - INFO - [2023] MISSING_CENTRAL: SR3Mu/Central/jets/3/eta in Skim_TriLep_DYGTo2LG_MLL50_PTG400to600.root
2025-11-13 19:55:44,076 - INFO - [2023] MISSING_CENTRAL: SR3Mu/Central/jets/3/eta in Skim_TriLep_DYGTo2LG_MLL50_PTG600toInf.root
2025-11-13 19:55:44,149 - INFO - [2023] MISSING_CENTRAL: SR3Mu/Central/jets/3/eta in Skim_TriLep_WWW.root
2025-11-13 19:55:44,181 - INFO - [2023] MISSING_CENTRAL: SR3Mu/Central/jets/3/eta in Skim_TriLep_ggHToZZTo4L.root
2025-11-13 20:02:38,907 - INFO - [2023] MISSING_CENTRAL: SR3Mu/Central/jets/3/eta in Skim_TriLep_Muon1_C_v3.root
2025-11-13 20:02:38,952 - INFO - [2023] MISSING_CENTRAL: SR3Mu/Central/jets/3/eta in Skim_TriLep_DYJets.root
2025-11-13 20:02:38,953 - INFO - [2023] MISSING_CENTRAL: SR3Mu/Central/jets/3/eta in Skim_TriLep_DYJets10to50.root
2025-11-13 20:02:38,954 - INFO - [2023] MISSING_CENTRAL: SR3Mu/Central/jets/3/eta in Skim_TriLep_DYGTo2LG_MLL4to50_PTG10to100.root
2025-11-13 20:02:38,955 - INFO - [2023] MISSING_CENTRAL: SR3Mu/Central/jets/3/eta in Skim_TriLep_DYGTo2LG_MLL4to50_PTG100to200.root
2025-11-13 20:02:38,956 - INFO - [2023] MISSING_CENTRAL: SR3Mu/Central/jets/3/eta in Skim_TriLep_DYGTo2LG_MLL4to50_PTG200toInf.root
2025-11-13 20:02:38,967 - INFO - [2023] MISSING_CENTRAL: SR3Mu/Central/jets/3/eta in Skim_TriLep_DYGTo2LG_MLL50_PTG100to200.root
2025-11-13 20:02:38,968 - INFO - [2023] MISSING_CENTRAL: SR3Mu/Central/jets/3/eta in Skim_TriLep_DYGTo2LG_MLL50_PTG200to400.root
2025-11-13 20:02:38,968 - INFO - [2023] MISSING_CENTRAL: SR3Mu/Central/jets/3/eta in Skim_TriLep_DYGTo2LG_MLL50_PTG400to600.root
2025-11-13 20:02:38,969 - INFO - [2023] MISSING_CENTRAL: SR3Mu/Central/jets/3/eta in Skim_TriLep_DYGTo2LG_MLL50_PTG600toInf.root
2025-11-13 20:02:39,040 - INFO - [2023] MISSING_CENTRAL: SR3Mu/Central/jets/3/eta in Skim_TriLep_WWW.root
2025-11-13 20:02:39,078 - INFO - [2023] MISSING_CENTRAL: SR3Mu/Central/jets/3/eta in Skim_TriLep_ggHToZZTo4L.root
2025-11-19 16:28:43,222 - INFO - [2023] MISSING_CENTRAL: SR3Mu/Central/jets/3/eta in Skim_TriLep_Muon1_C_v3.root
2025-11-19 16:28:43,267 - INFO - [2023] MISSING_CENTRAL: SR3Mu/Central/jets/3/eta in Skim_TriLep_DYJets.root
2025-11-19 16:28:43,268 - INFO - [2023] MISSING_CENTRAL: SR3Mu/Central/jets/3/eta in Skim_TriLep_DYJets10to50.root
2025-11-19 16:28:43,268 - INFO - [2023] MISSING_CENTRAL: SR3Mu/Central/jets/3/eta in Skim_TriLep_DYGTo2LG_MLL4to50_PTG10to100.root
2025-11-19 16:28:43,269 - INFO - [2023] MISSING_CENTRAL: SR3Mu/Central/jets/3/eta in Skim_TriLep_DYGTo2LG_MLL4to50_PTG100to200.root
2025-11-19 16:28:43,270 - INFO - [2023] MISSING_CENTRAL: SR3Mu/Central/jets/3/eta in Skim_TriLep_DYGTo2LG_MLL4to50_PTG200toInf.root
2025-11-19 16:28:43,280 - INFO - [2023] MISSING_CENTRAL: SR3Mu/Central/jets/3/eta in Skim_TriLep_DYGTo2LG_MLL50_PTG100to200.root
2025-11-19 16:28:43,281 - INFO - [2023] MISSING_CENTRAL: SR3Mu/Central/jets/3/eta in Skim_TriLep_DYGTo2LG_MLL50_PTG200to400.root
2025-11-19 16:28:43,282 - INFO - [2023] MISSING_CENTRAL: SR3Mu/Central/jets/3/eta in Skim_TriLep_DYGTo2LG_MLL50_PTG400to600.root
2025-11-19 16:28:43,282 - INFO - [2023] MISSING_CENTRAL: SR3Mu/Central/jets/3/eta in Skim_TriLep_DYGTo2LG_MLL50_PTG600toInf.root
2025-11-19 16:28:43,366 - INFO - [2023] MISSING_CENTRAL: SR3Mu/Central/jets/3/eta in Skim_TriLep_WWW.root
2025-11-19 16:28:43,421 - INFO - [2023] MISSING_CENTRAL: SR3Mu/Central/jets/3/eta in Skim_TriLep_ggHToZZTo4L.root
2025-12-17 22:43:33,421 - INFO - [2023] MISSING_CENTRAL: SR3Mu/Central/jets/3/eta in Skim_TriLep_Muon1_C_v3.root
2025-12-17 22:43:33,464 - INFO - [2023] MISSING_CENTRAL: SR3Mu/Central/jets/3/eta in Skim_TriLep_DYJets.root
2025-12-17 22:43:33,472 - INFO - [2023] MISSING_CENTRAL: SR3Mu/Central/jets/3/eta in Skim_TriLep_DYJets10to50.root
2025-12-17 22:43:33,482 - INFO - [2023] MISSING_CENTRAL: SR3Mu/Central/jets/3/eta in Skim_TriLep_TTG_PTG100to200.root
2025-12-17 22:43:35,890 - INFO - [2023] MISSING_CENTRAL: SR3Mu/Central/jets/3/eta in Skim_TriLep_WWW.root
2025-12-17 22:43:38,234 - INFO - [2023] MISSING_CENTRAL: SR3Mu/Central/jets/3/eta in Skim_TriLep_ggHToZZTo4L.root
2025-12-18 14:44:28,756 - INFO - [2023] MISSING_CENTRAL: SR3Mu/Central/jets/3/eta in Skim_TriLep_Muon1_C_v3.root
2025-12-18 14:44:28,983 - INFO - [2023] MISSING_CENTRAL: SR3Mu/Central/jets/3/eta in Skim_TriLep_DYJets.root
2025-12-18 14:44:28,984 - INFO - [2023] MISSING_CENTRAL: SR3Mu/Central/jets/3/eta in Skim_TriLep_DYJets10to50.root
2025-12-18 14:44:29,019 - INFO - [2023] MISSING_CENTRAL: SR3Mu/Central/jets/3/eta in Skim_TriLep_TTG_PTG100to200.root
2025-12-18 14:44:29,258 - INFO - [2023] MISSING_CENTRAL: SR3Mu/Central/jets/3/eta in Skim_TriLep_WWW.root
2025-12-18 14:44:29,380 - INFO - [2023] MISSING_CENTRAL: SR3Mu/Central/jets/3/eta in Skim_TriLep_ggHToZZTo4L.root
2026-01-07 11:53:24,397 - INFO - [2023] MISSING_CENTRAL: SR3Mu/Central/jets/3/eta in Skim_TriLep_Muon1_C_v3.root
2026-01-07 11:53:24,444 - INFO - [2023] MISSING_CENTRAL: SR3Mu/Central/jets/3/eta in Skim_TriLep_DYJets.root
2026-01-07 11:53:24,445 - INFO - [2023] MISSING_CENTRAL: SR3Mu/Central/jets/3/eta in Skim_TriLep_DYJets10to50.root
2026-01-07 11:53:24,459 - INFO - [2023] MISSING_CENTRAL: SR3Mu/Central/jets/3/eta in Skim_TriLep_TTG_PTG100to200.root
2026-01-07 11:53:24,758 - INFO - [2023] MISSING_CENTRAL: SR3Mu/Central/jets/3/eta in Skim_TriLep_WWW.root
2026-01-07 11:53:25,764 - INFO - [2023] MISSING_CENTRAL: SR3Mu/Central/jets/3/eta in Skim_TriLep_ggHToZZTo4L.root
