2025-09-24 16:03:42,280 - INFO - [2023] MISSING_CENTRAL: SR3Mu/Central/jets/4/eta in Skim_TriLep_Muon0_C_v2.root
2025-09-24 16:03:42,280 - INFO - [2023] MISSING_CENTRAL: SR3Mu/Central/jets/4/eta in Skim_TriLep_Muon0_C_v3.root
2025-09-24 16:03:42,280 - INFO - [2023] MISSING_CENTRAL: SR3Mu/Central/jets/4/eta in Skim_TriLep_Muon0_C_v4.root
2025-09-24 16:03:42,349 - INFO - [2023] MISSING_CENTRAL: SR3Mu/Central/jets/4/eta in Skim_TriLep_Muon1_C_v2.root
2025-09-24 16:03:42,350 - INFO - [2023] MISSING_CENTRAL: SR3Mu/Central/jets/4/eta in Skim_TriLep_Muon1_C_v3.root
2025-09-24 16:03:42,402 - INFO - [2023] MISSING_CENTRAL: SR3Mu/Central/jets/4/eta in Skim_TriLep_Muon1_C_v4.root
2025-09-24 16:03:42,511 - INFO - [2023] MISSING_CENTRAL: SR3Mu/Central/jets/4/eta in Skim_TriLep_Muon0_C_v1.root
2025-09-24 16:03:42,511 - INFO - [2023] MISSING_CENTRAL: SR3Mu/Central/jets/4/eta in Skim_TriLep_Muon0_C_v2.root
2025-09-24 16:03:42,516 - INFO - [2023] MISSING_CENTRAL: SR3Mu/Central/jets/4/eta in Skim_TriLep_Muon1_C_v2.root
2025-09-24 16:03:42,516 - INFO - [2023] MISSING_CENTRAL: SR3Mu/Central/jets/4/eta in Skim_TriLep_Muon1_C_v3.root
2025-09-24 16:03:42,517 - INFO - [2023] MISSING_CENTRAL: SR3Mu/Central/jets/4/eta in Skim_TriLep_DYJets.root
2025-09-24 16:03:42,517 - INFO - [2023] MISSING_CENTRAL: SR3Mu/Central/jets/4/eta in Skim_TriLep_DYJets10to50.root
2025-09-24 16:03:42,517 - INFO - [2023] MISSING_CENTRAL: SR3Mu/Central/jets/4/eta in Skim_TriLep_DYGTo2LG_MLL4to50_PTG10to100.root
2025-09-24 16:03:42,518 - INFO - [2023] MISSING_CENTRAL: SR3Mu/Central/jets/4/eta in Skim_TriLep_DYGTo2LG_MLL4to50_PTG100to200.root
2025-09-24 16:03:42,518 - INFO - [2023] MISSING_CENTRAL: SR3Mu/Central/jets/4/eta in Skim_TriLep_DYGTo2LG_MLL4to50_PTG200toInf.root
2025-09-24 16:03:42,518 - INFO - [2023] MISSING_CENTRAL: SR3Mu/Central/jets/4/eta in Skim_TriLep_DYGTo2LG_MLL50_PTG10to100.root
2025-09-24 16:03:42,518 - INFO - [2023] MISSING_CENTRAL: SR3Mu/Central/jets/4/eta in Skim_TriLep_DYGTo2LG_MLL50_PTG100to200.root
2025-09-24 16:03:42,519 - INFO - [2023] MISSING_CENTRAL: SR3Mu/Central/jets/4/eta in Skim_TriLep_DYGTo2LG_MLL50_PTG200to400.root
2025-09-24 16:03:42,519 - INFO - [2023] MISSING_CENTRAL: SR3Mu/Central/jets/4/eta in Skim_TriLep_DYGTo2LG_MLL50_PTG400to600.root
2025-09-24 16:03:42,533 - INFO - [2023] MISSING_CENTRAL: SR3Mu/Central/jets/4/eta in Skim_TriLep_DYGTo2LG_MLL50_PTG600toInf.root
2025-09-24 16:03:42,536 - INFO - [2023] MISSING_CENTRAL: SR3Mu/Central/jets/4/eta in Skim_TriLep_TTG_PTG10to100.root
2025-09-24 16:03:42,543 - INFO - [2023] MISSING_CENTRAL: SR3Mu/Central/jets/4/eta in Skim_TriLep_TTG_PTG100to200.root
2025-09-24 16:03:42,543 - INFO - [2023] MISSING_CENTRAL: SR3Mu/Central/jets/4/eta in Skim_TriLep_TTG_PTG200toInf.root
2025-09-24 16:03:42,729 - INFO - [2023] MISSING_CENTRAL: SR3Mu/Central/jets/4/eta in Skim_TriLep_WWW.root
2025-09-24 16:03:42,772 - INFO - [2023] MISSING_CENTRAL: SR3Mu/Central/jets/4/eta in Skim_TriLep_VBFHToZZTo4L.root
2025-09-24 16:03:42,773 - INFO - [2023] MISSING_CENTRAL: SR3Mu/Central/jets/4/eta in Skim_TriLep_ggHToZZTo4L.root
