2025-09-24 15:59:39,366 - INFO - [2022EE] MISSING_SYSTEMATIC: SR1E2Mu/JetEn_Down/bjets/1/eta in Skim_TriLep_DYJets.root
2025-09-24 15:59:39,370 - INFO - [2022EE] MISSING_CENTRAL: SR1E2Mu/Central/bjets/1/eta in Skim_TriLep_DYJets10to50.root
2025-10-02 21:19:18,600 - INFO - [2022EE] MISSING_SYSTEMATIC: SR1E2Mu/JetEn_Down/bjets/1/eta in Skim_TriLep_DYJets.root
2025-10-02 21:19:18,611 - INFO - [2022EE] MISSING_CENTRAL: SR1E2Mu/Central/bjets/1/eta in Skim_TriLep_DYJets10to50.root
2025-10-03 00:27:39,941 - INFO - [2022EE] MISSING_SYSTEMATIC: SR1E2Mu/JetEn_Down/bjets/1/eta in Skim_TriLep_DYJets.root
2025-10-03 00:27:39,948 - INFO - [2022EE] MISSING_CENTRAL: SR1E2Mu/Central/bjets/1/eta in Skim_TriLep_DYJets10to50.root
2025-11-07 13:11:04,120 - INFO - [2022EE] MISSING_FILE: /home/choij/Sync/workspace/ChargedHiggsAnalysisV3/SKNanoOutput/PromptSelector/Run1E2Mu/2022EE/Skim_TriLep_MuonEG_E.root
2025-11-07 13:11:04,120 - INFO - [2022EE] MISSING_FILE: /home/choij/Sync/workspace/ChargedHiggsAnalysisV3/SKNanoOutput/PromptSelector/Run1E2Mu/2022EE/Skim_TriLep_MuonEG_F.root
2025-11-07 13:11:04,120 - INFO - [2022EE] MISSING_FILE: /home/choij/Sync/workspace/ChargedHiggsAnalysisV3/SKNanoOutput/PromptSelector/Run1E2Mu/2022EE/Skim_TriLep_MuonEG_G.root
2025-11-07 14:08:42,216 - INFO - [2022EE] MISSING_FILE: /home/choij/Sync/workspace/ChargedHiggsAnalysisV3/SKNanoOutput/PromptSelector/Run1E2Mu/2022EE/Skim_TriLep_MuonEG_E.root
2025-11-07 14:08:42,220 - INFO - [2022EE] MISSING_FILE: /home/choij/Sync/workspace/ChargedHiggsAnalysisV3/SKNanoOutput/PromptSelector/Run1E2Mu/2022EE/Skim_TriLep_MuonEG_F.root
2025-11-07 14:08:42,221 - INFO - [2022EE] MISSING_FILE: /home/choij/Sync/workspace/ChargedHiggsAnalysisV3/SKNanoOutput/PromptSelector/Run1E2Mu/2022EE/Skim_TriLep_MuonEG_G.root
2025-11-10 12:24:17,395 - INFO - [2022EE] MISSING_SYSTEMATIC: SR1E2Mu/JetEn_Down/bjets/1/eta in Skim_TriLep_DYJets.root
2025-11-10 12:24:17,403 - INFO - [2022EE] MISSING_CENTRAL: SR1E2Mu/Central/bjets/1/eta in Skim_TriLep_DYJets10to50.root
2025-11-13 11:14:11,248 - INFO - [2022EE] MISSING_SYSTEMATIC: SR1E2Mu/JetEn_Down/bjets/1/eta in Skim_TriLep_DYJets.root
2025-11-13 11:14:11,267 - INFO - [2022EE] MISSING_CENTRAL: SR1E2Mu/Central/bjets/1/eta in Skim_TriLep_DYJets10to50.root
2025-11-19 16:26:45,088 - INFO - [2022EE] MISSING_SYSTEMATIC: SR1E2Mu/JetEn_Down/bjets/1/eta in Skim_TriLep_DYJets.root
2025-11-19 16:26:45,097 - INFO - [2022EE] MISSING_CENTRAL: SR1E2Mu/Central/bjets/1/eta in Skim_TriLep_DYJets10to50.root
2025-12-17 22:41:28,392 - INFO - [2022EE] MISSING_CENTRAL: SR1E2Mu/Central/bjets/1/eta in Skim_TriLep_DYJets10to50.root
2025-12-18 14:26:34,402 - INFO - [2022EE] MISSING_CENTRAL: SR1E2Mu/Central/bjets/1/eta in Skim_TriLep_DYJets10to50.root
2025-12-18 14:41:55,804 - INFO - [2022EE] MISSING_CENTRAL: SR1E2Mu/Central/bjets/1/eta in Skim_TriLep_DYJets10to50.root
