2025-09-24 15:59:24,911 - INFO - [2022EE] MISSING_SYSTEMATIC: SR1E2Mu/JetEn_Down/electrons/1/py in Skim_TriLep_DYJets.root
2025-09-24 15:59:24,951 - INFO - [2022EE] MISSING_CENTRAL: SR1E2Mu/Central/electrons/1/py in Skim_TriLep_DYJets10to50.root
2025-10-02 21:19:08,998 - INFO - [2022EE] MISSING_SYSTEMATIC: SR1E2Mu/JetEn_Down/electrons/1/py in Skim_TriLep_DYJets.root
2025-10-02 21:19:09,110 - INFO - [2022EE] MISSING_CENTRAL: SR1E2Mu/Central/electrons/1/py in Skim_TriLep_DYJets10to50.root
2025-10-03 00:27:23,576 - INFO - [2022EE] MISSING_SYSTEMATIC: SR1E2Mu/JetEn_Down/electrons/1/py in Skim_TriLep_DYJets.root
2025-10-03 00:27:23,653 - INFO - [2022EE] MISSING_CENTRAL: SR1E2Mu/Central/electrons/1/py in Skim_TriLep_DYJets10to50.root
2025-11-07 13:11:00,186 - INFO - [2022EE] MISSING_FILE: /home/choij/Sync/workspace/ChargedHiggsAnalysisV3/SKNanoOutput/PromptSelector/Run1E2Mu/2022EE/Skim_TriLep_MuonEG_E.root
2025-11-07 13:11:00,186 - INFO - [2022EE] MISSING_FILE: /home/choij/Sync/workspace/ChargedHiggsAnalysisV3/SKNanoOutput/PromptSelector/Run1E2Mu/2022EE/Skim_TriLep_MuonEG_F.root
2025-11-07 13:11:00,186 - INFO - [2022EE] MISSING_FILE: /home/choij/Sync/workspace/ChargedHiggsAnalysisV3/SKNanoOutput/PromptSelector/Run1E2Mu/2022EE/Skim_TriLep_MuonEG_G.root
2025-11-07 14:08:37,703 - INFO - [2022EE] MISSING_FILE: /home/choij/Sync/workspace/ChargedHiggsAnalysisV3/SKNanoOutput/PromptSelector/Run1E2Mu/2022EE/Skim_TriLep_MuonEG_E.root
2025-11-07 14:08:37,704 - INFO - [2022EE] MISSING_FILE: /home/choij/Sync/workspace/ChargedHiggsAnalysisV3/SKNanoOutput/PromptSelector/Run1E2Mu/2022EE/Skim_TriLep_MuonEG_F.root
2025-11-07 14:08:37,704 - INFO - [2022EE] MISSING_FILE: /home/choij/Sync/workspace/ChargedHiggsAnalysisV3/SKNanoOutput/PromptSelector/Run1E2Mu/2022EE/Skim_TriLep_MuonEG_G.root
2025-11-10 12:24:10,832 - INFO - [2022EE] MISSING_SYSTEMATIC: SR1E2Mu/JetEn_Down/electrons/1/py in Skim_TriLep_DYJets.root
2025-11-10 12:24:10,846 - INFO - [2022EE] MISSING_CENTRAL: SR1E2Mu/Central/electrons/1/py in Skim_TriLep_DYJets10to50.root
2025-11-13 11:14:00,399 - INFO - [2022EE] MISSING_SYSTEMATIC: SR1E2Mu/JetEn_Down/electrons/1/py in Skim_TriLep_DYJets.root
2025-11-13 11:14:00,551 - INFO - [2022EE] MISSING_CENTRAL: SR1E2Mu/Central/electrons/1/py in Skim_TriLep_DYJets10to50.root
2025-11-19 16:26:38,643 - INFO - [2022EE] MISSING_SYSTEMATIC: SR1E2Mu/JetEn_Down/electrons/1/py in Skim_TriLep_DYJets.root
2025-11-19 16:26:38,659 - INFO - [2022EE] MISSING_CENTRAL: SR1E2Mu/Central/electrons/1/py in Skim_TriLep_DYJets10to50.root
2025-12-17 22:41:16,879 - INFO - [2022EE] MISSING_CENTRAL: SR1E2Mu/Central/electrons/1/py in Skim_TriLep_DYJets10to50.root
2025-12-18 14:26:27,706 - INFO - [2022EE] MISSING_CENTRAL: SR1E2Mu/Central/electrons/1/py in Skim_TriLep_DYJets10to50.root
2025-12-18 14:41:50,650 - INFO - [2022EE] MISSING_CENTRAL: SR1E2Mu/Central/electrons/1/py in Skim_TriLep_DYJets10to50.root
