2025-09-24 15:59:35,677 - INFO - [2022EE] MISSING_CENTRAL: SR1E2Mu/Central/jets/4/eta in Skim_TriLep_MuonEG_G.root
2025-09-24 15:59:35,712 - INFO - [2022EE] MISSING_CENTRAL: SR1E2Mu/Central/jets/4/eta in Skim_TriLep_MuonEG_E.root
2025-09-24 15:59:35,752 - INFO - [2022EE] MISSING_CENTRAL: SR1E2Mu/Central/jets/4/eta in Skim_TriLep_DYJets.root
2025-09-24 15:59:35,753 - INFO - [2022EE] MISSING_CENTRAL: SR1E2Mu/Central/jets/4/eta in Skim_TriLep_DYJets10to50.root
2025-09-24 15:59:35,753 - INFO - [2022EE] MISSING_CENTRAL: SR1E2Mu/Central/jets/4/eta in Skim_TriLep_DYGTo2LG_MLL4to50_PTG10to100.root
2025-09-24 15:59:35,753 - INFO - [2022EE] MISSING_CENTRAL: SR1E2Mu/Central/jets/4/eta in Skim_TriLep_DYGTo2LG_MLL4to50_PTG100to200.root
2025-09-24 15:59:35,754 - INFO - [2022EE] MISSING_CENTRAL: SR1E2Mu/Central/jets/4/eta in Skim_TriLep_DYGTo2LG_MLL4to50_PTG200toInf.root
2025-09-24 15:59:35,760 - INFO - [2022EE] MISSING_CENTRAL: SR1E2Mu/Central/jets/4/eta in Skim_TriLep_DYGTo2LG_MLL50_PTG100to200.root
2025-09-24 15:59:35,760 - INFO - [2022EE] MISSING_CENTRAL: SR1E2Mu/Central/jets/4/eta in Skim_TriLep_DYGTo2LG_MLL50_PTG200toInf.root
2025-09-24 15:59:36,005 - INFO - [2022EE] MISSING_CENTRAL: SR1E2Mu/Central/jets/4/eta in Skim_TriLep_WZTo3LNu_powheg.root
2025-09-24 15:59:36,049 - INFO - [2022EE] MISSING_CENTRAL: SR1E2Mu/Central/jets/4/eta in Skim_TriLep_WWW.root
2025-10-02 21:19:18,902 - INFO - [2022EE] MISSING_CENTRAL: SR1E2Mu/Central/jets/4/eta in Skim_TriLep_MuonEG_G.root
2025-10-02 21:19:18,958 - INFO - [2022EE] MISSING_CENTRAL: SR1E2Mu/Central/jets/4/eta in Skim_TriLep_MuonEG_E.root
2025-10-02 21:19:18,976 - INFO - [2022EE] MISSING_CENTRAL: SR1E2Mu/Central/jets/4/eta in Skim_TriLep_DYJets.root
2025-10-02 21:19:18,977 - INFO - [2022EE] MISSING_CENTRAL: SR1E2Mu/Central/jets/4/eta in Skim_TriLep_DYJets10to50.root
2025-10-02 21:19:18,978 - INFO - [2022EE] MISSING_CENTRAL: SR1E2Mu/Central/jets/4/eta in Skim_TriLep_DYGTo2LG_MLL4to50_PTG10to100.root
2025-10-02 21:19:18,980 - INFO - [2022EE] MISSING_CENTRAL: SR1E2Mu/Central/jets/4/eta in Skim_TriLep_DYGTo2LG_MLL4to50_PTG100to200.root
2025-10-02 21:19:18,982 - INFO - [2022EE] MISSING_CENTRAL: SR1E2Mu/Central/jets/4/eta in Skim_TriLep_DYGTo2LG_MLL4to50_PTG200toInf.root
2025-10-02 21:19:19,009 - INFO - [2022EE] MISSING_CENTRAL: SR1E2Mu/Central/jets/4/eta in Skim_TriLep_DYGTo2LG_MLL50_PTG100to200.root
2025-10-02 21:19:19,010 - INFO - [2022EE] MISSING_CENTRAL: SR1E2Mu/Central/jets/4/eta in Skim_TriLep_DYGTo2LG_MLL50_PTG200toInf.root
2025-10-02 21:19:19,176 - INFO - [2022EE] MISSING_CENTRAL: SR1E2Mu/Central/jets/4/eta in Skim_TriLep_WZTo3LNu_powheg.root
2025-10-02 21:19:19,233 - INFO - [2022EE] MISSING_CENTRAL: SR1E2Mu/Central/jets/4/eta in Skim_TriLep_WWW.root
2025-10-03 00:27:35,588 - INFO - [2022EE] MISSING_CENTRAL: SR1E2Mu/Central/jets/4/eta in Skim_TriLep_MuonEG_G.root
2025-10-03 00:27:35,636 - INFO - [2022EE] MISSING_CENTRAL: SR1E2Mu/Central/jets/4/eta in Skim_TriLep_MuonEG_E.root
2025-10-03 00:27:35,715 - INFO - [2022EE] MISSING_CENTRAL: SR1E2Mu/Central/jets/4/eta in Skim_TriLep_DYJets.root
2025-10-03 00:27:35,715 - INFO - [2022EE] MISSING_CENTRAL: SR1E2Mu/Central/jets/4/eta in Skim_TriLep_DYJets10to50.root
2025-10-03 00:27:35,715 - INFO - [2022EE] MISSING_CENTRAL: SR1E2Mu/Central/jets/4/eta in Skim_TriLep_DYGTo2LG_MLL4to50_PTG10to100.root
2025-10-03 00:27:35,716 - INFO - [2022EE] MISSING_CENTRAL: SR1E2Mu/Central/jets/4/eta in Skim_TriLep_DYGTo2LG_MLL4to50_PTG100to200.root
2025-10-03 00:27:35,716 - INFO - [2022EE] MISSING_CENTRAL: SR1E2Mu/Central/jets/4/eta in Skim_TriLep_DYGTo2LG_MLL4to50_PTG200toInf.root
2025-10-03 00:27:35,814 - INFO - [2022EE] MISSING_CENTRAL: SR1E2Mu/Central/jets/4/eta in Skim_TriLep_DYGTo2LG_MLL50_PTG100to200.root
2025-10-03 00:27:35,815 - INFO - [2022EE] MISSING_CENTRAL: SR1E2Mu/Central/jets/4/eta in Skim_TriLep_DYGTo2LG_MLL50_PTG200toInf.root
2025-10-03 00:27:35,899 - INFO - [2022EE] MISSING_CENTRAL: SR1E2Mu/Central/jets/4/eta in Skim_TriLep_WZTo3LNu_powheg.root
2025-10-03 00:27:35,914 - INFO - [2022EE] MISSING_CENTRAL: SR1E2Mu/Central/jets/4/eta in Skim_TriLep_WWW.root
