2025-09-24 15:59:26,347 - INFO - [2022EE] MISSING_SYSTEMATIC: SR1E2Mu/JetEn_Down/jets/1/pt in Skim_TriLep_DYJets.root
2025-09-24 15:59:26,356 - INFO - [2022EE] MISSING_CENTRAL: SR1E2Mu/Central/jets/1/pt in Skim_TriLep_DYJets10to50.root
2025-10-02 21:19:09,173 - INFO - [2022EE] MISSING_SYSTEMATIC: SR1E2Mu/JetEn_Down/jets/1/pt in Skim_TriLep_DYJets.root
2025-10-02 21:19:09,193 - INFO - [2022EE] MISSING_CENTRAL: SR1E2Mu/Central/jets/1/pt in Skim_TriLep_DYJets10to50.root
2025-10-03 00:27:24,652 - INFO - [2022EE] MISSING_SYSTEMATIC: SR1E2Mu/JetEn_Down/jets/1/pt in Skim_TriLep_DYJets.root
2025-10-03 00:27:24,690 - INFO - [2022EE] MISSING_CENTRAL: SR1E2Mu/Central/jets/1/pt in Skim_TriLep_DYJets10to50.root
2025-11-07 13:11:02,014 - INFO - [2022EE] MISSING_FILE: /home/choij/Sync/workspace/ChargedHiggsAnalysisV3/SKNanoOutput/PromptSelector/Run1E2Mu/2022EE/Skim_TriLep_MuonEG_E.root
2025-11-07 13:11:02,020 - INFO - [2022EE] MISSING_FILE: /home/choij/Sync/workspace/ChargedHiggsAnalysisV3/SKNanoOutput/PromptSelector/Run1E2Mu/2022EE/Skim_TriLep_MuonEG_F.root
2025-11-07 13:11:02,021 - INFO - [2022EE] MISSING_FILE: /home/choij/Sync/workspace/ChargedHiggsAnalysisV3/SKNanoOutput/PromptSelector/Run1E2Mu/2022EE/Skim_TriLep_MuonEG_G.root
2025-11-07 14:08:39,709 - INFO - [2022EE] MISSING_FILE: /home/choij/Sync/workspace/ChargedHiggsAnalysisV3/SKNanoOutput/PromptSelector/Run1E2Mu/2022EE/Skim_TriLep_MuonEG_E.root
2025-11-07 14:08:39,710 - INFO - [2022EE] MISSING_FILE: /home/choij/Sync/workspace/ChargedHiggsAnalysisV3/SKNanoOutput/PromptSelector/Run1E2Mu/2022EE/Skim_TriLep_MuonEG_F.root
2025-11-07 14:08:39,710 - INFO - [2022EE] MISSING_FILE: /home/choij/Sync/workspace/ChargedHiggsAnalysisV3/SKNanoOutput/PromptSelector/Run1E2Mu/2022EE/Skim_TriLep_MuonEG_G.root
2025-11-10 12:24:13,892 - INFO - [2022EE] MISSING_SYSTEMATIC: SR1E2Mu/JetEn_Down/jets/1/pt in Skim_TriLep_DYJets.root
2025-11-10 12:24:13,915 - INFO - [2022EE] MISSING_CENTRAL: SR1E2Mu/Central/jets/1/pt in Skim_TriLep_DYJets10to50.root
2025-11-13 11:14:00,720 - INFO - [2022EE] MISSING_SYSTEMATIC: SR1E2Mu/JetEn_Down/jets/1/pt in Skim_TriLep_DYJets.root
2025-11-13 11:14:00,734 - INFO - [2022EE] MISSING_CENTRAL: SR1E2Mu/Central/jets/1/pt in Skim_TriLep_DYJets10to50.root
2025-11-19 16:26:41,977 - INFO - [2022EE] MISSING_SYSTEMATIC: SR1E2Mu/JetEn_Down/jets/1/pt in Skim_TriLep_DYJets.root
2025-11-19 16:26:41,991 - INFO - [2022EE] MISSING_CENTRAL: SR1E2Mu/Central/jets/1/pt in Skim_TriLep_DYJets10to50.root
2025-12-17 22:41:17,091 - INFO - [2022EE] MISSING_CENTRAL: SR1E2Mu/Central/jets/1/pt in Skim_TriLep_DYJets10to50.root
2025-12-18 14:26:27,537 - INFO - [2022EE] MISSING_CENTRAL: SR1E2Mu/Central/jets/1/pt in Skim_TriLep_DYJets10to50.root
2025-12-18 14:41:49,563 - INFO - [2022EE] MISSING_CENTRAL: SR1E2Mu/Central/jets/1/pt in Skim_TriLep_DYJets10to50.root
2026-01-07 11:51:01,829 - INFO - [2022EE] MISSING_CENTRAL: SR1E2Mu/Central/jets/1/pt in Skim_TriLep_DYJets10to50.root
2026-01-07 18:47:47,520 - INFO - [2022EE] MISSING_CENTRAL: SR1E2Mu/Central/jets/1/pt in Skim_TriLep_DYJets10to50.root
2026-01-07 19:29:58,107 - INFO - [2022EE] MISSING_CENTRAL: SR1E2Mu/Central/jets/1/pt in Skim_TriLep_DYJets10to50.root
2026-01-09 12:22:21,285 - INFO - [2022EE] MISSING_CENTRAL: SR1E2Mu/Central/jets/1/pt in Skim_TriLep_DYJets10to50.root
2026-01-11 09:42:24,132 - INFO - [2022EE] MISSING_CENTRAL: SR1E2Mu/Central/jets/1/pt in Skim_TriLep_DYJets10to50.root
2026-01-12 13:51:07,828 - INFO - [2022EE] MISSING_FILE: /home/choij/Sync/workspace/ChargedHiggsAnalysisV3/SKNanoOutput/MatrixSelector/Run1E2Mu/2022EE/Skim_TriLep_MuonEG_E.root
2026-01-12 13:51:07,828 - INFO - [2022EE] MISSING_FILE: /home/choij/Sync/workspace/ChargedHiggsAnalysisV3/SKNanoOutput/MatrixSelector/Run1E2Mu/2022EE/Skim_TriLep_MuonEG_F.root
2026-01-12 13:51:07,828 - INFO - [2022EE] MISSING_FILE: /home/choij/Sync/workspace/ChargedHiggsAnalysisV3/SKNanoOutput/MatrixSelector/Run1E2Mu/2022EE/Skim_TriLep_MuonEG_G.root
2026-01-12 13:51:07,855 - INFO - [2022EE] MISSING_CENTRAL: SR1E2Mu/Central/jets/1/pt in Skim_TriLep_DYJets10to50.root
