2025-09-24 15:59:37,804 - INFO - [2022EE] MISSING_CENTRAL: SR1E2Mu/Central/jets/4/charge in Skim_TriLep_MuonEG_G.root
2025-09-24 15:59:37,831 - INFO - [2022EE] MISSING_CENTRAL: SR1E2Mu/Central/jets/4/charge in Skim_TriLep_MuonEG_E.root
2025-09-24 15:59:37,836 - INFO - [2022EE] MISSING_CENTRAL: SR1E2Mu/Central/jets/4/charge in Skim_TriLep_DYJets.root
2025-09-24 15:59:37,836 - INFO - [2022EE] MISSING_CENTRAL: SR1E2Mu/Central/jets/4/charge in Skim_TriLep_DYJets10to50.root
2025-09-24 15:59:37,837 - INFO - [2022EE] MISSING_CENTRAL: SR1E2Mu/Central/jets/4/charge in Skim_TriLep_DYGTo2LG_MLL4to50_PTG10to100.root
2025-09-24 15:59:37,837 - INFO - [2022EE] MISSING_CENTRAL: SR1E2Mu/Central/jets/4/charge in Skim_TriLep_DYGTo2LG_MLL4to50_PTG100to200.root
2025-09-24 15:59:37,837 - INFO - [2022EE] MISSING_CENTRAL: SR1E2Mu/Central/jets/4/charge in Skim_TriLep_DYGTo2LG_MLL4to50_PTG200toInf.root
2025-09-24 15:59:37,847 - INFO - [2022EE] MISSING_CENTRAL: SR1E2Mu/Central/jets/4/charge in Skim_TriLep_DYGTo2LG_MLL50_PTG100to200.root
2025-09-24 15:59:37,847 - INFO - [2022EE] MISSING_CENTRAL: SR1E2Mu/Central/jets/4/charge in Skim_TriLep_DYGTo2LG_MLL50_PTG200toInf.root
2025-09-24 15:59:37,893 - INFO - [2022EE] MISSING_CENTRAL: SR1E2Mu/Central/jets/4/charge in Skim_TriLep_WZTo3LNu_powheg.root
2025-09-24 15:59:37,947 - INFO - [2022EE] MISSING_CENTRAL: SR1E2Mu/Central/jets/4/charge in Skim_TriLep_WWW.root
2025-10-02 21:19:18,670 - INFO - [2022EE] MISSING_CENTRAL: SR1E2Mu/Central/jets/4/charge in Skim_TriLep_MuonEG_G.root
2025-10-02 21:19:18,834 - INFO - [2022EE] MISSING_CENTRAL: SR1E2Mu/Central/jets/4/charge in Skim_TriLep_MuonEG_E.root
2025-10-02 21:19:18,892 - INFO - [2022EE] MISSING_CENTRAL: SR1E2Mu/Central/jets/4/charge in Skim_TriLep_DYJets.root
2025-10-02 21:19:18,897 - INFO - [2022EE] MISSING_CENTRAL: SR1E2Mu/Central/jets/4/charge in Skim_TriLep_DYJets10to50.root
2025-10-02 21:19:18,902 - INFO - [2022EE] MISSING_CENTRAL: SR1E2Mu/Central/jets/4/charge in Skim_TriLep_DYGTo2LG_MLL4to50_PTG10to100.root
2025-10-02 21:19:18,907 - INFO - [2022EE] MISSING_CENTRAL: SR1E2Mu/Central/jets/4/charge in Skim_TriLep_DYGTo2LG_MLL4to50_PTG100to200.root
2025-10-02 21:19:18,913 - INFO - [2022EE] MISSING_CENTRAL: SR1E2Mu/Central/jets/4/charge in Skim_TriLep_DYGTo2LG_MLL4to50_PTG200toInf.root
2025-10-02 21:19:18,978 - INFO - [2022EE] MISSING_CENTRAL: SR1E2Mu/Central/jets/4/charge in Skim_TriLep_DYGTo2LG_MLL50_PTG100to200.root
2025-10-02 21:19:18,990 - INFO - [2022EE] MISSING_CENTRAL: SR1E2Mu/Central/jets/4/charge in Skim_TriLep_DYGTo2LG_MLL50_PTG200toInf.root
2025-10-02 21:19:19,376 - INFO - [2022EE] MISSING_CENTRAL: SR1E2Mu/Central/jets/4/charge in Skim_TriLep_WZTo3LNu_powheg.root
2025-10-02 21:19:19,560 - INFO - [2022EE] MISSING_CENTRAL: SR1E2Mu/Central/jets/4/charge in Skim_TriLep_WWW.root
2025-10-03 00:27:37,553 - INFO - [2022EE] MISSING_CENTRAL: SR1E2Mu/Central/jets/4/charge in Skim_TriLep_MuonEG_G.root
2025-10-03 00:27:37,578 - INFO - [2022EE] MISSING_CENTRAL: SR1E2Mu/Central/jets/4/charge in Skim_TriLep_MuonEG_E.root
2025-10-03 00:27:37,586 - INFO - [2022EE] MISSING_CENTRAL: SR1E2Mu/Central/jets/4/charge in Skim_TriLep_DYJets.root
2025-10-03 00:27:37,586 - INFO - [2022EE] MISSING_CENTRAL: SR1E2Mu/Central/jets/4/charge in Skim_TriLep_DYJets10to50.root
2025-10-03 00:27:37,587 - INFO - [2022EE] MISSING_CENTRAL: SR1E2Mu/Central/jets/4/charge in Skim_TriLep_DYGTo2LG_MLL4to50_PTG10to100.root
2025-10-03 00:27:37,587 - INFO - [2022EE] MISSING_CENTRAL: SR1E2Mu/Central/jets/4/charge in Skim_TriLep_DYGTo2LG_MLL4to50_PTG100to200.root
2025-10-03 00:27:37,588 - INFO - [2022EE] MISSING_CENTRAL: SR1E2Mu/Central/jets/4/charge in Skim_TriLep_DYGTo2LG_MLL4to50_PTG200toInf.root
2025-10-03 00:27:37,601 - INFO - [2022EE] MISSING_CENTRAL: SR1E2Mu/Central/jets/4/charge in Skim_TriLep_DYGTo2LG_MLL50_PTG100to200.root
2025-10-03 00:27:37,601 - INFO - [2022EE] MISSING_CENTRAL: SR1E2Mu/Central/jets/4/charge in Skim_TriLep_DYGTo2LG_MLL50_PTG200toInf.root
2025-10-03 00:27:37,683 - INFO - [2022EE] MISSING_CENTRAL: SR1E2Mu/Central/jets/4/charge in Skim_TriLep_WZTo3LNu_powheg.root
2025-10-03 00:27:37,716 - INFO - [2022EE] MISSING_CENTRAL: SR1E2Mu/Central/jets/4/charge in Skim_TriLep_WWW.root
2025-11-07 13:11:04,261 - INFO - [2022EE] MISSING_FILE: /home/choij/Sync/workspace/ChargedHiggsAnalysisV3/SKNanoOutput/PromptSelector/Run1E2Mu/2022EE/Skim_TriLep_MuonEG_E.root
2025-11-07 13:11:04,262 - INFO - [2022EE] MISSING_FILE: /home/choij/Sync/workspace/ChargedHiggsAnalysisV3/SKNanoOutput/PromptSelector/Run1E2Mu/2022EE/Skim_TriLep_MuonEG_F.root
2025-11-07 13:11:04,262 - INFO - [2022EE] MISSING_FILE: /home/choij/Sync/workspace/ChargedHiggsAnalysisV3/SKNanoOutput/PromptSelector/Run1E2Mu/2022EE/Skim_TriLep_MuonEG_G.root
2025-11-07 14:08:42,043 - INFO - [2022EE] MISSING_FILE: /home/choij/Sync/workspace/ChargedHiggsAnalysisV3/SKNanoOutput/PromptSelector/Run1E2Mu/2022EE/Skim_TriLep_MuonEG_E.root
2025-11-07 14:08:42,051 - INFO - [2022EE] MISSING_FILE: /home/choij/Sync/workspace/ChargedHiggsAnalysisV3/SKNanoOutput/PromptSelector/Run1E2Mu/2022EE/Skim_TriLep_MuonEG_F.root
2025-11-07 14:08:42,051 - INFO - [2022EE] MISSING_FILE: /home/choij/Sync/workspace/ChargedHiggsAnalysisV3/SKNanoOutput/PromptSelector/Run1E2Mu/2022EE/Skim_TriLep_MuonEG_G.root
