2025-11-07 13:11:08,736 - INFO - [2022EE] MISSING_FILE: /home/choij/Sync/workspace/ChargedHiggsAnalysisV3/SKNanoOutput/PromptSelector/Run1E2Mu/2022EE/Skim_TriLep_MuonEG_E.root
2025-11-07 13:11:08,736 - INFO - [2022EE] MISSING_FILE: /home/choij/Sync/workspace/ChargedHiggsAnalysisV3/SKNanoOutput/PromptSelector/Run1E2Mu/2022EE/Skim_TriLep_MuonEG_F.root
2025-11-07 13:11:08,736 - INFO - [2022EE] MISSING_FILE: /home/choij/Sync/workspace/ChargedHiggsAnalysisV3/SKNanoOutput/PromptSelector/Run1E2Mu/2022EE/Skim_TriLep_MuonEG_G.root
2025-11-07 14:08:46,286 - INFO - [2022EE] MISSING_FILE: /home/choij/Sync/workspace/ChargedHiggsAnalysisV3/SKNanoOutput/PromptSelector/Run1E2Mu/2022EE/Skim_TriLep_MuonEG_E.root
2025-11-07 14:08:46,292 - INFO - [2022EE] MISSING_FILE: /home/choij/Sync/workspace/ChargedHiggsAnalysisV3/SKNanoOutput/PromptSelector/Run1E2Mu/2022EE/Skim_TriLep_MuonEG_F.root
2025-11-07 14:08:46,293 - INFO - [2022EE] MISSING_FILE: /home/choij/Sync/workspace/ChargedHiggsAnalysisV3/SKNanoOutput/PromptSelector/Run1E2Mu/2022EE/Skim_TriLep_MuonEG_G.root
2025-11-10 12:24:22,628 - INFO - [2022EE] MISSING_SYSTEMATIC: SR1E2Mu/JetEn_Down/MHc115_MA87/score_ttZ in Skim_TriLep_DYJets.root
2025-11-10 12:24:22,636 - INFO - [2022EE] MISSING_CENTRAL: SR1E2Mu/Central/MHc115_MA87/score_ttZ in Skim_TriLep_DYJets10to50.root
2025-11-13 11:14:14,025 - INFO - [2022EE] MISSING_SYSTEMATIC: SR1E2Mu/JetEn_Down/MHc115_MA87/score_ttZ in Skim_TriLep_DYJets.root
2025-11-13 11:14:14,039 - INFO - [2022EE] MISSING_CENTRAL: SR1E2Mu/Central/MHc115_MA87/score_ttZ in Skim_TriLep_DYJets10to50.root
2025-11-19 16:26:50,441 - INFO - [2022EE] MISSING_SYSTEMATIC: SR1E2Mu/JetEn_Down/MHc115_MA87/score_ttZ in Skim_TriLep_DYJets.root
2025-11-19 16:26:50,460 - INFO - [2022EE] MISSING_CENTRAL: SR1E2Mu/Central/MHc115_MA87/score_ttZ in Skim_TriLep_DYJets10to50.root
2025-12-17 22:41:30,914 - INFO - [2022EE] MISSING_CENTRAL: SR1E2Mu/Central/MHc115_MA87/score_ttZ in Skim_TriLep_DYJets10to50.root
2025-12-18 14:26:38,563 - INFO - [2022EE] MISSING_CENTRAL: SR1E2Mu/Central/MHc115_MA87/score_ttZ in Skim_TriLep_DYJets10to50.root
2025-12-18 14:42:01,056 - INFO - [2022EE] MISSING_CENTRAL: SR1E2Mu/Central/MHc115_MA87/score_ttZ in Skim_TriLep_DYJets10to50.root
2026-01-07 11:51:13,226 - INFO - [2022EE] MISSING_CENTRAL: SR1E2Mu/Central/MHc115_MA87/score_ttZ in Skim_TriLep_DYJets10to50.root
2026-01-07 18:47:56,655 - INFO - [2022EE] MISSING_CENTRAL: SR1E2Mu/Central/MHc115_MA87/score_ttZ in Skim_TriLep_DYJets10to50.root
2026-01-07 19:30:07,566 - INFO - [2022EE] MISSING_CENTRAL: SR1E2Mu/Central/MHc115_MA87/score_ttZ in Skim_TriLep_DYJets10to50.root
2026-01-09 12:22:29,765 - INFO - [2022EE] MISSING_CENTRAL: SR1E2Mu/Central/MHc115_MA87/score_ttZ in Skim_TriLep_DYJets10to50.root
2026-01-11 09:42:32,754 - INFO - [2022EE] MISSING_CENTRAL: SR1E2Mu/Central/MHc115_MA87/score_ttZ in Skim_TriLep_DYJets10to50.root
2026-01-12 13:51:16,641 - INFO - [2022EE] MISSING_FILE: /home/choij/Sync/workspace/ChargedHiggsAnalysisV3/SKNanoOutput/MatrixSelector/Run1E2Mu/2022EE/Skim_TriLep_MuonEG_E.root
2026-01-12 13:51:16,643 - INFO - [2022EE] MISSING_FILE: /home/choij/Sync/workspace/ChargedHiggsAnalysisV3/SKNanoOutput/MatrixSelector/Run1E2Mu/2022EE/Skim_TriLep_MuonEG_F.root
2026-01-12 13:51:16,643 - INFO - [2022EE] MISSING_FILE: /home/choij/Sync/workspace/ChargedHiggsAnalysisV3/SKNanoOutput/MatrixSelector/Run1E2Mu/2022EE/Skim_TriLep_MuonEG_G.root
2026-01-12 13:51:16,705 - INFO - [2022EE] MISSING_CENTRAL: SR1E2Mu/Central/MHc115_MA87/score_ttZ in Skim_TriLep_DYJets10to50.root
2026-01-16 19:06:12,093 - INFO - [2022EE] MISSING_CENTRAL: SR1E2Mu/Central/MHc115_MA87/score_ttZ in Skim_TriLep_DYJets10to50.root
