2025-11-07 13:11:07,045 - INFO - [2022EE] MISSING_FILE: /home/choij/Sync/workspace/ChargedHiggsAnalysisV3/SKNanoOutput/PromptSelector/Run1E2Mu/2022EE/Skim_TriLep_MuonEG_E.root
2025-11-07 13:11:07,045 - INFO - [2022EE] MISSING_FILE: /home/choij/Sync/workspace/ChargedHiggsAnalysisV3/SKNanoOutput/PromptSelector/Run1E2Mu/2022EE/Skim_TriLep_MuonEG_F.root
2025-11-07 13:11:07,045 - INFO - [2022EE] MISSING_FILE: /home/choij/Sync/workspace/ChargedHiggsAnalysisV3/SKNanoOutput/PromptSelector/Run1E2Mu/2022EE/Skim_TriLep_MuonEG_G.root
2025-11-07 14:08:44,624 - INFO - [2022EE] MISSING_FILE: /home/choij/Sync/workspace/ChargedHiggsAnalysisV3/SKNanoOutput/PromptSelector/Run1E2Mu/2022EE/Skim_TriLep_MuonEG_E.root
2025-11-07 14:08:44,625 - INFO - [2022EE] MISSING_FILE: /home/choij/Sync/workspace/ChargedHiggsAnalysisV3/SKNanoOutput/PromptSelector/Run1E2Mu/2022EE/Skim_TriLep_MuonEG_F.root
2025-11-07 14:08:44,625 - INFO - [2022EE] MISSING_FILE: /home/choij/Sync/workspace/ChargedHiggsAnalysisV3/SKNanoOutput/PromptSelector/Run1E2Mu/2022EE/Skim_TriLep_MuonEG_G.root
2025-11-10 12:24:20,699 - INFO - [2022EE] MISSING_SYSTEMATIC: SR1E2Mu/JetEn_Down/MHc100_MA95/score_diboson in Skim_TriLep_DYJets.root
2025-11-10 12:24:20,705 - INFO - [2022EE] MISSING_CENTRAL: SR1E2Mu/Central/MHc100_MA95/score_diboson in Skim_TriLep_DYJets10to50.root
2025-11-13 11:14:11,749 - INFO - [2022EE] MISSING_SYSTEMATIC: SR1E2Mu/JetEn_Down/MHc100_MA95/score_diboson in Skim_TriLep_DYJets.root
2025-11-13 11:14:11,777 - INFO - [2022EE] MISSING_CENTRAL: SR1E2Mu/Central/MHc100_MA95/score_diboson in Skim_TriLep_DYJets10to50.root
2025-11-19 16:26:48,977 - INFO - [2022EE] MISSING_SYSTEMATIC: SR1E2Mu/JetEn_Down/MHc100_MA95/score_diboson in Skim_TriLep_DYJets.root
2025-11-19 16:26:48,986 - INFO - [2022EE] MISSING_CENTRAL: SR1E2Mu/Central/MHc100_MA95/score_diboson in Skim_TriLep_DYJets10to50.root
2025-12-17 22:41:28,102 - INFO - [2022EE] MISSING_CENTRAL: SR1E2Mu/Central/MHc100_MA95/score_diboson in Skim_TriLep_DYJets10to50.root
2025-12-18 14:26:35,570 - INFO - [2022EE] MISSING_CENTRAL: SR1E2Mu/Central/MHc100_MA95/score_diboson in Skim_TriLep_DYJets10to50.root
2025-12-18 14:41:58,136 - INFO - [2022EE] MISSING_CENTRAL: SR1E2Mu/Central/MHc100_MA95/score_diboson in Skim_TriLep_DYJets10to50.root
2026-01-07 11:51:09,942 - INFO - [2022EE] MISSING_CENTRAL: SR1E2Mu/Central/MHc100_MA95/score_diboson in Skim_TriLep_DYJets10to50.root
2026-01-07 18:47:53,277 - INFO - [2022EE] MISSING_CENTRAL: SR1E2Mu/Central/MHc100_MA95/score_diboson in Skim_TriLep_DYJets10to50.root
2026-01-07 19:30:04,086 - INFO - [2022EE] MISSING_CENTRAL: SR1E2Mu/Central/MHc100_MA95/score_diboson in Skim_TriLep_DYJets10to50.root
2026-01-09 12:22:27,801 - INFO - [2022EE] MISSING_CENTRAL: SR1E2Mu/Central/MHc100_MA95/score_diboson in Skim_TriLep_DYJets10to50.root
2026-01-11 09:42:30,689 - INFO - [2022EE] MISSING_CENTRAL: SR1E2Mu/Central/MHc100_MA95/score_diboson in Skim_TriLep_DYJets10to50.root
2026-01-12 13:51:14,801 - INFO - [2022EE] MISSING_FILE: /home/choij/Sync/workspace/ChargedHiggsAnalysisV3/SKNanoOutput/MatrixSelector/Run1E2Mu/2022EE/Skim_TriLep_MuonEG_E.root
2026-01-12 13:51:14,802 - INFO - [2022EE] MISSING_FILE: /home/choij/Sync/workspace/ChargedHiggsAnalysisV3/SKNanoOutput/MatrixSelector/Run1E2Mu/2022EE/Skim_TriLep_MuonEG_F.root
2026-01-12 13:51:14,802 - INFO - [2022EE] MISSING_FILE: /home/choij/Sync/workspace/ChargedHiggsAnalysisV3/SKNanoOutput/MatrixSelector/Run1E2Mu/2022EE/Skim_TriLep_MuonEG_G.root
2026-01-12 13:51:14,825 - INFO - [2022EE] MISSING_CENTRAL: SR1E2Mu/Central/MHc100_MA95/score_diboson in Skim_TriLep_DYJets10to50.root
