2025-09-24 15:59:19,689 - INFO - [2022EE] MISSING_SYSTEMATIC: SR1E2Mu/JetEn_Down/muons/1/px in Skim_TriLep_DYJets.root
2025-09-24 15:59:19,703 - INFO - [2022EE] MISSING_CENTRAL: SR1E2Mu/Central/muons/1/px in Skim_TriLep_DYJets10to50.root
2025-10-02 21:19:10,392 - INFO - [2022EE] MISSING_SYSTEMATIC: SR1E2Mu/JetEn_Down/muons/1/px in Skim_TriLep_DYJets.root
2025-10-02 21:19:10,438 - INFO - [2022EE] MISSING_CENTRAL: SR1E2Mu/Central/muons/1/px in Skim_TriLep_DYJets10to50.root
2025-10-03 00:27:17,367 - INFO - [2022EE] MISSING_SYSTEMATIC: SR1E2Mu/JetEn_Down/muons/1/px in Skim_TriLep_DYJets.root
2025-10-03 00:27:17,390 - INFO - [2022EE] MISSING_CENTRAL: SR1E2Mu/Central/muons/1/px in Skim_TriLep_DYJets10to50.root
2025-11-07 13:11:00,008 - INFO - [2022EE] MISSING_FILE: /home/choij/Sync/workspace/ChargedHiggsAnalysisV3/SKNanoOutput/PromptSelector/Run1E2Mu/2022EE/Skim_TriLep_MuonEG_E.root
2025-11-07 13:11:00,009 - INFO - [2022EE] MISSING_FILE: /home/choij/Sync/workspace/ChargedHiggsAnalysisV3/SKNanoOutput/PromptSelector/Run1E2Mu/2022EE/Skim_TriLep_MuonEG_F.root
2025-11-07 13:11:00,010 - INFO - [2022EE] MISSING_FILE: /home/choij/Sync/workspace/ChargedHiggsAnalysisV3/SKNanoOutput/PromptSelector/Run1E2Mu/2022EE/Skim_TriLep_MuonEG_G.root
2025-11-07 14:08:37,697 - INFO - [2022EE] MISSING_FILE: /home/choij/Sync/workspace/ChargedHiggsAnalysisV3/SKNanoOutput/PromptSelector/Run1E2Mu/2022EE/Skim_TriLep_MuonEG_E.root
2025-11-07 14:08:37,698 - INFO - [2022EE] MISSING_FILE: /home/choij/Sync/workspace/ChargedHiggsAnalysisV3/SKNanoOutput/PromptSelector/Run1E2Mu/2022EE/Skim_TriLep_MuonEG_F.root
2025-11-07 14:08:37,698 - INFO - [2022EE] MISSING_FILE: /home/choij/Sync/workspace/ChargedHiggsAnalysisV3/SKNanoOutput/PromptSelector/Run1E2Mu/2022EE/Skim_TriLep_MuonEG_G.root
2025-11-10 12:24:10,722 - INFO - [2022EE] MISSING_SYSTEMATIC: SR1E2Mu/JetEn_Down/muons/1/px in Skim_TriLep_DYJets.root
2025-11-10 12:24:10,737 - INFO - [2022EE] MISSING_CENTRAL: SR1E2Mu/Central/muons/1/px in Skim_TriLep_DYJets10to50.root
2025-11-13 11:14:00,599 - INFO - [2022EE] MISSING_SYSTEMATIC: SR1E2Mu/JetEn_Down/muons/1/px in Skim_TriLep_DYJets.root
2025-11-13 11:14:00,630 - INFO - [2022EE] MISSING_CENTRAL: SR1E2Mu/Central/muons/1/px in Skim_TriLep_DYJets10to50.root
2025-11-19 16:26:38,371 - INFO - [2022EE] MISSING_SYSTEMATIC: SR1E2Mu/JetEn_Down/muons/1/px in Skim_TriLep_DYJets.root
2025-11-19 16:26:38,386 - INFO - [2022EE] MISSING_CENTRAL: SR1E2Mu/Central/muons/1/px in Skim_TriLep_DYJets10to50.root
2025-12-17 22:41:16,864 - INFO - [2022EE] MISSING_CENTRAL: SR1E2Mu/Central/muons/1/px in Skim_TriLep_DYJets10to50.root
2025-12-18 14:26:28,809 - INFO - [2022EE] MISSING_CENTRAL: SR1E2Mu/Central/muons/1/px in Skim_TriLep_DYJets10to50.root
2025-12-18 14:41:50,599 - INFO - [2022EE] MISSING_CENTRAL: SR1E2Mu/Central/muons/1/px in Skim_TriLep_DYJets10to50.root
2026-01-07 11:51:01,839 - INFO - [2022EE] MISSING_CENTRAL: SR1E2Mu/Central/muons/1/px in Skim_TriLep_DYJets10to50.root
2026-01-07 18:47:47,502 - INFO - [2022EE] MISSING_CENTRAL: SR1E2Mu/Central/muons/1/px in Skim_TriLep_DYJets10to50.root
2026-01-07 19:29:58,169 - INFO - [2022EE] MISSING_CENTRAL: SR1E2Mu/Central/muons/1/px in Skim_TriLep_DYJets10to50.root
2026-01-09 12:22:18,068 - INFO - [2022EE] MISSING_CENTRAL: SR1E2Mu/Central/muons/1/px in Skim_TriLep_DYJets10to50.root
2026-01-11 09:42:20,857 - INFO - [2022EE] MISSING_CENTRAL: SR1E2Mu/Central/muons/1/px in Skim_TriLep_DYJets10to50.root
2026-01-12 13:51:04,669 - INFO - [2022EE] MISSING_FILE: /home/choij/Sync/workspace/ChargedHiggsAnalysisV3/SKNanoOutput/MatrixSelector/Run1E2Mu/2022EE/Skim_TriLep_MuonEG_E.root
2026-01-12 13:51:04,669 - INFO - [2022EE] MISSING_FILE: /home/choij/Sync/workspace/ChargedHiggsAnalysisV3/SKNanoOutput/MatrixSelector/Run1E2Mu/2022EE/Skim_TriLep_MuonEG_F.root
2026-01-12 13:51:04,669 - INFO - [2022EE] MISSING_FILE: /home/choij/Sync/workspace/ChargedHiggsAnalysisV3/SKNanoOutput/MatrixSelector/Run1E2Mu/2022EE/Skim_TriLep_MuonEG_G.root
2026-01-12 13:51:04,700 - INFO - [2022EE] MISSING_CENTRAL: SR1E2Mu/Central/muons/1/px in Skim_TriLep_DYJets10to50.root
2026-01-16 19:06:00,261 - INFO - [2022EE] MISSING_CENTRAL: SR1E2Mu/Central/muons/1/px in Skim_TriLep_DYJets10to50.root
