2025-12-16 16:30:29,431 - INFO - [2022] MISSING_CENTRAL: DIMU/Central/jets/4/eta in WJets.root
2025-12-16 16:30:29,455 - INFO - [2022] MISSING_CENTRAL: DIMU/L1Prefire_NotImplemented/jets/4/eta in WJets.root
2025-12-16 16:30:29,458 - INFO - [2022] MISSING_CENTRAL: DIMU/L1Prefire_NotImplemented/jets/4/eta in ST_sch_top_Lep.root
2025-12-16 16:30:29,458 - INFO - [2022] MISSING_CENTRAL: DIMU/L1Prefire_NotImplemented/jets/4/eta in ST_sch_antitop_Lep.root
2025-12-16 16:30:29,459 - INFO - [2022] MISSING_CENTRAL: DIMU/L1Prefire_NotImplemented/jets/4/eta in ST_tch_top.root
2025-12-16 16:30:29,459 - INFO - [2022] MISSING_CENTRAL: DIMU/Central/jets/4/eta in ST_sch_top_Lep.root
2025-12-16 16:30:29,460 - INFO - [2022] MISSING_CENTRAL: DIMU/L1Prefire_NotImplemented/jets/4/eta in ST_tch_antitop.root
2025-12-16 16:30:29,460 - INFO - [2022] MISSING_CENTRAL: DIMU/Central/jets/4/eta in ST_sch_antitop_Lep.root
2025-12-16 16:30:29,460 - INFO - [2022] MISSING_CENTRAL: DIMU/Central/jets/4/eta in ST_tch_top.root
2025-12-16 16:30:29,461 - INFO - [2022] MISSING_CENTRAL: DIMU/Central/jets/4/eta in ST_tch_antitop.root
2025-12-16 16:30:29,468 - INFO - [2022EE] MISSING_CENTRAL: DIMU/L1Prefire_NotImplemented/jets/4/eta in ST_sch_top_Lep.root
2025-12-16 16:30:29,469 - INFO - [2022EE] MISSING_CENTRAL: DIMU/L1Prefire_NotImplemented/jets/4/eta in ST_sch_antitop_Lep.root
2025-12-16 16:30:29,470 - INFO - [2022EE] MISSING_CENTRAL: DIMU/L1Prefire_NotImplemented/jets/4/eta in ST_tch_antitop.root
2025-12-16 16:30:29,481 - INFO - [2023] MISSING_CENTRAL: DIMU/L1Prefire_NotImplemented/jets/4/eta in ST_sch_top_Lep.root
2025-12-16 16:30:29,482 - INFO - [2023] MISSING_CENTRAL: DIMU/L1Prefire_NotImplemented/jets/4/eta in ST_sch_antitop_Lep.root
2025-12-16 16:30:29,483 - INFO - [2023] MISSING_CENTRAL: DIMU/L1Prefire_NotImplemented/jets/4/eta in ST_tch_top.root
2025-12-16 16:30:29,483 - INFO - [2023] MISSING_CENTRAL: DIMU/L1Prefire_NotImplemented/jets/4/eta in ST_tch_antitop.root
2025-12-16 16:30:29,490 - INFO - [2023BPix] MISSING_CENTRAL: DIMU/L1Prefire_NotImplemented/jets/4/eta in WJets.root
2025-12-16 16:30:29,493 - INFO - [2023BPix] MISSING_CENTRAL: DIMU/L1Prefire_NotImplemented/jets/4/eta in ST_sch_top_Lep.root
2025-12-16 16:30:29,493 - INFO - [2023BPix] MISSING_CENTRAL: DIMU/L1Prefire_NotImplemented/jets/4/eta in ST_sch_antitop_Lep.root
2025-12-16 16:30:29,494 - INFO - [2023BPix] MISSING_CENTRAL: DIMU/L1Prefire_NotImplemented/jets/4/eta in ST_tch_top.root
2025-12-16 16:30:29,494 - INFO - [2023BPix] MISSING_CENTRAL: DIMU/L1Prefire_NotImplemented/jets/4/eta in ST_tch_antitop.root
2025-12-16 16:30:29,507 - INFO - [2022EE] MISSING_CENTRAL: DIMU/Central/jets/4/eta in ST_sch_top_Lep.root
2025-12-16 16:30:29,507 - INFO - [2022EE] MISSING_CENTRAL: DIMU/Central/jets/4/eta in ST_sch_antitop_Lep.root
2025-12-16 16:30:29,511 - INFO - [2022EE] MISSING_CENTRAL: DIMU/Central/jets/4/eta in ST_tch_antitop.root
2025-12-16 16:30:29,563 - INFO - [2023] MISSING_CENTRAL: DIMU/Central/jets/4/eta in ST_sch_top_Lep.root
2025-12-16 16:30:29,563 - INFO - [2023] MISSING_CENTRAL: DIMU/Central/jets/4/eta in ST_sch_antitop_Lep.root
2025-12-16 16:30:29,564 - INFO - [2023] MISSING_CENTRAL: DIMU/Central/jets/4/eta in ST_tch_top.root
2025-12-16 16:30:29,565 - INFO - [2023] MISSING_CENTRAL: DIMU/Central/jets/4/eta in ST_tch_antitop.root
2025-12-16 16:30:29,595 - INFO - [2023BPix] MISSING_CENTRAL: DIMU/Central/jets/4/eta in WJets.root
2025-12-16 16:30:29,613 - INFO - [2023BPix] MISSING_CENTRAL: DIMU/Central/jets/4/eta in ST_sch_top_Lep.root
2025-12-16 16:30:29,614 - INFO - [2023BPix] MISSING_CENTRAL: DIMU/Central/jets/4/eta in ST_sch_antitop_Lep.root
2025-12-16 16:30:29,614 - INFO - [2023BPix] MISSING_CENTRAL: DIMU/Central/jets/4/eta in ST_tch_top.root
2025-12-16 16:30:29,615 - INFO - [2023BPix] MISSING_CENTRAL: DIMU/Central/jets/4/eta in ST_tch_antitop.root
2025-12-16 16:30:29,654 - INFO - [2022] MISSING_CENTRAL: DIMU/PileupReweight_NotImplemented/jets/4/eta in WJets.root
2025-12-16 16:30:29,657 - INFO - [2022] MISSING_CENTRAL: DIMU/PileupReweight_NotImplemented/jets/4/eta in ST_sch_top_Lep.root
2025-12-16 16:30:29,658 - INFO - [2022] MISSING_CENTRAL: DIMU/PileupReweight_NotImplemented/jets/4/eta in ST_sch_antitop_Lep.root
2025-12-16 16:30:29,659 - INFO - [2022] MISSING_CENTRAL: DIMU/PileupReweight_NotImplemented/jets/4/eta in ST_tch_top.root
2025-12-16 16:30:29,659 - INFO - [2022] MISSING_CENTRAL: DIMU/PileupReweight_NotImplemented/jets/4/eta in ST_tch_antitop.root
2025-12-16 16:30:29,668 - INFO - [2022EE] MISSING_CENTRAL: DIMU/PileupReweight_NotImplemented/jets/4/eta in ST_sch_top_Lep.root
2025-12-16 16:30:29,669 - INFO - [2022EE] MISSING_CENTRAL: DIMU/PileupReweight_NotImplemented/jets/4/eta in ST_sch_antitop_Lep.root
2025-12-16 16:30:29,670 - INFO - [2022EE] MISSING_CENTRAL: DIMU/PileupReweight_NotImplemented/jets/4/eta in ST_tch_antitop.root
2025-12-16 16:30:29,681 - INFO - [2023] MISSING_CENTRAL: DIMU/PileupReweight_NotImplemented/jets/4/eta in ST_sch_top_Lep.root
2025-12-16 16:30:29,682 - INFO - [2023] MISSING_CENTRAL: DIMU/PileupReweight_NotImplemented/jets/4/eta in ST_sch_antitop_Lep.root
2025-12-16 16:30:29,682 - INFO - [2023] MISSING_CENTRAL: DIMU/PileupReweight_NotImplemented/jets/4/eta in ST_tch_top.root
2025-12-16 16:30:29,683 - INFO - [2023] MISSING_CENTRAL: DIMU/PileupReweight_NotImplemented/jets/4/eta in ST_tch_antitop.root
2025-12-16 16:30:29,690 - INFO - [2023BPix] MISSING_CENTRAL: DIMU/PileupReweight_NotImplemented/jets/4/eta in WJets.root
2025-12-16 16:30:29,692 - INFO - [2023BPix] MISSING_CENTRAL: DIMU/PileupReweight_NotImplemented/jets/4/eta in ST_sch_top_Lep.root
2025-12-16 16:30:29,693 - INFO - [2023BPix] MISSING_CENTRAL: DIMU/PileupReweight_NotImplemented/jets/4/eta in ST_sch_antitop_Lep.root
2025-12-16 16:30:29,694 - INFO - [2023BPix] MISSING_CENTRAL: DIMU/PileupReweight_NotImplemented/jets/4/eta in ST_tch_top.root
2025-12-16 16:30:29,694 - INFO - [2023BPix] MISSING_CENTRAL: DIMU/PileupReweight_NotImplemented/jets/4/eta in ST_tch_antitop.root
2025-12-16 16:30:29,928 - INFO - [2022] MISSING_CENTRAL: DIMU/DblMuTrigSF_NotImplemented/jets/4/eta in WJets.root
2025-12-16 16:30:29,931 - INFO - [2022] MISSING_CENTRAL: DIMU/DblMuTrigSF_NotImplemented/jets/4/eta in ST_sch_top_Lep.root
2025-12-16 16:30:29,932 - INFO - [2022] MISSING_CENTRAL: DIMU/DblMuTrigSF_NotImplemented/jets/4/eta in ST_sch_antitop_Lep.root
2025-12-16 16:30:29,932 - INFO - [2022] MISSING_CENTRAL: DIMU/DblMuTrigSF_NotImplemented/jets/4/eta in ST_tch_top.root
2025-12-16 16:30:29,933 - INFO - [2022] MISSING_CENTRAL: DIMU/DblMuTrigSF_NotImplemented/jets/4/eta in ST_tch_antitop.root
2025-12-16 16:30:29,942 - INFO - [2022EE] MISSING_CENTRAL: DIMU/DblMuTrigSF_NotImplemented/jets/4/eta in ST_sch_top_Lep.root
2025-12-16 16:30:29,942 - INFO - [2022EE] MISSING_CENTRAL: DIMU/DblMuTrigSF_NotImplemented/jets/4/eta in ST_sch_antitop_Lep.root
2025-12-16 16:30:29,943 - INFO - [2022EE] MISSING_CENTRAL: DIMU/DblMuTrigSF_NotImplemented/jets/4/eta in ST_tch_antitop.root
2025-12-16 16:30:29,945 - INFO - [2022] MISSING_CENTRAL: DIMU/MuonIDSF_NotImplemented/jets/4/eta in WJets.root
2025-12-16 16:30:29,948 - INFO - [2022] MISSING_CENTRAL: DIMU/MuonIDSF_NotImplemented/jets/4/eta in ST_sch_top_Lep.root
2025-12-16 16:30:29,949 - INFO - [2022] MISSING_CENTRAL: DIMU/MuonIDSF_NotImplemented/jets/4/eta in ST_sch_antitop_Lep.root
2025-12-16 16:30:29,949 - INFO - [2022] MISSING_CENTRAL: DIMU/MuonIDSF_NotImplemented/jets/4/eta in ST_tch_top.root
2025-12-16 16:30:29,950 - INFO - [2022] MISSING_CENTRAL: DIMU/MuonIDSF_NotImplemented/jets/4/eta in ST_tch_antitop.root
2025-12-16 16:30:29,955 - INFO - [2023] MISSING_CENTRAL: DIMU/DblMuTrigSF_NotImplemented/jets/4/eta in ST_sch_top_Lep.root
2025-12-16 16:30:29,956 - INFO - [2023] MISSING_CENTRAL: DIMU/DblMuTrigSF_NotImplemented/jets/4/eta in ST_sch_antitop_Lep.root
2025-12-16 16:30:29,956 - INFO - [2023] MISSING_CENTRAL: DIMU/DblMuTrigSF_NotImplemented/jets/4/eta in ST_tch_top.root
2025-12-16 16:30:29,957 - INFO - [2023] MISSING_CENTRAL: DIMU/DblMuTrigSF_NotImplemented/jets/4/eta in ST_tch_antitop.root
2025-12-16 16:30:29,959 - INFO - [2022EE] MISSING_CENTRAL: DIMU/MuonIDSF_NotImplemented/jets/4/eta in ST_sch_top_Lep.root
2025-12-16 16:30:29,959 - INFO - [2022EE] MISSING_CENTRAL: DIMU/MuonIDSF_NotImplemented/jets/4/eta in ST_sch_antitop_Lep.root
2025-12-16 16:30:29,960 - INFO - [2022EE] MISSING_CENTRAL: DIMU/MuonIDSF_NotImplemented/jets/4/eta in ST_tch_antitop.root
2025-12-16 16:30:29,964 - INFO - [2023BPix] MISSING_CENTRAL: DIMU/DblMuTrigSF_NotImplemented/jets/4/eta in WJets.root
2025-12-16 16:30:29,967 - INFO - [2023BPix] MISSING_CENTRAL: DIMU/DblMuTrigSF_NotImplemented/jets/4/eta in ST_sch_top_Lep.root
2025-12-16 16:30:29,967 - INFO - [2023BPix] MISSING_CENTRAL: DIMU/DblMuTrigSF_NotImplemented/jets/4/eta in ST_sch_antitop_Lep.root
2025-12-16 16:30:29,968 - INFO - [2023BPix] MISSING_CENTRAL: DIMU/DblMuTrigSF_NotImplemented/jets/4/eta in ST_tch_top.root
2025-12-16 16:30:29,969 - INFO - [2023BPix] MISSING_CENTRAL: DIMU/DblMuTrigSF_NotImplemented/jets/4/eta in ST_tch_antitop.root
2025-12-16 16:30:29,972 - INFO - [2023] MISSING_CENTRAL: DIMU/MuonIDSF_NotImplemented/jets/4/eta in ST_sch_top_Lep.root
2025-12-16 16:30:29,972 - INFO - [2023] MISSING_CENTRAL: DIMU/MuonIDSF_NotImplemented/jets/4/eta in ST_sch_antitop_Lep.root
2025-12-16 16:30:29,973 - INFO - [2023] MISSING_CENTRAL: DIMU/MuonIDSF_NotImplemented/jets/4/eta in ST_tch_top.root
2025-12-16 16:30:29,974 - INFO - [2023] MISSING_CENTRAL: DIMU/MuonIDSF_NotImplemented/jets/4/eta in ST_tch_antitop.root
2025-12-16 16:30:29,980 - INFO - [2023BPix] MISSING_CENTRAL: DIMU/MuonIDSF_NotImplemented/jets/4/eta in WJets.root
2025-12-16 16:30:29,983 - INFO - [2023BPix] MISSING_CENTRAL: DIMU/MuonIDSF_NotImplemented/jets/4/eta in ST_sch_top_Lep.root
2025-12-16 16:30:29,984 - INFO - [2023BPix] MISSING_CENTRAL: DIMU/MuonIDSF_NotImplemented/jets/4/eta in ST_sch_antitop_Lep.root
2025-12-16 16:30:29,984 - INFO - [2023BPix] MISSING_CENTRAL: DIMU/MuonIDSF_NotImplemented/jets/4/eta in ST_tch_top.root
2025-12-16 16:30:29,985 - INFO - [2023BPix] MISSING_CENTRAL: DIMU/MuonIDSF_NotImplemented/jets/4/eta in ST_tch_antitop.root
2026-01-09 12:48:47,028 - INFO - [2022] MISSING_CENTRAL: DIMU/Central/jets/4/eta in WJets.root
2026-01-09 12:48:47,047 - INFO - [2022] MISSING_CENTRAL: DIMU/Central/jets/4/eta in ST_sch_top_Lep.root
2026-01-09 12:48:47,047 - INFO - [2022] MISSING_CENTRAL: DIMU/Central/jets/4/eta in ST_sch_antitop_Lep.root
2026-01-09 12:48:47,048 - INFO - [2022] MISSING_CENTRAL: DIMU/Central/jets/4/eta in ST_tch_top.root
2026-01-09 12:48:47,048 - INFO - [2022] MISSING_CENTRAL: DIMU/Central/jets/4/eta in ST_tch_antitop.root
2026-01-09 12:48:47,063 - INFO - [2022] MISSING_CENTRAL: DIMU/L1Prefire_NotImplemented/jets/4/eta in WJets.root
2026-01-09 12:48:47,065 - INFO - [2022] MISSING_CENTRAL: DIMU/L1Prefire_NotImplemented/jets/4/eta in ST_sch_top_Lep.root
2026-01-09 12:48:47,065 - INFO - [2022] MISSING_CENTRAL: DIMU/L1Prefire_NotImplemented/jets/4/eta in ST_sch_antitop_Lep.root
2026-01-09 12:48:47,066 - INFO - [2022] MISSING_CENTRAL: DIMU/L1Prefire_NotImplemented/jets/4/eta in ST_tch_top.root
2026-01-09 12:48:47,066 - INFO - [2022] MISSING_CENTRAL: DIMU/L1Prefire_NotImplemented/jets/4/eta in ST_tch_antitop.root
2026-01-09 12:48:47,071 - INFO - [2022EE] MISSING_CENTRAL: DIMU/L1Prefire_NotImplemented/jets/4/eta in ST_sch_top_Lep.root
2026-01-09 12:48:47,071 - INFO - [2022EE] MISSING_CENTRAL: DIMU/L1Prefire_NotImplemented/jets/4/eta in ST_sch_antitop_Lep.root
2026-01-09 12:48:47,072 - INFO - [2022EE] MISSING_CENTRAL: DIMU/L1Prefire_NotImplemented/jets/4/eta in ST_tch_antitop.root
2026-01-09 12:48:47,078 - INFO - [2023] MISSING_CENTRAL: DIMU/L1Prefire_NotImplemented/jets/4/eta in ST_sch_top_Lep.root
2026-01-09 12:48:47,079 - INFO - [2023] MISSING_CENTRAL: DIMU/L1Prefire_NotImplemented/jets/4/eta in ST_sch_antitop_Lep.root
2026-01-09 12:48:47,079 - INFO - [2023] MISSING_CENTRAL: DIMU/L1Prefire_NotImplemented/jets/4/eta in ST_tch_top.root
2026-01-09 12:48:47,079 - INFO - [2023] MISSING_CENTRAL: DIMU/L1Prefire_NotImplemented/jets/4/eta in ST_tch_antitop.root
2026-01-09 12:48:47,080 - INFO - [2022EE] MISSING_CENTRAL: DIMU/Central/jets/4/eta in ST_sch_top_Lep.root
2026-01-09 12:48:47,080 - INFO - [2022EE] MISSING_CENTRAL: DIMU/Central/jets/4/eta in ST_sch_antitop_Lep.root
2026-01-09 12:48:47,083 - INFO - [2022EE] MISSING_CENTRAL: DIMU/Central/jets/4/eta in ST_tch_antitop.root
2026-01-09 12:48:47,083 - INFO - [2023BPix] MISSING_CENTRAL: DIMU/L1Prefire_NotImplemented/jets/4/eta in WJets.root
2026-01-09 12:48:47,085 - INFO - [2023BPix] MISSING_CENTRAL: DIMU/L1Prefire_NotImplemented/jets/4/eta in ST_sch_top_Lep.root
2026-01-09 12:48:47,085 - INFO - [2023BPix] MISSING_CENTRAL: DIMU/L1Prefire_NotImplemented/jets/4/eta in ST_sch_antitop_Lep.root
2026-01-09 12:48:47,085 - INFO - [2023BPix] MISSING_CENTRAL: DIMU/L1Prefire_NotImplemented/jets/4/eta in ST_tch_top.root
2026-01-09 12:48:47,086 - INFO - [2023BPix] MISSING_CENTRAL: DIMU/L1Prefire_NotImplemented/jets/4/eta in ST_tch_antitop.root
2026-01-09 12:48:47,113 - INFO - [2022] MISSING_CENTRAL: DIMU/PileupReweight_NotImplemented/jets/4/eta in WJets.root
2026-01-09 12:48:47,115 - INFO - [2022] MISSING_CENTRAL: DIMU/PileupReweight_NotImplemented/jets/4/eta in ST_sch_top_Lep.root
2026-01-09 12:48:47,115 - INFO - [2022] MISSING_CENTRAL: DIMU/PileupReweight_NotImplemented/jets/4/eta in ST_sch_antitop_Lep.root
2026-01-09 12:48:47,115 - INFO - [2022] MISSING_CENTRAL: DIMU/PileupReweight_NotImplemented/jets/4/eta in ST_tch_top.root
2026-01-09 12:48:47,116 - INFO - [2022] MISSING_CENTRAL: DIMU/PileupReweight_NotImplemented/jets/4/eta in ST_tch_antitop.root
2026-01-09 12:48:47,118 - INFO - [2023] MISSING_CENTRAL: DIMU/Central/jets/4/eta in ST_sch_top_Lep.root
2026-01-09 12:48:47,119 - INFO - [2023] MISSING_CENTRAL: DIMU/Central/jets/4/eta in ST_sch_antitop_Lep.root
2026-01-09 12:48:47,119 - INFO - [2023] MISSING_CENTRAL: DIMU/Central/jets/4/eta in ST_tch_top.root
2026-01-09 12:48:47,119 - INFO - [2023] MISSING_CENTRAL: DIMU/Central/jets/4/eta in ST_tch_antitop.root
2026-01-09 12:48:47,121 - INFO - [2022EE] MISSING_CENTRAL: DIMU/PileupReweight_NotImplemented/jets/4/eta in ST_sch_top_Lep.root
2026-01-09 12:48:47,121 - INFO - [2022EE] MISSING_CENTRAL: DIMU/PileupReweight_NotImplemented/jets/4/eta in ST_sch_antitop_Lep.root
2026-01-09 12:48:47,122 - INFO - [2022EE] MISSING_CENTRAL: DIMU/PileupReweight_NotImplemented/jets/4/eta in ST_tch_antitop.root
2026-01-09 12:48:47,129 - INFO - [2023] MISSING_CENTRAL: DIMU/PileupReweight_NotImplemented/jets/4/eta in ST_sch_top_Lep.root
2026-01-09 12:48:47,129 - INFO - [2023] MISSING_CENTRAL: DIMU/PileupReweight_NotImplemented/jets/4/eta in ST_sch_antitop_Lep.root
2026-01-09 12:48:47,130 - INFO - [2023] MISSING_CENTRAL: DIMU/PileupReweight_NotImplemented/jets/4/eta in ST_tch_top.root
2026-01-09 12:48:47,130 - INFO - [2023] MISSING_CENTRAL: DIMU/PileupReweight_NotImplemented/jets/4/eta in ST_tch_antitop.root
2026-01-09 12:48:47,134 - INFO - [2023BPix] MISSING_CENTRAL: DIMU/PileupReweight_NotImplemented/jets/4/eta in WJets.root
2026-01-09 12:48:47,136 - INFO - [2023BPix] MISSING_CENTRAL: DIMU/PileupReweight_NotImplemented/jets/4/eta in ST_sch_top_Lep.root
2026-01-09 12:48:47,136 - INFO - [2023BPix] MISSING_CENTRAL: DIMU/PileupReweight_NotImplemented/jets/4/eta in ST_sch_antitop_Lep.root
2026-01-09 12:48:47,137 - INFO - [2023BPix] MISSING_CENTRAL: DIMU/PileupReweight_NotImplemented/jets/4/eta in ST_tch_top.root
2026-01-09 12:48:47,137 - INFO - [2023BPix] MISSING_CENTRAL: DIMU/PileupReweight_NotImplemented/jets/4/eta in ST_tch_antitop.root
2026-01-09 12:48:47,139 - INFO - [2023BPix] MISSING_CENTRAL: DIMU/Central/jets/4/eta in WJets.root
2026-01-09 12:48:47,150 - INFO - [2023BPix] MISSING_CENTRAL: DIMU/Central/jets/4/eta in ST_sch_top_Lep.root
2026-01-09 12:48:47,151 - INFO - [2023BPix] MISSING_CENTRAL: DIMU/Central/jets/4/eta in ST_sch_antitop_Lep.root
2026-01-09 12:48:47,151 - INFO - [2023BPix] MISSING_CENTRAL: DIMU/Central/jets/4/eta in ST_tch_top.root
2026-01-09 12:48:47,151 - INFO - [2023BPix] MISSING_CENTRAL: DIMU/Central/jets/4/eta in ST_tch_antitop.root
2026-01-09 12:48:47,291 - INFO - [2022] MISSING_CENTRAL: DIMU/MuonIDSF_NotImplemented/jets/4/eta in WJets.root
2026-01-09 12:48:47,293 - INFO - [2022] MISSING_CENTRAL: DIMU/MuonIDSF_NotImplemented/jets/4/eta in ST_sch_top_Lep.root
2026-01-09 12:48:47,293 - INFO - [2022] MISSING_CENTRAL: DIMU/MuonIDSF_NotImplemented/jets/4/eta in ST_sch_antitop_Lep.root
2026-01-09 12:48:47,293 - INFO - [2022] MISSING_CENTRAL: DIMU/MuonIDSF_NotImplemented/jets/4/eta in ST_tch_top.root
2026-01-09 12:48:47,294 - INFO - [2022] MISSING_CENTRAL: DIMU/MuonIDSF_NotImplemented/jets/4/eta in ST_tch_antitop.root
2026-01-09 12:48:47,299 - INFO - [2022EE] MISSING_CENTRAL: DIMU/MuonIDSF_NotImplemented/jets/4/eta in ST_sch_top_Lep.root
2026-01-09 12:48:47,299 - INFO - [2022EE] MISSING_CENTRAL: DIMU/MuonIDSF_NotImplemented/jets/4/eta in ST_sch_antitop_Lep.root
2026-01-09 12:48:47,300 - INFO - [2022EE] MISSING_CENTRAL: DIMU/MuonIDSF_NotImplemented/jets/4/eta in ST_tch_antitop.root
2026-01-09 12:48:47,306 - INFO - [2023] MISSING_CENTRAL: DIMU/MuonIDSF_NotImplemented/jets/4/eta in ST_sch_top_Lep.root
2026-01-09 12:48:47,306 - INFO - [2023] MISSING_CENTRAL: DIMU/MuonIDSF_NotImplemented/jets/4/eta in ST_sch_antitop_Lep.root
2026-01-09 12:48:47,307 - INFO - [2023] MISSING_CENTRAL: DIMU/MuonIDSF_NotImplemented/jets/4/eta in ST_tch_top.root
2026-01-09 12:48:47,307 - INFO - [2023] MISSING_CENTRAL: DIMU/MuonIDSF_NotImplemented/jets/4/eta in ST_tch_antitop.root
2026-01-09 12:48:47,311 - INFO - [2023BPix] MISSING_CENTRAL: DIMU/MuonIDSF_NotImplemented/jets/4/eta in WJets.root
2026-01-09 12:48:47,312 - INFO - [2023BPix] MISSING_CENTRAL: DIMU/MuonIDSF_NotImplemented/jets/4/eta in ST_sch_top_Lep.root
2026-01-09 12:48:47,313 - INFO - [2023BPix] MISSING_CENTRAL: DIMU/MuonIDSF_NotImplemented/jets/4/eta in ST_sch_antitop_Lep.root
2026-01-09 12:48:47,313 - INFO - [2023BPix] MISSING_CENTRAL: DIMU/MuonIDSF_NotImplemented/jets/4/eta in ST_tch_top.root
2026-01-09 12:48:47,313 - INFO - [2023BPix] MISSING_CENTRAL: DIMU/MuonIDSF_NotImplemented/jets/4/eta in ST_tch_antitop.root
2026-01-09 12:48:47,344 - INFO - [2022] MISSING_CENTRAL: DIMU/DblMuTrigSF_NotImplemented/jets/4/eta in WJets.root
2026-01-09 12:48:47,346 - INFO - [2022] MISSING_CENTRAL: DIMU/DblMuTrigSF_NotImplemented/jets/4/eta in ST_sch_top_Lep.root
2026-01-09 12:48:47,346 - INFO - [2022] MISSING_CENTRAL: DIMU/DblMuTrigSF_NotImplemented/jets/4/eta in ST_sch_antitop_Lep.root
2026-01-09 12:48:47,347 - INFO - [2022] MISSING_CENTRAL: DIMU/DblMuTrigSF_NotImplemented/jets/4/eta in ST_tch_top.root
2026-01-09 12:48:47,347 - INFO - [2022] MISSING_CENTRAL: DIMU/DblMuTrigSF_NotImplemented/jets/4/eta in ST_tch_antitop.root
2026-01-09 12:48:47,352 - INFO - [2022EE] MISSING_CENTRAL: DIMU/DblMuTrigSF_NotImplemented/jets/4/eta in ST_sch_top_Lep.root
2026-01-09 12:48:47,352 - INFO - [2022EE] MISSING_CENTRAL: DIMU/DblMuTrigSF_NotImplemented/jets/4/eta in ST_sch_antitop_Lep.root
2026-01-09 12:48:47,353 - INFO - [2022EE] MISSING_CENTRAL: DIMU/DblMuTrigSF_NotImplemented/jets/4/eta in ST_tch_antitop.root
2026-01-09 12:48:47,359 - INFO - [2023] MISSING_CENTRAL: DIMU/DblMuTrigSF_NotImplemented/jets/4/eta in ST_sch_top_Lep.root
2026-01-09 12:48:47,359 - INFO - [2023] MISSING_CENTRAL: DIMU/DblMuTrigSF_NotImplemented/jets/4/eta in ST_sch_antitop_Lep.root
2026-01-09 12:48:47,360 - INFO - [2023] MISSING_CENTRAL: DIMU/DblMuTrigSF_NotImplemented/jets/4/eta in ST_tch_top.root
2026-01-09 12:48:47,360 - INFO - [2023] MISSING_CENTRAL: DIMU/DblMuTrigSF_NotImplemented/jets/4/eta in ST_tch_antitop.root
2026-01-09 12:48:47,364 - INFO - [2023BPix] MISSING_CENTRAL: DIMU/DblMuTrigSF_NotImplemented/jets/4/eta in WJets.root
2026-01-09 12:48:47,365 - INFO - [2023BPix] MISSING_CENTRAL: DIMU/DblMuTrigSF_NotImplemented/jets/4/eta in ST_sch_top_Lep.root
2026-01-09 12:48:47,366 - INFO - [2023BPix] MISSING_CENTRAL: DIMU/DblMuTrigSF_NotImplemented/jets/4/eta in ST_sch_antitop_Lep.root
2026-01-09 12:48:47,366 - INFO - [2023BPix] MISSING_CENTRAL: DIMU/DblMuTrigSF_NotImplemented/jets/4/eta in ST_tch_top.root
2026-01-09 12:48:47,366 - INFO - [2023BPix] MISSING_CENTRAL: DIMU/DblMuTrigSF_NotImplemented/jets/4/eta in ST_tch_antitop.root
