2025-12-16 16:30:27,295 - INFO - [2022] MISSING_CENTRAL: DIMU/Central/jets/3/originalPt in ST_tch_top.root
2025-12-16 16:30:27,391 - INFO - [2022] MISSING_CENTRAL: DIMU/L1Prefire_NotImplemented/jets/3/originalPt in ST_tch_top.root
2025-12-16 16:30:27,426 - INFO - [2023BPix] MISSING_CENTRAL: DIMU/L1Prefire_NotImplemented/jets/3/originalPt in ST_sch_top_Lep.root
2025-12-16 16:30:27,511 - INFO - [2023] MISSING_SYSTEMATIC: DIMU/JetEn_Down/jets/3/originalPt in ST_sch_antitop_Lep.root
2025-12-16 16:30:27,620 - INFO - [2023BPix] MISSING_CENTRAL: DIMU/Central/jets/3/originalPt in ST_sch_top_Lep.root
2025-12-16 16:30:27,638 - INFO - [2022] MISSING_CENTRAL: DIMU/PileupReweight_NotImplemented/jets/3/originalPt in ST_tch_top.root
2025-12-16 16:30:27,656 - INFO - [2022] MISSING_CENTRAL: DIMU/MuonIDSF_NotImplemented/jets/3/originalPt in ST_tch_top.root
2025-12-16 16:30:27,672 - INFO - [2023BPix] MISSING_CENTRAL: DIMU/PileupReweight_NotImplemented/jets/3/originalPt in ST_sch_top_Lep.root
2025-12-16 16:30:27,690 - INFO - [2023BPix] MISSING_CENTRAL: DIMU/MuonIDSF_NotImplemented/jets/3/originalPt in ST_sch_top_Lep.root
2025-12-16 16:30:28,391 - INFO - [2022] MISSING_CENTRAL: DIMU/DblMuTrigSF_NotImplemented/jets/3/originalPt in ST_tch_top.root
2025-12-16 16:30:28,427 - INFO - [2023BPix] MISSING_CENTRAL: DIMU/DblMuTrigSF_NotImplemented/jets/3/originalPt in ST_sch_top_Lep.root
2026-01-09 12:48:45,380 - INFO - [2022] MISSING_CENTRAL: DIMU/Central/jets/3/originalPt in ST_tch_top.root
2026-01-09 12:48:45,404 - INFO - [2022] MISSING_CENTRAL: DIMU/L1Prefire_NotImplemented/jets/3/originalPt in ST_tch_top.root
2026-01-09 12:48:45,423 - INFO - [2023BPix] MISSING_CENTRAL: DIMU/L1Prefire_NotImplemented/jets/3/originalPt in ST_sch_top_Lep.root
2026-01-09 12:48:45,543 - INFO - [2023] MISSING_SYSTEMATIC: DIMU/JetEn_Down/jets/3/originalPt in ST_sch_antitop_Lep.root
2026-01-09 12:48:45,560 - INFO - [2022] MISSING_CENTRAL: DIMU/PileupReweight_NotImplemented/jets/3/originalPt in ST_tch_top.root
2026-01-09 12:48:45,580 - INFO - [2023BPix] MISSING_CENTRAL: DIMU/PileupReweight_NotImplemented/jets/3/originalPt in ST_sch_top_Lep.root
2026-01-09 12:48:45,620 - INFO - [2023BPix] MISSING_CENTRAL: DIMU/Central/jets/3/originalPt in ST_sch_top_Lep.root
2026-01-09 12:48:45,664 - INFO - [2022] MISSING_CENTRAL: DIMU/MuonIDSF_NotImplemented/jets/3/originalPt in ST_tch_top.root
2026-01-09 12:48:45,684 - INFO - [2023BPix] MISSING_CENTRAL: DIMU/MuonIDSF_NotImplemented/jets/3/originalPt in ST_sch_top_Lep.root
2026-01-09 12:48:46,225 - INFO - [2022] MISSING_CENTRAL: DIMU/DblMuTrigSF_NotImplemented/jets/3/originalPt in ST_tch_top.root
2026-01-09 12:48:46,245 - INFO - [2023BPix] MISSING_CENTRAL: DIMU/DblMuTrigSF_NotImplemented/jets/3/originalPt in ST_sch_top_Lep.root
2026-01-21 09:34:03,322 - INFO - [2022] MISSING_CENTRAL: DIMU/Central/jets/3/originalPt in ST_tch_top.root
2026-01-21 09:34:03,339 - INFO - [2022] MISSING_CENTRAL: DIMU/L1Prefire_NotImplemented/jets/3/originalPt in ST_tch_top.root
2026-01-21 09:34:03,345 - INFO - [2022EE] MISSING_FILE: /data9/Users/choij/Sync/workspace/ChargedHiggsAnalysisV3/SKNanoOutput/DiLepton/RunDiMu_RunSyst/2022EE/Muon_F.root
2026-01-21 09:34:03,375 - INFO - [2023BPix] MISSING_CENTRAL: DIMU/L1Prefire_NotImplemented/jets/3/originalPt in ST_sch_top_Lep.root
2026-01-21 09:34:03,380 - INFO - [2022EE] MISSING_FILE: /data9/Users/choij/Sync/workspace/ChargedHiggsAnalysisV3/SKNanoOutput/DiLepton/RunDiMu_RunSyst/2022EE/Muon_F.root
2026-01-21 09:34:03,550 - INFO - [2023] MISSING_SYSTEMATIC: DIMU/JetEn_Down/jets/3/originalPt in ST_sch_antitop_Lep.root
2026-01-21 09:34:03,551 - INFO - [2022] MISSING_CENTRAL: DIMU/PileupReweight_NotImplemented/jets/3/originalPt in ST_tch_top.root
2026-01-21 09:34:03,557 - INFO - [2022EE] MISSING_FILE: /data9/Users/choij/Sync/workspace/ChargedHiggsAnalysisV3/SKNanoOutput/DiLepton/RunDiMu_RunSyst/2022EE/Muon_F.root
2026-01-21 09:34:03,581 - INFO - [2022] MISSING_CENTRAL: DIMU/MuonIDSF_NotImplemented/jets/3/originalPt in ST_tch_top.root
2026-01-21 09:34:03,586 - INFO - [2022EE] MISSING_FILE: /data9/Users/choij/Sync/workspace/ChargedHiggsAnalysisV3/SKNanoOutput/DiLepton/RunDiMu_RunSyst/2022EE/Muon_F.root
2026-01-21 09:34:03,586 - INFO - [2023BPix] MISSING_CENTRAL: DIMU/PileupReweight_NotImplemented/jets/3/originalPt in ST_sch_top_Lep.root
2026-01-21 09:34:03,616 - INFO - [2023BPix] MISSING_CENTRAL: DIMU/MuonIDSF_NotImplemented/jets/3/originalPt in ST_sch_top_Lep.root
2026-01-21 09:34:03,666 - INFO - [2023BPix] MISSING_CENTRAL: DIMU/Central/jets/3/originalPt in ST_sch_top_Lep.root
2026-01-21 09:34:04,580 - INFO - [2022] MISSING_CENTRAL: DIMU/DblMuTrigSF_NotImplemented/jets/3/originalPt in ST_tch_top.root
2026-01-21 09:34:04,586 - INFO - [2022EE] MISSING_FILE: /data9/Users/choij/Sync/workspace/ChargedHiggsAnalysisV3/SKNanoOutput/DiLepton/RunDiMu_RunSyst/2022EE/Muon_F.root
2026-01-21 09:34:04,615 - INFO - [2023BPix] MISSING_CENTRAL: DIMU/DblMuTrigSF_NotImplemented/jets/3/originalPt in ST_sch_top_Lep.root
