2025-12-16 16:30:32,165 - INFO - [2022] MISSING_CENTRAL: DIMU/Central/jets/5/eta in WJets.root
2025-12-16 16:30:32,182 - INFO - [2022] MISSING_CENTRAL: DIMU/Central/jets/5/eta in DYJets10to50.root
2025-12-16 16:30:32,190 - INFO - [2022] MISSING_CENTRAL: DIMU/Central/jets/5/eta in ST_sch_top_Lep.root
2025-12-16 16:30:32,191 - INFO - [2022] MISSING_CENTRAL: DIMU/Central/jets/5/eta in ST_sch_antitop_Lep.root
2025-12-16 16:30:32,191 - INFO - [2022] MISSING_CENTRAL: DIMU/Central/jets/5/eta in ST_tch_top.root
2025-12-16 16:30:32,192 - INFO - [2022] MISSING_CENTRAL: DIMU/Central/jets/5/eta in ST_tch_antitop.root
2025-12-16 16:30:32,203 - INFO - [2022] MISSING_CENTRAL: DIMU/Central/jets/5/eta in ST_tW_antitop_Semilep.root
2025-12-16 16:30:32,204 - INFO - [2022] MISSING_CENTRAL: DIMU/Central/jets/5/eta in WW_pythia.root
2025-12-16 16:30:32,208 - INFO - [2022] MISSING_CENTRAL: DIMU/Central/jets/5/eta in ZZ_pythia.root
2025-12-16 16:30:32,208 - INFO - [2022] MISSING_CENTRAL: DIMU/L1Prefire_NotImplemented/jets/5/eta in WJets.root
2025-12-16 16:30:32,210 - INFO - [2022] MISSING_CENTRAL: DIMU/L1Prefire_NotImplemented/jets/5/eta in DYJets10to50.root
2025-12-16 16:30:32,210 - INFO - [2022EE] MISSING_CENTRAL: DIMU/Central/jets/5/eta in WJets.root
2025-12-16 16:30:32,211 - INFO - [2022] MISSING_CENTRAL: DIMU/L1Prefire_NotImplemented/jets/5/eta in ST_sch_top_Lep.root
2025-12-16 16:30:32,212 - INFO - [2022] MISSING_CENTRAL: DIMU/L1Prefire_NotImplemented/jets/5/eta in ST_sch_antitop_Lep.root
2025-12-16 16:30:32,213 - INFO - [2022] MISSING_CENTRAL: DIMU/L1Prefire_NotImplemented/jets/5/eta in ST_tch_top.root
2025-12-16 16:30:32,213 - INFO - [2022] MISSING_CENTRAL: DIMU/L1Prefire_NotImplemented/jets/5/eta in ST_tch_antitop.root
2025-12-16 16:30:32,215 - INFO - [2022EE] MISSING_CENTRAL: DIMU/Central/jets/5/eta in DYJets10to50.root
2025-12-16 16:30:32,215 - INFO - [2022] MISSING_CENTRAL: DIMU/L1Prefire_NotImplemented/jets/5/eta in ST_tW_antitop_Semilep.root
2025-12-16 16:30:32,216 - INFO - [2022] MISSING_CENTRAL: DIMU/L1Prefire_NotImplemented/jets/5/eta in WW_pythia.root
2025-12-16 16:30:32,217 - INFO - [2022] MISSING_CENTRAL: DIMU/L1Prefire_NotImplemented/jets/5/eta in ZZ_pythia.root
2025-12-16 16:30:32,219 - INFO - [2022EE] MISSING_CENTRAL: DIMU/L1Prefire_NotImplemented/jets/5/eta in WJets.root
2025-12-16 16:30:32,220 - INFO - [2022EE] MISSING_CENTRAL: DIMU/L1Prefire_NotImplemented/jets/5/eta in DYJets10to50.root
2025-12-16 16:30:32,222 - INFO - [2022EE] MISSING_CENTRAL: DIMU/L1Prefire_NotImplemented/jets/5/eta in ST_sch_top_Lep.root
2025-12-16 16:30:32,223 - INFO - [2022EE] MISSING_CENTRAL: DIMU/L1Prefire_NotImplemented/jets/5/eta in ST_sch_antitop_Lep.root
2025-12-16 16:30:32,223 - INFO - [2022EE] MISSING_CENTRAL: DIMU/Central/jets/5/eta in ST_sch_top_Lep.root
2025-12-16 16:30:32,223 - INFO - [2022EE] MISSING_CENTRAL: DIMU/L1Prefire_NotImplemented/jets/5/eta in ST_tch_top.root
2025-12-16 16:30:32,223 - INFO - [2022EE] MISSING_CENTRAL: DIMU/Central/jets/5/eta in ST_sch_antitop_Lep.root
2025-12-16 16:30:32,224 - INFO - [2022EE] MISSING_CENTRAL: DIMU/L1Prefire_NotImplemented/jets/5/eta in ST_tch_antitop.root
2025-12-16 16:30:32,224 - INFO - [2022EE] MISSING_CENTRAL: DIMU/Central/jets/5/eta in ST_tch_top.root
2025-12-16 16:30:32,224 - INFO - [2022EE] MISSING_CENTRAL: DIMU/Central/jets/5/eta in ST_tch_antitop.root
2025-12-16 16:30:32,227 - INFO - [2022EE] MISSING_CENTRAL: DIMU/L1Prefire_NotImplemented/jets/5/eta in WW_pythia.root
2025-12-16 16:30:32,232 - INFO - [2023] MISSING_CENTRAL: DIMU/L1Prefire_NotImplemented/jets/5/eta in WJets.root
2025-12-16 16:30:32,233 - INFO - [2023] MISSING_CENTRAL: DIMU/L1Prefire_NotImplemented/jets/5/eta in DYJets10to50.root
2025-12-16 16:30:32,235 - INFO - [2023] MISSING_CENTRAL: DIMU/L1Prefire_NotImplemented/jets/5/eta in ST_sch_top_Lep.root
2025-12-16 16:30:32,236 - INFO - [2023] MISSING_CENTRAL: DIMU/L1Prefire_NotImplemented/jets/5/eta in ST_sch_antitop_Lep.root
2025-12-16 16:30:32,236 - INFO - [2023] MISSING_CENTRAL: DIMU/L1Prefire_NotImplemented/jets/5/eta in ST_tch_top.root
2025-12-16 16:30:32,237 - INFO - [2023] MISSING_CENTRAL: DIMU/L1Prefire_NotImplemented/jets/5/eta in ST_tch_antitop.root
2025-12-16 16:30:32,239 - INFO - [2023] MISSING_CENTRAL: DIMU/L1Prefire_NotImplemented/jets/5/eta in ST_tW_top_Semilep.root
2025-12-16 16:30:32,240 - INFO - [2022EE] MISSING_CENTRAL: DIMU/Central/jets/5/eta in WW_pythia.root
2025-12-16 16:30:32,242 - INFO - [2023BPix] MISSING_CENTRAL: DIMU/Central/jets/5/eta in Muon0_D_v2.root
2025-12-16 16:30:32,243 - INFO - [2023BPix] MISSING_CENTRAL: DIMU/L1Prefire_NotImplemented/jets/5/eta in WJets.root
2025-12-16 16:30:32,244 - INFO - [2023BPix] MISSING_CENTRAL: DIMU/L1Prefire_NotImplemented/jets/5/eta in DYJets10to50.root
2025-12-16 16:30:32,246 - INFO - [2023BPix] MISSING_CENTRAL: DIMU/L1Prefire_NotImplemented/jets/5/eta in ST_sch_top_Lep.root
2025-12-16 16:30:32,247 - INFO - [2023BPix] MISSING_CENTRAL: DIMU/L1Prefire_NotImplemented/jets/5/eta in ST_sch_antitop_Lep.root
2025-12-16 16:30:32,247 - INFO - [2023BPix] MISSING_CENTRAL: DIMU/L1Prefire_NotImplemented/jets/5/eta in ST_tch_top.root
2025-12-16 16:30:32,248 - INFO - [2023BPix] MISSING_CENTRAL: DIMU/L1Prefire_NotImplemented/jets/5/eta in ST_tch_antitop.root
2025-12-16 16:30:32,250 - INFO - [2023BPix] MISSING_CENTRAL: DIMU/L1Prefire_NotImplemented/jets/5/eta in ST_tW_top_Semilep.root
2025-12-16 16:30:32,250 - INFO - [2023BPix] MISSING_CENTRAL: DIMU/L1Prefire_NotImplemented/jets/5/eta in ST_tW_antitop_Semilep.root
2025-12-16 16:30:32,251 - INFO - [2023BPix] MISSING_CENTRAL: DIMU/L1Prefire_NotImplemented/jets/5/eta in WW_pythia.root
2025-12-16 16:30:32,252 - INFO - [2023] MISSING_CENTRAL: DIMU/Central/jets/5/eta in WJets.root
2025-12-16 16:30:32,252 - INFO - [2023BPix] MISSING_CENTRAL: DIMU/L1Prefire_NotImplemented/jets/5/eta in ZZ_pythia.root
2025-12-16 16:30:32,256 - INFO - [2023] MISSING_CENTRAL: DIMU/Central/jets/5/eta in DYJets10to50.root
2025-12-16 16:30:32,264 - INFO - [2023] MISSING_CENTRAL: DIMU/Central/jets/5/eta in ST_sch_top_Lep.root
2025-12-16 16:30:32,265 - INFO - [2023] MISSING_CENTRAL: DIMU/Central/jets/5/eta in ST_sch_antitop_Lep.root
2025-12-16 16:30:32,266 - INFO - [2023] MISSING_CENTRAL: DIMU/Central/jets/5/eta in ST_tch_top.root
2025-12-16 16:30:32,266 - INFO - [2023] MISSING_CENTRAL: DIMU/Central/jets/5/eta in ST_tch_antitop.root
2025-12-16 16:30:32,274 - INFO - [2023] MISSING_CENTRAL: DIMU/Central/jets/5/eta in ST_tW_top_Semilep.root
2025-12-16 16:30:32,290 - INFO - [2023BPix] MISSING_CENTRAL: DIMU/Central/jets/5/eta in Muon0_D_v2.root
2025-12-16 16:30:32,292 - INFO - [2023BPix] MISSING_CENTRAL: DIMU/Central/jets/5/eta in WJets.root
2025-12-16 16:30:32,296 - INFO - [2023BPix] MISSING_CENTRAL: DIMU/Central/jets/5/eta in DYJets10to50.root
2025-12-16 16:30:32,304 - INFO - [2023BPix] MISSING_CENTRAL: DIMU/Central/jets/5/eta in ST_sch_top_Lep.root
2025-12-16 16:30:32,305 - INFO - [2023BPix] MISSING_CENTRAL: DIMU/Central/jets/5/eta in ST_sch_antitop_Lep.root
2025-12-16 16:30:32,305 - INFO - [2023BPix] MISSING_CENTRAL: DIMU/Central/jets/5/eta in ST_tch_top.root
2025-12-16 16:30:32,306 - INFO - [2023BPix] MISSING_CENTRAL: DIMU/Central/jets/5/eta in ST_tch_antitop.root
2025-12-16 16:30:32,314 - INFO - [2023BPix] MISSING_CENTRAL: DIMU/Central/jets/5/eta in ST_tW_top_Semilep.root
2025-12-16 16:30:32,315 - INFO - [2023BPix] MISSING_CENTRAL: DIMU/Central/jets/5/eta in ST_tW_antitop_Semilep.root
2025-12-16 16:30:32,315 - INFO - [2023BPix] MISSING_CENTRAL: DIMU/Central/jets/5/eta in WW_pythia.root
2025-12-16 16:30:32,320 - INFO - [2023BPix] MISSING_CENTRAL: DIMU/Central/jets/5/eta in ZZ_pythia.root
2025-12-16 16:30:32,378 - INFO - [2022] MISSING_CENTRAL: DIMU/PileupReweight_NotImplemented/jets/5/eta in WJets.root
2025-12-16 16:30:32,379 - INFO - [2022] MISSING_CENTRAL: DIMU/PileupReweight_NotImplemented/jets/5/eta in DYJets10to50.root
2025-12-16 16:30:32,381 - INFO - [2022] MISSING_CENTRAL: DIMU/PileupReweight_NotImplemented/jets/5/eta in ST_sch_top_Lep.root
2025-12-16 16:30:32,382 - INFO - [2022] MISSING_CENTRAL: DIMU/PileupReweight_NotImplemented/jets/5/eta in ST_sch_antitop_Lep.root
2025-12-16 16:30:32,382 - INFO - [2022] MISSING_CENTRAL: DIMU/PileupReweight_NotImplemented/jets/5/eta in ST_tch_top.root
2025-12-16 16:30:32,383 - INFO - [2022] MISSING_CENTRAL: DIMU/PileupReweight_NotImplemented/jets/5/eta in ST_tch_antitop.root
2025-12-16 16:30:32,385 - INFO - [2022] MISSING_CENTRAL: DIMU/PileupReweight_NotImplemented/jets/5/eta in ST_tW_antitop_Semilep.root
2025-12-16 16:30:32,385 - INFO - [2022] MISSING_CENTRAL: DIMU/PileupReweight_NotImplemented/jets/5/eta in WW_pythia.root
2025-12-16 16:30:32,387 - INFO - [2022] MISSING_CENTRAL: DIMU/PileupReweight_NotImplemented/jets/5/eta in ZZ_pythia.root
2025-12-16 16:30:32,389 - INFO - [2022EE] MISSING_CENTRAL: DIMU/PileupReweight_NotImplemented/jets/5/eta in WJets.root
2025-12-16 16:30:32,390 - INFO - [2022EE] MISSING_CENTRAL: DIMU/PileupReweight_NotImplemented/jets/5/eta in DYJets10to50.root
2025-12-16 16:30:32,391 - INFO - [2022EE] MISSING_CENTRAL: DIMU/PileupReweight_NotImplemented/jets/5/eta in ST_sch_top_Lep.root
2025-12-16 16:30:32,392 - INFO - [2022EE] MISSING_CENTRAL: DIMU/PileupReweight_NotImplemented/jets/5/eta in ST_sch_antitop_Lep.root
2025-12-16 16:30:32,393 - INFO - [2022EE] MISSING_CENTRAL: DIMU/PileupReweight_NotImplemented/jets/5/eta in ST_tch_top.root
2025-12-16 16:30:32,393 - INFO - [2022EE] MISSING_CENTRAL: DIMU/PileupReweight_NotImplemented/jets/5/eta in ST_tch_antitop.root
2025-12-16 16:30:32,396 - INFO - [2022EE] MISSING_CENTRAL: DIMU/PileupReweight_NotImplemented/jets/5/eta in WW_pythia.root
2025-12-16 16:30:32,402 - INFO - [2023] MISSING_CENTRAL: DIMU/PileupReweight_NotImplemented/jets/5/eta in WJets.root
2025-12-16 16:30:32,403 - INFO - [2023] MISSING_CENTRAL: DIMU/PileupReweight_NotImplemented/jets/5/eta in DYJets10to50.root
2025-12-16 16:30:32,404 - INFO - [2023] MISSING_CENTRAL: DIMU/PileupReweight_NotImplemented/jets/5/eta in ST_sch_top_Lep.root
2025-12-16 16:30:32,405 - INFO - [2023] MISSING_CENTRAL: DIMU/PileupReweight_NotImplemented/jets/5/eta in ST_sch_antitop_Lep.root
2025-12-16 16:30:32,406 - INFO - [2023] MISSING_CENTRAL: DIMU/PileupReweight_NotImplemented/jets/5/eta in ST_tch_top.root
2025-12-16 16:30:32,406 - INFO - [2023] MISSING_CENTRAL: DIMU/PileupReweight_NotImplemented/jets/5/eta in ST_tch_antitop.root
2025-12-16 16:30:32,408 - INFO - [2023] MISSING_CENTRAL: DIMU/PileupReweight_NotImplemented/jets/5/eta in ST_tW_top_Semilep.root
2025-12-16 16:30:32,411 - INFO - [2023BPix] MISSING_CENTRAL: DIMU/Central/jets/5/eta in Muon0_D_v2.root
2025-12-16 16:30:32,413 - INFO - [2023BPix] MISSING_CENTRAL: DIMU/PileupReweight_NotImplemented/jets/5/eta in WJets.root
2025-12-16 16:30:32,414 - INFO - [2023BPix] MISSING_CENTRAL: DIMU/PileupReweight_NotImplemented/jets/5/eta in DYJets10to50.root
2025-12-16 16:30:32,415 - INFO - [2023BPix] MISSING_CENTRAL: DIMU/PileupReweight_NotImplemented/jets/5/eta in ST_sch_top_Lep.root
2025-12-16 16:30:32,416 - INFO - [2023BPix] MISSING_CENTRAL: DIMU/PileupReweight_NotImplemented/jets/5/eta in ST_sch_antitop_Lep.root
2025-12-16 16:30:32,417 - INFO - [2023BPix] MISSING_CENTRAL: DIMU/PileupReweight_NotImplemented/jets/5/eta in ST_tch_top.root
2025-12-16 16:30:32,417 - INFO - [2023BPix] MISSING_CENTRAL: DIMU/PileupReweight_NotImplemented/jets/5/eta in ST_tch_antitop.root
2025-12-16 16:30:32,419 - INFO - [2023BPix] MISSING_CENTRAL: DIMU/PileupReweight_NotImplemented/jets/5/eta in ST_tW_top_Semilep.root
2025-12-16 16:30:32,420 - INFO - [2023BPix] MISSING_CENTRAL: DIMU/PileupReweight_NotImplemented/jets/5/eta in ST_tW_antitop_Semilep.root
2025-12-16 16:30:32,420 - INFO - [2023BPix] MISSING_CENTRAL: DIMU/PileupReweight_NotImplemented/jets/5/eta in WW_pythia.root
2025-12-16 16:30:32,421 - INFO - [2023BPix] MISSING_CENTRAL: DIMU/PileupReweight_NotImplemented/jets/5/eta in ZZ_pythia.root
2025-12-16 16:30:32,980 - INFO - [2022] MISSING_CENTRAL: DIMU/MuonIDSF_NotImplemented/jets/5/eta in WJets.root
2025-12-16 16:30:32,981 - INFO - [2022] MISSING_CENTRAL: DIMU/MuonIDSF_NotImplemented/jets/5/eta in DYJets10to50.root
2025-12-16 16:30:32,983 - INFO - [2022] MISSING_CENTRAL: DIMU/MuonIDSF_NotImplemented/jets/5/eta in ST_sch_top_Lep.root
2025-12-16 16:30:32,983 - INFO - [2022] MISSING_CENTRAL: DIMU/MuonIDSF_NotImplemented/jets/5/eta in ST_sch_antitop_Lep.root
2025-12-16 16:30:32,984 - INFO - [2022] MISSING_CENTRAL: DIMU/MuonIDSF_NotImplemented/jets/5/eta in ST_tch_top.root
2025-12-16 16:30:32,985 - INFO - [2022] MISSING_CENTRAL: DIMU/MuonIDSF_NotImplemented/jets/5/eta in ST_tch_antitop.root
2025-12-16 16:30:32,987 - INFO - [2022] MISSING_CENTRAL: DIMU/MuonIDSF_NotImplemented/jets/5/eta in ST_tW_antitop_Semilep.root
2025-12-16 16:30:32,987 - INFO - [2022] MISSING_CENTRAL: DIMU/MuonIDSF_NotImplemented/jets/5/eta in WW_pythia.root
2025-12-16 16:30:32,988 - INFO - [2022] MISSING_CENTRAL: DIMU/MuonIDSF_NotImplemented/jets/5/eta in ZZ_pythia.root
2025-12-16 16:30:32,991 - INFO - [2022EE] MISSING_CENTRAL: DIMU/MuonIDSF_NotImplemented/jets/5/eta in WJets.root
2025-12-16 16:30:32,992 - INFO - [2022EE] MISSING_CENTRAL: DIMU/MuonIDSF_NotImplemented/jets/5/eta in DYJets10to50.root
2025-12-16 16:30:32,993 - INFO - [2022EE] MISSING_CENTRAL: DIMU/MuonIDSF_NotImplemented/jets/5/eta in ST_sch_top_Lep.root
2025-12-16 16:30:32,994 - INFO - [2022EE] MISSING_CENTRAL: DIMU/MuonIDSF_NotImplemented/jets/5/eta in ST_sch_antitop_Lep.root
2025-12-16 16:30:32,994 - INFO - [2022EE] MISSING_CENTRAL: DIMU/MuonIDSF_NotImplemented/jets/5/eta in ST_tch_top.root
2025-12-16 16:30:32,995 - INFO - [2022EE] MISSING_CENTRAL: DIMU/MuonIDSF_NotImplemented/jets/5/eta in ST_tch_antitop.root
2025-12-16 16:30:32,998 - INFO - [2022EE] MISSING_CENTRAL: DIMU/MuonIDSF_NotImplemented/jets/5/eta in WW_pythia.root
2025-12-16 16:30:33,004 - INFO - [2023] MISSING_CENTRAL: DIMU/MuonIDSF_NotImplemented/jets/5/eta in WJets.root
2025-12-16 16:30:33,005 - INFO - [2023] MISSING_CENTRAL: DIMU/MuonIDSF_NotImplemented/jets/5/eta in DYJets10to50.root
2025-12-16 16:30:33,006 - INFO - [2023] MISSING_CENTRAL: DIMU/MuonIDSF_NotImplemented/jets/5/eta in ST_sch_top_Lep.root
2025-12-16 16:30:33,007 - INFO - [2023] MISSING_CENTRAL: DIMU/MuonIDSF_NotImplemented/jets/5/eta in ST_sch_antitop_Lep.root
2025-12-16 16:30:33,007 - INFO - [2023] MISSING_CENTRAL: DIMU/MuonIDSF_NotImplemented/jets/5/eta in ST_tch_top.root
2025-12-16 16:30:33,008 - INFO - [2023] MISSING_CENTRAL: DIMU/MuonIDSF_NotImplemented/jets/5/eta in ST_tch_antitop.root
2025-12-16 16:30:33,010 - INFO - [2023] MISSING_CENTRAL: DIMU/MuonIDSF_NotImplemented/jets/5/eta in ST_tW_top_Semilep.root
2025-12-16 16:30:33,013 - INFO - [2023BPix] MISSING_CENTRAL: DIMU/Central/jets/5/eta in Muon0_D_v2.root
2025-12-16 16:30:33,015 - INFO - [2023BPix] MISSING_CENTRAL: DIMU/MuonIDSF_NotImplemented/jets/5/eta in WJets.root
2025-12-16 16:30:33,016 - INFO - [2023BPix] MISSING_CENTRAL: DIMU/MuonIDSF_NotImplemented/jets/5/eta in DYJets10to50.root
2025-12-16 16:30:33,018 - INFO - [2023BPix] MISSING_CENTRAL: DIMU/MuonIDSF_NotImplemented/jets/5/eta in ST_sch_top_Lep.root
2025-12-16 16:30:33,018 - INFO - [2023BPix] MISSING_CENTRAL: DIMU/MuonIDSF_NotImplemented/jets/5/eta in ST_sch_antitop_Lep.root
2025-12-16 16:30:33,019 - INFO - [2023BPix] MISSING_CENTRAL: DIMU/MuonIDSF_NotImplemented/jets/5/eta in ST_tch_top.root
2025-12-16 16:30:33,019 - INFO - [2023BPix] MISSING_CENTRAL: DIMU/MuonIDSF_NotImplemented/jets/5/eta in ST_tch_antitop.root
2025-12-16 16:30:33,021 - INFO - [2023BPix] MISSING_CENTRAL: DIMU/MuonIDSF_NotImplemented/jets/5/eta in ST_tW_top_Semilep.root
2025-12-16 16:30:33,022 - INFO - [2023BPix] MISSING_CENTRAL: DIMU/MuonIDSF_NotImplemented/jets/5/eta in ST_tW_antitop_Semilep.root
2025-12-16 16:30:33,022 - INFO - [2023BPix] MISSING_CENTRAL: DIMU/MuonIDSF_NotImplemented/jets/5/eta in WW_pythia.root
2025-12-16 16:30:33,023 - INFO - [2023BPix] MISSING_CENTRAL: DIMU/MuonIDSF_NotImplemented/jets/5/eta in ZZ_pythia.root
2025-12-16 16:30:33,249 - INFO - [2022] MISSING_CENTRAL: DIMU/DblMuTrigSF_NotImplemented/jets/5/eta in WJets.root
2025-12-16 16:30:33,250 - INFO - [2022] MISSING_CENTRAL: DIMU/DblMuTrigSF_NotImplemented/jets/5/eta in DYJets10to50.root
2025-12-16 16:30:33,252 - INFO - [2022] MISSING_CENTRAL: DIMU/DblMuTrigSF_NotImplemented/jets/5/eta in ST_sch_top_Lep.root
2025-12-16 16:30:33,253 - INFO - [2022] MISSING_CENTRAL: DIMU/DblMuTrigSF_NotImplemented/jets/5/eta in ST_sch_antitop_Lep.root
2025-12-16 16:30:33,253 - INFO - [2022] MISSING_CENTRAL: DIMU/DblMuTrigSF_NotImplemented/jets/5/eta in ST_tch_top.root
2025-12-16 16:30:33,254 - INFO - [2022] MISSING_CENTRAL: DIMU/DblMuTrigSF_NotImplemented/jets/5/eta in ST_tch_antitop.root
2025-12-16 16:30:33,256 - INFO - [2022] MISSING_CENTRAL: DIMU/DblMuTrigSF_NotImplemented/jets/5/eta in ST_tW_antitop_Semilep.root
2025-12-16 16:30:33,257 - INFO - [2022] MISSING_CENTRAL: DIMU/DblMuTrigSF_NotImplemented/jets/5/eta in WW_pythia.root
2025-12-16 16:30:33,258 - INFO - [2022] MISSING_CENTRAL: DIMU/DblMuTrigSF_NotImplemented/jets/5/eta in ZZ_pythia.root
2025-12-16 16:30:33,260 - INFO - [2022EE] MISSING_CENTRAL: DIMU/DblMuTrigSF_NotImplemented/jets/5/eta in WJets.root
2025-12-16 16:30:33,261 - INFO - [2022EE] MISSING_CENTRAL: DIMU/DblMuTrigSF_NotImplemented/jets/5/eta in DYJets10to50.root
2025-12-16 16:30:33,263 - INFO - [2022EE] MISSING_CENTRAL: DIMU/DblMuTrigSF_NotImplemented/jets/5/eta in ST_sch_top_Lep.root
2025-12-16 16:30:33,263 - INFO - [2022EE] MISSING_CENTRAL: DIMU/DblMuTrigSF_NotImplemented/jets/5/eta in ST_sch_antitop_Lep.root
2025-12-16 16:30:33,264 - INFO - [2022EE] MISSING_CENTRAL: DIMU/DblMuTrigSF_NotImplemented/jets/5/eta in ST_tch_top.root
2025-12-16 16:30:33,264 - INFO - [2022EE] MISSING_CENTRAL: DIMU/DblMuTrigSF_NotImplemented/jets/5/eta in ST_tch_antitop.root
2025-12-16 16:30:33,267 - INFO - [2022EE] MISSING_CENTRAL: DIMU/DblMuTrigSF_NotImplemented/jets/5/eta in WW_pythia.root
2025-12-16 16:30:33,273 - INFO - [2023] MISSING_CENTRAL: DIMU/DblMuTrigSF_NotImplemented/jets/5/eta in WJets.root
2025-12-16 16:30:33,274 - INFO - [2023] MISSING_CENTRAL: DIMU/DblMuTrigSF_NotImplemented/jets/5/eta in DYJets10to50.root
2025-12-16 16:30:33,276 - INFO - [2023] MISSING_CENTRAL: DIMU/DblMuTrigSF_NotImplemented/jets/5/eta in ST_sch_top_Lep.root
2025-12-16 16:30:33,276 - INFO - [2023] MISSING_CENTRAL: DIMU/DblMuTrigSF_NotImplemented/jets/5/eta in ST_sch_antitop_Lep.root
2025-12-16 16:30:33,277 - INFO - [2023] MISSING_CENTRAL: DIMU/DblMuTrigSF_NotImplemented/jets/5/eta in ST_tch_top.root
2025-12-16 16:30:33,277 - INFO - [2023] MISSING_CENTRAL: DIMU/DblMuTrigSF_NotImplemented/jets/5/eta in ST_tch_antitop.root
2025-12-16 16:30:33,279 - INFO - [2023] MISSING_CENTRAL: DIMU/DblMuTrigSF_NotImplemented/jets/5/eta in ST_tW_top_Semilep.root
2025-12-16 16:30:33,282 - INFO - [2023BPix] MISSING_CENTRAL: DIMU/Central/jets/5/eta in Muon0_D_v2.root
2025-12-16 16:30:33,284 - INFO - [2023BPix] MISSING_CENTRAL: DIMU/DblMuTrigSF_NotImplemented/jets/5/eta in WJets.root
2025-12-16 16:30:33,285 - INFO - [2023BPix] MISSING_CENTRAL: DIMU/DblMuTrigSF_NotImplemented/jets/5/eta in DYJets10to50.root
2025-12-16 16:30:33,287 - INFO - [2023BPix] MISSING_CENTRAL: DIMU/DblMuTrigSF_NotImplemented/jets/5/eta in ST_sch_top_Lep.root
2025-12-16 16:30:33,287 - INFO - [2023BPix] MISSING_CENTRAL: DIMU/DblMuTrigSF_NotImplemented/jets/5/eta in ST_sch_antitop_Lep.root
2025-12-16 16:30:33,288 - INFO - [2023BPix] MISSING_CENTRAL: DIMU/DblMuTrigSF_NotImplemented/jets/5/eta in ST_tch_top.root
2025-12-16 16:30:33,289 - INFO - [2023BPix] MISSING_CENTRAL: DIMU/DblMuTrigSF_NotImplemented/jets/5/eta in ST_tch_antitop.root
2025-12-16 16:30:33,290 - INFO - [2023BPix] MISSING_CENTRAL: DIMU/DblMuTrigSF_NotImplemented/jets/5/eta in ST_tW_top_Semilep.root
2025-12-16 16:30:33,291 - INFO - [2023BPix] MISSING_CENTRAL: DIMU/DblMuTrigSF_NotImplemented/jets/5/eta in ST_tW_antitop_Semilep.root
2025-12-16 16:30:33,292 - INFO - [2023BPix] MISSING_CENTRAL: DIMU/DblMuTrigSF_NotImplemented/jets/5/eta in WW_pythia.root
2025-12-16 16:30:33,293 - INFO - [2023BPix] MISSING_CENTRAL: DIMU/DblMuTrigSF_NotImplemented/jets/5/eta in ZZ_pythia.root
2026-01-09 12:48:48,982 - INFO - [2022] MISSING_CENTRAL: DIMU/Central/jets/5/eta in WJets.root
2026-01-09 12:48:48,994 - INFO - [2022] MISSING_CENTRAL: DIMU/Central/jets/5/eta in DYJets10to50.root
2026-01-09 12:48:48,999 - INFO - [2022] MISSING_CENTRAL: DIMU/Central/jets/5/eta in ST_sch_top_Lep.root
2026-01-09 12:48:49,000 - INFO - [2022] MISSING_CENTRAL: DIMU/Central/jets/5/eta in ST_sch_antitop_Lep.root
2026-01-09 12:48:49,000 - INFO - [2022] MISSING_CENTRAL: DIMU/Central/jets/5/eta in ST_tch_top.root
2026-01-09 12:48:49,000 - INFO - [2022] MISSING_CENTRAL: DIMU/Central/jets/5/eta in ST_tch_antitop.root
2026-01-09 12:48:49,008 - INFO - [2022] MISSING_CENTRAL: DIMU/Central/jets/5/eta in ST_tW_antitop_Semilep.root
2026-01-09 12:48:49,008 - INFO - [2022] MISSING_CENTRAL: DIMU/Central/jets/5/eta in WW_pythia.root
2026-01-09 12:48:49,011 - INFO - [2022] MISSING_CENTRAL: DIMU/Central/jets/5/eta in ZZ_pythia.root
2026-01-09 12:48:49,012 - INFO - [2022EE] MISSING_CENTRAL: DIMU/Central/jets/5/eta in WJets.root
2026-01-09 12:48:49,013 - INFO - [2022] MISSING_CENTRAL: DIMU/L1Prefire_NotImplemented/jets/5/eta in WJets.root
2026-01-09 12:48:49,014 - INFO - [2022] MISSING_CENTRAL: DIMU/L1Prefire_NotImplemented/jets/5/eta in DYJets10to50.root
2026-01-09 12:48:49,015 - INFO - [2022EE] MISSING_CENTRAL: DIMU/Central/jets/5/eta in DYJets10to50.root
2026-01-09 12:48:49,015 - INFO - [2022] MISSING_CENTRAL: DIMU/L1Prefire_NotImplemented/jets/5/eta in ST_sch_top_Lep.root
2026-01-09 12:48:49,015 - INFO - [2022] MISSING_CENTRAL: DIMU/L1Prefire_NotImplemented/jets/5/eta in ST_sch_antitop_Lep.root
2026-01-09 12:48:49,016 - INFO - [2022] MISSING_CENTRAL: DIMU/L1Prefire_NotImplemented/jets/5/eta in ST_tch_top.root
2026-01-09 12:48:49,016 - INFO - [2022] MISSING_CENTRAL: DIMU/L1Prefire_NotImplemented/jets/5/eta in ST_tch_antitop.root
2026-01-09 12:48:49,017 - INFO - [2022] MISSING_CENTRAL: DIMU/L1Prefire_NotImplemented/jets/5/eta in ST_tW_antitop_Semilep.root
2026-01-09 12:48:49,018 - INFO - [2022] MISSING_CENTRAL: DIMU/L1Prefire_NotImplemented/jets/5/eta in WW_pythia.root
2026-01-09 12:48:49,018 - INFO - [2022] MISSING_CENTRAL: DIMU/L1Prefire_NotImplemented/jets/5/eta in ZZ_pythia.root
2026-01-09 12:48:49,019 - INFO - [2022EE] MISSING_CENTRAL: DIMU/L1Prefire_NotImplemented/jets/5/eta in WJets.root
2026-01-09 12:48:49,020 - INFO - [2022EE] MISSING_CENTRAL: DIMU/L1Prefire_NotImplemented/jets/5/eta in DYJets10to50.root
2026-01-09 12:48:49,020 - INFO - [2022EE] MISSING_CENTRAL: DIMU/Central/jets/5/eta in ST_sch_top_Lep.root
2026-01-09 12:48:49,021 - INFO - [2022EE] MISSING_CENTRAL: DIMU/Central/jets/5/eta in ST_sch_antitop_Lep.root
2026-01-09 12:48:49,021 - INFO - [2022EE] MISSING_CENTRAL: DIMU/Central/jets/5/eta in ST_tch_top.root
2026-01-09 12:48:49,021 - INFO - [2022EE] MISSING_CENTRAL: DIMU/L1Prefire_NotImplemented/jets/5/eta in ST_sch_top_Lep.root
2026-01-09 12:48:49,021 - INFO - [2022EE] MISSING_CENTRAL: DIMU/Central/jets/5/eta in ST_tch_antitop.root
2026-01-09 12:48:49,021 - INFO - [2022EE] MISSING_CENTRAL: DIMU/L1Prefire_NotImplemented/jets/5/eta in ST_sch_antitop_Lep.root
2026-01-09 12:48:49,022 - INFO - [2022EE] MISSING_CENTRAL: DIMU/L1Prefire_NotImplemented/jets/5/eta in ST_tch_top.root
2026-01-09 12:48:49,022 - INFO - [2022EE] MISSING_CENTRAL: DIMU/L1Prefire_NotImplemented/jets/5/eta in ST_tch_antitop.root
2026-01-09 12:48:49,024 - INFO - [2022EE] MISSING_CENTRAL: DIMU/L1Prefire_NotImplemented/jets/5/eta in WW_pythia.root
2026-01-09 12:48:49,027 - INFO - [2023] MISSING_CENTRAL: DIMU/L1Prefire_NotImplemented/jets/5/eta in WJets.root
2026-01-09 12:48:49,027 - INFO - [2023] MISSING_CENTRAL: DIMU/L1Prefire_NotImplemented/jets/5/eta in DYJets10to50.root
2026-01-09 12:48:49,028 - INFO - [2023] MISSING_CENTRAL: DIMU/L1Prefire_NotImplemented/jets/5/eta in ST_sch_top_Lep.root
2026-01-09 12:48:49,029 - INFO - [2023] MISSING_CENTRAL: DIMU/L1Prefire_NotImplemented/jets/5/eta in ST_sch_antitop_Lep.root
2026-01-09 12:48:49,029 - INFO - [2023] MISSING_CENTRAL: DIMU/L1Prefire_NotImplemented/jets/5/eta in ST_tch_top.root
2026-01-09 12:48:49,029 - INFO - [2023] MISSING_CENTRAL: DIMU/L1Prefire_NotImplemented/jets/5/eta in ST_tch_antitop.root
2026-01-09 12:48:49,030 - INFO - [2023] MISSING_CENTRAL: DIMU/L1Prefire_NotImplemented/jets/5/eta in ST_tW_top_Semilep.root
2026-01-09 12:48:49,031 - INFO - [2022EE] MISSING_CENTRAL: DIMU/Central/jets/5/eta in WW_pythia.root
2026-01-09 12:48:49,032 - INFO - [2023BPix] MISSING_CENTRAL: DIMU/Central/jets/5/eta in Muon0_D_v2.root
2026-01-09 12:48:49,033 - INFO - [2023BPix] MISSING_CENTRAL: DIMU/L1Prefire_NotImplemented/jets/5/eta in WJets.root
2026-01-09 12:48:49,034 - INFO - [2023BPix] MISSING_CENTRAL: DIMU/L1Prefire_NotImplemented/jets/5/eta in DYJets10to50.root
2026-01-09 12:48:49,034 - INFO - [2023BPix] MISSING_CENTRAL: DIMU/L1Prefire_NotImplemented/jets/5/eta in ST_sch_top_Lep.root
2026-01-09 12:48:49,035 - INFO - [2023BPix] MISSING_CENTRAL: DIMU/L1Prefire_NotImplemented/jets/5/eta in ST_sch_antitop_Lep.root
2026-01-09 12:48:49,035 - INFO - [2023BPix] MISSING_CENTRAL: DIMU/L1Prefire_NotImplemented/jets/5/eta in ST_tch_top.root
2026-01-09 12:48:49,035 - INFO - [2023BPix] MISSING_CENTRAL: DIMU/L1Prefire_NotImplemented/jets/5/eta in ST_tch_antitop.root
2026-01-09 12:48:49,036 - INFO - [2023BPix] MISSING_CENTRAL: DIMU/L1Prefire_NotImplemented/jets/5/eta in ST_tW_top_Semilep.root
2026-01-09 12:48:49,037 - INFO - [2023BPix] MISSING_CENTRAL: DIMU/L1Prefire_NotImplemented/jets/5/eta in ST_tW_antitop_Semilep.root
2026-01-09 12:48:49,037 - INFO - [2023BPix] MISSING_CENTRAL: DIMU/L1Prefire_NotImplemented/jets/5/eta in WW_pythia.root
2026-01-09 12:48:49,038 - INFO - [2023BPix] MISSING_CENTRAL: DIMU/L1Prefire_NotImplemented/jets/5/eta in ZZ_pythia.root
2026-01-09 12:48:49,039 - INFO - [2023] MISSING_CENTRAL: DIMU/Central/jets/5/eta in WJets.root
2026-01-09 12:48:49,042 - INFO - [2023] MISSING_CENTRAL: DIMU/Central/jets/5/eta in DYJets10to50.root
2026-01-09 12:48:49,047 - INFO - [2023] MISSING_CENTRAL: DIMU/Central/jets/5/eta in ST_sch_top_Lep.root
2026-01-09 12:48:49,048 - INFO - [2023] MISSING_CENTRAL: DIMU/Central/jets/5/eta in ST_sch_antitop_Lep.root
2026-01-09 12:48:49,048 - INFO - [2023] MISSING_CENTRAL: DIMU/Central/jets/5/eta in ST_tch_top.root
2026-01-09 12:48:49,048 - INFO - [2023] MISSING_CENTRAL: DIMU/Central/jets/5/eta in ST_tch_antitop.root
2026-01-09 12:48:49,053 - INFO - [2023] MISSING_CENTRAL: DIMU/Central/jets/5/eta in ST_tW_top_Semilep.root
2026-01-09 12:48:49,064 - INFO - [2023BPix] MISSING_CENTRAL: DIMU/Central/jets/5/eta in Muon0_D_v2.root
2026-01-09 12:48:49,065 - INFO - [2023BPix] MISSING_CENTRAL: DIMU/Central/jets/5/eta in WJets.root
2026-01-09 12:48:49,068 - INFO - [2023BPix] MISSING_CENTRAL: DIMU/Central/jets/5/eta in DYJets10to50.root
2026-01-09 12:48:49,073 - INFO - [2023BPix] MISSING_CENTRAL: DIMU/Central/jets/5/eta in ST_sch_top_Lep.root
2026-01-09 12:48:49,073 - INFO - [2023BPix] MISSING_CENTRAL: DIMU/Central/jets/5/eta in ST_sch_antitop_Lep.root
2026-01-09 12:48:49,074 - INFO - [2023BPix] MISSING_CENTRAL: DIMU/Central/jets/5/eta in ST_tch_top.root
2026-01-09 12:48:49,074 - INFO - [2023BPix] MISSING_CENTRAL: DIMU/Central/jets/5/eta in ST_tch_antitop.root
2026-01-09 12:48:49,079 - INFO - [2023BPix] MISSING_CENTRAL: DIMU/Central/jets/5/eta in ST_tW_top_Semilep.root
2026-01-09 12:48:49,080 - INFO - [2023BPix] MISSING_CENTRAL: DIMU/Central/jets/5/eta in ST_tW_antitop_Semilep.root
2026-01-09 12:48:49,080 - INFO - [2023BPix] MISSING_CENTRAL: DIMU/Central/jets/5/eta in WW_pythia.root
2026-01-09 12:48:49,083 - INFO - [2023BPix] MISSING_CENTRAL: DIMU/Central/jets/5/eta in ZZ_pythia.root
2026-01-09 12:48:49,208 - INFO - [2022] MISSING_CENTRAL: DIMU/PileupReweight_NotImplemented/jets/5/eta in WJets.root
2026-01-09 12:48:49,209 - INFO - [2022] MISSING_CENTRAL: DIMU/PileupReweight_NotImplemented/jets/5/eta in DYJets10to50.root
2026-01-09 12:48:49,210 - INFO - [2022] MISSING_CENTRAL: DIMU/PileupReweight_NotImplemented/jets/5/eta in ST_sch_top_Lep.root
2026-01-09 12:48:49,210 - INFO - [2022] MISSING_CENTRAL: DIMU/PileupReweight_NotImplemented/jets/5/eta in ST_sch_antitop_Lep.root
2026-01-09 12:48:49,210 - INFO - [2022] MISSING_CENTRAL: DIMU/PileupReweight_NotImplemented/jets/5/eta in ST_tch_top.root
2026-01-09 12:48:49,210 - INFO - [2022] MISSING_CENTRAL: DIMU/PileupReweight_NotImplemented/jets/5/eta in ST_tch_antitop.root
2026-01-09 12:48:49,212 - INFO - [2022] MISSING_CENTRAL: DIMU/PileupReweight_NotImplemented/jets/5/eta in ST_tW_antitop_Semilep.root
2026-01-09 12:48:49,212 - INFO - [2022] MISSING_CENTRAL: DIMU/PileupReweight_NotImplemented/jets/5/eta in WW_pythia.root
2026-01-09 12:48:49,213 - INFO - [2022] MISSING_CENTRAL: DIMU/PileupReweight_NotImplemented/jets/5/eta in ZZ_pythia.root
2026-01-09 12:48:49,214 - INFO - [2022EE] MISSING_CENTRAL: DIMU/PileupReweight_NotImplemented/jets/5/eta in WJets.root
2026-01-09 12:48:49,215 - INFO - [2022EE] MISSING_CENTRAL: DIMU/PileupReweight_NotImplemented/jets/5/eta in DYJets10to50.root
2026-01-09 12:48:49,216 - INFO - [2022EE] MISSING_CENTRAL: DIMU/PileupReweight_NotImplemented/jets/5/eta in ST_sch_top_Lep.root
2026-01-09 12:48:49,216 - INFO - [2022EE] MISSING_CENTRAL: DIMU/PileupReweight_NotImplemented/jets/5/eta in ST_sch_antitop_Lep.root
2026-01-09 12:48:49,216 - INFO - [2022EE] MISSING_CENTRAL: DIMU/PileupReweight_NotImplemented/jets/5/eta in ST_tch_top.root
2026-01-09 12:48:49,216 - INFO - [2022EE] MISSING_CENTRAL: DIMU/PileupReweight_NotImplemented/jets/5/eta in ST_tch_antitop.root
2026-01-09 12:48:49,218 - INFO - [2022EE] MISSING_CENTRAL: DIMU/PileupReweight_NotImplemented/jets/5/eta in WW_pythia.root
2026-01-09 12:48:49,221 - INFO - [2023] MISSING_CENTRAL: DIMU/PileupReweight_NotImplemented/jets/5/eta in WJets.root
2026-01-09 12:48:49,222 - INFO - [2023] MISSING_CENTRAL: DIMU/PileupReweight_NotImplemented/jets/5/eta in DYJets10to50.root
2026-01-09 12:48:49,223 - INFO - [2023] MISSING_CENTRAL: DIMU/PileupReweight_NotImplemented/jets/5/eta in ST_sch_top_Lep.root
2026-01-09 12:48:49,223 - INFO - [2023] MISSING_CENTRAL: DIMU/PileupReweight_NotImplemented/jets/5/eta in ST_sch_antitop_Lep.root
2026-01-09 12:48:49,223 - INFO - [2023] MISSING_CENTRAL: DIMU/PileupReweight_NotImplemented/jets/5/eta in ST_tch_top.root
2026-01-09 12:48:49,224 - INFO - [2023] MISSING_CENTRAL: DIMU/PileupReweight_NotImplemented/jets/5/eta in ST_tch_antitop.root
2026-01-09 12:48:49,225 - INFO - [2023] MISSING_CENTRAL: DIMU/PileupReweight_NotImplemented/jets/5/eta in ST_tW_top_Semilep.root
2026-01-09 12:48:49,226 - INFO - [2023BPix] MISSING_CENTRAL: DIMU/Central/jets/5/eta in Muon0_D_v2.root
2026-01-09 12:48:49,227 - INFO - [2023BPix] MISSING_CENTRAL: DIMU/PileupReweight_NotImplemented/jets/5/eta in WJets.root
2026-01-09 12:48:49,228 - INFO - [2023BPix] MISSING_CENTRAL: DIMU/PileupReweight_NotImplemented/jets/5/eta in DYJets10to50.root
2026-01-09 12:48:49,229 - INFO - [2023BPix] MISSING_CENTRAL: DIMU/PileupReweight_NotImplemented/jets/5/eta in ST_sch_top_Lep.root
2026-01-09 12:48:49,229 - INFO - [2023BPix] MISSING_CENTRAL: DIMU/PileupReweight_NotImplemented/jets/5/eta in ST_sch_antitop_Lep.root
2026-01-09 12:48:49,230 - INFO - [2023BPix] MISSING_CENTRAL: DIMU/PileupReweight_NotImplemented/jets/5/eta in ST_tch_top.root
2026-01-09 12:48:49,230 - INFO - [2023BPix] MISSING_CENTRAL: DIMU/PileupReweight_NotImplemented/jets/5/eta in ST_tch_antitop.root
2026-01-09 12:48:49,231 - INFO - [2023BPix] MISSING_CENTRAL: DIMU/PileupReweight_NotImplemented/jets/5/eta in ST_tW_top_Semilep.root
2026-01-09 12:48:49,231 - INFO - [2023BPix] MISSING_CENTRAL: DIMU/PileupReweight_NotImplemented/jets/5/eta in ST_tW_antitop_Semilep.root
2026-01-09 12:48:49,232 - INFO - [2023BPix] MISSING_CENTRAL: DIMU/PileupReweight_NotImplemented/jets/5/eta in WW_pythia.root
2026-01-09 12:48:49,232 - INFO - [2023BPix] MISSING_CENTRAL: DIMU/PileupReweight_NotImplemented/jets/5/eta in ZZ_pythia.root
2026-01-09 12:48:49,718 - INFO - [2022] MISSING_CENTRAL: DIMU/MuonIDSF_NotImplemented/jets/5/eta in WJets.root
2026-01-09 12:48:49,719 - INFO - [2022] MISSING_CENTRAL: DIMU/MuonIDSF_NotImplemented/jets/5/eta in DYJets10to50.root
2026-01-09 12:48:49,719 - INFO - [2022] MISSING_CENTRAL: DIMU/MuonIDSF_NotImplemented/jets/5/eta in ST_sch_top_Lep.root
2026-01-09 12:48:49,720 - INFO - [2022] MISSING_CENTRAL: DIMU/MuonIDSF_NotImplemented/jets/5/eta in ST_sch_antitop_Lep.root
2026-01-09 12:48:49,720 - INFO - [2022] MISSING_CENTRAL: DIMU/MuonIDSF_NotImplemented/jets/5/eta in ST_tch_top.root
2026-01-09 12:48:49,720 - INFO - [2022] MISSING_CENTRAL: DIMU/MuonIDSF_NotImplemented/jets/5/eta in ST_tch_antitop.root
2026-01-09 12:48:49,722 - INFO - [2022] MISSING_CENTRAL: DIMU/MuonIDSF_NotImplemented/jets/5/eta in ST_tW_antitop_Semilep.root
2026-01-09 12:48:49,722 - INFO - [2022] MISSING_CENTRAL: DIMU/MuonIDSF_NotImplemented/jets/5/eta in WW_pythia.root
2026-01-09 12:48:49,723 - INFO - [2022] MISSING_CENTRAL: DIMU/MuonIDSF_NotImplemented/jets/5/eta in ZZ_pythia.root
2026-01-09 12:48:49,724 - INFO - [2022EE] MISSING_CENTRAL: DIMU/MuonIDSF_NotImplemented/jets/5/eta in WJets.root
2026-01-09 12:48:49,724 - INFO - [2022EE] MISSING_CENTRAL: DIMU/MuonIDSF_NotImplemented/jets/5/eta in DYJets10to50.root
2026-01-09 12:48:49,725 - INFO - [2022EE] MISSING_CENTRAL: DIMU/MuonIDSF_NotImplemented/jets/5/eta in ST_sch_top_Lep.root
2026-01-09 12:48:49,726 - INFO - [2022EE] MISSING_CENTRAL: DIMU/MuonIDSF_NotImplemented/jets/5/eta in ST_sch_antitop_Lep.root
2026-01-09 12:48:49,726 - INFO - [2022EE] MISSING_CENTRAL: DIMU/MuonIDSF_NotImplemented/jets/5/eta in ST_tch_top.root
2026-01-09 12:48:49,726 - INFO - [2022EE] MISSING_CENTRAL: DIMU/MuonIDSF_NotImplemented/jets/5/eta in ST_tch_antitop.root
2026-01-09 12:48:49,728 - INFO - [2022EE] MISSING_CENTRAL: DIMU/MuonIDSF_NotImplemented/jets/5/eta in WW_pythia.root
2026-01-09 12:48:49,731 - INFO - [2023] MISSING_CENTRAL: DIMU/MuonIDSF_NotImplemented/jets/5/eta in WJets.root
2026-01-09 12:48:49,732 - INFO - [2023] MISSING_CENTRAL: DIMU/MuonIDSF_NotImplemented/jets/5/eta in DYJets10to50.root
2026-01-09 12:48:49,733 - INFO - [2023] MISSING_CENTRAL: DIMU/MuonIDSF_NotImplemented/jets/5/eta in ST_sch_top_Lep.root
2026-01-09 12:48:49,733 - INFO - [2023] MISSING_CENTRAL: DIMU/MuonIDSF_NotImplemented/jets/5/eta in ST_sch_antitop_Lep.root
2026-01-09 12:48:49,733 - INFO - [2023] MISSING_CENTRAL: DIMU/MuonIDSF_NotImplemented/jets/5/eta in ST_tch_top.root
2026-01-09 12:48:49,733 - INFO - [2023] MISSING_CENTRAL: DIMU/MuonIDSF_NotImplemented/jets/5/eta in ST_tch_antitop.root
2026-01-09 12:48:49,734 - INFO - [2023] MISSING_CENTRAL: DIMU/MuonIDSF_NotImplemented/jets/5/eta in ST_tW_top_Semilep.root
2026-01-09 12:48:49,736 - INFO - [2023BPix] MISSING_CENTRAL: DIMU/Central/jets/5/eta in Muon0_D_v2.root
2026-01-09 12:48:49,737 - INFO - [2023BPix] MISSING_CENTRAL: DIMU/MuonIDSF_NotImplemented/jets/5/eta in WJets.root
2026-01-09 12:48:49,738 - INFO - [2023BPix] MISSING_CENTRAL: DIMU/MuonIDSF_NotImplemented/jets/5/eta in DYJets10to50.root
2026-01-09 12:48:49,739 - INFO - [2023BPix] MISSING_CENTRAL: DIMU/MuonIDSF_NotImplemented/jets/5/eta in ST_sch_top_Lep.root
2026-01-09 12:48:49,739 - INFO - [2023BPix] MISSING_CENTRAL: DIMU/MuonIDSF_NotImplemented/jets/5/eta in ST_sch_antitop_Lep.root
2026-01-09 12:48:49,739 - INFO - [2023BPix] MISSING_CENTRAL: DIMU/MuonIDSF_NotImplemented/jets/5/eta in ST_tch_top.root
2026-01-09 12:48:49,740 - INFO - [2023BPix] MISSING_CENTRAL: DIMU/MuonIDSF_NotImplemented/jets/5/eta in ST_tch_antitop.root
2026-01-09 12:48:49,740 - INFO - [2023BPix] MISSING_CENTRAL: DIMU/MuonIDSF_NotImplemented/jets/5/eta in ST_tW_top_Semilep.root
2026-01-09 12:48:49,741 - INFO - [2023BPix] MISSING_CENTRAL: DIMU/MuonIDSF_NotImplemented/jets/5/eta in ST_tW_antitop_Semilep.root
2026-01-09 12:48:49,741 - INFO - [2023BPix] MISSING_CENTRAL: DIMU/MuonIDSF_NotImplemented/jets/5/eta in WW_pythia.root
2026-01-09 12:48:49,742 - INFO - [2023BPix] MISSING_CENTRAL: DIMU/MuonIDSF_NotImplemented/jets/5/eta in ZZ_pythia.root
2026-01-09 12:48:50,007 - INFO - [2022] MISSING_CENTRAL: DIMU/DblMuTrigSF_NotImplemented/jets/5/eta in WJets.root
2026-01-09 12:48:50,008 - INFO - [2022] MISSING_CENTRAL: DIMU/DblMuTrigSF_NotImplemented/jets/5/eta in DYJets10to50.root
2026-01-09 12:48:50,009 - INFO - [2022] MISSING_CENTRAL: DIMU/DblMuTrigSF_NotImplemented/jets/5/eta in ST_sch_top_Lep.root
2026-01-09 12:48:50,010 - INFO - [2022] MISSING_CENTRAL: DIMU/DblMuTrigSF_NotImplemented/jets/5/eta in ST_sch_antitop_Lep.root
2026-01-09 12:48:50,010 - INFO - [2022] MISSING_CENTRAL: DIMU/DblMuTrigSF_NotImplemented/jets/5/eta in ST_tch_top.root
2026-01-09 12:48:50,010 - INFO - [2022] MISSING_CENTRAL: DIMU/DblMuTrigSF_NotImplemented/jets/5/eta in ST_tch_antitop.root
2026-01-09 12:48:50,012 - INFO - [2022] MISSING_CENTRAL: DIMU/DblMuTrigSF_NotImplemented/jets/5/eta in ST_tW_antitop_Semilep.root
2026-01-09 12:48:50,012 - INFO - [2022] MISSING_CENTRAL: DIMU/DblMuTrigSF_NotImplemented/jets/5/eta in WW_pythia.root
2026-01-09 12:48:50,013 - INFO - [2022] MISSING_CENTRAL: DIMU/DblMuTrigSF_NotImplemented/jets/5/eta in ZZ_pythia.root
2026-01-09 12:48:50,014 - INFO - [2022EE] MISSING_CENTRAL: DIMU/DblMuTrigSF_NotImplemented/jets/5/eta in WJets.root
2026-01-09 12:48:50,014 - INFO - [2022EE] MISSING_CENTRAL: DIMU/DblMuTrigSF_NotImplemented/jets/5/eta in DYJets10to50.root
2026-01-09 12:48:50,015 - INFO - [2022EE] MISSING_CENTRAL: DIMU/DblMuTrigSF_NotImplemented/jets/5/eta in ST_sch_top_Lep.root
2026-01-09 12:48:50,016 - INFO - [2022EE] MISSING_CENTRAL: DIMU/DblMuTrigSF_NotImplemented/jets/5/eta in ST_sch_antitop_Lep.root
2026-01-09 12:48:50,016 - INFO - [2022EE] MISSING_CENTRAL: DIMU/DblMuTrigSF_NotImplemented/jets/5/eta in ST_tch_top.root
2026-01-09 12:48:50,016 - INFO - [2022EE] MISSING_CENTRAL: DIMU/DblMuTrigSF_NotImplemented/jets/5/eta in ST_tch_antitop.root
2026-01-09 12:48:50,018 - INFO - [2022EE] MISSING_CENTRAL: DIMU/DblMuTrigSF_NotImplemented/jets/5/eta in WW_pythia.root
2026-01-09 12:48:50,021 - INFO - [2023] MISSING_CENTRAL: DIMU/DblMuTrigSF_NotImplemented/jets/5/eta in WJets.root
2026-01-09 12:48:50,022 - INFO - [2023] MISSING_CENTRAL: DIMU/DblMuTrigSF_NotImplemented/jets/5/eta in DYJets10to50.root
2026-01-09 12:48:50,023 - INFO - [2023] MISSING_CENTRAL: DIMU/DblMuTrigSF_NotImplemented/jets/5/eta in ST_sch_top_Lep.root
2026-01-09 12:48:50,023 - INFO - [2023] MISSING_CENTRAL: DIMU/DblMuTrigSF_NotImplemented/jets/5/eta in ST_sch_antitop_Lep.root
2026-01-09 12:48:50,023 - INFO - [2023] MISSING_CENTRAL: DIMU/DblMuTrigSF_NotImplemented/jets/5/eta in ST_tch_top.root
2026-01-09 12:48:50,024 - INFO - [2023] MISSING_CENTRAL: DIMU/DblMuTrigSF_NotImplemented/jets/5/eta in ST_tch_antitop.root
2026-01-09 12:48:50,025 - INFO - [2023] MISSING_CENTRAL: DIMU/DblMuTrigSF_NotImplemented/jets/5/eta in ST_tW_top_Semilep.root
2026-01-09 12:48:50,027 - INFO - [2023BPix] MISSING_CENTRAL: DIMU/Central/jets/5/eta in Muon0_D_v2.root
2026-01-09 12:48:50,027 - INFO - [2023BPix] MISSING_CENTRAL: DIMU/DblMuTrigSF_NotImplemented/jets/5/eta in WJets.root
2026-01-09 12:48:50,028 - INFO - [2023BPix] MISSING_CENTRAL: DIMU/DblMuTrigSF_NotImplemented/jets/5/eta in DYJets10to50.root
2026-01-09 12:48:50,029 - INFO - [2023BPix] MISSING_CENTRAL: DIMU/DblMuTrigSF_NotImplemented/jets/5/eta in ST_sch_top_Lep.root
2026-01-09 12:48:50,029 - INFO - [2023BPix] MISSING_CENTRAL: DIMU/DblMuTrigSF_NotImplemented/jets/5/eta in ST_sch_antitop_Lep.root
2026-01-09 12:48:50,030 - INFO - [2023BPix] MISSING_CENTRAL: DIMU/DblMuTrigSF_NotImplemented/jets/5/eta in ST_tch_top.root
2026-01-09 12:48:50,030 - INFO - [2023BPix] MISSING_CENTRAL: DIMU/DblMuTrigSF_NotImplemented/jets/5/eta in ST_tch_antitop.root
2026-01-09 12:48:50,031 - INFO - [2023BPix] MISSING_CENTRAL: DIMU/DblMuTrigSF_NotImplemented/jets/5/eta in ST_tW_top_Semilep.root
2026-01-09 12:48:50,031 - INFO - [2023BPix] MISSING_CENTRAL: DIMU/DblMuTrigSF_NotImplemented/jets/5/eta in ST_tW_antitop_Semilep.root
2026-01-09 12:48:50,032 - INFO - [2023BPix] MISSING_CENTRAL: DIMU/DblMuTrigSF_NotImplemented/jets/5/eta in WW_pythia.root
2026-01-09 12:48:50,032 - INFO - [2023BPix] MISSING_CENTRAL: DIMU/DblMuTrigSF_NotImplemented/jets/5/eta in ZZ_pythia.root
