2025-12-16 16:30:26,742 - INFO - [2022] MISSING_CENTRAL: DIMU/L1Prefire_NotImplemented/jets/3/rawPt in ST_tch_top.root
2025-12-16 16:30:26,777 - INFO - [2023BPix] MISSING_CENTRAL: DIMU/L1Prefire_NotImplemented/jets/3/rawPt in ST_sch_top_Lep.root
2025-12-16 16:30:26,784 - INFO - [2022] MISSING_CENTRAL: DIMU/Central/jets/3/rawPt in ST_tch_top.root
2025-12-16 16:30:26,860 - INFO - [2022] MISSING_CENTRAL: DIMU/PileupReweight_NotImplemented/jets/3/rawPt in ST_tch_top.root
2025-12-16 16:30:26,894 - INFO - [2023BPix] MISSING_CENTRAL: DIMU/PileupReweight_NotImplemented/jets/3/rawPt in ST_sch_top_Lep.root
2025-12-16 16:30:27,001 - INFO - [2023] MISSING_SYSTEMATIC: DIMU/JetEn_Down/jets/3/rawPt in ST_sch_antitop_Lep.root
2025-12-16 16:30:27,113 - INFO - [2023BPix] MISSING_CENTRAL: DIMU/Central/jets/3/rawPt in ST_sch_top_Lep.root
2025-12-16 16:30:27,153 - INFO - [2022] MISSING_CENTRAL: DIMU/MuonIDSF_NotImplemented/jets/3/rawPt in ST_tch_top.root
2025-12-16 16:30:27,189 - INFO - [2023BPix] MISSING_CENTRAL: DIMU/MuonIDSF_NotImplemented/jets/3/rawPt in ST_sch_top_Lep.root
2025-12-16 16:30:27,223 - INFO - [2022] MISSING_CENTRAL: DIMU/DblMuTrigSF_NotImplemented/jets/3/rawPt in ST_tch_top.root
2025-12-16 16:30:27,258 - INFO - [2023BPix] MISSING_CENTRAL: DIMU/DblMuTrigSF_NotImplemented/jets/3/rawPt in ST_sch_top_Lep.root
2026-01-09 12:48:45,077 - INFO - [2022] MISSING_CENTRAL: DIMU/L1Prefire_NotImplemented/jets/3/rawPt in ST_tch_top.root
2026-01-09 12:48:45,081 - INFO - [2022] MISSING_CENTRAL: DIMU/Central/jets/3/rawPt in ST_tch_top.root
2026-01-09 12:48:45,097 - INFO - [2023BPix] MISSING_CENTRAL: DIMU/L1Prefire_NotImplemented/jets/3/rawPt in ST_sch_top_Lep.root
2026-01-09 12:48:45,108 - INFO - [2022] MISSING_CENTRAL: DIMU/PileupReweight_NotImplemented/jets/3/rawPt in ST_tch_top.root
2026-01-09 12:48:45,127 - INFO - [2023BPix] MISSING_CENTRAL: DIMU/PileupReweight_NotImplemented/jets/3/rawPt in ST_sch_top_Lep.root
2026-01-09 12:48:45,234 - INFO - [2023] MISSING_SYSTEMATIC: DIMU/JetEn_Down/jets/3/rawPt in ST_sch_antitop_Lep.root
2026-01-09 12:48:45,291 - INFO - [2022] MISSING_CENTRAL: DIMU/MuonIDSF_NotImplemented/jets/3/rawPt in ST_tch_top.root
2026-01-09 12:48:45,310 - INFO - [2023BPix] MISSING_CENTRAL: DIMU/MuonIDSF_NotImplemented/jets/3/rawPt in ST_sch_top_Lep.root
2026-01-09 12:48:45,311 - INFO - [2023BPix] MISSING_CENTRAL: DIMU/Central/jets/3/rawPt in ST_sch_top_Lep.root
2026-01-09 12:48:45,352 - INFO - [2022] MISSING_CENTRAL: DIMU/DblMuTrigSF_NotImplemented/jets/3/rawPt in ST_tch_top.root
2026-01-09 12:48:45,371 - INFO - [2023BPix] MISSING_CENTRAL: DIMU/DblMuTrigSF_NotImplemented/jets/3/rawPt in ST_sch_top_Lep.root
