2025-09-24 15:48:39,985 - INFO - [2018] MISSING_CENTRAL: ZG1E2Mu/Central/convLep/pt in Skim_TriLep_DYJets10to50.root
2025-09-24 15:48:39,994 - INFO - [2018] MISSING_CENTRAL: ZG1E2Mu/Central/convLep/pt in Skim_TriLep_TTG.root
2025-09-24 15:48:40,031 - INFO - [2018] MISSING_FILE: /Users/choij/Sync/workspace/ChargedHiggsAnalysisV3/SKNanoOutput/CRPromptSelector/Run1E2Mu_RunSyst/2018/Skim_TriLep_WZTo3LNu_amcatnlo.root
2025-09-24 15:48:49,273 - INFO - [2018] MISSING_CENTRAL: ZG1E2Mu/Central/convLep/pt in Skim_TriLep_DYJets10to50.root
2025-09-24 15:48:49,273 - INFO - [2018] MISSING_CENTRAL: ZG1E2Mu/Central/convLep/pt in Skim_TriLep_TTG.root
2025-09-24 15:48:49,274 - INFO - [2018] MISSING_FILE: /Users/choij/Sync/workspace/ChargedHiggsAnalysisV3/SKNanoOutput/CRPromptSelector/Run1E2Mu_RunSyst/2018/Skim_TriLep_WZTo3LNu_amcatnlo.root
2025-10-02 21:13:24,789 - INFO - [2018] MISSING_CENTRAL: ZG1E2Mu/Central/convLep/pt in Skim_TriLep_DYJets10to50.root
2025-10-02 21:13:25,025 - INFO - [2018] MISSING_CENTRAL: ZG1E2Mu/Central/convLep/pt in Skim_TriLep_TTG.root
2025-10-02 21:13:25,519 - INFO - [2018] MISSING_FILE: /data9/Users/choij/Sync/workspace/ChargedHiggsAnalysisV3/SKNanoOutput/CRPromptSelector/Run1E2Mu_RunSyst/2018/Skim_TriLep_WZTo3LNu_amcatnlo.root
2025-10-02 21:13:31,702 - INFO - [2018] MISSING_CENTRAL: ZG1E2Mu/Central/convLep/pt in Skim_TriLep_DYJets10to50.root
2025-10-02 21:13:31,704 - INFO - [2018] MISSING_CENTRAL: ZG1E2Mu/Central/convLep/pt in Skim_TriLep_TTG.root
2025-10-02 21:13:31,710 - INFO - [2018] MISSING_FILE: /data9/Users/choij/Sync/workspace/ChargedHiggsAnalysisV3/SKNanoOutput/CRPromptSelector/Run1E2Mu_RunSyst/2018/Skim_TriLep_WZTo3LNu_amcatnlo.root
2025-10-03 00:01:24,787 - INFO - [2018] MISSING_CENTRAL: ZG1E2Mu/Central/convLep/pt in Skim_TriLep_DYJets10to50.root
2025-10-03 00:01:24,797 - INFO - [2018] MISSING_CENTRAL: ZG1E2Mu/Central/convLep/pt in Skim_TriLep_TTG.root
2025-10-03 00:01:24,834 - INFO - [2018] MISSING_FILE: /Users/choij/Sync/workspace/ChargedHiggsAnalysisV3/SKNanoOutput/CRPromptSelector/Run1E2Mu_RunSyst/2018/Skim_TriLep_WZTo3LNu_amcatnlo.root
2025-10-03 00:01:33,279 - INFO - [2018] MISSING_CENTRAL: ZG1E2Mu/Central/convLep/pt in Skim_TriLep_DYJets10to50.root
2025-10-03 00:01:33,279 - INFO - [2018] MISSING_CENTRAL: ZG1E2Mu/Central/convLep/pt in Skim_TriLep_TTG.root
2025-10-03 00:01:33,280 - INFO - [2018] MISSING_FILE: /Users/choij/Sync/workspace/ChargedHiggsAnalysisV3/SKNanoOutput/CRPromptSelector/Run1E2Mu_RunSyst/2018/Skim_TriLep_WZTo3LNu_amcatnlo.root
2025-11-07 14:03:50,909 - INFO - [2018] MISSING_CENTRAL: ZG1E2Mu/Central/convLep/pt in Skim_TriLep_DYJets10to50.root
2025-11-07 14:03:50,917 - INFO - [2018] MISSING_CENTRAL: ZG1E2Mu/Central/convLep/pt in Skim_TriLep_TTG.root
2025-11-07 14:03:50,947 - INFO - [2018] MISSING_FILE: /home/choij/Sync/workspace/ChargedHiggsAnalysisV3/SKNanoOutput/CRPromptSelector/Run1E2Mu_RunSyst/2018/Skim_TriLep_WZTo3LNu_amcatnlo.root
2025-11-07 14:03:55,879 - INFO - [2018] MISSING_CENTRAL: ZG1E2Mu/Central/convLep/pt in Skim_TriLep_DYJets10to50.root
2025-11-07 14:03:55,880 - INFO - [2018] MISSING_CENTRAL: ZG1E2Mu/Central/convLep/pt in Skim_TriLep_TTG.root
2025-11-07 14:03:55,881 - INFO - [2018] MISSING_FILE: /home/choij/Sync/workspace/ChargedHiggsAnalysisV3/SKNanoOutput/CRPromptSelector/Run1E2Mu_RunSyst/2018/Skim_TriLep_WZTo3LNu_amcatnlo.root
2025-11-10 05:54:37,376 - INFO - [2018] MISSING_CENTRAL: ZG1E2Mu/Central/convLep/pt in Skim_TriLep_DYJets10to50.root
2025-11-10 05:54:37,383 - INFO - [2018] MISSING_CENTRAL: ZG1E2Mu/Central/convLep/pt in Skim_TriLep_TTG.root
2025-11-10 05:54:37,411 - INFO - [2018] MISSING_FILE: /home/choij/Sync/workspace/ChargedHiggsAnalysisV3/SKNanoOutput/CRPromptSelector/Run1E2Mu_RunSyst/2018/Skim_TriLep_WZTo3LNu_amcatnlo.root
2025-11-10 05:54:44,030 - INFO - [2018] MISSING_CENTRAL: ZG1E2Mu/Central/convLep/pt in Skim_TriLep_DYJets10to50.root
2025-11-10 05:54:44,031 - INFO - [2018] MISSING_CENTRAL: ZG1E2Mu/Central/convLep/pt in Skim_TriLep_TTG.root
2025-11-10 05:54:44,032 - INFO - [2018] MISSING_FILE: /home/choij/Sync/workspace/ChargedHiggsAnalysisV3/SKNanoOutput/CRPromptSelector/Run1E2Mu_RunSyst/2018/Skim_TriLep_WZTo3LNu_amcatnlo.root
