2025-09-24 15:48:37,679 - INFO - [2018] MISSING_CENTRAL: ZG1E2Mu/Central/jets/3/eta in Skim_TriLep_MuonEG_B.root
2025-09-24 15:48:37,696 - INFO - [2018] MISSING_CENTRAL: ZG1E2Mu/Central/jets/3/eta in Skim_TriLep_MuonEG_B.root
2025-09-24 15:48:37,746 - INFO - [2018] MISSING_CENTRAL: ZG1E2Mu/Central/jets/3/eta in Skim_TriLep_DYJets10to50.root
2025-09-24 15:48:37,797 - INFO - [2018] MISSING_CENTRAL: ZG1E2Mu/Central/jets/3/eta in Skim_TriLep_TTG.root
2025-09-24 15:48:37,797 - INFO - [2018] MISSING_CENTRAL: ZG1E2Mu/Central/jets/3/eta in Skim_TriLep_WWG.root
2025-09-24 15:48:37,867 - INFO - [2018] MISSING_FILE: /Users/choij/Sync/workspace/ChargedHiggsAnalysisV3/SKNanoOutput/CRPromptSelector/Run1E2Mu_RunSyst/2018/Skim_TriLep_WZTo3LNu_amcatnlo.root
2025-09-24 15:48:37,966 - INFO - [2018] MISSING_SYSTEMATIC: ZG1E2Mu/UnclusteredEn_Up/jets/3/eta in Skim_TriLep_TTTT.root
2025-09-24 15:48:47,202 - INFO - [2018] MISSING_CENTRAL: ZG1E2Mu/Central/jets/3/eta in Skim_TriLep_MuonEG_B.root
2025-09-24 15:48:47,221 - INFO - [2018] MISSING_CENTRAL: ZG1E2Mu/Central/jets/3/eta in Skim_TriLep_MuonEG_B.root
2025-09-24 15:48:47,222 - INFO - [2018] MISSING_CENTRAL: ZG1E2Mu/Central/jets/3/eta in Skim_TriLep_DYJets10to50.root
2025-09-24 15:48:47,223 - INFO - [2018] MISSING_CENTRAL: ZG1E2Mu/Central/jets/3/eta in Skim_TriLep_TTG.root
2025-09-24 15:48:47,223 - INFO - [2018] MISSING_CENTRAL: ZG1E2Mu/Central/jets/3/eta in Skim_TriLep_WWG.root
2025-09-24 15:48:47,224 - INFO - [2018] MISSING_FILE: /Users/choij/Sync/workspace/ChargedHiggsAnalysisV3/SKNanoOutput/CRPromptSelector/Run1E2Mu_RunSyst/2018/Skim_TriLep_WZTo3LNu_amcatnlo.root
2025-10-02 21:13:24,667 - INFO - [2018] MISSING_CENTRAL: ZG1E2Mu/Central/jets/3/eta in Skim_TriLep_MuonEG_B.root
2025-10-02 21:13:24,706 - INFO - [2018] MISSING_CENTRAL: ZG1E2Mu/Central/jets/3/eta in Skim_TriLep_MuonEG_B.root
2025-10-02 21:13:24,789 - INFO - [2018] MISSING_CENTRAL: ZG1E2Mu/Central/jets/3/eta in Skim_TriLep_DYJets10to50.root
2025-10-02 21:13:25,025 - INFO - [2018] MISSING_CENTRAL: ZG1E2Mu/Central/jets/3/eta in Skim_TriLep_TTG.root
2025-10-02 21:13:25,077 - INFO - [2018] MISSING_CENTRAL: ZG1E2Mu/Central/jets/3/eta in Skim_TriLep_WWG.root
2025-10-02 21:13:25,512 - INFO - [2018] MISSING_FILE: /data9/Users/choij/Sync/workspace/ChargedHiggsAnalysisV3/SKNanoOutput/CRPromptSelector/Run1E2Mu_RunSyst/2018/Skim_TriLep_WZTo3LNu_amcatnlo.root
2025-10-02 21:13:26,229 - INFO - [2018] MISSING_SYSTEMATIC: ZG1E2Mu/UnclusteredEn_Up/jets/3/eta in Skim_TriLep_TTTT.root
2025-10-02 21:13:31,689 - INFO - [2018] MISSING_CENTRAL: ZG1E2Mu/Central/jets/3/eta in Skim_TriLep_MuonEG_B.root
2025-10-02 21:13:31,746 - INFO - [2018] MISSING_CENTRAL: ZG1E2Mu/Central/jets/3/eta in Skim_TriLep_MuonEG_B.root
2025-10-02 21:13:31,751 - INFO - [2018] MISSING_CENTRAL: ZG1E2Mu/Central/jets/3/eta in Skim_TriLep_DYJets10to50.root
2025-10-02 21:13:31,752 - INFO - [2018] MISSING_CENTRAL: ZG1E2Mu/Central/jets/3/eta in Skim_TriLep_TTG.root
2025-10-02 21:13:31,754 - INFO - [2018] MISSING_CENTRAL: ZG1E2Mu/Central/jets/3/eta in Skim_TriLep_WWG.root
2025-10-02 21:13:31,757 - INFO - [2018] MISSING_FILE: /data9/Users/choij/Sync/workspace/ChargedHiggsAnalysisV3/SKNanoOutput/CRPromptSelector/Run1E2Mu_RunSyst/2018/Skim_TriLep_WZTo3LNu_amcatnlo.root
2025-10-03 00:01:22,376 - INFO - [2018] MISSING_CENTRAL: ZG1E2Mu/Central/jets/3/eta in Skim_TriLep_MuonEG_B.root
2025-10-03 00:01:22,486 - INFO - [2018] MISSING_CENTRAL: ZG1E2Mu/Central/jets/3/eta in Skim_TriLep_MuonEG_B.root
2025-10-03 00:01:22,507 - INFO - [2018] MISSING_CENTRAL: ZG1E2Mu/Central/jets/3/eta in Skim_TriLep_DYJets10to50.root
2025-10-03 00:01:22,552 - INFO - [2018] MISSING_CENTRAL: ZG1E2Mu/Central/jets/3/eta in Skim_TriLep_TTG.root
2025-10-03 00:01:22,553 - INFO - [2018] MISSING_CENTRAL: ZG1E2Mu/Central/jets/3/eta in Skim_TriLep_WWG.root
2025-10-03 00:01:22,632 - INFO - [2018] MISSING_FILE: /Users/choij/Sync/workspace/ChargedHiggsAnalysisV3/SKNanoOutput/CRPromptSelector/Run1E2Mu_RunSyst/2018/Skim_TriLep_WZTo3LNu_amcatnlo.root
2025-10-03 00:01:22,705 - INFO - [2018] MISSING_SYSTEMATIC: ZG1E2Mu/UnclusteredEn_Up/jets/3/eta in Skim_TriLep_TTTT.root
2025-10-03 00:01:31,302 - INFO - [2018] MISSING_CENTRAL: ZG1E2Mu/Central/jets/3/eta in Skim_TriLep_MuonEG_B.root
2025-10-03 00:01:31,418 - INFO - [2018] MISSING_CENTRAL: ZG1E2Mu/Central/jets/3/eta in Skim_TriLep_MuonEG_B.root
2025-10-03 00:01:31,419 - INFO - [2018] MISSING_CENTRAL: ZG1E2Mu/Central/jets/3/eta in Skim_TriLep_DYJets10to50.root
2025-10-03 00:01:31,419 - INFO - [2018] MISSING_CENTRAL: ZG1E2Mu/Central/jets/3/eta in Skim_TriLep_TTG.root
2025-10-03 00:01:31,419 - INFO - [2018] MISSING_CENTRAL: ZG1E2Mu/Central/jets/3/eta in Skim_TriLep_WWG.root
2025-10-03 00:01:31,431 - INFO - [2018] MISSING_FILE: /Users/choij/Sync/workspace/ChargedHiggsAnalysisV3/SKNanoOutput/CRPromptSelector/Run1E2Mu_RunSyst/2018/Skim_TriLep_WZTo3LNu_amcatnlo.root
2025-11-07 14:03:48,524 - INFO - [2018] MISSING_CENTRAL: ZG1E2Mu/Central/jets/3/eta in Skim_TriLep_MuonEG_B.root
2025-11-07 14:03:48,565 - INFO - [2018] MISSING_CENTRAL: ZG1E2Mu/Central/jets/3/eta in Skim_TriLep_MuonEG_B.root
2025-11-07 14:03:48,581 - INFO - [2018] MISSING_CENTRAL: ZG1E2Mu/Central/jets/3/eta in Skim_TriLep_DYJets10to50.root
2025-11-07 14:03:48,588 - INFO - [2018] MISSING_CENTRAL: ZG1E2Mu/Central/jets/3/eta in Skim_TriLep_TTG.root
2025-11-07 14:03:48,588 - INFO - [2018] MISSING_CENTRAL: ZG1E2Mu/Central/jets/3/eta in Skim_TriLep_WWG.root
2025-11-07 14:03:48,607 - INFO - [2018] MISSING_FILE: /home/choij/Sync/workspace/ChargedHiggsAnalysisV3/SKNanoOutput/CRPromptSelector/Run1E2Mu_RunSyst/2018/Skim_TriLep_WZTo3LNu_amcatnlo.root
2025-11-07 14:03:48,652 - INFO - [2018] MISSING_SYSTEMATIC: ZG1E2Mu/UnclusteredEn_Up/jets/3/eta in Skim_TriLep_TTTT.root
2025-11-07 14:03:53,725 - INFO - [2018] MISSING_CENTRAL: ZG1E2Mu/Central/jets/3/eta in Skim_TriLep_MuonEG_B.root
2025-11-07 14:03:53,767 - INFO - [2018] MISSING_CENTRAL: ZG1E2Mu/Central/jets/3/eta in Skim_TriLep_MuonEG_B.root
2025-11-07 14:03:53,769 - INFO - [2018] MISSING_CENTRAL: ZG1E2Mu/Central/jets/3/eta in Skim_TriLep_DYJets10to50.root
2025-11-07 14:03:53,770 - INFO - [2018] MISSING_CENTRAL: ZG1E2Mu/Central/jets/3/eta in Skim_TriLep_TTG.root
2025-11-07 14:03:53,771 - INFO - [2018] MISSING_CENTRAL: ZG1E2Mu/Central/jets/3/eta in Skim_TriLep_WWG.root
2025-11-07 14:03:53,772 - INFO - [2018] MISSING_FILE: /home/choij/Sync/workspace/ChargedHiggsAnalysisV3/SKNanoOutput/CRPromptSelector/Run1E2Mu_RunSyst/2018/Skim_TriLep_WZTo3LNu_amcatnlo.root
2025-11-10 05:54:34,639 - INFO - [2018] MISSING_CENTRAL: ZG1E2Mu/Central/jets/3/eta in Skim_TriLep_MuonEG_B.root
2025-11-10 05:54:34,694 - INFO - [2018] MISSING_CENTRAL: ZG1E2Mu/Central/jets/3/eta in Skim_TriLep_MuonEG_B.root
2025-11-10 05:54:34,713 - INFO - [2018] MISSING_CENTRAL: ZG1E2Mu/Central/jets/3/eta in Skim_TriLep_DYJets10to50.root
2025-11-10 05:54:34,720 - INFO - [2018] MISSING_CENTRAL: ZG1E2Mu/Central/jets/3/eta in Skim_TriLep_TTG.root
2025-11-10 05:54:34,721 - INFO - [2018] MISSING_CENTRAL: ZG1E2Mu/Central/jets/3/eta in Skim_TriLep_WWG.root
2025-11-10 05:54:34,744 - INFO - [2018] MISSING_FILE: /home/choij/Sync/workspace/ChargedHiggsAnalysisV3/SKNanoOutput/CRPromptSelector/Run1E2Mu_RunSyst/2018/Skim_TriLep_WZTo3LNu_amcatnlo.root
2025-11-10 05:54:34,802 - INFO - [2018] MISSING_SYSTEMATIC: ZG1E2Mu/UnclusteredEn_Up/jets/3/eta in Skim_TriLep_TTTT.root
2025-11-10 05:54:41,098 - INFO - [2018] MISSING_CENTRAL: ZG1E2Mu/Central/jets/3/eta in Skim_TriLep_MuonEG_B.root
2025-11-10 05:54:41,150 - INFO - [2018] MISSING_CENTRAL: ZG1E2Mu/Central/jets/3/eta in Skim_TriLep_MuonEG_B.root
2025-11-10 05:54:41,152 - INFO - [2018] MISSING_CENTRAL: ZG1E2Mu/Central/jets/3/eta in Skim_TriLep_DYJets10to50.root
2025-11-10 05:54:41,153 - INFO - [2018] MISSING_CENTRAL: ZG1E2Mu/Central/jets/3/eta in Skim_TriLep_TTG.root
2025-11-10 05:54:41,153 - INFO - [2018] MISSING_CENTRAL: ZG1E2Mu/Central/jets/3/eta in Skim_TriLep_WWG.root
2025-11-10 05:54:41,154 - INFO - [2018] MISSING_FILE: /home/choij/Sync/workspace/ChargedHiggsAnalysisV3/SKNanoOutput/CRPromptSelector/Run1E2Mu_RunSyst/2018/Skim_TriLep_WZTo3LNu_amcatnlo.root
2025-11-10 12:18:52,021 - INFO - [2018] MISSING_CENTRAL: ZG1E2Mu/Central/jets/3/eta in Skim_TriLep_MuonEG_B.root
2025-11-10 12:18:52,062 - INFO - [2018] MISSING_CENTRAL: ZG1E2Mu/Central/jets/3/eta in Skim_TriLep_MuonEG_B.root
2025-11-10 12:18:52,078 - INFO - [2018] MISSING_CENTRAL: ZG1E2Mu/Central/jets/3/eta in Skim_TriLep_DYJets10to50.root
2025-11-10 12:18:52,085 - INFO - [2018] MISSING_CENTRAL: ZG1E2Mu/Central/jets/3/eta in Skim_TriLep_TTG.root
2025-11-10 12:18:52,085 - INFO - [2018] MISSING_CENTRAL: ZG1E2Mu/Central/jets/3/eta in Skim_TriLep_WWG.root
2025-11-10 12:18:52,104 - INFO - [2018] MISSING_FILE: /home/choij/Sync/workspace/ChargedHiggsAnalysisV3/SKNanoOutput/CRPromptSelector/Run1E2Mu_RunSyst/2018/Skim_TriLep_WZTo3LNu_amcatnlo.root
2025-11-10 12:18:52,170 - INFO - [2018] MISSING_SYSTEMATIC: ZG1E2Mu/UnclusteredEn_Up/jets/3/eta in Skim_TriLep_TTTT.root
2025-11-10 12:18:57,251 - INFO - [2018] MISSING_CENTRAL: ZG1E2Mu/Central/jets/3/eta in Skim_TriLep_MuonEG_B.root
2025-11-10 12:18:57,294 - INFO - [2018] MISSING_CENTRAL: ZG1E2Mu/Central/jets/3/eta in Skim_TriLep_MuonEG_B.root
2025-11-10 12:18:57,297 - INFO - [2018] MISSING_CENTRAL: ZG1E2Mu/Central/jets/3/eta in Skim_TriLep_DYJets10to50.root
2025-11-10 12:18:57,298 - INFO - [2018] MISSING_CENTRAL: ZG1E2Mu/Central/jets/3/eta in Skim_TriLep_TTG.root
2025-11-10 12:18:57,298 - INFO - [2018] MISSING_CENTRAL: ZG1E2Mu/Central/jets/3/eta in Skim_TriLep_WWG.root
2025-11-10 12:18:57,300 - INFO - [2018] MISSING_FILE: /home/choij/Sync/workspace/ChargedHiggsAnalysisV3/SKNanoOutput/CRPromptSelector/Run1E2Mu_RunSyst/2018/Skim_TriLep_WZTo3LNu_amcatnlo.root
2025-11-13 11:08:08,634 - INFO - [2018] MISSING_CENTRAL: ZG1E2Mu/Central/jets/3/eta in Skim_TriLep_MuonEG_B.root
2025-11-13 11:08:08,676 - INFO - [2018] MISSING_CENTRAL: ZG1E2Mu/Central/jets/3/eta in Skim_TriLep_MuonEG_B.root
2025-11-13 11:08:08,693 - INFO - [2018] MISSING_CENTRAL: ZG1E2Mu/Central/jets/3/eta in Skim_TriLep_DYJets10to50.root
2025-11-13 11:08:08,700 - INFO - [2018] MISSING_CENTRAL: ZG1E2Mu/Central/jets/3/eta in Skim_TriLep_TTG.root
2025-11-13 11:08:08,701 - INFO - [2018] MISSING_CENTRAL: ZG1E2Mu/Central/jets/3/eta in Skim_TriLep_WWG.root
2025-11-13 11:08:08,720 - INFO - [2018] MISSING_FILE: /data9/Users/choij/Sync/workspace/ChargedHiggsAnalysisV3/SKNanoOutput/CRPromptSelector/Run1E2Mu_RunSyst/2018/Skim_TriLep_WZTo3LNu_amcatnlo.root
2025-11-13 11:08:09,657 - INFO - [2018] MISSING_SYSTEMATIC: ZG1E2Mu/UnclusteredEn_Up/jets/3/eta in Skim_TriLep_TTTT.root
2025-11-13 11:08:15,103 - INFO - [2018] MISSING_CENTRAL: ZG1E2Mu/Central/jets/3/eta in Skim_TriLep_MuonEG_B.root
2025-11-13 11:08:15,164 - INFO - [2018] MISSING_CENTRAL: ZG1E2Mu/Central/jets/3/eta in Skim_TriLep_MuonEG_B.root
2025-11-13 11:08:15,172 - INFO - [2018] MISSING_CENTRAL: ZG1E2Mu/Central/jets/3/eta in Skim_TriLep_DYJets10to50.root
2025-11-13 11:08:15,177 - INFO - [2018] MISSING_CENTRAL: ZG1E2Mu/Central/jets/3/eta in Skim_TriLep_TTG.root
2025-11-13 11:08:15,181 - INFO - [2018] MISSING_CENTRAL: ZG1E2Mu/Central/jets/3/eta in Skim_TriLep_WWG.root
2025-11-13 11:08:15,188 - INFO - [2018] MISSING_FILE: /data9/Users/choij/Sync/workspace/ChargedHiggsAnalysisV3/SKNanoOutput/CRPromptSelector/Run1E2Mu_RunSyst/2018/Skim_TriLep_WZTo3LNu_amcatnlo.root
2025-11-19 00:17:10,618 - INFO - [2018] MISSING_CENTRAL: ZG1E2Mu/Central/jets/3/eta in Skim_TriLep_MuonEG_B.root
2025-11-19 00:17:10,687 - INFO - [2018] MISSING_CENTRAL: ZG1E2Mu/Central/jets/3/eta in Skim_TriLep_MuonEG_B.root
2025-11-19 00:17:10,713 - INFO - [2018] MISSING_CENTRAL: ZG1E2Mu/Central/jets/3/eta in Skim_TriLep_DYJets10to50.root
2025-11-19 00:17:10,726 - INFO - [2018] MISSING_CENTRAL: ZG1E2Mu/Central/jets/3/eta in Skim_TriLep_TTG.root
2025-11-19 00:17:10,727 - INFO - [2018] MISSING_CENTRAL: ZG1E2Mu/Central/jets/3/eta in Skim_TriLep_WWG.root
2025-11-19 00:17:10,761 - INFO - [2018] MISSING_FILE: /data9/Users/choij/Sync/workspace/ChargedHiggsAnalysisV3/SKNanoOutput/CRPromptSelector/Run1E2Mu_RunSyst/2018/Skim_TriLep_WZTo3LNu_amcatnlo.root
2025-11-19 00:17:10,848 - INFO - [2018] MISSING_SYSTEMATIC: ZG1E2Mu/UnclusteredEn_Up/jets/3/eta in Skim_TriLep_TTTT.root
2025-11-19 00:17:14,145 - INFO - [2018] MISSING_CENTRAL: ZG1E2Mu/Central/jets/3/eta in Skim_TriLep_MuonEG_B.root
2025-11-19 00:17:14,190 - INFO - [2018] MISSING_CENTRAL: ZG1E2Mu/Central/jets/3/eta in Skim_TriLep_MuonEG_B.root
2025-11-19 00:17:14,194 - INFO - [2018] MISSING_CENTRAL: ZG1E2Mu/Central/jets/3/eta in Skim_TriLep_DYJets10to50.root
2025-11-19 00:17:14,196 - INFO - [2018] MISSING_CENTRAL: ZG1E2Mu/Central/jets/3/eta in Skim_TriLep_TTG.root
2025-11-19 00:17:14,197 - INFO - [2018] MISSING_CENTRAL: ZG1E2Mu/Central/jets/3/eta in Skim_TriLep_WWG.root
2025-11-19 00:17:14,200 - INFO - [2018] MISSING_FILE: /data9/Users/choij/Sync/workspace/ChargedHiggsAnalysisV3/SKNanoOutput/CRPromptSelector/Run1E2Mu_RunSyst/2018/Skim_TriLep_WZTo3LNu_amcatnlo.root
2025-11-19 15:42:18,721 - INFO - [2018] MISSING_CENTRAL: ZG1E2Mu/Central/jets/3/eta in Skim_TriLep_MuonEG_B.root
2025-11-19 15:42:18,765 - INFO - [2018] MISSING_CENTRAL: ZG1E2Mu/Central/jets/3/eta in Skim_TriLep_MuonEG_B.root
2025-11-19 15:42:18,780 - INFO - [2018] MISSING_CENTRAL: ZG1E2Mu/Central/jets/3/eta in Skim_TriLep_DYJets10to50.root
2025-11-19 15:42:18,786 - INFO - [2018] MISSING_CENTRAL: ZG1E2Mu/Central/jets/3/eta in Skim_TriLep_TTG.root
2025-11-19 15:42:18,786 - INFO - [2018] MISSING_CENTRAL: ZG1E2Mu/Central/jets/3/eta in Skim_TriLep_WWG.root
2025-11-19 15:42:18,805 - INFO - [2018] MISSING_FILE: /home/choij/Sync/workspace/ChargedHiggsAnalysisV3/SKNanoOutput/CRPromptSelector/Run1E2Mu_RunSyst/2018/Skim_TriLep_WZTo3LNu_amcatnlo.root
2025-11-19 15:42:18,900 - INFO - [2018] MISSING_SYSTEMATIC: ZG1E2Mu/UnclusteredEn_Up/jets/3/eta in Skim_TriLep_TTTT.root
2025-11-19 15:42:24,101 - INFO - [2018] MISSING_CENTRAL: ZG1E2Mu/Central/jets/3/eta in Skim_TriLep_MuonEG_B.root
2025-11-19 15:42:24,150 - INFO - [2018] MISSING_CENTRAL: ZG1E2Mu/Central/jets/3/eta in Skim_TriLep_MuonEG_B.root
2025-11-19 15:42:24,153 - INFO - [2018] MISSING_CENTRAL: ZG1E2Mu/Central/jets/3/eta in Skim_TriLep_DYJets10to50.root
2025-11-19 15:42:24,154 - INFO - [2018] MISSING_CENTRAL: ZG1E2Mu/Central/jets/3/eta in Skim_TriLep_TTG.root
2025-11-19 15:42:24,155 - INFO - [2018] MISSING_CENTRAL: ZG1E2Mu/Central/jets/3/eta in Skim_TriLep_WWG.root
2025-11-19 15:42:24,157 - INFO - [2018] MISSING_FILE: /home/choij/Sync/workspace/ChargedHiggsAnalysisV3/SKNanoOutput/CRPromptSelector/Run1E2Mu_RunSyst/2018/Skim_TriLep_WZTo3LNu_amcatnlo.root
2025-11-19 16:21:12,784 - INFO - [2018] MISSING_CENTRAL: ZG1E2Mu/Central/jets/3/eta in Skim_TriLep_MuonEG_B.root
2025-11-19 16:21:12,841 - INFO - [2018] MISSING_CENTRAL: ZG1E2Mu/Central/jets/3/eta in Skim_TriLep_MuonEG_B.root
2025-11-19 16:21:12,855 - INFO - [2018] MISSING_CENTRAL: ZG1E2Mu/Central/jets/3/eta in Skim_TriLep_DYJets10to50.root
2025-11-19 16:21:12,862 - INFO - [2018] MISSING_CENTRAL: ZG1E2Mu/Central/jets/3/eta in Skim_TriLep_TTG.root
2025-11-19 16:21:12,863 - INFO - [2018] MISSING_CENTRAL: ZG1E2Mu/Central/jets/3/eta in Skim_TriLep_WWG.root
2025-11-19 16:21:12,882 - INFO - [2018] MISSING_FILE: /home/choij/Sync/workspace/ChargedHiggsAnalysisV3/SKNanoOutput/CRPromptSelector/Run1E2Mu_RunSyst/2018/Skim_TriLep_WZTo3LNu_amcatnlo.root
2025-11-19 16:21:12,941 - INFO - [2018] MISSING_SYSTEMATIC: ZG1E2Mu/UnclusteredEn_Up/jets/3/eta in Skim_TriLep_TTTT.root
2025-11-19 16:21:17,916 - INFO - [2018] MISSING_CENTRAL: ZG1E2Mu/Central/jets/3/eta in Skim_TriLep_MuonEG_B.root
2025-11-19 16:21:17,963 - INFO - [2018] MISSING_CENTRAL: ZG1E2Mu/Central/jets/3/eta in Skim_TriLep_MuonEG_B.root
2025-11-19 16:21:17,965 - INFO - [2018] MISSING_CENTRAL: ZG1E2Mu/Central/jets/3/eta in Skim_TriLep_DYJets10to50.root
2025-11-19 16:21:17,966 - INFO - [2018] MISSING_CENTRAL: ZG1E2Mu/Central/jets/3/eta in Skim_TriLep_TTG.root
2025-11-19 16:21:17,967 - INFO - [2018] MISSING_CENTRAL: ZG1E2Mu/Central/jets/3/eta in Skim_TriLep_WWG.root
2025-11-19 16:21:17,968 - INFO - [2018] MISSING_FILE: /home/choij/Sync/workspace/ChargedHiggsAnalysisV3/SKNanoOutput/CRPromptSelector/Run1E2Mu_RunSyst/2018/Skim_TriLep_WZTo3LNu_amcatnlo.root
2025-12-17 12:25:30,897 - INFO - [2018] MISSING_CENTRAL: ZG1E2Mu/Central/jets/3/eta in Skim_TriLep_MuonEG_B.root
2025-12-17 12:25:31,147 - INFO - [2018] MISSING_CENTRAL: ZG1E2Mu/Central/jets/3/eta in Skim_TriLep_MuonEG_B.root
2025-12-17 12:25:31,177 - INFO - [2018] MISSING_CENTRAL: ZG1E2Mu/Central/jets/3/eta in Skim_TriLep_DYJets10to50.root
2025-12-17 12:25:31,182 - INFO - [2018] MISSING_CENTRAL: ZG1E2Mu/Central/jets/3/eta in Skim_TriLep_TTG.root
2025-12-17 12:25:31,185 - INFO - [2018] MISSING_CENTRAL: ZG1E2Mu/Central/jets/3/eta in Skim_TriLep_WWG.root
2025-12-17 12:25:36,844 - INFO - [2018] MISSING_CENTRAL: ZG1E2Mu/Central/jets/3/eta in Skim_TriLep_MuonEG_B.root
2025-12-17 12:25:36,897 - INFO - [2018] MISSING_CENTRAL: ZG1E2Mu/Central/jets/3/eta in Skim_TriLep_MuonEG_B.root
2025-12-17 12:25:36,904 - INFO - [2018] MISSING_CENTRAL: ZG1E2Mu/Central/jets/3/eta in Skim_TriLep_DYJets10to50.root
2025-12-17 12:25:36,905 - INFO - [2018] MISSING_CENTRAL: ZG1E2Mu/Central/jets/3/eta in Skim_TriLep_TTG.root
2025-12-17 12:25:36,907 - INFO - [2018] MISSING_CENTRAL: ZG1E2Mu/Central/jets/3/eta in Skim_TriLep_WWG.root
2025-12-17 16:07:20,901 - INFO - [2018] MISSING_CENTRAL: ZG1E2Mu/Central/jets/3/eta in Skim_TriLep_MuonEG_B.root
2025-12-17 16:07:20,941 - INFO - [2018] MISSING_CENTRAL: ZG1E2Mu/Central/jets/3/eta in Skim_TriLep_MuonEG_B.root
2025-12-17 16:07:20,957 - INFO - [2018] MISSING_CENTRAL: ZG1E2Mu/Central/jets/3/eta in Skim_TriLep_DYJets10to50.root
2025-12-17 16:07:20,957 - INFO - [2018] MISSING_CENTRAL: ZG1E2Mu/Central/jets/3/eta in Skim_TriLep_TTG.root
2025-12-17 16:07:20,958 - INFO - [2018] MISSING_CENTRAL: ZG1E2Mu/Central/jets/3/eta in Skim_TriLep_WWG.root
2025-12-17 16:07:25,904 - INFO - [2018] MISSING_CENTRAL: ZG1E2Mu/Central/jets/3/eta in Skim_TriLep_MuonEG_B.root
2025-12-17 16:07:25,960 - INFO - [2018] MISSING_CENTRAL: ZG1E2Mu/Central/jets/3/eta in Skim_TriLep_MuonEG_B.root
2025-12-17 16:07:25,964 - INFO - [2018] MISSING_CENTRAL: ZG1E2Mu/Central/jets/3/eta in Skim_TriLep_DYJets10to50.root
2025-12-17 16:07:25,965 - INFO - [2018] MISSING_CENTRAL: ZG1E2Mu/Central/jets/3/eta in Skim_TriLep_TTG.root
2025-12-17 16:07:25,966 - INFO - [2018] MISSING_CENTRAL: ZG1E2Mu/Central/jets/3/eta in Skim_TriLep_WWG.root
2025-12-17 22:35:34,394 - INFO - [2018] MISSING_CENTRAL: ZG1E2Mu/Central/jets/3/eta in Skim_TriLep_MuonEG_B.root
2025-12-17 22:35:34,448 - INFO - [2018] MISSING_CENTRAL: ZG1E2Mu/Central/jets/3/eta in Skim_TriLep_MuonEG_B.root
2025-12-17 22:35:34,472 - INFO - [2018] MISSING_CENTRAL: ZG1E2Mu/Central/jets/3/eta in Skim_TriLep_DYJets10to50.root
2025-12-17 22:35:34,473 - INFO - [2018] MISSING_CENTRAL: ZG1E2Mu/Central/jets/3/eta in Skim_TriLep_TTG.root
2025-12-17 22:35:34,474 - INFO - [2018] MISSING_CENTRAL: ZG1E2Mu/Central/jets/3/eta in Skim_TriLep_WWG.root
2025-12-17 22:35:39,433 - INFO - [2018] MISSING_CENTRAL: ZG1E2Mu/Central/jets/3/eta in Skim_TriLep_MuonEG_B.root
2025-12-17 22:35:39,473 - INFO - [2018] MISSING_CENTRAL: ZG1E2Mu/Central/jets/3/eta in Skim_TriLep_MuonEG_B.root
2025-12-17 22:35:39,476 - INFO - [2018] MISSING_CENTRAL: ZG1E2Mu/Central/jets/3/eta in Skim_TriLep_DYJets10to50.root
2025-12-17 22:35:39,477 - INFO - [2018] MISSING_CENTRAL: ZG1E2Mu/Central/jets/3/eta in Skim_TriLep_TTG.root
2025-12-17 22:35:39,478 - INFO - [2018] MISSING_CENTRAL: ZG1E2Mu/Central/jets/3/eta in Skim_TriLep_WWG.root
2025-12-18 14:19:12,817 - INFO - [2018] MISSING_CENTRAL: ZG1E2Mu/Central/jets/3/eta in Skim_TriLep_MuonEG_B.root
2025-12-18 14:19:12,948 - INFO - [2018] MISSING_CENTRAL: ZG1E2Mu/Central/jets/3/eta in Skim_TriLep_MuonEG_B.root
2025-12-18 14:19:12,990 - INFO - [2018] MISSING_CENTRAL: ZG1E2Mu/Central/jets/3/eta in Skim_TriLep_DYJets10to50.root
2025-12-18 14:19:12,991 - INFO - [2018] MISSING_CENTRAL: ZG1E2Mu/Central/jets/3/eta in Skim_TriLep_TTG.root
2025-12-18 14:19:13,000 - INFO - [2018] MISSING_CENTRAL: ZG1E2Mu/Central/jets/3/eta in Skim_TriLep_WWG.root
2025-12-18 14:19:19,137 - INFO - [2018] MISSING_CENTRAL: ZG1E2Mu/Central/jets/3/eta in Skim_TriLep_MuonEG_B.root
2025-12-18 14:19:19,193 - INFO - [2018] MISSING_CENTRAL: ZG1E2Mu/Central/jets/3/eta in Skim_TriLep_MuonEG_B.root
2025-12-18 14:19:19,198 - INFO - [2018] MISSING_CENTRAL: ZG1E2Mu/Central/jets/3/eta in Skim_TriLep_DYJets10to50.root
2025-12-18 14:19:19,199 - INFO - [2018] MISSING_CENTRAL: ZG1E2Mu/Central/jets/3/eta in Skim_TriLep_TTG.root
2025-12-18 14:19:19,200 - INFO - [2018] MISSING_CENTRAL: ZG1E2Mu/Central/jets/3/eta in Skim_TriLep_WWG.root
2025-12-18 14:34:41,629 - INFO - [2018] MISSING_CENTRAL: ZG1E2Mu/Central/jets/3/eta in Skim_TriLep_MuonEG_B.root
2025-12-18 14:34:41,686 - INFO - [2018] MISSING_CENTRAL: ZG1E2Mu/Central/jets/3/eta in Skim_TriLep_MuonEG_B.root
2025-12-18 14:34:41,710 - INFO - [2018] MISSING_CENTRAL: ZG1E2Mu/Central/jets/3/eta in Skim_TriLep_DYJets10to50.root
2025-12-18 14:34:41,711 - INFO - [2018] MISSING_CENTRAL: ZG1E2Mu/Central/jets/3/eta in Skim_TriLep_TTG.root
2025-12-18 14:34:41,712 - INFO - [2018] MISSING_CENTRAL: ZG1E2Mu/Central/jets/3/eta in Skim_TriLep_WWG.root
2025-12-18 14:34:45,746 - INFO - [2018] MISSING_CENTRAL: ZG1E2Mu/Central/jets/3/eta in Skim_TriLep_MuonEG_B.root
2025-12-18 14:34:45,798 - INFO - [2018] MISSING_CENTRAL: ZG1E2Mu/Central/jets/3/eta in Skim_TriLep_MuonEG_B.root
2025-12-18 14:34:45,802 - INFO - [2018] MISSING_CENTRAL: ZG1E2Mu/Central/jets/3/eta in Skim_TriLep_DYJets10to50.root
2025-12-18 14:34:45,804 - INFO - [2018] MISSING_CENTRAL: ZG1E2Mu/Central/jets/3/eta in Skim_TriLep_TTG.root
2025-12-18 14:34:45,805 - INFO - [2018] MISSING_CENTRAL: ZG1E2Mu/Central/jets/3/eta in Skim_TriLep_WWG.root
2026-01-07 11:44:48,391 - INFO - [2018] MISSING_FILE: /data9/Users/choij/Sync/workspace/ChargedHiggsAnalysisV3/SKNanoOutput/CRPromptSelector/Run1E2Mu/2018/Skim_TriLep_MuonEG_A.root
2026-01-07 11:44:48,392 - INFO - [2018] MISSING_FILE: /data9/Users/choij/Sync/workspace/ChargedHiggsAnalysisV3/SKNanoOutput/CRPromptSelector/Run1E2Mu/2018/Skim_TriLep_MuonEG_B.root
2026-01-07 11:44:48,392 - INFO - [2018] MISSING_FILE: /data9/Users/choij/Sync/workspace/ChargedHiggsAnalysisV3/SKNanoOutput/CRPromptSelector/Run1E2Mu/2018/Skim_TriLep_MuonEG_C.root
2026-01-07 11:44:48,410 - INFO - [2018] MISSING_FILE: /data9/Users/choij/Sync/workspace/ChargedHiggsAnalysisV3/SKNanoOutput/CRPromptSelector/Run1E2Mu/2018/Skim_TriLep_MuonEG_D.root
2026-01-07 11:44:52,970 - INFO - [2018] MISSING_FILE: /data9/Users/choij/Sync/workspace/ChargedHiggsAnalysisV3/SKNanoOutput/CRPromptSelector/Run1E2Mu/2018/Skim_TriLep_MuonEG_A.root
2026-01-07 11:44:52,970 - INFO - [2018] MISSING_FILE: /data9/Users/choij/Sync/workspace/ChargedHiggsAnalysisV3/SKNanoOutput/CRPromptSelector/Run1E2Mu/2018/Skim_TriLep_MuonEG_B.root
2026-01-07 11:44:52,970 - INFO - [2018] MISSING_FILE: /data9/Users/choij/Sync/workspace/ChargedHiggsAnalysisV3/SKNanoOutput/CRPromptSelector/Run1E2Mu/2018/Skim_TriLep_MuonEG_C.root
2026-01-07 11:44:52,971 - INFO - [2018] MISSING_FILE: /data9/Users/choij/Sync/workspace/ChargedHiggsAnalysisV3/SKNanoOutput/CRPromptSelector/Run1E2Mu/2018/Skim_TriLep_MuonEG_D.root
2026-01-07 18:41:35,577 - INFO - [2018] MISSING_CENTRAL: ZG1E2Mu/Central/jets/3/eta in Skim_TriLep_MuonEG_B.root
2026-01-07 18:41:35,631 - INFO - [2018] MISSING_CENTRAL: ZG1E2Mu/Central/jets/3/eta in Skim_TriLep_MuonEG_B.root
2026-01-07 18:41:35,655 - INFO - [2018] MISSING_CENTRAL: ZG1E2Mu/Central/jets/3/eta in Skim_TriLep_DYJets10to50.root
2026-01-07 18:41:35,656 - INFO - [2018] MISSING_CENTRAL: ZG1E2Mu/Central/jets/3/eta in Skim_TriLep_TTG.root
2026-01-07 18:41:35,657 - INFO - [2018] MISSING_CENTRAL: ZG1E2Mu/Central/jets/3/eta in Skim_TriLep_WWG.root
2026-01-07 18:41:39,197 - INFO - [2018] MISSING_CENTRAL: ZG1E2Mu/Central/jets/3/eta in Skim_TriLep_MuonEG_B.root
2026-01-07 18:41:39,253 - INFO - [2018] MISSING_CENTRAL: ZG1E2Mu/Central/jets/3/eta in Skim_TriLep_MuonEG_B.root
2026-01-07 18:41:39,257 - INFO - [2018] MISSING_CENTRAL: ZG1E2Mu/Central/jets/3/eta in Skim_TriLep_DYJets10to50.root
2026-01-07 18:41:39,258 - INFO - [2018] MISSING_CENTRAL: ZG1E2Mu/Central/jets/3/eta in Skim_TriLep_TTG.root
2026-01-07 18:41:39,259 - INFO - [2018] MISSING_CENTRAL: ZG1E2Mu/Central/jets/3/eta in Skim_TriLep_WWG.root
2026-01-09 12:15:20,532 - INFO - [2018] MISSING_CENTRAL: ZG1E2Mu/Central/jets/3/eta in Skim_TriLep_MuonEG_B.root
2026-01-09 12:15:20,571 - INFO - [2018] MISSING_CENTRAL: ZG1E2Mu/Central/jets/3/eta in Skim_TriLep_MuonEG_B.root
2026-01-09 12:15:20,586 - INFO - [2018] MISSING_CENTRAL: ZG1E2Mu/Central/jets/3/eta in Skim_TriLep_DYJets10to50.root
2026-01-09 12:15:20,586 - INFO - [2018] MISSING_CENTRAL: ZG1E2Mu/Central/jets/3/eta in Skim_TriLep_TTG.root
2026-01-09 12:15:20,587 - INFO - [2018] MISSING_CENTRAL: ZG1E2Mu/Central/jets/3/eta in Skim_TriLep_WWG.root
2026-01-09 12:15:25,592 - INFO - [2018] MISSING_CENTRAL: ZG1E2Mu/Central/jets/3/eta in Skim_TriLep_MuonEG_B.root
2026-01-09 12:15:25,633 - INFO - [2018] MISSING_CENTRAL: ZG1E2Mu/Central/jets/3/eta in Skim_TriLep_MuonEG_B.root
2026-01-09 12:15:25,636 - INFO - [2018] MISSING_CENTRAL: ZG1E2Mu/Central/jets/3/eta in Skim_TriLep_DYJets10to50.root
2026-01-09 12:15:25,636 - INFO - [2018] MISSING_CENTRAL: ZG1E2Mu/Central/jets/3/eta in Skim_TriLep_TTG.root
2026-01-09 12:15:25,637 - INFO - [2018] MISSING_CENTRAL: ZG1E2Mu/Central/jets/3/eta in Skim_TriLep_WWG.root
2026-01-11 09:35:24,076 - INFO - [2018] MISSING_CENTRAL: ZG1E2Mu/Central/jets/3/eta in Skim_TriLep_MuonEG_B.root
2026-01-11 09:35:24,120 - INFO - [2018] MISSING_CENTRAL: ZG1E2Mu/Central/jets/3/eta in Skim_TriLep_MuonEG_B.root
2026-01-11 09:35:24,135 - INFO - [2018] MISSING_CENTRAL: ZG1E2Mu/Central/jets/3/eta in Skim_TriLep_DYJets10to50.root
2026-01-11 09:35:24,135 - INFO - [2018] MISSING_CENTRAL: ZG1E2Mu/Central/jets/3/eta in Skim_TriLep_TTG.root
2026-01-11 09:35:24,136 - INFO - [2018] MISSING_CENTRAL: ZG1E2Mu/Central/jets/3/eta in Skim_TriLep_WWG.root
2026-01-11 09:35:29,368 - INFO - [2018] MISSING_CENTRAL: ZG1E2Mu/Central/jets/3/eta in Skim_TriLep_MuonEG_B.root
2026-01-11 09:35:29,410 - INFO - [2018] MISSING_CENTRAL: ZG1E2Mu/Central/jets/3/eta in Skim_TriLep_MuonEG_B.root
2026-01-11 09:35:29,412 - INFO - [2018] MISSING_CENTRAL: ZG1E2Mu/Central/jets/3/eta in Skim_TriLep_DYJets10to50.root
2026-01-11 09:35:29,413 - INFO - [2018] MISSING_CENTRAL: ZG1E2Mu/Central/jets/3/eta in Skim_TriLep_TTG.root
2026-01-11 09:35:29,413 - INFO - [2018] MISSING_CENTRAL: ZG1E2Mu/Central/jets/3/eta in Skim_TriLep_WWG.root
2026-01-12 13:44:01,024 - INFO - [2018] MISSING_CENTRAL: ZG1E2Mu/Central/jets/3/eta in Skim_TriLep_MuonEG_B.root
2026-01-12 13:44:01,066 - INFO - [2018] MISSING_CENTRAL: ZG1E2Mu/Central/jets/3/eta in Skim_TriLep_MuonEG_B.root
2026-01-12 13:44:01,081 - INFO - [2018] MISSING_CENTRAL: ZG1E2Mu/Central/jets/3/eta in Skim_TriLep_DYJets10to50.root
2026-01-12 13:44:01,082 - INFO - [2018] MISSING_CENTRAL: ZG1E2Mu/Central/jets/3/eta in Skim_TriLep_TTG.root
2026-01-12 13:44:01,083 - INFO - [2018] MISSING_CENTRAL: ZG1E2Mu/Central/jets/3/eta in Skim_TriLep_WWG.root
2026-01-12 13:44:06,160 - INFO - [2018] MISSING_CENTRAL: ZG1E2Mu/Central/jets/3/eta in Skim_TriLep_MuonEG_B.root
2026-01-12 13:44:06,200 - INFO - [2018] MISSING_CENTRAL: ZG1E2Mu/Central/jets/3/eta in Skim_TriLep_MuonEG_B.root
2026-01-12 13:44:06,202 - INFO - [2018] MISSING_CENTRAL: ZG1E2Mu/Central/jets/3/eta in Skim_TriLep_DYJets10to50.root
2026-01-12 13:44:06,203 - INFO - [2018] MISSING_CENTRAL: ZG1E2Mu/Central/jets/3/eta in Skim_TriLep_TTG.root
2026-01-12 13:44:06,203 - INFO - [2018] MISSING_CENTRAL: ZG1E2Mu/Central/jets/3/eta in Skim_TriLep_WWG.root
2026-01-16 18:59:14,769 - INFO - [2018] MISSING_CENTRAL: ZG1E2Mu/Central/jets/3/eta in Skim_TriLep_MuonEG_B.root
2026-01-16 18:59:14,812 - INFO - [2018] MISSING_CENTRAL: ZG1E2Mu/Central/jets/3/eta in Skim_TriLep_MuonEG_B.root
2026-01-16 18:59:14,823 - INFO - [2018] MISSING_CENTRAL: ZG1E2Mu/Central/jets/3/eta in Skim_TriLep_DYJets10to50.root
2026-01-16 18:59:14,824 - INFO - [2018] MISSING_CENTRAL: ZG1E2Mu/Central/jets/3/eta in Skim_TriLep_TTG.root
2026-01-16 18:59:14,824 - INFO - [2018] MISSING_CENTRAL: ZG1E2Mu/Central/jets/3/eta in Skim_TriLep_WWG.root
2026-01-16 18:59:20,001 - INFO - [2018] MISSING_CENTRAL: ZG1E2Mu/Central/jets/3/eta in Skim_TriLep_MuonEG_B.root
2026-01-16 18:59:20,044 - INFO - [2018] MISSING_CENTRAL: ZG1E2Mu/Central/jets/3/eta in Skim_TriLep_MuonEG_B.root
2026-01-16 18:59:20,046 - INFO - [2018] MISSING_CENTRAL: ZG1E2Mu/Central/jets/3/eta in Skim_TriLep_DYJets10to50.root
2026-01-16 18:59:20,047 - INFO - [2018] MISSING_CENTRAL: ZG1E2Mu/Central/jets/3/eta in Skim_TriLep_TTG.root
2026-01-16 18:59:20,047 - INFO - [2018] MISSING_CENTRAL: ZG1E2Mu/Central/jets/3/eta in Skim_TriLep_WWG.root
2026-01-28 14:59:41,471 - INFO - [2018] MISSING_CENTRAL: ZG1E2Mu/Central/jets/3/eta in Skim_TriLep_MuonEG_B.root
2026-01-28 14:59:41,513 - INFO - [2018] MISSING_CENTRAL: ZG1E2Mu/Central/jets/3/eta in Skim_TriLep_MuonEG_B.root
2026-01-28 14:59:41,529 - INFO - [2018] MISSING_CENTRAL: ZG1E2Mu/Central/jets/3/eta in Skim_TriLep_DYJets10to50.root
2026-01-28 14:59:41,530 - INFO - [2018] MISSING_CENTRAL: ZG1E2Mu/Central/jets/3/eta in Skim_TriLep_TTG.root
2026-01-28 14:59:41,531 - INFO - [2018] MISSING_CENTRAL: ZG1E2Mu/Central/jets/3/eta in Skim_TriLep_WWG.root
2026-01-28 14:59:41,614 - INFO - [2018] MISSING_SYSTEMATIC: ZG1E2Mu/UnclusteredEn_Up/jets/3/eta in Skim_TriLep_TTTT.root
2026-01-28 14:59:46,545 - INFO - [2018] MISSING_CENTRAL: ZG1E2Mu/Central/jets/3/eta in Skim_TriLep_MuonEG_B.root
2026-01-28 14:59:46,591 - INFO - [2018] MISSING_CENTRAL: ZG1E2Mu/Central/jets/3/eta in Skim_TriLep_MuonEG_B.root
2026-01-28 14:59:46,596 - INFO - [2018] MISSING_CENTRAL: ZG1E2Mu/Central/jets/3/eta in Skim_TriLep_DYJets10to50.root
2026-01-28 14:59:46,597 - INFO - [2018] MISSING_CENTRAL: ZG1E2Mu/Central/jets/3/eta in Skim_TriLep_TTG.root
2026-01-28 14:59:46,601 - INFO - [2018] MISSING_CENTRAL: ZG1E2Mu/Central/jets/3/eta in Skim_TriLep_WWG.root
2026-01-28 15:12:17,251 - INFO - [2018] MISSING_CENTRAL: ZG1E2Mu/Central/jets/3/eta in Skim_TriLep_MuonEG_B.root
2026-01-28 15:12:17,293 - INFO - [2018] MISSING_CENTRAL: ZG1E2Mu/Central/jets/3/eta in Skim_TriLep_MuonEG_B.root
2026-01-28 15:12:17,309 - INFO - [2018] MISSING_CENTRAL: ZG1E2Mu/Central/jets/3/eta in Skim_TriLep_DYJets10to50.root
2026-01-28 15:12:17,310 - INFO - [2018] MISSING_CENTRAL: ZG1E2Mu/Central/jets/3/eta in Skim_TriLep_TTG.root
2026-01-28 15:12:17,311 - INFO - [2018] MISSING_CENTRAL: ZG1E2Mu/Central/jets/3/eta in Skim_TriLep_WWG.root
2026-01-28 15:12:17,399 - INFO - [2018] MISSING_SYSTEMATIC: ZG1E2Mu/UnclusteredEn_Up/jets/3/eta in Skim_TriLep_TTTT.root
2026-01-28 15:12:22,420 - INFO - [2018] MISSING_CENTRAL: ZG1E2Mu/Central/jets/3/eta in Skim_TriLep_MuonEG_B.root
2026-01-28 15:12:22,463 - INFO - [2018] MISSING_CENTRAL: ZG1E2Mu/Central/jets/3/eta in Skim_TriLep_MuonEG_B.root
2026-01-28 15:12:22,465 - INFO - [2018] MISSING_CENTRAL: ZG1E2Mu/Central/jets/3/eta in Skim_TriLep_DYJets10to50.root
2026-01-28 15:12:22,466 - INFO - [2018] MISSING_CENTRAL: ZG1E2Mu/Central/jets/3/eta in Skim_TriLep_TTG.root
2026-01-28 15:12:22,467 - INFO - [2018] MISSING_CENTRAL: ZG1E2Mu/Central/jets/3/eta in Skim_TriLep_WWG.root
2026-01-28 17:19:18,337 - INFO - [2018] MISSING_CENTRAL: ZG1E2Mu/Central/jets/3/eta in Skim_TriLep_MuonEG_B.root
2026-01-28 17:19:18,381 - INFO - [2018] MISSING_CENTRAL: ZG1E2Mu/Central/jets/3/eta in Skim_TriLep_MuonEG_B.root
2026-01-28 17:19:18,398 - INFO - [2018] MISSING_CENTRAL: ZG1E2Mu/Central/jets/3/eta in Skim_TriLep_DYJets10to50.root
2026-01-28 17:19:18,399 - INFO - [2018] MISSING_CENTRAL: ZG1E2Mu/Central/jets/3/eta in Skim_TriLep_TTG.root
2026-01-28 17:19:18,400 - INFO - [2018] MISSING_CENTRAL: ZG1E2Mu/Central/jets/3/eta in Skim_TriLep_WWG.root
2026-01-28 17:19:18,494 - INFO - [2018] MISSING_SYSTEMATIC: ZG1E2Mu/UnclusteredEn_Up/jets/3/eta in Skim_TriLep_TTTT.root
2026-01-28 17:19:23,473 - INFO - [2018] MISSING_CENTRAL: ZG1E2Mu/Central/jets/3/eta in Skim_TriLep_MuonEG_B.root
2026-01-28 17:19:23,514 - INFO - [2018] MISSING_CENTRAL: ZG1E2Mu/Central/jets/3/eta in Skim_TriLep_MuonEG_B.root
2026-01-28 17:19:23,517 - INFO - [2018] MISSING_CENTRAL: ZG1E2Mu/Central/jets/3/eta in Skim_TriLep_DYJets10to50.root
2026-01-28 17:19:23,518 - INFO - [2018] MISSING_CENTRAL: ZG1E2Mu/Central/jets/3/eta in Skim_TriLep_TTG.root
2026-01-28 17:19:23,519 - INFO - [2018] MISSING_CENTRAL: ZG1E2Mu/Central/jets/3/eta in Skim_TriLep_WWG.root
2026-01-28 19:52:54,688 - INFO - [2018] MISSING_CENTRAL: ZG1E2Mu/Central/jets/3/eta in Skim_TriLep_MuonEG_B.root
2026-01-28 19:52:54,731 - INFO - [2018] MISSING_CENTRAL: ZG1E2Mu/Central/jets/3/eta in Skim_TriLep_MuonEG_B.root
2026-01-28 19:52:54,748 - INFO - [2018] MISSING_CENTRAL: ZG1E2Mu/Central/jets/3/eta in Skim_TriLep_DYJets10to50.root
2026-01-28 19:52:54,748 - INFO - [2018] MISSING_CENTRAL: ZG1E2Mu/Central/jets/3/eta in Skim_TriLep_TTG.root
2026-01-28 19:52:54,749 - INFO - [2018] MISSING_CENTRAL: ZG1E2Mu/Central/jets/3/eta in Skim_TriLep_WWG.root
2026-01-28 19:52:54,849 - INFO - [2018] MISSING_SYSTEMATIC: ZG1E2Mu/UnclusteredEn_Up/jets/3/eta in Skim_TriLep_TTTT.root
2026-01-28 19:53:00,228 - INFO - [2018] MISSING_CENTRAL: ZG1E2Mu/Central/jets/3/eta in Skim_TriLep_MuonEG_B.root
2026-01-28 19:53:00,271 - INFO - [2018] MISSING_CENTRAL: ZG1E2Mu/Central/jets/3/eta in Skim_TriLep_MuonEG_B.root
2026-01-28 19:53:00,274 - INFO - [2018] MISSING_CENTRAL: ZG1E2Mu/Central/jets/3/eta in Skim_TriLep_DYJets10to50.root
2026-01-28 19:53:00,275 - INFO - [2018] MISSING_CENTRAL: ZG1E2Mu/Central/jets/3/eta in Skim_TriLep_TTG.root
2026-01-28 19:53:00,275 - INFO - [2018] MISSING_CENTRAL: ZG1E2Mu/Central/jets/3/eta in Skim_TriLep_WWG.root
2026-01-29 07:10:17,447 - INFO - [2018] MISSING_CENTRAL: ZG1E2Mu/Central/jets/3/eta in Skim_TriLep_MuonEG_B.root
2026-01-29 07:10:17,488 - INFO - [2018] MISSING_CENTRAL: ZG1E2Mu/Central/jets/3/eta in Skim_TriLep_MuonEG_B.root
2026-01-29 07:10:17,503 - INFO - [2018] MISSING_CENTRAL: ZG1E2Mu/Central/jets/3/eta in Skim_TriLep_DYJets10to50.root
2026-01-29 07:10:17,503 - INFO - [2018] MISSING_CENTRAL: ZG1E2Mu/Central/jets/3/eta in Skim_TriLep_TTG.root
2026-01-29 07:10:17,504 - INFO - [2018] MISSING_CENTRAL: ZG1E2Mu/Central/jets/3/eta in Skim_TriLep_WWG.root
2026-01-29 07:10:17,649 - INFO - [2018] MISSING_SYSTEMATIC: ZG1E2Mu/UnclusteredEn_Up/jets/3/eta in Skim_TriLep_TTTT.root
2026-01-29 07:10:22,298 - INFO - [2018] MISSING_CENTRAL: ZG1E2Mu/Central/jets/3/eta in Skim_TriLep_MuonEG_B.root
2026-01-29 07:10:22,338 - INFO - [2018] MISSING_CENTRAL: ZG1E2Mu/Central/jets/3/eta in Skim_TriLep_MuonEG_B.root
2026-01-29 07:10:22,340 - INFO - [2018] MISSING_CENTRAL: ZG1E2Mu/Central/jets/3/eta in Skim_TriLep_DYJets10to50.root
2026-01-29 07:10:22,340 - INFO - [2018] MISSING_CENTRAL: ZG1E2Mu/Central/jets/3/eta in Skim_TriLep_TTG.root
2026-01-29 07:10:22,341 - INFO - [2018] MISSING_CENTRAL: ZG1E2Mu/Central/jets/3/eta in Skim_TriLep_WWG.root
2026-03-02 12:00:18,167 - INFO - [2018] MISSING_CENTRAL: ZG1E2Mu/Central/jets/3/eta in Skim_TriLep_MuonEG_B.root
2026-03-02 12:00:18,227 - INFO - [2018] MISSING_CENTRAL: ZG1E2Mu/Central/jets/3/eta in Skim_TriLep_MuonEG_B.root
2026-03-02 12:00:18,243 - INFO - [2018] MISSING_CENTRAL: ZG1E2Mu/Central/jets/3/eta in Skim_TriLep_DYJets10to50.root
2026-03-02 12:00:18,243 - INFO - [2018] MISSING_CENTRAL: ZG1E2Mu/Central/jets/3/eta in Skim_TriLep_TTG.root
2026-03-02 12:00:18,244 - INFO - [2018] MISSING_CENTRAL: ZG1E2Mu/Central/jets/3/eta in Skim_TriLep_WWG.root
2026-03-02 12:00:18,319 - INFO - [2018] MISSING_SYSTEMATIC: ZG1E2Mu/UnclusteredEn_Up/jets/3/eta in Skim_TriLep_TTTT.root
2026-03-02 12:00:23,197 - INFO - [2018] MISSING_CENTRAL: ZG1E2Mu/Central/jets/3/eta in Skim_TriLep_MuonEG_B.root
2026-03-02 12:00:23,239 - INFO - [2018] MISSING_CENTRAL: ZG1E2Mu/Central/jets/3/eta in Skim_TriLep_MuonEG_B.root
2026-03-02 12:00:23,242 - INFO - [2018] MISSING_CENTRAL: ZG1E2Mu/Central/jets/3/eta in Skim_TriLep_DYJets10to50.root
2026-03-02 12:00:23,242 - INFO - [2018] MISSING_CENTRAL: ZG1E2Mu/Central/jets/3/eta in Skim_TriLep_TTG.root
2026-03-02 12:00:23,243 - INFO - [2018] MISSING_CENTRAL: ZG1E2Mu/Central/jets/3/eta in Skim_TriLep_WWG.root
2026-03-12 21:27:32,370 - INFO - [2018] MISSING_CENTRAL: ZG1E2Mu/Central/jets/3/eta in Skim_TriLep_MuonEG_B.root
2026-03-12 21:27:32,411 - INFO - [2018] MISSING_CENTRAL: ZG1E2Mu/Central/jets/3/eta in Skim_TriLep_MuonEG_B.root
2026-03-12 21:27:32,426 - INFO - [2018] MISSING_CENTRAL: ZG1E2Mu/Central/jets/3/eta in Skim_TriLep_DYJets10to50.root
2026-03-12 21:27:32,427 - INFO - [2018] MISSING_CENTRAL: ZG1E2Mu/Central/jets/3/eta in Skim_TriLep_TTG.root
2026-03-12 21:27:32,427 - INFO - [2018] MISSING_CENTRAL: ZG1E2Mu/Central/jets/3/eta in Skim_TriLep_WWG.root
2026-03-12 21:27:32,504 - INFO - [2018] MISSING_SYSTEMATIC: ZG1E2Mu/UnclusteredEn_Up/jets/3/eta in Skim_TriLep_TTTT.root
2026-03-12 21:27:37,198 - INFO - [2018] MISSING_CENTRAL: ZG1E2Mu/Central/jets/3/eta in Skim_TriLep_MuonEG_B.root
2026-03-12 21:27:37,239 - INFO - [2018] MISSING_CENTRAL: ZG1E2Mu/Central/jets/3/eta in Skim_TriLep_MuonEG_B.root
2026-03-12 21:27:37,241 - INFO - [2018] MISSING_CENTRAL: ZG1E2Mu/Central/jets/3/eta in Skim_TriLep_DYJets10to50.root
2026-03-12 21:27:37,242 - INFO - [2018] MISSING_CENTRAL: ZG1E2Mu/Central/jets/3/eta in Skim_TriLep_TTG.root
2026-03-12 21:27:37,242 - INFO - [2018] MISSING_CENTRAL: ZG1E2Mu/Central/jets/3/eta in Skim_TriLep_WWG.root
2026-03-12 21:32:00,566 - INFO - [2018] MISSING_CENTRAL: ZG1E2Mu/Central/jets/3/eta in Skim_TriLep_MuonEG_B.root
2026-03-12 21:32:00,607 - INFO - [2018] MISSING_CENTRAL: ZG1E2Mu/Central/jets/3/eta in Skim_TriLep_MuonEG_B.root
2026-03-12 21:32:00,623 - INFO - [2018] MISSING_CENTRAL: ZG1E2Mu/Central/jets/3/eta in Skim_TriLep_DYJets10to50.root
2026-03-12 21:32:00,623 - INFO - [2018] MISSING_CENTRAL: ZG1E2Mu/Central/jets/3/eta in Skim_TriLep_TTG.root
2026-03-12 21:32:00,624 - INFO - [2018] MISSING_CENTRAL: ZG1E2Mu/Central/jets/3/eta in Skim_TriLep_WWG.root
2026-03-12 21:32:00,697 - INFO - [2018] MISSING_SYSTEMATIC: ZG1E2Mu/UnclusteredEn_Up/jets/3/eta in Skim_TriLep_TTTT.root
2026-03-12 21:32:05,437 - INFO - [2018] MISSING_CENTRAL: ZG1E2Mu/Central/jets/3/eta in Skim_TriLep_MuonEG_B.root
2026-03-12 21:32:05,477 - INFO - [2018] MISSING_CENTRAL: ZG1E2Mu/Central/jets/3/eta in Skim_TriLep_MuonEG_B.root
2026-03-12 21:32:05,480 - INFO - [2018] MISSING_CENTRAL: ZG1E2Mu/Central/jets/3/eta in Skim_TriLep_DYJets10to50.root
2026-03-12 21:32:05,480 - INFO - [2018] MISSING_CENTRAL: ZG1E2Mu/Central/jets/3/eta in Skim_TriLep_TTG.root
2026-03-12 21:32:05,481 - INFO - [2018] MISSING_CENTRAL: ZG1E2Mu/Central/jets/3/eta in Skim_TriLep_WWG.root
