2025-09-24 15:48:35,250 - INFO - [2018] MISSING_CENTRAL: ZG1E2Mu/Central/jets/2/eta in Skim_TriLep_DYJets10to50.root
2025-09-24 15:48:35,262 - INFO - [2018] MISSING_CENTRAL: ZG1E2Mu/Central/jets/2/eta in Skim_TriLep_TTG.root
2025-09-24 15:48:35,264 - INFO - [2018] MISSING_SYSTEMATIC: ZG1E2Mu/JetEn_Down/jets/2/eta in Skim_TriLep_WWG.root
2025-09-24 15:48:35,288 - INFO - [2018] MISSING_FILE: /Users/choij/Sync/workspace/ChargedHiggsAnalysisV3/SKNanoOutput/CRPromptSelector/Run1E2Mu_RunSyst/2018/Skim_TriLep_WZTo3LNu_amcatnlo.root
2025-09-24 15:48:35,325 - INFO - [2018] MISSING_SYSTEMATIC: ZG1E2Mu/UnclusteredEn_Up/jets/2/eta in Skim_TriLep_TTTT.root
2025-09-24 15:48:44,922 - INFO - [2018] MISSING_CENTRAL: ZG1E2Mu/Central/jets/2/eta in Skim_TriLep_DYJets10to50.root
2025-09-24 15:48:44,923 - INFO - [2018] MISSING_CENTRAL: ZG1E2Mu/Central/jets/2/eta in Skim_TriLep_TTG.root
2025-09-24 15:48:44,924 - INFO - [2018] MISSING_FILE: /Users/choij/Sync/workspace/ChargedHiggsAnalysisV3/SKNanoOutput/CRPromptSelector/Run1E2Mu_RunSyst/2018/Skim_TriLep_WZTo3LNu_amcatnlo.root
2025-10-02 21:13:24,789 - INFO - [2018] MISSING_CENTRAL: ZG1E2Mu/Central/jets/2/eta in Skim_TriLep_DYJets10to50.root
2025-10-02 21:13:25,025 - INFO - [2018] MISSING_CENTRAL: ZG1E2Mu/Central/jets/2/eta in Skim_TriLep_TTG.root
2025-10-02 21:13:25,106 - INFO - [2018] MISSING_SYSTEMATIC: ZG1E2Mu/JetEn_Down/jets/2/eta in Skim_TriLep_WWG.root
2025-10-02 21:13:25,512 - INFO - [2018] MISSING_FILE: /data9/Users/choij/Sync/workspace/ChargedHiggsAnalysisV3/SKNanoOutput/CRPromptSelector/Run1E2Mu_RunSyst/2018/Skim_TriLep_WZTo3LNu_amcatnlo.root
2025-10-02 21:13:26,229 - INFO - [2018] MISSING_SYSTEMATIC: ZG1E2Mu/UnclusteredEn_Up/jets/2/eta in Skim_TriLep_TTTT.root
2025-10-02 21:13:31,876 - INFO - [2018] MISSING_CENTRAL: ZG1E2Mu/Central/jets/2/eta in Skim_TriLep_DYJets10to50.root
2025-10-02 21:13:31,879 - INFO - [2018] MISSING_CENTRAL: ZG1E2Mu/Central/jets/2/eta in Skim_TriLep_TTG.root
2025-10-02 21:13:31,884 - INFO - [2018] MISSING_FILE: /data9/Users/choij/Sync/workspace/ChargedHiggsAnalysisV3/SKNanoOutput/CRPromptSelector/Run1E2Mu_RunSyst/2018/Skim_TriLep_WZTo3LNu_amcatnlo.root
2025-10-03 00:01:20,344 - INFO - [2018] MISSING_CENTRAL: ZG1E2Mu/Central/jets/2/eta in Skim_TriLep_DYJets10to50.root
2025-10-03 00:01:20,348 - INFO - [2018] MISSING_CENTRAL: ZG1E2Mu/Central/jets/2/eta in Skim_TriLep_TTG.root
2025-10-03 00:01:20,349 - INFO - [2018] MISSING_SYSTEMATIC: ZG1E2Mu/JetEn_Down/jets/2/eta in Skim_TriLep_WWG.root
2025-10-03 00:01:20,385 - INFO - [2018] MISSING_FILE: /Users/choij/Sync/workspace/ChargedHiggsAnalysisV3/SKNanoOutput/CRPromptSelector/Run1E2Mu_RunSyst/2018/Skim_TriLep_WZTo3LNu_amcatnlo.root
2025-10-03 00:01:20,425 - INFO - [2018] MISSING_SYSTEMATIC: ZG1E2Mu/UnclusteredEn_Up/jets/2/eta in Skim_TriLep_TTTT.root
2025-10-03 00:01:29,280 - INFO - [2018] MISSING_CENTRAL: ZG1E2Mu/Central/jets/2/eta in Skim_TriLep_DYJets10to50.root
2025-10-03 00:01:29,281 - INFO - [2018] MISSING_CENTRAL: ZG1E2Mu/Central/jets/2/eta in Skim_TriLep_TTG.root
2025-10-03 00:01:29,282 - INFO - [2018] MISSING_FILE: /Users/choij/Sync/workspace/ChargedHiggsAnalysisV3/SKNanoOutput/CRPromptSelector/Run1E2Mu_RunSyst/2018/Skim_TriLep_WZTo3LNu_amcatnlo.root
2025-11-07 14:03:48,494 - INFO - [2018] MISSING_CENTRAL: ZG1E2Mu/Central/jets/2/eta in Skim_TriLep_DYJets10to50.root
2025-11-07 14:03:48,513 - INFO - [2018] MISSING_CENTRAL: ZG1E2Mu/Central/jets/2/eta in Skim_TriLep_TTG.root
2025-11-07 14:03:48,517 - INFO - [2018] MISSING_SYSTEMATIC: ZG1E2Mu/JetEn_Down/jets/2/eta in Skim_TriLep_WWG.root
2025-11-07 14:03:48,560 - INFO - [2018] MISSING_FILE: /home/choij/Sync/workspace/ChargedHiggsAnalysisV3/SKNanoOutput/CRPromptSelector/Run1E2Mu_RunSyst/2018/Skim_TriLep_WZTo3LNu_amcatnlo.root
2025-11-07 14:03:48,643 - INFO - [2018] MISSING_SYSTEMATIC: ZG1E2Mu/UnclusteredEn_Up/jets/2/eta in Skim_TriLep_TTTT.root
2025-11-07 14:03:53,781 - INFO - [2018] MISSING_CENTRAL: ZG1E2Mu/Central/jets/2/eta in Skim_TriLep_DYJets10to50.root
2025-11-07 14:03:53,782 - INFO - [2018] MISSING_CENTRAL: ZG1E2Mu/Central/jets/2/eta in Skim_TriLep_TTG.root
2025-11-07 14:03:53,784 - INFO - [2018] MISSING_FILE: /home/choij/Sync/workspace/ChargedHiggsAnalysisV3/SKNanoOutput/CRPromptSelector/Run1E2Mu_RunSyst/2018/Skim_TriLep_WZTo3LNu_amcatnlo.root
