2025-09-24 15:48:35,295 - INFO - [2018] MISSING_CENTRAL: ZG1E2Mu/Central/jets/3/pt in Skim_TriLep_MuonEG_B.root
2025-09-24 15:48:35,337 - INFO - [2018] MISSING_CENTRAL: ZG1E2Mu/Central/jets/3/pt in Skim_TriLep_MuonEG_B.root
2025-09-24 15:48:35,352 - INFO - [2018] MISSING_CENTRAL: ZG1E2Mu/Central/jets/3/pt in Skim_TriLep_DYJets10to50.root
2025-09-24 15:48:35,362 - INFO - [2018] MISSING_CENTRAL: ZG1E2Mu/Central/jets/3/pt in Skim_TriLep_TTG.root
2025-09-24 15:48:35,363 - INFO - [2018] MISSING_CENTRAL: ZG1E2Mu/Central/jets/3/pt in Skim_TriLep_WWG.root
2025-09-24 15:48:35,418 - INFO - [2018] MISSING_FILE: /Users/choij/Sync/workspace/ChargedHiggsAnalysisV3/SKNanoOutput/CRPromptSelector/Run1E2Mu_RunSyst/2018/Skim_TriLep_WZTo3LNu_amcatnlo.root
2025-09-24 15:48:35,520 - INFO - [2018] MISSING_SYSTEMATIC: ZG1E2Mu/UnclusteredEn_Up/jets/3/pt in Skim_TriLep_TTTT.root
2025-09-24 15:48:45,094 - INFO - [2018] MISSING_CENTRAL: ZG1E2Mu/Central/jets/3/pt in Skim_TriLep_MuonEG_B.root
2025-09-24 15:48:45,138 - INFO - [2018] MISSING_CENTRAL: ZG1E2Mu/Central/jets/3/pt in Skim_TriLep_MuonEG_B.root
2025-09-24 15:48:45,139 - INFO - [2018] MISSING_CENTRAL: ZG1E2Mu/Central/jets/3/pt in Skim_TriLep_DYJets10to50.root
2025-09-24 15:48:45,140 - INFO - [2018] MISSING_CENTRAL: ZG1E2Mu/Central/jets/3/pt in Skim_TriLep_TTG.root
2025-09-24 15:48:45,140 - INFO - [2018] MISSING_CENTRAL: ZG1E2Mu/Central/jets/3/pt in Skim_TriLep_WWG.root
2025-09-24 15:48:45,141 - INFO - [2018] MISSING_FILE: /Users/choij/Sync/workspace/ChargedHiggsAnalysisV3/SKNanoOutput/CRPromptSelector/Run1E2Mu_RunSyst/2018/Skim_TriLep_WZTo3LNu_amcatnlo.root
2025-10-02 21:13:24,376 - INFO - [2018] MISSING_CENTRAL: ZG1E2Mu/Central/jets/3/pt in Skim_TriLep_MuonEG_B.root
2025-10-02 21:13:24,535 - INFO - [2018] MISSING_CENTRAL: ZG1E2Mu/Central/jets/3/pt in Skim_TriLep_MuonEG_B.root
2025-10-02 21:13:24,790 - INFO - [2018] MISSING_CENTRAL: ZG1E2Mu/Central/jets/3/pt in Skim_TriLep_DYJets10to50.root
2025-10-02 21:13:25,025 - INFO - [2018] MISSING_CENTRAL: ZG1E2Mu/Central/jets/3/pt in Skim_TriLep_TTG.root
2025-10-02 21:13:25,077 - INFO - [2018] MISSING_CENTRAL: ZG1E2Mu/Central/jets/3/pt in Skim_TriLep_WWG.root
2025-10-02 21:13:25,520 - INFO - [2018] MISSING_FILE: /data9/Users/choij/Sync/workspace/ChargedHiggsAnalysisV3/SKNanoOutput/CRPromptSelector/Run1E2Mu_RunSyst/2018/Skim_TriLep_WZTo3LNu_amcatnlo.root
2025-10-02 21:13:26,228 - INFO - [2018] MISSING_SYSTEMATIC: ZG1E2Mu/UnclusteredEn_Up/jets/3/pt in Skim_TriLep_TTTT.root
2025-10-02 21:13:31,677 - INFO - [2018] MISSING_CENTRAL: ZG1E2Mu/Central/jets/3/pt in Skim_TriLep_MuonEG_B.root
2025-10-02 21:13:31,733 - INFO - [2018] MISSING_CENTRAL: ZG1E2Mu/Central/jets/3/pt in Skim_TriLep_MuonEG_B.root
2025-10-02 21:13:31,740 - INFO - [2018] MISSING_CENTRAL: ZG1E2Mu/Central/jets/3/pt in Skim_TriLep_DYJets10to50.root
2025-10-02 21:13:31,745 - INFO - [2018] MISSING_CENTRAL: ZG1E2Mu/Central/jets/3/pt in Skim_TriLep_TTG.root
2025-10-02 21:13:31,747 - INFO - [2018] MISSING_CENTRAL: ZG1E2Mu/Central/jets/3/pt in Skim_TriLep_WWG.root
2025-10-02 21:13:31,751 - INFO - [2018] MISSING_FILE: /data9/Users/choij/Sync/workspace/ChargedHiggsAnalysisV3/SKNanoOutput/CRPromptSelector/Run1E2Mu_RunSyst/2018/Skim_TriLep_WZTo3LNu_amcatnlo.root
2025-10-03 00:01:20,468 - INFO - [2018] MISSING_CENTRAL: ZG1E2Mu/Central/jets/3/pt in Skim_TriLep_MuonEG_B.root
2025-10-03 00:01:20,503 - INFO - [2018] MISSING_CENTRAL: ZG1E2Mu/Central/jets/3/pt in Skim_TriLep_MuonEG_B.root
2025-10-03 00:01:20,535 - INFO - [2018] MISSING_CENTRAL: ZG1E2Mu/Central/jets/3/pt in Skim_TriLep_DYJets10to50.root
2025-10-03 00:01:20,555 - INFO - [2018] MISSING_CENTRAL: ZG1E2Mu/Central/jets/3/pt in Skim_TriLep_TTG.root
2025-10-03 00:01:20,555 - INFO - [2018] MISSING_CENTRAL: ZG1E2Mu/Central/jets/3/pt in Skim_TriLep_WWG.root
2025-10-03 00:01:20,588 - INFO - [2018] MISSING_FILE: /Users/choij/Sync/workspace/ChargedHiggsAnalysisV3/SKNanoOutput/CRPromptSelector/Run1E2Mu_RunSyst/2018/Skim_TriLep_WZTo3LNu_amcatnlo.root
2025-10-03 00:01:20,670 - INFO - [2018] MISSING_SYSTEMATIC: ZG1E2Mu/UnclusteredEn_Up/jets/3/pt in Skim_TriLep_TTTT.root
2025-10-03 00:01:29,329 - INFO - [2018] MISSING_CENTRAL: ZG1E2Mu/Central/jets/3/pt in Skim_TriLep_MuonEG_B.root
2025-10-03 00:01:29,346 - INFO - [2018] MISSING_CENTRAL: ZG1E2Mu/Central/jets/3/pt in Skim_TriLep_MuonEG_B.root
2025-10-03 00:01:29,347 - INFO - [2018] MISSING_CENTRAL: ZG1E2Mu/Central/jets/3/pt in Skim_TriLep_DYJets10to50.root
2025-10-03 00:01:29,348 - INFO - [2018] MISSING_CENTRAL: ZG1E2Mu/Central/jets/3/pt in Skim_TriLep_TTG.root
2025-10-03 00:01:29,348 - INFO - [2018] MISSING_CENTRAL: ZG1E2Mu/Central/jets/3/pt in Skim_TriLep_WWG.root
2025-10-03 00:01:29,349 - INFO - [2018] MISSING_FILE: /Users/choij/Sync/workspace/ChargedHiggsAnalysisV3/SKNanoOutput/CRPromptSelector/Run1E2Mu_RunSyst/2018/Skim_TriLep_WZTo3LNu_amcatnlo.root
2025-11-07 14:03:48,495 - INFO - [2018] MISSING_CENTRAL: ZG1E2Mu/Central/jets/3/pt in Skim_TriLep_MuonEG_B.root
2025-11-07 14:03:48,537 - INFO - [2018] MISSING_CENTRAL: ZG1E2Mu/Central/jets/3/pt in Skim_TriLep_MuonEG_B.root
2025-11-07 14:03:48,558 - INFO - [2018] MISSING_CENTRAL: ZG1E2Mu/Central/jets/3/pt in Skim_TriLep_DYJets10to50.root
2025-11-07 14:03:48,571 - INFO - [2018] MISSING_CENTRAL: ZG1E2Mu/Central/jets/3/pt in Skim_TriLep_TTG.root
2025-11-07 14:03:48,571 - INFO - [2018] MISSING_CENTRAL: ZG1E2Mu/Central/jets/3/pt in Skim_TriLep_WWG.root
2025-11-07 14:03:48,603 - INFO - [2018] MISSING_FILE: /home/choij/Sync/workspace/ChargedHiggsAnalysisV3/SKNanoOutput/CRPromptSelector/Run1E2Mu_RunSyst/2018/Skim_TriLep_WZTo3LNu_amcatnlo.root
2025-11-07 14:03:48,676 - INFO - [2018] MISSING_SYSTEMATIC: ZG1E2Mu/UnclusteredEn_Up/jets/3/pt in Skim_TriLep_TTTT.root
2025-11-07 14:03:53,746 - INFO - [2018] MISSING_CENTRAL: ZG1E2Mu/Central/jets/3/pt in Skim_TriLep_MuonEG_B.root
2025-11-07 14:03:53,787 - INFO - [2018] MISSING_CENTRAL: ZG1E2Mu/Central/jets/3/pt in Skim_TriLep_MuonEG_B.root
2025-11-07 14:03:53,789 - INFO - [2018] MISSING_CENTRAL: ZG1E2Mu/Central/jets/3/pt in Skim_TriLep_DYJets10to50.root
2025-11-07 14:03:53,790 - INFO - [2018] MISSING_CENTRAL: ZG1E2Mu/Central/jets/3/pt in Skim_TriLep_TTG.root
2025-11-07 14:03:53,791 - INFO - [2018] MISSING_CENTRAL: ZG1E2Mu/Central/jets/3/pt in Skim_TriLep_WWG.root
2025-11-07 14:03:53,793 - INFO - [2018] MISSING_FILE: /home/choij/Sync/workspace/ChargedHiggsAnalysisV3/SKNanoOutput/CRPromptSelector/Run1E2Mu_RunSyst/2018/Skim_TriLep_WZTo3LNu_amcatnlo.root
2025-11-10 05:54:33,009 - INFO - [2018] MISSING_CENTRAL: ZG1E2Mu/Central/jets/3/pt in Skim_TriLep_MuonEG_B.root
2025-11-10 05:54:33,124 - INFO - [2018] MISSING_CENTRAL: ZG1E2Mu/Central/jets/3/pt in Skim_TriLep_MuonEG_B.root
2025-11-10 05:54:33,161 - INFO - [2018] MISSING_CENTRAL: ZG1E2Mu/Central/jets/3/pt in Skim_TriLep_DYJets10to50.root
2025-11-10 05:54:33,173 - INFO - [2018] MISSING_CENTRAL: ZG1E2Mu/Central/jets/3/pt in Skim_TriLep_TTG.root
2025-11-10 05:54:33,174 - INFO - [2018] MISSING_CENTRAL: ZG1E2Mu/Central/jets/3/pt in Skim_TriLep_WWG.root
2025-11-10 05:54:33,213 - INFO - [2018] MISSING_FILE: /home/choij/Sync/workspace/ChargedHiggsAnalysisV3/SKNanoOutput/CRPromptSelector/Run1E2Mu_RunSyst/2018/Skim_TriLep_WZTo3LNu_amcatnlo.root
2025-11-10 05:54:33,427 - INFO - [2018] MISSING_SYSTEMATIC: ZG1E2Mu/UnclusteredEn_Up/jets/3/pt in Skim_TriLep_TTTT.root
2025-11-10 05:54:40,468 - INFO - [2018] MISSING_CENTRAL: ZG1E2Mu/Central/jets/3/pt in Skim_TriLep_MuonEG_B.root
2025-11-10 05:54:40,512 - INFO - [2018] MISSING_CENTRAL: ZG1E2Mu/Central/jets/3/pt in Skim_TriLep_MuonEG_B.root
2025-11-10 05:54:40,515 - INFO - [2018] MISSING_CENTRAL: ZG1E2Mu/Central/jets/3/pt in Skim_TriLep_DYJets10to50.root
2025-11-10 05:54:40,516 - INFO - [2018] MISSING_CENTRAL: ZG1E2Mu/Central/jets/3/pt in Skim_TriLep_TTG.root
2025-11-10 05:54:40,516 - INFO - [2018] MISSING_CENTRAL: ZG1E2Mu/Central/jets/3/pt in Skim_TriLep_WWG.root
2025-11-10 05:54:40,518 - INFO - [2018] MISSING_FILE: /home/choij/Sync/workspace/ChargedHiggsAnalysisV3/SKNanoOutput/CRPromptSelector/Run1E2Mu_RunSyst/2018/Skim_TriLep_WZTo3LNu_amcatnlo.root
2025-11-10 12:18:52,068 - INFO - [2018] MISSING_CENTRAL: ZG1E2Mu/Central/jets/3/pt in Skim_TriLep_MuonEG_B.root
2025-11-10 12:18:52,114 - INFO - [2018] MISSING_CENTRAL: ZG1E2Mu/Central/jets/3/pt in Skim_TriLep_MuonEG_B.root
2025-11-10 12:18:52,136 - INFO - [2018] MISSING_CENTRAL: ZG1E2Mu/Central/jets/3/pt in Skim_TriLep_DYJets10to50.root
2025-11-10 12:18:52,147 - INFO - [2018] MISSING_CENTRAL: ZG1E2Mu/Central/jets/3/pt in Skim_TriLep_TTG.root
2025-11-10 12:18:52,148 - INFO - [2018] MISSING_CENTRAL: ZG1E2Mu/Central/jets/3/pt in Skim_TriLep_WWG.root
2025-11-10 12:18:52,179 - INFO - [2018] MISSING_FILE: /home/choij/Sync/workspace/ChargedHiggsAnalysisV3/SKNanoOutput/CRPromptSelector/Run1E2Mu_RunSyst/2018/Skim_TriLep_WZTo3LNu_amcatnlo.root
2025-11-10 12:18:52,260 - INFO - [2018] MISSING_SYSTEMATIC: ZG1E2Mu/UnclusteredEn_Up/jets/3/pt in Skim_TriLep_TTTT.root
2025-11-10 12:18:57,247 - INFO - [2018] MISSING_CENTRAL: ZG1E2Mu/Central/jets/3/pt in Skim_TriLep_MuonEG_B.root
2025-11-10 12:18:57,290 - INFO - [2018] MISSING_CENTRAL: ZG1E2Mu/Central/jets/3/pt in Skim_TriLep_MuonEG_B.root
2025-11-10 12:18:57,292 - INFO - [2018] MISSING_CENTRAL: ZG1E2Mu/Central/jets/3/pt in Skim_TriLep_DYJets10to50.root
2025-11-10 12:18:57,293 - INFO - [2018] MISSING_CENTRAL: ZG1E2Mu/Central/jets/3/pt in Skim_TriLep_TTG.root
2025-11-10 12:18:57,294 - INFO - [2018] MISSING_CENTRAL: ZG1E2Mu/Central/jets/3/pt in Skim_TriLep_WWG.root
2025-11-10 12:18:57,296 - INFO - [2018] MISSING_FILE: /home/choij/Sync/workspace/ChargedHiggsAnalysisV3/SKNanoOutput/CRPromptSelector/Run1E2Mu_RunSyst/2018/Skim_TriLep_WZTo3LNu_amcatnlo.root
2025-11-13 11:08:07,464 - INFO - [2018] MISSING_CENTRAL: ZG1E2Mu/Central/jets/3/pt in Skim_TriLep_MuonEG_B.root
2025-11-13 11:08:07,531 - INFO - [2018] MISSING_CENTRAL: ZG1E2Mu/Central/jets/3/pt in Skim_TriLep_MuonEG_B.root
2025-11-13 11:08:07,928 - INFO - [2018] MISSING_CENTRAL: ZG1E2Mu/Central/jets/3/pt in Skim_TriLep_DYJets10to50.root
2025-11-13 11:08:08,138 - INFO - [2018] MISSING_CENTRAL: ZG1E2Mu/Central/jets/3/pt in Skim_TriLep_TTG.root
2025-11-13 11:08:08,181 - INFO - [2018] MISSING_CENTRAL: ZG1E2Mu/Central/jets/3/pt in Skim_TriLep_WWG.root
2025-11-13 11:08:08,646 - INFO - [2018] MISSING_FILE: /data9/Users/choij/Sync/workspace/ChargedHiggsAnalysisV3/SKNanoOutput/CRPromptSelector/Run1E2Mu_RunSyst/2018/Skim_TriLep_WZTo3LNu_amcatnlo.root
2025-11-13 11:08:09,657 - INFO - [2018] MISSING_SYSTEMATIC: ZG1E2Mu/UnclusteredEn_Up/jets/3/pt in Skim_TriLep_TTTT.root
2025-11-13 11:08:14,765 - INFO - [2018] MISSING_CENTRAL: ZG1E2Mu/Central/jets/3/pt in Skim_TriLep_MuonEG_B.root
2025-11-13 11:08:14,844 - INFO - [2018] MISSING_CENTRAL: ZG1E2Mu/Central/jets/3/pt in Skim_TriLep_MuonEG_B.root
2025-11-13 11:08:14,867 - INFO - [2018] MISSING_CENTRAL: ZG1E2Mu/Central/jets/3/pt in Skim_TriLep_DYJets10to50.root
2025-11-13 11:08:14,870 - INFO - [2018] MISSING_CENTRAL: ZG1E2Mu/Central/jets/3/pt in Skim_TriLep_TTG.root
2025-11-13 11:08:14,873 - INFO - [2018] MISSING_CENTRAL: ZG1E2Mu/Central/jets/3/pt in Skim_TriLep_WWG.root
2025-11-13 11:08:14,880 - INFO - [2018] MISSING_FILE: /data9/Users/choij/Sync/workspace/ChargedHiggsAnalysisV3/SKNanoOutput/CRPromptSelector/Run1E2Mu_RunSyst/2018/Skim_TriLep_WZTo3LNu_amcatnlo.root
2025-11-19 00:17:10,375 - INFO - [2018] MISSING_CENTRAL: ZG1E2Mu/Central/jets/3/pt in Skim_TriLep_MuonEG_B.root
2025-11-19 00:17:10,448 - INFO - [2018] MISSING_CENTRAL: ZG1E2Mu/Central/jets/3/pt in Skim_TriLep_MuonEG_B.root
2025-11-19 00:17:10,483 - INFO - [2018] MISSING_CENTRAL: ZG1E2Mu/Central/jets/3/pt in Skim_TriLep_DYJets10to50.root
2025-11-19 00:17:10,504 - INFO - [2018] MISSING_CENTRAL: ZG1E2Mu/Central/jets/3/pt in Skim_TriLep_TTG.root
2025-11-19 00:17:10,505 - INFO - [2018] MISSING_CENTRAL: ZG1E2Mu/Central/jets/3/pt in Skim_TriLep_WWG.root
2025-11-19 00:17:10,565 - INFO - [2018] MISSING_FILE: /data9/Users/choij/Sync/workspace/ChargedHiggsAnalysisV3/SKNanoOutput/CRPromptSelector/Run1E2Mu_RunSyst/2018/Skim_TriLep_WZTo3LNu_amcatnlo.root
2025-11-19 00:17:10,711 - INFO - [2018] MISSING_SYSTEMATIC: ZG1E2Mu/UnclusteredEn_Up/jets/3/pt in Skim_TriLep_TTTT.root
2025-11-19 00:17:15,748 - INFO - [2018] MISSING_CENTRAL: ZG1E2Mu/Central/jets/3/pt in Skim_TriLep_MuonEG_B.root
2025-11-19 00:17:15,792 - INFO - [2018] MISSING_CENTRAL: ZG1E2Mu/Central/jets/3/pt in Skim_TriLep_MuonEG_B.root
2025-11-19 00:17:15,796 - INFO - [2018] MISSING_CENTRAL: ZG1E2Mu/Central/jets/3/pt in Skim_TriLep_DYJets10to50.root
2025-11-19 00:17:15,798 - INFO - [2018] MISSING_CENTRAL: ZG1E2Mu/Central/jets/3/pt in Skim_TriLep_TTG.root
2025-11-19 00:17:15,799 - INFO - [2018] MISSING_CENTRAL: ZG1E2Mu/Central/jets/3/pt in Skim_TriLep_WWG.root
2025-11-19 00:17:15,802 - INFO - [2018] MISSING_FILE: /data9/Users/choij/Sync/workspace/ChargedHiggsAnalysisV3/SKNanoOutput/CRPromptSelector/Run1E2Mu_RunSyst/2018/Skim_TriLep_WZTo3LNu_amcatnlo.root
2025-11-19 15:42:18,697 - INFO - [2018] MISSING_CENTRAL: ZG1E2Mu/Central/jets/3/pt in Skim_TriLep_MuonEG_B.root
2025-11-19 15:42:18,744 - INFO - [2018] MISSING_CENTRAL: ZG1E2Mu/Central/jets/3/pt in Skim_TriLep_MuonEG_B.root
2025-11-19 15:42:18,762 - INFO - [2018] MISSING_CENTRAL: ZG1E2Mu/Central/jets/3/pt in Skim_TriLep_DYJets10to50.root
2025-11-19 15:42:18,773 - INFO - [2018] MISSING_CENTRAL: ZG1E2Mu/Central/jets/3/pt in Skim_TriLep_TTG.root
2025-11-19 15:42:18,773 - INFO - [2018] MISSING_CENTRAL: ZG1E2Mu/Central/jets/3/pt in Skim_TriLep_WWG.root
2025-11-19 15:42:18,811 - INFO - [2018] MISSING_FILE: /home/choij/Sync/workspace/ChargedHiggsAnalysisV3/SKNanoOutput/CRPromptSelector/Run1E2Mu_RunSyst/2018/Skim_TriLep_WZTo3LNu_amcatnlo.root
2025-11-19 15:42:18,900 - INFO - [2018] MISSING_SYSTEMATIC: ZG1E2Mu/UnclusteredEn_Up/jets/3/pt in Skim_TriLep_TTTT.root
2025-11-19 15:42:24,039 - INFO - [2018] MISSING_CENTRAL: ZG1E2Mu/Central/jets/3/pt in Skim_TriLep_MuonEG_B.root
2025-11-19 15:42:24,085 - INFO - [2018] MISSING_CENTRAL: ZG1E2Mu/Central/jets/3/pt in Skim_TriLep_MuonEG_B.root
2025-11-19 15:42:24,088 - INFO - [2018] MISSING_CENTRAL: ZG1E2Mu/Central/jets/3/pt in Skim_TriLep_DYJets10to50.root
2025-11-19 15:42:24,089 - INFO - [2018] MISSING_CENTRAL: ZG1E2Mu/Central/jets/3/pt in Skim_TriLep_TTG.root
2025-11-19 15:42:24,090 - INFO - [2018] MISSING_CENTRAL: ZG1E2Mu/Central/jets/3/pt in Skim_TriLep_WWG.root
2025-11-19 15:42:24,091 - INFO - [2018] MISSING_FILE: /home/choij/Sync/workspace/ChargedHiggsAnalysisV3/SKNanoOutput/CRPromptSelector/Run1E2Mu_RunSyst/2018/Skim_TriLep_WZTo3LNu_amcatnlo.root
2025-11-19 16:21:12,701 - INFO - [2018] MISSING_CENTRAL: ZG1E2Mu/Central/jets/3/pt in Skim_TriLep_MuonEG_B.root
2025-11-19 16:21:12,747 - INFO - [2018] MISSING_CENTRAL: ZG1E2Mu/Central/jets/3/pt in Skim_TriLep_MuonEG_B.root
2025-11-19 16:21:12,769 - INFO - [2018] MISSING_CENTRAL: ZG1E2Mu/Central/jets/3/pt in Skim_TriLep_DYJets10to50.root
2025-11-19 16:21:12,781 - INFO - [2018] MISSING_CENTRAL: ZG1E2Mu/Central/jets/3/pt in Skim_TriLep_TTG.root
2025-11-19 16:21:12,782 - INFO - [2018] MISSING_CENTRAL: ZG1E2Mu/Central/jets/3/pt in Skim_TriLep_WWG.root
2025-11-19 16:21:12,819 - INFO - [2018] MISSING_FILE: /home/choij/Sync/workspace/ChargedHiggsAnalysisV3/SKNanoOutput/CRPromptSelector/Run1E2Mu_RunSyst/2018/Skim_TriLep_WZTo3LNu_amcatnlo.root
2025-11-19 16:21:12,907 - INFO - [2018] MISSING_SYSTEMATIC: ZG1E2Mu/UnclusteredEn_Up/jets/3/pt in Skim_TriLep_TTTT.root
2025-11-19 16:21:18,007 - INFO - [2018] MISSING_CENTRAL: ZG1E2Mu/Central/jets/3/pt in Skim_TriLep_MuonEG_B.root
2025-11-19 16:21:18,056 - INFO - [2018] MISSING_CENTRAL: ZG1E2Mu/Central/jets/3/pt in Skim_TriLep_MuonEG_B.root
2025-11-19 16:21:18,059 - INFO - [2018] MISSING_CENTRAL: ZG1E2Mu/Central/jets/3/pt in Skim_TriLep_DYJets10to50.root
2025-11-19 16:21:18,060 - INFO - [2018] MISSING_CENTRAL: ZG1E2Mu/Central/jets/3/pt in Skim_TriLep_TTG.root
2025-11-19 16:21:18,060 - INFO - [2018] MISSING_CENTRAL: ZG1E2Mu/Central/jets/3/pt in Skim_TriLep_WWG.root
2025-11-19 16:21:18,062 - INFO - [2018] MISSING_FILE: /home/choij/Sync/workspace/ChargedHiggsAnalysisV3/SKNanoOutput/CRPromptSelector/Run1E2Mu_RunSyst/2018/Skim_TriLep_WZTo3LNu_amcatnlo.root
2025-12-17 12:25:31,337 - INFO - [2018] MISSING_CENTRAL: ZG1E2Mu/Central/jets/3/pt in Skim_TriLep_MuonEG_B.root
2025-12-17 12:25:31,394 - INFO - [2018] MISSING_CENTRAL: ZG1E2Mu/Central/jets/3/pt in Skim_TriLep_MuonEG_B.root
2025-12-17 12:25:31,429 - INFO - [2018] MISSING_CENTRAL: ZG1E2Mu/Central/jets/3/pt in Skim_TriLep_DYJets10to50.root
2025-12-17 12:25:31,430 - INFO - [2018] MISSING_CENTRAL: ZG1E2Mu/Central/jets/3/pt in Skim_TriLep_TTG.root
2025-12-17 12:25:31,431 - INFO - [2018] MISSING_CENTRAL: ZG1E2Mu/Central/jets/3/pt in Skim_TriLep_WWG.root
2025-12-17 12:25:36,240 - INFO - [2018] MISSING_CENTRAL: ZG1E2Mu/Central/jets/3/pt in Skim_TriLep_MuonEG_B.root
2025-12-17 12:25:36,447 - INFO - [2018] MISSING_CENTRAL: ZG1E2Mu/Central/jets/3/pt in Skim_TriLep_MuonEG_B.root
2025-12-17 12:25:36,456 - INFO - [2018] MISSING_CENTRAL: ZG1E2Mu/Central/jets/3/pt in Skim_TriLep_DYJets10to50.root
2025-12-17 12:25:36,462 - INFO - [2018] MISSING_CENTRAL: ZG1E2Mu/Central/jets/3/pt in Skim_TriLep_TTG.root
2025-12-17 12:25:36,477 - INFO - [2018] MISSING_CENTRAL: ZG1E2Mu/Central/jets/3/pt in Skim_TriLep_WWG.root
2025-12-17 16:07:19,527 - INFO - [2018] MISSING_CENTRAL: ZG1E2Mu/Central/jets/3/pt in Skim_TriLep_MuonEG_B.root
2025-12-17 16:07:19,602 - INFO - [2018] MISSING_CENTRAL: ZG1E2Mu/Central/jets/3/pt in Skim_TriLep_MuonEG_B.root
2025-12-17 16:07:19,635 - INFO - [2018] MISSING_CENTRAL: ZG1E2Mu/Central/jets/3/pt in Skim_TriLep_DYJets10to50.root
2025-12-17 16:07:19,635 - INFO - [2018] MISSING_CENTRAL: ZG1E2Mu/Central/jets/3/pt in Skim_TriLep_TTG.root
2025-12-17 16:07:19,636 - INFO - [2018] MISSING_CENTRAL: ZG1E2Mu/Central/jets/3/pt in Skim_TriLep_WWG.root
2025-12-17 16:07:24,551 - INFO - [2018] MISSING_CENTRAL: ZG1E2Mu/Central/jets/3/pt in Skim_TriLep_MuonEG_B.root
2025-12-17 16:07:24,604 - INFO - [2018] MISSING_CENTRAL: ZG1E2Mu/Central/jets/3/pt in Skim_TriLep_MuonEG_B.root
2025-12-17 16:07:24,609 - INFO - [2018] MISSING_CENTRAL: ZG1E2Mu/Central/jets/3/pt in Skim_TriLep_DYJets10to50.root
2025-12-17 16:07:24,610 - INFO - [2018] MISSING_CENTRAL: ZG1E2Mu/Central/jets/3/pt in Skim_TriLep_TTG.root
2025-12-17 16:07:24,611 - INFO - [2018] MISSING_CENTRAL: ZG1E2Mu/Central/jets/3/pt in Skim_TriLep_WWG.root
2025-12-17 22:35:34,277 - INFO - [2018] MISSING_CENTRAL: ZG1E2Mu/Central/jets/3/pt in Skim_TriLep_MuonEG_B.root
2025-12-17 22:35:34,316 - INFO - [2018] MISSING_CENTRAL: ZG1E2Mu/Central/jets/3/pt in Skim_TriLep_MuonEG_B.root
2025-12-17 22:35:34,682 - INFO - [2018] MISSING_CENTRAL: ZG1E2Mu/Central/jets/3/pt in Skim_TriLep_DYJets10to50.root
2025-12-17 22:35:34,683 - INFO - [2018] MISSING_CENTRAL: ZG1E2Mu/Central/jets/3/pt in Skim_TriLep_TTG.root
2025-12-17 22:35:34,684 - INFO - [2018] MISSING_CENTRAL: ZG1E2Mu/Central/jets/3/pt in Skim_TriLep_WWG.root
2025-12-17 22:35:38,276 - INFO - [2018] MISSING_CENTRAL: ZG1E2Mu/Central/jets/3/pt in Skim_TriLep_MuonEG_B.root
2025-12-17 22:35:38,334 - INFO - [2018] MISSING_CENTRAL: ZG1E2Mu/Central/jets/3/pt in Skim_TriLep_MuonEG_B.root
2025-12-17 22:35:38,340 - INFO - [2018] MISSING_CENTRAL: ZG1E2Mu/Central/jets/3/pt in Skim_TriLep_DYJets10to50.root
2025-12-17 22:35:38,342 - INFO - [2018] MISSING_CENTRAL: ZG1E2Mu/Central/jets/3/pt in Skim_TriLep_TTG.root
2025-12-17 22:35:38,343 - INFO - [2018] MISSING_CENTRAL: ZG1E2Mu/Central/jets/3/pt in Skim_TriLep_WWG.root
2025-12-18 14:19:13,952 - INFO - [2018] MISSING_CENTRAL: ZG1E2Mu/Central/jets/3/pt in Skim_TriLep_MuonEG_B.root
2025-12-18 14:19:14,002 - INFO - [2018] MISSING_CENTRAL: ZG1E2Mu/Central/jets/3/pt in Skim_TriLep_MuonEG_B.root
2025-12-18 14:19:14,028 - INFO - [2018] MISSING_CENTRAL: ZG1E2Mu/Central/jets/3/pt in Skim_TriLep_DYJets10to50.root
2025-12-18 14:19:14,029 - INFO - [2018] MISSING_CENTRAL: ZG1E2Mu/Central/jets/3/pt in Skim_TriLep_TTG.root
2025-12-18 14:19:14,030 - INFO - [2018] MISSING_CENTRAL: ZG1E2Mu/Central/jets/3/pt in Skim_TriLep_WWG.root
2025-12-18 14:19:19,153 - INFO - [2018] MISSING_CENTRAL: ZG1E2Mu/Central/jets/3/pt in Skim_TriLep_MuonEG_B.root
2025-12-18 14:19:19,206 - INFO - [2018] MISSING_CENTRAL: ZG1E2Mu/Central/jets/3/pt in Skim_TriLep_MuonEG_B.root
2025-12-18 14:19:19,210 - INFO - [2018] MISSING_CENTRAL: ZG1E2Mu/Central/jets/3/pt in Skim_TriLep_DYJets10to50.root
2025-12-18 14:19:19,210 - INFO - [2018] MISSING_CENTRAL: ZG1E2Mu/Central/jets/3/pt in Skim_TriLep_TTG.root
2025-12-18 14:19:19,211 - INFO - [2018] MISSING_CENTRAL: ZG1E2Mu/Central/jets/3/pt in Skim_TriLep_WWG.root
2025-12-18 14:34:41,601 - INFO - [2018] MISSING_CENTRAL: ZG1E2Mu/Central/jets/3/pt in Skim_TriLep_MuonEG_B.root
2025-12-18 14:34:41,655 - INFO - [2018] MISSING_CENTRAL: ZG1E2Mu/Central/jets/3/pt in Skim_TriLep_MuonEG_B.root
2025-12-18 14:34:41,688 - INFO - [2018] MISSING_CENTRAL: ZG1E2Mu/Central/jets/3/pt in Skim_TriLep_DYJets10to50.root
2025-12-18 14:34:41,689 - INFO - [2018] MISSING_CENTRAL: ZG1E2Mu/Central/jets/3/pt in Skim_TriLep_TTG.root
2025-12-18 14:34:41,690 - INFO - [2018] MISSING_CENTRAL: ZG1E2Mu/Central/jets/3/pt in Skim_TriLep_WWG.root
2025-12-18 14:34:46,943 - INFO - [2018] MISSING_CENTRAL: ZG1E2Mu/Central/jets/3/pt in Skim_TriLep_MuonEG_B.root
2025-12-18 14:34:47,001 - INFO - [2018] MISSING_CENTRAL: ZG1E2Mu/Central/jets/3/pt in Skim_TriLep_MuonEG_B.root
2025-12-18 14:34:47,006 - INFO - [2018] MISSING_CENTRAL: ZG1E2Mu/Central/jets/3/pt in Skim_TriLep_DYJets10to50.root
2025-12-18 14:34:47,007 - INFO - [2018] MISSING_CENTRAL: ZG1E2Mu/Central/jets/3/pt in Skim_TriLep_TTG.root
2025-12-18 14:34:47,008 - INFO - [2018] MISSING_CENTRAL: ZG1E2Mu/Central/jets/3/pt in Skim_TriLep_WWG.root
2026-01-07 11:44:49,613 - INFO - [2018] MISSING_FILE: /data9/Users/choij/Sync/workspace/ChargedHiggsAnalysisV3/SKNanoOutput/CRPromptSelector/Run1E2Mu/2018/Skim_TriLep_MuonEG_A.root
2026-01-07 11:44:49,614 - INFO - [2018] MISSING_FILE: /data9/Users/choij/Sync/workspace/ChargedHiggsAnalysisV3/SKNanoOutput/CRPromptSelector/Run1E2Mu/2018/Skim_TriLep_MuonEG_B.root
2026-01-07 11:44:49,614 - INFO - [2018] MISSING_FILE: /data9/Users/choij/Sync/workspace/ChargedHiggsAnalysisV3/SKNanoOutput/CRPromptSelector/Run1E2Mu/2018/Skim_TriLep_MuonEG_C.root
2026-01-07 11:44:49,614 - INFO - [2018] MISSING_FILE: /data9/Users/choij/Sync/workspace/ChargedHiggsAnalysisV3/SKNanoOutput/CRPromptSelector/Run1E2Mu/2018/Skim_TriLep_MuonEG_D.root
2026-01-07 11:44:53,259 - INFO - [2018] MISSING_FILE: /data9/Users/choij/Sync/workspace/ChargedHiggsAnalysisV3/SKNanoOutput/CRPromptSelector/Run1E2Mu/2018/Skim_TriLep_MuonEG_A.root
2026-01-07 11:44:53,259 - INFO - [2018] MISSING_FILE: /data9/Users/choij/Sync/workspace/ChargedHiggsAnalysisV3/SKNanoOutput/CRPromptSelector/Run1E2Mu/2018/Skim_TriLep_MuonEG_B.root
2026-01-07 11:44:53,259 - INFO - [2018] MISSING_FILE: /data9/Users/choij/Sync/workspace/ChargedHiggsAnalysisV3/SKNanoOutput/CRPromptSelector/Run1E2Mu/2018/Skim_TriLep_MuonEG_C.root
2026-01-07 11:44:53,259 - INFO - [2018] MISSING_FILE: /data9/Users/choij/Sync/workspace/ChargedHiggsAnalysisV3/SKNanoOutput/CRPromptSelector/Run1E2Mu/2018/Skim_TriLep_MuonEG_D.root
2026-01-07 18:41:35,564 - INFO - [2018] MISSING_CENTRAL: ZG1E2Mu/Central/jets/3/pt in Skim_TriLep_MuonEG_B.root
2026-01-07 18:41:35,618 - INFO - [2018] MISSING_CENTRAL: ZG1E2Mu/Central/jets/3/pt in Skim_TriLep_MuonEG_B.root
2026-01-07 18:41:35,652 - INFO - [2018] MISSING_CENTRAL: ZG1E2Mu/Central/jets/3/pt in Skim_TriLep_DYJets10to50.root
2026-01-07 18:41:35,652 - INFO - [2018] MISSING_CENTRAL: ZG1E2Mu/Central/jets/3/pt in Skim_TriLep_TTG.root
2026-01-07 18:41:35,653 - INFO - [2018] MISSING_CENTRAL: ZG1E2Mu/Central/jets/3/pt in Skim_TriLep_WWG.root
2026-01-07 18:41:40,155 - INFO - [2018] MISSING_CENTRAL: ZG1E2Mu/Central/jets/3/pt in Skim_TriLep_MuonEG_B.root
2026-01-07 18:41:40,291 - INFO - [2018] MISSING_CENTRAL: ZG1E2Mu/Central/jets/3/pt in Skim_TriLep_MuonEG_B.root
2026-01-07 18:41:40,296 - INFO - [2018] MISSING_CENTRAL: ZG1E2Mu/Central/jets/3/pt in Skim_TriLep_DYJets10to50.root
2026-01-07 18:41:40,297 - INFO - [2018] MISSING_CENTRAL: ZG1E2Mu/Central/jets/3/pt in Skim_TriLep_TTG.root
2026-01-07 18:41:40,298 - INFO - [2018] MISSING_CENTRAL: ZG1E2Mu/Central/jets/3/pt in Skim_TriLep_WWG.root
2026-01-09 12:15:20,470 - INFO - [2018] MISSING_CENTRAL: ZG1E2Mu/Central/jets/3/pt in Skim_TriLep_MuonEG_B.root
2026-01-09 12:15:20,512 - INFO - [2018] MISSING_CENTRAL: ZG1E2Mu/Central/jets/3/pt in Skim_TriLep_MuonEG_B.root
2026-01-09 12:15:20,532 - INFO - [2018] MISSING_CENTRAL: ZG1E2Mu/Central/jets/3/pt in Skim_TriLep_DYJets10to50.root
2026-01-09 12:15:20,532 - INFO - [2018] MISSING_CENTRAL: ZG1E2Mu/Central/jets/3/pt in Skim_TriLep_TTG.root
2026-01-09 12:15:20,533 - INFO - [2018] MISSING_CENTRAL: ZG1E2Mu/Central/jets/3/pt in Skim_TriLep_WWG.root
2026-01-09 12:15:25,591 - INFO - [2018] MISSING_CENTRAL: ZG1E2Mu/Central/jets/3/pt in Skim_TriLep_MuonEG_B.root
2026-01-09 12:15:25,633 - INFO - [2018] MISSING_CENTRAL: ZG1E2Mu/Central/jets/3/pt in Skim_TriLep_MuonEG_B.root
2026-01-09 12:15:25,636 - INFO - [2018] MISSING_CENTRAL: ZG1E2Mu/Central/jets/3/pt in Skim_TriLep_DYJets10to50.root
2026-01-09 12:15:25,636 - INFO - [2018] MISSING_CENTRAL: ZG1E2Mu/Central/jets/3/pt in Skim_TriLep_TTG.root
2026-01-09 12:15:25,637 - INFO - [2018] MISSING_CENTRAL: ZG1E2Mu/Central/jets/3/pt in Skim_TriLep_WWG.root
2026-01-11 09:35:24,139 - INFO - [2018] MISSING_CENTRAL: ZG1E2Mu/Central/jets/3/pt in Skim_TriLep_MuonEG_B.root
2026-01-11 09:35:24,180 - INFO - [2018] MISSING_CENTRAL: ZG1E2Mu/Central/jets/3/pt in Skim_TriLep_MuonEG_B.root
2026-01-11 09:35:24,201 - INFO - [2018] MISSING_CENTRAL: ZG1E2Mu/Central/jets/3/pt in Skim_TriLep_DYJets10to50.root
2026-01-11 09:35:24,202 - INFO - [2018] MISSING_CENTRAL: ZG1E2Mu/Central/jets/3/pt in Skim_TriLep_TTG.root
2026-01-11 09:35:24,202 - INFO - [2018] MISSING_CENTRAL: ZG1E2Mu/Central/jets/3/pt in Skim_TriLep_WWG.root
2026-01-11 09:35:29,333 - INFO - [2018] MISSING_CENTRAL: ZG1E2Mu/Central/jets/3/pt in Skim_TriLep_MuonEG_B.root
2026-01-11 09:35:29,375 - INFO - [2018] MISSING_CENTRAL: ZG1E2Mu/Central/jets/3/pt in Skim_TriLep_MuonEG_B.root
2026-01-11 09:35:29,377 - INFO - [2018] MISSING_CENTRAL: ZG1E2Mu/Central/jets/3/pt in Skim_TriLep_DYJets10to50.root
2026-01-11 09:35:29,378 - INFO - [2018] MISSING_CENTRAL: ZG1E2Mu/Central/jets/3/pt in Skim_TriLep_TTG.root
2026-01-11 09:35:29,378 - INFO - [2018] MISSING_CENTRAL: ZG1E2Mu/Central/jets/3/pt in Skim_TriLep_WWG.root
2026-01-12 13:44:00,883 - INFO - [2018] MISSING_CENTRAL: ZG1E2Mu/Central/jets/3/pt in Skim_TriLep_MuonEG_B.root
2026-01-12 13:44:00,924 - INFO - [2018] MISSING_CENTRAL: ZG1E2Mu/Central/jets/3/pt in Skim_TriLep_MuonEG_B.root
2026-01-12 13:44:00,945 - INFO - [2018] MISSING_CENTRAL: ZG1E2Mu/Central/jets/3/pt in Skim_TriLep_DYJets10to50.root
2026-01-12 13:44:00,946 - INFO - [2018] MISSING_CENTRAL: ZG1E2Mu/Central/jets/3/pt in Skim_TriLep_TTG.root
2026-01-12 13:44:00,946 - INFO - [2018] MISSING_CENTRAL: ZG1E2Mu/Central/jets/3/pt in Skim_TriLep_WWG.root
2026-01-12 13:44:06,115 - INFO - [2018] MISSING_CENTRAL: ZG1E2Mu/Central/jets/3/pt in Skim_TriLep_MuonEG_B.root
2026-01-12 13:44:06,161 - INFO - [2018] MISSING_CENTRAL: ZG1E2Mu/Central/jets/3/pt in Skim_TriLep_MuonEG_B.root
2026-01-12 13:44:06,163 - INFO - [2018] MISSING_CENTRAL: ZG1E2Mu/Central/jets/3/pt in Skim_TriLep_DYJets10to50.root
2026-01-12 13:44:06,164 - INFO - [2018] MISSING_CENTRAL: ZG1E2Mu/Central/jets/3/pt in Skim_TriLep_TTG.root
2026-01-12 13:44:06,164 - INFO - [2018] MISSING_CENTRAL: ZG1E2Mu/Central/jets/3/pt in Skim_TriLep_WWG.root
2026-01-16 18:59:14,876 - INFO - [2018] MISSING_CENTRAL: ZG1E2Mu/Central/jets/3/pt in Skim_TriLep_MuonEG_B.root
2026-01-16 18:59:14,915 - INFO - [2018] MISSING_CENTRAL: ZG1E2Mu/Central/jets/3/pt in Skim_TriLep_MuonEG_B.root
2026-01-16 18:59:14,937 - INFO - [2018] MISSING_CENTRAL: ZG1E2Mu/Central/jets/3/pt in Skim_TriLep_DYJets10to50.root
2026-01-16 18:59:14,937 - INFO - [2018] MISSING_CENTRAL: ZG1E2Mu/Central/jets/3/pt in Skim_TriLep_TTG.root
2026-01-16 18:59:14,938 - INFO - [2018] MISSING_CENTRAL: ZG1E2Mu/Central/jets/3/pt in Skim_TriLep_WWG.root
2026-01-16 18:59:19,858 - INFO - [2018] MISSING_CENTRAL: ZG1E2Mu/Central/jets/3/pt in Skim_TriLep_MuonEG_B.root
2026-01-16 18:59:19,900 - INFO - [2018] MISSING_CENTRAL: ZG1E2Mu/Central/jets/3/pt in Skim_TriLep_MuonEG_B.root
2026-01-16 18:59:19,903 - INFO - [2018] MISSING_CENTRAL: ZG1E2Mu/Central/jets/3/pt in Skim_TriLep_DYJets10to50.root
2026-01-16 18:59:19,903 - INFO - [2018] MISSING_CENTRAL: ZG1E2Mu/Central/jets/3/pt in Skim_TriLep_TTG.root
2026-01-16 18:59:19,904 - INFO - [2018] MISSING_CENTRAL: ZG1E2Mu/Central/jets/3/pt in Skim_TriLep_WWG.root
2026-01-28 14:59:41,519 - INFO - [2018] MISSING_CENTRAL: ZG1E2Mu/Central/jets/3/pt in Skim_TriLep_MuonEG_B.root
2026-01-28 14:59:41,561 - INFO - [2018] MISSING_CENTRAL: ZG1E2Mu/Central/jets/3/pt in Skim_TriLep_MuonEG_B.root
2026-01-28 14:59:41,597 - INFO - [2018] MISSING_CENTRAL: ZG1E2Mu/Central/jets/3/pt in Skim_TriLep_DYJets10to50.root
2026-01-28 14:59:41,597 - INFO - [2018] MISSING_CENTRAL: ZG1E2Mu/Central/jets/3/pt in Skim_TriLep_TTG.root
2026-01-28 14:59:41,598 - INFO - [2018] MISSING_CENTRAL: ZG1E2Mu/Central/jets/3/pt in Skim_TriLep_WWG.root
2026-01-28 14:59:41,792 - INFO - [2018] MISSING_SYSTEMATIC: ZG1E2Mu/UnclusteredEn_Up/jets/3/pt in Skim_TriLep_TTTT.root
2026-01-28 14:59:46,507 - INFO - [2018] MISSING_CENTRAL: ZG1E2Mu/Central/jets/3/pt in Skim_TriLep_MuonEG_B.root
2026-01-28 14:59:46,552 - INFO - [2018] MISSING_CENTRAL: ZG1E2Mu/Central/jets/3/pt in Skim_TriLep_MuonEG_B.root
2026-01-28 14:59:46,555 - INFO - [2018] MISSING_CENTRAL: ZG1E2Mu/Central/jets/3/pt in Skim_TriLep_DYJets10to50.root
2026-01-28 14:59:46,557 - INFO - [2018] MISSING_CENTRAL: ZG1E2Mu/Central/jets/3/pt in Skim_TriLep_TTG.root
2026-01-28 14:59:46,558 - INFO - [2018] MISSING_CENTRAL: ZG1E2Mu/Central/jets/3/pt in Skim_TriLep_WWG.root
2026-01-28 15:12:17,297 - INFO - [2018] MISSING_CENTRAL: ZG1E2Mu/Central/jets/3/pt in Skim_TriLep_MuonEG_B.root
2026-01-28 15:12:17,339 - INFO - [2018] MISSING_CENTRAL: ZG1E2Mu/Central/jets/3/pt in Skim_TriLep_MuonEG_B.root
2026-01-28 15:12:17,368 - INFO - [2018] MISSING_CENTRAL: ZG1E2Mu/Central/jets/3/pt in Skim_TriLep_DYJets10to50.root
2026-01-28 15:12:17,368 - INFO - [2018] MISSING_CENTRAL: ZG1E2Mu/Central/jets/3/pt in Skim_TriLep_TTG.root
2026-01-28 15:12:17,369 - INFO - [2018] MISSING_CENTRAL: ZG1E2Mu/Central/jets/3/pt in Skim_TriLep_WWG.root
2026-01-28 15:12:17,564 - INFO - [2018] MISSING_SYSTEMATIC: ZG1E2Mu/UnclusteredEn_Up/jets/3/pt in Skim_TriLep_TTTT.root
2026-01-28 15:12:22,301 - INFO - [2018] MISSING_CENTRAL: ZG1E2Mu/Central/jets/3/pt in Skim_TriLep_MuonEG_B.root
2026-01-28 15:12:22,342 - INFO - [2018] MISSING_CENTRAL: ZG1E2Mu/Central/jets/3/pt in Skim_TriLep_MuonEG_B.root
2026-01-28 15:12:22,345 - INFO - [2018] MISSING_CENTRAL: ZG1E2Mu/Central/jets/3/pt in Skim_TriLep_DYJets10to50.root
2026-01-28 15:12:22,346 - INFO - [2018] MISSING_CENTRAL: ZG1E2Mu/Central/jets/3/pt in Skim_TriLep_TTG.root
2026-01-28 15:12:22,347 - INFO - [2018] MISSING_CENTRAL: ZG1E2Mu/Central/jets/3/pt in Skim_TriLep_WWG.root
2026-01-28 17:19:17,989 - INFO - [2018] MISSING_CENTRAL: ZG1E2Mu/Central/jets/3/pt in Skim_TriLep_MuonEG_B.root
2026-01-28 17:19:18,034 - INFO - [2018] MISSING_CENTRAL: ZG1E2Mu/Central/jets/3/pt in Skim_TriLep_MuonEG_B.root
2026-01-28 17:19:18,070 - INFO - [2018] MISSING_CENTRAL: ZG1E2Mu/Central/jets/3/pt in Skim_TriLep_DYJets10to50.root
2026-01-28 17:19:18,070 - INFO - [2018] MISSING_CENTRAL: ZG1E2Mu/Central/jets/3/pt in Skim_TriLep_TTG.root
2026-01-28 17:19:18,070 - INFO - [2018] MISSING_CENTRAL: ZG1E2Mu/Central/jets/3/pt in Skim_TriLep_WWG.root
2026-01-28 17:19:18,282 - INFO - [2018] MISSING_SYSTEMATIC: ZG1E2Mu/UnclusteredEn_Up/jets/3/pt in Skim_TriLep_TTTT.root
2026-01-28 17:19:23,652 - INFO - [2018] MISSING_CENTRAL: ZG1E2Mu/Central/jets/3/pt in Skim_TriLep_MuonEG_B.root
2026-01-28 17:19:23,697 - INFO - [2018] MISSING_CENTRAL: ZG1E2Mu/Central/jets/3/pt in Skim_TriLep_MuonEG_B.root
2026-01-28 17:19:23,700 - INFO - [2018] MISSING_CENTRAL: ZG1E2Mu/Central/jets/3/pt in Skim_TriLep_DYJets10to50.root
2026-01-28 17:19:23,701 - INFO - [2018] MISSING_CENTRAL: ZG1E2Mu/Central/jets/3/pt in Skim_TriLep_TTG.root
2026-01-28 17:19:23,701 - INFO - [2018] MISSING_CENTRAL: ZG1E2Mu/Central/jets/3/pt in Skim_TriLep_WWG.root
2026-01-28 19:52:54,443 - INFO - [2018] MISSING_CENTRAL: ZG1E2Mu/Central/jets/3/pt in Skim_TriLep_MuonEG_B.root
2026-01-28 19:52:54,491 - INFO - [2018] MISSING_CENTRAL: ZG1E2Mu/Central/jets/3/pt in Skim_TriLep_MuonEG_B.root
2026-01-28 19:52:54,519 - INFO - [2018] MISSING_CENTRAL: ZG1E2Mu/Central/jets/3/pt in Skim_TriLep_DYJets10to50.root
2026-01-28 19:52:54,520 - INFO - [2018] MISSING_CENTRAL: ZG1E2Mu/Central/jets/3/pt in Skim_TriLep_TTG.root
2026-01-28 19:52:54,520 - INFO - [2018] MISSING_CENTRAL: ZG1E2Mu/Central/jets/3/pt in Skim_TriLep_WWG.root
2026-01-28 19:52:54,719 - INFO - [2018] MISSING_SYSTEMATIC: ZG1E2Mu/UnclusteredEn_Up/jets/3/pt in Skim_TriLep_TTTT.root
2026-01-28 19:53:00,103 - INFO - [2018] MISSING_CENTRAL: ZG1E2Mu/Central/jets/3/pt in Skim_TriLep_MuonEG_B.root
2026-01-28 19:53:00,145 - INFO - [2018] MISSING_CENTRAL: ZG1E2Mu/Central/jets/3/pt in Skim_TriLep_MuonEG_B.root
2026-01-28 19:53:00,148 - INFO - [2018] MISSING_CENTRAL: ZG1E2Mu/Central/jets/3/pt in Skim_TriLep_DYJets10to50.root
2026-01-28 19:53:00,149 - INFO - [2018] MISSING_CENTRAL: ZG1E2Mu/Central/jets/3/pt in Skim_TriLep_TTG.root
2026-01-28 19:53:00,149 - INFO - [2018] MISSING_CENTRAL: ZG1E2Mu/Central/jets/3/pt in Skim_TriLep_WWG.root
2026-01-29 07:10:17,507 - INFO - [2018] MISSING_CENTRAL: ZG1E2Mu/Central/jets/3/pt in Skim_TriLep_MuonEG_B.root
2026-01-29 07:10:17,545 - INFO - [2018] MISSING_CENTRAL: ZG1E2Mu/Central/jets/3/pt in Skim_TriLep_MuonEG_B.root
2026-01-29 07:10:17,566 - INFO - [2018] MISSING_CENTRAL: ZG1E2Mu/Central/jets/3/pt in Skim_TriLep_DYJets10to50.root
2026-01-29 07:10:17,566 - INFO - [2018] MISSING_CENTRAL: ZG1E2Mu/Central/jets/3/pt in Skim_TriLep_TTG.root
2026-01-29 07:10:17,567 - INFO - [2018] MISSING_CENTRAL: ZG1E2Mu/Central/jets/3/pt in Skim_TriLep_WWG.root
2026-01-29 07:10:17,669 - INFO - [2018] MISSING_SYSTEMATIC: ZG1E2Mu/UnclusteredEn_Up/jets/3/pt in Skim_TriLep_TTTT.root
2026-01-29 07:10:22,298 - INFO - [2018] MISSING_CENTRAL: ZG1E2Mu/Central/jets/3/pt in Skim_TriLep_MuonEG_B.root
2026-01-29 07:10:22,338 - INFO - [2018] MISSING_CENTRAL: ZG1E2Mu/Central/jets/3/pt in Skim_TriLep_MuonEG_B.root
2026-01-29 07:10:22,340 - INFO - [2018] MISSING_CENTRAL: ZG1E2Mu/Central/jets/3/pt in Skim_TriLep_DYJets10to50.root
2026-01-29 07:10:22,341 - INFO - [2018] MISSING_CENTRAL: ZG1E2Mu/Central/jets/3/pt in Skim_TriLep_TTG.root
2026-01-29 07:10:22,341 - INFO - [2018] MISSING_CENTRAL: ZG1E2Mu/Central/jets/3/pt in Skim_TriLep_WWG.root
2026-03-02 12:00:17,599 - INFO - [2018] MISSING_CENTRAL: ZG1E2Mu/Central/jets/3/pt in Skim_TriLep_MuonEG_B.root
2026-03-02 12:00:17,675 - INFO - [2018] MISSING_CENTRAL: ZG1E2Mu/Central/jets/3/pt in Skim_TriLep_MuonEG_B.root
2026-03-02 12:00:17,711 - INFO - [2018] MISSING_CENTRAL: ZG1E2Mu/Central/jets/3/pt in Skim_TriLep_DYJets10to50.root
2026-03-02 12:00:17,712 - INFO - [2018] MISSING_CENTRAL: ZG1E2Mu/Central/jets/3/pt in Skim_TriLep_TTG.root
2026-03-02 12:00:17,712 - INFO - [2018] MISSING_CENTRAL: ZG1E2Mu/Central/jets/3/pt in Skim_TriLep_WWG.root
2026-03-02 12:00:17,847 - INFO - [2018] MISSING_SYSTEMATIC: ZG1E2Mu/UnclusteredEn_Up/jets/3/pt in Skim_TriLep_TTTT.root
2026-03-02 12:00:22,776 - INFO - [2018] MISSING_CENTRAL: ZG1E2Mu/Central/jets/3/pt in Skim_TriLep_MuonEG_B.root
2026-03-02 12:00:22,820 - INFO - [2018] MISSING_CENTRAL: ZG1E2Mu/Central/jets/3/pt in Skim_TriLep_MuonEG_B.root
2026-03-02 12:00:22,822 - INFO - [2018] MISSING_CENTRAL: ZG1E2Mu/Central/jets/3/pt in Skim_TriLep_DYJets10to50.root
2026-03-02 12:00:22,823 - INFO - [2018] MISSING_CENTRAL: ZG1E2Mu/Central/jets/3/pt in Skim_TriLep_TTG.root
2026-03-02 12:00:22,824 - INFO - [2018] MISSING_CENTRAL: ZG1E2Mu/Central/jets/3/pt in Skim_TriLep_WWG.root
2026-03-12 21:27:32,402 - INFO - [2018] MISSING_CENTRAL: ZG1E2Mu/Central/jets/3/pt in Skim_TriLep_MuonEG_B.root
2026-03-12 21:27:32,444 - INFO - [2018] MISSING_CENTRAL: ZG1E2Mu/Central/jets/3/pt in Skim_TriLep_MuonEG_B.root
2026-03-12 21:27:32,465 - INFO - [2018] MISSING_CENTRAL: ZG1E2Mu/Central/jets/3/pt in Skim_TriLep_DYJets10to50.root
2026-03-12 21:27:32,465 - INFO - [2018] MISSING_CENTRAL: ZG1E2Mu/Central/jets/3/pt in Skim_TriLep_TTG.root
2026-03-12 21:27:32,466 - INFO - [2018] MISSING_CENTRAL: ZG1E2Mu/Central/jets/3/pt in Skim_TriLep_WWG.root
2026-03-12 21:27:32,597 - INFO - [2018] MISSING_SYSTEMATIC: ZG1E2Mu/UnclusteredEn_Up/jets/3/pt in Skim_TriLep_TTTT.root
2026-03-12 21:27:37,211 - INFO - [2018] MISSING_CENTRAL: ZG1E2Mu/Central/jets/3/pt in Skim_TriLep_MuonEG_B.root
2026-03-12 21:27:37,251 - INFO - [2018] MISSING_CENTRAL: ZG1E2Mu/Central/jets/3/pt in Skim_TriLep_MuonEG_B.root
2026-03-12 21:27:37,254 - INFO - [2018] MISSING_CENTRAL: ZG1E2Mu/Central/jets/3/pt in Skim_TriLep_DYJets10to50.root
2026-03-12 21:27:37,254 - INFO - [2018] MISSING_CENTRAL: ZG1E2Mu/Central/jets/3/pt in Skim_TriLep_TTG.root
2026-03-12 21:27:37,255 - INFO - [2018] MISSING_CENTRAL: ZG1E2Mu/Central/jets/3/pt in Skim_TriLep_WWG.root
2026-03-12 21:32:00,661 - INFO - [2018] MISSING_CENTRAL: ZG1E2Mu/Central/jets/3/pt in Skim_TriLep_MuonEG_B.root
2026-03-12 21:32:00,702 - INFO - [2018] MISSING_CENTRAL: ZG1E2Mu/Central/jets/3/pt in Skim_TriLep_MuonEG_B.root
2026-03-12 21:32:00,723 - INFO - [2018] MISSING_CENTRAL: ZG1E2Mu/Central/jets/3/pt in Skim_TriLep_DYJets10to50.root
2026-03-12 21:32:00,724 - INFO - [2018] MISSING_CENTRAL: ZG1E2Mu/Central/jets/3/pt in Skim_TriLep_TTG.root
2026-03-12 21:32:00,724 - INFO - [2018] MISSING_CENTRAL: ZG1E2Mu/Central/jets/3/pt in Skim_TriLep_WWG.root
2026-03-12 21:32:00,859 - INFO - [2018] MISSING_SYSTEMATIC: ZG1E2Mu/UnclusteredEn_Up/jets/3/pt in Skim_TriLep_TTTT.root
2026-03-12 21:32:05,365 - INFO - [2018] MISSING_CENTRAL: ZG1E2Mu/Central/jets/3/pt in Skim_TriLep_MuonEG_B.root
2026-03-12 21:32:05,407 - INFO - [2018] MISSING_CENTRAL: ZG1E2Mu/Central/jets/3/pt in Skim_TriLep_MuonEG_B.root
2026-03-12 21:32:05,409 - INFO - [2018] MISSING_CENTRAL: ZG1E2Mu/Central/jets/3/pt in Skim_TriLep_DYJets10to50.root
2026-03-12 21:32:05,410 - INFO - [2018] MISSING_CENTRAL: ZG1E2Mu/Central/jets/3/pt in Skim_TriLep_TTG.root
2026-03-12 21:32:05,411 - INFO - [2018] MISSING_CENTRAL: ZG1E2Mu/Central/jets/3/pt in Skim_TriLep_WWG.root
