2025-09-24 15:48:38,082 - INFO - [2018] MISSING_CENTRAL: ZG1E2Mu/Central/METv/pt in Skim_TriLep_DYJets10to50.root
2025-09-24 15:48:38,114 - INFO - [2018] MISSING_CENTRAL: ZG1E2Mu/Central/METv/pt in Skim_TriLep_TTG.root
2025-09-24 15:48:38,158 - INFO - [2018] MISSING_FILE: /Users/choij/Sync/workspace/ChargedHiggsAnalysisV3/SKNanoOutput/CRPromptSelector/Run1E2Mu_RunSyst/2018/Skim_TriLep_WZTo3LNu_amcatnlo.root
2025-09-24 15:48:47,536 - INFO - [2018] MISSING_CENTRAL: ZG1E2Mu/Central/METv/pt in Skim_TriLep_DYJets10to50.root
2025-09-24 15:48:47,537 - INFO - [2018] MISSING_CENTRAL: ZG1E2Mu/Central/METv/pt in Skim_TriLep_TTG.root
2025-09-24 15:48:47,538 - INFO - [2018] MISSING_FILE: /Users/choij/Sync/workspace/ChargedHiggsAnalysisV3/SKNanoOutput/CRPromptSelector/Run1E2Mu_RunSyst/2018/Skim_TriLep_WZTo3LNu_amcatnlo.root
2025-10-02 21:13:24,790 - INFO - [2018] MISSING_CENTRAL: ZG1E2Mu/Central/METv/pt in Skim_TriLep_DYJets10to50.root
2025-10-02 21:13:25,027 - INFO - [2018] MISSING_CENTRAL: ZG1E2Mu/Central/METv/pt in Skim_TriLep_TTG.root
2025-10-02 21:13:25,517 - INFO - [2018] MISSING_FILE: /data9/Users/choij/Sync/workspace/ChargedHiggsAnalysisV3/SKNanoOutput/CRPromptSelector/Run1E2Mu_RunSyst/2018/Skim_TriLep_WZTo3LNu_amcatnlo.root
2025-10-02 21:13:31,822 - INFO - [2018] MISSING_CENTRAL: ZG1E2Mu/Central/METv/pt in Skim_TriLep_DYJets10to50.root
2025-10-02 21:13:31,824 - INFO - [2018] MISSING_CENTRAL: ZG1E2Mu/Central/METv/pt in Skim_TriLep_TTG.root
2025-10-02 21:13:31,828 - INFO - [2018] MISSING_FILE: /data9/Users/choij/Sync/workspace/ChargedHiggsAnalysisV3/SKNanoOutput/CRPromptSelector/Run1E2Mu_RunSyst/2018/Skim_TriLep_WZTo3LNu_amcatnlo.root
2025-10-03 00:01:22,924 - INFO - [2018] MISSING_CENTRAL: ZG1E2Mu/Central/METv/pt in Skim_TriLep_DYJets10to50.root
2025-10-03 00:01:22,935 - INFO - [2018] MISSING_CENTRAL: ZG1E2Mu/Central/METv/pt in Skim_TriLep_TTG.root
2025-10-03 00:01:23,047 - INFO - [2018] MISSING_FILE: /Users/choij/Sync/workspace/ChargedHiggsAnalysisV3/SKNanoOutput/CRPromptSelector/Run1E2Mu_RunSyst/2018/Skim_TriLep_WZTo3LNu_amcatnlo.root
2025-10-03 00:01:31,635 - INFO - [2018] MISSING_CENTRAL: ZG1E2Mu/Central/METv/pt in Skim_TriLep_DYJets10to50.root
2025-10-03 00:01:31,636 - INFO - [2018] MISSING_CENTRAL: ZG1E2Mu/Central/METv/pt in Skim_TriLep_TTG.root
2025-10-03 00:01:31,637 - INFO - [2018] MISSING_FILE: /Users/choij/Sync/workspace/ChargedHiggsAnalysisV3/SKNanoOutput/CRPromptSelector/Run1E2Mu_RunSyst/2018/Skim_TriLep_WZTo3LNu_amcatnlo.root
2025-11-07 14:03:50,722 - INFO - [2018] MISSING_CENTRAL: ZG1E2Mu/Central/METv/pt in Skim_TriLep_DYJets10to50.root
2025-11-07 14:03:50,731 - INFO - [2018] MISSING_CENTRAL: ZG1E2Mu/Central/METv/pt in Skim_TriLep_TTG.root
2025-11-07 14:03:50,759 - INFO - [2018] MISSING_FILE: /home/choij/Sync/workspace/ChargedHiggsAnalysisV3/SKNanoOutput/CRPromptSelector/Run1E2Mu_RunSyst/2018/Skim_TriLep_WZTo3LNu_amcatnlo.root
2025-11-07 14:03:55,867 - INFO - [2018] MISSING_CENTRAL: ZG1E2Mu/Central/METv/pt in Skim_TriLep_DYJets10to50.root
2025-11-07 14:03:55,867 - INFO - [2018] MISSING_CENTRAL: ZG1E2Mu/Central/METv/pt in Skim_TriLep_TTG.root
2025-11-07 14:03:55,869 - INFO - [2018] MISSING_FILE: /home/choij/Sync/workspace/ChargedHiggsAnalysisV3/SKNanoOutput/CRPromptSelector/Run1E2Mu_RunSyst/2018/Skim_TriLep_WZTo3LNu_amcatnlo.root
2025-11-10 05:54:37,117 - INFO - [2018] MISSING_CENTRAL: ZG1E2Mu/Central/METv/pt in Skim_TriLep_DYJets10to50.root
2025-11-10 05:54:37,142 - INFO - [2018] MISSING_CENTRAL: ZG1E2Mu/Central/METv/pt in Skim_TriLep_TTG.root
2025-11-10 05:54:37,181 - INFO - [2018] MISSING_FILE: /home/choij/Sync/workspace/ChargedHiggsAnalysisV3/SKNanoOutput/CRPromptSelector/Run1E2Mu_RunSyst/2018/Skim_TriLep_WZTo3LNu_amcatnlo.root
2025-11-10 05:54:43,942 - INFO - [2018] MISSING_CENTRAL: ZG1E2Mu/Central/METv/pt in Skim_TriLep_DYJets10to50.root
2025-11-10 05:54:43,942 - INFO - [2018] MISSING_CENTRAL: ZG1E2Mu/Central/METv/pt in Skim_TriLep_TTG.root
2025-11-10 05:54:43,944 - INFO - [2018] MISSING_FILE: /home/choij/Sync/workspace/ChargedHiggsAnalysisV3/SKNanoOutput/CRPromptSelector/Run1E2Mu_RunSyst/2018/Skim_TriLep_WZTo3LNu_amcatnlo.root
