2025-12-18 14:49:43,381 - INFO - [2023] MISSING_CENTRAL: TTZ2E1Mu/Central/bjets/2/pt in Skim_TriLep_MuonEG_C_v3.root
2025-12-18 14:49:43,384 - INFO - [2023BPix] MISSING_CENTRAL: TTZ2E1Mu/Central/bjets/2/pt in Skim_TriLep_MuonEG_D_v2.root
2025-12-18 14:49:43,411 - INFO - [2022] MISSING_CENTRAL: TTZ2E1Mu/Central/bjets/2/pt in Skim_TriLep_DYJets.root
2025-12-18 14:49:43,412 - INFO - [2022] MISSING_CENTRAL: TTZ2E1Mu/Central/bjets/2/pt in Skim_TriLep_DYJets10to50.root
2025-12-18 14:49:43,413 - INFO - [2022] MISSING_CENTRAL: TTZ2E1Mu/Central/bjets/2/pt in Skim_TriLep_TTG_PTG10to100.root
2025-12-18 14:49:43,558 - INFO - [2022] MISSING_CENTRAL: TTZ2E1Mu/Central/bjets/2/pt in Skim_TriLep_WZTo3LNu_powheg.root
2025-12-18 14:49:43,619 - INFO - [2022] MISSING_CENTRAL: TTZ2E1Mu/Central/bjets/2/pt in Skim_TriLep_WWW.root
2025-12-18 14:49:43,719 - INFO - [2022] MISSING_CENTRAL: TTZ2E1Mu/Central/bjets/2/pt in Skim_TriLep_ggHToZZTo4L.root
2025-12-18 14:49:43,733 - INFO - [2022EE] MISSING_CENTRAL: TTZ2E1Mu/Central/bjets/2/pt in Skim_TriLep_DYJets.root
2025-12-18 14:49:43,738 - INFO - [2022EE] MISSING_CENTRAL: TTZ2E1Mu/Central/bjets/2/pt in Skim_TriLep_DYJets10to50.root
2025-12-18 14:49:43,787 - INFO - [2022EE] MISSING_CENTRAL: TTZ2E1Mu/Central/bjets/2/pt in Skim_TriLep_TTG_PTG200toInf.root
2025-12-18 14:49:44,135 - INFO - [2022EE] MISSING_CENTRAL: TTZ2E1Mu/Central/bjets/2/pt in Skim_TriLep_WWW.root
2025-12-18 14:49:44,455 - INFO - [2023] MISSING_CENTRAL: TTZ2E1Mu/Central/bjets/2/pt in Skim_TriLep_DYJets.root
2025-12-18 14:49:44,456 - INFO - [2023] MISSING_CENTRAL: TTZ2E1Mu/Central/bjets/2/pt in Skim_TriLep_DYJets10to50.root
2025-12-18 14:49:44,769 - INFO - [2023] MISSING_CENTRAL: TTZ2E1Mu/Central/bjets/2/pt in Skim_TriLep_WWW.root
2025-12-18 14:49:44,874 - INFO - [2023] MISSING_CENTRAL: TTZ2E1Mu/Central/bjets/2/pt in Skim_TriLep_ggHToZZTo4L.root
2025-12-18 14:49:44,905 - INFO - [2023BPix] MISSING_CENTRAL: TTZ2E1Mu/Central/bjets/2/pt in Skim_TriLep_DYJets10to50.root
2025-12-18 14:49:44,933 - INFO - [2023BPix] MISSING_CENTRAL: TTZ2E1Mu/Central/bjets/2/pt in Skim_TriLep_TTG_PTG100to200.root
2025-12-18 14:49:45,163 - INFO - [2023BPix] MISSING_CENTRAL: TTZ2E1Mu/Central/bjets/2/pt in Skim_TriLep_WWW.root
2025-12-18 14:49:45,283 - INFO - [2023BPix] MISSING_CENTRAL: TTZ2E1Mu/Central/bjets/2/pt in Skim_TriLep_ggHToZZTo4L.root
2025-12-18 21:35:54,750 - INFO - [2023] MISSING_CENTRAL: TTZ2E1Mu/Central/bjets/2/pt in Skim_TriLep_MuonEG_C_v3.root
2025-12-18 21:35:54,753 - INFO - [2023BPix] MISSING_CENTRAL: TTZ2E1Mu/Central/bjets/2/pt in Skim_TriLep_MuonEG_D_v2.root
2025-12-18 21:35:54,776 - INFO - [2022] MISSING_CENTRAL: TTZ2E1Mu/Central/bjets/2/pt in Skim_TriLep_DYJets.root
2025-12-18 21:35:54,777 - INFO - [2022] MISSING_CENTRAL: TTZ2E1Mu/Central/bjets/2/pt in Skim_TriLep_DYJets10to50.root
2025-12-18 21:35:54,778 - INFO - [2022] MISSING_CENTRAL: TTZ2E1Mu/Central/bjets/2/pt in Skim_TriLep_TTG_PTG10to100.root
2025-12-18 21:35:55,055 - INFO - [2022] MISSING_CENTRAL: TTZ2E1Mu/Central/bjets/2/pt in Skim_TriLep_WZTo3LNu_powheg.root
2025-12-18 21:35:55,113 - INFO - [2022] MISSING_CENTRAL: TTZ2E1Mu/Central/bjets/2/pt in Skim_TriLep_WWW.root
2025-12-18 21:35:55,203 - INFO - [2022] MISSING_CENTRAL: TTZ2E1Mu/Central/bjets/2/pt in Skim_TriLep_ggHToZZTo4L.root
2025-12-18 21:35:55,209 - INFO - [2022EE] MISSING_CENTRAL: TTZ2E1Mu/Central/bjets/2/pt in Skim_TriLep_DYJets.root
2025-12-18 21:35:55,209 - INFO - [2022EE] MISSING_CENTRAL: TTZ2E1Mu/Central/bjets/2/pt in Skim_TriLep_DYJets10to50.root
2025-12-18 21:35:55,249 - INFO - [2022EE] MISSING_CENTRAL: TTZ2E1Mu/Central/bjets/2/pt in Skim_TriLep_TTG_PTG200toInf.root
2025-12-18 21:35:55,412 - INFO - [2022EE] MISSING_CENTRAL: TTZ2E1Mu/Central/bjets/2/pt in Skim_TriLep_WWW.root
2025-12-18 21:35:55,615 - INFO - [2023] MISSING_CENTRAL: TTZ2E1Mu/Central/bjets/2/pt in Skim_TriLep_DYJets.root
2025-12-18 21:35:55,616 - INFO - [2023] MISSING_CENTRAL: TTZ2E1Mu/Central/bjets/2/pt in Skim_TriLep_DYJets10to50.root
2025-12-18 21:35:56,000 - INFO - [2023] MISSING_CENTRAL: TTZ2E1Mu/Central/bjets/2/pt in Skim_TriLep_WWW.root
2025-12-18 21:35:56,253 - INFO - [2023] MISSING_CENTRAL: TTZ2E1Mu/Central/bjets/2/pt in Skim_TriLep_ggHToZZTo4L.root
2025-12-18 21:35:56,286 - INFO - [2023BPix] MISSING_CENTRAL: TTZ2E1Mu/Central/bjets/2/pt in Skim_TriLep_DYJets10to50.root
2025-12-18 21:35:56,334 - INFO - [2023BPix] MISSING_CENTRAL: TTZ2E1Mu/Central/bjets/2/pt in Skim_TriLep_TTG_PTG100to200.root
2025-12-18 21:35:56,524 - INFO - [2023BPix] MISSING_CENTRAL: TTZ2E1Mu/Central/bjets/2/pt in Skim_TriLep_WWW.root
2025-12-18 21:35:56,624 - INFO - [2023BPix] MISSING_CENTRAL: TTZ2E1Mu/Central/bjets/2/pt in Skim_TriLep_ggHToZZTo4L.root
2025-12-18 23:45:04,040 - INFO - [2023] MISSING_CENTRAL: TTZ2E1Mu/Central/bjets/2/pt in Skim_TriLep_MuonEG_C_v3.root
2025-12-18 23:45:04,041 - INFO - [2023BPix] MISSING_CENTRAL: TTZ2E1Mu/Central/bjets/2/pt in Skim_TriLep_MuonEG_D_v2.root
2025-12-18 23:45:04,059 - INFO - [2022] MISSING_CENTRAL: TTZ2E1Mu/Central/bjets/2/pt in Skim_TriLep_DYJets.root
2025-12-18 23:45:04,059 - INFO - [2022] MISSING_CENTRAL: TTZ2E1Mu/Central/bjets/2/pt in Skim_TriLep_DYJets10to50.root
2025-12-18 23:45:04,060 - INFO - [2022] MISSING_CENTRAL: TTZ2E1Mu/Central/bjets/2/pt in Skim_TriLep_TTG_PTG10to100.root
2025-12-18 23:45:04,137 - INFO - [2022] MISSING_CENTRAL: TTZ2E1Mu/Central/bjets/2/pt in Skim_TriLep_WZTo3LNu_powheg.root
2025-12-18 23:45:04,175 - INFO - [2022] MISSING_CENTRAL: TTZ2E1Mu/Central/bjets/2/pt in Skim_TriLep_WWW.root
2025-12-18 23:45:04,236 - INFO - [2022] MISSING_CENTRAL: TTZ2E1Mu/Central/bjets/2/pt in Skim_TriLep_ggHToZZTo4L.root
2025-12-18 23:45:04,238 - INFO - [2022EE] MISSING_CENTRAL: TTZ2E1Mu/Central/bjets/2/pt in Skim_TriLep_DYJets.root
2025-12-18 23:45:04,238 - INFO - [2022EE] MISSING_CENTRAL: TTZ2E1Mu/Central/bjets/2/pt in Skim_TriLep_DYJets10to50.root
2025-12-18 23:45:04,263 - INFO - [2022EE] MISSING_CENTRAL: TTZ2E1Mu/Central/bjets/2/pt in Skim_TriLep_TTG_PTG200toInf.root
2025-12-18 23:45:04,360 - INFO - [2022EE] MISSING_CENTRAL: TTZ2E1Mu/Central/bjets/2/pt in Skim_TriLep_WWW.root
2025-12-18 23:45:04,438 - INFO - [2023] MISSING_CENTRAL: TTZ2E1Mu/Central/bjets/2/pt in Skim_TriLep_DYJets.root
2025-12-18 23:45:04,439 - INFO - [2023] MISSING_CENTRAL: TTZ2E1Mu/Central/bjets/2/pt in Skim_TriLep_DYJets10to50.root
2025-12-18 23:45:04,618 - INFO - [2023] MISSING_CENTRAL: TTZ2E1Mu/Central/bjets/2/pt in Skim_TriLep_WWW.root
2025-12-18 23:45:04,719 - INFO - [2023] MISSING_CENTRAL: TTZ2E1Mu/Central/bjets/2/pt in Skim_TriLep_ggHToZZTo4L.root
2025-12-18 23:45:04,735 - INFO - [2023BPix] MISSING_CENTRAL: TTZ2E1Mu/Central/bjets/2/pt in Skim_TriLep_DYJets10to50.root
2025-12-18 23:45:04,750 - INFO - [2023BPix] MISSING_CENTRAL: TTZ2E1Mu/Central/bjets/2/pt in Skim_TriLep_TTG_PTG100to200.root
2025-12-18 23:45:04,903 - INFO - [2023BPix] MISSING_CENTRAL: TTZ2E1Mu/Central/bjets/2/pt in Skim_TriLep_WWW.root
2025-12-18 23:45:04,968 - INFO - [2023BPix] MISSING_CENTRAL: TTZ2E1Mu/Central/bjets/2/pt in Skim_TriLep_ggHToZZTo4L.root
2026-01-07 11:25:04,860 - INFO - [2023] MISSING_CENTRAL: TTZ2E1Mu/Central/bjets/2/pt in Skim_TriLep_MuonEG_C_v3.root
2026-01-07 11:25:04,863 - INFO - [2023BPix] MISSING_CENTRAL: TTZ2E1Mu/Central/bjets/2/pt in Skim_TriLep_MuonEG_D_v2.root
2026-01-07 11:25:04,937 - INFO - [2022] MISSING_CENTRAL: TTZ2E1Mu/Central/bjets/2/pt in Skim_TriLep_DYJets.root
2026-01-07 11:25:04,943 - INFO - [2022] MISSING_CENTRAL: TTZ2E1Mu/Central/bjets/2/pt in Skim_TriLep_DYJets10to50.root
2026-01-07 11:25:04,949 - INFO - [2022] MISSING_CENTRAL: TTZ2E1Mu/Central/bjets/2/pt in Skim_TriLep_TTG_PTG10to100.root
2026-01-07 11:25:05,110 - INFO - [2022] MISSING_CENTRAL: TTZ2E1Mu/Central/bjets/2/pt in Skim_TriLep_WZTo3LNu_powheg.root
2026-01-07 11:25:05,199 - INFO - [2022] MISSING_CENTRAL: TTZ2E1Mu/Central/bjets/2/pt in Skim_TriLep_WWW.root
2026-01-07 11:25:05,347 - INFO - [2022] MISSING_CENTRAL: TTZ2E1Mu/Central/bjets/2/pt in Skim_TriLep_ggHToZZTo4L.root
2026-01-07 11:25:05,358 - INFO - [2022EE] MISSING_CENTRAL: TTZ2E1Mu/Central/bjets/2/pt in Skim_TriLep_DYJets.root
2026-01-07 11:25:05,366 - INFO - [2022EE] MISSING_CENTRAL: TTZ2E1Mu/Central/bjets/2/pt in Skim_TriLep_DYJets10to50.root
2026-01-07 11:25:05,455 - INFO - [2022EE] MISSING_CENTRAL: TTZ2E1Mu/Central/bjets/2/pt in Skim_TriLep_TTG_PTG200toInf.root
2026-01-07 11:25:05,753 - INFO - [2022EE] MISSING_CENTRAL: TTZ2E1Mu/Central/bjets/2/pt in Skim_TriLep_WWW.root
2026-01-07 11:25:05,932 - INFO - [2023] MISSING_CENTRAL: TTZ2E1Mu/Central/bjets/2/pt in Skim_TriLep_DYJets.root
2026-01-07 11:25:05,933 - INFO - [2023] MISSING_CENTRAL: TTZ2E1Mu/Central/bjets/2/pt in Skim_TriLep_DYJets10to50.root
2026-01-07 11:25:06,249 - INFO - [2023] MISSING_CENTRAL: TTZ2E1Mu/Central/bjets/2/pt in Skim_TriLep_WWW.root
2026-01-07 11:25:06,487 - INFO - [2023] MISSING_CENTRAL: TTZ2E1Mu/Central/bjets/2/pt in Skim_TriLep_ggHToZZTo4L.root
2026-01-07 11:25:06,520 - INFO - [2023BPix] MISSING_CENTRAL: TTZ2E1Mu/Central/bjets/2/pt in Skim_TriLep_DYJets10to50.root
2026-01-07 11:25:06,544 - INFO - [2023BPix] MISSING_CENTRAL: TTZ2E1Mu/Central/bjets/2/pt in Skim_TriLep_TTG_PTG100to200.root
2026-01-07 11:25:06,796 - INFO - [2023BPix] MISSING_CENTRAL: TTZ2E1Mu/Central/bjets/2/pt in Skim_TriLep_WWW.root
2026-01-07 11:25:06,935 - INFO - [2023BPix] MISSING_CENTRAL: TTZ2E1Mu/Central/bjets/2/pt in Skim_TriLep_ggHToZZTo4L.root
2026-01-07 11:57:54,864 - INFO - [2023] MISSING_CENTRAL: TTZ2E1Mu/Central/bjets/2/pt in Skim_TriLep_MuonEG_C_v3.root
2026-01-07 11:57:54,867 - INFO - [2023BPix] MISSING_CENTRAL: TTZ2E1Mu/Central/bjets/2/pt in Skim_TriLep_MuonEG_D_v2.root
2026-01-07 11:57:54,910 - INFO - [2022] MISSING_CENTRAL: TTZ2E1Mu/Central/bjets/2/pt in Skim_TriLep_DYJets.root
2026-01-07 11:57:54,910 - INFO - [2022] MISSING_CENTRAL: TTZ2E1Mu/Central/bjets/2/pt in Skim_TriLep_DYJets10to50.root
2026-01-07 11:57:54,911 - INFO - [2022] MISSING_CENTRAL: TTZ2E1Mu/Central/bjets/2/pt in Skim_TriLep_TTG_PTG10to100.root
2026-01-07 11:57:55,047 - INFO - [2022] MISSING_CENTRAL: TTZ2E1Mu/Central/bjets/2/pt in Skim_TriLep_WZTo3LNu_powheg.root
2026-01-07 11:57:55,147 - INFO - [2022] MISSING_CENTRAL: TTZ2E1Mu/Central/bjets/2/pt in Skim_TriLep_WWW.root
2026-01-07 11:57:55,419 - INFO - [2022] MISSING_CENTRAL: TTZ2E1Mu/Central/bjets/2/pt in Skim_TriLep_ggHToZZTo4L.root
2026-01-07 11:57:55,431 - INFO - [2022EE] MISSING_CENTRAL: TTZ2E1Mu/Central/bjets/2/pt in Skim_TriLep_DYJets.root
2026-01-07 11:57:55,437 - INFO - [2022EE] MISSING_CENTRAL: TTZ2E1Mu/Central/bjets/2/pt in Skim_TriLep_DYJets10to50.root
2026-01-07 11:57:55,496 - INFO - [2022EE] MISSING_CENTRAL: TTZ2E1Mu/Central/bjets/2/pt in Skim_TriLep_TTG_PTG200toInf.root
2026-01-07 11:57:55,691 - INFO - [2022EE] MISSING_CENTRAL: TTZ2E1Mu/Central/bjets/2/pt in Skim_TriLep_WWW.root
2026-01-07 11:57:55,921 - INFO - [2023] MISSING_CENTRAL: TTZ2E1Mu/Central/bjets/2/pt in Skim_TriLep_DYJets.root
2026-01-07 11:57:55,924 - INFO - [2023] MISSING_CENTRAL: TTZ2E1Mu/Central/bjets/2/pt in Skim_TriLep_DYJets10to50.root
2026-01-07 11:57:56,249 - INFO - [2023] MISSING_CENTRAL: TTZ2E1Mu/Central/bjets/2/pt in Skim_TriLep_WWW.root
2026-01-07 11:57:56,372 - INFO - [2023] MISSING_CENTRAL: TTZ2E1Mu/Central/bjets/2/pt in Skim_TriLep_ggHToZZTo4L.root
2026-01-07 11:57:56,399 - INFO - [2023BPix] MISSING_CENTRAL: TTZ2E1Mu/Central/bjets/2/pt in Skim_TriLep_DYJets10to50.root
2026-01-07 11:57:56,422 - INFO - [2023BPix] MISSING_CENTRAL: TTZ2E1Mu/Central/bjets/2/pt in Skim_TriLep_TTG_PTG100to200.root
2026-01-07 11:57:56,626 - INFO - [2023BPix] MISSING_CENTRAL: TTZ2E1Mu/Central/bjets/2/pt in Skim_TriLep_WWW.root
2026-01-07 11:57:56,770 - INFO - [2023BPix] MISSING_CENTRAL: TTZ2E1Mu/Central/bjets/2/pt in Skim_TriLep_ggHToZZTo4L.root
2026-01-07 18:54:32,409 - INFO - [2023] MISSING_CENTRAL: TTZ2E1Mu/Central/bjets/2/pt in Skim_TriLep_MuonEG_C_v3.root
2026-01-07 18:54:32,413 - INFO - [2023BPix] MISSING_CENTRAL: TTZ2E1Mu/Central/bjets/2/pt in Skim_TriLep_MuonEG_D_v2.root
2026-01-07 18:54:32,480 - INFO - [2022] MISSING_CENTRAL: TTZ2E1Mu/Central/bjets/2/pt in Skim_TriLep_DYJets.root
2026-01-07 18:54:32,481 - INFO - [2022] MISSING_CENTRAL: TTZ2E1Mu/Central/bjets/2/pt in Skim_TriLep_DYJets10to50.root
2026-01-07 18:54:32,482 - INFO - [2022] MISSING_CENTRAL: TTZ2E1Mu/Central/bjets/2/pt in Skim_TriLep_TTG_PTG10to100.root
2026-01-07 18:54:32,595 - INFO - [2022] MISSING_CENTRAL: TTZ2E1Mu/Central/bjets/2/pt in Skim_TriLep_WZTo3LNu_powheg.root
2026-01-07 18:54:32,690 - INFO - [2022] MISSING_CENTRAL: TTZ2E1Mu/Central/bjets/2/pt in Skim_TriLep_WWW.root
2026-01-07 18:54:32,855 - INFO - [2022] MISSING_CENTRAL: TTZ2E1Mu/Central/bjets/2/pt in Skim_TriLep_ggHToZZTo4L.root
2026-01-07 18:54:32,880 - INFO - [2022EE] MISSING_CENTRAL: TTZ2E1Mu/Central/bjets/2/pt in Skim_TriLep_DYJets.root
2026-01-07 18:54:32,884 - INFO - [2022EE] MISSING_CENTRAL: TTZ2E1Mu/Central/bjets/2/pt in Skim_TriLep_DYJets10to50.root
2026-01-07 18:54:32,965 - INFO - [2022EE] MISSING_CENTRAL: TTZ2E1Mu/Central/bjets/2/pt in Skim_TriLep_TTG_PTG200toInf.root
2026-01-07 18:54:33,306 - INFO - [2022EE] MISSING_CENTRAL: TTZ2E1Mu/Central/bjets/2/pt in Skim_TriLep_WWW.root
2026-01-07 18:54:33,544 - INFO - [2023] MISSING_CENTRAL: TTZ2E1Mu/Central/bjets/2/pt in Skim_TriLep_DYJets.root
2026-01-07 18:54:33,550 - INFO - [2023] MISSING_CENTRAL: TTZ2E1Mu/Central/bjets/2/pt in Skim_TriLep_DYJets10to50.root
2026-01-07 18:54:33,794 - INFO - [2023] MISSING_CENTRAL: TTZ2E1Mu/Central/bjets/2/pt in Skim_TriLep_WWW.root
2026-01-07 18:54:33,894 - INFO - [2023] MISSING_CENTRAL: TTZ2E1Mu/Central/bjets/2/pt in Skim_TriLep_ggHToZZTo4L.root
2026-01-07 18:54:33,918 - INFO - [2023BPix] MISSING_CENTRAL: TTZ2E1Mu/Central/bjets/2/pt in Skim_TriLep_DYJets10to50.root
2026-01-07 18:54:33,940 - INFO - [2023BPix] MISSING_CENTRAL: TTZ2E1Mu/Central/bjets/2/pt in Skim_TriLep_TTG_PTG100to200.root
2026-01-07 18:54:34,124 - INFO - [2023BPix] MISSING_CENTRAL: TTZ2E1Mu/Central/bjets/2/pt in Skim_TriLep_WWW.root
2026-01-07 18:54:34,227 - INFO - [2023BPix] MISSING_CENTRAL: TTZ2E1Mu/Central/bjets/2/pt in Skim_TriLep_ggHToZZTo4L.root
2026-01-09 12:29:57,360 - INFO - [2023] MISSING_CENTRAL: TTZ2E1Mu/Central/bjets/2/pt in Skim_TriLep_MuonEG_C_v3.root
2026-01-09 12:29:57,362 - INFO - [2023BPix] MISSING_CENTRAL: TTZ2E1Mu/Central/bjets/2/pt in Skim_TriLep_MuonEG_D_v2.root
2026-01-09 12:29:57,376 - INFO - [2022] MISSING_CENTRAL: TTZ2E1Mu/Central/bjets/2/pt in Skim_TriLep_DYJets.root
2026-01-09 12:29:57,376 - INFO - [2022] MISSING_CENTRAL: TTZ2E1Mu/Central/bjets/2/pt in Skim_TriLep_DYJets10to50.root
2026-01-09 12:29:57,377 - INFO - [2022] MISSING_CENTRAL: TTZ2E1Mu/Central/bjets/2/pt in Skim_TriLep_TTG_PTG10to100.root
2026-01-09 12:29:57,450 - INFO - [2022] MISSING_CENTRAL: TTZ2E1Mu/Central/bjets/2/pt in Skim_TriLep_WZTo3LNu_powheg.root
2026-01-09 12:29:57,487 - INFO - [2022] MISSING_CENTRAL: TTZ2E1Mu/Central/bjets/2/pt in Skim_TriLep_WWW.root
2026-01-09 12:29:57,546 - INFO - [2022] MISSING_CENTRAL: TTZ2E1Mu/Central/bjets/2/pt in Skim_TriLep_ggHToZZTo4L.root
2026-01-09 12:29:57,548 - INFO - [2022EE] MISSING_CENTRAL: TTZ2E1Mu/Central/bjets/2/pt in Skim_TriLep_DYJets.root
2026-01-09 12:29:57,549 - INFO - [2022EE] MISSING_CENTRAL: TTZ2E1Mu/Central/bjets/2/pt in Skim_TriLep_DYJets10to50.root
2026-01-09 12:29:57,572 - INFO - [2022EE] MISSING_CENTRAL: TTZ2E1Mu/Central/bjets/2/pt in Skim_TriLep_TTG_PTG200toInf.root
2026-01-09 12:29:57,674 - INFO - [2022EE] MISSING_CENTRAL: TTZ2E1Mu/Central/bjets/2/pt in Skim_TriLep_WWW.root
2026-01-09 12:29:57,778 - INFO - [2023] MISSING_CENTRAL: TTZ2E1Mu/Central/bjets/2/pt in Skim_TriLep_DYJets.root
2026-01-09 12:29:57,778 - INFO - [2023] MISSING_CENTRAL: TTZ2E1Mu/Central/bjets/2/pt in Skim_TriLep_DYJets10to50.root
2026-01-09 12:29:57,910 - INFO - [2023] MISSING_CENTRAL: TTZ2E1Mu/Central/bjets/2/pt in Skim_TriLep_WWW.root
2026-01-09 12:29:57,972 - INFO - [2023] MISSING_CENTRAL: TTZ2E1Mu/Central/bjets/2/pt in Skim_TriLep_ggHToZZTo4L.root
2026-01-09 12:29:57,986 - INFO - [2023BPix] MISSING_CENTRAL: TTZ2E1Mu/Central/bjets/2/pt in Skim_TriLep_DYJets10to50.root
2026-01-09 12:29:58,000 - INFO - [2023BPix] MISSING_CENTRAL: TTZ2E1Mu/Central/bjets/2/pt in Skim_TriLep_TTG_PTG100to200.root
2026-01-09 12:29:58,118 - INFO - [2023BPix] MISSING_CENTRAL: TTZ2E1Mu/Central/bjets/2/pt in Skim_TriLep_WWW.root
2026-01-09 12:29:58,187 - INFO - [2023BPix] MISSING_CENTRAL: TTZ2E1Mu/Central/bjets/2/pt in Skim_TriLep_ggHToZZTo4L.root
2026-01-11 09:49:57,038 - INFO - [2023] MISSING_CENTRAL: TTZ2E1Mu/Central/bjets/2/pt in Skim_TriLep_MuonEG_C_v3.root
2026-01-11 09:49:57,040 - INFO - [2023BPix] MISSING_CENTRAL: TTZ2E1Mu/Central/bjets/2/pt in Skim_TriLep_MuonEG_D_v2.root
2026-01-11 09:49:57,056 - INFO - [2022] MISSING_CENTRAL: TTZ2E1Mu/Central/bjets/2/pt in Skim_TriLep_DYJets.root
2026-01-11 09:49:57,056 - INFO - [2022] MISSING_CENTRAL: TTZ2E1Mu/Central/bjets/2/pt in Skim_TriLep_DYJets10to50.root
2026-01-11 09:49:57,057 - INFO - [2022] MISSING_CENTRAL: TTZ2E1Mu/Central/bjets/2/pt in Skim_TriLep_TTG_PTG10to100.root
2026-01-11 09:49:57,130 - INFO - [2022] MISSING_CENTRAL: TTZ2E1Mu/Central/bjets/2/pt in Skim_TriLep_WZTo3LNu_powheg.root
2026-01-11 09:49:57,167 - INFO - [2022] MISSING_CENTRAL: TTZ2E1Mu/Central/bjets/2/pt in Skim_TriLep_WWW.root
2026-01-11 09:49:57,224 - INFO - [2022] MISSING_CENTRAL: TTZ2E1Mu/Central/bjets/2/pt in Skim_TriLep_ggHToZZTo4L.root
2026-01-11 09:49:57,227 - INFO - [2022EE] MISSING_CENTRAL: TTZ2E1Mu/Central/bjets/2/pt in Skim_TriLep_DYJets.root
2026-01-11 09:49:57,228 - INFO - [2022EE] MISSING_CENTRAL: TTZ2E1Mu/Central/bjets/2/pt in Skim_TriLep_DYJets10to50.root
2026-01-11 09:49:57,252 - INFO - [2022EE] MISSING_CENTRAL: TTZ2E1Mu/Central/bjets/2/pt in Skim_TriLep_TTG_PTG200toInf.root
2026-01-11 09:49:57,351 - INFO - [2022EE] MISSING_CENTRAL: TTZ2E1Mu/Central/bjets/2/pt in Skim_TriLep_WWW.root
2026-01-11 09:49:57,428 - INFO - [2023] MISSING_CENTRAL: TTZ2E1Mu/Central/bjets/2/pt in Skim_TriLep_DYJets.root
2026-01-11 09:49:57,429 - INFO - [2023] MISSING_CENTRAL: TTZ2E1Mu/Central/bjets/2/pt in Skim_TriLep_DYJets10to50.root
2026-01-11 09:49:57,561 - INFO - [2023] MISSING_CENTRAL: TTZ2E1Mu/Central/bjets/2/pt in Skim_TriLep_WWW.root
2026-01-11 09:49:57,652 - INFO - [2023] MISSING_CENTRAL: TTZ2E1Mu/Central/bjets/2/pt in Skim_TriLep_ggHToZZTo4L.root
2026-01-11 09:49:57,703 - INFO - [2023BPix] MISSING_CENTRAL: TTZ2E1Mu/Central/bjets/2/pt in Skim_TriLep_DYJets10to50.root
2026-01-11 09:49:57,723 - INFO - [2023BPix] MISSING_CENTRAL: TTZ2E1Mu/Central/bjets/2/pt in Skim_TriLep_TTG_PTG100to200.root
2026-01-11 09:49:57,840 - INFO - [2023BPix] MISSING_CENTRAL: TTZ2E1Mu/Central/bjets/2/pt in Skim_TriLep_WWW.root
2026-01-11 09:49:57,907 - INFO - [2023BPix] MISSING_CENTRAL: TTZ2E1Mu/Central/bjets/2/pt in Skim_TriLep_ggHToZZTo4L.root
2026-01-12 13:58:55,289 - INFO - [2023] MISSING_CENTRAL: TTZ2E1Mu/Central/bjets/2/pt in Skim_TriLep_MuonEG_C_v3.root
2026-01-12 13:58:55,291 - INFO - [2023BPix] MISSING_CENTRAL: TTZ2E1Mu/Central/bjets/2/pt in Skim_TriLep_MuonEG_D_v2.root
2026-01-12 13:58:55,305 - INFO - [2022] MISSING_CENTRAL: TTZ2E1Mu/Central/bjets/2/pt in Skim_TriLep_DYJets.root
2026-01-12 13:58:55,306 - INFO - [2022] MISSING_CENTRAL: TTZ2E1Mu/Central/bjets/2/pt in Skim_TriLep_DYJets10to50.root
2026-01-12 13:58:55,306 - INFO - [2022] MISSING_CENTRAL: TTZ2E1Mu/Central/bjets/2/pt in Skim_TriLep_TTG_PTG10to100.root
2026-01-12 13:58:55,394 - INFO - [2022] MISSING_CENTRAL: TTZ2E1Mu/Central/bjets/2/pt in Skim_TriLep_WZTo3LNu_powheg.root
2026-01-12 13:58:55,441 - INFO - [2022] MISSING_CENTRAL: TTZ2E1Mu/Central/bjets/2/pt in Skim_TriLep_WWW.root
2026-01-12 13:58:55,498 - INFO - [2022] MISSING_CENTRAL: TTZ2E1Mu/Central/bjets/2/pt in Skim_TriLep_ggHToZZTo4L.root
2026-01-12 13:58:55,500 - INFO - [2022EE] MISSING_CENTRAL: TTZ2E1Mu/Central/bjets/2/pt in Skim_TriLep_DYJets.root
2026-01-12 13:58:55,501 - INFO - [2022EE] MISSING_CENTRAL: TTZ2E1Mu/Central/bjets/2/pt in Skim_TriLep_DYJets10to50.root
2026-01-12 13:58:55,525 - INFO - [2022EE] MISSING_CENTRAL: TTZ2E1Mu/Central/bjets/2/pt in Skim_TriLep_TTG_PTG200toInf.root
2026-01-12 13:58:55,616 - INFO - [2022EE] MISSING_CENTRAL: TTZ2E1Mu/Central/bjets/2/pt in Skim_TriLep_WWW.root
2026-01-12 13:58:55,722 - INFO - [2023] MISSING_CENTRAL: TTZ2E1Mu/Central/bjets/2/pt in Skim_TriLep_DYJets.root
2026-01-12 13:58:55,722 - INFO - [2023] MISSING_CENTRAL: TTZ2E1Mu/Central/bjets/2/pt in Skim_TriLep_DYJets10to50.root
2026-01-12 13:58:55,887 - INFO - [2023] MISSING_CENTRAL: TTZ2E1Mu/Central/bjets/2/pt in Skim_TriLep_WWW.root
2026-01-12 13:58:55,962 - INFO - [2023] MISSING_CENTRAL: TTZ2E1Mu/Central/bjets/2/pt in Skim_TriLep_ggHToZZTo4L.root
2026-01-12 13:58:55,989 - INFO - [2023BPix] MISSING_CENTRAL: TTZ2E1Mu/Central/bjets/2/pt in Skim_TriLep_DYJets10to50.root
2026-01-12 13:58:56,008 - INFO - [2023BPix] MISSING_CENTRAL: TTZ2E1Mu/Central/bjets/2/pt in Skim_TriLep_TTG_PTG100to200.root
2026-01-12 13:58:56,129 - INFO - [2023BPix] MISSING_CENTRAL: TTZ2E1Mu/Central/bjets/2/pt in Skim_TriLep_WWW.root
2026-01-12 13:58:56,200 - INFO - [2023BPix] MISSING_CENTRAL: TTZ2E1Mu/Central/bjets/2/pt in Skim_TriLep_ggHToZZTo4L.root
2026-01-16 19:13:25,585 - INFO - [2023] MISSING_CENTRAL: TTZ2E1Mu/Central/bjets/2/pt in Skim_TriLep_MuonEG_C_v3.root
2026-01-16 19:13:25,587 - INFO - [2023BPix] MISSING_CENTRAL: TTZ2E1Mu/Central/bjets/2/pt in Skim_TriLep_MuonEG_D_v2.root
2026-01-16 19:13:25,600 - INFO - [2022] MISSING_CENTRAL: TTZ2E1Mu/Central/bjets/2/pt in Skim_TriLep_DYJets.root
2026-01-16 19:13:25,601 - INFO - [2022] MISSING_CENTRAL: TTZ2E1Mu/Central/bjets/2/pt in Skim_TriLep_DYJets10to50.root
2026-01-16 19:13:25,601 - INFO - [2022] MISSING_CENTRAL: TTZ2E1Mu/Central/bjets/2/pt in Skim_TriLep_TTG_PTG10to100.root
2026-01-16 19:13:25,671 - INFO - [2022] MISSING_CENTRAL: TTZ2E1Mu/Central/bjets/2/pt in Skim_TriLep_WZTo3LNu_powheg.root
2026-01-16 19:13:25,705 - INFO - [2022] MISSING_CENTRAL: TTZ2E1Mu/Central/bjets/2/pt in Skim_TriLep_WWW.root
2026-01-16 19:13:25,760 - INFO - [2022] MISSING_CENTRAL: TTZ2E1Mu/Central/bjets/2/pt in Skim_TriLep_ggHToZZTo4L.root
2026-01-16 19:13:25,762 - INFO - [2022EE] MISSING_CENTRAL: TTZ2E1Mu/Central/bjets/2/pt in Skim_TriLep_DYJets.root
2026-01-16 19:13:25,763 - INFO - [2022EE] MISSING_CENTRAL: TTZ2E1Mu/Central/bjets/2/pt in Skim_TriLep_DYJets10to50.root
2026-01-16 19:13:25,789 - INFO - [2022EE] MISSING_CENTRAL: TTZ2E1Mu/Central/bjets/2/pt in Skim_TriLep_TTG_PTG200toInf.root
2026-01-16 19:13:25,884 - INFO - [2022EE] MISSING_CENTRAL: TTZ2E1Mu/Central/bjets/2/pt in Skim_TriLep_WWW.root
2026-01-16 19:13:25,961 - INFO - [2023] MISSING_CENTRAL: TTZ2E1Mu/Central/bjets/2/pt in Skim_TriLep_DYJets.root
2026-01-16 19:13:25,961 - INFO - [2023] MISSING_CENTRAL: TTZ2E1Mu/Central/bjets/2/pt in Skim_TriLep_DYJets10to50.root
2026-01-16 19:13:26,100 - INFO - [2023] MISSING_CENTRAL: TTZ2E1Mu/Central/bjets/2/pt in Skim_TriLep_WWW.root
2026-01-16 19:13:26,160 - INFO - [2023] MISSING_CENTRAL: TTZ2E1Mu/Central/bjets/2/pt in Skim_TriLep_ggHToZZTo4L.root
2026-01-16 19:13:26,174 - INFO - [2023BPix] MISSING_CENTRAL: TTZ2E1Mu/Central/bjets/2/pt in Skim_TriLep_DYJets10to50.root
2026-01-16 19:13:26,187 - INFO - [2023BPix] MISSING_CENTRAL: TTZ2E1Mu/Central/bjets/2/pt in Skim_TriLep_TTG_PTG100to200.root
2026-01-16 19:13:26,296 - INFO - [2023BPix] MISSING_CENTRAL: TTZ2E1Mu/Central/bjets/2/pt in Skim_TriLep_WWW.root
2026-01-16 19:13:26,358 - INFO - [2023BPix] MISSING_CENTRAL: TTZ2E1Mu/Central/bjets/2/pt in Skim_TriLep_ggHToZZTo4L.root
2026-01-28 17:10:03,462 - INFO - [2023] MISSING_CENTRAL: TTZ2E1Mu/Central/bjets/2/pt in Skim_TriLep_MuonEG_C_v3.root
2026-01-28 17:10:03,463 - INFO - [2023BPix] MISSING_CENTRAL: TTZ2E1Mu/Central/bjets/2/pt in Skim_TriLep_MuonEG_D_v2.root
2026-01-28 17:10:03,480 - INFO - [2022] MISSING_CENTRAL: TTZ2E1Mu/Central/bjets/2/pt in Skim_TriLep_DYJets.root
2026-01-28 17:10:03,480 - INFO - [2022] MISSING_CENTRAL: TTZ2E1Mu/Central/bjets/2/pt in Skim_TriLep_DYJets10to50.root
2026-01-28 17:10:03,481 - INFO - [2022] MISSING_CENTRAL: TTZ2E1Mu/Central/bjets/2/pt in Skim_TriLep_TTG_PTG10to100.root
2026-01-28 17:10:03,608 - INFO - [2022] MISSING_CENTRAL: TTZ2E1Mu/Central/bjets/2/pt in Skim_TriLep_WZTo3LNu_powheg.root
2026-01-28 17:10:03,642 - INFO - [2022] MISSING_CENTRAL: TTZ2E1Mu/Central/bjets/2/pt in Skim_TriLep_WWW.root
2026-01-28 17:10:03,724 - INFO - [2022] MISSING_CENTRAL: TTZ2E1Mu/Central/bjets/2/pt in Skim_TriLep_ggHToZZTo4L.root
2026-01-28 17:10:03,728 - INFO - [2022EE] MISSING_CENTRAL: TTZ2E1Mu/Central/bjets/2/pt in Skim_TriLep_DYJets.root
2026-01-28 17:10:03,729 - INFO - [2022EE] MISSING_CENTRAL: TTZ2E1Mu/Central/bjets/2/pt in Skim_TriLep_DYJets10to50.root
2026-01-28 17:10:03,762 - INFO - [2022EE] MISSING_CENTRAL: TTZ2E1Mu/Central/bjets/2/pt in Skim_TriLep_TTG_PTG200toInf.root
2026-01-28 17:10:03,907 - INFO - [2022EE] MISSING_CENTRAL: TTZ2E1Mu/Central/bjets/2/pt in Skim_TriLep_WWW.root
2026-01-28 17:10:04,039 - INFO - [2023] MISSING_CENTRAL: TTZ2E1Mu/Central/bjets/2/pt in Skim_TriLep_DYJets.root
2026-01-28 17:10:04,040 - INFO - [2023] MISSING_CENTRAL: TTZ2E1Mu/Central/bjets/2/pt in Skim_TriLep_DYJets10to50.root
2026-01-28 17:10:04,245 - INFO - [2023] MISSING_CENTRAL: TTZ2E1Mu/Central/bjets/2/pt in Skim_TriLep_WWW.root
2026-01-28 17:10:04,339 - INFO - [2023] MISSING_CENTRAL: TTZ2E1Mu/Central/bjets/2/pt in Skim_TriLep_ggHToZZTo4L.root
2026-01-28 17:10:04,378 - INFO - [2023BPix] MISSING_CENTRAL: TTZ2E1Mu/Central/bjets/2/pt in Skim_TriLep_DYJets10to50.root
2026-01-28 17:10:04,418 - INFO - [2023BPix] MISSING_CENTRAL: TTZ2E1Mu/Central/bjets/2/pt in Skim_TriLep_TTG_PTG100to200.root
2026-01-28 17:10:04,609 - INFO - [2023BPix] MISSING_CENTRAL: TTZ2E1Mu/Central/bjets/2/pt in Skim_TriLep_WWW.root
2026-01-28 17:10:04,711 - INFO - [2023BPix] MISSING_CENTRAL: TTZ2E1Mu/Central/bjets/2/pt in Skim_TriLep_ggHToZZTo4L.root
2026-01-28 17:30:31,946 - INFO - [2023] MISSING_CENTRAL: TTZ2E1Mu/Central/bjets/2/pt in Skim_TriLep_MuonEG_C_v3.root
2026-01-28 17:30:31,949 - INFO - [2023BPix] MISSING_CENTRAL: TTZ2E1Mu/Central/bjets/2/pt in Skim_TriLep_MuonEG_D_v2.root
2026-01-28 17:30:31,964 - INFO - [2022] MISSING_CENTRAL: TTZ2E1Mu/Central/bjets/2/pt in Skim_TriLep_DYJets.root
2026-01-28 17:30:31,965 - INFO - [2022] MISSING_CENTRAL: TTZ2E1Mu/Central/bjets/2/pt in Skim_TriLep_DYJets10to50.root
2026-01-28 17:30:31,965 - INFO - [2022] MISSING_CENTRAL: TTZ2E1Mu/Central/bjets/2/pt in Skim_TriLep_TTG_PTG10to100.root
2026-01-28 17:30:32,105 - INFO - [2022] MISSING_CENTRAL: TTZ2E1Mu/Central/bjets/2/pt in Skim_TriLep_WZTo3LNu_powheg.root
2026-01-28 17:30:32,139 - INFO - [2022] MISSING_CENTRAL: TTZ2E1Mu/Central/bjets/2/pt in Skim_TriLep_WWW.root
2026-01-28 17:30:32,226 - INFO - [2022] MISSING_CENTRAL: TTZ2E1Mu/Central/bjets/2/pt in Skim_TriLep_ggHToZZTo4L.root
2026-01-28 17:30:32,229 - INFO - [2022EE] MISSING_CENTRAL: TTZ2E1Mu/Central/bjets/2/pt in Skim_TriLep_DYJets.root
2026-01-28 17:30:32,230 - INFO - [2022EE] MISSING_CENTRAL: TTZ2E1Mu/Central/bjets/2/pt in Skim_TriLep_DYJets10to50.root
2026-01-28 17:30:32,264 - INFO - [2022EE] MISSING_CENTRAL: TTZ2E1Mu/Central/bjets/2/pt in Skim_TriLep_TTG_PTG200toInf.root
2026-01-28 17:30:32,444 - INFO - [2022EE] MISSING_CENTRAL: TTZ2E1Mu/Central/bjets/2/pt in Skim_TriLep_WWW.root
2026-01-28 17:30:32,546 - INFO - [2023] MISSING_CENTRAL: TTZ2E1Mu/Central/bjets/2/pt in Skim_TriLep_DYJets.root
2026-01-28 17:30:32,547 - INFO - [2023] MISSING_CENTRAL: TTZ2E1Mu/Central/bjets/2/pt in Skim_TriLep_DYJets10to50.root
2026-01-28 17:30:32,753 - INFO - [2023] MISSING_CENTRAL: TTZ2E1Mu/Central/bjets/2/pt in Skim_TriLep_WWW.root
2026-01-28 17:30:32,837 - INFO - [2023] MISSING_CENTRAL: TTZ2E1Mu/Central/bjets/2/pt in Skim_TriLep_ggHToZZTo4L.root
2026-01-28 17:30:32,856 - INFO - [2023BPix] MISSING_CENTRAL: TTZ2E1Mu/Central/bjets/2/pt in Skim_TriLep_DYJets10to50.root
2026-01-28 17:30:32,874 - INFO - [2023BPix] MISSING_CENTRAL: TTZ2E1Mu/Central/bjets/2/pt in Skim_TriLep_TTG_PTG100to200.root
2026-01-28 17:30:33,039 - INFO - [2023BPix] MISSING_CENTRAL: TTZ2E1Mu/Central/bjets/2/pt in Skim_TriLep_WWW.root
2026-01-28 17:30:33,130 - INFO - [2023BPix] MISSING_CENTRAL: TTZ2E1Mu/Central/bjets/2/pt in Skim_TriLep_ggHToZZTo4L.root
2026-01-28 20:04:27,406 - INFO - [2023] MISSING_CENTRAL: TTZ2E1Mu/Central/bjets/2/pt in Skim_TriLep_MuonEG_C_v3.root
2026-01-28 20:04:27,407 - INFO - [2023BPix] MISSING_CENTRAL: TTZ2E1Mu/Central/bjets/2/pt in Skim_TriLep_MuonEG_D_v2.root
2026-01-28 20:04:27,426 - INFO - [2022] MISSING_CENTRAL: TTZ2E1Mu/Central/bjets/2/pt in Skim_TriLep_DYJets.root
2026-01-28 20:04:27,426 - INFO - [2022] MISSING_CENTRAL: TTZ2E1Mu/Central/bjets/2/pt in Skim_TriLep_DYJets10to50.root
2026-01-28 20:04:27,427 - INFO - [2022] MISSING_CENTRAL: TTZ2E1Mu/Central/bjets/2/pt in Skim_TriLep_TTG_PTG10to100.root
2026-01-28 20:04:27,555 - INFO - [2022] MISSING_CENTRAL: TTZ2E1Mu/Central/bjets/2/pt in Skim_TriLep_WZTo3LNu_powheg.root
2026-01-28 20:04:27,591 - INFO - [2022] MISSING_CENTRAL: TTZ2E1Mu/Central/bjets/2/pt in Skim_TriLep_WWW.root
2026-01-28 20:04:27,674 - INFO - [2022] MISSING_CENTRAL: TTZ2E1Mu/Central/bjets/2/pt in Skim_TriLep_ggHToZZTo4L.root
2026-01-28 20:04:27,677 - INFO - [2022EE] MISSING_CENTRAL: TTZ2E1Mu/Central/bjets/2/pt in Skim_TriLep_DYJets.root
2026-01-28 20:04:27,677 - INFO - [2022EE] MISSING_CENTRAL: TTZ2E1Mu/Central/bjets/2/pt in Skim_TriLep_DYJets10to50.root
2026-01-28 20:04:27,710 - INFO - [2022EE] MISSING_CENTRAL: TTZ2E1Mu/Central/bjets/2/pt in Skim_TriLep_TTG_PTG200toInf.root
2026-01-28 20:04:27,855 - INFO - [2022EE] MISSING_CENTRAL: TTZ2E1Mu/Central/bjets/2/pt in Skim_TriLep_WWW.root
2026-01-28 20:04:27,969 - INFO - [2023] MISSING_CENTRAL: TTZ2E1Mu/Central/bjets/2/pt in Skim_TriLep_DYJets.root
2026-01-28 20:04:27,970 - INFO - [2023] MISSING_CENTRAL: TTZ2E1Mu/Central/bjets/2/pt in Skim_TriLep_DYJets10to50.root
2026-01-28 20:04:28,172 - INFO - [2023] MISSING_CENTRAL: TTZ2E1Mu/Central/bjets/2/pt in Skim_TriLep_WWW.root
2026-01-28 20:04:28,255 - INFO - [2023] MISSING_CENTRAL: TTZ2E1Mu/Central/bjets/2/pt in Skim_TriLep_ggHToZZTo4L.root
2026-01-28 20:04:28,275 - INFO - [2023BPix] MISSING_CENTRAL: TTZ2E1Mu/Central/bjets/2/pt in Skim_TriLep_DYJets10to50.root
2026-01-28 20:04:28,294 - INFO - [2023BPix] MISSING_CENTRAL: TTZ2E1Mu/Central/bjets/2/pt in Skim_TriLep_TTG_PTG100to200.root
2026-01-28 20:04:28,455 - INFO - [2023BPix] MISSING_CENTRAL: TTZ2E1Mu/Central/bjets/2/pt in Skim_TriLep_WWW.root
2026-01-28 20:04:28,550 - INFO - [2023BPix] MISSING_CENTRAL: TTZ2E1Mu/Central/bjets/2/pt in Skim_TriLep_ggHToZZTo4L.root
2026-01-29 07:20:43,581 - INFO - [2023] MISSING_CENTRAL: TTZ2E1Mu/Central/bjets/2/pt in Skim_TriLep_MuonEG_C_v3.root
2026-01-29 07:20:43,583 - INFO - [2023BPix] MISSING_CENTRAL: TTZ2E1Mu/Central/bjets/2/pt in Skim_TriLep_MuonEG_D_v2.root
2026-01-29 07:20:43,598 - INFO - [2022] MISSING_CENTRAL: TTZ2E1Mu/Central/bjets/2/pt in Skim_TriLep_DYJets.root
2026-01-29 07:20:43,598 - INFO - [2022] MISSING_CENTRAL: TTZ2E1Mu/Central/bjets/2/pt in Skim_TriLep_DYJets10to50.root
2026-01-29 07:20:43,599 - INFO - [2022] MISSING_CENTRAL: TTZ2E1Mu/Central/bjets/2/pt in Skim_TriLep_TTG_PTG10to100.root
2026-01-29 07:20:43,679 - INFO - [2022] MISSING_CENTRAL: TTZ2E1Mu/Central/bjets/2/pt in Skim_TriLep_WZTo3LNu_powheg.root
2026-01-29 07:20:43,700 - INFO - [2022] MISSING_CENTRAL: TTZ2E1Mu/Central/bjets/2/pt in Skim_TriLep_WWW.root
2026-01-29 07:20:43,749 - INFO - [2022] MISSING_CENTRAL: TTZ2E1Mu/Central/bjets/2/pt in Skim_TriLep_ggHToZZTo4L.root
2026-01-29 07:20:43,751 - INFO - [2022EE] MISSING_CENTRAL: TTZ2E1Mu/Central/bjets/2/pt in Skim_TriLep_DYJets.root
2026-01-29 07:20:43,751 - INFO - [2022EE] MISSING_CENTRAL: TTZ2E1Mu/Central/bjets/2/pt in Skim_TriLep_DYJets10to50.root
2026-01-29 07:20:43,772 - INFO - [2022EE] MISSING_CENTRAL: TTZ2E1Mu/Central/bjets/2/pt in Skim_TriLep_TTG_PTG200toInf.root
2026-01-29 07:20:43,864 - INFO - [2022EE] MISSING_CENTRAL: TTZ2E1Mu/Central/bjets/2/pt in Skim_TriLep_WWW.root
2026-01-29 07:20:43,936 - INFO - [2023] MISSING_CENTRAL: TTZ2E1Mu/Central/bjets/2/pt in Skim_TriLep_DYJets.root
2026-01-29 07:20:43,937 - INFO - [2023] MISSING_CENTRAL: TTZ2E1Mu/Central/bjets/2/pt in Skim_TriLep_DYJets10to50.root
2026-01-29 07:20:44,068 - INFO - [2023] MISSING_CENTRAL: TTZ2E1Mu/Central/bjets/2/pt in Skim_TriLep_WWW.root
2026-01-29 07:20:44,127 - INFO - [2023] MISSING_CENTRAL: TTZ2E1Mu/Central/bjets/2/pt in Skim_TriLep_ggHToZZTo4L.root
2026-01-29 07:20:44,140 - INFO - [2023BPix] MISSING_CENTRAL: TTZ2E1Mu/Central/bjets/2/pt in Skim_TriLep_DYJets10to50.root
2026-01-29 07:20:44,153 - INFO - [2023BPix] MISSING_CENTRAL: TTZ2E1Mu/Central/bjets/2/pt in Skim_TriLep_TTG_PTG100to200.root
2026-01-29 07:20:44,267 - INFO - [2023BPix] MISSING_CENTRAL: TTZ2E1Mu/Central/bjets/2/pt in Skim_TriLep_WWW.root
2026-01-29 07:20:44,329 - INFO - [2023BPix] MISSING_CENTRAL: TTZ2E1Mu/Central/bjets/2/pt in Skim_TriLep_ggHToZZTo4L.root
2026-03-06 09:45:36,767 - INFO - [2023] MISSING_CENTRAL: TTZ2E1Mu/Central/bjets/2/pt in Skim_TriLep_MuonEG_C_v3.root
2026-03-06 09:45:36,769 - INFO - [2023BPix] MISSING_CENTRAL: TTZ2E1Mu/Central/bjets/2/pt in Skim_TriLep_MuonEG_D_v2.root
2026-03-06 09:45:36,784 - INFO - [2022] MISSING_CENTRAL: TTZ2E1Mu/Central/bjets/2/pt in Skim_TriLep_DYJets.root
2026-03-06 09:45:36,785 - INFO - [2022] MISSING_CENTRAL: TTZ2E1Mu/Central/bjets/2/pt in Skim_TriLep_DYJets10to50.root
2026-03-06 09:45:36,785 - INFO - [2022] MISSING_CENTRAL: TTZ2E1Mu/Central/bjets/2/pt in Skim_TriLep_TTG_PTG10to100.root
2026-03-06 09:45:36,874 - INFO - [2022] MISSING_CENTRAL: TTZ2E1Mu/Central/bjets/2/pt in Skim_TriLep_WZTo3LNu_powheg.root
2026-03-06 09:45:36,900 - INFO - [2022] MISSING_CENTRAL: TTZ2E1Mu/Central/bjets/2/pt in Skim_TriLep_WWW.root
2026-03-06 09:45:36,958 - INFO - [2022] MISSING_CENTRAL: TTZ2E1Mu/Central/bjets/2/pt in Skim_TriLep_ggHToZZTo4L.root
2026-03-06 09:45:36,961 - INFO - [2022EE] MISSING_CENTRAL: TTZ2E1Mu/Central/bjets/2/pt in Skim_TriLep_DYJets.root
2026-03-06 09:45:36,962 - INFO - [2022EE] MISSING_CENTRAL: TTZ2E1Mu/Central/bjets/2/pt in Skim_TriLep_DYJets10to50.root
2026-03-06 09:45:36,986 - INFO - [2022EE] MISSING_CENTRAL: TTZ2E1Mu/Central/bjets/2/pt in Skim_TriLep_TTG_PTG200toInf.root
2026-03-06 09:45:37,086 - INFO - [2022EE] MISSING_CENTRAL: TTZ2E1Mu/Central/bjets/2/pt in Skim_TriLep_WWW.root
2026-03-06 09:45:37,165 - INFO - [2023] MISSING_CENTRAL: TTZ2E1Mu/Central/bjets/2/pt in Skim_TriLep_DYJets.root
2026-03-06 09:45:37,165 - INFO - [2023] MISSING_CENTRAL: TTZ2E1Mu/Central/bjets/2/pt in Skim_TriLep_DYJets10to50.root
2026-03-06 09:45:37,293 - INFO - [2023] MISSING_CENTRAL: TTZ2E1Mu/Central/bjets/2/pt in Skim_TriLep_WWW.root
2026-03-06 09:45:37,346 - INFO - [2023] MISSING_CENTRAL: TTZ2E1Mu/Central/bjets/2/pt in Skim_TriLep_ggHToZZTo4L.root
2026-03-06 09:45:37,360 - INFO - [2023BPix] MISSING_CENTRAL: TTZ2E1Mu/Central/bjets/2/pt in Skim_TriLep_DYJets10to50.root
2026-03-06 09:45:37,377 - INFO - [2023BPix] MISSING_CENTRAL: TTZ2E1Mu/Central/bjets/2/pt in Skim_TriLep_TTG_PTG100to200.root
2026-03-06 09:45:37,502 - INFO - [2023BPix] MISSING_CENTRAL: TTZ2E1Mu/Central/bjets/2/pt in Skim_TriLep_WWW.root
2026-03-06 09:45:37,559 - INFO - [2023BPix] MISSING_CENTRAL: TTZ2E1Mu/Central/bjets/2/pt in Skim_TriLep_ggHToZZTo4L.root
2026-03-06 19:51:22,636 - INFO - [2023] MISSING_CENTRAL: TTZ2E1Mu/Central/bjets/2/pt in Skim_TriLep_MuonEG_C_v3.root
2026-03-06 19:51:22,638 - INFO - [2023BPix] MISSING_CENTRAL: TTZ2E1Mu/Central/bjets/2/pt in Skim_TriLep_MuonEG_D_v2.root
2026-03-06 19:51:22,653 - INFO - [2022] MISSING_CENTRAL: TTZ2E1Mu/Central/bjets/2/pt in Skim_TriLep_DYJets.root
2026-03-06 19:51:22,653 - INFO - [2022] MISSING_CENTRAL: TTZ2E1Mu/Central/bjets/2/pt in Skim_TriLep_DYJets10to50.root
2026-03-06 19:51:22,654 - INFO - [2022] MISSING_CENTRAL: TTZ2E1Mu/Central/bjets/2/pt in Skim_TriLep_TTG_PTG10to100.root
2026-03-06 19:51:22,741 - INFO - [2022] MISSING_CENTRAL: TTZ2E1Mu/Central/bjets/2/pt in Skim_TriLep_WZTo3LNu_powheg.root
2026-03-06 19:51:22,764 - INFO - [2022] MISSING_CENTRAL: TTZ2E1Mu/Central/bjets/2/pt in Skim_TriLep_WWW.root
2026-03-06 19:51:22,819 - INFO - [2022] MISSING_CENTRAL: TTZ2E1Mu/Central/bjets/2/pt in Skim_TriLep_ggHToZZTo4L.root
2026-03-06 19:51:22,822 - INFO - [2022EE] MISSING_CENTRAL: TTZ2E1Mu/Central/bjets/2/pt in Skim_TriLep_DYJets.root
2026-03-06 19:51:22,823 - INFO - [2022EE] MISSING_CENTRAL: TTZ2E1Mu/Central/bjets/2/pt in Skim_TriLep_DYJets10to50.root
2026-03-06 19:51:22,845 - INFO - [2022EE] MISSING_CENTRAL: TTZ2E1Mu/Central/bjets/2/pt in Skim_TriLep_TTG_PTG200toInf.root
2026-03-06 19:51:22,941 - INFO - [2022EE] MISSING_CENTRAL: TTZ2E1Mu/Central/bjets/2/pt in Skim_TriLep_WWW.root
2026-03-06 19:51:23,017 - INFO - [2023] MISSING_CENTRAL: TTZ2E1Mu/Central/bjets/2/pt in Skim_TriLep_DYJets.root
2026-03-06 19:51:23,018 - INFO - [2023] MISSING_CENTRAL: TTZ2E1Mu/Central/bjets/2/pt in Skim_TriLep_DYJets10to50.root
2026-03-06 19:51:23,155 - INFO - [2023] MISSING_CENTRAL: TTZ2E1Mu/Central/bjets/2/pt in Skim_TriLep_WWW.root
2026-03-06 19:51:23,215 - INFO - [2023] MISSING_CENTRAL: TTZ2E1Mu/Central/bjets/2/pt in Skim_TriLep_ggHToZZTo4L.root
2026-03-06 19:51:23,230 - INFO - [2023BPix] MISSING_CENTRAL: TTZ2E1Mu/Central/bjets/2/pt in Skim_TriLep_DYJets10to50.root
2026-03-06 19:51:23,244 - INFO - [2023BPix] MISSING_CENTRAL: TTZ2E1Mu/Central/bjets/2/pt in Skim_TriLep_TTG_PTG100to200.root
2026-03-06 19:51:23,361 - INFO - [2023BPix] MISSING_CENTRAL: TTZ2E1Mu/Central/bjets/2/pt in Skim_TriLep_WWW.root
2026-03-06 19:51:23,426 - INFO - [2023BPix] MISSING_CENTRAL: TTZ2E1Mu/Central/bjets/2/pt in Skim_TriLep_ggHToZZTo4L.root
