2025-12-18 14:49:36,152 - INFO - [2022] MISSING_CENTRAL: TTZ2E1Mu/Central/electrons/2/pt in Skim_TriLep_DYJets.root
2025-12-18 14:49:36,156 - INFO - [2022] MISSING_CENTRAL: TTZ2E1Mu/Central/electrons/2/pt in Skim_TriLep_DYJets10to50.root
2025-12-18 14:49:36,681 - INFO - [2022EE] MISSING_CENTRAL: TTZ2E1Mu/Central/electrons/2/pt in Skim_TriLep_DYJets.root
2025-12-18 14:49:36,683 - INFO - [2022EE] MISSING_CENTRAL: TTZ2E1Mu/Central/electrons/2/pt in Skim_TriLep_DYJets10to50.root
2025-12-18 14:49:36,970 - INFO - [2022EE] MISSING_CENTRAL: TTZ2E1Mu/Central/electrons/2/pt in Skim_TriLep_WWW.root
2025-12-18 14:49:37,125 - INFO - [2023] MISSING_CENTRAL: TTZ2E1Mu/Central/electrons/2/pt in Skim_TriLep_DYJets.root
2025-12-18 14:49:37,127 - INFO - [2023] MISSING_CENTRAL: TTZ2E1Mu/Central/electrons/2/pt in Skim_TriLep_DYJets10to50.root
2025-12-18 14:49:37,394 - INFO - [2023] MISSING_CENTRAL: TTZ2E1Mu/Central/electrons/2/pt in Skim_TriLep_WWW.root
2025-12-18 14:49:37,559 - INFO - [2023BPix] MISSING_CENTRAL: TTZ2E1Mu/Central/electrons/2/pt in Skim_TriLep_DYJets10to50.root
2025-12-18 21:35:49,082 - INFO - [2022] MISSING_CENTRAL: TTZ2E1Mu/Central/electrons/2/pt in Skim_TriLep_DYJets.root
2025-12-18 21:35:49,083 - INFO - [2022] MISSING_CENTRAL: TTZ2E1Mu/Central/electrons/2/pt in Skim_TriLep_DYJets10to50.root
2025-12-18 21:35:49,437 - INFO - [2022EE] MISSING_CENTRAL: TTZ2E1Mu/Central/electrons/2/pt in Skim_TriLep_DYJets.root
2025-12-18 21:35:49,438 - INFO - [2022EE] MISSING_CENTRAL: TTZ2E1Mu/Central/electrons/2/pt in Skim_TriLep_DYJets10to50.root
2025-12-18 21:35:49,659 - INFO - [2022EE] MISSING_CENTRAL: TTZ2E1Mu/Central/electrons/2/pt in Skim_TriLep_WWW.root
2025-12-18 21:35:49,782 - INFO - [2023] MISSING_CENTRAL: TTZ2E1Mu/Central/electrons/2/pt in Skim_TriLep_DYJets.root
2025-12-18 21:35:49,783 - INFO - [2023] MISSING_CENTRAL: TTZ2E1Mu/Central/electrons/2/pt in Skim_TriLep_DYJets10to50.root
2025-12-18 21:35:50,005 - INFO - [2023] MISSING_CENTRAL: TTZ2E1Mu/Central/electrons/2/pt in Skim_TriLep_WWW.root
2025-12-18 21:35:50,152 - INFO - [2023BPix] MISSING_CENTRAL: TTZ2E1Mu/Central/electrons/2/pt in Skim_TriLep_DYJets10to50.root
2025-12-18 23:44:55,039 - INFO - [2022] MISSING_CENTRAL: TTZ2E1Mu/Central/electrons/2/pt in Skim_TriLep_DYJets.root
2025-12-18 23:44:55,040 - INFO - [2022] MISSING_CENTRAL: TTZ2E1Mu/Central/electrons/2/pt in Skim_TriLep_DYJets10to50.root
2025-12-18 23:44:55,255 - INFO - [2022EE] MISSING_CENTRAL: TTZ2E1Mu/Central/electrons/2/pt in Skim_TriLep_DYJets.root
2025-12-18 23:44:55,256 - INFO - [2022EE] MISSING_CENTRAL: TTZ2E1Mu/Central/electrons/2/pt in Skim_TriLep_DYJets10to50.root
2025-12-18 23:44:55,388 - INFO - [2022EE] MISSING_CENTRAL: TTZ2E1Mu/Central/electrons/2/pt in Skim_TriLep_WWW.root
2025-12-18 23:44:55,465 - INFO - [2023] MISSING_CENTRAL: TTZ2E1Mu/Central/electrons/2/pt in Skim_TriLep_DYJets.root
2025-12-18 23:44:55,466 - INFO - [2023] MISSING_CENTRAL: TTZ2E1Mu/Central/electrons/2/pt in Skim_TriLep_DYJets10to50.root
2025-12-18 23:44:55,603 - INFO - [2023] MISSING_CENTRAL: TTZ2E1Mu/Central/electrons/2/pt in Skim_TriLep_WWW.root
2025-12-18 23:44:55,693 - INFO - [2023BPix] MISSING_CENTRAL: TTZ2E1Mu/Central/electrons/2/pt in Skim_TriLep_DYJets10to50.root
2026-01-07 11:24:57,800 - INFO - [2022] MISSING_CENTRAL: TTZ2E1Mu/Central/electrons/2/pt in Skim_TriLep_DYJets.root
2026-01-07 11:24:57,801 - INFO - [2022] MISSING_CENTRAL: TTZ2E1Mu/Central/electrons/2/pt in Skim_TriLep_DYJets10to50.root
2026-01-07 11:24:58,287 - INFO - [2022EE] MISSING_CENTRAL: TTZ2E1Mu/Central/electrons/2/pt in Skim_TriLep_DYJets.root
2026-01-07 11:24:58,294 - INFO - [2022EE] MISSING_CENTRAL: TTZ2E1Mu/Central/electrons/2/pt in Skim_TriLep_DYJets10to50.root
2026-01-07 11:24:58,511 - INFO - [2022EE] MISSING_CENTRAL: TTZ2E1Mu/Central/electrons/2/pt in Skim_TriLep_WWW.root
2026-01-07 11:24:58,644 - INFO - [2023] MISSING_CENTRAL: TTZ2E1Mu/Central/electrons/2/pt in Skim_TriLep_DYJets.root
2026-01-07 11:24:58,650 - INFO - [2023] MISSING_CENTRAL: TTZ2E1Mu/Central/electrons/2/pt in Skim_TriLep_DYJets10to50.root
2026-01-07 11:24:58,893 - INFO - [2023] MISSING_CENTRAL: TTZ2E1Mu/Central/electrons/2/pt in Skim_TriLep_WWW.root
2026-01-07 11:24:59,074 - INFO - [2023BPix] MISSING_CENTRAL: TTZ2E1Mu/Central/electrons/2/pt in Skim_TriLep_DYJets10to50.root
2026-01-07 11:57:48,567 - INFO - [2022] MISSING_CENTRAL: TTZ2E1Mu/Central/electrons/2/pt in Skim_TriLep_DYJets.root
2026-01-07 11:57:48,568 - INFO - [2022] MISSING_CENTRAL: TTZ2E1Mu/Central/electrons/2/pt in Skim_TriLep_DYJets10to50.root
2026-01-07 11:57:48,929 - INFO - [2022EE] MISSING_CENTRAL: TTZ2E1Mu/Central/electrons/2/pt in Skim_TriLep_DYJets.root
2026-01-07 11:57:48,930 - INFO - [2022EE] MISSING_CENTRAL: TTZ2E1Mu/Central/electrons/2/pt in Skim_TriLep_DYJets10to50.root
2026-01-07 11:57:49,149 - INFO - [2022EE] MISSING_CENTRAL: TTZ2E1Mu/Central/electrons/2/pt in Skim_TriLep_WWW.root
2026-01-07 11:57:49,274 - INFO - [2023] MISSING_CENTRAL: TTZ2E1Mu/Central/electrons/2/pt in Skim_TriLep_DYJets.root
2026-01-07 11:57:49,275 - INFO - [2023] MISSING_CENTRAL: TTZ2E1Mu/Central/electrons/2/pt in Skim_TriLep_DYJets10to50.root
2026-01-07 11:57:49,495 - INFO - [2023] MISSING_CENTRAL: TTZ2E1Mu/Central/electrons/2/pt in Skim_TriLep_WWW.root
2026-01-07 11:57:49,644 - INFO - [2023BPix] MISSING_CENTRAL: TTZ2E1Mu/Central/electrons/2/pt in Skim_TriLep_DYJets10to50.root
2026-01-07 18:54:26,170 - INFO - [2022] MISSING_CENTRAL: TTZ2E1Mu/Central/electrons/2/pt in Skim_TriLep_DYJets.root
2026-01-07 18:54:26,172 - INFO - [2022] MISSING_CENTRAL: TTZ2E1Mu/Central/electrons/2/pt in Skim_TriLep_DYJets10to50.root
2026-01-07 18:54:26,524 - INFO - [2022EE] MISSING_CENTRAL: TTZ2E1Mu/Central/electrons/2/pt in Skim_TriLep_DYJets.root
2026-01-07 18:54:26,525 - INFO - [2022EE] MISSING_CENTRAL: TTZ2E1Mu/Central/electrons/2/pt in Skim_TriLep_DYJets10to50.root
2026-01-07 18:54:26,742 - INFO - [2022EE] MISSING_CENTRAL: TTZ2E1Mu/Central/electrons/2/pt in Skim_TriLep_WWW.root
2026-01-07 18:54:26,873 - INFO - [2023] MISSING_CENTRAL: TTZ2E1Mu/Central/electrons/2/pt in Skim_TriLep_DYJets.root
2026-01-07 18:54:26,874 - INFO - [2023] MISSING_CENTRAL: TTZ2E1Mu/Central/electrons/2/pt in Skim_TriLep_DYJets10to50.root
2026-01-07 18:54:27,085 - INFO - [2023] MISSING_CENTRAL: TTZ2E1Mu/Central/electrons/2/pt in Skim_TriLep_WWW.root
2026-01-07 18:54:27,226 - INFO - [2023BPix] MISSING_CENTRAL: TTZ2E1Mu/Central/electrons/2/pt in Skim_TriLep_DYJets10to50.root
2026-01-09 12:29:48,709 - INFO - [2022] MISSING_CENTRAL: TTZ2E1Mu/Central/electrons/2/pt in Skim_TriLep_DYJets.root
2026-01-09 12:29:48,709 - INFO - [2022] MISSING_CENTRAL: TTZ2E1Mu/Central/electrons/2/pt in Skim_TriLep_DYJets10to50.root
2026-01-09 12:29:48,921 - INFO - [2022EE] MISSING_CENTRAL: TTZ2E1Mu/Central/electrons/2/pt in Skim_TriLep_DYJets.root
2026-01-09 12:29:48,922 - INFO - [2022EE] MISSING_CENTRAL: TTZ2E1Mu/Central/electrons/2/pt in Skim_TriLep_DYJets10to50.root
2026-01-09 12:29:49,057 - INFO - [2022EE] MISSING_CENTRAL: TTZ2E1Mu/Central/electrons/2/pt in Skim_TriLep_WWW.root
2026-01-09 12:29:49,139 - INFO - [2023] MISSING_CENTRAL: TTZ2E1Mu/Central/electrons/2/pt in Skim_TriLep_DYJets.root
2026-01-09 12:29:49,139 - INFO - [2023] MISSING_CENTRAL: TTZ2E1Mu/Central/electrons/2/pt in Skim_TriLep_DYJets10to50.root
2026-01-09 12:29:49,281 - INFO - [2023] MISSING_CENTRAL: TTZ2E1Mu/Central/electrons/2/pt in Skim_TriLep_WWW.root
2026-01-09 12:29:49,374 - INFO - [2023BPix] MISSING_CENTRAL: TTZ2E1Mu/Central/electrons/2/pt in Skim_TriLep_DYJets10to50.root
2026-01-11 09:49:48,190 - INFO - [2022] MISSING_CENTRAL: TTZ2E1Mu/Central/electrons/2/pt in Skim_TriLep_DYJets.root
2026-01-11 09:49:48,191 - INFO - [2022] MISSING_CENTRAL: TTZ2E1Mu/Central/electrons/2/pt in Skim_TriLep_DYJets10to50.root
2026-01-11 09:49:48,401 - INFO - [2022EE] MISSING_CENTRAL: TTZ2E1Mu/Central/electrons/2/pt in Skim_TriLep_DYJets.root
2026-01-11 09:49:48,401 - INFO - [2022EE] MISSING_CENTRAL: TTZ2E1Mu/Central/electrons/2/pt in Skim_TriLep_DYJets10to50.root
2026-01-11 09:49:48,534 - INFO - [2022EE] MISSING_CENTRAL: TTZ2E1Mu/Central/electrons/2/pt in Skim_TriLep_WWW.root
2026-01-11 09:49:48,610 - INFO - [2023] MISSING_CENTRAL: TTZ2E1Mu/Central/electrons/2/pt in Skim_TriLep_DYJets.root
2026-01-11 09:49:48,610 - INFO - [2023] MISSING_CENTRAL: TTZ2E1Mu/Central/electrons/2/pt in Skim_TriLep_DYJets10to50.root
2026-01-11 09:49:48,747 - INFO - [2023] MISSING_CENTRAL: TTZ2E1Mu/Central/electrons/2/pt in Skim_TriLep_WWW.root
2026-01-11 09:49:48,837 - INFO - [2023BPix] MISSING_CENTRAL: TTZ2E1Mu/Central/electrons/2/pt in Skim_TriLep_DYJets10to50.root
2026-01-12 13:58:46,222 - INFO - [2022] MISSING_CENTRAL: TTZ2E1Mu/Central/electrons/2/pt in Skim_TriLep_DYJets.root
2026-01-12 13:58:46,223 - INFO - [2022] MISSING_CENTRAL: TTZ2E1Mu/Central/electrons/2/pt in Skim_TriLep_DYJets10to50.root
2026-01-12 13:58:46,457 - INFO - [2022EE] MISSING_CENTRAL: TTZ2E1Mu/Central/electrons/2/pt in Skim_TriLep_DYJets.root
2026-01-12 13:58:46,457 - INFO - [2022EE] MISSING_CENTRAL: TTZ2E1Mu/Central/electrons/2/pt in Skim_TriLep_DYJets10to50.root
2026-01-12 13:58:46,596 - INFO - [2022EE] MISSING_CENTRAL: TTZ2E1Mu/Central/electrons/2/pt in Skim_TriLep_WWW.root
2026-01-12 13:58:46,674 - INFO - [2023] MISSING_CENTRAL: TTZ2E1Mu/Central/electrons/2/pt in Skim_TriLep_DYJets.root
2026-01-12 13:58:46,675 - INFO - [2023] MISSING_CENTRAL: TTZ2E1Mu/Central/electrons/2/pt in Skim_TriLep_DYJets10to50.root
2026-01-12 13:58:46,817 - INFO - [2023] MISSING_CENTRAL: TTZ2E1Mu/Central/electrons/2/pt in Skim_TriLep_WWW.root
2026-01-12 13:58:46,910 - INFO - [2023BPix] MISSING_CENTRAL: TTZ2E1Mu/Central/electrons/2/pt in Skim_TriLep_DYJets10to50.root
2026-01-16 19:13:17,979 - INFO - [2022] MISSING_CENTRAL: TTZ2E1Mu/Central/electrons/2/pt in Skim_TriLep_DYJets.root
2026-01-16 19:13:17,980 - INFO - [2022] MISSING_CENTRAL: TTZ2E1Mu/Central/electrons/2/pt in Skim_TriLep_DYJets10to50.root
2026-01-16 19:13:18,194 - INFO - [2022EE] MISSING_CENTRAL: TTZ2E1Mu/Central/electrons/2/pt in Skim_TriLep_DYJets.root
2026-01-16 19:13:18,195 - INFO - [2022EE] MISSING_CENTRAL: TTZ2E1Mu/Central/electrons/2/pt in Skim_TriLep_DYJets10to50.root
2026-01-16 19:13:18,329 - INFO - [2022EE] MISSING_CENTRAL: TTZ2E1Mu/Central/electrons/2/pt in Skim_TriLep_WWW.root
2026-01-16 19:13:18,408 - INFO - [2023] MISSING_CENTRAL: TTZ2E1Mu/Central/electrons/2/pt in Skim_TriLep_DYJets.root
2026-01-16 19:13:18,409 - INFO - [2023] MISSING_CENTRAL: TTZ2E1Mu/Central/electrons/2/pt in Skim_TriLep_DYJets10to50.root
2026-01-16 19:13:18,550 - INFO - [2023] MISSING_CENTRAL: TTZ2E1Mu/Central/electrons/2/pt in Skim_TriLep_WWW.root
2026-01-16 19:13:18,644 - INFO - [2023BPix] MISSING_CENTRAL: TTZ2E1Mu/Central/electrons/2/pt in Skim_TriLep_DYJets10to50.root
2026-01-28 17:09:54,252 - INFO - [2022] MISSING_CENTRAL: TTZ2E1Mu/Central/electrons/2/pt in Skim_TriLep_DYJets.root
2026-01-28 17:09:54,252 - INFO - [2022] MISSING_CENTRAL: TTZ2E1Mu/Central/electrons/2/pt in Skim_TriLep_DYJets10to50.root
2026-01-28 17:09:54,579 - INFO - [2022EE] MISSING_CENTRAL: TTZ2E1Mu/Central/electrons/2/pt in Skim_TriLep_DYJets.root
2026-01-28 17:09:54,579 - INFO - [2022EE] MISSING_CENTRAL: TTZ2E1Mu/Central/electrons/2/pt in Skim_TriLep_DYJets10to50.root
2026-01-28 17:09:54,786 - INFO - [2022EE] MISSING_CENTRAL: TTZ2E1Mu/Central/electrons/2/pt in Skim_TriLep_WWW.root
2026-01-28 17:09:54,896 - INFO - [2023] MISSING_CENTRAL: TTZ2E1Mu/Central/electrons/2/pt in Skim_TriLep_DYJets.root
2026-01-28 17:09:54,897 - INFO - [2023] MISSING_CENTRAL: TTZ2E1Mu/Central/electrons/2/pt in Skim_TriLep_DYJets10to50.root
2026-01-28 17:09:55,092 - INFO - [2023] MISSING_CENTRAL: TTZ2E1Mu/Central/electrons/2/pt in Skim_TriLep_WWW.root
2026-01-28 17:09:55,220 - INFO - [2023BPix] MISSING_CENTRAL: TTZ2E1Mu/Central/electrons/2/pt in Skim_TriLep_DYJets10to50.root
2026-01-28 17:30:22,970 - INFO - [2022] MISSING_CENTRAL: TTZ2E1Mu/Central/electrons/2/pt in Skim_TriLep_DYJets.root
2026-01-28 17:30:22,971 - INFO - [2022] MISSING_CENTRAL: TTZ2E1Mu/Central/electrons/2/pt in Skim_TriLep_DYJets10to50.root
2026-01-28 17:30:23,280 - INFO - [2022EE] MISSING_CENTRAL: TTZ2E1Mu/Central/electrons/2/pt in Skim_TriLep_DYJets.root
2026-01-28 17:30:23,280 - INFO - [2022EE] MISSING_CENTRAL: TTZ2E1Mu/Central/electrons/2/pt in Skim_TriLep_DYJets10to50.root
2026-01-28 17:30:23,465 - INFO - [2022EE] MISSING_CENTRAL: TTZ2E1Mu/Central/electrons/2/pt in Skim_TriLep_WWW.root
2026-01-28 17:30:23,569 - INFO - [2023] MISSING_CENTRAL: TTZ2E1Mu/Central/electrons/2/pt in Skim_TriLep_DYJets.root
2026-01-28 17:30:23,569 - INFO - [2023] MISSING_CENTRAL: TTZ2E1Mu/Central/electrons/2/pt in Skim_TriLep_DYJets10to50.root
2026-01-28 17:30:23,757 - INFO - [2023] MISSING_CENTRAL: TTZ2E1Mu/Central/electrons/2/pt in Skim_TriLep_WWW.root
2026-01-28 17:30:23,870 - INFO - [2023BPix] MISSING_CENTRAL: TTZ2E1Mu/Central/electrons/2/pt in Skim_TriLep_DYJets10to50.root
2026-01-28 20:04:17,551 - INFO - [2022] MISSING_CENTRAL: TTZ2E1Mu/Central/electrons/2/pt in Skim_TriLep_DYJets.root
2026-01-28 20:04:17,552 - INFO - [2022] MISSING_CENTRAL: TTZ2E1Mu/Central/electrons/2/pt in Skim_TriLep_DYJets10to50.root
2026-01-28 20:04:17,926 - INFO - [2022EE] MISSING_CENTRAL: TTZ2E1Mu/Central/electrons/2/pt in Skim_TriLep_DYJets.root
2026-01-28 20:04:17,927 - INFO - [2022EE] MISSING_CENTRAL: TTZ2E1Mu/Central/electrons/2/pt in Skim_TriLep_DYJets10to50.root
2026-01-28 20:04:18,139 - INFO - [2022EE] MISSING_CENTRAL: TTZ2E1Mu/Central/electrons/2/pt in Skim_TriLep_WWW.root
2026-01-28 20:04:18,248 - INFO - [2023] MISSING_CENTRAL: TTZ2E1Mu/Central/electrons/2/pt in Skim_TriLep_DYJets.root
2026-01-28 20:04:18,248 - INFO - [2023] MISSING_CENTRAL: TTZ2E1Mu/Central/electrons/2/pt in Skim_TriLep_DYJets10to50.root
2026-01-28 20:04:18,439 - INFO - [2023] MISSING_CENTRAL: TTZ2E1Mu/Central/electrons/2/pt in Skim_TriLep_WWW.root
2026-01-28 20:04:18,561 - INFO - [2023BPix] MISSING_CENTRAL: TTZ2E1Mu/Central/electrons/2/pt in Skim_TriLep_DYJets10to50.root
2026-01-29 07:20:35,819 - INFO - [2022] MISSING_CENTRAL: TTZ2E1Mu/Central/electrons/2/pt in Skim_TriLep_DYJets.root
2026-01-29 07:20:35,820 - INFO - [2022] MISSING_CENTRAL: TTZ2E1Mu/Central/electrons/2/pt in Skim_TriLep_DYJets10to50.root
2026-01-29 07:20:36,040 - INFO - [2022EE] MISSING_CENTRAL: TTZ2E1Mu/Central/electrons/2/pt in Skim_TriLep_DYJets.root
2026-01-29 07:20:36,041 - INFO - [2022EE] MISSING_CENTRAL: TTZ2E1Mu/Central/electrons/2/pt in Skim_TriLep_DYJets10to50.root
2026-01-29 07:20:36,171 - INFO - [2022EE] MISSING_CENTRAL: TTZ2E1Mu/Central/electrons/2/pt in Skim_TriLep_WWW.root
2026-01-29 07:20:36,246 - INFO - [2023] MISSING_CENTRAL: TTZ2E1Mu/Central/electrons/2/pt in Skim_TriLep_DYJets.root
2026-01-29 07:20:36,247 - INFO - [2023] MISSING_CENTRAL: TTZ2E1Mu/Central/electrons/2/pt in Skim_TriLep_DYJets10to50.root
2026-01-29 07:20:36,378 - INFO - [2023] MISSING_CENTRAL: TTZ2E1Mu/Central/electrons/2/pt in Skim_TriLep_WWW.root
2026-01-29 07:20:36,463 - INFO - [2023BPix] MISSING_CENTRAL: TTZ2E1Mu/Central/electrons/2/pt in Skim_TriLep_DYJets10to50.root
2026-03-06 09:45:28,904 - INFO - [2022] MISSING_CENTRAL: TTZ2E1Mu/Central/electrons/2/pt in Skim_TriLep_DYJets.root
2026-03-06 09:45:28,905 - INFO - [2022] MISSING_CENTRAL: TTZ2E1Mu/Central/electrons/2/pt in Skim_TriLep_DYJets10to50.root
2026-03-06 09:45:29,134 - INFO - [2022EE] MISSING_CENTRAL: TTZ2E1Mu/Central/electrons/2/pt in Skim_TriLep_DYJets10to50.root
2026-03-06 09:45:29,267 - INFO - [2022EE] MISSING_CENTRAL: TTZ2E1Mu/Central/electrons/2/pt in Skim_TriLep_WWW.root
2026-03-06 09:45:29,344 - INFO - [2023] MISSING_CENTRAL: TTZ2E1Mu/Central/electrons/2/pt in Skim_TriLep_DYJets.root
2026-03-06 09:45:29,344 - INFO - [2023] MISSING_CENTRAL: TTZ2E1Mu/Central/electrons/2/pt in Skim_TriLep_DYJets10to50.root
2026-03-06 09:45:29,481 - INFO - [2023] MISSING_CENTRAL: TTZ2E1Mu/Central/electrons/2/pt in Skim_TriLep_WWW.root
2026-03-06 09:45:29,570 - INFO - [2023BPix] MISSING_CENTRAL: TTZ2E1Mu/Central/electrons/2/pt in Skim_TriLep_DYJets10to50.root
2026-03-06 19:51:14,795 - INFO - [2022] MISSING_CENTRAL: TTZ2E1Mu/Central/electrons/2/pt in Skim_TriLep_DYJets.root
2026-03-06 19:51:14,796 - INFO - [2022] MISSING_CENTRAL: TTZ2E1Mu/Central/electrons/2/pt in Skim_TriLep_DYJets10to50.root
2026-03-06 19:51:15,027 - INFO - [2022EE] MISSING_CENTRAL: TTZ2E1Mu/Central/electrons/2/pt in Skim_TriLep_DYJets10to50.root
2026-03-06 19:51:15,161 - INFO - [2022EE] MISSING_CENTRAL: TTZ2E1Mu/Central/electrons/2/pt in Skim_TriLep_WWW.root
2026-03-06 19:51:15,240 - INFO - [2023] MISSING_CENTRAL: TTZ2E1Mu/Central/electrons/2/pt in Skim_TriLep_DYJets.root
2026-03-06 19:51:15,240 - INFO - [2023] MISSING_CENTRAL: TTZ2E1Mu/Central/electrons/2/pt in Skim_TriLep_DYJets10to50.root
2026-03-06 19:51:15,379 - INFO - [2023] MISSING_CENTRAL: TTZ2E1Mu/Central/electrons/2/pt in Skim_TriLep_WWW.root
2026-03-06 19:51:15,470 - INFO - [2023BPix] MISSING_CENTRAL: TTZ2E1Mu/Central/electrons/2/pt in Skim_TriLep_DYJets10to50.root
