2025-12-18 14:49:36,055 - INFO - [2022] MISSING_CENTRAL: TTZ2E1Mu/Central/electrons/1/charge in Skim_TriLep_DYJets.root
2025-12-18 14:49:36,056 - INFO - [2022] MISSING_CENTRAL: TTZ2E1Mu/Central/electrons/1/charge in Skim_TriLep_DYJets10to50.root
2025-12-18 14:49:36,462 - INFO - [2022EE] MISSING_CENTRAL: TTZ2E1Mu/Central/electrons/1/charge in Skim_TriLep_DYJets.root
2025-12-18 14:49:36,464 - INFO - [2022EE] MISSING_CENTRAL: TTZ2E1Mu/Central/electrons/1/charge in Skim_TriLep_DYJets10to50.root
2025-12-18 14:49:36,671 - INFO - [2022EE] MISSING_CENTRAL: TTZ2E1Mu/Central/electrons/1/charge in Skim_TriLep_WWW.root
2025-12-18 14:49:36,741 - INFO - [2023] MISSING_CENTRAL: TTZ2E1Mu/Central/electrons/1/charge in Skim_TriLep_DYJets.root
2025-12-18 14:49:36,742 - INFO - [2023] MISSING_CENTRAL: TTZ2E1Mu/Central/electrons/1/charge in Skim_TriLep_DYJets10to50.root
2025-12-18 14:49:36,909 - INFO - [2023] MISSING_CENTRAL: TTZ2E1Mu/Central/electrons/1/charge in Skim_TriLep_WWW.root
2025-12-18 14:49:37,044 - INFO - [2023BPix] MISSING_CENTRAL: TTZ2E1Mu/Central/electrons/1/charge in Skim_TriLep_DYJets10to50.root
2025-12-18 21:35:49,040 - INFO - [2022] MISSING_CENTRAL: TTZ2E1Mu/Central/electrons/1/charge in Skim_TriLep_DYJets.root
2025-12-18 21:35:49,041 - INFO - [2022] MISSING_CENTRAL: TTZ2E1Mu/Central/electrons/1/charge in Skim_TriLep_DYJets10to50.root
2025-12-18 21:35:49,212 - INFO - [2022EE] MISSING_CENTRAL: TTZ2E1Mu/Central/electrons/1/charge in Skim_TriLep_DYJets.root
2025-12-18 21:35:49,213 - INFO - [2022EE] MISSING_CENTRAL: TTZ2E1Mu/Central/electrons/1/charge in Skim_TriLep_DYJets10to50.root
2025-12-18 21:35:49,315 - INFO - [2022EE] MISSING_CENTRAL: TTZ2E1Mu/Central/electrons/1/charge in Skim_TriLep_WWW.root
2025-12-18 21:35:49,375 - INFO - [2023] MISSING_CENTRAL: TTZ2E1Mu/Central/electrons/1/charge in Skim_TriLep_DYJets.root
2025-12-18 21:35:49,376 - INFO - [2023] MISSING_CENTRAL: TTZ2E1Mu/Central/electrons/1/charge in Skim_TriLep_DYJets10to50.root
2025-12-18 21:35:49,480 - INFO - [2023] MISSING_CENTRAL: TTZ2E1Mu/Central/electrons/1/charge in Skim_TriLep_WWW.root
2025-12-18 21:35:49,550 - INFO - [2023BPix] MISSING_CENTRAL: TTZ2E1Mu/Central/electrons/1/charge in Skim_TriLep_DYJets10to50.root
2025-12-18 23:44:55,077 - INFO - [2022] MISSING_CENTRAL: TTZ2E1Mu/Central/electrons/1/charge in Skim_TriLep_DYJets.root
2025-12-18 23:44:55,078 - INFO - [2022] MISSING_CENTRAL: TTZ2E1Mu/Central/electrons/1/charge in Skim_TriLep_DYJets10to50.root
2025-12-18 23:44:55,173 - INFO - [2022EE] MISSING_CENTRAL: TTZ2E1Mu/Central/electrons/1/charge in Skim_TriLep_DYJets.root
2025-12-18 23:44:55,173 - INFO - [2022EE] MISSING_CENTRAL: TTZ2E1Mu/Central/electrons/1/charge in Skim_TriLep_DYJets10to50.root
2025-12-18 23:44:55,231 - INFO - [2022EE] MISSING_CENTRAL: TTZ2E1Mu/Central/electrons/1/charge in Skim_TriLep_WWW.root
2025-12-18 23:44:55,265 - INFO - [2023] MISSING_CENTRAL: TTZ2E1Mu/Central/electrons/1/charge in Skim_TriLep_DYJets.root
2025-12-18 23:44:55,266 - INFO - [2023] MISSING_CENTRAL: TTZ2E1Mu/Central/electrons/1/charge in Skim_TriLep_DYJets10to50.root
2025-12-18 23:44:55,325 - INFO - [2023] MISSING_CENTRAL: TTZ2E1Mu/Central/electrons/1/charge in Skim_TriLep_WWW.root
2025-12-18 23:44:55,366 - INFO - [2023BPix] MISSING_CENTRAL: TTZ2E1Mu/Central/electrons/1/charge in Skim_TriLep_DYJets10to50.root
2026-01-07 11:24:57,728 - INFO - [2022] MISSING_CENTRAL: TTZ2E1Mu/Central/electrons/1/charge in Skim_TriLep_DYJets.root
2026-01-07 11:24:57,729 - INFO - [2022] MISSING_CENTRAL: TTZ2E1Mu/Central/electrons/1/charge in Skim_TriLep_DYJets10to50.root
2026-01-07 11:24:57,985 - INFO - [2022EE] MISSING_CENTRAL: TTZ2E1Mu/Central/electrons/1/charge in Skim_TriLep_DYJets.root
2026-01-07 11:24:57,986 - INFO - [2022EE] MISSING_CENTRAL: TTZ2E1Mu/Central/electrons/1/charge in Skim_TriLep_DYJets10to50.root
2026-01-07 11:24:58,203 - INFO - [2022EE] MISSING_CENTRAL: TTZ2E1Mu/Central/electrons/1/charge in Skim_TriLep_WWW.root
2026-01-07 11:24:58,285 - INFO - [2023] MISSING_CENTRAL: TTZ2E1Mu/Central/electrons/1/charge in Skim_TriLep_DYJets.root
2026-01-07 11:24:58,287 - INFO - [2023] MISSING_CENTRAL: TTZ2E1Mu/Central/electrons/1/charge in Skim_TriLep_DYJets10to50.root
2026-01-07 11:24:58,404 - INFO - [2023] MISSING_CENTRAL: TTZ2E1Mu/Central/electrons/1/charge in Skim_TriLep_WWW.root
2026-01-07 11:24:58,490 - INFO - [2023BPix] MISSING_CENTRAL: TTZ2E1Mu/Central/electrons/1/charge in Skim_TriLep_DYJets10to50.root
2026-01-07 11:57:48,574 - INFO - [2022] MISSING_CENTRAL: TTZ2E1Mu/Central/electrons/1/charge in Skim_TriLep_DYJets.root
2026-01-07 11:57:48,575 - INFO - [2022] MISSING_CENTRAL: TTZ2E1Mu/Central/electrons/1/charge in Skim_TriLep_DYJets10to50.root
2026-01-07 11:57:48,735 - INFO - [2022EE] MISSING_CENTRAL: TTZ2E1Mu/Central/electrons/1/charge in Skim_TriLep_DYJets.root
2026-01-07 11:57:48,736 - INFO - [2022EE] MISSING_CENTRAL: TTZ2E1Mu/Central/electrons/1/charge in Skim_TriLep_DYJets10to50.root
2026-01-07 11:57:48,834 - INFO - [2022EE] MISSING_CENTRAL: TTZ2E1Mu/Central/electrons/1/charge in Skim_TriLep_WWW.root
2026-01-07 11:57:48,891 - INFO - [2023] MISSING_CENTRAL: TTZ2E1Mu/Central/electrons/1/charge in Skim_TriLep_DYJets.root
2026-01-07 11:57:48,892 - INFO - [2023] MISSING_CENTRAL: TTZ2E1Mu/Central/electrons/1/charge in Skim_TriLep_DYJets10to50.root
2026-01-07 11:57:48,990 - INFO - [2023] MISSING_CENTRAL: TTZ2E1Mu/Central/electrons/1/charge in Skim_TriLep_WWW.root
2026-01-07 11:57:49,056 - INFO - [2023BPix] MISSING_CENTRAL: TTZ2E1Mu/Central/electrons/1/charge in Skim_TriLep_DYJets10to50.root
2026-01-07 18:54:26,292 - INFO - [2022] MISSING_CENTRAL: TTZ2E1Mu/Central/electrons/1/charge in Skim_TriLep_DYJets.root
2026-01-07 18:54:26,293 - INFO - [2022] MISSING_CENTRAL: TTZ2E1Mu/Central/electrons/1/charge in Skim_TriLep_DYJets10to50.root
2026-01-07 18:54:26,463 - INFO - [2022EE] MISSING_CENTRAL: TTZ2E1Mu/Central/electrons/1/charge in Skim_TriLep_DYJets.root
2026-01-07 18:54:26,464 - INFO - [2022EE] MISSING_CENTRAL: TTZ2E1Mu/Central/electrons/1/charge in Skim_TriLep_DYJets10to50.root
2026-01-07 18:54:26,561 - INFO - [2022EE] MISSING_CENTRAL: TTZ2E1Mu/Central/electrons/1/charge in Skim_TriLep_WWW.root
2026-01-07 18:54:26,621 - INFO - [2023] MISSING_CENTRAL: TTZ2E1Mu/Central/electrons/1/charge in Skim_TriLep_DYJets.root
2026-01-07 18:54:26,622 - INFO - [2023] MISSING_CENTRAL: TTZ2E1Mu/Central/electrons/1/charge in Skim_TriLep_DYJets10to50.root
2026-01-07 18:54:26,724 - INFO - [2023] MISSING_CENTRAL: TTZ2E1Mu/Central/electrons/1/charge in Skim_TriLep_WWW.root
2026-01-07 18:54:26,792 - INFO - [2023BPix] MISSING_CENTRAL: TTZ2E1Mu/Central/electrons/1/charge in Skim_TriLep_DYJets10to50.root
2026-01-09 12:29:48,706 - INFO - [2022] MISSING_CENTRAL: TTZ2E1Mu/Central/electrons/1/charge in Skim_TriLep_DYJets.root
2026-01-09 12:29:48,707 - INFO - [2022] MISSING_CENTRAL: TTZ2E1Mu/Central/electrons/1/charge in Skim_TriLep_DYJets10to50.root
2026-01-09 12:29:48,801 - INFO - [2022EE] MISSING_CENTRAL: TTZ2E1Mu/Central/electrons/1/charge in Skim_TriLep_DYJets.root
2026-01-09 12:29:48,802 - INFO - [2022EE] MISSING_CENTRAL: TTZ2E1Mu/Central/electrons/1/charge in Skim_TriLep_DYJets10to50.root
2026-01-09 12:29:48,857 - INFO - [2022EE] MISSING_CENTRAL: TTZ2E1Mu/Central/electrons/1/charge in Skim_TriLep_WWW.root
2026-01-09 12:29:48,890 - INFO - [2023] MISSING_CENTRAL: TTZ2E1Mu/Central/electrons/1/charge in Skim_TriLep_DYJets.root
2026-01-09 12:29:48,890 - INFO - [2023] MISSING_CENTRAL: TTZ2E1Mu/Central/electrons/1/charge in Skim_TriLep_DYJets10to50.root
2026-01-09 12:29:48,947 - INFO - [2023] MISSING_CENTRAL: TTZ2E1Mu/Central/electrons/1/charge in Skim_TriLep_WWW.root
2026-01-09 12:29:48,984 - INFO - [2023BPix] MISSING_CENTRAL: TTZ2E1Mu/Central/electrons/1/charge in Skim_TriLep_DYJets10to50.root
2026-01-11 09:49:48,190 - INFO - [2022] MISSING_CENTRAL: TTZ2E1Mu/Central/electrons/1/charge in Skim_TriLep_DYJets.root
2026-01-11 09:49:48,191 - INFO - [2022] MISSING_CENTRAL: TTZ2E1Mu/Central/electrons/1/charge in Skim_TriLep_DYJets10to50.root
2026-01-11 09:49:48,285 - INFO - [2022EE] MISSING_CENTRAL: TTZ2E1Mu/Central/electrons/1/charge in Skim_TriLep_DYJets.root
2026-01-11 09:49:48,286 - INFO - [2022EE] MISSING_CENTRAL: TTZ2E1Mu/Central/electrons/1/charge in Skim_TriLep_DYJets10to50.root
2026-01-11 09:49:48,341 - INFO - [2022EE] MISSING_CENTRAL: TTZ2E1Mu/Central/electrons/1/charge in Skim_TriLep_WWW.root
2026-01-11 09:49:48,374 - INFO - [2023] MISSING_CENTRAL: TTZ2E1Mu/Central/electrons/1/charge in Skim_TriLep_DYJets.root
2026-01-11 09:49:48,374 - INFO - [2023] MISSING_CENTRAL: TTZ2E1Mu/Central/electrons/1/charge in Skim_TriLep_DYJets10to50.root
2026-01-11 09:49:48,431 - INFO - [2023] MISSING_CENTRAL: TTZ2E1Mu/Central/electrons/1/charge in Skim_TriLep_WWW.root
2026-01-11 09:49:48,468 - INFO - [2023BPix] MISSING_CENTRAL: TTZ2E1Mu/Central/electrons/1/charge in Skim_TriLep_DYJets10to50.root
2026-01-12 13:58:46,006 - INFO - [2022] MISSING_CENTRAL: TTZ2E1Mu/Central/electrons/1/charge in Skim_TriLep_DYJets.root
2026-01-12 13:58:46,007 - INFO - [2022] MISSING_CENTRAL: TTZ2E1Mu/Central/electrons/1/charge in Skim_TriLep_DYJets10to50.root
2026-01-12 13:58:46,106 - INFO - [2022EE] MISSING_CENTRAL: TTZ2E1Mu/Central/electrons/1/charge in Skim_TriLep_DYJets.root
2026-01-12 13:58:46,107 - INFO - [2022EE] MISSING_CENTRAL: TTZ2E1Mu/Central/electrons/1/charge in Skim_TriLep_DYJets10to50.root
2026-01-12 13:58:46,168 - INFO - [2022EE] MISSING_CENTRAL: TTZ2E1Mu/Central/electrons/1/charge in Skim_TriLep_WWW.root
2026-01-12 13:58:46,203 - INFO - [2023] MISSING_CENTRAL: TTZ2E1Mu/Central/electrons/1/charge in Skim_TriLep_DYJets.root
2026-01-12 13:58:46,204 - INFO - [2023] MISSING_CENTRAL: TTZ2E1Mu/Central/electrons/1/charge in Skim_TriLep_DYJets10to50.root
2026-01-12 13:58:46,263 - INFO - [2023] MISSING_CENTRAL: TTZ2E1Mu/Central/electrons/1/charge in Skim_TriLep_WWW.root
2026-01-12 13:58:46,302 - INFO - [2023BPix] MISSING_CENTRAL: TTZ2E1Mu/Central/electrons/1/charge in Skim_TriLep_DYJets10to50.root
2026-01-16 19:13:17,671 - INFO - [2022] MISSING_CENTRAL: TTZ2E1Mu/Central/electrons/1/charge in Skim_TriLep_DYJets.root
2026-01-16 19:13:17,672 - INFO - [2022] MISSING_CENTRAL: TTZ2E1Mu/Central/electrons/1/charge in Skim_TriLep_DYJets10to50.root
2026-01-16 19:13:17,766 - INFO - [2022EE] MISSING_CENTRAL: TTZ2E1Mu/Central/electrons/1/charge in Skim_TriLep_DYJets.root
2026-01-16 19:13:17,767 - INFO - [2022EE] MISSING_CENTRAL: TTZ2E1Mu/Central/electrons/1/charge in Skim_TriLep_DYJets10to50.root
2026-01-16 19:13:17,824 - INFO - [2022EE] MISSING_CENTRAL: TTZ2E1Mu/Central/electrons/1/charge in Skim_TriLep_WWW.root
2026-01-16 19:13:17,859 - INFO - [2023] MISSING_CENTRAL: TTZ2E1Mu/Central/electrons/1/charge in Skim_TriLep_DYJets.root
2026-01-16 19:13:17,859 - INFO - [2023] MISSING_CENTRAL: TTZ2E1Mu/Central/electrons/1/charge in Skim_TriLep_DYJets10to50.root
2026-01-16 19:13:17,923 - INFO - [2023] MISSING_CENTRAL: TTZ2E1Mu/Central/electrons/1/charge in Skim_TriLep_WWW.root
2026-01-16 19:13:17,966 - INFO - [2023BPix] MISSING_CENTRAL: TTZ2E1Mu/Central/electrons/1/charge in Skim_TriLep_DYJets10to50.root
2026-01-28 17:09:54,172 - INFO - [2022] MISSING_CENTRAL: TTZ2E1Mu/Central/electrons/1/charge in Skim_TriLep_DYJets.root
2026-01-28 17:09:54,173 - INFO - [2022] MISSING_CENTRAL: TTZ2E1Mu/Central/electrons/1/charge in Skim_TriLep_DYJets10to50.root
2026-01-28 17:09:54,266 - INFO - [2022EE] MISSING_CENTRAL: TTZ2E1Mu/Central/electrons/1/charge in Skim_TriLep_DYJets.root
2026-01-28 17:09:54,267 - INFO - [2022EE] MISSING_CENTRAL: TTZ2E1Mu/Central/electrons/1/charge in Skim_TriLep_DYJets10to50.root
2026-01-28 17:09:54,325 - INFO - [2022EE] MISSING_CENTRAL: TTZ2E1Mu/Central/electrons/1/charge in Skim_TriLep_WWW.root
2026-01-28 17:09:54,360 - INFO - [2023] MISSING_CENTRAL: TTZ2E1Mu/Central/electrons/1/charge in Skim_TriLep_DYJets.root
2026-01-28 17:09:54,361 - INFO - [2023] MISSING_CENTRAL: TTZ2E1Mu/Central/electrons/1/charge in Skim_TriLep_DYJets10to50.root
2026-01-28 17:09:54,415 - INFO - [2023] MISSING_CENTRAL: TTZ2E1Mu/Central/electrons/1/charge in Skim_TriLep_WWW.root
2026-01-28 17:09:54,451 - INFO - [2023BPix] MISSING_CENTRAL: TTZ2E1Mu/Central/electrons/1/charge in Skim_TriLep_DYJets10to50.root
2026-01-28 17:30:22,979 - INFO - [2022] MISSING_CENTRAL: TTZ2E1Mu/Central/electrons/1/charge in Skim_TriLep_DYJets.root
2026-01-28 17:30:22,979 - INFO - [2022] MISSING_CENTRAL: TTZ2E1Mu/Central/electrons/1/charge in Skim_TriLep_DYJets10to50.root
2026-01-28 17:30:23,081 - INFO - [2022EE] MISSING_CENTRAL: TTZ2E1Mu/Central/electrons/1/charge in Skim_TriLep_DYJets.root
2026-01-28 17:30:23,082 - INFO - [2022EE] MISSING_CENTRAL: TTZ2E1Mu/Central/electrons/1/charge in Skim_TriLep_DYJets10to50.root
2026-01-28 17:30:23,139 - INFO - [2022EE] MISSING_CENTRAL: TTZ2E1Mu/Central/electrons/1/charge in Skim_TriLep_WWW.root
2026-01-28 17:30:23,172 - INFO - [2023] MISSING_CENTRAL: TTZ2E1Mu/Central/electrons/1/charge in Skim_TriLep_DYJets.root
2026-01-28 17:30:23,173 - INFO - [2023] MISSING_CENTRAL: TTZ2E1Mu/Central/electrons/1/charge in Skim_TriLep_DYJets10to50.root
2026-01-28 17:30:23,228 - INFO - [2023] MISSING_CENTRAL: TTZ2E1Mu/Central/electrons/1/charge in Skim_TriLep_WWW.root
2026-01-28 17:30:23,265 - INFO - [2023BPix] MISSING_CENTRAL: TTZ2E1Mu/Central/electrons/1/charge in Skim_TriLep_DYJets10to50.root
2026-01-28 20:04:16,979 - INFO - [2022] MISSING_CENTRAL: TTZ2E1Mu/Central/electrons/1/charge in Skim_TriLep_DYJets.root
2026-01-28 20:04:16,980 - INFO - [2022] MISSING_CENTRAL: TTZ2E1Mu/Central/electrons/1/charge in Skim_TriLep_DYJets10to50.root
2026-01-28 20:04:17,089 - INFO - [2022EE] MISSING_CENTRAL: TTZ2E1Mu/Central/electrons/1/charge in Skim_TriLep_DYJets.root
2026-01-28 20:04:17,090 - INFO - [2022EE] MISSING_CENTRAL: TTZ2E1Mu/Central/electrons/1/charge in Skim_TriLep_DYJets10to50.root
2026-01-28 20:04:17,150 - INFO - [2022EE] MISSING_CENTRAL: TTZ2E1Mu/Central/electrons/1/charge in Skim_TriLep_WWW.root
2026-01-28 20:04:17,186 - INFO - [2023] MISSING_CENTRAL: TTZ2E1Mu/Central/electrons/1/charge in Skim_TriLep_DYJets.root
2026-01-28 20:04:17,187 - INFO - [2023] MISSING_CENTRAL: TTZ2E1Mu/Central/electrons/1/charge in Skim_TriLep_DYJets10to50.root
2026-01-28 20:04:17,255 - INFO - [2023] MISSING_CENTRAL: TTZ2E1Mu/Central/electrons/1/charge in Skim_TriLep_WWW.root
2026-01-28 20:04:17,297 - INFO - [2023BPix] MISSING_CENTRAL: TTZ2E1Mu/Central/electrons/1/charge in Skim_TriLep_DYJets10to50.root
2026-01-29 07:20:35,745 - INFO - [2022] MISSING_CENTRAL: TTZ2E1Mu/Central/electrons/1/charge in Skim_TriLep_DYJets.root
2026-01-29 07:20:35,745 - INFO - [2022] MISSING_CENTRAL: TTZ2E1Mu/Central/electrons/1/charge in Skim_TriLep_DYJets10to50.root
2026-01-29 07:20:35,844 - INFO - [2022EE] MISSING_CENTRAL: TTZ2E1Mu/Central/electrons/1/charge in Skim_TriLep_DYJets.root
2026-01-29 07:20:35,844 - INFO - [2022EE] MISSING_CENTRAL: TTZ2E1Mu/Central/electrons/1/charge in Skim_TriLep_DYJets10to50.root
2026-01-29 07:20:35,900 - INFO - [2022EE] MISSING_CENTRAL: TTZ2E1Mu/Central/electrons/1/charge in Skim_TriLep_WWW.root
2026-01-29 07:20:35,933 - INFO - [2023] MISSING_CENTRAL: TTZ2E1Mu/Central/electrons/1/charge in Skim_TriLep_DYJets.root
2026-01-29 07:20:35,934 - INFO - [2023] MISSING_CENTRAL: TTZ2E1Mu/Central/electrons/1/charge in Skim_TriLep_DYJets10to50.root
2026-01-29 07:20:35,990 - INFO - [2023] MISSING_CENTRAL: TTZ2E1Mu/Central/electrons/1/charge in Skim_TriLep_WWW.root
2026-01-29 07:20:36,028 - INFO - [2023BPix] MISSING_CENTRAL: TTZ2E1Mu/Central/electrons/1/charge in Skim_TriLep_DYJets10to50.root
2026-03-06 09:45:28,944 - INFO - [2022] MISSING_CENTRAL: TTZ2E1Mu/Central/electrons/1/charge in Skim_TriLep_DYJets.root
2026-03-06 09:45:28,945 - INFO - [2022] MISSING_CENTRAL: TTZ2E1Mu/Central/electrons/1/charge in Skim_TriLep_DYJets10to50.root
2026-03-06 09:45:29,053 - INFO - [2022EE] MISSING_CENTRAL: TTZ2E1Mu/Central/electrons/1/charge in Skim_TriLep_DYJets10to50.root
2026-03-06 09:45:29,112 - INFO - [2022EE] MISSING_CENTRAL: TTZ2E1Mu/Central/electrons/1/charge in Skim_TriLep_WWW.root
2026-03-06 09:45:29,148 - INFO - [2023] MISSING_CENTRAL: TTZ2E1Mu/Central/electrons/1/charge in Skim_TriLep_DYJets.root
2026-03-06 09:45:29,149 - INFO - [2023] MISSING_CENTRAL: TTZ2E1Mu/Central/electrons/1/charge in Skim_TriLep_DYJets10to50.root
2026-03-06 09:45:29,210 - INFO - [2023] MISSING_CENTRAL: TTZ2E1Mu/Central/electrons/1/charge in Skim_TriLep_WWW.root
2026-03-06 09:45:29,251 - INFO - [2023BPix] MISSING_CENTRAL: TTZ2E1Mu/Central/electrons/1/charge in Skim_TriLep_DYJets10to50.root
2026-03-06 19:51:14,724 - INFO - [2022] MISSING_CENTRAL: TTZ2E1Mu/Central/electrons/1/charge in Skim_TriLep_DYJets.root
2026-03-06 19:51:14,725 - INFO - [2022] MISSING_CENTRAL: TTZ2E1Mu/Central/electrons/1/charge in Skim_TriLep_DYJets10to50.root
2026-03-06 19:51:14,831 - INFO - [2022EE] MISSING_CENTRAL: TTZ2E1Mu/Central/electrons/1/charge in Skim_TriLep_DYJets10to50.root
2026-03-06 19:51:14,888 - INFO - [2022EE] MISSING_CENTRAL: TTZ2E1Mu/Central/electrons/1/charge in Skim_TriLep_WWW.root
2026-03-06 19:51:14,922 - INFO - [2023] MISSING_CENTRAL: TTZ2E1Mu/Central/electrons/1/charge in Skim_TriLep_DYJets.root
2026-03-06 19:51:14,923 - INFO - [2023] MISSING_CENTRAL: TTZ2E1Mu/Central/electrons/1/charge in Skim_TriLep_DYJets10to50.root
2026-03-06 19:51:14,981 - INFO - [2023] MISSING_CENTRAL: TTZ2E1Mu/Central/electrons/1/charge in Skim_TriLep_WWW.root
2026-03-06 19:51:15,020 - INFO - [2023BPix] MISSING_CENTRAL: TTZ2E1Mu/Central/electrons/1/charge in Skim_TriLep_DYJets10to50.root
