2025-12-18 14:49:36,113 - INFO - [2022] MISSING_CENTRAL: TTZ2E1Mu/Central/jets/1/eta in Skim_TriLep_DYJets.root
2025-12-18 14:49:36,114 - INFO - [2022] MISSING_CENTRAL: TTZ2E1Mu/Central/jets/1/eta in Skim_TriLep_DYJets10to50.root
2025-12-18 14:49:36,482 - INFO - [2022EE] MISSING_CENTRAL: TTZ2E1Mu/Central/jets/1/eta in Skim_TriLep_DYJets.root
2025-12-18 14:49:36,488 - INFO - [2022EE] MISSING_CENTRAL: TTZ2E1Mu/Central/jets/1/eta in Skim_TriLep_DYJets10to50.root
2025-12-18 14:49:36,655 - INFO - [2022EE] MISSING_CENTRAL: TTZ2E1Mu/Central/jets/1/eta in Skim_TriLep_WWW.root
2025-12-18 14:49:36,749 - INFO - [2023] MISSING_CENTRAL: TTZ2E1Mu/Central/jets/1/eta in Skim_TriLep_DYJets.root
2025-12-18 14:49:36,752 - INFO - [2023] MISSING_CENTRAL: TTZ2E1Mu/Central/jets/1/eta in Skim_TriLep_DYJets10to50.root
2025-12-18 14:49:36,912 - INFO - [2023] MISSING_CENTRAL: TTZ2E1Mu/Central/jets/1/eta in Skim_TriLep_WWW.root
2025-12-18 14:49:37,044 - INFO - [2023BPix] MISSING_CENTRAL: TTZ2E1Mu/Central/jets/1/eta in Skim_TriLep_DYJets10to50.root
2025-12-18 21:35:49,046 - INFO - [2022] MISSING_CENTRAL: TTZ2E1Mu/Central/jets/1/eta in Skim_TriLep_DYJets.root
2025-12-18 21:35:49,047 - INFO - [2022] MISSING_CENTRAL: TTZ2E1Mu/Central/jets/1/eta in Skim_TriLep_DYJets10to50.root
2025-12-18 21:35:49,231 - INFO - [2022EE] MISSING_CENTRAL: TTZ2E1Mu/Central/jets/1/eta in Skim_TriLep_DYJets.root
2025-12-18 21:35:49,232 - INFO - [2022EE] MISSING_CENTRAL: TTZ2E1Mu/Central/jets/1/eta in Skim_TriLep_DYJets10to50.root
2025-12-18 21:35:49,344 - INFO - [2022EE] MISSING_CENTRAL: TTZ2E1Mu/Central/jets/1/eta in Skim_TriLep_WWW.root
2025-12-18 21:35:49,411 - INFO - [2023] MISSING_CENTRAL: TTZ2E1Mu/Central/jets/1/eta in Skim_TriLep_DYJets.root
2025-12-18 21:35:49,412 - INFO - [2023] MISSING_CENTRAL: TTZ2E1Mu/Central/jets/1/eta in Skim_TriLep_DYJets10to50.root
2025-12-18 21:35:49,529 - INFO - [2023] MISSING_CENTRAL: TTZ2E1Mu/Central/jets/1/eta in Skim_TriLep_WWW.root
2025-12-18 21:35:49,608 - INFO - [2023BPix] MISSING_CENTRAL: TTZ2E1Mu/Central/jets/1/eta in Skim_TriLep_DYJets10to50.root
2025-12-18 23:44:58,384 - INFO - [2022] MISSING_CENTRAL: TTZ2E1Mu/Central/jets/1/eta in Skim_TriLep_DYJets.root
2025-12-18 23:44:58,385 - INFO - [2022] MISSING_CENTRAL: TTZ2E1Mu/Central/jets/1/eta in Skim_TriLep_DYJets10to50.root
2025-12-18 23:44:58,545 - INFO - [2022EE] MISSING_CENTRAL: TTZ2E1Mu/Central/jets/1/eta in Skim_TriLep_DYJets.root
2025-12-18 23:44:58,548 - INFO - [2022EE] MISSING_CENTRAL: TTZ2E1Mu/Central/jets/1/eta in Skim_TriLep_DYJets10to50.root
2025-12-18 23:44:58,692 - INFO - [2022EE] MISSING_CENTRAL: TTZ2E1Mu/Central/jets/1/eta in Skim_TriLep_WWW.root
2025-12-18 23:44:58,775 - INFO - [2023] MISSING_CENTRAL: TTZ2E1Mu/Central/jets/1/eta in Skim_TriLep_DYJets.root
2025-12-18 23:44:58,776 - INFO - [2023] MISSING_CENTRAL: TTZ2E1Mu/Central/jets/1/eta in Skim_TriLep_DYJets10to50.root
2025-12-18 23:44:58,847 - INFO - [2023] MISSING_CENTRAL: TTZ2E1Mu/Central/jets/1/eta in Skim_TriLep_WWW.root
2025-12-18 23:44:58,890 - INFO - [2023BPix] MISSING_CENTRAL: TTZ2E1Mu/Central/jets/1/eta in Skim_TriLep_DYJets10to50.root
2026-01-07 11:24:58,132 - INFO - [2022] MISSING_CENTRAL: TTZ2E1Mu/Central/jets/1/eta in Skim_TriLep_DYJets.root
2026-01-07 11:24:58,133 - INFO - [2022] MISSING_CENTRAL: TTZ2E1Mu/Central/jets/1/eta in Skim_TriLep_DYJets10to50.root
2026-01-07 11:24:58,393 - INFO - [2022EE] MISSING_CENTRAL: TTZ2E1Mu/Central/jets/1/eta in Skim_TriLep_DYJets.root
2026-01-07 11:24:58,395 - INFO - [2022EE] MISSING_CENTRAL: TTZ2E1Mu/Central/jets/1/eta in Skim_TriLep_DYJets10to50.root
2026-01-07 11:24:58,535 - INFO - [2022EE] MISSING_CENTRAL: TTZ2E1Mu/Central/jets/1/eta in Skim_TriLep_WWW.root
2026-01-07 11:24:58,622 - INFO - [2023] MISSING_CENTRAL: TTZ2E1Mu/Central/jets/1/eta in Skim_TriLep_DYJets.root
2026-01-07 11:24:58,624 - INFO - [2023] MISSING_CENTRAL: TTZ2E1Mu/Central/jets/1/eta in Skim_TriLep_DYJets10to50.root
2026-01-07 11:24:58,757 - INFO - [2023] MISSING_CENTRAL: TTZ2E1Mu/Central/jets/1/eta in Skim_TriLep_WWW.root
2026-01-07 11:24:58,905 - INFO - [2023BPix] MISSING_CENTRAL: TTZ2E1Mu/Central/jets/1/eta in Skim_TriLep_DYJets10to50.root
2026-01-07 11:57:48,417 - INFO - [2022] MISSING_CENTRAL: TTZ2E1Mu/Central/jets/1/eta in Skim_TriLep_DYJets.root
2026-01-07 11:57:48,418 - INFO - [2022] MISSING_CENTRAL: TTZ2E1Mu/Central/jets/1/eta in Skim_TriLep_DYJets10to50.root
2026-01-07 11:57:48,628 - INFO - [2022EE] MISSING_CENTRAL: TTZ2E1Mu/Central/jets/1/eta in Skim_TriLep_DYJets.root
2026-01-07 11:57:48,629 - INFO - [2022EE] MISSING_CENTRAL: TTZ2E1Mu/Central/jets/1/eta in Skim_TriLep_DYJets10to50.root
2026-01-07 11:57:48,745 - INFO - [2022EE] MISSING_CENTRAL: TTZ2E1Mu/Central/jets/1/eta in Skim_TriLep_WWW.root
2026-01-07 11:57:48,814 - INFO - [2023] MISSING_CENTRAL: TTZ2E1Mu/Central/jets/1/eta in Skim_TriLep_DYJets.root
2026-01-07 11:57:48,815 - INFO - [2023] MISSING_CENTRAL: TTZ2E1Mu/Central/jets/1/eta in Skim_TriLep_DYJets10to50.root
2026-01-07 11:57:48,937 - INFO - [2023] MISSING_CENTRAL: TTZ2E1Mu/Central/jets/1/eta in Skim_TriLep_WWW.root
2026-01-07 11:57:49,017 - INFO - [2023BPix] MISSING_CENTRAL: TTZ2E1Mu/Central/jets/1/eta in Skim_TriLep_DYJets10to50.root
2026-01-07 18:54:26,334 - INFO - [2022] MISSING_CENTRAL: TTZ2E1Mu/Central/jets/1/eta in Skim_TriLep_DYJets.root
2026-01-07 18:54:26,335 - INFO - [2022] MISSING_CENTRAL: TTZ2E1Mu/Central/jets/1/eta in Skim_TriLep_DYJets10to50.root
2026-01-07 18:54:26,532 - INFO - [2022EE] MISSING_CENTRAL: TTZ2E1Mu/Central/jets/1/eta in Skim_TriLep_DYJets.root
2026-01-07 18:54:26,533 - INFO - [2022EE] MISSING_CENTRAL: TTZ2E1Mu/Central/jets/1/eta in Skim_TriLep_DYJets10to50.root
2026-01-07 18:54:26,654 - INFO - [2022EE] MISSING_CENTRAL: TTZ2E1Mu/Central/jets/1/eta in Skim_TriLep_WWW.root
2026-01-07 18:54:26,724 - INFO - [2023] MISSING_CENTRAL: TTZ2E1Mu/Central/jets/1/eta in Skim_TriLep_DYJets.root
2026-01-07 18:54:26,724 - INFO - [2023] MISSING_CENTRAL: TTZ2E1Mu/Central/jets/1/eta in Skim_TriLep_DYJets10to50.root
2026-01-07 18:54:26,846 - INFO - [2023] MISSING_CENTRAL: TTZ2E1Mu/Central/jets/1/eta in Skim_TriLep_WWW.root
2026-01-07 18:54:26,926 - INFO - [2023BPix] MISSING_CENTRAL: TTZ2E1Mu/Central/jets/1/eta in Skim_TriLep_DYJets10to50.root
2026-01-09 12:29:51,831 - INFO - [2022] MISSING_CENTRAL: TTZ2E1Mu/Central/jets/1/eta in Skim_TriLep_DYJets.root
2026-01-09 12:29:51,832 - INFO - [2022] MISSING_CENTRAL: TTZ2E1Mu/Central/jets/1/eta in Skim_TriLep_DYJets10to50.root
2026-01-09 12:29:51,982 - INFO - [2022EE] MISSING_CENTRAL: TTZ2E1Mu/Central/jets/1/eta in Skim_TriLep_DYJets.root
2026-01-09 12:29:51,985 - INFO - [2022EE] MISSING_CENTRAL: TTZ2E1Mu/Central/jets/1/eta in Skim_TriLep_DYJets10to50.root
2026-01-09 12:29:52,094 - INFO - [2022EE] MISSING_CENTRAL: TTZ2E1Mu/Central/jets/1/eta in Skim_TriLep_WWW.root
2026-01-09 12:29:52,164 - INFO - [2023] MISSING_CENTRAL: TTZ2E1Mu/Central/jets/1/eta in Skim_TriLep_DYJets.root
2026-01-09 12:29:52,168 - INFO - [2023] MISSING_CENTRAL: TTZ2E1Mu/Central/jets/1/eta in Skim_TriLep_DYJets10to50.root
2026-01-09 12:29:52,280 - INFO - [2023] MISSING_CENTRAL: TTZ2E1Mu/Central/jets/1/eta in Skim_TriLep_WWW.root
2026-01-09 12:29:52,352 - INFO - [2023BPix] MISSING_CENTRAL: TTZ2E1Mu/Central/jets/1/eta in Skim_TriLep_DYJets10to50.root
2026-01-11 09:49:51,647 - INFO - [2022] MISSING_CENTRAL: TTZ2E1Mu/Central/jets/1/eta in Skim_TriLep_DYJets.root
2026-01-11 09:49:51,655 - INFO - [2022] MISSING_CENTRAL: TTZ2E1Mu/Central/jets/1/eta in Skim_TriLep_DYJets10to50.root
2026-01-11 09:49:51,821 - INFO - [2022EE] MISSING_CENTRAL: TTZ2E1Mu/Central/jets/1/eta in Skim_TriLep_DYJets.root
2026-01-11 09:49:51,821 - INFO - [2022EE] MISSING_CENTRAL: TTZ2E1Mu/Central/jets/1/eta in Skim_TriLep_DYJets10to50.root
2026-01-11 09:49:51,911 - INFO - [2022EE] MISSING_CENTRAL: TTZ2E1Mu/Central/jets/1/eta in Skim_TriLep_WWW.root
2026-01-11 09:49:51,987 - INFO - [2023] MISSING_CENTRAL: TTZ2E1Mu/Central/jets/1/eta in Skim_TriLep_DYJets.root
2026-01-11 09:49:51,987 - INFO - [2023] MISSING_CENTRAL: TTZ2E1Mu/Central/jets/1/eta in Skim_TriLep_DYJets10to50.root
2026-01-11 09:49:52,067 - INFO - [2023] MISSING_CENTRAL: TTZ2E1Mu/Central/jets/1/eta in Skim_TriLep_WWW.root
2026-01-11 09:49:52,122 - INFO - [2023BPix] MISSING_CENTRAL: TTZ2E1Mu/Central/jets/1/eta in Skim_TriLep_DYJets10to50.root
2026-01-12 13:58:49,938 - INFO - [2022] MISSING_CENTRAL: TTZ2E1Mu/Central/jets/1/eta in Skim_TriLep_DYJets.root
2026-01-12 13:58:49,939 - INFO - [2022] MISSING_CENTRAL: TTZ2E1Mu/Central/jets/1/eta in Skim_TriLep_DYJets10to50.root
2026-01-12 13:58:50,140 - INFO - [2022EE] MISSING_CENTRAL: TTZ2E1Mu/Central/jets/1/eta in Skim_TriLep_DYJets.root
2026-01-12 13:58:50,141 - INFO - [2022EE] MISSING_CENTRAL: TTZ2E1Mu/Central/jets/1/eta in Skim_TriLep_DYJets10to50.root
2026-01-12 13:58:50,219 - INFO - [2022EE] MISSING_CENTRAL: TTZ2E1Mu/Central/jets/1/eta in Skim_TriLep_WWW.root
2026-01-12 13:58:50,276 - INFO - [2023] MISSING_CENTRAL: TTZ2E1Mu/Central/jets/1/eta in Skim_TriLep_DYJets.root
2026-01-12 13:58:50,276 - INFO - [2023] MISSING_CENTRAL: TTZ2E1Mu/Central/jets/1/eta in Skim_TriLep_DYJets10to50.root
2026-01-12 13:58:50,342 - INFO - [2023] MISSING_CENTRAL: TTZ2E1Mu/Central/jets/1/eta in Skim_TriLep_WWW.root
2026-01-12 13:58:50,395 - INFO - [2023BPix] MISSING_CENTRAL: TTZ2E1Mu/Central/jets/1/eta in Skim_TriLep_DYJets10to50.root
2026-01-16 19:13:21,154 - INFO - [2022] MISSING_CENTRAL: TTZ2E1Mu/Central/jets/1/eta in Skim_TriLep_DYJets.root
2026-01-16 19:13:21,154 - INFO - [2022] MISSING_CENTRAL: TTZ2E1Mu/Central/jets/1/eta in Skim_TriLep_DYJets10to50.root
2026-01-16 19:13:21,287 - INFO - [2022EE] MISSING_CENTRAL: TTZ2E1Mu/Central/jets/1/eta in Skim_TriLep_DYJets.root
2026-01-16 19:13:21,287 - INFO - [2022EE] MISSING_CENTRAL: TTZ2E1Mu/Central/jets/1/eta in Skim_TriLep_DYJets10to50.root
2026-01-16 19:13:21,370 - INFO - [2022EE] MISSING_CENTRAL: TTZ2E1Mu/Central/jets/1/eta in Skim_TriLep_WWW.root
2026-01-16 19:13:21,416 - INFO - [2023] MISSING_CENTRAL: TTZ2E1Mu/Central/jets/1/eta in Skim_TriLep_DYJets.root
2026-01-16 19:13:21,416 - INFO - [2023] MISSING_CENTRAL: TTZ2E1Mu/Central/jets/1/eta in Skim_TriLep_DYJets10to50.root
2026-01-16 19:13:21,502 - INFO - [2023] MISSING_CENTRAL: TTZ2E1Mu/Central/jets/1/eta in Skim_TriLep_WWW.root
2026-01-16 19:13:21,558 - INFO - [2023BPix] MISSING_CENTRAL: TTZ2E1Mu/Central/jets/1/eta in Skim_TriLep_DYJets10to50.root
2026-01-28 17:09:57,610 - INFO - [2022] MISSING_CENTRAL: TTZ2E1Mu/Central/jets/1/eta in Skim_TriLep_DYJets.root
2026-01-28 17:09:57,610 - INFO - [2022] MISSING_CENTRAL: TTZ2E1Mu/Central/jets/1/eta in Skim_TriLep_DYJets10to50.root
2026-01-28 17:09:57,748 - INFO - [2022EE] MISSING_CENTRAL: TTZ2E1Mu/Central/jets/1/eta in Skim_TriLep_DYJets.root
2026-01-28 17:09:57,748 - INFO - [2022EE] MISSING_CENTRAL: TTZ2E1Mu/Central/jets/1/eta in Skim_TriLep_DYJets10to50.root
2026-01-28 17:09:57,838 - INFO - [2022EE] MISSING_CENTRAL: TTZ2E1Mu/Central/jets/1/eta in Skim_TriLep_WWW.root
2026-01-28 17:09:57,889 - INFO - [2023] MISSING_CENTRAL: TTZ2E1Mu/Central/jets/1/eta in Skim_TriLep_DYJets.root
2026-01-28 17:09:57,890 - INFO - [2023] MISSING_CENTRAL: TTZ2E1Mu/Central/jets/1/eta in Skim_TriLep_DYJets10to50.root
2026-01-28 17:09:57,987 - INFO - [2023] MISSING_CENTRAL: TTZ2E1Mu/Central/jets/1/eta in Skim_TriLep_WWW.root
2026-01-28 17:09:58,044 - INFO - [2023BPix] MISSING_CENTRAL: TTZ2E1Mu/Central/jets/1/eta in Skim_TriLep_DYJets10to50.root
2026-01-28 17:30:26,307 - INFO - [2022] MISSING_CENTRAL: TTZ2E1Mu/Central/jets/1/eta in Skim_TriLep_DYJets.root
2026-01-28 17:30:26,307 - INFO - [2022] MISSING_CENTRAL: TTZ2E1Mu/Central/jets/1/eta in Skim_TriLep_DYJets10to50.root
2026-01-28 17:30:26,441 - INFO - [2022EE] MISSING_CENTRAL: TTZ2E1Mu/Central/jets/1/eta in Skim_TriLep_DYJets.root
2026-01-28 17:30:26,442 - INFO - [2022EE] MISSING_CENTRAL: TTZ2E1Mu/Central/jets/1/eta in Skim_TriLep_DYJets10to50.root
2026-01-28 17:30:26,523 - INFO - [2022EE] MISSING_CENTRAL: TTZ2E1Mu/Central/jets/1/eta in Skim_TriLep_WWW.root
2026-01-28 17:30:26,573 - INFO - [2023] MISSING_CENTRAL: TTZ2E1Mu/Central/jets/1/eta in Skim_TriLep_DYJets.root
2026-01-28 17:30:26,574 - INFO - [2023] MISSING_CENTRAL: TTZ2E1Mu/Central/jets/1/eta in Skim_TriLep_DYJets10to50.root
2026-01-28 17:30:26,666 - INFO - [2023] MISSING_CENTRAL: TTZ2E1Mu/Central/jets/1/eta in Skim_TriLep_WWW.root
2026-01-28 17:30:26,723 - INFO - [2023BPix] MISSING_CENTRAL: TTZ2E1Mu/Central/jets/1/eta in Skim_TriLep_DYJets10to50.root
2026-01-28 20:04:20,676 - INFO - [2022] MISSING_CENTRAL: TTZ2E1Mu/Central/jets/1/eta in Skim_TriLep_DYJets.root
2026-01-28 20:04:20,680 - INFO - [2022] MISSING_CENTRAL: TTZ2E1Mu/Central/jets/1/eta in Skim_TriLep_DYJets10to50.root
2026-01-28 20:04:20,969 - INFO - [2022EE] MISSING_CENTRAL: TTZ2E1Mu/Central/jets/1/eta in Skim_TriLep_DYJets.root
2026-01-28 20:04:20,969 - INFO - [2022EE] MISSING_CENTRAL: TTZ2E1Mu/Central/jets/1/eta in Skim_TriLep_DYJets10to50.root
2026-01-28 20:04:21,092 - INFO - [2022EE] MISSING_CENTRAL: TTZ2E1Mu/Central/jets/1/eta in Skim_TriLep_WWW.root
2026-01-28 20:04:21,155 - INFO - [2023] MISSING_CENTRAL: TTZ2E1Mu/Central/jets/1/eta in Skim_TriLep_DYJets.root
2026-01-28 20:04:21,156 - INFO - [2023] MISSING_CENTRAL: TTZ2E1Mu/Central/jets/1/eta in Skim_TriLep_DYJets10to50.root
2026-01-28 20:04:21,248 - INFO - [2023] MISSING_CENTRAL: TTZ2E1Mu/Central/jets/1/eta in Skim_TriLep_WWW.root
2026-01-28 20:04:21,317 - INFO - [2023BPix] MISSING_CENTRAL: TTZ2E1Mu/Central/jets/1/eta in Skim_TriLep_DYJets10to50.root
2026-01-29 07:20:38,997 - INFO - [2022] MISSING_CENTRAL: TTZ2E1Mu/Central/jets/1/eta in Skim_TriLep_DYJets.root
2026-01-29 07:20:38,998 - INFO - [2022] MISSING_CENTRAL: TTZ2E1Mu/Central/jets/1/eta in Skim_TriLep_DYJets10to50.root
2026-01-29 07:20:39,120 - INFO - [2022EE] MISSING_CENTRAL: TTZ2E1Mu/Central/jets/1/eta in Skim_TriLep_DYJets.root
2026-01-29 07:20:39,121 - INFO - [2022EE] MISSING_CENTRAL: TTZ2E1Mu/Central/jets/1/eta in Skim_TriLep_DYJets10to50.root
2026-01-29 07:20:39,200 - INFO - [2022EE] MISSING_CENTRAL: TTZ2E1Mu/Central/jets/1/eta in Skim_TriLep_WWW.root
2026-01-29 07:20:39,246 - INFO - [2023] MISSING_CENTRAL: TTZ2E1Mu/Central/jets/1/eta in Skim_TriLep_DYJets.root
2026-01-29 07:20:39,246 - INFO - [2023] MISSING_CENTRAL: TTZ2E1Mu/Central/jets/1/eta in Skim_TriLep_DYJets10to50.root
2026-01-29 07:20:39,323 - INFO - [2023] MISSING_CENTRAL: TTZ2E1Mu/Central/jets/1/eta in Skim_TriLep_WWW.root
2026-01-29 07:20:39,375 - INFO - [2023BPix] MISSING_CENTRAL: TTZ2E1Mu/Central/jets/1/eta in Skim_TriLep_DYJets10to50.root
2026-03-06 09:45:32,086 - INFO - [2022] MISSING_CENTRAL: TTZ2E1Mu/Central/jets/1/eta in Skim_TriLep_DYJets.root
2026-03-06 09:45:32,087 - INFO - [2022] MISSING_CENTRAL: TTZ2E1Mu/Central/jets/1/eta in Skim_TriLep_DYJets10to50.root
2026-03-06 09:45:32,220 - INFO - [2022EE] MISSING_CENTRAL: TTZ2E1Mu/Central/jets/1/eta in Skim_TriLep_DYJets10to50.root
2026-03-06 09:45:32,293 - INFO - [2022EE] MISSING_CENTRAL: TTZ2E1Mu/Central/jets/1/eta in Skim_TriLep_WWW.root
2026-03-06 09:45:32,337 - INFO - [2023] MISSING_CENTRAL: TTZ2E1Mu/Central/jets/1/eta in Skim_TriLep_DYJets.root
2026-03-06 09:45:32,337 - INFO - [2023] MISSING_CENTRAL: TTZ2E1Mu/Central/jets/1/eta in Skim_TriLep_DYJets10to50.root
2026-03-06 09:45:32,417 - INFO - [2023] MISSING_CENTRAL: TTZ2E1Mu/Central/jets/1/eta in Skim_TriLep_WWW.root
2026-03-06 09:45:32,473 - INFO - [2023BPix] MISSING_CENTRAL: TTZ2E1Mu/Central/jets/1/eta in Skim_TriLep_DYJets10to50.root
2026-03-06 19:51:17,908 - INFO - [2022] MISSING_CENTRAL: TTZ2E1Mu/Central/jets/1/eta in Skim_TriLep_DYJets.root
2026-03-06 19:51:17,909 - INFO - [2022] MISSING_CENTRAL: TTZ2E1Mu/Central/jets/1/eta in Skim_TriLep_DYJets10to50.root
2026-03-06 19:51:18,045 - INFO - [2022EE] MISSING_CENTRAL: TTZ2E1Mu/Central/jets/1/eta in Skim_TriLep_DYJets10to50.root
2026-03-06 19:51:18,123 - INFO - [2022EE] MISSING_CENTRAL: TTZ2E1Mu/Central/jets/1/eta in Skim_TriLep_WWW.root
2026-03-06 19:51:18,172 - INFO - [2023] MISSING_CENTRAL: TTZ2E1Mu/Central/jets/1/eta in Skim_TriLep_DYJets.root
2026-03-06 19:51:18,173 - INFO - [2023] MISSING_CENTRAL: TTZ2E1Mu/Central/jets/1/eta in Skim_TriLep_DYJets10to50.root
2026-03-06 19:51:18,279 - INFO - [2023] MISSING_CENTRAL: TTZ2E1Mu/Central/jets/1/eta in Skim_TriLep_WWW.root
2026-03-06 19:51:18,356 - INFO - [2023BPix] MISSING_CENTRAL: TTZ2E1Mu/Central/jets/1/eta in Skim_TriLep_DYJets10to50.root
