2025-12-18 14:49:42,285 - INFO - [2023] MISSING_CENTRAL: TTZ2E1Mu/Central/jets/4/py in Skim_TriLep_MuonEG_C_v1.root
2025-12-18 14:49:42,286 - INFO - [2023] MISSING_CENTRAL: TTZ2E1Mu/Central/jets/4/py in Skim_TriLep_MuonEG_C_v2.root
2025-12-18 14:49:42,287 - INFO - [2023] MISSING_CENTRAL: TTZ2E1Mu/Central/jets/4/py in Skim_TriLep_MuonEG_C_v3.root
2025-12-18 14:49:42,288 - INFO - [2023] MISSING_CENTRAL: TTZ2E1Mu/Central/jets/4/py in Skim_TriLep_MuonEG_C_v4.root
2025-12-18 14:49:42,290 - INFO - [2023BPix] MISSING_CENTRAL: TTZ2E1Mu/Central/jets/4/py in Skim_TriLep_MuonEG_D_v2.root
2025-12-18 14:49:42,311 - INFO - [2022] MISSING_CENTRAL: TTZ2E1Mu/Central/jets/4/py in Skim_TriLep_MuonEG_D.root
2025-12-18 14:49:42,312 - INFO - [2022] MISSING_CENTRAL: TTZ2E1Mu/Central/jets/4/py in Skim_TriLep_DYJets.root
2025-12-18 14:49:42,313 - INFO - [2022] MISSING_CENTRAL: TTZ2E1Mu/Central/jets/4/py in Skim_TriLep_DYJets10to50.root
2025-12-18 14:49:42,317 - INFO - [2022] MISSING_CENTRAL: TTZ2E1Mu/Central/jets/4/py in Skim_TriLep_TTG_PTG10to100.root
2025-12-18 14:49:42,331 - INFO - [2022] MISSING_CENTRAL: TTZ2E1Mu/Central/jets/4/py in Skim_TriLep_TTG_PTG100to200.root
2025-12-18 14:49:42,332 - INFO - [2022] MISSING_CENTRAL: TTZ2E1Mu/Central/jets/4/py in Skim_TriLep_TTG_PTG200toInf.root
2025-12-18 14:49:42,568 - INFO - [2022] MISSING_CENTRAL: TTZ2E1Mu/Central/jets/4/py in Skim_TriLep_WZTo3LNu_powheg.root
2025-12-18 14:49:42,769 - INFO - [2022] MISSING_CENTRAL: TTZ2E1Mu/Central/jets/4/py in Skim_TriLep_WWW.root
2025-12-18 14:49:42,903 - INFO - [2022] MISSING_CENTRAL: TTZ2E1Mu/Central/jets/4/py in Skim_TriLep_VBFHToZZTo4L.root
2025-12-18 14:49:42,904 - INFO - [2022] MISSING_CENTRAL: TTZ2E1Mu/Central/jets/4/py in Skim_TriLep_ggHToZZTo4L.root
2025-12-18 14:49:42,910 - INFO - [2022EE] MISSING_CENTRAL: TTZ2E1Mu/Central/jets/4/py in Skim_TriLep_MuonEG_G.root
2025-12-18 14:49:42,911 - INFO - [2022EE] MISSING_CENTRAL: TTZ2E1Mu/Central/jets/4/py in Skim_TriLep_DYJets.root
2025-12-18 14:49:42,912 - INFO - [2022EE] MISSING_CENTRAL: TTZ2E1Mu/Central/jets/4/py in Skim_TriLep_DYJets10to50.root
2025-12-18 14:49:42,938 - INFO - [2022EE] MISSING_CENTRAL: TTZ2E1Mu/Central/jets/4/py in Skim_TriLep_TTG_PTG100to200.root
2025-12-18 14:49:42,939 - INFO - [2022EE] MISSING_CENTRAL: TTZ2E1Mu/Central/jets/4/py in Skim_TriLep_TTG_PTG200toInf.root
2025-12-18 14:49:43,172 - INFO - [2022EE] MISSING_CENTRAL: TTZ2E1Mu/Central/jets/4/py in Skim_TriLep_WWW.root
2025-12-18 14:49:43,392 - INFO - [2022EE] MISSING_CENTRAL: TTZ2E1Mu/Central/jets/4/py in Skim_TriLep_VBFHToZZTo4L.root
2025-12-18 14:49:43,396 - INFO - [2022EE] MISSING_CENTRAL: TTZ2E1Mu/Central/jets/4/py in Skim_TriLep_ggHToZZTo4L.root
2025-12-18 14:49:43,397 - INFO - [2023] MISSING_CENTRAL: TTZ2E1Mu/Central/jets/4/py in Skim_TriLep_MuonEG_C_v1.root
2025-12-18 14:49:43,398 - INFO - [2023] MISSING_CENTRAL: TTZ2E1Mu/Central/jets/4/py in Skim_TriLep_MuonEG_C_v2.root
2025-12-18 14:49:43,400 - INFO - [2023] MISSING_CENTRAL: TTZ2E1Mu/Central/jets/4/py in Skim_TriLep_MuonEG_C_v3.root
2025-12-18 14:49:43,402 - INFO - [2023] MISSING_CENTRAL: TTZ2E1Mu/Central/jets/4/py in Skim_TriLep_MuonEG_C_v4.root
2025-12-18 14:49:43,414 - INFO - [2023] MISSING_CENTRAL: TTZ2E1Mu/Central/jets/4/py in Skim_TriLep_DYJets.root
2025-12-18 14:49:43,415 - INFO - [2023] MISSING_CENTRAL: TTZ2E1Mu/Central/jets/4/py in Skim_TriLep_DYJets10to50.root
2025-12-18 14:49:43,444 - INFO - [2023] MISSING_CENTRAL: TTZ2E1Mu/Central/jets/4/py in Skim_TriLep_TTG_PTG100to200.root
2025-12-18 14:49:43,446 - INFO - [2023] MISSING_CENTRAL: TTZ2E1Mu/Central/jets/4/py in Skim_TriLep_TTG_PTG200toInf.root
2025-12-18 14:49:43,665 - INFO - [2023] MISSING_CENTRAL: TTZ2E1Mu/Central/jets/4/py in Skim_TriLep_WWW.root
2025-12-18 14:49:43,720 - INFO - [2023] MISSING_CENTRAL: TTZ2E1Mu/Central/jets/4/py in Skim_TriLep_ZZZ.root
2025-12-18 14:49:43,762 - INFO - [2023] MISSING_CENTRAL: TTZ2E1Mu/Central/jets/4/py in Skim_TriLep_VBFHToZZTo4L.root
2025-12-18 14:49:43,764 - INFO - [2023] MISSING_CENTRAL: TTZ2E1Mu/Central/jets/4/py in Skim_TriLep_ggHToZZTo4L.root
2025-12-18 14:49:43,771 - INFO - [2023BPix] MISSING_CENTRAL: TTZ2E1Mu/Central/jets/4/py in Skim_TriLep_MuonEG_D_v2.root
2025-12-18 14:49:43,773 - INFO - [2023BPix] MISSING_CENTRAL: TTZ2E1Mu/Central/jets/4/py in Skim_TriLep_DYJets.root
2025-12-18 14:49:43,776 - INFO - [2023BPix] MISSING_CENTRAL: TTZ2E1Mu/Central/jets/4/py in Skim_TriLep_DYJets10to50.root
2025-12-18 14:49:43,782 - INFO - [2023BPix] MISSING_CENTRAL: TTZ2E1Mu/Central/jets/4/py in Skim_TriLep_TTG_PTG10to100.root
2025-12-18 14:49:43,784 - INFO - [2023BPix] MISSING_CENTRAL: TTZ2E1Mu/Central/jets/4/py in Skim_TriLep_TTG_PTG100to200.root
2025-12-18 14:49:43,786 - INFO - [2023BPix] MISSING_CENTRAL: TTZ2E1Mu/Central/jets/4/py in Skim_TriLep_TTG_PTG200toInf.root
2025-12-18 14:49:43,914 - INFO - [2023BPix] MISSING_CENTRAL: TTZ2E1Mu/Central/jets/4/py in Skim_TriLep_WZTo3LNu_powheg.root
2025-12-18 14:49:44,105 - INFO - [2023BPix] MISSING_CENTRAL: TTZ2E1Mu/Central/jets/4/py in Skim_TriLep_WWW.root
2025-12-18 14:49:44,107 - INFO - [2023BPix] MISSING_CENTRAL: TTZ2E1Mu/Central/jets/4/py in Skim_TriLep_WWZ.root
2025-12-18 14:49:44,285 - INFO - [2023BPix] MISSING_CENTRAL: TTZ2E1Mu/Central/jets/4/py in Skim_TriLep_VBFHToZZTo4L.root
2025-12-18 14:49:44,289 - INFO - [2023BPix] MISSING_CENTRAL: TTZ2E1Mu/Central/jets/4/py in Skim_TriLep_ggHToZZTo4L.root
2025-12-18 21:35:54,587 - INFO - [2023] MISSING_CENTRAL: TTZ2E1Mu/Central/jets/4/py in Skim_TriLep_MuonEG_C_v1.root
2025-12-18 21:35:54,588 - INFO - [2023] MISSING_CENTRAL: TTZ2E1Mu/Central/jets/4/py in Skim_TriLep_MuonEG_C_v2.root
2025-12-18 21:35:54,589 - INFO - [2023] MISSING_CENTRAL: TTZ2E1Mu/Central/jets/4/py in Skim_TriLep_MuonEG_C_v3.root
2025-12-18 21:35:54,590 - INFO - [2023] MISSING_CENTRAL: TTZ2E1Mu/Central/jets/4/py in Skim_TriLep_MuonEG_C_v4.root
2025-12-18 21:35:54,592 - INFO - [2023BPix] MISSING_CENTRAL: TTZ2E1Mu/Central/jets/4/py in Skim_TriLep_MuonEG_D_v2.root
2025-12-18 21:35:54,612 - INFO - [2022] MISSING_CENTRAL: TTZ2E1Mu/Central/jets/4/py in Skim_TriLep_MuonEG_D.root
2025-12-18 21:35:54,620 - INFO - [2022] MISSING_CENTRAL: TTZ2E1Mu/Central/jets/4/py in Skim_TriLep_DYJets.root
2025-12-18 21:35:54,628 - INFO - [2022] MISSING_CENTRAL: TTZ2E1Mu/Central/jets/4/py in Skim_TriLep_DYJets10to50.root
2025-12-18 21:35:54,629 - INFO - [2022] MISSING_CENTRAL: TTZ2E1Mu/Central/jets/4/py in Skim_TriLep_TTG_PTG10to100.root
2025-12-18 21:35:54,630 - INFO - [2022] MISSING_CENTRAL: TTZ2E1Mu/Central/jets/4/py in Skim_TriLep_TTG_PTG100to200.root
2025-12-18 21:35:54,631 - INFO - [2022] MISSING_CENTRAL: TTZ2E1Mu/Central/jets/4/py in Skim_TriLep_TTG_PTG200toInf.root
2025-12-18 21:35:54,906 - INFO - [2022] MISSING_CENTRAL: TTZ2E1Mu/Central/jets/4/py in Skim_TriLep_WZTo3LNu_powheg.root
2025-12-18 21:35:55,055 - INFO - [2022] MISSING_CENTRAL: TTZ2E1Mu/Central/jets/4/py in Skim_TriLep_WWW.root
2025-12-18 21:35:55,155 - INFO - [2022] MISSING_CENTRAL: TTZ2E1Mu/Central/jets/4/py in Skim_TriLep_VBFHToZZTo4L.root
2025-12-18 21:35:55,156 - INFO - [2022] MISSING_CENTRAL: TTZ2E1Mu/Central/jets/4/py in Skim_TriLep_ggHToZZTo4L.root
2025-12-18 21:35:55,160 - INFO - [2022EE] MISSING_CENTRAL: TTZ2E1Mu/Central/jets/4/py in Skim_TriLep_MuonEG_G.root
2025-12-18 21:35:55,161 - INFO - [2022EE] MISSING_CENTRAL: TTZ2E1Mu/Central/jets/4/py in Skim_TriLep_DYJets.root
2025-12-18 21:35:55,162 - INFO - [2022EE] MISSING_CENTRAL: TTZ2E1Mu/Central/jets/4/py in Skim_TriLep_DYJets10to50.root
2025-12-18 21:35:55,186 - INFO - [2022EE] MISSING_CENTRAL: TTZ2E1Mu/Central/jets/4/py in Skim_TriLep_TTG_PTG100to200.root
2025-12-18 21:35:55,187 - INFO - [2022EE] MISSING_CENTRAL: TTZ2E1Mu/Central/jets/4/py in Skim_TriLep_TTG_PTG200toInf.root
2025-12-18 21:35:55,389 - INFO - [2022EE] MISSING_CENTRAL: TTZ2E1Mu/Central/jets/4/py in Skim_TriLep_WWW.root
2025-12-18 21:35:55,508 - INFO - [2022EE] MISSING_CENTRAL: TTZ2E1Mu/Central/jets/4/py in Skim_TriLep_VBFHToZZTo4L.root
2025-12-18 21:35:55,512 - INFO - [2022EE] MISSING_CENTRAL: TTZ2E1Mu/Central/jets/4/py in Skim_TriLep_ggHToZZTo4L.root
2025-12-18 21:35:55,517 - INFO - [2023] MISSING_CENTRAL: TTZ2E1Mu/Central/jets/4/py in Skim_TriLep_MuonEG_C_v1.root
2025-12-18 21:35:55,518 - INFO - [2023] MISSING_CENTRAL: TTZ2E1Mu/Central/jets/4/py in Skim_TriLep_MuonEG_C_v2.root
2025-12-18 21:35:55,522 - INFO - [2023] MISSING_CENTRAL: TTZ2E1Mu/Central/jets/4/py in Skim_TriLep_MuonEG_C_v3.root
2025-12-18 21:35:55,526 - INFO - [2023] MISSING_CENTRAL: TTZ2E1Mu/Central/jets/4/py in Skim_TriLep_MuonEG_C_v4.root
2025-12-18 21:35:55,531 - INFO - [2023] MISSING_CENTRAL: TTZ2E1Mu/Central/jets/4/py in Skim_TriLep_DYJets.root
2025-12-18 21:35:55,534 - INFO - [2023] MISSING_CENTRAL: TTZ2E1Mu/Central/jets/4/py in Skim_TriLep_DYJets10to50.root
2025-12-18 21:35:55,615 - INFO - [2023] MISSING_CENTRAL: TTZ2E1Mu/Central/jets/4/py in Skim_TriLep_TTG_PTG100to200.root
2025-12-18 21:35:55,617 - INFO - [2023] MISSING_CENTRAL: TTZ2E1Mu/Central/jets/4/py in Skim_TriLep_TTG_PTG200toInf.root
2025-12-18 21:35:56,120 - INFO - [2023] MISSING_CENTRAL: TTZ2E1Mu/Central/jets/4/py in Skim_TriLep_WWW.root
2025-12-18 21:35:56,239 - INFO - [2023] MISSING_CENTRAL: TTZ2E1Mu/Central/jets/4/py in Skim_TriLep_ZZZ.root
2025-12-18 21:35:56,267 - INFO - [2023] MISSING_CENTRAL: TTZ2E1Mu/Central/jets/4/py in Skim_TriLep_VBFHToZZTo4L.root
2025-12-18 21:35:56,268 - INFO - [2023] MISSING_CENTRAL: TTZ2E1Mu/Central/jets/4/py in Skim_TriLep_ggHToZZTo4L.root
2025-12-18 21:35:56,271 - INFO - [2023BPix] MISSING_CENTRAL: TTZ2E1Mu/Central/jets/4/py in Skim_TriLep_MuonEG_D_v2.root
2025-12-18 21:35:56,272 - INFO - [2023BPix] MISSING_CENTRAL: TTZ2E1Mu/Central/jets/4/py in Skim_TriLep_DYJets.root
2025-12-18 21:35:56,273 - INFO - [2023BPix] MISSING_CENTRAL: TTZ2E1Mu/Central/jets/4/py in Skim_TriLep_DYJets10to50.root
2025-12-18 21:35:56,274 - INFO - [2023BPix] MISSING_CENTRAL: TTZ2E1Mu/Central/jets/4/py in Skim_TriLep_TTG_PTG10to100.root
2025-12-18 21:35:56,275 - INFO - [2023BPix] MISSING_CENTRAL: TTZ2E1Mu/Central/jets/4/py in Skim_TriLep_TTG_PTG100to200.root
2025-12-18 21:35:56,277 - INFO - [2023BPix] MISSING_CENTRAL: TTZ2E1Mu/Central/jets/4/py in Skim_TriLep_TTG_PTG200toInf.root
2025-12-18 21:35:56,414 - INFO - [2023BPix] MISSING_CENTRAL: TTZ2E1Mu/Central/jets/4/py in Skim_TriLep_WZTo3LNu_powheg.root
2025-12-18 21:35:56,495 - INFO - [2023BPix] MISSING_CENTRAL: TTZ2E1Mu/Central/jets/4/py in Skim_TriLep_WWW.root
2025-12-18 21:35:56,496 - INFO - [2023BPix] MISSING_CENTRAL: TTZ2E1Mu/Central/jets/4/py in Skim_TriLep_WWZ.root
2025-12-18 21:35:56,577 - INFO - [2023BPix] MISSING_CENTRAL: TTZ2E1Mu/Central/jets/4/py in Skim_TriLep_VBFHToZZTo4L.root
2025-12-18 21:35:56,579 - INFO - [2023BPix] MISSING_CENTRAL: TTZ2E1Mu/Central/jets/4/py in Skim_TriLep_ggHToZZTo4L.root
2025-12-18 23:45:03,014 - INFO - [2023] MISSING_CENTRAL: TTZ2E1Mu/Central/jets/4/py in Skim_TriLep_MuonEG_C_v1.root
2025-12-18 23:45:03,015 - INFO - [2023] MISSING_CENTRAL: TTZ2E1Mu/Central/jets/4/py in Skim_TriLep_MuonEG_C_v2.root
2025-12-18 23:45:03,015 - INFO - [2023] MISSING_CENTRAL: TTZ2E1Mu/Central/jets/4/py in Skim_TriLep_MuonEG_C_v3.root
2025-12-18 23:45:03,016 - INFO - [2023] MISSING_CENTRAL: TTZ2E1Mu/Central/jets/4/py in Skim_TriLep_MuonEG_C_v4.root
2025-12-18 23:45:03,017 - INFO - [2023BPix] MISSING_CENTRAL: TTZ2E1Mu/Central/jets/4/py in Skim_TriLep_MuonEG_D_v2.root
2025-12-18 23:45:03,033 - INFO - [2022] MISSING_CENTRAL: TTZ2E1Mu/Central/jets/4/py in Skim_TriLep_MuonEG_D.root
2025-12-18 23:45:03,034 - INFO - [2022] MISSING_CENTRAL: TTZ2E1Mu/Central/jets/4/py in Skim_TriLep_DYJets.root
2025-12-18 23:45:03,034 - INFO - [2022] MISSING_CENTRAL: TTZ2E1Mu/Central/jets/4/py in Skim_TriLep_DYJets10to50.root
2025-12-18 23:45:03,035 - INFO - [2022] MISSING_CENTRAL: TTZ2E1Mu/Central/jets/4/py in Skim_TriLep_TTG_PTG10to100.root
2025-12-18 23:45:03,035 - INFO - [2022] MISSING_CENTRAL: TTZ2E1Mu/Central/jets/4/py in Skim_TriLep_TTG_PTG100to200.root
2025-12-18 23:45:03,036 - INFO - [2022] MISSING_CENTRAL: TTZ2E1Mu/Central/jets/4/py in Skim_TriLep_TTG_PTG200toInf.root
2025-12-18 23:45:03,099 - INFO - [2022] MISSING_CENTRAL: TTZ2E1Mu/Central/jets/4/py in Skim_TriLep_WZTo3LNu_powheg.root
2025-12-18 23:45:03,155 - INFO - [2022] MISSING_CENTRAL: TTZ2E1Mu/Central/jets/4/py in Skim_TriLep_WWW.root
2025-12-18 23:45:03,249 - INFO - [2022] MISSING_CENTRAL: TTZ2E1Mu/Central/jets/4/py in Skim_TriLep_VBFHToZZTo4L.root
2025-12-18 23:45:03,250 - INFO - [2022] MISSING_CENTRAL: TTZ2E1Mu/Central/jets/4/py in Skim_TriLep_ggHToZZTo4L.root
2025-12-18 23:45:03,251 - INFO - [2022EE] MISSING_CENTRAL: TTZ2E1Mu/Central/jets/4/py in Skim_TriLep_MuonEG_G.root
2025-12-18 23:45:03,252 - INFO - [2022EE] MISSING_CENTRAL: TTZ2E1Mu/Central/jets/4/py in Skim_TriLep_DYJets.root
2025-12-18 23:45:03,252 - INFO - [2022EE] MISSING_CENTRAL: TTZ2E1Mu/Central/jets/4/py in Skim_TriLep_DYJets10to50.root
2025-12-18 23:45:03,267 - INFO - [2022EE] MISSING_CENTRAL: TTZ2E1Mu/Central/jets/4/py in Skim_TriLep_TTG_PTG100to200.root
2025-12-18 23:45:03,267 - INFO - [2022EE] MISSING_CENTRAL: TTZ2E1Mu/Central/jets/4/py in Skim_TriLep_TTG_PTG200toInf.root
2025-12-18 23:45:03,436 - INFO - [2022EE] MISSING_CENTRAL: TTZ2E1Mu/Central/jets/4/py in Skim_TriLep_WWW.root
2025-12-18 23:45:03,545 - INFO - [2022EE] MISSING_CENTRAL: TTZ2E1Mu/Central/jets/4/py in Skim_TriLep_VBFHToZZTo4L.root
2025-12-18 23:45:03,546 - INFO - [2022EE] MISSING_CENTRAL: TTZ2E1Mu/Central/jets/4/py in Skim_TriLep_ggHToZZTo4L.root
2025-12-18 23:45:03,546 - INFO - [2023] MISSING_CENTRAL: TTZ2E1Mu/Central/jets/4/py in Skim_TriLep_MuonEG_C_v1.root
2025-12-18 23:45:03,547 - INFO - [2023] MISSING_CENTRAL: TTZ2E1Mu/Central/jets/4/py in Skim_TriLep_MuonEG_C_v2.root
2025-12-18 23:45:03,547 - INFO - [2023] MISSING_CENTRAL: TTZ2E1Mu/Central/jets/4/py in Skim_TriLep_MuonEG_C_v3.root
2025-12-18 23:45:03,548 - INFO - [2023] MISSING_CENTRAL: TTZ2E1Mu/Central/jets/4/py in Skim_TriLep_MuonEG_C_v4.root
2025-12-18 23:45:03,548 - INFO - [2023] MISSING_CENTRAL: TTZ2E1Mu/Central/jets/4/py in Skim_TriLep_DYJets.root
2025-12-18 23:45:03,549 - INFO - [2023] MISSING_CENTRAL: TTZ2E1Mu/Central/jets/4/py in Skim_TriLep_DYJets10to50.root
2025-12-18 23:45:03,565 - INFO - [2023] MISSING_CENTRAL: TTZ2E1Mu/Central/jets/4/py in Skim_TriLep_TTG_PTG100to200.root
2025-12-18 23:45:03,566 - INFO - [2023] MISSING_CENTRAL: TTZ2E1Mu/Central/jets/4/py in Skim_TriLep_TTG_PTG200toInf.root
2025-12-18 23:45:03,695 - INFO - [2023] MISSING_CENTRAL: TTZ2E1Mu/Central/jets/4/py in Skim_TriLep_WWW.root
2025-12-18 23:45:03,757 - INFO - [2023] MISSING_CENTRAL: TTZ2E1Mu/Central/jets/4/py in Skim_TriLep_ZZZ.root
2025-12-18 23:45:03,778 - INFO - [2023] MISSING_CENTRAL: TTZ2E1Mu/Central/jets/4/py in Skim_TriLep_VBFHToZZTo4L.root
2025-12-18 23:45:03,779 - INFO - [2023] MISSING_CENTRAL: TTZ2E1Mu/Central/jets/4/py in Skim_TriLep_ggHToZZTo4L.root
2025-12-18 23:45:03,780 - INFO - [2023BPix] MISSING_CENTRAL: TTZ2E1Mu/Central/jets/4/py in Skim_TriLep_MuonEG_D_v2.root
2025-12-18 23:45:03,781 - INFO - [2023BPix] MISSING_CENTRAL: TTZ2E1Mu/Central/jets/4/py in Skim_TriLep_DYJets.root
2025-12-18 23:45:03,782 - INFO - [2023BPix] MISSING_CENTRAL: TTZ2E1Mu/Central/jets/4/py in Skim_TriLep_DYJets10to50.root
2025-12-18 23:45:03,782 - INFO - [2023BPix] MISSING_CENTRAL: TTZ2E1Mu/Central/jets/4/py in Skim_TriLep_TTG_PTG10to100.root
2025-12-18 23:45:03,783 - INFO - [2023BPix] MISSING_CENTRAL: TTZ2E1Mu/Central/jets/4/py in Skim_TriLep_TTG_PTG100to200.root
2025-12-18 23:45:03,783 - INFO - [2023BPix] MISSING_CENTRAL: TTZ2E1Mu/Central/jets/4/py in Skim_TriLep_TTG_PTG200toInf.root
2025-12-18 23:45:03,849 - INFO - [2023BPix] MISSING_CENTRAL: TTZ2E1Mu/Central/jets/4/py in Skim_TriLep_WZTo3LNu_powheg.root
2025-12-18 23:45:03,936 - INFO - [2023BPix] MISSING_CENTRAL: TTZ2E1Mu/Central/jets/4/py in Skim_TriLep_WWW.root
2025-12-18 23:45:03,937 - INFO - [2023BPix] MISSING_CENTRAL: TTZ2E1Mu/Central/jets/4/py in Skim_TriLep_WWZ.root
2025-12-18 23:45:04,001 - INFO - [2023BPix] MISSING_CENTRAL: TTZ2E1Mu/Central/jets/4/py in Skim_TriLep_VBFHToZZTo4L.root
2025-12-18 23:45:04,002 - INFO - [2023BPix] MISSING_CENTRAL: TTZ2E1Mu/Central/jets/4/py in Skim_TriLep_ggHToZZTo4L.root
2026-01-07 11:25:03,837 - INFO - [2023] MISSING_CENTRAL: TTZ2E1Mu/Central/jets/4/py in Skim_TriLep_MuonEG_C_v1.root
2026-01-07 11:25:03,839 - INFO - [2023] MISSING_CENTRAL: TTZ2E1Mu/Central/jets/4/py in Skim_TriLep_MuonEG_C_v2.root
2026-01-07 11:25:03,840 - INFO - [2023] MISSING_CENTRAL: TTZ2E1Mu/Central/jets/4/py in Skim_TriLep_MuonEG_C_v3.root
2026-01-07 11:25:03,841 - INFO - [2023] MISSING_CENTRAL: TTZ2E1Mu/Central/jets/4/py in Skim_TriLep_MuonEG_C_v4.root
2026-01-07 11:25:03,845 - INFO - [2023BPix] MISSING_CENTRAL: TTZ2E1Mu/Central/jets/4/py in Skim_TriLep_MuonEG_D_v2.root
2026-01-07 11:25:03,879 - INFO - [2022] MISSING_CENTRAL: TTZ2E1Mu/Central/jets/4/py in Skim_TriLep_MuonEG_D.root
2026-01-07 11:25:03,881 - INFO - [2022] MISSING_CENTRAL: TTZ2E1Mu/Central/jets/4/py in Skim_TriLep_DYJets.root
2026-01-07 11:25:03,882 - INFO - [2022] MISSING_CENTRAL: TTZ2E1Mu/Central/jets/4/py in Skim_TriLep_DYJets10to50.root
2026-01-07 11:25:03,883 - INFO - [2022] MISSING_CENTRAL: TTZ2E1Mu/Central/jets/4/py in Skim_TriLep_TTG_PTG10to100.root
2026-01-07 11:25:03,884 - INFO - [2022] MISSING_CENTRAL: TTZ2E1Mu/Central/jets/4/py in Skim_TriLep_TTG_PTG100to200.root
2026-01-07 11:25:03,888 - INFO - [2022] MISSING_CENTRAL: TTZ2E1Mu/Central/jets/4/py in Skim_TriLep_TTG_PTG200toInf.root
2026-01-07 11:25:03,998 - INFO - [2022] MISSING_CENTRAL: TTZ2E1Mu/Central/jets/4/py in Skim_TriLep_WZTo3LNu_powheg.root
2026-01-07 11:25:04,101 - INFO - [2022] MISSING_CENTRAL: TTZ2E1Mu/Central/jets/4/py in Skim_TriLep_WWW.root
2026-01-07 11:25:04,267 - INFO - [2022] MISSING_CENTRAL: TTZ2E1Mu/Central/jets/4/py in Skim_TriLep_VBFHToZZTo4L.root
2026-01-07 11:25:04,270 - INFO - [2022] MISSING_CENTRAL: TTZ2E1Mu/Central/jets/4/py in Skim_TriLep_ggHToZZTo4L.root
2026-01-07 11:25:04,281 - INFO - [2022EE] MISSING_CENTRAL: TTZ2E1Mu/Central/jets/4/py in Skim_TriLep_MuonEG_G.root
2026-01-07 11:25:04,283 - INFO - [2022EE] MISSING_CENTRAL: TTZ2E1Mu/Central/jets/4/py in Skim_TriLep_DYJets.root
2026-01-07 11:25:04,287 - INFO - [2022EE] MISSING_CENTRAL: TTZ2E1Mu/Central/jets/4/py in Skim_TriLep_DYJets10to50.root
2026-01-07 11:25:04,319 - INFO - [2022EE] MISSING_CENTRAL: TTZ2E1Mu/Central/jets/4/py in Skim_TriLep_TTG_PTG100to200.root
2026-01-07 11:25:04,321 - INFO - [2022EE] MISSING_CENTRAL: TTZ2E1Mu/Central/jets/4/py in Skim_TriLep_TTG_PTG200toInf.root
2026-01-07 11:25:04,668 - INFO - [2022EE] MISSING_CENTRAL: TTZ2E1Mu/Central/jets/4/py in Skim_TriLep_WWW.root
2026-01-07 11:25:04,953 - INFO - [2022EE] MISSING_CENTRAL: TTZ2E1Mu/Central/jets/4/py in Skim_TriLep_VBFHToZZTo4L.root
2026-01-07 11:25:04,961 - INFO - [2022EE] MISSING_CENTRAL: TTZ2E1Mu/Central/jets/4/py in Skim_TriLep_ggHToZZTo4L.root
2026-01-07 11:25:04,969 - INFO - [2023] MISSING_CENTRAL: TTZ2E1Mu/Central/jets/4/py in Skim_TriLep_MuonEG_C_v1.root
2026-01-07 11:25:04,976 - INFO - [2023] MISSING_CENTRAL: TTZ2E1Mu/Central/jets/4/py in Skim_TriLep_MuonEG_C_v2.root
2026-01-07 11:25:04,982 - INFO - [2023] MISSING_CENTRAL: TTZ2E1Mu/Central/jets/4/py in Skim_TriLep_MuonEG_C_v3.root
2026-01-07 11:25:04,983 - INFO - [2023] MISSING_CENTRAL: TTZ2E1Mu/Central/jets/4/py in Skim_TriLep_MuonEG_C_v4.root
2026-01-07 11:25:04,984 - INFO - [2023] MISSING_CENTRAL: TTZ2E1Mu/Central/jets/4/py in Skim_TriLep_DYJets.root
2026-01-07 11:25:04,986 - INFO - [2023] MISSING_CENTRAL: TTZ2E1Mu/Central/jets/4/py in Skim_TriLep_DYJets10to50.root
2026-01-07 11:25:05,019 - INFO - [2023] MISSING_CENTRAL: TTZ2E1Mu/Central/jets/4/py in Skim_TriLep_TTG_PTG100to200.root
2026-01-07 11:25:05,024 - INFO - [2023] MISSING_CENTRAL: TTZ2E1Mu/Central/jets/4/py in Skim_TriLep_TTG_PTG200toInf.root
2026-01-07 11:25:05,449 - INFO - [2023] MISSING_CENTRAL: TTZ2E1Mu/Central/jets/4/py in Skim_TriLep_WWW.root
2026-01-07 11:25:05,516 - INFO - [2023] MISSING_CENTRAL: TTZ2E1Mu/Central/jets/4/py in Skim_TriLep_ZZZ.root
2026-01-07 11:25:05,550 - INFO - [2023] MISSING_CENTRAL: TTZ2E1Mu/Central/jets/4/py in Skim_TriLep_VBFHToZZTo4L.root
2026-01-07 11:25:05,552 - INFO - [2023] MISSING_CENTRAL: TTZ2E1Mu/Central/jets/4/py in Skim_TriLep_ggHToZZTo4L.root
2026-01-07 11:25:05,556 - INFO - [2023BPix] MISSING_CENTRAL: TTZ2E1Mu/Central/jets/4/py in Skim_TriLep_MuonEG_D_v2.root
2026-01-07 11:25:05,557 - INFO - [2023BPix] MISSING_CENTRAL: TTZ2E1Mu/Central/jets/4/py in Skim_TriLep_DYJets.root
2026-01-07 11:25:05,559 - INFO - [2023BPix] MISSING_CENTRAL: TTZ2E1Mu/Central/jets/4/py in Skim_TriLep_DYJets10to50.root
2026-01-07 11:25:05,560 - INFO - [2023BPix] MISSING_CENTRAL: TTZ2E1Mu/Central/jets/4/py in Skim_TriLep_TTG_PTG10to100.root
2026-01-07 11:25:05,562 - INFO - [2023BPix] MISSING_CENTRAL: TTZ2E1Mu/Central/jets/4/py in Skim_TriLep_TTG_PTG100to200.root
2026-01-07 11:25:05,568 - INFO - [2023BPix] MISSING_CENTRAL: TTZ2E1Mu/Central/jets/4/py in Skim_TriLep_TTG_PTG200toInf.root
2026-01-07 11:25:05,748 - INFO - [2023BPix] MISSING_CENTRAL: TTZ2E1Mu/Central/jets/4/py in Skim_TriLep_WZTo3LNu_powheg.root
2026-01-07 11:25:05,836 - INFO - [2023BPix] MISSING_CENTRAL: TTZ2E1Mu/Central/jets/4/py in Skim_TriLep_WWW.root
2026-01-07 11:25:05,840 - INFO - [2023BPix] MISSING_CENTRAL: TTZ2E1Mu/Central/jets/4/py in Skim_TriLep_WWZ.root
2026-01-07 11:25:05,932 - INFO - [2023BPix] MISSING_CENTRAL: TTZ2E1Mu/Central/jets/4/py in Skim_TriLep_VBFHToZZTo4L.root
2026-01-07 11:25:05,934 - INFO - [2023BPix] MISSING_CENTRAL: TTZ2E1Mu/Central/jets/4/py in Skim_TriLep_ggHToZZTo4L.root
2026-01-07 11:57:53,711 - INFO - [2023] MISSING_CENTRAL: TTZ2E1Mu/Central/jets/4/py in Skim_TriLep_MuonEG_C_v1.root
2026-01-07 11:57:53,712 - INFO - [2023] MISSING_CENTRAL: TTZ2E1Mu/Central/jets/4/py in Skim_TriLep_MuonEG_C_v2.root
2026-01-07 11:57:53,713 - INFO - [2023] MISSING_CENTRAL: TTZ2E1Mu/Central/jets/4/py in Skim_TriLep_MuonEG_C_v3.root
2026-01-07 11:57:53,714 - INFO - [2023] MISSING_CENTRAL: TTZ2E1Mu/Central/jets/4/py in Skim_TriLep_MuonEG_C_v4.root
2026-01-07 11:57:53,716 - INFO - [2023BPix] MISSING_CENTRAL: TTZ2E1Mu/Central/jets/4/py in Skim_TriLep_MuonEG_D_v2.root
2026-01-07 11:57:53,736 - INFO - [2022] MISSING_CENTRAL: TTZ2E1Mu/Central/jets/4/py in Skim_TriLep_MuonEG_D.root
2026-01-07 11:57:53,736 - INFO - [2022] MISSING_CENTRAL: TTZ2E1Mu/Central/jets/4/py in Skim_TriLep_DYJets.root
2026-01-07 11:57:53,737 - INFO - [2022] MISSING_CENTRAL: TTZ2E1Mu/Central/jets/4/py in Skim_TriLep_DYJets10to50.root
2026-01-07 11:57:53,738 - INFO - [2022] MISSING_CENTRAL: TTZ2E1Mu/Central/jets/4/py in Skim_TriLep_TTG_PTG10to100.root
2026-01-07 11:57:53,740 - INFO - [2022] MISSING_CENTRAL: TTZ2E1Mu/Central/jets/4/py in Skim_TriLep_TTG_PTG100to200.root
2026-01-07 11:57:53,741 - INFO - [2022] MISSING_CENTRAL: TTZ2E1Mu/Central/jets/4/py in Skim_TriLep_TTG_PTG200toInf.root
2026-01-07 11:57:53,852 - INFO - [2022] MISSING_CENTRAL: TTZ2E1Mu/Central/jets/4/py in Skim_TriLep_WZTo3LNu_powheg.root
2026-01-07 11:57:53,932 - INFO - [2022] MISSING_CENTRAL: TTZ2E1Mu/Central/jets/4/py in Skim_TriLep_WWW.root
2026-01-07 11:57:54,156 - INFO - [2022] MISSING_CENTRAL: TTZ2E1Mu/Central/jets/4/py in Skim_TriLep_VBFHToZZTo4L.root
2026-01-07 11:57:54,161 - INFO - [2022] MISSING_CENTRAL: TTZ2E1Mu/Central/jets/4/py in Skim_TriLep_ggHToZZTo4L.root
2026-01-07 11:57:54,180 - INFO - [2022EE] MISSING_CENTRAL: TTZ2E1Mu/Central/jets/4/py in Skim_TriLep_MuonEG_G.root
2026-01-07 11:57:54,182 - INFO - [2022EE] MISSING_CENTRAL: TTZ2E1Mu/Central/jets/4/py in Skim_TriLep_DYJets.root
2026-01-07 11:57:54,183 - INFO - [2022EE] MISSING_CENTRAL: TTZ2E1Mu/Central/jets/4/py in Skim_TriLep_DYJets10to50.root
2026-01-07 11:57:54,294 - INFO - [2022EE] MISSING_CENTRAL: TTZ2E1Mu/Central/jets/4/py in Skim_TriLep_TTG_PTG100to200.root
2026-01-07 11:57:54,313 - INFO - [2022EE] MISSING_CENTRAL: TTZ2E1Mu/Central/jets/4/py in Skim_TriLep_TTG_PTG200toInf.root
2026-01-07 11:57:54,604 - INFO - [2022EE] MISSING_CENTRAL: TTZ2E1Mu/Central/jets/4/py in Skim_TriLep_WWW.root
2026-01-07 11:57:54,809 - INFO - [2022EE] MISSING_CENTRAL: TTZ2E1Mu/Central/jets/4/py in Skim_TriLep_VBFHToZZTo4L.root
2026-01-07 11:57:54,815 - INFO - [2022EE] MISSING_CENTRAL: TTZ2E1Mu/Central/jets/4/py in Skim_TriLep_ggHToZZTo4L.root
2026-01-07 11:57:54,824 - INFO - [2023] MISSING_CENTRAL: TTZ2E1Mu/Central/jets/4/py in Skim_TriLep_MuonEG_C_v1.root
2026-01-07 11:57:54,833 - INFO - [2023] MISSING_CENTRAL: TTZ2E1Mu/Central/jets/4/py in Skim_TriLep_MuonEG_C_v2.root
2026-01-07 11:57:54,838 - INFO - [2023] MISSING_CENTRAL: TTZ2E1Mu/Central/jets/4/py in Skim_TriLep_MuonEG_C_v3.root
2026-01-07 11:57:54,844 - INFO - [2023] MISSING_CENTRAL: TTZ2E1Mu/Central/jets/4/py in Skim_TriLep_MuonEG_C_v4.root
2026-01-07 11:57:54,865 - INFO - [2023] MISSING_CENTRAL: TTZ2E1Mu/Central/jets/4/py in Skim_TriLep_DYJets.root
2026-01-07 11:57:54,870 - INFO - [2023] MISSING_CENTRAL: TTZ2E1Mu/Central/jets/4/py in Skim_TriLep_DYJets10to50.root
2026-01-07 11:57:54,943 - INFO - [2023] MISSING_CENTRAL: TTZ2E1Mu/Central/jets/4/py in Skim_TriLep_TTG_PTG100to200.root
2026-01-07 11:57:54,945 - INFO - [2023] MISSING_CENTRAL: TTZ2E1Mu/Central/jets/4/py in Skim_TriLep_TTG_PTG200toInf.root
2026-01-07 11:57:55,424 - INFO - [2023] MISSING_CENTRAL: TTZ2E1Mu/Central/jets/4/py in Skim_TriLep_WWW.root
2026-01-07 11:57:55,479 - INFO - [2023] MISSING_CENTRAL: TTZ2E1Mu/Central/jets/4/py in Skim_TriLep_ZZZ.root
2026-01-07 11:57:55,601 - INFO - [2023] MISSING_CENTRAL: TTZ2E1Mu/Central/jets/4/py in Skim_TriLep_VBFHToZZTo4L.root
2026-01-07 11:57:55,618 - INFO - [2023] MISSING_CENTRAL: TTZ2E1Mu/Central/jets/4/py in Skim_TriLep_ggHToZZTo4L.root
2026-01-07 11:57:55,631 - INFO - [2023BPix] MISSING_CENTRAL: TTZ2E1Mu/Central/jets/4/py in Skim_TriLep_MuonEG_D_v2.root
2026-01-07 11:57:55,638 - INFO - [2023BPix] MISSING_CENTRAL: TTZ2E1Mu/Central/jets/4/py in Skim_TriLep_DYJets.root
2026-01-07 11:57:55,639 - INFO - [2023BPix] MISSING_CENTRAL: TTZ2E1Mu/Central/jets/4/py in Skim_TriLep_DYJets10to50.root
2026-01-07 11:57:55,647 - INFO - [2023BPix] MISSING_CENTRAL: TTZ2E1Mu/Central/jets/4/py in Skim_TriLep_TTG_PTG10to100.root
2026-01-07 11:57:55,648 - INFO - [2023BPix] MISSING_CENTRAL: TTZ2E1Mu/Central/jets/4/py in Skim_TriLep_TTG_PTG100to200.root
2026-01-07 11:57:55,659 - INFO - [2023BPix] MISSING_CENTRAL: TTZ2E1Mu/Central/jets/4/py in Skim_TriLep_TTG_PTG200toInf.root
2026-01-07 11:57:55,773 - INFO - [2023BPix] MISSING_CENTRAL: TTZ2E1Mu/Central/jets/4/py in Skim_TriLep_WZTo3LNu_powheg.root
2026-01-07 11:57:55,861 - INFO - [2023BPix] MISSING_CENTRAL: TTZ2E1Mu/Central/jets/4/py in Skim_TriLep_WWW.root
2026-01-07 11:57:55,863 - INFO - [2023BPix] MISSING_CENTRAL: TTZ2E1Mu/Central/jets/4/py in Skim_TriLep_WWZ.root
2026-01-07 11:57:55,939 - INFO - [2023BPix] MISSING_CENTRAL: TTZ2E1Mu/Central/jets/4/py in Skim_TriLep_VBFHToZZTo4L.root
2026-01-07 11:57:55,941 - INFO - [2023BPix] MISSING_CENTRAL: TTZ2E1Mu/Central/jets/4/py in Skim_TriLep_ggHToZZTo4L.root
