2025-12-18 14:49:36,565 - INFO - [2022] MISSING_CENTRAL: TTZ2E1Mu/Central/jets/1/px in Skim_TriLep_DYJets.root
2025-12-18 14:49:36,566 - INFO - [2022] MISSING_CENTRAL: TTZ2E1Mu/Central/jets/1/px in Skim_TriLep_DYJets10to50.root
2025-12-18 14:49:37,067 - INFO - [2022EE] MISSING_CENTRAL: TTZ2E1Mu/Central/jets/1/px in Skim_TriLep_DYJets.root
2025-12-18 14:49:37,074 - INFO - [2022EE] MISSING_CENTRAL: TTZ2E1Mu/Central/jets/1/px in Skim_TriLep_DYJets10to50.root
2025-12-18 14:49:37,442 - INFO - [2022EE] MISSING_CENTRAL: TTZ2E1Mu/Central/jets/1/px in Skim_TriLep_WWW.root
2025-12-18 14:49:37,752 - INFO - [2023] MISSING_CENTRAL: TTZ2E1Mu/Central/jets/1/px in Skim_TriLep_DYJets.root
2025-12-18 14:49:37,764 - INFO - [2023] MISSING_CENTRAL: TTZ2E1Mu/Central/jets/1/px in Skim_TriLep_DYJets10to50.root
2025-12-18 14:49:38,065 - INFO - [2023] MISSING_CENTRAL: TTZ2E1Mu/Central/jets/1/px in Skim_TriLep_WWW.root
2025-12-18 14:49:38,264 - INFO - [2023BPix] MISSING_CENTRAL: TTZ2E1Mu/Central/jets/1/px in Skim_TriLep_DYJets10to50.root
2025-12-18 21:35:49,132 - INFO - [2022] MISSING_CENTRAL: TTZ2E1Mu/Central/jets/1/px in Skim_TriLep_DYJets.root
2025-12-18 21:35:49,132 - INFO - [2022] MISSING_CENTRAL: TTZ2E1Mu/Central/jets/1/px in Skim_TriLep_DYJets10to50.root
2025-12-18 21:35:49,608 - INFO - [2022EE] MISSING_CENTRAL: TTZ2E1Mu/Central/jets/1/px in Skim_TriLep_DYJets.root
2025-12-18 21:35:49,609 - INFO - [2022EE] MISSING_CENTRAL: TTZ2E1Mu/Central/jets/1/px in Skim_TriLep_DYJets10to50.root
2025-12-18 21:35:49,918 - INFO - [2022EE] MISSING_CENTRAL: TTZ2E1Mu/Central/jets/1/px in Skim_TriLep_WWW.root
2025-12-18 21:35:50,106 - INFO - [2023] MISSING_CENTRAL: TTZ2E1Mu/Central/jets/1/px in Skim_TriLep_DYJets.root
2025-12-18 21:35:50,107 - INFO - [2023] MISSING_CENTRAL: TTZ2E1Mu/Central/jets/1/px in Skim_TriLep_DYJets10to50.root
2025-12-18 21:35:50,415 - INFO - [2023] MISSING_CENTRAL: TTZ2E1Mu/Central/jets/1/px in Skim_TriLep_WWW.root
2025-12-18 21:35:50,613 - INFO - [2023BPix] MISSING_CENTRAL: TTZ2E1Mu/Central/jets/1/px in Skim_TriLep_DYJets10to50.root
2025-12-18 23:44:58,575 - INFO - [2022] MISSING_CENTRAL: TTZ2E1Mu/Central/jets/1/px in Skim_TriLep_DYJets.root
2025-12-18 23:44:58,576 - INFO - [2022] MISSING_CENTRAL: TTZ2E1Mu/Central/jets/1/px in Skim_TriLep_DYJets10to50.root
2025-12-18 23:44:59,096 - INFO - [2022EE] MISSING_CENTRAL: TTZ2E1Mu/Central/jets/1/px in Skim_TriLep_DYJets.root
2025-12-18 23:44:59,100 - INFO - [2022EE] MISSING_CENTRAL: TTZ2E1Mu/Central/jets/1/px in Skim_TriLep_DYJets10to50.root
2025-12-18 23:44:59,327 - INFO - [2022EE] MISSING_CENTRAL: TTZ2E1Mu/Central/jets/1/px in Skim_TriLep_WWW.root
2025-12-18 23:44:59,423 - INFO - [2023] MISSING_CENTRAL: TTZ2E1Mu/Central/jets/1/px in Skim_TriLep_DYJets.root
2025-12-18 23:44:59,424 - INFO - [2023] MISSING_CENTRAL: TTZ2E1Mu/Central/jets/1/px in Skim_TriLep_DYJets10to50.root
2025-12-18 23:44:59,593 - INFO - [2023] MISSING_CENTRAL: TTZ2E1Mu/Central/jets/1/px in Skim_TriLep_WWW.root
2025-12-18 23:44:59,704 - INFO - [2023BPix] MISSING_CENTRAL: TTZ2E1Mu/Central/jets/1/px in Skim_TriLep_DYJets10to50.root
2026-01-07 11:24:57,796 - INFO - [2022] MISSING_CENTRAL: TTZ2E1Mu/Central/jets/1/px in Skim_TriLep_DYJets.root
2026-01-07 11:24:57,797 - INFO - [2022] MISSING_CENTRAL: TTZ2E1Mu/Central/jets/1/px in Skim_TriLep_DYJets10to50.root
2026-01-07 11:24:58,315 - INFO - [2022EE] MISSING_CENTRAL: TTZ2E1Mu/Central/jets/1/px in Skim_TriLep_DYJets.root
2026-01-07 11:24:58,316 - INFO - [2022EE] MISSING_CENTRAL: TTZ2E1Mu/Central/jets/1/px in Skim_TriLep_DYJets10to50.root
2026-01-07 11:24:58,622 - INFO - [2022EE] MISSING_CENTRAL: TTZ2E1Mu/Central/jets/1/px in Skim_TriLep_WWW.root
2026-01-07 11:24:58,803 - INFO - [2023] MISSING_CENTRAL: TTZ2E1Mu/Central/jets/1/px in Skim_TriLep_DYJets.root
2026-01-07 11:24:58,806 - INFO - [2023] MISSING_CENTRAL: TTZ2E1Mu/Central/jets/1/px in Skim_TriLep_DYJets10to50.root
2026-01-07 11:24:59,160 - INFO - [2023] MISSING_CENTRAL: TTZ2E1Mu/Central/jets/1/px in Skim_TriLep_WWW.root
2026-01-07 11:24:59,399 - INFO - [2023BPix] MISSING_CENTRAL: TTZ2E1Mu/Central/jets/1/px in Skim_TriLep_DYJets10to50.root
2026-01-07 11:57:48,489 - INFO - [2022] MISSING_CENTRAL: TTZ2E1Mu/Central/jets/1/px in Skim_TriLep_DYJets.root
2026-01-07 11:57:48,490 - INFO - [2022] MISSING_CENTRAL: TTZ2E1Mu/Central/jets/1/px in Skim_TriLep_DYJets10to50.root
2026-01-07 11:57:48,954 - INFO - [2022EE] MISSING_CENTRAL: TTZ2E1Mu/Central/jets/1/px in Skim_TriLep_DYJets.root
2026-01-07 11:57:48,956 - INFO - [2022EE] MISSING_CENTRAL: TTZ2E1Mu/Central/jets/1/px in Skim_TriLep_DYJets10to50.root
2026-01-07 11:57:49,261 - INFO - [2022EE] MISSING_CENTRAL: TTZ2E1Mu/Central/jets/1/px in Skim_TriLep_WWW.root
2026-01-07 11:57:49,426 - INFO - [2023] MISSING_CENTRAL: TTZ2E1Mu/Central/jets/1/px in Skim_TriLep_DYJets.root
2026-01-07 11:57:49,428 - INFO - [2023] MISSING_CENTRAL: TTZ2E1Mu/Central/jets/1/px in Skim_TriLep_DYJets10to50.root
2026-01-07 11:57:49,717 - INFO - [2023] MISSING_CENTRAL: TTZ2E1Mu/Central/jets/1/px in Skim_TriLep_WWW.root
2026-01-07 11:57:49,914 - INFO - [2023BPix] MISSING_CENTRAL: TTZ2E1Mu/Central/jets/1/px in Skim_TriLep_DYJets10to50.root
2026-01-07 18:54:26,342 - INFO - [2022] MISSING_CENTRAL: TTZ2E1Mu/Central/jets/1/px in Skim_TriLep_DYJets.root
2026-01-07 18:54:26,343 - INFO - [2022] MISSING_CENTRAL: TTZ2E1Mu/Central/jets/1/px in Skim_TriLep_DYJets10to50.root
2026-01-07 18:54:26,830 - INFO - [2022EE] MISSING_CENTRAL: TTZ2E1Mu/Central/jets/1/px in Skim_TriLep_DYJets.root
2026-01-07 18:54:26,831 - INFO - [2022EE] MISSING_CENTRAL: TTZ2E1Mu/Central/jets/1/px in Skim_TriLep_DYJets10to50.root
2026-01-07 18:54:27,124 - INFO - [2022EE] MISSING_CENTRAL: TTZ2E1Mu/Central/jets/1/px in Skim_TriLep_WWW.root
2026-01-07 18:54:27,293 - INFO - [2023] MISSING_CENTRAL: TTZ2E1Mu/Central/jets/1/px in Skim_TriLep_DYJets.root
2026-01-07 18:54:27,294 - INFO - [2023] MISSING_CENTRAL: TTZ2E1Mu/Central/jets/1/px in Skim_TriLep_DYJets10to50.root
2026-01-07 18:54:27,594 - INFO - [2023] MISSING_CENTRAL: TTZ2E1Mu/Central/jets/1/px in Skim_TriLep_WWW.root
2026-01-07 18:54:27,776 - INFO - [2023BPix] MISSING_CENTRAL: TTZ2E1Mu/Central/jets/1/px in Skim_TriLep_DYJets10to50.root
2026-01-09 12:29:51,962 - INFO - [2022] MISSING_CENTRAL: TTZ2E1Mu/Central/jets/1/px in Skim_TriLep_DYJets.root
2026-01-09 12:29:51,969 - INFO - [2022] MISSING_CENTRAL: TTZ2E1Mu/Central/jets/1/px in Skim_TriLep_DYJets10to50.root
2026-01-09 12:29:52,414 - INFO - [2022EE] MISSING_CENTRAL: TTZ2E1Mu/Central/jets/1/px in Skim_TriLep_DYJets.root
2026-01-09 12:29:52,415 - INFO - [2022EE] MISSING_CENTRAL: TTZ2E1Mu/Central/jets/1/px in Skim_TriLep_DYJets10to50.root
2026-01-09 12:29:52,733 - INFO - [2022EE] MISSING_CENTRAL: TTZ2E1Mu/Central/jets/1/px in Skim_TriLep_WWW.root
2026-01-09 12:29:52,871 - INFO - [2023] MISSING_CENTRAL: TTZ2E1Mu/Central/jets/1/px in Skim_TriLep_DYJets.root
2026-01-09 12:29:52,871 - INFO - [2023] MISSING_CENTRAL: TTZ2E1Mu/Central/jets/1/px in Skim_TriLep_DYJets10to50.root
2026-01-09 12:29:53,059 - INFO - [2023] MISSING_CENTRAL: TTZ2E1Mu/Central/jets/1/px in Skim_TriLep_WWW.root
2026-01-09 12:29:53,180 - INFO - [2023BPix] MISSING_CENTRAL: TTZ2E1Mu/Central/jets/1/px in Skim_TriLep_DYJets10to50.root
2026-01-11 09:49:51,765 - INFO - [2022] MISSING_CENTRAL: TTZ2E1Mu/Central/jets/1/px in Skim_TriLep_DYJets.root
2026-01-11 09:49:51,766 - INFO - [2022] MISSING_CENTRAL: TTZ2E1Mu/Central/jets/1/px in Skim_TriLep_DYJets10to50.root
2026-01-11 09:49:52,057 - INFO - [2022EE] MISSING_CENTRAL: TTZ2E1Mu/Central/jets/1/px in Skim_TriLep_DYJets.root
2026-01-11 09:49:52,057 - INFO - [2022EE] MISSING_CENTRAL: TTZ2E1Mu/Central/jets/1/px in Skim_TriLep_DYJets10to50.root
2026-01-11 09:49:52,239 - INFO - [2022EE] MISSING_CENTRAL: TTZ2E1Mu/Central/jets/1/px in Skim_TriLep_WWW.root
2026-01-11 09:49:52,343 - INFO - [2023] MISSING_CENTRAL: TTZ2E1Mu/Central/jets/1/px in Skim_TriLep_DYJets.root
2026-01-11 09:49:52,344 - INFO - [2023] MISSING_CENTRAL: TTZ2E1Mu/Central/jets/1/px in Skim_TriLep_DYJets10to50.root
2026-01-11 09:49:52,526 - INFO - [2023] MISSING_CENTRAL: TTZ2E1Mu/Central/jets/1/px in Skim_TriLep_WWW.root
2026-01-11 09:49:52,640 - INFO - [2023BPix] MISSING_CENTRAL: TTZ2E1Mu/Central/jets/1/px in Skim_TriLep_DYJets10to50.root
2026-01-12 13:58:50,367 - INFO - [2022] MISSING_CENTRAL: TTZ2E1Mu/Central/jets/1/px in Skim_TriLep_DYJets.root
2026-01-12 13:58:50,370 - INFO - [2022] MISSING_CENTRAL: TTZ2E1Mu/Central/jets/1/px in Skim_TriLep_DYJets10to50.root
2026-01-12 13:58:50,679 - INFO - [2022EE] MISSING_CENTRAL: TTZ2E1Mu/Central/jets/1/px in Skim_TriLep_DYJets.root
2026-01-12 13:58:50,679 - INFO - [2022EE] MISSING_CENTRAL: TTZ2E1Mu/Central/jets/1/px in Skim_TriLep_DYJets10to50.root
2026-01-12 13:58:50,852 - INFO - [2022EE] MISSING_CENTRAL: TTZ2E1Mu/Central/jets/1/px in Skim_TriLep_WWW.root
2026-01-12 13:58:50,959 - INFO - [2023] MISSING_CENTRAL: TTZ2E1Mu/Central/jets/1/px in Skim_TriLep_DYJets.root
2026-01-12 13:58:50,960 - INFO - [2023] MISSING_CENTRAL: TTZ2E1Mu/Central/jets/1/px in Skim_TriLep_DYJets10to50.root
2026-01-12 13:58:51,144 - INFO - [2023] MISSING_CENTRAL: TTZ2E1Mu/Central/jets/1/px in Skim_TriLep_WWW.root
2026-01-12 13:58:51,263 - INFO - [2023BPix] MISSING_CENTRAL: TTZ2E1Mu/Central/jets/1/px in Skim_TriLep_DYJets10to50.root
2026-01-16 19:13:21,253 - INFO - [2022] MISSING_CENTRAL: TTZ2E1Mu/Central/jets/1/px in Skim_TriLep_DYJets.root
2026-01-16 19:13:21,254 - INFO - [2022] MISSING_CENTRAL: TTZ2E1Mu/Central/jets/1/px in Skim_TriLep_DYJets10to50.root
2026-01-16 19:13:21,539 - INFO - [2022EE] MISSING_CENTRAL: TTZ2E1Mu/Central/jets/1/px in Skim_TriLep_DYJets.root
2026-01-16 19:13:21,540 - INFO - [2022EE] MISSING_CENTRAL: TTZ2E1Mu/Central/jets/1/px in Skim_TriLep_DYJets10to50.root
2026-01-16 19:13:21,745 - INFO - [2022EE] MISSING_CENTRAL: TTZ2E1Mu/Central/jets/1/px in Skim_TriLep_WWW.root
2026-01-16 19:13:21,849 - INFO - [2023] MISSING_CENTRAL: TTZ2E1Mu/Central/jets/1/px in Skim_TriLep_DYJets.root
2026-01-16 19:13:21,850 - INFO - [2023] MISSING_CENTRAL: TTZ2E1Mu/Central/jets/1/px in Skim_TriLep_DYJets10to50.root
2026-01-16 19:13:22,036 - INFO - [2023] MISSING_CENTRAL: TTZ2E1Mu/Central/jets/1/px in Skim_TriLep_WWW.root
2026-01-16 19:13:22,166 - INFO - [2023BPix] MISSING_CENTRAL: TTZ2E1Mu/Central/jets/1/px in Skim_TriLep_DYJets10to50.root
2026-01-28 17:09:57,875 - INFO - [2022] MISSING_CENTRAL: TTZ2E1Mu/Central/jets/1/px in Skim_TriLep_DYJets.root
2026-01-28 17:09:57,876 - INFO - [2022] MISSING_CENTRAL: TTZ2E1Mu/Central/jets/1/px in Skim_TriLep_DYJets10to50.root
2026-01-28 17:09:58,319 - INFO - [2022EE] MISSING_CENTRAL: TTZ2E1Mu/Central/jets/1/px in Skim_TriLep_DYJets.root
2026-01-28 17:09:58,320 - INFO - [2022EE] MISSING_CENTRAL: TTZ2E1Mu/Central/jets/1/px in Skim_TriLep_DYJets10to50.root
2026-01-28 17:09:58,629 - INFO - [2022EE] MISSING_CENTRAL: TTZ2E1Mu/Central/jets/1/px in Skim_TriLep_WWW.root
2026-01-28 17:09:58,780 - INFO - [2023] MISSING_CENTRAL: TTZ2E1Mu/Central/jets/1/px in Skim_TriLep_DYJets.root
2026-01-28 17:09:58,781 - INFO - [2023] MISSING_CENTRAL: TTZ2E1Mu/Central/jets/1/px in Skim_TriLep_DYJets10to50.root
2026-01-28 17:09:59,050 - INFO - [2023] MISSING_CENTRAL: TTZ2E1Mu/Central/jets/1/px in Skim_TriLep_WWW.root
2026-01-28 17:09:59,223 - INFO - [2023BPix] MISSING_CENTRAL: TTZ2E1Mu/Central/jets/1/px in Skim_TriLep_DYJets10to50.root
2026-01-28 17:30:26,446 - INFO - [2022] MISSING_CENTRAL: TTZ2E1Mu/Central/jets/1/px in Skim_TriLep_DYJets.root
2026-01-28 17:30:26,447 - INFO - [2022] MISSING_CENTRAL: TTZ2E1Mu/Central/jets/1/px in Skim_TriLep_DYJets10to50.root
2026-01-28 17:30:26,915 - INFO - [2022EE] MISSING_CENTRAL: TTZ2E1Mu/Central/jets/1/px in Skim_TriLep_DYJets.root
2026-01-28 17:30:26,916 - INFO - [2022EE] MISSING_CENTRAL: TTZ2E1Mu/Central/jets/1/px in Skim_TriLep_DYJets10to50.root
2026-01-28 17:30:27,194 - INFO - [2022EE] MISSING_CENTRAL: TTZ2E1Mu/Central/jets/1/px in Skim_TriLep_WWW.root
2026-01-28 17:30:27,350 - INFO - [2023] MISSING_CENTRAL: TTZ2E1Mu/Central/jets/1/px in Skim_TriLep_DYJets.root
2026-01-28 17:30:27,351 - INFO - [2023] MISSING_CENTRAL: TTZ2E1Mu/Central/jets/1/px in Skim_TriLep_DYJets10to50.root
2026-01-28 17:30:27,622 - INFO - [2023] MISSING_CENTRAL: TTZ2E1Mu/Central/jets/1/px in Skim_TriLep_WWW.root
2026-01-28 17:30:27,794 - INFO - [2023BPix] MISSING_CENTRAL: TTZ2E1Mu/Central/jets/1/px in Skim_TriLep_DYJets10to50.root
2026-01-28 20:04:20,660 - INFO - [2022] MISSING_CENTRAL: TTZ2E1Mu/Central/jets/1/px in Skim_TriLep_DYJets.root
2026-01-28 20:04:20,661 - INFO - [2022] MISSING_CENTRAL: TTZ2E1Mu/Central/jets/1/px in Skim_TriLep_DYJets10to50.root
2026-01-28 20:04:21,109 - INFO - [2022EE] MISSING_CENTRAL: TTZ2E1Mu/Central/jets/1/px in Skim_TriLep_DYJets.root
2026-01-28 20:04:21,110 - INFO - [2022EE] MISSING_CENTRAL: TTZ2E1Mu/Central/jets/1/px in Skim_TriLep_DYJets10to50.root
2026-01-28 20:04:21,404 - INFO - [2022EE] MISSING_CENTRAL: TTZ2E1Mu/Central/jets/1/px in Skim_TriLep_WWW.root
2026-01-28 20:04:21,547 - INFO - [2023] MISSING_CENTRAL: TTZ2E1Mu/Central/jets/1/px in Skim_TriLep_DYJets.root
2026-01-28 20:04:21,548 - INFO - [2023] MISSING_CENTRAL: TTZ2E1Mu/Central/jets/1/px in Skim_TriLep_DYJets10to50.root
2026-01-28 20:04:21,825 - INFO - [2023] MISSING_CENTRAL: TTZ2E1Mu/Central/jets/1/px in Skim_TriLep_WWW.root
2026-01-28 20:04:22,023 - INFO - [2023BPix] MISSING_CENTRAL: TTZ2E1Mu/Central/jets/1/px in Skim_TriLep_DYJets10to50.root
2026-01-29 07:20:38,978 - INFO - [2022] MISSING_CENTRAL: TTZ2E1Mu/Central/jets/1/px in Skim_TriLep_DYJets.root
2026-01-29 07:20:38,979 - INFO - [2022] MISSING_CENTRAL: TTZ2E1Mu/Central/jets/1/px in Skim_TriLep_DYJets10to50.root
2026-01-29 07:20:39,256 - INFO - [2022EE] MISSING_CENTRAL: TTZ2E1Mu/Central/jets/1/px in Skim_TriLep_DYJets.root
2026-01-29 07:20:39,257 - INFO - [2022EE] MISSING_CENTRAL: TTZ2E1Mu/Central/jets/1/px in Skim_TriLep_DYJets10to50.root
2026-01-29 07:20:39,419 - INFO - [2022EE] MISSING_CENTRAL: TTZ2E1Mu/Central/jets/1/px in Skim_TriLep_WWW.root
2026-01-29 07:20:39,521 - INFO - [2023] MISSING_CENTRAL: TTZ2E1Mu/Central/jets/1/px in Skim_TriLep_DYJets.root
2026-01-29 07:20:39,522 - INFO - [2023] MISSING_CENTRAL: TTZ2E1Mu/Central/jets/1/px in Skim_TriLep_DYJets10to50.root
2026-01-29 07:20:39,685 - INFO - [2023] MISSING_CENTRAL: TTZ2E1Mu/Central/jets/1/px in Skim_TriLep_WWW.root
2026-01-29 07:20:39,804 - INFO - [2023BPix] MISSING_CENTRAL: TTZ2E1Mu/Central/jets/1/px in Skim_TriLep_DYJets10to50.root
2026-03-06 09:45:32,175 - INFO - [2022] MISSING_CENTRAL: TTZ2E1Mu/Central/jets/1/px in Skim_TriLep_DYJets.root
2026-03-06 09:45:32,176 - INFO - [2022] MISSING_CENTRAL: TTZ2E1Mu/Central/jets/1/px in Skim_TriLep_DYJets10to50.root
2026-03-06 09:45:32,478 - INFO - [2022EE] MISSING_CENTRAL: TTZ2E1Mu/Central/jets/1/px in Skim_TriLep_DYJets10to50.root
2026-03-06 09:45:32,664 - INFO - [2022EE] MISSING_CENTRAL: TTZ2E1Mu/Central/jets/1/px in Skim_TriLep_WWW.root
2026-03-06 09:45:32,769 - INFO - [2023] MISSING_CENTRAL: TTZ2E1Mu/Central/jets/1/px in Skim_TriLep_DYJets.root
2026-03-06 09:45:32,770 - INFO - [2023] MISSING_CENTRAL: TTZ2E1Mu/Central/jets/1/px in Skim_TriLep_DYJets10to50.root
2026-03-06 09:45:32,964 - INFO - [2023] MISSING_CENTRAL: TTZ2E1Mu/Central/jets/1/px in Skim_TriLep_WWW.root
2026-03-06 09:45:33,085 - INFO - [2023BPix] MISSING_CENTRAL: TTZ2E1Mu/Central/jets/1/px in Skim_TriLep_DYJets10to50.root
2026-03-06 19:51:17,917 - INFO - [2022] MISSING_CENTRAL: TTZ2E1Mu/Central/jets/1/px in Skim_TriLep_DYJets.root
2026-03-06 19:51:17,917 - INFO - [2022] MISSING_CENTRAL: TTZ2E1Mu/Central/jets/1/px in Skim_TriLep_DYJets10to50.root
2026-03-06 19:51:18,241 - INFO - [2022EE] MISSING_CENTRAL: TTZ2E1Mu/Central/jets/1/px in Skim_TriLep_DYJets10to50.root
2026-03-06 19:51:18,448 - INFO - [2022EE] MISSING_CENTRAL: TTZ2E1Mu/Central/jets/1/px in Skim_TriLep_WWW.root
2026-03-06 19:51:18,555 - INFO - [2023] MISSING_CENTRAL: TTZ2E1Mu/Central/jets/1/px in Skim_TriLep_DYJets.root
2026-03-06 19:51:18,556 - INFO - [2023] MISSING_CENTRAL: TTZ2E1Mu/Central/jets/1/px in Skim_TriLep_DYJets10to50.root
2026-03-06 19:51:18,781 - INFO - [2023] MISSING_CENTRAL: TTZ2E1Mu/Central/jets/1/px in Skim_TriLep_WWW.root
2026-03-06 19:51:18,895 - INFO - [2023BPix] MISSING_CENTRAL: TTZ2E1Mu/Central/jets/1/px in Skim_TriLep_DYJets10to50.root
