2025-12-18 14:49:52,155 - INFO - [2022] MISSING_CENTRAL: TTZ2E1Mu/Central/MHc160_MA98/LR_nonprompt in Skim_TriLep_DYJets.root
2025-12-18 14:49:52,155 - INFO - [2022] MISSING_CENTRAL: TTZ2E1Mu/Central/MHc160_MA98/LR_nonprompt in Skim_TriLep_DYJets10to50.root
2025-12-18 14:49:52,344 - INFO - [2022EE] MISSING_CENTRAL: TTZ2E1Mu/Central/MHc160_MA98/LR_nonprompt in Skim_TriLep_DYJets.root
2025-12-18 14:49:52,345 - INFO - [2022EE] MISSING_CENTRAL: TTZ2E1Mu/Central/MHc160_MA98/LR_nonprompt in Skim_TriLep_DYJets10to50.root
2025-12-18 14:49:52,468 - INFO - [2022EE] MISSING_CENTRAL: TTZ2E1Mu/Central/MHc160_MA98/LR_nonprompt in Skim_TriLep_WWW.root
2025-12-18 14:49:52,525 - INFO - [2023] MISSING_CENTRAL: TTZ2E1Mu/Central/MHc160_MA98/LR_nonprompt in Skim_TriLep_DYJets.root
2025-12-18 14:49:52,526 - INFO - [2023] MISSING_CENTRAL: TTZ2E1Mu/Central/MHc160_MA98/LR_nonprompt in Skim_TriLep_DYJets10to50.root
2025-12-18 14:49:52,630 - INFO - [2023] MISSING_CENTRAL: TTZ2E1Mu/Central/MHc160_MA98/LR_nonprompt in Skim_TriLep_WWW.root
2025-12-18 14:49:52,694 - INFO - [2023BPix] MISSING_CENTRAL: TTZ2E1Mu/Central/MHc160_MA98/LR_nonprompt in Skim_TriLep_DYJets10to50.root
2025-12-18 21:36:03,004 - INFO - [2022] MISSING_CENTRAL: TTZ2E1Mu/Central/MHc160_MA98/LR_nonprompt in Skim_TriLep_DYJets.root
2025-12-18 21:36:03,005 - INFO - [2022] MISSING_CENTRAL: TTZ2E1Mu/Central/MHc160_MA98/LR_nonprompt in Skim_TriLep_DYJets10to50.root
2025-12-18 21:36:03,213 - INFO - [2022EE] MISSING_CENTRAL: TTZ2E1Mu/Central/MHc160_MA98/LR_nonprompt in Skim_TriLep_DYJets.root
2025-12-18 21:36:03,214 - INFO - [2022EE] MISSING_CENTRAL: TTZ2E1Mu/Central/MHc160_MA98/LR_nonprompt in Skim_TriLep_DYJets10to50.root
2025-12-18 21:36:03,345 - INFO - [2022EE] MISSING_CENTRAL: TTZ2E1Mu/Central/MHc160_MA98/LR_nonprompt in Skim_TriLep_WWW.root
2025-12-18 21:36:03,420 - INFO - [2023] MISSING_CENTRAL: TTZ2E1Mu/Central/MHc160_MA98/LR_nonprompt in Skim_TriLep_DYJets.root
2025-12-18 21:36:03,421 - INFO - [2023] MISSING_CENTRAL: TTZ2E1Mu/Central/MHc160_MA98/LR_nonprompt in Skim_TriLep_DYJets10to50.root
2025-12-18 21:36:03,553 - INFO - [2023] MISSING_CENTRAL: TTZ2E1Mu/Central/MHc160_MA98/LR_nonprompt in Skim_TriLep_WWW.root
2025-12-18 21:36:03,638 - INFO - [2023BPix] MISSING_CENTRAL: TTZ2E1Mu/Central/MHc160_MA98/LR_nonprompt in Skim_TriLep_DYJets10to50.root
2025-12-18 23:45:14,119 - INFO - [2022] MISSING_CENTRAL: TTZ2E1Mu/Central/MHc160_MA98/LR_nonprompt in Skim_TriLep_DYJets.root
2025-12-18 23:45:14,120 - INFO - [2022] MISSING_CENTRAL: TTZ2E1Mu/Central/MHc160_MA98/LR_nonprompt in Skim_TriLep_DYJets10to50.root
2025-12-18 23:45:14,228 - INFO - [2022EE] MISSING_CENTRAL: TTZ2E1Mu/Central/MHc160_MA98/LR_nonprompt in Skim_TriLep_DYJets.root
2025-12-18 23:45:14,228 - INFO - [2022EE] MISSING_CENTRAL: TTZ2E1Mu/Central/MHc160_MA98/LR_nonprompt in Skim_TriLep_DYJets10to50.root
2025-12-18 23:45:14,312 - INFO - [2022EE] MISSING_CENTRAL: TTZ2E1Mu/Central/MHc160_MA98/LR_nonprompt in Skim_TriLep_WWW.root
2025-12-18 23:45:14,338 - INFO - [2023] MISSING_CENTRAL: TTZ2E1Mu/Central/MHc160_MA98/LR_nonprompt in Skim_TriLep_DYJets.root
2025-12-18 23:45:14,338 - INFO - [2023] MISSING_CENTRAL: TTZ2E1Mu/Central/MHc160_MA98/LR_nonprompt in Skim_TriLep_DYJets10to50.root
2025-12-18 23:45:14,383 - INFO - [2023] MISSING_CENTRAL: TTZ2E1Mu/Central/MHc160_MA98/LR_nonprompt in Skim_TriLep_WWW.root
2025-12-18 23:45:14,412 - INFO - [2023BPix] MISSING_CENTRAL: TTZ2E1Mu/Central/MHc160_MA98/LR_nonprompt in Skim_TriLep_DYJets10to50.root
