2025-12-18 14:49:50,629 - INFO - [2022] MISSING_CENTRAL: TTZ2E1Mu/Central/MHc145_MA92/LR_diboson in Skim_TriLep_DYJets.root
2025-12-18 14:49:50,630 - INFO - [2022] MISSING_CENTRAL: TTZ2E1Mu/Central/MHc145_MA92/LR_diboson in Skim_TriLep_DYJets10to50.root
2025-12-18 14:49:50,875 - INFO - [2022EE] MISSING_CENTRAL: TTZ2E1Mu/Central/MHc145_MA92/LR_diboson in Skim_TriLep_DYJets.root
2025-12-18 14:49:50,881 - INFO - [2022EE] MISSING_CENTRAL: TTZ2E1Mu/Central/MHc145_MA92/LR_diboson in Skim_TriLep_DYJets10to50.root
2025-12-18 14:49:51,116 - INFO - [2022EE] MISSING_CENTRAL: TTZ2E1Mu/Central/MHc145_MA92/LR_diboson in Skim_TriLep_WWW.root
2025-12-18 14:49:51,239 - INFO - [2023] MISSING_CENTRAL: TTZ2E1Mu/Central/MHc145_MA92/LR_diboson in Skim_TriLep_DYJets.root
2025-12-18 14:49:51,241 - INFO - [2023] MISSING_CENTRAL: TTZ2E1Mu/Central/MHc145_MA92/LR_diboson in Skim_TriLep_DYJets10to50.root
2025-12-18 14:49:51,527 - INFO - [2023] MISSING_CENTRAL: TTZ2E1Mu/Central/MHc145_MA92/LR_diboson in Skim_TriLep_WWW.root
2025-12-18 14:49:51,620 - INFO - [2023BPix] MISSING_CENTRAL: TTZ2E1Mu/Central/MHc145_MA92/LR_diboson in Skim_TriLep_DYJets10to50.root
2025-12-18 21:36:01,843 - INFO - [2022] MISSING_CENTRAL: TTZ2E1Mu/Central/MHc145_MA92/LR_diboson in Skim_TriLep_DYJets.root
2025-12-18 21:36:01,844 - INFO - [2022] MISSING_CENTRAL: TTZ2E1Mu/Central/MHc145_MA92/LR_diboson in Skim_TriLep_DYJets10to50.root
2025-12-18 21:36:02,100 - INFO - [2022EE] MISSING_CENTRAL: TTZ2E1Mu/Central/MHc145_MA92/LR_diboson in Skim_TriLep_DYJets.root
2025-12-18 21:36:02,101 - INFO - [2022EE] MISSING_CENTRAL: TTZ2E1Mu/Central/MHc145_MA92/LR_diboson in Skim_TriLep_DYJets10to50.root
2025-12-18 21:36:02,287 - INFO - [2022EE] MISSING_CENTRAL: TTZ2E1Mu/Central/MHc145_MA92/LR_diboson in Skim_TriLep_WWW.root
2025-12-18 21:36:02,372 - INFO - [2023] MISSING_CENTRAL: TTZ2E1Mu/Central/MHc145_MA92/LR_diboson in Skim_TriLep_DYJets.root
2025-12-18 21:36:02,374 - INFO - [2023] MISSING_CENTRAL: TTZ2E1Mu/Central/MHc145_MA92/LR_diboson in Skim_TriLep_DYJets10to50.root
2025-12-18 21:36:02,652 - INFO - [2023] MISSING_CENTRAL: TTZ2E1Mu/Central/MHc145_MA92/LR_diboson in Skim_TriLep_WWW.root
2025-12-18 21:36:02,766 - INFO - [2023BPix] MISSING_CENTRAL: TTZ2E1Mu/Central/MHc145_MA92/LR_diboson in Skim_TriLep_DYJets10to50.root
2025-12-18 23:45:12,175 - INFO - [2022] MISSING_CENTRAL: TTZ2E1Mu/Central/MHc145_MA92/LR_diboson in Skim_TriLep_DYJets.root
2025-12-18 23:45:12,175 - INFO - [2022] MISSING_CENTRAL: TTZ2E1Mu/Central/MHc145_MA92/LR_diboson in Skim_TriLep_DYJets10to50.root
2025-12-18 23:45:12,308 - INFO - [2022EE] MISSING_CENTRAL: TTZ2E1Mu/Central/MHc145_MA92/LR_diboson in Skim_TriLep_DYJets.root
2025-12-18 23:45:12,308 - INFO - [2022EE] MISSING_CENTRAL: TTZ2E1Mu/Central/MHc145_MA92/LR_diboson in Skim_TriLep_DYJets10to50.root
2025-12-18 23:45:12,387 - INFO - [2022EE] MISSING_CENTRAL: TTZ2E1Mu/Central/MHc145_MA92/LR_diboson in Skim_TriLep_WWW.root
2025-12-18 23:45:12,434 - INFO - [2023] MISSING_CENTRAL: TTZ2E1Mu/Central/MHc145_MA92/LR_diboson in Skim_TriLep_DYJets.root
2025-12-18 23:45:12,435 - INFO - [2023] MISSING_CENTRAL: TTZ2E1Mu/Central/MHc145_MA92/LR_diboson in Skim_TriLep_DYJets10to50.root
2025-12-18 23:45:12,516 - INFO - [2023] MISSING_CENTRAL: TTZ2E1Mu/Central/MHc145_MA92/LR_diboson in Skim_TriLep_WWW.root
2025-12-18 23:45:12,570 - INFO - [2023BPix] MISSING_CENTRAL: TTZ2E1Mu/Central/MHc145_MA92/LR_diboson in Skim_TriLep_DYJets10to50.root
