2025-09-24 16:04:38,444 - INFO - [2023BPix] MISSING_SYSTEMATIC: ZFake3Mu/JetEn_Down/jets/1/py in Skim_TriLep_DYJets.root
2025-09-24 16:04:38,461 - INFO - [2023BPix] MISSING_CENTRAL: ZFake3Mu/Central/jets/1/py in Skim_TriLep_DYJets10to50.root
2025-09-24 16:04:39,104 - INFO - [2023BPix] MISSING_CENTRAL: ZFake3Mu/Central/jets/1/py in Skim_TriLep_TTG_PTG200toInf.root
2025-10-02 21:21:59,703 - INFO - [2023BPix] MISSING_SYSTEMATIC: ZFake3Mu/JetEn_Down/jets/1/py in Skim_TriLep_DYJets.root
2025-10-02 21:21:59,717 - INFO - [2023BPix] MISSING_CENTRAL: ZFake3Mu/Central/jets/1/py in Skim_TriLep_DYJets10to50.root
2025-10-02 21:21:59,885 - INFO - [2023BPix] MISSING_CENTRAL: ZFake3Mu/Central/jets/1/py in Skim_TriLep_TTG_PTG200toInf.root
2025-10-03 00:34:59,985 - INFO - [2023BPix] MISSING_SYSTEMATIC: ZFake3Mu/JetEn_Down/jets/1/py in Skim_TriLep_DYJets.root
2025-10-03 00:35:00,037 - INFO - [2023BPix] MISSING_CENTRAL: ZFake3Mu/Central/jets/1/py in Skim_TriLep_DYJets10to50.root
2025-10-03 00:35:00,564 - INFO - [2023BPix] MISSING_CENTRAL: ZFake3Mu/Central/jets/1/py in Skim_TriLep_TTG_PTG200toInf.root
2025-11-07 13:12:59,737 - INFO - [2023BPix] MISSING_FILE: /home/choij/Sync/workspace/ChargedHiggsAnalysisV3/SKNanoOutput/PromptSelector/Run3Mu/2023BPix/Skim_TriLep_Muon0_D_v1.root
2025-11-07 13:12:59,737 - INFO - [2023BPix] MISSING_FILE: /home/choij/Sync/workspace/ChargedHiggsAnalysisV3/SKNanoOutput/PromptSelector/Run3Mu/2023BPix/Skim_TriLep_Muon0_D_v2.root
2025-11-07 13:12:59,737 - INFO - [2023BPix] MISSING_FILE: /home/choij/Sync/workspace/ChargedHiggsAnalysisV3/SKNanoOutput/PromptSelector/Run3Mu/2023BPix/Skim_TriLep_Muon1_D_v1.root
2025-11-07 13:12:59,737 - INFO - [2023BPix] MISSING_FILE: /home/choij/Sync/workspace/ChargedHiggsAnalysisV3/SKNanoOutput/PromptSelector/Run3Mu/2023BPix/Skim_TriLep_Muon1_D_v2.root
2025-11-07 14:10:33,983 - INFO - [2023BPix] MISSING_FILE: /home/choij/Sync/workspace/ChargedHiggsAnalysisV3/SKNanoOutput/PromptSelector/Run3Mu/2023BPix/Skim_TriLep_Muon0_D_v1.root
2025-11-07 14:10:33,983 - INFO - [2023BPix] MISSING_FILE: /home/choij/Sync/workspace/ChargedHiggsAnalysisV3/SKNanoOutput/PromptSelector/Run3Mu/2023BPix/Skim_TriLep_Muon0_D_v2.root
2025-11-07 14:10:33,983 - INFO - [2023BPix] MISSING_FILE: /home/choij/Sync/workspace/ChargedHiggsAnalysisV3/SKNanoOutput/PromptSelector/Run3Mu/2023BPix/Skim_TriLep_Muon1_D_v1.root
2025-11-07 14:10:33,983 - INFO - [2023BPix] MISSING_FILE: /home/choij/Sync/workspace/ChargedHiggsAnalysisV3/SKNanoOutput/PromptSelector/Run3Mu/2023BPix/Skim_TriLep_Muon1_D_v2.root
2025-11-10 12:26:44,549 - INFO - [2023BPix] MISSING_SYSTEMATIC: ZFake3Mu/JetEn_Down/jets/1/py in Skim_TriLep_DYJets.root
2025-11-10 12:26:44,577 - INFO - [2023BPix] MISSING_CENTRAL: ZFake3Mu/Central/jets/1/py in Skim_TriLep_DYJets10to50.root
2025-11-10 12:26:44,744 - INFO - [2023BPix] MISSING_CENTRAL: ZFake3Mu/Central/jets/1/py in Skim_TriLep_TTG_PTG200toInf.root
2025-11-13 11:17:00,558 - INFO - [2023BPix] MISSING_SYSTEMATIC: ZFake3Mu/JetEn_Down/jets/1/py in Skim_TriLep_DYJets.root
2025-11-13 11:17:00,662 - INFO - [2023BPix] MISSING_CENTRAL: ZFake3Mu/Central/jets/1/py in Skim_TriLep_DYJets10to50.root
2025-11-13 11:17:02,246 - INFO - [2023BPix] MISSING_CENTRAL: ZFake3Mu/Central/jets/1/py in Skim_TriLep_TTG_PTG200toInf.root
2025-11-19 16:11:49,964 - INFO - [2023BPix] MISSING_SYSTEMATIC: ZFake3Mu/JetEn_Down/jets/1/py in Skim_TriLep_DYJets.root
2025-11-19 16:11:49,982 - INFO - [2023BPix] MISSING_CENTRAL: ZFake3Mu/Central/jets/1/py in Skim_TriLep_DYJets10to50.root
2025-11-19 16:11:50,111 - INFO - [2023BPix] MISSING_CENTRAL: ZFake3Mu/Central/jets/1/py in Skim_TriLep_TTG_PTG200toInf.root
2025-11-19 16:29:12,203 - INFO - [2023BPix] MISSING_SYSTEMATIC: ZFake3Mu/JetEn_Down/jets/1/py in Skim_TriLep_DYJets.root
2025-11-19 16:29:12,221 - INFO - [2023BPix] MISSING_CENTRAL: ZFake3Mu/Central/jets/1/py in Skim_TriLep_DYJets10to50.root
2025-11-19 16:29:12,376 - INFO - [2023BPix] MISSING_CENTRAL: ZFake3Mu/Central/jets/1/py in Skim_TriLep_TTG_PTG200toInf.root
2025-12-17 22:44:10,666 - INFO - [2023BPix] MISSING_CENTRAL: ZFake3Mu/Central/jets/1/py in Skim_TriLep_DYJets10to50.root
2025-12-17 22:44:10,821 - INFO - [2023BPix] MISSING_CENTRAL: ZFake3Mu/Central/jets/1/py in Skim_TriLep_TTG_PTG100to200.root
2025-12-17 22:44:10,821 - INFO - [2023BPix] MISSING_CENTRAL: ZFake3Mu/Central/jets/1/py in Skim_TriLep_TTG_PTG200toInf.root
2025-12-18 14:45:23,114 - INFO - [2023BPix] MISSING_CENTRAL: ZFake3Mu/Central/jets/1/py in Skim_TriLep_DYJets10to50.root
2025-12-18 14:45:23,142 - INFO - [2023BPix] MISSING_CENTRAL: ZFake3Mu/Central/jets/1/py in Skim_TriLep_TTG_PTG100to200.root
2025-12-18 14:45:23,181 - INFO - [2023BPix] MISSING_CENTRAL: ZFake3Mu/Central/jets/1/py in Skim_TriLep_TTG_PTG200toInf.root
2026-01-07 11:54:17,715 - INFO - [2023BPix] MISSING_CENTRAL: ZFake3Mu/Central/jets/1/py in Skim_TriLep_DYJets10to50.root
2026-01-07 11:54:17,888 - INFO - [2023BPix] MISSING_CENTRAL: ZFake3Mu/Central/jets/1/py in Skim_TriLep_TTG_PTG100to200.root
2026-01-07 11:54:17,889 - INFO - [2023BPix] MISSING_CENTRAL: ZFake3Mu/Central/jets/1/py in Skim_TriLep_TTG_PTG200toInf.root
2026-01-07 18:50:48,441 - INFO - [2023BPix] MISSING_CENTRAL: ZFake3Mu/Central/jets/1/py in Skim_TriLep_DYJets10to50.root
2026-01-07 18:50:48,466 - INFO - [2023BPix] MISSING_CENTRAL: ZFake3Mu/Central/jets/1/py in Skim_TriLep_TTG_PTG100to200.root
2026-01-07 18:50:48,467 - INFO - [2023BPix] MISSING_CENTRAL: ZFake3Mu/Central/jets/1/py in Skim_TriLep_TTG_PTG200toInf.root
2026-01-09 12:25:47,772 - INFO - [2023BPix] MISSING_CENTRAL: ZFake3Mu/Central/jets/1/py in Skim_TriLep_DYJets10to50.root
2026-01-09 12:25:47,788 - INFO - [2023BPix] MISSING_CENTRAL: ZFake3Mu/Central/jets/1/py in Skim_TriLep_TTG_PTG100to200.root
2026-01-09 12:25:47,788 - INFO - [2023BPix] MISSING_CENTRAL: ZFake3Mu/Central/jets/1/py in Skim_TriLep_TTG_PTG200toInf.root
2026-01-11 09:45:48,753 - INFO - [2023BPix] MISSING_CENTRAL: ZFake3Mu/Central/jets/1/py in Skim_TriLep_DYJets10to50.root
2026-01-11 09:45:48,767 - INFO - [2023BPix] MISSING_CENTRAL: ZFake3Mu/Central/jets/1/py in Skim_TriLep_TTG_PTG100to200.root
2026-01-11 09:45:48,768 - INFO - [2023BPix] MISSING_CENTRAL: ZFake3Mu/Central/jets/1/py in Skim_TriLep_TTG_PTG200toInf.root
2026-01-12 13:54:38,740 - INFO - [2023BPix] MISSING_FILE: /home/choij/Sync/workspace/ChargedHiggsAnalysisV3/SKNanoOutput/MatrixSelector/Run3Mu/2023BPix/Skim_TriLep_Muon0_D_v1.root
2026-01-12 13:54:38,741 - INFO - [2023BPix] MISSING_FILE: /home/choij/Sync/workspace/ChargedHiggsAnalysisV3/SKNanoOutput/MatrixSelector/Run3Mu/2023BPix/Skim_TriLep_Muon0_D_v2.root
2026-01-12 13:54:38,741 - INFO - [2023BPix] MISSING_FILE: /home/choij/Sync/workspace/ChargedHiggsAnalysisV3/SKNanoOutput/MatrixSelector/Run3Mu/2023BPix/Skim_TriLep_Muon1_D_v1.root
2026-01-12 13:54:38,741 - INFO - [2023BPix] MISSING_FILE: /home/choij/Sync/workspace/ChargedHiggsAnalysisV3/SKNanoOutput/MatrixSelector/Run3Mu/2023BPix/Skim_TriLep_Muon1_D_v2.root
2026-01-12 13:54:38,771 - INFO - [2023BPix] MISSING_CENTRAL: ZFake3Mu/Central/jets/1/py in Skim_TriLep_DYJets10to50.root
2026-01-12 13:54:38,785 - INFO - [2023BPix] MISSING_CENTRAL: ZFake3Mu/Central/jets/1/py in Skim_TriLep_TTG_PTG100to200.root
2026-01-12 13:54:38,786 - INFO - [2023BPix] MISSING_CENTRAL: ZFake3Mu/Central/jets/1/py in Skim_TriLep_TTG_PTG200toInf.root
