2025-09-24 16:04:48,687 - INFO - [2023BPix] MISSING_SYSTEMATIC: ZFake3Mu/JetEn_Down/METv/py in Skim_TriLep_DYJets.root
2025-09-24 16:04:48,698 - INFO - [2023BPix] MISSING_CENTRAL: ZFake3Mu/Central/METv/py in Skim_TriLep_DYJets10to50.root
2025-09-24 16:04:48,969 - INFO - [2023BPix] MISSING_CENTRAL: ZFake3Mu/Central/METv/py in Skim_TriLep_TTG_PTG200toInf.root
2025-10-02 21:22:08,746 - INFO - [2023BPix] MISSING_SYSTEMATIC: ZFake3Mu/JetEn_Down/METv/py in Skim_TriLep_DYJets.root
2025-10-02 21:22:08,760 - INFO - [2023BPix] MISSING_CENTRAL: ZFake3Mu/Central/METv/py in Skim_TriLep_DYJets10to50.root
2025-10-02 21:22:08,885 - INFO - [2023BPix] MISSING_CENTRAL: ZFake3Mu/Central/METv/py in Skim_TriLep_TTG_PTG200toInf.root
2025-10-03 00:35:15,548 - INFO - [2023BPix] MISSING_SYSTEMATIC: ZFake3Mu/JetEn_Down/METv/py in Skim_TriLep_DYJets.root
2025-10-03 00:35:15,578 - INFO - [2023BPix] MISSING_CENTRAL: ZFake3Mu/Central/METv/py in Skim_TriLep_DYJets10to50.root
2025-10-03 00:35:15,882 - INFO - [2023BPix] MISSING_CENTRAL: ZFake3Mu/Central/METv/py in Skim_TriLep_TTG_PTG200toInf.root
2025-11-07 13:13:01,823 - INFO - [2023BPix] MISSING_FILE: /home/choij/Sync/workspace/ChargedHiggsAnalysisV3/SKNanoOutput/PromptSelector/Run3Mu/2023BPix/Skim_TriLep_Muon0_D_v1.root
2025-11-07 13:13:01,823 - INFO - [2023BPix] MISSING_FILE: /home/choij/Sync/workspace/ChargedHiggsAnalysisV3/SKNanoOutput/PromptSelector/Run3Mu/2023BPix/Skim_TriLep_Muon0_D_v2.root
2025-11-07 13:13:01,823 - INFO - [2023BPix] MISSING_FILE: /home/choij/Sync/workspace/ChargedHiggsAnalysisV3/SKNanoOutput/PromptSelector/Run3Mu/2023BPix/Skim_TriLep_Muon1_D_v1.root
2025-11-07 13:13:01,823 - INFO - [2023BPix] MISSING_FILE: /home/choij/Sync/workspace/ChargedHiggsAnalysisV3/SKNanoOutput/PromptSelector/Run3Mu/2023BPix/Skim_TriLep_Muon1_D_v2.root
2025-11-07 14:10:36,181 - INFO - [2023BPix] MISSING_FILE: /home/choij/Sync/workspace/ChargedHiggsAnalysisV3/SKNanoOutput/PromptSelector/Run3Mu/2023BPix/Skim_TriLep_Muon0_D_v1.root
2025-11-07 14:10:36,182 - INFO - [2023BPix] MISSING_FILE: /home/choij/Sync/workspace/ChargedHiggsAnalysisV3/SKNanoOutput/PromptSelector/Run3Mu/2023BPix/Skim_TriLep_Muon0_D_v2.root
2025-11-07 14:10:36,182 - INFO - [2023BPix] MISSING_FILE: /home/choij/Sync/workspace/ChargedHiggsAnalysisV3/SKNanoOutput/PromptSelector/Run3Mu/2023BPix/Skim_TriLep_Muon1_D_v1.root
2025-11-07 14:10:36,182 - INFO - [2023BPix] MISSING_FILE: /home/choij/Sync/workspace/ChargedHiggsAnalysisV3/SKNanoOutput/PromptSelector/Run3Mu/2023BPix/Skim_TriLep_Muon1_D_v2.root
2025-11-10 12:26:47,937 - INFO - [2023BPix] MISSING_SYSTEMATIC: ZFake3Mu/JetEn_Down/METv/py in Skim_TriLep_DYJets.root
2025-11-10 12:26:47,953 - INFO - [2023BPix] MISSING_CENTRAL: ZFake3Mu/Central/METv/py in Skim_TriLep_DYJets10to50.root
2025-11-10 12:26:48,076 - INFO - [2023BPix] MISSING_CENTRAL: ZFake3Mu/Central/METv/py in Skim_TriLep_TTG_PTG200toInf.root
2025-11-13 11:17:10,705 - INFO - [2023BPix] MISSING_SYSTEMATIC: ZFake3Mu/JetEn_Down/METv/py in Skim_TriLep_DYJets.root
2025-11-13 11:17:10,729 - INFO - [2023BPix] MISSING_CENTRAL: ZFake3Mu/Central/METv/py in Skim_TriLep_DYJets10to50.root
2025-11-13 11:17:10,961 - INFO - [2023BPix] MISSING_CENTRAL: ZFake3Mu/Central/METv/py in Skim_TriLep_TTG_PTG200toInf.root
2025-11-19 16:11:53,718 - INFO - [2023BPix] MISSING_SYSTEMATIC: ZFake3Mu/JetEn_Down/METv/py in Skim_TriLep_DYJets.root
2025-11-19 16:11:53,748 - INFO - [2023BPix] MISSING_CENTRAL: ZFake3Mu/Central/METv/py in Skim_TriLep_DYJets10to50.root
2025-11-19 16:11:53,875 - INFO - [2023BPix] MISSING_CENTRAL: ZFake3Mu/Central/METv/py in Skim_TriLep_TTG_PTG200toInf.root
2025-11-19 16:29:15,730 - INFO - [2023BPix] MISSING_SYSTEMATIC: ZFake3Mu/JetEn_Down/METv/py in Skim_TriLep_DYJets.root
2025-11-19 16:29:15,745 - INFO - [2023BPix] MISSING_CENTRAL: ZFake3Mu/Central/METv/py in Skim_TriLep_DYJets10to50.root
2025-11-19 16:29:15,875 - INFO - [2023BPix] MISSING_CENTRAL: ZFake3Mu/Central/METv/py in Skim_TriLep_TTG_PTG200toInf.root
2025-12-17 22:44:21,736 - INFO - [2023BPix] MISSING_CENTRAL: ZFake3Mu/Central/METv/py in Skim_TriLep_DYJets10to50.root
2025-12-17 22:44:21,770 - INFO - [2023BPix] MISSING_CENTRAL: ZFake3Mu/Central/METv/py in Skim_TriLep_TTG_PTG100to200.root
2025-12-17 22:44:21,771 - INFO - [2023BPix] MISSING_CENTRAL: ZFake3Mu/Central/METv/py in Skim_TriLep_TTG_PTG200toInf.root
2025-12-18 14:45:29,821 - INFO - [2023BPix] MISSING_CENTRAL: ZFake3Mu/Central/METv/py in Skim_TriLep_DYJets10to50.root
2025-12-18 14:45:29,847 - INFO - [2023BPix] MISSING_CENTRAL: ZFake3Mu/Central/METv/py in Skim_TriLep_TTG_PTG100to200.root
2025-12-18 14:45:29,848 - INFO - [2023BPix] MISSING_CENTRAL: ZFake3Mu/Central/METv/py in Skim_TriLep_TTG_PTG200toInf.root
2026-01-07 11:54:26,446 - INFO - [2023BPix] MISSING_CENTRAL: ZFake3Mu/Central/METv/py in Skim_TriLep_DYJets10to50.root
2026-01-07 11:54:26,469 - INFO - [2023BPix] MISSING_CENTRAL: ZFake3Mu/Central/METv/py in Skim_TriLep_TTG_PTG100to200.root
2026-01-07 11:54:26,470 - INFO - [2023BPix] MISSING_CENTRAL: ZFake3Mu/Central/METv/py in Skim_TriLep_TTG_PTG200toInf.root
2026-01-07 18:50:53,628 - INFO - [2023BPix] MISSING_CENTRAL: ZFake3Mu/Central/METv/py in Skim_TriLep_DYJets10to50.root
2026-01-07 18:50:53,656 - INFO - [2023BPix] MISSING_CENTRAL: ZFake3Mu/Central/METv/py in Skim_TriLep_TTG_PTG100to200.root
2026-01-07 18:50:53,657 - INFO - [2023BPix] MISSING_CENTRAL: ZFake3Mu/Central/METv/py in Skim_TriLep_TTG_PTG200toInf.root
2026-01-09 12:25:51,093 - INFO - [2023BPix] MISSING_CENTRAL: ZFake3Mu/Central/METv/py in Skim_TriLep_DYJets10to50.root
2026-01-09 12:25:51,108 - INFO - [2023BPix] MISSING_CENTRAL: ZFake3Mu/Central/METv/py in Skim_TriLep_TTG_PTG100to200.root
2026-01-09 12:25:51,108 - INFO - [2023BPix] MISSING_CENTRAL: ZFake3Mu/Central/METv/py in Skim_TriLep_TTG_PTG200toInf.root
