2025-09-24 16:04:51,830 - INFO - [2023BPix] MISSING_SYSTEMATIC: ZFake3Mu/JetEn_Down/nZCand/phi in Skim_TriLep_DYJets.root
2025-09-24 16:04:51,835 - INFO - [2023BPix] MISSING_CENTRAL: ZFake3Mu/Central/nZCand/phi in Skim_TriLep_DYJets10to50.root
2025-09-24 16:04:51,969 - INFO - [2023BPix] MISSING_CENTRAL: ZFake3Mu/Central/nZCand/phi in Skim_TriLep_TTG_PTG200toInf.root
2025-10-02 21:22:08,336 - INFO - [2023BPix] MISSING_SYSTEMATIC: ZFake3Mu/JetEn_Down/nZCand/phi in Skim_TriLep_DYJets.root
2025-10-02 21:22:08,345 - INFO - [2023BPix] MISSING_CENTRAL: ZFake3Mu/Central/nZCand/phi in Skim_TriLep_DYJets10to50.root
2025-10-02 21:22:08,529 - INFO - [2023BPix] MISSING_CENTRAL: ZFake3Mu/Central/nZCand/phi in Skim_TriLep_TTG_PTG200toInf.root
2025-10-03 00:35:19,730 - INFO - [2023BPix] MISSING_SYSTEMATIC: ZFake3Mu/JetEn_Down/nZCand/phi in Skim_TriLep_DYJets.root
2025-10-03 00:35:19,740 - INFO - [2023BPix] MISSING_CENTRAL: ZFake3Mu/Central/nZCand/phi in Skim_TriLep_DYJets10to50.root
2025-10-03 00:35:19,826 - INFO - [2023BPix] MISSING_CENTRAL: ZFake3Mu/Central/nZCand/phi in Skim_TriLep_TTG_PTG200toInf.root
2025-11-07 13:13:03,810 - INFO - [2023BPix] MISSING_FILE: /home/choij/Sync/workspace/ChargedHiggsAnalysisV3/SKNanoOutput/PromptSelector/Run3Mu/2023BPix/Skim_TriLep_Muon0_D_v1.root
2025-11-07 13:13:03,811 - INFO - [2023BPix] MISSING_FILE: /home/choij/Sync/workspace/ChargedHiggsAnalysisV3/SKNanoOutput/PromptSelector/Run3Mu/2023BPix/Skim_TriLep_Muon0_D_v2.root
2025-11-07 13:13:03,811 - INFO - [2023BPix] MISSING_FILE: /home/choij/Sync/workspace/ChargedHiggsAnalysisV3/SKNanoOutput/PromptSelector/Run3Mu/2023BPix/Skim_TriLep_Muon1_D_v1.root
2025-11-07 13:13:03,811 - INFO - [2023BPix] MISSING_FILE: /home/choij/Sync/workspace/ChargedHiggsAnalysisV3/SKNanoOutput/PromptSelector/Run3Mu/2023BPix/Skim_TriLep_Muon1_D_v2.root
2025-11-07 14:10:37,926 - INFO - [2023BPix] MISSING_FILE: /home/choij/Sync/workspace/ChargedHiggsAnalysisV3/SKNanoOutput/PromptSelector/Run3Mu/2023BPix/Skim_TriLep_Muon0_D_v1.root
2025-11-07 14:10:37,927 - INFO - [2023BPix] MISSING_FILE: /home/choij/Sync/workspace/ChargedHiggsAnalysisV3/SKNanoOutput/PromptSelector/Run3Mu/2023BPix/Skim_TriLep_Muon0_D_v2.root
2025-11-07 14:10:37,928 - INFO - [2023BPix] MISSING_FILE: /home/choij/Sync/workspace/ChargedHiggsAnalysisV3/SKNanoOutput/PromptSelector/Run3Mu/2023BPix/Skim_TriLep_Muon1_D_v1.root
2025-11-07 14:10:37,928 - INFO - [2023BPix] MISSING_FILE: /home/choij/Sync/workspace/ChargedHiggsAnalysisV3/SKNanoOutput/PromptSelector/Run3Mu/2023BPix/Skim_TriLep_Muon1_D_v2.root
2025-11-10 12:26:50,215 - INFO - [2023BPix] MISSING_SYSTEMATIC: ZFake3Mu/JetEn_Down/nZCand/phi in Skim_TriLep_DYJets.root
2025-11-10 12:26:50,222 - INFO - [2023BPix] MISSING_CENTRAL: ZFake3Mu/Central/nZCand/phi in Skim_TriLep_DYJets10to50.root
2025-11-10 12:26:50,287 - INFO - [2023BPix] MISSING_CENTRAL: ZFake3Mu/Central/nZCand/phi in Skim_TriLep_TTG_PTG200toInf.root
2025-11-13 11:17:10,842 - INFO - [2023BPix] MISSING_SYSTEMATIC: ZFake3Mu/JetEn_Down/nZCand/phi in Skim_TriLep_DYJets.root
2025-11-13 11:17:10,853 - INFO - [2023BPix] MISSING_CENTRAL: ZFake3Mu/Central/nZCand/phi in Skim_TriLep_DYJets10to50.root
2025-11-13 11:17:10,941 - INFO - [2023BPix] MISSING_CENTRAL: ZFake3Mu/Central/nZCand/phi in Skim_TriLep_TTG_PTG200toInf.root
2025-11-19 16:11:55,568 - INFO - [2023BPix] MISSING_SYSTEMATIC: ZFake3Mu/JetEn_Down/nZCand/phi in Skim_TriLep_DYJets.root
2025-11-19 16:11:55,583 - INFO - [2023BPix] MISSING_CENTRAL: ZFake3Mu/Central/nZCand/phi in Skim_TriLep_DYJets10to50.root
2025-11-19 16:11:55,664 - INFO - [2023BPix] MISSING_CENTRAL: ZFake3Mu/Central/nZCand/phi in Skim_TriLep_TTG_PTG200toInf.root
2025-11-19 16:29:17,388 - INFO - [2023BPix] MISSING_SYSTEMATIC: ZFake3Mu/JetEn_Down/nZCand/phi in Skim_TriLep_DYJets.root
2025-11-19 16:29:17,395 - INFO - [2023BPix] MISSING_CENTRAL: ZFake3Mu/Central/nZCand/phi in Skim_TriLep_DYJets10to50.root
2025-11-19 16:29:17,447 - INFO - [2023BPix] MISSING_CENTRAL: ZFake3Mu/Central/nZCand/phi in Skim_TriLep_TTG_PTG200toInf.root
2025-12-17 22:44:21,504 - INFO - [2023BPix] MISSING_CENTRAL: ZFake3Mu/Central/nZCand/phi in Skim_TriLep_DYJets10to50.root
2025-12-17 22:44:21,655 - INFO - [2023BPix] MISSING_CENTRAL: ZFake3Mu/Central/nZCand/phi in Skim_TriLep_TTG_PTG100to200.root
2025-12-17 22:44:21,656 - INFO - [2023BPix] MISSING_CENTRAL: ZFake3Mu/Central/nZCand/phi in Skim_TriLep_TTG_PTG200toInf.root
2025-12-18 14:45:29,590 - INFO - [2023BPix] MISSING_CENTRAL: ZFake3Mu/Central/nZCand/phi in Skim_TriLep_DYJets10to50.root
2025-12-18 14:45:29,602 - INFO - [2023BPix] MISSING_CENTRAL: ZFake3Mu/Central/nZCand/phi in Skim_TriLep_TTG_PTG100to200.root
2025-12-18 14:45:29,603 - INFO - [2023BPix] MISSING_CENTRAL: ZFake3Mu/Central/nZCand/phi in Skim_TriLep_TTG_PTG200toInf.root
2026-01-07 11:54:26,496 - INFO - [2023BPix] MISSING_CENTRAL: ZFake3Mu/Central/nZCand/phi in Skim_TriLep_DYJets10to50.root
2026-01-07 11:54:26,503 - INFO - [2023BPix] MISSING_CENTRAL: ZFake3Mu/Central/nZCand/phi in Skim_TriLep_TTG_PTG100to200.root
2026-01-07 11:54:26,504 - INFO - [2023BPix] MISSING_CENTRAL: ZFake3Mu/Central/nZCand/phi in Skim_TriLep_TTG_PTG200toInf.root
2026-01-07 18:50:53,826 - INFO - [2023BPix] MISSING_CENTRAL: ZFake3Mu/Central/nZCand/phi in Skim_TriLep_DYJets10to50.root
2026-01-07 18:50:53,835 - INFO - [2023BPix] MISSING_CENTRAL: ZFake3Mu/Central/nZCand/phi in Skim_TriLep_TTG_PTG100to200.root
2026-01-07 18:50:53,836 - INFO - [2023BPix] MISSING_CENTRAL: ZFake3Mu/Central/nZCand/phi in Skim_TriLep_TTG_PTG200toInf.root
2026-01-09 12:25:53,245 - INFO - [2023BPix] MISSING_CENTRAL: ZFake3Mu/Central/nZCand/phi in Skim_TriLep_DYJets10to50.root
2026-01-09 12:25:53,252 - INFO - [2023BPix] MISSING_CENTRAL: ZFake3Mu/Central/nZCand/phi in Skim_TriLep_TTG_PTG100to200.root
2026-01-09 12:25:53,252 - INFO - [2023BPix] MISSING_CENTRAL: ZFake3Mu/Central/nZCand/phi in Skim_TriLep_TTG_PTG200toInf.root
2026-01-11 09:45:54,037 - INFO - [2023BPix] MISSING_CENTRAL: ZFake3Mu/Central/nZCand/phi in Skim_TriLep_DYJets10to50.root
2026-01-11 09:45:54,043 - INFO - [2023BPix] MISSING_CENTRAL: ZFake3Mu/Central/nZCand/phi in Skim_TriLep_TTG_PTG100to200.root
2026-01-11 09:45:54,044 - INFO - [2023BPix] MISSING_CENTRAL: ZFake3Mu/Central/nZCand/phi in Skim_TriLep_TTG_PTG200toInf.root
2026-01-12 13:54:44,097 - INFO - [2023BPix] MISSING_FILE: /home/choij/Sync/workspace/ChargedHiggsAnalysisV3/SKNanoOutput/MatrixSelector/Run3Mu/2023BPix/Skim_TriLep_Muon0_D_v1.root
2026-01-12 13:54:44,097 - INFO - [2023BPix] MISSING_FILE: /home/choij/Sync/workspace/ChargedHiggsAnalysisV3/SKNanoOutput/MatrixSelector/Run3Mu/2023BPix/Skim_TriLep_Muon0_D_v2.root
2026-01-12 13:54:44,097 - INFO - [2023BPix] MISSING_FILE: /home/choij/Sync/workspace/ChargedHiggsAnalysisV3/SKNanoOutput/MatrixSelector/Run3Mu/2023BPix/Skim_TriLep_Muon1_D_v1.root
2026-01-12 13:54:44,097 - INFO - [2023BPix] MISSING_FILE: /home/choij/Sync/workspace/ChargedHiggsAnalysisV3/SKNanoOutput/MatrixSelector/Run3Mu/2023BPix/Skim_TriLep_Muon1_D_v2.root
2026-01-12 13:54:44,121 - INFO - [2023BPix] MISSING_CENTRAL: ZFake3Mu/Central/nZCand/phi in Skim_TriLep_DYJets10to50.root
2026-01-12 13:54:44,126 - INFO - [2023BPix] MISSING_CENTRAL: ZFake3Mu/Central/nZCand/phi in Skim_TriLep_TTG_PTG100to200.root
2026-01-12 13:54:44,126 - INFO - [2023BPix] MISSING_CENTRAL: ZFake3Mu/Central/nZCand/phi in Skim_TriLep_TTG_PTG200toInf.root
