2025-09-24 15:51:29,223 - INFO - [2016preVFP] MISSING_CENTRAL: ZG1E2Mu/Central/jets/size in Skim_TriLep_DYJets10to50.root
2025-09-24 15:51:29,226 - INFO - [2016preVFP] MISSING_CENTRAL: ZG1E2Mu/Central/jets/size in Skim_TriLep_TTG.root
2025-09-24 15:51:29,245 - INFO - [2016preVFP] MISSING_FILE: /Users/choij/Sync/workspace/ChargedHiggsAnalysisV3/SKNanoOutput/CRPromptSelector/Run1E2Mu_RunSyst/2016preVFP/Skim_TriLep_WZTo3LNu_amcatnlo.root
2025-09-24 15:51:29,277 - INFO - [2016preVFP] MISSING_CENTRAL: ZG1E2Mu/Central/jets/size in Skim_TriLep_TTTT.root
2025-09-24 15:51:29,298 - INFO - [2016postVFP] MISSING_CENTRAL: ZG1E2Mu/Central/jets/size in Skim_TriLep_DYJets10to50.root
2025-09-24 15:51:29,305 - INFO - [2016postVFP] MISSING_CENTRAL: ZG1E2Mu/Central/jets/size in Skim_TriLep_TTG.root
2025-09-24 15:51:29,333 - INFO - [2016postVFP] MISSING_FILE: /Users/choij/Sync/workspace/ChargedHiggsAnalysisV3/SKNanoOutput/CRPromptSelector/Run1E2Mu_RunSyst/2016postVFP/Skim_TriLep_WZTo3LNu_amcatnlo.root
2025-09-24 15:51:29,413 - INFO - [2017] MISSING_CENTRAL: ZG1E2Mu/Central/jets/size in Skim_TriLep_DYJets10to50.root
2025-09-24 15:51:29,432 - INFO - [2017] MISSING_SYSTEMATIC: ZG1E2Mu/JetEn_Up/jets/size in Skim_TriLep_TTG.root
2025-09-24 15:51:29,433 - INFO - [2017] MISSING_SYSTEMATIC: ZG1E2Mu/UnclusteredEn_Down/jets/size in Skim_TriLep_TTG.root
2025-09-24 15:51:29,468 - INFO - [2017] MISSING_FILE: /Users/choij/Sync/workspace/ChargedHiggsAnalysisV3/SKNanoOutput/CRPromptSelector/Run1E2Mu_RunSyst/2017/Skim_TriLep_WZTo3LNu_amcatnlo.root
2025-09-24 15:51:29,512 - INFO - [2017] MISSING_CENTRAL: ZG1E2Mu/Central/jets/size in Skim_TriLep_WWZ.root
2025-09-24 15:51:29,582 - INFO - [2018] MISSING_CENTRAL: ZG1E2Mu/Central/jets/size in Skim_TriLep_DYJets10to50.root
2025-09-24 15:51:29,596 - INFO - [2018] MISSING_CENTRAL: ZG1E2Mu/Central/jets/size in Skim_TriLep_TTG.root
2025-09-24 15:51:29,632 - INFO - [2018] MISSING_FILE: /Users/choij/Sync/workspace/ChargedHiggsAnalysisV3/SKNanoOutput/CRPromptSelector/Run1E2Mu_RunSyst/2018/Skim_TriLep_WZTo3LNu_amcatnlo.root
2025-09-24 15:51:42,355 - INFO - [2016preVFP] MISSING_CENTRAL: ZG1E2Mu/Central/jets/size in Skim_TriLep_DYJets10to50.root
2025-09-24 15:51:42,356 - INFO - [2016preVFP] MISSING_CENTRAL: ZG1E2Mu/Central/jets/size in Skim_TriLep_TTG.root
2025-09-24 15:51:42,357 - INFO - [2016preVFP] MISSING_FILE: /Users/choij/Sync/workspace/ChargedHiggsAnalysisV3/SKNanoOutput/CRPromptSelector/Run1E2Mu_RunSyst/2016preVFP/Skim_TriLep_WZTo3LNu_amcatnlo.root
2025-09-24 15:51:42,371 - INFO - [2016preVFP] MISSING_CENTRAL: ZG1E2Mu/Central/jets/size in Skim_TriLep_TTTT.root
2025-09-24 15:51:42,372 - INFO - [2016postVFP] MISSING_CENTRAL: ZG1E2Mu/Central/jets/size in Skim_TriLep_DYJets10to50.root
2025-09-24 15:51:42,377 - INFO - [2016postVFP] MISSING_CENTRAL: ZG1E2Mu/Central/jets/size in Skim_TriLep_TTG.root
2025-09-24 15:51:42,385 - INFO - [2016postVFP] MISSING_FILE: /Users/choij/Sync/workspace/ChargedHiggsAnalysisV3/SKNanoOutput/CRPromptSelector/Run1E2Mu_RunSyst/2016postVFP/Skim_TriLep_WZTo3LNu_amcatnlo.root
2025-09-24 15:51:42,400 - INFO - [2017] MISSING_CENTRAL: ZG1E2Mu/Central/jets/size in Skim_TriLep_DYJets10to50.root
2025-09-24 15:51:42,402 - INFO - [2017] MISSING_FILE: /Users/choij/Sync/workspace/ChargedHiggsAnalysisV3/SKNanoOutput/CRPromptSelector/Run1E2Mu_RunSyst/2017/Skim_TriLep_WZTo3LNu_amcatnlo.root
2025-09-24 15:51:42,404 - INFO - [2017] MISSING_CENTRAL: ZG1E2Mu/Central/jets/size in Skim_TriLep_WWZ.root
2025-09-24 15:51:42,407 - INFO - [2018] MISSING_CENTRAL: ZG1E2Mu/Central/jets/size in Skim_TriLep_DYJets10to50.root
2025-09-24 15:51:42,408 - INFO - [2018] MISSING_CENTRAL: ZG1E2Mu/Central/jets/size in Skim_TriLep_TTG.root
2025-09-24 15:51:42,409 - INFO - [2018] MISSING_FILE: /Users/choij/Sync/workspace/ChargedHiggsAnalysisV3/SKNanoOutput/CRPromptSelector/Run1E2Mu_RunSyst/2018/Skim_TriLep_WZTo3LNu_amcatnlo.root
