2025-09-24 15:51:29,121 - INFO - [2016preVFP] MISSING_CENTRAL: ZG1E2Mu/Central/muons/1/eta in Skim_TriLep_DYJets10to50.root
2025-09-24 15:51:29,129 - INFO - [2016preVFP] MISSING_CENTRAL: ZG1E2Mu/Central/muons/1/eta in Skim_TriLep_TTG.root
2025-09-24 15:51:29,149 - INFO - [2016preVFP] MISSING_FILE: /Users/choij/Sync/workspace/ChargedHiggsAnalysisV3/SKNanoOutput/CRPromptSelector/Run1E2Mu_RunSyst/2016preVFP/Skim_TriLep_WZTo3LNu_amcatnlo.root
2025-09-24 15:51:29,249 - INFO - [2016preVFP] MISSING_CENTRAL: ZG1E2Mu/Central/muons/1/eta in Skim_TriLep_TTTT.root
2025-09-24 15:51:29,276 - INFO - [2016postVFP] MISSING_CENTRAL: ZG1E2Mu/Central/muons/1/eta in Skim_TriLep_DYJets10to50.root
2025-09-24 15:51:29,301 - INFO - [2016postVFP] MISSING_CENTRAL: ZG1E2Mu/Central/muons/1/eta in Skim_TriLep_TTG.root
2025-09-24 15:51:29,333 - INFO - [2016postVFP] MISSING_FILE: /Users/choij/Sync/workspace/ChargedHiggsAnalysisV3/SKNanoOutput/CRPromptSelector/Run1E2Mu_RunSyst/2016postVFP/Skim_TriLep_WZTo3LNu_amcatnlo.root
2025-09-24 15:51:29,423 - INFO - [2017] MISSING_CENTRAL: ZG1E2Mu/Central/muons/1/eta in Skim_TriLep_DYJets10to50.root
2025-09-24 15:51:29,429 - INFO - [2017] MISSING_SYSTEMATIC: ZG1E2Mu/JetEn_Up/muons/1/eta in Skim_TriLep_TTG.root
2025-09-24 15:51:29,429 - INFO - [2017] MISSING_SYSTEMATIC: ZG1E2Mu/UnclusteredEn_Down/muons/1/eta in Skim_TriLep_TTG.root
2025-09-24 15:51:29,457 - INFO - [2017] MISSING_FILE: /Users/choij/Sync/workspace/ChargedHiggsAnalysisV3/SKNanoOutput/CRPromptSelector/Run1E2Mu_RunSyst/2017/Skim_TriLep_WZTo3LNu_amcatnlo.root
2025-09-24 15:51:29,494 - INFO - [2017] MISSING_CENTRAL: ZG1E2Mu/Central/muons/1/eta in Skim_TriLep_WWZ.root
2025-09-24 15:51:29,539 - INFO - [2018] MISSING_CENTRAL: ZG1E2Mu/Central/muons/1/eta in Skim_TriLep_DYJets10to50.root
2025-09-24 15:51:29,552 - INFO - [2018] MISSING_CENTRAL: ZG1E2Mu/Central/muons/1/eta in Skim_TriLep_TTG.root
2025-09-24 15:51:29,582 - INFO - [2018] MISSING_FILE: /Users/choij/Sync/workspace/ChargedHiggsAnalysisV3/SKNanoOutput/CRPromptSelector/Run1E2Mu_RunSyst/2018/Skim_TriLep_WZTo3LNu_amcatnlo.root
2025-09-24 15:51:42,257 - INFO - [2016preVFP] MISSING_CENTRAL: ZG1E2Mu/Central/muons/1/eta in Skim_TriLep_DYJets10to50.root
2025-09-24 15:51:42,257 - INFO - [2016preVFP] MISSING_CENTRAL: ZG1E2Mu/Central/muons/1/eta in Skim_TriLep_TTG.root
2025-09-24 15:51:42,258 - INFO - [2016preVFP] MISSING_FILE: /Users/choij/Sync/workspace/ChargedHiggsAnalysisV3/SKNanoOutput/CRPromptSelector/Run1E2Mu_RunSyst/2016preVFP/Skim_TriLep_WZTo3LNu_amcatnlo.root
2025-09-24 15:51:42,287 - INFO - [2016preVFP] MISSING_CENTRAL: ZG1E2Mu/Central/muons/1/eta in Skim_TriLep_TTTT.root
2025-09-24 15:51:42,289 - INFO - [2016postVFP] MISSING_CENTRAL: ZG1E2Mu/Central/muons/1/eta in Skim_TriLep_DYJets10to50.root
2025-09-24 15:51:42,290 - INFO - [2016postVFP] MISSING_CENTRAL: ZG1E2Mu/Central/muons/1/eta in Skim_TriLep_TTG.root
2025-09-24 15:51:42,294 - INFO - [2016postVFP] MISSING_FILE: /Users/choij/Sync/workspace/ChargedHiggsAnalysisV3/SKNanoOutput/CRPromptSelector/Run1E2Mu_RunSyst/2016postVFP/Skim_TriLep_WZTo3LNu_amcatnlo.root
2025-09-24 15:51:42,302 - INFO - [2017] MISSING_CENTRAL: ZG1E2Mu/Central/muons/1/eta in Skim_TriLep_DYJets10to50.root
2025-09-24 15:51:42,310 - INFO - [2017] MISSING_FILE: /Users/choij/Sync/workspace/ChargedHiggsAnalysisV3/SKNanoOutput/CRPromptSelector/Run1E2Mu_RunSyst/2017/Skim_TriLep_WZTo3LNu_amcatnlo.root
2025-09-24 15:51:42,312 - INFO - [2017] MISSING_CENTRAL: ZG1E2Mu/Central/muons/1/eta in Skim_TriLep_WWZ.root
2025-09-24 15:51:42,316 - INFO - [2018] MISSING_CENTRAL: ZG1E2Mu/Central/muons/1/eta in Skim_TriLep_DYJets10to50.root
2025-09-24 15:51:42,316 - INFO - [2018] MISSING_CENTRAL: ZG1E2Mu/Central/muons/1/eta in Skim_TriLep_TTG.root
2025-09-24 15:51:42,318 - INFO - [2018] MISSING_FILE: /Users/choij/Sync/workspace/ChargedHiggsAnalysisV3/SKNanoOutput/CRPromptSelector/Run1E2Mu_RunSyst/2018/Skim_TriLep_WZTo3LNu_amcatnlo.root
