2025-12-18 14:47:11,652 - INFO - [2023BPix] MISSING_CENTRAL: TTZ2E1Mu/Central/bjets/3/eta in Skim_TriLep_MuonEG_D_v2.root
2025-12-18 14:47:11,691 - INFO - [2023BPix] MISSING_CENTRAL: TTZ2E1Mu/Central/bjets/3/eta in Skim_TriLep_MuonEG_D_v1.root
2025-12-18 14:47:11,692 - INFO - [2023BPix] MISSING_CENTRAL: TTZ2E1Mu/Central/bjets/3/eta in Skim_TriLep_MuonEG_D_v2.root
2025-12-18 14:47:11,693 - INFO - [2023BPix] MISSING_CENTRAL: TTZ2E1Mu/Central/bjets/3/eta in Skim_TriLep_DYJets.root
2025-12-18 14:47:11,695 - INFO - [2023BPix] MISSING_CENTRAL: TTZ2E1Mu/Central/bjets/3/eta in Skim_TriLep_DYJets10to50.root
2025-12-18 14:47:11,698 - INFO - [2023BPix] MISSING_CENTRAL: TTZ2E1Mu/Central/bjets/3/eta in Skim_TriLep_TTG_PTG10to100.root
2025-12-18 14:47:11,701 - INFO - [2023BPix] MISSING_CENTRAL: TTZ2E1Mu/Central/bjets/3/eta in Skim_TriLep_TTG_PTG100to200.root
2025-12-18 14:47:11,704 - INFO - [2023BPix] MISSING_CENTRAL: TTZ2E1Mu/Central/bjets/3/eta in Skim_TriLep_TTG_PTG200toInf.root
2025-12-18 14:47:11,752 - INFO - [2023BPix] MISSING_CENTRAL: TTZ2E1Mu/Central/bjets/3/eta in Skim_TriLep_TTZ_M4to50.root
2025-12-18 14:47:11,812 - INFO - [2023BPix] MISSING_CENTRAL: TTZ2E1Mu/Central/bjets/3/eta in Skim_TriLep_WZTo3LNu_powheg.root
2025-12-18 14:47:11,821 - INFO - [2023BPix] MISSING_CENTRAL: TTZ2E1Mu/Central/bjets/3/eta in Skim_TriLep_ZZTo4L_powheg.root
2025-12-18 14:47:11,841 - INFO - [2023BPix] MISSING_CENTRAL: TTZ2E1Mu/Central/bjets/3/eta in Skim_TriLep_tHq.root
2025-12-18 14:47:11,842 - INFO - [2023BPix] MISSING_CENTRAL: TTZ2E1Mu/Central/bjets/3/eta in Skim_TriLep_WWW.root
2025-12-18 14:47:11,844 - INFO - [2023BPix] MISSING_CENTRAL: TTZ2E1Mu/Central/bjets/3/eta in Skim_TriLep_WWZ.root
2025-12-18 14:47:11,845 - INFO - [2023BPix] MISSING_CENTRAL: TTZ2E1Mu/Central/bjets/3/eta in Skim_TriLep_WZZ.root
2025-12-18 14:47:11,900 - INFO - [2023BPix] MISSING_CENTRAL: TTZ2E1Mu/Central/bjets/3/eta in Skim_TriLep_VBFHToZZTo4L.root
2025-12-18 14:47:11,905 - INFO - [2023BPix] MISSING_CENTRAL: TTZ2E1Mu/Central/bjets/3/eta in Skim_TriLep_ggHToZZTo4L.root
2025-12-18 21:35:38,501 - INFO - [2023BPix] MISSING_CENTRAL: TTZ2E1Mu/Central/bjets/3/eta in Skim_TriLep_MuonEG_D_v2.root
2025-12-18 21:35:38,529 - INFO - [2023BPix] MISSING_CENTRAL: TTZ2E1Mu/Central/bjets/3/eta in Skim_TriLep_MuonEG_D_v1.root
2025-12-18 21:35:38,530 - INFO - [2023BPix] MISSING_CENTRAL: TTZ2E1Mu/Central/bjets/3/eta in Skim_TriLep_MuonEG_D_v2.root
2025-12-18 21:35:38,531 - INFO - [2023BPix] MISSING_CENTRAL: TTZ2E1Mu/Central/bjets/3/eta in Skim_TriLep_DYJets.root
2025-12-18 21:35:38,532 - INFO - [2023BPix] MISSING_CENTRAL: TTZ2E1Mu/Central/bjets/3/eta in Skim_TriLep_DYJets10to50.root
2025-12-18 21:35:38,533 - INFO - [2023BPix] MISSING_CENTRAL: TTZ2E1Mu/Central/bjets/3/eta in Skim_TriLep_TTG_PTG10to100.root
2025-12-18 21:35:38,534 - INFO - [2023BPix] MISSING_CENTRAL: TTZ2E1Mu/Central/bjets/3/eta in Skim_TriLep_TTG_PTG100to200.root
2025-12-18 21:35:38,535 - INFO - [2023BPix] MISSING_CENTRAL: TTZ2E1Mu/Central/bjets/3/eta in Skim_TriLep_TTG_PTG200toInf.root
2025-12-18 21:35:38,565 - INFO - [2023BPix] MISSING_CENTRAL: TTZ2E1Mu/Central/bjets/3/eta in Skim_TriLep_TTZ_M4to50.root
2025-12-18 21:35:38,587 - INFO - [2023BPix] MISSING_CENTRAL: TTZ2E1Mu/Central/bjets/3/eta in Skim_TriLep_WZTo3LNu_powheg.root
2025-12-18 21:35:38,588 - INFO - [2023BPix] MISSING_CENTRAL: TTZ2E1Mu/Central/bjets/3/eta in Skim_TriLep_ZZTo4L_powheg.root
2025-12-18 21:35:38,599 - INFO - [2023BPix] MISSING_CENTRAL: TTZ2E1Mu/Central/bjets/3/eta in Skim_TriLep_tHq.root
2025-12-18 21:35:38,600 - INFO - [2023BPix] MISSING_CENTRAL: TTZ2E1Mu/Central/bjets/3/eta in Skim_TriLep_WWW.root
2025-12-18 21:35:38,601 - INFO - [2023BPix] MISSING_CENTRAL: TTZ2E1Mu/Central/bjets/3/eta in Skim_TriLep_WWZ.root
2025-12-18 21:35:38,602 - INFO - [2023BPix] MISSING_CENTRAL: TTZ2E1Mu/Central/bjets/3/eta in Skim_TriLep_WZZ.root
2025-12-18 21:35:38,624 - INFO - [2023BPix] MISSING_CENTRAL: TTZ2E1Mu/Central/bjets/3/eta in Skim_TriLep_VBFHToZZTo4L.root
2025-12-18 21:35:38,625 - INFO - [2023BPix] MISSING_CENTRAL: TTZ2E1Mu/Central/bjets/3/eta in Skim_TriLep_ggHToZZTo4L.root
2025-12-18 23:44:45,041 - INFO - [2023BPix] MISSING_CENTRAL: TTZ2E1Mu/Central/bjets/3/eta in Skim_TriLep_MuonEG_D_v2.root
2025-12-18 23:44:45,064 - INFO - [2023BPix] MISSING_CENTRAL: TTZ2E1Mu/Central/bjets/3/eta in Skim_TriLep_MuonEG_D_v1.root
2025-12-18 23:44:45,065 - INFO - [2023BPix] MISSING_CENTRAL: TTZ2E1Mu/Central/bjets/3/eta in Skim_TriLep_MuonEG_D_v2.root
2025-12-18 23:44:45,065 - INFO - [2023BPix] MISSING_CENTRAL: TTZ2E1Mu/Central/bjets/3/eta in Skim_TriLep_DYJets.root
2025-12-18 23:44:45,065 - INFO - [2023BPix] MISSING_CENTRAL: TTZ2E1Mu/Central/bjets/3/eta in Skim_TriLep_DYJets10to50.root
2025-12-18 23:44:45,066 - INFO - [2023BPix] MISSING_CENTRAL: TTZ2E1Mu/Central/bjets/3/eta in Skim_TriLep_TTG_PTG10to100.root
2025-12-18 23:44:45,067 - INFO - [2023BPix] MISSING_CENTRAL: TTZ2E1Mu/Central/bjets/3/eta in Skim_TriLep_TTG_PTG100to200.root
2025-12-18 23:44:45,067 - INFO - [2023BPix] MISSING_CENTRAL: TTZ2E1Mu/Central/bjets/3/eta in Skim_TriLep_TTG_PTG200toInf.root
2025-12-18 23:44:45,095 - INFO - [2023BPix] MISSING_CENTRAL: TTZ2E1Mu/Central/bjets/3/eta in Skim_TriLep_TTZ_M4to50.root
2025-12-18 23:44:45,139 - INFO - [2023BPix] MISSING_CENTRAL: TTZ2E1Mu/Central/bjets/3/eta in Skim_TriLep_WZTo3LNu_powheg.root
2025-12-18 23:44:45,149 - INFO - [2023BPix] MISSING_CENTRAL: TTZ2E1Mu/Central/bjets/3/eta in Skim_TriLep_ZZTo4L_powheg.root
2025-12-18 23:44:45,162 - INFO - [2023BPix] MISSING_CENTRAL: TTZ2E1Mu/Central/bjets/3/eta in Skim_TriLep_tHq.root
2025-12-18 23:44:45,163 - INFO - [2023BPix] MISSING_CENTRAL: TTZ2E1Mu/Central/bjets/3/eta in Skim_TriLep_WWW.root
2025-12-18 23:44:45,163 - INFO - [2023BPix] MISSING_CENTRAL: TTZ2E1Mu/Central/bjets/3/eta in Skim_TriLep_WWZ.root
2025-12-18 23:44:45,164 - INFO - [2023BPix] MISSING_CENTRAL: TTZ2E1Mu/Central/bjets/3/eta in Skim_TriLep_WZZ.root
2025-12-18 23:44:45,176 - INFO - [2023BPix] MISSING_CENTRAL: TTZ2E1Mu/Central/bjets/3/eta in Skim_TriLep_VBFHToZZTo4L.root
2025-12-18 23:44:45,177 - INFO - [2023BPix] MISSING_CENTRAL: TTZ2E1Mu/Central/bjets/3/eta in Skim_TriLep_ggHToZZTo4L.root
