2025-12-18 14:47:04,208 - INFO - [2023BPix] MISSING_CENTRAL: TTZ2E1Mu/Central/jets/3/phi in Skim_TriLep_DYJets.root
2025-12-18 14:47:04,209 - INFO - [2023BPix] MISSING_CENTRAL: TTZ2E1Mu/Central/jets/3/phi in Skim_TriLep_DYJets10to50.root
2025-12-18 14:47:04,220 - INFO - [2023BPix] MISSING_CENTRAL: TTZ2E1Mu/Central/jets/3/phi in Skim_TriLep_TTG_PTG100to200.root
2025-12-18 14:47:04,932 - INFO - [2023BPix] MISSING_CENTRAL: TTZ2E1Mu/Central/jets/3/phi in Skim_TriLep_WWW.root
2025-12-18 14:47:05,853 - INFO - [2023BPix] MISSING_CENTRAL: TTZ2E1Mu/Central/jets/3/phi in Skim_TriLep_VBFHToZZTo4L.root
2025-12-18 14:47:05,874 - INFO - [2023BPix] MISSING_CENTRAL: TTZ2E1Mu/Central/jets/3/phi in Skim_TriLep_ggHToZZTo4L.root
2025-12-18 21:35:36,160 - INFO - [2023BPix] MISSING_CENTRAL: TTZ2E1Mu/Central/jets/3/phi in Skim_TriLep_DYJets.root
2025-12-18 21:35:36,160 - INFO - [2023BPix] MISSING_CENTRAL: TTZ2E1Mu/Central/jets/3/phi in Skim_TriLep_DYJets10to50.root
2025-12-18 21:35:36,177 - INFO - [2023BPix] MISSING_CENTRAL: TTZ2E1Mu/Central/jets/3/phi in Skim_TriLep_TTG_PTG100to200.root
2025-12-18 21:35:36,282 - INFO - [2023BPix] MISSING_CENTRAL: TTZ2E1Mu/Central/jets/3/phi in Skim_TriLep_WWW.root
2025-12-18 21:35:36,356 - INFO - [2023BPix] MISSING_CENTRAL: TTZ2E1Mu/Central/jets/3/phi in Skim_TriLep_VBFHToZZTo4L.root
2025-12-18 21:35:36,358 - INFO - [2023BPix] MISSING_CENTRAL: TTZ2E1Mu/Central/jets/3/phi in Skim_TriLep_ggHToZZTo4L.root
2025-12-18 23:44:41,551 - INFO - [2023BPix] MISSING_CENTRAL: TTZ2E1Mu/Central/jets/3/phi in Skim_TriLep_DYJets.root
2025-12-18 23:44:41,552 - INFO - [2023BPix] MISSING_CENTRAL: TTZ2E1Mu/Central/jets/3/phi in Skim_TriLep_DYJets10to50.root
2025-12-18 23:44:41,562 - INFO - [2023BPix] MISSING_CENTRAL: TTZ2E1Mu/Central/jets/3/phi in Skim_TriLep_TTG_PTG100to200.root
2025-12-18 23:44:41,665 - INFO - [2023BPix] MISSING_CENTRAL: TTZ2E1Mu/Central/jets/3/phi in Skim_TriLep_WWW.root
2025-12-18 23:44:41,710 - INFO - [2023BPix] MISSING_CENTRAL: TTZ2E1Mu/Central/jets/3/phi in Skim_TriLep_VBFHToZZTo4L.root
2025-12-18 23:44:41,713 - INFO - [2023BPix] MISSING_CENTRAL: TTZ2E1Mu/Central/jets/3/phi in Skim_TriLep_ggHToZZTo4L.root
2026-01-07 11:24:38,354 - INFO - [2023BPix] MISSING_CENTRAL: TTZ2E1Mu/Central/jets/3/phi in Skim_TriLep_DYJets.root
2026-01-07 11:24:38,355 - INFO - [2023BPix] MISSING_CENTRAL: TTZ2E1Mu/Central/jets/3/phi in Skim_TriLep_DYJets10to50.root
2026-01-07 11:24:38,367 - INFO - [2023BPix] MISSING_CENTRAL: TTZ2E1Mu/Central/jets/3/phi in Skim_TriLep_TTG_PTG100to200.root
2026-01-07 11:24:39,559 - INFO - [2023BPix] MISSING_CENTRAL: TTZ2E1Mu/Central/jets/3/phi in Skim_TriLep_WWW.root
2026-01-07 11:24:40,874 - INFO - [2023BPix] MISSING_CENTRAL: TTZ2E1Mu/Central/jets/3/phi in Skim_TriLep_VBFHToZZTo4L.root
2026-01-07 11:24:40,902 - INFO - [2023BPix] MISSING_CENTRAL: TTZ2E1Mu/Central/jets/3/phi in Skim_TriLep_ggHToZZTo4L.root
2026-01-07 11:55:49,016 - INFO - [2023BPix] MISSING_CENTRAL: TTZ2E1Mu/Central/jets/3/phi in Skim_TriLep_DYJets.root
2026-01-07 11:55:49,017 - INFO - [2023BPix] MISSING_CENTRAL: TTZ2E1Mu/Central/jets/3/phi in Skim_TriLep_DYJets10to50.root
2026-01-07 11:55:49,061 - INFO - [2023BPix] MISSING_CENTRAL: TTZ2E1Mu/Central/jets/3/phi in Skim_TriLep_TTG_PTG100to200.root
2026-01-07 11:55:49,162 - INFO - [2023BPix] MISSING_CENTRAL: TTZ2E1Mu/Central/jets/3/phi in Skim_TriLep_WWW.root
2026-01-07 11:55:49,211 - INFO - [2023BPix] MISSING_CENTRAL: TTZ2E1Mu/Central/jets/3/phi in Skim_TriLep_VBFHToZZTo4L.root
2026-01-07 11:55:49,213 - INFO - [2023BPix] MISSING_CENTRAL: TTZ2E1Mu/Central/jets/3/phi in Skim_TriLep_ggHToZZTo4L.root
2026-01-07 18:52:17,843 - INFO - [2023BPix] MISSING_CENTRAL: TTZ2E1Mu/Central/jets/3/phi in Skim_TriLep_DYJets.root
2026-01-07 18:52:17,844 - INFO - [2023BPix] MISSING_CENTRAL: TTZ2E1Mu/Central/jets/3/phi in Skim_TriLep_DYJets10to50.root
2026-01-07 18:52:17,862 - INFO - [2023BPix] MISSING_CENTRAL: TTZ2E1Mu/Central/jets/3/phi in Skim_TriLep_TTG_PTG100to200.root
2026-01-07 18:52:17,967 - INFO - [2023BPix] MISSING_CENTRAL: TTZ2E1Mu/Central/jets/3/phi in Skim_TriLep_WWW.root
2026-01-07 18:52:18,015 - INFO - [2023BPix] MISSING_CENTRAL: TTZ2E1Mu/Central/jets/3/phi in Skim_TriLep_VBFHToZZTo4L.root
2026-01-07 18:52:18,016 - INFO - [2023BPix] MISSING_CENTRAL: TTZ2E1Mu/Central/jets/3/phi in Skim_TriLep_ggHToZZTo4L.root
2026-01-09 12:27:25,520 - INFO - [2023BPix] MISSING_CENTRAL: TTZ2E1Mu/Central/jets/3/phi in Skim_TriLep_DYJets.root
2026-01-09 12:27:25,521 - INFO - [2023BPix] MISSING_CENTRAL: TTZ2E1Mu/Central/jets/3/phi in Skim_TriLep_DYJets10to50.root
2026-01-09 12:27:25,533 - INFO - [2023BPix] MISSING_CENTRAL: TTZ2E1Mu/Central/jets/3/phi in Skim_TriLep_TTG_PTG100to200.root
2026-01-09 12:27:25,596 - INFO - [2023BPix] MISSING_CENTRAL: TTZ2E1Mu/Central/jets/3/phi in Skim_TriLep_WWW.root
2026-01-09 12:27:25,623 - INFO - [2023BPix] MISSING_CENTRAL: TTZ2E1Mu/Central/jets/3/phi in Skim_TriLep_VBFHToZZTo4L.root
2026-01-09 12:27:25,624 - INFO - [2023BPix] MISSING_CENTRAL: TTZ2E1Mu/Central/jets/3/phi in Skim_TriLep_ggHToZZTo4L.root
2026-01-11 09:47:25,896 - INFO - [2023BPix] MISSING_CENTRAL: TTZ2E1Mu/Central/jets/3/phi in Skim_TriLep_DYJets.root
2026-01-11 09:47:25,898 - INFO - [2023BPix] MISSING_CENTRAL: TTZ2E1Mu/Central/jets/3/phi in Skim_TriLep_DYJets10to50.root
2026-01-11 09:47:25,916 - INFO - [2023BPix] MISSING_CENTRAL: TTZ2E1Mu/Central/jets/3/phi in Skim_TriLep_TTG_PTG100to200.root
2026-01-11 09:47:26,059 - INFO - [2023BPix] MISSING_CENTRAL: TTZ2E1Mu/Central/jets/3/phi in Skim_TriLep_WWW.root
2026-01-11 09:47:26,135 - INFO - [2023BPix] MISSING_CENTRAL: TTZ2E1Mu/Central/jets/3/phi in Skim_TriLep_VBFHToZZTo4L.root
2026-01-11 09:47:26,142 - INFO - [2023BPix] MISSING_CENTRAL: TTZ2E1Mu/Central/jets/3/phi in Skim_TriLep_ggHToZZTo4L.root
2026-01-12 13:56:20,932 - INFO - [2023BPix] MISSING_CENTRAL: TTZ2E1Mu/Central/jets/3/phi in Skim_TriLep_DYJets.root
2026-01-12 13:56:20,934 - INFO - [2023BPix] MISSING_CENTRAL: TTZ2E1Mu/Central/jets/3/phi in Skim_TriLep_DYJets10to50.root
2026-01-12 13:56:20,946 - INFO - [2023BPix] MISSING_CENTRAL: TTZ2E1Mu/Central/jets/3/phi in Skim_TriLep_TTG_PTG100to200.root
2026-01-12 13:56:20,999 - INFO - [2023BPix] MISSING_CENTRAL: TTZ2E1Mu/Central/jets/3/phi in Skim_TriLep_WWW.root
2026-01-12 13:56:21,049 - INFO - [2023BPix] MISSING_CENTRAL: TTZ2E1Mu/Central/jets/3/phi in Skim_TriLep_VBFHToZZTo4L.root
2026-01-12 13:56:21,050 - INFO - [2023BPix] MISSING_CENTRAL: TTZ2E1Mu/Central/jets/3/phi in Skim_TriLep_ggHToZZTo4L.root
2026-01-16 19:10:57,473 - INFO - [2023BPix] MISSING_CENTRAL: TTZ2E1Mu/Central/jets/3/phi in Skim_TriLep_DYJets.root
2026-01-16 19:10:57,474 - INFO - [2023BPix] MISSING_CENTRAL: TTZ2E1Mu/Central/jets/3/phi in Skim_TriLep_DYJets10to50.root
2026-01-16 19:10:57,490 - INFO - [2023BPix] MISSING_CENTRAL: TTZ2E1Mu/Central/jets/3/phi in Skim_TriLep_TTG_PTG100to200.root
2026-01-16 19:10:57,553 - INFO - [2023BPix] MISSING_CENTRAL: TTZ2E1Mu/Central/jets/3/phi in Skim_TriLep_WWW.root
2026-01-16 19:10:57,582 - INFO - [2023BPix] MISSING_CENTRAL: TTZ2E1Mu/Central/jets/3/phi in Skim_TriLep_VBFHToZZTo4L.root
2026-01-16 19:10:57,582 - INFO - [2023BPix] MISSING_CENTRAL: TTZ2E1Mu/Central/jets/3/phi in Skim_TriLep_ggHToZZTo4L.root
2026-01-28 17:07:58,395 - INFO - [2023BPix] MISSING_CENTRAL: TTZ2E1Mu/Central/jets/3/phi in Skim_TriLep_DYJets.root
2026-01-28 17:07:58,396 - INFO - [2023BPix] MISSING_CENTRAL: TTZ2E1Mu/Central/jets/3/phi in Skim_TriLep_DYJets10to50.root
2026-01-28 17:07:58,423 - INFO - [2023BPix] MISSING_CENTRAL: TTZ2E1Mu/Central/jets/3/phi in Skim_TriLep_TTG_PTG100to200.root
2026-01-28 17:07:58,573 - INFO - [2023BPix] MISSING_CENTRAL: TTZ2E1Mu/Central/jets/3/phi in Skim_TriLep_WWW.root
2026-01-28 17:07:58,612 - INFO - [2023BPix] MISSING_CENTRAL: TTZ2E1Mu/Central/jets/3/phi in Skim_TriLep_VBFHToZZTo4L.root
2026-01-28 17:07:58,614 - INFO - [2023BPix] MISSING_CENTRAL: TTZ2E1Mu/Central/jets/3/phi in Skim_TriLep_ggHToZZTo4L.root
2026-01-28 17:28:31,902 - INFO - [2023BPix] MISSING_CENTRAL: TTZ2E1Mu/Central/jets/3/phi in Skim_TriLep_DYJets.root
2026-01-28 17:28:31,903 - INFO - [2023BPix] MISSING_CENTRAL: TTZ2E1Mu/Central/jets/3/phi in Skim_TriLep_DYJets10to50.root
2026-01-28 17:28:31,916 - INFO - [2023BPix] MISSING_CENTRAL: TTZ2E1Mu/Central/jets/3/phi in Skim_TriLep_TTG_PTG100to200.root
2026-01-28 17:28:31,998 - INFO - [2023BPix] MISSING_CENTRAL: TTZ2E1Mu/Central/jets/3/phi in Skim_TriLep_WWW.root
2026-01-28 17:28:32,034 - INFO - [2023BPix] MISSING_CENTRAL: TTZ2E1Mu/Central/jets/3/phi in Skim_TriLep_VBFHToZZTo4L.root
2026-01-28 17:28:32,035 - INFO - [2023BPix] MISSING_CENTRAL: TTZ2E1Mu/Central/jets/3/phi in Skim_TriLep_ggHToZZTo4L.root
2026-01-28 20:02:14,949 - INFO - [2023BPix] MISSING_CENTRAL: TTZ2E1Mu/Central/jets/3/phi in Skim_TriLep_DYJets.root
2026-01-28 20:02:14,951 - INFO - [2023BPix] MISSING_CENTRAL: TTZ2E1Mu/Central/jets/3/phi in Skim_TriLep_DYJets10to50.root
2026-01-28 20:02:14,963 - INFO - [2023BPix] MISSING_CENTRAL: TTZ2E1Mu/Central/jets/3/phi in Skim_TriLep_TTG_PTG100to200.root
2026-01-28 20:02:15,041 - INFO - [2023BPix] MISSING_CENTRAL: TTZ2E1Mu/Central/jets/3/phi in Skim_TriLep_WWW.root
2026-01-28 20:02:15,075 - INFO - [2023BPix] MISSING_CENTRAL: TTZ2E1Mu/Central/jets/3/phi in Skim_TriLep_VBFHToZZTo4L.root
2026-01-28 20:02:15,076 - INFO - [2023BPix] MISSING_CENTRAL: TTZ2E1Mu/Central/jets/3/phi in Skim_TriLep_ggHToZZTo4L.root
2026-01-29 07:18:53,489 - INFO - [2023BPix] MISSING_CENTRAL: TTZ2E1Mu/Central/jets/3/phi in Skim_TriLep_DYJets.root
2026-01-29 07:18:53,490 - INFO - [2023BPix] MISSING_CENTRAL: TTZ2E1Mu/Central/jets/3/phi in Skim_TriLep_DYJets10to50.root
2026-01-29 07:18:53,501 - INFO - [2023BPix] MISSING_CENTRAL: TTZ2E1Mu/Central/jets/3/phi in Skim_TriLep_TTG_PTG100to200.root
2026-01-29 07:18:53,568 - INFO - [2023BPix] MISSING_CENTRAL: TTZ2E1Mu/Central/jets/3/phi in Skim_TriLep_WWW.root
2026-01-29 07:18:53,596 - INFO - [2023BPix] MISSING_CENTRAL: TTZ2E1Mu/Central/jets/3/phi in Skim_TriLep_VBFHToZZTo4L.root
2026-01-29 07:18:53,597 - INFO - [2023BPix] MISSING_CENTRAL: TTZ2E1Mu/Central/jets/3/phi in Skim_TriLep_ggHToZZTo4L.root
2026-03-06 09:44:27,386 - INFO - [2023BPix] MISSING_CENTRAL: TTZ2E1Mu/Central/jets/3/phi in Skim_TriLep_DYJets.root
2026-03-06 09:44:27,387 - INFO - [2023BPix] MISSING_CENTRAL: TTZ2E1Mu/Central/jets/3/phi in Skim_TriLep_DYJets10to50.root
2026-03-06 09:44:27,387 - INFO - [2023BPix] MISSING_CENTRAL: TTZ2E1Mu/Central/jets/3/phi in Skim_TriLep_TTG_PTG10to100.root
2026-03-06 09:44:27,388 - INFO - [2023BPix] MISSING_CENTRAL: TTZ2E1Mu/Central/jets/3/phi in Skim_TriLep_TTG_PTG100to200.root
2026-03-06 09:44:27,467 - INFO - [2023BPix] MISSING_CENTRAL: TTZ2E1Mu/Central/jets/3/phi in Skim_TriLep_WWW.root
2026-03-06 09:44:27,494 - INFO - [2023BPix] MISSING_CENTRAL: TTZ2E1Mu/Central/jets/3/phi in Skim_TriLep_VBFHToZZTo4L.root
2026-03-06 09:44:27,495 - INFO - [2023BPix] MISSING_CENTRAL: TTZ2E1Mu/Central/jets/3/phi in Skim_TriLep_ggHToZZTo4L.root
2026-03-06 19:50:13,302 - INFO - [2023BPix] MISSING_CENTRAL: TTZ2E1Mu/Central/jets/3/phi in Skim_TriLep_DYJets.root
2026-03-06 19:50:13,303 - INFO - [2023BPix] MISSING_CENTRAL: TTZ2E1Mu/Central/jets/3/phi in Skim_TriLep_DYJets10to50.root
2026-03-06 19:50:13,303 - INFO - [2023BPix] MISSING_CENTRAL: TTZ2E1Mu/Central/jets/3/phi in Skim_TriLep_TTG_PTG10to100.root
2026-03-06 19:50:13,304 - INFO - [2023BPix] MISSING_CENTRAL: TTZ2E1Mu/Central/jets/3/phi in Skim_TriLep_TTG_PTG100to200.root
2026-03-06 19:50:13,372 - INFO - [2023BPix] MISSING_CENTRAL: TTZ2E1Mu/Central/jets/3/phi in Skim_TriLep_WWW.root
2026-03-06 19:50:13,398 - INFO - [2023BPix] MISSING_CENTRAL: TTZ2E1Mu/Central/jets/3/phi in Skim_TriLep_VBFHToZZTo4L.root
2026-03-06 19:50:13,399 - INFO - [2023BPix] MISSING_CENTRAL: TTZ2E1Mu/Central/jets/3/phi in Skim_TriLep_ggHToZZTo4L.root
