2025-12-16 16:23:41,739 - INFO - [2022] MISSING_CENTRAL: DIMU/Central/bjets/2/phi in WJets.root
2025-12-16 16:23:41,775 - INFO - [2022] MISSING_CENTRAL: DIMU/Central/bjets/2/phi in ST_tch_top.root
2025-12-16 16:23:41,776 - INFO - [2022] MISSING_CENTRAL: DIMU/Central/bjets/2/phi in ST_tch_antitop.root
2025-12-16 16:23:41,792 - INFO - [2022] MISSING_CENTRAL: DIMU/L1Prefire_NotImplemented/bjets/2/phi in WJets.root
2025-12-16 16:23:41,796 - INFO - [2022] MISSING_CENTRAL: DIMU/L1Prefire_NotImplemented/bjets/2/phi in ST_tch_top.root
2025-12-16 16:23:41,796 - INFO - [2022] MISSING_CENTRAL: DIMU/L1Prefire_NotImplemented/bjets/2/phi in ST_tch_antitop.root
2025-12-16 16:23:41,951 - INFO - [2022] MISSING_CENTRAL: DIMU/PileupReweight_NotImplemented/bjets/2/phi in WJets.root
2025-12-16 16:23:41,955 - INFO - [2022] MISSING_CENTRAL: DIMU/PileupReweight_NotImplemented/bjets/2/phi in ST_tch_top.root
2025-12-16 16:23:41,956 - INFO - [2022] MISSING_CENTRAL: DIMU/PileupReweight_NotImplemented/bjets/2/phi in ST_tch_antitop.root
2025-12-16 16:23:42,890 - INFO - [2022] MISSING_CENTRAL: DIMU/MuonIDSF_NotImplemented/bjets/2/phi in WJets.root
2025-12-16 16:23:42,894 - INFO - [2022] MISSING_CENTRAL: DIMU/MuonIDSF_NotImplemented/bjets/2/phi in ST_tch_top.root
2025-12-16 16:23:42,895 - INFO - [2022] MISSING_CENTRAL: DIMU/MuonIDSF_NotImplemented/bjets/2/phi in ST_tch_antitop.root
2025-12-16 16:23:42,926 - INFO - [2022] MISSING_CENTRAL: DIMU/DblMuTrigSF_NotImplemented/bjets/2/phi in WJets.root
2025-12-16 16:23:42,930 - INFO - [2022] MISSING_CENTRAL: DIMU/DblMuTrigSF_NotImplemented/bjets/2/phi in ST_tch_top.root
2025-12-16 16:23:42,931 - INFO - [2022] MISSING_CENTRAL: DIMU/DblMuTrigSF_NotImplemented/bjets/2/phi in ST_tch_antitop.root
2026-01-09 12:42:30,883 - INFO - [2022] MISSING_CENTRAL: DIMU/Central/bjets/2/phi in WJets.root
2026-01-09 12:42:30,907 - INFO - [2022] MISSING_CENTRAL: DIMU/Central/bjets/2/phi in ST_tch_top.root
2026-01-09 12:42:30,908 - INFO - [2022] MISSING_CENTRAL: DIMU/Central/bjets/2/phi in ST_tch_antitop.root
2026-01-09 12:42:30,986 - INFO - [2022] MISSING_CENTRAL: DIMU/L1Prefire_NotImplemented/bjets/2/phi in WJets.root
2026-01-09 12:42:30,988 - INFO - [2022] MISSING_CENTRAL: DIMU/L1Prefire_NotImplemented/bjets/2/phi in ST_tch_top.root
2026-01-09 12:42:30,989 - INFO - [2022] MISSING_CENTRAL: DIMU/L1Prefire_NotImplemented/bjets/2/phi in ST_tch_antitop.root
2026-01-09 12:42:30,997 - INFO - [2022] MISSING_CENTRAL: DIMU/PileupReweight_NotImplemented/bjets/2/phi in WJets.root
2026-01-09 12:42:30,999 - INFO - [2022] MISSING_CENTRAL: DIMU/PileupReweight_NotImplemented/bjets/2/phi in ST_tch_top.root
2026-01-09 12:42:31,000 - INFO - [2022] MISSING_CENTRAL: DIMU/PileupReweight_NotImplemented/bjets/2/phi in ST_tch_antitop.root
2026-01-09 12:42:31,025 - INFO - [2022] MISSING_CENTRAL: DIMU/MuonIDSF_NotImplemented/bjets/2/phi in WJets.root
2026-01-09 12:42:31,027 - INFO - [2022] MISSING_CENTRAL: DIMU/MuonIDSF_NotImplemented/bjets/2/phi in ST_tch_top.root
2026-01-09 12:42:31,027 - INFO - [2022] MISSING_CENTRAL: DIMU/MuonIDSF_NotImplemented/bjets/2/phi in ST_tch_antitop.root
2026-01-09 12:42:31,219 - INFO - [2022] MISSING_CENTRAL: DIMU/DblMuTrigSF_NotImplemented/bjets/2/phi in WJets.root
2026-01-09 12:42:31,222 - INFO - [2022] MISSING_CENTRAL: DIMU/DblMuTrigSF_NotImplemented/bjets/2/phi in ST_tch_top.root
2026-01-09 12:42:31,222 - INFO - [2022] MISSING_CENTRAL: DIMU/DblMuTrigSF_NotImplemented/bjets/2/phi in ST_tch_antitop.root
2026-01-21 09:23:19,923 - INFO - [2022] MISSING_CENTRAL: DIMU/Central/bjets/2/phi in WJets.root
2026-01-21 09:23:19,961 - INFO - [2022] MISSING_CENTRAL: DIMU/Central/bjets/2/phi in ST_tch_top.root
2026-01-21 09:23:19,961 - INFO - [2022] MISSING_CENTRAL: DIMU/Central/bjets/2/phi in ST_tch_antitop.root
2026-01-21 09:23:20,370 - INFO - [2022] MISSING_CENTRAL: DIMU/L1Prefire_NotImplemented/bjets/2/phi in WJets.root
2026-01-21 09:23:20,374 - INFO - [2022] MISSING_CENTRAL: DIMU/L1Prefire_NotImplemented/bjets/2/phi in ST_tch_top.root
2026-01-21 09:23:20,378 - INFO - [2022] MISSING_CENTRAL: DIMU/L1Prefire_NotImplemented/bjets/2/phi in ST_tch_antitop.root
2026-01-21 09:23:21,341 - INFO - [2022] MISSING_CENTRAL: DIMU/PileupReweight_NotImplemented/bjets/2/phi in WJets.root
2026-01-21 09:23:21,345 - INFO - [2022] MISSING_CENTRAL: DIMU/PileupReweight_NotImplemented/bjets/2/phi in ST_tch_top.root
2026-01-21 09:23:21,346 - INFO - [2022] MISSING_CENTRAL: DIMU/PileupReweight_NotImplemented/bjets/2/phi in ST_tch_antitop.root
2026-01-21 09:23:21,739 - INFO - [2022] MISSING_CENTRAL: DIMU/DblMuTrigSF_NotImplemented/bjets/2/phi in WJets.root
2026-01-21 09:23:21,743 - INFO - [2022] MISSING_CENTRAL: DIMU/DblMuTrigSF_NotImplemented/bjets/2/phi in ST_tch_top.root
2026-01-21 09:23:21,744 - INFO - [2022] MISSING_CENTRAL: DIMU/DblMuTrigSF_NotImplemented/bjets/2/phi in ST_tch_antitop.root
2026-01-21 09:23:21,750 - INFO - [2022] MISSING_CENTRAL: DIMU/MuonIDSF_NotImplemented/bjets/2/phi in WJets.root
2026-01-21 09:23:21,754 - INFO - [2022] MISSING_CENTRAL: DIMU/MuonIDSF_NotImplemented/bjets/2/phi in ST_tch_top.root
2026-01-21 09:23:21,755 - INFO - [2022] MISSING_CENTRAL: DIMU/MuonIDSF_NotImplemented/bjets/2/phi in ST_tch_antitop.root
