2025-12-16 16:23:36,726 - INFO - [2022] MISSING_CENTRAL: DIMU/Central/jets/5/phi in WJets.root
2025-12-16 16:23:36,743 - INFO - [2022] MISSING_CENTRAL: DIMU/Central/jets/5/phi in DYJets10to50.root
2025-12-16 16:23:36,752 - INFO - [2022] MISSING_CENTRAL: DIMU/Central/jets/5/phi in ST_sch_top_Lep.root
2025-12-16 16:23:36,752 - INFO - [2022] MISSING_CENTRAL: DIMU/Central/jets/5/phi in ST_sch_antitop_Lep.root
2025-12-16 16:23:36,753 - INFO - [2022] MISSING_CENTRAL: DIMU/Central/jets/5/phi in ST_tch_top.root
2025-12-16 16:23:36,753 - INFO - [2022] MISSING_CENTRAL: DIMU/Central/jets/5/phi in ST_tch_antitop.root
2025-12-16 16:23:36,765 - INFO - [2022] MISSING_CENTRAL: DIMU/Central/jets/5/phi in ST_tW_antitop_Semilep.root
2025-12-16 16:23:36,766 - INFO - [2022] MISSING_CENTRAL: DIMU/Central/jets/5/phi in WW_pythia.root
2025-12-16 16:23:36,770 - INFO - [2022] MISSING_CENTRAL: DIMU/Central/jets/5/phi in ZZ_pythia.root
2025-12-16 16:23:36,878 - INFO - [2022] MISSING_CENTRAL: DIMU/L1Prefire_NotImplemented/jets/5/phi in WJets.root
2025-12-16 16:23:36,879 - INFO - [2022] MISSING_CENTRAL: DIMU/L1Prefire_NotImplemented/jets/5/phi in DYJets10to50.root
2025-12-16 16:23:36,881 - INFO - [2022] MISSING_CENTRAL: DIMU/L1Prefire_NotImplemented/jets/5/phi in ST_sch_top_Lep.root
2025-12-16 16:23:36,882 - INFO - [2022] MISSING_CENTRAL: DIMU/L1Prefire_NotImplemented/jets/5/phi in ST_sch_antitop_Lep.root
2025-12-16 16:23:36,882 - INFO - [2022] MISSING_CENTRAL: DIMU/L1Prefire_NotImplemented/jets/5/phi in ST_tch_top.root
2025-12-16 16:23:36,883 - INFO - [2022] MISSING_CENTRAL: DIMU/L1Prefire_NotImplemented/jets/5/phi in ST_tch_antitop.root
2025-12-16 16:23:36,885 - INFO - [2022] MISSING_CENTRAL: DIMU/L1Prefire_NotImplemented/jets/5/phi in ST_tW_antitop_Semilep.root
2025-12-16 16:23:36,886 - INFO - [2022] MISSING_CENTRAL: DIMU/L1Prefire_NotImplemented/jets/5/phi in WW_pythia.root
2025-12-16 16:23:36,887 - INFO - [2022] MISSING_CENTRAL: DIMU/L1Prefire_NotImplemented/jets/5/phi in ZZ_pythia.root
2025-12-16 16:23:36,893 - INFO - [2022] MISSING_CENTRAL: DIMU/PileupReweight_NotImplemented/jets/5/phi in WJets.root
2025-12-16 16:23:36,894 - INFO - [2022] MISSING_CENTRAL: DIMU/PileupReweight_NotImplemented/jets/5/phi in DYJets10to50.root
2025-12-16 16:23:36,896 - INFO - [2022] MISSING_CENTRAL: DIMU/PileupReweight_NotImplemented/jets/5/phi in ST_sch_top_Lep.root
2025-12-16 16:23:36,897 - INFO - [2022] MISSING_CENTRAL: DIMU/PileupReweight_NotImplemented/jets/5/phi in ST_sch_antitop_Lep.root
2025-12-16 16:23:36,897 - INFO - [2022] MISSING_CENTRAL: DIMU/PileupReweight_NotImplemented/jets/5/phi in ST_tch_top.root
2025-12-16 16:23:36,898 - INFO - [2022] MISSING_CENTRAL: DIMU/PileupReweight_NotImplemented/jets/5/phi in ST_tch_antitop.root
2025-12-16 16:23:36,900 - INFO - [2022] MISSING_CENTRAL: DIMU/PileupReweight_NotImplemented/jets/5/phi in ST_tW_antitop_Semilep.root
2025-12-16 16:23:36,901 - INFO - [2022] MISSING_CENTRAL: DIMU/PileupReweight_NotImplemented/jets/5/phi in WW_pythia.root
2025-12-16 16:23:36,902 - INFO - [2022] MISSING_CENTRAL: DIMU/PileupReweight_NotImplemented/jets/5/phi in ZZ_pythia.root
2025-12-16 16:23:36,933 - INFO - [2022] MISSING_CENTRAL: DIMU/MuonIDSF_NotImplemented/jets/5/phi in WJets.root
2025-12-16 16:23:36,935 - INFO - [2022] MISSING_CENTRAL: DIMU/MuonIDSF_NotImplemented/jets/5/phi in DYJets10to50.root
2025-12-16 16:23:36,936 - INFO - [2022] MISSING_CENTRAL: DIMU/MuonIDSF_NotImplemented/jets/5/phi in ST_sch_top_Lep.root
2025-12-16 16:23:36,937 - INFO - [2022] MISSING_CENTRAL: DIMU/MuonIDSF_NotImplemented/jets/5/phi in ST_sch_antitop_Lep.root
2025-12-16 16:23:36,938 - INFO - [2022] MISSING_CENTRAL: DIMU/MuonIDSF_NotImplemented/jets/5/phi in ST_tch_top.root
2025-12-16 16:23:36,938 - INFO - [2022] MISSING_CENTRAL: DIMU/MuonIDSF_NotImplemented/jets/5/phi in ST_tch_antitop.root
2025-12-16 16:23:36,940 - INFO - [2022] MISSING_CENTRAL: DIMU/MuonIDSF_NotImplemented/jets/5/phi in ST_tW_antitop_Semilep.root
2025-12-16 16:23:36,941 - INFO - [2022] MISSING_CENTRAL: DIMU/MuonIDSF_NotImplemented/jets/5/phi in WW_pythia.root
2025-12-16 16:23:36,942 - INFO - [2022] MISSING_CENTRAL: DIMU/MuonIDSF_NotImplemented/jets/5/phi in ZZ_pythia.root
2025-12-16 16:23:36,984 - INFO - [2022] MISSING_CENTRAL: DIMU/DblMuTrigSF_NotImplemented/jets/5/phi in WJets.root
2025-12-16 16:23:36,986 - INFO - [2022] MISSING_CENTRAL: DIMU/DblMuTrigSF_NotImplemented/jets/5/phi in DYJets10to50.root
2025-12-16 16:23:36,987 - INFO - [2022] MISSING_CENTRAL: DIMU/DblMuTrigSF_NotImplemented/jets/5/phi in ST_sch_top_Lep.root
2025-12-16 16:23:36,988 - INFO - [2022] MISSING_CENTRAL: DIMU/DblMuTrigSF_NotImplemented/jets/5/phi in ST_sch_antitop_Lep.root
2025-12-16 16:23:36,989 - INFO - [2022] MISSING_CENTRAL: DIMU/DblMuTrigSF_NotImplemented/jets/5/phi in ST_tch_top.root
2025-12-16 16:23:36,989 - INFO - [2022] MISSING_CENTRAL: DIMU/DblMuTrigSF_NotImplemented/jets/5/phi in ST_tch_antitop.root
2025-12-16 16:23:36,991 - INFO - [2022] MISSING_CENTRAL: DIMU/DblMuTrigSF_NotImplemented/jets/5/phi in ST_tW_antitop_Semilep.root
2025-12-16 16:23:36,992 - INFO - [2022] MISSING_CENTRAL: DIMU/DblMuTrigSF_NotImplemented/jets/5/phi in WW_pythia.root
2025-12-16 16:23:36,993 - INFO - [2022] MISSING_CENTRAL: DIMU/DblMuTrigSF_NotImplemented/jets/5/phi in ZZ_pythia.root
2026-01-09 12:42:27,506 - INFO - [2022] MISSING_CENTRAL: DIMU/Central/jets/5/phi in WJets.root
2026-01-09 12:42:27,518 - INFO - [2022] MISSING_CENTRAL: DIMU/Central/jets/5/phi in DYJets10to50.root
2026-01-09 12:42:27,523 - INFO - [2022] MISSING_CENTRAL: DIMU/L1Prefire_NotImplemented/jets/5/phi in WJets.root
2026-01-09 12:42:27,524 - INFO - [2022] MISSING_CENTRAL: DIMU/Central/jets/5/phi in ST_sch_top_Lep.root
2026-01-09 12:42:27,524 - INFO - [2022] MISSING_CENTRAL: DIMU/L1Prefire_NotImplemented/jets/5/phi in DYJets10to50.root
2026-01-09 12:42:27,524 - INFO - [2022] MISSING_CENTRAL: DIMU/Central/jets/5/phi in ST_sch_antitop_Lep.root
2026-01-09 12:42:27,524 - INFO - [2022] MISSING_CENTRAL: DIMU/Central/jets/5/phi in ST_tch_top.root
2026-01-09 12:42:27,525 - INFO - [2022] MISSING_CENTRAL: DIMU/Central/jets/5/phi in ST_tch_antitop.root
2026-01-09 12:42:27,525 - INFO - [2022] MISSING_CENTRAL: DIMU/L1Prefire_NotImplemented/jets/5/phi in ST_sch_top_Lep.root
2026-01-09 12:42:27,525 - INFO - [2022] MISSING_CENTRAL: DIMU/L1Prefire_NotImplemented/jets/5/phi in ST_sch_antitop_Lep.root
2026-01-09 12:42:27,526 - INFO - [2022] MISSING_CENTRAL: DIMU/L1Prefire_NotImplemented/jets/5/phi in ST_tch_top.root
2026-01-09 12:42:27,526 - INFO - [2022] MISSING_CENTRAL: DIMU/L1Prefire_NotImplemented/jets/5/phi in ST_tch_antitop.root
2026-01-09 12:42:27,527 - INFO - [2022] MISSING_CENTRAL: DIMU/L1Prefire_NotImplemented/jets/5/phi in ST_tW_antitop_Semilep.root
2026-01-09 12:42:27,528 - INFO - [2022] MISSING_CENTRAL: DIMU/L1Prefire_NotImplemented/jets/5/phi in WW_pythia.root
2026-01-09 12:42:27,528 - INFO - [2022] MISSING_CENTRAL: DIMU/L1Prefire_NotImplemented/jets/5/phi in ZZ_pythia.root
2026-01-09 12:42:27,533 - INFO - [2022] MISSING_CENTRAL: DIMU/Central/jets/5/phi in ST_tW_antitop_Semilep.root
2026-01-09 12:42:27,533 - INFO - [2022] MISSING_CENTRAL: DIMU/Central/jets/5/phi in WW_pythia.root
2026-01-09 12:42:27,536 - INFO - [2022] MISSING_CENTRAL: DIMU/Central/jets/5/phi in ZZ_pythia.root
2026-01-09 12:42:27,540 - INFO - [2022] MISSING_CENTRAL: DIMU/MuonIDSF_NotImplemented/jets/5/phi in WJets.root
2026-01-09 12:42:27,541 - INFO - [2022] MISSING_CENTRAL: DIMU/PileupReweight_NotImplemented/jets/5/phi in WJets.root
2026-01-09 12:42:27,541 - INFO - [2022] MISSING_CENTRAL: DIMU/MuonIDSF_NotImplemented/jets/5/phi in DYJets10to50.root
2026-01-09 12:42:27,542 - INFO - [2022] MISSING_CENTRAL: DIMU/PileupReweight_NotImplemented/jets/5/phi in DYJets10to50.root
2026-01-09 12:42:27,542 - INFO - [2022] MISSING_CENTRAL: DIMU/MuonIDSF_NotImplemented/jets/5/phi in ST_sch_top_Lep.root
2026-01-09 12:42:27,543 - INFO - [2022] MISSING_CENTRAL: DIMU/MuonIDSF_NotImplemented/jets/5/phi in ST_sch_antitop_Lep.root
2026-01-09 12:42:27,543 - INFO - [2022] MISSING_CENTRAL: DIMU/MuonIDSF_NotImplemented/jets/5/phi in ST_tch_top.root
2026-01-09 12:42:27,543 - INFO - [2022] MISSING_CENTRAL: DIMU/PileupReweight_NotImplemented/jets/5/phi in ST_sch_top_Lep.root
2026-01-09 12:42:27,543 - INFO - [2022] MISSING_CENTRAL: DIMU/MuonIDSF_NotImplemented/jets/5/phi in ST_tch_antitop.root
2026-01-09 12:42:27,543 - INFO - [2022] MISSING_CENTRAL: DIMU/PileupReweight_NotImplemented/jets/5/phi in ST_sch_antitop_Lep.root
2026-01-09 12:42:27,544 - INFO - [2022] MISSING_CENTRAL: DIMU/PileupReweight_NotImplemented/jets/5/phi in ST_tch_top.root
2026-01-09 12:42:27,544 - INFO - [2022] MISSING_CENTRAL: DIMU/PileupReweight_NotImplemented/jets/5/phi in ST_tch_antitop.root
2026-01-09 12:42:27,544 - INFO - [2022] MISSING_CENTRAL: DIMU/MuonIDSF_NotImplemented/jets/5/phi in ST_tW_antitop_Semilep.root
2026-01-09 12:42:27,545 - INFO - [2022] MISSING_CENTRAL: DIMU/MuonIDSF_NotImplemented/jets/5/phi in WW_pythia.root
2026-01-09 12:42:27,545 - INFO - [2022] MISSING_CENTRAL: DIMU/PileupReweight_NotImplemented/jets/5/phi in ST_tW_antitop_Semilep.root
2026-01-09 12:42:27,545 - INFO - [2022] MISSING_CENTRAL: DIMU/PileupReweight_NotImplemented/jets/5/phi in WW_pythia.root
2026-01-09 12:42:27,545 - INFO - [2022] MISSING_CENTRAL: DIMU/MuonIDSF_NotImplemented/jets/5/phi in ZZ_pythia.root
2026-01-09 12:42:27,546 - INFO - [2022] MISSING_CENTRAL: DIMU/PileupReweight_NotImplemented/jets/5/phi in ZZ_pythia.root
2026-01-09 12:42:27,558 - INFO - [2022] MISSING_CENTRAL: DIMU/DblMuTrigSF_NotImplemented/jets/5/phi in WJets.root
2026-01-09 12:42:27,558 - INFO - [2022] MISSING_CENTRAL: DIMU/DblMuTrigSF_NotImplemented/jets/5/phi in DYJets10to50.root
2026-01-09 12:42:27,560 - INFO - [2022] MISSING_CENTRAL: DIMU/DblMuTrigSF_NotImplemented/jets/5/phi in ST_sch_top_Lep.root
2026-01-09 12:42:27,560 - INFO - [2022] MISSING_CENTRAL: DIMU/DblMuTrigSF_NotImplemented/jets/5/phi in ST_sch_antitop_Lep.root
2026-01-09 12:42:27,560 - INFO - [2022] MISSING_CENTRAL: DIMU/DblMuTrigSF_NotImplemented/jets/5/phi in ST_tch_top.root
2026-01-09 12:42:27,561 - INFO - [2022] MISSING_CENTRAL: DIMU/DblMuTrigSF_NotImplemented/jets/5/phi in ST_tch_antitop.root
2026-01-09 12:42:27,562 - INFO - [2022] MISSING_CENTRAL: DIMU/DblMuTrigSF_NotImplemented/jets/5/phi in ST_tW_antitop_Semilep.root
2026-01-09 12:42:27,562 - INFO - [2022] MISSING_CENTRAL: DIMU/DblMuTrigSF_NotImplemented/jets/5/phi in WW_pythia.root
2026-01-09 12:42:27,563 - INFO - [2022] MISSING_CENTRAL: DIMU/DblMuTrigSF_NotImplemented/jets/5/phi in ZZ_pythia.root
