2025-11-07 13:05:58,296 - INFO - [2017] MISSING_CENTRAL: ZFake1E2Mu/Central/MHc160_MA98/score_nonprompt in Skim_TriLep_DYJets.root
2025-11-07 13:05:58,296 - INFO - [2017] MISSING_CENTRAL: ZFake1E2Mu/Central/MHc160_MA98/score_nonprompt in Skim_TriLep_DYJets10to50.root
2025-11-07 13:29:24,969 - INFO - [2017] MISSING_CENTRAL: ZFake1E2Mu/Central/MHc160_MA98/score_nonprompt in Skim_TriLep_DYJets.root
2025-11-07 13:29:24,969 - INFO - [2017] MISSING_CENTRAL: ZFake1E2Mu/Central/MHc160_MA98/score_nonprompt in Skim_TriLep_DYJets10to50.root
2025-11-07 14:02:10,412 - INFO - [2017] MISSING_CENTRAL: ZFake1E2Mu/Central/MHc160_MA98/score_nonprompt in Skim_TriLep_DYJets.root
2025-11-07 14:02:10,413 - INFO - [2017] MISSING_CENTRAL: ZFake1E2Mu/Central/MHc160_MA98/score_nonprompt in Skim_TriLep_DYJets10to50.root
2025-11-10 05:52:30,622 - INFO - [2017] MISSING_CENTRAL: ZFake1E2Mu/Central/MHc160_MA98/score_nonprompt in Skim_TriLep_DYJets.root
2025-11-10 05:52:30,622 - INFO - [2017] MISSING_CENTRAL: ZFake1E2Mu/Central/MHc160_MA98/score_nonprompt in Skim_TriLep_DYJets10to50.root
2025-11-10 12:17:11,754 - INFO - [2017] MISSING_CENTRAL: ZFake1E2Mu/Central/MHc160_MA98/score_nonprompt in Skim_TriLep_DYJets.root
2025-11-10 12:17:11,754 - INFO - [2017] MISSING_CENTRAL: ZFake1E2Mu/Central/MHc160_MA98/score_nonprompt in Skim_TriLep_DYJets10to50.root
2025-11-13 11:06:05,749 - INFO - [2017] MISSING_CENTRAL: ZFake1E2Mu/Central/MHc160_MA98/score_nonprompt in Skim_TriLep_DYJets.root
2025-11-13 11:06:05,749 - INFO - [2017] MISSING_CENTRAL: ZFake1E2Mu/Central/MHc160_MA98/score_nonprompt in Skim_TriLep_DYJets10to50.root
2025-11-19 16:08:44,161 - INFO - [2017] MISSING_CENTRAL: ZFake1E2Mu/Central/MHc160_MA98/score_nonprompt in Skim_TriLep_DYJets.root
2025-11-19 16:08:44,161 - INFO - [2017] MISSING_CENTRAL: ZFake1E2Mu/Central/MHc160_MA98/score_nonprompt in Skim_TriLep_DYJets10to50.root
2025-11-19 16:19:31,608 - INFO - [2017] MISSING_CENTRAL: ZFake1E2Mu/Central/MHc160_MA98/score_nonprompt in Skim_TriLep_DYJets.root
2025-11-19 16:19:31,609 - INFO - [2017] MISSING_CENTRAL: ZFake1E2Mu/Central/MHc160_MA98/score_nonprompt in Skim_TriLep_DYJets10to50.root
2025-12-17 22:33:23,548 - INFO - [2017] MISSING_CENTRAL: ZFake1E2Mu/Central/MHc160_MA98/score_nonprompt in Skim_TriLep_DYJets10to50.root
2025-12-18 14:16:54,699 - INFO - [2017] MISSING_CENTRAL: ZFake1E2Mu/Central/MHc160_MA98/score_nonprompt in Skim_TriLep_DYJets10to50.root
2025-12-18 14:32:22,450 - INFO - [2017] MISSING_CENTRAL: ZFake1E2Mu/Central/MHc160_MA98/score_nonprompt in Skim_TriLep_DYJets10to50.root
2026-01-07 11:42:31,102 - INFO - [2017] MISSING_CENTRAL: ZFake1E2Mu/Central/MHc160_MA98/score_nonprompt in Skim_TriLep_DYJets10to50.root
2026-01-07 18:39:35,641 - INFO - [2017] MISSING_CENTRAL: ZFake1E2Mu/Central/MHc160_MA98/score_nonprompt in Skim_TriLep_DYJets10to50.root
2026-01-09 12:13:05,261 - INFO - [2017] MISSING_CENTRAL: ZFake1E2Mu/Central/MHc160_MA98/score_nonprompt in Skim_TriLep_DYJets10to50.root
2026-01-11 09:33:09,521 - INFO - [2017] MISSING_CENTRAL: ZFake1E2Mu/Central/MHc160_MA98/score_nonprompt in Skim_TriLep_DYJets10to50.root
2026-01-12 13:41:44,467 - INFO - [2017] MISSING_FILE: /home/choij/Sync/workspace/ChargedHiggsAnalysisV3/SKNanoOutput/MatrixSelector/Run1E2Mu/2017/Skim_TriLep_MuonEG_B.root
2026-01-12 13:41:44,467 - INFO - [2017] MISSING_FILE: /home/choij/Sync/workspace/ChargedHiggsAnalysisV3/SKNanoOutput/MatrixSelector/Run1E2Mu/2017/Skim_TriLep_MuonEG_C.root
2026-01-12 13:41:44,467 - INFO - [2017] MISSING_FILE: /home/choij/Sync/workspace/ChargedHiggsAnalysisV3/SKNanoOutput/MatrixSelector/Run1E2Mu/2017/Skim_TriLep_MuonEG_D.root
2026-01-12 13:41:44,468 - INFO - [2017] MISSING_FILE: /home/choij/Sync/workspace/ChargedHiggsAnalysisV3/SKNanoOutput/MatrixSelector/Run1E2Mu/2017/Skim_TriLep_MuonEG_E.root
2026-01-12 13:41:44,468 - INFO - [2017] MISSING_FILE: /home/choij/Sync/workspace/ChargedHiggsAnalysisV3/SKNanoOutput/MatrixSelector/Run1E2Mu/2017/Skim_TriLep_MuonEG_F.root
2026-01-12 13:41:44,491 - INFO - [2017] MISSING_CENTRAL: ZFake1E2Mu/Central/MHc160_MA98/score_nonprompt in Skim_TriLep_DYJets10to50.root
