2025-11-07 13:05:56,485 - INFO - [2017] MISSING_CENTRAL: ZFake1E2Mu/Central/MHc145_MA92/score_nonprompt in Skim_TriLep_DYJets.root
2025-11-07 13:05:56,486 - INFO - [2017] MISSING_CENTRAL: ZFake1E2Mu/Central/MHc145_MA92/score_nonprompt in Skim_TriLep_DYJets10to50.root
2025-11-07 13:29:23,312 - INFO - [2017] MISSING_CENTRAL: ZFake1E2Mu/Central/MHc145_MA92/score_nonprompt in Skim_TriLep_DYJets.root
2025-11-07 13:29:23,313 - INFO - [2017] MISSING_CENTRAL: ZFake1E2Mu/Central/MHc145_MA92/score_nonprompt in Skim_TriLep_DYJets10to50.root
2025-11-07 14:02:08,647 - INFO - [2017] MISSING_CENTRAL: ZFake1E2Mu/Central/MHc145_MA92/score_nonprompt in Skim_TriLep_DYJets.root
2025-11-07 14:02:08,648 - INFO - [2017] MISSING_CENTRAL: ZFake1E2Mu/Central/MHc145_MA92/score_nonprompt in Skim_TriLep_DYJets10to50.root
2025-11-10 05:52:28,963 - INFO - [2017] MISSING_CENTRAL: ZFake1E2Mu/Central/MHc145_MA92/score_nonprompt in Skim_TriLep_DYJets.root
2025-11-10 05:52:28,964 - INFO - [2017] MISSING_CENTRAL: ZFake1E2Mu/Central/MHc145_MA92/score_nonprompt in Skim_TriLep_DYJets10to50.root
2025-11-10 12:17:09,920 - INFO - [2017] MISSING_CENTRAL: ZFake1E2Mu/Central/MHc145_MA92/score_nonprompt in Skim_TriLep_DYJets.root
2025-11-10 12:17:09,920 - INFO - [2017] MISSING_CENTRAL: ZFake1E2Mu/Central/MHc145_MA92/score_nonprompt in Skim_TriLep_DYJets10to50.root
2025-11-13 11:06:05,450 - INFO - [2017] MISSING_CENTRAL: ZFake1E2Mu/Central/MHc145_MA92/score_nonprompt in Skim_TriLep_DYJets.root
2025-11-13 11:06:05,451 - INFO - [2017] MISSING_CENTRAL: ZFake1E2Mu/Central/MHc145_MA92/score_nonprompt in Skim_TriLep_DYJets10to50.root
2025-11-19 16:08:42,645 - INFO - [2017] MISSING_CENTRAL: ZFake1E2Mu/Central/MHc145_MA92/score_nonprompt in Skim_TriLep_DYJets.root
2025-11-19 16:08:42,646 - INFO - [2017] MISSING_CENTRAL: ZFake1E2Mu/Central/MHc145_MA92/score_nonprompt in Skim_TriLep_DYJets10to50.root
2025-11-19 16:19:30,282 - INFO - [2017] MISSING_CENTRAL: ZFake1E2Mu/Central/MHc145_MA92/score_nonprompt in Skim_TriLep_DYJets.root
2025-11-19 16:19:30,282 - INFO - [2017] MISSING_CENTRAL: ZFake1E2Mu/Central/MHc145_MA92/score_nonprompt in Skim_TriLep_DYJets10to50.root
2025-12-17 22:33:23,320 - INFO - [2017] MISSING_CENTRAL: ZFake1E2Mu/Central/MHc145_MA92/score_nonprompt in Skim_TriLep_DYJets10to50.root
2025-12-18 14:16:54,201 - INFO - [2017] MISSING_CENTRAL: ZFake1E2Mu/Central/MHc145_MA92/score_nonprompt in Skim_TriLep_DYJets10to50.root
2025-12-18 14:32:21,704 - INFO - [2017] MISSING_CENTRAL: ZFake1E2Mu/Central/MHc145_MA92/score_nonprompt in Skim_TriLep_DYJets10to50.root
2026-01-07 11:42:31,116 - INFO - [2017] MISSING_CENTRAL: ZFake1E2Mu/Central/MHc145_MA92/score_nonprompt in Skim_TriLep_DYJets10to50.root
2026-01-07 18:39:34,699 - INFO - [2017] MISSING_CENTRAL: ZFake1E2Mu/Central/MHc145_MA92/score_nonprompt in Skim_TriLep_DYJets10to50.root
2026-01-09 12:13:04,723 - INFO - [2017] MISSING_CENTRAL: ZFake1E2Mu/Central/MHc145_MA92/score_nonprompt in Skim_TriLep_DYJets10to50.root
2026-01-11 09:33:08,776 - INFO - [2017] MISSING_CENTRAL: ZFake1E2Mu/Central/MHc145_MA92/score_nonprompt in Skim_TriLep_DYJets10to50.root
2026-01-12 13:41:43,889 - INFO - [2017] MISSING_FILE: /home/choij/Sync/workspace/ChargedHiggsAnalysisV3/SKNanoOutput/MatrixSelector/Run1E2Mu/2017/Skim_TriLep_MuonEG_B.root
2026-01-12 13:41:43,890 - INFO - [2017] MISSING_FILE: /home/choij/Sync/workspace/ChargedHiggsAnalysisV3/SKNanoOutput/MatrixSelector/Run1E2Mu/2017/Skim_TriLep_MuonEG_C.root
2026-01-12 13:41:43,890 - INFO - [2017] MISSING_FILE: /home/choij/Sync/workspace/ChargedHiggsAnalysisV3/SKNanoOutput/MatrixSelector/Run1E2Mu/2017/Skim_TriLep_MuonEG_D.root
2026-01-12 13:41:43,890 - INFO - [2017] MISSING_FILE: /home/choij/Sync/workspace/ChargedHiggsAnalysisV3/SKNanoOutput/MatrixSelector/Run1E2Mu/2017/Skim_TriLep_MuonEG_E.root
2026-01-12 13:41:43,890 - INFO - [2017] MISSING_FILE: /home/choij/Sync/workspace/ChargedHiggsAnalysisV3/SKNanoOutput/MatrixSelector/Run1E2Mu/2017/Skim_TriLep_MuonEG_F.root
2026-01-12 13:41:43,915 - INFO - [2017] MISSING_CENTRAL: ZFake1E2Mu/Central/MHc145_MA92/score_nonprompt in Skim_TriLep_DYJets10to50.root
