2025-09-24 16:02:09,554 - INFO - [2023] MISSING_CENTRAL: WZ1E2Mu/Central/jets/size in Skim_TriLep_DYJets.root
2025-09-24 16:02:09,554 - INFO - [2023] MISSING_CENTRAL: WZ1E2Mu/Central/jets/size in Skim_TriLep_DYJets10to50.root
2025-09-24 16:02:09,554 - INFO - [2023] MISSING_CENTRAL: WZ1E2Mu/Central/jets/size in Skim_TriLep_DYGTo2LG_MLL4to50_PTG10to100.root
2025-09-24 16:02:09,554 - INFO - [2023] MISSING_CENTRAL: WZ1E2Mu/Central/jets/size in Skim_TriLep_DYGTo2LG_MLL4to50_PTG100to200.root
2025-09-24 16:02:09,555 - INFO - [2023] MISSING_CENTRAL: WZ1E2Mu/Central/jets/size in Skim_TriLep_DYGTo2LG_MLL4to50_PTG200toInf.root
2025-09-24 16:02:19,874 - INFO - [2023] MISSING_CENTRAL: WZ1E2Mu/Central/jets/size in Skim_TriLep_DYJets.root
2025-09-24 16:02:19,874 - INFO - [2023] MISSING_CENTRAL: WZ1E2Mu/Central/jets/size in Skim_TriLep_DYJets10to50.root
2025-09-24 16:02:19,874 - INFO - [2023] MISSING_CENTRAL: WZ1E2Mu/Central/jets/size in Skim_TriLep_DYGTo2LG_MLL4to50_PTG10to100.root
2025-09-24 16:02:19,875 - INFO - [2023] MISSING_CENTRAL: WZ1E2Mu/Central/jets/size in Skim_TriLep_DYGTo2LG_MLL4to50_PTG100to200.root
2025-09-24 16:02:19,875 - INFO - [2023] MISSING_CENTRAL: WZ1E2Mu/Central/jets/size in Skim_TriLep_DYGTo2LG_MLL4to50_PTG200toInf.root
2025-09-24 16:02:19,882 - INFO - [2023] MISSING_FILE: /Users/choij/Sync/workspace/ChargedHiggsAnalysisV3/SKNanoOutput/CRPromptSelector/Run1E2Mu_RunNoWZSF_RunSyst/2023/Skim_TriLep_ZZTo4L_powheg.root
2025-09-24 16:02:19,885 - INFO - [2023] MISSING_FILE: /Users/choij/Sync/workspace/ChargedHiggsAnalysisV3/SKNanoOutput/CRPromptSelector/Run1E2Mu_RunNoWZSF_RunSyst/2023/Skim_TriLep_VBFHToZZTo4L.root
2025-09-24 16:02:19,885 - INFO - [2023] MISSING_FILE: /Users/choij/Sync/workspace/ChargedHiggsAnalysisV3/SKNanoOutput/CRPromptSelector/Run1E2Mu_RunNoWZSF_RunSyst/2023/Skim_TriLep_ggHToZZTo4L.root
2025-10-02 21:20:41,549 - INFO - [2023] MISSING_CENTRAL: WZ1E2Mu/Central/jets/size in Skim_TriLep_DYJets.root
2025-10-02 21:20:41,550 - INFO - [2023] MISSING_CENTRAL: WZ1E2Mu/Central/jets/size in Skim_TriLep_DYJets10to50.root
2025-10-02 21:20:41,551 - INFO - [2023] MISSING_CENTRAL: WZ1E2Mu/Central/jets/size in Skim_TriLep_DYGTo2LG_MLL4to50_PTG10to100.root
2025-10-02 21:20:41,552 - INFO - [2023] MISSING_CENTRAL: WZ1E2Mu/Central/jets/size in Skim_TriLep_DYGTo2LG_MLL4to50_PTG100to200.root
2025-10-02 21:20:41,553 - INFO - [2023] MISSING_CENTRAL: WZ1E2Mu/Central/jets/size in Skim_TriLep_DYGTo2LG_MLL4to50_PTG200toInf.root
2025-10-02 21:20:48,570 - INFO - [2023] MISSING_CENTRAL: WZ1E2Mu/Central/jets/size in Skim_TriLep_DYJets.root
2025-10-02 21:20:48,571 - INFO - [2023] MISSING_CENTRAL: WZ1E2Mu/Central/jets/size in Skim_TriLep_DYJets10to50.root
2025-10-02 21:20:48,572 - INFO - [2023] MISSING_CENTRAL: WZ1E2Mu/Central/jets/size in Skim_TriLep_DYGTo2LG_MLL4to50_PTG10to100.root
2025-10-02 21:20:48,573 - INFO - [2023] MISSING_CENTRAL: WZ1E2Mu/Central/jets/size in Skim_TriLep_DYGTo2LG_MLL4to50_PTG100to200.root
2025-10-02 21:20:48,574 - INFO - [2023] MISSING_CENTRAL: WZ1E2Mu/Central/jets/size in Skim_TriLep_DYGTo2LG_MLL4to50_PTG200toInf.root
2025-10-02 21:20:48,590 - INFO - [2023] MISSING_FILE: /data9/Users/choij/Sync/workspace/ChargedHiggsAnalysisV3/SKNanoOutput/CRPromptSelector/Run1E2Mu_RunNoWZSF_RunSyst/2023/Skim_TriLep_ZZTo4L_powheg.root
2025-10-02 21:20:48,597 - INFO - [2023] MISSING_FILE: /data9/Users/choij/Sync/workspace/ChargedHiggsAnalysisV3/SKNanoOutput/CRPromptSelector/Run1E2Mu_RunNoWZSF_RunSyst/2023/Skim_TriLep_VBFHToZZTo4L.root
2025-10-02 21:20:48,598 - INFO - [2023] MISSING_FILE: /data9/Users/choij/Sync/workspace/ChargedHiggsAnalysisV3/SKNanoOutput/CRPromptSelector/Run1E2Mu_RunNoWZSF_RunSyst/2023/Skim_TriLep_ggHToZZTo4L.root
2025-10-03 00:31:23,644 - INFO - [2023] MISSING_CENTRAL: WZ1E2Mu/Central/jets/size in Skim_TriLep_DYJets.root
2025-10-03 00:31:23,646 - INFO - [2023] MISSING_CENTRAL: WZ1E2Mu/Central/jets/size in Skim_TriLep_DYJets10to50.root
2025-10-03 00:31:23,647 - INFO - [2023] MISSING_CENTRAL: WZ1E2Mu/Central/jets/size in Skim_TriLep_DYGTo2LG_MLL4to50_PTG10to100.root
2025-10-03 00:31:23,647 - INFO - [2023] MISSING_CENTRAL: WZ1E2Mu/Central/jets/size in Skim_TriLep_DYGTo2LG_MLL4to50_PTG100to200.root
2025-10-03 00:31:23,648 - INFO - [2023] MISSING_CENTRAL: WZ1E2Mu/Central/jets/size in Skim_TriLep_DYGTo2LG_MLL4to50_PTG200toInf.root
2025-10-03 00:31:42,756 - INFO - [2023] MISSING_CENTRAL: WZ1E2Mu/Central/jets/size in Skim_TriLep_DYJets.root
2025-10-03 00:31:42,757 - INFO - [2023] MISSING_CENTRAL: WZ1E2Mu/Central/jets/size in Skim_TriLep_DYJets10to50.root
2025-10-03 00:31:42,757 - INFO - [2023] MISSING_CENTRAL: WZ1E2Mu/Central/jets/size in Skim_TriLep_DYGTo2LG_MLL4to50_PTG10to100.root
2025-10-03 00:31:42,758 - INFO - [2023] MISSING_CENTRAL: WZ1E2Mu/Central/jets/size in Skim_TriLep_DYGTo2LG_MLL4to50_PTG100to200.root
2025-10-03 00:31:42,759 - INFO - [2023] MISSING_CENTRAL: WZ1E2Mu/Central/jets/size in Skim_TriLep_DYGTo2LG_MLL4to50_PTG200toInf.root
2025-10-03 00:31:42,768 - INFO - [2023] MISSING_FILE: /Users/choij/Sync/workspace/ChargedHiggsAnalysisV3/SKNanoOutput/CRPromptSelector/Run1E2Mu_RunNoWZSF_RunSyst/2023/Skim_TriLep_ZZTo4L_powheg.root
2025-10-03 00:31:42,773 - INFO - [2023] MISSING_FILE: /Users/choij/Sync/workspace/ChargedHiggsAnalysisV3/SKNanoOutput/CRPromptSelector/Run1E2Mu_RunNoWZSF_RunSyst/2023/Skim_TriLep_VBFHToZZTo4L.root
2025-10-03 00:31:42,773 - INFO - [2023] MISSING_FILE: /Users/choij/Sync/workspace/ChargedHiggsAnalysisV3/SKNanoOutput/CRPromptSelector/Run1E2Mu_RunNoWZSF_RunSyst/2023/Skim_TriLep_ggHToZZTo4L.root
