2025-09-24 16:02:14,778 - INFO - [2023] MISSING_CENTRAL: WZ1E2Mu/Central/jets/3/phi in Skim_TriLep_MuonEG_C_v2.root
2025-09-24 16:02:15,001 - INFO - [2023] MISSING_CENTRAL: WZ1E2Mu/Central/jets/3/phi in Skim_TriLep_MuonEG_C_v3.root
2025-09-24 16:02:15,002 - INFO - [2023] MISSING_CENTRAL: WZ1E2Mu/Central/jets/3/phi in Skim_TriLep_DYJets.root
2025-09-24 16:02:15,002 - INFO - [2023] MISSING_CENTRAL: WZ1E2Mu/Central/jets/3/phi in Skim_TriLep_DYJets10to50.root
2025-09-24 16:02:15,002 - INFO - [2023] MISSING_CENTRAL: WZ1E2Mu/Central/jets/3/phi in Skim_TriLep_DYGTo2LG_MLL4to50_PTG10to100.root
2025-09-24 16:02:15,002 - INFO - [2023] MISSING_CENTRAL: WZ1E2Mu/Central/jets/3/phi in Skim_TriLep_DYGTo2LG_MLL4to50_PTG100to200.root
2025-09-24 16:02:15,003 - INFO - [2023] MISSING_CENTRAL: WZ1E2Mu/Central/jets/3/phi in Skim_TriLep_DYGTo2LG_MLL4to50_PTG200toInf.root
2025-09-24 16:02:15,108 - INFO - [2023] MISSING_CENTRAL: WZ1E2Mu/Central/jets/3/phi in Skim_TriLep_TTG_PTG10to100.root
2025-09-24 16:02:15,109 - INFO - [2023] MISSING_CENTRAL: WZ1E2Mu/Central/jets/3/phi in Skim_TriLep_TTG_PTG100to200.root
2025-09-24 16:02:15,123 - INFO - [2023] MISSING_CENTRAL: WZ1E2Mu/Central/jets/3/phi in Skim_TriLep_TTG_PTG200toInf.root
2025-09-24 16:02:15,381 - INFO - [2023] MISSING_CENTRAL: WZ1E2Mu/Central/jets/3/phi in Skim_TriLep_tHq.root
2025-09-24 16:02:25,457 - INFO - [2023] MISSING_CENTRAL: WZ1E2Mu/Central/jets/3/phi in Skim_TriLep_MuonEG_C_v2.root
2025-09-24 16:02:25,475 - INFO - [2023] MISSING_CENTRAL: WZ1E2Mu/Central/jets/3/phi in Skim_TriLep_MuonEG_C_v3.root
2025-09-24 16:02:25,475 - INFO - [2023] MISSING_CENTRAL: WZ1E2Mu/Central/jets/3/phi in Skim_TriLep_DYJets.root
2025-09-24 16:02:25,476 - INFO - [2023] MISSING_CENTRAL: WZ1E2Mu/Central/jets/3/phi in Skim_TriLep_DYJets10to50.root
2025-09-24 16:02:25,476 - INFO - [2023] MISSING_CENTRAL: WZ1E2Mu/Central/jets/3/phi in Skim_TriLep_DYGTo2LG_MLL4to50_PTG10to100.root
2025-09-24 16:02:25,476 - INFO - [2023] MISSING_CENTRAL: WZ1E2Mu/Central/jets/3/phi in Skim_TriLep_DYGTo2LG_MLL4to50_PTG100to200.root
2025-09-24 16:02:25,476 - INFO - [2023] MISSING_CENTRAL: WZ1E2Mu/Central/jets/3/phi in Skim_TriLep_DYGTo2LG_MLL4to50_PTG200toInf.root
2025-09-24 16:02:25,478 - INFO - [2023] MISSING_CENTRAL: WZ1E2Mu/Central/jets/3/phi in Skim_TriLep_TTG_PTG10to100.root
2025-09-24 16:02:25,478 - INFO - [2023] MISSING_CENTRAL: WZ1E2Mu/Central/jets/3/phi in Skim_TriLep_TTG_PTG100to200.root
2025-09-24 16:02:25,478 - INFO - [2023] MISSING_CENTRAL: WZ1E2Mu/Central/jets/3/phi in Skim_TriLep_TTG_PTG200toInf.root
2025-09-24 16:02:25,480 - INFO - [2023] MISSING_FILE: /Users/choij/Sync/workspace/ChargedHiggsAnalysisV3/SKNanoOutput/CRPromptSelector/Run1E2Mu_RunNoWZSF_RunSyst/2023/Skim_TriLep_ZZTo4L_powheg.root
2025-09-24 16:02:25,480 - INFO - [2023] MISSING_CENTRAL: WZ1E2Mu/Central/jets/3/phi in Skim_TriLep_tHq.root
2025-09-24 16:02:25,482 - INFO - [2023] MISSING_FILE: /Users/choij/Sync/workspace/ChargedHiggsAnalysisV3/SKNanoOutput/CRPromptSelector/Run1E2Mu_RunNoWZSF_RunSyst/2023/Skim_TriLep_VBFHToZZTo4L.root
2025-09-24 16:02:25,482 - INFO - [2023] MISSING_FILE: /Users/choij/Sync/workspace/ChargedHiggsAnalysisV3/SKNanoOutput/CRPromptSelector/Run1E2Mu_RunNoWZSF_RunSyst/2023/Skim_TriLep_ggHToZZTo4L.root
