2025-09-24 15:54:07,456 - INFO - [2022] MISSING_CENTRAL: ZFake3Mu/Central/jets/1/pt in Skim_TriLep_DYJets10to50.root
2025-09-24 15:54:07,456 - INFO - [2022] MISSING_CENTRAL: ZFake3Mu/Central/jets/1/pt in Skim_TriLep_DYGTo2LG_MLL4to50_PTG10to100.root
2025-09-24 15:54:07,458 - INFO - [2022] MISSING_CENTRAL: ZFake3Mu/Central/jets/1/pt in Skim_TriLep_DYGTo2LG_MLL4to50_PTG100to200.root
2025-09-24 15:54:07,459 - INFO - [2022] MISSING_CENTRAL: ZFake3Mu/Central/jets/1/pt in Skim_TriLep_DYGTo2LG_MLL4to50_PTG200toInf.root
2025-09-24 15:54:07,483 - INFO - [2022] MISSING_CENTRAL: ZFake3Mu/Central/jets/1/pt in Skim_TriLep_DYGTo2LG_MLL50_PTG100to200.root
2025-09-24 15:54:07,484 - INFO - [2022] MISSING_CENTRAL: ZFake3Mu/Central/jets/1/pt in Skim_TriLep_DYGTo2LG_MLL50_PTG200toInf.root
2025-09-24 15:54:07,494 - INFO - [2022] MISSING_CENTRAL: ZFake3Mu/Central/jets/1/pt in Skim_TriLep_TTG_PTG100to200.root
2025-09-24 15:54:07,494 - INFO - [2022] MISSING_CENTRAL: ZFake3Mu/Central/jets/1/pt in Skim_TriLep_TTG_PTG200toInf.root
2025-10-02 21:16:11,994 - INFO - [2022] MISSING_CENTRAL: ZFake3Mu/Central/jets/1/pt in Skim_TriLep_DYJets10to50.root
2025-10-02 21:16:11,995 - INFO - [2022] MISSING_CENTRAL: ZFake3Mu/Central/jets/1/pt in Skim_TriLep_DYGTo2LG_MLL4to50_PTG10to100.root
2025-10-02 21:16:12,000 - INFO - [2022] MISSING_CENTRAL: ZFake3Mu/Central/jets/1/pt in Skim_TriLep_DYGTo2LG_MLL4to50_PTG100to200.root
2025-10-02 21:16:12,005 - INFO - [2022] MISSING_CENTRAL: ZFake3Mu/Central/jets/1/pt in Skim_TriLep_DYGTo2LG_MLL4to50_PTG200toInf.root
2025-10-02 21:16:12,040 - INFO - [2022] MISSING_CENTRAL: ZFake3Mu/Central/jets/1/pt in Skim_TriLep_DYGTo2LG_MLL50_PTG100to200.root
2025-10-02 21:16:12,042 - INFO - [2022] MISSING_CENTRAL: ZFake3Mu/Central/jets/1/pt in Skim_TriLep_DYGTo2LG_MLL50_PTG200toInf.root
2025-10-02 21:16:12,140 - INFO - [2022] MISSING_CENTRAL: ZFake3Mu/Central/jets/1/pt in Skim_TriLep_TTG_PTG100to200.root
2025-10-02 21:16:12,200 - INFO - [2022] MISSING_CENTRAL: ZFake3Mu/Central/jets/1/pt in Skim_TriLep_TTG_PTG200toInf.root
2025-10-03 00:22:17,002 - INFO - [2022] MISSING_CENTRAL: ZFake3Mu/Central/jets/1/pt in Skim_TriLep_DYJets10to50.root
2025-10-03 00:22:17,003 - INFO - [2022] MISSING_CENTRAL: ZFake3Mu/Central/jets/1/pt in Skim_TriLep_DYGTo2LG_MLL4to50_PTG10to100.root
2025-10-03 00:22:17,003 - INFO - [2022] MISSING_CENTRAL: ZFake3Mu/Central/jets/1/pt in Skim_TriLep_DYGTo2LG_MLL4to50_PTG100to200.root
2025-10-03 00:22:17,003 - INFO - [2022] MISSING_CENTRAL: ZFake3Mu/Central/jets/1/pt in Skim_TriLep_DYGTo2LG_MLL4to50_PTG200toInf.root
2025-10-03 00:22:17,012 - INFO - [2022] MISSING_CENTRAL: ZFake3Mu/Central/jets/1/pt in Skim_TriLep_DYGTo2LG_MLL50_PTG100to200.root
2025-10-03 00:22:17,012 - INFO - [2022] MISSING_CENTRAL: ZFake3Mu/Central/jets/1/pt in Skim_TriLep_DYGTo2LG_MLL50_PTG200toInf.root
2025-10-03 00:22:17,022 - INFO - [2022] MISSING_CENTRAL: ZFake3Mu/Central/jets/1/pt in Skim_TriLep_TTG_PTG100to200.root
2025-10-03 00:22:17,022 - INFO - [2022] MISSING_CENTRAL: ZFake3Mu/Central/jets/1/pt in Skim_TriLep_TTG_PTG200toInf.root
2025-11-07 13:08:45,211 - INFO - [2022] MISSING_FILE: /home/choij/Sync/workspace/ChargedHiggsAnalysisV3/SKNanoOutput/PromptSelector/Run3Mu/2022/Skim_TriLep_DoubleMuon_C.root
2025-11-07 13:08:45,211 - INFO - [2022] MISSING_FILE: /home/choij/Sync/workspace/ChargedHiggsAnalysisV3/SKNanoOutput/PromptSelector/Run3Mu/2022/Skim_TriLep_Muon_C.root
2025-11-07 13:08:45,211 - INFO - [2022] MISSING_FILE: /home/choij/Sync/workspace/ChargedHiggsAnalysisV3/SKNanoOutput/PromptSelector/Run3Mu/2022/Skim_TriLep_Muon_D.root
2025-11-07 14:06:27,826 - INFO - [2022] MISSING_FILE: /home/choij/Sync/workspace/ChargedHiggsAnalysisV3/SKNanoOutput/PromptSelector/Run3Mu/2022/Skim_TriLep_DoubleMuon_C.root
2025-11-07 14:06:27,826 - INFO - [2022] MISSING_FILE: /home/choij/Sync/workspace/ChargedHiggsAnalysisV3/SKNanoOutput/PromptSelector/Run3Mu/2022/Skim_TriLep_Muon_C.root
2025-11-07 14:06:27,826 - INFO - [2022] MISSING_FILE: /home/choij/Sync/workspace/ChargedHiggsAnalysisV3/SKNanoOutput/PromptSelector/Run3Mu/2022/Skim_TriLep_Muon_D.root
