2025-09-24 15:54:15,651 - INFO - [2022] MISSING_CENTRAL: ZFake3Mu/Central/jets/3/btagScore in Skim_TriLep_DYJets.root
2025-09-24 15:54:15,651 - INFO - [2022] MISSING_CENTRAL: ZFake3Mu/Central/jets/3/btagScore in Skim_TriLep_DYJets10to50.root
2025-09-24 15:54:15,652 - INFO - [2022] MISSING_CENTRAL: ZFake3Mu/Central/jets/3/btagScore in Skim_TriLep_DYGTo2LG_MLL4to50_PTG10to100.root
2025-09-24 15:54:15,652 - INFO - [2022] MISSING_CENTRAL: ZFake3Mu/Central/jets/3/btagScore in Skim_TriLep_DYGTo2LG_MLL4to50_PTG100to200.root
2025-09-24 15:54:15,652 - INFO - [2022] MISSING_CENTRAL: ZFake3Mu/Central/jets/3/btagScore in Skim_TriLep_DYGTo2LG_MLL4to50_PTG200toInf.root
2025-09-24 15:54:15,659 - INFO - [2022] MISSING_CENTRAL: ZFake3Mu/Central/jets/3/btagScore in Skim_TriLep_DYGTo2LG_MLL50_PTG100to200.root
2025-09-24 15:54:15,659 - INFO - [2022] MISSING_CENTRAL: ZFake3Mu/Central/jets/3/btagScore in Skim_TriLep_DYGTo2LG_MLL50_PTG200toInf.root
2025-09-24 15:54:15,666 - INFO - [2022] MISSING_CENTRAL: ZFake3Mu/Central/jets/3/btagScore in Skim_TriLep_TTG_PTG100to200.root
2025-09-24 15:54:15,666 - INFO - [2022] MISSING_CENTRAL: ZFake3Mu/Central/jets/3/btagScore in Skim_TriLep_TTG_PTG200toInf.root
2025-09-24 15:54:15,668 - INFO - [2022] MISSING_CENTRAL: ZFake3Mu/Central/jets/3/btagScore in Skim_TriLep_TTWToLNu.root
2025-09-24 15:54:15,712 - INFO - [2022] MISSING_CENTRAL: ZFake3Mu/Central/jets/3/btagScore in Skim_TriLep_WWW.root
2025-10-02 21:16:20,319 - INFO - [2022] MISSING_CENTRAL: ZFake3Mu/Central/jets/3/btagScore in Skim_TriLep_DYJets.root
2025-10-02 21:16:20,320 - INFO - [2022] MISSING_CENTRAL: ZFake3Mu/Central/jets/3/btagScore in Skim_TriLep_DYJets10to50.root
2025-10-02 21:16:20,321 - INFO - [2022] MISSING_CENTRAL: ZFake3Mu/Central/jets/3/btagScore in Skim_TriLep_DYGTo2LG_MLL4to50_PTG10to100.root
2025-10-02 21:16:20,323 - INFO - [2022] MISSING_CENTRAL: ZFake3Mu/Central/jets/3/btagScore in Skim_TriLep_DYGTo2LG_MLL4to50_PTG100to200.root
2025-10-02 21:16:20,332 - INFO - [2022] MISSING_CENTRAL: ZFake3Mu/Central/jets/3/btagScore in Skim_TriLep_DYGTo2LG_MLL4to50_PTG200toInf.root
2025-10-02 21:16:20,387 - INFO - [2022] MISSING_CENTRAL: ZFake3Mu/Central/jets/3/btagScore in Skim_TriLep_DYGTo2LG_MLL50_PTG100to200.root
2025-10-02 21:16:20,388 - INFO - [2022] MISSING_CENTRAL: ZFake3Mu/Central/jets/3/btagScore in Skim_TriLep_DYGTo2LG_MLL50_PTG200toInf.root
2025-10-02 21:16:20,414 - INFO - [2022] MISSING_CENTRAL: ZFake3Mu/Central/jets/3/btagScore in Skim_TriLep_TTG_PTG100to200.root
2025-10-02 21:16:20,421 - INFO - [2022] MISSING_CENTRAL: ZFake3Mu/Central/jets/3/btagScore in Skim_TriLep_TTG_PTG200toInf.root
2025-10-02 21:16:20,423 - INFO - [2022] MISSING_CENTRAL: ZFake3Mu/Central/jets/3/btagScore in Skim_TriLep_TTWToLNu.root
2025-10-02 21:16:20,618 - INFO - [2022] MISSING_CENTRAL: ZFake3Mu/Central/jets/3/btagScore in Skim_TriLep_WWW.root
2025-10-03 00:22:25,186 - INFO - [2022] MISSING_CENTRAL: ZFake3Mu/Central/jets/3/btagScore in Skim_TriLep_DYJets.root
2025-10-03 00:22:25,186 - INFO - [2022] MISSING_CENTRAL: ZFake3Mu/Central/jets/3/btagScore in Skim_TriLep_DYJets10to50.root
2025-10-03 00:22:25,187 - INFO - [2022] MISSING_CENTRAL: ZFake3Mu/Central/jets/3/btagScore in Skim_TriLep_DYGTo2LG_MLL4to50_PTG10to100.root
2025-10-03 00:22:25,187 - INFO - [2022] MISSING_CENTRAL: ZFake3Mu/Central/jets/3/btagScore in Skim_TriLep_DYGTo2LG_MLL4to50_PTG100to200.root
2025-10-03 00:22:25,187 - INFO - [2022] MISSING_CENTRAL: ZFake3Mu/Central/jets/3/btagScore in Skim_TriLep_DYGTo2LG_MLL4to50_PTG200toInf.root
2025-10-03 00:22:25,193 - INFO - [2022] MISSING_CENTRAL: ZFake3Mu/Central/jets/3/btagScore in Skim_TriLep_DYGTo2LG_MLL50_PTG100to200.root
2025-10-03 00:22:25,193 - INFO - [2022] MISSING_CENTRAL: ZFake3Mu/Central/jets/3/btagScore in Skim_TriLep_DYGTo2LG_MLL50_PTG200toInf.root
2025-10-03 00:22:25,217 - INFO - [2022] MISSING_CENTRAL: ZFake3Mu/Central/jets/3/btagScore in Skim_TriLep_TTG_PTG100to200.root
2025-10-03 00:22:25,217 - INFO - [2022] MISSING_CENTRAL: ZFake3Mu/Central/jets/3/btagScore in Skim_TriLep_TTG_PTG200toInf.root
2025-10-03 00:22:25,218 - INFO - [2022] MISSING_CENTRAL: ZFake3Mu/Central/jets/3/btagScore in Skim_TriLep_TTWToLNu.root
2025-10-03 00:22:25,273 - INFO - [2022] MISSING_CENTRAL: ZFake3Mu/Central/jets/3/btagScore in Skim_TriLep_WWW.root
