2025-09-24 15:54:20,601 - INFO - [2022] MISSING_CENTRAL: ZFake3Mu/Central/METv/px in Skim_TriLep_DYJets10to50.root
2025-09-24 15:54:20,601 - INFO - [2022] MISSING_CENTRAL: ZFake3Mu/Central/METv/px in Skim_TriLep_DYGTo2LG_MLL4to50_PTG10to100.root
2025-09-24 15:54:20,601 - INFO - [2022] MISSING_CENTRAL: ZFake3Mu/Central/METv/px in Skim_TriLep_DYGTo2LG_MLL4to50_PTG100to200.root
2025-09-24 15:54:20,601 - INFO - [2022] MISSING_CENTRAL: ZFake3Mu/Central/METv/px in Skim_TriLep_DYGTo2LG_MLL4to50_PTG200toInf.root
2025-09-24 15:54:20,613 - INFO - [2022] MISSING_CENTRAL: ZFake3Mu/Central/METv/px in Skim_TriLep_DYGTo2LG_MLL50_PTG100to200.root
2025-09-24 15:54:20,613 - INFO - [2022] MISSING_CENTRAL: ZFake3Mu/Central/METv/px in Skim_TriLep_DYGTo2LG_MLL50_PTG200toInf.root
2025-09-24 15:54:20,624 - INFO - [2022] MISSING_CENTRAL: ZFake3Mu/Central/METv/px in Skim_TriLep_TTG_PTG100to200.root
2025-09-24 15:54:20,624 - INFO - [2022] MISSING_CENTRAL: ZFake3Mu/Central/METv/px in Skim_TriLep_TTG_PTG200toInf.root
2025-10-02 21:16:21,220 - INFO - [2022] MISSING_CENTRAL: ZFake3Mu/Central/METv/px in Skim_TriLep_DYJets10to50.root
2025-10-02 21:16:21,222 - INFO - [2022] MISSING_CENTRAL: ZFake3Mu/Central/METv/px in Skim_TriLep_DYGTo2LG_MLL4to50_PTG10to100.root
2025-10-02 21:16:21,223 - INFO - [2022] MISSING_CENTRAL: ZFake3Mu/Central/METv/px in Skim_TriLep_DYGTo2LG_MLL4to50_PTG100to200.root
2025-10-02 21:16:21,224 - INFO - [2022] MISSING_CENTRAL: ZFake3Mu/Central/METv/px in Skim_TriLep_DYGTo2LG_MLL4to50_PTG200toInf.root
2025-10-02 21:16:21,315 - INFO - [2022] MISSING_CENTRAL: ZFake3Mu/Central/METv/px in Skim_TriLep_DYGTo2LG_MLL50_PTG100to200.root
2025-10-02 21:16:21,323 - INFO - [2022] MISSING_CENTRAL: ZFake3Mu/Central/METv/px in Skim_TriLep_DYGTo2LG_MLL50_PTG200toInf.root
2025-10-02 21:16:21,371 - INFO - [2022] MISSING_CENTRAL: ZFake3Mu/Central/METv/px in Skim_TriLep_TTG_PTG100to200.root
2025-10-02 21:16:21,372 - INFO - [2022] MISSING_CENTRAL: ZFake3Mu/Central/METv/px in Skim_TriLep_TTG_PTG200toInf.root
2025-10-03 00:22:28,516 - INFO - [2022] MISSING_CENTRAL: ZFake3Mu/Central/METv/px in Skim_TriLep_DYJets10to50.root
2025-10-03 00:22:28,516 - INFO - [2022] MISSING_CENTRAL: ZFake3Mu/Central/METv/px in Skim_TriLep_DYGTo2LG_MLL4to50_PTG10to100.root
2025-10-03 00:22:28,517 - INFO - [2022] MISSING_CENTRAL: ZFake3Mu/Central/METv/px in Skim_TriLep_DYGTo2LG_MLL4to50_PTG100to200.root
2025-10-03 00:22:28,517 - INFO - [2022] MISSING_CENTRAL: ZFake3Mu/Central/METv/px in Skim_TriLep_DYGTo2LG_MLL4to50_PTG200toInf.root
2025-10-03 00:22:28,533 - INFO - [2022] MISSING_CENTRAL: ZFake3Mu/Central/METv/px in Skim_TriLep_DYGTo2LG_MLL50_PTG100to200.root
2025-10-03 00:22:28,534 - INFO - [2022] MISSING_CENTRAL: ZFake3Mu/Central/METv/px in Skim_TriLep_DYGTo2LG_MLL50_PTG200toInf.root
2025-10-03 00:22:28,548 - INFO - [2022] MISSING_CENTRAL: ZFake3Mu/Central/METv/px in Skim_TriLep_TTG_PTG100to200.root
2025-10-03 00:22:28,548 - INFO - [2022] MISSING_CENTRAL: ZFake3Mu/Central/METv/px in Skim_TriLep_TTG_PTG200toInf.root
2025-11-07 13:08:47,650 - INFO - [2022] MISSING_FILE: /home/choij/Sync/workspace/ChargedHiggsAnalysisV3/SKNanoOutput/PromptSelector/Run3Mu/2022/Skim_TriLep_DoubleMuon_C.root
2025-11-07 13:08:47,651 - INFO - [2022] MISSING_FILE: /home/choij/Sync/workspace/ChargedHiggsAnalysisV3/SKNanoOutput/PromptSelector/Run3Mu/2022/Skim_TriLep_Muon_C.root
2025-11-07 13:08:47,651 - INFO - [2022] MISSING_FILE: /home/choij/Sync/workspace/ChargedHiggsAnalysisV3/SKNanoOutput/PromptSelector/Run3Mu/2022/Skim_TriLep_Muon_D.root
2025-11-07 14:06:30,119 - INFO - [2022] MISSING_FILE: /home/choij/Sync/workspace/ChargedHiggsAnalysisV3/SKNanoOutput/PromptSelector/Run3Mu/2022/Skim_TriLep_DoubleMuon_C.root
2025-11-07 14:06:30,119 - INFO - [2022] MISSING_FILE: /home/choij/Sync/workspace/ChargedHiggsAnalysisV3/SKNanoOutput/PromptSelector/Run3Mu/2022/Skim_TriLep_Muon_C.root
2025-11-07 14:06:30,119 - INFO - [2022] MISSING_FILE: /home/choij/Sync/workspace/ChargedHiggsAnalysisV3/SKNanoOutput/PromptSelector/Run3Mu/2022/Skim_TriLep_Muon_D.root
2025-11-10 12:21:40,429 - INFO - [2022] MISSING_CENTRAL: ZFake3Mu/Central/METv/px in Skim_TriLep_DYJets10to50.root
2025-11-10 12:21:40,430 - INFO - [2022] MISSING_CENTRAL: ZFake3Mu/Central/METv/px in Skim_TriLep_DYGTo2LG_MLL4to50_PTG10to100.root
2025-11-10 12:21:40,430 - INFO - [2022] MISSING_CENTRAL: ZFake3Mu/Central/METv/px in Skim_TriLep_DYGTo2LG_MLL4to50_PTG100to200.root
2025-11-10 12:21:40,431 - INFO - [2022] MISSING_CENTRAL: ZFake3Mu/Central/METv/px in Skim_TriLep_DYGTo2LG_MLL4to50_PTG200toInf.root
2025-11-10 12:21:40,445 - INFO - [2022] MISSING_CENTRAL: ZFake3Mu/Central/METv/px in Skim_TriLep_DYGTo2LG_MLL50_PTG100to200.root
2025-11-10 12:21:40,445 - INFO - [2022] MISSING_CENTRAL: ZFake3Mu/Central/METv/px in Skim_TriLep_DYGTo2LG_MLL50_PTG200toInf.root
2025-11-10 12:21:40,459 - INFO - [2022] MISSING_CENTRAL: ZFake3Mu/Central/METv/px in Skim_TriLep_TTG_PTG100to200.root
2025-11-10 12:21:40,459 - INFO - [2022] MISSING_CENTRAL: ZFake3Mu/Central/METv/px in Skim_TriLep_TTG_PTG200toInf.root
2025-11-13 11:11:16,478 - INFO - [2022] MISSING_CENTRAL: ZFake3Mu/Central/METv/px in Skim_TriLep_DYJets10to50.root
2025-11-13 11:11:16,479 - INFO - [2022] MISSING_CENTRAL: ZFake3Mu/Central/METv/px in Skim_TriLep_DYGTo2LG_MLL4to50_PTG10to100.root
2025-11-13 11:11:16,480 - INFO - [2022] MISSING_CENTRAL: ZFake3Mu/Central/METv/px in Skim_TriLep_DYGTo2LG_MLL4to50_PTG100to200.root
2025-11-13 11:11:16,486 - INFO - [2022] MISSING_CENTRAL: ZFake3Mu/Central/METv/px in Skim_TriLep_DYGTo2LG_MLL4to50_PTG200toInf.root
2025-11-13 11:11:16,510 - INFO - [2022] MISSING_CENTRAL: ZFake3Mu/Central/METv/px in Skim_TriLep_DYGTo2LG_MLL50_PTG100to200.root
2025-11-13 11:11:16,511 - INFO - [2022] MISSING_CENTRAL: ZFake3Mu/Central/METv/px in Skim_TriLep_DYGTo2LG_MLL50_PTG200toInf.root
2025-11-13 11:11:16,533 - INFO - [2022] MISSING_CENTRAL: ZFake3Mu/Central/METv/px in Skim_TriLep_TTG_PTG100to200.root
2025-11-13 11:11:16,534 - INFO - [2022] MISSING_CENTRAL: ZFake3Mu/Central/METv/px in Skim_TriLep_TTG_PTG200toInf.root
2025-11-19 16:10:26,191 - INFO - [2022] MISSING_CENTRAL: ZFake3Mu/Central/METv/px in Skim_TriLep_DYJets10to50.root
2025-11-19 16:10:26,192 - INFO - [2022] MISSING_CENTRAL: ZFake3Mu/Central/METv/px in Skim_TriLep_DYGTo2LG_MLL4to50_PTG10to100.root
2025-11-19 16:10:26,192 - INFO - [2022] MISSING_CENTRAL: ZFake3Mu/Central/METv/px in Skim_TriLep_DYGTo2LG_MLL4to50_PTG100to200.root
2025-11-19 16:10:26,193 - INFO - [2022] MISSING_CENTRAL: ZFake3Mu/Central/METv/px in Skim_TriLep_DYGTo2LG_MLL4to50_PTG200toInf.root
2025-11-19 16:10:26,206 - INFO - [2022] MISSING_CENTRAL: ZFake3Mu/Central/METv/px in Skim_TriLep_DYGTo2LG_MLL50_PTG100to200.root
2025-11-19 16:10:26,207 - INFO - [2022] MISSING_CENTRAL: ZFake3Mu/Central/METv/px in Skim_TriLep_DYGTo2LG_MLL50_PTG200toInf.root
2025-11-19 16:10:26,220 - INFO - [2022] MISSING_CENTRAL: ZFake3Mu/Central/METv/px in Skim_TriLep_TTG_PTG100to200.root
2025-11-19 16:10:26,221 - INFO - [2022] MISSING_CENTRAL: ZFake3Mu/Central/METv/px in Skim_TriLep_TTG_PTG200toInf.root
2025-11-19 16:24:03,651 - INFO - [2022] MISSING_CENTRAL: ZFake3Mu/Central/METv/px in Skim_TriLep_DYJets10to50.root
2025-11-19 16:24:03,652 - INFO - [2022] MISSING_CENTRAL: ZFake3Mu/Central/METv/px in Skim_TriLep_DYGTo2LG_MLL4to50_PTG10to100.root
2025-11-19 16:24:03,652 - INFO - [2022] MISSING_CENTRAL: ZFake3Mu/Central/METv/px in Skim_TriLep_DYGTo2LG_MLL4to50_PTG100to200.root
2025-11-19 16:24:03,653 - INFO - [2022] MISSING_CENTRAL: ZFake3Mu/Central/METv/px in Skim_TriLep_DYGTo2LG_MLL4to50_PTG200toInf.root
2025-11-19 16:24:03,667 - INFO - [2022] MISSING_CENTRAL: ZFake3Mu/Central/METv/px in Skim_TriLep_DYGTo2LG_MLL50_PTG100to200.root
2025-11-19 16:24:03,668 - INFO - [2022] MISSING_CENTRAL: ZFake3Mu/Central/METv/px in Skim_TriLep_DYGTo2LG_MLL50_PTG200toInf.root
2025-11-19 16:24:03,681 - INFO - [2022] MISSING_CENTRAL: ZFake3Mu/Central/METv/px in Skim_TriLep_TTG_PTG100to200.root
2025-11-19 16:24:03,682 - INFO - [2022] MISSING_CENTRAL: ZFake3Mu/Central/METv/px in Skim_TriLep_TTG_PTG200toInf.root
2025-12-17 22:38:35,721 - INFO - [2022] MISSING_CENTRAL: ZFake3Mu/Central/METv/px in Skim_TriLep_DYJets10to50.root
2025-12-17 22:38:35,722 - INFO - [2022] MISSING_CENTRAL: ZFake3Mu/Central/METv/px in Skim_TriLep_TTG_PTG10to100.root
2025-12-17 22:38:35,723 - INFO - [2022] MISSING_CENTRAL: ZFake3Mu/Central/METv/px in Skim_TriLep_TTG_PTG100to200.root
2025-12-17 22:38:35,724 - INFO - [2022] MISSING_CENTRAL: ZFake3Mu/Central/METv/px in Skim_TriLep_TTG_PTG200toInf.root
2025-12-18 14:23:17,092 - INFO - [2022] MISSING_CENTRAL: ZFake3Mu/Central/METv/px in Skim_TriLep_DYJets10to50.root
2025-12-18 14:23:17,093 - INFO - [2022] MISSING_CENTRAL: ZFake3Mu/Central/METv/px in Skim_TriLep_TTG_PTG10to100.root
2025-12-18 14:23:17,094 - INFO - [2022] MISSING_CENTRAL: ZFake3Mu/Central/METv/px in Skim_TriLep_TTG_PTG100to200.root
2025-12-18 14:23:17,096 - INFO - [2022] MISSING_CENTRAL: ZFake3Mu/Central/METv/px in Skim_TriLep_TTG_PTG200toInf.root
2025-12-18 14:38:40,793 - INFO - [2022] MISSING_CENTRAL: ZFake3Mu/Central/METv/px in Skim_TriLep_DYJets10to50.root
2025-12-18 14:38:40,796 - INFO - [2022] MISSING_CENTRAL: ZFake3Mu/Central/METv/px in Skim_TriLep_TTG_PTG10to100.root
2025-12-18 14:38:40,797 - INFO - [2022] MISSING_CENTRAL: ZFake3Mu/Central/METv/px in Skim_TriLep_TTG_PTG100to200.root
2025-12-18 14:38:40,799 - INFO - [2022] MISSING_CENTRAL: ZFake3Mu/Central/METv/px in Skim_TriLep_TTG_PTG200toInf.root
2026-01-07 11:48:23,072 - INFO - [2022] MISSING_CENTRAL: ZFake3Mu/Central/METv/px in Skim_TriLep_DYJets10to50.root
2026-01-07 11:48:23,073 - INFO - [2022] MISSING_CENTRAL: ZFake3Mu/Central/METv/px in Skim_TriLep_TTG_PTG10to100.root
2026-01-07 11:48:23,074 - INFO - [2022] MISSING_CENTRAL: ZFake3Mu/Central/METv/px in Skim_TriLep_TTG_PTG100to200.root
2026-01-07 11:48:23,077 - INFO - [2022] MISSING_CENTRAL: ZFake3Mu/Central/METv/px in Skim_TriLep_TTG_PTG200toInf.root
2026-01-07 18:45:02,581 - INFO - [2022] MISSING_CENTRAL: ZFake3Mu/Central/METv/px in Skim_TriLep_DYJets10to50.root
2026-01-07 18:45:02,582 - INFO - [2022] MISSING_CENTRAL: ZFake3Mu/Central/METv/px in Skim_TriLep_TTG_PTG10to100.root
2026-01-07 18:45:02,583 - INFO - [2022] MISSING_CENTRAL: ZFake3Mu/Central/METv/px in Skim_TriLep_TTG_PTG100to200.root
2026-01-07 18:45:02,584 - INFO - [2022] MISSING_CENTRAL: ZFake3Mu/Central/METv/px in Skim_TriLep_TTG_PTG200toInf.root
2026-01-09 12:19:14,641 - INFO - [2022] MISSING_CENTRAL: ZFake3Mu/Central/METv/px in Skim_TriLep_DYJets10to50.root
2026-01-09 12:19:14,641 - INFO - [2022] MISSING_CENTRAL: ZFake3Mu/Central/METv/px in Skim_TriLep_TTG_PTG10to100.root
2026-01-09 12:19:14,642 - INFO - [2022] MISSING_CENTRAL: ZFake3Mu/Central/METv/px in Skim_TriLep_TTG_PTG100to200.root
2026-01-09 12:19:14,642 - INFO - [2022] MISSING_CENTRAL: ZFake3Mu/Central/METv/px in Skim_TriLep_TTG_PTG200toInf.root
