2025-11-07 13:08:50,059 - INFO - [2022] MISSING_FILE: /home/choij/Sync/workspace/ChargedHiggsAnalysisV3/SKNanoOutput/PromptSelector/Run3Mu/2022/Skim_TriLep_DoubleMuon_C.root
2025-11-07 13:08:50,059 - INFO - [2022] MISSING_FILE: /home/choij/Sync/workspace/ChargedHiggsAnalysisV3/SKNanoOutput/PromptSelector/Run3Mu/2022/Skim_TriLep_Muon_C.root
2025-11-07 13:08:50,059 - INFO - [2022] MISSING_FILE: /home/choij/Sync/workspace/ChargedHiggsAnalysisV3/SKNanoOutput/PromptSelector/Run3Mu/2022/Skim_TriLep_Muon_D.root
2025-11-07 14:06:32,409 - INFO - [2022] MISSING_FILE: /home/choij/Sync/workspace/ChargedHiggsAnalysisV3/SKNanoOutput/PromptSelector/Run3Mu/2022/Skim_TriLep_DoubleMuon_C.root
2025-11-07 14:06:32,410 - INFO - [2022] MISSING_FILE: /home/choij/Sync/workspace/ChargedHiggsAnalysisV3/SKNanoOutput/PromptSelector/Run3Mu/2022/Skim_TriLep_Muon_C.root
2025-11-07 14:06:32,410 - INFO - [2022] MISSING_FILE: /home/choij/Sync/workspace/ChargedHiggsAnalysisV3/SKNanoOutput/PromptSelector/Run3Mu/2022/Skim_TriLep_Muon_D.root
2025-11-10 12:21:43,597 - INFO - [2022] MISSING_CENTRAL: ZFake3Mu/Central/MHc130_MA90/score_diboson in Skim_TriLep_DYJets10to50.root
2025-11-10 12:21:43,597 - INFO - [2022] MISSING_CENTRAL: ZFake3Mu/Central/MHc130_MA90/score_diboson in Skim_TriLep_DYGTo2LG_MLL4to50_PTG10to100.root
2025-11-10 12:21:43,598 - INFO - [2022] MISSING_CENTRAL: ZFake3Mu/Central/MHc130_MA90/score_diboson in Skim_TriLep_DYGTo2LG_MLL4to50_PTG100to200.root
2025-11-10 12:21:43,598 - INFO - [2022] MISSING_CENTRAL: ZFake3Mu/Central/MHc130_MA90/score_diboson in Skim_TriLep_DYGTo2LG_MLL4to50_PTG200toInf.root
2025-11-10 12:21:43,605 - INFO - [2022] MISSING_CENTRAL: ZFake3Mu/Central/MHc130_MA90/score_diboson in Skim_TriLep_DYGTo2LG_MLL50_PTG100to200.root
2025-11-10 12:21:43,605 - INFO - [2022] MISSING_CENTRAL: ZFake3Mu/Central/MHc130_MA90/score_diboson in Skim_TriLep_DYGTo2LG_MLL50_PTG200toInf.root
2025-11-10 12:21:43,612 - INFO - [2022] MISSING_CENTRAL: ZFake3Mu/Central/MHc130_MA90/score_diboson in Skim_TriLep_TTG_PTG100to200.root
2025-11-10 12:21:43,612 - INFO - [2022] MISSING_CENTRAL: ZFake3Mu/Central/MHc130_MA90/score_diboson in Skim_TriLep_TTG_PTG200toInf.root
2025-11-13 11:11:16,684 - INFO - [2022] MISSING_CENTRAL: ZFake3Mu/Central/MHc130_MA90/score_diboson in Skim_TriLep_DYJets10to50.root
2025-11-13 11:11:16,685 - INFO - [2022] MISSING_CENTRAL: ZFake3Mu/Central/MHc130_MA90/score_diboson in Skim_TriLep_DYGTo2LG_MLL4to50_PTG10to100.root
2025-11-13 11:11:16,686 - INFO - [2022] MISSING_CENTRAL: ZFake3Mu/Central/MHc130_MA90/score_diboson in Skim_TriLep_DYGTo2LG_MLL4to50_PTG100to200.root
2025-11-13 11:11:16,687 - INFO - [2022] MISSING_CENTRAL: ZFake3Mu/Central/MHc130_MA90/score_diboson in Skim_TriLep_DYGTo2LG_MLL4to50_PTG200toInf.root
2025-11-13 11:11:16,698 - INFO - [2022] MISSING_CENTRAL: ZFake3Mu/Central/MHc130_MA90/score_diboson in Skim_TriLep_DYGTo2LG_MLL50_PTG100to200.root
2025-11-13 11:11:16,699 - INFO - [2022] MISSING_CENTRAL: ZFake3Mu/Central/MHc130_MA90/score_diboson in Skim_TriLep_DYGTo2LG_MLL50_PTG200toInf.root
2025-11-13 11:11:16,710 - INFO - [2022] MISSING_CENTRAL: ZFake3Mu/Central/MHc130_MA90/score_diboson in Skim_TriLep_TTG_PTG100to200.root
2025-11-13 11:11:16,711 - INFO - [2022] MISSING_CENTRAL: ZFake3Mu/Central/MHc130_MA90/score_diboson in Skim_TriLep_TTG_PTG200toInf.root
2025-11-19 16:10:29,535 - INFO - [2022] MISSING_CENTRAL: ZFake3Mu/Central/MHc130_MA90/score_diboson in Skim_TriLep_DYJets10to50.root
2025-11-19 16:10:29,536 - INFO - [2022] MISSING_CENTRAL: ZFake3Mu/Central/MHc130_MA90/score_diboson in Skim_TriLep_DYGTo2LG_MLL4to50_PTG10to100.root
2025-11-19 16:10:29,537 - INFO - [2022] MISSING_CENTRAL: ZFake3Mu/Central/MHc130_MA90/score_diboson in Skim_TriLep_DYGTo2LG_MLL4to50_PTG100to200.root
2025-11-19 16:10:29,537 - INFO - [2022] MISSING_CENTRAL: ZFake3Mu/Central/MHc130_MA90/score_diboson in Skim_TriLep_DYGTo2LG_MLL4to50_PTG200toInf.root
2025-11-19 16:10:29,542 - INFO - [2022] MISSING_CENTRAL: ZFake3Mu/Central/MHc130_MA90/score_diboson in Skim_TriLep_DYGTo2LG_MLL50_PTG100to200.root
2025-11-19 16:10:29,543 - INFO - [2022] MISSING_CENTRAL: ZFake3Mu/Central/MHc130_MA90/score_diboson in Skim_TriLep_DYGTo2LG_MLL50_PTG200toInf.root
2025-11-19 16:10:29,549 - INFO - [2022] MISSING_CENTRAL: ZFake3Mu/Central/MHc130_MA90/score_diboson in Skim_TriLep_TTG_PTG100to200.root
2025-11-19 16:10:29,549 - INFO - [2022] MISSING_CENTRAL: ZFake3Mu/Central/MHc130_MA90/score_diboson in Skim_TriLep_TTG_PTG200toInf.root
2025-11-19 16:24:07,055 - INFO - [2022] MISSING_CENTRAL: ZFake3Mu/Central/MHc130_MA90/score_diboson in Skim_TriLep_DYJets10to50.root
2025-11-19 16:24:07,056 - INFO - [2022] MISSING_CENTRAL: ZFake3Mu/Central/MHc130_MA90/score_diboson in Skim_TriLep_DYGTo2LG_MLL4to50_PTG10to100.root
2025-11-19 16:24:07,056 - INFO - [2022] MISSING_CENTRAL: ZFake3Mu/Central/MHc130_MA90/score_diboson in Skim_TriLep_DYGTo2LG_MLL4to50_PTG100to200.root
2025-11-19 16:24:07,057 - INFO - [2022] MISSING_CENTRAL: ZFake3Mu/Central/MHc130_MA90/score_diboson in Skim_TriLep_DYGTo2LG_MLL4to50_PTG200toInf.root
2025-11-19 16:24:07,064 - INFO - [2022] MISSING_CENTRAL: ZFake3Mu/Central/MHc130_MA90/score_diboson in Skim_TriLep_DYGTo2LG_MLL50_PTG100to200.root
2025-11-19 16:24:07,064 - INFO - [2022] MISSING_CENTRAL: ZFake3Mu/Central/MHc130_MA90/score_diboson in Skim_TriLep_DYGTo2LG_MLL50_PTG200toInf.root
2025-11-19 16:24:07,071 - INFO - [2022] MISSING_CENTRAL: ZFake3Mu/Central/MHc130_MA90/score_diboson in Skim_TriLep_TTG_PTG100to200.root
2025-11-19 16:24:07,071 - INFO - [2022] MISSING_CENTRAL: ZFake3Mu/Central/MHc130_MA90/score_diboson in Skim_TriLep_TTG_PTG200toInf.root
2025-12-17 22:38:35,783 - INFO - [2022] MISSING_CENTRAL: ZFake3Mu/Central/MHc130_MA90/score_diboson in Skim_TriLep_DYJets10to50.root
2025-12-17 22:38:35,784 - INFO - [2022] MISSING_CENTRAL: ZFake3Mu/Central/MHc130_MA90/score_diboson in Skim_TriLep_TTG_PTG10to100.root
2025-12-17 22:38:35,785 - INFO - [2022] MISSING_CENTRAL: ZFake3Mu/Central/MHc130_MA90/score_diboson in Skim_TriLep_TTG_PTG100to200.root
2025-12-17 22:38:35,786 - INFO - [2022] MISSING_CENTRAL: ZFake3Mu/Central/MHc130_MA90/score_diboson in Skim_TriLep_TTG_PTG200toInf.root
2025-12-18 14:23:20,173 - INFO - [2022] MISSING_CENTRAL: ZFake3Mu/Central/MHc130_MA90/score_diboson in Skim_TriLep_DYJets10to50.root
2025-12-18 14:23:20,178 - INFO - [2022] MISSING_CENTRAL: ZFake3Mu/Central/MHc130_MA90/score_diboson in Skim_TriLep_TTG_PTG10to100.root
2025-12-18 14:23:20,206 - INFO - [2022] MISSING_CENTRAL: ZFake3Mu/Central/MHc130_MA90/score_diboson in Skim_TriLep_TTG_PTG100to200.root
2025-12-18 14:23:20,207 - INFO - [2022] MISSING_CENTRAL: ZFake3Mu/Central/MHc130_MA90/score_diboson in Skim_TriLep_TTG_PTG200toInf.root
2025-12-18 14:38:45,047 - INFO - [2022] MISSING_CENTRAL: ZFake3Mu/Central/MHc130_MA90/score_diboson in Skim_TriLep_DYJets10to50.root
2025-12-18 14:38:45,049 - INFO - [2022] MISSING_CENTRAL: ZFake3Mu/Central/MHc130_MA90/score_diboson in Skim_TriLep_TTG_PTG10to100.root
2025-12-18 14:38:45,050 - INFO - [2022] MISSING_CENTRAL: ZFake3Mu/Central/MHc130_MA90/score_diboson in Skim_TriLep_TTG_PTG100to200.root
2025-12-18 14:38:45,051 - INFO - [2022] MISSING_CENTRAL: ZFake3Mu/Central/MHc130_MA90/score_diboson in Skim_TriLep_TTG_PTG200toInf.root
2026-01-07 11:48:23,046 - INFO - [2022] MISSING_CENTRAL: ZFake3Mu/Central/MHc130_MA90/score_diboson in Skim_TriLep_DYJets10to50.root
2026-01-07 11:48:23,047 - INFO - [2022] MISSING_CENTRAL: ZFake3Mu/Central/MHc130_MA90/score_diboson in Skim_TriLep_TTG_PTG10to100.root
2026-01-07 11:48:23,049 - INFO - [2022] MISSING_CENTRAL: ZFake3Mu/Central/MHc130_MA90/score_diboson in Skim_TriLep_TTG_PTG100to200.root
2026-01-07 11:48:23,050 - INFO - [2022] MISSING_CENTRAL: ZFake3Mu/Central/MHc130_MA90/score_diboson in Skim_TriLep_TTG_PTG200toInf.root
