2025-11-07 13:08:51,320 - INFO - [2022] MISSING_FILE: /home/choij/Sync/workspace/ChargedHiggsAnalysisV3/SKNanoOutput/PromptSelector/Run3Mu/2022/Skim_TriLep_DoubleMuon_C.root
2025-11-07 13:08:51,320 - INFO - [2022] MISSING_FILE: /home/choij/Sync/workspace/ChargedHiggsAnalysisV3/SKNanoOutput/PromptSelector/Run3Mu/2022/Skim_TriLep_Muon_C.root
2025-11-07 13:08:51,320 - INFO - [2022] MISSING_FILE: /home/choij/Sync/workspace/ChargedHiggsAnalysisV3/SKNanoOutput/PromptSelector/Run3Mu/2022/Skim_TriLep_Muon_D.root
2025-11-07 14:06:33,619 - INFO - [2022] MISSING_FILE: /home/choij/Sync/workspace/ChargedHiggsAnalysisV3/SKNanoOutput/PromptSelector/Run3Mu/2022/Skim_TriLep_DoubleMuon_C.root
2025-11-07 14:06:33,619 - INFO - [2022] MISSING_FILE: /home/choij/Sync/workspace/ChargedHiggsAnalysisV3/SKNanoOutput/PromptSelector/Run3Mu/2022/Skim_TriLep_Muon_C.root
2025-11-07 14:06:33,619 - INFO - [2022] MISSING_FILE: /home/choij/Sync/workspace/ChargedHiggsAnalysisV3/SKNanoOutput/PromptSelector/Run3Mu/2022/Skim_TriLep_Muon_D.root
2025-11-10 12:21:45,185 - INFO - [2022] MISSING_CENTRAL: ZFake3Mu/Central/MHc160_MA98/score_diboson in Skim_TriLep_DYJets10to50.root
2025-11-10 12:21:45,185 - INFO - [2022] MISSING_CENTRAL: ZFake3Mu/Central/MHc160_MA98/score_diboson in Skim_TriLep_DYGTo2LG_MLL4to50_PTG10to100.root
2025-11-10 12:21:45,186 - INFO - [2022] MISSING_CENTRAL: ZFake3Mu/Central/MHc160_MA98/score_diboson in Skim_TriLep_DYGTo2LG_MLL4to50_PTG100to200.root
2025-11-10 12:21:45,186 - INFO - [2022] MISSING_CENTRAL: ZFake3Mu/Central/MHc160_MA98/score_diboson in Skim_TriLep_DYGTo2LG_MLL4to50_PTG200toInf.root
2025-11-10 12:21:45,190 - INFO - [2022] MISSING_CENTRAL: ZFake3Mu/Central/MHc160_MA98/score_diboson in Skim_TriLep_DYGTo2LG_MLL50_PTG100to200.root
2025-11-10 12:21:45,190 - INFO - [2022] MISSING_CENTRAL: ZFake3Mu/Central/MHc160_MA98/score_diboson in Skim_TriLep_DYGTo2LG_MLL50_PTG200toInf.root
2025-11-10 12:21:45,194 - INFO - [2022] MISSING_CENTRAL: ZFake3Mu/Central/MHc160_MA98/score_diboson in Skim_TriLep_TTG_PTG100to200.root
2025-11-10 12:21:45,194 - INFO - [2022] MISSING_CENTRAL: ZFake3Mu/Central/MHc160_MA98/score_diboson in Skim_TriLep_TTG_PTG200toInf.root
2025-11-13 11:11:18,846 - INFO - [2022] MISSING_CENTRAL: ZFake3Mu/Central/MHc160_MA98/score_diboson in Skim_TriLep_DYJets10to50.root
2025-11-13 11:11:18,847 - INFO - [2022] MISSING_CENTRAL: ZFake3Mu/Central/MHc160_MA98/score_diboson in Skim_TriLep_DYGTo2LG_MLL4to50_PTG10to100.root
2025-11-13 11:11:18,847 - INFO - [2022] MISSING_CENTRAL: ZFake3Mu/Central/MHc160_MA98/score_diboson in Skim_TriLep_DYGTo2LG_MLL4to50_PTG100to200.root
2025-11-13 11:11:18,848 - INFO - [2022] MISSING_CENTRAL: ZFake3Mu/Central/MHc160_MA98/score_diboson in Skim_TriLep_DYGTo2LG_MLL4to50_PTG200toInf.root
2025-11-13 11:11:18,854 - INFO - [2022] MISSING_CENTRAL: ZFake3Mu/Central/MHc160_MA98/score_diboson in Skim_TriLep_DYGTo2LG_MLL50_PTG100to200.root
2025-11-13 11:11:18,854 - INFO - [2022] MISSING_CENTRAL: ZFake3Mu/Central/MHc160_MA98/score_diboson in Skim_TriLep_DYGTo2LG_MLL50_PTG200toInf.root
2025-11-13 11:11:18,860 - INFO - [2022] MISSING_CENTRAL: ZFake3Mu/Central/MHc160_MA98/score_diboson in Skim_TriLep_TTG_PTG100to200.root
2025-11-13 11:11:18,860 - INFO - [2022] MISSING_CENTRAL: ZFake3Mu/Central/MHc160_MA98/score_diboson in Skim_TriLep_TTG_PTG200toInf.root
2025-11-19 16:10:30,990 - INFO - [2022] MISSING_CENTRAL: ZFake3Mu/Central/MHc160_MA98/score_diboson in Skim_TriLep_DYJets10to50.root
2025-11-19 16:10:30,991 - INFO - [2022] MISSING_CENTRAL: ZFake3Mu/Central/MHc160_MA98/score_diboson in Skim_TriLep_DYGTo2LG_MLL4to50_PTG10to100.root
2025-11-19 16:10:30,991 - INFO - [2022] MISSING_CENTRAL: ZFake3Mu/Central/MHc160_MA98/score_diboson in Skim_TriLep_DYGTo2LG_MLL4to50_PTG100to200.root
2025-11-19 16:10:30,991 - INFO - [2022] MISSING_CENTRAL: ZFake3Mu/Central/MHc160_MA98/score_diboson in Skim_TriLep_DYGTo2LG_MLL4to50_PTG200toInf.root
2025-11-19 16:10:30,995 - INFO - [2022] MISSING_CENTRAL: ZFake3Mu/Central/MHc160_MA98/score_diboson in Skim_TriLep_DYGTo2LG_MLL50_PTG100to200.root
2025-11-19 16:10:30,995 - INFO - [2022] MISSING_CENTRAL: ZFake3Mu/Central/MHc160_MA98/score_diboson in Skim_TriLep_DYGTo2LG_MLL50_PTG200toInf.root
2025-11-19 16:10:30,999 - INFO - [2022] MISSING_CENTRAL: ZFake3Mu/Central/MHc160_MA98/score_diboson in Skim_TriLep_TTG_PTG100to200.root
2025-11-19 16:10:30,999 - INFO - [2022] MISSING_CENTRAL: ZFake3Mu/Central/MHc160_MA98/score_diboson in Skim_TriLep_TTG_PTG200toInf.root
2025-11-19 16:24:08,493 - INFO - [2022] MISSING_CENTRAL: ZFake3Mu/Central/MHc160_MA98/score_diboson in Skim_TriLep_DYJets10to50.root
2025-11-19 16:24:08,494 - INFO - [2022] MISSING_CENTRAL: ZFake3Mu/Central/MHc160_MA98/score_diboson in Skim_TriLep_DYGTo2LG_MLL4to50_PTG10to100.root
2025-11-19 16:24:08,494 - INFO - [2022] MISSING_CENTRAL: ZFake3Mu/Central/MHc160_MA98/score_diboson in Skim_TriLep_DYGTo2LG_MLL4to50_PTG100to200.root
2025-11-19 16:24:08,495 - INFO - [2022] MISSING_CENTRAL: ZFake3Mu/Central/MHc160_MA98/score_diboson in Skim_TriLep_DYGTo2LG_MLL4to50_PTG200toInf.root
2025-11-19 16:24:08,499 - INFO - [2022] MISSING_CENTRAL: ZFake3Mu/Central/MHc160_MA98/score_diboson in Skim_TriLep_DYGTo2LG_MLL50_PTG100to200.root
2025-11-19 16:24:08,500 - INFO - [2022] MISSING_CENTRAL: ZFake3Mu/Central/MHc160_MA98/score_diboson in Skim_TriLep_DYGTo2LG_MLL50_PTG200toInf.root
2025-11-19 16:24:08,503 - INFO - [2022] MISSING_CENTRAL: ZFake3Mu/Central/MHc160_MA98/score_diboson in Skim_TriLep_TTG_PTG100to200.root
2025-11-19 16:24:08,504 - INFO - [2022] MISSING_CENTRAL: ZFake3Mu/Central/MHc160_MA98/score_diboson in Skim_TriLep_TTG_PTG200toInf.root
2025-12-17 22:38:37,915 - INFO - [2022] MISSING_CENTRAL: ZFake3Mu/Central/MHc160_MA98/score_diboson in Skim_TriLep_DYJets10to50.root
2025-12-17 22:38:37,916 - INFO - [2022] MISSING_CENTRAL: ZFake3Mu/Central/MHc160_MA98/score_diboson in Skim_TriLep_TTG_PTG10to100.root
2025-12-17 22:38:37,933 - INFO - [2022] MISSING_CENTRAL: ZFake3Mu/Central/MHc160_MA98/score_diboson in Skim_TriLep_TTG_PTG100to200.root
2025-12-17 22:38:37,933 - INFO - [2022] MISSING_CENTRAL: ZFake3Mu/Central/MHc160_MA98/score_diboson in Skim_TriLep_TTG_PTG200toInf.root
2025-12-18 14:23:22,289 - INFO - [2022] MISSING_CENTRAL: ZFake3Mu/Central/MHc160_MA98/score_diboson in Skim_TriLep_DYJets10to50.root
2025-12-18 14:23:22,290 - INFO - [2022] MISSING_CENTRAL: ZFake3Mu/Central/MHc160_MA98/score_diboson in Skim_TriLep_TTG_PTG10to100.root
2025-12-18 14:23:22,296 - INFO - [2022] MISSING_CENTRAL: ZFake3Mu/Central/MHc160_MA98/score_diboson in Skim_TriLep_TTG_PTG100to200.root
2025-12-18 14:23:22,297 - INFO - [2022] MISSING_CENTRAL: ZFake3Mu/Central/MHc160_MA98/score_diboson in Skim_TriLep_TTG_PTG200toInf.root
2025-12-18 14:38:47,230 - INFO - [2022] MISSING_CENTRAL: ZFake3Mu/Central/MHc160_MA98/score_diboson in Skim_TriLep_DYJets10to50.root
2025-12-18 14:38:47,231 - INFO - [2022] MISSING_CENTRAL: ZFake3Mu/Central/MHc160_MA98/score_diboson in Skim_TriLep_TTG_PTG10to100.root
2025-12-18 14:38:47,232 - INFO - [2022] MISSING_CENTRAL: ZFake3Mu/Central/MHc160_MA98/score_diboson in Skim_TriLep_TTG_PTG100to200.root
2025-12-18 14:38:47,232 - INFO - [2022] MISSING_CENTRAL: ZFake3Mu/Central/MHc160_MA98/score_diboson in Skim_TriLep_TTG_PTG200toInf.root
2026-01-07 11:48:27,643 - INFO - [2022] MISSING_CENTRAL: ZFake3Mu/Central/MHc160_MA98/score_diboson in Skim_TriLep_DYJets10to50.root
2026-01-07 11:48:27,647 - INFO - [2022] MISSING_CENTRAL: ZFake3Mu/Central/MHc160_MA98/score_diboson in Skim_TriLep_TTG_PTG10to100.root
2026-01-07 11:48:27,674 - INFO - [2022] MISSING_CENTRAL: ZFake3Mu/Central/MHc160_MA98/score_diboson in Skim_TriLep_TTG_PTG100to200.root
2026-01-07 11:48:27,675 - INFO - [2022] MISSING_CENTRAL: ZFake3Mu/Central/MHc160_MA98/score_diboson in Skim_TriLep_TTG_PTG200toInf.root
