2025-11-07 13:08:49,883 - INFO - [2022] MISSING_FILE: /home/choij/Sync/workspace/ChargedHiggsAnalysisV3/SKNanoOutput/PromptSelector/Run3Mu/2022/Skim_TriLep_DoubleMuon_C.root
2025-11-07 13:08:49,886 - INFO - [2022] MISSING_FILE: /home/choij/Sync/workspace/ChargedHiggsAnalysisV3/SKNanoOutput/PromptSelector/Run3Mu/2022/Skim_TriLep_Muon_C.root
2025-11-07 13:08:49,887 - INFO - [2022] MISSING_FILE: /home/choij/Sync/workspace/ChargedHiggsAnalysisV3/SKNanoOutput/PromptSelector/Run3Mu/2022/Skim_TriLep_Muon_D.root
2025-11-07 14:06:32,148 - INFO - [2022] MISSING_FILE: /home/choij/Sync/workspace/ChargedHiggsAnalysisV3/SKNanoOutput/PromptSelector/Run3Mu/2022/Skim_TriLep_DoubleMuon_C.root
2025-11-07 14:06:32,156 - INFO - [2022] MISSING_FILE: /home/choij/Sync/workspace/ChargedHiggsAnalysisV3/SKNanoOutput/PromptSelector/Run3Mu/2022/Skim_TriLep_Muon_C.root
2025-11-07 14:06:32,158 - INFO - [2022] MISSING_FILE: /home/choij/Sync/workspace/ChargedHiggsAnalysisV3/SKNanoOutput/PromptSelector/Run3Mu/2022/Skim_TriLep_Muon_D.root
2025-11-10 12:21:43,523 - INFO - [2022] MISSING_CENTRAL: ZFake3Mu/Central/MHc115_MA87/score_nonprompt in Skim_TriLep_DYJets10to50.root
2025-11-10 12:21:43,523 - INFO - [2022] MISSING_CENTRAL: ZFake3Mu/Central/MHc115_MA87/score_nonprompt in Skim_TriLep_DYGTo2LG_MLL4to50_PTG10to100.root
2025-11-10 12:21:43,524 - INFO - [2022] MISSING_CENTRAL: ZFake3Mu/Central/MHc115_MA87/score_nonprompt in Skim_TriLep_DYGTo2LG_MLL4to50_PTG100to200.root
2025-11-10 12:21:43,525 - INFO - [2022] MISSING_CENTRAL: ZFake3Mu/Central/MHc115_MA87/score_nonprompt in Skim_TriLep_DYGTo2LG_MLL4to50_PTG200toInf.root
2025-11-10 12:21:43,530 - INFO - [2022] MISSING_CENTRAL: ZFake3Mu/Central/MHc115_MA87/score_nonprompt in Skim_TriLep_DYGTo2LG_MLL50_PTG100to200.root
2025-11-10 12:21:43,531 - INFO - [2022] MISSING_CENTRAL: ZFake3Mu/Central/MHc115_MA87/score_nonprompt in Skim_TriLep_DYGTo2LG_MLL50_PTG200toInf.root
2025-11-10 12:21:43,537 - INFO - [2022] MISSING_CENTRAL: ZFake3Mu/Central/MHc115_MA87/score_nonprompt in Skim_TriLep_TTG_PTG100to200.root
2025-11-10 12:21:43,538 - INFO - [2022] MISSING_CENTRAL: ZFake3Mu/Central/MHc115_MA87/score_nonprompt in Skim_TriLep_TTG_PTG200toInf.root
2025-11-13 11:11:16,355 - INFO - [2022] MISSING_CENTRAL: ZFake3Mu/Central/MHc115_MA87/score_nonprompt in Skim_TriLep_DYJets10to50.root
2025-11-13 11:11:16,356 - INFO - [2022] MISSING_CENTRAL: ZFake3Mu/Central/MHc115_MA87/score_nonprompt in Skim_TriLep_DYGTo2LG_MLL4to50_PTG10to100.root
2025-11-13 11:11:16,357 - INFO - [2022] MISSING_CENTRAL: ZFake3Mu/Central/MHc115_MA87/score_nonprompt in Skim_TriLep_DYGTo2LG_MLL4to50_PTG100to200.root
2025-11-13 11:11:16,358 - INFO - [2022] MISSING_CENTRAL: ZFake3Mu/Central/MHc115_MA87/score_nonprompt in Skim_TriLep_DYGTo2LG_MLL4to50_PTG200toInf.root
2025-11-13 11:11:16,370 - INFO - [2022] MISSING_CENTRAL: ZFake3Mu/Central/MHc115_MA87/score_nonprompt in Skim_TriLep_DYGTo2LG_MLL50_PTG100to200.root
2025-11-13 11:11:16,371 - INFO - [2022] MISSING_CENTRAL: ZFake3Mu/Central/MHc115_MA87/score_nonprompt in Skim_TriLep_DYGTo2LG_MLL50_PTG200toInf.root
2025-11-13 11:11:16,382 - INFO - [2022] MISSING_CENTRAL: ZFake3Mu/Central/MHc115_MA87/score_nonprompt in Skim_TriLep_TTG_PTG100to200.root
2025-11-13 11:11:16,383 - INFO - [2022] MISSING_CENTRAL: ZFake3Mu/Central/MHc115_MA87/score_nonprompt in Skim_TriLep_TTG_PTG200toInf.root
2025-11-19 16:10:28,838 - INFO - [2022] MISSING_CENTRAL: ZFake3Mu/Central/MHc115_MA87/score_nonprompt in Skim_TriLep_DYJets10to50.root
2025-11-19 16:10:28,839 - INFO - [2022] MISSING_CENTRAL: ZFake3Mu/Central/MHc115_MA87/score_nonprompt in Skim_TriLep_DYGTo2LG_MLL4to50_PTG10to100.root
2025-11-19 16:10:28,839 - INFO - [2022] MISSING_CENTRAL: ZFake3Mu/Central/MHc115_MA87/score_nonprompt in Skim_TriLep_DYGTo2LG_MLL4to50_PTG100to200.root
2025-11-19 16:10:28,840 - INFO - [2022] MISSING_CENTRAL: ZFake3Mu/Central/MHc115_MA87/score_nonprompt in Skim_TriLep_DYGTo2LG_MLL4to50_PTG200toInf.root
2025-11-19 16:10:28,846 - INFO - [2022] MISSING_CENTRAL: ZFake3Mu/Central/MHc115_MA87/score_nonprompt in Skim_TriLep_DYGTo2LG_MLL50_PTG100to200.root
2025-11-19 16:10:28,846 - INFO - [2022] MISSING_CENTRAL: ZFake3Mu/Central/MHc115_MA87/score_nonprompt in Skim_TriLep_DYGTo2LG_MLL50_PTG200toInf.root
2025-11-19 16:10:28,854 - INFO - [2022] MISSING_CENTRAL: ZFake3Mu/Central/MHc115_MA87/score_nonprompt in Skim_TriLep_TTG_PTG100to200.root
2025-11-19 16:10:28,854 - INFO - [2022] MISSING_CENTRAL: ZFake3Mu/Central/MHc115_MA87/score_nonprompt in Skim_TriLep_TTG_PTG200toInf.root
2025-11-19 16:24:06,621 - INFO - [2022] MISSING_CENTRAL: ZFake3Mu/Central/MHc115_MA87/score_nonprompt in Skim_TriLep_DYJets10to50.root
2025-11-19 16:24:06,622 - INFO - [2022] MISSING_CENTRAL: ZFake3Mu/Central/MHc115_MA87/score_nonprompt in Skim_TriLep_DYGTo2LG_MLL4to50_PTG10to100.root
2025-11-19 16:24:06,622 - INFO - [2022] MISSING_CENTRAL: ZFake3Mu/Central/MHc115_MA87/score_nonprompt in Skim_TriLep_DYGTo2LG_MLL4to50_PTG100to200.root
2025-11-19 16:24:06,623 - INFO - [2022] MISSING_CENTRAL: ZFake3Mu/Central/MHc115_MA87/score_nonprompt in Skim_TriLep_DYGTo2LG_MLL4to50_PTG200toInf.root
2025-11-19 16:24:06,628 - INFO - [2022] MISSING_CENTRAL: ZFake3Mu/Central/MHc115_MA87/score_nonprompt in Skim_TriLep_DYGTo2LG_MLL50_PTG100to200.root
2025-11-19 16:24:06,629 - INFO - [2022] MISSING_CENTRAL: ZFake3Mu/Central/MHc115_MA87/score_nonprompt in Skim_TriLep_DYGTo2LG_MLL50_PTG200toInf.root
2025-11-19 16:24:06,634 - INFO - [2022] MISSING_CENTRAL: ZFake3Mu/Central/MHc115_MA87/score_nonprompt in Skim_TriLep_TTG_PTG100to200.root
2025-11-19 16:24:06,635 - INFO - [2022] MISSING_CENTRAL: ZFake3Mu/Central/MHc115_MA87/score_nonprompt in Skim_TriLep_TTG_PTG200toInf.root
