2025-09-24 15:54:00,908 - INFO - [2022] MISSING_CENTRAL: ZFake3Mu/Central/muons/1/phi in Skim_TriLep_DYJets10to50.root
2025-09-24 15:54:00,908 - INFO - [2022] MISSING_CENTRAL: ZFake3Mu/Central/muons/1/phi in Skim_TriLep_DYGTo2LG_MLL4to50_PTG10to100.root
2025-09-24 15:54:00,908 - INFO - [2022] MISSING_CENTRAL: ZFake3Mu/Central/muons/1/phi in Skim_TriLep_DYGTo2LG_MLL4to50_PTG100to200.root
2025-09-24 15:54:00,909 - INFO - [2022] MISSING_CENTRAL: ZFake3Mu/Central/muons/1/phi in Skim_TriLep_DYGTo2LG_MLL4to50_PTG200toInf.root
2025-09-24 15:54:00,927 - INFO - [2022] MISSING_CENTRAL: ZFake3Mu/Central/muons/1/phi in Skim_TriLep_DYGTo2LG_MLL50_PTG100to200.root
2025-09-24 15:54:00,928 - INFO - [2022] MISSING_CENTRAL: ZFake3Mu/Central/muons/1/phi in Skim_TriLep_DYGTo2LG_MLL50_PTG200toInf.root
2025-09-24 15:54:00,951 - INFO - [2022] MISSING_CENTRAL: ZFake3Mu/Central/muons/1/phi in Skim_TriLep_TTG_PTG100to200.root
2025-09-24 15:54:00,951 - INFO - [2022] MISSING_CENTRAL: ZFake3Mu/Central/muons/1/phi in Skim_TriLep_TTG_PTG200toInf.root
2025-10-02 21:16:12,166 - INFO - [2022] MISSING_CENTRAL: ZFake3Mu/Central/muons/1/phi in Skim_TriLep_DYJets10to50.root
2025-10-02 21:16:12,167 - INFO - [2022] MISSING_CENTRAL: ZFake3Mu/Central/muons/1/phi in Skim_TriLep_DYGTo2LG_MLL4to50_PTG10to100.root
2025-10-02 21:16:12,169 - INFO - [2022] MISSING_CENTRAL: ZFake3Mu/Central/muons/1/phi in Skim_TriLep_DYGTo2LG_MLL4to50_PTG100to200.root
2025-10-02 21:16:12,171 - INFO - [2022] MISSING_CENTRAL: ZFake3Mu/Central/muons/1/phi in Skim_TriLep_DYGTo2LG_MLL4to50_PTG200toInf.root
2025-10-02 21:16:12,183 - INFO - [2022] MISSING_CENTRAL: ZFake3Mu/Central/muons/1/phi in Skim_TriLep_DYGTo2LG_MLL50_PTG100to200.root
2025-10-02 21:16:12,200 - INFO - [2022] MISSING_CENTRAL: ZFake3Mu/Central/muons/1/phi in Skim_TriLep_DYGTo2LG_MLL50_PTG200toInf.root
2025-10-02 21:16:12,277 - INFO - [2022] MISSING_CENTRAL: ZFake3Mu/Central/muons/1/phi in Skim_TriLep_TTG_PTG100to200.root
2025-10-02 21:16:12,278 - INFO - [2022] MISSING_CENTRAL: ZFake3Mu/Central/muons/1/phi in Skim_TriLep_TTG_PTG200toInf.root
2025-10-03 00:06:03,959 - INFO - [2022] MISSING_CENTRAL: ZFake3Mu/Central/muons/1/phi in Skim_TriLep_DYJets10to50.root
2025-10-03 00:06:03,959 - INFO - [2022] MISSING_CENTRAL: ZFake3Mu/Central/muons/1/phi in Skim_TriLep_DYGTo2LG_MLL4to50_PTG10to100.root
2025-10-03 00:06:03,959 - INFO - [2022] MISSING_CENTRAL: ZFake3Mu/Central/muons/1/phi in Skim_TriLep_DYGTo2LG_MLL4to50_PTG100to200.root
2025-10-03 00:06:03,960 - INFO - [2022] MISSING_CENTRAL: ZFake3Mu/Central/muons/1/phi in Skim_TriLep_DYGTo2LG_MLL4to50_PTG200toInf.root
2025-10-03 00:06:03,963 - INFO - [2022] MISSING_CENTRAL: ZFake3Mu/Central/muons/1/phi in Skim_TriLep_DYGTo2LG_MLL50_PTG100to200.root
2025-10-03 00:06:03,964 - INFO - [2022] MISSING_CENTRAL: ZFake3Mu/Central/muons/1/phi in Skim_TriLep_DYGTo2LG_MLL50_PTG200toInf.root
2025-10-03 00:06:03,967 - INFO - [2022] MISSING_CENTRAL: ZFake3Mu/Central/muons/1/phi in Skim_TriLep_TTG_PTG100to200.root
2025-10-03 00:06:03,967 - INFO - [2022] MISSING_CENTRAL: ZFake3Mu/Central/muons/1/phi in Skim_TriLep_TTG_PTG200toInf.root
2025-11-07 13:08:43,104 - INFO - [2022] MISSING_FILE: /home/choij/Sync/workspace/ChargedHiggsAnalysisV3/SKNanoOutput/PromptSelector/Run3Mu/2022/Skim_TriLep_DoubleMuon_C.root
2025-11-07 13:08:43,104 - INFO - [2022] MISSING_FILE: /home/choij/Sync/workspace/ChargedHiggsAnalysisV3/SKNanoOutput/PromptSelector/Run3Mu/2022/Skim_TriLep_Muon_C.root
2025-11-07 13:08:43,104 - INFO - [2022] MISSING_FILE: /home/choij/Sync/workspace/ChargedHiggsAnalysisV3/SKNanoOutput/PromptSelector/Run3Mu/2022/Skim_TriLep_Muon_D.root
2025-11-07 14:06:25,775 - INFO - [2022] MISSING_FILE: /home/choij/Sync/workspace/ChargedHiggsAnalysisV3/SKNanoOutput/PromptSelector/Run3Mu/2022/Skim_TriLep_DoubleMuon_C.root
2025-11-07 14:06:25,777 - INFO - [2022] MISSING_FILE: /home/choij/Sync/workspace/ChargedHiggsAnalysisV3/SKNanoOutput/PromptSelector/Run3Mu/2022/Skim_TriLep_Muon_C.root
2025-11-07 14:06:25,777 - INFO - [2022] MISSING_FILE: /home/choij/Sync/workspace/ChargedHiggsAnalysisV3/SKNanoOutput/PromptSelector/Run3Mu/2022/Skim_TriLep_Muon_D.root
