2025-09-24 15:54:01,019 - INFO - [2022] MISSING_CENTRAL: ZFake3Mu/Central/muons/1/pz in Skim_TriLep_DYJets10to50.root
2025-09-24 15:54:01,020 - INFO - [2022] MISSING_CENTRAL: ZFake3Mu/Central/muons/1/pz in Skim_TriLep_DYGTo2LG_MLL4to50_PTG10to100.root
2025-09-24 15:54:01,021 - INFO - [2022] MISSING_CENTRAL: ZFake3Mu/Central/muons/1/pz in Skim_TriLep_DYGTo2LG_MLL4to50_PTG100to200.root
2025-09-24 15:54:01,021 - INFO - [2022] MISSING_CENTRAL: ZFake3Mu/Central/muons/1/pz in Skim_TriLep_DYGTo2LG_MLL4to50_PTG200toInf.root
2025-09-24 15:54:01,045 - INFO - [2022] MISSING_CENTRAL: ZFake3Mu/Central/muons/1/pz in Skim_TriLep_DYGTo2LG_MLL50_PTG100to200.root
2025-09-24 15:54:01,045 - INFO - [2022] MISSING_CENTRAL: ZFake3Mu/Central/muons/1/pz in Skim_TriLep_DYGTo2LG_MLL50_PTG200toInf.root
2025-09-24 15:54:01,066 - INFO - [2022] MISSING_CENTRAL: ZFake3Mu/Central/muons/1/pz in Skim_TriLep_TTG_PTG100to200.root
2025-09-24 15:54:01,066 - INFO - [2022] MISSING_CENTRAL: ZFake3Mu/Central/muons/1/pz in Skim_TriLep_TTG_PTG200toInf.root
2025-10-02 21:16:11,591 - INFO - [2022] MISSING_CENTRAL: ZFake3Mu/Central/muons/1/pz in Skim_TriLep_DYJets10to50.root
2025-10-02 21:16:11,592 - INFO - [2022] MISSING_CENTRAL: ZFake3Mu/Central/muons/1/pz in Skim_TriLep_DYGTo2LG_MLL4to50_PTG10to100.root
2025-10-02 21:16:11,601 - INFO - [2022] MISSING_CENTRAL: ZFake3Mu/Central/muons/1/pz in Skim_TriLep_DYGTo2LG_MLL4to50_PTG100to200.root
2025-10-02 21:16:11,613 - INFO - [2022] MISSING_CENTRAL: ZFake3Mu/Central/muons/1/pz in Skim_TriLep_DYGTo2LG_MLL4to50_PTG200toInf.root
2025-10-02 21:16:11,959 - INFO - [2022] MISSING_CENTRAL: ZFake3Mu/Central/muons/1/pz in Skim_TriLep_DYGTo2LG_MLL50_PTG100to200.root
2025-10-02 21:16:11,977 - INFO - [2022] MISSING_CENTRAL: ZFake3Mu/Central/muons/1/pz in Skim_TriLep_DYGTo2LG_MLL50_PTG200toInf.root
2025-10-02 21:16:12,148 - INFO - [2022] MISSING_CENTRAL: ZFake3Mu/Central/muons/1/pz in Skim_TriLep_TTG_PTG100to200.root
2025-10-02 21:16:12,200 - INFO - [2022] MISSING_CENTRAL: ZFake3Mu/Central/muons/1/pz in Skim_TriLep_TTG_PTG200toInf.root
2025-10-03 00:06:04,012 - INFO - [2022] MISSING_CENTRAL: ZFake3Mu/Central/muons/1/pz in Skim_TriLep_DYJets10to50.root
2025-10-03 00:06:04,013 - INFO - [2022] MISSING_CENTRAL: ZFake3Mu/Central/muons/1/pz in Skim_TriLep_DYGTo2LG_MLL4to50_PTG10to100.root
2025-10-03 00:06:04,013 - INFO - [2022] MISSING_CENTRAL: ZFake3Mu/Central/muons/1/pz in Skim_TriLep_DYGTo2LG_MLL4to50_PTG100to200.root
2025-10-03 00:06:04,013 - INFO - [2022] MISSING_CENTRAL: ZFake3Mu/Central/muons/1/pz in Skim_TriLep_DYGTo2LG_MLL4to50_PTG200toInf.root
2025-10-03 00:06:04,038 - INFO - [2022] MISSING_CENTRAL: ZFake3Mu/Central/muons/1/pz in Skim_TriLep_DYGTo2LG_MLL50_PTG100to200.root
2025-10-03 00:06:04,039 - INFO - [2022] MISSING_CENTRAL: ZFake3Mu/Central/muons/1/pz in Skim_TriLep_DYGTo2LG_MLL50_PTG200toInf.root
2025-10-03 00:06:04,053 - INFO - [2022] MISSING_CENTRAL: ZFake3Mu/Central/muons/1/pz in Skim_TriLep_TTG_PTG100to200.root
2025-10-03 00:06:04,053 - INFO - [2022] MISSING_CENTRAL: ZFake3Mu/Central/muons/1/pz in Skim_TriLep_TTG_PTG200toInf.root
2025-11-07 13:08:43,097 - INFO - [2022] MISSING_FILE: /home/choij/Sync/workspace/ChargedHiggsAnalysisV3/SKNanoOutput/PromptSelector/Run3Mu/2022/Skim_TriLep_DoubleMuon_C.root
2025-11-07 13:08:43,097 - INFO - [2022] MISSING_FILE: /home/choij/Sync/workspace/ChargedHiggsAnalysisV3/SKNanoOutput/PromptSelector/Run3Mu/2022/Skim_TriLep_Muon_C.root
2025-11-07 13:08:43,097 - INFO - [2022] MISSING_FILE: /home/choij/Sync/workspace/ChargedHiggsAnalysisV3/SKNanoOutput/PromptSelector/Run3Mu/2022/Skim_TriLep_Muon_D.root
2025-11-07 14:06:25,826 - INFO - [2022] MISSING_FILE: /home/choij/Sync/workspace/ChargedHiggsAnalysisV3/SKNanoOutput/PromptSelector/Run3Mu/2022/Skim_TriLep_DoubleMuon_C.root
2025-11-07 14:06:25,827 - INFO - [2022] MISSING_FILE: /home/choij/Sync/workspace/ChargedHiggsAnalysisV3/SKNanoOutput/PromptSelector/Run3Mu/2022/Skim_TriLep_Muon_C.root
2025-11-07 14:06:25,827 - INFO - [2022] MISSING_FILE: /home/choij/Sync/workspace/ChargedHiggsAnalysisV3/SKNanoOutput/PromptSelector/Run3Mu/2022/Skim_TriLep_Muon_D.root
2025-11-10 12:21:34,068 - INFO - [2022] MISSING_CENTRAL: ZFake3Mu/Central/muons/1/pz in Skim_TriLep_DYJets10to50.root
2025-11-10 12:21:34,069 - INFO - [2022] MISSING_CENTRAL: ZFake3Mu/Central/muons/1/pz in Skim_TriLep_DYGTo2LG_MLL4to50_PTG10to100.root
2025-11-10 12:21:34,069 - INFO - [2022] MISSING_CENTRAL: ZFake3Mu/Central/muons/1/pz in Skim_TriLep_DYGTo2LG_MLL4to50_PTG100to200.root
2025-11-10 12:21:34,070 - INFO - [2022] MISSING_CENTRAL: ZFake3Mu/Central/muons/1/pz in Skim_TriLep_DYGTo2LG_MLL4to50_PTG200toInf.root
2025-11-10 12:21:34,084 - INFO - [2022] MISSING_CENTRAL: ZFake3Mu/Central/muons/1/pz in Skim_TriLep_DYGTo2LG_MLL50_PTG100to200.root
2025-11-10 12:21:34,085 - INFO - [2022] MISSING_CENTRAL: ZFake3Mu/Central/muons/1/pz in Skim_TriLep_DYGTo2LG_MLL50_PTG200toInf.root
2025-11-10 12:21:34,099 - INFO - [2022] MISSING_CENTRAL: ZFake3Mu/Central/muons/1/pz in Skim_TriLep_TTG_PTG100to200.root
2025-11-10 12:21:34,100 - INFO - [2022] MISSING_CENTRAL: ZFake3Mu/Central/muons/1/pz in Skim_TriLep_TTG_PTG200toInf.root
