2025-09-24 15:54:01,047 - INFO - [2022] MISSING_CENTRAL: ZFake3Mu/Central/muons/1/py in Skim_TriLep_DYJets10to50.root
2025-09-24 15:54:01,048 - INFO - [2022] MISSING_CENTRAL: ZFake3Mu/Central/muons/1/py in Skim_TriLep_DYGTo2LG_MLL4to50_PTG10to100.root
2025-09-24 15:54:01,048 - INFO - [2022] MISSING_CENTRAL: ZFake3Mu/Central/muons/1/py in Skim_TriLep_DYGTo2LG_MLL4to50_PTG100to200.root
2025-09-24 15:54:01,049 - INFO - [2022] MISSING_CENTRAL: ZFake3Mu/Central/muons/1/py in Skim_TriLep_DYGTo2LG_MLL4to50_PTG200toInf.root
2025-09-24 15:54:01,064 - INFO - [2022] MISSING_CENTRAL: ZFake3Mu/Central/muons/1/py in Skim_TriLep_DYGTo2LG_MLL50_PTG100to200.root
2025-09-24 15:54:01,064 - INFO - [2022] MISSING_CENTRAL: ZFake3Mu/Central/muons/1/py in Skim_TriLep_DYGTo2LG_MLL50_PTG200toInf.root
2025-09-24 15:54:01,076 - INFO - [2022] MISSING_CENTRAL: ZFake3Mu/Central/muons/1/py in Skim_TriLep_TTG_PTG100to200.root
2025-09-24 15:54:01,076 - INFO - [2022] MISSING_CENTRAL: ZFake3Mu/Central/muons/1/py in Skim_TriLep_TTG_PTG200toInf.root
2025-10-02 21:16:12,139 - INFO - [2022] MISSING_CENTRAL: ZFake3Mu/Central/muons/1/py in Skim_TriLep_DYJets10to50.root
2025-10-02 21:16:12,140 - INFO - [2022] MISSING_CENTRAL: ZFake3Mu/Central/muons/1/py in Skim_TriLep_DYGTo2LG_MLL4to50_PTG10to100.root
2025-10-02 21:16:12,145 - INFO - [2022] MISSING_CENTRAL: ZFake3Mu/Central/muons/1/py in Skim_TriLep_DYGTo2LG_MLL4to50_PTG100to200.root
2025-10-02 21:16:12,146 - INFO - [2022] MISSING_CENTRAL: ZFake3Mu/Central/muons/1/py in Skim_TriLep_DYGTo2LG_MLL4to50_PTG200toInf.root
2025-10-02 21:16:12,171 - INFO - [2022] MISSING_CENTRAL: ZFake3Mu/Central/muons/1/py in Skim_TriLep_DYGTo2LG_MLL50_PTG100to200.root
2025-10-02 21:16:12,172 - INFO - [2022] MISSING_CENTRAL: ZFake3Mu/Central/muons/1/py in Skim_TriLep_DYGTo2LG_MLL50_PTG200toInf.root
2025-10-02 21:16:12,237 - INFO - [2022] MISSING_CENTRAL: ZFake3Mu/Central/muons/1/py in Skim_TriLep_TTG_PTG100to200.root
2025-10-02 21:16:12,238 - INFO - [2022] MISSING_CENTRAL: ZFake3Mu/Central/muons/1/py in Skim_TriLep_TTG_PTG200toInf.root
2025-10-03 00:06:03,967 - INFO - [2022] MISSING_CENTRAL: ZFake3Mu/Central/muons/1/py in Skim_TriLep_DYJets10to50.root
2025-10-03 00:06:03,968 - INFO - [2022] MISSING_CENTRAL: ZFake3Mu/Central/muons/1/py in Skim_TriLep_DYGTo2LG_MLL4to50_PTG10to100.root
2025-10-03 00:06:03,968 - INFO - [2022] MISSING_CENTRAL: ZFake3Mu/Central/muons/1/py in Skim_TriLep_DYGTo2LG_MLL4to50_PTG100to200.root
2025-10-03 00:06:03,968 - INFO - [2022] MISSING_CENTRAL: ZFake3Mu/Central/muons/1/py in Skim_TriLep_DYGTo2LG_MLL4to50_PTG200toInf.root
2025-10-03 00:06:03,980 - INFO - [2022] MISSING_CENTRAL: ZFake3Mu/Central/muons/1/py in Skim_TriLep_DYGTo2LG_MLL50_PTG100to200.root
2025-10-03 00:06:03,981 - INFO - [2022] MISSING_CENTRAL: ZFake3Mu/Central/muons/1/py in Skim_TriLep_DYGTo2LG_MLL50_PTG200toInf.root
2025-10-03 00:06:03,992 - INFO - [2022] MISSING_CENTRAL: ZFake3Mu/Central/muons/1/py in Skim_TriLep_TTG_PTG100to200.root
2025-10-03 00:06:03,992 - INFO - [2022] MISSING_CENTRAL: ZFake3Mu/Central/muons/1/py in Skim_TriLep_TTG_PTG200toInf.root
2025-11-07 13:08:43,155 - INFO - [2022] MISSING_FILE: /home/choij/Sync/workspace/ChargedHiggsAnalysisV3/SKNanoOutput/PromptSelector/Run3Mu/2022/Skim_TriLep_DoubleMuon_C.root
2025-11-07 13:08:43,155 - INFO - [2022] MISSING_FILE: /home/choij/Sync/workspace/ChargedHiggsAnalysisV3/SKNanoOutput/PromptSelector/Run3Mu/2022/Skim_TriLep_Muon_C.root
2025-11-07 13:08:43,155 - INFO - [2022] MISSING_FILE: /home/choij/Sync/workspace/ChargedHiggsAnalysisV3/SKNanoOutput/PromptSelector/Run3Mu/2022/Skim_TriLep_Muon_D.root
2025-11-07 14:06:25,845 - INFO - [2022] MISSING_FILE: /home/choij/Sync/workspace/ChargedHiggsAnalysisV3/SKNanoOutput/PromptSelector/Run3Mu/2022/Skim_TriLep_DoubleMuon_C.root
2025-11-07 14:06:25,846 - INFO - [2022] MISSING_FILE: /home/choij/Sync/workspace/ChargedHiggsAnalysisV3/SKNanoOutput/PromptSelector/Run3Mu/2022/Skim_TriLep_Muon_C.root
2025-11-07 14:06:25,846 - INFO - [2022] MISSING_FILE: /home/choij/Sync/workspace/ChargedHiggsAnalysisV3/SKNanoOutput/PromptSelector/Run3Mu/2022/Skim_TriLep_Muon_D.root
2025-11-10 12:21:34,055 - INFO - [2022] MISSING_CENTRAL: ZFake3Mu/Central/muons/1/py in Skim_TriLep_DYJets10to50.root
2025-11-10 12:21:34,056 - INFO - [2022] MISSING_CENTRAL: ZFake3Mu/Central/muons/1/py in Skim_TriLep_DYGTo2LG_MLL4to50_PTG10to100.root
2025-11-10 12:21:34,056 - INFO - [2022] MISSING_CENTRAL: ZFake3Mu/Central/muons/1/py in Skim_TriLep_DYGTo2LG_MLL4to50_PTG100to200.root
2025-11-10 12:21:34,057 - INFO - [2022] MISSING_CENTRAL: ZFake3Mu/Central/muons/1/py in Skim_TriLep_DYGTo2LG_MLL4to50_PTG200toInf.root
2025-11-10 12:21:34,073 - INFO - [2022] MISSING_CENTRAL: ZFake3Mu/Central/muons/1/py in Skim_TriLep_DYGTo2LG_MLL50_PTG100to200.root
2025-11-10 12:21:34,073 - INFO - [2022] MISSING_CENTRAL: ZFake3Mu/Central/muons/1/py in Skim_TriLep_DYGTo2LG_MLL50_PTG200toInf.root
2025-11-10 12:21:34,089 - INFO - [2022] MISSING_CENTRAL: ZFake3Mu/Central/muons/1/py in Skim_TriLep_TTG_PTG100to200.root
2025-11-10 12:21:34,089 - INFO - [2022] MISSING_CENTRAL: ZFake3Mu/Central/muons/1/py in Skim_TriLep_TTG_PTG200toInf.root
2025-11-13 11:11:06,559 - INFO - [2022] MISSING_CENTRAL: ZFake3Mu/Central/muons/1/py in Skim_TriLep_DYJets10to50.root
2025-11-13 11:11:06,559 - INFO - [2022] MISSING_CENTRAL: ZFake3Mu/Central/muons/1/py in Skim_TriLep_DYGTo2LG_MLL4to50_PTG10to100.root
2025-11-13 11:11:06,560 - INFO - [2022] MISSING_CENTRAL: ZFake3Mu/Central/muons/1/py in Skim_TriLep_DYGTo2LG_MLL4to50_PTG100to200.root
2025-11-13 11:11:06,560 - INFO - [2022] MISSING_CENTRAL: ZFake3Mu/Central/muons/1/py in Skim_TriLep_DYGTo2LG_MLL4to50_PTG200toInf.root
2025-11-13 11:11:06,696 - INFO - [2022] MISSING_CENTRAL: ZFake3Mu/Central/muons/1/py in Skim_TriLep_DYGTo2LG_MLL50_PTG100to200.root
2025-11-13 11:11:06,696 - INFO - [2022] MISSING_CENTRAL: ZFake3Mu/Central/muons/1/py in Skim_TriLep_DYGTo2LG_MLL50_PTG200toInf.root
2025-11-13 11:11:07,097 - INFO - [2022] MISSING_CENTRAL: ZFake3Mu/Central/muons/1/py in Skim_TriLep_TTG_PTG100to200.root
2025-11-13 11:11:07,121 - INFO - [2022] MISSING_CENTRAL: ZFake3Mu/Central/muons/1/py in Skim_TriLep_TTG_PTG200toInf.root
2025-11-19 16:10:19,569 - INFO - [2022] MISSING_CENTRAL: ZFake3Mu/Central/muons/1/py in Skim_TriLep_DYJets10to50.root
2025-11-19 16:10:19,570 - INFO - [2022] MISSING_CENTRAL: ZFake3Mu/Central/muons/1/py in Skim_TriLep_DYGTo2LG_MLL4to50_PTG10to100.root
2025-11-19 16:10:19,571 - INFO - [2022] MISSING_CENTRAL: ZFake3Mu/Central/muons/1/py in Skim_TriLep_DYGTo2LG_MLL4to50_PTG100to200.root
2025-11-19 16:10:19,571 - INFO - [2022] MISSING_CENTRAL: ZFake3Mu/Central/muons/1/py in Skim_TriLep_DYGTo2LG_MLL4to50_PTG200toInf.root
2025-11-19 16:10:19,588 - INFO - [2022] MISSING_CENTRAL: ZFake3Mu/Central/muons/1/py in Skim_TriLep_DYGTo2LG_MLL50_PTG100to200.root
2025-11-19 16:10:19,589 - INFO - [2022] MISSING_CENTRAL: ZFake3Mu/Central/muons/1/py in Skim_TriLep_DYGTo2LG_MLL50_PTG200toInf.root
2025-11-19 16:10:19,606 - INFO - [2022] MISSING_CENTRAL: ZFake3Mu/Central/muons/1/py in Skim_TriLep_TTG_PTG100to200.root
2025-11-19 16:10:19,607 - INFO - [2022] MISSING_CENTRAL: ZFake3Mu/Central/muons/1/py in Skim_TriLep_TTG_PTG200toInf.root
2025-11-19 16:23:57,253 - INFO - [2022] MISSING_CENTRAL: ZFake3Mu/Central/muons/1/py in Skim_TriLep_DYJets10to50.root
2025-11-19 16:23:57,253 - INFO - [2022] MISSING_CENTRAL: ZFake3Mu/Central/muons/1/py in Skim_TriLep_DYGTo2LG_MLL4to50_PTG10to100.root
2025-11-19 16:23:57,254 - INFO - [2022] MISSING_CENTRAL: ZFake3Mu/Central/muons/1/py in Skim_TriLep_DYGTo2LG_MLL4to50_PTG100to200.root
2025-11-19 16:23:57,254 - INFO - [2022] MISSING_CENTRAL: ZFake3Mu/Central/muons/1/py in Skim_TriLep_DYGTo2LG_MLL4to50_PTG200toInf.root
2025-11-19 16:23:57,270 - INFO - [2022] MISSING_CENTRAL: ZFake3Mu/Central/muons/1/py in Skim_TriLep_DYGTo2LG_MLL50_PTG100to200.root
2025-11-19 16:23:57,270 - INFO - [2022] MISSING_CENTRAL: ZFake3Mu/Central/muons/1/py in Skim_TriLep_DYGTo2LG_MLL50_PTG200toInf.root
2025-11-19 16:23:57,285 - INFO - [2022] MISSING_CENTRAL: ZFake3Mu/Central/muons/1/py in Skim_TriLep_TTG_PTG100to200.root
2025-11-19 16:23:57,286 - INFO - [2022] MISSING_CENTRAL: ZFake3Mu/Central/muons/1/py in Skim_TriLep_TTG_PTG200toInf.root
