2025-09-24 15:54:24,426 - INFO - [2022] MISSING_CENTRAL: ZFake3Mu/Central/nonprompt/pt in Skim_TriLep_DYJets10to50.root
2025-09-24 15:54:24,426 - INFO - [2022] MISSING_CENTRAL: ZFake3Mu/Central/nonprompt/pt in Skim_TriLep_DYGTo2LG_MLL4to50_PTG10to100.root
2025-09-24 15:54:24,427 - INFO - [2022] MISSING_CENTRAL: ZFake3Mu/Central/nonprompt/pt in Skim_TriLep_DYGTo2LG_MLL4to50_PTG100to200.root
2025-09-24 15:54:24,427 - INFO - [2022] MISSING_CENTRAL: ZFake3Mu/Central/nonprompt/pt in Skim_TriLep_DYGTo2LG_MLL4to50_PTG200toInf.root
2025-09-24 15:54:24,435 - INFO - [2022] MISSING_CENTRAL: ZFake3Mu/Central/nonprompt/pt in Skim_TriLep_DYGTo2LG_MLL50_PTG100to200.root
2025-09-24 15:54:24,435 - INFO - [2022] MISSING_CENTRAL: ZFake3Mu/Central/nonprompt/pt in Skim_TriLep_DYGTo2LG_MLL50_PTG200toInf.root
2025-09-24 15:54:24,443 - INFO - [2022] MISSING_CENTRAL: ZFake3Mu/Central/nonprompt/pt in Skim_TriLep_TTG_PTG100to200.root
2025-09-24 15:54:24,443 - INFO - [2022] MISSING_CENTRAL: ZFake3Mu/Central/nonprompt/pt in Skim_TriLep_TTG_PTG200toInf.root
2025-10-02 21:16:21,875 - INFO - [2022] MISSING_CENTRAL: ZFake3Mu/Central/nonprompt/pt in Skim_TriLep_DYJets10to50.root
2025-10-02 21:16:21,876 - INFO - [2022] MISSING_CENTRAL: ZFake3Mu/Central/nonprompt/pt in Skim_TriLep_DYGTo2LG_MLL4to50_PTG10to100.root
2025-10-02 21:16:21,877 - INFO - [2022] MISSING_CENTRAL: ZFake3Mu/Central/nonprompt/pt in Skim_TriLep_DYGTo2LG_MLL4to50_PTG100to200.root
2025-10-02 21:16:21,878 - INFO - [2022] MISSING_CENTRAL: ZFake3Mu/Central/nonprompt/pt in Skim_TriLep_DYGTo2LG_MLL4to50_PTG200toInf.root
2025-10-02 21:16:21,894 - INFO - [2022] MISSING_CENTRAL: ZFake3Mu/Central/nonprompt/pt in Skim_TriLep_DYGTo2LG_MLL50_PTG100to200.root
2025-10-02 21:16:21,895 - INFO - [2022] MISSING_CENTRAL: ZFake3Mu/Central/nonprompt/pt in Skim_TriLep_DYGTo2LG_MLL50_PTG200toInf.root
2025-10-02 21:16:21,912 - INFO - [2022] MISSING_CENTRAL: ZFake3Mu/Central/nonprompt/pt in Skim_TriLep_TTG_PTG100to200.root
2025-10-02 21:16:21,913 - INFO - [2022] MISSING_CENTRAL: ZFake3Mu/Central/nonprompt/pt in Skim_TriLep_TTG_PTG200toInf.root
2025-10-03 00:22:32,132 - INFO - [2022] MISSING_CENTRAL: ZFake3Mu/Central/nonprompt/pt in Skim_TriLep_DYJets10to50.root
2025-10-03 00:22:32,133 - INFO - [2022] MISSING_CENTRAL: ZFake3Mu/Central/nonprompt/pt in Skim_TriLep_DYGTo2LG_MLL4to50_PTG10to100.root
2025-10-03 00:22:32,133 - INFO - [2022] MISSING_CENTRAL: ZFake3Mu/Central/nonprompt/pt in Skim_TriLep_DYGTo2LG_MLL4to50_PTG100to200.root
2025-10-03 00:22:32,133 - INFO - [2022] MISSING_CENTRAL: ZFake3Mu/Central/nonprompt/pt in Skim_TriLep_DYGTo2LG_MLL4to50_PTG200toInf.root
2025-10-03 00:22:32,141 - INFO - [2022] MISSING_CENTRAL: ZFake3Mu/Central/nonprompt/pt in Skim_TriLep_DYGTo2LG_MLL50_PTG100to200.root
2025-10-03 00:22:32,141 - INFO - [2022] MISSING_CENTRAL: ZFake3Mu/Central/nonprompt/pt in Skim_TriLep_DYGTo2LG_MLL50_PTG200toInf.root
2025-10-03 00:22:32,150 - INFO - [2022] MISSING_CENTRAL: ZFake3Mu/Central/nonprompt/pt in Skim_TriLep_TTG_PTG100to200.root
2025-10-03 00:22:32,150 - INFO - [2022] MISSING_CENTRAL: ZFake3Mu/Central/nonprompt/pt in Skim_TriLep_TTG_PTG200toInf.root
