2025-11-05 22:19:46,779 - INFO - [2016preVFP] MISSING_CENTRAL: ZFake1E2Mu/Central/dR_ele_mu1 in Skim_TriLep_DYJets.root
2025-11-05 22:19:46,780 - INFO - [2016preVFP] MISSING_CENTRAL: ZFake1E2Mu/Central/dR_ele_mu1 in Skim_TriLep_DYJets10to50.root
2025-11-05 22:19:46,938 - INFO - [2016postVFP] MISSING_CENTRAL: ZFake1E2Mu/Central/dR_ele_mu1 in Skim_TriLep_DYJets10to50.root
2025-11-05 22:19:47,068 - INFO - [2017] MISSING_CENTRAL: ZFake1E2Mu/Central/dR_ele_mu1 in Skim_TriLep_DYJets.root
2025-11-05 22:19:47,068 - INFO - [2017] MISSING_CENTRAL: ZFake1E2Mu/Central/dR_ele_mu1 in Skim_TriLep_DYJets10to50.root
2025-11-05 22:19:47,182 - INFO - [2018] MISSING_CENTRAL: ZFake1E2Mu/Central/dR_ele_mu1 in Skim_TriLep_DYJets.root
2025-11-05 22:19:47,183 - INFO - [2018] MISSING_CENTRAL: ZFake1E2Mu/Central/dR_ele_mu1 in Skim_TriLep_DYJets10to50.root
2025-11-05 23:24:20,643 - INFO - [2016preVFP] MISSING_CENTRAL: ZFake1E2Mu/Central/dR_ele_mu1 in Skim_TriLep_DYJets.root
2025-11-05 23:24:20,643 - INFO - [2016preVFP] MISSING_CENTRAL: ZFake1E2Mu/Central/dR_ele_mu1 in Skim_TriLep_DYJets10to50.root
2025-11-05 23:24:20,761 - INFO - [2016postVFP] MISSING_CENTRAL: ZFake1E2Mu/Central/dR_ele_mu1 in Skim_TriLep_DYJets10to50.root
2025-11-05 23:24:20,907 - INFO - [2017] MISSING_CENTRAL: ZFake1E2Mu/Central/dR_ele_mu1 in Skim_TriLep_DYJets.root
2025-11-05 23:24:20,908 - INFO - [2017] MISSING_CENTRAL: ZFake1E2Mu/Central/dR_ele_mu1 in Skim_TriLep_DYJets10to50.root
2025-11-05 23:24:21,005 - INFO - [2018] MISSING_CENTRAL: ZFake1E2Mu/Central/dR_ele_mu1 in Skim_TriLep_DYJets.root
2025-11-05 23:24:21,006 - INFO - [2018] MISSING_CENTRAL: ZFake1E2Mu/Central/dR_ele_mu1 in Skim_TriLep_DYJets10to50.root
2025-11-07 12:27:31,704 - INFO - [2016preVFP] MISSING_CENTRAL: ZFake1E2Mu/Central/dR_ele_mu1 in Skim_TriLep_DYJets.root
2025-11-07 12:27:31,705 - INFO - [2016preVFP] MISSING_CENTRAL: ZFake1E2Mu/Central/dR_ele_mu1 in Skim_TriLep_DYJets10to50.root
2025-11-07 12:27:31,920 - INFO - [2016postVFP] MISSING_CENTRAL: ZFake1E2Mu/Central/dR_ele_mu1 in Skim_TriLep_DYJets10to50.root
2025-11-07 12:27:32,036 - INFO - [2017] MISSING_CENTRAL: ZFake1E2Mu/Central/dR_ele_mu1 in Skim_TriLep_DYJets.root
2025-11-07 12:27:32,037 - INFO - [2017] MISSING_CENTRAL: ZFake1E2Mu/Central/dR_ele_mu1 in Skim_TriLep_DYJets10to50.root
2025-11-07 12:27:32,169 - INFO - [2018] MISSING_CENTRAL: ZFake1E2Mu/Central/dR_ele_mu1 in Skim_TriLep_DYJets.root
2025-11-07 12:27:32,169 - INFO - [2018] MISSING_CENTRAL: ZFake1E2Mu/Central/dR_ele_mu1 in Skim_TriLep_DYJets10to50.root
2025-11-07 13:08:09,136 - INFO - [2016preVFP] MISSING_CENTRAL: ZFake1E2Mu/Central/dR_ele_mu1 in Skim_TriLep_DYJets.root
2025-11-07 13:08:09,141 - INFO - [2016preVFP] MISSING_CENTRAL: ZFake1E2Mu/Central/dR_ele_mu1 in Skim_TriLep_DYJets10to50.root
2025-11-07 13:08:09,257 - INFO - [2016postVFP] MISSING_CENTRAL: ZFake1E2Mu/Central/dR_ele_mu1 in Skim_TriLep_DYJets10to50.root
2025-11-07 13:08:09,398 - INFO - [2017] MISSING_CENTRAL: ZFake1E2Mu/Central/dR_ele_mu1 in Skim_TriLep_DYJets.root
2025-11-07 13:08:09,399 - INFO - [2017] MISSING_CENTRAL: ZFake1E2Mu/Central/dR_ele_mu1 in Skim_TriLep_DYJets10to50.root
2025-11-07 13:08:09,499 - INFO - [2018] MISSING_CENTRAL: ZFake1E2Mu/Central/dR_ele_mu1 in Skim_TriLep_DYJets.root
2025-11-07 13:08:09,499 - INFO - [2018] MISSING_CENTRAL: ZFake1E2Mu/Central/dR_ele_mu1 in Skim_TriLep_DYJets10to50.root
2025-11-07 14:04:51,769 - INFO - [2016preVFP] MISSING_CENTRAL: ZFake1E2Mu/Central/dR_ele_mu1 in Skim_TriLep_DYJets.root
2025-11-07 14:04:51,770 - INFO - [2016preVFP] MISSING_CENTRAL: ZFake1E2Mu/Central/dR_ele_mu1 in Skim_TriLep_DYJets10to50.root
2025-11-07 14:04:51,899 - INFO - [2016postVFP] MISSING_CENTRAL: ZFake1E2Mu/Central/dR_ele_mu1 in Skim_TriLep_DYJets10to50.root
2025-11-07 14:04:52,022 - INFO - [2017] MISSING_CENTRAL: ZFake1E2Mu/Central/dR_ele_mu1 in Skim_TriLep_DYJets.root
2025-11-07 14:04:52,023 - INFO - [2017] MISSING_CENTRAL: ZFake1E2Mu/Central/dR_ele_mu1 in Skim_TriLep_DYJets10to50.root
2025-11-07 14:04:52,172 - INFO - [2018] MISSING_CENTRAL: ZFake1E2Mu/Central/dR_ele_mu1 in Skim_TriLep_DYJets.root
2025-11-07 14:04:52,173 - INFO - [2018] MISSING_CENTRAL: ZFake1E2Mu/Central/dR_ele_mu1 in Skim_TriLep_DYJets10to50.root
2025-11-10 05:56:00,189 - INFO - [2016preVFP] MISSING_CENTRAL: ZFake1E2Mu/Central/dR_ele_mu1 in Skim_TriLep_DYJets.root
2025-11-10 05:56:00,193 - INFO - [2016preVFP] MISSING_CENTRAL: ZFake1E2Mu/Central/dR_ele_mu1 in Skim_TriLep_DYJets10to50.root
2025-11-10 05:56:00,605 - INFO - [2016postVFP] MISSING_CENTRAL: ZFake1E2Mu/Central/dR_ele_mu1 in Skim_TriLep_DYJets10to50.root
2025-11-10 05:56:00,929 - INFO - [2017] MISSING_CENTRAL: ZFake1E2Mu/Central/dR_ele_mu1 in Skim_TriLep_DYJets.root
2025-11-10 05:56:00,929 - INFO - [2017] MISSING_CENTRAL: ZFake1E2Mu/Central/dR_ele_mu1 in Skim_TriLep_DYJets10to50.root
2025-11-10 05:56:01,239 - INFO - [2018] MISSING_CENTRAL: ZFake1E2Mu/Central/dR_ele_mu1 in Skim_TriLep_DYJets.root
2025-11-10 05:56:01,240 - INFO - [2018] MISSING_CENTRAL: ZFake1E2Mu/Central/dR_ele_mu1 in Skim_TriLep_DYJets10to50.root
2025-11-10 12:19:55,012 - INFO - [2016preVFP] MISSING_CENTRAL: ZFake1E2Mu/Central/dR_ele_mu1 in Skim_TriLep_DYJets.root
2025-11-10 12:19:55,013 - INFO - [2016preVFP] MISSING_CENTRAL: ZFake1E2Mu/Central/dR_ele_mu1 in Skim_TriLep_DYJets10to50.root
2025-11-10 12:19:55,171 - INFO - [2016postVFP] MISSING_CENTRAL: ZFake1E2Mu/Central/dR_ele_mu1 in Skim_TriLep_DYJets10to50.root
2025-11-10 12:19:55,342 - INFO - [2017] MISSING_CENTRAL: ZFake1E2Mu/Central/dR_ele_mu1 in Skim_TriLep_DYJets.root
2025-11-10 12:19:55,343 - INFO - [2017] MISSING_CENTRAL: ZFake1E2Mu/Central/dR_ele_mu1 in Skim_TriLep_DYJets10to50.root
2025-11-10 12:19:55,454 - INFO - [2018] MISSING_CENTRAL: ZFake1E2Mu/Central/dR_ele_mu1 in Skim_TriLep_DYJets.root
2025-11-10 12:19:55,455 - INFO - [2018] MISSING_CENTRAL: ZFake1E2Mu/Central/dR_ele_mu1 in Skim_TriLep_DYJets10to50.root
2025-11-13 11:09:21,811 - INFO - [2016preVFP] MISSING_CENTRAL: ZFake1E2Mu/Central/dR_ele_mu1 in Skim_TriLep_DYJets.root
2025-11-13 11:09:21,812 - INFO - [2016preVFP] MISSING_CENTRAL: ZFake1E2Mu/Central/dR_ele_mu1 in Skim_TriLep_DYJets10to50.root
2025-11-13 11:09:22,405 - INFO - [2016postVFP] MISSING_CENTRAL: ZFake1E2Mu/Central/dR_ele_mu1 in Skim_TriLep_DYJets10to50.root
2025-11-13 11:09:22,943 - INFO - [2017] MISSING_CENTRAL: ZFake1E2Mu/Central/dR_ele_mu1 in Skim_TriLep_DYJets.root
2025-11-13 11:09:22,952 - INFO - [2017] MISSING_CENTRAL: ZFake1E2Mu/Central/dR_ele_mu1 in Skim_TriLep_DYJets10to50.root
2025-11-13 11:09:23,311 - INFO - [2018] MISSING_CENTRAL: ZFake1E2Mu/Central/dR_ele_mu1 in Skim_TriLep_DYJets.root
2025-11-13 11:09:23,314 - INFO - [2018] MISSING_CENTRAL: ZFake1E2Mu/Central/dR_ele_mu1 in Skim_TriLep_DYJets10to50.root
2025-11-19 16:09:40,844 - INFO - [2016preVFP] MISSING_CENTRAL: ZFake1E2Mu/Central/dR_ele_mu1 in Skim_TriLep_DYJets.root
2025-11-19 16:09:40,846 - INFO - [2016preVFP] MISSING_CENTRAL: ZFake1E2Mu/Central/dR_ele_mu1 in Skim_TriLep_DYJets10to50.root
2025-11-19 16:09:40,953 - INFO - [2016postVFP] MISSING_CENTRAL: ZFake1E2Mu/Central/dR_ele_mu1 in Skim_TriLep_DYJets10to50.root
2025-11-19 16:09:41,065 - INFO - [2017] MISSING_CENTRAL: ZFake1E2Mu/Central/dR_ele_mu1 in Skim_TriLep_DYJets.root
2025-11-19 16:09:41,066 - INFO - [2017] MISSING_CENTRAL: ZFake1E2Mu/Central/dR_ele_mu1 in Skim_TriLep_DYJets10to50.root
2025-11-19 16:09:41,175 - INFO - [2018] MISSING_CENTRAL: ZFake1E2Mu/Central/dR_ele_mu1 in Skim_TriLep_DYJets.root
2025-11-19 16:09:41,175 - INFO - [2018] MISSING_CENTRAL: ZFake1E2Mu/Central/dR_ele_mu1 in Skim_TriLep_DYJets10to50.root
2025-11-19 16:22:17,171 - INFO - [2016preVFP] MISSING_CENTRAL: ZFake1E2Mu/Central/dR_ele_mu1 in Skim_TriLep_DYJets.root
2025-11-19 16:22:17,172 - INFO - [2016preVFP] MISSING_CENTRAL: ZFake1E2Mu/Central/dR_ele_mu1 in Skim_TriLep_DYJets10to50.root
2025-11-19 16:22:17,292 - INFO - [2016postVFP] MISSING_CENTRAL: ZFake1E2Mu/Central/dR_ele_mu1 in Skim_TriLep_DYJets10to50.root
2025-11-19 16:22:17,430 - INFO - [2017] MISSING_CENTRAL: ZFake1E2Mu/Central/dR_ele_mu1 in Skim_TriLep_DYJets.root
2025-11-19 16:22:17,430 - INFO - [2017] MISSING_CENTRAL: ZFake1E2Mu/Central/dR_ele_mu1 in Skim_TriLep_DYJets10to50.root
2025-11-19 16:22:17,532 - INFO - [2018] MISSING_CENTRAL: ZFake1E2Mu/Central/dR_ele_mu1 in Skim_TriLep_DYJets.root
2025-11-19 16:22:17,532 - INFO - [2018] MISSING_CENTRAL: ZFake1E2Mu/Central/dR_ele_mu1 in Skim_TriLep_DYJets10to50.root
2025-12-17 22:36:43,186 - INFO - [2016preVFP] MISSING_CENTRAL: ZFake1E2Mu/Central/dR_ele_mu1 in Skim_TriLep_DYJets10to50.root
2025-12-17 22:36:43,376 - INFO - [2016postVFP] MISSING_CENTRAL: ZFake1E2Mu/Central/dR_ele_mu1 in Skim_TriLep_DYJets10to50.root
2025-12-17 22:36:43,771 - INFO - [2017] MISSING_CENTRAL: ZFake1E2Mu/Central/dR_ele_mu1 in Skim_TriLep_DYJets10to50.root
2025-12-17 22:36:44,062 - INFO - [2018] MISSING_CENTRAL: ZFake1E2Mu/Central/dR_ele_mu1 in Skim_TriLep_DYJets10to50.root
2025-12-18 14:20:46,053 - INFO - [2016preVFP] MISSING_CENTRAL: ZFake1E2Mu/Central/dR_ele_mu1 in Skim_TriLep_DYJets10to50.root
2025-12-18 14:20:46,394 - INFO - [2016postVFP] MISSING_CENTRAL: ZFake1E2Mu/Central/dR_ele_mu1 in Skim_TriLep_DYJets10to50.root
2025-12-18 14:20:46,766 - INFO - [2017] MISSING_CENTRAL: ZFake1E2Mu/Central/dR_ele_mu1 in Skim_TriLep_DYJets10to50.root
2025-12-18 14:20:47,147 - INFO - [2018] MISSING_CENTRAL: ZFake1E2Mu/Central/dR_ele_mu1 in Skim_TriLep_DYJets10to50.root
2025-12-18 14:36:10,783 - INFO - [2016preVFP] MISSING_CENTRAL: ZFake1E2Mu/Central/dR_ele_mu1 in Skim_TriLep_DYJets10to50.root
2025-12-18 14:36:11,101 - INFO - [2016postVFP] MISSING_CENTRAL: ZFake1E2Mu/Central/dR_ele_mu1 in Skim_TriLep_DYJets10to50.root
2025-12-18 14:36:11,390 - INFO - [2017] MISSING_CENTRAL: ZFake1E2Mu/Central/dR_ele_mu1 in Skim_TriLep_DYJets10to50.root
2025-12-18 14:36:11,769 - INFO - [2018] MISSING_CENTRAL: ZFake1E2Mu/Central/dR_ele_mu1 in Skim_TriLep_DYJets10to50.root
2026-01-07 11:46:11,437 - INFO - [2016preVFP] MISSING_CENTRAL: ZFake1E2Mu/Central/dR_ele_mu1 in Skim_TriLep_DYJets10to50.root
2026-01-07 11:46:11,937 - INFO - [2016postVFP] MISSING_CENTRAL: ZFake1E2Mu/Central/dR_ele_mu1 in Skim_TriLep_DYJets10to50.root
2026-01-07 11:46:12,398 - INFO - [2017] MISSING_CENTRAL: ZFake1E2Mu/Central/dR_ele_mu1 in Skim_TriLep_DYJets10to50.root
2026-01-07 11:46:12,588 - INFO - [2018] MISSING_CENTRAL: ZFake1E2Mu/Central/dR_ele_mu1 in Skim_TriLep_DYJets10to50.root
2026-01-07 18:42:51,541 - INFO - [2016preVFP] MISSING_CENTRAL: ZFake1E2Mu/Central/dR_ele_mu1 in Skim_TriLep_DYJets10to50.root
2026-01-07 18:42:51,884 - INFO - [2016postVFP] MISSING_CENTRAL: ZFake1E2Mu/Central/dR_ele_mu1 in Skim_TriLep_DYJets10to50.root
2026-01-07 18:42:52,117 - INFO - [2017] MISSING_CENTRAL: ZFake1E2Mu/Central/dR_ele_mu1 in Skim_TriLep_DYJets10to50.root
2026-01-07 18:42:52,338 - INFO - [2018] MISSING_CENTRAL: ZFake1E2Mu/Central/dR_ele_mu1 in Skim_TriLep_DYJets10to50.root
2026-01-09 12:16:48,634 - INFO - [2016preVFP] MISSING_CENTRAL: ZFake1E2Mu/Central/dR_ele_mu1 in Skim_TriLep_DYJets10to50.root
2026-01-09 12:16:48,735 - INFO - [2016postVFP] MISSING_CENTRAL: ZFake1E2Mu/Central/dR_ele_mu1 in Skim_TriLep_DYJets10to50.root
2026-01-09 12:16:48,844 - INFO - [2017] MISSING_CENTRAL: ZFake1E2Mu/Central/dR_ele_mu1 in Skim_TriLep_DYJets10to50.root
2026-01-09 12:16:48,959 - INFO - [2018] MISSING_CENTRAL: ZFake1E2Mu/Central/dR_ele_mu1 in Skim_TriLep_DYJets10to50.root
2026-01-11 09:36:52,206 - INFO - [2016preVFP] MISSING_CENTRAL: ZFake1E2Mu/Central/dR_ele_mu1 in Skim_TriLep_DYJets10to50.root
2026-01-11 09:36:52,306 - INFO - [2016postVFP] MISSING_CENTRAL: ZFake1E2Mu/Central/dR_ele_mu1 in Skim_TriLep_DYJets10to50.root
2026-01-11 09:36:52,416 - INFO - [2017] MISSING_CENTRAL: ZFake1E2Mu/Central/dR_ele_mu1 in Skim_TriLep_DYJets10to50.root
2026-01-11 09:36:52,564 - INFO - [2018] MISSING_CENTRAL: ZFake1E2Mu/Central/dR_ele_mu1 in Skim_TriLep_DYJets10to50.root
2026-01-12 13:45:31,230 - INFO - [2016preVFP] MISSING_FILE: /home/choij/Sync/workspace/ChargedHiggsAnalysisV3/SKNanoOutput/MatrixSelector/Run1E2Mu/2016preVFP/Skim_TriLep_MuonEG_B.root
2026-01-12 13:45:31,231 - INFO - [2016preVFP] MISSING_FILE: /home/choij/Sync/workspace/ChargedHiggsAnalysisV3/SKNanoOutput/MatrixSelector/Run1E2Mu/2016preVFP/Skim_TriLep_MuonEG_C.root
2026-01-12 13:45:31,231 - INFO - [2016preVFP] MISSING_FILE: /home/choij/Sync/workspace/ChargedHiggsAnalysisV3/SKNanoOutput/MatrixSelector/Run1E2Mu/2016preVFP/Skim_TriLep_MuonEG_D.root
2026-01-12 13:45:31,231 - INFO - [2016preVFP] MISSING_FILE: /home/choij/Sync/workspace/ChargedHiggsAnalysisV3/SKNanoOutput/MatrixSelector/Run1E2Mu/2016preVFP/Skim_TriLep_MuonEG_E.root
2026-01-12 13:45:31,231 - INFO - [2016preVFP] MISSING_FILE: /home/choij/Sync/workspace/ChargedHiggsAnalysisV3/SKNanoOutput/MatrixSelector/Run1E2Mu/2016preVFP/Skim_TriLep_MuonEG_F.root
2026-01-12 13:45:31,260 - INFO - [2016preVFP] MISSING_CENTRAL: ZFake1E2Mu/Central/dR_ele_mu1 in Skim_TriLep_DYJets10to50.root
2026-01-12 13:45:31,405 - INFO - [2016postVFP] MISSING_FILE: /home/choij/Sync/workspace/ChargedHiggsAnalysisV3/SKNanoOutput/MatrixSelector/Run1E2Mu/2016postVFP/Skim_TriLep_MuonEG_F.root
2026-01-12 13:45:31,405 - INFO - [2016postVFP] MISSING_FILE: /home/choij/Sync/workspace/ChargedHiggsAnalysisV3/SKNanoOutput/MatrixSelector/Run1E2Mu/2016postVFP/Skim_TriLep_MuonEG_G.root
2026-01-12 13:45:31,405 - INFO - [2016postVFP] MISSING_FILE: /home/choij/Sync/workspace/ChargedHiggsAnalysisV3/SKNanoOutput/MatrixSelector/Run1E2Mu/2016postVFP/Skim_TriLep_MuonEG_H.root
2026-01-12 13:45:31,412 - INFO - [2016postVFP] MISSING_CENTRAL: ZFake1E2Mu/Central/dR_ele_mu1 in Skim_TriLep_DYJets10to50.root
2026-01-12 13:45:31,506 - INFO - [2017] MISSING_FILE: /home/choij/Sync/workspace/ChargedHiggsAnalysisV3/SKNanoOutput/MatrixSelector/Run1E2Mu/2017/Skim_TriLep_MuonEG_B.root
2026-01-12 13:45:31,506 - INFO - [2017] MISSING_FILE: /home/choij/Sync/workspace/ChargedHiggsAnalysisV3/SKNanoOutput/MatrixSelector/Run1E2Mu/2017/Skim_TriLep_MuonEG_C.root
2026-01-12 13:45:31,506 - INFO - [2017] MISSING_FILE: /home/choij/Sync/workspace/ChargedHiggsAnalysisV3/SKNanoOutput/MatrixSelector/Run1E2Mu/2017/Skim_TriLep_MuonEG_D.root
2026-01-12 13:45:31,507 - INFO - [2017] MISSING_FILE: /home/choij/Sync/workspace/ChargedHiggsAnalysisV3/SKNanoOutput/MatrixSelector/Run1E2Mu/2017/Skim_TriLep_MuonEG_E.root
2026-01-12 13:45:31,507 - INFO - [2017] MISSING_FILE: /home/choij/Sync/workspace/ChargedHiggsAnalysisV3/SKNanoOutput/MatrixSelector/Run1E2Mu/2017/Skim_TriLep_MuonEG_F.root
2026-01-12 13:45:31,513 - INFO - [2017] MISSING_CENTRAL: ZFake1E2Mu/Central/dR_ele_mu1 in Skim_TriLep_DYJets10to50.root
2026-01-12 13:45:31,603 - INFO - [2018] MISSING_FILE: /home/choij/Sync/workspace/ChargedHiggsAnalysisV3/SKNanoOutput/MatrixSelector/Run1E2Mu/2018/Skim_TriLep_MuonEG_A.root
2026-01-12 13:45:31,603 - INFO - [2018] MISSING_FILE: /home/choij/Sync/workspace/ChargedHiggsAnalysisV3/SKNanoOutput/MatrixSelector/Run1E2Mu/2018/Skim_TriLep_MuonEG_B.root
2026-01-12 13:45:31,603 - INFO - [2018] MISSING_FILE: /home/choij/Sync/workspace/ChargedHiggsAnalysisV3/SKNanoOutput/MatrixSelector/Run1E2Mu/2018/Skim_TriLep_MuonEG_C.root
2026-01-12 13:45:31,603 - INFO - [2018] MISSING_FILE: /home/choij/Sync/workspace/ChargedHiggsAnalysisV3/SKNanoOutput/MatrixSelector/Run1E2Mu/2018/Skim_TriLep_MuonEG_D.root
2026-01-12 13:45:31,610 - INFO - [2018] MISSING_CENTRAL: ZFake1E2Mu/Central/dR_ele_mu1 in Skim_TriLep_DYJets10to50.root
2026-01-16 19:00:41,282 - INFO - [2016preVFP] MISSING_CENTRAL: ZFake1E2Mu/Central/dR_ele_mu1 in Skim_TriLep_DYJets10to50.root
2026-01-16 19:00:41,390 - INFO - [2016postVFP] MISSING_CENTRAL: ZFake1E2Mu/Central/dR_ele_mu1 in Skim_TriLep_DYJets10to50.root
2026-01-16 19:00:41,506 - INFO - [2017] MISSING_CENTRAL: ZFake1E2Mu/Central/dR_ele_mu1 in Skim_TriLep_DYJets10to50.root
2026-01-16 19:00:41,628 - INFO - [2018] MISSING_CENTRAL: ZFake1E2Mu/Central/dR_ele_mu1 in Skim_TriLep_DYJets10to50.root
2026-01-28 16:08:40,245 - INFO - [2016preVFP] MISSING_CENTRAL: ZFake1E2Mu/Central/dR_ele_mu1 in Skim_TriLep_DYJets10to50.root
2026-01-28 16:08:40,368 - INFO - [2016postVFP] MISSING_CENTRAL: ZFake1E2Mu/Central/dR_ele_mu1 in Skim_TriLep_DYJets10to50.root
2026-01-28 16:08:40,504 - INFO - [2017] MISSING_CENTRAL: ZFake1E2Mu/Central/dR_ele_mu1 in Skim_TriLep_DYJets10to50.root
2026-01-28 16:08:40,644 - INFO - [2018] MISSING_CENTRAL: ZFake1E2Mu/Central/dR_ele_mu1 in Skim_TriLep_DYJets10to50.root
