2025-09-24 15:50:29,145 - INFO - [2016preVFP] MISSING_CENTRAL: ZFake1E2Mu/Central/jets/1/py in Skim_TriLep_DYJets.root
2025-09-24 15:50:29,146 - INFO - [2016preVFP] MISSING_CENTRAL: ZFake1E2Mu/Central/jets/1/py in Skim_TriLep_DYJets10to50.root
2025-09-24 15:50:30,039 - INFO - [2016postVFP] MISSING_CENTRAL: ZFake1E2Mu/Central/jets/1/py in Skim_TriLep_DYJets10to50.root
2025-09-24 15:50:30,877 - INFO - [2017] MISSING_CENTRAL: ZFake1E2Mu/Central/jets/1/py in Skim_TriLep_DYJets.root
2025-09-24 15:50:30,878 - INFO - [2017] MISSING_CENTRAL: ZFake1E2Mu/Central/jets/1/py in Skim_TriLep_DYJets10to50.root
2025-09-24 15:50:31,316 - INFO - [2018] MISSING_CENTRAL: ZFake1E2Mu/Central/jets/1/py in Skim_TriLep_DYJets.root
2025-09-24 15:50:31,316 - INFO - [2018] MISSING_CENTRAL: ZFake1E2Mu/Central/jets/1/py in Skim_TriLep_DYJets10to50.root
2025-09-24 15:50:31,338 - INFO - [2018] MISSING_FILE: /Users/choij/Sync/workspace/ChargedHiggsAnalysisV3/SKNanoOutput/PromptSelector/Run1E2Mu_RunSyst/2018/Skim_TriLep_TTG.root
2025-09-24 15:50:31,398 - INFO - [2018] MISSING_FILE: /Users/choij/Sync/workspace/ChargedHiggsAnalysisV3/SKNanoOutput/PromptSelector/Run1E2Mu_RunSyst/2018/Skim_TriLep_TTHToNonbb.root
2025-09-24 15:50:31,482 - INFO - [2018] MISSING_FILE: /Users/choij/Sync/workspace/ChargedHiggsAnalysisV3/SKNanoOutput/PromptSelector/Run1E2Mu_RunSyst/2018/Skim_TriLep_tHq.root
2025-09-24 15:50:31,585 - INFO - [2018] MISSING_FILE: /Users/choij/Sync/workspace/ChargedHiggsAnalysisV3/SKNanoOutput/PromptSelector/Run1E2Mu_RunSyst/2018/Skim_TriLep_VBFHToZZTo4L.root
2025-10-02 21:14:24,344 - INFO - [2016preVFP] MISSING_CENTRAL: ZFake1E2Mu/Central/jets/1/py in Skim_TriLep_DYJets.root
2025-10-02 21:14:24,348 - INFO - [2016preVFP] MISSING_CENTRAL: ZFake1E2Mu/Central/jets/1/py in Skim_TriLep_DYJets10to50.root
2025-10-02 21:14:25,349 - INFO - [2016postVFP] MISSING_CENTRAL: ZFake1E2Mu/Central/jets/1/py in Skim_TriLep_DYJets10to50.root
2025-10-02 21:14:26,110 - INFO - [2017] MISSING_CENTRAL: ZFake1E2Mu/Central/jets/1/py in Skim_TriLep_DYJets.root
2025-10-02 21:14:26,112 - INFO - [2017] MISSING_CENTRAL: ZFake1E2Mu/Central/jets/1/py in Skim_TriLep_DYJets10to50.root
2025-10-02 21:14:26,742 - INFO - [2018] MISSING_CENTRAL: ZFake1E2Mu/Central/jets/1/py in Skim_TriLep_DYJets.root
2025-10-02 21:14:26,744 - INFO - [2018] MISSING_CENTRAL: ZFake1E2Mu/Central/jets/1/py in Skim_TriLep_DYJets10to50.root
2025-10-02 21:14:26,775 - INFO - [2018] MISSING_FILE: /data9/Users/choij/Sync/workspace/ChargedHiggsAnalysisV3/SKNanoOutput/PromptSelector/Run1E2Mu_RunSyst/2018/Skim_TriLep_TTG.root
2025-10-02 21:14:26,867 - INFO - [2018] MISSING_FILE: /data9/Users/choij/Sync/workspace/ChargedHiggsAnalysisV3/SKNanoOutput/PromptSelector/Run1E2Mu_RunSyst/2018/Skim_TriLep_TTHToNonbb.root
2025-10-02 21:14:26,984 - INFO - [2018] MISSING_FILE: /data9/Users/choij/Sync/workspace/ChargedHiggsAnalysisV3/SKNanoOutput/PromptSelector/Run1E2Mu_RunSyst/2018/Skim_TriLep_tHq.root
2025-10-02 21:14:27,163 - INFO - [2018] MISSING_FILE: /data9/Users/choij/Sync/workspace/ChargedHiggsAnalysisV3/SKNanoOutput/PromptSelector/Run1E2Mu_RunSyst/2018/Skim_TriLep_VBFHToZZTo4L.root
2025-10-03 00:02:58,162 - INFO - [2016preVFP] MISSING_CENTRAL: ZFake1E2Mu/Central/jets/1/py in Skim_TriLep_DYJets.root
2025-10-03 00:02:58,163 - INFO - [2016preVFP] MISSING_CENTRAL: ZFake1E2Mu/Central/jets/1/py in Skim_TriLep_DYJets10to50.root
2025-10-03 00:02:58,819 - INFO - [2016postVFP] MISSING_CENTRAL: ZFake1E2Mu/Central/jets/1/py in Skim_TriLep_DYJets10to50.root
2025-10-03 00:02:59,395 - INFO - [2017] MISSING_CENTRAL: ZFake1E2Mu/Central/jets/1/py in Skim_TriLep_DYJets.root
2025-10-03 00:02:59,396 - INFO - [2017] MISSING_CENTRAL: ZFake1E2Mu/Central/jets/1/py in Skim_TriLep_DYJets10to50.root
2025-10-03 00:02:59,735 - INFO - [2018] MISSING_CENTRAL: ZFake1E2Mu/Central/jets/1/py in Skim_TriLep_DYJets.root
2025-10-03 00:02:59,735 - INFO - [2018] MISSING_CENTRAL: ZFake1E2Mu/Central/jets/1/py in Skim_TriLep_DYJets10to50.root
2025-10-03 00:02:59,758 - INFO - [2018] MISSING_FILE: /Users/choij/Sync/workspace/ChargedHiggsAnalysisV3/SKNanoOutput/PromptSelector/Run1E2Mu_RunSyst/2018/Skim_TriLep_TTG.root
2025-10-03 00:02:59,813 - INFO - [2018] MISSING_FILE: /Users/choij/Sync/workspace/ChargedHiggsAnalysisV3/SKNanoOutput/PromptSelector/Run1E2Mu_RunSyst/2018/Skim_TriLep_TTHToNonbb.root
2025-10-03 00:02:59,868 - INFO - [2018] MISSING_FILE: /Users/choij/Sync/workspace/ChargedHiggsAnalysisV3/SKNanoOutput/PromptSelector/Run1E2Mu_RunSyst/2018/Skim_TriLep_tHq.root
2025-10-03 00:02:59,966 - INFO - [2018] MISSING_FILE: /Users/choij/Sync/workspace/ChargedHiggsAnalysisV3/SKNanoOutput/PromptSelector/Run1E2Mu_RunSyst/2018/Skim_TriLep_VBFHToZZTo4L.root
2025-11-05 22:03:56,022 - INFO - [2016preVFP] MISSING_CENTRAL: ZFake1E2Mu/Central/jets/1/py in Skim_TriLep_DYJets.root
2025-11-05 22:03:56,024 - INFO - [2016preVFP] MISSING_CENTRAL: ZFake1E2Mu/Central/jets/1/py in Skim_TriLep_DYJets10to50.root
2025-11-05 22:03:56,480 - INFO - [2016postVFP] MISSING_CENTRAL: ZFake1E2Mu/Central/jets/1/py in Skim_TriLep_DYJets10to50.root
2025-11-05 22:03:56,971 - INFO - [2017] MISSING_CENTRAL: ZFake1E2Mu/Central/jets/1/py in Skim_TriLep_DYJets.root
2025-11-05 22:03:56,972 - INFO - [2017] MISSING_CENTRAL: ZFake1E2Mu/Central/jets/1/py in Skim_TriLep_DYJets10to50.root
2025-11-05 22:03:57,316 - INFO - [2018] MISSING_CENTRAL: ZFake1E2Mu/Central/jets/1/py in Skim_TriLep_DYJets.root
2025-11-05 22:03:57,317 - INFO - [2018] MISSING_CENTRAL: ZFake1E2Mu/Central/jets/1/py in Skim_TriLep_DYJets10to50.root
2025-11-05 22:19:39,479 - INFO - [2016preVFP] MISSING_CENTRAL: ZFake1E2Mu/Central/jets/1/py in Skim_TriLep_DYJets.root
2025-11-05 22:19:39,479 - INFO - [2016preVFP] MISSING_CENTRAL: ZFake1E2Mu/Central/jets/1/py in Skim_TriLep_DYJets10to50.root
2025-11-05 22:19:39,987 - INFO - [2016postVFP] MISSING_CENTRAL: ZFake1E2Mu/Central/jets/1/py in Skim_TriLep_DYJets10to50.root
2025-11-05 22:19:40,311 - INFO - [2017] MISSING_CENTRAL: ZFake1E2Mu/Central/jets/1/py in Skim_TriLep_DYJets.root
2025-11-05 22:19:40,311 - INFO - [2017] MISSING_CENTRAL: ZFake1E2Mu/Central/jets/1/py in Skim_TriLep_DYJets10to50.root
2025-11-05 22:19:40,621 - INFO - [2018] MISSING_CENTRAL: ZFake1E2Mu/Central/jets/1/py in Skim_TriLep_DYJets.root
2025-11-05 22:19:40,621 - INFO - [2018] MISSING_CENTRAL: ZFake1E2Mu/Central/jets/1/py in Skim_TriLep_DYJets10to50.root
2025-11-05 23:24:13,608 - INFO - [2016preVFP] MISSING_CENTRAL: ZFake1E2Mu/Central/jets/1/py in Skim_TriLep_DYJets.root
2025-11-05 23:24:13,609 - INFO - [2016preVFP] MISSING_CENTRAL: ZFake1E2Mu/Central/jets/1/py in Skim_TriLep_DYJets10to50.root
2025-11-05 23:24:14,074 - INFO - [2016postVFP] MISSING_CENTRAL: ZFake1E2Mu/Central/jets/1/py in Skim_TriLep_DYJets10to50.root
2025-11-05 23:24:14,493 - INFO - [2017] MISSING_CENTRAL: ZFake1E2Mu/Central/jets/1/py in Skim_TriLep_DYJets.root
2025-11-05 23:24:14,494 - INFO - [2017] MISSING_CENTRAL: ZFake1E2Mu/Central/jets/1/py in Skim_TriLep_DYJets10to50.root
2025-11-05 23:24:14,841 - INFO - [2018] MISSING_CENTRAL: ZFake1E2Mu/Central/jets/1/py in Skim_TriLep_DYJets.root
2025-11-05 23:24:14,842 - INFO - [2018] MISSING_CENTRAL: ZFake1E2Mu/Central/jets/1/py in Skim_TriLep_DYJets10to50.root
2025-11-07 12:27:24,639 - INFO - [2016preVFP] MISSING_CENTRAL: ZFake1E2Mu/Central/jets/1/py in Skim_TriLep_DYJets.root
2025-11-07 12:27:24,640 - INFO - [2016preVFP] MISSING_CENTRAL: ZFake1E2Mu/Central/jets/1/py in Skim_TriLep_DYJets10to50.root
2025-11-07 12:27:25,144 - INFO - [2016postVFP] MISSING_CENTRAL: ZFake1E2Mu/Central/jets/1/py in Skim_TriLep_DYJets10to50.root
2025-11-07 12:27:25,475 - INFO - [2017] MISSING_CENTRAL: ZFake1E2Mu/Central/jets/1/py in Skim_TriLep_DYJets.root
2025-11-07 12:27:25,476 - INFO - [2017] MISSING_CENTRAL: ZFake1E2Mu/Central/jets/1/py in Skim_TriLep_DYJets10to50.root
2025-11-07 12:27:25,812 - INFO - [2018] MISSING_CENTRAL: ZFake1E2Mu/Central/jets/1/py in Skim_TriLep_DYJets.root
2025-11-07 12:27:25,813 - INFO - [2018] MISSING_CENTRAL: ZFake1E2Mu/Central/jets/1/py in Skim_TriLep_DYJets10to50.root
2025-11-07 13:08:01,887 - INFO - [2016preVFP] MISSING_CENTRAL: ZFake1E2Mu/Central/jets/1/py in Skim_TriLep_DYJets.root
2025-11-07 13:08:01,888 - INFO - [2016preVFP] MISSING_CENTRAL: ZFake1E2Mu/Central/jets/1/py in Skim_TriLep_DYJets10to50.root
2025-11-07 13:08:02,368 - INFO - [2016postVFP] MISSING_CENTRAL: ZFake1E2Mu/Central/jets/1/py in Skim_TriLep_DYJets10to50.root
2025-11-07 13:08:02,697 - INFO - [2017] MISSING_CENTRAL: ZFake1E2Mu/Central/jets/1/py in Skim_TriLep_DYJets.root
2025-11-07 13:08:02,698 - INFO - [2017] MISSING_CENTRAL: ZFake1E2Mu/Central/jets/1/py in Skim_TriLep_DYJets10to50.root
2025-11-07 13:08:03,041 - INFO - [2018] MISSING_CENTRAL: ZFake1E2Mu/Central/jets/1/py in Skim_TriLep_DYJets.root
2025-11-07 13:08:03,041 - INFO - [2018] MISSING_CENTRAL: ZFake1E2Mu/Central/jets/1/py in Skim_TriLep_DYJets10to50.root
2025-11-07 14:04:44,094 - INFO - [2016preVFP] MISSING_CENTRAL: ZFake1E2Mu/Central/jets/1/py in Skim_TriLep_DYJets.root
2025-11-07 14:04:44,095 - INFO - [2016preVFP] MISSING_CENTRAL: ZFake1E2Mu/Central/jets/1/py in Skim_TriLep_DYJets10to50.root
2025-11-07 14:04:44,498 - INFO - [2016postVFP] MISSING_CENTRAL: ZFake1E2Mu/Central/jets/1/py in Skim_TriLep_DYJets10to50.root
2025-11-07 14:04:44,951 - INFO - [2017] MISSING_CENTRAL: ZFake1E2Mu/Central/jets/1/py in Skim_TriLep_DYJets.root
2025-11-07 14:04:44,951 - INFO - [2017] MISSING_CENTRAL: ZFake1E2Mu/Central/jets/1/py in Skim_TriLep_DYJets10to50.root
2025-11-07 14:04:45,332 - INFO - [2018] MISSING_CENTRAL: ZFake1E2Mu/Central/jets/1/py in Skim_TriLep_DYJets.root
2025-11-07 14:04:45,333 - INFO - [2018] MISSING_CENTRAL: ZFake1E2Mu/Central/jets/1/py in Skim_TriLep_DYJets10to50.root
2025-11-10 05:55:48,663 - INFO - [2016preVFP] MISSING_CENTRAL: ZFake1E2Mu/Central/jets/1/py in Skim_TriLep_DYJets.root
2025-11-10 05:55:48,667 - INFO - [2016preVFP] MISSING_CENTRAL: ZFake1E2Mu/Central/jets/1/py in Skim_TriLep_DYJets10to50.root
2025-11-10 05:55:49,895 - INFO - [2016postVFP] MISSING_CENTRAL: ZFake1E2Mu/Central/jets/1/py in Skim_TriLep_DYJets10to50.root
2025-11-10 05:55:50,398 - INFO - [2017] MISSING_CENTRAL: ZFake1E2Mu/Central/jets/1/py in Skim_TriLep_DYJets.root
2025-11-10 05:55:50,398 - INFO - [2017] MISSING_CENTRAL: ZFake1E2Mu/Central/jets/1/py in Skim_TriLep_DYJets10to50.root
2025-11-10 05:55:50,834 - INFO - [2018] MISSING_CENTRAL: ZFake1E2Mu/Central/jets/1/py in Skim_TriLep_DYJets.root
2025-11-10 05:55:50,835 - INFO - [2018] MISSING_CENTRAL: ZFake1E2Mu/Central/jets/1/py in Skim_TriLep_DYJets10to50.root
2025-11-10 12:19:47,467 - INFO - [2016preVFP] MISSING_CENTRAL: ZFake1E2Mu/Central/jets/1/py in Skim_TriLep_DYJets.root
2025-11-10 12:19:47,468 - INFO - [2016preVFP] MISSING_CENTRAL: ZFake1E2Mu/Central/jets/1/py in Skim_TriLep_DYJets10to50.root
2025-11-10 12:19:47,947 - INFO - [2016postVFP] MISSING_CENTRAL: ZFake1E2Mu/Central/jets/1/py in Skim_TriLep_DYJets10to50.root
2025-11-10 12:19:48,396 - INFO - [2017] MISSING_CENTRAL: ZFake1E2Mu/Central/jets/1/py in Skim_TriLep_DYJets.root
2025-11-10 12:19:48,396 - INFO - [2017] MISSING_CENTRAL: ZFake1E2Mu/Central/jets/1/py in Skim_TriLep_DYJets10to50.root
2025-11-10 12:19:48,733 - INFO - [2018] MISSING_CENTRAL: ZFake1E2Mu/Central/jets/1/py in Skim_TriLep_DYJets.root
2025-11-10 12:19:48,733 - INFO - [2018] MISSING_CENTRAL: ZFake1E2Mu/Central/jets/1/py in Skim_TriLep_DYJets10to50.root
2025-11-13 11:09:14,606 - INFO - [2016preVFP] MISSING_CENTRAL: ZFake1E2Mu/Central/jets/1/py in Skim_TriLep_DYJets.root
2025-11-13 11:09:14,610 - INFO - [2016preVFP] MISSING_CENTRAL: ZFake1E2Mu/Central/jets/1/py in Skim_TriLep_DYJets10to50.root
2025-11-13 11:09:15,263 - INFO - [2016postVFP] MISSING_CENTRAL: ZFake1E2Mu/Central/jets/1/py in Skim_TriLep_DYJets10to50.root
2025-11-13 11:09:15,988 - INFO - [2017] MISSING_CENTRAL: ZFake1E2Mu/Central/jets/1/py in Skim_TriLep_DYJets.root
2025-11-13 11:09:15,991 - INFO - [2017] MISSING_CENTRAL: ZFake1E2Mu/Central/jets/1/py in Skim_TriLep_DYJets10to50.root
2025-11-13 11:09:16,716 - INFO - [2018] MISSING_CENTRAL: ZFake1E2Mu/Central/jets/1/py in Skim_TriLep_DYJets.root
2025-11-13 11:09:16,723 - INFO - [2018] MISSING_CENTRAL: ZFake1E2Mu/Central/jets/1/py in Skim_TriLep_DYJets10to50.root
2025-11-19 16:09:34,280 - INFO - [2016preVFP] MISSING_CENTRAL: ZFake1E2Mu/Central/jets/1/py in Skim_TriLep_DYJets.root
2025-11-19 16:09:34,282 - INFO - [2016preVFP] MISSING_CENTRAL: ZFake1E2Mu/Central/jets/1/py in Skim_TriLep_DYJets10to50.root
2025-11-19 16:09:34,809 - INFO - [2016postVFP] MISSING_CENTRAL: ZFake1E2Mu/Central/jets/1/py in Skim_TriLep_DYJets10to50.root
2025-11-19 16:09:35,225 - INFO - [2017] MISSING_CENTRAL: ZFake1E2Mu/Central/jets/1/py in Skim_TriLep_DYJets.root
2025-11-19 16:09:35,226 - INFO - [2017] MISSING_CENTRAL: ZFake1E2Mu/Central/jets/1/py in Skim_TriLep_DYJets10to50.root
2025-11-19 16:09:35,538 - INFO - [2018] MISSING_CENTRAL: ZFake1E2Mu/Central/jets/1/py in Skim_TriLep_DYJets.root
2025-11-19 16:09:35,539 - INFO - [2018] MISSING_CENTRAL: ZFake1E2Mu/Central/jets/1/py in Skim_TriLep_DYJets10to50.root
2025-11-19 16:22:10,572 - INFO - [2016preVFP] MISSING_CENTRAL: ZFake1E2Mu/Central/jets/1/py in Skim_TriLep_DYJets.root
2025-11-19 16:22:10,573 - INFO - [2016preVFP] MISSING_CENTRAL: ZFake1E2Mu/Central/jets/1/py in Skim_TriLep_DYJets10to50.root
2025-11-19 16:22:10,965 - INFO - [2016postVFP] MISSING_CENTRAL: ZFake1E2Mu/Central/jets/1/py in Skim_TriLep_DYJets10to50.root
2025-11-19 16:22:11,312 - INFO - [2017] MISSING_CENTRAL: ZFake1E2Mu/Central/jets/1/py in Skim_TriLep_DYJets.root
2025-11-19 16:22:11,313 - INFO - [2017] MISSING_CENTRAL: ZFake1E2Mu/Central/jets/1/py in Skim_TriLep_DYJets10to50.root
2025-11-19 16:22:11,648 - INFO - [2018] MISSING_CENTRAL: ZFake1E2Mu/Central/jets/1/py in Skim_TriLep_DYJets.root
2025-11-19 16:22:11,648 - INFO - [2018] MISSING_CENTRAL: ZFake1E2Mu/Central/jets/1/py in Skim_TriLep_DYJets10to50.root
2025-12-17 22:36:36,757 - INFO - [2016preVFP] MISSING_CENTRAL: ZFake1E2Mu/Central/jets/1/py in Skim_TriLep_DYJets10to50.root
2025-12-17 22:36:37,333 - INFO - [2016postVFP] MISSING_CENTRAL: ZFake1E2Mu/Central/jets/1/py in Skim_TriLep_DYJets10to50.root
2025-12-17 22:36:37,872 - INFO - [2017] MISSING_CENTRAL: ZFake1E2Mu/Central/jets/1/py in Skim_TriLep_DYJets10to50.root
2025-12-17 22:36:38,449 - INFO - [2018] MISSING_CENTRAL: ZFake1E2Mu/Central/jets/1/py in Skim_TriLep_DYJets10to50.root
2025-12-18 14:20:39,115 - INFO - [2016preVFP] MISSING_CENTRAL: ZFake1E2Mu/Central/jets/1/py in Skim_TriLep_DYJets10to50.root
2025-12-18 14:20:39,667 - INFO - [2016postVFP] MISSING_CENTRAL: ZFake1E2Mu/Central/jets/1/py in Skim_TriLep_DYJets10to50.root
2025-12-18 14:20:40,283 - INFO - [2017] MISSING_CENTRAL: ZFake1E2Mu/Central/jets/1/py in Skim_TriLep_DYJets10to50.root
2025-12-18 14:20:40,890 - INFO - [2018] MISSING_CENTRAL: ZFake1E2Mu/Central/jets/1/py in Skim_TriLep_DYJets10to50.root
2025-12-18 14:36:02,311 - INFO - [2016preVFP] MISSING_CENTRAL: ZFake1E2Mu/Central/jets/1/py in Skim_TriLep_DYJets10to50.root
2025-12-18 14:36:03,270 - INFO - [2016postVFP] MISSING_CENTRAL: ZFake1E2Mu/Central/jets/1/py in Skim_TriLep_DYJets10to50.root
2025-12-18 14:36:03,898 - INFO - [2017] MISSING_CENTRAL: ZFake1E2Mu/Central/jets/1/py in Skim_TriLep_DYJets10to50.root
2025-12-18 14:36:04,502 - INFO - [2018] MISSING_CENTRAL: ZFake1E2Mu/Central/jets/1/py in Skim_TriLep_DYJets10to50.root
2026-01-07 11:46:04,846 - INFO - [2016preVFP] MISSING_CENTRAL: ZFake1E2Mu/Central/jets/1/py in Skim_TriLep_DYJets10to50.root
2026-01-07 11:46:05,378 - INFO - [2016postVFP] MISSING_CENTRAL: ZFake1E2Mu/Central/jets/1/py in Skim_TriLep_DYJets10to50.root
2026-01-07 11:46:05,920 - INFO - [2017] MISSING_CENTRAL: ZFake1E2Mu/Central/jets/1/py in Skim_TriLep_DYJets10to50.root
2026-01-07 11:46:06,442 - INFO - [2018] MISSING_CENTRAL: ZFake1E2Mu/Central/jets/1/py in Skim_TriLep_DYJets10to50.root
2026-01-07 18:42:44,354 - INFO - [2016preVFP] MISSING_CENTRAL: ZFake1E2Mu/Central/jets/1/py in Skim_TriLep_DYJets10to50.root
2026-01-07 18:42:44,865 - INFO - [2016postVFP] MISSING_CENTRAL: ZFake1E2Mu/Central/jets/1/py in Skim_TriLep_DYJets10to50.root
2026-01-07 18:42:45,394 - INFO - [2017] MISSING_CENTRAL: ZFake1E2Mu/Central/jets/1/py in Skim_TriLep_DYJets10to50.root
2026-01-07 18:42:45,931 - INFO - [2018] MISSING_CENTRAL: ZFake1E2Mu/Central/jets/1/py in Skim_TriLep_DYJets10to50.root
2026-01-09 12:16:41,983 - INFO - [2016preVFP] MISSING_CENTRAL: ZFake1E2Mu/Central/jets/1/py in Skim_TriLep_DYJets10to50.root
2026-01-09 12:16:42,413 - INFO - [2016postVFP] MISSING_CENTRAL: ZFake1E2Mu/Central/jets/1/py in Skim_TriLep_DYJets10to50.root
2026-01-09 12:16:42,953 - INFO - [2017] MISSING_CENTRAL: ZFake1E2Mu/Central/jets/1/py in Skim_TriLep_DYJets10to50.root
2026-01-09 12:16:43,289 - INFO - [2018] MISSING_CENTRAL: ZFake1E2Mu/Central/jets/1/py in Skim_TriLep_DYJets10to50.root
2026-01-11 09:36:46,054 - INFO - [2016preVFP] MISSING_CENTRAL: ZFake1E2Mu/Central/jets/1/py in Skim_TriLep_DYJets10to50.root
2026-01-11 09:36:46,455 - INFO - [2016postVFP] MISSING_CENTRAL: ZFake1E2Mu/Central/jets/1/py in Skim_TriLep_DYJets10to50.root
2026-01-11 09:36:46,776 - INFO - [2017] MISSING_CENTRAL: ZFake1E2Mu/Central/jets/1/py in Skim_TriLep_DYJets10to50.root
2026-01-11 09:36:47,110 - INFO - [2018] MISSING_CENTRAL: ZFake1E2Mu/Central/jets/1/py in Skim_TriLep_DYJets10to50.root
2026-01-12 13:45:24,076 - INFO - [2016preVFP] MISSING_FILE: /home/choij/Sync/workspace/ChargedHiggsAnalysisV3/SKNanoOutput/MatrixSelector/Run1E2Mu/2016preVFP/Skim_TriLep_MuonEG_B.root
2026-01-12 13:45:24,079 - INFO - [2016preVFP] MISSING_FILE: /home/choij/Sync/workspace/ChargedHiggsAnalysisV3/SKNanoOutput/MatrixSelector/Run1E2Mu/2016preVFP/Skim_TriLep_MuonEG_C.root
2026-01-12 13:45:24,080 - INFO - [2016preVFP] MISSING_FILE: /home/choij/Sync/workspace/ChargedHiggsAnalysisV3/SKNanoOutput/MatrixSelector/Run1E2Mu/2016preVFP/Skim_TriLep_MuonEG_D.root
2026-01-12 13:45:24,080 - INFO - [2016preVFP] MISSING_FILE: /home/choij/Sync/workspace/ChargedHiggsAnalysisV3/SKNanoOutput/MatrixSelector/Run1E2Mu/2016preVFP/Skim_TriLep_MuonEG_E.root
2026-01-12 13:45:24,080 - INFO - [2016preVFP] MISSING_FILE: /home/choij/Sync/workspace/ChargedHiggsAnalysisV3/SKNanoOutput/MatrixSelector/Run1E2Mu/2016preVFP/Skim_TriLep_MuonEG_F.root
2026-01-12 13:45:24,194 - INFO - [2016preVFP] MISSING_CENTRAL: ZFake1E2Mu/Central/jets/1/py in Skim_TriLep_DYJets10to50.root
2026-01-12 13:45:24,690 - INFO - [2016postVFP] MISSING_FILE: /home/choij/Sync/workspace/ChargedHiggsAnalysisV3/SKNanoOutput/MatrixSelector/Run1E2Mu/2016postVFP/Skim_TriLep_MuonEG_F.root
2026-01-12 13:45:24,691 - INFO - [2016postVFP] MISSING_FILE: /home/choij/Sync/workspace/ChargedHiggsAnalysisV3/SKNanoOutput/MatrixSelector/Run1E2Mu/2016postVFP/Skim_TriLep_MuonEG_G.root
2026-01-12 13:45:24,691 - INFO - [2016postVFP] MISSING_FILE: /home/choij/Sync/workspace/ChargedHiggsAnalysisV3/SKNanoOutput/MatrixSelector/Run1E2Mu/2016postVFP/Skim_TriLep_MuonEG_H.root
2026-01-12 13:45:24,714 - INFO - [2016postVFP] MISSING_CENTRAL: ZFake1E2Mu/Central/jets/1/py in Skim_TriLep_DYJets10to50.root
2026-01-12 13:45:25,061 - INFO - [2017] MISSING_FILE: /home/choij/Sync/workspace/ChargedHiggsAnalysisV3/SKNanoOutput/MatrixSelector/Run1E2Mu/2017/Skim_TriLep_MuonEG_B.root
2026-01-12 13:45:25,062 - INFO - [2017] MISSING_FILE: /home/choij/Sync/workspace/ChargedHiggsAnalysisV3/SKNanoOutput/MatrixSelector/Run1E2Mu/2017/Skim_TriLep_MuonEG_C.root
2026-01-12 13:45:25,062 - INFO - [2017] MISSING_FILE: /home/choij/Sync/workspace/ChargedHiggsAnalysisV3/SKNanoOutput/MatrixSelector/Run1E2Mu/2017/Skim_TriLep_MuonEG_D.root
2026-01-12 13:45:25,062 - INFO - [2017] MISSING_FILE: /home/choij/Sync/workspace/ChargedHiggsAnalysisV3/SKNanoOutput/MatrixSelector/Run1E2Mu/2017/Skim_TriLep_MuonEG_E.root
2026-01-12 13:45:25,063 - INFO - [2017] MISSING_FILE: /home/choij/Sync/workspace/ChargedHiggsAnalysisV3/SKNanoOutput/MatrixSelector/Run1E2Mu/2017/Skim_TriLep_MuonEG_F.root
2026-01-12 13:45:25,086 - INFO - [2017] MISSING_CENTRAL: ZFake1E2Mu/Central/jets/1/py in Skim_TriLep_DYJets10to50.root
2026-01-12 13:45:25,424 - INFO - [2018] MISSING_FILE: /home/choij/Sync/workspace/ChargedHiggsAnalysisV3/SKNanoOutput/MatrixSelector/Run1E2Mu/2018/Skim_TriLep_MuonEG_A.root
2026-01-12 13:45:25,425 - INFO - [2018] MISSING_FILE: /home/choij/Sync/workspace/ChargedHiggsAnalysisV3/SKNanoOutput/MatrixSelector/Run1E2Mu/2018/Skim_TriLep_MuonEG_B.root
2026-01-12 13:45:25,425 - INFO - [2018] MISSING_FILE: /home/choij/Sync/workspace/ChargedHiggsAnalysisV3/SKNanoOutput/MatrixSelector/Run1E2Mu/2018/Skim_TriLep_MuonEG_C.root
2026-01-12 13:45:25,425 - INFO - [2018] MISSING_FILE: /home/choij/Sync/workspace/ChargedHiggsAnalysisV3/SKNanoOutput/MatrixSelector/Run1E2Mu/2018/Skim_TriLep_MuonEG_D.root
2026-01-12 13:45:25,447 - INFO - [2018] MISSING_CENTRAL: ZFake1E2Mu/Central/jets/1/py in Skim_TriLep_DYJets10to50.root
