2025-09-24 15:50:38,191 - INFO - [2016preVFP] MISSING_CENTRAL: ZFake1E2Mu/Central/jets/3/pz in Skim_TriLep_DYJets.root
2025-09-24 15:50:38,191 - INFO - [2016preVFP] MISSING_CENTRAL: ZFake1E2Mu/Central/jets/3/pz in Skim_TriLep_DYJets10to50.root
2025-09-24 15:50:39,207 - INFO - [2016postVFP] MISSING_CENTRAL: ZFake1E2Mu/Central/jets/3/pz in Skim_TriLep_DYJets10to50.root
2025-09-24 15:50:39,262 - INFO - [2016postVFP] MISSING_CENTRAL: ZFake1E2Mu/Central/jets/3/pz in Skim_TriLep_TTG.root
2025-09-24 15:50:40,077 - INFO - [2017] MISSING_CENTRAL: ZFake1E2Mu/Central/jets/3/pz in Skim_TriLep_DYJets.root
2025-09-24 15:50:40,077 - INFO - [2017] MISSING_CENTRAL: ZFake1E2Mu/Central/jets/3/pz in Skim_TriLep_DYJets10to50.root
2025-09-24 15:50:40,098 - INFO - [2017] MISSING_CENTRAL: ZFake1E2Mu/Central/jets/3/pz in Skim_TriLep_TTG.root
2025-09-24 15:50:40,505 - INFO - [2018] MISSING_CENTRAL: ZFake1E2Mu/Central/jets/3/pz in Skim_TriLep_DYJets.root
2025-09-24 15:50:40,507 - INFO - [2018] MISSING_CENTRAL: ZFake1E2Mu/Central/jets/3/pz in Skim_TriLep_DYJets10to50.root
2025-09-24 15:50:40,536 - INFO - [2018] MISSING_FILE: /Users/choij/Sync/workspace/ChargedHiggsAnalysisV3/SKNanoOutput/PromptSelector/Run1E2Mu_RunSyst/2018/Skim_TriLep_TTG.root
2025-09-24 15:50:40,597 - INFO - [2018] MISSING_FILE: /Users/choij/Sync/workspace/ChargedHiggsAnalysisV3/SKNanoOutput/PromptSelector/Run1E2Mu_RunSyst/2018/Skim_TriLep_TTHToNonbb.root
2025-09-24 15:50:40,662 - INFO - [2018] MISSING_FILE: /Users/choij/Sync/workspace/ChargedHiggsAnalysisV3/SKNanoOutput/PromptSelector/Run1E2Mu_RunSyst/2018/Skim_TriLep_tHq.root
2025-09-24 15:50:40,779 - INFO - [2018] MISSING_FILE: /Users/choij/Sync/workspace/ChargedHiggsAnalysisV3/SKNanoOutput/PromptSelector/Run1E2Mu_RunSyst/2018/Skim_TriLep_VBFHToZZTo4L.root
2025-10-02 21:14:32,097 - INFO - [2016preVFP] MISSING_CENTRAL: ZFake1E2Mu/Central/jets/3/pz in Skim_TriLep_DYJets.root
2025-10-02 21:14:32,098 - INFO - [2016preVFP] MISSING_CENTRAL: ZFake1E2Mu/Central/jets/3/pz in Skim_TriLep_DYJets10to50.root
2025-10-02 21:14:32,965 - INFO - [2016postVFP] MISSING_CENTRAL: ZFake1E2Mu/Central/jets/3/pz in Skim_TriLep_DYJets10to50.root
2025-10-02 21:14:33,022 - INFO - [2016postVFP] MISSING_CENTRAL: ZFake1E2Mu/Central/jets/3/pz in Skim_TriLep_TTG.root
2025-10-02 21:14:33,528 - INFO - [2017] MISSING_CENTRAL: ZFake1E2Mu/Central/jets/3/pz in Skim_TriLep_DYJets.root
2025-10-02 21:14:33,530 - INFO - [2017] MISSING_CENTRAL: ZFake1E2Mu/Central/jets/3/pz in Skim_TriLep_DYJets10to50.root
2025-10-02 21:14:33,561 - INFO - [2017] MISSING_CENTRAL: ZFake1E2Mu/Central/jets/3/pz in Skim_TriLep_TTG.root
2025-10-02 21:14:34,089 - INFO - [2018] MISSING_CENTRAL: ZFake1E2Mu/Central/jets/3/pz in Skim_TriLep_DYJets.root
2025-10-02 21:14:34,090 - INFO - [2018] MISSING_CENTRAL: ZFake1E2Mu/Central/jets/3/pz in Skim_TriLep_DYJets10to50.root
2025-10-02 21:14:34,120 - INFO - [2018] MISSING_FILE: /data9/Users/choij/Sync/workspace/ChargedHiggsAnalysisV3/SKNanoOutput/PromptSelector/Run1E2Mu_RunSyst/2018/Skim_TriLep_TTG.root
2025-10-02 21:14:34,216 - INFO - [2018] MISSING_FILE: /data9/Users/choij/Sync/workspace/ChargedHiggsAnalysisV3/SKNanoOutput/PromptSelector/Run1E2Mu_RunSyst/2018/Skim_TriLep_TTHToNonbb.root
2025-10-02 21:14:34,301 - INFO - [2018] MISSING_FILE: /data9/Users/choij/Sync/workspace/ChargedHiggsAnalysisV3/SKNanoOutput/PromptSelector/Run1E2Mu_RunSyst/2018/Skim_TriLep_tHq.root
2025-10-02 21:14:34,424 - INFO - [2018] MISSING_FILE: /data9/Users/choij/Sync/workspace/ChargedHiggsAnalysisV3/SKNanoOutput/PromptSelector/Run1E2Mu_RunSyst/2018/Skim_TriLep_VBFHToZZTo4L.root
2025-10-03 00:03:06,099 - INFO - [2016preVFP] MISSING_CENTRAL: ZFake1E2Mu/Central/jets/3/pz in Skim_TriLep_DYJets.root
2025-10-03 00:03:06,100 - INFO - [2016preVFP] MISSING_CENTRAL: ZFake1E2Mu/Central/jets/3/pz in Skim_TriLep_DYJets10to50.root
2025-10-03 00:03:06,814 - INFO - [2016postVFP] MISSING_CENTRAL: ZFake1E2Mu/Central/jets/3/pz in Skim_TriLep_DYJets10to50.root
2025-10-03 00:03:06,831 - INFO - [2016postVFP] MISSING_CENTRAL: ZFake1E2Mu/Central/jets/3/pz in Skim_TriLep_TTG.root
2025-10-03 00:03:07,493 - INFO - [2017] MISSING_CENTRAL: ZFake1E2Mu/Central/jets/3/pz in Skim_TriLep_DYJets.root
2025-10-03 00:03:07,493 - INFO - [2017] MISSING_CENTRAL: ZFake1E2Mu/Central/jets/3/pz in Skim_TriLep_DYJets10to50.root
2025-10-03 00:03:07,508 - INFO - [2017] MISSING_CENTRAL: ZFake1E2Mu/Central/jets/3/pz in Skim_TriLep_TTG.root
2025-10-03 00:03:07,820 - INFO - [2018] MISSING_CENTRAL: ZFake1E2Mu/Central/jets/3/pz in Skim_TriLep_DYJets.root
2025-10-03 00:03:07,821 - INFO - [2018] MISSING_CENTRAL: ZFake1E2Mu/Central/jets/3/pz in Skim_TriLep_DYJets10to50.root
2025-10-03 00:03:07,836 - INFO - [2018] MISSING_FILE: /Users/choij/Sync/workspace/ChargedHiggsAnalysisV3/SKNanoOutput/PromptSelector/Run1E2Mu_RunSyst/2018/Skim_TriLep_TTG.root
2025-10-03 00:03:07,889 - INFO - [2018] MISSING_FILE: /Users/choij/Sync/workspace/ChargedHiggsAnalysisV3/SKNanoOutput/PromptSelector/Run1E2Mu_RunSyst/2018/Skim_TriLep_TTHToNonbb.root
2025-10-03 00:03:07,957 - INFO - [2018] MISSING_FILE: /Users/choij/Sync/workspace/ChargedHiggsAnalysisV3/SKNanoOutput/PromptSelector/Run1E2Mu_RunSyst/2018/Skim_TriLep_tHq.root
2025-10-03 00:03:08,061 - INFO - [2018] MISSING_FILE: /Users/choij/Sync/workspace/ChargedHiggsAnalysisV3/SKNanoOutput/PromptSelector/Run1E2Mu_RunSyst/2018/Skim_TriLep_VBFHToZZTo4L.root
2025-11-05 22:03:59,806 - INFO - [2016preVFP] MISSING_CENTRAL: ZFake1E2Mu/Central/jets/3/pz in Skim_TriLep_DYJets.root
2025-11-05 22:03:59,806 - INFO - [2016preVFP] MISSING_CENTRAL: ZFake1E2Mu/Central/jets/3/pz in Skim_TriLep_DYJets10to50.root
2025-11-05 22:03:59,849 - INFO - [2016preVFP] MISSING_SYSTEMATIC: ZFake1E2Mu/JetEn_Down/jets/3/pz in Skim_TriLep_WWG.root
2025-11-05 22:03:59,850 - INFO - [2016preVFP] MISSING_SYSTEMATIC: ZFake1E2Mu/JetRes_Down/jets/3/pz in Skim_TriLep_WWG.root
2025-11-05 22:04:00,203 - INFO - [2016postVFP] MISSING_CENTRAL: ZFake1E2Mu/Central/jets/3/pz in Skim_TriLep_DYJets10to50.root
2025-11-05 22:04:00,768 - INFO - [2017] MISSING_CENTRAL: ZFake1E2Mu/Central/jets/3/pz in Skim_TriLep_DYJets.root
2025-11-05 22:04:00,772 - INFO - [2017] MISSING_CENTRAL: ZFake1E2Mu/Central/jets/3/pz in Skim_TriLep_DYJets10to50.root
2025-11-05 22:04:01,307 - INFO - [2018] MISSING_CENTRAL: ZFake1E2Mu/Central/jets/3/pz in Skim_TriLep_DYJets.root
2025-11-05 22:04:01,309 - INFO - [2018] MISSING_CENTRAL: ZFake1E2Mu/Central/jets/3/pz in Skim_TriLep_DYJets10to50.root
2025-11-05 22:19:42,707 - INFO - [2016preVFP] MISSING_CENTRAL: ZFake1E2Mu/Central/jets/3/pz in Skim_TriLep_DYJets.root
2025-11-05 22:19:42,707 - INFO - [2016preVFP] MISSING_CENTRAL: ZFake1E2Mu/Central/jets/3/pz in Skim_TriLep_DYJets10to50.root
2025-11-05 22:19:42,746 - INFO - [2016preVFP] MISSING_SYSTEMATIC: ZFake1E2Mu/JetEn_Down/jets/3/pz in Skim_TriLep_WWG.root
2025-11-05 22:19:42,747 - INFO - [2016preVFP] MISSING_SYSTEMATIC: ZFake1E2Mu/JetRes_Down/jets/3/pz in Skim_TriLep_WWG.root
2025-11-05 22:19:43,025 - INFO - [2016postVFP] MISSING_CENTRAL: ZFake1E2Mu/Central/jets/3/pz in Skim_TriLep_DYJets10to50.root
2025-11-05 22:19:43,457 - INFO - [2017] MISSING_CENTRAL: ZFake1E2Mu/Central/jets/3/pz in Skim_TriLep_DYJets.root
2025-11-05 22:19:43,459 - INFO - [2017] MISSING_CENTRAL: ZFake1E2Mu/Central/jets/3/pz in Skim_TriLep_DYJets10to50.root
2025-11-05 22:19:43,905 - INFO - [2018] MISSING_CENTRAL: ZFake1E2Mu/Central/jets/3/pz in Skim_TriLep_DYJets.root
2025-11-05 22:19:43,905 - INFO - [2018] MISSING_CENTRAL: ZFake1E2Mu/Central/jets/3/pz in Skim_TriLep_DYJets10to50.root
2025-11-05 23:24:17,137 - INFO - [2016preVFP] MISSING_CENTRAL: ZFake1E2Mu/Central/jets/3/pz in Skim_TriLep_DYJets.root
2025-11-05 23:24:17,137 - INFO - [2016preVFP] MISSING_CENTRAL: ZFake1E2Mu/Central/jets/3/pz in Skim_TriLep_DYJets10to50.root
2025-11-05 23:24:17,177 - INFO - [2016preVFP] MISSING_SYSTEMATIC: ZFake1E2Mu/JetEn_Down/jets/3/pz in Skim_TriLep_WWG.root
2025-11-05 23:24:17,178 - INFO - [2016preVFP] MISSING_SYSTEMATIC: ZFake1E2Mu/JetRes_Down/jets/3/pz in Skim_TriLep_WWG.root
2025-11-05 23:24:17,474 - INFO - [2016postVFP] MISSING_CENTRAL: ZFake1E2Mu/Central/jets/3/pz in Skim_TriLep_DYJets10to50.root
2025-11-05 23:24:17,866 - INFO - [2017] MISSING_CENTRAL: ZFake1E2Mu/Central/jets/3/pz in Skim_TriLep_DYJets.root
2025-11-05 23:24:17,867 - INFO - [2017] MISSING_CENTRAL: ZFake1E2Mu/Central/jets/3/pz in Skim_TriLep_DYJets10to50.root
2025-11-05 23:24:18,241 - INFO - [2018] MISSING_CENTRAL: ZFake1E2Mu/Central/jets/3/pz in Skim_TriLep_DYJets.root
2025-11-05 23:24:18,242 - INFO - [2018] MISSING_CENTRAL: ZFake1E2Mu/Central/jets/3/pz in Skim_TriLep_DYJets10to50.root
2025-11-07 12:27:27,633 - INFO - [2016preVFP] MISSING_CENTRAL: ZFake1E2Mu/Central/jets/3/pz in Skim_TriLep_DYJets.root
2025-11-07 12:27:27,634 - INFO - [2016preVFP] MISSING_CENTRAL: ZFake1E2Mu/Central/jets/3/pz in Skim_TriLep_DYJets10to50.root
2025-11-07 12:27:27,674 - INFO - [2016preVFP] MISSING_SYSTEMATIC: ZFake1E2Mu/JetEn_Down/jets/3/pz in Skim_TriLep_WWG.root
2025-11-07 12:27:27,674 - INFO - [2016preVFP] MISSING_SYSTEMATIC: ZFake1E2Mu/JetRes_Down/jets/3/pz in Skim_TriLep_WWG.root
2025-11-07 12:27:27,992 - INFO - [2016postVFP] MISSING_CENTRAL: ZFake1E2Mu/Central/jets/3/pz in Skim_TriLep_DYJets10to50.root
2025-11-07 12:27:28,372 - INFO - [2017] MISSING_CENTRAL: ZFake1E2Mu/Central/jets/3/pz in Skim_TriLep_DYJets.root
2025-11-07 12:27:28,372 - INFO - [2017] MISSING_CENTRAL: ZFake1E2Mu/Central/jets/3/pz in Skim_TriLep_DYJets10to50.root
2025-11-07 12:27:28,924 - INFO - [2018] MISSING_CENTRAL: ZFake1E2Mu/Central/jets/3/pz in Skim_TriLep_DYJets.root
2025-11-07 12:27:28,924 - INFO - [2018] MISSING_CENTRAL: ZFake1E2Mu/Central/jets/3/pz in Skim_TriLep_DYJets10to50.root
2025-11-07 13:08:04,971 - INFO - [2016preVFP] MISSING_CENTRAL: ZFake1E2Mu/Central/jets/3/pz in Skim_TriLep_DYJets.root
2025-11-07 13:08:04,972 - INFO - [2016preVFP] MISSING_CENTRAL: ZFake1E2Mu/Central/jets/3/pz in Skim_TriLep_DYJets10to50.root
2025-11-07 13:08:05,042 - INFO - [2016preVFP] MISSING_SYSTEMATIC: ZFake1E2Mu/JetEn_Down/jets/3/pz in Skim_TriLep_WWG.root
2025-11-07 13:08:05,042 - INFO - [2016preVFP] MISSING_SYSTEMATIC: ZFake1E2Mu/JetRes_Down/jets/3/pz in Skim_TriLep_WWG.root
2025-11-07 13:08:05,388 - INFO - [2016postVFP] MISSING_CENTRAL: ZFake1E2Mu/Central/jets/3/pz in Skim_TriLep_DYJets10to50.root
2025-11-07 13:08:05,830 - INFO - [2017] MISSING_CENTRAL: ZFake1E2Mu/Central/jets/3/pz in Skim_TriLep_DYJets.root
2025-11-07 13:08:05,831 - INFO - [2017] MISSING_CENTRAL: ZFake1E2Mu/Central/jets/3/pz in Skim_TriLep_DYJets10to50.root
2025-11-07 13:08:06,215 - INFO - [2018] MISSING_CENTRAL: ZFake1E2Mu/Central/jets/3/pz in Skim_TriLep_DYJets.root
2025-11-07 13:08:06,216 - INFO - [2018] MISSING_CENTRAL: ZFake1E2Mu/Central/jets/3/pz in Skim_TriLep_DYJets10to50.root
2025-11-07 14:04:47,709 - INFO - [2016preVFP] MISSING_CENTRAL: ZFake1E2Mu/Central/jets/3/pz in Skim_TriLep_DYJets.root
2025-11-07 14:04:47,709 - INFO - [2016preVFP] MISSING_CENTRAL: ZFake1E2Mu/Central/jets/3/pz in Skim_TriLep_DYJets10to50.root
2025-11-07 14:04:47,752 - INFO - [2016preVFP] MISSING_SYSTEMATIC: ZFake1E2Mu/JetEn_Down/jets/3/pz in Skim_TriLep_WWG.root
2025-11-07 14:04:47,753 - INFO - [2016preVFP] MISSING_SYSTEMATIC: ZFake1E2Mu/JetRes_Down/jets/3/pz in Skim_TriLep_WWG.root
2025-11-07 14:04:48,172 - INFO - [2016postVFP] MISSING_CENTRAL: ZFake1E2Mu/Central/jets/3/pz in Skim_TriLep_DYJets10to50.root
2025-11-07 14:04:48,576 - INFO - [2017] MISSING_CENTRAL: ZFake1E2Mu/Central/jets/3/pz in Skim_TriLep_DYJets.root
2025-11-07 14:04:48,576 - INFO - [2017] MISSING_CENTRAL: ZFake1E2Mu/Central/jets/3/pz in Skim_TriLep_DYJets10to50.root
2025-11-07 14:04:48,923 - INFO - [2018] MISSING_CENTRAL: ZFake1E2Mu/Central/jets/3/pz in Skim_TriLep_DYJets.root
2025-11-07 14:04:48,924 - INFO - [2018] MISSING_CENTRAL: ZFake1E2Mu/Central/jets/3/pz in Skim_TriLep_DYJets10to50.root
2025-11-10 05:55:55,228 - INFO - [2016preVFP] MISSING_CENTRAL: ZFake1E2Mu/Central/jets/3/pz in Skim_TriLep_DYJets.root
2025-11-10 05:55:55,229 - INFO - [2016preVFP] MISSING_CENTRAL: ZFake1E2Mu/Central/jets/3/pz in Skim_TriLep_DYJets10to50.root
2025-11-10 05:55:55,330 - INFO - [2016preVFP] MISSING_SYSTEMATIC: ZFake1E2Mu/JetEn_Down/jets/3/pz in Skim_TriLep_WWG.root
2025-11-10 05:55:55,331 - INFO - [2016preVFP] MISSING_SYSTEMATIC: ZFake1E2Mu/JetRes_Down/jets/3/pz in Skim_TriLep_WWG.root
2025-11-10 05:55:56,013 - INFO - [2016postVFP] MISSING_CENTRAL: ZFake1E2Mu/Central/jets/3/pz in Skim_TriLep_DYJets10to50.root
2025-11-10 05:55:56,514 - INFO - [2017] MISSING_CENTRAL: ZFake1E2Mu/Central/jets/3/pz in Skim_TriLep_DYJets.root
2025-11-10 05:55:56,514 - INFO - [2017] MISSING_CENTRAL: ZFake1E2Mu/Central/jets/3/pz in Skim_TriLep_DYJets10to50.root
2025-11-10 05:55:57,042 - INFO - [2018] MISSING_CENTRAL: ZFake1E2Mu/Central/jets/3/pz in Skim_TriLep_DYJets.root
2025-11-10 05:55:57,042 - INFO - [2018] MISSING_CENTRAL: ZFake1E2Mu/Central/jets/3/pz in Skim_TriLep_DYJets10to50.root
2025-11-10 12:19:51,067 - INFO - [2016preVFP] MISSING_CENTRAL: ZFake1E2Mu/Central/jets/3/pz in Skim_TriLep_DYJets.root
2025-11-10 12:19:51,068 - INFO - [2016preVFP] MISSING_CENTRAL: ZFake1E2Mu/Central/jets/3/pz in Skim_TriLep_DYJets10to50.root
2025-11-10 12:19:51,107 - INFO - [2016preVFP] MISSING_SYSTEMATIC: ZFake1E2Mu/JetEn_Down/jets/3/pz in Skim_TriLep_WWG.root
2025-11-10 12:19:51,107 - INFO - [2016preVFP] MISSING_SYSTEMATIC: ZFake1E2Mu/JetRes_Down/jets/3/pz in Skim_TriLep_WWG.root
2025-11-10 12:19:51,501 - INFO - [2016postVFP] MISSING_CENTRAL: ZFake1E2Mu/Central/jets/3/pz in Skim_TriLep_DYJets10to50.root
2025-11-10 12:19:51,953 - INFO - [2017] MISSING_CENTRAL: ZFake1E2Mu/Central/jets/3/pz in Skim_TriLep_DYJets.root
2025-11-10 12:19:51,954 - INFO - [2017] MISSING_CENTRAL: ZFake1E2Mu/Central/jets/3/pz in Skim_TriLep_DYJets10to50.root
2025-11-10 12:19:52,348 - INFO - [2018] MISSING_CENTRAL: ZFake1E2Mu/Central/jets/3/pz in Skim_TriLep_DYJets.root
2025-11-10 12:19:52,349 - INFO - [2018] MISSING_CENTRAL: ZFake1E2Mu/Central/jets/3/pz in Skim_TriLep_DYJets10to50.root
2025-11-13 11:09:20,688 - INFO - [2016preVFP] MISSING_CENTRAL: ZFake1E2Mu/Central/jets/3/pz in Skim_TriLep_DYJets.root
2025-11-13 11:09:20,690 - INFO - [2016preVFP] MISSING_CENTRAL: ZFake1E2Mu/Central/jets/3/pz in Skim_TriLep_DYJets10to50.root
2025-11-13 11:09:20,779 - INFO - [2016preVFP] MISSING_SYSTEMATIC: ZFake1E2Mu/JetEn_Down/jets/3/pz in Skim_TriLep_WWG.root
2025-11-13 11:09:20,780 - INFO - [2016preVFP] MISSING_SYSTEMATIC: ZFake1E2Mu/JetRes_Down/jets/3/pz in Skim_TriLep_WWG.root
2025-11-13 11:09:21,719 - INFO - [2016postVFP] MISSING_CENTRAL: ZFake1E2Mu/Central/jets/3/pz in Skim_TriLep_DYJets10to50.root
2025-11-13 11:09:23,113 - INFO - [2017] MISSING_CENTRAL: ZFake1E2Mu/Central/jets/3/pz in Skim_TriLep_DYJets.root
2025-11-13 11:09:23,115 - INFO - [2017] MISSING_CENTRAL: ZFake1E2Mu/Central/jets/3/pz in Skim_TriLep_DYJets10to50.root
2025-11-13 11:09:23,792 - INFO - [2018] MISSING_CENTRAL: ZFake1E2Mu/Central/jets/3/pz in Skim_TriLep_DYJets.root
2025-11-13 11:09:23,794 - INFO - [2018] MISSING_CENTRAL: ZFake1E2Mu/Central/jets/3/pz in Skim_TriLep_DYJets10to50.root
2025-11-19 16:09:37,367 - INFO - [2016preVFP] MISSING_CENTRAL: ZFake1E2Mu/Central/jets/3/pz in Skim_TriLep_DYJets.root
2025-11-19 16:09:37,371 - INFO - [2016preVFP] MISSING_CENTRAL: ZFake1E2Mu/Central/jets/3/pz in Skim_TriLep_DYJets10to50.root
2025-11-19 16:09:37,426 - INFO - [2016preVFP] MISSING_SYSTEMATIC: ZFake1E2Mu/JetEn_Down/jets/3/pz in Skim_TriLep_WWG.root
2025-11-19 16:09:37,426 - INFO - [2016preVFP] MISSING_SYSTEMATIC: ZFake1E2Mu/JetRes_Down/jets/3/pz in Skim_TriLep_WWG.root
2025-11-19 16:09:37,746 - INFO - [2016postVFP] MISSING_CENTRAL: ZFake1E2Mu/Central/jets/3/pz in Skim_TriLep_DYJets10to50.root
2025-11-19 16:09:38,125 - INFO - [2017] MISSING_CENTRAL: ZFake1E2Mu/Central/jets/3/pz in Skim_TriLep_DYJets.root
2025-11-19 16:09:38,126 - INFO - [2017] MISSING_CENTRAL: ZFake1E2Mu/Central/jets/3/pz in Skim_TriLep_DYJets10to50.root
2025-11-19 16:09:38,441 - INFO - [2018] MISSING_CENTRAL: ZFake1E2Mu/Central/jets/3/pz in Skim_TriLep_DYJets.root
2025-11-19 16:09:38,442 - INFO - [2018] MISSING_CENTRAL: ZFake1E2Mu/Central/jets/3/pz in Skim_TriLep_DYJets10to50.root
2025-11-19 16:22:13,622 - INFO - [2016preVFP] MISSING_CENTRAL: ZFake1E2Mu/Central/jets/3/pz in Skim_TriLep_DYJets.root
2025-11-19 16:22:13,623 - INFO - [2016preVFP] MISSING_CENTRAL: ZFake1E2Mu/Central/jets/3/pz in Skim_TriLep_DYJets10to50.root
2025-11-19 16:22:13,662 - INFO - [2016preVFP] MISSING_SYSTEMATIC: ZFake1E2Mu/JetEn_Down/jets/3/pz in Skim_TriLep_WWG.root
2025-11-19 16:22:13,663 - INFO - [2016preVFP] MISSING_SYSTEMATIC: ZFake1E2Mu/JetRes_Down/jets/3/pz in Skim_TriLep_WWG.root
2025-11-19 16:22:14,027 - INFO - [2016postVFP] MISSING_CENTRAL: ZFake1E2Mu/Central/jets/3/pz in Skim_TriLep_DYJets10to50.root
2025-11-19 16:22:14,495 - INFO - [2017] MISSING_CENTRAL: ZFake1E2Mu/Central/jets/3/pz in Skim_TriLep_DYJets.root
2025-11-19 16:22:14,496 - INFO - [2017] MISSING_CENTRAL: ZFake1E2Mu/Central/jets/3/pz in Skim_TriLep_DYJets10to50.root
2025-11-19 16:22:14,890 - INFO - [2018] MISSING_CENTRAL: ZFake1E2Mu/Central/jets/3/pz in Skim_TriLep_DYJets.root
2025-11-19 16:22:14,891 - INFO - [2018] MISSING_CENTRAL: ZFake1E2Mu/Central/jets/3/pz in Skim_TriLep_DYJets10to50.root
2025-12-17 22:36:42,744 - INFO - [2016preVFP] MISSING_CENTRAL: ZFake1E2Mu/Central/jets/3/pz in Skim_TriLep_DYJets10to50.root
2025-12-17 22:36:42,811 - INFO - [2016preVFP] MISSING_SYSTEMATIC: ZFake1E2Mu/JetEn_Down/jets/3/pz in Skim_TriLep_WWG.root
2025-12-17 22:36:42,812 - INFO - [2016preVFP] MISSING_SYSTEMATIC: ZFake1E2Mu/JetRes_Down/jets/3/pz in Skim_TriLep_WWG.root
2025-12-17 22:36:43,451 - INFO - [2016postVFP] MISSING_CENTRAL: ZFake1E2Mu/Central/jets/3/pz in Skim_TriLep_DYJets10to50.root
2025-12-17 22:36:44,368 - INFO - [2017] MISSING_SYSTEMATIC: ZFake1E2Mu/JetEn_Down/jets/3/pz in Skim_TriLep_DYJets.root
2025-12-17 22:36:44,405 - INFO - [2017] MISSING_CENTRAL: ZFake1E2Mu/Central/jets/3/pz in Skim_TriLep_DYJets10to50.root
2025-12-17 22:36:45,082 - INFO - [2018] MISSING_CENTRAL: ZFake1E2Mu/Central/jets/3/pz in Skim_TriLep_DYJets10to50.root
2025-12-18 14:20:45,655 - INFO - [2016preVFP] MISSING_CENTRAL: ZFake1E2Mu/Central/jets/3/pz in Skim_TriLep_DYJets10to50.root
2025-12-18 14:20:45,749 - INFO - [2016preVFP] MISSING_SYSTEMATIC: ZFake1E2Mu/JetEn_Down/jets/3/pz in Skim_TriLep_WWG.root
2025-12-18 14:20:45,749 - INFO - [2016preVFP] MISSING_SYSTEMATIC: ZFake1E2Mu/JetRes_Down/jets/3/pz in Skim_TriLep_WWG.root
2025-12-18 14:20:46,434 - INFO - [2016postVFP] MISSING_CENTRAL: ZFake1E2Mu/Central/jets/3/pz in Skim_TriLep_DYJets10to50.root
2025-12-18 14:20:47,448 - INFO - [2017] MISSING_SYSTEMATIC: ZFake1E2Mu/JetEn_Down/jets/3/pz in Skim_TriLep_DYJets.root
2025-12-18 14:20:47,486 - INFO - [2017] MISSING_CENTRAL: ZFake1E2Mu/Central/jets/3/pz in Skim_TriLep_DYJets10to50.root
2025-12-18 14:20:48,149 - INFO - [2018] MISSING_CENTRAL: ZFake1E2Mu/Central/jets/3/pz in Skim_TriLep_DYJets10to50.root
2025-12-18 14:36:08,565 - INFO - [2016preVFP] MISSING_CENTRAL: ZFake1E2Mu/Central/jets/3/pz in Skim_TriLep_DYJets10to50.root
2025-12-18 14:36:08,599 - INFO - [2016preVFP] MISSING_SYSTEMATIC: ZFake1E2Mu/JetEn_Down/jets/3/pz in Skim_TriLep_WWG.root
2025-12-18 14:36:08,600 - INFO - [2016preVFP] MISSING_SYSTEMATIC: ZFake1E2Mu/JetRes_Down/jets/3/pz in Skim_TriLep_WWG.root
2025-12-18 14:36:09,465 - INFO - [2016postVFP] MISSING_CENTRAL: ZFake1E2Mu/Central/jets/3/pz in Skim_TriLep_DYJets10to50.root
2025-12-18 14:36:10,476 - INFO - [2017] MISSING_SYSTEMATIC: ZFake1E2Mu/JetEn_Down/jets/3/pz in Skim_TriLep_DYJets.root
2025-12-18 14:36:10,534 - INFO - [2017] MISSING_CENTRAL: ZFake1E2Mu/Central/jets/3/pz in Skim_TriLep_DYJets10to50.root
2025-12-18 14:36:11,333 - INFO - [2018] MISSING_CENTRAL: ZFake1E2Mu/Central/jets/3/pz in Skim_TriLep_DYJets10to50.root
2026-01-07 11:46:10,199 - INFO - [2016preVFP] MISSING_CENTRAL: ZFake1E2Mu/Central/jets/3/pz in Skim_TriLep_DYJets10to50.root
2026-01-07 11:46:10,255 - INFO - [2016preVFP] MISSING_SYSTEMATIC: ZFake1E2Mu/JetEn_Down/jets/3/pz in Skim_TriLep_WWG.root
2026-01-07 11:46:10,255 - INFO - [2016preVFP] MISSING_SYSTEMATIC: ZFake1E2Mu/JetRes_Down/jets/3/pz in Skim_TriLep_WWG.root
2026-01-07 11:46:11,096 - INFO - [2016postVFP] MISSING_CENTRAL: ZFake1E2Mu/Central/jets/3/pz in Skim_TriLep_DYJets10to50.root
2026-01-07 11:46:12,034 - INFO - [2017] MISSING_SYSTEMATIC: ZFake1E2Mu/JetEn_Down/jets/3/pz in Skim_TriLep_DYJets.root
2026-01-07 11:46:12,113 - INFO - [2017] MISSING_CENTRAL: ZFake1E2Mu/Central/jets/3/pz in Skim_TriLep_DYJets10to50.root
2026-01-07 11:46:12,759 - INFO - [2018] MISSING_CENTRAL: ZFake1E2Mu/Central/jets/3/pz in Skim_TriLep_DYJets10to50.root
2026-01-07 18:42:49,797 - INFO - [2016preVFP] MISSING_CENTRAL: ZFake1E2Mu/Central/jets/3/pz in Skim_TriLep_DYJets10to50.root
2026-01-07 18:42:49,833 - INFO - [2016preVFP] MISSING_SYSTEMATIC: ZFake1E2Mu/JetEn_Down/jets/3/pz in Skim_TriLep_WWG.root
2026-01-07 18:42:49,834 - INFO - [2016preVFP] MISSING_SYSTEMATIC: ZFake1E2Mu/JetRes_Down/jets/3/pz in Skim_TriLep_WWG.root
2026-01-07 18:42:50,617 - INFO - [2016postVFP] MISSING_CENTRAL: ZFake1E2Mu/Central/jets/3/pz in Skim_TriLep_DYJets10to50.root
2026-01-07 18:42:51,575 - INFO - [2017] MISSING_SYSTEMATIC: ZFake1E2Mu/JetEn_Down/jets/3/pz in Skim_TriLep_DYJets.root
2026-01-07 18:42:51,660 - INFO - [2017] MISSING_CENTRAL: ZFake1E2Mu/Central/jets/3/pz in Skim_TriLep_DYJets10to50.root
2026-01-07 18:42:52,419 - INFO - [2018] MISSING_CENTRAL: ZFake1E2Mu/Central/jets/3/pz in Skim_TriLep_DYJets10to50.root
2026-01-09 12:16:45,352 - INFO - [2016preVFP] MISSING_CENTRAL: ZFake1E2Mu/Central/jets/3/pz in Skim_TriLep_DYJets10to50.root
2026-01-09 12:16:45,372 - INFO - [2016preVFP] MISSING_SYSTEMATIC: ZFake1E2Mu/JetEn_Down/jets/3/pz in Skim_TriLep_WWG.root
2026-01-09 12:16:45,372 - INFO - [2016preVFP] MISSING_SYSTEMATIC: ZFake1E2Mu/JetRes_Down/jets/3/pz in Skim_TriLep_WWG.root
2026-01-09 12:16:45,719 - INFO - [2016postVFP] MISSING_CENTRAL: ZFake1E2Mu/Central/jets/3/pz in Skim_TriLep_DYJets10to50.root
2026-01-09 12:16:46,109 - INFO - [2017] MISSING_SYSTEMATIC: ZFake1E2Mu/JetEn_Down/jets/3/pz in Skim_TriLep_DYJets.root
2026-01-09 12:16:46,125 - INFO - [2017] MISSING_CENTRAL: ZFake1E2Mu/Central/jets/3/pz in Skim_TriLep_DYJets10to50.root
2026-01-09 12:16:46,600 - INFO - [2018] MISSING_CENTRAL: ZFake1E2Mu/Central/jets/3/pz in Skim_TriLep_DYJets10to50.root
2026-01-11 09:36:48,811 - INFO - [2016preVFP] MISSING_CENTRAL: ZFake1E2Mu/Central/jets/3/pz in Skim_TriLep_DYJets10to50.root
2026-01-11 09:36:48,829 - INFO - [2016preVFP] MISSING_SYSTEMATIC: ZFake1E2Mu/JetEn_Down/jets/3/pz in Skim_TriLep_WWG.root
2026-01-11 09:36:48,829 - INFO - [2016preVFP] MISSING_SYSTEMATIC: ZFake1E2Mu/JetRes_Down/jets/3/pz in Skim_TriLep_WWG.root
2026-01-11 09:36:49,152 - INFO - [2016postVFP] MISSING_CENTRAL: ZFake1E2Mu/Central/jets/3/pz in Skim_TriLep_DYJets10to50.root
2026-01-11 09:36:49,456 - INFO - [2017] MISSING_SYSTEMATIC: ZFake1E2Mu/JetEn_Down/jets/3/pz in Skim_TriLep_DYJets.root
2026-01-11 09:36:49,471 - INFO - [2017] MISSING_CENTRAL: ZFake1E2Mu/Central/jets/3/pz in Skim_TriLep_DYJets10to50.root
2026-01-11 09:36:50,003 - INFO - [2018] MISSING_CENTRAL: ZFake1E2Mu/Central/jets/3/pz in Skim_TriLep_DYJets10to50.root
2026-01-12 13:45:27,888 - INFO - [2016preVFP] MISSING_FILE: /home/choij/Sync/workspace/ChargedHiggsAnalysisV3/SKNanoOutput/MatrixSelector/Run1E2Mu/2016preVFP/Skim_TriLep_MuonEG_B.root
2026-01-12 13:45:27,888 - INFO - [2016preVFP] MISSING_FILE: /home/choij/Sync/workspace/ChargedHiggsAnalysisV3/SKNanoOutput/MatrixSelector/Run1E2Mu/2016preVFP/Skim_TriLep_MuonEG_C.root
2026-01-12 13:45:27,888 - INFO - [2016preVFP] MISSING_FILE: /home/choij/Sync/workspace/ChargedHiggsAnalysisV3/SKNanoOutput/MatrixSelector/Run1E2Mu/2016preVFP/Skim_TriLep_MuonEG_D.root
2026-01-12 13:45:27,888 - INFO - [2016preVFP] MISSING_FILE: /home/choij/Sync/workspace/ChargedHiggsAnalysisV3/SKNanoOutput/MatrixSelector/Run1E2Mu/2016preVFP/Skim_TriLep_MuonEG_E.root
2026-01-12 13:45:27,888 - INFO - [2016preVFP] MISSING_FILE: /home/choij/Sync/workspace/ChargedHiggsAnalysisV3/SKNanoOutput/MatrixSelector/Run1E2Mu/2016preVFP/Skim_TriLep_MuonEG_F.root
2026-01-12 13:45:27,924 - INFO - [2016preVFP] MISSING_CENTRAL: ZFake1E2Mu/Central/jets/3/pz in Skim_TriLep_DYJets10to50.root
2026-01-12 13:45:27,945 - INFO - [2016preVFP] MISSING_SYSTEMATIC: ZFake1E2Mu/JetEn_Down/jets/3/pz in Skim_TriLep_WWG.root
2026-01-12 13:45:27,945 - INFO - [2016preVFP] MISSING_SYSTEMATIC: ZFake1E2Mu/JetRes_Down/jets/3/pz in Skim_TriLep_WWG.root
2026-01-12 13:45:28,256 - INFO - [2016postVFP] MISSING_FILE: /home/choij/Sync/workspace/ChargedHiggsAnalysisV3/SKNanoOutput/MatrixSelector/Run1E2Mu/2016postVFP/Skim_TriLep_MuonEG_F.root
2026-01-12 13:45:28,256 - INFO - [2016postVFP] MISSING_FILE: /home/choij/Sync/workspace/ChargedHiggsAnalysisV3/SKNanoOutput/MatrixSelector/Run1E2Mu/2016postVFP/Skim_TriLep_MuonEG_G.root
2026-01-12 13:45:28,256 - INFO - [2016postVFP] MISSING_FILE: /home/choij/Sync/workspace/ChargedHiggsAnalysisV3/SKNanoOutput/MatrixSelector/Run1E2Mu/2016postVFP/Skim_TriLep_MuonEG_H.root
2026-01-12 13:45:28,276 - INFO - [2016postVFP] MISSING_CENTRAL: ZFake1E2Mu/Central/jets/3/pz in Skim_TriLep_DYJets10to50.root
2026-01-12 13:45:28,691 - INFO - [2017] MISSING_FILE: /home/choij/Sync/workspace/ChargedHiggsAnalysisV3/SKNanoOutput/MatrixSelector/Run1E2Mu/2017/Skim_TriLep_MuonEG_B.root
2026-01-12 13:45:28,691 - INFO - [2017] MISSING_FILE: /home/choij/Sync/workspace/ChargedHiggsAnalysisV3/SKNanoOutput/MatrixSelector/Run1E2Mu/2017/Skim_TriLep_MuonEG_C.root
2026-01-12 13:45:28,691 - INFO - [2017] MISSING_FILE: /home/choij/Sync/workspace/ChargedHiggsAnalysisV3/SKNanoOutput/MatrixSelector/Run1E2Mu/2017/Skim_TriLep_MuonEG_D.root
2026-01-12 13:45:28,691 - INFO - [2017] MISSING_FILE: /home/choij/Sync/workspace/ChargedHiggsAnalysisV3/SKNanoOutput/MatrixSelector/Run1E2Mu/2017/Skim_TriLep_MuonEG_E.root
2026-01-12 13:45:28,691 - INFO - [2017] MISSING_FILE: /home/choij/Sync/workspace/ChargedHiggsAnalysisV3/SKNanoOutput/MatrixSelector/Run1E2Mu/2017/Skim_TriLep_MuonEG_F.root
2026-01-12 13:45:28,695 - INFO - [2017] MISSING_SYSTEMATIC: ZFake1E2Mu/JetEn_Down/jets/3/pz in Skim_TriLep_DYJets.root
2026-01-12 13:45:28,712 - INFO - [2017] MISSING_CENTRAL: ZFake1E2Mu/Central/jets/3/pz in Skim_TriLep_DYJets10to50.root
2026-01-12 13:45:29,070 - INFO - [2018] MISSING_FILE: /home/choij/Sync/workspace/ChargedHiggsAnalysisV3/SKNanoOutput/MatrixSelector/Run1E2Mu/2018/Skim_TriLep_MuonEG_A.root
2026-01-12 13:45:29,071 - INFO - [2018] MISSING_FILE: /home/choij/Sync/workspace/ChargedHiggsAnalysisV3/SKNanoOutput/MatrixSelector/Run1E2Mu/2018/Skim_TriLep_MuonEG_B.root
2026-01-12 13:45:29,071 - INFO - [2018] MISSING_FILE: /home/choij/Sync/workspace/ChargedHiggsAnalysisV3/SKNanoOutput/MatrixSelector/Run1E2Mu/2018/Skim_TriLep_MuonEG_C.root
2026-01-12 13:45:29,071 - INFO - [2018] MISSING_FILE: /home/choij/Sync/workspace/ChargedHiggsAnalysisV3/SKNanoOutput/MatrixSelector/Run1E2Mu/2018/Skim_TriLep_MuonEG_D.root
2026-01-12 13:45:29,091 - INFO - [2018] MISSING_CENTRAL: ZFake1E2Mu/Central/jets/3/pz in Skim_TriLep_DYJets10to50.root
2026-01-16 19:00:39,283 - INFO - [2016preVFP] MISSING_CENTRAL: ZFake1E2Mu/Central/jets/3/pz in Skim_TriLep_DYJets10to50.root
2026-01-16 19:00:39,303 - INFO - [2016preVFP] MISSING_SYSTEMATIC: ZFake1E2Mu/JetEn_Down/jets/3/pz in Skim_TriLep_WWG.root
2026-01-16 19:00:39,303 - INFO - [2016preVFP] MISSING_SYSTEMATIC: ZFake1E2Mu/JetRes_Down/jets/3/pz in Skim_TriLep_WWG.root
2026-01-16 19:00:39,595 - INFO - [2016postVFP] MISSING_CENTRAL: ZFake1E2Mu/Central/jets/3/pz in Skim_TriLep_DYJets10to50.root
2026-01-16 19:00:39,910 - INFO - [2017] MISSING_SYSTEMATIC: ZFake1E2Mu/JetEn_Down/jets/3/pz in Skim_TriLep_DYJets.root
2026-01-16 19:00:39,925 - INFO - [2017] MISSING_CENTRAL: ZFake1E2Mu/Central/jets/3/pz in Skim_TriLep_DYJets10to50.root
2026-01-16 19:00:40,269 - INFO - [2018] MISSING_CENTRAL: ZFake1E2Mu/Central/jets/3/pz in Skim_TriLep_DYJets10to50.root
