2025-09-24 15:50:42,884 - INFO - [2016preVFP] MISSING_CENTRAL: ZFake1E2Mu/Central/jets/4/py in Skim_TriLep_DYJets.root
2025-09-24 15:50:42,884 - INFO - [2016preVFP] MISSING_CENTRAL: ZFake1E2Mu/Central/jets/4/py in Skim_TriLep_DYJets10to50.root
2025-09-24 15:50:42,914 - INFO - [2016preVFP] MISSING_CENTRAL: ZFake1E2Mu/Central/jets/4/py in Skim_TriLep_WWG.root
2025-09-24 15:50:43,799 - INFO - [2016postVFP] MISSING_CENTRAL: ZFake1E2Mu/Central/jets/4/py in Skim_TriLep_DYJets.root
2025-09-24 15:50:43,799 - INFO - [2016postVFP] MISSING_CENTRAL: ZFake1E2Mu/Central/jets/4/py in Skim_TriLep_DYJets10to50.root
2025-09-24 15:50:43,854 - INFO - [2016postVFP] MISSING_CENTRAL: ZFake1E2Mu/Central/jets/4/py in Skim_TriLep_TTG.root
2025-09-24 15:50:44,246 - INFO - [2017] MISSING_CENTRAL: ZFake1E2Mu/Central/jets/4/py in Skim_TriLep_DYJets.root
2025-09-24 15:50:44,247 - INFO - [2017] MISSING_CENTRAL: ZFake1E2Mu/Central/jets/4/py in Skim_TriLep_DYJets10to50.root
2025-09-24 15:50:44,265 - INFO - [2017] MISSING_CENTRAL: ZFake1E2Mu/Central/jets/4/py in Skim_TriLep_TTG.root
2025-09-24 15:50:44,568 - INFO - [2018] MISSING_CENTRAL: ZFake1E2Mu/Central/jets/4/py in Skim_TriLep_DYJets.root
2025-09-24 15:50:44,568 - INFO - [2018] MISSING_CENTRAL: ZFake1E2Mu/Central/jets/4/py in Skim_TriLep_DYJets10to50.root
2025-09-24 15:50:44,589 - INFO - [2018] MISSING_FILE: /Users/choij/Sync/workspace/ChargedHiggsAnalysisV3/SKNanoOutput/PromptSelector/Run1E2Mu_RunSyst/2018/Skim_TriLep_TTG.root
2025-09-24 15:50:44,590 - INFO - [2018] MISSING_CENTRAL: ZFake1E2Mu/Central/jets/4/py in Skim_TriLep_WWG.root
2025-09-24 15:50:44,641 - INFO - [2018] MISSING_FILE: /Users/choij/Sync/workspace/ChargedHiggsAnalysisV3/SKNanoOutput/PromptSelector/Run1E2Mu_RunSyst/2018/Skim_TriLep_TTHToNonbb.root
2025-09-24 15:50:44,720 - INFO - [2018] MISSING_FILE: /Users/choij/Sync/workspace/ChargedHiggsAnalysisV3/SKNanoOutput/PromptSelector/Run1E2Mu_RunSyst/2018/Skim_TriLep_tHq.root
2025-09-24 15:50:44,820 - INFO - [2018] MISSING_FILE: /Users/choij/Sync/workspace/ChargedHiggsAnalysisV3/SKNanoOutput/PromptSelector/Run1E2Mu_RunSyst/2018/Skim_TriLep_VBFHToZZTo4L.root
2025-10-02 21:14:31,679 - INFO - [2016preVFP] MISSING_CENTRAL: ZFake1E2Mu/Central/jets/4/py in Skim_TriLep_DYJets.root
2025-10-02 21:14:31,680 - INFO - [2016preVFP] MISSING_CENTRAL: ZFake1E2Mu/Central/jets/4/py in Skim_TriLep_DYJets10to50.root
2025-10-02 21:14:31,829 - INFO - [2016preVFP] MISSING_CENTRAL: ZFake1E2Mu/Central/jets/4/py in Skim_TriLep_WWG.root
2025-10-02 21:14:32,637 - INFO - [2016postVFP] MISSING_CENTRAL: ZFake1E2Mu/Central/jets/4/py in Skim_TriLep_DYJets.root
2025-10-02 21:14:32,642 - INFO - [2016postVFP] MISSING_CENTRAL: ZFake1E2Mu/Central/jets/4/py in Skim_TriLep_DYJets10to50.root
2025-10-02 21:14:32,699 - INFO - [2016postVFP] MISSING_CENTRAL: ZFake1E2Mu/Central/jets/4/py in Skim_TriLep_TTG.root
2025-10-02 21:14:33,235 - INFO - [2017] MISSING_CENTRAL: ZFake1E2Mu/Central/jets/4/py in Skim_TriLep_DYJets.root
2025-10-02 21:14:33,236 - INFO - [2017] MISSING_CENTRAL: ZFake1E2Mu/Central/jets/4/py in Skim_TriLep_DYJets10to50.root
2025-10-02 21:14:33,265 - INFO - [2017] MISSING_CENTRAL: ZFake1E2Mu/Central/jets/4/py in Skim_TriLep_TTG.root
2025-10-02 21:14:33,783 - INFO - [2018] MISSING_CENTRAL: ZFake1E2Mu/Central/jets/4/py in Skim_TriLep_DYJets.root
2025-10-02 21:14:33,785 - INFO - [2018] MISSING_CENTRAL: ZFake1E2Mu/Central/jets/4/py in Skim_TriLep_DYJets10to50.root
2025-10-02 21:14:33,815 - INFO - [2018] MISSING_FILE: /data9/Users/choij/Sync/workspace/ChargedHiggsAnalysisV3/SKNanoOutput/PromptSelector/Run1E2Mu_RunSyst/2018/Skim_TriLep_TTG.root
2025-10-02 21:14:33,816 - INFO - [2018] MISSING_CENTRAL: ZFake1E2Mu/Central/jets/4/py in Skim_TriLep_WWG.root
2025-10-02 21:14:33,876 - INFO - [2018] MISSING_FILE: /data9/Users/choij/Sync/workspace/ChargedHiggsAnalysisV3/SKNanoOutput/PromptSelector/Run1E2Mu_RunSyst/2018/Skim_TriLep_TTHToNonbb.root
2025-10-02 21:14:33,964 - INFO - [2018] MISSING_FILE: /data9/Users/choij/Sync/workspace/ChargedHiggsAnalysisV3/SKNanoOutput/PromptSelector/Run1E2Mu_RunSyst/2018/Skim_TriLep_tHq.root
2025-10-02 21:14:34,052 - INFO - [2018] MISSING_FILE: /data9/Users/choij/Sync/workspace/ChargedHiggsAnalysisV3/SKNanoOutput/PromptSelector/Run1E2Mu_RunSyst/2018/Skim_TriLep_VBFHToZZTo4L.root
2025-10-03 00:03:09,839 - INFO - [2016preVFP] MISSING_CENTRAL: ZFake1E2Mu/Central/jets/4/py in Skim_TriLep_DYJets.root
2025-10-03 00:03:09,841 - INFO - [2016preVFP] MISSING_CENTRAL: ZFake1E2Mu/Central/jets/4/py in Skim_TriLep_DYJets10to50.root
2025-10-03 00:03:09,915 - INFO - [2016preVFP] MISSING_CENTRAL: ZFake1E2Mu/Central/jets/4/py in Skim_TriLep_WWG.root
2025-10-03 00:03:10,263 - INFO - [2016postVFP] MISSING_CENTRAL: ZFake1E2Mu/Central/jets/4/py in Skim_TriLep_DYJets.root
2025-10-03 00:03:10,263 - INFO - [2016postVFP] MISSING_CENTRAL: ZFake1E2Mu/Central/jets/4/py in Skim_TriLep_DYJets10to50.root
2025-10-03 00:03:10,278 - INFO - [2016postVFP] MISSING_CENTRAL: ZFake1E2Mu/Central/jets/4/py in Skim_TriLep_TTG.root
2025-10-03 00:03:10,968 - INFO - [2017] MISSING_CENTRAL: ZFake1E2Mu/Central/jets/4/py in Skim_TriLep_DYJets.root
2025-10-03 00:03:10,968 - INFO - [2017] MISSING_CENTRAL: ZFake1E2Mu/Central/jets/4/py in Skim_TriLep_DYJets10to50.root
2025-10-03 00:03:10,982 - INFO - [2017] MISSING_CENTRAL: ZFake1E2Mu/Central/jets/4/py in Skim_TriLep_TTG.root
2025-10-03 00:03:11,254 - INFO - [2018] MISSING_CENTRAL: ZFake1E2Mu/Central/jets/4/py in Skim_TriLep_DYJets.root
2025-10-03 00:03:11,255 - INFO - [2018] MISSING_CENTRAL: ZFake1E2Mu/Central/jets/4/py in Skim_TriLep_DYJets10to50.root
2025-10-03 00:03:11,274 - INFO - [2018] MISSING_FILE: /Users/choij/Sync/workspace/ChargedHiggsAnalysisV3/SKNanoOutput/PromptSelector/Run1E2Mu_RunSyst/2018/Skim_TriLep_TTG.root
2025-10-03 00:03:11,274 - INFO - [2018] MISSING_CENTRAL: ZFake1E2Mu/Central/jets/4/py in Skim_TriLep_WWG.root
2025-10-03 00:03:11,313 - INFO - [2018] MISSING_FILE: /Users/choij/Sync/workspace/ChargedHiggsAnalysisV3/SKNanoOutput/PromptSelector/Run1E2Mu_RunSyst/2018/Skim_TriLep_TTHToNonbb.root
2025-10-03 00:03:11,360 - INFO - [2018] MISSING_FILE: /Users/choij/Sync/workspace/ChargedHiggsAnalysisV3/SKNanoOutput/PromptSelector/Run1E2Mu_RunSyst/2018/Skim_TriLep_tHq.root
2025-10-03 00:03:11,447 - INFO - [2018] MISSING_FILE: /Users/choij/Sync/workspace/ChargedHiggsAnalysisV3/SKNanoOutput/PromptSelector/Run1E2Mu_RunSyst/2018/Skim_TriLep_VBFHToZZTo4L.root
