2025-09-24 15:50:36,210 - INFO - [2016preVFP] MISSING_CENTRAL: ZFake1E2Mu/Central/jets/3/btagScore in Skim_TriLep_DYJets.root
2025-09-24 15:50:36,210 - INFO - [2016preVFP] MISSING_CENTRAL: ZFake1E2Mu/Central/jets/3/btagScore in Skim_TriLep_DYJets10to50.root
2025-09-24 15:50:36,435 - INFO - [2016postVFP] MISSING_CENTRAL: ZFake1E2Mu/Central/jets/3/btagScore in Skim_TriLep_DYJets10to50.root
2025-09-24 15:50:36,449 - INFO - [2016postVFP] MISSING_CENTRAL: ZFake1E2Mu/Central/jets/3/btagScore in Skim_TriLep_TTG.root
2025-09-24 15:50:36,688 - INFO - [2017] MISSING_CENTRAL: ZFake1E2Mu/Central/jets/3/btagScore in Skim_TriLep_DYJets.root
2025-09-24 15:50:36,694 - INFO - [2017] MISSING_CENTRAL: ZFake1E2Mu/Central/jets/3/btagScore in Skim_TriLep_DYJets10to50.root
2025-09-24 15:50:36,707 - INFO - [2017] MISSING_CENTRAL: ZFake1E2Mu/Central/jets/3/btagScore in Skim_TriLep_TTG.root
2025-09-24 15:50:36,866 - INFO - [2018] MISSING_CENTRAL: ZFake1E2Mu/Central/jets/3/btagScore in Skim_TriLep_DYJets.root
2025-09-24 15:50:36,867 - INFO - [2018] MISSING_CENTRAL: ZFake1E2Mu/Central/jets/3/btagScore in Skim_TriLep_DYJets10to50.root
2025-09-24 15:50:36,873 - INFO - [2018] MISSING_FILE: /Users/choij/Sync/workspace/ChargedHiggsAnalysisV3/SKNanoOutput/PromptSelector/Run1E2Mu_RunSyst/2018/Skim_TriLep_TTG.root
2025-09-24 15:50:36,891 - INFO - [2018] MISSING_FILE: /Users/choij/Sync/workspace/ChargedHiggsAnalysisV3/SKNanoOutput/PromptSelector/Run1E2Mu_RunSyst/2018/Skim_TriLep_TTHToNonbb.root
2025-09-24 15:50:36,914 - INFO - [2018] MISSING_FILE: /Users/choij/Sync/workspace/ChargedHiggsAnalysisV3/SKNanoOutput/PromptSelector/Run1E2Mu_RunSyst/2018/Skim_TriLep_tHq.root
2025-09-24 15:50:36,954 - INFO - [2018] MISSING_FILE: /Users/choij/Sync/workspace/ChargedHiggsAnalysisV3/SKNanoOutput/PromptSelector/Run1E2Mu_RunSyst/2018/Skim_TriLep_VBFHToZZTo4L.root
2025-10-02 21:14:31,066 - INFO - [2016preVFP] MISSING_CENTRAL: ZFake1E2Mu/Central/jets/3/btagScore in Skim_TriLep_DYJets.root
2025-10-02 21:14:31,067 - INFO - [2016preVFP] MISSING_CENTRAL: ZFake1E2Mu/Central/jets/3/btagScore in Skim_TriLep_DYJets10to50.root
2025-10-02 21:14:31,511 - INFO - [2016postVFP] MISSING_CENTRAL: ZFake1E2Mu/Central/jets/3/btagScore in Skim_TriLep_DYJets10to50.root
2025-10-02 21:14:31,555 - INFO - [2016postVFP] MISSING_CENTRAL: ZFake1E2Mu/Central/jets/3/btagScore in Skim_TriLep_TTG.root
2025-10-02 21:14:32,093 - INFO - [2017] MISSING_CENTRAL: ZFake1E2Mu/Central/jets/3/btagScore in Skim_TriLep_DYJets.root
2025-10-02 21:14:32,094 - INFO - [2017] MISSING_CENTRAL: ZFake1E2Mu/Central/jets/3/btagScore in Skim_TriLep_DYJets10to50.root
2025-10-02 21:14:32,110 - INFO - [2017] MISSING_CENTRAL: ZFake1E2Mu/Central/jets/3/btagScore in Skim_TriLep_TTG.root
2025-10-02 21:14:32,486 - INFO - [2018] MISSING_CENTRAL: ZFake1E2Mu/Central/jets/3/btagScore in Skim_TriLep_DYJets.root
2025-10-02 21:14:32,497 - INFO - [2018] MISSING_CENTRAL: ZFake1E2Mu/Central/jets/3/btagScore in Skim_TriLep_DYJets10to50.root
2025-10-02 21:14:32,511 - INFO - [2018] MISSING_FILE: /data9/Users/choij/Sync/workspace/ChargedHiggsAnalysisV3/SKNanoOutput/PromptSelector/Run1E2Mu_RunSyst/2018/Skim_TriLep_TTG.root
2025-10-02 21:14:32,593 - INFO - [2018] MISSING_FILE: /data9/Users/choij/Sync/workspace/ChargedHiggsAnalysisV3/SKNanoOutput/PromptSelector/Run1E2Mu_RunSyst/2018/Skim_TriLep_TTHToNonbb.root
2025-10-02 21:14:32,653 - INFO - [2018] MISSING_FILE: /data9/Users/choij/Sync/workspace/ChargedHiggsAnalysisV3/SKNanoOutput/PromptSelector/Run1E2Mu_RunSyst/2018/Skim_TriLep_tHq.root
2025-10-02 21:14:32,800 - INFO - [2018] MISSING_FILE: /data9/Users/choij/Sync/workspace/ChargedHiggsAnalysisV3/SKNanoOutput/PromptSelector/Run1E2Mu_RunSyst/2018/Skim_TriLep_VBFHToZZTo4L.root
2025-10-03 00:03:04,063 - INFO - [2016preVFP] MISSING_CENTRAL: ZFake1E2Mu/Central/jets/3/btagScore in Skim_TriLep_DYJets.root
2025-10-03 00:03:04,064 - INFO - [2016preVFP] MISSING_CENTRAL: ZFake1E2Mu/Central/jets/3/btagScore in Skim_TriLep_DYJets10to50.root
2025-10-03 00:03:04,184 - INFO - [2016postVFP] MISSING_CENTRAL: ZFake1E2Mu/Central/jets/3/btagScore in Skim_TriLep_DYJets10to50.root
2025-10-03 00:03:04,190 - INFO - [2016postVFP] MISSING_CENTRAL: ZFake1E2Mu/Central/jets/3/btagScore in Skim_TriLep_TTG.root
2025-10-03 00:03:04,285 - INFO - [2017] MISSING_CENTRAL: ZFake1E2Mu/Central/jets/3/btagScore in Skim_TriLep_DYJets.root
2025-10-03 00:03:04,285 - INFO - [2017] MISSING_CENTRAL: ZFake1E2Mu/Central/jets/3/btagScore in Skim_TriLep_DYJets10to50.root
2025-10-03 00:03:04,291 - INFO - [2017] MISSING_CENTRAL: ZFake1E2Mu/Central/jets/3/btagScore in Skim_TriLep_TTG.root
2025-10-03 00:03:04,395 - INFO - [2018] MISSING_CENTRAL: ZFake1E2Mu/Central/jets/3/btagScore in Skim_TriLep_DYJets.root
2025-10-03 00:03:04,395 - INFO - [2018] MISSING_CENTRAL: ZFake1E2Mu/Central/jets/3/btagScore in Skim_TriLep_DYJets10to50.root
2025-10-03 00:03:04,401 - INFO - [2018] MISSING_FILE: /Users/choij/Sync/workspace/ChargedHiggsAnalysisV3/SKNanoOutput/PromptSelector/Run1E2Mu_RunSyst/2018/Skim_TriLep_TTG.root
2025-10-03 00:03:04,427 - INFO - [2018] MISSING_FILE: /Users/choij/Sync/workspace/ChargedHiggsAnalysisV3/SKNanoOutput/PromptSelector/Run1E2Mu_RunSyst/2018/Skim_TriLep_TTHToNonbb.root
2025-10-03 00:03:04,451 - INFO - [2018] MISSING_FILE: /Users/choij/Sync/workspace/ChargedHiggsAnalysisV3/SKNanoOutput/PromptSelector/Run1E2Mu_RunSyst/2018/Skim_TriLep_tHq.root
2025-10-03 00:03:04,494 - INFO - [2018] MISSING_FILE: /Users/choij/Sync/workspace/ChargedHiggsAnalysisV3/SKNanoOutput/PromptSelector/Run1E2Mu_RunSyst/2018/Skim_TriLep_VBFHToZZTo4L.root
