2025-09-24 15:50:38,712 - INFO - [2016preVFP] MISSING_CENTRAL: ZFake1E2Mu/Central/jets/3/energy in Skim_TriLep_DYJets.root
2025-09-24 15:50:38,712 - INFO - [2016preVFP] MISSING_CENTRAL: ZFake1E2Mu/Central/jets/3/energy in Skim_TriLep_DYJets10to50.root
2025-09-24 15:50:39,486 - INFO - [2016postVFP] MISSING_CENTRAL: ZFake1E2Mu/Central/jets/3/energy in Skim_TriLep_DYJets10to50.root
2025-09-24 15:50:39,546 - INFO - [2016postVFP] MISSING_CENTRAL: ZFake1E2Mu/Central/jets/3/energy in Skim_TriLep_TTG.root
2025-09-24 15:50:40,078 - INFO - [2017] MISSING_CENTRAL: ZFake1E2Mu/Central/jets/3/energy in Skim_TriLep_DYJets.root
2025-09-24 15:50:40,078 - INFO - [2017] MISSING_CENTRAL: ZFake1E2Mu/Central/jets/3/energy in Skim_TriLep_DYJets10to50.root
2025-09-24 15:50:40,093 - INFO - [2017] MISSING_CENTRAL: ZFake1E2Mu/Central/jets/3/energy in Skim_TriLep_TTG.root
2025-09-24 15:50:40,374 - INFO - [2018] MISSING_CENTRAL: ZFake1E2Mu/Central/jets/3/energy in Skim_TriLep_DYJets.root
2025-09-24 15:50:40,374 - INFO - [2018] MISSING_CENTRAL: ZFake1E2Mu/Central/jets/3/energy in Skim_TriLep_DYJets10to50.root
2025-09-24 15:50:40,385 - INFO - [2018] MISSING_FILE: /Users/choij/Sync/workspace/ChargedHiggsAnalysisV3/SKNanoOutput/PromptSelector/Run1E2Mu_RunSyst/2018/Skim_TriLep_TTG.root
2025-09-24 15:50:40,421 - INFO - [2018] MISSING_FILE: /Users/choij/Sync/workspace/ChargedHiggsAnalysisV3/SKNanoOutput/PromptSelector/Run1E2Mu_RunSyst/2018/Skim_TriLep_TTHToNonbb.root
2025-09-24 15:50:40,471 - INFO - [2018] MISSING_FILE: /Users/choij/Sync/workspace/ChargedHiggsAnalysisV3/SKNanoOutput/PromptSelector/Run1E2Mu_RunSyst/2018/Skim_TriLep_tHq.root
2025-09-24 15:50:40,557 - INFO - [2018] MISSING_FILE: /Users/choij/Sync/workspace/ChargedHiggsAnalysisV3/SKNanoOutput/PromptSelector/Run1E2Mu_RunSyst/2018/Skim_TriLep_VBFHToZZTo4L.root
2025-10-02 21:14:30,669 - INFO - [2016preVFP] MISSING_CENTRAL: ZFake1E2Mu/Central/jets/3/energy in Skim_TriLep_DYJets.root
2025-10-02 21:14:30,670 - INFO - [2016preVFP] MISSING_CENTRAL: ZFake1E2Mu/Central/jets/3/energy in Skim_TriLep_DYJets10to50.root
2025-10-02 21:14:31,506 - INFO - [2016postVFP] MISSING_CENTRAL: ZFake1E2Mu/Central/jets/3/energy in Skim_TriLep_DYJets10to50.root
2025-10-02 21:14:31,614 - INFO - [2016postVFP] MISSING_CENTRAL: ZFake1E2Mu/Central/jets/3/energy in Skim_TriLep_TTG.root
2025-10-02 21:14:32,410 - INFO - [2017] MISSING_CENTRAL: ZFake1E2Mu/Central/jets/3/energy in Skim_TriLep_DYJets.root
2025-10-02 21:14:32,411 - INFO - [2017] MISSING_CENTRAL: ZFake1E2Mu/Central/jets/3/energy in Skim_TriLep_DYJets10to50.root
2025-10-02 21:14:32,429 - INFO - [2017] MISSING_CENTRAL: ZFake1E2Mu/Central/jets/3/energy in Skim_TriLep_TTG.root
2025-10-02 21:14:32,947 - INFO - [2018] MISSING_CENTRAL: ZFake1E2Mu/Central/jets/3/energy in Skim_TriLep_DYJets.root
2025-10-02 21:14:32,948 - INFO - [2018] MISSING_CENTRAL: ZFake1E2Mu/Central/jets/3/energy in Skim_TriLep_DYJets10to50.root
2025-10-02 21:14:32,967 - INFO - [2018] MISSING_FILE: /data9/Users/choij/Sync/workspace/ChargedHiggsAnalysisV3/SKNanoOutput/PromptSelector/Run1E2Mu_RunSyst/2018/Skim_TriLep_TTG.root
2025-10-02 21:14:33,104 - INFO - [2018] MISSING_FILE: /data9/Users/choij/Sync/workspace/ChargedHiggsAnalysisV3/SKNanoOutput/PromptSelector/Run1E2Mu_RunSyst/2018/Skim_TriLep_TTHToNonbb.root
2025-10-02 21:14:33,160 - INFO - [2018] MISSING_FILE: /data9/Users/choij/Sync/workspace/ChargedHiggsAnalysisV3/SKNanoOutput/PromptSelector/Run1E2Mu_RunSyst/2018/Skim_TriLep_tHq.root
2025-10-02 21:14:33,277 - INFO - [2018] MISSING_FILE: /data9/Users/choij/Sync/workspace/ChargedHiggsAnalysisV3/SKNanoOutput/PromptSelector/Run1E2Mu_RunSyst/2018/Skim_TriLep_VBFHToZZTo4L.root
2025-10-03 00:03:06,058 - INFO - [2016preVFP] MISSING_CENTRAL: ZFake1E2Mu/Central/jets/3/energy in Skim_TriLep_DYJets.root
2025-10-03 00:03:06,059 - INFO - [2016preVFP] MISSING_CENTRAL: ZFake1E2Mu/Central/jets/3/energy in Skim_TriLep_DYJets10to50.root
2025-10-03 00:03:06,636 - INFO - [2016postVFP] MISSING_CENTRAL: ZFake1E2Mu/Central/jets/3/energy in Skim_TriLep_DYJets10to50.root
2025-10-03 00:03:06,656 - INFO - [2016postVFP] MISSING_CENTRAL: ZFake1E2Mu/Central/jets/3/energy in Skim_TriLep_TTG.root
2025-10-03 00:03:07,059 - INFO - [2017] MISSING_CENTRAL: ZFake1E2Mu/Central/jets/3/energy in Skim_TriLep_DYJets.root
2025-10-03 00:03:07,059 - INFO - [2017] MISSING_CENTRAL: ZFake1E2Mu/Central/jets/3/energy in Skim_TriLep_DYJets10to50.root
2025-10-03 00:03:07,070 - INFO - [2017] MISSING_CENTRAL: ZFake1E2Mu/Central/jets/3/energy in Skim_TriLep_TTG.root
2025-10-03 00:03:07,491 - INFO - [2018] MISSING_CENTRAL: ZFake1E2Mu/Central/jets/3/energy in Skim_TriLep_DYJets.root
2025-10-03 00:03:07,491 - INFO - [2018] MISSING_CENTRAL: ZFake1E2Mu/Central/jets/3/energy in Skim_TriLep_DYJets10to50.root
2025-10-03 00:03:07,501 - INFO - [2018] MISSING_FILE: /Users/choij/Sync/workspace/ChargedHiggsAnalysisV3/SKNanoOutput/PromptSelector/Run1E2Mu_RunSyst/2018/Skim_TriLep_TTG.root
2025-10-03 00:03:07,548 - INFO - [2018] MISSING_FILE: /Users/choij/Sync/workspace/ChargedHiggsAnalysisV3/SKNanoOutput/PromptSelector/Run1E2Mu_RunSyst/2018/Skim_TriLep_TTHToNonbb.root
2025-10-03 00:03:07,611 - INFO - [2018] MISSING_FILE: /Users/choij/Sync/workspace/ChargedHiggsAnalysisV3/SKNanoOutput/PromptSelector/Run1E2Mu_RunSyst/2018/Skim_TriLep_tHq.root
2025-10-03 00:03:07,699 - INFO - [2018] MISSING_FILE: /Users/choij/Sync/workspace/ChargedHiggsAnalysisV3/SKNanoOutput/PromptSelector/Run1E2Mu_RunSyst/2018/Skim_TriLep_VBFHToZZTo4L.root
