2025-09-24 15:50:33,831 - INFO - [2016preVFP] MISSING_CENTRAL: ZFake1E2Mu/Central/jets/2/py in Skim_TriLep_DYJets.root
2025-09-24 15:50:33,831 - INFO - [2016preVFP] MISSING_CENTRAL: ZFake1E2Mu/Central/jets/2/py in Skim_TriLep_DYJets10to50.root
2025-09-24 15:50:34,643 - INFO - [2016postVFP] MISSING_CENTRAL: ZFake1E2Mu/Central/jets/2/py in Skim_TriLep_DYJets10to50.root
2025-09-24 15:50:35,285 - INFO - [2017] MISSING_CENTRAL: ZFake1E2Mu/Central/jets/2/py in Skim_TriLep_DYJets.root
2025-09-24 15:50:35,286 - INFO - [2017] MISSING_CENTRAL: ZFake1E2Mu/Central/jets/2/py in Skim_TriLep_DYJets10to50.root
2025-09-24 15:50:35,988 - INFO - [2018] MISSING_CENTRAL: ZFake1E2Mu/Central/jets/2/py in Skim_TriLep_DYJets.root
2025-09-24 15:50:35,989 - INFO - [2018] MISSING_CENTRAL: ZFake1E2Mu/Central/jets/2/py in Skim_TriLep_DYJets10to50.root
2025-09-24 15:50:36,039 - INFO - [2018] MISSING_FILE: /Users/choij/Sync/workspace/ChargedHiggsAnalysisV3/SKNanoOutput/PromptSelector/Run1E2Mu_RunSyst/2018/Skim_TriLep_TTG.root
2025-09-24 15:50:36,094 - INFO - [2018] MISSING_FILE: /Users/choij/Sync/workspace/ChargedHiggsAnalysisV3/SKNanoOutput/PromptSelector/Run1E2Mu_RunSyst/2018/Skim_TriLep_TTHToNonbb.root
2025-09-24 15:50:36,183 - INFO - [2018] MISSING_FILE: /Users/choij/Sync/workspace/ChargedHiggsAnalysisV3/SKNanoOutput/PromptSelector/Run1E2Mu_RunSyst/2018/Skim_TriLep_tHq.root
2025-09-24 15:50:36,291 - INFO - [2018] MISSING_FILE: /Users/choij/Sync/workspace/ChargedHiggsAnalysisV3/SKNanoOutput/PromptSelector/Run1E2Mu_RunSyst/2018/Skim_TriLep_VBFHToZZTo4L.root
2025-10-02 21:14:25,646 - INFO - [2016preVFP] MISSING_CENTRAL: ZFake1E2Mu/Central/jets/2/py in Skim_TriLep_DYJets.root
2025-10-02 21:14:25,648 - INFO - [2016preVFP] MISSING_CENTRAL: ZFake1E2Mu/Central/jets/2/py in Skim_TriLep_DYJets10to50.root
2025-10-02 21:14:26,367 - INFO - [2016postVFP] MISSING_CENTRAL: ZFake1E2Mu/Central/jets/2/py in Skim_TriLep_DYJets10to50.root
2025-10-02 21:14:27,250 - INFO - [2017] MISSING_CENTRAL: ZFake1E2Mu/Central/jets/2/py in Skim_TriLep_DYJets.root
2025-10-02 21:14:27,251 - INFO - [2017] MISSING_CENTRAL: ZFake1E2Mu/Central/jets/2/py in Skim_TriLep_DYJets10to50.root
2025-10-02 21:14:28,354 - INFO - [2018] MISSING_CENTRAL: ZFake1E2Mu/Central/jets/2/py in Skim_TriLep_DYJets.root
2025-10-02 21:14:28,356 - INFO - [2018] MISSING_CENTRAL: ZFake1E2Mu/Central/jets/2/py in Skim_TriLep_DYJets10to50.root
2025-10-02 21:14:28,413 - INFO - [2018] MISSING_FILE: /data9/Users/choij/Sync/workspace/ChargedHiggsAnalysisV3/SKNanoOutput/PromptSelector/Run1E2Mu_RunSyst/2018/Skim_TriLep_TTG.root
2025-10-02 21:14:28,611 - INFO - [2018] MISSING_FILE: /data9/Users/choij/Sync/workspace/ChargedHiggsAnalysisV3/SKNanoOutput/PromptSelector/Run1E2Mu_RunSyst/2018/Skim_TriLep_TTHToNonbb.root
2025-10-02 21:14:28,816 - INFO - [2018] MISSING_FILE: /data9/Users/choij/Sync/workspace/ChargedHiggsAnalysisV3/SKNanoOutput/PromptSelector/Run1E2Mu_RunSyst/2018/Skim_TriLep_tHq.root
2025-10-02 21:14:29,145 - INFO - [2018] MISSING_FILE: /data9/Users/choij/Sync/workspace/ChargedHiggsAnalysisV3/SKNanoOutput/PromptSelector/Run1E2Mu_RunSyst/2018/Skim_TriLep_VBFHToZZTo4L.root
2025-10-03 00:03:02,217 - INFO - [2016preVFP] MISSING_CENTRAL: ZFake1E2Mu/Central/jets/2/py in Skim_TriLep_DYJets.root
2025-10-03 00:03:02,217 - INFO - [2016preVFP] MISSING_CENTRAL: ZFake1E2Mu/Central/jets/2/py in Skim_TriLep_DYJets10to50.root
2025-10-03 00:03:03,016 - INFO - [2016postVFP] MISSING_CENTRAL: ZFake1E2Mu/Central/jets/2/py in Skim_TriLep_DYJets10to50.root
2025-10-03 00:03:03,368 - INFO - [2017] MISSING_CENTRAL: ZFake1E2Mu/Central/jets/2/py in Skim_TriLep_DYJets.root
2025-10-03 00:03:03,368 - INFO - [2017] MISSING_CENTRAL: ZFake1E2Mu/Central/jets/2/py in Skim_TriLep_DYJets10to50.root
2025-10-03 00:03:03,842 - INFO - [2018] MISSING_CENTRAL: ZFake1E2Mu/Central/jets/2/py in Skim_TriLep_DYJets.root
2025-10-03 00:03:03,843 - INFO - [2018] MISSING_CENTRAL: ZFake1E2Mu/Central/jets/2/py in Skim_TriLep_DYJets10to50.root
2025-10-03 00:03:03,887 - INFO - [2018] MISSING_FILE: /Users/choij/Sync/workspace/ChargedHiggsAnalysisV3/SKNanoOutput/PromptSelector/Run1E2Mu_RunSyst/2018/Skim_TriLep_TTG.root
2025-10-03 00:03:03,995 - INFO - [2018] MISSING_FILE: /Users/choij/Sync/workspace/ChargedHiggsAnalysisV3/SKNanoOutput/PromptSelector/Run1E2Mu_RunSyst/2018/Skim_TriLep_TTHToNonbb.root
2025-10-03 00:03:04,080 - INFO - [2018] MISSING_FILE: /Users/choij/Sync/workspace/ChargedHiggsAnalysisV3/SKNanoOutput/PromptSelector/Run1E2Mu_RunSyst/2018/Skim_TriLep_tHq.root
2025-10-03 00:03:04,170 - INFO - [2018] MISSING_FILE: /Users/choij/Sync/workspace/ChargedHiggsAnalysisV3/SKNanoOutput/PromptSelector/Run1E2Mu_RunSyst/2018/Skim_TriLep_VBFHToZZTo4L.root
