2025-09-24 15:50:40,334 - INFO - [2016preVFP] MISSING_CENTRAL: ZFake1E2Mu/Central/jets/4/btagScore in Skim_TriLep_DYJets.root
2025-09-24 15:50:40,334 - INFO - [2016preVFP] MISSING_CENTRAL: ZFake1E2Mu/Central/jets/4/btagScore in Skim_TriLep_DYJets10to50.root
2025-09-24 15:50:40,350 - INFO - [2016preVFP] MISSING_CENTRAL: ZFake1E2Mu/Central/jets/4/btagScore in Skim_TriLep_WWG.root
2025-09-24 15:50:40,470 - INFO - [2016postVFP] MISSING_CENTRAL: ZFake1E2Mu/Central/jets/4/btagScore in Skim_TriLep_DYJets.root
2025-09-24 15:50:40,470 - INFO - [2016postVFP] MISSING_CENTRAL: ZFake1E2Mu/Central/jets/4/btagScore in Skim_TriLep_DYJets10to50.root
2025-09-24 15:50:40,480 - INFO - [2016postVFP] MISSING_CENTRAL: ZFake1E2Mu/Central/jets/4/btagScore in Skim_TriLep_TTG.root
2025-09-24 15:50:40,611 - INFO - [2017] MISSING_CENTRAL: ZFake1E2Mu/Central/jets/4/btagScore in Skim_TriLep_DYJets.root
2025-09-24 15:50:40,612 - INFO - [2017] MISSING_CENTRAL: ZFake1E2Mu/Central/jets/4/btagScore in Skim_TriLep_DYJets10to50.root
2025-09-24 15:50:40,618 - INFO - [2017] MISSING_CENTRAL: ZFake1E2Mu/Central/jets/4/btagScore in Skim_TriLep_TTG.root
2025-09-24 15:50:40,771 - INFO - [2018] MISSING_CENTRAL: ZFake1E2Mu/Central/jets/4/btagScore in Skim_TriLep_DYJets.root
2025-09-24 15:50:40,771 - INFO - [2018] MISSING_CENTRAL: ZFake1E2Mu/Central/jets/4/btagScore in Skim_TriLep_DYJets10to50.root
2025-09-24 15:50:40,777 - INFO - [2018] MISSING_FILE: /Users/choij/Sync/workspace/ChargedHiggsAnalysisV3/SKNanoOutput/PromptSelector/Run1E2Mu_RunSyst/2018/Skim_TriLep_TTG.root
2025-09-24 15:50:40,777 - INFO - [2018] MISSING_CENTRAL: ZFake1E2Mu/Central/jets/4/btagScore in Skim_TriLep_WWG.root
2025-09-24 15:50:40,789 - INFO - [2018] MISSING_FILE: /Users/choij/Sync/workspace/ChargedHiggsAnalysisV3/SKNanoOutput/PromptSelector/Run1E2Mu_RunSyst/2018/Skim_TriLep_TTHToNonbb.root
2025-09-24 15:50:40,810 - INFO - [2018] MISSING_FILE: /Users/choij/Sync/workspace/ChargedHiggsAnalysisV3/SKNanoOutput/PromptSelector/Run1E2Mu_RunSyst/2018/Skim_TriLep_tHq.root
2025-09-24 15:50:40,860 - INFO - [2018] MISSING_FILE: /Users/choij/Sync/workspace/ChargedHiggsAnalysisV3/SKNanoOutput/PromptSelector/Run1E2Mu_RunSyst/2018/Skim_TriLep_VBFHToZZTo4L.root
2025-10-02 21:14:31,445 - INFO - [2016preVFP] MISSING_CENTRAL: ZFake1E2Mu/Central/jets/4/btagScore in Skim_TriLep_DYJets.root
2025-10-02 21:14:31,446 - INFO - [2016preVFP] MISSING_CENTRAL: ZFake1E2Mu/Central/jets/4/btagScore in Skim_TriLep_DYJets10to50.root
2025-10-02 21:14:31,493 - INFO - [2016preVFP] MISSING_CENTRAL: ZFake1E2Mu/Central/jets/4/btagScore in Skim_TriLep_WWG.root
2025-10-02 21:14:31,945 - INFO - [2016postVFP] MISSING_CENTRAL: ZFake1E2Mu/Central/jets/4/btagScore in Skim_TriLep_DYJets.root
2025-10-02 21:14:31,946 - INFO - [2016postVFP] MISSING_CENTRAL: ZFake1E2Mu/Central/jets/4/btagScore in Skim_TriLep_DYJets10to50.root
2025-10-02 21:14:31,964 - INFO - [2016postVFP] MISSING_CENTRAL: ZFake1E2Mu/Central/jets/4/btagScore in Skim_TriLep_TTG.root
2025-10-02 21:14:32,347 - INFO - [2017] MISSING_CENTRAL: ZFake1E2Mu/Central/jets/4/btagScore in Skim_TriLep_DYJets.root
2025-10-02 21:14:32,350 - INFO - [2017] MISSING_CENTRAL: ZFake1E2Mu/Central/jets/4/btagScore in Skim_TriLep_DYJets10to50.root
2025-10-02 21:14:32,391 - INFO - [2017] MISSING_CENTRAL: ZFake1E2Mu/Central/jets/4/btagScore in Skim_TriLep_TTG.root
2025-10-02 21:14:32,848 - INFO - [2018] MISSING_CENTRAL: ZFake1E2Mu/Central/jets/4/btagScore in Skim_TriLep_DYJets.root
2025-10-02 21:14:32,854 - INFO - [2018] MISSING_CENTRAL: ZFake1E2Mu/Central/jets/4/btagScore in Skim_TriLep_DYJets10to50.root
2025-10-02 21:14:32,886 - INFO - [2018] MISSING_FILE: /data9/Users/choij/Sync/workspace/ChargedHiggsAnalysisV3/SKNanoOutput/PromptSelector/Run1E2Mu_RunSyst/2018/Skim_TriLep_TTG.root
2025-10-02 21:14:32,896 - INFO - [2018] MISSING_CENTRAL: ZFake1E2Mu/Central/jets/4/btagScore in Skim_TriLep_WWG.root
2025-10-02 21:14:32,937 - INFO - [2018] MISSING_FILE: /data9/Users/choij/Sync/workspace/ChargedHiggsAnalysisV3/SKNanoOutput/PromptSelector/Run1E2Mu_RunSyst/2018/Skim_TriLep_TTHToNonbb.root
2025-10-02 21:14:32,987 - INFO - [2018] MISSING_FILE: /data9/Users/choij/Sync/workspace/ChargedHiggsAnalysisV3/SKNanoOutput/PromptSelector/Run1E2Mu_RunSyst/2018/Skim_TriLep_tHq.root
2025-10-02 21:14:33,070 - INFO - [2018] MISSING_FILE: /data9/Users/choij/Sync/workspace/ChargedHiggsAnalysisV3/SKNanoOutput/PromptSelector/Run1E2Mu_RunSyst/2018/Skim_TriLep_VBFHToZZTo4L.root
2025-10-03 00:03:07,644 - INFO - [2016preVFP] MISSING_CENTRAL: ZFake1E2Mu/Central/jets/4/btagScore in Skim_TriLep_DYJets.root
2025-10-03 00:03:07,645 - INFO - [2016preVFP] MISSING_CENTRAL: ZFake1E2Mu/Central/jets/4/btagScore in Skim_TriLep_DYJets10to50.root
2025-10-03 00:03:07,658 - INFO - [2016preVFP] MISSING_CENTRAL: ZFake1E2Mu/Central/jets/4/btagScore in Skim_TriLep_WWG.root
2025-10-03 00:03:07,757 - INFO - [2016postVFP] MISSING_CENTRAL: ZFake1E2Mu/Central/jets/4/btagScore in Skim_TriLep_DYJets.root
2025-10-03 00:03:07,757 - INFO - [2016postVFP] MISSING_CENTRAL: ZFake1E2Mu/Central/jets/4/btagScore in Skim_TriLep_DYJets10to50.root
2025-10-03 00:03:07,766 - INFO - [2016postVFP] MISSING_CENTRAL: ZFake1E2Mu/Central/jets/4/btagScore in Skim_TriLep_TTG.root
2025-10-03 00:03:07,874 - INFO - [2017] MISSING_CENTRAL: ZFake1E2Mu/Central/jets/4/btagScore in Skim_TriLep_DYJets.root
2025-10-03 00:03:07,874 - INFO - [2017] MISSING_CENTRAL: ZFake1E2Mu/Central/jets/4/btagScore in Skim_TriLep_DYJets10to50.root
2025-10-03 00:03:07,881 - INFO - [2017] MISSING_CENTRAL: ZFake1E2Mu/Central/jets/4/btagScore in Skim_TriLep_TTG.root
2025-10-03 00:03:07,973 - INFO - [2018] MISSING_CENTRAL: ZFake1E2Mu/Central/jets/4/btagScore in Skim_TriLep_DYJets.root
2025-10-03 00:03:07,974 - INFO - [2018] MISSING_CENTRAL: ZFake1E2Mu/Central/jets/4/btagScore in Skim_TriLep_DYJets10to50.root
2025-10-03 00:03:07,979 - INFO - [2018] MISSING_FILE: /Users/choij/Sync/workspace/ChargedHiggsAnalysisV3/SKNanoOutput/PromptSelector/Run1E2Mu_RunSyst/2018/Skim_TriLep_TTG.root
2025-10-03 00:03:07,980 - INFO - [2018] MISSING_CENTRAL: ZFake1E2Mu/Central/jets/4/btagScore in Skim_TriLep_WWG.root
2025-10-03 00:03:07,991 - INFO - [2018] MISSING_FILE: /Users/choij/Sync/workspace/ChargedHiggsAnalysisV3/SKNanoOutput/PromptSelector/Run1E2Mu_RunSyst/2018/Skim_TriLep_TTHToNonbb.root
2025-10-03 00:03:08,017 - INFO - [2018] MISSING_FILE: /Users/choij/Sync/workspace/ChargedHiggsAnalysisV3/SKNanoOutput/PromptSelector/Run1E2Mu_RunSyst/2018/Skim_TriLep_tHq.root
2025-10-03 00:03:08,049 - INFO - [2018] MISSING_FILE: /Users/choij/Sync/workspace/ChargedHiggsAnalysisV3/SKNanoOutput/PromptSelector/Run1E2Mu_RunSyst/2018/Skim_TriLep_VBFHToZZTo4L.root
