2025-09-24 15:50:50,165 - INFO - [2016preVFP] MISSING_CENTRAL: ZFake1E2Mu/Central/MHc-160_MA-85/score_diboson in Skim_TriLep_MuonEG_B.root
2025-09-24 15:50:50,171 - INFO - [2016preVFP] MISSING_CENTRAL: ZFake1E2Mu/Central/MHc-160_MA-85/score_diboson in Skim_TriLep_MuonEG_C.root
2025-09-24 15:50:50,172 - INFO - [2016preVFP] MISSING_CENTRAL: ZFake1E2Mu/Central/MHc-160_MA-85/score_diboson in Skim_TriLep_MuonEG_D.root
2025-09-24 15:50:50,172 - INFO - [2016preVFP] MISSING_CENTRAL: ZFake1E2Mu/Central/MHc-160_MA-85/score_diboson in Skim_TriLep_MuonEG_E.root
2025-09-24 15:50:50,172 - INFO - [2016preVFP] MISSING_CENTRAL: ZFake1E2Mu/Central/MHc-160_MA-85/score_diboson in Skim_TriLep_MuonEG_F.root
2025-09-24 15:50:50,173 - INFO - [2016postVFP] MISSING_CENTRAL: ZFake1E2Mu/Central/MHc-160_MA-85/score_diboson in Skim_TriLep_MuonEG_F.root
2025-09-24 15:50:50,173 - INFO - [2016postVFP] MISSING_CENTRAL: ZFake1E2Mu/Central/MHc-160_MA-85/score_diboson in Skim_TriLep_MuonEG_G.root
2025-09-24 15:50:50,173 - INFO - [2016postVFP] MISSING_CENTRAL: ZFake1E2Mu/Central/MHc-160_MA-85/score_diboson in Skim_TriLep_MuonEG_H.root
2025-09-24 15:50:50,173 - INFO - [2017] MISSING_CENTRAL: ZFake1E2Mu/Central/MHc-160_MA-85/score_diboson in Skim_TriLep_MuonEG_B.root
2025-09-24 15:50:50,173 - INFO - [2017] MISSING_CENTRAL: ZFake1E2Mu/Central/MHc-160_MA-85/score_diboson in Skim_TriLep_MuonEG_C.root
2025-09-24 15:50:50,174 - INFO - [2017] MISSING_CENTRAL: ZFake1E2Mu/Central/MHc-160_MA-85/score_diboson in Skim_TriLep_MuonEG_D.root
2025-09-24 15:50:50,174 - INFO - [2017] MISSING_CENTRAL: ZFake1E2Mu/Central/MHc-160_MA-85/score_diboson in Skim_TriLep_MuonEG_E.root
2025-09-24 15:50:50,174 - INFO - [2017] MISSING_CENTRAL: ZFake1E2Mu/Central/MHc-160_MA-85/score_diboson in Skim_TriLep_MuonEG_F.root
2025-09-24 15:50:50,174 - INFO - [2018] MISSING_CENTRAL: ZFake1E2Mu/Central/MHc-160_MA-85/score_diboson in Skim_TriLep_MuonEG_A.root
2025-09-24 15:50:50,174 - INFO - [2018] MISSING_CENTRAL: ZFake1E2Mu/Central/MHc-160_MA-85/score_diboson in Skim_TriLep_MuonEG_B.root
2025-09-24 15:50:50,175 - INFO - [2018] MISSING_CENTRAL: ZFake1E2Mu/Central/MHc-160_MA-85/score_diboson in Skim_TriLep_MuonEG_C.root
2025-09-24 15:50:50,175 - INFO - [2018] MISSING_CENTRAL: ZFake1E2Mu/Central/MHc-160_MA-85/score_diboson in Skim_TriLep_MuonEG_D.root
2025-10-02 21:14:33,818 - INFO - [2016preVFP] MISSING_CENTRAL: ZFake1E2Mu/Central/MHc-160_MA-85/score_diboson in Skim_TriLep_MuonEG_B.root
2025-10-02 21:14:33,820 - INFO - [2016preVFP] MISSING_CENTRAL: ZFake1E2Mu/Central/MHc-160_MA-85/score_diboson in Skim_TriLep_MuonEG_C.root
2025-10-02 21:14:33,821 - INFO - [2016preVFP] MISSING_CENTRAL: ZFake1E2Mu/Central/MHc-160_MA-85/score_diboson in Skim_TriLep_MuonEG_D.root
2025-10-02 21:14:33,822 - INFO - [2016preVFP] MISSING_CENTRAL: ZFake1E2Mu/Central/MHc-160_MA-85/score_diboson in Skim_TriLep_MuonEG_E.root
2025-10-02 21:14:33,822 - INFO - [2016preVFP] MISSING_CENTRAL: ZFake1E2Mu/Central/MHc-160_MA-85/score_diboson in Skim_TriLep_MuonEG_F.root
2025-10-02 21:14:33,823 - INFO - [2016postVFP] MISSING_CENTRAL: ZFake1E2Mu/Central/MHc-160_MA-85/score_diboson in Skim_TriLep_MuonEG_F.root
2025-10-02 21:14:33,824 - INFO - [2016postVFP] MISSING_CENTRAL: ZFake1E2Mu/Central/MHc-160_MA-85/score_diboson in Skim_TriLep_MuonEG_G.root
2025-10-02 21:14:33,825 - INFO - [2016postVFP] MISSING_CENTRAL: ZFake1E2Mu/Central/MHc-160_MA-85/score_diboson in Skim_TriLep_MuonEG_H.root
2025-10-02 21:14:33,826 - INFO - [2017] MISSING_CENTRAL: ZFake1E2Mu/Central/MHc-160_MA-85/score_diboson in Skim_TriLep_MuonEG_B.root
2025-10-02 21:14:33,827 - INFO - [2017] MISSING_CENTRAL: ZFake1E2Mu/Central/MHc-160_MA-85/score_diboson in Skim_TriLep_MuonEG_C.root
2025-10-02 21:14:33,828 - INFO - [2017] MISSING_CENTRAL: ZFake1E2Mu/Central/MHc-160_MA-85/score_diboson in Skim_TriLep_MuonEG_D.root
2025-10-02 21:14:33,829 - INFO - [2017] MISSING_CENTRAL: ZFake1E2Mu/Central/MHc-160_MA-85/score_diboson in Skim_TriLep_MuonEG_E.root
2025-10-02 21:14:33,830 - INFO - [2017] MISSING_CENTRAL: ZFake1E2Mu/Central/MHc-160_MA-85/score_diboson in Skim_TriLep_MuonEG_F.root
2025-10-02 21:14:33,830 - INFO - [2018] MISSING_CENTRAL: ZFake1E2Mu/Central/MHc-160_MA-85/score_diboson in Skim_TriLep_MuonEG_A.root
2025-10-02 21:14:33,831 - INFO - [2018] MISSING_CENTRAL: ZFake1E2Mu/Central/MHc-160_MA-85/score_diboson in Skim_TriLep_MuonEG_B.root
2025-10-02 21:14:33,832 - INFO - [2018] MISSING_CENTRAL: ZFake1E2Mu/Central/MHc-160_MA-85/score_diboson in Skim_TriLep_MuonEG_C.root
2025-10-02 21:14:33,833 - INFO - [2018] MISSING_CENTRAL: ZFake1E2Mu/Central/MHc-160_MA-85/score_diboson in Skim_TriLep_MuonEG_D.root
2025-10-03 00:03:16,557 - INFO - [2016preVFP] MISSING_CENTRAL: ZFake1E2Mu/Central/MHc-160_MA-85/score_diboson in Skim_TriLep_MuonEG_B.root
2025-10-03 00:03:16,558 - INFO - [2016preVFP] MISSING_CENTRAL: ZFake1E2Mu/Central/MHc-160_MA-85/score_diboson in Skim_TriLep_MuonEG_C.root
2025-10-03 00:03:16,558 - INFO - [2016preVFP] MISSING_CENTRAL: ZFake1E2Mu/Central/MHc-160_MA-85/score_diboson in Skim_TriLep_MuonEG_D.root
2025-10-03 00:03:16,559 - INFO - [2016preVFP] MISSING_CENTRAL: ZFake1E2Mu/Central/MHc-160_MA-85/score_diboson in Skim_TriLep_MuonEG_E.root
2025-10-03 00:03:16,559 - INFO - [2016preVFP] MISSING_CENTRAL: ZFake1E2Mu/Central/MHc-160_MA-85/score_diboson in Skim_TriLep_MuonEG_F.root
2025-10-03 00:03:16,559 - INFO - [2016postVFP] MISSING_CENTRAL: ZFake1E2Mu/Central/MHc-160_MA-85/score_diboson in Skim_TriLep_MuonEG_F.root
2025-10-03 00:03:16,559 - INFO - [2016postVFP] MISSING_CENTRAL: ZFake1E2Mu/Central/MHc-160_MA-85/score_diboson in Skim_TriLep_MuonEG_G.root
2025-10-03 00:03:16,559 - INFO - [2016postVFP] MISSING_CENTRAL: ZFake1E2Mu/Central/MHc-160_MA-85/score_diboson in Skim_TriLep_MuonEG_H.root
2025-10-03 00:03:16,560 - INFO - [2017] MISSING_CENTRAL: ZFake1E2Mu/Central/MHc-160_MA-85/score_diboson in Skim_TriLep_MuonEG_B.root
2025-10-03 00:03:16,560 - INFO - [2017] MISSING_CENTRAL: ZFake1E2Mu/Central/MHc-160_MA-85/score_diboson in Skim_TriLep_MuonEG_C.root
2025-10-03 00:03:16,560 - INFO - [2017] MISSING_CENTRAL: ZFake1E2Mu/Central/MHc-160_MA-85/score_diboson in Skim_TriLep_MuonEG_D.root
2025-10-03 00:03:16,560 - INFO - [2017] MISSING_CENTRAL: ZFake1E2Mu/Central/MHc-160_MA-85/score_diboson in Skim_TriLep_MuonEG_E.root
2025-10-03 00:03:16,561 - INFO - [2017] MISSING_CENTRAL: ZFake1E2Mu/Central/MHc-160_MA-85/score_diboson in Skim_TriLep_MuonEG_F.root
2025-10-03 00:03:16,561 - INFO - [2018] MISSING_CENTRAL: ZFake1E2Mu/Central/MHc-160_MA-85/score_diboson in Skim_TriLep_MuonEG_A.root
2025-10-03 00:03:16,561 - INFO - [2018] MISSING_CENTRAL: ZFake1E2Mu/Central/MHc-160_MA-85/score_diboson in Skim_TriLep_MuonEG_B.root
2025-10-03 00:03:16,561 - INFO - [2018] MISSING_CENTRAL: ZFake1E2Mu/Central/MHc-160_MA-85/score_diboson in Skim_TriLep_MuonEG_C.root
2025-10-03 00:03:16,561 - INFO - [2018] MISSING_CENTRAL: ZFake1E2Mu/Central/MHc-160_MA-85/score_diboson in Skim_TriLep_MuonEG_D.root
