2025-11-05 22:04:04,070 - INFO - [2016preVFP] MISSING_CENTRAL: ZFake1E2Mu/Central/MHc130_MA90/score_diboson in Skim_TriLep_DYJets.root
2025-11-05 22:04:04,071 - INFO - [2016preVFP] MISSING_CENTRAL: ZFake1E2Mu/Central/MHc130_MA90/score_diboson in Skim_TriLep_DYJets10to50.root
2025-11-05 22:04:04,206 - INFO - [2016postVFP] MISSING_CENTRAL: ZFake1E2Mu/Central/MHc130_MA90/score_diboson in Skim_TriLep_DYJets10to50.root
2025-11-05 22:04:04,359 - INFO - [2017] MISSING_CENTRAL: ZFake1E2Mu/Central/MHc130_MA90/score_diboson in Skim_TriLep_DYJets.root
2025-11-05 22:04:04,360 - INFO - [2017] MISSING_CENTRAL: ZFake1E2Mu/Central/MHc130_MA90/score_diboson in Skim_TriLep_DYJets10to50.root
2025-11-05 22:04:04,499 - INFO - [2018] MISSING_CENTRAL: ZFake1E2Mu/Central/MHc130_MA90/score_diboson in Skim_TriLep_DYJets.root
2025-11-05 22:04:04,499 - INFO - [2018] MISSING_CENTRAL: ZFake1E2Mu/Central/MHc130_MA90/score_diboson in Skim_TriLep_DYJets10to50.root
2025-11-05 22:19:47,865 - INFO - [2016preVFP] MISSING_CENTRAL: ZFake1E2Mu/Central/MHc130_MA90/score_diboson in Skim_TriLep_DYJets.root
2025-11-05 22:19:47,866 - INFO - [2016preVFP] MISSING_CENTRAL: ZFake1E2Mu/Central/MHc130_MA90/score_diboson in Skim_TriLep_DYJets10to50.root
2025-11-05 22:19:48,019 - INFO - [2016postVFP] MISSING_CENTRAL: ZFake1E2Mu/Central/MHc130_MA90/score_diboson in Skim_TriLep_DYJets10to50.root
2025-11-05 22:19:48,128 - INFO - [2017] MISSING_CENTRAL: ZFake1E2Mu/Central/MHc130_MA90/score_diboson in Skim_TriLep_DYJets.root
2025-11-05 22:19:48,129 - INFO - [2017] MISSING_CENTRAL: ZFake1E2Mu/Central/MHc130_MA90/score_diboson in Skim_TriLep_DYJets10to50.root
2025-11-05 22:19:48,215 - INFO - [2018] MISSING_CENTRAL: ZFake1E2Mu/Central/MHc130_MA90/score_diboson in Skim_TriLep_DYJets.root
2025-11-05 22:19:48,215 - INFO - [2018] MISSING_CENTRAL: ZFake1E2Mu/Central/MHc130_MA90/score_diboson in Skim_TriLep_DYJets10to50.root
2025-11-05 23:24:22,022 - INFO - [2016preVFP] MISSING_CENTRAL: ZFake1E2Mu/Central/MHc130_MA90/score_diboson in Skim_TriLep_DYJets.root
2025-11-05 23:24:22,023 - INFO - [2016preVFP] MISSING_CENTRAL: ZFake1E2Mu/Central/MHc130_MA90/score_diboson in Skim_TriLep_DYJets10to50.root
2025-11-05 23:24:22,134 - INFO - [2016postVFP] MISSING_CENTRAL: ZFake1E2Mu/Central/MHc130_MA90/score_diboson in Skim_TriLep_DYJets10to50.root
2025-11-05 23:24:22,222 - INFO - [2017] MISSING_CENTRAL: ZFake1E2Mu/Central/MHc130_MA90/score_diboson in Skim_TriLep_DYJets.root
2025-11-05 23:24:22,222 - INFO - [2017] MISSING_CENTRAL: ZFake1E2Mu/Central/MHc130_MA90/score_diboson in Skim_TriLep_DYJets10to50.root
2025-11-05 23:24:22,311 - INFO - [2018] MISSING_CENTRAL: ZFake1E2Mu/Central/MHc130_MA90/score_diboson in Skim_TriLep_DYJets.root
2025-11-05 23:24:22,311 - INFO - [2018] MISSING_CENTRAL: ZFake1E2Mu/Central/MHc130_MA90/score_diboson in Skim_TriLep_DYJets10to50.root
2025-11-07 12:27:32,643 - INFO - [2016preVFP] MISSING_CENTRAL: ZFake1E2Mu/Central/MHc130_MA90/score_diboson in Skim_TriLep_DYJets.root
2025-11-07 12:27:32,643 - INFO - [2016preVFP] MISSING_CENTRAL: ZFake1E2Mu/Central/MHc130_MA90/score_diboson in Skim_TriLep_DYJets10to50.root
2025-11-07 12:27:32,749 - INFO - [2016postVFP] MISSING_CENTRAL: ZFake1E2Mu/Central/MHc130_MA90/score_diboson in Skim_TriLep_DYJets10to50.root
2025-11-07 12:27:32,873 - INFO - [2017] MISSING_CENTRAL: ZFake1E2Mu/Central/MHc130_MA90/score_diboson in Skim_TriLep_DYJets.root
2025-11-07 12:27:32,874 - INFO - [2017] MISSING_CENTRAL: ZFake1E2Mu/Central/MHc130_MA90/score_diboson in Skim_TriLep_DYJets10to50.root
2025-11-07 12:27:33,003 - INFO - [2018] MISSING_CENTRAL: ZFake1E2Mu/Central/MHc130_MA90/score_diboson in Skim_TriLep_DYJets.root
2025-11-07 12:27:33,003 - INFO - [2018] MISSING_CENTRAL: ZFake1E2Mu/Central/MHc130_MA90/score_diboson in Skim_TriLep_DYJets10to50.root
2025-11-07 13:08:10,733 - INFO - [2016preVFP] MISSING_CENTRAL: ZFake1E2Mu/Central/MHc130_MA90/score_diboson in Skim_TriLep_DYJets.root
2025-11-07 13:08:10,736 - INFO - [2016preVFP] MISSING_CENTRAL: ZFake1E2Mu/Central/MHc130_MA90/score_diboson in Skim_TriLep_DYJets10to50.root
2025-11-07 13:08:10,886 - INFO - [2016postVFP] MISSING_CENTRAL: ZFake1E2Mu/Central/MHc130_MA90/score_diboson in Skim_TriLep_DYJets10to50.root
2025-11-07 13:08:11,018 - INFO - [2017] MISSING_CENTRAL: ZFake1E2Mu/Central/MHc130_MA90/score_diboson in Skim_TriLep_DYJets.root
2025-11-07 13:08:11,018 - INFO - [2017] MISSING_CENTRAL: ZFake1E2Mu/Central/MHc130_MA90/score_diboson in Skim_TriLep_DYJets10to50.root
2025-11-07 13:08:11,176 - INFO - [2018] MISSING_CENTRAL: ZFake1E2Mu/Central/MHc130_MA90/score_diboson in Skim_TriLep_DYJets.root
2025-11-07 13:08:11,180 - INFO - [2018] MISSING_CENTRAL: ZFake1E2Mu/Central/MHc130_MA90/score_diboson in Skim_TriLep_DYJets10to50.root
2025-11-07 14:04:53,240 - INFO - [2016preVFP] MISSING_CENTRAL: ZFake1E2Mu/Central/MHc130_MA90/score_diboson in Skim_TriLep_DYJets.root
2025-11-07 14:04:53,241 - INFO - [2016preVFP] MISSING_CENTRAL: ZFake1E2Mu/Central/MHc130_MA90/score_diboson in Skim_TriLep_DYJets10to50.root
2025-11-07 14:04:53,431 - INFO - [2016postVFP] MISSING_CENTRAL: ZFake1E2Mu/Central/MHc130_MA90/score_diboson in Skim_TriLep_DYJets10to50.root
2025-11-07 14:04:53,584 - INFO - [2017] MISSING_CENTRAL: ZFake1E2Mu/Central/MHc130_MA90/score_diboson in Skim_TriLep_DYJets.root
2025-11-07 14:04:53,585 - INFO - [2017] MISSING_CENTRAL: ZFake1E2Mu/Central/MHc130_MA90/score_diboson in Skim_TriLep_DYJets10to50.root
2025-11-07 14:04:53,700 - INFO - [2018] MISSING_CENTRAL: ZFake1E2Mu/Central/MHc130_MA90/score_diboson in Skim_TriLep_DYJets.root
2025-11-07 14:04:53,700 - INFO - [2018] MISSING_CENTRAL: ZFake1E2Mu/Central/MHc130_MA90/score_diboson in Skim_TriLep_DYJets10to50.root
2025-11-10 05:56:00,440 - INFO - [2016preVFP] MISSING_CENTRAL: ZFake1E2Mu/Central/MHc130_MA90/score_diboson in Skim_TriLep_DYJets.root
2025-11-10 05:56:00,441 - INFO - [2016preVFP] MISSING_CENTRAL: ZFake1E2Mu/Central/MHc130_MA90/score_diboson in Skim_TriLep_DYJets10to50.root
2025-11-10 05:56:00,886 - INFO - [2016postVFP] MISSING_CENTRAL: ZFake1E2Mu/Central/MHc130_MA90/score_diboson in Skim_TriLep_DYJets10to50.root
2025-11-10 05:56:01,336 - INFO - [2017] MISSING_CENTRAL: ZFake1E2Mu/Central/MHc130_MA90/score_diboson in Skim_TriLep_DYJets.root
2025-11-10 05:56:01,337 - INFO - [2017] MISSING_CENTRAL: ZFake1E2Mu/Central/MHc130_MA90/score_diboson in Skim_TriLep_DYJets10to50.root
2025-11-10 05:56:01,748 - INFO - [2018] MISSING_CENTRAL: ZFake1E2Mu/Central/MHc130_MA90/score_diboson in Skim_TriLep_DYJets.root
2025-11-10 05:56:01,749 - INFO - [2018] MISSING_CENTRAL: ZFake1E2Mu/Central/MHc130_MA90/score_diboson in Skim_TriLep_DYJets10to50.root
2025-11-10 12:19:56,716 - INFO - [2016preVFP] MISSING_CENTRAL: ZFake1E2Mu/Central/MHc130_MA90/score_diboson in Skim_TriLep_DYJets.root
2025-11-10 12:19:56,717 - INFO - [2016preVFP] MISSING_CENTRAL: ZFake1E2Mu/Central/MHc130_MA90/score_diboson in Skim_TriLep_DYJets10to50.root
2025-11-10 12:19:56,850 - INFO - [2016postVFP] MISSING_CENTRAL: ZFake1E2Mu/Central/MHc130_MA90/score_diboson in Skim_TriLep_DYJets10to50.root
2025-11-10 12:19:56,989 - INFO - [2017] MISSING_CENTRAL: ZFake1E2Mu/Central/MHc130_MA90/score_diboson in Skim_TriLep_DYJets.root
2025-11-10 12:19:56,989 - INFO - [2017] MISSING_CENTRAL: ZFake1E2Mu/Central/MHc130_MA90/score_diboson in Skim_TriLep_DYJets10to50.root
2025-11-10 12:19:57,128 - INFO - [2018] MISSING_CENTRAL: ZFake1E2Mu/Central/MHc130_MA90/score_diboson in Skim_TriLep_DYJets.root
2025-11-10 12:19:57,129 - INFO - [2018] MISSING_CENTRAL: ZFake1E2Mu/Central/MHc130_MA90/score_diboson in Skim_TriLep_DYJets10to50.root
2025-11-13 11:09:22,970 - INFO - [2016preVFP] MISSING_CENTRAL: ZFake1E2Mu/Central/MHc130_MA90/score_diboson in Skim_TriLep_DYJets.root
2025-11-13 11:09:22,972 - INFO - [2016preVFP] MISSING_CENTRAL: ZFake1E2Mu/Central/MHc130_MA90/score_diboson in Skim_TriLep_DYJets10to50.root
2025-11-13 11:09:23,461 - INFO - [2016postVFP] MISSING_CENTRAL: ZFake1E2Mu/Central/MHc130_MA90/score_diboson in Skim_TriLep_DYJets10to50.root
2025-11-13 11:09:23,803 - INFO - [2017] MISSING_CENTRAL: ZFake1E2Mu/Central/MHc130_MA90/score_diboson in Skim_TriLep_DYJets.root
2025-11-13 11:09:23,805 - INFO - [2017] MISSING_CENTRAL: ZFake1E2Mu/Central/MHc130_MA90/score_diboson in Skim_TriLep_DYJets10to50.root
2025-11-13 11:09:24,278 - INFO - [2018] MISSING_CENTRAL: ZFake1E2Mu/Central/MHc130_MA90/score_diboson in Skim_TriLep_DYJets.root
2025-11-13 11:09:24,287 - INFO - [2018] MISSING_CENTRAL: ZFake1E2Mu/Central/MHc130_MA90/score_diboson in Skim_TriLep_DYJets10to50.root
