2025-11-07 13:08:10,939 - INFO - [2016preVFP] MISSING_CENTRAL: ZFake1E2Mu/Central/MHc145_MA92/score_diboson in Skim_TriLep_DYJets.root
2025-11-07 13:08:10,940 - INFO - [2016preVFP] MISSING_CENTRAL: ZFake1E2Mu/Central/MHc145_MA92/score_diboson in Skim_TriLep_DYJets10to50.root
2025-11-07 13:08:11,074 - INFO - [2016postVFP] MISSING_CENTRAL: ZFake1E2Mu/Central/MHc145_MA92/score_diboson in Skim_TriLep_DYJets10to50.root
2025-11-07 13:08:11,243 - INFO - [2017] MISSING_CENTRAL: ZFake1E2Mu/Central/MHc145_MA92/score_diboson in Skim_TriLep_DYJets.root
2025-11-07 13:08:11,243 - INFO - [2017] MISSING_CENTRAL: ZFake1E2Mu/Central/MHc145_MA92/score_diboson in Skim_TriLep_DYJets10to50.root
2025-11-07 13:08:11,375 - INFO - [2018] MISSING_CENTRAL: ZFake1E2Mu/Central/MHc145_MA92/score_diboson in Skim_TriLep_DYJets.root
2025-11-07 13:08:11,376 - INFO - [2018] MISSING_CENTRAL: ZFake1E2Mu/Central/MHc145_MA92/score_diboson in Skim_TriLep_DYJets10to50.root
2025-11-07 14:04:53,155 - INFO - [2016preVFP] MISSING_CENTRAL: ZFake1E2Mu/Central/MHc145_MA92/score_diboson in Skim_TriLep_DYJets.root
2025-11-07 14:04:53,156 - INFO - [2016preVFP] MISSING_CENTRAL: ZFake1E2Mu/Central/MHc145_MA92/score_diboson in Skim_TriLep_DYJets10to50.root
2025-11-07 14:04:53,366 - INFO - [2016postVFP] MISSING_CENTRAL: ZFake1E2Mu/Central/MHc145_MA92/score_diboson in Skim_TriLep_DYJets10to50.root
2025-11-07 14:04:53,502 - INFO - [2017] MISSING_CENTRAL: ZFake1E2Mu/Central/MHc145_MA92/score_diboson in Skim_TriLep_DYJets.root
2025-11-07 14:04:53,503 - INFO - [2017] MISSING_CENTRAL: ZFake1E2Mu/Central/MHc145_MA92/score_diboson in Skim_TriLep_DYJets10to50.root
2025-11-07 14:04:53,630 - INFO - [2018] MISSING_CENTRAL: ZFake1E2Mu/Central/MHc145_MA92/score_diboson in Skim_TriLep_DYJets.root
2025-11-07 14:04:53,631 - INFO - [2018] MISSING_CENTRAL: ZFake1E2Mu/Central/MHc145_MA92/score_diboson in Skim_TriLep_DYJets10to50.root
2025-11-10 05:56:01,032 - INFO - [2016preVFP] MISSING_CENTRAL: ZFake1E2Mu/Central/MHc145_MA92/score_diboson in Skim_TriLep_DYJets.root
2025-11-10 05:56:01,033 - INFO - [2016preVFP] MISSING_CENTRAL: ZFake1E2Mu/Central/MHc145_MA92/score_diboson in Skim_TriLep_DYJets10to50.root
2025-11-10 05:56:01,222 - INFO - [2016postVFP] MISSING_CENTRAL: ZFake1E2Mu/Central/MHc145_MA92/score_diboson in Skim_TriLep_DYJets10to50.root
2025-11-10 05:56:01,381 - INFO - [2017] MISSING_CENTRAL: ZFake1E2Mu/Central/MHc145_MA92/score_diboson in Skim_TriLep_DYJets.root
2025-11-10 05:56:01,382 - INFO - [2017] MISSING_CENTRAL: ZFake1E2Mu/Central/MHc145_MA92/score_diboson in Skim_TriLep_DYJets10to50.root
2025-11-10 05:56:01,622 - INFO - [2018] MISSING_CENTRAL: ZFake1E2Mu/Central/MHc145_MA92/score_diboson in Skim_TriLep_DYJets.root
2025-11-10 05:56:01,624 - INFO - [2018] MISSING_CENTRAL: ZFake1E2Mu/Central/MHc145_MA92/score_diboson in Skim_TriLep_DYJets10to50.root
2025-11-10 12:19:56,824 - INFO - [2016preVFP] MISSING_CENTRAL: ZFake1E2Mu/Central/MHc145_MA92/score_diboson in Skim_TriLep_DYJets.root
2025-11-10 12:19:56,825 - INFO - [2016preVFP] MISSING_CENTRAL: ZFake1E2Mu/Central/MHc145_MA92/score_diboson in Skim_TriLep_DYJets10to50.root
2025-11-10 12:19:56,974 - INFO - [2016postVFP] MISSING_CENTRAL: ZFake1E2Mu/Central/MHc145_MA92/score_diboson in Skim_TriLep_DYJets10to50.root
2025-11-10 12:19:57,106 - INFO - [2017] MISSING_CENTRAL: ZFake1E2Mu/Central/MHc145_MA92/score_diboson in Skim_TriLep_DYJets.root
2025-11-10 12:19:57,107 - INFO - [2017] MISSING_CENTRAL: ZFake1E2Mu/Central/MHc145_MA92/score_diboson in Skim_TriLep_DYJets10to50.root
2025-11-10 12:19:57,241 - INFO - [2018] MISSING_CENTRAL: ZFake1E2Mu/Central/MHc145_MA92/score_diboson in Skim_TriLep_DYJets.root
2025-11-10 12:19:57,242 - INFO - [2018] MISSING_CENTRAL: ZFake1E2Mu/Central/MHc145_MA92/score_diboson in Skim_TriLep_DYJets10to50.root
2025-11-13 11:09:22,980 - INFO - [2016preVFP] MISSING_CENTRAL: ZFake1E2Mu/Central/MHc145_MA92/score_diboson in Skim_TriLep_DYJets.root
2025-11-13 11:09:22,981 - INFO - [2016preVFP] MISSING_CENTRAL: ZFake1E2Mu/Central/MHc145_MA92/score_diboson in Skim_TriLep_DYJets10to50.root
2025-11-13 11:09:23,520 - INFO - [2016postVFP] MISSING_CENTRAL: ZFake1E2Mu/Central/MHc145_MA92/score_diboson in Skim_TriLep_DYJets10to50.root
2025-11-13 11:09:23,820 - INFO - [2017] MISSING_CENTRAL: ZFake1E2Mu/Central/MHc145_MA92/score_diboson in Skim_TriLep_DYJets.root
2025-11-13 11:09:23,827 - INFO - [2017] MISSING_CENTRAL: ZFake1E2Mu/Central/MHc145_MA92/score_diboson in Skim_TriLep_DYJets10to50.root
2025-11-13 11:09:24,300 - INFO - [2018] MISSING_CENTRAL: ZFake1E2Mu/Central/MHc145_MA92/score_diboson in Skim_TriLep_DYJets.root
2025-11-13 11:09:24,301 - INFO - [2018] MISSING_CENTRAL: ZFake1E2Mu/Central/MHc145_MA92/score_diboson in Skim_TriLep_DYJets10to50.root
