2025-12-18 14:20:52,566 - INFO - [2016preVFP] MISSING_CENTRAL: ZFake1E2Mu/Central/MHc160_MA98/LR_nonprompt in Skim_TriLep_DYJets10to50.root
2025-12-18 14:20:52,705 - INFO - [2016postVFP] MISSING_CENTRAL: ZFake1E2Mu/Central/MHc160_MA98/LR_nonprompt in Skim_TriLep_DYJets10to50.root
2025-12-18 14:20:52,857 - INFO - [2017] MISSING_CENTRAL: ZFake1E2Mu/Central/MHc160_MA98/LR_nonprompt in Skim_TriLep_DYJets10to50.root
2025-12-18 14:20:52,999 - INFO - [2018] MISSING_CENTRAL: ZFake1E2Mu/Central/MHc160_MA98/LR_nonprompt in Skim_TriLep_DYJets10to50.root
2025-12-18 14:36:17,109 - INFO - [2016preVFP] MISSING_CENTRAL: ZFake1E2Mu/Central/MHc160_MA98/LR_nonprompt in Skim_TriLep_DYJets10to50.root
2025-12-18 14:36:17,271 - INFO - [2016postVFP] MISSING_CENTRAL: ZFake1E2Mu/Central/MHc160_MA98/LR_nonprompt in Skim_TriLep_DYJets10to50.root
2025-12-18 14:36:17,444 - INFO - [2017] MISSING_CENTRAL: ZFake1E2Mu/Central/MHc160_MA98/LR_nonprompt in Skim_TriLep_DYJets10to50.root
2025-12-18 14:36:17,621 - INFO - [2018] MISSING_CENTRAL: ZFake1E2Mu/Central/MHc160_MA98/LR_nonprompt in Skim_TriLep_DYJets10to50.root
2026-01-07 11:46:17,295 - INFO - [2016preVFP] MISSING_CENTRAL: ZFake1E2Mu/Central/MHc160_MA98/LR_nonprompt in Skim_TriLep_DYJets10to50.root
2026-01-07 11:46:17,422 - INFO - [2016postVFP] MISSING_CENTRAL: ZFake1E2Mu/Central/MHc160_MA98/LR_nonprompt in Skim_TriLep_DYJets10to50.root
2026-01-07 11:46:17,555 - INFO - [2017] MISSING_CENTRAL: ZFake1E2Mu/Central/MHc160_MA98/LR_nonprompt in Skim_TriLep_DYJets10to50.root
2026-01-07 11:46:17,697 - INFO - [2018] MISSING_CENTRAL: ZFake1E2Mu/Central/MHc160_MA98/LR_nonprompt in Skim_TriLep_DYJets10to50.root
2026-01-07 18:42:56,833 - INFO - [2016preVFP] MISSING_CENTRAL: ZFake1E2Mu/Central/MHc160_MA98/LR_nonprompt in Skim_TriLep_DYJets10to50.root
2026-01-07 18:42:57,042 - INFO - [2016postVFP] MISSING_CENTRAL: ZFake1E2Mu/Central/MHc160_MA98/LR_nonprompt in Skim_TriLep_DYJets10to50.root
2026-01-07 18:42:57,262 - INFO - [2017] MISSING_CENTRAL: ZFake1E2Mu/Central/MHc160_MA98/LR_nonprompt in Skim_TriLep_DYJets10to50.root
2026-01-07 18:42:57,490 - INFO - [2018] MISSING_CENTRAL: ZFake1E2Mu/Central/MHc160_MA98/LR_nonprompt in Skim_TriLep_DYJets10to50.root
2026-01-09 12:16:56,106 - INFO - [2016preVFP] MISSING_CENTRAL: ZFake1E2Mu/Central/MHc160_MA98/LR_nonprompt in Skim_TriLep_DYJets10to50.root
2026-01-09 12:16:56,186 - INFO - [2016postVFP] MISSING_CENTRAL: ZFake1E2Mu/Central/MHc160_MA98/LR_nonprompt in Skim_TriLep_DYJets10to50.root
2026-01-09 12:16:56,281 - INFO - [2017] MISSING_CENTRAL: ZFake1E2Mu/Central/MHc160_MA98/LR_nonprompt in Skim_TriLep_DYJets10to50.root
2026-01-09 12:16:56,383 - INFO - [2018] MISSING_CENTRAL: ZFake1E2Mu/Central/MHc160_MA98/LR_nonprompt in Skim_TriLep_DYJets10to50.root
2026-01-11 09:36:59,419 - INFO - [2016preVFP] MISSING_CENTRAL: ZFake1E2Mu/Central/MHc160_MA98/LR_nonprompt in Skim_TriLep_DYJets10to50.root
2026-01-11 09:36:59,515 - INFO - [2016postVFP] MISSING_CENTRAL: ZFake1E2Mu/Central/MHc160_MA98/LR_nonprompt in Skim_TriLep_DYJets10to50.root
2026-01-11 09:36:59,625 - INFO - [2017] MISSING_CENTRAL: ZFake1E2Mu/Central/MHc160_MA98/LR_nonprompt in Skim_TriLep_DYJets10to50.root
2026-01-11 09:36:59,719 - INFO - [2018] MISSING_CENTRAL: ZFake1E2Mu/Central/MHc160_MA98/LR_nonprompt in Skim_TriLep_DYJets10to50.root
2026-01-12 13:45:38,719 - INFO - [2016preVFP] MISSING_FILE: /home/choij/Sync/workspace/ChargedHiggsAnalysisV3/SKNanoOutput/MatrixSelector/Run1E2Mu/2016preVFP/Skim_TriLep_MuonEG_B.root
2026-01-12 13:45:38,719 - INFO - [2016preVFP] MISSING_FILE: /home/choij/Sync/workspace/ChargedHiggsAnalysisV3/SKNanoOutput/MatrixSelector/Run1E2Mu/2016preVFP/Skim_TriLep_MuonEG_C.root
2026-01-12 13:45:38,719 - INFO - [2016preVFP] MISSING_FILE: /home/choij/Sync/workspace/ChargedHiggsAnalysisV3/SKNanoOutput/MatrixSelector/Run1E2Mu/2016preVFP/Skim_TriLep_MuonEG_D.root
2026-01-12 13:45:38,719 - INFO - [2016preVFP] MISSING_FILE: /home/choij/Sync/workspace/ChargedHiggsAnalysisV3/SKNanoOutput/MatrixSelector/Run1E2Mu/2016preVFP/Skim_TriLep_MuonEG_E.root
2026-01-12 13:45:38,719 - INFO - [2016preVFP] MISSING_FILE: /home/choij/Sync/workspace/ChargedHiggsAnalysisV3/SKNanoOutput/MatrixSelector/Run1E2Mu/2016preVFP/Skim_TriLep_MuonEG_F.root
2026-01-12 13:45:38,736 - INFO - [2016preVFP] MISSING_CENTRAL: ZFake1E2Mu/Central/MHc160_MA98/LR_nonprompt in Skim_TriLep_DYJets10to50.root
2026-01-12 13:45:38,814 - INFO - [2016postVFP] MISSING_FILE: /home/choij/Sync/workspace/ChargedHiggsAnalysisV3/SKNanoOutput/MatrixSelector/Run1E2Mu/2016postVFP/Skim_TriLep_MuonEG_F.root
2026-01-12 13:45:38,814 - INFO - [2016postVFP] MISSING_FILE: /home/choij/Sync/workspace/ChargedHiggsAnalysisV3/SKNanoOutput/MatrixSelector/Run1E2Mu/2016postVFP/Skim_TriLep_MuonEG_G.root
2026-01-12 13:45:38,814 - INFO - [2016postVFP] MISSING_FILE: /home/choij/Sync/workspace/ChargedHiggsAnalysisV3/SKNanoOutput/MatrixSelector/Run1E2Mu/2016postVFP/Skim_TriLep_MuonEG_H.root
2026-01-12 13:45:38,819 - INFO - [2016postVFP] MISSING_CENTRAL: ZFake1E2Mu/Central/MHc160_MA98/LR_nonprompt in Skim_TriLep_DYJets10to50.root
2026-01-12 13:45:38,898 - INFO - [2017] MISSING_FILE: /home/choij/Sync/workspace/ChargedHiggsAnalysisV3/SKNanoOutput/MatrixSelector/Run1E2Mu/2017/Skim_TriLep_MuonEG_B.root
2026-01-12 13:45:38,899 - INFO - [2017] MISSING_FILE: /home/choij/Sync/workspace/ChargedHiggsAnalysisV3/SKNanoOutput/MatrixSelector/Run1E2Mu/2017/Skim_TriLep_MuonEG_C.root
2026-01-12 13:45:38,899 - INFO - [2017] MISSING_FILE: /home/choij/Sync/workspace/ChargedHiggsAnalysisV3/SKNanoOutput/MatrixSelector/Run1E2Mu/2017/Skim_TriLep_MuonEG_D.root
2026-01-12 13:45:38,899 - INFO - [2017] MISSING_FILE: /home/choij/Sync/workspace/ChargedHiggsAnalysisV3/SKNanoOutput/MatrixSelector/Run1E2Mu/2017/Skim_TriLep_MuonEG_E.root
2026-01-12 13:45:38,899 - INFO - [2017] MISSING_FILE: /home/choij/Sync/workspace/ChargedHiggsAnalysisV3/SKNanoOutput/MatrixSelector/Run1E2Mu/2017/Skim_TriLep_MuonEG_F.root
2026-01-12 13:45:38,904 - INFO - [2017] MISSING_CENTRAL: ZFake1E2Mu/Central/MHc160_MA98/LR_nonprompt in Skim_TriLep_DYJets10to50.root
2026-01-12 13:45:38,983 - INFO - [2018] MISSING_FILE: /home/choij/Sync/workspace/ChargedHiggsAnalysisV3/SKNanoOutput/MatrixSelector/Run1E2Mu/2018/Skim_TriLep_MuonEG_A.root
2026-01-12 13:45:38,983 - INFO - [2018] MISSING_FILE: /home/choij/Sync/workspace/ChargedHiggsAnalysisV3/SKNanoOutput/MatrixSelector/Run1E2Mu/2018/Skim_TriLep_MuonEG_B.root
2026-01-12 13:45:38,983 - INFO - [2018] MISSING_FILE: /home/choij/Sync/workspace/ChargedHiggsAnalysisV3/SKNanoOutput/MatrixSelector/Run1E2Mu/2018/Skim_TriLep_MuonEG_C.root
2026-01-12 13:45:38,983 - INFO - [2018] MISSING_FILE: /home/choij/Sync/workspace/ChargedHiggsAnalysisV3/SKNanoOutput/MatrixSelector/Run1E2Mu/2018/Skim_TriLep_MuonEG_D.root
2026-01-12 13:45:38,989 - INFO - [2018] MISSING_CENTRAL: ZFake1E2Mu/Central/MHc160_MA98/LR_nonprompt in Skim_TriLep_DYJets10to50.root
2026-01-16 19:00:48,106 - INFO - [2016preVFP] MISSING_CENTRAL: ZFake1E2Mu/Central/MHc160_MA98/LR_nonprompt in Skim_TriLep_DYJets10to50.root
2026-01-16 19:00:48,236 - INFO - [2016postVFP] MISSING_CENTRAL: ZFake1E2Mu/Central/MHc160_MA98/LR_nonprompt in Skim_TriLep_DYJets10to50.root
2026-01-16 19:00:48,379 - INFO - [2017] MISSING_CENTRAL: ZFake1E2Mu/Central/MHc160_MA98/LR_nonprompt in Skim_TriLep_DYJets10to50.root
2026-01-16 19:00:48,530 - INFO - [2018] MISSING_CENTRAL: ZFake1E2Mu/Central/MHc160_MA98/LR_nonprompt in Skim_TriLep_DYJets10to50.root
