2025-09-24 15:50:46,573 - INFO - [2016preVFP] MISSING_CENTRAL: ZFake1E2Mu/Central/ZCand/eta in Skim_TriLep_DYJets.root
2025-09-24 15:50:46,573 - INFO - [2016preVFP] MISSING_CENTRAL: ZFake1E2Mu/Central/ZCand/eta in Skim_TriLep_DYJets10to50.root
2025-09-24 15:50:46,879 - INFO - [2016postVFP] MISSING_CENTRAL: ZFake1E2Mu/Central/ZCand/eta in Skim_TriLep_DYJets10to50.root
2025-09-24 15:50:47,250 - INFO - [2017] MISSING_CENTRAL: ZFake1E2Mu/Central/ZCand/eta in Skim_TriLep_DYJets.root
2025-09-24 15:50:47,250 - INFO - [2017] MISSING_CENTRAL: ZFake1E2Mu/Central/ZCand/eta in Skim_TriLep_DYJets10to50.root
2025-09-24 15:50:47,459 - INFO - [2018] MISSING_CENTRAL: ZFake1E2Mu/Central/ZCand/eta in Skim_TriLep_DYJets.root
2025-09-24 15:50:47,459 - INFO - [2018] MISSING_CENTRAL: ZFake1E2Mu/Central/ZCand/eta in Skim_TriLep_DYJets10to50.root
2025-09-24 15:50:47,466 - INFO - [2018] MISSING_FILE: /Users/choij/Sync/workspace/ChargedHiggsAnalysisV3/SKNanoOutput/PromptSelector/Run1E2Mu_RunSyst/2018/Skim_TriLep_TTG.root
2025-09-24 15:50:47,488 - INFO - [2018] MISSING_FILE: /Users/choij/Sync/workspace/ChargedHiggsAnalysisV3/SKNanoOutput/PromptSelector/Run1E2Mu_RunSyst/2018/Skim_TriLep_TTHToNonbb.root
2025-09-24 15:50:47,505 - INFO - [2018] MISSING_FILE: /Users/choij/Sync/workspace/ChargedHiggsAnalysisV3/SKNanoOutput/PromptSelector/Run1E2Mu_RunSyst/2018/Skim_TriLep_tHq.root
2025-09-24 15:50:47,543 - INFO - [2018] MISSING_FILE: /Users/choij/Sync/workspace/ChargedHiggsAnalysisV3/SKNanoOutput/PromptSelector/Run1E2Mu_RunSyst/2018/Skim_TriLep_VBFHToZZTo4L.root
2025-10-02 21:14:32,767 - INFO - [2016preVFP] MISSING_CENTRAL: ZFake1E2Mu/Central/ZCand/eta in Skim_TriLep_DYJets.root
2025-10-02 21:14:32,768 - INFO - [2016preVFP] MISSING_CENTRAL: ZFake1E2Mu/Central/ZCand/eta in Skim_TriLep_DYJets10to50.root
2025-10-02 21:14:33,116 - INFO - [2016postVFP] MISSING_CENTRAL: ZFake1E2Mu/Central/ZCand/eta in Skim_TriLep_DYJets10to50.root
2025-10-02 21:14:33,450 - INFO - [2017] MISSING_CENTRAL: ZFake1E2Mu/Central/ZCand/eta in Skim_TriLep_DYJets.root
2025-10-02 21:14:33,451 - INFO - [2017] MISSING_CENTRAL: ZFake1E2Mu/Central/ZCand/eta in Skim_TriLep_DYJets10to50.root
2025-10-02 21:14:33,734 - INFO - [2018] MISSING_CENTRAL: ZFake1E2Mu/Central/ZCand/eta in Skim_TriLep_DYJets.root
2025-10-02 21:14:33,736 - INFO - [2018] MISSING_CENTRAL: ZFake1E2Mu/Central/ZCand/eta in Skim_TriLep_DYJets10to50.root
2025-10-02 21:14:33,749 - INFO - [2018] MISSING_FILE: /data9/Users/choij/Sync/workspace/ChargedHiggsAnalysisV3/SKNanoOutput/PromptSelector/Run1E2Mu_RunSyst/2018/Skim_TriLep_TTG.root
2025-10-02 21:14:33,790 - INFO - [2018] MISSING_FILE: /data9/Users/choij/Sync/workspace/ChargedHiggsAnalysisV3/SKNanoOutput/PromptSelector/Run1E2Mu_RunSyst/2018/Skim_TriLep_TTHToNonbb.root
2025-10-02 21:14:33,831 - INFO - [2018] MISSING_FILE: /data9/Users/choij/Sync/workspace/ChargedHiggsAnalysisV3/SKNanoOutput/PromptSelector/Run1E2Mu_RunSyst/2018/Skim_TriLep_tHq.root
2025-10-02 21:14:33,899 - INFO - [2018] MISSING_FILE: /data9/Users/choij/Sync/workspace/ChargedHiggsAnalysisV3/SKNanoOutput/PromptSelector/Run1E2Mu_RunSyst/2018/Skim_TriLep_VBFHToZZTo4L.root
2025-10-03 00:03:12,558 - INFO - [2016preVFP] MISSING_CENTRAL: ZFake1E2Mu/Central/ZCand/eta in Skim_TriLep_DYJets.root
2025-10-03 00:03:12,558 - INFO - [2016preVFP] MISSING_CENTRAL: ZFake1E2Mu/Central/ZCand/eta in Skim_TriLep_DYJets10to50.root
2025-10-03 00:03:12,799 - INFO - [2016postVFP] MISSING_CENTRAL: ZFake1E2Mu/Central/ZCand/eta in Skim_TriLep_DYJets10to50.root
2025-10-03 00:03:13,157 - INFO - [2017] MISSING_CENTRAL: ZFake1E2Mu/Central/ZCand/eta in Skim_TriLep_DYJets.root
2025-10-03 00:03:13,157 - INFO - [2017] MISSING_CENTRAL: ZFake1E2Mu/Central/ZCand/eta in Skim_TriLep_DYJets10to50.root
2025-10-03 00:03:13,327 - INFO - [2018] MISSING_CENTRAL: ZFake1E2Mu/Central/ZCand/eta in Skim_TriLep_DYJets.root
2025-10-03 00:03:13,339 - INFO - [2018] MISSING_CENTRAL: ZFake1E2Mu/Central/ZCand/eta in Skim_TriLep_DYJets10to50.root
2025-10-03 00:03:13,350 - INFO - [2018] MISSING_FILE: /Users/choij/Sync/workspace/ChargedHiggsAnalysisV3/SKNanoOutput/PromptSelector/Run1E2Mu_RunSyst/2018/Skim_TriLep_TTG.root
2025-10-03 00:03:13,384 - INFO - [2018] MISSING_FILE: /Users/choij/Sync/workspace/ChargedHiggsAnalysisV3/SKNanoOutput/PromptSelector/Run1E2Mu_RunSyst/2018/Skim_TriLep_TTHToNonbb.root
2025-10-03 00:03:13,413 - INFO - [2018] MISSING_FILE: /Users/choij/Sync/workspace/ChargedHiggsAnalysisV3/SKNanoOutput/PromptSelector/Run1E2Mu_RunSyst/2018/Skim_TriLep_tHq.root
2025-10-03 00:03:13,453 - INFO - [2018] MISSING_FILE: /Users/choij/Sync/workspace/ChargedHiggsAnalysisV3/SKNanoOutput/PromptSelector/Run1E2Mu_RunSyst/2018/Skim_TriLep_VBFHToZZTo4L.root
