2025-09-24 15:50:46,983 - INFO - [2016preVFP] MISSING_CENTRAL: ZFake1E2Mu/Central/ZCand/mass in Skim_TriLep_DYJets.root
2025-09-24 15:50:46,983 - INFO - [2016preVFP] MISSING_CENTRAL: ZFake1E2Mu/Central/ZCand/mass in Skim_TriLep_DYJets10to50.root
2025-09-24 15:50:47,401 - INFO - [2016postVFP] MISSING_CENTRAL: ZFake1E2Mu/Central/ZCand/mass in Skim_TriLep_DYJets10to50.root
2025-09-24 15:50:47,594 - INFO - [2017] MISSING_CENTRAL: ZFake1E2Mu/Central/ZCand/mass in Skim_TriLep_DYJets.root
2025-09-24 15:50:47,595 - INFO - [2017] MISSING_CENTRAL: ZFake1E2Mu/Central/ZCand/mass in Skim_TriLep_DYJets10to50.root
2025-09-24 15:50:47,893 - INFO - [2018] MISSING_CENTRAL: ZFake1E2Mu/Central/ZCand/mass in Skim_TriLep_DYJets.root
2025-09-24 15:50:47,893 - INFO - [2018] MISSING_CENTRAL: ZFake1E2Mu/Central/ZCand/mass in Skim_TriLep_DYJets10to50.root
2025-09-24 15:50:48,028 - INFO - [2018] MISSING_FILE: /Users/choij/Sync/workspace/ChargedHiggsAnalysisV3/SKNanoOutput/PromptSelector/Run1E2Mu_RunSyst/2018/Skim_TriLep_TTG.root
2025-09-24 15:50:48,067 - INFO - [2018] MISSING_FILE: /Users/choij/Sync/workspace/ChargedHiggsAnalysisV3/SKNanoOutput/PromptSelector/Run1E2Mu_RunSyst/2018/Skim_TriLep_TTHToNonbb.root
2025-09-24 15:50:48,096 - INFO - [2018] MISSING_FILE: /Users/choij/Sync/workspace/ChargedHiggsAnalysisV3/SKNanoOutput/PromptSelector/Run1E2Mu_RunSyst/2018/Skim_TriLep_tHq.root
2025-09-24 15:50:48,129 - INFO - [2018] MISSING_FILE: /Users/choij/Sync/workspace/ChargedHiggsAnalysisV3/SKNanoOutput/PromptSelector/Run1E2Mu_RunSyst/2018/Skim_TriLep_VBFHToZZTo4L.root
2025-10-02 21:14:32,927 - INFO - [2016preVFP] MISSING_CENTRAL: ZFake1E2Mu/Central/ZCand/mass in Skim_TriLep_DYJets.root
2025-10-02 21:14:32,927 - INFO - [2016preVFP] MISSING_CENTRAL: ZFake1E2Mu/Central/ZCand/mass in Skim_TriLep_DYJets10to50.root
2025-10-02 21:14:33,244 - INFO - [2016postVFP] MISSING_CENTRAL: ZFake1E2Mu/Central/ZCand/mass in Skim_TriLep_DYJets10to50.root
2025-10-02 21:14:33,653 - INFO - [2017] MISSING_CENTRAL: ZFake1E2Mu/Central/ZCand/mass in Skim_TriLep_DYJets.root
2025-10-02 21:14:33,654 - INFO - [2017] MISSING_CENTRAL: ZFake1E2Mu/Central/ZCand/mass in Skim_TriLep_DYJets10to50.root
2025-10-02 21:14:33,921 - INFO - [2018] MISSING_CENTRAL: ZFake1E2Mu/Central/ZCand/mass in Skim_TriLep_DYJets.root
2025-10-02 21:14:33,923 - INFO - [2018] MISSING_CENTRAL: ZFake1E2Mu/Central/ZCand/mass in Skim_TriLep_DYJets10to50.root
2025-10-02 21:14:33,932 - INFO - [2018] MISSING_FILE: /data9/Users/choij/Sync/workspace/ChargedHiggsAnalysisV3/SKNanoOutput/PromptSelector/Run1E2Mu_RunSyst/2018/Skim_TriLep_TTG.root
2025-10-02 21:14:33,961 - INFO - [2018] MISSING_FILE: /data9/Users/choij/Sync/workspace/ChargedHiggsAnalysisV3/SKNanoOutput/PromptSelector/Run1E2Mu_RunSyst/2018/Skim_TriLep_TTHToNonbb.root
2025-10-02 21:14:33,990 - INFO - [2018] MISSING_FILE: /data9/Users/choij/Sync/workspace/ChargedHiggsAnalysisV3/SKNanoOutput/PromptSelector/Run1E2Mu_RunSyst/2018/Skim_TriLep_tHq.root
2025-10-02 21:14:34,038 - INFO - [2018] MISSING_FILE: /data9/Users/choij/Sync/workspace/ChargedHiggsAnalysisV3/SKNanoOutput/PromptSelector/Run1E2Mu_RunSyst/2018/Skim_TriLep_VBFHToZZTo4L.root
2025-10-03 00:03:13,382 - INFO - [2016preVFP] MISSING_CENTRAL: ZFake1E2Mu/Central/ZCand/mass in Skim_TriLep_DYJets.root
2025-10-03 00:03:13,383 - INFO - [2016preVFP] MISSING_CENTRAL: ZFake1E2Mu/Central/ZCand/mass in Skim_TriLep_DYJets10to50.root
2025-10-03 00:03:13,789 - INFO - [2016postVFP] MISSING_CENTRAL: ZFake1E2Mu/Central/ZCand/mass in Skim_TriLep_DYJets10to50.root
2025-10-03 00:03:14,155 - INFO - [2017] MISSING_CENTRAL: ZFake1E2Mu/Central/ZCand/mass in Skim_TriLep_DYJets.root
2025-10-03 00:03:14,156 - INFO - [2017] MISSING_CENTRAL: ZFake1E2Mu/Central/ZCand/mass in Skim_TriLep_DYJets10to50.root
2025-10-03 00:03:14,606 - INFO - [2018] MISSING_CENTRAL: ZFake1E2Mu/Central/ZCand/mass in Skim_TriLep_DYJets.root
2025-10-03 00:03:14,606 - INFO - [2018] MISSING_CENTRAL: ZFake1E2Mu/Central/ZCand/mass in Skim_TriLep_DYJets10to50.root
2025-10-03 00:03:14,613 - INFO - [2018] MISSING_FILE: /Users/choij/Sync/workspace/ChargedHiggsAnalysisV3/SKNanoOutput/PromptSelector/Run1E2Mu_RunSyst/2018/Skim_TriLep_TTG.root
2025-10-03 00:03:14,634 - INFO - [2018] MISSING_FILE: /Users/choij/Sync/workspace/ChargedHiggsAnalysisV3/SKNanoOutput/PromptSelector/Run1E2Mu_RunSyst/2018/Skim_TriLep_TTHToNonbb.root
2025-10-03 00:03:14,661 - INFO - [2018] MISSING_FILE: /Users/choij/Sync/workspace/ChargedHiggsAnalysisV3/SKNanoOutput/PromptSelector/Run1E2Mu_RunSyst/2018/Skim_TriLep_tHq.root
2025-10-03 00:03:14,719 - INFO - [2018] MISSING_FILE: /Users/choij/Sync/workspace/ChargedHiggsAnalysisV3/SKNanoOutput/PromptSelector/Run1E2Mu_RunSyst/2018/Skim_TriLep_VBFHToZZTo4L.root
