INFO - Loaded ConvSF for 2016postVFP SR1E2Mu: 0.7118 +/- 0.0929
INFO - Loaded 8 K-factors for Run2
INFO - Preprocessing MHc115_MA87 for 2016postVFP era and SR1E2Mu channel
INFO - Found 18 preprocessed shape systematics
INFO - Found 1 valued shape systematics
INFO - Found 2 multi-variation systematics
INFO - Found 12 valued lnN systematics (skipped)
INFO - ============================================================
INFO - Processing Signal
INFO - ============================================================
INFO -   Output: /tmp/workdir_2006710/SignalRegionStudyV2/samples/2016postVFP/SR1E2Mu/MHc115_MA87/MHc115_MA87.root
INFO - ============================================================
INFO - Processing WZ
INFO - ============================================================
INFO -   Applying K-factor 1.109 to WZTo3LNu_amcatnlo
INFO - Merged 1 files -> /tmp/workdir_2006710/SignalRegionStudyV2/samples/2016postVFP/SR1E2Mu/MHc115_MA87/WZ.root
INFO -   Output: /tmp/workdir_2006710/SignalRegionStudyV2/samples/2016postVFP/SR1E2Mu/MHc115_MA87/WZ.root
INFO - ============================================================
INFO - Processing ZZ
INFO - ============================================================
INFO -   Applying K-factor 1.160 to ZZTo4L_powheg
INFO - Merged 1 files -> /tmp/workdir_2006710/SignalRegionStudyV2/samples/2016postVFP/SR1E2Mu/MHc115_MA87/ZZ.root
INFO -   Output: /tmp/workdir_2006710/SignalRegionStudyV2/samples/2016postVFP/SR1E2Mu/MHc115_MA87/ZZ.root
INFO - ============================================================
INFO - Processing ttW
INFO - ============================================================
INFO -   Applying K-factor 1.150 to TTWToLNu
INFO - Merged 1 files -> /tmp/workdir_2006710/SignalRegionStudyV2/samples/2016postVFP/SR1E2Mu/MHc115_MA87/ttW.root
INFO -   Output: /tmp/workdir_2006710/SignalRegionStudyV2/samples/2016postVFP/SR1E2Mu/MHc115_MA87/ttW.root
INFO - ============================================================
INFO - Processing ttZ
INFO - ============================================================
INFO -   Applying K-factor 1.164 to TTZToLLNuNu
INFO - Merged 1 files -> /tmp/workdir_2006710/SignalRegionStudyV2/samples/2016postVFP/SR1E2Mu/MHc115_MA87/ttZ.root
INFO -   Output: /tmp/workdir_2006710/SignalRegionStudyV2/samples/2016postVFP/SR1E2Mu/MHc115_MA87/ttZ.root
INFO - ============================================================
INFO - Processing ttH
INFO - ============================================================
INFO - Merged 1 files -> /tmp/workdir_2006710/SignalRegionStudyV2/samples/2016postVFP/SR1E2Mu/MHc115_MA87/ttH.root
INFO -   Output: /tmp/workdir_2006710/SignalRegionStudyV2/samples/2016postVFP/SR1E2Mu/MHc115_MA87/ttH.root
INFO - ============================================================
INFO - Processing tZq
INFO - ============================================================
INFO - Merged 1 files -> /tmp/workdir_2006710/SignalRegionStudyV2/samples/2016postVFP/SR1E2Mu/MHc115_MA87/tZq.root
INFO -   Output: /tmp/workdir_2006710/SignalRegionStudyV2/samples/2016postVFP/SR1E2Mu/MHc115_MA87/tZq.root
INFO - ============================================================
INFO - Processing conversion
INFO - ============================================================
INFO - Merged 4 files -> /tmp/workdir_2006710/SignalRegionStudyV2/samples/2016postVFP/SR1E2Mu/MHc115_MA87/conversion.root
INFO -   Output: /tmp/workdir_2006710/SignalRegionStudyV2/samples/2016postVFP/SR1E2Mu/MHc115_MA87/conversion.root
INFO - ============================================================
INFO - Processing others
INFO - ============================================================
INFO -   Applying K-factor 1.240 to ggHToZZTo4L
INFO - Merged 8 files -> /tmp/workdir_2006710/SignalRegionStudyV2/samples/2016postVFP/SR1E2Mu/MHc115_MA87/others.root
INFO -   Output: /tmp/workdir_2006710/SignalRegionStudyV2/samples/2016postVFP/SR1E2Mu/MHc115_MA87/others.root
INFO - ============================================================
INFO - Processing Nonprompt
INFO - ============================================================
INFO - Merged 3 files -> /tmp/workdir_2006710/SignalRegionStudyV2/samples/2016postVFP/SR1E2Mu/MHc115_MA87/nonprompt.root
INFO -   Output: /tmp/workdir_2006710/SignalRegionStudyV2/samples/2016postVFP/SR1E2Mu/MHc115_MA87/nonprompt.root
INFO - ============================================================
INFO - Processing Data
INFO - ============================================================
INFO - Merged 3 files -> /tmp/workdir_2006710/SignalRegionStudyV2/samples/2016postVFP/SR1E2Mu/MHc115_MA87/data.root
INFO -   Output: /tmp/workdir_2006710/SignalRegionStudyV2/samples/2016postVFP/SR1E2Mu/MHc115_MA87/data.root
INFO - ============================================================
INFO - Preprocessing complete! Output directory: /tmp/workdir_2006710/SignalRegionStudyV2/samples/2016postVFP/SR1E2Mu/MHc115_MA87
INFO - ============================================================
