2025-09-24 16:05:03,618 - INFO - [2023BPix] MISSING_CENTRAL: ZG1E2Mu/Central/METv/pt in Skim_TriLep_DYJets10to50.root
2025-09-24 16:05:03,851 - INFO - [2023BPix] MISSING_CENTRAL: ZG1E2Mu/Central/METv/pt in Skim_TriLep_TTG_PTG10to100.root
2025-09-24 16:05:03,852 - INFO - [2023BPix] MISSING_CENTRAL: ZG1E2Mu/Central/METv/pt in Skim_TriLep_TTG_PTG100to200.root
2025-09-24 16:05:03,852 - INFO - [2023BPix] MISSING_CENTRAL: ZG1E2Mu/Central/METv/pt in Skim_TriLep_TTG_PTG200toInf.root
2025-09-24 16:05:13,369 - INFO - [2023BPix] MISSING_CENTRAL: ZG1E2Mu/Central/METv/pt in Skim_TriLep_DYJets10to50.root
2025-09-24 16:05:13,372 - INFO - [2023BPix] MISSING_CENTRAL: ZG1E2Mu/Central/METv/pt in Skim_TriLep_TTG_PTG10to100.root
2025-09-24 16:05:13,372 - INFO - [2023BPix] MISSING_CENTRAL: ZG1E2Mu/Central/METv/pt in Skim_TriLep_TTG_PTG100to200.root
2025-09-24 16:05:13,372 - INFO - [2023BPix] MISSING_CENTRAL: ZG1E2Mu/Central/METv/pt in Skim_TriLep_TTG_PTG200toInf.root
2025-10-02 21:22:14,024 - INFO - [2023BPix] MISSING_CENTRAL: ZG1E2Mu/Central/METv/pt in Skim_TriLep_DYJets10to50.root
2025-10-02 21:22:14,272 - INFO - [2023BPix] MISSING_CENTRAL: ZG1E2Mu/Central/METv/pt in Skim_TriLep_TTG_PTG10to100.root
2025-10-02 21:22:14,273 - INFO - [2023BPix] MISSING_CENTRAL: ZG1E2Mu/Central/METv/pt in Skim_TriLep_TTG_PTG100to200.root
2025-10-02 21:22:14,273 - INFO - [2023BPix] MISSING_CENTRAL: ZG1E2Mu/Central/METv/pt in Skim_TriLep_TTG_PTG200toInf.root
2025-10-02 21:22:20,393 - INFO - [2023BPix] MISSING_CENTRAL: ZG1E2Mu/Central/METv/pt in Skim_TriLep_DYJets10to50.root
2025-10-02 21:22:20,400 - INFO - [2023BPix] MISSING_CENTRAL: ZG1E2Mu/Central/METv/pt in Skim_TriLep_TTG_PTG10to100.root
2025-10-02 21:22:20,401 - INFO - [2023BPix] MISSING_CENTRAL: ZG1E2Mu/Central/METv/pt in Skim_TriLep_TTG_PTG100to200.root
2025-10-02 21:22:20,401 - INFO - [2023BPix] MISSING_CENTRAL: ZG1E2Mu/Central/METv/pt in Skim_TriLep_TTG_PTG200toInf.root
2025-10-03 00:35:38,277 - INFO - [2023BPix] MISSING_CENTRAL: ZG1E2Mu/Central/METv/pt in Skim_TriLep_DYJets10to50.root
2025-10-03 00:35:38,470 - INFO - [2023BPix] MISSING_CENTRAL: ZG1E2Mu/Central/METv/pt in Skim_TriLep_TTG_PTG10to100.root
2025-10-03 00:35:38,471 - INFO - [2023BPix] MISSING_CENTRAL: ZG1E2Mu/Central/METv/pt in Skim_TriLep_TTG_PTG100to200.root
2025-10-03 00:35:38,471 - INFO - [2023BPix] MISSING_CENTRAL: ZG1E2Mu/Central/METv/pt in Skim_TriLep_TTG_PTG200toInf.root
2025-10-03 00:35:54,466 - INFO - [2023BPix] MISSING_CENTRAL: ZG1E2Mu/Central/METv/pt in Skim_TriLep_DYJets10to50.root
2025-10-03 00:35:54,473 - INFO - [2023BPix] MISSING_CENTRAL: ZG1E2Mu/Central/METv/pt in Skim_TriLep_TTG_PTG10to100.root
2025-10-03 00:35:54,474 - INFO - [2023BPix] MISSING_CENTRAL: ZG1E2Mu/Central/METv/pt in Skim_TriLep_TTG_PTG100to200.root
2025-10-03 00:35:54,474 - INFO - [2023BPix] MISSING_CENTRAL: ZG1E2Mu/Central/METv/pt in Skim_TriLep_TTG_PTG200toInf.root
2025-11-07 13:13:10,842 - INFO - [2023BPix] MISSING_CENTRAL: ZG1E2Mu/Central/METv/pt in Skim_TriLep_DYJets10to50.root
2025-11-07 13:13:10,895 - INFO - [2023BPix] MISSING_CENTRAL: ZG1E2Mu/Central/METv/pt in Skim_TriLep_TTG_PTG10to100.root
2025-11-07 13:13:10,896 - INFO - [2023BPix] MISSING_CENTRAL: ZG1E2Mu/Central/METv/pt in Skim_TriLep_TTG_PTG100to200.root
2025-11-07 13:13:10,896 - INFO - [2023BPix] MISSING_CENTRAL: ZG1E2Mu/Central/METv/pt in Skim_TriLep_TTG_PTG200toInf.root
2025-11-07 13:13:16,022 - INFO - [2023BPix] MISSING_CENTRAL: ZG1E2Mu/Central/METv/pt in Skim_TriLep_DYJets10to50.root
2025-11-07 13:13:16,025 - INFO - [2023BPix] MISSING_CENTRAL: ZG1E2Mu/Central/METv/pt in Skim_TriLep_TTG_PTG10to100.root
2025-11-07 13:13:16,025 - INFO - [2023BPix] MISSING_CENTRAL: ZG1E2Mu/Central/METv/pt in Skim_TriLep_TTG_PTG100to200.root
2025-11-07 13:13:16,026 - INFO - [2023BPix] MISSING_CENTRAL: ZG1E2Mu/Central/METv/pt in Skim_TriLep_TTG_PTG200toInf.root
2025-11-07 14:10:44,305 - INFO - [2023BPix] MISSING_CENTRAL: ZG1E2Mu/Central/METv/pt in Skim_TriLep_DYJets10to50.root
2025-11-07 14:10:44,356 - INFO - [2023BPix] MISSING_CENTRAL: ZG1E2Mu/Central/METv/pt in Skim_TriLep_TTG_PTG10to100.root
2025-11-07 14:10:44,356 - INFO - [2023BPix] MISSING_CENTRAL: ZG1E2Mu/Central/METv/pt in Skim_TriLep_TTG_PTG100to200.root
2025-11-07 14:10:44,356 - INFO - [2023BPix] MISSING_CENTRAL: ZG1E2Mu/Central/METv/pt in Skim_TriLep_TTG_PTG200toInf.root
2025-11-07 14:10:49,295 - INFO - [2023BPix] MISSING_CENTRAL: ZG1E2Mu/Central/METv/pt in Skim_TriLep_DYJets10to50.root
2025-11-07 14:10:49,299 - INFO - [2023BPix] MISSING_CENTRAL: ZG1E2Mu/Central/METv/pt in Skim_TriLep_TTG_PTG10to100.root
2025-11-07 14:10:49,299 - INFO - [2023BPix] MISSING_CENTRAL: ZG1E2Mu/Central/METv/pt in Skim_TriLep_TTG_PTG100to200.root
2025-11-07 14:10:49,299 - INFO - [2023BPix] MISSING_CENTRAL: ZG1E2Mu/Central/METv/pt in Skim_TriLep_TTG_PTG200toInf.root
2025-11-10 12:26:58,165 - INFO - [2023BPix] MISSING_CENTRAL: ZG1E2Mu/Central/METv/pt in Skim_TriLep_DYJets10to50.root
2025-11-10 12:26:58,224 - INFO - [2023BPix] MISSING_CENTRAL: ZG1E2Mu/Central/METv/pt in Skim_TriLep_TTG_PTG10to100.root
2025-11-10 12:26:58,225 - INFO - [2023BPix] MISSING_CENTRAL: ZG1E2Mu/Central/METv/pt in Skim_TriLep_TTG_PTG100to200.root
2025-11-10 12:26:58,225 - INFO - [2023BPix] MISSING_CENTRAL: ZG1E2Mu/Central/METv/pt in Skim_TriLep_TTG_PTG200toInf.root
2025-11-10 12:27:03,333 - INFO - [2023BPix] MISSING_CENTRAL: ZG1E2Mu/Central/METv/pt in Skim_TriLep_DYJets10to50.root
2025-11-10 12:27:03,336 - INFO - [2023BPix] MISSING_CENTRAL: ZG1E2Mu/Central/METv/pt in Skim_TriLep_TTG_PTG10to100.root
2025-11-10 12:27:03,336 - INFO - [2023BPix] MISSING_CENTRAL: ZG1E2Mu/Central/METv/pt in Skim_TriLep_TTG_PTG100to200.root
2025-11-10 12:27:03,337 - INFO - [2023BPix] MISSING_CENTRAL: ZG1E2Mu/Central/METv/pt in Skim_TriLep_TTG_PTG200toInf.root
2025-11-13 11:17:17,715 - INFO - [2023BPix] MISSING_CENTRAL: ZG1E2Mu/Central/METv/pt in Skim_TriLep_DYJets10to50.root
2025-11-13 11:17:18,440 - INFO - [2023BPix] MISSING_CENTRAL: ZG1E2Mu/Central/METv/pt in Skim_TriLep_TTG_PTG10to100.root
2025-11-13 11:17:18,440 - INFO - [2023BPix] MISSING_CENTRAL: ZG1E2Mu/Central/METv/pt in Skim_TriLep_TTG_PTG100to200.root
2025-11-13 11:17:18,441 - INFO - [2023BPix] MISSING_CENTRAL: ZG1E2Mu/Central/METv/pt in Skim_TriLep_TTG_PTG200toInf.root
2025-11-13 11:17:24,701 - INFO - [2023BPix] MISSING_CENTRAL: ZG1E2Mu/Central/METv/pt in Skim_TriLep_DYJets10to50.root
2025-11-13 11:17:24,708 - INFO - [2023BPix] MISSING_CENTRAL: ZG1E2Mu/Central/METv/pt in Skim_TriLep_TTG_PTG10to100.root
2025-11-13 11:17:24,709 - INFO - [2023BPix] MISSING_CENTRAL: ZG1E2Mu/Central/METv/pt in Skim_TriLep_TTG_PTG100to200.root
2025-11-13 11:17:24,710 - INFO - [2023BPix] MISSING_CENTRAL: ZG1E2Mu/Central/METv/pt in Skim_TriLep_TTG_PTG200toInf.root
2025-11-19 00:19:46,363 - INFO - [2023BPix] MISSING_CENTRAL: ZG1E2Mu/Central/METv/pt in Skim_TriLep_DYJets10to50.root
2025-11-19 00:19:46,504 - INFO - [2023BPix] MISSING_CENTRAL: ZG1E2Mu/Central/METv/pt in Skim_TriLep_TTG_PTG10to100.root
2025-11-19 00:19:46,505 - INFO - [2023BPix] MISSING_CENTRAL: ZG1E2Mu/Central/METv/pt in Skim_TriLep_TTG_PTG100to200.root
2025-11-19 00:19:46,506 - INFO - [2023BPix] MISSING_CENTRAL: ZG1E2Mu/Central/METv/pt in Skim_TriLep_TTG_PTG200toInf.root
2025-11-19 00:19:46,571 - INFO - [2023BPix] MISSING_FILE: /data9/Users/choij/Sync/workspace/ChargedHiggsAnalysisV3/SKNanoOutput/CRPromptSelector/Run1E2Mu_RunSyst/2023BPix/Skim_TriLep_WZTo3LNu_powheg.root
2025-11-19 00:19:52,749 - INFO - [2023BPix] MISSING_CENTRAL: ZG1E2Mu/Central/METv/pt in Skim_TriLep_DYJets10to50.root
2025-11-19 00:19:52,756 - INFO - [2023BPix] MISSING_CENTRAL: ZG1E2Mu/Central/METv/pt in Skim_TriLep_TTG_PTG10to100.root
2025-11-19 00:19:52,756 - INFO - [2023BPix] MISSING_CENTRAL: ZG1E2Mu/Central/METv/pt in Skim_TriLep_TTG_PTG100to200.root
2025-11-19 00:19:52,757 - INFO - [2023BPix] MISSING_CENTRAL: ZG1E2Mu/Central/METv/pt in Skim_TriLep_TTG_PTG200toInf.root
2025-11-19 00:19:52,759 - INFO - [2023BPix] MISSING_FILE: /data9/Users/choij/Sync/workspace/ChargedHiggsAnalysisV3/SKNanoOutput/CRPromptSelector/Run1E2Mu_RunSyst/2023BPix/Skim_TriLep_WZTo3LNu_powheg.root
2025-11-19 15:45:05,852 - INFO - [2023BPix] MISSING_CENTRAL: ZG1E2Mu/Central/METv/pt in Skim_TriLep_DYJets10to50.root
2025-11-19 15:45:05,904 - INFO - [2023BPix] MISSING_CENTRAL: ZG1E2Mu/Central/METv/pt in Skim_TriLep_TTG_PTG10to100.root
2025-11-19 15:45:05,904 - INFO - [2023BPix] MISSING_CENTRAL: ZG1E2Mu/Central/METv/pt in Skim_TriLep_TTG_PTG100to200.root
2025-11-19 15:45:05,904 - INFO - [2023BPix] MISSING_CENTRAL: ZG1E2Mu/Central/METv/pt in Skim_TriLep_TTG_PTG200toInf.root
2025-11-19 15:45:10,860 - INFO - [2023BPix] MISSING_CENTRAL: ZG1E2Mu/Central/METv/pt in Skim_TriLep_DYJets10to50.root
2025-11-19 15:45:10,864 - INFO - [2023BPix] MISSING_CENTRAL: ZG1E2Mu/Central/METv/pt in Skim_TriLep_TTG_PTG10to100.root
2025-11-19 15:45:10,864 - INFO - [2023BPix] MISSING_CENTRAL: ZG1E2Mu/Central/METv/pt in Skim_TriLep_TTG_PTG100to200.root
2025-11-19 15:45:10,864 - INFO - [2023BPix] MISSING_CENTRAL: ZG1E2Mu/Central/METv/pt in Skim_TriLep_TTG_PTG200toInf.root
2025-11-19 16:29:25,919 - INFO - [2023BPix] MISSING_CENTRAL: ZG1E2Mu/Central/METv/pt in Skim_TriLep_DYJets10to50.root
2025-11-19 16:29:25,968 - INFO - [2023BPix] MISSING_CENTRAL: ZG1E2Mu/Central/METv/pt in Skim_TriLep_TTG_PTG10to100.root
2025-11-19 16:29:25,969 - INFO - [2023BPix] MISSING_CENTRAL: ZG1E2Mu/Central/METv/pt in Skim_TriLep_TTG_PTG100to200.root
2025-11-19 16:29:25,969 - INFO - [2023BPix] MISSING_CENTRAL: ZG1E2Mu/Central/METv/pt in Skim_TriLep_TTG_PTG200toInf.root
2025-11-19 16:29:31,075 - INFO - [2023BPix] MISSING_CENTRAL: ZG1E2Mu/Central/METv/pt in Skim_TriLep_DYJets10to50.root
2025-11-19 16:29:31,080 - INFO - [2023BPix] MISSING_CENTRAL: ZG1E2Mu/Central/METv/pt in Skim_TriLep_TTG_PTG10to100.root
2025-11-19 16:29:31,080 - INFO - [2023BPix] MISSING_CENTRAL: ZG1E2Mu/Central/METv/pt in Skim_TriLep_TTG_PTG100to200.root
2025-11-19 16:29:31,081 - INFO - [2023BPix] MISSING_CENTRAL: ZG1E2Mu/Central/METv/pt in Skim_TriLep_TTG_PTG200toInf.root
2025-12-17 12:28:20,968 - INFO - [2023BPix] MISSING_CENTRAL: ZG1E2Mu/Central/METv/pt in Skim_TriLep_DYJets10to50.root
2025-12-17 12:28:20,969 - INFO - [2023BPix] MISSING_CENTRAL: ZG1E2Mu/Central/METv/pt in Skim_TriLep_TTG_PTG10to100.root
2025-12-17 12:28:20,971 - INFO - [2023BPix] MISSING_CENTRAL: ZG1E2Mu/Central/METv/pt in Skim_TriLep_TTG_PTG100to200.root
2025-12-17 12:28:20,972 - INFO - [2023BPix] MISSING_CENTRAL: ZG1E2Mu/Central/METv/pt in Skim_TriLep_TTG_PTG200toInf.root
2025-12-17 12:28:26,111 - INFO - [2023BPix] MISSING_CENTRAL: ZG1E2Mu/Central/METv/pt in Skim_TriLep_DYJets10to50.root
2025-12-17 12:28:26,113 - INFO - [2023BPix] MISSING_CENTRAL: ZG1E2Mu/Central/METv/pt in Skim_TriLep_TTG_PTG10to100.root
2025-12-17 12:28:26,115 - INFO - [2023BPix] MISSING_CENTRAL: ZG1E2Mu/Central/METv/pt in Skim_TriLep_TTG_PTG100to200.root
2025-12-17 12:28:26,116 - INFO - [2023BPix] MISSING_CENTRAL: ZG1E2Mu/Central/METv/pt in Skim_TriLep_TTG_PTG200toInf.root
2025-12-17 16:09:53,851 - INFO - [2023BPix] MISSING_CENTRAL: ZG1E2Mu/Central/METv/pt in Skim_TriLep_DYJets10to50.root
2025-12-17 16:09:53,852 - INFO - [2023BPix] MISSING_CENTRAL: ZG1E2Mu/Central/METv/pt in Skim_TriLep_TTG_PTG10to100.root
2025-12-17 16:09:53,853 - INFO - [2023BPix] MISSING_CENTRAL: ZG1E2Mu/Central/METv/pt in Skim_TriLep_TTG_PTG100to200.root
2025-12-17 16:09:53,854 - INFO - [2023BPix] MISSING_CENTRAL: ZG1E2Mu/Central/METv/pt in Skim_TriLep_TTG_PTG200toInf.root
2025-12-17 16:09:58,701 - INFO - [2023BPix] MISSING_CENTRAL: ZG1E2Mu/Central/METv/pt in Skim_TriLep_DYJets10to50.root
2025-12-17 16:09:58,702 - INFO - [2023BPix] MISSING_CENTRAL: ZG1E2Mu/Central/METv/pt in Skim_TriLep_TTG_PTG10to100.root
2025-12-17 16:09:58,703 - INFO - [2023BPix] MISSING_CENTRAL: ZG1E2Mu/Central/METv/pt in Skim_TriLep_TTG_PTG100to200.root
2025-12-17 16:09:58,703 - INFO - [2023BPix] MISSING_CENTRAL: ZG1E2Mu/Central/METv/pt in Skim_TriLep_TTG_PTG200toInf.root
2025-12-17 22:44:27,200 - INFO - [2023BPix] MISSING_CENTRAL: ZG1E2Mu/Central/METv/pt in Skim_TriLep_DYJets10to50.root
2025-12-17 22:44:27,201 - INFO - [2023BPix] MISSING_CENTRAL: ZG1E2Mu/Central/METv/pt in Skim_TriLep_TTG_PTG10to100.root
2025-12-17 22:44:27,203 - INFO - [2023BPix] MISSING_CENTRAL: ZG1E2Mu/Central/METv/pt in Skim_TriLep_TTG_PTG100to200.root
2025-12-17 22:44:27,204 - INFO - [2023BPix] MISSING_CENTRAL: ZG1E2Mu/Central/METv/pt in Skim_TriLep_TTG_PTG200toInf.root
2025-12-17 22:44:32,095 - INFO - [2023BPix] MISSING_CENTRAL: ZG1E2Mu/Central/METv/pt in Skim_TriLep_DYJets10to50.root
2025-12-17 22:44:32,096 - INFO - [2023BPix] MISSING_CENTRAL: ZG1E2Mu/Central/METv/pt in Skim_TriLep_TTG_PTG10to100.root
2025-12-17 22:44:32,097 - INFO - [2023BPix] MISSING_CENTRAL: ZG1E2Mu/Central/METv/pt in Skim_TriLep_TTG_PTG100to200.root
2025-12-17 22:44:32,097 - INFO - [2023BPix] MISSING_CENTRAL: ZG1E2Mu/Central/METv/pt in Skim_TriLep_TTG_PTG200toInf.root
2025-12-18 14:45:40,423 - INFO - [2023BPix] MISSING_CENTRAL: ZG1E2Mu/Central/METv/pt in Skim_TriLep_DYJets10to50.root
2025-12-18 14:45:40,425 - INFO - [2023BPix] MISSING_CENTRAL: ZG1E2Mu/Central/METv/pt in Skim_TriLep_TTG_PTG10to100.root
2025-12-18 14:45:40,437 - INFO - [2023BPix] MISSING_CENTRAL: ZG1E2Mu/Central/METv/pt in Skim_TriLep_TTG_PTG100to200.root
2025-12-18 14:45:40,438 - INFO - [2023BPix] MISSING_CENTRAL: ZG1E2Mu/Central/METv/pt in Skim_TriLep_TTG_PTG200toInf.root
2025-12-18 14:45:45,958 - INFO - [2023BPix] MISSING_CENTRAL: ZG1E2Mu/Central/METv/pt in Skim_TriLep_DYJets10to50.root
2025-12-18 14:45:45,959 - INFO - [2023BPix] MISSING_CENTRAL: ZG1E2Mu/Central/METv/pt in Skim_TriLep_TTG_PTG10to100.root
2025-12-18 14:45:45,961 - INFO - [2023BPix] MISSING_CENTRAL: ZG1E2Mu/Central/METv/pt in Skim_TriLep_TTG_PTG100to200.root
2025-12-18 14:45:45,961 - INFO - [2023BPix] MISSING_CENTRAL: ZG1E2Mu/Central/METv/pt in Skim_TriLep_TTG_PTG200toInf.root
2026-01-07 11:54:34,229 - INFO - [2023BPix] MISSING_FILE: /data9/Users/choij/Sync/workspace/ChargedHiggsAnalysisV3/SKNanoOutput/CRPromptSelector/Run1E2Mu/2023BPix/Skim_TriLep_MuonEG_D_v1.root
2026-01-07 11:54:34,229 - INFO - [2023BPix] MISSING_FILE: /data9/Users/choij/Sync/workspace/ChargedHiggsAnalysisV3/SKNanoOutput/CRPromptSelector/Run1E2Mu/2023BPix/Skim_TriLep_MuonEG_D_v2.root
2026-01-07 11:54:39,005 - INFO - [2023BPix] MISSING_FILE: /data9/Users/choij/Sync/workspace/ChargedHiggsAnalysisV3/SKNanoOutput/CRPromptSelector/Run1E2Mu/2023BPix/Skim_TriLep_MuonEG_D_v1.root
2026-01-07 11:54:39,005 - INFO - [2023BPix] MISSING_FILE: /data9/Users/choij/Sync/workspace/ChargedHiggsAnalysisV3/SKNanoOutput/CRPromptSelector/Run1E2Mu/2023BPix/Skim_TriLep_MuonEG_D_v2.root
2026-01-07 18:51:03,364 - INFO - [2023BPix] MISSING_CENTRAL: ZG1E2Mu/Central/METv/pt in Skim_TriLep_DYJets10to50.root
2026-01-07 18:51:03,366 - INFO - [2023BPix] MISSING_CENTRAL: ZG1E2Mu/Central/METv/pt in Skim_TriLep_TTG_PTG10to100.root
2026-01-07 18:51:03,367 - INFO - [2023BPix] MISSING_CENTRAL: ZG1E2Mu/Central/METv/pt in Skim_TriLep_TTG_PTG100to200.root
2026-01-07 18:51:03,368 - INFO - [2023BPix] MISSING_CENTRAL: ZG1E2Mu/Central/METv/pt in Skim_TriLep_TTG_PTG200toInf.root
2026-01-07 18:51:08,353 - INFO - [2023BPix] MISSING_CENTRAL: ZG1E2Mu/Central/METv/pt in Skim_TriLep_DYJets10to50.root
2026-01-07 18:51:08,354 - INFO - [2023BPix] MISSING_CENTRAL: ZG1E2Mu/Central/METv/pt in Skim_TriLep_TTG_PTG10to100.root
2026-01-07 18:51:08,355 - INFO - [2023BPix] MISSING_CENTRAL: ZG1E2Mu/Central/METv/pt in Skim_TriLep_TTG_PTG100to200.root
2026-01-07 18:51:08,355 - INFO - [2023BPix] MISSING_CENTRAL: ZG1E2Mu/Central/METv/pt in Skim_TriLep_TTG_PTG200toInf.root
2026-01-08 23:12:20,605 - INFO - [2023BPix] MISSING_CENTRAL: ZG1E2Mu/Central/METv/pt in Skim_TriLep_DYJets10to50.root
2026-01-08 23:12:20,605 - INFO - [2023BPix] MISSING_CENTRAL: ZG1E2Mu/Central/METv/pt in Skim_TriLep_TTG_PTG10to100.root
2026-01-08 23:12:20,606 - INFO - [2023BPix] MISSING_CENTRAL: ZG1E2Mu/Central/METv/pt in Skim_TriLep_TTG_PTG100to200.root
2026-01-08 23:12:20,606 - INFO - [2023BPix] MISSING_CENTRAL: ZG1E2Mu/Central/METv/pt in Skim_TriLep_TTG_PTG200toInf.root
2026-01-08 23:12:25,348 - INFO - [2023BPix] MISSING_CENTRAL: ZG1E2Mu/Central/METv/pt in Skim_TriLep_DYJets10to50.root
2026-01-08 23:12:25,349 - INFO - [2023BPix] MISSING_CENTRAL: ZG1E2Mu/Central/METv/pt in Skim_TriLep_TTG_PTG10to100.root
2026-01-08 23:12:25,349 - INFO - [2023BPix] MISSING_CENTRAL: ZG1E2Mu/Central/METv/pt in Skim_TriLep_TTG_PTG100to200.root
2026-01-08 23:12:25,350 - INFO - [2023BPix] MISSING_CENTRAL: ZG1E2Mu/Central/METv/pt in Skim_TriLep_TTG_PTG200toInf.root
2026-01-09 12:26:04,152 - INFO - [2023BPix] MISSING_CENTRAL: ZG1E2Mu/Central/METv/pt in Skim_TriLep_DYJets10to50.root
2026-01-09 12:26:04,153 - INFO - [2023BPix] MISSING_CENTRAL: ZG1E2Mu/Central/METv/pt in Skim_TriLep_TTG_PTG10to100.root
2026-01-09 12:26:04,153 - INFO - [2023BPix] MISSING_CENTRAL: ZG1E2Mu/Central/METv/pt in Skim_TriLep_TTG_PTG100to200.root
2026-01-09 12:26:04,153 - INFO - [2023BPix] MISSING_CENTRAL: ZG1E2Mu/Central/METv/pt in Skim_TriLep_TTG_PTG200toInf.root
2026-01-09 12:26:09,074 - INFO - [2023BPix] MISSING_CENTRAL: ZG1E2Mu/Central/METv/pt in Skim_TriLep_DYJets10to50.root
2026-01-09 12:26:09,075 - INFO - [2023BPix] MISSING_CENTRAL: ZG1E2Mu/Central/METv/pt in Skim_TriLep_TTG_PTG10to100.root
2026-01-09 12:26:09,075 - INFO - [2023BPix] MISSING_CENTRAL: ZG1E2Mu/Central/METv/pt in Skim_TriLep_TTG_PTG100to200.root
2026-01-09 12:26:09,075 - INFO - [2023BPix] MISSING_CENTRAL: ZG1E2Mu/Central/METv/pt in Skim_TriLep_TTG_PTG200toInf.root
2026-01-11 09:46:05,060 - INFO - [2023BPix] MISSING_CENTRAL: ZG1E2Mu/Central/METv/pt in Skim_TriLep_DYJets10to50.root
2026-01-11 09:46:05,061 - INFO - [2023BPix] MISSING_CENTRAL: ZG1E2Mu/Central/METv/pt in Skim_TriLep_TTG_PTG10to100.root
2026-01-11 09:46:05,061 - INFO - [2023BPix] MISSING_CENTRAL: ZG1E2Mu/Central/METv/pt in Skim_TriLep_TTG_PTG100to200.root
2026-01-11 09:46:05,061 - INFO - [2023BPix] MISSING_CENTRAL: ZG1E2Mu/Central/METv/pt in Skim_TriLep_TTG_PTG200toInf.root
2026-01-11 09:46:09,986 - INFO - [2023BPix] MISSING_CENTRAL: ZG1E2Mu/Central/METv/pt in Skim_TriLep_DYJets10to50.root
2026-01-11 09:46:09,986 - INFO - [2023BPix] MISSING_CENTRAL: ZG1E2Mu/Central/METv/pt in Skim_TriLep_TTG_PTG10to100.root
2026-01-11 09:46:09,986 - INFO - [2023BPix] MISSING_CENTRAL: ZG1E2Mu/Central/METv/pt in Skim_TriLep_TTG_PTG100to200.root
2026-01-11 09:46:09,986 - INFO - [2023BPix] MISSING_CENTRAL: ZG1E2Mu/Central/METv/pt in Skim_TriLep_TTG_PTG200toInf.root
2026-01-12 13:54:55,384 - INFO - [2023BPix] MISSING_CENTRAL: ZG1E2Mu/Central/METv/pt in Skim_TriLep_DYJets10to50.root
2026-01-12 13:54:55,384 - INFO - [2023BPix] MISSING_CENTRAL: ZG1E2Mu/Central/METv/pt in Skim_TriLep_TTG_PTG10to100.root
2026-01-12 13:54:55,385 - INFO - [2023BPix] MISSING_CENTRAL: ZG1E2Mu/Central/METv/pt in Skim_TriLep_TTG_PTG100to200.root
2026-01-12 13:54:55,385 - INFO - [2023BPix] MISSING_CENTRAL: ZG1E2Mu/Central/METv/pt in Skim_TriLep_TTG_PTG200toInf.root
2026-01-12 13:55:00,753 - INFO - [2023BPix] MISSING_CENTRAL: ZG1E2Mu/Central/METv/pt in Skim_TriLep_DYJets10to50.root
2026-01-12 13:55:00,753 - INFO - [2023BPix] MISSING_CENTRAL: ZG1E2Mu/Central/METv/pt in Skim_TriLep_TTG_PTG10to100.root
2026-01-12 13:55:00,754 - INFO - [2023BPix] MISSING_CENTRAL: ZG1E2Mu/Central/METv/pt in Skim_TriLep_TTG_PTG100to200.root
2026-01-12 13:55:00,754 - INFO - [2023BPix] MISSING_CENTRAL: ZG1E2Mu/Central/METv/pt in Skim_TriLep_TTG_PTG200toInf.root
