2025-09-24 16:04:57,920 - INFO - [2023BPix] MISSING_CENTRAL: ZG1E2Mu/Central/muons/1/eta in Skim_TriLep_DYJets10to50.root
2025-09-24 16:04:57,947 - INFO - [2023BPix] MISSING_CENTRAL: ZG1E2Mu/Central/muons/1/eta in Skim_TriLep_TTG_PTG10to100.root
2025-09-24 16:04:57,948 - INFO - [2023BPix] MISSING_CENTRAL: ZG1E2Mu/Central/muons/1/eta in Skim_TriLep_TTG_PTG100to200.root
2025-09-24 16:04:57,948 - INFO - [2023BPix] MISSING_CENTRAL: ZG1E2Mu/Central/muons/1/eta in Skim_TriLep_TTG_PTG200toInf.root
2025-09-24 16:05:08,384 - INFO - [2023BPix] MISSING_CENTRAL: ZG1E2Mu/Central/muons/1/eta in Skim_TriLep_DYJets10to50.root
2025-09-24 16:05:08,387 - INFO - [2023BPix] MISSING_CENTRAL: ZG1E2Mu/Central/muons/1/eta in Skim_TriLep_TTG_PTG10to100.root
2025-09-24 16:05:08,387 - INFO - [2023BPix] MISSING_CENTRAL: ZG1E2Mu/Central/muons/1/eta in Skim_TriLep_TTG_PTG100to200.root
2025-09-24 16:05:08,388 - INFO - [2023BPix] MISSING_CENTRAL: ZG1E2Mu/Central/muons/1/eta in Skim_TriLep_TTG_PTG200toInf.root
2025-10-02 21:22:13,897 - INFO - [2023BPix] MISSING_CENTRAL: ZG1E2Mu/Central/muons/1/eta in Skim_TriLep_DYJets10to50.root
2025-10-02 21:22:14,270 - INFO - [2023BPix] MISSING_CENTRAL: ZG1E2Mu/Central/muons/1/eta in Skim_TriLep_TTG_PTG10to100.root
2025-10-02 21:22:14,271 - INFO - [2023BPix] MISSING_CENTRAL: ZG1E2Mu/Central/muons/1/eta in Skim_TriLep_TTG_PTG100to200.root
2025-10-02 21:22:14,272 - INFO - [2023BPix] MISSING_CENTRAL: ZG1E2Mu/Central/muons/1/eta in Skim_TriLep_TTG_PTG200toInf.root
2025-10-02 21:22:18,871 - INFO - [2023BPix] MISSING_CENTRAL: ZG1E2Mu/Central/muons/1/eta in Skim_TriLep_DYJets10to50.root
2025-10-02 21:22:18,883 - INFO - [2023BPix] MISSING_CENTRAL: ZG1E2Mu/Central/muons/1/eta in Skim_TriLep_TTG_PTG10to100.root
2025-10-02 21:22:18,884 - INFO - [2023BPix] MISSING_CENTRAL: ZG1E2Mu/Central/muons/1/eta in Skim_TriLep_TTG_PTG100to200.root
2025-10-02 21:22:18,885 - INFO - [2023BPix] MISSING_CENTRAL: ZG1E2Mu/Central/muons/1/eta in Skim_TriLep_TTG_PTG200toInf.root
2025-10-03 00:35:28,739 - INFO - [2023BPix] MISSING_CENTRAL: ZG1E2Mu/Central/muons/1/eta in Skim_TriLep_DYJets10to50.root
2025-10-03 00:35:28,862 - INFO - [2023BPix] MISSING_CENTRAL: ZG1E2Mu/Central/muons/1/eta in Skim_TriLep_TTG_PTG10to100.root
2025-10-03 00:35:28,863 - INFO - [2023BPix] MISSING_CENTRAL: ZG1E2Mu/Central/muons/1/eta in Skim_TriLep_TTG_PTG100to200.root
2025-10-03 00:35:28,864 - INFO - [2023BPix] MISSING_CENTRAL: ZG1E2Mu/Central/muons/1/eta in Skim_TriLep_TTG_PTG200toInf.root
2025-10-03 00:35:46,046 - INFO - [2023BPix] MISSING_CENTRAL: ZG1E2Mu/Central/muons/1/eta in Skim_TriLep_DYJets10to50.root
2025-10-03 00:35:46,052 - INFO - [2023BPix] MISSING_CENTRAL: ZG1E2Mu/Central/muons/1/eta in Skim_TriLep_TTG_PTG10to100.root
2025-10-03 00:35:46,053 - INFO - [2023BPix] MISSING_CENTRAL: ZG1E2Mu/Central/muons/1/eta in Skim_TriLep_TTG_PTG100to200.root
2025-10-03 00:35:46,053 - INFO - [2023BPix] MISSING_CENTRAL: ZG1E2Mu/Central/muons/1/eta in Skim_TriLep_TTG_PTG200toInf.root
2025-11-07 13:13:08,550 - INFO - [2023BPix] MISSING_CENTRAL: ZG1E2Mu/Central/muons/1/eta in Skim_TriLep_DYJets10to50.root
2025-11-07 13:13:08,595 - INFO - [2023BPix] MISSING_CENTRAL: ZG1E2Mu/Central/muons/1/eta in Skim_TriLep_TTG_PTG10to100.root
2025-11-07 13:13:08,596 - INFO - [2023BPix] MISSING_CENTRAL: ZG1E2Mu/Central/muons/1/eta in Skim_TriLep_TTG_PTG100to200.root
2025-11-07 13:13:08,596 - INFO - [2023BPix] MISSING_CENTRAL: ZG1E2Mu/Central/muons/1/eta in Skim_TriLep_TTG_PTG200toInf.root
2025-11-07 13:13:13,827 - INFO - [2023BPix] MISSING_CENTRAL: ZG1E2Mu/Central/muons/1/eta in Skim_TriLep_DYJets10to50.root
2025-11-07 13:13:13,832 - INFO - [2023BPix] MISSING_CENTRAL: ZG1E2Mu/Central/muons/1/eta in Skim_TriLep_TTG_PTG10to100.root
2025-11-07 13:13:13,833 - INFO - [2023BPix] MISSING_CENTRAL: ZG1E2Mu/Central/muons/1/eta in Skim_TriLep_TTG_PTG100to200.root
2025-11-07 13:13:13,833 - INFO - [2023BPix] MISSING_CENTRAL: ZG1E2Mu/Central/muons/1/eta in Skim_TriLep_TTG_PTG200toInf.root
2025-11-07 14:10:41,963 - INFO - [2023BPix] MISSING_CENTRAL: ZG1E2Mu/Central/muons/1/eta in Skim_TriLep_DYJets10to50.root
2025-11-07 14:10:42,011 - INFO - [2023BPix] MISSING_CENTRAL: ZG1E2Mu/Central/muons/1/eta in Skim_TriLep_TTG_PTG10to100.root
2025-11-07 14:10:42,012 - INFO - [2023BPix] MISSING_CENTRAL: ZG1E2Mu/Central/muons/1/eta in Skim_TriLep_TTG_PTG100to200.root
2025-11-07 14:10:42,012 - INFO - [2023BPix] MISSING_CENTRAL: ZG1E2Mu/Central/muons/1/eta in Skim_TriLep_TTG_PTG200toInf.root
2025-11-07 14:10:47,297 - INFO - [2023BPix] MISSING_CENTRAL: ZG1E2Mu/Central/muons/1/eta in Skim_TriLep_DYJets10to50.root
2025-11-07 14:10:47,302 - INFO - [2023BPix] MISSING_CENTRAL: ZG1E2Mu/Central/muons/1/eta in Skim_TriLep_TTG_PTG10to100.root
2025-11-07 14:10:47,302 - INFO - [2023BPix] MISSING_CENTRAL: ZG1E2Mu/Central/muons/1/eta in Skim_TriLep_TTG_PTG100to200.root
2025-11-07 14:10:47,303 - INFO - [2023BPix] MISSING_CENTRAL: ZG1E2Mu/Central/muons/1/eta in Skim_TriLep_TTG_PTG200toInf.root
2025-11-10 12:26:55,850 - INFO - [2023BPix] MISSING_CENTRAL: ZG1E2Mu/Central/muons/1/eta in Skim_TriLep_DYJets10to50.root
2025-11-10 12:26:55,939 - INFO - [2023BPix] MISSING_CENTRAL: ZG1E2Mu/Central/muons/1/eta in Skim_TriLep_TTG_PTG10to100.root
2025-11-10 12:26:55,939 - INFO - [2023BPix] MISSING_CENTRAL: ZG1E2Mu/Central/muons/1/eta in Skim_TriLep_TTG_PTG100to200.root
2025-11-10 12:26:55,940 - INFO - [2023BPix] MISSING_CENTRAL: ZG1E2Mu/Central/muons/1/eta in Skim_TriLep_TTG_PTG200toInf.root
2025-11-10 12:27:01,248 - INFO - [2023BPix] MISSING_CENTRAL: ZG1E2Mu/Central/muons/1/eta in Skim_TriLep_DYJets10to50.root
2025-11-10 12:27:01,253 - INFO - [2023BPix] MISSING_CENTRAL: ZG1E2Mu/Central/muons/1/eta in Skim_TriLep_TTG_PTG10to100.root
2025-11-10 12:27:01,254 - INFO - [2023BPix] MISSING_CENTRAL: ZG1E2Mu/Central/muons/1/eta in Skim_TriLep_TTG_PTG100to200.root
2025-11-10 12:27:01,254 - INFO - [2023BPix] MISSING_CENTRAL: ZG1E2Mu/Central/muons/1/eta in Skim_TriLep_TTG_PTG200toInf.root
2025-11-13 11:17:17,697 - INFO - [2023BPix] MISSING_CENTRAL: ZG1E2Mu/Central/muons/1/eta in Skim_TriLep_DYJets10to50.root
2025-11-13 11:17:18,434 - INFO - [2023BPix] MISSING_CENTRAL: ZG1E2Mu/Central/muons/1/eta in Skim_TriLep_TTG_PTG10to100.root
2025-11-13 11:17:18,435 - INFO - [2023BPix] MISSING_CENTRAL: ZG1E2Mu/Central/muons/1/eta in Skim_TriLep_TTG_PTG100to200.root
2025-11-13 11:17:18,436 - INFO - [2023BPix] MISSING_CENTRAL: ZG1E2Mu/Central/muons/1/eta in Skim_TriLep_TTG_PTG200toInf.root
2025-11-13 11:17:23,126 - INFO - [2023BPix] MISSING_CENTRAL: ZG1E2Mu/Central/muons/1/eta in Skim_TriLep_DYJets10to50.root
2025-11-13 11:17:23,133 - INFO - [2023BPix] MISSING_CENTRAL: ZG1E2Mu/Central/muons/1/eta in Skim_TriLep_TTG_PTG10to100.root
2025-11-13 11:17:23,134 - INFO - [2023BPix] MISSING_CENTRAL: ZG1E2Mu/Central/muons/1/eta in Skim_TriLep_TTG_PTG100to200.root
2025-11-13 11:17:23,134 - INFO - [2023BPix] MISSING_CENTRAL: ZG1E2Mu/Central/muons/1/eta in Skim_TriLep_TTG_PTG200toInf.root
2025-11-19 00:19:46,320 - INFO - [2023BPix] MISSING_CENTRAL: ZG1E2Mu/Central/muons/1/eta in Skim_TriLep_DYJets10to50.root
2025-11-19 00:19:46,746 - INFO - [2023BPix] MISSING_CENTRAL: ZG1E2Mu/Central/muons/1/eta in Skim_TriLep_TTG_PTG10to100.root
2025-11-19 00:19:46,747 - INFO - [2023BPix] MISSING_CENTRAL: ZG1E2Mu/Central/muons/1/eta in Skim_TriLep_TTG_PTG100to200.root
2025-11-19 00:19:46,747 - INFO - [2023BPix] MISSING_CENTRAL: ZG1E2Mu/Central/muons/1/eta in Skim_TriLep_TTG_PTG200toInf.root
2025-11-19 00:19:46,917 - INFO - [2023BPix] MISSING_FILE: /data9/Users/choij/Sync/workspace/ChargedHiggsAnalysisV3/SKNanoOutput/CRPromptSelector/Run1E2Mu_RunSyst/2023BPix/Skim_TriLep_WZTo3LNu_powheg.root
2025-11-19 00:19:52,495 - INFO - [2023BPix] MISSING_CENTRAL: ZG1E2Mu/Central/muons/1/eta in Skim_TriLep_DYJets10to50.root
2025-11-19 00:19:52,503 - INFO - [2023BPix] MISSING_CENTRAL: ZG1E2Mu/Central/muons/1/eta in Skim_TriLep_TTG_PTG10to100.root
2025-11-19 00:19:52,504 - INFO - [2023BPix] MISSING_CENTRAL: ZG1E2Mu/Central/muons/1/eta in Skim_TriLep_TTG_PTG100to200.root
2025-11-19 00:19:52,505 - INFO - [2023BPix] MISSING_CENTRAL: ZG1E2Mu/Central/muons/1/eta in Skim_TriLep_TTG_PTG200toInf.root
2025-11-19 00:19:52,509 - INFO - [2023BPix] MISSING_FILE: /data9/Users/choij/Sync/workspace/ChargedHiggsAnalysisV3/SKNanoOutput/CRPromptSelector/Run1E2Mu_RunSyst/2023BPix/Skim_TriLep_WZTo3LNu_powheg.root
2025-11-19 15:45:03,485 - INFO - [2023BPix] MISSING_CENTRAL: ZG1E2Mu/Central/muons/1/eta in Skim_TriLep_DYJets10to50.root
2025-11-19 15:45:03,590 - INFO - [2023BPix] MISSING_CENTRAL: ZG1E2Mu/Central/muons/1/eta in Skim_TriLep_TTG_PTG10to100.root
2025-11-19 15:45:03,591 - INFO - [2023BPix] MISSING_CENTRAL: ZG1E2Mu/Central/muons/1/eta in Skim_TriLep_TTG_PTG100to200.root
2025-11-19 15:45:03,591 - INFO - [2023BPix] MISSING_CENTRAL: ZG1E2Mu/Central/muons/1/eta in Skim_TriLep_TTG_PTG200toInf.root
2025-11-19 15:45:08,694 - INFO - [2023BPix] MISSING_CENTRAL: ZG1E2Mu/Central/muons/1/eta in Skim_TriLep_DYJets10to50.root
2025-11-19 15:45:08,699 - INFO - [2023BPix] MISSING_CENTRAL: ZG1E2Mu/Central/muons/1/eta in Skim_TriLep_TTG_PTG10to100.root
2025-11-19 15:45:08,700 - INFO - [2023BPix] MISSING_CENTRAL: ZG1E2Mu/Central/muons/1/eta in Skim_TriLep_TTG_PTG100to200.root
2025-11-19 15:45:08,700 - INFO - [2023BPix] MISSING_CENTRAL: ZG1E2Mu/Central/muons/1/eta in Skim_TriLep_TTG_PTG200toInf.root
2025-11-19 16:29:23,586 - INFO - [2023BPix] MISSING_CENTRAL: ZG1E2Mu/Central/muons/1/eta in Skim_TriLep_DYJets10to50.root
2025-11-19 16:29:23,632 - INFO - [2023BPix] MISSING_CENTRAL: ZG1E2Mu/Central/muons/1/eta in Skim_TriLep_TTG_PTG10to100.root
2025-11-19 16:29:23,633 - INFO - [2023BPix] MISSING_CENTRAL: ZG1E2Mu/Central/muons/1/eta in Skim_TriLep_TTG_PTG100to200.root
2025-11-19 16:29:23,633 - INFO - [2023BPix] MISSING_CENTRAL: ZG1E2Mu/Central/muons/1/eta in Skim_TriLep_TTG_PTG200toInf.root
2025-11-19 16:29:29,023 - INFO - [2023BPix] MISSING_CENTRAL: ZG1E2Mu/Central/muons/1/eta in Skim_TriLep_DYJets10to50.root
2025-11-19 16:29:29,029 - INFO - [2023BPix] MISSING_CENTRAL: ZG1E2Mu/Central/muons/1/eta in Skim_TriLep_TTG_PTG10to100.root
2025-11-19 16:29:29,030 - INFO - [2023BPix] MISSING_CENTRAL: ZG1E2Mu/Central/muons/1/eta in Skim_TriLep_TTG_PTG100to200.root
2025-11-19 16:29:29,030 - INFO - [2023BPix] MISSING_CENTRAL: ZG1E2Mu/Central/muons/1/eta in Skim_TriLep_TTG_PTG200toInf.root
2025-12-17 12:28:20,830 - INFO - [2023BPix] MISSING_CENTRAL: ZG1E2Mu/Central/muons/1/eta in Skim_TriLep_DYJets10to50.root
2025-12-17 12:28:20,831 - INFO - [2023BPix] MISSING_CENTRAL: ZG1E2Mu/Central/muons/1/eta in Skim_TriLep_TTG_PTG10to100.root
2025-12-17 12:28:20,833 - INFO - [2023BPix] MISSING_CENTRAL: ZG1E2Mu/Central/muons/1/eta in Skim_TriLep_TTG_PTG100to200.root
2025-12-17 12:28:20,834 - INFO - [2023BPix] MISSING_CENTRAL: ZG1E2Mu/Central/muons/1/eta in Skim_TriLep_TTG_PTG200toInf.root
2025-12-17 12:28:25,632 - INFO - [2023BPix] MISSING_CENTRAL: ZG1E2Mu/Central/muons/1/eta in Skim_TriLep_DYJets10to50.root
2025-12-17 12:28:25,644 - INFO - [2023BPix] MISSING_CENTRAL: ZG1E2Mu/Central/muons/1/eta in Skim_TriLep_TTG_PTG10to100.root
2025-12-17 12:28:25,650 - INFO - [2023BPix] MISSING_CENTRAL: ZG1E2Mu/Central/muons/1/eta in Skim_TriLep_TTG_PTG100to200.root
2025-12-17 12:28:25,657 - INFO - [2023BPix] MISSING_CENTRAL: ZG1E2Mu/Central/muons/1/eta in Skim_TriLep_TTG_PTG200toInf.root
2025-12-17 16:09:52,585 - INFO - [2023BPix] MISSING_CENTRAL: ZG1E2Mu/Central/muons/1/eta in Skim_TriLep_DYJets10to50.root
2025-12-17 16:09:52,586 - INFO - [2023BPix] MISSING_CENTRAL: ZG1E2Mu/Central/muons/1/eta in Skim_TriLep_TTG_PTG10to100.root
2025-12-17 16:09:52,587 - INFO - [2023BPix] MISSING_CENTRAL: ZG1E2Mu/Central/muons/1/eta in Skim_TriLep_TTG_PTG100to200.root
2025-12-17 16:09:52,589 - INFO - [2023BPix] MISSING_CENTRAL: ZG1E2Mu/Central/muons/1/eta in Skim_TriLep_TTG_PTG200toInf.root
2025-12-17 16:09:57,439 - INFO - [2023BPix] MISSING_CENTRAL: ZG1E2Mu/Central/muons/1/eta in Skim_TriLep_DYJets10to50.root
2025-12-17 16:09:57,440 - INFO - [2023BPix] MISSING_CENTRAL: ZG1E2Mu/Central/muons/1/eta in Skim_TriLep_TTG_PTG10to100.root
2025-12-17 16:09:57,440 - INFO - [2023BPix] MISSING_CENTRAL: ZG1E2Mu/Central/muons/1/eta in Skim_TriLep_TTG_PTG100to200.root
2025-12-17 16:09:57,441 - INFO - [2023BPix] MISSING_CENTRAL: ZG1E2Mu/Central/muons/1/eta in Skim_TriLep_TTG_PTG200toInf.root
2025-12-17 22:44:28,531 - INFO - [2023BPix] MISSING_CENTRAL: ZG1E2Mu/Central/muons/1/eta in Skim_TriLep_DYJets10to50.root
2025-12-17 22:44:28,532 - INFO - [2023BPix] MISSING_CENTRAL: ZG1E2Mu/Central/muons/1/eta in Skim_TriLep_TTG_PTG10to100.root
2025-12-17 22:44:28,533 - INFO - [2023BPix] MISSING_CENTRAL: ZG1E2Mu/Central/muons/1/eta in Skim_TriLep_TTG_PTG100to200.root
2025-12-17 22:44:28,534 - INFO - [2023BPix] MISSING_CENTRAL: ZG1E2Mu/Central/muons/1/eta in Skim_TriLep_TTG_PTG200toInf.root
2025-12-17 22:44:33,481 - INFO - [2023BPix] MISSING_CENTRAL: ZG1E2Mu/Central/muons/1/eta in Skim_TriLep_DYJets10to50.root
2025-12-17 22:44:33,482 - INFO - [2023BPix] MISSING_CENTRAL: ZG1E2Mu/Central/muons/1/eta in Skim_TriLep_TTG_PTG10to100.root
2025-12-17 22:44:33,483 - INFO - [2023BPix] MISSING_CENTRAL: ZG1E2Mu/Central/muons/1/eta in Skim_TriLep_TTG_PTG100to200.root
2025-12-17 22:44:33,484 - INFO - [2023BPix] MISSING_CENTRAL: ZG1E2Mu/Central/muons/1/eta in Skim_TriLep_TTG_PTG200toInf.root
2025-12-18 14:45:40,498 - INFO - [2023BPix] MISSING_CENTRAL: ZG1E2Mu/Central/muons/1/eta in Skim_TriLep_DYJets10to50.root
2025-12-18 14:45:40,499 - INFO - [2023BPix] MISSING_CENTRAL: ZG1E2Mu/Central/muons/1/eta in Skim_TriLep_TTG_PTG10to100.root
2025-12-18 14:45:40,500 - INFO - [2023BPix] MISSING_CENTRAL: ZG1E2Mu/Central/muons/1/eta in Skim_TriLep_TTG_PTG100to200.root
2025-12-18 14:45:40,502 - INFO - [2023BPix] MISSING_CENTRAL: ZG1E2Mu/Central/muons/1/eta in Skim_TriLep_TTG_PTG200toInf.root
2025-12-18 14:45:44,731 - INFO - [2023BPix] MISSING_CENTRAL: ZG1E2Mu/Central/muons/1/eta in Skim_TriLep_DYJets10to50.root
2025-12-18 14:45:44,732 - INFO - [2023BPix] MISSING_CENTRAL: ZG1E2Mu/Central/muons/1/eta in Skim_TriLep_TTG_PTG10to100.root
2025-12-18 14:45:44,733 - INFO - [2023BPix] MISSING_CENTRAL: ZG1E2Mu/Central/muons/1/eta in Skim_TriLep_TTG_PTG100to200.root
2025-12-18 14:45:44,734 - INFO - [2023BPix] MISSING_CENTRAL: ZG1E2Mu/Central/muons/1/eta in Skim_TriLep_TTG_PTG200toInf.root
2026-01-07 11:54:34,174 - INFO - [2023BPix] MISSING_FILE: /data9/Users/choij/Sync/workspace/ChargedHiggsAnalysisV3/SKNanoOutput/CRPromptSelector/Run1E2Mu/2023BPix/Skim_TriLep_MuonEG_D_v1.root
2026-01-07 11:54:34,174 - INFO - [2023BPix] MISSING_FILE: /data9/Users/choij/Sync/workspace/ChargedHiggsAnalysisV3/SKNanoOutput/CRPromptSelector/Run1E2Mu/2023BPix/Skim_TriLep_MuonEG_D_v2.root
2026-01-07 11:54:39,039 - INFO - [2023BPix] MISSING_FILE: /data9/Users/choij/Sync/workspace/ChargedHiggsAnalysisV3/SKNanoOutput/CRPromptSelector/Run1E2Mu/2023BPix/Skim_TriLep_MuonEG_D_v1.root
2026-01-07 11:54:39,039 - INFO - [2023BPix] MISSING_FILE: /data9/Users/choij/Sync/workspace/ChargedHiggsAnalysisV3/SKNanoOutput/CRPromptSelector/Run1E2Mu/2023BPix/Skim_TriLep_MuonEG_D_v2.root
2026-01-07 18:51:02,018 - INFO - [2023BPix] MISSING_CENTRAL: ZG1E2Mu/Central/muons/1/eta in Skim_TriLep_DYJets10to50.root
2026-01-07 18:51:02,019 - INFO - [2023BPix] MISSING_CENTRAL: ZG1E2Mu/Central/muons/1/eta in Skim_TriLep_TTG_PTG10to100.root
2026-01-07 18:51:02,020 - INFO - [2023BPix] MISSING_CENTRAL: ZG1E2Mu/Central/muons/1/eta in Skim_TriLep_TTG_PTG100to200.root
2026-01-07 18:51:02,021 - INFO - [2023BPix] MISSING_CENTRAL: ZG1E2Mu/Central/muons/1/eta in Skim_TriLep_TTG_PTG200toInf.root
2026-01-07 18:51:08,150 - INFO - [2023BPix] MISSING_CENTRAL: ZG1E2Mu/Central/muons/1/eta in Skim_TriLep_DYJets10to50.root
2026-01-07 18:51:08,151 - INFO - [2023BPix] MISSING_CENTRAL: ZG1E2Mu/Central/muons/1/eta in Skim_TriLep_TTG_PTG10to100.root
2026-01-07 18:51:08,152 - INFO - [2023BPix] MISSING_CENTRAL: ZG1E2Mu/Central/muons/1/eta in Skim_TriLep_TTG_PTG100to200.root
2026-01-07 18:51:08,153 - INFO - [2023BPix] MISSING_CENTRAL: ZG1E2Mu/Central/muons/1/eta in Skim_TriLep_TTG_PTG200toInf.root
2026-01-08 23:12:20,657 - INFO - [2023BPix] MISSING_CENTRAL: ZG1E2Mu/Central/muons/1/eta in Skim_TriLep_DYJets10to50.root
2026-01-08 23:12:20,658 - INFO - [2023BPix] MISSING_CENTRAL: ZG1E2Mu/Central/muons/1/eta in Skim_TriLep_TTG_PTG10to100.root
2026-01-08 23:12:20,658 - INFO - [2023BPix] MISSING_CENTRAL: ZG1E2Mu/Central/muons/1/eta in Skim_TriLep_TTG_PTG100to200.root
2026-01-08 23:12:20,659 - INFO - [2023BPix] MISSING_CENTRAL: ZG1E2Mu/Central/muons/1/eta in Skim_TriLep_TTG_PTG200toInf.root
2026-01-08 23:12:24,028 - INFO - [2023BPix] MISSING_CENTRAL: ZG1E2Mu/Central/muons/1/eta in Skim_TriLep_DYJets10to50.root
2026-01-08 23:12:24,029 - INFO - [2023BPix] MISSING_CENTRAL: ZG1E2Mu/Central/muons/1/eta in Skim_TriLep_TTG_PTG10to100.root
2026-01-08 23:12:24,030 - INFO - [2023BPix] MISSING_CENTRAL: ZG1E2Mu/Central/muons/1/eta in Skim_TriLep_TTG_PTG100to200.root
2026-01-08 23:12:24,031 - INFO - [2023BPix] MISSING_CENTRAL: ZG1E2Mu/Central/muons/1/eta in Skim_TriLep_TTG_PTG200toInf.root
2026-01-09 12:26:01,953 - INFO - [2023BPix] MISSING_CENTRAL: ZG1E2Mu/Central/muons/1/eta in Skim_TriLep_DYJets10to50.root
2026-01-09 12:26:01,954 - INFO - [2023BPix] MISSING_CENTRAL: ZG1E2Mu/Central/muons/1/eta in Skim_TriLep_TTG_PTG10to100.root
2026-01-09 12:26:01,954 - INFO - [2023BPix] MISSING_CENTRAL: ZG1E2Mu/Central/muons/1/eta in Skim_TriLep_TTG_PTG100to200.root
2026-01-09 12:26:01,954 - INFO - [2023BPix] MISSING_CENTRAL: ZG1E2Mu/Central/muons/1/eta in Skim_TriLep_TTG_PTG200toInf.root
2026-01-09 12:26:06,993 - INFO - [2023BPix] MISSING_CENTRAL: ZG1E2Mu/Central/muons/1/eta in Skim_TriLep_DYJets10to50.root
2026-01-09 12:26:06,993 - INFO - [2023BPix] MISSING_CENTRAL: ZG1E2Mu/Central/muons/1/eta in Skim_TriLep_TTG_PTG10to100.root
2026-01-09 12:26:06,994 - INFO - [2023BPix] MISSING_CENTRAL: ZG1E2Mu/Central/muons/1/eta in Skim_TriLep_TTG_PTG100to200.root
2026-01-09 12:26:06,994 - INFO - [2023BPix] MISSING_CENTRAL: ZG1E2Mu/Central/muons/1/eta in Skim_TriLep_TTG_PTG200toInf.root
2026-01-11 09:46:02,833 - INFO - [2023BPix] MISSING_CENTRAL: ZG1E2Mu/Central/muons/1/eta in Skim_TriLep_DYJets10to50.root
2026-01-11 09:46:02,833 - INFO - [2023BPix] MISSING_CENTRAL: ZG1E2Mu/Central/muons/1/eta in Skim_TriLep_TTG_PTG10to100.root
2026-01-11 09:46:02,834 - INFO - [2023BPix] MISSING_CENTRAL: ZG1E2Mu/Central/muons/1/eta in Skim_TriLep_TTG_PTG100to200.root
2026-01-11 09:46:02,834 - INFO - [2023BPix] MISSING_CENTRAL: ZG1E2Mu/Central/muons/1/eta in Skim_TriLep_TTG_PTG200toInf.root
2026-01-11 09:46:07,935 - INFO - [2023BPix] MISSING_CENTRAL: ZG1E2Mu/Central/muons/1/eta in Skim_TriLep_DYJets10to50.root
2026-01-11 09:46:07,936 - INFO - [2023BPix] MISSING_CENTRAL: ZG1E2Mu/Central/muons/1/eta in Skim_TriLep_TTG_PTG10to100.root
2026-01-11 09:46:07,937 - INFO - [2023BPix] MISSING_CENTRAL: ZG1E2Mu/Central/muons/1/eta in Skim_TriLep_TTG_PTG100to200.root
2026-01-11 09:46:07,937 - INFO - [2023BPix] MISSING_CENTRAL: ZG1E2Mu/Central/muons/1/eta in Skim_TriLep_TTG_PTG200toInf.root
2026-01-12 13:54:53,181 - INFO - [2023BPix] MISSING_CENTRAL: ZG1E2Mu/Central/muons/1/eta in Skim_TriLep_DYJets10to50.root
2026-01-12 13:54:53,182 - INFO - [2023BPix] MISSING_CENTRAL: ZG1E2Mu/Central/muons/1/eta in Skim_TriLep_TTG_PTG10to100.root
2026-01-12 13:54:53,182 - INFO - [2023BPix] MISSING_CENTRAL: ZG1E2Mu/Central/muons/1/eta in Skim_TriLep_TTG_PTG100to200.root
2026-01-12 13:54:53,183 - INFO - [2023BPix] MISSING_CENTRAL: ZG1E2Mu/Central/muons/1/eta in Skim_TriLep_TTG_PTG200toInf.root
2026-01-12 13:54:58,723 - INFO - [2023BPix] MISSING_CENTRAL: ZG1E2Mu/Central/muons/1/eta in Skim_TriLep_DYJets10to50.root
2026-01-12 13:54:58,724 - INFO - [2023BPix] MISSING_CENTRAL: ZG1E2Mu/Central/muons/1/eta in Skim_TriLep_TTG_PTG10to100.root
2026-01-12 13:54:58,724 - INFO - [2023BPix] MISSING_CENTRAL: ZG1E2Mu/Central/muons/1/eta in Skim_TriLep_TTG_PTG100to200.root
2026-01-12 13:54:58,725 - INFO - [2023BPix] MISSING_CENTRAL: ZG1E2Mu/Central/muons/1/eta in Skim_TriLep_TTG_PTG200toInf.root
