2025-09-24 16:05:05,330 - INFO - [2023BPix] MISSING_CENTRAL: ZG1E2Mu/Central/ZCand/mass in Skim_TriLep_DYJets10to50.root
2025-09-24 16:05:05,609 - INFO - [2023BPix] MISSING_CENTRAL: ZG1E2Mu/Central/ZCand/mass in Skim_TriLep_TTG_PTG10to100.root
2025-09-24 16:05:05,609 - INFO - [2023BPix] MISSING_CENTRAL: ZG1E2Mu/Central/ZCand/mass in Skim_TriLep_TTG_PTG100to200.root
2025-09-24 16:05:05,609 - INFO - [2023BPix] MISSING_CENTRAL: ZG1E2Mu/Central/ZCand/mass in Skim_TriLep_TTG_PTG200toInf.root
2025-09-24 16:05:15,039 - INFO - [2023BPix] MISSING_CENTRAL: ZG1E2Mu/Central/ZCand/mass in Skim_TriLep_DYJets10to50.root
2025-09-24 16:05:15,042 - INFO - [2023BPix] MISSING_CENTRAL: ZG1E2Mu/Central/ZCand/mass in Skim_TriLep_TTG_PTG10to100.root
2025-09-24 16:05:15,042 - INFO - [2023BPix] MISSING_CENTRAL: ZG1E2Mu/Central/ZCand/mass in Skim_TriLep_TTG_PTG100to200.root
2025-09-24 16:05:15,042 - INFO - [2023BPix] MISSING_CENTRAL: ZG1E2Mu/Central/ZCand/mass in Skim_TriLep_TTG_PTG200toInf.root
2025-10-02 21:22:13,989 - INFO - [2023BPix] MISSING_CENTRAL: ZG1E2Mu/Central/ZCand/mass in Skim_TriLep_DYJets10to50.root
2025-10-02 21:22:14,271 - INFO - [2023BPix] MISSING_CENTRAL: ZG1E2Mu/Central/ZCand/mass in Skim_TriLep_TTG_PTG10to100.root
2025-10-02 21:22:14,272 - INFO - [2023BPix] MISSING_CENTRAL: ZG1E2Mu/Central/ZCand/mass in Skim_TriLep_TTG_PTG100to200.root
2025-10-02 21:22:14,273 - INFO - [2023BPix] MISSING_CENTRAL: ZG1E2Mu/Central/ZCand/mass in Skim_TriLep_TTG_PTG200toInf.root
2025-10-02 21:22:19,029 - INFO - [2023BPix] MISSING_CENTRAL: ZG1E2Mu/Central/ZCand/mass in Skim_TriLep_DYJets10to50.root
2025-10-02 21:22:19,043 - INFO - [2023BPix] MISSING_CENTRAL: ZG1E2Mu/Central/ZCand/mass in Skim_TriLep_TTG_PTG10to100.root
2025-10-02 21:22:19,044 - INFO - [2023BPix] MISSING_CENTRAL: ZG1E2Mu/Central/ZCand/mass in Skim_TriLep_TTG_PTG100to200.root
2025-10-02 21:22:19,046 - INFO - [2023BPix] MISSING_CENTRAL: ZG1E2Mu/Central/ZCand/mass in Skim_TriLep_TTG_PTG200toInf.root
2025-10-03 00:35:41,044 - INFO - [2023BPix] MISSING_CENTRAL: ZG1E2Mu/Central/ZCand/mass in Skim_TriLep_DYJets10to50.root
2025-10-03 00:35:41,189 - INFO - [2023BPix] MISSING_CENTRAL: ZG1E2Mu/Central/ZCand/mass in Skim_TriLep_TTG_PTG10to100.root
2025-10-03 00:35:41,190 - INFO - [2023BPix] MISSING_CENTRAL: ZG1E2Mu/Central/ZCand/mass in Skim_TriLep_TTG_PTG100to200.root
2025-10-03 00:35:41,191 - INFO - [2023BPix] MISSING_CENTRAL: ZG1E2Mu/Central/ZCand/mass in Skim_TriLep_TTG_PTG200toInf.root
2025-10-03 00:35:57,188 - INFO - [2023BPix] MISSING_CENTRAL: ZG1E2Mu/Central/ZCand/mass in Skim_TriLep_DYJets10to50.root
2025-10-03 00:35:57,194 - INFO - [2023BPix] MISSING_CENTRAL: ZG1E2Mu/Central/ZCand/mass in Skim_TriLep_TTG_PTG10to100.root
2025-10-03 00:35:57,195 - INFO - [2023BPix] MISSING_CENTRAL: ZG1E2Mu/Central/ZCand/mass in Skim_TriLep_TTG_PTG100to200.root
2025-10-03 00:35:57,195 - INFO - [2023BPix] MISSING_CENTRAL: ZG1E2Mu/Central/ZCand/mass in Skim_TriLep_TTG_PTG200toInf.root
2025-11-07 13:13:10,842 - INFO - [2023BPix] MISSING_CENTRAL: ZG1E2Mu/Central/ZCand/mass in Skim_TriLep_DYJets10to50.root
2025-11-07 13:13:10,883 - INFO - [2023BPix] MISSING_CENTRAL: ZG1E2Mu/Central/ZCand/mass in Skim_TriLep_TTG_PTG10to100.root
2025-11-07 13:13:10,883 - INFO - [2023BPix] MISSING_CENTRAL: ZG1E2Mu/Central/ZCand/mass in Skim_TriLep_TTG_PTG100to200.root
2025-11-07 13:13:10,884 - INFO - [2023BPix] MISSING_CENTRAL: ZG1E2Mu/Central/ZCand/mass in Skim_TriLep_TTG_PTG200toInf.root
2025-11-07 13:13:16,177 - INFO - [2023BPix] MISSING_CENTRAL: ZG1E2Mu/Central/ZCand/mass in Skim_TriLep_DYJets10to50.root
2025-11-07 13:13:16,180 - INFO - [2023BPix] MISSING_CENTRAL: ZG1E2Mu/Central/ZCand/mass in Skim_TriLep_TTG_PTG10to100.root
2025-11-07 13:13:16,180 - INFO - [2023BPix] MISSING_CENTRAL: ZG1E2Mu/Central/ZCand/mass in Skim_TriLep_TTG_PTG100to200.root
2025-11-07 13:13:16,181 - INFO - [2023BPix] MISSING_CENTRAL: ZG1E2Mu/Central/ZCand/mass in Skim_TriLep_TTG_PTG200toInf.root
2025-11-07 14:10:44,356 - INFO - [2023BPix] MISSING_CENTRAL: ZG1E2Mu/Central/ZCand/mass in Skim_TriLep_DYJets10to50.root
2025-11-07 14:10:44,398 - INFO - [2023BPix] MISSING_CENTRAL: ZG1E2Mu/Central/ZCand/mass in Skim_TriLep_TTG_PTG10to100.root
2025-11-07 14:10:44,398 - INFO - [2023BPix] MISSING_CENTRAL: ZG1E2Mu/Central/ZCand/mass in Skim_TriLep_TTG_PTG100to200.root
2025-11-07 14:10:44,399 - INFO - [2023BPix] MISSING_CENTRAL: ZG1E2Mu/Central/ZCand/mass in Skim_TriLep_TTG_PTG200toInf.root
2025-11-07 14:10:49,390 - INFO - [2023BPix] MISSING_CENTRAL: ZG1E2Mu/Central/ZCand/mass in Skim_TriLep_DYJets10to50.root
2025-11-07 14:10:49,394 - INFO - [2023BPix] MISSING_CENTRAL: ZG1E2Mu/Central/ZCand/mass in Skim_TriLep_TTG_PTG10to100.root
2025-11-07 14:10:49,394 - INFO - [2023BPix] MISSING_CENTRAL: ZG1E2Mu/Central/ZCand/mass in Skim_TriLep_TTG_PTG100to200.root
2025-11-07 14:10:49,394 - INFO - [2023BPix] MISSING_CENTRAL: ZG1E2Mu/Central/ZCand/mass in Skim_TriLep_TTG_PTG200toInf.root
2025-11-10 12:26:58,259 - INFO - [2023BPix] MISSING_CENTRAL: ZG1E2Mu/Central/ZCand/mass in Skim_TriLep_DYJets10to50.root
2025-11-10 12:26:58,299 - INFO - [2023BPix] MISSING_CENTRAL: ZG1E2Mu/Central/ZCand/mass in Skim_TriLep_TTG_PTG10to100.root
2025-11-10 12:26:58,300 - INFO - [2023BPix] MISSING_CENTRAL: ZG1E2Mu/Central/ZCand/mass in Skim_TriLep_TTG_PTG100to200.root
2025-11-10 12:26:58,300 - INFO - [2023BPix] MISSING_CENTRAL: ZG1E2Mu/Central/ZCand/mass in Skim_TriLep_TTG_PTG200toInf.root
2025-11-10 12:27:03,368 - INFO - [2023BPix] MISSING_CENTRAL: ZG1E2Mu/Central/ZCand/mass in Skim_TriLep_DYJets10to50.root
2025-11-10 12:27:03,372 - INFO - [2023BPix] MISSING_CENTRAL: ZG1E2Mu/Central/ZCand/mass in Skim_TriLep_TTG_PTG10to100.root
2025-11-10 12:27:03,372 - INFO - [2023BPix] MISSING_CENTRAL: ZG1E2Mu/Central/ZCand/mass in Skim_TriLep_TTG_PTG100to200.root
2025-11-10 12:27:03,372 - INFO - [2023BPix] MISSING_CENTRAL: ZG1E2Mu/Central/ZCand/mass in Skim_TriLep_TTG_PTG200toInf.root
2025-11-13 11:17:16,980 - INFO - [2023BPix] MISSING_CENTRAL: ZG1E2Mu/Central/ZCand/mass in Skim_TriLep_DYJets10to50.root
2025-11-13 11:17:18,435 - INFO - [2023BPix] MISSING_CENTRAL: ZG1E2Mu/Central/ZCand/mass in Skim_TriLep_TTG_PTG10to100.root
2025-11-13 11:17:18,436 - INFO - [2023BPix] MISSING_CENTRAL: ZG1E2Mu/Central/ZCand/mass in Skim_TriLep_TTG_PTG100to200.root
2025-11-13 11:17:18,436 - INFO - [2023BPix] MISSING_CENTRAL: ZG1E2Mu/Central/ZCand/mass in Skim_TriLep_TTG_PTG200toInf.root
2025-11-13 11:17:24,619 - INFO - [2023BPix] MISSING_CENTRAL: ZG1E2Mu/Central/ZCand/mass in Skim_TriLep_DYJets10to50.root
2025-11-13 11:17:24,625 - INFO - [2023BPix] MISSING_CENTRAL: ZG1E2Mu/Central/ZCand/mass in Skim_TriLep_TTG_PTG10to100.root
2025-11-13 11:17:24,626 - INFO - [2023BPix] MISSING_CENTRAL: ZG1E2Mu/Central/ZCand/mass in Skim_TriLep_TTG_PTG100to200.root
2025-11-13 11:17:24,626 - INFO - [2023BPix] MISSING_CENTRAL: ZG1E2Mu/Central/ZCand/mass in Skim_TriLep_TTG_PTG200toInf.root
2025-11-19 00:19:46,478 - INFO - [2023BPix] MISSING_CENTRAL: ZG1E2Mu/Central/ZCand/mass in Skim_TriLep_DYJets10to50.root
2025-11-19 00:19:46,589 - INFO - [2023BPix] MISSING_CENTRAL: ZG1E2Mu/Central/ZCand/mass in Skim_TriLep_TTG_PTG10to100.root
2025-11-19 00:19:46,590 - INFO - [2023BPix] MISSING_CENTRAL: ZG1E2Mu/Central/ZCand/mass in Skim_TriLep_TTG_PTG100to200.root
2025-11-19 00:19:46,591 - INFO - [2023BPix] MISSING_CENTRAL: ZG1E2Mu/Central/ZCand/mass in Skim_TriLep_TTG_PTG200toInf.root
2025-11-19 00:19:46,714 - INFO - [2023BPix] MISSING_FILE: /data9/Users/choij/Sync/workspace/ChargedHiggsAnalysisV3/SKNanoOutput/CRPromptSelector/Run1E2Mu_RunSyst/2023BPix/Skim_TriLep_WZTo3LNu_powheg.root
2025-11-19 00:19:52,626 - INFO - [2023BPix] MISSING_CENTRAL: ZG1E2Mu/Central/ZCand/mass in Skim_TriLep_DYJets10to50.root
2025-11-19 00:19:52,632 - INFO - [2023BPix] MISSING_CENTRAL: ZG1E2Mu/Central/ZCand/mass in Skim_TriLep_TTG_PTG10to100.root
2025-11-19 00:19:52,633 - INFO - [2023BPix] MISSING_CENTRAL: ZG1E2Mu/Central/ZCand/mass in Skim_TriLep_TTG_PTG100to200.root
2025-11-19 00:19:52,633 - INFO - [2023BPix] MISSING_CENTRAL: ZG1E2Mu/Central/ZCand/mass in Skim_TriLep_TTG_PTG200toInf.root
2025-11-19 00:19:52,636 - INFO - [2023BPix] MISSING_FILE: /data9/Users/choij/Sync/workspace/ChargedHiggsAnalysisV3/SKNanoOutput/CRPromptSelector/Run1E2Mu_RunSyst/2023BPix/Skim_TriLep_WZTo3LNu_powheg.root
2025-11-19 15:45:05,849 - INFO - [2023BPix] MISSING_CENTRAL: ZG1E2Mu/Central/ZCand/mass in Skim_TriLep_DYJets10to50.root
2025-11-19 15:45:05,889 - INFO - [2023BPix] MISSING_CENTRAL: ZG1E2Mu/Central/ZCand/mass in Skim_TriLep_TTG_PTG10to100.root
2025-11-19 15:45:05,889 - INFO - [2023BPix] MISSING_CENTRAL: ZG1E2Mu/Central/ZCand/mass in Skim_TriLep_TTG_PTG100to200.root
2025-11-19 15:45:05,889 - INFO - [2023BPix] MISSING_CENTRAL: ZG1E2Mu/Central/ZCand/mass in Skim_TriLep_TTG_PTG200toInf.root
2025-11-19 15:45:10,822 - INFO - [2023BPix] MISSING_CENTRAL: ZG1E2Mu/Central/ZCand/mass in Skim_TriLep_DYJets10to50.root
2025-11-19 15:45:10,825 - INFO - [2023BPix] MISSING_CENTRAL: ZG1E2Mu/Central/ZCand/mass in Skim_TriLep_TTG_PTG10to100.root
2025-11-19 15:45:10,825 - INFO - [2023BPix] MISSING_CENTRAL: ZG1E2Mu/Central/ZCand/mass in Skim_TriLep_TTG_PTG100to200.root
2025-11-19 15:45:10,826 - INFO - [2023BPix] MISSING_CENTRAL: ZG1E2Mu/Central/ZCand/mass in Skim_TriLep_TTG_PTG200toInf.root
2025-11-19 16:29:25,858 - INFO - [2023BPix] MISSING_CENTRAL: ZG1E2Mu/Central/ZCand/mass in Skim_TriLep_DYJets10to50.root
2025-11-19 16:29:25,910 - INFO - [2023BPix] MISSING_CENTRAL: ZG1E2Mu/Central/ZCand/mass in Skim_TriLep_TTG_PTG10to100.root
2025-11-19 16:29:25,910 - INFO - [2023BPix] MISSING_CENTRAL: ZG1E2Mu/Central/ZCand/mass in Skim_TriLep_TTG_PTG100to200.root
2025-11-19 16:29:25,910 - INFO - [2023BPix] MISSING_CENTRAL: ZG1E2Mu/Central/ZCand/mass in Skim_TriLep_TTG_PTG200toInf.root
2025-11-19 16:29:31,157 - INFO - [2023BPix] MISSING_CENTRAL: ZG1E2Mu/Central/ZCand/mass in Skim_TriLep_DYJets10to50.root
2025-11-19 16:29:31,162 - INFO - [2023BPix] MISSING_CENTRAL: ZG1E2Mu/Central/ZCand/mass in Skim_TriLep_TTG_PTG10to100.root
2025-11-19 16:29:31,163 - INFO - [2023BPix] MISSING_CENTRAL: ZG1E2Mu/Central/ZCand/mass in Skim_TriLep_TTG_PTG100to200.root
2025-11-19 16:29:31,163 - INFO - [2023BPix] MISSING_CENTRAL: ZG1E2Mu/Central/ZCand/mass in Skim_TriLep_TTG_PTG200toInf.root
2025-12-17 12:28:20,798 - INFO - [2023BPix] MISSING_CENTRAL: ZG1E2Mu/Central/ZCand/mass in Skim_TriLep_DYJets10to50.root
2025-12-17 12:28:20,799 - INFO - [2023BPix] MISSING_CENTRAL: ZG1E2Mu/Central/ZCand/mass in Skim_TriLep_TTG_PTG10to100.root
2025-12-17 12:28:20,800 - INFO - [2023BPix] MISSING_CENTRAL: ZG1E2Mu/Central/ZCand/mass in Skim_TriLep_TTG_PTG100to200.root
2025-12-17 12:28:20,801 - INFO - [2023BPix] MISSING_CENTRAL: ZG1E2Mu/Central/ZCand/mass in Skim_TriLep_TTG_PTG200toInf.root
2025-12-17 12:28:25,332 - INFO - [2023BPix] MISSING_CENTRAL: ZG1E2Mu/Central/ZCand/mass in Skim_TriLep_DYJets10to50.root
2025-12-17 12:28:25,334 - INFO - [2023BPix] MISSING_CENTRAL: ZG1E2Mu/Central/ZCand/mass in Skim_TriLep_TTG_PTG10to100.root
2025-12-17 12:28:25,342 - INFO - [2023BPix] MISSING_CENTRAL: ZG1E2Mu/Central/ZCand/mass in Skim_TriLep_TTG_PTG100to200.root
2025-12-17 12:28:25,343 - INFO - [2023BPix] MISSING_CENTRAL: ZG1E2Mu/Central/ZCand/mass in Skim_TriLep_TTG_PTG200toInf.root
2025-12-17 16:09:54,109 - INFO - [2023BPix] MISSING_CENTRAL: ZG1E2Mu/Central/ZCand/mass in Skim_TriLep_DYJets10to50.root
2025-12-17 16:09:54,110 - INFO - [2023BPix] MISSING_CENTRAL: ZG1E2Mu/Central/ZCand/mass in Skim_TriLep_TTG_PTG10to100.root
2025-12-17 16:09:54,111 - INFO - [2023BPix] MISSING_CENTRAL: ZG1E2Mu/Central/ZCand/mass in Skim_TriLep_TTG_PTG100to200.root
2025-12-17 16:09:54,112 - INFO - [2023BPix] MISSING_CENTRAL: ZG1E2Mu/Central/ZCand/mass in Skim_TriLep_TTG_PTG200toInf.root
2025-12-17 16:09:57,537 - INFO - [2023BPix] MISSING_CENTRAL: ZG1E2Mu/Central/ZCand/mass in Skim_TriLep_DYJets10to50.root
2025-12-17 16:09:57,538 - INFO - [2023BPix] MISSING_CENTRAL: ZG1E2Mu/Central/ZCand/mass in Skim_TriLep_TTG_PTG10to100.root
2025-12-17 16:09:57,539 - INFO - [2023BPix] MISSING_CENTRAL: ZG1E2Mu/Central/ZCand/mass in Skim_TriLep_TTG_PTG100to200.root
2025-12-17 16:09:57,540 - INFO - [2023BPix] MISSING_CENTRAL: ZG1E2Mu/Central/ZCand/mass in Skim_TriLep_TTG_PTG200toInf.root
2025-12-17 22:44:27,201 - INFO - [2023BPix] MISSING_CENTRAL: ZG1E2Mu/Central/ZCand/mass in Skim_TriLep_DYJets10to50.root
2025-12-17 22:44:27,202 - INFO - [2023BPix] MISSING_CENTRAL: ZG1E2Mu/Central/ZCand/mass in Skim_TriLep_TTG_PTG10to100.root
2025-12-17 22:44:27,202 - INFO - [2023BPix] MISSING_CENTRAL: ZG1E2Mu/Central/ZCand/mass in Skim_TriLep_TTG_PTG100to200.root
2025-12-17 22:44:27,204 - INFO - [2023BPix] MISSING_CENTRAL: ZG1E2Mu/Central/ZCand/mass in Skim_TriLep_TTG_PTG200toInf.root
2025-12-17 22:44:33,472 - INFO - [2023BPix] MISSING_CENTRAL: ZG1E2Mu/Central/ZCand/mass in Skim_TriLep_DYJets10to50.root
2025-12-17 22:44:33,472 - INFO - [2023BPix] MISSING_CENTRAL: ZG1E2Mu/Central/ZCand/mass in Skim_TriLep_TTG_PTG10to100.root
2025-12-17 22:44:33,473 - INFO - [2023BPix] MISSING_CENTRAL: ZG1E2Mu/Central/ZCand/mass in Skim_TriLep_TTG_PTG100to200.root
2025-12-17 22:44:33,473 - INFO - [2023BPix] MISSING_CENTRAL: ZG1E2Mu/Central/ZCand/mass in Skim_TriLep_TTG_PTG200toInf.root
2025-12-18 14:45:40,786 - INFO - [2023BPix] MISSING_CENTRAL: ZG1E2Mu/Central/ZCand/mass in Skim_TriLep_DYJets10to50.root
2025-12-18 14:45:40,787 - INFO - [2023BPix] MISSING_CENTRAL: ZG1E2Mu/Central/ZCand/mass in Skim_TriLep_TTG_PTG10to100.root
2025-12-18 14:45:40,789 - INFO - [2023BPix] MISSING_CENTRAL: ZG1E2Mu/Central/ZCand/mass in Skim_TriLep_TTG_PTG100to200.root
2025-12-18 14:45:40,790 - INFO - [2023BPix] MISSING_CENTRAL: ZG1E2Mu/Central/ZCand/mass in Skim_TriLep_TTG_PTG200toInf.root
2025-12-18 14:45:45,869 - INFO - [2023BPix] MISSING_CENTRAL: ZG1E2Mu/Central/ZCand/mass in Skim_TriLep_DYJets10to50.root
2025-12-18 14:45:45,870 - INFO - [2023BPix] MISSING_CENTRAL: ZG1E2Mu/Central/ZCand/mass in Skim_TriLep_TTG_PTG10to100.root
2025-12-18 14:45:45,870 - INFO - [2023BPix] MISSING_CENTRAL: ZG1E2Mu/Central/ZCand/mass in Skim_TriLep_TTG_PTG100to200.root
2025-12-18 14:45:45,871 - INFO - [2023BPix] MISSING_CENTRAL: ZG1E2Mu/Central/ZCand/mass in Skim_TriLep_TTG_PTG200toInf.root
2026-01-07 11:54:34,247 - INFO - [2023BPix] MISSING_FILE: /data9/Users/choij/Sync/workspace/ChargedHiggsAnalysisV3/SKNanoOutput/CRPromptSelector/Run1E2Mu/2023BPix/Skim_TriLep_MuonEG_D_v1.root
2026-01-07 11:54:34,248 - INFO - [2023BPix] MISSING_FILE: /data9/Users/choij/Sync/workspace/ChargedHiggsAnalysisV3/SKNanoOutput/CRPromptSelector/Run1E2Mu/2023BPix/Skim_TriLep_MuonEG_D_v2.root
2026-01-07 11:54:38,088 - INFO - [2023BPix] MISSING_FILE: /data9/Users/choij/Sync/workspace/ChargedHiggsAnalysisV3/SKNanoOutput/CRPromptSelector/Run1E2Mu/2023BPix/Skim_TriLep_MuonEG_D_v1.root
2026-01-07 11:54:38,089 - INFO - [2023BPix] MISSING_FILE: /data9/Users/choij/Sync/workspace/ChargedHiggsAnalysisV3/SKNanoOutput/CRPromptSelector/Run1E2Mu/2023BPix/Skim_TriLep_MuonEG_D_v2.root
2026-01-07 18:51:03,041 - INFO - [2023BPix] MISSING_CENTRAL: ZG1E2Mu/Central/ZCand/mass in Skim_TriLep_DYJets10to50.root
2026-01-07 18:51:03,053 - INFO - [2023BPix] MISSING_CENTRAL: ZG1E2Mu/Central/ZCand/mass in Skim_TriLep_TTG_PTG10to100.root
2026-01-07 18:51:03,064 - INFO - [2023BPix] MISSING_CENTRAL: ZG1E2Mu/Central/ZCand/mass in Skim_TriLep_TTG_PTG100to200.root
2026-01-07 18:51:03,065 - INFO - [2023BPix] MISSING_CENTRAL: ZG1E2Mu/Central/ZCand/mass in Skim_TriLep_TTG_PTG200toInf.root
2026-01-07 18:51:07,146 - INFO - [2023BPix] MISSING_CENTRAL: ZG1E2Mu/Central/ZCand/mass in Skim_TriLep_DYJets10to50.root
2026-01-07 18:51:07,147 - INFO - [2023BPix] MISSING_CENTRAL: ZG1E2Mu/Central/ZCand/mass in Skim_TriLep_TTG_PTG10to100.root
2026-01-07 18:51:07,148 - INFO - [2023BPix] MISSING_CENTRAL: ZG1E2Mu/Central/ZCand/mass in Skim_TriLep_TTG_PTG100to200.root
2026-01-07 18:51:07,149 - INFO - [2023BPix] MISSING_CENTRAL: ZG1E2Mu/Central/ZCand/mass in Skim_TriLep_TTG_PTG200toInf.root
2026-01-08 23:12:19,340 - INFO - [2023BPix] MISSING_CENTRAL: ZG1E2Mu/Central/ZCand/mass in Skim_TriLep_DYJets10to50.root
2026-01-08 23:12:19,340 - INFO - [2023BPix] MISSING_CENTRAL: ZG1E2Mu/Central/ZCand/mass in Skim_TriLep_TTG_PTG10to100.root
2026-01-08 23:12:19,341 - INFO - [2023BPix] MISSING_CENTRAL: ZG1E2Mu/Central/ZCand/mass in Skim_TriLep_TTG_PTG100to200.root
2026-01-08 23:12:19,342 - INFO - [2023BPix] MISSING_CENTRAL: ZG1E2Mu/Central/ZCand/mass in Skim_TriLep_TTG_PTG200toInf.root
2026-01-08 23:12:25,251 - INFO - [2023BPix] MISSING_CENTRAL: ZG1E2Mu/Central/ZCand/mass in Skim_TriLep_DYJets10to50.root
2026-01-08 23:12:25,252 - INFO - [2023BPix] MISSING_CENTRAL: ZG1E2Mu/Central/ZCand/mass in Skim_TriLep_TTG_PTG10to100.root
2026-01-08 23:12:25,252 - INFO - [2023BPix] MISSING_CENTRAL: ZG1E2Mu/Central/ZCand/mass in Skim_TriLep_TTG_PTG100to200.root
2026-01-08 23:12:25,253 - INFO - [2023BPix] MISSING_CENTRAL: ZG1E2Mu/Central/ZCand/mass in Skim_TriLep_TTG_PTG200toInf.root
2026-01-09 12:26:04,199 - INFO - [2023BPix] MISSING_CENTRAL: ZG1E2Mu/Central/ZCand/mass in Skim_TriLep_DYJets10to50.root
2026-01-09 12:26:04,200 - INFO - [2023BPix] MISSING_CENTRAL: ZG1E2Mu/Central/ZCand/mass in Skim_TriLep_TTG_PTG10to100.root
2026-01-09 12:26:04,200 - INFO - [2023BPix] MISSING_CENTRAL: ZG1E2Mu/Central/ZCand/mass in Skim_TriLep_TTG_PTG100to200.root
2026-01-09 12:26:04,201 - INFO - [2023BPix] MISSING_CENTRAL: ZG1E2Mu/Central/ZCand/mass in Skim_TriLep_TTG_PTG200toInf.root
2026-01-09 12:26:09,080 - INFO - [2023BPix] MISSING_CENTRAL: ZG1E2Mu/Central/ZCand/mass in Skim_TriLep_DYJets10to50.root
2026-01-09 12:26:09,080 - INFO - [2023BPix] MISSING_CENTRAL: ZG1E2Mu/Central/ZCand/mass in Skim_TriLep_TTG_PTG10to100.root
2026-01-09 12:26:09,080 - INFO - [2023BPix] MISSING_CENTRAL: ZG1E2Mu/Central/ZCand/mass in Skim_TriLep_TTG_PTG100to200.root
2026-01-09 12:26:09,081 - INFO - [2023BPix] MISSING_CENTRAL: ZG1E2Mu/Central/ZCand/mass in Skim_TriLep_TTG_PTG200toInf.root
