2025-09-24 15:41:32,510 - INFO - [2016preVFP] MISSING_CENTRAL: SR1E2Mu/Central/bjets/1/pt in Skim_TriLep_DYJets10to50.root
2025-10-02 21:09:24,010 - INFO - [2016preVFP] MISSING_CENTRAL: SR1E2Mu/Central/bjets/1/pt in Skim_TriLep_DYJets10to50.root
2025-10-02 23:54:55,010 - INFO - [2016preVFP] MISSING_CENTRAL: SR1E2Mu/Central/bjets/1/pt in Skim_TriLep_DYJets10to50.root
2025-11-05 20:28:18,621 - INFO - [2016preVFP] MISSING_CENTRAL: SR1E2Mu/Central/bjets/1/pt in Skim_TriLep_DYJets10to50.root
2025-11-05 21:32:33,641 - INFO - [2016preVFP] MISSING_CENTRAL: SR1E2Mu/Central/bjets/1/pt in Skim_TriLep_DYJets10to50.root
2025-11-05 21:36:30,322 - INFO - [2016preVFP] MISSING_CENTRAL: SR1E2Mu/Central/bjets/1/pt in Skim_TriLep_DYJets10to50.root
2025-11-05 21:37:34,175 - INFO - [2016preVFP] MISSING_CENTRAL: SR1E2Mu/Central/bjets/1/pt in Skim_TriLep_DYJets10to50.root
2025-11-05 21:59:37,501 - INFO - [2016preVFP] MISSING_CENTRAL: SR1E2Mu/Central/bjets/1/pt in Skim_TriLep_DYJets10to50.root
2025-11-05 22:15:20,171 - INFO - [2016preVFP] MISSING_CENTRAL: SR1E2Mu/Central/bjets/1/pt in Skim_TriLep_DYJets10to50.root
2025-11-05 23:19:58,092 - INFO - [2016preVFP] MISSING_CENTRAL: SR1E2Mu/Central/bjets/1/pt in Skim_TriLep_DYJets10to50.root
2025-11-07 12:23:13,309 - INFO - [2016preVFP] MISSING_CENTRAL: SR1E2Mu/Central/bjets/1/pt in Skim_TriLep_DYJets10to50.root
2025-11-07 13:03:16,628 - INFO - [2016preVFP] MISSING_CENTRAL: SR1E2Mu/Central/bjets/1/pt in Skim_TriLep_DYJets10to50.root
2025-11-07 13:25:00,072 - INFO - [2016preVFP] MISSING_CENTRAL: SR1E2Mu/Central/bjets/1/pt in Skim_TriLep_DYJets10to50.root
2025-11-07 13:27:28,106 - INFO - [2016preVFP] MISSING_CENTRAL: SR1E2Mu/Central/bjets/1/pt in Skim_TriLep_DYJets10to50.root
2025-11-07 13:43:51,052 - INFO - [2016preVFP] MISSING_CENTRAL: SR1E2Mu/Central/bjets/1/pt in Skim_TriLep_DYJets10to50.root
2025-11-07 13:51:48,082 - INFO - [2016preVFP] MISSING_CENTRAL: SR1E2Mu/Central/bjets/1/pt in Skim_TriLep_DYJets10to50.root
2025-11-07 13:57:45,625 - INFO - [2016preVFP] MISSING_CENTRAL: SR1E2Mu/Central/bjets/1/pt in Skim_TriLep_DYJets10to50.root
2025-11-07 14:00:13,586 - INFO - [2016preVFP] MISSING_CENTRAL: SR1E2Mu/Central/bjets/1/pt in Skim_TriLep_DYJets10to50.root
2025-11-10 05:50:07,145 - INFO - [2016preVFP] MISSING_CENTRAL: SR1E2Mu/Central/bjets/1/pt in Skim_TriLep_DYJets10to50.root
2025-11-10 12:15:14,276 - INFO - [2016preVFP] MISSING_CENTRAL: SR1E2Mu/Central/bjets/1/pt in Skim_TriLep_DYJets10to50.root
2025-11-13 11:03:48,484 - INFO - [2016preVFP] MISSING_CENTRAL: SR1E2Mu/Central/bjets/1/pt in Skim_TriLep_DYJets10to50.root
2025-11-19 16:17:33,075 - INFO - [2016preVFP] MISSING_CENTRAL: SR1E2Mu/Central/bjets/1/pt in Skim_TriLep_DYJets10to50.root
2025-12-17 22:31:02,122 - INFO - [2016preVFP] MISSING_CENTRAL: SR1E2Mu/Central/bjets/1/pt in Skim_TriLep_DYJets10to50.root
2025-12-18 14:09:45,208 - INFO - [2016preVFP] MISSING_CENTRAL: SR1E2Mu/Central/bjets/1/pt in Skim_TriLep_DYJets10to50.root
2025-12-18 14:13:50,342 - INFO - [2016preVFP] MISSING_CENTRAL: SR1E2Mu/Central/bjets/1/pt in Skim_TriLep_DYJets10to50.root
2025-12-18 14:29:21,225 - INFO - [2016preVFP] MISSING_CENTRAL: SR1E2Mu/Central/bjets/1/pt in Skim_TriLep_DYJets10to50.root
2026-01-07 11:39:38,702 - INFO - [2016preVFP] MISSING_CENTRAL: SR1E2Mu/Central/bjets/1/pt in Skim_TriLep_DYJets10to50.root
2026-01-07 18:37:03,054 - INFO - [2016preVFP] MISSING_CENTRAL: SR1E2Mu/Central/bjets/1/pt in Skim_TriLep_DYJets10to50.root
2026-01-07 19:26:36,547 - INFO - [2016preVFP] MISSING_CENTRAL: SR1E2Mu/Central/bjets/1/pt in Skim_TriLep_DYJets10to50.root
2026-01-09 12:10:09,042 - INFO - [2016preVFP] MISSING_CENTRAL: SR1E2Mu/Central/bjets/1/pt in Skim_TriLep_DYJets10to50.root
2026-01-11 09:30:13,443 - INFO - [2016preVFP] MISSING_CENTRAL: SR1E2Mu/Central/bjets/1/pt in Skim_TriLep_DYJets10to50.root
2026-01-12 13:38:44,145 - INFO - [2016preVFP] MISSING_FILE: /home/choij/Sync/workspace/ChargedHiggsAnalysisV3/SKNanoOutput/MatrixSelector/Run1E2Mu/2016preVFP/Skim_TriLep_MuonEG_B.root
2026-01-12 13:38:44,146 - INFO - [2016preVFP] MISSING_FILE: /home/choij/Sync/workspace/ChargedHiggsAnalysisV3/SKNanoOutput/MatrixSelector/Run1E2Mu/2016preVFP/Skim_TriLep_MuonEG_C.root
2026-01-12 13:38:44,146 - INFO - [2016preVFP] MISSING_FILE: /home/choij/Sync/workspace/ChargedHiggsAnalysisV3/SKNanoOutput/MatrixSelector/Run1E2Mu/2016preVFP/Skim_TriLep_MuonEG_D.root
2026-01-12 13:38:44,146 - INFO - [2016preVFP] MISSING_FILE: /home/choij/Sync/workspace/ChargedHiggsAnalysisV3/SKNanoOutput/MatrixSelector/Run1E2Mu/2016preVFP/Skim_TriLep_MuonEG_E.root
2026-01-12 13:38:44,146 - INFO - [2016preVFP] MISSING_FILE: /home/choij/Sync/workspace/ChargedHiggsAnalysisV3/SKNanoOutput/MatrixSelector/Run1E2Mu/2016preVFP/Skim_TriLep_MuonEG_F.root
2026-01-12 13:38:44,175 - INFO - [2016preVFP] MISSING_CENTRAL: SR1E2Mu/Central/bjets/1/pt in Skim_TriLep_DYJets10to50.root
2026-01-16 18:54:12,475 - INFO - [2016preVFP] MISSING_CENTRAL: SR1E2Mu/Central/bjets/1/pt in Skim_TriLep_DYJets10to50.root
2026-01-28 16:04:49,906 - INFO - [2016preVFP] MISSING_CENTRAL: SR1E2Mu/Central/bjets/1/pt in Skim_TriLep_DYJets10to50.root
