2025-09-24 15:41:35,973 - INFO - [2016preVFP] MISSING_CENTRAL: SR1E2Mu/Central/bjets/2/charge in Skim_TriLep_DYJets10to50.root
2025-09-24 15:41:35,988 - INFO - [2016preVFP] MISSING_CENTRAL: SR1E2Mu/Central/bjets/2/charge in Skim_TriLep_WWG.root
2025-10-02 21:09:24,576 - INFO - [2016preVFP] MISSING_CENTRAL: SR1E2Mu/Central/bjets/2/charge in Skim_TriLep_DYJets10to50.root
2025-10-02 21:09:24,683 - INFO - [2016preVFP] MISSING_CENTRAL: SR1E2Mu/Central/bjets/2/charge in Skim_TriLep_WWG.root
2025-10-02 23:54:58,229 - INFO - [2016preVFP] MISSING_CENTRAL: SR1E2Mu/Central/bjets/2/charge in Skim_TriLep_DYJets10to50.root
2025-10-02 23:54:58,250 - INFO - [2016preVFP] MISSING_CENTRAL: SR1E2Mu/Central/bjets/2/charge in Skim_TriLep_WWG.root
2025-11-05 20:28:21,464 - INFO - [2016preVFP] MISSING_CENTRAL: SR1E2Mu/Central/bjets/2/charge in Skim_TriLep_DYJets.root
2025-11-05 20:28:21,464 - INFO - [2016preVFP] MISSING_CENTRAL: SR1E2Mu/Central/bjets/2/charge in Skim_TriLep_DYJets10to50.root
2025-11-05 20:28:21,488 - INFO - [2016preVFP] MISSING_CENTRAL: SR1E2Mu/Central/bjets/2/charge in Skim_TriLep_WWG.root
2025-11-05 21:32:36,383 - INFO - [2016preVFP] MISSING_CENTRAL: SR1E2Mu/Central/bjets/2/charge in Skim_TriLep_DYJets.root
2025-11-05 21:32:36,387 - INFO - [2016preVFP] MISSING_CENTRAL: SR1E2Mu/Central/bjets/2/charge in Skim_TriLep_DYJets10to50.root
2025-11-05 21:32:36,414 - INFO - [2016preVFP] MISSING_CENTRAL: SR1E2Mu/Central/bjets/2/charge in Skim_TriLep_WWG.root
2025-11-05 21:36:32,875 - INFO - [2016preVFP] MISSING_CENTRAL: SR1E2Mu/Central/bjets/2/charge in Skim_TriLep_DYJets.root
2025-11-05 21:36:32,875 - INFO - [2016preVFP] MISSING_CENTRAL: SR1E2Mu/Central/bjets/2/charge in Skim_TriLep_DYJets10to50.root
2025-11-05 21:36:32,904 - INFO - [2016preVFP] MISSING_CENTRAL: SR1E2Mu/Central/bjets/2/charge in Skim_TriLep_WWG.root
2025-11-05 21:37:36,989 - INFO - [2016preVFP] MISSING_CENTRAL: SR1E2Mu/Central/bjets/2/charge in Skim_TriLep_DYJets.root
2025-11-05 21:37:36,989 - INFO - [2016preVFP] MISSING_CENTRAL: SR1E2Mu/Central/bjets/2/charge in Skim_TriLep_DYJets10to50.root
2025-11-05 21:37:37,064 - INFO - [2016preVFP] MISSING_CENTRAL: SR1E2Mu/Central/bjets/2/charge in Skim_TriLep_WWG.root
2025-11-05 21:59:40,360 - INFO - [2016preVFP] MISSING_CENTRAL: SR1E2Mu/Central/bjets/2/charge in Skim_TriLep_DYJets.root
2025-11-05 21:59:40,365 - INFO - [2016preVFP] MISSING_CENTRAL: SR1E2Mu/Central/bjets/2/charge in Skim_TriLep_DYJets10to50.root
2025-11-05 21:59:40,427 - INFO - [2016preVFP] MISSING_CENTRAL: SR1E2Mu/Central/bjets/2/charge in Skim_TriLep_WWG.root
2025-11-05 22:15:22,603 - INFO - [2016preVFP] MISSING_CENTRAL: SR1E2Mu/Central/bjets/2/charge in Skim_TriLep_DYJets.root
2025-11-05 22:15:22,604 - INFO - [2016preVFP] MISSING_CENTRAL: SR1E2Mu/Central/bjets/2/charge in Skim_TriLep_DYJets10to50.root
2025-11-05 22:15:22,627 - INFO - [2016preVFP] MISSING_CENTRAL: SR1E2Mu/Central/bjets/2/charge in Skim_TriLep_WWG.root
2025-11-05 23:20:00,432 - INFO - [2016preVFP] MISSING_CENTRAL: SR1E2Mu/Central/bjets/2/charge in Skim_TriLep_DYJets.root
2025-11-05 23:20:00,437 - INFO - [2016preVFP] MISSING_CENTRAL: SR1E2Mu/Central/bjets/2/charge in Skim_TriLep_DYJets10to50.root
2025-11-05 23:20:00,468 - INFO - [2016preVFP] MISSING_CENTRAL: SR1E2Mu/Central/bjets/2/charge in Skim_TriLep_WWG.root
2025-11-07 12:23:15,296 - INFO - [2016preVFP] MISSING_CENTRAL: SR1E2Mu/Central/bjets/2/charge in Skim_TriLep_DYJets.root
2025-11-07 12:23:15,297 - INFO - [2016preVFP] MISSING_CENTRAL: SR1E2Mu/Central/bjets/2/charge in Skim_TriLep_DYJets10to50.root
2025-11-07 12:23:15,343 - INFO - [2016preVFP] MISSING_CENTRAL: SR1E2Mu/Central/bjets/2/charge in Skim_TriLep_WWG.root
2025-11-07 13:03:18,824 - INFO - [2016preVFP] MISSING_CENTRAL: SR1E2Mu/Central/bjets/2/charge in Skim_TriLep_DYJets.root
2025-11-07 13:03:18,824 - INFO - [2016preVFP] MISSING_CENTRAL: SR1E2Mu/Central/bjets/2/charge in Skim_TriLep_DYJets10to50.root
2025-11-07 13:03:18,852 - INFO - [2016preVFP] MISSING_CENTRAL: SR1E2Mu/Central/bjets/2/charge in Skim_TriLep_WWG.root
2025-11-07 13:25:02,456 - INFO - [2016preVFP] MISSING_CENTRAL: SR1E2Mu/Central/bjets/2/charge in Skim_TriLep_DYJets.root
2025-11-07 13:25:02,457 - INFO - [2016preVFP] MISSING_CENTRAL: SR1E2Mu/Central/bjets/2/charge in Skim_TriLep_DYJets10to50.root
2025-11-07 13:25:02,482 - INFO - [2016preVFP] MISSING_CENTRAL: SR1E2Mu/Central/bjets/2/charge in Skim_TriLep_WWG.root
2025-11-07 13:27:30,746 - INFO - [2016preVFP] MISSING_CENTRAL: SR1E2Mu/Central/bjets/2/charge in Skim_TriLep_DYJets.root
2025-11-07 13:27:30,749 - INFO - [2016preVFP] MISSING_CENTRAL: SR1E2Mu/Central/bjets/2/charge in Skim_TriLep_DYJets10to50.root
2025-11-07 13:27:30,818 - INFO - [2016preVFP] MISSING_CENTRAL: SR1E2Mu/Central/bjets/2/charge in Skim_TriLep_WWG.root
2025-11-07 13:43:53,775 - INFO - [2016preVFP] MISSING_CENTRAL: SR1E2Mu/Central/bjets/2/charge in Skim_TriLep_DYJets.root
2025-11-07 13:43:53,775 - INFO - [2016preVFP] MISSING_CENTRAL: SR1E2Mu/Central/bjets/2/charge in Skim_TriLep_DYJets10to50.root
2025-11-07 13:43:53,799 - INFO - [2016preVFP] MISSING_CENTRAL: SR1E2Mu/Central/bjets/2/charge in Skim_TriLep_WWG.root
2025-11-07 13:51:50,741 - INFO - [2016preVFP] MISSING_CENTRAL: SR1E2Mu/Central/bjets/2/charge in Skim_TriLep_DYJets.root
2025-11-07 13:51:50,742 - INFO - [2016preVFP] MISSING_CENTRAL: SR1E2Mu/Central/bjets/2/charge in Skim_TriLep_DYJets10to50.root
2025-11-07 13:51:50,807 - INFO - [2016preVFP] MISSING_CENTRAL: SR1E2Mu/Central/bjets/2/charge in Skim_TriLep_WWG.root
2025-11-07 13:57:48,137 - INFO - [2016preVFP] MISSING_CENTRAL: SR1E2Mu/Central/bjets/2/charge in Skim_TriLep_DYJets.root
2025-11-07 13:57:48,137 - INFO - [2016preVFP] MISSING_CENTRAL: SR1E2Mu/Central/bjets/2/charge in Skim_TriLep_DYJets10to50.root
2025-11-07 13:57:48,193 - INFO - [2016preVFP] MISSING_CENTRAL: SR1E2Mu/Central/bjets/2/charge in Skim_TriLep_WWG.root
2025-11-07 14:00:16,315 - INFO - [2016preVFP] MISSING_CENTRAL: SR1E2Mu/Central/bjets/2/charge in Skim_TriLep_DYJets.root
2025-11-07 14:00:16,318 - INFO - [2016preVFP] MISSING_CENTRAL: SR1E2Mu/Central/bjets/2/charge in Skim_TriLep_DYJets10to50.root
2025-11-07 14:00:16,371 - INFO - [2016preVFP] MISSING_CENTRAL: SR1E2Mu/Central/bjets/2/charge in Skim_TriLep_WWG.root
2025-11-10 05:50:09,520 - INFO - [2016preVFP] MISSING_CENTRAL: SR1E2Mu/Central/bjets/2/charge in Skim_TriLep_DYJets.root
2025-11-10 05:50:09,521 - INFO - [2016preVFP] MISSING_CENTRAL: SR1E2Mu/Central/bjets/2/charge in Skim_TriLep_DYJets10to50.root
2025-11-10 05:50:09,544 - INFO - [2016preVFP] MISSING_CENTRAL: SR1E2Mu/Central/bjets/2/charge in Skim_TriLep_WWG.root
2025-11-10 12:15:16,496 - INFO - [2016preVFP] MISSING_CENTRAL: SR1E2Mu/Central/bjets/2/charge in Skim_TriLep_DYJets.root
2025-11-10 12:15:16,501 - INFO - [2016preVFP] MISSING_CENTRAL: SR1E2Mu/Central/bjets/2/charge in Skim_TriLep_DYJets10to50.root
2025-11-10 12:15:16,549 - INFO - [2016preVFP] MISSING_CENTRAL: SR1E2Mu/Central/bjets/2/charge in Skim_TriLep_WWG.root
2025-11-13 11:03:48,311 - INFO - [2016preVFP] MISSING_CENTRAL: SR1E2Mu/Central/bjets/2/charge in Skim_TriLep_MuonEG_B.root
2025-11-13 11:03:48,312 - INFO - [2016preVFP] MISSING_CENTRAL: SR1E2Mu/Central/bjets/2/charge in Skim_TriLep_MuonEG_C.root
2025-11-13 11:03:48,313 - INFO - [2016preVFP] MISSING_CENTRAL: SR1E2Mu/Central/bjets/2/charge in Skim_TriLep_MuonEG_D.root
2025-11-13 11:03:48,314 - INFO - [2016preVFP] MISSING_CENTRAL: SR1E2Mu/Central/bjets/2/charge in Skim_TriLep_MuonEG_E.root
2025-11-13 11:03:48,315 - INFO - [2016preVFP] MISSING_CENTRAL: SR1E2Mu/Central/bjets/2/charge in Skim_TriLep_MuonEG_F.root
2025-11-19 16:17:35,116 - INFO - [2016preVFP] MISSING_CENTRAL: SR1E2Mu/Central/bjets/2/charge in Skim_TriLep_MuonEG_B.root
2025-11-19 16:17:35,117 - INFO - [2016preVFP] MISSING_CENTRAL: SR1E2Mu/Central/bjets/2/charge in Skim_TriLep_MuonEG_C.root
2025-11-19 16:17:35,118 - INFO - [2016preVFP] MISSING_CENTRAL: SR1E2Mu/Central/bjets/2/charge in Skim_TriLep_MuonEG_D.root
2025-11-19 16:17:35,118 - INFO - [2016preVFP] MISSING_CENTRAL: SR1E2Mu/Central/bjets/2/charge in Skim_TriLep_MuonEG_E.root
2025-11-19 16:17:35,119 - INFO - [2016preVFP] MISSING_CENTRAL: SR1E2Mu/Central/bjets/2/charge in Skim_TriLep_MuonEG_F.root
2025-12-17 22:31:01,291 - INFO - [2016preVFP] MISSING_CENTRAL: SR1E2Mu/Central/bjets/2/charge in Skim_TriLep_MuonEG_B.root
2025-12-17 22:31:01,297 - INFO - [2016preVFP] MISSING_CENTRAL: SR1E2Mu/Central/bjets/2/charge in Skim_TriLep_MuonEG_C.root
2025-12-17 22:31:01,304 - INFO - [2016preVFP] MISSING_CENTRAL: SR1E2Mu/Central/bjets/2/charge in Skim_TriLep_MuonEG_D.root
2025-12-17 22:31:01,306 - INFO - [2016preVFP] MISSING_CENTRAL: SR1E2Mu/Central/bjets/2/charge in Skim_TriLep_MuonEG_E.root
2025-12-17 22:31:01,309 - INFO - [2016preVFP] MISSING_CENTRAL: SR1E2Mu/Central/bjets/2/charge in Skim_TriLep_MuonEG_F.root
2025-12-18 14:09:46,236 - INFO - [2016preVFP] MISSING_CENTRAL: SR1E2Mu/Central/bjets/2/charge in Skim_TriLep_MuonEG_B.root
2025-12-18 14:09:46,237 - INFO - [2016preVFP] MISSING_CENTRAL: SR1E2Mu/Central/bjets/2/charge in Skim_TriLep_MuonEG_C.root
2025-12-18 14:09:46,251 - INFO - [2016preVFP] MISSING_CENTRAL: SR1E2Mu/Central/bjets/2/charge in Skim_TriLep_MuonEG_D.root
2025-12-18 14:09:46,253 - INFO - [2016preVFP] MISSING_CENTRAL: SR1E2Mu/Central/bjets/2/charge in Skim_TriLep_MuonEG_E.root
2025-12-18 14:09:46,254 - INFO - [2016preVFP] MISSING_CENTRAL: SR1E2Mu/Central/bjets/2/charge in Skim_TriLep_MuonEG_F.root
2025-12-18 14:13:50,487 - INFO - [2016preVFP] MISSING_CENTRAL: SR1E2Mu/Central/bjets/2/charge in Skim_TriLep_MuonEG_B.root
2025-12-18 14:13:50,493 - INFO - [2016preVFP] MISSING_CENTRAL: SR1E2Mu/Central/bjets/2/charge in Skim_TriLep_MuonEG_C.root
2025-12-18 14:13:50,510 - INFO - [2016preVFP] MISSING_CENTRAL: SR1E2Mu/Central/bjets/2/charge in Skim_TriLep_MuonEG_D.root
2025-12-18 14:13:50,515 - INFO - [2016preVFP] MISSING_CENTRAL: SR1E2Mu/Central/bjets/2/charge in Skim_TriLep_MuonEG_E.root
2025-12-18 14:13:50,516 - INFO - [2016preVFP] MISSING_CENTRAL: SR1E2Mu/Central/bjets/2/charge in Skim_TriLep_MuonEG_F.root
2025-12-18 14:29:21,784 - INFO - [2016preVFP] MISSING_CENTRAL: SR1E2Mu/Central/bjets/2/charge in Skim_TriLep_MuonEG_B.root
2025-12-18 14:29:21,786 - INFO - [2016preVFP] MISSING_CENTRAL: SR1E2Mu/Central/bjets/2/charge in Skim_TriLep_MuonEG_C.root
2025-12-18 14:29:21,813 - INFO - [2016preVFP] MISSING_CENTRAL: SR1E2Mu/Central/bjets/2/charge in Skim_TriLep_MuonEG_D.root
2025-12-18 14:29:21,815 - INFO - [2016preVFP] MISSING_CENTRAL: SR1E2Mu/Central/bjets/2/charge in Skim_TriLep_MuonEG_E.root
2025-12-18 14:29:21,816 - INFO - [2016preVFP] MISSING_CENTRAL: SR1E2Mu/Central/bjets/2/charge in Skim_TriLep_MuonEG_F.root
2026-01-07 11:39:38,779 - INFO - [2016preVFP] MISSING_CENTRAL: SR1E2Mu/Central/bjets/2/charge in Skim_TriLep_MuonEG_B.root
2026-01-07 11:39:38,780 - INFO - [2016preVFP] MISSING_CENTRAL: SR1E2Mu/Central/bjets/2/charge in Skim_TriLep_MuonEG_C.root
2026-01-07 11:39:38,786 - INFO - [2016preVFP] MISSING_CENTRAL: SR1E2Mu/Central/bjets/2/charge in Skim_TriLep_MuonEG_D.root
2026-01-07 11:39:38,787 - INFO - [2016preVFP] MISSING_CENTRAL: SR1E2Mu/Central/bjets/2/charge in Skim_TriLep_MuonEG_E.root
2026-01-07 11:39:38,789 - INFO - [2016preVFP] MISSING_CENTRAL: SR1E2Mu/Central/bjets/2/charge in Skim_TriLep_MuonEG_F.root
2026-01-07 18:37:02,944 - INFO - [2016preVFP] MISSING_CENTRAL: SR1E2Mu/Central/bjets/2/charge in Skim_TriLep_MuonEG_B.root
2026-01-07 18:37:02,946 - INFO - [2016preVFP] MISSING_CENTRAL: SR1E2Mu/Central/bjets/2/charge in Skim_TriLep_MuonEG_C.root
2026-01-07 18:37:02,948 - INFO - [2016preVFP] MISSING_CENTRAL: SR1E2Mu/Central/bjets/2/charge in Skim_TriLep_MuonEG_D.root
2026-01-07 18:37:02,951 - INFO - [2016preVFP] MISSING_CENTRAL: SR1E2Mu/Central/bjets/2/charge in Skim_TriLep_MuonEG_E.root
2026-01-07 18:37:02,952 - INFO - [2016preVFP] MISSING_CENTRAL: SR1E2Mu/Central/bjets/2/charge in Skim_TriLep_MuonEG_F.root
2026-01-07 19:26:36,538 - INFO - [2016preVFP] MISSING_CENTRAL: SR1E2Mu/Central/bjets/2/charge in Skim_TriLep_MuonEG_B.root
2026-01-07 19:26:36,540 - INFO - [2016preVFP] MISSING_CENTRAL: SR1E2Mu/Central/bjets/2/charge in Skim_TriLep_MuonEG_C.root
2026-01-07 19:26:36,541 - INFO - [2016preVFP] MISSING_CENTRAL: SR1E2Mu/Central/bjets/2/charge in Skim_TriLep_MuonEG_D.root
2026-01-07 19:26:36,544 - INFO - [2016preVFP] MISSING_CENTRAL: SR1E2Mu/Central/bjets/2/charge in Skim_TriLep_MuonEG_E.root
2026-01-07 19:26:36,545 - INFO - [2016preVFP] MISSING_CENTRAL: SR1E2Mu/Central/bjets/2/charge in Skim_TriLep_MuonEG_F.root
2026-01-09 12:10:10,961 - INFO - [2016preVFP] MISSING_CENTRAL: SR1E2Mu/Central/bjets/2/charge in Skim_TriLep_MuonEG_B.root
2026-01-09 12:10:10,962 - INFO - [2016preVFP] MISSING_CENTRAL: SR1E2Mu/Central/bjets/2/charge in Skim_TriLep_MuonEG_C.root
2026-01-09 12:10:10,963 - INFO - [2016preVFP] MISSING_CENTRAL: SR1E2Mu/Central/bjets/2/charge in Skim_TriLep_MuonEG_D.root
2026-01-09 12:10:10,964 - INFO - [2016preVFP] MISSING_CENTRAL: SR1E2Mu/Central/bjets/2/charge in Skim_TriLep_MuonEG_E.root
2026-01-09 12:10:10,964 - INFO - [2016preVFP] MISSING_CENTRAL: SR1E2Mu/Central/bjets/2/charge in Skim_TriLep_MuonEG_F.root
2026-01-11 09:30:15,510 - INFO - [2016preVFP] MISSING_CENTRAL: SR1E2Mu/Central/bjets/2/charge in Skim_TriLep_MuonEG_B.root
2026-01-11 09:30:15,511 - INFO - [2016preVFP] MISSING_CENTRAL: SR1E2Mu/Central/bjets/2/charge in Skim_TriLep_MuonEG_C.root
2026-01-11 09:30:15,514 - INFO - [2016preVFP] MISSING_CENTRAL: SR1E2Mu/Central/bjets/2/charge in Skim_TriLep_MuonEG_D.root
2026-01-11 09:30:15,516 - INFO - [2016preVFP] MISSING_CENTRAL: SR1E2Mu/Central/bjets/2/charge in Skim_TriLep_MuonEG_E.root
2026-01-11 09:30:15,517 - INFO - [2016preVFP] MISSING_CENTRAL: SR1E2Mu/Central/bjets/2/charge in Skim_TriLep_MuonEG_F.root
2026-01-12 13:38:46,115 - INFO - [2016preVFP] MISSING_CENTRAL: SR1E2Mu/Central/bjets/2/charge in Skim_TriLep_MuonEG_B.root
2026-01-12 13:38:46,116 - INFO - [2016preVFP] MISSING_CENTRAL: SR1E2Mu/Central/bjets/2/charge in Skim_TriLep_MuonEG_C.root
2026-01-12 13:38:46,117 - INFO - [2016preVFP] MISSING_CENTRAL: SR1E2Mu/Central/bjets/2/charge in Skim_TriLep_MuonEG_D.root
2026-01-12 13:38:46,118 - INFO - [2016preVFP] MISSING_CENTRAL: SR1E2Mu/Central/bjets/2/charge in Skim_TriLep_MuonEG_E.root
2026-01-12 13:38:46,119 - INFO - [2016preVFP] MISSING_CENTRAL: SR1E2Mu/Central/bjets/2/charge in Skim_TriLep_MuonEG_F.root
