2025-09-24 15:41:31,989 - INFO - [2016preVFP] MISSING_CENTRAL: SR1E2Mu/Central/jets/4/py in Skim_TriLep_MuonEG_E.root
2025-09-24 15:41:32,012 - INFO - [2016preVFP] MISSING_CENTRAL: SR1E2Mu/Central/jets/4/py in Skim_TriLep_DYJets.root
2025-09-24 15:41:32,012 - INFO - [2016preVFP] MISSING_CENTRAL: SR1E2Mu/Central/jets/4/py in Skim_TriLep_DYJets10to50.root
2025-09-24 15:41:32,041 - INFO - [2016preVFP] MISSING_CENTRAL: SR1E2Mu/Central/jets/4/py in Skim_TriLep_WWG.root
2025-10-02 21:09:23,147 - INFO - [2016preVFP] MISSING_CENTRAL: SR1E2Mu/Central/jets/4/py in Skim_TriLep_MuonEG_E.root
2025-10-02 21:09:23,218 - INFO - [2016preVFP] MISSING_CENTRAL: SR1E2Mu/Central/jets/4/py in Skim_TriLep_DYJets.root
2025-10-02 21:09:23,219 - INFO - [2016preVFP] MISSING_CENTRAL: SR1E2Mu/Central/jets/4/py in Skim_TriLep_DYJets10to50.root
2025-10-02 21:09:23,302 - INFO - [2016preVFP] MISSING_CENTRAL: SR1E2Mu/Central/jets/4/py in Skim_TriLep_WWG.root
2025-10-02 23:54:54,633 - INFO - [2016preVFP] MISSING_CENTRAL: SR1E2Mu/Central/jets/4/py in Skim_TriLep_MuonEG_E.root
2025-10-02 23:54:54,836 - INFO - [2016preVFP] MISSING_CENTRAL: SR1E2Mu/Central/jets/4/py in Skim_TriLep_DYJets.root
2025-10-02 23:54:54,837 - INFO - [2016preVFP] MISSING_CENTRAL: SR1E2Mu/Central/jets/4/py in Skim_TriLep_DYJets10to50.root
2025-10-02 23:54:54,904 - INFO - [2016preVFP] MISSING_CENTRAL: SR1E2Mu/Central/jets/4/py in Skim_TriLep_WWG.root
2025-11-05 20:28:18,287 - INFO - [2016preVFP] MISSING_CENTRAL: SR1E2Mu/Central/jets/4/py in Skim_TriLep_MuonEG_E.root
2025-11-05 20:28:18,371 - INFO - [2016preVFP] MISSING_CENTRAL: SR1E2Mu/Central/jets/4/py in Skim_TriLep_DYJets.root
2025-11-05 20:28:18,372 - INFO - [2016preVFP] MISSING_CENTRAL: SR1E2Mu/Central/jets/4/py in Skim_TriLep_DYJets10to50.root
2025-11-05 20:28:18,411 - INFO - [2016preVFP] MISSING_CENTRAL: SR1E2Mu/Central/jets/4/py in Skim_TriLep_WWG.root
2025-11-05 21:32:33,427 - INFO - [2016preVFP] MISSING_CENTRAL: SR1E2Mu/Central/jets/4/py in Skim_TriLep_MuonEG_E.root
2025-11-05 21:32:33,475 - INFO - [2016preVFP] MISSING_CENTRAL: SR1E2Mu/Central/jets/4/py in Skim_TriLep_DYJets.root
2025-11-05 21:32:33,475 - INFO - [2016preVFP] MISSING_CENTRAL: SR1E2Mu/Central/jets/4/py in Skim_TriLep_DYJets10to50.root
2025-11-05 21:32:33,541 - INFO - [2016preVFP] MISSING_CENTRAL: SR1E2Mu/Central/jets/4/py in Skim_TriLep_WWG.root
2025-11-05 21:36:30,031 - INFO - [2016preVFP] MISSING_CENTRAL: SR1E2Mu/Central/jets/4/py in Skim_TriLep_MuonEG_E.root
2025-11-05 21:36:30,076 - INFO - [2016preVFP] MISSING_CENTRAL: SR1E2Mu/Central/jets/4/py in Skim_TriLep_DYJets.root
2025-11-05 21:36:30,077 - INFO - [2016preVFP] MISSING_CENTRAL: SR1E2Mu/Central/jets/4/py in Skim_TriLep_DYJets10to50.root
2025-11-05 21:36:30,112 - INFO - [2016preVFP] MISSING_CENTRAL: SR1E2Mu/Central/jets/4/py in Skim_TriLep_WWG.root
2025-11-05 21:37:34,047 - INFO - [2016preVFP] MISSING_CENTRAL: SR1E2Mu/Central/jets/4/py in Skim_TriLep_MuonEG_E.root
2025-11-05 21:37:34,094 - INFO - [2016preVFP] MISSING_CENTRAL: SR1E2Mu/Central/jets/4/py in Skim_TriLep_DYJets.root
2025-11-05 21:37:34,095 - INFO - [2016preVFP] MISSING_CENTRAL: SR1E2Mu/Central/jets/4/py in Skim_TriLep_DYJets10to50.root
2025-11-05 21:37:34,136 - INFO - [2016preVFP] MISSING_CENTRAL: SR1E2Mu/Central/jets/4/py in Skim_TriLep_WWG.root
2025-11-05 21:59:37,585 - INFO - [2016preVFP] MISSING_CENTRAL: SR1E2Mu/Central/jets/4/py in Skim_TriLep_MuonEG_E.root
2025-11-05 21:59:37,633 - INFO - [2016preVFP] MISSING_CENTRAL: SR1E2Mu/Central/jets/4/py in Skim_TriLep_DYJets.root
2025-11-05 21:59:37,634 - INFO - [2016preVFP] MISSING_CENTRAL: SR1E2Mu/Central/jets/4/py in Skim_TriLep_DYJets10to50.root
2025-11-05 21:59:37,674 - INFO - [2016preVFP] MISSING_CENTRAL: SR1E2Mu/Central/jets/4/py in Skim_TriLep_WWG.root
2025-11-05 22:15:20,037 - INFO - [2016preVFP] MISSING_CENTRAL: SR1E2Mu/Central/jets/4/py in Skim_TriLep_MuonEG_E.root
2025-11-05 22:15:20,086 - INFO - [2016preVFP] MISSING_CENTRAL: SR1E2Mu/Central/jets/4/py in Skim_TriLep_DYJets.root
2025-11-05 22:15:20,086 - INFO - [2016preVFP] MISSING_CENTRAL: SR1E2Mu/Central/jets/4/py in Skim_TriLep_DYJets10to50.root
2025-11-05 22:15:20,122 - INFO - [2016preVFP] MISSING_CENTRAL: SR1E2Mu/Central/jets/4/py in Skim_TriLep_WWG.root
2025-11-05 23:19:57,978 - INFO - [2016preVFP] MISSING_CENTRAL: SR1E2Mu/Central/jets/4/py in Skim_TriLep_MuonEG_E.root
2025-11-05 23:19:58,025 - INFO - [2016preVFP] MISSING_CENTRAL: SR1E2Mu/Central/jets/4/py in Skim_TriLep_DYJets.root
2025-11-05 23:19:58,026 - INFO - [2016preVFP] MISSING_CENTRAL: SR1E2Mu/Central/jets/4/py in Skim_TriLep_DYJets10to50.root
2025-11-05 23:19:58,064 - INFO - [2016preVFP] MISSING_CENTRAL: SR1E2Mu/Central/jets/4/py in Skim_TriLep_WWG.root
2025-11-07 12:23:13,049 - INFO - [2016preVFP] MISSING_CENTRAL: SR1E2Mu/Central/jets/4/py in Skim_TriLep_MuonEG_E.root
2025-11-07 12:23:13,096 - INFO - [2016preVFP] MISSING_CENTRAL: SR1E2Mu/Central/jets/4/py in Skim_TriLep_DYJets.root
2025-11-07 12:23:13,097 - INFO - [2016preVFP] MISSING_CENTRAL: SR1E2Mu/Central/jets/4/py in Skim_TriLep_DYJets10to50.root
2025-11-07 12:23:13,134 - INFO - [2016preVFP] MISSING_CENTRAL: SR1E2Mu/Central/jets/4/py in Skim_TriLep_WWG.root
2025-11-07 13:03:16,180 - INFO - [2016preVFP] MISSING_CENTRAL: SR1E2Mu/Central/jets/4/py in Skim_TriLep_MuonEG_E.root
2025-11-07 13:03:16,254 - INFO - [2016preVFP] MISSING_CENTRAL: SR1E2Mu/Central/jets/4/py in Skim_TriLep_DYJets.root
2025-11-07 13:03:16,254 - INFO - [2016preVFP] MISSING_CENTRAL: SR1E2Mu/Central/jets/4/py in Skim_TriLep_DYJets10to50.root
2025-11-07 13:03:16,289 - INFO - [2016preVFP] MISSING_CENTRAL: SR1E2Mu/Central/jets/4/py in Skim_TriLep_WWG.root
2025-11-07 13:24:59,820 - INFO - [2016preVFP] MISSING_CENTRAL: SR1E2Mu/Central/jets/4/py in Skim_TriLep_MuonEG_E.root
2025-11-07 13:24:59,862 - INFO - [2016preVFP] MISSING_CENTRAL: SR1E2Mu/Central/jets/4/py in Skim_TriLep_DYJets.root
2025-11-07 13:24:59,863 - INFO - [2016preVFP] MISSING_CENTRAL: SR1E2Mu/Central/jets/4/py in Skim_TriLep_DYJets10to50.root
2025-11-07 13:24:59,900 - INFO - [2016preVFP] MISSING_CENTRAL: SR1E2Mu/Central/jets/4/py in Skim_TriLep_WWG.root
2025-11-07 13:27:27,797 - INFO - [2016preVFP] MISSING_CENTRAL: SR1E2Mu/Central/jets/4/py in Skim_TriLep_MuonEG_E.root
2025-11-07 13:27:27,836 - INFO - [2016preVFP] MISSING_CENTRAL: SR1E2Mu/Central/jets/4/py in Skim_TriLep_DYJets.root
2025-11-07 13:27:27,837 - INFO - [2016preVFP] MISSING_CENTRAL: SR1E2Mu/Central/jets/4/py in Skim_TriLep_DYJets10to50.root
2025-11-07 13:27:27,869 - INFO - [2016preVFP] MISSING_CENTRAL: SR1E2Mu/Central/jets/4/py in Skim_TriLep_WWG.root
2025-11-07 13:43:50,900 - INFO - [2016preVFP] MISSING_CENTRAL: SR1E2Mu/Central/jets/4/py in Skim_TriLep_MuonEG_E.root
2025-11-07 13:43:50,945 - INFO - [2016preVFP] MISSING_CENTRAL: SR1E2Mu/Central/jets/4/py in Skim_TriLep_DYJets.root
2025-11-07 13:43:50,946 - INFO - [2016preVFP] MISSING_CENTRAL: SR1E2Mu/Central/jets/4/py in Skim_TriLep_DYJets10to50.root
2025-11-07 13:43:50,998 - INFO - [2016preVFP] MISSING_CENTRAL: SR1E2Mu/Central/jets/4/py in Skim_TriLep_WWG.root
2025-11-07 13:51:47,988 - INFO - [2016preVFP] MISSING_CENTRAL: SR1E2Mu/Central/jets/4/py in Skim_TriLep_MuonEG_E.root
2025-11-07 13:51:48,034 - INFO - [2016preVFP] MISSING_CENTRAL: SR1E2Mu/Central/jets/4/py in Skim_TriLep_DYJets.root
2025-11-07 13:51:48,034 - INFO - [2016preVFP] MISSING_CENTRAL: SR1E2Mu/Central/jets/4/py in Skim_TriLep_DYJets10to50.root
2025-11-07 13:51:48,070 - INFO - [2016preVFP] MISSING_CENTRAL: SR1E2Mu/Central/jets/4/py in Skim_TriLep_WWG.root
2025-11-07 13:57:45,397 - INFO - [2016preVFP] MISSING_CENTRAL: SR1E2Mu/Central/jets/4/py in Skim_TriLep_MuonEG_E.root
2025-11-07 13:57:45,441 - INFO - [2016preVFP] MISSING_CENTRAL: SR1E2Mu/Central/jets/4/py in Skim_TriLep_DYJets.root
2025-11-07 13:57:45,441 - INFO - [2016preVFP] MISSING_CENTRAL: SR1E2Mu/Central/jets/4/py in Skim_TriLep_DYJets10to50.root
2025-11-07 13:57:45,476 - INFO - [2016preVFP] MISSING_CENTRAL: SR1E2Mu/Central/jets/4/py in Skim_TriLep_WWG.root
2025-11-07 14:00:13,527 - INFO - [2016preVFP] MISSING_CENTRAL: SR1E2Mu/Central/jets/4/py in Skim_TriLep_MuonEG_E.root
2025-11-07 14:00:13,586 - INFO - [2016preVFP] MISSING_CENTRAL: SR1E2Mu/Central/jets/4/py in Skim_TriLep_DYJets.root
2025-11-07 14:00:13,586 - INFO - [2016preVFP] MISSING_CENTRAL: SR1E2Mu/Central/jets/4/py in Skim_TriLep_DYJets10to50.root
2025-11-07 14:00:13,625 - INFO - [2016preVFP] MISSING_CENTRAL: SR1E2Mu/Central/jets/4/py in Skim_TriLep_WWG.root
2025-11-10 05:50:06,551 - INFO - [2016preVFP] MISSING_CENTRAL: SR1E2Mu/Central/jets/4/py in Skim_TriLep_MuonEG_E.root
2025-11-10 05:50:06,667 - INFO - [2016preVFP] MISSING_CENTRAL: SR1E2Mu/Central/jets/4/py in Skim_TriLep_DYJets.root
2025-11-10 05:50:06,668 - INFO - [2016preVFP] MISSING_CENTRAL: SR1E2Mu/Central/jets/4/py in Skim_TriLep_DYJets10to50.root
2025-11-10 05:50:06,703 - INFO - [2016preVFP] MISSING_CENTRAL: SR1E2Mu/Central/jets/4/py in Skim_TriLep_WWG.root
2025-11-10 12:15:14,034 - INFO - [2016preVFP] MISSING_CENTRAL: SR1E2Mu/Central/jets/4/py in Skim_TriLep_MuonEG_E.root
2025-11-10 12:15:14,079 - INFO - [2016preVFP] MISSING_CENTRAL: SR1E2Mu/Central/jets/4/py in Skim_TriLep_DYJets.root
2025-11-10 12:15:14,080 - INFO - [2016preVFP] MISSING_CENTRAL: SR1E2Mu/Central/jets/4/py in Skim_TriLep_DYJets10to50.root
2025-11-10 12:15:14,144 - INFO - [2016preVFP] MISSING_CENTRAL: SR1E2Mu/Central/jets/4/py in Skim_TriLep_WWG.root
2025-11-13 11:03:48,140 - INFO - [2016preVFP] MISSING_CENTRAL: SR1E2Mu/Central/jets/4/py in Skim_TriLep_MuonEG_E.root
2025-11-13 11:03:48,201 - INFO - [2016preVFP] MISSING_CENTRAL: SR1E2Mu/Central/jets/4/py in Skim_TriLep_DYJets.root
2025-11-13 11:03:48,202 - INFO - [2016preVFP] MISSING_CENTRAL: SR1E2Mu/Central/jets/4/py in Skim_TriLep_DYJets10to50.root
2025-11-13 11:03:48,254 - INFO - [2016preVFP] MISSING_CENTRAL: SR1E2Mu/Central/jets/4/py in Skim_TriLep_WWG.root
2025-11-19 16:17:33,072 - INFO - [2016preVFP] MISSING_CENTRAL: SR1E2Mu/Central/jets/4/py in Skim_TriLep_MuonEG_E.root
2025-11-19 16:17:33,119 - INFO - [2016preVFP] MISSING_CENTRAL: SR1E2Mu/Central/jets/4/py in Skim_TriLep_DYJets.root
2025-11-19 16:17:33,120 - INFO - [2016preVFP] MISSING_CENTRAL: SR1E2Mu/Central/jets/4/py in Skim_TriLep_DYJets10to50.root
2025-11-19 16:17:33,162 - INFO - [2016preVFP] MISSING_CENTRAL: SR1E2Mu/Central/jets/4/py in Skim_TriLep_WWG.root
2025-12-17 22:31:02,110 - INFO - [2016preVFP] MISSING_CENTRAL: SR1E2Mu/Central/jets/4/py in Skim_TriLep_MuonEG_E.root
2025-12-17 22:31:02,174 - INFO - [2016preVFP] MISSING_SYSTEMATIC: SR1E2Mu/JetEn_Down/jets/4/py in Skim_TriLep_DYJets.root
2025-12-17 22:31:02,201 - INFO - [2016preVFP] MISSING_CENTRAL: SR1E2Mu/Central/jets/4/py in Skim_TriLep_DYJets10to50.root
2025-12-17 22:31:02,229 - INFO - [2016preVFP] MISSING_CENTRAL: SR1E2Mu/Central/jets/4/py in Skim_TriLep_WWG.root
2025-12-18 14:09:45,347 - INFO - [2016preVFP] MISSING_CENTRAL: SR1E2Mu/Central/jets/4/py in Skim_TriLep_MuonEG_E.root
2025-12-18 14:09:45,449 - INFO - [2016preVFP] MISSING_SYSTEMATIC: SR1E2Mu/JetEn_Down/jets/4/py in Skim_TriLep_DYJets.root
2025-12-18 14:09:45,597 - INFO - [2016preVFP] MISSING_CENTRAL: SR1E2Mu/Central/jets/4/py in Skim_TriLep_DYJets10to50.root
2025-12-18 14:09:45,696 - INFO - [2016preVFP] MISSING_CENTRAL: SR1E2Mu/Central/jets/4/py in Skim_TriLep_WWG.root
2025-12-18 14:13:50,307 - INFO - [2016preVFP] MISSING_CENTRAL: SR1E2Mu/Central/jets/4/py in Skim_TriLep_MuonEG_E.root
2025-12-18 14:13:50,393 - INFO - [2016preVFP] MISSING_SYSTEMATIC: SR1E2Mu/JetEn_Down/jets/4/py in Skim_TriLep_DYJets.root
2025-12-18 14:13:50,451 - INFO - [2016preVFP] MISSING_CENTRAL: SR1E2Mu/Central/jets/4/py in Skim_TriLep_DYJets10to50.root
2025-12-18 14:13:50,480 - INFO - [2016preVFP] MISSING_CENTRAL: SR1E2Mu/Central/jets/4/py in Skim_TriLep_WWG.root
2025-12-18 14:29:21,221 - INFO - [2016preVFP] MISSING_CENTRAL: SR1E2Mu/Central/jets/4/py in Skim_TriLep_MuonEG_E.root
2025-12-18 14:29:21,444 - INFO - [2016preVFP] MISSING_SYSTEMATIC: SR1E2Mu/JetEn_Down/jets/4/py in Skim_TriLep_DYJets.root
2025-12-18 14:29:21,551 - INFO - [2016preVFP] MISSING_CENTRAL: SR1E2Mu/Central/jets/4/py in Skim_TriLep_DYJets10to50.root
2025-12-18 14:29:21,663 - INFO - [2016preVFP] MISSING_CENTRAL: SR1E2Mu/Central/jets/4/py in Skim_TriLep_WWG.root
2026-01-07 11:39:39,131 - INFO - [2016preVFP] MISSING_CENTRAL: SR1E2Mu/Central/jets/4/py in Skim_TriLep_MuonEG_E.root
2026-01-07 11:39:39,209 - INFO - [2016preVFP] MISSING_SYSTEMATIC: SR1E2Mu/JetEn_Down/jets/4/py in Skim_TriLep_DYJets.root
2026-01-07 11:39:39,246 - INFO - [2016preVFP] MISSING_CENTRAL: SR1E2Mu/Central/jets/4/py in Skim_TriLep_DYJets10to50.root
2026-01-07 11:39:39,278 - INFO - [2016preVFP] MISSING_CENTRAL: SR1E2Mu/Central/jets/4/py in Skim_TriLep_WWG.root
2026-01-07 18:37:02,819 - INFO - [2016preVFP] MISSING_CENTRAL: SR1E2Mu/Central/jets/4/py in Skim_TriLep_MuonEG_E.root
2026-01-07 18:37:02,884 - INFO - [2016preVFP] MISSING_SYSTEMATIC: SR1E2Mu/JetEn_Down/jets/4/py in Skim_TriLep_DYJets.root
2026-01-07 18:37:02,917 - INFO - [2016preVFP] MISSING_CENTRAL: SR1E2Mu/Central/jets/4/py in Skim_TriLep_DYJets10to50.root
2026-01-07 18:37:02,947 - INFO - [2016preVFP] MISSING_CENTRAL: SR1E2Mu/Central/jets/4/py in Skim_TriLep_WWG.root
2026-01-07 19:26:36,056 - INFO - [2016preVFP] MISSING_CENTRAL: SR1E2Mu/Central/jets/4/py in Skim_TriLep_MuonEG_E.root
2026-01-07 19:26:36,149 - INFO - [2016preVFP] MISSING_SYSTEMATIC: SR1E2Mu/JetEn_Down/jets/4/py in Skim_TriLep_DYJets.root
2026-01-07 19:26:36,183 - INFO - [2016preVFP] MISSING_CENTRAL: SR1E2Mu/Central/jets/4/py in Skim_TriLep_DYJets10to50.root
2026-01-07 19:26:36,245 - INFO - [2016preVFP] MISSING_CENTRAL: SR1E2Mu/Central/jets/4/py in Skim_TriLep_WWG.root
2026-01-09 12:10:08,970 - INFO - [2016preVFP] MISSING_CENTRAL: SR1E2Mu/Central/jets/4/py in Skim_TriLep_MuonEG_E.root
2026-01-09 12:10:09,019 - INFO - [2016preVFP] MISSING_SYSTEMATIC: SR1E2Mu/JetEn_Down/jets/4/py in Skim_TriLep_DYJets.root
2026-01-09 12:10:09,039 - INFO - [2016preVFP] MISSING_CENTRAL: SR1E2Mu/Central/jets/4/py in Skim_TriLep_DYJets10to50.root
2026-01-09 12:10:09,054 - INFO - [2016preVFP] MISSING_CENTRAL: SR1E2Mu/Central/jets/4/py in Skim_TriLep_WWG.root
