2025-09-24 15:41:32,507 - INFO - [2016preVFP] MISSING_CENTRAL: SR1E2Mu/Central/jets/4/pz in Skim_TriLep_MuonEG_E.root
2025-09-24 15:41:32,577 - INFO - [2016preVFP] MISSING_CENTRAL: SR1E2Mu/Central/jets/4/pz in Skim_TriLep_DYJets.root
2025-09-24 15:41:32,577 - INFO - [2016preVFP] MISSING_CENTRAL: SR1E2Mu/Central/jets/4/pz in Skim_TriLep_DYJets10to50.root
2025-09-24 15:41:32,635 - INFO - [2016preVFP] MISSING_CENTRAL: SR1E2Mu/Central/jets/4/pz in Skim_TriLep_WWG.root
2025-10-02 21:09:23,366 - INFO - [2016preVFP] MISSING_CENTRAL: SR1E2Mu/Central/jets/4/pz in Skim_TriLep_MuonEG_E.root
2025-10-02 21:09:23,496 - INFO - [2016preVFP] MISSING_CENTRAL: SR1E2Mu/Central/jets/4/pz in Skim_TriLep_DYJets.root
2025-10-02 21:09:23,497 - INFO - [2016preVFP] MISSING_CENTRAL: SR1E2Mu/Central/jets/4/pz in Skim_TriLep_DYJets10to50.root
2025-10-02 21:09:23,577 - INFO - [2016preVFP] MISSING_CENTRAL: SR1E2Mu/Central/jets/4/pz in Skim_TriLep_WWG.root
2025-10-02 23:54:54,884 - INFO - [2016preVFP] MISSING_CENTRAL: SR1E2Mu/Central/jets/4/pz in Skim_TriLep_MuonEG_E.root
2025-10-02 23:54:54,960 - INFO - [2016preVFP] MISSING_CENTRAL: SR1E2Mu/Central/jets/4/pz in Skim_TriLep_DYJets.root
2025-10-02 23:54:54,960 - INFO - [2016preVFP] MISSING_CENTRAL: SR1E2Mu/Central/jets/4/pz in Skim_TriLep_DYJets10to50.root
2025-10-02 23:54:55,021 - INFO - [2016preVFP] MISSING_CENTRAL: SR1E2Mu/Central/jets/4/pz in Skim_TriLep_WWG.root
2025-11-05 20:28:18,574 - INFO - [2016preVFP] MISSING_CENTRAL: SR1E2Mu/Central/jets/4/pz in Skim_TriLep_MuonEG_E.root
2025-11-05 20:28:18,623 - INFO - [2016preVFP] MISSING_CENTRAL: SR1E2Mu/Central/jets/4/pz in Skim_TriLep_DYJets.root
2025-11-05 20:28:18,623 - INFO - [2016preVFP] MISSING_CENTRAL: SR1E2Mu/Central/jets/4/pz in Skim_TriLep_DYJets10to50.root
2025-11-05 20:28:18,662 - INFO - [2016preVFP] MISSING_CENTRAL: SR1E2Mu/Central/jets/4/pz in Skim_TriLep_WWG.root
2025-11-05 21:32:33,594 - INFO - [2016preVFP] MISSING_CENTRAL: SR1E2Mu/Central/jets/4/pz in Skim_TriLep_MuonEG_E.root
2025-11-05 21:32:33,644 - INFO - [2016preVFP] MISSING_CENTRAL: SR1E2Mu/Central/jets/4/pz in Skim_TriLep_DYJets.root
2025-11-05 21:32:33,644 - INFO - [2016preVFP] MISSING_CENTRAL: SR1E2Mu/Central/jets/4/pz in Skim_TriLep_DYJets10to50.root
2025-11-05 21:32:33,683 - INFO - [2016preVFP] MISSING_CENTRAL: SR1E2Mu/Central/jets/4/pz in Skim_TriLep_WWG.root
2025-11-05 21:36:30,129 - INFO - [2016preVFP] MISSING_CENTRAL: SR1E2Mu/Central/jets/4/pz in Skim_TriLep_MuonEG_E.root
2025-11-05 21:36:30,183 - INFO - [2016preVFP] MISSING_CENTRAL: SR1E2Mu/Central/jets/4/pz in Skim_TriLep_DYJets.root
2025-11-05 21:36:30,184 - INFO - [2016preVFP] MISSING_CENTRAL: SR1E2Mu/Central/jets/4/pz in Skim_TriLep_DYJets10to50.root
2025-11-05 21:36:30,223 - INFO - [2016preVFP] MISSING_CENTRAL: SR1E2Mu/Central/jets/4/pz in Skim_TriLep_WWG.root
2025-11-05 21:37:34,029 - INFO - [2016preVFP] MISSING_CENTRAL: SR1E2Mu/Central/jets/4/pz in Skim_TriLep_MuonEG_E.root
2025-11-05 21:37:34,076 - INFO - [2016preVFP] MISSING_CENTRAL: SR1E2Mu/Central/jets/4/pz in Skim_TriLep_DYJets.root
2025-11-05 21:37:34,076 - INFO - [2016preVFP] MISSING_CENTRAL: SR1E2Mu/Central/jets/4/pz in Skim_TriLep_DYJets10to50.root
2025-11-05 21:37:34,114 - INFO - [2016preVFP] MISSING_CENTRAL: SR1E2Mu/Central/jets/4/pz in Skim_TriLep_WWG.root
2025-11-05 21:59:37,587 - INFO - [2016preVFP] MISSING_CENTRAL: SR1E2Mu/Central/jets/4/pz in Skim_TriLep_MuonEG_E.root
2025-11-05 21:59:37,636 - INFO - [2016preVFP] MISSING_CENTRAL: SR1E2Mu/Central/jets/4/pz in Skim_TriLep_DYJets.root
2025-11-05 21:59:37,637 - INFO - [2016preVFP] MISSING_CENTRAL: SR1E2Mu/Central/jets/4/pz in Skim_TriLep_DYJets10to50.root
2025-11-05 21:59:37,677 - INFO - [2016preVFP] MISSING_CENTRAL: SR1E2Mu/Central/jets/4/pz in Skim_TriLep_WWG.root
2025-11-05 22:15:19,898 - INFO - [2016preVFP] MISSING_CENTRAL: SR1E2Mu/Central/jets/4/pz in Skim_TriLep_MuonEG_E.root
2025-11-05 22:15:19,948 - INFO - [2016preVFP] MISSING_CENTRAL: SR1E2Mu/Central/jets/4/pz in Skim_TriLep_DYJets.root
2025-11-05 22:15:19,948 - INFO - [2016preVFP] MISSING_CENTRAL: SR1E2Mu/Central/jets/4/pz in Skim_TriLep_DYJets10to50.root
2025-11-05 22:15:20,007 - INFO - [2016preVFP] MISSING_CENTRAL: SR1E2Mu/Central/jets/4/pz in Skim_TriLep_WWG.root
2025-11-05 23:19:58,024 - INFO - [2016preVFP] MISSING_CENTRAL: SR1E2Mu/Central/jets/4/pz in Skim_TriLep_MuonEG_E.root
2025-11-05 23:19:58,070 - INFO - [2016preVFP] MISSING_CENTRAL: SR1E2Mu/Central/jets/4/pz in Skim_TriLep_DYJets.root
2025-11-05 23:19:58,070 - INFO - [2016preVFP] MISSING_CENTRAL: SR1E2Mu/Central/jets/4/pz in Skim_TriLep_DYJets10to50.root
2025-11-05 23:19:58,108 - INFO - [2016preVFP] MISSING_CENTRAL: SR1E2Mu/Central/jets/4/pz in Skim_TriLep_WWG.root
2025-11-07 12:23:13,229 - INFO - [2016preVFP] MISSING_CENTRAL: SR1E2Mu/Central/jets/4/pz in Skim_TriLep_MuonEG_E.root
2025-11-07 12:23:13,316 - INFO - [2016preVFP] MISSING_CENTRAL: SR1E2Mu/Central/jets/4/pz in Skim_TriLep_DYJets.root
2025-11-07 12:23:13,316 - INFO - [2016preVFP] MISSING_CENTRAL: SR1E2Mu/Central/jets/4/pz in Skim_TriLep_DYJets10to50.root
2025-11-07 12:23:13,352 - INFO - [2016preVFP] MISSING_CENTRAL: SR1E2Mu/Central/jets/4/pz in Skim_TriLep_WWG.root
2025-11-07 13:03:16,215 - INFO - [2016preVFP] MISSING_CENTRAL: SR1E2Mu/Central/jets/4/pz in Skim_TriLep_MuonEG_E.root
2025-11-07 13:03:16,268 - INFO - [2016preVFP] MISSING_CENTRAL: SR1E2Mu/Central/jets/4/pz in Skim_TriLep_DYJets.root
2025-11-07 13:03:16,268 - INFO - [2016preVFP] MISSING_CENTRAL: SR1E2Mu/Central/jets/4/pz in Skim_TriLep_DYJets10to50.root
2025-11-07 13:03:16,316 - INFO - [2016preVFP] MISSING_CENTRAL: SR1E2Mu/Central/jets/4/pz in Skim_TriLep_WWG.root
2025-11-07 13:24:59,940 - INFO - [2016preVFP] MISSING_CENTRAL: SR1E2Mu/Central/jets/4/pz in Skim_TriLep_MuonEG_E.root
2025-11-07 13:24:59,984 - INFO - [2016preVFP] MISSING_CENTRAL: SR1E2Mu/Central/jets/4/pz in Skim_TriLep_DYJets.root
2025-11-07 13:24:59,984 - INFO - [2016preVFP] MISSING_CENTRAL: SR1E2Mu/Central/jets/4/pz in Skim_TriLep_DYJets10to50.root
2025-11-07 13:25:00,022 - INFO - [2016preVFP] MISSING_CENTRAL: SR1E2Mu/Central/jets/4/pz in Skim_TriLep_WWG.root
2025-11-07 13:27:27,938 - INFO - [2016preVFP] MISSING_CENTRAL: SR1E2Mu/Central/jets/4/pz in Skim_TriLep_MuonEG_E.root
2025-11-07 13:27:27,994 - INFO - [2016preVFP] MISSING_CENTRAL: SR1E2Mu/Central/jets/4/pz in Skim_TriLep_DYJets.root
2025-11-07 13:27:27,995 - INFO - [2016preVFP] MISSING_CENTRAL: SR1E2Mu/Central/jets/4/pz in Skim_TriLep_DYJets10to50.root
2025-11-07 13:27:28,032 - INFO - [2016preVFP] MISSING_CENTRAL: SR1E2Mu/Central/jets/4/pz in Skim_TriLep_WWG.root
2025-11-07 13:43:51,029 - INFO - [2016preVFP] MISSING_CENTRAL: SR1E2Mu/Central/jets/4/pz in Skim_TriLep_MuonEG_E.root
2025-11-07 13:43:51,074 - INFO - [2016preVFP] MISSING_CENTRAL: SR1E2Mu/Central/jets/4/pz in Skim_TriLep_DYJets.root
2025-11-07 13:43:51,075 - INFO - [2016preVFP] MISSING_CENTRAL: SR1E2Mu/Central/jets/4/pz in Skim_TriLep_DYJets10to50.root
2025-11-07 13:43:51,111 - INFO - [2016preVFP] MISSING_CENTRAL: SR1E2Mu/Central/jets/4/pz in Skim_TriLep_WWG.root
2025-11-07 13:51:47,841 - INFO - [2016preVFP] MISSING_CENTRAL: SR1E2Mu/Central/jets/4/pz in Skim_TriLep_MuonEG_E.root
2025-11-07 13:51:47,887 - INFO - [2016preVFP] MISSING_CENTRAL: SR1E2Mu/Central/jets/4/pz in Skim_TriLep_DYJets.root
2025-11-07 13:51:47,890 - INFO - [2016preVFP] MISSING_CENTRAL: SR1E2Mu/Central/jets/4/pz in Skim_TriLep_DYJets10to50.root
2025-11-07 13:51:47,956 - INFO - [2016preVFP] MISSING_CENTRAL: SR1E2Mu/Central/jets/4/pz in Skim_TriLep_WWG.root
2025-11-07 13:57:45,505 - INFO - [2016preVFP] MISSING_CENTRAL: SR1E2Mu/Central/jets/4/pz in Skim_TriLep_MuonEG_E.root
2025-11-07 13:57:45,601 - INFO - [2016preVFP] MISSING_CENTRAL: SR1E2Mu/Central/jets/4/pz in Skim_TriLep_DYJets.root
2025-11-07 13:57:45,601 - INFO - [2016preVFP] MISSING_CENTRAL: SR1E2Mu/Central/jets/4/pz in Skim_TriLep_DYJets10to50.root
2025-11-07 13:57:45,638 - INFO - [2016preVFP] MISSING_CENTRAL: SR1E2Mu/Central/jets/4/pz in Skim_TriLep_WWG.root
2025-11-07 14:00:13,502 - INFO - [2016preVFP] MISSING_CENTRAL: SR1E2Mu/Central/jets/4/pz in Skim_TriLep_MuonEG_E.root
2025-11-07 14:00:13,540 - INFO - [2016preVFP] MISSING_CENTRAL: SR1E2Mu/Central/jets/4/pz in Skim_TriLep_DYJets.root
2025-11-07 14:00:13,541 - INFO - [2016preVFP] MISSING_CENTRAL: SR1E2Mu/Central/jets/4/pz in Skim_TriLep_DYJets10to50.root
2025-11-07 14:00:13,576 - INFO - [2016preVFP] MISSING_CENTRAL: SR1E2Mu/Central/jets/4/pz in Skim_TriLep_WWG.root
2025-11-10 05:50:06,837 - INFO - [2016preVFP] MISSING_CENTRAL: SR1E2Mu/Central/jets/4/pz in Skim_TriLep_MuonEG_E.root
2025-11-10 05:50:06,913 - INFO - [2016preVFP] MISSING_CENTRAL: SR1E2Mu/Central/jets/4/pz in Skim_TriLep_DYJets.root
2025-11-10 05:50:06,913 - INFO - [2016preVFP] MISSING_CENTRAL: SR1E2Mu/Central/jets/4/pz in Skim_TriLep_DYJets10to50.root
2025-11-10 05:50:06,962 - INFO - [2016preVFP] MISSING_CENTRAL: SR1E2Mu/Central/jets/4/pz in Skim_TriLep_WWG.root
2025-11-10 12:15:14,064 - INFO - [2016preVFP] MISSING_CENTRAL: SR1E2Mu/Central/jets/4/pz in Skim_TriLep_MuonEG_E.root
2025-11-10 12:15:14,141 - INFO - [2016preVFP] MISSING_CENTRAL: SR1E2Mu/Central/jets/4/pz in Skim_TriLep_DYJets.root
2025-11-10 12:15:14,142 - INFO - [2016preVFP] MISSING_CENTRAL: SR1E2Mu/Central/jets/4/pz in Skim_TriLep_DYJets10to50.root
2025-11-10 12:15:14,242 - INFO - [2016preVFP] MISSING_CENTRAL: SR1E2Mu/Central/jets/4/pz in Skim_TriLep_WWG.root
2025-11-13 11:03:48,116 - INFO - [2016preVFP] MISSING_CENTRAL: SR1E2Mu/Central/jets/4/pz in Skim_TriLep_MuonEG_E.root
2025-11-13 11:03:48,200 - INFO - [2016preVFP] MISSING_CENTRAL: SR1E2Mu/Central/jets/4/pz in Skim_TriLep_DYJets.root
2025-11-13 11:03:48,201 - INFO - [2016preVFP] MISSING_CENTRAL: SR1E2Mu/Central/jets/4/pz in Skim_TriLep_DYJets10to50.root
2025-11-13 11:03:48,262 - INFO - [2016preVFP] MISSING_CENTRAL: SR1E2Mu/Central/jets/4/pz in Skim_TriLep_WWG.root
2025-11-19 16:17:32,989 - INFO - [2016preVFP] MISSING_CENTRAL: SR1E2Mu/Central/jets/4/pz in Skim_TriLep_MuonEG_E.root
2025-11-19 16:17:33,112 - INFO - [2016preVFP] MISSING_CENTRAL: SR1E2Mu/Central/jets/4/pz in Skim_TriLep_DYJets.root
2025-11-19 16:17:33,113 - INFO - [2016preVFP] MISSING_CENTRAL: SR1E2Mu/Central/jets/4/pz in Skim_TriLep_DYJets10to50.root
2025-11-19 16:17:33,163 - INFO - [2016preVFP] MISSING_CENTRAL: SR1E2Mu/Central/jets/4/pz in Skim_TriLep_WWG.root
2025-12-17 22:31:02,102 - INFO - [2016preVFP] MISSING_CENTRAL: SR1E2Mu/Central/jets/4/pz in Skim_TriLep_MuonEG_E.root
2025-12-17 22:31:02,206 - INFO - [2016preVFP] MISSING_SYSTEMATIC: SR1E2Mu/JetEn_Down/jets/4/pz in Skim_TriLep_DYJets.root
2025-12-17 22:31:02,222 - INFO - [2016preVFP] MISSING_CENTRAL: SR1E2Mu/Central/jets/4/pz in Skim_TriLep_DYJets10to50.root
2025-12-17 22:31:02,238 - INFO - [2016preVFP] MISSING_CENTRAL: SR1E2Mu/Central/jets/4/pz in Skim_TriLep_WWG.root
2025-12-18 14:09:45,137 - INFO - [2016preVFP] MISSING_CENTRAL: SR1E2Mu/Central/jets/4/pz in Skim_TriLep_MuonEG_E.root
2025-12-18 14:09:45,274 - INFO - [2016preVFP] MISSING_SYSTEMATIC: SR1E2Mu/JetEn_Down/jets/4/pz in Skim_TriLep_DYJets.root
2025-12-18 14:09:45,329 - INFO - [2016preVFP] MISSING_CENTRAL: SR1E2Mu/Central/jets/4/pz in Skim_TriLep_DYJets10to50.root
2025-12-18 14:09:45,388 - INFO - [2016preVFP] MISSING_CENTRAL: SR1E2Mu/Central/jets/4/pz in Skim_TriLep_WWG.root
2025-12-18 14:13:50,962 - INFO - [2016preVFP] MISSING_CENTRAL: SR1E2Mu/Central/jets/4/pz in Skim_TriLep_MuonEG_E.root
2025-12-18 14:13:51,038 - INFO - [2016preVFP] MISSING_SYSTEMATIC: SR1E2Mu/JetEn_Down/jets/4/pz in Skim_TriLep_DYJets.root
2025-12-18 14:13:51,074 - INFO - [2016preVFP] MISSING_CENTRAL: SR1E2Mu/Central/jets/4/pz in Skim_TriLep_DYJets10to50.root
2025-12-18 14:13:51,135 - INFO - [2016preVFP] MISSING_CENTRAL: SR1E2Mu/Central/jets/4/pz in Skim_TriLep_WWG.root
2025-12-18 14:29:21,420 - INFO - [2016preVFP] MISSING_CENTRAL: SR1E2Mu/Central/jets/4/pz in Skim_TriLep_MuonEG_E.root
2025-12-18 14:29:21,574 - INFO - [2016preVFP] MISSING_SYSTEMATIC: SR1E2Mu/JetEn_Down/jets/4/pz in Skim_TriLep_DYJets.root
2025-12-18 14:29:21,625 - INFO - [2016preVFP] MISSING_CENTRAL: SR1E2Mu/Central/jets/4/pz in Skim_TriLep_DYJets10to50.root
2025-12-18 14:29:21,666 - INFO - [2016preVFP] MISSING_CENTRAL: SR1E2Mu/Central/jets/4/pz in Skim_TriLep_WWG.root
2026-01-07 11:39:38,618 - INFO - [2016preVFP] MISSING_CENTRAL: SR1E2Mu/Central/jets/4/pz in Skim_TriLep_MuonEG_E.root
2026-01-07 11:39:38,685 - INFO - [2016preVFP] MISSING_SYSTEMATIC: SR1E2Mu/JetEn_Down/jets/4/pz in Skim_TriLep_DYJets.root
2026-01-07 11:39:38,717 - INFO - [2016preVFP] MISSING_CENTRAL: SR1E2Mu/Central/jets/4/pz in Skim_TriLep_DYJets10to50.root
2026-01-07 11:39:38,746 - INFO - [2016preVFP] MISSING_CENTRAL: SR1E2Mu/Central/jets/4/pz in Skim_TriLep_WWG.root
2026-01-07 18:37:02,873 - INFO - [2016preVFP] MISSING_CENTRAL: SR1E2Mu/Central/jets/4/pz in Skim_TriLep_MuonEG_E.root
2026-01-07 18:37:02,951 - INFO - [2016preVFP] MISSING_SYSTEMATIC: SR1E2Mu/JetEn_Down/jets/4/pz in Skim_TriLep_DYJets.root
2026-01-07 18:37:02,983 - INFO - [2016preVFP] MISSING_CENTRAL: SR1E2Mu/Central/jets/4/pz in Skim_TriLep_DYJets10to50.root
2026-01-07 18:37:03,017 - INFO - [2016preVFP] MISSING_CENTRAL: SR1E2Mu/Central/jets/4/pz in Skim_TriLep_WWG.root
2026-01-07 19:26:36,152 - INFO - [2016preVFP] MISSING_CENTRAL: SR1E2Mu/Central/jets/4/pz in Skim_TriLep_MuonEG_E.root
2026-01-07 19:26:36,249 - INFO - [2016preVFP] MISSING_SYSTEMATIC: SR1E2Mu/JetEn_Down/jets/4/pz in Skim_TriLep_DYJets.root
2026-01-07 19:26:36,363 - INFO - [2016preVFP] MISSING_CENTRAL: SR1E2Mu/Central/jets/4/pz in Skim_TriLep_DYJets10to50.root
2026-01-07 19:26:36,410 - INFO - [2016preVFP] MISSING_CENTRAL: SR1E2Mu/Central/jets/4/pz in Skim_TriLep_WWG.root
2026-01-09 12:10:09,082 - INFO - [2016preVFP] MISSING_CENTRAL: SR1E2Mu/Central/jets/4/pz in Skim_TriLep_MuonEG_E.root
2026-01-09 12:10:09,128 - INFO - [2016preVFP] MISSING_SYSTEMATIC: SR1E2Mu/JetEn_Down/jets/4/pz in Skim_TriLep_DYJets.root
2026-01-09 12:10:09,149 - INFO - [2016preVFP] MISSING_CENTRAL: SR1E2Mu/Central/jets/4/pz in Skim_TriLep_DYJets10to50.root
2026-01-09 12:10:09,166 - INFO - [2016preVFP] MISSING_CENTRAL: SR1E2Mu/Central/jets/4/pz in Skim_TriLep_WWG.root
2026-01-11 09:30:13,363 - INFO - [2016preVFP] MISSING_CENTRAL: SR1E2Mu/Central/jets/4/pz in Skim_TriLep_MuonEG_E.root
2026-01-11 09:30:13,416 - INFO - [2016preVFP] MISSING_SYSTEMATIC: SR1E2Mu/JetEn_Down/jets/4/pz in Skim_TriLep_DYJets.root
2026-01-11 09:30:13,438 - INFO - [2016preVFP] MISSING_CENTRAL: SR1E2Mu/Central/jets/4/pz in Skim_TriLep_DYJets10to50.root
2026-01-11 09:30:13,456 - INFO - [2016preVFP] MISSING_CENTRAL: SR1E2Mu/Central/jets/4/pz in Skim_TriLep_WWG.root
2026-01-12 13:38:43,983 - INFO - [2016preVFP] MISSING_CENTRAL: SR1E2Mu/Central/jets/4/pz in Skim_TriLep_MuonEG_E.root
2026-01-12 13:38:44,014 - INFO - [2016preVFP] MISSING_FILE: /home/choij/Sync/workspace/ChargedHiggsAnalysisV3/SKNanoOutput/MatrixSelector/Run1E2Mu/2016preVFP/Skim_TriLep_MuonEG_B.root
2026-01-12 13:38:44,014 - INFO - [2016preVFP] MISSING_FILE: /home/choij/Sync/workspace/ChargedHiggsAnalysisV3/SKNanoOutput/MatrixSelector/Run1E2Mu/2016preVFP/Skim_TriLep_MuonEG_C.root
2026-01-12 13:38:44,014 - INFO - [2016preVFP] MISSING_FILE: /home/choij/Sync/workspace/ChargedHiggsAnalysisV3/SKNanoOutput/MatrixSelector/Run1E2Mu/2016preVFP/Skim_TriLep_MuonEG_D.root
2026-01-12 13:38:44,014 - INFO - [2016preVFP] MISSING_FILE: /home/choij/Sync/workspace/ChargedHiggsAnalysisV3/SKNanoOutput/MatrixSelector/Run1E2Mu/2016preVFP/Skim_TriLep_MuonEG_E.root
2026-01-12 13:38:44,014 - INFO - [2016preVFP] MISSING_FILE: /home/choij/Sync/workspace/ChargedHiggsAnalysisV3/SKNanoOutput/MatrixSelector/Run1E2Mu/2016preVFP/Skim_TriLep_MuonEG_F.root
2026-01-12 13:38:44,017 - INFO - [2016preVFP] MISSING_SYSTEMATIC: SR1E2Mu/JetEn_Down/jets/4/pz in Skim_TriLep_DYJets.root
2026-01-12 13:38:44,046 - INFO - [2016preVFP] MISSING_CENTRAL: SR1E2Mu/Central/jets/4/pz in Skim_TriLep_DYJets10to50.root
2026-01-12 13:38:44,063 - INFO - [2016preVFP] MISSING_CENTRAL: SR1E2Mu/Central/jets/4/pz in Skim_TriLep_WWG.root
2026-01-16 18:54:12,649 - INFO - [2016preVFP] MISSING_CENTRAL: SR1E2Mu/Central/jets/4/pz in Skim_TriLep_MuonEG_E.root
2026-01-16 18:54:12,698 - INFO - [2016preVFP] MISSING_SYSTEMATIC: SR1E2Mu/JetEn_Down/jets/4/pz in Skim_TriLep_DYJets.root
2026-01-16 18:54:12,720 - INFO - [2016preVFP] MISSING_CENTRAL: SR1E2Mu/Central/jets/4/pz in Skim_TriLep_DYJets10to50.root
2026-01-16 18:54:12,738 - INFO - [2016preVFP] MISSING_CENTRAL: SR1E2Mu/Central/jets/4/pz in Skim_TriLep_WWG.root
