2025-11-07 13:03:22,537 - INFO - [2016preVFP] MISSING_CENTRAL: SR1E2Mu/Central/MHc145_MA92/score_nonprompt in Skim_TriLep_DYJets10to50.root
2025-11-07 13:25:06,211 - INFO - [2016preVFP] MISSING_CENTRAL: SR1E2Mu/Central/MHc145_MA92/score_nonprompt in Skim_TriLep_DYJets10to50.root
2025-11-07 13:27:34,117 - INFO - [2016preVFP] MISSING_CENTRAL: SR1E2Mu/Central/MHc145_MA92/score_nonprompt in Skim_TriLep_DYJets10to50.root
2025-11-07 13:43:56,715 - INFO - [2016preVFP] MISSING_CENTRAL: SR1E2Mu/Central/MHc145_MA92/score_nonprompt in Skim_TriLep_DYJets10to50.root
2025-11-07 13:51:53,829 - INFO - [2016preVFP] MISSING_CENTRAL: SR1E2Mu/Central/MHc145_MA92/score_nonprompt in Skim_TriLep_DYJets10to50.root
2025-11-07 13:57:51,382 - INFO - [2016preVFP] MISSING_CENTRAL: SR1E2Mu/Central/MHc145_MA92/score_nonprompt in Skim_TriLep_DYJets10to50.root
2025-11-07 14:00:19,777 - INFO - [2016preVFP] MISSING_CENTRAL: SR1E2Mu/Central/MHc145_MA92/score_nonprompt in Skim_TriLep_DYJets10to50.root
2025-11-10 05:50:13,567 - INFO - [2016preVFP] MISSING_CENTRAL: SR1E2Mu/Central/MHc145_MA92/score_nonprompt in Skim_TriLep_DYJets10to50.root
2025-11-10 12:15:20,128 - INFO - [2016preVFP] MISSING_CENTRAL: SR1E2Mu/Central/MHc145_MA92/score_nonprompt in Skim_TriLep_DYJets10to50.root
2025-11-13 11:03:51,217 - INFO - [2016preVFP] MISSING_CENTRAL: SR1E2Mu/Central/MHc145_MA92/score_nonprompt in Skim_TriLep_DYJets10to50.root
2025-11-19 16:17:39,604 - INFO - [2016preVFP] MISSING_CENTRAL: SR1E2Mu/Central/MHc145_MA92/score_nonprompt in Skim_TriLep_DYJets10to50.root
2025-12-17 22:31:05,396 - INFO - [2016preVFP] MISSING_CENTRAL: SR1E2Mu/Central/MHc145_MA92/score_nonprompt in Skim_TriLep_DYJets10to50.root
2025-12-18 14:09:51,436 - INFO - [2016preVFP] MISSING_CENTRAL: SR1E2Mu/Central/MHc145_MA92/score_nonprompt in Skim_TriLep_DYJets10to50.root
2025-12-18 14:13:56,644 - INFO - [2016preVFP] MISSING_CENTRAL: SR1E2Mu/Central/MHc145_MA92/score_nonprompt in Skim_TriLep_DYJets10to50.root
2025-12-18 14:29:27,681 - INFO - [2016preVFP] MISSING_CENTRAL: SR1E2Mu/Central/MHc145_MA92/score_nonprompt in Skim_TriLep_DYJets10to50.root
2026-01-07 11:39:44,510 - INFO - [2016preVFP] MISSING_CENTRAL: SR1E2Mu/Central/MHc145_MA92/score_nonprompt in Skim_TriLep_DYJets10to50.root
2026-01-07 18:37:08,712 - INFO - [2016preVFP] MISSING_CENTRAL: SR1E2Mu/Central/MHc145_MA92/score_nonprompt in Skim_TriLep_DYJets10to50.root
2026-01-07 19:26:42,051 - INFO - [2016preVFP] MISSING_CENTRAL: SR1E2Mu/Central/MHc145_MA92/score_nonprompt in Skim_TriLep_DYJets10to50.root
2026-01-09 12:10:15,771 - INFO - [2016preVFP] MISSING_CENTRAL: SR1E2Mu/Central/MHc145_MA92/score_nonprompt in Skim_TriLep_DYJets10to50.root
2026-01-11 09:30:19,989 - INFO - [2016preVFP] MISSING_CENTRAL: SR1E2Mu/Central/MHc145_MA92/score_nonprompt in Skim_TriLep_DYJets10to50.root
2026-01-12 13:38:50,789 - INFO - [2016preVFP] MISSING_FILE: /home/choij/Sync/workspace/ChargedHiggsAnalysisV3/SKNanoOutput/MatrixSelector/Run1E2Mu/2016preVFP/Skim_TriLep_MuonEG_B.root
2026-01-12 13:38:50,790 - INFO - [2016preVFP] MISSING_FILE: /home/choij/Sync/workspace/ChargedHiggsAnalysisV3/SKNanoOutput/MatrixSelector/Run1E2Mu/2016preVFP/Skim_TriLep_MuonEG_C.root
2026-01-12 13:38:50,790 - INFO - [2016preVFP] MISSING_FILE: /home/choij/Sync/workspace/ChargedHiggsAnalysisV3/SKNanoOutput/MatrixSelector/Run1E2Mu/2016preVFP/Skim_TriLep_MuonEG_D.root
2026-01-12 13:38:50,790 - INFO - [2016preVFP] MISSING_FILE: /home/choij/Sync/workspace/ChargedHiggsAnalysisV3/SKNanoOutput/MatrixSelector/Run1E2Mu/2016preVFP/Skim_TriLep_MuonEG_E.root
2026-01-12 13:38:50,790 - INFO - [2016preVFP] MISSING_FILE: /home/choij/Sync/workspace/ChargedHiggsAnalysisV3/SKNanoOutput/MatrixSelector/Run1E2Mu/2016preVFP/Skim_TriLep_MuonEG_F.root
2026-01-12 13:38:50,814 - INFO - [2016preVFP] MISSING_CENTRAL: SR1E2Mu/Central/MHc145_MA92/score_nonprompt in Skim_TriLep_DYJets10to50.root
2026-01-16 18:54:20,432 - INFO - [2016preVFP] MISSING_CENTRAL: SR1E2Mu/Central/MHc145_MA92/score_nonprompt in Skim_TriLep_DYJets10to50.root
