2025-11-07 13:03:23,020 - INFO - [2016preVFP] MISSING_CENTRAL: SR1E2Mu/Central/MHc160_MA98/score_ttZ in Skim_TriLep_DYJets10to50.root
2025-11-07 13:25:06,303 - INFO - [2016preVFP] MISSING_CENTRAL: SR1E2Mu/Central/MHc160_MA98/score_ttZ in Skim_TriLep_DYJets10to50.root
2025-11-07 13:27:34,341 - INFO - [2016preVFP] MISSING_CENTRAL: SR1E2Mu/Central/MHc160_MA98/score_ttZ in Skim_TriLep_DYJets10to50.root
2025-11-07 13:43:57,386 - INFO - [2016preVFP] MISSING_CENTRAL: SR1E2Mu/Central/MHc160_MA98/score_ttZ in Skim_TriLep_DYJets10to50.root
2025-11-07 13:51:54,252 - INFO - [2016preVFP] MISSING_CENTRAL: SR1E2Mu/Central/MHc160_MA98/score_ttZ in Skim_TriLep_DYJets10to50.root
2025-11-07 13:57:51,939 - INFO - [2016preVFP] MISSING_CENTRAL: SR1E2Mu/Central/MHc160_MA98/score_ttZ in Skim_TriLep_DYJets10to50.root
2025-11-07 14:00:20,065 - INFO - [2016preVFP] MISSING_CENTRAL: SR1E2Mu/Central/MHc160_MA98/score_ttZ in Skim_TriLep_DYJets10to50.root
2025-11-10 05:50:15,079 - INFO - [2016preVFP] MISSING_CENTRAL: SR1E2Mu/Central/MHc160_MA98/score_ttZ in Skim_TriLep_DYJets10to50.root
2025-11-10 12:15:20,866 - INFO - [2016preVFP] MISSING_CENTRAL: SR1E2Mu/Central/MHc160_MA98/score_ttZ in Skim_TriLep_DYJets10to50.root
2025-11-13 11:03:51,951 - INFO - [2016preVFP] MISSING_CENTRAL: SR1E2Mu/Central/MHc160_MA98/score_ttZ in Skim_TriLep_DYJets10to50.root
2025-11-19 16:17:39,719 - INFO - [2016preVFP] MISSING_CENTRAL: SR1E2Mu/Central/MHc160_MA98/score_ttZ in Skim_TriLep_DYJets10to50.root
2025-12-17 22:31:06,157 - INFO - [2016preVFP] MISSING_CENTRAL: SR1E2Mu/Central/MHc160_MA98/score_ttZ in Skim_TriLep_DYJets10to50.root
2025-12-18 14:09:52,291 - INFO - [2016preVFP] MISSING_CENTRAL: SR1E2Mu/Central/MHc160_MA98/score_ttZ in Skim_TriLep_DYJets10to50.root
2025-12-18 14:13:58,091 - INFO - [2016preVFP] MISSING_CENTRAL: SR1E2Mu/Central/MHc160_MA98/score_ttZ in Skim_TriLep_DYJets10to50.root
2025-12-18 14:29:28,516 - INFO - [2016preVFP] MISSING_CENTRAL: SR1E2Mu/Central/MHc160_MA98/score_ttZ in Skim_TriLep_DYJets10to50.root
2026-01-07 11:39:44,626 - INFO - [2016preVFP] MISSING_CENTRAL: SR1E2Mu/Central/MHc160_MA98/score_ttZ in Skim_TriLep_DYJets10to50.root
2026-01-07 18:37:08,795 - INFO - [2016preVFP] MISSING_CENTRAL: SR1E2Mu/Central/MHc160_MA98/score_ttZ in Skim_TriLep_DYJets10to50.root
2026-01-07 19:26:42,572 - INFO - [2016preVFP] MISSING_CENTRAL: SR1E2Mu/Central/MHc160_MA98/score_ttZ in Skim_TriLep_DYJets10to50.root
2026-01-09 12:10:18,531 - INFO - [2016preVFP] MISSING_CENTRAL: SR1E2Mu/Central/MHc160_MA98/score_ttZ in Skim_TriLep_DYJets10to50.root
2026-01-11 09:30:22,690 - INFO - [2016preVFP] MISSING_CENTRAL: SR1E2Mu/Central/MHc160_MA98/score_ttZ in Skim_TriLep_DYJets10to50.root
2026-01-12 13:38:53,582 - INFO - [2016preVFP] MISSING_FILE: /home/choij/Sync/workspace/ChargedHiggsAnalysisV3/SKNanoOutput/MatrixSelector/Run1E2Mu/2016preVFP/Skim_TriLep_MuonEG_B.root
2026-01-12 13:38:53,582 - INFO - [2016preVFP] MISSING_FILE: /home/choij/Sync/workspace/ChargedHiggsAnalysisV3/SKNanoOutput/MatrixSelector/Run1E2Mu/2016preVFP/Skim_TriLep_MuonEG_C.root
2026-01-12 13:38:53,582 - INFO - [2016preVFP] MISSING_FILE: /home/choij/Sync/workspace/ChargedHiggsAnalysisV3/SKNanoOutput/MatrixSelector/Run1E2Mu/2016preVFP/Skim_TriLep_MuonEG_D.root
2026-01-12 13:38:53,582 - INFO - [2016preVFP] MISSING_FILE: /home/choij/Sync/workspace/ChargedHiggsAnalysisV3/SKNanoOutput/MatrixSelector/Run1E2Mu/2016preVFP/Skim_TriLep_MuonEG_E.root
2026-01-12 13:38:53,582 - INFO - [2016preVFP] MISSING_FILE: /home/choij/Sync/workspace/ChargedHiggsAnalysisV3/SKNanoOutput/MatrixSelector/Run1E2Mu/2016preVFP/Skim_TriLep_MuonEG_F.root
2026-01-12 13:38:53,600 - INFO - [2016preVFP] MISSING_CENTRAL: SR1E2Mu/Central/MHc160_MA98/score_ttZ in Skim_TriLep_DYJets10to50.root
