2025-09-24 15:40:39,254 - INFO - [2016preVFP] MISSING_CENTRAL: ZG1E2Mu/Central/convLep/pt in Skim_TriLep_DYJets10to50.root
2025-09-24 15:40:39,287 - INFO - [2016preVFP] MISSING_CENTRAL: ZG1E2Mu/Central/convLep/pt in Skim_TriLep_TTG.root
2025-09-24 15:40:39,328 - INFO - [2016preVFP] MISSING_FILE: /Users/choij/Sync/workspace/ChargedHiggsAnalysisV3/SKNanoOutput/CRPromptSelector/Run1E2Mu_RunSyst/2016preVFP/Skim_TriLep_WZTo3LNu_amcatnlo.root
2025-09-24 15:40:39,405 - INFO - [2016preVFP] MISSING_CENTRAL: ZG1E2Mu/Central/convLep/pt in Skim_TriLep_TTTT.root
2025-09-24 15:40:50,178 - INFO - [2016preVFP] MISSING_CENTRAL: ZG1E2Mu/Central/convLep/pt in Skim_TriLep_DYJets10to50.root
2025-09-24 15:40:50,178 - INFO - [2016preVFP] MISSING_CENTRAL: ZG1E2Mu/Central/convLep/pt in Skim_TriLep_TTG.root
2025-09-24 15:40:50,179 - INFO - [2016preVFP] MISSING_FILE: /Users/choij/Sync/workspace/ChargedHiggsAnalysisV3/SKNanoOutput/CRPromptSelector/Run1E2Mu_RunSyst/2016preVFP/Skim_TriLep_WZTo3LNu_amcatnlo.root
2025-09-24 15:40:50,183 - INFO - [2016preVFP] MISSING_CENTRAL: ZG1E2Mu/Central/convLep/pt in Skim_TriLep_TTTT.root
2025-10-02 21:07:03,803 - INFO - [2016preVFP] MISSING_CENTRAL: ZG1E2Mu/Central/convLep/pt in Skim_TriLep_DYJets10to50.root
2025-10-02 21:07:03,880 - INFO - [2016preVFP] MISSING_CENTRAL: ZG1E2Mu/Central/convLep/pt in Skim_TriLep_TTG.root
2025-10-02 21:07:04,303 - INFO - [2016preVFP] MISSING_FILE: /data9/Users/choij/Sync/workspace/ChargedHiggsAnalysisV3/SKNanoOutput/CRPromptSelector/Run1E2Mu_RunSyst/2016preVFP/Skim_TriLep_WZTo3LNu_amcatnlo.root
2025-10-02 21:07:04,793 - INFO - [2016preVFP] MISSING_CENTRAL: ZG1E2Mu/Central/convLep/pt in Skim_TriLep_TTTT.root
2025-10-02 21:07:10,353 - INFO - [2016preVFP] MISSING_CENTRAL: ZG1E2Mu/Central/convLep/pt in Skim_TriLep_DYJets10to50.root
2025-10-02 21:07:10,355 - INFO - [2016preVFP] MISSING_CENTRAL: ZG1E2Mu/Central/convLep/pt in Skim_TriLep_TTG.root
2025-10-02 21:07:10,365 - INFO - [2016preVFP] MISSING_FILE: /data9/Users/choij/Sync/workspace/ChargedHiggsAnalysisV3/SKNanoOutput/CRPromptSelector/Run1E2Mu_RunSyst/2016preVFP/Skim_TriLep_WZTo3LNu_amcatnlo.root
2025-10-02 21:07:10,386 - INFO - [2016preVFP] MISSING_CENTRAL: ZG1E2Mu/Central/convLep/pt in Skim_TriLep_TTTT.root
2025-10-02 21:08:54,836 - INFO - [2016preVFP] MISSING_CENTRAL: ZG1E2Mu/Central/convLep/pt in Skim_TriLep_DYJets10to50.root
2025-10-02 21:08:54,856 - INFO - [2016preVFP] MISSING_CENTRAL: ZG1E2Mu/Central/convLep/pt in Skim_TriLep_TTG.root
2025-10-02 21:08:54,927 - INFO - [2016preVFP] MISSING_FILE: /data9/Users/choij/Sync/workspace/ChargedHiggsAnalysisV3/SKNanoOutput/CRPromptSelector/Run1E2Mu_RunSyst/2016preVFP/Skim_TriLep_WZTo3LNu_amcatnlo.root
2025-10-02 21:08:55,057 - INFO - [2016preVFP] MISSING_CENTRAL: ZG1E2Mu/Central/convLep/pt in Skim_TriLep_TTTT.root
2025-10-02 21:09:00,999 - INFO - [2016preVFP] MISSING_CENTRAL: ZG1E2Mu/Central/convLep/pt in Skim_TriLep_DYJets10to50.root
2025-10-02 21:09:01,001 - INFO - [2016preVFP] MISSING_CENTRAL: ZG1E2Mu/Central/convLep/pt in Skim_TriLep_TTG.root
2025-10-02 21:09:01,007 - INFO - [2016preVFP] MISSING_FILE: /data9/Users/choij/Sync/workspace/ChargedHiggsAnalysisV3/SKNanoOutput/CRPromptSelector/Run1E2Mu_RunSyst/2016preVFP/Skim_TriLep_WZTo3LNu_amcatnlo.root
2025-10-02 21:09:01,022 - INFO - [2016preVFP] MISSING_CENTRAL: ZG1E2Mu/Central/convLep/pt in Skim_TriLep_TTTT.root
2025-10-02 23:54:04,942 - INFO - [2016preVFP] MISSING_CENTRAL: ZG1E2Mu/Central/convLep/pt in Skim_TriLep_DYJets10to50.root
2025-10-02 23:54:04,953 - INFO - [2016preVFP] MISSING_CENTRAL: ZG1E2Mu/Central/convLep/pt in Skim_TriLep_TTG.root
2025-10-02 23:54:04,993 - INFO - [2016preVFP] MISSING_FILE: /Users/choij/Sync/workspace/ChargedHiggsAnalysisV3/SKNanoOutput/CRPromptSelector/Run1E2Mu_RunSyst/2016preVFP/Skim_TriLep_WZTo3LNu_amcatnlo.root
2025-10-02 23:54:05,067 - INFO - [2016preVFP] MISSING_CENTRAL: ZG1E2Mu/Central/convLep/pt in Skim_TriLep_TTTT.root
2025-10-02 23:54:14,820 - INFO - [2016preVFP] MISSING_CENTRAL: ZG1E2Mu/Central/convLep/pt in Skim_TriLep_DYJets10to50.root
2025-10-02 23:54:14,821 - INFO - [2016preVFP] MISSING_CENTRAL: ZG1E2Mu/Central/convLep/pt in Skim_TriLep_TTG.root
2025-10-02 23:54:14,822 - INFO - [2016preVFP] MISSING_FILE: /Users/choij/Sync/workspace/ChargedHiggsAnalysisV3/SKNanoOutput/CRPromptSelector/Run1E2Mu_RunSyst/2016preVFP/Skim_TriLep_WZTo3LNu_amcatnlo.root
2025-10-02 23:54:14,825 - INFO - [2016preVFP] MISSING_CENTRAL: ZG1E2Mu/Central/convLep/pt in Skim_TriLep_TTTT.root
