2025-09-24 15:40:33,909 - INFO - [2016preVFP] MISSING_CENTRAL: ZG1E2Mu/Central/jets/1/phi in Skim_TriLep_DYJets10to50.root
2025-09-24 15:40:33,921 - INFO - [2016preVFP] MISSING_CENTRAL: ZG1E2Mu/Central/jets/1/phi in Skim_TriLep_TTG.root
2025-09-24 15:40:33,951 - INFO - [2016preVFP] MISSING_FILE: /Users/choij/Sync/workspace/ChargedHiggsAnalysisV3/SKNanoOutput/CRPromptSelector/Run1E2Mu_RunSyst/2016preVFP/Skim_TriLep_WZTo3LNu_amcatnlo.root
2025-09-24 15:40:34,143 - INFO - [2016preVFP] MISSING_CENTRAL: ZG1E2Mu/Central/jets/1/phi in Skim_TriLep_TTTT.root
2025-09-24 15:40:45,013 - INFO - [2016preVFP] MISSING_CENTRAL: ZG1E2Mu/Central/jets/1/phi in Skim_TriLep_DYJets10to50.root
2025-09-24 15:40:45,014 - INFO - [2016preVFP] MISSING_CENTRAL: ZG1E2Mu/Central/jets/1/phi in Skim_TriLep_TTG.root
2025-09-24 15:40:45,016 - INFO - [2016preVFP] MISSING_FILE: /Users/choij/Sync/workspace/ChargedHiggsAnalysisV3/SKNanoOutput/CRPromptSelector/Run1E2Mu_RunSyst/2016preVFP/Skim_TriLep_WZTo3LNu_amcatnlo.root
2025-09-24 15:40:45,025 - INFO - [2016preVFP] MISSING_CENTRAL: ZG1E2Mu/Central/jets/1/phi in Skim_TriLep_TTTT.root
2025-10-02 21:07:03,955 - INFO - [2016preVFP] MISSING_CENTRAL: ZG1E2Mu/Central/jets/1/phi in Skim_TriLep_DYJets10to50.root
2025-10-02 21:07:03,964 - INFO - [2016preVFP] MISSING_CENTRAL: ZG1E2Mu/Central/jets/1/phi in Skim_TriLep_TTG.root
2025-10-02 21:07:04,296 - INFO - [2016preVFP] MISSING_FILE: /data9/Users/choij/Sync/workspace/ChargedHiggsAnalysisV3/SKNanoOutput/CRPromptSelector/Run1E2Mu_RunSyst/2016preVFP/Skim_TriLep_WZTo3LNu_amcatnlo.root
2025-10-02 21:07:04,788 - INFO - [2016preVFP] MISSING_CENTRAL: ZG1E2Mu/Central/jets/1/phi in Skim_TriLep_TTTT.root
2025-10-02 21:07:10,099 - INFO - [2016preVFP] MISSING_CENTRAL: ZG1E2Mu/Central/jets/1/phi in Skim_TriLep_DYJets10to50.root
2025-10-02 21:07:10,105 - INFO - [2016preVFP] MISSING_CENTRAL: ZG1E2Mu/Central/jets/1/phi in Skim_TriLep_TTG.root
2025-10-02 21:07:10,122 - INFO - [2016preVFP] MISSING_FILE: /data9/Users/choij/Sync/workspace/ChargedHiggsAnalysisV3/SKNanoOutput/CRPromptSelector/Run1E2Mu_RunSyst/2016preVFP/Skim_TriLep_WZTo3LNu_amcatnlo.root
2025-10-02 21:07:10,140 - INFO - [2016preVFP] MISSING_CENTRAL: ZG1E2Mu/Central/jets/1/phi in Skim_TriLep_TTTT.root
2025-10-02 21:08:55,144 - INFO - [2016preVFP] MISSING_CENTRAL: ZG1E2Mu/Central/jets/1/phi in Skim_TriLep_DYJets10to50.root
2025-10-02 21:08:55,155 - INFO - [2016preVFP] MISSING_CENTRAL: ZG1E2Mu/Central/jets/1/phi in Skim_TriLep_TTG.root
2025-10-02 21:08:55,200 - INFO - [2016preVFP] MISSING_FILE: /data9/Users/choij/Sync/workspace/ChargedHiggsAnalysisV3/SKNanoOutput/CRPromptSelector/Run1E2Mu_RunSyst/2016preVFP/Skim_TriLep_WZTo3LNu_amcatnlo.root
2025-10-02 21:08:55,285 - INFO - [2016preVFP] MISSING_CENTRAL: ZG1E2Mu/Central/jets/1/phi in Skim_TriLep_TTTT.root
2025-10-02 21:09:00,665 - INFO - [2016preVFP] MISSING_CENTRAL: ZG1E2Mu/Central/jets/1/phi in Skim_TriLep_DYJets10to50.root
2025-10-02 21:09:00,667 - INFO - [2016preVFP] MISSING_CENTRAL: ZG1E2Mu/Central/jets/1/phi in Skim_TriLep_TTG.root
2025-10-02 21:09:00,672 - INFO - [2016preVFP] MISSING_FILE: /data9/Users/choij/Sync/workspace/ChargedHiggsAnalysisV3/SKNanoOutput/CRPromptSelector/Run1E2Mu_RunSyst/2016preVFP/Skim_TriLep_WZTo3LNu_amcatnlo.root
2025-10-02 21:09:00,687 - INFO - [2016preVFP] MISSING_CENTRAL: ZG1E2Mu/Central/jets/1/phi in Skim_TriLep_TTTT.root
2025-10-02 23:54:00,392 - INFO - [2016preVFP] MISSING_CENTRAL: ZG1E2Mu/Central/jets/1/phi in Skim_TriLep_DYJets10to50.root
2025-10-02 23:54:00,398 - INFO - [2016preVFP] MISSING_CENTRAL: ZG1E2Mu/Central/jets/1/phi in Skim_TriLep_TTG.root
2025-10-02 23:54:00,456 - INFO - [2016preVFP] MISSING_FILE: /Users/choij/Sync/workspace/ChargedHiggsAnalysisV3/SKNanoOutput/CRPromptSelector/Run1E2Mu_RunSyst/2016preVFP/Skim_TriLep_WZTo3LNu_amcatnlo.root
2025-10-02 23:54:00,508 - INFO - [2016preVFP] MISSING_CENTRAL: ZG1E2Mu/Central/jets/1/phi in Skim_TriLep_TTTT.root
2025-10-02 23:54:09,610 - INFO - [2016preVFP] MISSING_CENTRAL: ZG1E2Mu/Central/jets/1/phi in Skim_TriLep_DYJets10to50.root
2025-10-02 23:54:09,611 - INFO - [2016preVFP] MISSING_CENTRAL: ZG1E2Mu/Central/jets/1/phi in Skim_TriLep_TTG.root
2025-10-02 23:54:09,612 - INFO - [2016preVFP] MISSING_FILE: /Users/choij/Sync/workspace/ChargedHiggsAnalysisV3/SKNanoOutput/CRPromptSelector/Run1E2Mu_RunSyst/2016preVFP/Skim_TriLep_WZTo3LNu_amcatnlo.root
2025-10-02 23:54:09,769 - INFO - [2016preVFP] MISSING_CENTRAL: ZG1E2Mu/Central/jets/1/phi in Skim_TriLep_TTTT.root
2025-11-07 13:24:33,306 - INFO - [2016preVFP] MISSING_CENTRAL: ZG1E2Mu/Central/jets/1/phi in Skim_TriLep_DYJets10to50.root
2025-11-07 13:24:33,325 - INFO - [2016preVFP] MISSING_CENTRAL: ZG1E2Mu/Central/jets/1/phi in Skim_TriLep_TTG.root
2025-11-07 13:24:33,381 - INFO - [2016preVFP] MISSING_FILE: /home/choij/Sync/workspace/ChargedHiggsAnalysisV3/SKNanoOutput/CRPromptSelector/Run1E2Mu_RunSyst/2016preVFP/Skim_TriLep_WZTo3LNu_amcatnlo.root
2025-11-07 13:24:33,468 - INFO - [2016preVFP] MISSING_CENTRAL: ZG1E2Mu/Central/jets/1/phi in Skim_TriLep_TTTT.root
2025-11-07 13:24:38,521 - INFO - [2016preVFP] MISSING_CENTRAL: ZG1E2Mu/Central/jets/1/phi in Skim_TriLep_DYJets10to50.root
2025-11-07 13:24:38,522 - INFO - [2016preVFP] MISSING_CENTRAL: ZG1E2Mu/Central/jets/1/phi in Skim_TriLep_TTG.root
2025-11-07 13:24:38,524 - INFO - [2016preVFP] MISSING_FILE: /home/choij/Sync/workspace/ChargedHiggsAnalysisV3/SKNanoOutput/CRPromptSelector/Run1E2Mu_RunSyst/2016preVFP/Skim_TriLep_WZTo3LNu_amcatnlo.root
2025-11-07 13:24:38,531 - INFO - [2016preVFP] MISSING_CENTRAL: ZG1E2Mu/Central/jets/1/phi in Skim_TriLep_TTTT.root
2025-11-07 13:27:01,670 - INFO - [2016preVFP] MISSING_CENTRAL: ZG1E2Mu/Central/jets/1/phi in Skim_TriLep_DYJets10to50.root
2025-11-07 13:27:01,678 - INFO - [2016preVFP] MISSING_CENTRAL: ZG1E2Mu/Central/jets/1/phi in Skim_TriLep_TTG.root
2025-11-07 13:27:01,705 - INFO - [2016preVFP] MISSING_FILE: /home/choij/Sync/workspace/ChargedHiggsAnalysisV3/SKNanoOutput/CRPromptSelector/Run1E2Mu_RunSyst/2016preVFP/Skim_TriLep_WZTo3LNu_amcatnlo.root
2025-11-07 13:27:01,754 - INFO - [2016preVFP] MISSING_CENTRAL: ZG1E2Mu/Central/jets/1/phi in Skim_TriLep_TTTT.root
2025-11-07 13:27:06,742 - INFO - [2016preVFP] MISSING_CENTRAL: ZG1E2Mu/Central/jets/1/phi in Skim_TriLep_DYJets10to50.root
2025-11-07 13:27:06,743 - INFO - [2016preVFP] MISSING_CENTRAL: ZG1E2Mu/Central/jets/1/phi in Skim_TriLep_TTG.root
2025-11-07 13:27:06,745 - INFO - [2016preVFP] MISSING_FILE: /home/choij/Sync/workspace/ChargedHiggsAnalysisV3/SKNanoOutput/CRPromptSelector/Run1E2Mu_RunSyst/2016preVFP/Skim_TriLep_WZTo3LNu_amcatnlo.root
2025-11-07 13:27:06,754 - INFO - [2016preVFP] MISSING_CENTRAL: ZG1E2Mu/Central/jets/1/phi in Skim_TriLep_TTTT.root
2025-11-07 13:43:24,895 - INFO - [2016preVFP] MISSING_CENTRAL: ZG1E2Mu/Central/jets/1/phi in Skim_TriLep_DYJets10to50.root
2025-11-07 13:43:24,903 - INFO - [2016preVFP] MISSING_CENTRAL: ZG1E2Mu/Central/jets/1/phi in Skim_TriLep_TTG.root
2025-11-07 13:43:24,929 - INFO - [2016preVFP] MISSING_FILE: /home/choij/Sync/workspace/ChargedHiggsAnalysisV3/SKNanoOutput/CRPromptSelector/Run1E2Mu_RunSyst/2016preVFP/Skim_TriLep_WZTo3LNu_amcatnlo.root
2025-11-07 13:43:24,977 - INFO - [2016preVFP] MISSING_CENTRAL: ZG1E2Mu/Central/jets/1/phi in Skim_TriLep_TTTT.root
2025-11-07 13:43:29,853 - INFO - [2016preVFP] MISSING_CENTRAL: ZG1E2Mu/Central/jets/1/phi in Skim_TriLep_DYJets10to50.root
2025-11-07 13:43:29,854 - INFO - [2016preVFP] MISSING_CENTRAL: ZG1E2Mu/Central/jets/1/phi in Skim_TriLep_TTG.root
2025-11-07 13:43:29,857 - INFO - [2016preVFP] MISSING_FILE: /home/choij/Sync/workspace/ChargedHiggsAnalysisV3/SKNanoOutput/CRPromptSelector/Run1E2Mu_RunSyst/2016preVFP/Skim_TriLep_WZTo3LNu_amcatnlo.root
2025-11-07 13:43:29,864 - INFO - [2016preVFP] MISSING_CENTRAL: ZG1E2Mu/Central/jets/1/phi in Skim_TriLep_TTTT.root
2025-11-07 13:51:21,935 - INFO - [2016preVFP] MISSING_CENTRAL: ZG1E2Mu/Central/jets/1/phi in Skim_TriLep_DYJets10to50.root
2025-11-07 13:51:21,942 - INFO - [2016preVFP] MISSING_CENTRAL: ZG1E2Mu/Central/jets/1/phi in Skim_TriLep_TTG.root
2025-11-07 13:51:21,969 - INFO - [2016preVFP] MISSING_FILE: /home/choij/Sync/workspace/ChargedHiggsAnalysisV3/SKNanoOutput/CRPromptSelector/Run1E2Mu_RunSyst/2016preVFP/Skim_TriLep_WZTo3LNu_amcatnlo.root
2025-11-07 13:51:22,018 - INFO - [2016preVFP] MISSING_CENTRAL: ZG1E2Mu/Central/jets/1/phi in Skim_TriLep_TTTT.root
2025-11-07 13:51:26,865 - INFO - [2016preVFP] MISSING_CENTRAL: ZG1E2Mu/Central/jets/1/phi in Skim_TriLep_DYJets10to50.root
2025-11-07 13:51:26,866 - INFO - [2016preVFP] MISSING_CENTRAL: ZG1E2Mu/Central/jets/1/phi in Skim_TriLep_TTG.root
2025-11-07 13:51:26,868 - INFO - [2016preVFP] MISSING_FILE: /home/choij/Sync/workspace/ChargedHiggsAnalysisV3/SKNanoOutput/CRPromptSelector/Run1E2Mu_RunSyst/2016preVFP/Skim_TriLep_WZTo3LNu_amcatnlo.root
2025-11-07 13:51:26,875 - INFO - [2016preVFP] MISSING_CENTRAL: ZG1E2Mu/Central/jets/1/phi in Skim_TriLep_TTTT.root
2025-11-07 13:59:47,557 - INFO - [2016preVFP] MISSING_CENTRAL: ZG1E2Mu/Central/jets/1/phi in Skim_TriLep_DYJets10to50.root
2025-11-07 13:59:47,564 - INFO - [2016preVFP] MISSING_CENTRAL: ZG1E2Mu/Central/jets/1/phi in Skim_TriLep_TTG.root
2025-11-07 13:59:47,591 - INFO - [2016preVFP] MISSING_FILE: /home/choij/Sync/workspace/ChargedHiggsAnalysisV3/SKNanoOutput/CRPromptSelector/Run1E2Mu_RunSyst/2016preVFP/Skim_TriLep_WZTo3LNu_amcatnlo.root
2025-11-07 13:59:47,639 - INFO - [2016preVFP] MISSING_CENTRAL: ZG1E2Mu/Central/jets/1/phi in Skim_TriLep_TTTT.root
2025-11-07 13:59:52,523 - INFO - [2016preVFP] MISSING_CENTRAL: ZG1E2Mu/Central/jets/1/phi in Skim_TriLep_DYJets10to50.root
2025-11-07 13:59:52,524 - INFO - [2016preVFP] MISSING_CENTRAL: ZG1E2Mu/Central/jets/1/phi in Skim_TriLep_TTG.root
2025-11-07 13:59:52,527 - INFO - [2016preVFP] MISSING_FILE: /home/choij/Sync/workspace/ChargedHiggsAnalysisV3/SKNanoOutput/CRPromptSelector/Run1E2Mu_RunSyst/2016preVFP/Skim_TriLep_WZTo3LNu_amcatnlo.root
2025-11-07 13:59:52,534 - INFO - [2016preVFP] MISSING_CENTRAL: ZG1E2Mu/Central/jets/1/phi in Skim_TriLep_TTTT.root
2025-11-10 05:49:32,216 - INFO - [2016preVFP] MISSING_CENTRAL: ZG1E2Mu/Central/jets/1/phi in Skim_TriLep_DYJets10to50.root
2025-11-10 05:49:32,230 - INFO - [2016preVFP] MISSING_CENTRAL: ZG1E2Mu/Central/jets/1/phi in Skim_TriLep_TTG.root
2025-11-10 05:49:32,273 - INFO - [2016preVFP] MISSING_FILE: /home/choij/Sync/workspace/ChargedHiggsAnalysisV3/SKNanoOutput/CRPromptSelector/Run1E2Mu_RunSyst/2016preVFP/Skim_TriLep_WZTo3LNu_amcatnlo.root
2025-11-10 05:49:32,327 - INFO - [2016preVFP] MISSING_CENTRAL: ZG1E2Mu/Central/jets/1/phi in Skim_TriLep_TTTT.root
2025-11-10 05:49:40,038 - INFO - [2016preVFP] MISSING_CENTRAL: ZG1E2Mu/Central/jets/1/phi in Skim_TriLep_DYJets10to50.root
2025-11-10 05:49:40,039 - INFO - [2016preVFP] MISSING_CENTRAL: ZG1E2Mu/Central/jets/1/phi in Skim_TriLep_TTG.root
2025-11-10 05:49:40,041 - INFO - [2016preVFP] MISSING_FILE: /home/choij/Sync/workspace/ChargedHiggsAnalysisV3/SKNanoOutput/CRPromptSelector/Run1E2Mu_RunSyst/2016preVFP/Skim_TriLep_WZTo3LNu_amcatnlo.root
2025-11-10 05:49:40,049 - INFO - [2016preVFP] MISSING_CENTRAL: ZG1E2Mu/Central/jets/1/phi in Skim_TriLep_TTTT.root
2025-11-10 12:14:46,088 - INFO - [2016preVFP] MISSING_CENTRAL: ZG1E2Mu/Central/jets/1/phi in Skim_TriLep_DYJets10to50.root
2025-11-10 12:14:46,095 - INFO - [2016preVFP] MISSING_CENTRAL: ZG1E2Mu/Central/jets/1/phi in Skim_TriLep_TTG.root
2025-11-10 12:14:46,122 - INFO - [2016preVFP] MISSING_FILE: /home/choij/Sync/workspace/ChargedHiggsAnalysisV3/SKNanoOutput/CRPromptSelector/Run1E2Mu_RunSyst/2016preVFP/Skim_TriLep_WZTo3LNu_amcatnlo.root
2025-11-10 12:14:46,170 - INFO - [2016preVFP] MISSING_CENTRAL: ZG1E2Mu/Central/jets/1/phi in Skim_TriLep_TTTT.root
2025-11-10 12:14:51,628 - INFO - [2016preVFP] MISSING_CENTRAL: ZG1E2Mu/Central/jets/1/phi in Skim_TriLep_DYJets10to50.root
2025-11-10 12:14:51,629 - INFO - [2016preVFP] MISSING_CENTRAL: ZG1E2Mu/Central/jets/1/phi in Skim_TriLep_TTG.root
2025-11-10 12:14:51,631 - INFO - [2016preVFP] MISSING_FILE: /home/choij/Sync/workspace/ChargedHiggsAnalysisV3/SKNanoOutput/CRPromptSelector/Run1E2Mu_RunSyst/2016preVFP/Skim_TriLep_WZTo3LNu_amcatnlo.root
2025-11-10 12:14:51,639 - INFO - [2016preVFP] MISSING_CENTRAL: ZG1E2Mu/Central/jets/1/phi in Skim_TriLep_TTTT.root
