2025-09-24 15:40:34,504 - INFO - [2016preVFP] MISSING_CENTRAL: ZG1E2Mu/Central/jets/2/pt in Skim_TriLep_DYJets10to50.root
2025-09-24 15:40:34,515 - INFO - [2016preVFP] MISSING_CENTRAL: ZG1E2Mu/Central/jets/2/pt in Skim_TriLep_TTG.root
2025-09-24 15:40:34,572 - INFO - [2016preVFP] MISSING_FILE: /Users/choij/Sync/workspace/ChargedHiggsAnalysisV3/SKNanoOutput/CRPromptSelector/Run1E2Mu_RunSyst/2016preVFP/Skim_TriLep_WZTo3LNu_amcatnlo.root
2025-09-24 15:40:34,688 - INFO - [2016preVFP] MISSING_CENTRAL: ZG1E2Mu/Central/jets/2/pt in Skim_TriLep_TTTT.root
2025-09-24 15:40:45,173 - INFO - [2016preVFP] MISSING_CENTRAL: ZG1E2Mu/Central/jets/2/pt in Skim_TriLep_DYJets10to50.root
2025-09-24 15:40:45,174 - INFO - [2016preVFP] MISSING_CENTRAL: ZG1E2Mu/Central/jets/2/pt in Skim_TriLep_TTG.root
2025-09-24 15:40:45,175 - INFO - [2016preVFP] MISSING_FILE: /Users/choij/Sync/workspace/ChargedHiggsAnalysisV3/SKNanoOutput/CRPromptSelector/Run1E2Mu_RunSyst/2016preVFP/Skim_TriLep_WZTo3LNu_amcatnlo.root
2025-09-24 15:40:45,179 - INFO - [2016preVFP] MISSING_CENTRAL: ZG1E2Mu/Central/jets/2/pt in Skim_TriLep_TTTT.root
2025-10-02 21:07:03,798 - INFO - [2016preVFP] MISSING_CENTRAL: ZG1E2Mu/Central/jets/2/pt in Skim_TriLep_DYJets10to50.root
2025-10-02 21:07:03,881 - INFO - [2016preVFP] MISSING_CENTRAL: ZG1E2Mu/Central/jets/2/pt in Skim_TriLep_TTG.root
2025-10-02 21:07:04,304 - INFO - [2016preVFP] MISSING_FILE: /data9/Users/choij/Sync/workspace/ChargedHiggsAnalysisV3/SKNanoOutput/CRPromptSelector/Run1E2Mu_RunSyst/2016preVFP/Skim_TriLep_WZTo3LNu_amcatnlo.root
2025-10-02 21:07:04,796 - INFO - [2016preVFP] MISSING_CENTRAL: ZG1E2Mu/Central/jets/2/pt in Skim_TriLep_TTTT.root
2025-10-02 21:07:10,244 - INFO - [2016preVFP] MISSING_CENTRAL: ZG1E2Mu/Central/jets/2/pt in Skim_TriLep_DYJets10to50.root
2025-10-02 21:07:10,246 - INFO - [2016preVFP] MISSING_CENTRAL: ZG1E2Mu/Central/jets/2/pt in Skim_TriLep_TTG.root
2025-10-02 21:07:10,253 - INFO - [2016preVFP] MISSING_FILE: /data9/Users/choij/Sync/workspace/ChargedHiggsAnalysisV3/SKNanoOutput/CRPromptSelector/Run1E2Mu_RunSyst/2016preVFP/Skim_TriLep_WZTo3LNu_amcatnlo.root
2025-10-02 21:07:10,275 - INFO - [2016preVFP] MISSING_CENTRAL: ZG1E2Mu/Central/jets/2/pt in Skim_TriLep_TTTT.root
2025-10-02 21:08:55,015 - INFO - [2016preVFP] MISSING_CENTRAL: ZG1E2Mu/Central/jets/2/pt in Skim_TriLep_DYJets10to50.root
2025-10-02 21:08:55,036 - INFO - [2016preVFP] MISSING_CENTRAL: ZG1E2Mu/Central/jets/2/pt in Skim_TriLep_TTG.root
2025-10-02 21:08:55,112 - INFO - [2016preVFP] MISSING_FILE: /data9/Users/choij/Sync/workspace/ChargedHiggsAnalysisV3/SKNanoOutput/CRPromptSelector/Run1E2Mu_RunSyst/2016preVFP/Skim_TriLep_WZTo3LNu_amcatnlo.root
2025-10-02 21:08:55,243 - INFO - [2016preVFP] MISSING_CENTRAL: ZG1E2Mu/Central/jets/2/pt in Skim_TriLep_TTTT.root
2025-10-02 21:09:00,307 - INFO - [2016preVFP] MISSING_CENTRAL: ZG1E2Mu/Central/jets/2/pt in Skim_TriLep_DYJets10to50.root
2025-10-02 21:09:00,310 - INFO - [2016preVFP] MISSING_CENTRAL: ZG1E2Mu/Central/jets/2/pt in Skim_TriLep_TTG.root
2025-10-02 21:09:00,314 - INFO - [2016preVFP] MISSING_FILE: /data9/Users/choij/Sync/workspace/ChargedHiggsAnalysisV3/SKNanoOutput/CRPromptSelector/Run1E2Mu_RunSyst/2016preVFP/Skim_TriLep_WZTo3LNu_amcatnlo.root
2025-10-02 21:09:00,364 - INFO - [2016preVFP] MISSING_CENTRAL: ZG1E2Mu/Central/jets/2/pt in Skim_TriLep_TTTT.root
2025-10-02 23:54:00,397 - INFO - [2016preVFP] MISSING_CENTRAL: ZG1E2Mu/Central/jets/2/pt in Skim_TriLep_DYJets10to50.root
2025-10-02 23:54:00,408 - INFO - [2016preVFP] MISSING_CENTRAL: ZG1E2Mu/Central/jets/2/pt in Skim_TriLep_TTG.root
2025-10-02 23:54:00,482 - INFO - [2016preVFP] MISSING_FILE: /Users/choij/Sync/workspace/ChargedHiggsAnalysisV3/SKNanoOutput/CRPromptSelector/Run1E2Mu_RunSyst/2016preVFP/Skim_TriLep_WZTo3LNu_amcatnlo.root
2025-10-02 23:54:00,574 - INFO - [2016preVFP] MISSING_CENTRAL: ZG1E2Mu/Central/jets/2/pt in Skim_TriLep_TTTT.root
2025-10-02 23:54:10,002 - INFO - [2016preVFP] MISSING_CENTRAL: ZG1E2Mu/Central/jets/2/pt in Skim_TriLep_DYJets10to50.root
2025-10-02 23:54:10,002 - INFO - [2016preVFP] MISSING_CENTRAL: ZG1E2Mu/Central/jets/2/pt in Skim_TriLep_TTG.root
2025-10-02 23:54:10,003 - INFO - [2016preVFP] MISSING_FILE: /Users/choij/Sync/workspace/ChargedHiggsAnalysisV3/SKNanoOutput/CRPromptSelector/Run1E2Mu_RunSyst/2016preVFP/Skim_TriLep_WZTo3LNu_amcatnlo.root
2025-10-02 23:54:10,039 - INFO - [2016preVFP] MISSING_CENTRAL: ZG1E2Mu/Central/jets/2/pt in Skim_TriLep_TTTT.root
2025-11-07 13:24:33,338 - INFO - [2016preVFP] MISSING_CENTRAL: ZG1E2Mu/Central/jets/2/pt in Skim_TriLep_DYJets10to50.root
2025-11-07 13:24:33,350 - INFO - [2016preVFP] MISSING_CENTRAL: ZG1E2Mu/Central/jets/2/pt in Skim_TriLep_TTG.root
2025-11-07 13:24:33,397 - INFO - [2016preVFP] MISSING_FILE: /home/choij/Sync/workspace/ChargedHiggsAnalysisV3/SKNanoOutput/CRPromptSelector/Run1E2Mu_RunSyst/2016preVFP/Skim_TriLep_WZTo3LNu_amcatnlo.root
2025-11-07 13:24:33,477 - INFO - [2016preVFP] MISSING_CENTRAL: ZG1E2Mu/Central/jets/2/pt in Skim_TriLep_TTTT.root
2025-11-07 13:24:38,532 - INFO - [2016preVFP] MISSING_CENTRAL: ZG1E2Mu/Central/jets/2/pt in Skim_TriLep_DYJets10to50.root
2025-11-07 13:24:38,533 - INFO - [2016preVFP] MISSING_CENTRAL: ZG1E2Mu/Central/jets/2/pt in Skim_TriLep_TTG.root
2025-11-07 13:24:38,535 - INFO - [2016preVFP] MISSING_FILE: /home/choij/Sync/workspace/ChargedHiggsAnalysisV3/SKNanoOutput/CRPromptSelector/Run1E2Mu_RunSyst/2016preVFP/Skim_TriLep_WZTo3LNu_amcatnlo.root
2025-11-07 13:24:38,542 - INFO - [2016preVFP] MISSING_CENTRAL: ZG1E2Mu/Central/jets/2/pt in Skim_TriLep_TTTT.root
2025-11-07 13:27:01,644 - INFO - [2016preVFP] MISSING_CENTRAL: ZG1E2Mu/Central/jets/2/pt in Skim_TriLep_DYJets10to50.root
2025-11-07 13:27:01,657 - INFO - [2016preVFP] MISSING_CENTRAL: ZG1E2Mu/Central/jets/2/pt in Skim_TriLep_TTG.root
2025-11-07 13:27:01,704 - INFO - [2016preVFP] MISSING_FILE: /home/choij/Sync/workspace/ChargedHiggsAnalysisV3/SKNanoOutput/CRPromptSelector/Run1E2Mu_RunSyst/2016preVFP/Skim_TriLep_WZTo3LNu_amcatnlo.root
2025-11-07 13:27:01,791 - INFO - [2016preVFP] MISSING_CENTRAL: ZG1E2Mu/Central/jets/2/pt in Skim_TriLep_TTTT.root
2025-11-07 13:27:06,707 - INFO - [2016preVFP] MISSING_CENTRAL: ZG1E2Mu/Central/jets/2/pt in Skim_TriLep_DYJets10to50.root
2025-11-07 13:27:06,708 - INFO - [2016preVFP] MISSING_CENTRAL: ZG1E2Mu/Central/jets/2/pt in Skim_TriLep_TTG.root
2025-11-07 13:27:06,710 - INFO - [2016preVFP] MISSING_FILE: /home/choij/Sync/workspace/ChargedHiggsAnalysisV3/SKNanoOutput/CRPromptSelector/Run1E2Mu_RunSyst/2016preVFP/Skim_TriLep_WZTo3LNu_amcatnlo.root
2025-11-07 13:27:06,718 - INFO - [2016preVFP] MISSING_CENTRAL: ZG1E2Mu/Central/jets/2/pt in Skim_TriLep_TTTT.root
2025-11-07 13:43:24,863 - INFO - [2016preVFP] MISSING_CENTRAL: ZG1E2Mu/Central/jets/2/pt in Skim_TriLep_DYJets10to50.root
2025-11-07 13:43:24,876 - INFO - [2016preVFP] MISSING_CENTRAL: ZG1E2Mu/Central/jets/2/pt in Skim_TriLep_TTG.root
2025-11-07 13:43:24,924 - INFO - [2016preVFP] MISSING_FILE: /home/choij/Sync/workspace/ChargedHiggsAnalysisV3/SKNanoOutput/CRPromptSelector/Run1E2Mu_RunSyst/2016preVFP/Skim_TriLep_WZTo3LNu_amcatnlo.root
2025-11-07 13:43:25,009 - INFO - [2016preVFP] MISSING_CENTRAL: ZG1E2Mu/Central/jets/2/pt in Skim_TriLep_TTTT.root
2025-11-07 13:43:29,760 - INFO - [2016preVFP] MISSING_CENTRAL: ZG1E2Mu/Central/jets/2/pt in Skim_TriLep_DYJets10to50.root
2025-11-07 13:43:29,761 - INFO - [2016preVFP] MISSING_CENTRAL: ZG1E2Mu/Central/jets/2/pt in Skim_TriLep_TTG.root
2025-11-07 13:43:29,763 - INFO - [2016preVFP] MISSING_FILE: /home/choij/Sync/workspace/ChargedHiggsAnalysisV3/SKNanoOutput/CRPromptSelector/Run1E2Mu_RunSyst/2016preVFP/Skim_TriLep_WZTo3LNu_amcatnlo.root
2025-11-07 13:43:29,770 - INFO - [2016preVFP] MISSING_CENTRAL: ZG1E2Mu/Central/jets/2/pt in Skim_TriLep_TTTT.root
2025-11-07 13:51:21,970 - INFO - [2016preVFP] MISSING_CENTRAL: ZG1E2Mu/Central/jets/2/pt in Skim_TriLep_DYJets10to50.root
2025-11-07 13:51:21,983 - INFO - [2016preVFP] MISSING_CENTRAL: ZG1E2Mu/Central/jets/2/pt in Skim_TriLep_TTG.root
2025-11-07 13:51:22,031 - INFO - [2016preVFP] MISSING_FILE: /home/choij/Sync/workspace/ChargedHiggsAnalysisV3/SKNanoOutput/CRPromptSelector/Run1E2Mu_RunSyst/2016preVFP/Skim_TriLep_WZTo3LNu_amcatnlo.root
2025-11-07 13:51:22,112 - INFO - [2016preVFP] MISSING_CENTRAL: ZG1E2Mu/Central/jets/2/pt in Skim_TriLep_TTTT.root
2025-11-07 13:51:26,907 - INFO - [2016preVFP] MISSING_CENTRAL: ZG1E2Mu/Central/jets/2/pt in Skim_TriLep_DYJets10to50.root
2025-11-07 13:51:26,909 - INFO - [2016preVFP] MISSING_CENTRAL: ZG1E2Mu/Central/jets/2/pt in Skim_TriLep_TTG.root
2025-11-07 13:51:26,911 - INFO - [2016preVFP] MISSING_FILE: /home/choij/Sync/workspace/ChargedHiggsAnalysisV3/SKNanoOutput/CRPromptSelector/Run1E2Mu_RunSyst/2016preVFP/Skim_TriLep_WZTo3LNu_amcatnlo.root
2025-11-07 13:51:26,918 - INFO - [2016preVFP] MISSING_CENTRAL: ZG1E2Mu/Central/jets/2/pt in Skim_TriLep_TTTT.root
2025-11-07 13:59:47,470 - INFO - [2016preVFP] MISSING_CENTRAL: ZG1E2Mu/Central/jets/2/pt in Skim_TriLep_DYJets10to50.root
2025-11-07 13:59:47,484 - INFO - [2016preVFP] MISSING_CENTRAL: ZG1E2Mu/Central/jets/2/pt in Skim_TriLep_TTG.root
2025-11-07 13:59:47,533 - INFO - [2016preVFP] MISSING_FILE: /home/choij/Sync/workspace/ChargedHiggsAnalysisV3/SKNanoOutput/CRPromptSelector/Run1E2Mu_RunSyst/2016preVFP/Skim_TriLep_WZTo3LNu_amcatnlo.root
2025-11-07 13:59:47,622 - INFO - [2016preVFP] MISSING_CENTRAL: ZG1E2Mu/Central/jets/2/pt in Skim_TriLep_TTTT.root
2025-11-07 13:59:52,521 - INFO - [2016preVFP] MISSING_CENTRAL: ZG1E2Mu/Central/jets/2/pt in Skim_TriLep_DYJets10to50.root
2025-11-07 13:59:52,523 - INFO - [2016preVFP] MISSING_CENTRAL: ZG1E2Mu/Central/jets/2/pt in Skim_TriLep_TTG.root
2025-11-07 13:59:52,525 - INFO - [2016preVFP] MISSING_FILE: /home/choij/Sync/workspace/ChargedHiggsAnalysisV3/SKNanoOutput/CRPromptSelector/Run1E2Mu_RunSyst/2016preVFP/Skim_TriLep_WZTo3LNu_amcatnlo.root
2025-11-07 13:59:52,533 - INFO - [2016preVFP] MISSING_CENTRAL: ZG1E2Mu/Central/jets/2/pt in Skim_TriLep_TTTT.root
2025-11-10 05:49:33,127 - INFO - [2016preVFP] MISSING_CENTRAL: ZG1E2Mu/Central/jets/2/pt in Skim_TriLep_DYJets10to50.root
2025-11-10 05:49:33,140 - INFO - [2016preVFP] MISSING_CENTRAL: ZG1E2Mu/Central/jets/2/pt in Skim_TriLep_TTG.root
2025-11-10 05:49:33,183 - INFO - [2016preVFP] MISSING_FILE: /home/choij/Sync/workspace/ChargedHiggsAnalysisV3/SKNanoOutput/CRPromptSelector/Run1E2Mu_RunSyst/2016preVFP/Skim_TriLep_WZTo3LNu_amcatnlo.root
2025-11-10 05:49:33,254 - INFO - [2016preVFP] MISSING_CENTRAL: ZG1E2Mu/Central/jets/2/pt in Skim_TriLep_TTTT.root
2025-11-10 05:49:39,587 - INFO - [2016preVFP] MISSING_CENTRAL: ZG1E2Mu/Central/jets/2/pt in Skim_TriLep_DYJets10to50.root
2025-11-10 05:49:39,588 - INFO - [2016preVFP] MISSING_CENTRAL: ZG1E2Mu/Central/jets/2/pt in Skim_TriLep_TTG.root
2025-11-10 05:49:39,594 - INFO - [2016preVFP] MISSING_FILE: /home/choij/Sync/workspace/ChargedHiggsAnalysisV3/SKNanoOutput/CRPromptSelector/Run1E2Mu_RunSyst/2016preVFP/Skim_TriLep_WZTo3LNu_amcatnlo.root
2025-11-10 05:49:39,613 - INFO - [2016preVFP] MISSING_CENTRAL: ZG1E2Mu/Central/jets/2/pt in Skim_TriLep_TTTT.root
2025-11-10 12:14:45,891 - INFO - [2016preVFP] MISSING_CENTRAL: ZG1E2Mu/Central/jets/2/pt in Skim_TriLep_DYJets10to50.root
2025-11-10 12:14:45,901 - INFO - [2016preVFP] MISSING_CENTRAL: ZG1E2Mu/Central/jets/2/pt in Skim_TriLep_TTG.root
2025-11-10 12:14:45,938 - INFO - [2016preVFP] MISSING_FILE: /home/choij/Sync/workspace/ChargedHiggsAnalysisV3/SKNanoOutput/CRPromptSelector/Run1E2Mu_RunSyst/2016preVFP/Skim_TriLep_WZTo3LNu_amcatnlo.root
2025-11-10 12:14:46,015 - INFO - [2016preVFP] MISSING_CENTRAL: ZG1E2Mu/Central/jets/2/pt in Skim_TriLep_TTTT.root
2025-11-10 12:14:51,489 - INFO - [2016preVFP] MISSING_CENTRAL: ZG1E2Mu/Central/jets/2/pt in Skim_TriLep_DYJets10to50.root
2025-11-10 12:14:51,490 - INFO - [2016preVFP] MISSING_CENTRAL: ZG1E2Mu/Central/jets/2/pt in Skim_TriLep_TTG.root
2025-11-10 12:14:51,492 - INFO - [2016preVFP] MISSING_FILE: /home/choij/Sync/workspace/ChargedHiggsAnalysisV3/SKNanoOutput/CRPromptSelector/Run1E2Mu_RunSyst/2016preVFP/Skim_TriLep_WZTo3LNu_amcatnlo.root
2025-11-10 12:14:51,500 - INFO - [2016preVFP] MISSING_CENTRAL: ZG1E2Mu/Central/jets/2/pt in Skim_TriLep_TTTT.root
2025-11-13 11:03:16,896 - INFO - [2016preVFP] MISSING_CENTRAL: ZG1E2Mu/Central/jets/2/pt in Skim_TriLep_DYJets10to50.root
2025-11-13 11:03:16,908 - INFO - [2016preVFP] MISSING_CENTRAL: ZG1E2Mu/Central/jets/2/pt in Skim_TriLep_TTG.root
2025-11-13 11:03:16,953 - INFO - [2016preVFP] MISSING_FILE: /data9/Users/choij/Sync/workspace/ChargedHiggsAnalysisV3/SKNanoOutput/CRPromptSelector/Run1E2Mu_RunSyst/2016preVFP/Skim_TriLep_WZTo3LNu_amcatnlo.root
2025-11-13 11:03:17,562 - INFO - [2016preVFP] MISSING_CENTRAL: ZG1E2Mu/Central/jets/2/pt in Skim_TriLep_TTTT.root
2025-11-13 11:03:21,606 - INFO - [2016preVFP] MISSING_CENTRAL: ZG1E2Mu/Central/jets/2/pt in Skim_TriLep_DYJets10to50.root
2025-11-13 11:03:21,608 - INFO - [2016preVFP] MISSING_CENTRAL: ZG1E2Mu/Central/jets/2/pt in Skim_TriLep_TTG.root
2025-11-13 11:03:21,613 - INFO - [2016preVFP] MISSING_FILE: /data9/Users/choij/Sync/workspace/ChargedHiggsAnalysisV3/SKNanoOutput/CRPromptSelector/Run1E2Mu_RunSyst/2016preVFP/Skim_TriLep_WZTo3LNu_amcatnlo.root
2025-11-13 11:03:21,627 - INFO - [2016preVFP] MISSING_CENTRAL: ZG1E2Mu/Central/jets/2/pt in Skim_TriLep_TTTT.root
2025-11-19 00:16:11,732 - INFO - [2016preVFP] MISSING_CENTRAL: ZG1E2Mu/Central/jets/2/pt in Skim_TriLep_DYJets10to50.root
2025-11-19 00:16:11,758 - INFO - [2016preVFP] MISSING_CENTRAL: ZG1E2Mu/Central/jets/2/pt in Skim_TriLep_TTG.root
2025-11-19 00:16:11,944 - INFO - [2016preVFP] MISSING_FILE: /data9/Users/choij/Sync/workspace/ChargedHiggsAnalysisV3/SKNanoOutput/CRPromptSelector/Run1E2Mu_RunSyst/2016preVFP/Skim_TriLep_WZTo3LNu_amcatnlo.root
2025-11-19 00:16:12,130 - INFO - [2016preVFP] MISSING_CENTRAL: ZG1E2Mu/Central/jets/2/pt in Skim_TriLep_TTTT.root
2025-11-19 00:16:17,152 - INFO - [2016preVFP] MISSING_CENTRAL: ZG1E2Mu/Central/jets/2/pt in Skim_TriLep_DYJets10to50.root
2025-11-19 00:16:17,155 - INFO - [2016preVFP] MISSING_CENTRAL: ZG1E2Mu/Central/jets/2/pt in Skim_TriLep_TTG.root
2025-11-19 00:16:17,161 - INFO - [2016preVFP] MISSING_FILE: /data9/Users/choij/Sync/workspace/ChargedHiggsAnalysisV3/SKNanoOutput/CRPromptSelector/Run1E2Mu_RunSyst/2016preVFP/Skim_TriLep_WZTo3LNu_amcatnlo.root
2025-11-19 00:16:17,178 - INFO - [2016preVFP] MISSING_CENTRAL: ZG1E2Mu/Central/jets/2/pt in Skim_TriLep_TTTT.root
2025-11-19 15:41:17,538 - INFO - [2016preVFP] MISSING_CENTRAL: ZG1E2Mu/Central/jets/2/pt in Skim_TriLep_DYJets10to50.root
2025-11-19 15:41:17,550 - INFO - [2016preVFP] MISSING_CENTRAL: ZG1E2Mu/Central/jets/2/pt in Skim_TriLep_TTG.root
2025-11-19 15:41:17,596 - INFO - [2016preVFP] MISSING_FILE: /home/choij/Sync/workspace/ChargedHiggsAnalysisV3/SKNanoOutput/CRPromptSelector/Run1E2Mu_RunSyst/2016preVFP/Skim_TriLep_WZTo3LNu_amcatnlo.root
2025-11-19 15:41:17,676 - INFO - [2016preVFP] MISSING_CENTRAL: ZG1E2Mu/Central/jets/2/pt in Skim_TriLep_TTTT.root
2025-11-19 15:41:22,213 - INFO - [2016preVFP] MISSING_CENTRAL: ZG1E2Mu/Central/jets/2/pt in Skim_TriLep_DYJets10to50.root
2025-11-19 15:41:22,214 - INFO - [2016preVFP] MISSING_CENTRAL: ZG1E2Mu/Central/jets/2/pt in Skim_TriLep_TTG.root
2025-11-19 15:41:22,216 - INFO - [2016preVFP] MISSING_FILE: /home/choij/Sync/workspace/ChargedHiggsAnalysisV3/SKNanoOutput/CRPromptSelector/Run1E2Mu_RunSyst/2016preVFP/Skim_TriLep_WZTo3LNu_amcatnlo.root
2025-11-19 15:41:22,224 - INFO - [2016preVFP] MISSING_CENTRAL: ZG1E2Mu/Central/jets/2/pt in Skim_TriLep_TTTT.root
2025-11-19 16:17:06,352 - INFO - [2016preVFP] MISSING_CENTRAL: ZG1E2Mu/Central/jets/2/pt in Skim_TriLep_DYJets10to50.root
2025-11-19 16:17:06,364 - INFO - [2016preVFP] MISSING_CENTRAL: ZG1E2Mu/Central/jets/2/pt in Skim_TriLep_TTG.root
2025-11-19 16:17:06,412 - INFO - [2016preVFP] MISSING_FILE: /home/choij/Sync/workspace/ChargedHiggsAnalysisV3/SKNanoOutput/CRPromptSelector/Run1E2Mu_RunSyst/2016preVFP/Skim_TriLep_WZTo3LNu_amcatnlo.root
2025-11-19 16:17:06,497 - INFO - [2016preVFP] MISSING_CENTRAL: ZG1E2Mu/Central/jets/2/pt in Skim_TriLep_TTTT.root
2025-11-19 16:17:11,583 - INFO - [2016preVFP] MISSING_CENTRAL: ZG1E2Mu/Central/jets/2/pt in Skim_TriLep_DYJets10to50.root
2025-11-19 16:17:11,584 - INFO - [2016preVFP] MISSING_CENTRAL: ZG1E2Mu/Central/jets/2/pt in Skim_TriLep_TTG.root
2025-11-19 16:17:11,586 - INFO - [2016preVFP] MISSING_FILE: /home/choij/Sync/workspace/ChargedHiggsAnalysisV3/SKNanoOutput/CRPromptSelector/Run1E2Mu_RunSyst/2016preVFP/Skim_TriLep_WZTo3LNu_amcatnlo.root
2025-11-19 16:17:11,594 - INFO - [2016preVFP] MISSING_CENTRAL: ZG1E2Mu/Central/jets/2/pt in Skim_TriLep_TTTT.root
2025-12-17 12:24:29,205 - INFO - [2016preVFP] MISSING_CENTRAL: ZG1E2Mu/Central/jets/2/pt in Skim_TriLep_DYJets10to50.root
2025-12-17 12:24:29,207 - INFO - [2016preVFP] MISSING_CENTRAL: ZG1E2Mu/Central/jets/2/pt in Skim_TriLep_TTG.root
2025-12-17 12:24:29,430 - INFO - [2016preVFP] MISSING_SYSTEMATIC: ZG1E2Mu/JetEn_Up/jets/2/pt in Skim_TriLep_TTTT.root
2025-12-17 12:24:29,431 - INFO - [2016preVFP] MISSING_SYSTEMATIC: ZG1E2Mu/JetRes_Down/jets/2/pt in Skim_TriLep_TTTT.root
2025-12-17 12:24:29,432 - INFO - [2016preVFP] MISSING_SYSTEMATIC: ZG1E2Mu/UnclusteredEn_Up/jets/2/pt in Skim_TriLep_TTTT.root
2025-12-17 12:24:34,568 - INFO - [2016preVFP] MISSING_CENTRAL: ZG1E2Mu/Central/jets/2/pt in Skim_TriLep_DYJets10to50.root
2025-12-17 12:24:34,569 - INFO - [2016preVFP] MISSING_CENTRAL: ZG1E2Mu/Central/jets/2/pt in Skim_TriLep_TTG.root
2025-12-17 16:06:24,703 - INFO - [2016preVFP] MISSING_CENTRAL: ZG1E2Mu/Central/jets/2/pt in Skim_TriLep_DYJets10to50.root
2025-12-17 16:06:24,705 - INFO - [2016preVFP] MISSING_CENTRAL: ZG1E2Mu/Central/jets/2/pt in Skim_TriLep_TTG.root
2025-12-17 16:06:24,941 - INFO - [2016preVFP] MISSING_SYSTEMATIC: ZG1E2Mu/JetEn_Up/jets/2/pt in Skim_TriLep_TTTT.root
2025-12-17 16:06:24,942 - INFO - [2016preVFP] MISSING_SYSTEMATIC: ZG1E2Mu/JetRes_Down/jets/2/pt in Skim_TriLep_TTTT.root
2025-12-17 16:06:24,943 - INFO - [2016preVFP] MISSING_SYSTEMATIC: ZG1E2Mu/UnclusteredEn_Up/jets/2/pt in Skim_TriLep_TTTT.root
2025-12-17 16:06:29,675 - INFO - [2016preVFP] MISSING_CENTRAL: ZG1E2Mu/Central/jets/2/pt in Skim_TriLep_DYJets10to50.root
2025-12-17 16:06:29,676 - INFO - [2016preVFP] MISSING_CENTRAL: ZG1E2Mu/Central/jets/2/pt in Skim_TriLep_TTG.root
2025-12-17 22:30:29,973 - INFO - [2016preVFP] MISSING_CENTRAL: ZG1E2Mu/Central/jets/2/pt in Skim_TriLep_DYJets10to50.root
2025-12-17 22:30:29,974 - INFO - [2016preVFP] MISSING_CENTRAL: ZG1E2Mu/Central/jets/2/pt in Skim_TriLep_TTG.root
2025-12-17 22:30:30,177 - INFO - [2016preVFP] MISSING_SYSTEMATIC: ZG1E2Mu/JetEn_Up/jets/2/pt in Skim_TriLep_TTTT.root
2025-12-17 22:30:30,177 - INFO - [2016preVFP] MISSING_SYSTEMATIC: ZG1E2Mu/JetRes_Down/jets/2/pt in Skim_TriLep_TTTT.root
2025-12-17 22:30:30,178 - INFO - [2016preVFP] MISSING_SYSTEMATIC: ZG1E2Mu/UnclusteredEn_Up/jets/2/pt in Skim_TriLep_TTTT.root
2025-12-17 22:30:33,617 - INFO - [2016preVFP] MISSING_CENTRAL: ZG1E2Mu/Central/jets/2/pt in Skim_TriLep_DYJets10to50.root
2025-12-17 22:30:33,619 - INFO - [2016preVFP] MISSING_CENTRAL: ZG1E2Mu/Central/jets/2/pt in Skim_TriLep_TTG.root
2025-12-18 14:09:17,220 - INFO - [2016preVFP] MISSING_CENTRAL: ZG1E2Mu/Central/jets/2/pt in Skim_TriLep_DYJets10to50.root
2025-12-18 14:09:17,221 - INFO - [2016preVFP] MISSING_CENTRAL: ZG1E2Mu/Central/jets/2/pt in Skim_TriLep_TTG.root
2025-12-18 14:09:17,464 - INFO - [2016preVFP] MISSING_SYSTEMATIC: ZG1E2Mu/JetEn_Up/jets/2/pt in Skim_TriLep_TTTT.root
2025-12-18 14:09:17,464 - INFO - [2016preVFP] MISSING_SYSTEMATIC: ZG1E2Mu/JetRes_Down/jets/2/pt in Skim_TriLep_TTTT.root
2025-12-18 14:09:17,466 - INFO - [2016preVFP] MISSING_SYSTEMATIC: ZG1E2Mu/UnclusteredEn_Up/jets/2/pt in Skim_TriLep_TTTT.root
2025-12-18 14:09:21,402 - INFO - [2016preVFP] MISSING_CENTRAL: ZG1E2Mu/Central/jets/2/pt in Skim_TriLep_DYJets10to50.root
2025-12-18 14:09:21,404 - INFO - [2016preVFP] MISSING_CENTRAL: ZG1E2Mu/Central/jets/2/pt in Skim_TriLep_TTG.root
2025-12-18 14:13:22,059 - INFO - [2016preVFP] MISSING_CENTRAL: ZG1E2Mu/Central/jets/2/pt in Skim_TriLep_DYJets10to50.root
2025-12-18 14:13:22,060 - INFO - [2016preVFP] MISSING_CENTRAL: ZG1E2Mu/Central/jets/2/pt in Skim_TriLep_TTG.root
2025-12-18 14:13:22,416 - INFO - [2016preVFP] MISSING_SYSTEMATIC: ZG1E2Mu/JetEn_Up/jets/2/pt in Skim_TriLep_TTTT.root
2025-12-18 14:13:22,417 - INFO - [2016preVFP] MISSING_SYSTEMATIC: ZG1E2Mu/JetRes_Down/jets/2/pt in Skim_TriLep_TTTT.root
2025-12-18 14:13:22,419 - INFO - [2016preVFP] MISSING_SYSTEMATIC: ZG1E2Mu/UnclusteredEn_Up/jets/2/pt in Skim_TriLep_TTTT.root
2025-12-18 14:13:26,900 - INFO - [2016preVFP] MISSING_CENTRAL: ZG1E2Mu/Central/jets/2/pt in Skim_TriLep_DYJets10to50.root
2025-12-18 14:13:26,901 - INFO - [2016preVFP] MISSING_CENTRAL: ZG1E2Mu/Central/jets/2/pt in Skim_TriLep_TTG.root
2025-12-18 14:28:53,817 - INFO - [2016preVFP] MISSING_CENTRAL: ZG1E2Mu/Central/jets/2/pt in Skim_TriLep_DYJets10to50.root
2025-12-18 14:28:53,818 - INFO - [2016preVFP] MISSING_CENTRAL: ZG1E2Mu/Central/jets/2/pt in Skim_TriLep_TTG.root
2025-12-18 14:28:54,052 - INFO - [2016preVFP] MISSING_SYSTEMATIC: ZG1E2Mu/JetEn_Up/jets/2/pt in Skim_TriLep_TTTT.root
2025-12-18 14:28:54,053 - INFO - [2016preVFP] MISSING_SYSTEMATIC: ZG1E2Mu/JetRes_Down/jets/2/pt in Skim_TriLep_TTTT.root
2025-12-18 14:28:54,054 - INFO - [2016preVFP] MISSING_SYSTEMATIC: ZG1E2Mu/UnclusteredEn_Up/jets/2/pt in Skim_TriLep_TTTT.root
2025-12-18 14:28:57,965 - INFO - [2016preVFP] MISSING_CENTRAL: ZG1E2Mu/Central/jets/2/pt in Skim_TriLep_DYJets10to50.root
2025-12-18 14:28:57,967 - INFO - [2016preVFP] MISSING_CENTRAL: ZG1E2Mu/Central/jets/2/pt in Skim_TriLep_TTG.root
2026-01-07 11:39:11,792 - INFO - [2016preVFP] MISSING_FILE: /data9/Users/choij/Sync/workspace/ChargedHiggsAnalysisV3/SKNanoOutput/CRPromptSelector/Run1E2Mu/2016preVFP/Skim_TriLep_MuonEG_B.root
2026-01-07 11:39:11,793 - INFO - [2016preVFP] MISSING_FILE: /data9/Users/choij/Sync/workspace/ChargedHiggsAnalysisV3/SKNanoOutput/CRPromptSelector/Run1E2Mu/2016preVFP/Skim_TriLep_MuonEG_C.root
2026-01-07 11:39:11,793 - INFO - [2016preVFP] MISSING_FILE: /data9/Users/choij/Sync/workspace/ChargedHiggsAnalysisV3/SKNanoOutput/CRPromptSelector/Run1E2Mu/2016preVFP/Skim_TriLep_MuonEG_D.root
2026-01-07 11:39:11,793 - INFO - [2016preVFP] MISSING_FILE: /data9/Users/choij/Sync/workspace/ChargedHiggsAnalysisV3/SKNanoOutput/CRPromptSelector/Run1E2Mu/2016preVFP/Skim_TriLep_MuonEG_E.root
2026-01-07 11:39:11,793 - INFO - [2016preVFP] MISSING_FILE: /data9/Users/choij/Sync/workspace/ChargedHiggsAnalysisV3/SKNanoOutput/CRPromptSelector/Run1E2Mu/2016preVFP/Skim_TriLep_MuonEG_F.root
2026-01-07 11:39:17,019 - INFO - [2016preVFP] MISSING_FILE: /data9/Users/choij/Sync/workspace/ChargedHiggsAnalysisV3/SKNanoOutput/CRPromptSelector/Run1E2Mu/2016preVFP/Skim_TriLep_MuonEG_B.root
2026-01-07 11:39:17,020 - INFO - [2016preVFP] MISSING_FILE: /data9/Users/choij/Sync/workspace/ChargedHiggsAnalysisV3/SKNanoOutput/CRPromptSelector/Run1E2Mu/2016preVFP/Skim_TriLep_MuonEG_C.root
2026-01-07 11:39:17,020 - INFO - [2016preVFP] MISSING_FILE: /data9/Users/choij/Sync/workspace/ChargedHiggsAnalysisV3/SKNanoOutput/CRPromptSelector/Run1E2Mu/2016preVFP/Skim_TriLep_MuonEG_D.root
2026-01-07 11:39:17,020 - INFO - [2016preVFP] MISSING_FILE: /data9/Users/choij/Sync/workspace/ChargedHiggsAnalysisV3/SKNanoOutput/CRPromptSelector/Run1E2Mu/2016preVFP/Skim_TriLep_MuonEG_E.root
2026-01-07 11:39:17,020 - INFO - [2016preVFP] MISSING_FILE: /data9/Users/choij/Sync/workspace/ChargedHiggsAnalysisV3/SKNanoOutput/CRPromptSelector/Run1E2Mu/2016preVFP/Skim_TriLep_MuonEG_F.root
2026-01-07 18:36:38,194 - INFO - [2016preVFP] MISSING_CENTRAL: ZG1E2Mu/Central/jets/2/pt in Skim_TriLep_DYJets10to50.root
2026-01-07 18:36:38,196 - INFO - [2016preVFP] MISSING_CENTRAL: ZG1E2Mu/Central/jets/2/pt in Skim_TriLep_TTG.root
2026-01-07 18:36:38,416 - INFO - [2016preVFP] MISSING_SYSTEMATIC: ZG1E2Mu/JetEn_Up/jets/2/pt in Skim_TriLep_TTTT.root
2026-01-07 18:36:38,416 - INFO - [2016preVFP] MISSING_SYSTEMATIC: ZG1E2Mu/JetRes_Down/jets/2/pt in Skim_TriLep_TTTT.root
2026-01-07 18:36:38,417 - INFO - [2016preVFP] MISSING_SYSTEMATIC: ZG1E2Mu/UnclusteredEn_Up/jets/2/pt in Skim_TriLep_TTTT.root
2026-01-07 18:36:43,017 - INFO - [2016preVFP] MISSING_CENTRAL: ZG1E2Mu/Central/jets/2/pt in Skim_TriLep_DYJets10to50.root
2026-01-07 18:36:43,018 - INFO - [2016preVFP] MISSING_CENTRAL: ZG1E2Mu/Central/jets/2/pt in Skim_TriLep_TTG.root
2026-01-09 12:09:42,756 - INFO - [2016preVFP] MISSING_CENTRAL: ZG1E2Mu/Central/jets/2/pt in Skim_TriLep_DYJets10to50.root
2026-01-09 12:09:42,757 - INFO - [2016preVFP] MISSING_CENTRAL: ZG1E2Mu/Central/jets/2/pt in Skim_TriLep_TTG.root
2026-01-09 12:09:42,895 - INFO - [2016preVFP] MISSING_SYSTEMATIC: ZG1E2Mu/JetEn_Up/jets/2/pt in Skim_TriLep_TTTT.root
2026-01-09 12:09:42,896 - INFO - [2016preVFP] MISSING_SYSTEMATIC: ZG1E2Mu/JetRes_Down/jets/2/pt in Skim_TriLep_TTTT.root
2026-01-09 12:09:42,897 - INFO - [2016preVFP] MISSING_SYSTEMATIC: ZG1E2Mu/UnclusteredEn_Up/jets/2/pt in Skim_TriLep_TTTT.root
2026-01-09 12:09:47,731 - INFO - [2016preVFP] MISSING_CENTRAL: ZG1E2Mu/Central/jets/2/pt in Skim_TriLep_DYJets10to50.root
2026-01-09 12:09:47,731 - INFO - [2016preVFP] MISSING_CENTRAL: ZG1E2Mu/Central/jets/2/pt in Skim_TriLep_TTG.root
