2025-09-24 15:40:36,622 - INFO - [2016preVFP] MISSING_CENTRAL: ZG1E2Mu/Central/jets/3/eta in Skim_TriLep_MuonEG_F.root
2025-09-24 15:40:36,768 - INFO - [2016preVFP] MISSING_CENTRAL: ZG1E2Mu/Central/jets/3/eta in Skim_TriLep_DYJets10to50.root
2025-09-24 15:40:36,773 - INFO - [2016preVFP] MISSING_CENTRAL: ZG1E2Mu/Central/jets/3/eta in Skim_TriLep_TTG.root
2025-09-24 15:40:36,774 - INFO - [2016preVFP] MISSING_CENTRAL: ZG1E2Mu/Central/jets/3/eta in Skim_TriLep_WWG.root
2025-09-24 15:40:36,909 - INFO - [2016preVFP] MISSING_FILE: /Users/choij/Sync/workspace/ChargedHiggsAnalysisV3/SKNanoOutput/CRPromptSelector/Run1E2Mu_RunSyst/2016preVFP/Skim_TriLep_WZTo3LNu_amcatnlo.root
2025-09-24 15:40:36,979 - INFO - [2016preVFP] MISSING_CENTRAL: ZG1E2Mu/Central/jets/3/eta in Skim_TriLep_WWW.root
2025-09-24 15:40:37,071 - INFO - [2016preVFP] MISSING_CENTRAL: ZG1E2Mu/Central/jets/3/eta in Skim_TriLep_TTTT.root
2025-09-24 15:40:47,243 - INFO - [2016preVFP] MISSING_CENTRAL: ZG1E2Mu/Central/jets/3/eta in Skim_TriLep_MuonEG_F.root
2025-09-24 15:40:47,344 - INFO - [2016preVFP] MISSING_CENTRAL: ZG1E2Mu/Central/jets/3/eta in Skim_TriLep_DYJets10to50.root
2025-09-24 15:40:47,345 - INFO - [2016preVFP] MISSING_CENTRAL: ZG1E2Mu/Central/jets/3/eta in Skim_TriLep_TTG.root
2025-09-24 15:40:47,360 - INFO - [2016preVFP] MISSING_CENTRAL: ZG1E2Mu/Central/jets/3/eta in Skim_TriLep_WWG.root
2025-09-24 15:40:47,396 - INFO - [2016preVFP] MISSING_FILE: /Users/choij/Sync/workspace/ChargedHiggsAnalysisV3/SKNanoOutput/CRPromptSelector/Run1E2Mu_RunSyst/2016preVFP/Skim_TriLep_WZTo3LNu_amcatnlo.root
2025-09-24 15:40:47,403 - INFO - [2016preVFP] MISSING_CENTRAL: ZG1E2Mu/Central/jets/3/eta in Skim_TriLep_WWW.root
2025-09-24 15:40:47,404 - INFO - [2016preVFP] MISSING_CENTRAL: ZG1E2Mu/Central/jets/3/eta in Skim_TriLep_TTTT.root
2025-10-02 21:07:03,558 - INFO - [2016preVFP] MISSING_CENTRAL: ZG1E2Mu/Central/jets/3/eta in Skim_TriLep_MuonEG_F.root
2025-10-02 21:07:03,789 - INFO - [2016preVFP] MISSING_CENTRAL: ZG1E2Mu/Central/jets/3/eta in Skim_TriLep_DYJets10to50.root
2025-10-02 21:07:03,880 - INFO - [2016preVFP] MISSING_CENTRAL: ZG1E2Mu/Central/jets/3/eta in Skim_TriLep_TTG.root
2025-10-02 21:07:03,918 - INFO - [2016preVFP] MISSING_CENTRAL: ZG1E2Mu/Central/jets/3/eta in Skim_TriLep_WWG.root
2025-10-02 21:07:04,296 - INFO - [2016preVFP] MISSING_FILE: /data9/Users/choij/Sync/workspace/ChargedHiggsAnalysisV3/SKNanoOutput/CRPromptSelector/Run1E2Mu_RunSyst/2016preVFP/Skim_TriLep_WZTo3LNu_amcatnlo.root
2025-10-02 21:07:04,606 - INFO - [2016preVFP] MISSING_CENTRAL: ZG1E2Mu/Central/jets/3/eta in Skim_TriLep_WWW.root
2025-10-02 21:07:04,787 - INFO - [2016preVFP] MISSING_CENTRAL: ZG1E2Mu/Central/jets/3/eta in Skim_TriLep_TTTT.root
2025-10-02 21:07:10,210 - INFO - [2016preVFP] MISSING_CENTRAL: ZG1E2Mu/Central/jets/3/eta in Skim_TriLep_MuonEG_F.root
2025-10-02 21:07:10,285 - INFO - [2016preVFP] MISSING_CENTRAL: ZG1E2Mu/Central/jets/3/eta in Skim_TriLep_DYJets10to50.root
2025-10-02 21:07:10,289 - INFO - [2016preVFP] MISSING_CENTRAL: ZG1E2Mu/Central/jets/3/eta in Skim_TriLep_TTG.root
2025-10-02 21:07:10,291 - INFO - [2016preVFP] MISSING_CENTRAL: ZG1E2Mu/Central/jets/3/eta in Skim_TriLep_WWG.root
2025-10-02 21:07:10,298 - INFO - [2016preVFP] MISSING_FILE: /data9/Users/choij/Sync/workspace/ChargedHiggsAnalysisV3/SKNanoOutput/CRPromptSelector/Run1E2Mu_RunSyst/2016preVFP/Skim_TriLep_WZTo3LNu_amcatnlo.root
2025-10-02 21:07:10,313 - INFO - [2016preVFP] MISSING_CENTRAL: ZG1E2Mu/Central/jets/3/eta in Skim_TriLep_WWW.root
2025-10-02 21:07:10,318 - INFO - [2016preVFP] MISSING_CENTRAL: ZG1E2Mu/Central/jets/3/eta in Skim_TriLep_TTTT.root
2025-10-02 21:08:54,857 - INFO - [2016preVFP] MISSING_CENTRAL: ZG1E2Mu/Central/jets/3/eta in Skim_TriLep_MuonEG_F.root
2025-10-02 21:08:54,936 - INFO - [2016preVFP] MISSING_CENTRAL: ZG1E2Mu/Central/jets/3/eta in Skim_TriLep_DYJets10to50.root
2025-10-02 21:08:54,948 - INFO - [2016preVFP] MISSING_CENTRAL: ZG1E2Mu/Central/jets/3/eta in Skim_TriLep_TTG.root
2025-10-02 21:08:54,949 - INFO - [2016preVFP] MISSING_CENTRAL: ZG1E2Mu/Central/jets/3/eta in Skim_TriLep_WWG.root
2025-10-02 21:08:54,980 - INFO - [2016preVFP] MISSING_FILE: /data9/Users/choij/Sync/workspace/ChargedHiggsAnalysisV3/SKNanoOutput/CRPromptSelector/Run1E2Mu_RunSyst/2016preVFP/Skim_TriLep_WZTo3LNu_amcatnlo.root
2025-10-02 21:08:55,015 - INFO - [2016preVFP] MISSING_CENTRAL: ZG1E2Mu/Central/jets/3/eta in Skim_TriLep_WWW.root
2025-10-02 21:08:55,049 - INFO - [2016preVFP] MISSING_CENTRAL: ZG1E2Mu/Central/jets/3/eta in Skim_TriLep_TTTT.root
2025-10-02 21:09:00,316 - INFO - [2016preVFP] MISSING_CENTRAL: ZG1E2Mu/Central/jets/3/eta in Skim_TriLep_MuonEG_F.root
2025-10-02 21:09:00,379 - INFO - [2016preVFP] MISSING_CENTRAL: ZG1E2Mu/Central/jets/3/eta in Skim_TriLep_DYJets10to50.root
2025-10-02 21:09:00,382 - INFO - [2016preVFP] MISSING_CENTRAL: ZG1E2Mu/Central/jets/3/eta in Skim_TriLep_TTG.root
2025-10-02 21:09:00,396 - INFO - [2016preVFP] MISSING_CENTRAL: ZG1E2Mu/Central/jets/3/eta in Skim_TriLep_WWG.root
2025-10-02 21:09:00,399 - INFO - [2016preVFP] MISSING_FILE: /data9/Users/choij/Sync/workspace/ChargedHiggsAnalysisV3/SKNanoOutput/CRPromptSelector/Run1E2Mu_RunSyst/2016preVFP/Skim_TriLep_WZTo3LNu_amcatnlo.root
2025-10-02 21:09:00,419 - INFO - [2016preVFP] MISSING_CENTRAL: ZG1E2Mu/Central/jets/3/eta in Skim_TriLep_WWW.root
2025-10-02 21:09:00,422 - INFO - [2016preVFP] MISSING_CENTRAL: ZG1E2Mu/Central/jets/3/eta in Skim_TriLep_TTTT.root
2025-10-02 23:54:02,616 - INFO - [2016preVFP] MISSING_CENTRAL: ZG1E2Mu/Central/jets/3/eta in Skim_TriLep_MuonEG_F.root
2025-10-02 23:54:02,665 - INFO - [2016preVFP] MISSING_CENTRAL: ZG1E2Mu/Central/jets/3/eta in Skim_TriLep_DYJets10to50.root
2025-10-02 23:54:02,669 - INFO - [2016preVFP] MISSING_CENTRAL: ZG1E2Mu/Central/jets/3/eta in Skim_TriLep_TTG.root
2025-10-02 23:54:02,669 - INFO - [2016preVFP] MISSING_CENTRAL: ZG1E2Mu/Central/jets/3/eta in Skim_TriLep_WWG.root
2025-10-02 23:54:02,680 - INFO - [2016preVFP] MISSING_FILE: /Users/choij/Sync/workspace/ChargedHiggsAnalysisV3/SKNanoOutput/CRPromptSelector/Run1E2Mu_RunSyst/2016preVFP/Skim_TriLep_WZTo3LNu_amcatnlo.root
2025-10-02 23:54:02,693 - INFO - [2016preVFP] MISSING_CENTRAL: ZG1E2Mu/Central/jets/3/eta in Skim_TriLep_WWW.root
2025-10-02 23:54:02,745 - INFO - [2016preVFP] MISSING_CENTRAL: ZG1E2Mu/Central/jets/3/eta in Skim_TriLep_TTTT.root
2025-10-02 23:54:11,926 - INFO - [2016preVFP] MISSING_CENTRAL: ZG1E2Mu/Central/jets/3/eta in Skim_TriLep_MuonEG_F.root
2025-10-02 23:54:12,155 - INFO - [2016preVFP] MISSING_CENTRAL: ZG1E2Mu/Central/jets/3/eta in Skim_TriLep_DYJets10to50.root
2025-10-02 23:54:12,155 - INFO - [2016preVFP] MISSING_CENTRAL: ZG1E2Mu/Central/jets/3/eta in Skim_TriLep_TTG.root
2025-10-02 23:54:12,156 - INFO - [2016preVFP] MISSING_CENTRAL: ZG1E2Mu/Central/jets/3/eta in Skim_TriLep_WWG.root
2025-10-02 23:54:12,156 - INFO - [2016preVFP] MISSING_FILE: /Users/choij/Sync/workspace/ChargedHiggsAnalysisV3/SKNanoOutput/CRPromptSelector/Run1E2Mu_RunSyst/2016preVFP/Skim_TriLep_WZTo3LNu_amcatnlo.root
2025-10-02 23:54:12,159 - INFO - [2016preVFP] MISSING_CENTRAL: ZG1E2Mu/Central/jets/3/eta in Skim_TriLep_WWW.root
2025-10-02 23:54:12,160 - INFO - [2016preVFP] MISSING_CENTRAL: ZG1E2Mu/Central/jets/3/eta in Skim_TriLep_TTTT.root
