2025-09-24 15:40:34,168 - INFO - [2016preVFP] MISSING_CENTRAL: ZG1E2Mu/Central/jets/1/eta in Skim_TriLep_DYJets10to50.root
2025-09-24 15:40:34,172 - INFO - [2016preVFP] MISSING_CENTRAL: ZG1E2Mu/Central/jets/1/eta in Skim_TriLep_TTG.root
2025-09-24 15:40:34,187 - INFO - [2016preVFP] MISSING_FILE: /Users/choij/Sync/workspace/ChargedHiggsAnalysisV3/SKNanoOutput/CRPromptSelector/Run1E2Mu_RunSyst/2016preVFP/Skim_TriLep_WZTo3LNu_amcatnlo.root
2025-09-24 15:40:34,345 - INFO - [2016preVFP] MISSING_CENTRAL: ZG1E2Mu/Central/jets/1/eta in Skim_TriLep_TTTT.root
2025-09-24 15:40:44,747 - INFO - [2016preVFP] MISSING_CENTRAL: ZG1E2Mu/Central/jets/1/eta in Skim_TriLep_DYJets10to50.root
2025-09-24 15:40:44,747 - INFO - [2016preVFP] MISSING_CENTRAL: ZG1E2Mu/Central/jets/1/eta in Skim_TriLep_TTG.root
2025-09-24 15:40:44,758 - INFO - [2016preVFP] MISSING_FILE: /Users/choij/Sync/workspace/ChargedHiggsAnalysisV3/SKNanoOutput/CRPromptSelector/Run1E2Mu_RunSyst/2016preVFP/Skim_TriLep_WZTo3LNu_amcatnlo.root
2025-09-24 15:40:44,766 - INFO - [2016preVFP] MISSING_CENTRAL: ZG1E2Mu/Central/jets/1/eta in Skim_TriLep_TTTT.root
2025-10-02 21:07:03,790 - INFO - [2016preVFP] MISSING_CENTRAL: ZG1E2Mu/Central/jets/1/eta in Skim_TriLep_DYJets10to50.root
2025-10-02 21:07:03,880 - INFO - [2016preVFP] MISSING_CENTRAL: ZG1E2Mu/Central/jets/1/eta in Skim_TriLep_TTG.root
2025-10-02 21:07:04,295 - INFO - [2016preVFP] MISSING_FILE: /data9/Users/choij/Sync/workspace/ChargedHiggsAnalysisV3/SKNanoOutput/CRPromptSelector/Run1E2Mu_RunSyst/2016preVFP/Skim_TriLep_WZTo3LNu_amcatnlo.root
2025-10-02 21:07:04,787 - INFO - [2016preVFP] MISSING_CENTRAL: ZG1E2Mu/Central/jets/1/eta in Skim_TriLep_TTTT.root
2025-10-02 21:07:10,298 - INFO - [2016preVFP] MISSING_CENTRAL: ZG1E2Mu/Central/jets/1/eta in Skim_TriLep_DYJets10to50.root
2025-10-02 21:07:10,300 - INFO - [2016preVFP] MISSING_CENTRAL: ZG1E2Mu/Central/jets/1/eta in Skim_TriLep_TTG.root
2025-10-02 21:07:10,312 - INFO - [2016preVFP] MISSING_FILE: /data9/Users/choij/Sync/workspace/ChargedHiggsAnalysisV3/SKNanoOutput/CRPromptSelector/Run1E2Mu_RunSyst/2016preVFP/Skim_TriLep_WZTo3LNu_amcatnlo.root
2025-10-02 21:07:10,334 - INFO - [2016preVFP] MISSING_CENTRAL: ZG1E2Mu/Central/jets/1/eta in Skim_TriLep_TTTT.root
2025-10-02 21:08:55,088 - INFO - [2016preVFP] MISSING_CENTRAL: ZG1E2Mu/Central/jets/1/eta in Skim_TriLep_DYJets10to50.root
2025-10-02 21:08:55,095 - INFO - [2016preVFP] MISSING_CENTRAL: ZG1E2Mu/Central/jets/1/eta in Skim_TriLep_TTG.root
2025-10-02 21:08:55,133 - INFO - [2016preVFP] MISSING_FILE: /data9/Users/choij/Sync/workspace/ChargedHiggsAnalysisV3/SKNanoOutput/CRPromptSelector/Run1E2Mu_RunSyst/2016preVFP/Skim_TriLep_WZTo3LNu_amcatnlo.root
2025-10-02 21:08:55,223 - INFO - [2016preVFP] MISSING_CENTRAL: ZG1E2Mu/Central/jets/1/eta in Skim_TriLep_TTTT.root
2025-10-02 21:09:00,471 - INFO - [2016preVFP] MISSING_CENTRAL: ZG1E2Mu/Central/jets/1/eta in Skim_TriLep_DYJets10to50.root
2025-10-02 21:09:00,473 - INFO - [2016preVFP] MISSING_CENTRAL: ZG1E2Mu/Central/jets/1/eta in Skim_TriLep_TTG.root
2025-10-02 21:09:00,478 - INFO - [2016preVFP] MISSING_FILE: /data9/Users/choij/Sync/workspace/ChargedHiggsAnalysisV3/SKNanoOutput/CRPromptSelector/Run1E2Mu_RunSyst/2016preVFP/Skim_TriLep_WZTo3LNu_amcatnlo.root
2025-10-02 21:09:00,492 - INFO - [2016preVFP] MISSING_CENTRAL: ZG1E2Mu/Central/jets/1/eta in Skim_TriLep_TTTT.root
2025-10-02 23:54:00,373 - INFO - [2016preVFP] MISSING_CENTRAL: ZG1E2Mu/Central/jets/1/eta in Skim_TriLep_DYJets10to50.root
2025-10-02 23:54:00,378 - INFO - [2016preVFP] MISSING_CENTRAL: ZG1E2Mu/Central/jets/1/eta in Skim_TriLep_TTG.root
2025-10-02 23:54:00,400 - INFO - [2016preVFP] MISSING_FILE: /Users/choij/Sync/workspace/ChargedHiggsAnalysisV3/SKNanoOutput/CRPromptSelector/Run1E2Mu_RunSyst/2016preVFP/Skim_TriLep_WZTo3LNu_amcatnlo.root
2025-10-02 23:54:00,460 - INFO - [2016preVFP] MISSING_CENTRAL: ZG1E2Mu/Central/jets/1/eta in Skim_TriLep_TTTT.root
2025-10-02 23:54:09,976 - INFO - [2016preVFP] MISSING_CENTRAL: ZG1E2Mu/Central/jets/1/eta in Skim_TriLep_DYJets10to50.root
2025-10-02 23:54:09,976 - INFO - [2016preVFP] MISSING_CENTRAL: ZG1E2Mu/Central/jets/1/eta in Skim_TriLep_TTG.root
2025-10-02 23:54:09,977 - INFO - [2016preVFP] MISSING_FILE: /Users/choij/Sync/workspace/ChargedHiggsAnalysisV3/SKNanoOutput/CRPromptSelector/Run1E2Mu_RunSyst/2016preVFP/Skim_TriLep_WZTo3LNu_amcatnlo.root
2025-10-02 23:54:09,981 - INFO - [2016preVFP] MISSING_CENTRAL: ZG1E2Mu/Central/jets/1/eta in Skim_TriLep_TTTT.root
2025-11-07 13:24:33,365 - INFO - [2016preVFP] MISSING_CENTRAL: ZG1E2Mu/Central/jets/1/eta in Skim_TriLep_DYJets10to50.root
2025-11-07 13:24:33,373 - INFO - [2016preVFP] MISSING_CENTRAL: ZG1E2Mu/Central/jets/1/eta in Skim_TriLep_TTG.root
2025-11-07 13:24:33,398 - INFO - [2016preVFP] MISSING_FILE: /home/choij/Sync/workspace/ChargedHiggsAnalysisV3/SKNanoOutput/CRPromptSelector/Run1E2Mu_RunSyst/2016preVFP/Skim_TriLep_WZTo3LNu_amcatnlo.root
2025-11-07 13:24:33,468 - INFO - [2016preVFP] MISSING_CENTRAL: ZG1E2Mu/Central/jets/1/eta in Skim_TriLep_TTTT.root
2025-11-07 13:24:38,531 - INFO - [2016preVFP] MISSING_CENTRAL: ZG1E2Mu/Central/jets/1/eta in Skim_TriLep_DYJets10to50.root
2025-11-07 13:24:38,532 - INFO - [2016preVFP] MISSING_CENTRAL: ZG1E2Mu/Central/jets/1/eta in Skim_TriLep_TTG.root
2025-11-07 13:24:38,535 - INFO - [2016preVFP] MISSING_FILE: /home/choij/Sync/workspace/ChargedHiggsAnalysisV3/SKNanoOutput/CRPromptSelector/Run1E2Mu_RunSyst/2016preVFP/Skim_TriLep_WZTo3LNu_amcatnlo.root
2025-11-07 13:24:38,542 - INFO - [2016preVFP] MISSING_CENTRAL: ZG1E2Mu/Central/jets/1/eta in Skim_TriLep_TTTT.root
2025-11-07 13:27:01,645 - INFO - [2016preVFP] MISSING_CENTRAL: ZG1E2Mu/Central/jets/1/eta in Skim_TriLep_DYJets10to50.root
2025-11-07 13:27:01,653 - INFO - [2016preVFP] MISSING_CENTRAL: ZG1E2Mu/Central/jets/1/eta in Skim_TriLep_TTG.root
2025-11-07 13:27:01,678 - INFO - [2016preVFP] MISSING_FILE: /home/choij/Sync/workspace/ChargedHiggsAnalysisV3/SKNanoOutput/CRPromptSelector/Run1E2Mu_RunSyst/2016preVFP/Skim_TriLep_WZTo3LNu_amcatnlo.root
2025-11-07 13:27:01,724 - INFO - [2016preVFP] MISSING_CENTRAL: ZG1E2Mu/Central/jets/1/eta in Skim_TriLep_TTTT.root
2025-11-07 13:27:06,698 - INFO - [2016preVFP] MISSING_CENTRAL: ZG1E2Mu/Central/jets/1/eta in Skim_TriLep_DYJets10to50.root
2025-11-07 13:27:06,699 - INFO - [2016preVFP] MISSING_CENTRAL: ZG1E2Mu/Central/jets/1/eta in Skim_TriLep_TTG.root
2025-11-07 13:27:06,701 - INFO - [2016preVFP] MISSING_FILE: /home/choij/Sync/workspace/ChargedHiggsAnalysisV3/SKNanoOutput/CRPromptSelector/Run1E2Mu_RunSyst/2016preVFP/Skim_TriLep_WZTo3LNu_amcatnlo.root
2025-11-07 13:27:06,709 - INFO - [2016preVFP] MISSING_CENTRAL: ZG1E2Mu/Central/jets/1/eta in Skim_TriLep_TTTT.root
2025-11-07 13:43:24,869 - INFO - [2016preVFP] MISSING_CENTRAL: ZG1E2Mu/Central/jets/1/eta in Skim_TriLep_DYJets10to50.root
2025-11-07 13:43:24,876 - INFO - [2016preVFP] MISSING_CENTRAL: ZG1E2Mu/Central/jets/1/eta in Skim_TriLep_TTG.root
2025-11-07 13:43:24,901 - INFO - [2016preVFP] MISSING_FILE: /home/choij/Sync/workspace/ChargedHiggsAnalysisV3/SKNanoOutput/CRPromptSelector/Run1E2Mu_RunSyst/2016preVFP/Skim_TriLep_WZTo3LNu_amcatnlo.root
2025-11-07 13:43:24,945 - INFO - [2016preVFP] MISSING_CENTRAL: ZG1E2Mu/Central/jets/1/eta in Skim_TriLep_TTTT.root
2025-11-07 13:43:29,821 - INFO - [2016preVFP] MISSING_CENTRAL: ZG1E2Mu/Central/jets/1/eta in Skim_TriLep_DYJets10to50.root
2025-11-07 13:43:29,822 - INFO - [2016preVFP] MISSING_CENTRAL: ZG1E2Mu/Central/jets/1/eta in Skim_TriLep_TTG.root
2025-11-07 13:43:29,824 - INFO - [2016preVFP] MISSING_FILE: /home/choij/Sync/workspace/ChargedHiggsAnalysisV3/SKNanoOutput/CRPromptSelector/Run1E2Mu_RunSyst/2016preVFP/Skim_TriLep_WZTo3LNu_amcatnlo.root
2025-11-07 13:43:29,832 - INFO - [2016preVFP] MISSING_CENTRAL: ZG1E2Mu/Central/jets/1/eta in Skim_TriLep_TTTT.root
2025-11-07 13:51:21,944 - INFO - [2016preVFP] MISSING_CENTRAL: ZG1E2Mu/Central/jets/1/eta in Skim_TriLep_DYJets10to50.root
2025-11-07 13:51:21,953 - INFO - [2016preVFP] MISSING_CENTRAL: ZG1E2Mu/Central/jets/1/eta in Skim_TriLep_TTG.root
2025-11-07 13:51:21,978 - INFO - [2016preVFP] MISSING_FILE: /home/choij/Sync/workspace/ChargedHiggsAnalysisV3/SKNanoOutput/CRPromptSelector/Run1E2Mu_RunSyst/2016preVFP/Skim_TriLep_WZTo3LNu_amcatnlo.root
2025-11-07 13:51:22,024 - INFO - [2016preVFP] MISSING_CENTRAL: ZG1E2Mu/Central/jets/1/eta in Skim_TriLep_TTTT.root
2025-11-07 13:51:26,911 - INFO - [2016preVFP] MISSING_CENTRAL: ZG1E2Mu/Central/jets/1/eta in Skim_TriLep_DYJets10to50.root
2025-11-07 13:51:26,912 - INFO - [2016preVFP] MISSING_CENTRAL: ZG1E2Mu/Central/jets/1/eta in Skim_TriLep_TTG.root
2025-11-07 13:51:26,915 - INFO - [2016preVFP] MISSING_FILE: /home/choij/Sync/workspace/ChargedHiggsAnalysisV3/SKNanoOutput/CRPromptSelector/Run1E2Mu_RunSyst/2016preVFP/Skim_TriLep_WZTo3LNu_amcatnlo.root
2025-11-07 13:51:26,922 - INFO - [2016preVFP] MISSING_CENTRAL: ZG1E2Mu/Central/jets/1/eta in Skim_TriLep_TTTT.root
2025-11-07 13:59:47,529 - INFO - [2016preVFP] MISSING_CENTRAL: ZG1E2Mu/Central/jets/1/eta in Skim_TriLep_DYJets10to50.root
2025-11-07 13:59:47,536 - INFO - [2016preVFP] MISSING_CENTRAL: ZG1E2Mu/Central/jets/1/eta in Skim_TriLep_TTG.root
2025-11-07 13:59:47,561 - INFO - [2016preVFP] MISSING_FILE: /home/choij/Sync/workspace/ChargedHiggsAnalysisV3/SKNanoOutput/CRPromptSelector/Run1E2Mu_RunSyst/2016preVFP/Skim_TriLep_WZTo3LNu_amcatnlo.root
2025-11-07 13:59:47,606 - INFO - [2016preVFP] MISSING_CENTRAL: ZG1E2Mu/Central/jets/1/eta in Skim_TriLep_TTTT.root
2025-11-07 13:59:52,532 - INFO - [2016preVFP] MISSING_CENTRAL: ZG1E2Mu/Central/jets/1/eta in Skim_TriLep_DYJets10to50.root
2025-11-07 13:59:52,534 - INFO - [2016preVFP] MISSING_CENTRAL: ZG1E2Mu/Central/jets/1/eta in Skim_TriLep_TTG.root
2025-11-07 13:59:52,536 - INFO - [2016preVFP] MISSING_FILE: /home/choij/Sync/workspace/ChargedHiggsAnalysisV3/SKNanoOutput/CRPromptSelector/Run1E2Mu_RunSyst/2016preVFP/Skim_TriLep_WZTo3LNu_amcatnlo.root
2025-11-07 13:59:52,544 - INFO - [2016preVFP] MISSING_CENTRAL: ZG1E2Mu/Central/jets/1/eta in Skim_TriLep_TTTT.root
