2025-09-24 15:49:35,512 - INFO - [2018] MISSING_CENTRAL: SR1E2Mu/Central/bjets/3/mass in Skim_TriLep_MuonEG_C.root
2025-09-24 15:49:35,569 - INFO - [2018] MISSING_CENTRAL: SR1E2Mu/Central/bjets/3/mass in Skim_TriLep_MuonEG_C.root
2025-09-24 15:49:35,570 - INFO - [2018] MISSING_CENTRAL: SR1E2Mu/Central/bjets/3/mass in Skim_TriLep_DYJets.root
2025-09-24 15:49:35,570 - INFO - [2018] MISSING_CENTRAL: SR1E2Mu/Central/bjets/3/mass in Skim_TriLep_DYJets10to50.root
2025-09-24 15:49:35,588 - INFO - [2018] MISSING_FILE: /Users/choij/Sync/workspace/ChargedHiggsAnalysisV3/SKNanoOutput/PromptSelector/Run1E2Mu_RunSyst/2018/Skim_TriLep_TTG.root
2025-09-24 15:49:35,588 - INFO - [2018] MISSING_CENTRAL: SR1E2Mu/Central/bjets/3/mass in Skim_TriLep_WWG.root
2025-09-24 15:49:35,611 - INFO - [2018] MISSING_FILE: /Users/choij/Sync/workspace/ChargedHiggsAnalysisV3/SKNanoOutput/PromptSelector/Run1E2Mu_RunSyst/2018/Skim_TriLep_TTHToNonbb.root
2025-09-24 15:49:35,643 - INFO - [2018] MISSING_FILE: /Users/choij/Sync/workspace/ChargedHiggsAnalysisV3/SKNanoOutput/PromptSelector/Run1E2Mu_RunSyst/2018/Skim_TriLep_tHq.root
2025-09-24 15:49:35,644 - INFO - [2018] MISSING_CENTRAL: SR1E2Mu/Central/bjets/3/mass in Skim_TriLep_WWW.root
2025-09-24 15:49:35,684 - INFO - [2018] MISSING_FILE: /Users/choij/Sync/workspace/ChargedHiggsAnalysisV3/SKNanoOutput/PromptSelector/Run1E2Mu_RunSyst/2018/Skim_TriLep_VBFHToZZTo4L.root
2025-09-24 15:49:35,685 - INFO - [2018] MISSING_CENTRAL: SR1E2Mu/Central/bjets/3/mass in Skim_TriLep_ggHToZZTo4L.root
2025-10-02 21:13:58,865 - INFO - [2018] MISSING_CENTRAL: SR1E2Mu/Central/bjets/3/mass in Skim_TriLep_MuonEG_C.root
2025-10-02 21:13:59,012 - INFO - [2018] MISSING_CENTRAL: SR1E2Mu/Central/bjets/3/mass in Skim_TriLep_MuonEG_C.root
2025-10-02 21:13:59,019 - INFO - [2018] MISSING_CENTRAL: SR1E2Mu/Central/bjets/3/mass in Skim_TriLep_DYJets.root
2025-10-02 21:13:59,032 - INFO - [2018] MISSING_CENTRAL: SR1E2Mu/Central/bjets/3/mass in Skim_TriLep_DYJets10to50.root
2025-10-02 21:13:59,063 - INFO - [2018] MISSING_FILE: /data9/Users/choij/Sync/workspace/ChargedHiggsAnalysisV3/SKNanoOutput/PromptSelector/Run1E2Mu_RunSyst/2018/Skim_TriLep_TTG.root
2025-10-02 21:13:59,064 - INFO - [2018] MISSING_CENTRAL: SR1E2Mu/Central/bjets/3/mass in Skim_TriLep_WWG.root
2025-10-02 21:13:59,118 - INFO - [2018] MISSING_FILE: /data9/Users/choij/Sync/workspace/ChargedHiggsAnalysisV3/SKNanoOutput/PromptSelector/Run1E2Mu_RunSyst/2018/Skim_TriLep_TTHToNonbb.root
2025-10-02 21:13:59,228 - INFO - [2018] MISSING_FILE: /data9/Users/choij/Sync/workspace/ChargedHiggsAnalysisV3/SKNanoOutput/PromptSelector/Run1E2Mu_RunSyst/2018/Skim_TriLep_tHq.root
2025-10-02 21:13:59,234 - INFO - [2018] MISSING_CENTRAL: SR1E2Mu/Central/bjets/3/mass in Skim_TriLep_WWW.root
2025-10-02 21:13:59,366 - INFO - [2018] MISSING_FILE: /data9/Users/choij/Sync/workspace/ChargedHiggsAnalysisV3/SKNanoOutput/PromptSelector/Run1E2Mu_RunSyst/2018/Skim_TriLep_VBFHToZZTo4L.root
2025-10-02 21:13:59,373 - INFO - [2018] MISSING_CENTRAL: SR1E2Mu/Central/bjets/3/mass in Skim_TriLep_ggHToZZTo4L.root
2025-10-03 00:02:14,567 - INFO - [2018] MISSING_CENTRAL: SR1E2Mu/Central/bjets/3/mass in Skim_TriLep_MuonEG_C.root
2025-10-03 00:02:14,654 - INFO - [2018] MISSING_CENTRAL: SR1E2Mu/Central/bjets/3/mass in Skim_TriLep_MuonEG_C.root
2025-10-03 00:02:14,655 - INFO - [2018] MISSING_CENTRAL: SR1E2Mu/Central/bjets/3/mass in Skim_TriLep_DYJets.root
2025-10-03 00:02:14,655 - INFO - [2018] MISSING_CENTRAL: SR1E2Mu/Central/bjets/3/mass in Skim_TriLep_DYJets10to50.root
2025-10-03 00:02:14,724 - INFO - [2018] MISSING_FILE: /Users/choij/Sync/workspace/ChargedHiggsAnalysisV3/SKNanoOutput/PromptSelector/Run1E2Mu_RunSyst/2018/Skim_TriLep_TTG.root
2025-10-03 00:02:14,724 - INFO - [2018] MISSING_CENTRAL: SR1E2Mu/Central/bjets/3/mass in Skim_TriLep_WWG.root
2025-10-03 00:02:14,853 - INFO - [2018] MISSING_FILE: /Users/choij/Sync/workspace/ChargedHiggsAnalysisV3/SKNanoOutput/PromptSelector/Run1E2Mu_RunSyst/2018/Skim_TriLep_TTHToNonbb.root
2025-10-03 00:02:14,909 - INFO - [2018] MISSING_FILE: /Users/choij/Sync/workspace/ChargedHiggsAnalysisV3/SKNanoOutput/PromptSelector/Run1E2Mu_RunSyst/2018/Skim_TriLep_tHq.root
2025-10-03 00:02:14,909 - INFO - [2018] MISSING_CENTRAL: SR1E2Mu/Central/bjets/3/mass in Skim_TriLep_WWW.root
2025-10-03 00:02:15,035 - INFO - [2018] MISSING_FILE: /Users/choij/Sync/workspace/ChargedHiggsAnalysisV3/SKNanoOutput/PromptSelector/Run1E2Mu_RunSyst/2018/Skim_TriLep_VBFHToZZTo4L.root
2025-10-03 00:02:15,035 - INFO - [2018] MISSING_CENTRAL: SR1E2Mu/Central/bjets/3/mass in Skim_TriLep_ggHToZZTo4L.root
