2025-09-24 15:49:28,271 - INFO - [2018] MISSING_CENTRAL: SR1E2Mu/Central/jets/4/eta in Skim_TriLep_DYJets.root
2025-09-24 15:49:28,271 - INFO - [2018] MISSING_CENTRAL: SR1E2Mu/Central/jets/4/eta in Skim_TriLep_DYJets10to50.root
2025-09-24 15:49:28,277 - INFO - [2018] MISSING_FILE: /Users/choij/Sync/workspace/ChargedHiggsAnalysisV3/SKNanoOutput/PromptSelector/Run1E2Mu_RunSyst/2018/Skim_TriLep_TTG.root
2025-09-24 15:49:28,314 - INFO - [2018] MISSING_FILE: /Users/choij/Sync/workspace/ChargedHiggsAnalysisV3/SKNanoOutput/PromptSelector/Run1E2Mu_RunSyst/2018/Skim_TriLep_TTHToNonbb.root
2025-09-24 15:49:28,332 - INFO - [2018] MISSING_FILE: /Users/choij/Sync/workspace/ChargedHiggsAnalysisV3/SKNanoOutput/PromptSelector/Run1E2Mu_RunSyst/2018/Skim_TriLep_tHq.root
2025-09-24 15:49:28,400 - INFO - [2018] MISSING_FILE: /Users/choij/Sync/workspace/ChargedHiggsAnalysisV3/SKNanoOutput/PromptSelector/Run1E2Mu_RunSyst/2018/Skim_TriLep_VBFHToZZTo4L.root
2025-10-02 21:13:58,989 - INFO - [2018] MISSING_CENTRAL: SR1E2Mu/Central/jets/4/eta in Skim_TriLep_DYJets.root
2025-10-02 21:13:58,991 - INFO - [2018] MISSING_CENTRAL: SR1E2Mu/Central/jets/4/eta in Skim_TriLep_DYJets10to50.root
2025-10-02 21:13:59,006 - INFO - [2018] MISSING_FILE: /data9/Users/choij/Sync/workspace/ChargedHiggsAnalysisV3/SKNanoOutput/PromptSelector/Run1E2Mu_RunSyst/2018/Skim_TriLep_TTG.root
2025-10-02 21:13:59,074 - INFO - [2018] MISSING_FILE: /data9/Users/choij/Sync/workspace/ChargedHiggsAnalysisV3/SKNanoOutput/PromptSelector/Run1E2Mu_RunSyst/2018/Skim_TriLep_TTHToNonbb.root
2025-10-02 21:13:59,122 - INFO - [2018] MISSING_FILE: /data9/Users/choij/Sync/workspace/ChargedHiggsAnalysisV3/SKNanoOutput/PromptSelector/Run1E2Mu_RunSyst/2018/Skim_TriLep_tHq.root
2025-10-02 21:13:59,320 - INFO - [2018] MISSING_FILE: /data9/Users/choij/Sync/workspace/ChargedHiggsAnalysisV3/SKNanoOutput/PromptSelector/Run1E2Mu_RunSyst/2018/Skim_TriLep_VBFHToZZTo4L.root
2025-10-03 00:02:07,018 - INFO - [2018] MISSING_CENTRAL: SR1E2Mu/Central/jets/4/eta in Skim_TriLep_DYJets.root
2025-10-03 00:02:07,019 - INFO - [2018] MISSING_CENTRAL: SR1E2Mu/Central/jets/4/eta in Skim_TriLep_DYJets10to50.root
2025-10-03 00:02:07,024 - INFO - [2018] MISSING_FILE: /Users/choij/Sync/workspace/ChargedHiggsAnalysisV3/SKNanoOutput/PromptSelector/Run1E2Mu_RunSyst/2018/Skim_TriLep_TTG.root
2025-10-03 00:02:07,056 - INFO - [2018] MISSING_FILE: /Users/choij/Sync/workspace/ChargedHiggsAnalysisV3/SKNanoOutput/PromptSelector/Run1E2Mu_RunSyst/2018/Skim_TriLep_TTHToNonbb.root
2025-10-03 00:02:07,086 - INFO - [2018] MISSING_FILE: /Users/choij/Sync/workspace/ChargedHiggsAnalysisV3/SKNanoOutput/PromptSelector/Run1E2Mu_RunSyst/2018/Skim_TriLep_tHq.root
2025-10-03 00:02:07,128 - INFO - [2018] MISSING_FILE: /Users/choij/Sync/workspace/ChargedHiggsAnalysisV3/SKNanoOutput/PromptSelector/Run1E2Mu_RunSyst/2018/Skim_TriLep_VBFHToZZTo4L.root
2025-11-05 20:28:43,493 - INFO - [2018] MISSING_CENTRAL: SR1E2Mu/Central/jets/4/eta in Skim_TriLep_DYJets.root
2025-11-05 20:28:43,493 - INFO - [2018] MISSING_CENTRAL: SR1E2Mu/Central/jets/4/eta in Skim_TriLep_DYJets10to50.root
2025-11-05 21:33:59,058 - INFO - [2018] MISSING_CENTRAL: SR1E2Mu/Central/jets/4/eta in Skim_TriLep_DYJets.root
2025-11-05 21:33:59,059 - INFO - [2018] MISSING_CENTRAL: SR1E2Mu/Central/jets/4/eta in Skim_TriLep_DYJets10to50.root
2025-11-05 21:39:02,614 - INFO - [2018] MISSING_CENTRAL: SR1E2Mu/Central/jets/4/eta in Skim_TriLep_DYJets.root
2025-11-05 21:39:02,615 - INFO - [2018] MISSING_CENTRAL: SR1E2Mu/Central/jets/4/eta in Skim_TriLep_DYJets10to50.root
2025-11-05 22:02:24,803 - INFO - [2018] MISSING_CENTRAL: SR1E2Mu/Central/jets/4/eta in Skim_TriLep_DYJets.root
2025-11-05 22:02:24,803 - INFO - [2018] MISSING_CENTRAL: SR1E2Mu/Central/jets/4/eta in Skim_TriLep_DYJets10to50.root
2025-11-05 22:18:11,417 - INFO - [2018] MISSING_CENTRAL: SR1E2Mu/Central/jets/4/eta in Skim_TriLep_DYJets.root
2025-11-05 22:18:11,417 - INFO - [2018] MISSING_CENTRAL: SR1E2Mu/Central/jets/4/eta in Skim_TriLep_DYJets10to50.root
2025-11-05 23:22:44,393 - INFO - [2018] MISSING_CENTRAL: SR1E2Mu/Central/jets/4/eta in Skim_TriLep_DYJets.root
2025-11-05 23:22:44,393 - INFO - [2018] MISSING_CENTRAL: SR1E2Mu/Central/jets/4/eta in Skim_TriLep_DYJets10to50.root
2025-11-07 12:25:57,059 - INFO - [2018] MISSING_CENTRAL: SR1E2Mu/Central/jets/4/eta in Skim_TriLep_DYJets.root
2025-11-07 12:25:57,060 - INFO - [2018] MISSING_CENTRAL: SR1E2Mu/Central/jets/4/eta in Skim_TriLep_DYJets10to50.root
2025-11-07 13:06:22,943 - INFO - [2018] MISSING_CENTRAL: SR1E2Mu/Central/jets/4/eta in Skim_TriLep_DYJets.root
2025-11-07 13:06:22,946 - INFO - [2018] MISSING_CENTRAL: SR1E2Mu/Central/jets/4/eta in Skim_TriLep_DYJets10to50.root
2025-11-07 14:04:15,112 - INFO - [2018] MISSING_CENTRAL: SR1E2Mu/Central/jets/4/eta in Skim_TriLep_DYJets.root
2025-11-07 14:04:15,113 - INFO - [2018] MISSING_CENTRAL: SR1E2Mu/Central/jets/4/eta in Skim_TriLep_DYJets10to50.root
2025-11-10 05:55:09,993 - INFO - [2018] MISSING_CENTRAL: SR1E2Mu/Central/jets/4/eta in Skim_TriLep_DYJets.root
2025-11-10 05:55:09,996 - INFO - [2018] MISSING_CENTRAL: SR1E2Mu/Central/jets/4/eta in Skim_TriLep_DYJets10to50.root
2025-11-10 12:19:18,777 - INFO - [2018] MISSING_CENTRAL: SR1E2Mu/Central/jets/4/eta in Skim_TriLep_DYJets.root
2025-11-10 12:19:18,777 - INFO - [2018] MISSING_CENTRAL: SR1E2Mu/Central/jets/4/eta in Skim_TriLep_DYJets10to50.root
2025-11-13 11:08:44,041 - INFO - [2018] MISSING_CENTRAL: SR1E2Mu/Central/jets/4/eta in Skim_TriLep_DYJets.root
2025-11-13 11:08:44,045 - INFO - [2018] MISSING_CENTRAL: SR1E2Mu/Central/jets/4/eta in Skim_TriLep_DYJets10to50.root
2025-11-19 16:21:40,031 - INFO - [2018] MISSING_CENTRAL: SR1E2Mu/Central/jets/4/eta in Skim_TriLep_DYJets.root
2025-11-19 16:21:40,032 - INFO - [2018] MISSING_CENTRAL: SR1E2Mu/Central/jets/4/eta in Skim_TriLep_DYJets10to50.root
2025-12-17 22:36:06,755 - INFO - [2018] MISSING_CENTRAL: SR1E2Mu/Central/jets/4/eta in Skim_TriLep_DYJets10to50.root
2025-12-18 14:19:41,783 - INFO - [2018] MISSING_CENTRAL: SR1E2Mu/Central/jets/4/eta in Skim_TriLep_DYJets10to50.root
2025-12-18 14:35:09,110 - INFO - [2018] MISSING_CENTRAL: SR1E2Mu/Central/jets/4/eta in Skim_TriLep_DYJets10to50.root
