2025-09-24 15:49:21,803 - INFO - [2018] MISSING_CENTRAL: SR1E2Mu/Central/jets/2/mass in Skim_TriLep_DYJets10to50.root
2025-09-24 15:49:21,808 - INFO - [2018] MISSING_FILE: /Users/choij/Sync/workspace/ChargedHiggsAnalysisV3/SKNanoOutput/PromptSelector/Run1E2Mu_RunSyst/2018/Skim_TriLep_TTG.root
2025-09-24 15:49:21,832 - INFO - [2018] MISSING_FILE: /Users/choij/Sync/workspace/ChargedHiggsAnalysisV3/SKNanoOutput/PromptSelector/Run1E2Mu_RunSyst/2018/Skim_TriLep_TTHToNonbb.root
2025-09-24 15:49:21,879 - INFO - [2018] MISSING_FILE: /Users/choij/Sync/workspace/ChargedHiggsAnalysisV3/SKNanoOutput/PromptSelector/Run1E2Mu_RunSyst/2018/Skim_TriLep_tHq.root
2025-09-24 15:49:21,908 - INFO - [2018] MISSING_FILE: /Users/choij/Sync/workspace/ChargedHiggsAnalysisV3/SKNanoOutput/PromptSelector/Run1E2Mu_RunSyst/2018/Skim_TriLep_VBFHToZZTo4L.root
2025-10-02 21:13:50,747 - INFO - [2018] MISSING_CENTRAL: SR1E2Mu/Central/jets/2/mass in Skim_TriLep_DYJets10to50.root
2025-10-02 21:13:50,755 - INFO - [2018] MISSING_FILE: /data9/Users/choij/Sync/workspace/ChargedHiggsAnalysisV3/SKNanoOutput/PromptSelector/Run1E2Mu_RunSyst/2018/Skim_TriLep_TTG.root
2025-10-02 21:13:50,780 - INFO - [2018] MISSING_FILE: /data9/Users/choij/Sync/workspace/ChargedHiggsAnalysisV3/SKNanoOutput/PromptSelector/Run1E2Mu_RunSyst/2018/Skim_TriLep_TTHToNonbb.root
2025-10-02 21:13:51,226 - INFO - [2018] MISSING_FILE: /data9/Users/choij/Sync/workspace/ChargedHiggsAnalysisV3/SKNanoOutput/PromptSelector/Run1E2Mu_RunSyst/2018/Skim_TriLep_tHq.root
2025-10-02 21:13:52,357 - INFO - [2018] MISSING_FILE: /data9/Users/choij/Sync/workspace/ChargedHiggsAnalysisV3/SKNanoOutput/PromptSelector/Run1E2Mu_RunSyst/2018/Skim_TriLep_VBFHToZZTo4L.root
2025-10-03 00:02:01,726 - INFO - [2018] MISSING_CENTRAL: SR1E2Mu/Central/jets/2/mass in Skim_TriLep_DYJets10to50.root
2025-10-03 00:02:01,732 - INFO - [2018] MISSING_FILE: /Users/choij/Sync/workspace/ChargedHiggsAnalysisV3/SKNanoOutput/PromptSelector/Run1E2Mu_RunSyst/2018/Skim_TriLep_TTG.root
2025-10-03 00:02:01,776 - INFO - [2018] MISSING_FILE: /Users/choij/Sync/workspace/ChargedHiggsAnalysisV3/SKNanoOutput/PromptSelector/Run1E2Mu_RunSyst/2018/Skim_TriLep_TTHToNonbb.root
2025-10-03 00:02:01,798 - INFO - [2018] MISSING_FILE: /Users/choij/Sync/workspace/ChargedHiggsAnalysisV3/SKNanoOutput/PromptSelector/Run1E2Mu_RunSyst/2018/Skim_TriLep_tHq.root
2025-10-03 00:02:01,834 - INFO - [2018] MISSING_FILE: /Users/choij/Sync/workspace/ChargedHiggsAnalysisV3/SKNanoOutput/PromptSelector/Run1E2Mu_RunSyst/2018/Skim_TriLep_VBFHToZZTo4L.root
2025-11-05 20:28:40,319 - INFO - [2018] MISSING_CENTRAL: SR1E2Mu/Central/jets/2/mass in Skim_TriLep_DYJets10to50.root
2025-11-05 21:33:56,402 - INFO - [2018] MISSING_CENTRAL: SR1E2Mu/Central/jets/2/mass in Skim_TriLep_DYJets10to50.root
2025-11-05 21:38:59,460 - INFO - [2018] MISSING_CENTRAL: SR1E2Mu/Central/jets/2/mass in Skim_TriLep_DYJets10to50.root
2025-11-05 22:02:21,593 - INFO - [2018] MISSING_CENTRAL: SR1E2Mu/Central/jets/2/mass in Skim_TriLep_DYJets10to50.root
2025-11-05 22:18:08,411 - INFO - [2018] MISSING_CENTRAL: SR1E2Mu/Central/jets/2/mass in Skim_TriLep_DYJets10to50.root
2025-11-05 23:22:41,153 - INFO - [2018] MISSING_CENTRAL: SR1E2Mu/Central/jets/2/mass in Skim_TriLep_DYJets10to50.root
2025-11-07 12:25:53,946 - INFO - [2018] MISSING_CENTRAL: SR1E2Mu/Central/jets/2/mass in Skim_TriLep_DYJets10to50.root
2025-11-07 13:06:20,029 - INFO - [2018] MISSING_CENTRAL: SR1E2Mu/Central/jets/2/mass in Skim_TriLep_DYJets10to50.root
2025-11-07 14:04:12,195 - INFO - [2018] MISSING_CENTRAL: SR1E2Mu/Central/jets/2/mass in Skim_TriLep_DYJets10to50.root
2025-11-10 05:55:05,070 - INFO - [2018] MISSING_CENTRAL: SR1E2Mu/Central/jets/2/mass in Skim_TriLep_DYJets10to50.root
2025-11-10 12:19:15,685 - INFO - [2018] MISSING_CENTRAL: SR1E2Mu/Central/jets/2/mass in Skim_TriLep_DYJets10to50.root
2025-11-13 11:08:33,641 - INFO - [2018] MISSING_CENTRAL: SR1E2Mu/Central/jets/2/mass in Skim_TriLep_DYJets10to50.root
