2025-09-24 15:49:31,398 - INFO - [2018] MISSING_CENTRAL: SR1E2Mu/Central/jets/4/py in Skim_TriLep_DYJets.root
2025-09-24 15:49:31,398 - INFO - [2018] MISSING_CENTRAL: SR1E2Mu/Central/jets/4/py in Skim_TriLep_DYJets10to50.root
2025-09-24 15:49:31,414 - INFO - [2018] MISSING_FILE: /Users/choij/Sync/workspace/ChargedHiggsAnalysisV3/SKNanoOutput/PromptSelector/Run1E2Mu_RunSyst/2018/Skim_TriLep_TTG.root
2025-09-24 15:49:31,505 - INFO - [2018] MISSING_FILE: /Users/choij/Sync/workspace/ChargedHiggsAnalysisV3/SKNanoOutput/PromptSelector/Run1E2Mu_RunSyst/2018/Skim_TriLep_TTHToNonbb.root
2025-09-24 15:49:31,572 - INFO - [2018] MISSING_FILE: /Users/choij/Sync/workspace/ChargedHiggsAnalysisV3/SKNanoOutput/PromptSelector/Run1E2Mu_RunSyst/2018/Skim_TriLep_tHq.root
2025-09-24 15:49:31,683 - INFO - [2018] MISSING_FILE: /Users/choij/Sync/workspace/ChargedHiggsAnalysisV3/SKNanoOutput/PromptSelector/Run1E2Mu_RunSyst/2018/Skim_TriLep_VBFHToZZTo4L.root
2025-10-02 21:13:59,579 - INFO - [2018] MISSING_CENTRAL: SR1E2Mu/Central/jets/4/py in Skim_TriLep_DYJets.root
2025-10-02 21:13:59,580 - INFO - [2018] MISSING_CENTRAL: SR1E2Mu/Central/jets/4/py in Skim_TriLep_DYJets10to50.root
2025-10-02 21:13:59,621 - INFO - [2018] MISSING_FILE: /data9/Users/choij/Sync/workspace/ChargedHiggsAnalysisV3/SKNanoOutput/PromptSelector/Run1E2Mu_RunSyst/2018/Skim_TriLep_TTG.root
2025-10-02 21:13:59,784 - INFO - [2018] MISSING_FILE: /data9/Users/choij/Sync/workspace/ChargedHiggsAnalysisV3/SKNanoOutput/PromptSelector/Run1E2Mu_RunSyst/2018/Skim_TriLep_TTHToNonbb.root
2025-10-02 21:13:59,951 - INFO - [2018] MISSING_FILE: /data9/Users/choij/Sync/workspace/ChargedHiggsAnalysisV3/SKNanoOutput/PromptSelector/Run1E2Mu_RunSyst/2018/Skim_TriLep_tHq.root
2025-10-02 21:14:00,210 - INFO - [2018] MISSING_FILE: /data9/Users/choij/Sync/workspace/ChargedHiggsAnalysisV3/SKNanoOutput/PromptSelector/Run1E2Mu_RunSyst/2018/Skim_TriLep_VBFHToZZTo4L.root
2025-10-03 00:02:09,139 - INFO - [2018] MISSING_CENTRAL: SR1E2Mu/Central/jets/4/py in Skim_TriLep_DYJets.root
2025-10-03 00:02:09,141 - INFO - [2018] MISSING_CENTRAL: SR1E2Mu/Central/jets/4/py in Skim_TriLep_DYJets10to50.root
2025-10-03 00:02:09,209 - INFO - [2018] MISSING_FILE: /Users/choij/Sync/workspace/ChargedHiggsAnalysisV3/SKNanoOutput/PromptSelector/Run1E2Mu_RunSyst/2018/Skim_TriLep_TTG.root
2025-10-03 00:02:09,392 - INFO - [2018] MISSING_FILE: /Users/choij/Sync/workspace/ChargedHiggsAnalysisV3/SKNanoOutput/PromptSelector/Run1E2Mu_RunSyst/2018/Skim_TriLep_TTHToNonbb.root
2025-10-03 00:02:09,523 - INFO - [2018] MISSING_FILE: /Users/choij/Sync/workspace/ChargedHiggsAnalysisV3/SKNanoOutput/PromptSelector/Run1E2Mu_RunSyst/2018/Skim_TriLep_tHq.root
2025-10-03 00:02:09,910 - INFO - [2018] MISSING_FILE: /Users/choij/Sync/workspace/ChargedHiggsAnalysisV3/SKNanoOutput/PromptSelector/Run1E2Mu_RunSyst/2018/Skim_TriLep_VBFHToZZTo4L.root
2025-11-05 20:28:43,790 - INFO - [2018] MISSING_CENTRAL: SR1E2Mu/Central/jets/4/py in Skim_TriLep_DYJets.root
2025-11-05 20:28:43,791 - INFO - [2018] MISSING_CENTRAL: SR1E2Mu/Central/jets/4/py in Skim_TriLep_DYJets10to50.root
2025-11-05 21:33:59,421 - INFO - [2018] MISSING_CENTRAL: SR1E2Mu/Central/jets/4/py in Skim_TriLep_DYJets.root
2025-11-05 21:33:59,422 - INFO - [2018] MISSING_CENTRAL: SR1E2Mu/Central/jets/4/py in Skim_TriLep_DYJets10to50.root
2025-11-05 21:39:03,010 - INFO - [2018] MISSING_CENTRAL: SR1E2Mu/Central/jets/4/py in Skim_TriLep_DYJets.root
2025-11-05 21:39:03,011 - INFO - [2018] MISSING_CENTRAL: SR1E2Mu/Central/jets/4/py in Skim_TriLep_DYJets10to50.root
2025-11-05 22:02:24,925 - INFO - [2018] MISSING_CENTRAL: SR1E2Mu/Central/jets/4/py in Skim_TriLep_DYJets.root
2025-11-05 22:02:24,926 - INFO - [2018] MISSING_CENTRAL: SR1E2Mu/Central/jets/4/py in Skim_TriLep_DYJets10to50.root
2025-11-05 22:18:11,711 - INFO - [2018] MISSING_CENTRAL: SR1E2Mu/Central/jets/4/py in Skim_TriLep_DYJets.root
2025-11-05 22:18:11,712 - INFO - [2018] MISSING_CENTRAL: SR1E2Mu/Central/jets/4/py in Skim_TriLep_DYJets10to50.root
2025-11-05 23:22:44,372 - INFO - [2018] MISSING_CENTRAL: SR1E2Mu/Central/jets/4/py in Skim_TriLep_DYJets.root
2025-11-05 23:22:44,373 - INFO - [2018] MISSING_CENTRAL: SR1E2Mu/Central/jets/4/py in Skim_TriLep_DYJets10to50.root
2025-11-07 12:25:57,039 - INFO - [2018] MISSING_CENTRAL: SR1E2Mu/Central/jets/4/py in Skim_TriLep_DYJets.root
2025-11-07 12:25:57,039 - INFO - [2018] MISSING_CENTRAL: SR1E2Mu/Central/jets/4/py in Skim_TriLep_DYJets10to50.root
2025-11-07 13:06:23,237 - INFO - [2018] MISSING_CENTRAL: SR1E2Mu/Central/jets/4/py in Skim_TriLep_DYJets.root
2025-11-07 13:06:23,238 - INFO - [2018] MISSING_CENTRAL: SR1E2Mu/Central/jets/4/py in Skim_TriLep_DYJets10to50.root
2025-11-07 14:04:15,464 - INFO - [2018] MISSING_CENTRAL: SR1E2Mu/Central/jets/4/py in Skim_TriLep_DYJets.root
2025-11-07 14:04:15,465 - INFO - [2018] MISSING_CENTRAL: SR1E2Mu/Central/jets/4/py in Skim_TriLep_DYJets10to50.root
2025-11-10 05:55:09,062 - INFO - [2018] MISSING_CENTRAL: SR1E2Mu/Central/jets/4/py in Skim_TriLep_DYJets.root
2025-11-10 05:55:09,065 - INFO - [2018] MISSING_CENTRAL: SR1E2Mu/Central/jets/4/py in Skim_TriLep_DYJets10to50.root
2025-11-10 12:19:18,802 - INFO - [2018] MISSING_CENTRAL: SR1E2Mu/Central/jets/4/py in Skim_TriLep_DYJets.root
2025-11-10 12:19:18,803 - INFO - [2018] MISSING_CENTRAL: SR1E2Mu/Central/jets/4/py in Skim_TriLep_DYJets10to50.root
2025-11-13 11:08:44,770 - INFO - [2018] MISSING_CENTRAL: SR1E2Mu/Central/jets/4/py in Skim_TriLep_DYJets.root
2025-11-13 11:08:44,771 - INFO - [2018] MISSING_CENTRAL: SR1E2Mu/Central/jets/4/py in Skim_TriLep_DYJets10to50.root
2025-11-19 16:21:40,198 - INFO - [2018] MISSING_CENTRAL: SR1E2Mu/Central/jets/4/py in Skim_TriLep_DYJets.root
2025-11-19 16:21:40,199 - INFO - [2018] MISSING_CENTRAL: SR1E2Mu/Central/jets/4/py in Skim_TriLep_DYJets10to50.root
2025-12-17 22:36:06,749 - INFO - [2018] MISSING_CENTRAL: SR1E2Mu/Central/jets/4/py in Skim_TriLep_DYJets10to50.root
2025-12-18 14:19:40,898 - INFO - [2018] MISSING_CENTRAL: SR1E2Mu/Central/jets/4/py in Skim_TriLep_DYJets10to50.root
2025-12-18 14:35:08,949 - INFO - [2018] MISSING_CENTRAL: SR1E2Mu/Central/jets/4/py in Skim_TriLep_DYJets10to50.root
2026-01-07 11:45:15,363 - INFO - [2018] MISSING_CENTRAL: SR1E2Mu/Central/jets/4/py in Skim_TriLep_DYJets10to50.root
