2025-09-24 15:49:37,642 - INFO - [2018] MISSING_CENTRAL: SR1E2Mu/Central/METv/py in Skim_TriLep_DYJets10to50.root
2025-09-24 15:49:37,667 - INFO - [2018] MISSING_FILE: /Users/choij/Sync/workspace/ChargedHiggsAnalysisV3/SKNanoOutput/PromptSelector/Run1E2Mu_RunSyst/2018/Skim_TriLep_TTG.root
2025-09-24 15:49:37,748 - INFO - [2018] MISSING_FILE: /Users/choij/Sync/workspace/ChargedHiggsAnalysisV3/SKNanoOutput/PromptSelector/Run1E2Mu_RunSyst/2018/Skim_TriLep_TTHToNonbb.root
2025-09-24 15:49:37,816 - INFO - [2018] MISSING_FILE: /Users/choij/Sync/workspace/ChargedHiggsAnalysisV3/SKNanoOutput/PromptSelector/Run1E2Mu_RunSyst/2018/Skim_TriLep_tHq.root
2025-09-24 15:49:37,907 - INFO - [2018] MISSING_FILE: /Users/choij/Sync/workspace/ChargedHiggsAnalysisV3/SKNanoOutput/PromptSelector/Run1E2Mu_RunSyst/2018/Skim_TriLep_VBFHToZZTo4L.root
2025-10-02 21:13:58,835 - INFO - [2018] MISSING_CENTRAL: SR1E2Mu/Central/METv/py in Skim_TriLep_DYJets10to50.root
2025-10-02 21:13:58,915 - INFO - [2018] MISSING_FILE: /data9/Users/choij/Sync/workspace/ChargedHiggsAnalysisV3/SKNanoOutput/PromptSelector/Run1E2Mu_RunSyst/2018/Skim_TriLep_TTG.root
2025-10-02 21:13:59,113 - INFO - [2018] MISSING_FILE: /data9/Users/choij/Sync/workspace/ChargedHiggsAnalysisV3/SKNanoOutput/PromptSelector/Run1E2Mu_RunSyst/2018/Skim_TriLep_TTHToNonbb.root
2025-10-02 21:13:59,258 - INFO - [2018] MISSING_FILE: /data9/Users/choij/Sync/workspace/ChargedHiggsAnalysisV3/SKNanoOutput/PromptSelector/Run1E2Mu_RunSyst/2018/Skim_TriLep_tHq.root
2025-10-02 21:13:59,520 - INFO - [2018] MISSING_FILE: /data9/Users/choij/Sync/workspace/ChargedHiggsAnalysisV3/SKNanoOutput/PromptSelector/Run1E2Mu_RunSyst/2018/Skim_TriLep_VBFHToZZTo4L.root
2025-10-03 00:02:15,803 - INFO - [2018] MISSING_CENTRAL: SR1E2Mu/Central/METv/py in Skim_TriLep_DYJets10to50.root
2025-10-03 00:02:15,821 - INFO - [2018] MISSING_FILE: /Users/choij/Sync/workspace/ChargedHiggsAnalysisV3/SKNanoOutput/PromptSelector/Run1E2Mu_RunSyst/2018/Skim_TriLep_TTG.root
2025-10-03 00:02:15,910 - INFO - [2018] MISSING_FILE: /Users/choij/Sync/workspace/ChargedHiggsAnalysisV3/SKNanoOutput/PromptSelector/Run1E2Mu_RunSyst/2018/Skim_TriLep_TTHToNonbb.root
2025-10-03 00:02:16,009 - INFO - [2018] MISSING_FILE: /Users/choij/Sync/workspace/ChargedHiggsAnalysisV3/SKNanoOutput/PromptSelector/Run1E2Mu_RunSyst/2018/Skim_TriLep_tHq.root
2025-10-03 00:02:16,111 - INFO - [2018] MISSING_FILE: /Users/choij/Sync/workspace/ChargedHiggsAnalysisV3/SKNanoOutput/PromptSelector/Run1E2Mu_RunSyst/2018/Skim_TriLep_VBFHToZZTo4L.root
2025-11-05 20:28:46,891 - INFO - [2018] MISSING_CENTRAL: SR1E2Mu/Central/METv/py in Skim_TriLep_DYJets10to50.root
2025-11-05 21:34:02,769 - INFO - [2018] MISSING_CENTRAL: SR1E2Mu/Central/METv/py in Skim_TriLep_DYJets10to50.root
2025-11-05 21:39:06,368 - INFO - [2018] MISSING_CENTRAL: SR1E2Mu/Central/METv/py in Skim_TriLep_DYJets10to50.root
2025-11-05 22:02:28,340 - INFO - [2018] MISSING_CENTRAL: SR1E2Mu/Central/METv/py in Skim_TriLep_DYJets10to50.root
2025-11-05 22:18:14,811 - INFO - [2018] MISSING_CENTRAL: SR1E2Mu/Central/METv/py in Skim_TriLep_DYJets10to50.root
2025-11-05 23:22:47,729 - INFO - [2018] MISSING_CENTRAL: SR1E2Mu/Central/METv/py in Skim_TriLep_DYJets10to50.root
2025-11-07 12:26:00,292 - INFO - [2018] MISSING_CENTRAL: SR1E2Mu/Central/METv/py in Skim_TriLep_DYJets10to50.root
2025-11-07 13:06:26,291 - INFO - [2018] MISSING_CENTRAL: SR1E2Mu/Central/METv/py in Skim_TriLep_DYJets10to50.root
2025-11-07 14:04:18,522 - INFO - [2018] MISSING_CENTRAL: SR1E2Mu/Central/METv/py in Skim_TriLep_DYJets10to50.root
2025-11-10 05:55:13,042 - INFO - [2018] MISSING_CENTRAL: SR1E2Mu/Central/METv/py in Skim_TriLep_DYJets10to50.root
