2025-09-24 15:49:36,781 - INFO - [2018] MISSING_CENTRAL: SR1E2Mu/Central/METv/pt in Skim_TriLep_DYJets10to50.root
2025-09-24 15:49:36,812 - INFO - [2018] MISSING_FILE: /Users/choij/Sync/workspace/ChargedHiggsAnalysisV3/SKNanoOutput/PromptSelector/Run1E2Mu_RunSyst/2018/Skim_TriLep_TTG.root
2025-09-24 15:49:36,885 - INFO - [2018] MISSING_FILE: /Users/choij/Sync/workspace/ChargedHiggsAnalysisV3/SKNanoOutput/PromptSelector/Run1E2Mu_RunSyst/2018/Skim_TriLep_TTHToNonbb.root
2025-09-24 15:49:36,987 - INFO - [2018] MISSING_FILE: /Users/choij/Sync/workspace/ChargedHiggsAnalysisV3/SKNanoOutput/PromptSelector/Run1E2Mu_RunSyst/2018/Skim_TriLep_tHq.root
2025-09-24 15:49:37,238 - INFO - [2018] MISSING_FILE: /Users/choij/Sync/workspace/ChargedHiggsAnalysisV3/SKNanoOutput/PromptSelector/Run1E2Mu_RunSyst/2018/Skim_TriLep_VBFHToZZTo4L.root
2025-10-02 21:13:59,284 - INFO - [2018] MISSING_CENTRAL: SR1E2Mu/Central/METv/pt in Skim_TriLep_DYJets10to50.root
2025-10-02 21:13:59,308 - INFO - [2018] MISSING_FILE: /data9/Users/choij/Sync/workspace/ChargedHiggsAnalysisV3/SKNanoOutput/PromptSelector/Run1E2Mu_RunSyst/2018/Skim_TriLep_TTG.root
2025-10-02 21:13:59,452 - INFO - [2018] MISSING_FILE: /data9/Users/choij/Sync/workspace/ChargedHiggsAnalysisV3/SKNanoOutput/PromptSelector/Run1E2Mu_RunSyst/2018/Skim_TriLep_TTHToNonbb.root
2025-10-02 21:13:59,513 - INFO - [2018] MISSING_FILE: /data9/Users/choij/Sync/workspace/ChargedHiggsAnalysisV3/SKNanoOutput/PromptSelector/Run1E2Mu_RunSyst/2018/Skim_TriLep_tHq.root
2025-10-02 21:13:59,613 - INFO - [2018] MISSING_FILE: /data9/Users/choij/Sync/workspace/ChargedHiggsAnalysisV3/SKNanoOutput/PromptSelector/Run1E2Mu_RunSyst/2018/Skim_TriLep_VBFHToZZTo4L.root
2025-10-03 00:02:15,407 - INFO - [2018] MISSING_CENTRAL: SR1E2Mu/Central/METv/pt in Skim_TriLep_DYJets10to50.root
2025-10-03 00:02:15,417 - INFO - [2018] MISSING_FILE: /Users/choij/Sync/workspace/ChargedHiggsAnalysisV3/SKNanoOutput/PromptSelector/Run1E2Mu_RunSyst/2018/Skim_TriLep_TTG.root
2025-10-03 00:02:15,493 - INFO - [2018] MISSING_FILE: /Users/choij/Sync/workspace/ChargedHiggsAnalysisV3/SKNanoOutput/PromptSelector/Run1E2Mu_RunSyst/2018/Skim_TriLep_TTHToNonbb.root
2025-10-03 00:02:15,534 - INFO - [2018] MISSING_FILE: /Users/choij/Sync/workspace/ChargedHiggsAnalysisV3/SKNanoOutput/PromptSelector/Run1E2Mu_RunSyst/2018/Skim_TriLep_tHq.root
2025-10-03 00:02:15,604 - INFO - [2018] MISSING_FILE: /Users/choij/Sync/workspace/ChargedHiggsAnalysisV3/SKNanoOutput/PromptSelector/Run1E2Mu_RunSyst/2018/Skim_TriLep_VBFHToZZTo4L.root
2025-11-05 20:28:46,838 - INFO - [2018] MISSING_CENTRAL: SR1E2Mu/Central/METv/pt in Skim_TriLep_DYJets10to50.root
2025-11-05 21:34:02,492 - INFO - [2018] MISSING_CENTRAL: SR1E2Mu/Central/METv/pt in Skim_TriLep_DYJets10to50.root
2025-11-05 21:39:05,977 - INFO - [2018] MISSING_CENTRAL: SR1E2Mu/Central/METv/pt in Skim_TriLep_DYJets10to50.root
2025-11-05 22:02:28,252 - INFO - [2018] MISSING_CENTRAL: SR1E2Mu/Central/METv/pt in Skim_TriLep_DYJets10to50.root
2025-11-05 22:18:14,615 - INFO - [2018] MISSING_CENTRAL: SR1E2Mu/Central/METv/pt in Skim_TriLep_DYJets10to50.root
2025-11-05 23:22:47,390 - INFO - [2018] MISSING_CENTRAL: SR1E2Mu/Central/METv/pt in Skim_TriLep_DYJets10to50.root
2025-11-07 12:26:00,305 - INFO - [2018] MISSING_CENTRAL: SR1E2Mu/Central/METv/pt in Skim_TriLep_DYJets10to50.root
2025-11-07 13:06:26,230 - INFO - [2018] MISSING_CENTRAL: SR1E2Mu/Central/METv/pt in Skim_TriLep_DYJets10to50.root
2025-11-07 14:04:18,431 - INFO - [2018] MISSING_CENTRAL: SR1E2Mu/Central/METv/pt in Skim_TriLep_DYJets10to50.root
2025-11-10 05:55:12,856 - INFO - [2018] MISSING_CENTRAL: SR1E2Mu/Central/METv/pt in Skim_TriLep_DYJets10to50.root
2025-11-10 12:19:21,993 - INFO - [2018] MISSING_CENTRAL: SR1E2Mu/Central/METv/pt in Skim_TriLep_DYJets10to50.root
2025-11-13 11:08:45,217 - INFO - [2018] MISSING_CENTRAL: SR1E2Mu/Central/METv/pt in Skim_TriLep_DYJets10to50.root
2025-11-19 16:21:43,250 - INFO - [2018] MISSING_CENTRAL: SR1E2Mu/Central/METv/pt in Skim_TriLep_DYJets10to50.root
2025-12-17 22:36:06,958 - INFO - [2018] MISSING_CENTRAL: SR1E2Mu/Central/METv/pt in Skim_TriLep_DYJets10to50.root
2025-12-18 14:19:42,459 - INFO - [2018] MISSING_CENTRAL: SR1E2Mu/Central/METv/pt in Skim_TriLep_DYJets10to50.root
2025-12-18 14:35:10,136 - INFO - [2018] MISSING_CENTRAL: SR1E2Mu/Central/METv/pt in Skim_TriLep_DYJets10to50.root
2026-01-07 11:45:15,410 - INFO - [2018] MISSING_CENTRAL: SR1E2Mu/Central/METv/pt in Skim_TriLep_DYJets10to50.root
2026-01-07 18:42:00,299 - INFO - [2018] MISSING_CENTRAL: SR1E2Mu/Central/METv/pt in Skim_TriLep_DYJets10to50.root
2026-01-07 19:28:17,306 - INFO - [2018] MISSING_CENTRAL: SR1E2Mu/Central/METv/pt in Skim_TriLep_DYJets10to50.root
2026-01-09 12:15:49,996 - INFO - [2018] MISSING_CENTRAL: SR1E2Mu/Central/METv/pt in Skim_TriLep_DYJets10to50.root
2026-01-11 09:35:54,187 - INFO - [2018] MISSING_CENTRAL: SR1E2Mu/Central/METv/pt in Skim_TriLep_DYJets10to50.root
2026-01-12 13:44:31,269 - INFO - [2018] MISSING_FILE: /home/choij/Sync/workspace/ChargedHiggsAnalysisV3/SKNanoOutput/MatrixSelector/Run1E2Mu/2018/Skim_TriLep_MuonEG_A.root
2026-01-12 13:44:31,269 - INFO - [2018] MISSING_FILE: /home/choij/Sync/workspace/ChargedHiggsAnalysisV3/SKNanoOutput/MatrixSelector/Run1E2Mu/2018/Skim_TriLep_MuonEG_B.root
2026-01-12 13:44:31,269 - INFO - [2018] MISSING_FILE: /home/choij/Sync/workspace/ChargedHiggsAnalysisV3/SKNanoOutput/MatrixSelector/Run1E2Mu/2018/Skim_TriLep_MuonEG_C.root
2026-01-12 13:44:31,270 - INFO - [2018] MISSING_FILE: /home/choij/Sync/workspace/ChargedHiggsAnalysisV3/SKNanoOutput/MatrixSelector/Run1E2Mu/2018/Skim_TriLep_MuonEG_D.root
2026-01-12 13:44:31,299 - INFO - [2018] MISSING_CENTRAL: SR1E2Mu/Central/METv/pt in Skim_TriLep_DYJets10to50.root
2026-01-16 18:59:44,481 - INFO - [2018] MISSING_CENTRAL: SR1E2Mu/Central/METv/pt in Skim_TriLep_DYJets10to50.root
2026-01-28 16:07:59,188 - INFO - [2018] MISSING_CENTRAL: SR1E2Mu/Central/METv/pt in Skim_TriLep_DYJets10to50.root
