2025-11-05 21:39:08,311 - INFO - [2018] MISSING_CENTRAL: SR1E2Mu/Central/MHc160_MA85/score_signal in Skim_TriLep_DYJets10to50.root
2025-11-05 22:02:30,401 - INFO - [2018] MISSING_CENTRAL: SR1E2Mu/Central/MHc160_MA85/score_signal in Skim_TriLep_DYJets10to50.root
2025-11-05 22:18:17,140 - INFO - [2018] MISSING_CENTRAL: SR1E2Mu/Central/MHc160_MA85/score_signal in Skim_TriLep_DYJets10to50.root
2025-11-05 23:22:49,893 - INFO - [2018] MISSING_CENTRAL: SR1E2Mu/Central/MHc160_MA85/score_signal in Skim_TriLep_DYJets10to50.root
2025-11-07 12:26:02,456 - INFO - [2018] MISSING_CENTRAL: SR1E2Mu/Central/MHc160_MA85/score_signal in Skim_TriLep_DYJets10to50.root
2025-11-07 13:06:29,737 - INFO - [2018] MISSING_CENTRAL: SR1E2Mu/Central/MHc160_MA85/score_signal in Skim_TriLep_DYJets10to50.root
2025-11-07 14:04:21,486 - INFO - [2018] MISSING_CENTRAL: SR1E2Mu/Central/MHc160_MA85/score_signal in Skim_TriLep_DYJets10to50.root
2025-11-10 05:55:17,713 - INFO - [2018] MISSING_CENTRAL: SR1E2Mu/Central/MHc160_MA85/score_signal in Skim_TriLep_DYJets10to50.root
2025-11-10 12:19:25,298 - INFO - [2018] MISSING_CENTRAL: SR1E2Mu/Central/MHc160_MA85/score_signal in Skim_TriLep_DYJets10to50.root
2025-11-13 11:08:48,752 - INFO - [2018] MISSING_CENTRAL: SR1E2Mu/Central/MHc160_MA85/score_signal in Skim_TriLep_DYJets10to50.root
2025-11-19 16:21:46,641 - INFO - [2018] MISSING_CENTRAL: SR1E2Mu/Central/MHc160_MA85/score_signal in Skim_TriLep_DYJets10to50.root
2025-12-17 22:36:10,654 - INFO - [2018] MISSING_CENTRAL: SR1E2Mu/Central/MHc160_MA85/score_signal in Skim_TriLep_DYJets10to50.root
2025-12-18 14:19:48,231 - INFO - [2018] MISSING_CENTRAL: SR1E2Mu/Central/MHc160_MA85/score_signal in Skim_TriLep_DYJets10to50.root
2025-12-18 14:35:16,158 - INFO - [2018] MISSING_CENTRAL: SR1E2Mu/Central/MHc160_MA85/score_signal in Skim_TriLep_DYJets10to50.root
2026-01-07 11:45:20,748 - INFO - [2018] MISSING_CENTRAL: SR1E2Mu/Central/MHc160_MA85/score_signal in Skim_TriLep_DYJets10to50.root
2026-01-07 18:42:05,024 - INFO - [2018] MISSING_CENTRAL: SR1E2Mu/Central/MHc160_MA85/score_signal in Skim_TriLep_DYJets10to50.root
2026-01-07 19:28:22,689 - INFO - [2018] MISSING_CENTRAL: SR1E2Mu/Central/MHc160_MA85/score_signal in Skim_TriLep_DYJets10to50.root
2026-01-09 12:15:56,448 - INFO - [2018] MISSING_CENTRAL: SR1E2Mu/Central/MHc160_MA85/score_signal in Skim_TriLep_DYJets10to50.root
2026-01-11 09:36:00,591 - INFO - [2018] MISSING_CENTRAL: SR1E2Mu/Central/MHc160_MA85/score_signal in Skim_TriLep_DYJets10to50.root
2026-01-12 13:44:37,618 - INFO - [2018] MISSING_FILE: /home/choij/Sync/workspace/ChargedHiggsAnalysisV3/SKNanoOutput/MatrixSelector/Run1E2Mu/2018/Skim_TriLep_MuonEG_A.root
2026-01-12 13:44:37,620 - INFO - [2018] MISSING_FILE: /home/choij/Sync/workspace/ChargedHiggsAnalysisV3/SKNanoOutput/MatrixSelector/Run1E2Mu/2018/Skim_TriLep_MuonEG_B.root
2026-01-12 13:44:37,621 - INFO - [2018] MISSING_FILE: /home/choij/Sync/workspace/ChargedHiggsAnalysisV3/SKNanoOutput/MatrixSelector/Run1E2Mu/2018/Skim_TriLep_MuonEG_C.root
2026-01-12 13:44:37,621 - INFO - [2018] MISSING_FILE: /home/choij/Sync/workspace/ChargedHiggsAnalysisV3/SKNanoOutput/MatrixSelector/Run1E2Mu/2018/Skim_TriLep_MuonEG_D.root
2026-01-12 13:44:37,666 - INFO - [2018] MISSING_CENTRAL: SR1E2Mu/Central/MHc160_MA85/score_signal in Skim_TriLep_DYJets10to50.root
2026-01-16 18:59:50,342 - INFO - [2018] MISSING_CENTRAL: SR1E2Mu/Central/MHc160_MA85/score_signal in Skim_TriLep_DYJets10to50.root
