2025-11-05 22:18:05,065 - INFO - [2018] MISSING_CENTRAL: SR1E2Mu/Central/muons/2/min_dR_bjets in Skim_TriLep_DYJets10to50.root
2025-11-05 23:22:37,790 - INFO - [2018] MISSING_CENTRAL: SR1E2Mu/Central/muons/2/min_dR_bjets in Skim_TriLep_DYJets10to50.root
2025-11-07 12:25:50,542 - INFO - [2018] MISSING_CENTRAL: SR1E2Mu/Central/muons/2/min_dR_bjets in Skim_TriLep_DYJets10to50.root
2025-11-07 13:06:16,483 - INFO - [2018] MISSING_CENTRAL: SR1E2Mu/Central/muons/2/min_dR_bjets in Skim_TriLep_DYJets10to50.root
2025-11-07 14:04:08,757 - INFO - [2018] MISSING_CENTRAL: SR1E2Mu/Central/muons/2/min_dR_bjets in Skim_TriLep_DYJets10to50.root
2025-11-10 05:55:01,211 - INFO - [2018] MISSING_CENTRAL: SR1E2Mu/Central/muons/2/min_dR_bjets in Skim_TriLep_DYJets10to50.root
2025-11-10 12:19:12,275 - INFO - [2018] MISSING_CENTRAL: SR1E2Mu/Central/muons/2/min_dR_bjets in Skim_TriLep_DYJets10to50.root
2025-11-13 11:08:33,446 - INFO - [2018] MISSING_CENTRAL: SR1E2Mu/Central/muons/2/min_dR_bjets in Skim_TriLep_DYJets10to50.root
2025-11-19 16:21:33,399 - INFO - [2018] MISSING_CENTRAL: SR1E2Mu/Central/muons/2/min_dR_bjets in Skim_TriLep_DYJets10to50.root
2025-12-17 22:35:55,362 - INFO - [2018] MISSING_CENTRAL: SR1E2Mu/Central/muons/2/min_dR_bjets in Skim_TriLep_DYJets10to50.root
2025-12-18 14:19:35,293 - INFO - [2018] MISSING_CENTRAL: SR1E2Mu/Central/muons/2/min_dR_bjets in Skim_TriLep_DYJets10to50.root
2025-12-18 14:35:02,719 - INFO - [2018] MISSING_CENTRAL: SR1E2Mu/Central/muons/2/min_dR_bjets in Skim_TriLep_DYJets10to50.root
2026-01-07 11:45:05,521 - INFO - [2018] MISSING_CENTRAL: SR1E2Mu/Central/muons/2/min_dR_bjets in Skim_TriLep_DYJets10to50.root
2026-01-07 18:41:54,824 - INFO - [2018] MISSING_CENTRAL: SR1E2Mu/Central/muons/2/min_dR_bjets in Skim_TriLep_DYJets10to50.root
2026-01-07 19:28:11,282 - INFO - [2018] MISSING_CENTRAL: SR1E2Mu/Central/muons/2/min_dR_bjets in Skim_TriLep_DYJets10to50.root
2026-01-09 12:15:40,502 - INFO - [2018] MISSING_CENTRAL: SR1E2Mu/Central/muons/2/min_dR_bjets in Skim_TriLep_DYJets10to50.root
2026-01-11 09:35:44,502 - INFO - [2018] MISSING_CENTRAL: SR1E2Mu/Central/muons/2/min_dR_bjets in Skim_TriLep_DYJets10to50.root
2026-01-12 13:44:21,335 - INFO - [2018] MISSING_FILE: /home/choij/Sync/workspace/ChargedHiggsAnalysisV3/SKNanoOutput/MatrixSelector/Run1E2Mu/2018/Skim_TriLep_MuonEG_A.root
2026-01-12 13:44:21,336 - INFO - [2018] MISSING_FILE: /home/choij/Sync/workspace/ChargedHiggsAnalysisV3/SKNanoOutput/MatrixSelector/Run1E2Mu/2018/Skim_TriLep_MuonEG_B.root
2026-01-12 13:44:21,336 - INFO - [2018] MISSING_FILE: /home/choij/Sync/workspace/ChargedHiggsAnalysisV3/SKNanoOutput/MatrixSelector/Run1E2Mu/2018/Skim_TriLep_MuonEG_C.root
2026-01-12 13:44:21,336 - INFO - [2018] MISSING_FILE: /home/choij/Sync/workspace/ChargedHiggsAnalysisV3/SKNanoOutput/MatrixSelector/Run1E2Mu/2018/Skim_TriLep_MuonEG_D.root
2026-01-12 13:44:21,360 - INFO - [2018] MISSING_CENTRAL: SR1E2Mu/Central/muons/2/min_dR_bjets in Skim_TriLep_DYJets10to50.root
2026-01-16 18:59:34,755 - INFO - [2018] MISSING_CENTRAL: SR1E2Mu/Central/muons/2/min_dR_bjets in Skim_TriLep_DYJets10to50.root
