2025-09-24 15:49:14,455 - INFO - [2018] MISSING_CENTRAL: SR1E2Mu/Central/muons/2/px in Skim_TriLep_DYJets10to50.root
2025-09-24 15:49:14,483 - INFO - [2018] MISSING_FILE: /Users/choij/Sync/workspace/ChargedHiggsAnalysisV3/SKNanoOutput/PromptSelector/Run1E2Mu_RunSyst/2018/Skim_TriLep_TTG.root
2025-09-24 15:49:14,557 - INFO - [2018] MISSING_FILE: /Users/choij/Sync/workspace/ChargedHiggsAnalysisV3/SKNanoOutput/PromptSelector/Run1E2Mu_RunSyst/2018/Skim_TriLep_TTHToNonbb.root
2025-09-24 15:49:14,746 - INFO - [2018] MISSING_FILE: /Users/choij/Sync/workspace/ChargedHiggsAnalysisV3/SKNanoOutput/PromptSelector/Run1E2Mu_RunSyst/2018/Skim_TriLep_tHq.root
2025-09-24 15:49:14,941 - INFO - [2018] MISSING_FILE: /Users/choij/Sync/workspace/ChargedHiggsAnalysisV3/SKNanoOutput/PromptSelector/Run1E2Mu_RunSyst/2018/Skim_TriLep_VBFHToZZTo4L.root
2025-10-02 21:13:49,456 - INFO - [2018] MISSING_CENTRAL: SR1E2Mu/Central/muons/2/px in Skim_TriLep_DYJets10to50.root
2025-10-02 21:13:49,537 - INFO - [2018] MISSING_FILE: /data9/Users/choij/Sync/workspace/ChargedHiggsAnalysisV3/SKNanoOutput/PromptSelector/Run1E2Mu_RunSyst/2018/Skim_TriLep_TTG.root
2025-10-02 21:13:50,278 - INFO - [2018] MISSING_FILE: /data9/Users/choij/Sync/workspace/ChargedHiggsAnalysisV3/SKNanoOutput/PromptSelector/Run1E2Mu_RunSyst/2018/Skim_TriLep_TTHToNonbb.root
2025-10-02 21:13:51,251 - INFO - [2018] MISSING_FILE: /data9/Users/choij/Sync/workspace/ChargedHiggsAnalysisV3/SKNanoOutput/PromptSelector/Run1E2Mu_RunSyst/2018/Skim_TriLep_tHq.root
2025-10-02 21:13:52,377 - INFO - [2018] MISSING_FILE: /data9/Users/choij/Sync/workspace/ChargedHiggsAnalysisV3/SKNanoOutput/PromptSelector/Run1E2Mu_RunSyst/2018/Skim_TriLep_VBFHToZZTo4L.root
2025-10-03 00:01:55,709 - INFO - [2018] MISSING_CENTRAL: SR1E2Mu/Central/muons/2/px in Skim_TriLep_DYJets10to50.root
2025-10-03 00:01:55,782 - INFO - [2018] MISSING_FILE: /Users/choij/Sync/workspace/ChargedHiggsAnalysisV3/SKNanoOutput/PromptSelector/Run1E2Mu_RunSyst/2018/Skim_TriLep_TTG.root
2025-10-03 00:01:56,060 - INFO - [2018] MISSING_FILE: /Users/choij/Sync/workspace/ChargedHiggsAnalysisV3/SKNanoOutput/PromptSelector/Run1E2Mu_RunSyst/2018/Skim_TriLep_TTHToNonbb.root
2025-10-03 00:01:56,159 - INFO - [2018] MISSING_FILE: /Users/choij/Sync/workspace/ChargedHiggsAnalysisV3/SKNanoOutput/PromptSelector/Run1E2Mu_RunSyst/2018/Skim_TriLep_tHq.root
2025-10-03 00:01:56,422 - INFO - [2018] MISSING_FILE: /Users/choij/Sync/workspace/ChargedHiggsAnalysisV3/SKNanoOutput/PromptSelector/Run1E2Mu_RunSyst/2018/Skim_TriLep_VBFHToZZTo4L.root
2025-11-05 20:28:37,291 - INFO - [2018] MISSING_CENTRAL: SR1E2Mu/Central/muons/2/px in Skim_TriLep_DYJets10to50.root
2025-11-05 21:33:53,007 - INFO - [2018] MISSING_CENTRAL: SR1E2Mu/Central/muons/2/px in Skim_TriLep_DYJets10to50.root
2025-11-05 21:38:56,266 - INFO - [2018] MISSING_CENTRAL: SR1E2Mu/Central/muons/2/px in Skim_TriLep_DYJets10to50.root
2025-11-05 22:02:18,332 - INFO - [2018] MISSING_CENTRAL: SR1E2Mu/Central/muons/2/px in Skim_TriLep_DYJets10to50.root
2025-11-05 22:18:05,144 - INFO - [2018] MISSING_CENTRAL: SR1E2Mu/Central/muons/2/px in Skim_TriLep_DYJets10to50.root
2025-11-05 23:22:37,854 - INFO - [2018] MISSING_CENTRAL: SR1E2Mu/Central/muons/2/px in Skim_TriLep_DYJets10to50.root
2025-11-07 12:25:50,592 - INFO - [2018] MISSING_CENTRAL: SR1E2Mu/Central/muons/2/px in Skim_TriLep_DYJets10to50.root
2025-11-07 13:06:16,764 - INFO - [2018] MISSING_CENTRAL: SR1E2Mu/Central/muons/2/px in Skim_TriLep_DYJets10to50.root
2025-11-07 14:04:08,797 - INFO - [2018] MISSING_CENTRAL: SR1E2Mu/Central/muons/2/px in Skim_TriLep_DYJets10to50.root
2025-11-10 05:55:00,861 - INFO - [2018] MISSING_CENTRAL: SR1E2Mu/Central/muons/2/px in Skim_TriLep_DYJets10to50.root
2025-11-10 12:19:12,232 - INFO - [2018] MISSING_CENTRAL: SR1E2Mu/Central/muons/2/px in Skim_TriLep_DYJets10to50.root
2025-11-13 11:08:33,339 - INFO - [2018] MISSING_CENTRAL: SR1E2Mu/Central/muons/2/px in Skim_TriLep_DYJets10to50.root
2025-11-19 16:21:33,414 - INFO - [2018] MISSING_CENTRAL: SR1E2Mu/Central/muons/2/px in Skim_TriLep_DYJets10to50.root
2025-12-17 22:35:55,371 - INFO - [2018] MISSING_CENTRAL: SR1E2Mu/Central/muons/2/px in Skim_TriLep_DYJets10to50.root
2025-12-18 14:19:34,729 - INFO - [2018] MISSING_CENTRAL: SR1E2Mu/Central/muons/2/px in Skim_TriLep_DYJets10to50.root
2025-12-18 14:35:02,630 - INFO - [2018] MISSING_CENTRAL: SR1E2Mu/Central/muons/2/px in Skim_TriLep_DYJets10to50.root
2026-01-07 11:45:05,531 - INFO - [2018] MISSING_CENTRAL: SR1E2Mu/Central/muons/2/px in Skim_TriLep_DYJets10to50.root
2026-01-07 18:41:54,932 - INFO - [2018] MISSING_CENTRAL: SR1E2Mu/Central/muons/2/px in Skim_TriLep_DYJets10to50.root
2026-01-07 19:28:11,471 - INFO - [2018] MISSING_CENTRAL: SR1E2Mu/Central/muons/2/px in Skim_TriLep_DYJets10to50.root
2026-01-09 12:15:40,523 - INFO - [2018] MISSING_CENTRAL: SR1E2Mu/Central/muons/2/px in Skim_TriLep_DYJets10to50.root
2026-01-11 09:35:44,593 - INFO - [2018] MISSING_CENTRAL: SR1E2Mu/Central/muons/2/px in Skim_TriLep_DYJets10to50.root
2026-01-12 13:44:21,374 - INFO - [2018] MISSING_FILE: /home/choij/Sync/workspace/ChargedHiggsAnalysisV3/SKNanoOutput/MatrixSelector/Run1E2Mu/2018/Skim_TriLep_MuonEG_A.root
2026-01-12 13:44:21,374 - INFO - [2018] MISSING_FILE: /home/choij/Sync/workspace/ChargedHiggsAnalysisV3/SKNanoOutput/MatrixSelector/Run1E2Mu/2018/Skim_TriLep_MuonEG_B.root
2026-01-12 13:44:21,374 - INFO - [2018] MISSING_FILE: /home/choij/Sync/workspace/ChargedHiggsAnalysisV3/SKNanoOutput/MatrixSelector/Run1E2Mu/2018/Skim_TriLep_MuonEG_C.root
2026-01-12 13:44:21,374 - INFO - [2018] MISSING_FILE: /home/choij/Sync/workspace/ChargedHiggsAnalysisV3/SKNanoOutput/MatrixSelector/Run1E2Mu/2018/Skim_TriLep_MuonEG_D.root
2026-01-12 13:44:21,407 - INFO - [2018] MISSING_CENTRAL: SR1E2Mu/Central/muons/2/px in Skim_TriLep_DYJets10to50.root
2026-01-16 18:59:34,716 - INFO - [2018] MISSING_CENTRAL: SR1E2Mu/Central/muons/2/px in Skim_TriLep_DYJets10to50.root
