2025-09-24 15:49:37,680 - INFO - [2018] MISSING_CENTRAL: SR1E2Mu/Central/pair/pt in Skim_TriLep_DYJets10to50.root
2025-09-24 15:49:37,694 - INFO - [2018] MISSING_FILE: /Users/choij/Sync/workspace/ChargedHiggsAnalysisV3/SKNanoOutput/PromptSelector/Run1E2Mu_RunSyst/2018/Skim_TriLep_TTG.root
2025-09-24 15:49:37,751 - INFO - [2018] MISSING_FILE: /Users/choij/Sync/workspace/ChargedHiggsAnalysisV3/SKNanoOutput/PromptSelector/Run1E2Mu_RunSyst/2018/Skim_TriLep_TTHToNonbb.root
2025-09-24 15:49:37,793 - INFO - [2018] MISSING_FILE: /Users/choij/Sync/workspace/ChargedHiggsAnalysisV3/SKNanoOutput/PromptSelector/Run1E2Mu_RunSyst/2018/Skim_TriLep_tHq.root
2025-09-24 15:49:37,868 - INFO - [2018] MISSING_FILE: /Users/choij/Sync/workspace/ChargedHiggsAnalysisV3/SKNanoOutput/PromptSelector/Run1E2Mu_RunSyst/2018/Skim_TriLep_VBFHToZZTo4L.root
2025-10-02 21:13:59,321 - INFO - [2018] MISSING_CENTRAL: SR1E2Mu/Central/pair/pt in Skim_TriLep_DYJets10to50.root
2025-10-02 21:13:59,356 - INFO - [2018] MISSING_FILE: /data9/Users/choij/Sync/workspace/ChargedHiggsAnalysisV3/SKNanoOutput/PromptSelector/Run1E2Mu_RunSyst/2018/Skim_TriLep_TTG.root
2025-10-02 21:13:59,477 - INFO - [2018] MISSING_FILE: /data9/Users/choij/Sync/workspace/ChargedHiggsAnalysisV3/SKNanoOutput/PromptSelector/Run1E2Mu_RunSyst/2018/Skim_TriLep_TTHToNonbb.root
2025-10-02 21:13:59,591 - INFO - [2018] MISSING_FILE: /data9/Users/choij/Sync/workspace/ChargedHiggsAnalysisV3/SKNanoOutput/PromptSelector/Run1E2Mu_RunSyst/2018/Skim_TriLep_tHq.root
2025-10-02 21:13:59,792 - INFO - [2018] MISSING_FILE: /data9/Users/choij/Sync/workspace/ChargedHiggsAnalysisV3/SKNanoOutput/PromptSelector/Run1E2Mu_RunSyst/2018/Skim_TriLep_VBFHToZZTo4L.root
2025-10-03 00:02:16,177 - INFO - [2018] MISSING_CENTRAL: SR1E2Mu/Central/pair/pt in Skim_TriLep_DYJets10to50.root
2025-10-03 00:02:16,187 - INFO - [2018] MISSING_FILE: /Users/choij/Sync/workspace/ChargedHiggsAnalysisV3/SKNanoOutput/PromptSelector/Run1E2Mu_RunSyst/2018/Skim_TriLep_TTG.root
2025-10-03 00:02:16,226 - INFO - [2018] MISSING_FILE: /Users/choij/Sync/workspace/ChargedHiggsAnalysisV3/SKNanoOutput/PromptSelector/Run1E2Mu_RunSyst/2018/Skim_TriLep_TTHToNonbb.root
2025-10-03 00:02:16,262 - INFO - [2018] MISSING_FILE: /Users/choij/Sync/workspace/ChargedHiggsAnalysisV3/SKNanoOutput/PromptSelector/Run1E2Mu_RunSyst/2018/Skim_TriLep_tHq.root
2025-10-03 00:02:16,321 - INFO - [2018] MISSING_FILE: /Users/choij/Sync/workspace/ChargedHiggsAnalysisV3/SKNanoOutput/PromptSelector/Run1E2Mu_RunSyst/2018/Skim_TriLep_VBFHToZZTo4L.root
2025-11-05 20:28:46,999 - INFO - [2018] MISSING_CENTRAL: SR1E2Mu/Central/pair/pt in Skim_TriLep_DYJets10to50.root
2025-11-05 21:34:02,737 - INFO - [2018] MISSING_CENTRAL: SR1E2Mu/Central/pair/pt in Skim_TriLep_DYJets10to50.root
2025-11-05 21:39:06,453 - INFO - [2018] MISSING_CENTRAL: SR1E2Mu/Central/pair/pt in Skim_TriLep_DYJets10to50.root
2025-11-05 22:02:28,054 - INFO - [2018] MISSING_CENTRAL: SR1E2Mu/Central/pair/pt in Skim_TriLep_DYJets10to50.root
2025-11-05 22:18:14,655 - INFO - [2018] MISSING_CENTRAL: SR1E2Mu/Central/pair/pt in Skim_TriLep_DYJets10to50.root
2025-11-05 23:22:47,790 - INFO - [2018] MISSING_CENTRAL: SR1E2Mu/Central/pair/pt in Skim_TriLep_DYJets10to50.root
2025-11-07 12:26:00,293 - INFO - [2018] MISSING_CENTRAL: SR1E2Mu/Central/pair/pt in Skim_TriLep_DYJets10to50.root
2025-11-07 13:06:26,588 - INFO - [2018] MISSING_CENTRAL: SR1E2Mu/Central/pair/pt in Skim_TriLep_DYJets10to50.root
2025-11-07 14:04:18,456 - INFO - [2018] MISSING_CENTRAL: SR1E2Mu/Central/pair/pt in Skim_TriLep_DYJets10to50.root
2025-11-10 05:55:13,794 - INFO - [2018] MISSING_CENTRAL: SR1E2Mu/Central/pair/pt in Skim_TriLep_DYJets10to50.root
2025-11-10 12:19:22,063 - INFO - [2018] MISSING_CENTRAL: SR1E2Mu/Central/pair/pt in Skim_TriLep_DYJets10to50.root
2025-11-13 11:08:44,343 - INFO - [2018] MISSING_CENTRAL: SR1E2Mu/Central/pair/pt in Skim_TriLep_DYJets10to50.root
2025-11-19 16:21:43,374 - INFO - [2018] MISSING_CENTRAL: SR1E2Mu/Central/pair/pt in Skim_TriLep_DYJets10to50.root
2025-12-17 22:36:06,641 - INFO - [2018] MISSING_CENTRAL: SR1E2Mu/Central/pair/pt in Skim_TriLep_DYJets10to50.root
2025-12-18 14:19:41,781 - INFO - [2018] MISSING_CENTRAL: SR1E2Mu/Central/pair/pt in Skim_TriLep_DYJets10to50.root
2025-12-18 14:35:09,699 - INFO - [2018] MISSING_CENTRAL: SR1E2Mu/Central/pair/pt in Skim_TriLep_DYJets10to50.root
2026-01-07 11:45:15,316 - INFO - [2018] MISSING_CENTRAL: SR1E2Mu/Central/pair/pt in Skim_TriLep_DYJets10to50.root
2026-01-07 18:42:00,490 - INFO - [2018] MISSING_CENTRAL: SR1E2Mu/Central/pair/pt in Skim_TriLep_DYJets10to50.root
2026-01-07 19:28:17,215 - INFO - [2018] MISSING_CENTRAL: SR1E2Mu/Central/pair/pt in Skim_TriLep_DYJets10to50.root
2026-01-09 12:15:50,269 - INFO - [2018] MISSING_CENTRAL: SR1E2Mu/Central/pair/pt in Skim_TriLep_DYJets10to50.root
2026-01-11 09:35:54,468 - INFO - [2018] MISSING_CENTRAL: SR1E2Mu/Central/pair/pt in Skim_TriLep_DYJets10to50.root
2026-01-12 13:44:31,336 - INFO - [2018] MISSING_FILE: /home/choij/Sync/workspace/ChargedHiggsAnalysisV3/SKNanoOutput/MatrixSelector/Run1E2Mu/2018/Skim_TriLep_MuonEG_A.root
2026-01-12 13:44:31,336 - INFO - [2018] MISSING_FILE: /home/choij/Sync/workspace/ChargedHiggsAnalysisV3/SKNanoOutput/MatrixSelector/Run1E2Mu/2018/Skim_TriLep_MuonEG_B.root
2026-01-12 13:44:31,336 - INFO - [2018] MISSING_FILE: /home/choij/Sync/workspace/ChargedHiggsAnalysisV3/SKNanoOutput/MatrixSelector/Run1E2Mu/2018/Skim_TriLep_MuonEG_C.root
2026-01-12 13:44:31,336 - INFO - [2018] MISSING_FILE: /home/choij/Sync/workspace/ChargedHiggsAnalysisV3/SKNanoOutput/MatrixSelector/Run1E2Mu/2018/Skim_TriLep_MuonEG_D.root
2026-01-12 13:44:31,366 - INFO - [2018] MISSING_CENTRAL: SR1E2Mu/Central/pair/pt in Skim_TriLep_DYJets10to50.root
2026-01-16 18:59:44,464 - INFO - [2018] MISSING_CENTRAL: SR1E2Mu/Central/pair/pt in Skim_TriLep_DYJets10to50.root
