2025-09-24 15:49:40,024 - INFO - [2018] MISSING_CENTRAL: SR1E2Mu/Central/pair/mass in Skim_TriLep_DYJets10to50.root
2025-09-24 15:49:40,034 - INFO - [2018] MISSING_FILE: /Users/choij/Sync/workspace/ChargedHiggsAnalysisV3/SKNanoOutput/PromptSelector/Run1E2Mu_RunSyst/2018/Skim_TriLep_TTG.root
2025-09-24 15:49:40,170 - INFO - [2018] MISSING_FILE: /Users/choij/Sync/workspace/ChargedHiggsAnalysisV3/SKNanoOutput/PromptSelector/Run1E2Mu_RunSyst/2018/Skim_TriLep_TTHToNonbb.root
2025-09-24 15:49:40,192 - INFO - [2018] MISSING_FILE: /Users/choij/Sync/workspace/ChargedHiggsAnalysisV3/SKNanoOutput/PromptSelector/Run1E2Mu_RunSyst/2018/Skim_TriLep_tHq.root
2025-09-24 15:49:40,226 - INFO - [2018] MISSING_FILE: /Users/choij/Sync/workspace/ChargedHiggsAnalysisV3/SKNanoOutput/PromptSelector/Run1E2Mu_RunSyst/2018/Skim_TriLep_VBFHToZZTo4L.root
2025-10-02 21:13:59,539 - INFO - [2018] MISSING_CENTRAL: SR1E2Mu/Central/pair/mass in Skim_TriLep_DYJets10to50.root
2025-10-02 21:13:59,554 - INFO - [2018] MISSING_FILE: /data9/Users/choij/Sync/workspace/ChargedHiggsAnalysisV3/SKNanoOutput/PromptSelector/Run1E2Mu_RunSyst/2018/Skim_TriLep_TTG.root
2025-10-02 21:13:59,603 - INFO - [2018] MISSING_FILE: /data9/Users/choij/Sync/workspace/ChargedHiggsAnalysisV3/SKNanoOutput/PromptSelector/Run1E2Mu_RunSyst/2018/Skim_TriLep_TTHToNonbb.root
2025-10-02 21:13:59,694 - INFO - [2018] MISSING_FILE: /data9/Users/choij/Sync/workspace/ChargedHiggsAnalysisV3/SKNanoOutput/PromptSelector/Run1E2Mu_RunSyst/2018/Skim_TriLep_tHq.root
2025-10-02 21:13:59,794 - INFO - [2018] MISSING_FILE: /data9/Users/choij/Sync/workspace/ChargedHiggsAnalysisV3/SKNanoOutput/PromptSelector/Run1E2Mu_RunSyst/2018/Skim_TriLep_VBFHToZZTo4L.root
2025-10-03 00:02:18,194 - INFO - [2018] MISSING_CENTRAL: SR1E2Mu/Central/pair/mass in Skim_TriLep_DYJets10to50.root
2025-10-03 00:02:18,201 - INFO - [2018] MISSING_FILE: /Users/choij/Sync/workspace/ChargedHiggsAnalysisV3/SKNanoOutput/PromptSelector/Run1E2Mu_RunSyst/2018/Skim_TriLep_TTG.root
2025-10-03 00:02:18,260 - INFO - [2018] MISSING_FILE: /Users/choij/Sync/workspace/ChargedHiggsAnalysisV3/SKNanoOutput/PromptSelector/Run1E2Mu_RunSyst/2018/Skim_TriLep_TTHToNonbb.root
2025-10-03 00:02:18,351 - INFO - [2018] MISSING_FILE: /Users/choij/Sync/workspace/ChargedHiggsAnalysisV3/SKNanoOutput/PromptSelector/Run1E2Mu_RunSyst/2018/Skim_TriLep_tHq.root
2025-10-03 00:02:18,451 - INFO - [2018] MISSING_FILE: /Users/choij/Sync/workspace/ChargedHiggsAnalysisV3/SKNanoOutput/PromptSelector/Run1E2Mu_RunSyst/2018/Skim_TriLep_VBFHToZZTo4L.root
2025-11-05 20:28:46,814 - INFO - [2018] MISSING_CENTRAL: SR1E2Mu/Central/pair/mass in Skim_TriLep_DYJets10to50.root
2025-11-05 21:34:02,876 - INFO - [2018] MISSING_CENTRAL: SR1E2Mu/Central/pair/mass in Skim_TriLep_DYJets10to50.root
2025-11-05 21:39:06,682 - INFO - [2018] MISSING_CENTRAL: SR1E2Mu/Central/pair/mass in Skim_TriLep_DYJets10to50.root
2025-11-05 22:02:28,853 - INFO - [2018] MISSING_CENTRAL: SR1E2Mu/Central/pair/mass in Skim_TriLep_DYJets10to50.root
2025-11-05 22:18:15,177 - INFO - [2018] MISSING_CENTRAL: SR1E2Mu/Central/pair/mass in Skim_TriLep_DYJets10to50.root
2025-11-05 23:22:47,702 - INFO - [2018] MISSING_CENTRAL: SR1E2Mu/Central/pair/mass in Skim_TriLep_DYJets10to50.root
2025-11-07 12:26:00,356 - INFO - [2018] MISSING_CENTRAL: SR1E2Mu/Central/pair/mass in Skim_TriLep_DYJets10to50.root
2025-11-07 13:06:26,687 - INFO - [2018] MISSING_CENTRAL: SR1E2Mu/Central/pair/mass in Skim_TriLep_DYJets10to50.root
2025-11-07 14:04:18,708 - INFO - [2018] MISSING_CENTRAL: SR1E2Mu/Central/pair/mass in Skim_TriLep_DYJets10to50.root
2025-11-10 05:55:14,076 - INFO - [2018] MISSING_CENTRAL: SR1E2Mu/Central/pair/mass in Skim_TriLep_DYJets10to50.root
2025-11-10 12:19:22,157 - INFO - [2018] MISSING_CENTRAL: SR1E2Mu/Central/pair/mass in Skim_TriLep_DYJets10to50.root
2025-11-13 11:08:44,526 - INFO - [2018] MISSING_CENTRAL: SR1E2Mu/Central/pair/mass in Skim_TriLep_DYJets10to50.root
2025-11-19 16:21:43,740 - INFO - [2018] MISSING_CENTRAL: SR1E2Mu/Central/pair/mass in Skim_TriLep_DYJets10to50.root
2025-12-17 22:36:06,732 - INFO - [2018] MISSING_CENTRAL: SR1E2Mu/Central/pair/mass in Skim_TriLep_DYJets10to50.root
2025-12-18 14:19:42,268 - INFO - [2018] MISSING_CENTRAL: SR1E2Mu/Central/pair/mass in Skim_TriLep_DYJets10to50.root
2025-12-18 14:35:09,598 - INFO - [2018] MISSING_CENTRAL: SR1E2Mu/Central/pair/mass in Skim_TriLep_DYJets10to50.root
2026-01-07 11:45:15,503 - INFO - [2018] MISSING_CENTRAL: SR1E2Mu/Central/pair/mass in Skim_TriLep_DYJets10to50.root
2026-01-07 18:42:00,585 - INFO - [2018] MISSING_CENTRAL: SR1E2Mu/Central/pair/mass in Skim_TriLep_DYJets10to50.root
2026-01-07 19:28:17,274 - INFO - [2018] MISSING_CENTRAL: SR1E2Mu/Central/pair/mass in Skim_TriLep_DYJets10to50.root
2026-01-09 12:15:50,594 - INFO - [2018] MISSING_CENTRAL: SR1E2Mu/Central/pair/mass in Skim_TriLep_DYJets10to50.root
