2025-11-07 13:11:28,768 - INFO - [2023] MISSING_FILE: /home/choij/Sync/workspace/ChargedHiggsAnalysisV3/SKNanoOutput/PromptSelector/Run1E2Mu/2023/Skim_TriLep_MuonEG_C_v1.root
2025-11-07 13:11:28,772 - INFO - [2023] MISSING_FILE: /home/choij/Sync/workspace/ChargedHiggsAnalysisV3/SKNanoOutput/PromptSelector/Run1E2Mu/2023/Skim_TriLep_MuonEG_C_v2.root
2025-11-07 13:11:28,772 - INFO - [2023] MISSING_FILE: /home/choij/Sync/workspace/ChargedHiggsAnalysisV3/SKNanoOutput/PromptSelector/Run1E2Mu/2023/Skim_TriLep_MuonEG_C_v3.root
2025-11-07 13:11:28,773 - INFO - [2023] MISSING_FILE: /home/choij/Sync/workspace/ChargedHiggsAnalysisV3/SKNanoOutput/PromptSelector/Run1E2Mu/2023/Skim_TriLep_MuonEG_C_v4.root
2025-11-07 14:09:06,008 - INFO - [2023] MISSING_FILE: /home/choij/Sync/workspace/ChargedHiggsAnalysisV3/SKNanoOutput/PromptSelector/Run1E2Mu/2023/Skim_TriLep_MuonEG_C_v1.root
2025-11-07 14:09:06,011 - INFO - [2023] MISSING_FILE: /home/choij/Sync/workspace/ChargedHiggsAnalysisV3/SKNanoOutput/PromptSelector/Run1E2Mu/2023/Skim_TriLep_MuonEG_C_v2.root
2025-11-07 14:09:06,012 - INFO - [2023] MISSING_FILE: /home/choij/Sync/workspace/ChargedHiggsAnalysisV3/SKNanoOutput/PromptSelector/Run1E2Mu/2023/Skim_TriLep_MuonEG_C_v3.root
2025-11-07 14:09:06,012 - INFO - [2023] MISSING_FILE: /home/choij/Sync/workspace/ChargedHiggsAnalysisV3/SKNanoOutput/PromptSelector/Run1E2Mu/2023/Skim_TriLep_MuonEG_C_v4.root
2025-11-10 12:24:51,972 - INFO - [2023] MISSING_CENTRAL: ZFake1E2Mu/Central/dR_ele_mu2 in Skim_TriLep_DYJets10to50.root
2025-11-10 12:24:51,972 - INFO - [2023] MISSING_CENTRAL: ZFake1E2Mu/Central/dR_ele_mu2 in Skim_TriLep_DYGTo2LG_MLL4to50_PTG10to100.root
2025-11-10 12:24:51,973 - INFO - [2023] MISSING_CENTRAL: ZFake1E2Mu/Central/dR_ele_mu2 in Skim_TriLep_DYGTo2LG_MLL4to50_PTG100to200.root
2025-11-10 12:24:51,973 - INFO - [2023] MISSING_CENTRAL: ZFake1E2Mu/Central/dR_ele_mu2 in Skim_TriLep_DYGTo2LG_MLL4to50_PTG200toInf.root
2025-11-10 12:24:52,000 - INFO - [2023] MISSING_CENTRAL: ZFake1E2Mu/Central/dR_ele_mu2 in Skim_TriLep_TTG_PTG10to100.root
2025-11-10 12:24:52,000 - INFO - [2023] MISSING_CENTRAL: ZFake1E2Mu/Central/dR_ele_mu2 in Skim_TriLep_TTG_PTG100to200.root
2025-11-10 12:24:52,001 - INFO - [2023] MISSING_CENTRAL: ZFake1E2Mu/Central/dR_ele_mu2 in Skim_TriLep_TTG_PTG200toInf.root
2025-11-13 11:14:50,401 - INFO - [2023] MISSING_CENTRAL: ZFake1E2Mu/Central/dR_ele_mu2 in Skim_TriLep_DYJets10to50.root
2025-11-13 11:14:50,403 - INFO - [2023] MISSING_CENTRAL: ZFake1E2Mu/Central/dR_ele_mu2 in Skim_TriLep_DYGTo2LG_MLL4to50_PTG10to100.root
2025-11-13 11:14:50,404 - INFO - [2023] MISSING_CENTRAL: ZFake1E2Mu/Central/dR_ele_mu2 in Skim_TriLep_DYGTo2LG_MLL4to50_PTG100to200.root
2025-11-13 11:14:50,405 - INFO - [2023] MISSING_CENTRAL: ZFake1E2Mu/Central/dR_ele_mu2 in Skim_TriLep_DYGTo2LG_MLL4to50_PTG200toInf.root
2025-11-13 11:14:50,494 - INFO - [2023] MISSING_CENTRAL: ZFake1E2Mu/Central/dR_ele_mu2 in Skim_TriLep_TTG_PTG10to100.root
2025-11-13 11:14:50,496 - INFO - [2023] MISSING_CENTRAL: ZFake1E2Mu/Central/dR_ele_mu2 in Skim_TriLep_TTG_PTG100to200.root
2025-11-13 11:14:50,498 - INFO - [2023] MISSING_CENTRAL: ZFake1E2Mu/Central/dR_ele_mu2 in Skim_TriLep_TTG_PTG200toInf.root
2025-11-19 16:11:12,393 - INFO - [2023] MISSING_CENTRAL: ZFake1E2Mu/Central/dR_ele_mu2 in Skim_TriLep_DYJets10to50.root
2025-11-19 16:11:12,393 - INFO - [2023] MISSING_CENTRAL: ZFake1E2Mu/Central/dR_ele_mu2 in Skim_TriLep_DYGTo2LG_MLL4to50_PTG10to100.root
2025-11-19 16:11:12,394 - INFO - [2023] MISSING_CENTRAL: ZFake1E2Mu/Central/dR_ele_mu2 in Skim_TriLep_DYGTo2LG_MLL4to50_PTG100to200.root
2025-11-19 16:11:12,394 - INFO - [2023] MISSING_CENTRAL: ZFake1E2Mu/Central/dR_ele_mu2 in Skim_TriLep_DYGTo2LG_MLL4to50_PTG200toInf.root
2025-11-19 16:11:12,422 - INFO - [2023] MISSING_CENTRAL: ZFake1E2Mu/Central/dR_ele_mu2 in Skim_TriLep_TTG_PTG10to100.root
2025-11-19 16:11:12,423 - INFO - [2023] MISSING_CENTRAL: ZFake1E2Mu/Central/dR_ele_mu2 in Skim_TriLep_TTG_PTG100to200.root
2025-11-19 16:11:12,423 - INFO - [2023] MISSING_CENTRAL: ZFake1E2Mu/Central/dR_ele_mu2 in Skim_TriLep_TTG_PTG200toInf.root
2025-11-19 16:27:20,096 - INFO - [2023] MISSING_CENTRAL: ZFake1E2Mu/Central/dR_ele_mu2 in Skim_TriLep_DYJets10to50.root
2025-11-19 16:27:20,097 - INFO - [2023] MISSING_CENTRAL: ZFake1E2Mu/Central/dR_ele_mu2 in Skim_TriLep_DYGTo2LG_MLL4to50_PTG10to100.root
2025-11-19 16:27:20,097 - INFO - [2023] MISSING_CENTRAL: ZFake1E2Mu/Central/dR_ele_mu2 in Skim_TriLep_DYGTo2LG_MLL4to50_PTG100to200.root
2025-11-19 16:27:20,098 - INFO - [2023] MISSING_CENTRAL: ZFake1E2Mu/Central/dR_ele_mu2 in Skim_TriLep_DYGTo2LG_MLL4to50_PTG200toInf.root
2025-11-19 16:27:20,126 - INFO - [2023] MISSING_CENTRAL: ZFake1E2Mu/Central/dR_ele_mu2 in Skim_TriLep_TTG_PTG10to100.root
2025-11-19 16:27:20,126 - INFO - [2023] MISSING_CENTRAL: ZFake1E2Mu/Central/dR_ele_mu2 in Skim_TriLep_TTG_PTG100to200.root
2025-11-19 16:27:20,127 - INFO - [2023] MISSING_CENTRAL: ZFake1E2Mu/Central/dR_ele_mu2 in Skim_TriLep_TTG_PTG200toInf.root
2025-12-17 22:42:06,615 - INFO - [2023] MISSING_CENTRAL: ZFake1E2Mu/Central/dR_ele_mu2 in Skim_TriLep_DYJets10to50.root
2025-12-17 22:42:06,616 - INFO - [2023] MISSING_CENTRAL: ZFake1E2Mu/Central/dR_ele_mu2 in Skim_TriLep_TTG_PTG10to100.root
2025-12-17 22:42:06,617 - INFO - [2023] MISSING_CENTRAL: ZFake1E2Mu/Central/dR_ele_mu2 in Skim_TriLep_TTG_PTG100to200.root
2025-12-17 22:42:06,618 - INFO - [2023] MISSING_CENTRAL: ZFake1E2Mu/Central/dR_ele_mu2 in Skim_TriLep_TTG_PTG200toInf.root
2025-12-18 14:27:36,562 - INFO - [2023] MISSING_CENTRAL: ZFake1E2Mu/Central/dR_ele_mu2 in Skim_TriLep_DYJets10to50.root
2025-12-18 14:27:36,564 - INFO - [2023] MISSING_CENTRAL: ZFake1E2Mu/Central/dR_ele_mu2 in Skim_TriLep_TTG_PTG10to100.root
2025-12-18 14:27:36,588 - INFO - [2023] MISSING_CENTRAL: ZFake1E2Mu/Central/dR_ele_mu2 in Skim_TriLep_TTG_PTG100to200.root
2025-12-18 14:27:36,589 - INFO - [2023] MISSING_CENTRAL: ZFake1E2Mu/Central/dR_ele_mu2 in Skim_TriLep_TTG_PTG200toInf.root
2025-12-18 14:42:54,614 - INFO - [2023] MISSING_CENTRAL: ZFake1E2Mu/Central/dR_ele_mu2 in Skim_TriLep_DYJets10to50.root
2025-12-18 14:42:54,622 - INFO - [2023] MISSING_CENTRAL: ZFake1E2Mu/Central/dR_ele_mu2 in Skim_TriLep_TTG_PTG10to100.root
2025-12-18 14:42:54,626 - INFO - [2023] MISSING_CENTRAL: ZFake1E2Mu/Central/dR_ele_mu2 in Skim_TriLep_TTG_PTG100to200.root
2025-12-18 14:42:54,630 - INFO - [2023] MISSING_CENTRAL: ZFake1E2Mu/Central/dR_ele_mu2 in Skim_TriLep_TTG_PTG200toInf.root
2026-01-07 11:52:06,046 - INFO - [2023] MISSING_CENTRAL: ZFake1E2Mu/Central/dR_ele_mu2 in Skim_TriLep_DYJets10to50.root
2026-01-07 11:52:06,047 - INFO - [2023] MISSING_CENTRAL: ZFake1E2Mu/Central/dR_ele_mu2 in Skim_TriLep_TTG_PTG10to100.root
2026-01-07 11:52:06,047 - INFO - [2023] MISSING_CENTRAL: ZFake1E2Mu/Central/dR_ele_mu2 in Skim_TriLep_TTG_PTG100to200.root
2026-01-07 11:52:06,048 - INFO - [2023] MISSING_CENTRAL: ZFake1E2Mu/Central/dR_ele_mu2 in Skim_TriLep_TTG_PTG200toInf.root
2026-01-07 18:48:41,643 - INFO - [2023] MISSING_CENTRAL: ZFake1E2Mu/Central/dR_ele_mu2 in Skim_TriLep_DYJets10to50.root
2026-01-07 18:48:41,644 - INFO - [2023] MISSING_CENTRAL: ZFake1E2Mu/Central/dR_ele_mu2 in Skim_TriLep_TTG_PTG10to100.root
2026-01-07 18:48:41,644 - INFO - [2023] MISSING_CENTRAL: ZFake1E2Mu/Central/dR_ele_mu2 in Skim_TriLep_TTG_PTG100to200.root
2026-01-07 18:48:41,645 - INFO - [2023] MISSING_CENTRAL: ZFake1E2Mu/Central/dR_ele_mu2 in Skim_TriLep_TTG_PTG200toInf.root
2026-01-09 12:23:23,585 - INFO - [2023] MISSING_CENTRAL: ZFake1E2Mu/Central/dR_ele_mu2 in Skim_TriLep_DYJets10to50.root
2026-01-09 12:23:23,586 - INFO - [2023] MISSING_CENTRAL: ZFake1E2Mu/Central/dR_ele_mu2 in Skim_TriLep_TTG_PTG10to100.root
2026-01-09 12:23:23,586 - INFO - [2023] MISSING_CENTRAL: ZFake1E2Mu/Central/dR_ele_mu2 in Skim_TriLep_TTG_PTG100to200.root
2026-01-09 12:23:23,587 - INFO - [2023] MISSING_CENTRAL: ZFake1E2Mu/Central/dR_ele_mu2 in Skim_TriLep_TTG_PTG200toInf.root
2026-01-11 09:43:26,083 - INFO - [2023] MISSING_CENTRAL: ZFake1E2Mu/Central/dR_ele_mu2 in Skim_TriLep_DYJets10to50.root
2026-01-11 09:43:26,084 - INFO - [2023] MISSING_CENTRAL: ZFake1E2Mu/Central/dR_ele_mu2 in Skim_TriLep_TTG_PTG10to100.root
2026-01-11 09:43:26,085 - INFO - [2023] MISSING_CENTRAL: ZFake1E2Mu/Central/dR_ele_mu2 in Skim_TriLep_TTG_PTG100to200.root
2026-01-11 09:43:26,085 - INFO - [2023] MISSING_CENTRAL: ZFake1E2Mu/Central/dR_ele_mu2 in Skim_TriLep_TTG_PTG200toInf.root
2026-01-12 13:52:12,035 - INFO - [2023] MISSING_FILE: /home/choij/Sync/workspace/ChargedHiggsAnalysisV3/SKNanoOutput/MatrixSelector/Run1E2Mu/2023/Skim_TriLep_MuonEG_C_v1.root
2026-01-12 13:52:12,036 - INFO - [2023] MISSING_FILE: /home/choij/Sync/workspace/ChargedHiggsAnalysisV3/SKNanoOutput/MatrixSelector/Run1E2Mu/2023/Skim_TriLep_MuonEG_C_v2.root
2026-01-12 13:52:12,036 - INFO - [2023] MISSING_FILE: /home/choij/Sync/workspace/ChargedHiggsAnalysisV3/SKNanoOutput/MatrixSelector/Run1E2Mu/2023/Skim_TriLep_MuonEG_C_v3.root
2026-01-12 13:52:12,036 - INFO - [2023] MISSING_FILE: /home/choij/Sync/workspace/ChargedHiggsAnalysisV3/SKNanoOutput/MatrixSelector/Run1E2Mu/2023/Skim_TriLep_MuonEG_C_v4.root
2026-01-12 13:52:12,058 - INFO - [2023] MISSING_CENTRAL: ZFake1E2Mu/Central/dR_ele_mu2 in Skim_TriLep_DYJets10to50.root
2026-01-12 13:52:12,059 - INFO - [2023] MISSING_CENTRAL: ZFake1E2Mu/Central/dR_ele_mu2 in Skim_TriLep_TTG_PTG10to100.root
2026-01-12 13:52:12,059 - INFO - [2023] MISSING_CENTRAL: ZFake1E2Mu/Central/dR_ele_mu2 in Skim_TriLep_TTG_PTG100to200.root
2026-01-12 13:52:12,060 - INFO - [2023] MISSING_CENTRAL: ZFake1E2Mu/Central/dR_ele_mu2 in Skim_TriLep_TTG_PTG200toInf.root
2026-01-16 19:07:03,172 - INFO - [2023] MISSING_CENTRAL: ZFake1E2Mu/Central/dR_ele_mu2 in Skim_TriLep_DYJets10to50.root
2026-01-16 19:07:03,172 - INFO - [2023] MISSING_CENTRAL: ZFake1E2Mu/Central/dR_ele_mu2 in Skim_TriLep_TTG_PTG10to100.root
2026-01-16 19:07:03,173 - INFO - [2023] MISSING_CENTRAL: ZFake1E2Mu/Central/dR_ele_mu2 in Skim_TriLep_TTG_PTG100to200.root
2026-01-16 19:07:03,173 - INFO - [2023] MISSING_CENTRAL: ZFake1E2Mu/Central/dR_ele_mu2 in Skim_TriLep_TTG_PTG200toInf.root
