2025-09-24 16:00:32,622 - INFO - [2023] MISSING_CENTRAL: ZFake1E2Mu/Central/electrons/1/py in Skim_TriLep_DYJets10to50.root
2025-09-24 16:00:32,623 - INFO - [2023] MISSING_CENTRAL: ZFake1E2Mu/Central/electrons/1/py in Skim_TriLep_DYGTo2LG_MLL4to50_PTG10to100.root
2025-09-24 16:00:32,623 - INFO - [2023] MISSING_CENTRAL: ZFake1E2Mu/Central/electrons/1/py in Skim_TriLep_DYGTo2LG_MLL4to50_PTG100to200.root
2025-09-24 16:00:32,623 - INFO - [2023] MISSING_CENTRAL: ZFake1E2Mu/Central/electrons/1/py in Skim_TriLep_DYGTo2LG_MLL4to50_PTG200toInf.root
2025-09-24 16:00:32,999 - INFO - [2023] MISSING_CENTRAL: ZFake1E2Mu/Central/electrons/1/py in Skim_TriLep_TTG_PTG10to100.root
2025-09-24 16:00:32,999 - INFO - [2023] MISSING_CENTRAL: ZFake1E2Mu/Central/electrons/1/py in Skim_TriLep_TTG_PTG100to200.root
2025-09-24 16:00:32,999 - INFO - [2023] MISSING_CENTRAL: ZFake1E2Mu/Central/electrons/1/py in Skim_TriLep_TTG_PTG200toInf.root
2025-10-02 21:19:45,859 - INFO - [2023] MISSING_CENTRAL: ZFake1E2Mu/Central/electrons/1/py in Skim_TriLep_DYJets10to50.root
2025-10-02 21:19:45,899 - INFO - [2023] MISSING_CENTRAL: ZFake1E2Mu/Central/electrons/1/py in Skim_TriLep_DYGTo2LG_MLL4to50_PTG10to100.root
2025-10-02 21:19:45,926 - INFO - [2023] MISSING_CENTRAL: ZFake1E2Mu/Central/electrons/1/py in Skim_TriLep_DYGTo2LG_MLL4to50_PTG100to200.root
2025-10-02 21:19:45,947 - INFO - [2023] MISSING_CENTRAL: ZFake1E2Mu/Central/electrons/1/py in Skim_TriLep_DYGTo2LG_MLL4to50_PTG200toInf.root
2025-10-02 21:19:46,978 - INFO - [2023] MISSING_CENTRAL: ZFake1E2Mu/Central/electrons/1/py in Skim_TriLep_TTG_PTG10to100.root
2025-10-02 21:19:46,984 - INFO - [2023] MISSING_CENTRAL: ZFake1E2Mu/Central/electrons/1/py in Skim_TriLep_TTG_PTG100to200.root
2025-10-02 21:19:46,997 - INFO - [2023] MISSING_CENTRAL: ZFake1E2Mu/Central/electrons/1/py in Skim_TriLep_TTG_PTG200toInf.root
2025-10-03 00:28:40,273 - INFO - [2023] MISSING_CENTRAL: ZFake1E2Mu/Central/electrons/1/py in Skim_TriLep_DYJets10to50.root
2025-10-03 00:28:40,274 - INFO - [2023] MISSING_CENTRAL: ZFake1E2Mu/Central/electrons/1/py in Skim_TriLep_DYGTo2LG_MLL4to50_PTG10to100.root
2025-10-03 00:28:40,275 - INFO - [2023] MISSING_CENTRAL: ZFake1E2Mu/Central/electrons/1/py in Skim_TriLep_DYGTo2LG_MLL4to50_PTG100to200.root
2025-10-03 00:28:40,275 - INFO - [2023] MISSING_CENTRAL: ZFake1E2Mu/Central/electrons/1/py in Skim_TriLep_DYGTo2LG_MLL4to50_PTG200toInf.root
2025-10-03 00:28:40,883 - INFO - [2023] MISSING_CENTRAL: ZFake1E2Mu/Central/electrons/1/py in Skim_TriLep_TTG_PTG10to100.root
2025-10-03 00:28:40,884 - INFO - [2023] MISSING_CENTRAL: ZFake1E2Mu/Central/electrons/1/py in Skim_TriLep_TTG_PTG100to200.root
2025-10-03 00:28:40,884 - INFO - [2023] MISSING_CENTRAL: ZFake1E2Mu/Central/electrons/1/py in Skim_TriLep_TTG_PTG200toInf.root
