2025-09-24 16:00:34,113 - INFO - [2023] MISSING_CENTRAL: ZFake1E2Mu/Central/jets/1/phi in Skim_TriLep_DYJets10to50.root
2025-09-24 16:00:34,113 - INFO - [2023] MISSING_CENTRAL: ZFake1E2Mu/Central/jets/1/phi in Skim_TriLep_DYGTo2LG_MLL4to50_PTG10to100.root
2025-09-24 16:00:34,113 - INFO - [2023] MISSING_CENTRAL: ZFake1E2Mu/Central/jets/1/phi in Skim_TriLep_DYGTo2LG_MLL4to50_PTG100to200.root
2025-09-24 16:00:34,114 - INFO - [2023] MISSING_CENTRAL: ZFake1E2Mu/Central/jets/1/phi in Skim_TriLep_DYGTo2LG_MLL4to50_PTG200toInf.root
2025-09-24 16:00:34,274 - INFO - [2023] MISSING_CENTRAL: ZFake1E2Mu/Central/jets/1/phi in Skim_TriLep_TTG_PTG10to100.root
2025-09-24 16:00:34,274 - INFO - [2023] MISSING_CENTRAL: ZFake1E2Mu/Central/jets/1/phi in Skim_TriLep_TTG_PTG100to200.root
2025-09-24 16:00:34,274 - INFO - [2023] MISSING_CENTRAL: ZFake1E2Mu/Central/jets/1/phi in Skim_TriLep_TTG_PTG200toInf.root
2025-10-02 21:19:46,629 - INFO - [2023] MISSING_CENTRAL: ZFake1E2Mu/Central/jets/1/phi in Skim_TriLep_DYJets10to50.root
2025-10-02 21:19:46,630 - INFO - [2023] MISSING_CENTRAL: ZFake1E2Mu/Central/jets/1/phi in Skim_TriLep_DYGTo2LG_MLL4to50_PTG10to100.root
2025-10-02 21:19:46,636 - INFO - [2023] MISSING_CENTRAL: ZFake1E2Mu/Central/jets/1/phi in Skim_TriLep_DYGTo2LG_MLL4to50_PTG100to200.root
2025-10-02 21:19:46,637 - INFO - [2023] MISSING_CENTRAL: ZFake1E2Mu/Central/jets/1/phi in Skim_TriLep_DYGTo2LG_MLL4to50_PTG200toInf.root
2025-10-02 21:19:46,966 - INFO - [2023] MISSING_CENTRAL: ZFake1E2Mu/Central/jets/1/phi in Skim_TriLep_TTG_PTG10to100.root
2025-10-02 21:19:46,984 - INFO - [2023] MISSING_CENTRAL: ZFake1E2Mu/Central/jets/1/phi in Skim_TriLep_TTG_PTG100to200.root
2025-10-02 21:19:46,999 - INFO - [2023] MISSING_CENTRAL: ZFake1E2Mu/Central/jets/1/phi in Skim_TriLep_TTG_PTG200toInf.root
2025-10-03 00:28:41,655 - INFO - [2023] MISSING_CENTRAL: ZFake1E2Mu/Central/jets/1/phi in Skim_TriLep_DYJets10to50.root
2025-10-03 00:28:41,656 - INFO - [2023] MISSING_CENTRAL: ZFake1E2Mu/Central/jets/1/phi in Skim_TriLep_DYGTo2LG_MLL4to50_PTG10to100.root
2025-10-03 00:28:41,656 - INFO - [2023] MISSING_CENTRAL: ZFake1E2Mu/Central/jets/1/phi in Skim_TriLep_DYGTo2LG_MLL4to50_PTG100to200.root
2025-10-03 00:28:41,657 - INFO - [2023] MISSING_CENTRAL: ZFake1E2Mu/Central/jets/1/phi in Skim_TriLep_DYGTo2LG_MLL4to50_PTG200toInf.root
2025-10-03 00:28:41,701 - INFO - [2023] MISSING_CENTRAL: ZFake1E2Mu/Central/jets/1/phi in Skim_TriLep_TTG_PTG10to100.root
2025-10-03 00:28:41,707 - INFO - [2023] MISSING_CENTRAL: ZFake1E2Mu/Central/jets/1/phi in Skim_TriLep_TTG_PTG100to200.root
2025-10-03 00:28:41,707 - INFO - [2023] MISSING_CENTRAL: ZFake1E2Mu/Central/jets/1/phi in Skim_TriLep_TTG_PTG200toInf.root
2025-11-07 13:11:24,179 - INFO - [2023] MISSING_FILE: /home/choij/Sync/workspace/ChargedHiggsAnalysisV3/SKNanoOutput/PromptSelector/Run1E2Mu/2023/Skim_TriLep_MuonEG_C_v1.root
2025-11-07 13:11:24,179 - INFO - [2023] MISSING_FILE: /home/choij/Sync/workspace/ChargedHiggsAnalysisV3/SKNanoOutput/PromptSelector/Run1E2Mu/2023/Skim_TriLep_MuonEG_C_v2.root
2025-11-07 13:11:24,179 - INFO - [2023] MISSING_FILE: /home/choij/Sync/workspace/ChargedHiggsAnalysisV3/SKNanoOutput/PromptSelector/Run1E2Mu/2023/Skim_TriLep_MuonEG_C_v3.root
2025-11-07 13:11:24,179 - INFO - [2023] MISSING_FILE: /home/choij/Sync/workspace/ChargedHiggsAnalysisV3/SKNanoOutput/PromptSelector/Run1E2Mu/2023/Skim_TriLep_MuonEG_C_v4.root
2025-11-07 14:09:01,788 - INFO - [2023] MISSING_FILE: /home/choij/Sync/workspace/ChargedHiggsAnalysisV3/SKNanoOutput/PromptSelector/Run1E2Mu/2023/Skim_TriLep_MuonEG_C_v1.root
2025-11-07 14:09:01,793 - INFO - [2023] MISSING_FILE: /home/choij/Sync/workspace/ChargedHiggsAnalysisV3/SKNanoOutput/PromptSelector/Run1E2Mu/2023/Skim_TriLep_MuonEG_C_v2.root
2025-11-07 14:09:01,794 - INFO - [2023] MISSING_FILE: /home/choij/Sync/workspace/ChargedHiggsAnalysisV3/SKNanoOutput/PromptSelector/Run1E2Mu/2023/Skim_TriLep_MuonEG_C_v3.root
2025-11-07 14:09:01,794 - INFO - [2023] MISSING_FILE: /home/choij/Sync/workspace/ChargedHiggsAnalysisV3/SKNanoOutput/PromptSelector/Run1E2Mu/2023/Skim_TriLep_MuonEG_C_v4.root
2025-11-10 12:24:46,501 - INFO - [2023] MISSING_CENTRAL: ZFake1E2Mu/Central/jets/1/phi in Skim_TriLep_DYJets10to50.root
2025-11-10 12:24:46,501 - INFO - [2023] MISSING_CENTRAL: ZFake1E2Mu/Central/jets/1/phi in Skim_TriLep_DYGTo2LG_MLL4to50_PTG10to100.root
2025-11-10 12:24:46,502 - INFO - [2023] MISSING_CENTRAL: ZFake1E2Mu/Central/jets/1/phi in Skim_TriLep_DYGTo2LG_MLL4to50_PTG100to200.root
2025-11-10 12:24:46,503 - INFO - [2023] MISSING_CENTRAL: ZFake1E2Mu/Central/jets/1/phi in Skim_TriLep_DYGTo2LG_MLL4to50_PTG200toInf.root
2025-11-10 12:24:46,547 - INFO - [2023] MISSING_CENTRAL: ZFake1E2Mu/Central/jets/1/phi in Skim_TriLep_TTG_PTG10to100.root
2025-11-10 12:24:46,548 - INFO - [2023] MISSING_CENTRAL: ZFake1E2Mu/Central/jets/1/phi in Skim_TriLep_TTG_PTG100to200.root
2025-11-10 12:24:46,548 - INFO - [2023] MISSING_CENTRAL: ZFake1E2Mu/Central/jets/1/phi in Skim_TriLep_TTG_PTG200toInf.root
2025-11-13 11:14:40,230 - INFO - [2023] MISSING_CENTRAL: ZFake1E2Mu/Central/jets/1/phi in Skim_TriLep_DYJets10to50.root
2025-11-13 11:14:40,231 - INFO - [2023] MISSING_CENTRAL: ZFake1E2Mu/Central/jets/1/phi in Skim_TriLep_DYGTo2LG_MLL4to50_PTG10to100.root
2025-11-13 11:14:40,232 - INFO - [2023] MISSING_CENTRAL: ZFake1E2Mu/Central/jets/1/phi in Skim_TriLep_DYGTo2LG_MLL4to50_PTG100to200.root
2025-11-13 11:14:40,233 - INFO - [2023] MISSING_CENTRAL: ZFake1E2Mu/Central/jets/1/phi in Skim_TriLep_DYGTo2LG_MLL4to50_PTG200toInf.root
2025-11-13 11:14:40,995 - INFO - [2023] MISSING_CENTRAL: ZFake1E2Mu/Central/jets/1/phi in Skim_TriLep_TTG_PTG10to100.root
2025-11-13 11:14:41,021 - INFO - [2023] MISSING_CENTRAL: ZFake1E2Mu/Central/jets/1/phi in Skim_TriLep_TTG_PTG100to200.root
2025-11-13 11:14:41,024 - INFO - [2023] MISSING_CENTRAL: ZFake1E2Mu/Central/jets/1/phi in Skim_TriLep_TTG_PTG200toInf.root
2025-11-19 16:11:06,842 - INFO - [2023] MISSING_CENTRAL: ZFake1E2Mu/Central/jets/1/phi in Skim_TriLep_DYJets10to50.root
2025-11-19 16:11:06,843 - INFO - [2023] MISSING_CENTRAL: ZFake1E2Mu/Central/jets/1/phi in Skim_TriLep_DYGTo2LG_MLL4to50_PTG10to100.root
2025-11-19 16:11:06,843 - INFO - [2023] MISSING_CENTRAL: ZFake1E2Mu/Central/jets/1/phi in Skim_TriLep_DYGTo2LG_MLL4to50_PTG100to200.root
2025-11-19 16:11:06,844 - INFO - [2023] MISSING_CENTRAL: ZFake1E2Mu/Central/jets/1/phi in Skim_TriLep_DYGTo2LG_MLL4to50_PTG200toInf.root
2025-11-19 16:11:06,890 - INFO - [2023] MISSING_CENTRAL: ZFake1E2Mu/Central/jets/1/phi in Skim_TriLep_TTG_PTG10to100.root
2025-11-19 16:11:06,890 - INFO - [2023] MISSING_CENTRAL: ZFake1E2Mu/Central/jets/1/phi in Skim_TriLep_TTG_PTG100to200.root
2025-11-19 16:11:06,890 - INFO - [2023] MISSING_CENTRAL: ZFake1E2Mu/Central/jets/1/phi in Skim_TriLep_TTG_PTG200toInf.root
2025-11-19 16:27:14,582 - INFO - [2023] MISSING_CENTRAL: ZFake1E2Mu/Central/jets/1/phi in Skim_TriLep_DYJets10to50.root
2025-11-19 16:27:14,582 - INFO - [2023] MISSING_CENTRAL: ZFake1E2Mu/Central/jets/1/phi in Skim_TriLep_DYGTo2LG_MLL4to50_PTG10to100.root
2025-11-19 16:27:14,583 - INFO - [2023] MISSING_CENTRAL: ZFake1E2Mu/Central/jets/1/phi in Skim_TriLep_DYGTo2LG_MLL4to50_PTG100to200.root
2025-11-19 16:27:14,584 - INFO - [2023] MISSING_CENTRAL: ZFake1E2Mu/Central/jets/1/phi in Skim_TriLep_DYGTo2LG_MLL4to50_PTG200toInf.root
2025-11-19 16:27:14,620 - INFO - [2023] MISSING_CENTRAL: ZFake1E2Mu/Central/jets/1/phi in Skim_TriLep_TTG_PTG10to100.root
2025-11-19 16:27:14,621 - INFO - [2023] MISSING_CENTRAL: ZFake1E2Mu/Central/jets/1/phi in Skim_TriLep_TTG_PTG100to200.root
2025-11-19 16:27:14,621 - INFO - [2023] MISSING_CENTRAL: ZFake1E2Mu/Central/jets/1/phi in Skim_TriLep_TTG_PTG200toInf.root
