2025-09-24 16:00:37,248 - INFO - [2023] MISSING_CENTRAL: ZFake1E2Mu/Central/jets/2/eta in Skim_TriLep_DYJets10to50.root
2025-09-24 16:00:37,248 - INFO - [2023] MISSING_CENTRAL: ZFake1E2Mu/Central/jets/2/eta in Skim_TriLep_DYGTo2LG_MLL4to50_PTG10to100.root
2025-09-24 16:00:37,249 - INFO - [2023] MISSING_CENTRAL: ZFake1E2Mu/Central/jets/2/eta in Skim_TriLep_DYGTo2LG_MLL4to50_PTG100to200.root
2025-09-24 16:00:37,249 - INFO - [2023] MISSING_CENTRAL: ZFake1E2Mu/Central/jets/2/eta in Skim_TriLep_DYGTo2LG_MLL4to50_PTG200toInf.root
2025-09-24 16:00:37,285 - INFO - [2023] MISSING_CENTRAL: ZFake1E2Mu/Central/jets/2/eta in Skim_TriLep_TTG_PTG10to100.root
2025-09-24 16:00:37,285 - INFO - [2023] MISSING_CENTRAL: ZFake1E2Mu/Central/jets/2/eta in Skim_TriLep_TTG_PTG100to200.root
2025-09-24 16:00:37,285 - INFO - [2023] MISSING_CENTRAL: ZFake1E2Mu/Central/jets/2/eta in Skim_TriLep_TTG_PTG200toInf.root
2025-10-02 21:19:46,539 - INFO - [2023] MISSING_CENTRAL: ZFake1E2Mu/Central/jets/2/eta in Skim_TriLep_DYJets10to50.root
2025-10-02 21:19:46,540 - INFO - [2023] MISSING_CENTRAL: ZFake1E2Mu/Central/jets/2/eta in Skim_TriLep_DYGTo2LG_MLL4to50_PTG10to100.root
2025-10-02 21:19:46,541 - INFO - [2023] MISSING_CENTRAL: ZFake1E2Mu/Central/jets/2/eta in Skim_TriLep_DYGTo2LG_MLL4to50_PTG100to200.root
2025-10-02 21:19:46,543 - INFO - [2023] MISSING_CENTRAL: ZFake1E2Mu/Central/jets/2/eta in Skim_TriLep_DYGTo2LG_MLL4to50_PTG200toInf.root
2025-10-02 21:19:46,966 - INFO - [2023] MISSING_CENTRAL: ZFake1E2Mu/Central/jets/2/eta in Skim_TriLep_TTG_PTG10to100.root
2025-10-02 21:19:46,985 - INFO - [2023] MISSING_CENTRAL: ZFake1E2Mu/Central/jets/2/eta in Skim_TriLep_TTG_PTG100to200.root
2025-10-02 21:19:46,998 - INFO - [2023] MISSING_CENTRAL: ZFake1E2Mu/Central/jets/2/eta in Skim_TriLep_TTG_PTG200toInf.root
2025-10-03 00:28:45,710 - INFO - [2023] MISSING_CENTRAL: ZFake1E2Mu/Central/jets/2/eta in Skim_TriLep_DYJets10to50.root
2025-10-03 00:28:45,711 - INFO - [2023] MISSING_CENTRAL: ZFake1E2Mu/Central/jets/2/eta in Skim_TriLep_DYGTo2LG_MLL4to50_PTG10to100.root
2025-10-03 00:28:45,712 - INFO - [2023] MISSING_CENTRAL: ZFake1E2Mu/Central/jets/2/eta in Skim_TriLep_DYGTo2LG_MLL4to50_PTG100to200.root
2025-10-03 00:28:45,712 - INFO - [2023] MISSING_CENTRAL: ZFake1E2Mu/Central/jets/2/eta in Skim_TriLep_DYGTo2LG_MLL4to50_PTG200toInf.root
2025-10-03 00:28:45,777 - INFO - [2023] MISSING_CENTRAL: ZFake1E2Mu/Central/jets/2/eta in Skim_TriLep_TTG_PTG10to100.root
2025-10-03 00:28:45,778 - INFO - [2023] MISSING_CENTRAL: ZFake1E2Mu/Central/jets/2/eta in Skim_TriLep_TTG_PTG100to200.root
2025-10-03 00:28:45,778 - INFO - [2023] MISSING_CENTRAL: ZFake1E2Mu/Central/jets/2/eta in Skim_TriLep_TTG_PTG200toInf.root
2025-11-07 13:11:24,567 - INFO - [2023] MISSING_FILE: /home/choij/Sync/workspace/ChargedHiggsAnalysisV3/SKNanoOutput/PromptSelector/Run1E2Mu/2023/Skim_TriLep_MuonEG_C_v1.root
2025-11-07 13:11:24,567 - INFO - [2023] MISSING_FILE: /home/choij/Sync/workspace/ChargedHiggsAnalysisV3/SKNanoOutput/PromptSelector/Run1E2Mu/2023/Skim_TriLep_MuonEG_C_v2.root
2025-11-07 13:11:24,567 - INFO - [2023] MISSING_FILE: /home/choij/Sync/workspace/ChargedHiggsAnalysisV3/SKNanoOutput/PromptSelector/Run1E2Mu/2023/Skim_TriLep_MuonEG_C_v3.root
2025-11-07 13:11:24,567 - INFO - [2023] MISSING_FILE: /home/choij/Sync/workspace/ChargedHiggsAnalysisV3/SKNanoOutput/PromptSelector/Run1E2Mu/2023/Skim_TriLep_MuonEG_C_v4.root
2025-11-07 14:09:01,984 - INFO - [2023] MISSING_FILE: /home/choij/Sync/workspace/ChargedHiggsAnalysisV3/SKNanoOutput/PromptSelector/Run1E2Mu/2023/Skim_TriLep_MuonEG_C_v1.root
2025-11-07 14:09:01,984 - INFO - [2023] MISSING_FILE: /home/choij/Sync/workspace/ChargedHiggsAnalysisV3/SKNanoOutput/PromptSelector/Run1E2Mu/2023/Skim_TriLep_MuonEG_C_v2.root
2025-11-07 14:09:01,984 - INFO - [2023] MISSING_FILE: /home/choij/Sync/workspace/ChargedHiggsAnalysisV3/SKNanoOutput/PromptSelector/Run1E2Mu/2023/Skim_TriLep_MuonEG_C_v3.root
2025-11-07 14:09:01,984 - INFO - [2023] MISSING_FILE: /home/choij/Sync/workspace/ChargedHiggsAnalysisV3/SKNanoOutput/PromptSelector/Run1E2Mu/2023/Skim_TriLep_MuonEG_C_v4.root
2025-11-10 12:24:46,610 - INFO - [2023] MISSING_CENTRAL: ZFake1E2Mu/Central/jets/2/eta in Skim_TriLep_DYJets10to50.root
2025-11-10 12:24:46,611 - INFO - [2023] MISSING_CENTRAL: ZFake1E2Mu/Central/jets/2/eta in Skim_TriLep_DYGTo2LG_MLL4to50_PTG10to100.root
2025-11-10 12:24:46,611 - INFO - [2023] MISSING_CENTRAL: ZFake1E2Mu/Central/jets/2/eta in Skim_TriLep_DYGTo2LG_MLL4to50_PTG100to200.root
2025-11-10 12:24:46,612 - INFO - [2023] MISSING_CENTRAL: ZFake1E2Mu/Central/jets/2/eta in Skim_TriLep_DYGTo2LG_MLL4to50_PTG200toInf.root
2025-11-10 12:24:46,643 - INFO - [2023] MISSING_CENTRAL: ZFake1E2Mu/Central/jets/2/eta in Skim_TriLep_TTG_PTG10to100.root
2025-11-10 12:24:46,644 - INFO - [2023] MISSING_CENTRAL: ZFake1E2Mu/Central/jets/2/eta in Skim_TriLep_TTG_PTG100to200.root
2025-11-10 12:24:46,644 - INFO - [2023] MISSING_CENTRAL: ZFake1E2Mu/Central/jets/2/eta in Skim_TriLep_TTG_PTG200toInf.root
2025-11-13 11:14:40,148 - INFO - [2023] MISSING_CENTRAL: ZFake1E2Mu/Central/jets/2/eta in Skim_TriLep_DYJets10to50.root
2025-11-13 11:14:40,149 - INFO - [2023] MISSING_CENTRAL: ZFake1E2Mu/Central/jets/2/eta in Skim_TriLep_DYGTo2LG_MLL4to50_PTG10to100.root
2025-11-13 11:14:40,151 - INFO - [2023] MISSING_CENTRAL: ZFake1E2Mu/Central/jets/2/eta in Skim_TriLep_DYGTo2LG_MLL4to50_PTG100to200.root
2025-11-13 11:14:40,153 - INFO - [2023] MISSING_CENTRAL: ZFake1E2Mu/Central/jets/2/eta in Skim_TriLep_DYGTo2LG_MLL4to50_PTG200toInf.root
2025-11-13 11:14:40,995 - INFO - [2023] MISSING_CENTRAL: ZFake1E2Mu/Central/jets/2/eta in Skim_TriLep_TTG_PTG10to100.root
2025-11-13 11:14:41,020 - INFO - [2023] MISSING_CENTRAL: ZFake1E2Mu/Central/jets/2/eta in Skim_TriLep_TTG_PTG100to200.root
2025-11-13 11:14:41,024 - INFO - [2023] MISSING_CENTRAL: ZFake1E2Mu/Central/jets/2/eta in Skim_TriLep_TTG_PTG200toInf.root
