2025-09-24 16:00:41,243 - INFO - [2023] MISSING_CENTRAL: ZFake1E2Mu/Central/jets/3/mass in Skim_TriLep_MuonEG_C_v2.root
2025-09-24 16:00:41,270 - INFO - [2023] MISSING_CENTRAL: ZFake1E2Mu/Central/jets/3/mass in Skim_TriLep_DYJets.root
2025-09-24 16:00:41,270 - INFO - [2023] MISSING_CENTRAL: ZFake1E2Mu/Central/jets/3/mass in Skim_TriLep_DYJets10to50.root
2025-09-24 16:00:41,271 - INFO - [2023] MISSING_CENTRAL: ZFake1E2Mu/Central/jets/3/mass in Skim_TriLep_DYGTo2LG_MLL4to50_PTG10to100.root
2025-09-24 16:00:41,271 - INFO - [2023] MISSING_CENTRAL: ZFake1E2Mu/Central/jets/3/mass in Skim_TriLep_DYGTo2LG_MLL4to50_PTG100to200.root
2025-09-24 16:00:41,271 - INFO - [2023] MISSING_CENTRAL: ZFake1E2Mu/Central/jets/3/mass in Skim_TriLep_DYGTo2LG_MLL4to50_PTG200toInf.root
2025-09-24 16:00:41,300 - INFO - [2023] MISSING_CENTRAL: ZFake1E2Mu/Central/jets/3/mass in Skim_TriLep_TTG_PTG10to100.root
2025-09-24 16:00:41,300 - INFO - [2023] MISSING_CENTRAL: ZFake1E2Mu/Central/jets/3/mass in Skim_TriLep_TTG_PTG100to200.root
2025-09-24 16:00:41,301 - INFO - [2023] MISSING_CENTRAL: ZFake1E2Mu/Central/jets/3/mass in Skim_TriLep_TTG_PTG200toInf.root
2025-09-24 16:00:41,418 - INFO - [2023] MISSING_CENTRAL: ZFake1E2Mu/Central/jets/3/mass in Skim_TriLep_tHq.root
2025-10-02 21:19:54,522 - INFO - [2023] MISSING_CENTRAL: ZFake1E2Mu/Central/jets/3/mass in Skim_TriLep_MuonEG_C_v2.root
2025-10-02 21:19:54,622 - INFO - [2023] MISSING_CENTRAL: ZFake1E2Mu/Central/jets/3/mass in Skim_TriLep_DYJets.root
2025-10-02 21:19:54,622 - INFO - [2023] MISSING_CENTRAL: ZFake1E2Mu/Central/jets/3/mass in Skim_TriLep_DYJets10to50.root
2025-10-02 21:19:54,623 - INFO - [2023] MISSING_CENTRAL: ZFake1E2Mu/Central/jets/3/mass in Skim_TriLep_DYGTo2LG_MLL4to50_PTG10to100.root
2025-10-02 21:19:54,626 - INFO - [2023] MISSING_CENTRAL: ZFake1E2Mu/Central/jets/3/mass in Skim_TriLep_DYGTo2LG_MLL4to50_PTG100to200.root
2025-10-02 21:19:54,627 - INFO - [2023] MISSING_CENTRAL: ZFake1E2Mu/Central/jets/3/mass in Skim_TriLep_DYGTo2LG_MLL4to50_PTG200toInf.root
2025-10-02 21:19:54,766 - INFO - [2023] MISSING_CENTRAL: ZFake1E2Mu/Central/jets/3/mass in Skim_TriLep_TTG_PTG10to100.root
2025-10-02 21:19:54,768 - INFO - [2023] MISSING_CENTRAL: ZFake1E2Mu/Central/jets/3/mass in Skim_TriLep_TTG_PTG100to200.root
2025-10-02 21:19:54,768 - INFO - [2023] MISSING_CENTRAL: ZFake1E2Mu/Central/jets/3/mass in Skim_TriLep_TTG_PTG200toInf.root
2025-10-02 21:19:54,839 - INFO - [2023] MISSING_CENTRAL: ZFake1E2Mu/Central/jets/3/mass in Skim_TriLep_tHq.root
2025-10-03 00:28:50,188 - INFO - [2023] MISSING_CENTRAL: ZFake1E2Mu/Central/jets/3/mass in Skim_TriLep_MuonEG_C_v2.root
2025-10-03 00:28:50,233 - INFO - [2023] MISSING_CENTRAL: ZFake1E2Mu/Central/jets/3/mass in Skim_TriLep_DYJets.root
2025-10-03 00:28:50,234 - INFO - [2023] MISSING_CENTRAL: ZFake1E2Mu/Central/jets/3/mass in Skim_TriLep_DYJets10to50.root
2025-10-03 00:28:50,235 - INFO - [2023] MISSING_CENTRAL: ZFake1E2Mu/Central/jets/3/mass in Skim_TriLep_DYGTo2LG_MLL4to50_PTG10to100.root
2025-10-03 00:28:50,235 - INFO - [2023] MISSING_CENTRAL: ZFake1E2Mu/Central/jets/3/mass in Skim_TriLep_DYGTo2LG_MLL4to50_PTG100to200.root
2025-10-03 00:28:50,236 - INFO - [2023] MISSING_CENTRAL: ZFake1E2Mu/Central/jets/3/mass in Skim_TriLep_DYGTo2LG_MLL4to50_PTG200toInf.root
2025-10-03 00:28:50,297 - INFO - [2023] MISSING_CENTRAL: ZFake1E2Mu/Central/jets/3/mass in Skim_TriLep_TTG_PTG10to100.root
2025-10-03 00:28:50,297 - INFO - [2023] MISSING_CENTRAL: ZFake1E2Mu/Central/jets/3/mass in Skim_TriLep_TTG_PTG100to200.root
2025-10-03 00:28:50,298 - INFO - [2023] MISSING_CENTRAL: ZFake1E2Mu/Central/jets/3/mass in Skim_TriLep_TTG_PTG200toInf.root
2025-10-03 00:28:50,375 - INFO - [2023] MISSING_CENTRAL: ZFake1E2Mu/Central/jets/3/mass in Skim_TriLep_tHq.root
2025-11-07 13:11:26,383 - INFO - [2023] MISSING_FILE: /home/choij/Sync/workspace/ChargedHiggsAnalysisV3/SKNanoOutput/PromptSelector/Run1E2Mu/2023/Skim_TriLep_MuonEG_C_v1.root
2025-11-07 13:11:26,386 - INFO - [2023] MISSING_FILE: /home/choij/Sync/workspace/ChargedHiggsAnalysisV3/SKNanoOutput/PromptSelector/Run1E2Mu/2023/Skim_TriLep_MuonEG_C_v2.root
2025-11-07 13:11:26,387 - INFO - [2023] MISSING_FILE: /home/choij/Sync/workspace/ChargedHiggsAnalysisV3/SKNanoOutput/PromptSelector/Run1E2Mu/2023/Skim_TriLep_MuonEG_C_v3.root
2025-11-07 13:11:26,387 - INFO - [2023] MISSING_FILE: /home/choij/Sync/workspace/ChargedHiggsAnalysisV3/SKNanoOutput/PromptSelector/Run1E2Mu/2023/Skim_TriLep_MuonEG_C_v4.root
2025-11-07 14:09:02,050 - INFO - [2023] MISSING_FILE: /home/choij/Sync/workspace/ChargedHiggsAnalysisV3/SKNanoOutput/PromptSelector/Run1E2Mu/2023/Skim_TriLep_MuonEG_C_v1.root
2025-11-07 14:09:02,050 - INFO - [2023] MISSING_FILE: /home/choij/Sync/workspace/ChargedHiggsAnalysisV3/SKNanoOutput/PromptSelector/Run1E2Mu/2023/Skim_TriLep_MuonEG_C_v2.root
2025-11-07 14:09:02,050 - INFO - [2023] MISSING_FILE: /home/choij/Sync/workspace/ChargedHiggsAnalysisV3/SKNanoOutput/PromptSelector/Run1E2Mu/2023/Skim_TriLep_MuonEG_C_v3.root
2025-11-07 14:09:02,050 - INFO - [2023] MISSING_FILE: /home/choij/Sync/workspace/ChargedHiggsAnalysisV3/SKNanoOutput/PromptSelector/Run1E2Mu/2023/Skim_TriLep_MuonEG_C_v4.root
2025-11-10 12:24:46,687 - INFO - [2023] MISSING_CENTRAL: ZFake1E2Mu/Central/jets/3/mass in Skim_TriLep_MuonEG_C_v2.root
2025-11-10 12:24:46,732 - INFO - [2023] MISSING_CENTRAL: ZFake1E2Mu/Central/jets/3/mass in Skim_TriLep_DYJets.root
2025-11-10 12:24:46,733 - INFO - [2023] MISSING_CENTRAL: ZFake1E2Mu/Central/jets/3/mass in Skim_TriLep_DYJets10to50.root
2025-11-10 12:24:46,734 - INFO - [2023] MISSING_CENTRAL: ZFake1E2Mu/Central/jets/3/mass in Skim_TriLep_DYGTo2LG_MLL4to50_PTG10to100.root
2025-11-10 12:24:46,734 - INFO - [2023] MISSING_CENTRAL: ZFake1E2Mu/Central/jets/3/mass in Skim_TriLep_DYGTo2LG_MLL4to50_PTG100to200.root
2025-11-10 12:24:46,735 - INFO - [2023] MISSING_CENTRAL: ZFake1E2Mu/Central/jets/3/mass in Skim_TriLep_DYGTo2LG_MLL4to50_PTG200toInf.root
2025-11-10 12:24:46,774 - INFO - [2023] MISSING_CENTRAL: ZFake1E2Mu/Central/jets/3/mass in Skim_TriLep_TTG_PTG10to100.root
2025-11-10 12:24:46,775 - INFO - [2023] MISSING_CENTRAL: ZFake1E2Mu/Central/jets/3/mass in Skim_TriLep_TTG_PTG100to200.root
2025-11-10 12:24:46,775 - INFO - [2023] MISSING_CENTRAL: ZFake1E2Mu/Central/jets/3/mass in Skim_TriLep_TTG_PTG200toInf.root
2025-11-10 12:24:46,826 - INFO - [2023] MISSING_CENTRAL: ZFake1E2Mu/Central/jets/3/mass in Skim_TriLep_tHq.root
2025-11-13 11:14:39,886 - INFO - [2023] MISSING_CENTRAL: ZFake1E2Mu/Central/jets/3/mass in Skim_TriLep_MuonEG_C_v2.root
2025-11-13 11:14:39,981 - INFO - [2023] MISSING_CENTRAL: ZFake1E2Mu/Central/jets/3/mass in Skim_TriLep_DYJets.root
2025-11-13 11:14:40,011 - INFO - [2023] MISSING_CENTRAL: ZFake1E2Mu/Central/jets/3/mass in Skim_TriLep_DYJets10to50.root
2025-11-13 11:14:40,064 - INFO - [2023] MISSING_CENTRAL: ZFake1E2Mu/Central/jets/3/mass in Skim_TriLep_DYGTo2LG_MLL4to50_PTG10to100.root
2025-11-13 11:14:40,095 - INFO - [2023] MISSING_CENTRAL: ZFake1E2Mu/Central/jets/3/mass in Skim_TriLep_DYGTo2LG_MLL4to50_PTG100to200.root
2025-11-13 11:14:40,108 - INFO - [2023] MISSING_CENTRAL: ZFake1E2Mu/Central/jets/3/mass in Skim_TriLep_DYGTo2LG_MLL4to50_PTG200toInf.root
2025-11-13 11:14:40,995 - INFO - [2023] MISSING_CENTRAL: ZFake1E2Mu/Central/jets/3/mass in Skim_TriLep_TTG_PTG10to100.root
2025-11-13 11:14:41,021 - INFO - [2023] MISSING_CENTRAL: ZFake1E2Mu/Central/jets/3/mass in Skim_TriLep_TTG_PTG100to200.root
2025-11-13 11:14:41,024 - INFO - [2023] MISSING_CENTRAL: ZFake1E2Mu/Central/jets/3/mass in Skim_TriLep_TTG_PTG200toInf.root
2025-11-13 11:14:42,924 - INFO - [2023] MISSING_CENTRAL: ZFake1E2Mu/Central/jets/3/mass in Skim_TriLep_tHq.root
2025-11-19 16:11:06,867 - INFO - [2023] MISSING_CENTRAL: ZFake1E2Mu/Central/jets/3/mass in Skim_TriLep_MuonEG_C_v2.root
2025-11-19 16:11:06,910 - INFO - [2023] MISSING_CENTRAL: ZFake1E2Mu/Central/jets/3/mass in Skim_TriLep_DYJets.root
2025-11-19 16:11:06,910 - INFO - [2023] MISSING_CENTRAL: ZFake1E2Mu/Central/jets/3/mass in Skim_TriLep_DYJets10to50.root
2025-11-19 16:11:06,911 - INFO - [2023] MISSING_CENTRAL: ZFake1E2Mu/Central/jets/3/mass in Skim_TriLep_DYGTo2LG_MLL4to50_PTG10to100.root
2025-11-19 16:11:06,911 - INFO - [2023] MISSING_CENTRAL: ZFake1E2Mu/Central/jets/3/mass in Skim_TriLep_DYGTo2LG_MLL4to50_PTG100to200.root
2025-11-19 16:11:06,912 - INFO - [2023] MISSING_CENTRAL: ZFake1E2Mu/Central/jets/3/mass in Skim_TriLep_DYGTo2LG_MLL4to50_PTG200toInf.root
2025-11-19 16:11:06,954 - INFO - [2023] MISSING_CENTRAL: ZFake1E2Mu/Central/jets/3/mass in Skim_TriLep_TTG_PTG10to100.root
2025-11-19 16:11:06,955 - INFO - [2023] MISSING_CENTRAL: ZFake1E2Mu/Central/jets/3/mass in Skim_TriLep_TTG_PTG100to200.root
2025-11-19 16:11:06,955 - INFO - [2023] MISSING_CENTRAL: ZFake1E2Mu/Central/jets/3/mass in Skim_TriLep_TTG_PTG200toInf.root
2025-11-19 16:11:07,006 - INFO - [2023] MISSING_CENTRAL: ZFake1E2Mu/Central/jets/3/mass in Skim_TriLep_tHq.root
2025-11-19 16:27:14,775 - INFO - [2023] MISSING_CENTRAL: ZFake1E2Mu/Central/jets/3/mass in Skim_TriLep_MuonEG_C_v2.root
2025-11-19 16:27:14,818 - INFO - [2023] MISSING_CENTRAL: ZFake1E2Mu/Central/jets/3/mass in Skim_TriLep_DYJets.root
2025-11-19 16:27:14,819 - INFO - [2023] MISSING_CENTRAL: ZFake1E2Mu/Central/jets/3/mass in Skim_TriLep_DYJets10to50.root
2025-11-19 16:27:14,819 - INFO - [2023] MISSING_CENTRAL: ZFake1E2Mu/Central/jets/3/mass in Skim_TriLep_DYGTo2LG_MLL4to50_PTG10to100.root
2025-11-19 16:27:14,820 - INFO - [2023] MISSING_CENTRAL: ZFake1E2Mu/Central/jets/3/mass in Skim_TriLep_DYGTo2LG_MLL4to50_PTG100to200.root
2025-11-19 16:27:14,820 - INFO - [2023] MISSING_CENTRAL: ZFake1E2Mu/Central/jets/3/mass in Skim_TriLep_DYGTo2LG_MLL4to50_PTG200toInf.root
2025-11-19 16:27:14,859 - INFO - [2023] MISSING_CENTRAL: ZFake1E2Mu/Central/jets/3/mass in Skim_TriLep_TTG_PTG10to100.root
2025-11-19 16:27:14,859 - INFO - [2023] MISSING_CENTRAL: ZFake1E2Mu/Central/jets/3/mass in Skim_TriLep_TTG_PTG100to200.root
2025-11-19 16:27:14,860 - INFO - [2023] MISSING_CENTRAL: ZFake1E2Mu/Central/jets/3/mass in Skim_TriLep_TTG_PTG200toInf.root
2025-11-19 16:27:14,911 - INFO - [2023] MISSING_CENTRAL: ZFake1E2Mu/Central/jets/3/mass in Skim_TriLep_tHq.root
2025-12-17 22:41:56,498 - INFO - [2023] MISSING_CENTRAL: ZFake1E2Mu/Central/jets/3/mass in Skim_TriLep_MuonEG_C_v2.root
2025-12-17 22:41:57,081 - INFO - [2023] MISSING_CENTRAL: ZFake1E2Mu/Central/jets/3/mass in Skim_TriLep_DYJets10to50.root
2025-12-17 22:41:57,112 - INFO - [2023] MISSING_CENTRAL: ZFake1E2Mu/Central/jets/3/mass in Skim_TriLep_TTG_PTG10to100.root
2025-12-17 22:41:57,163 - INFO - [2023] MISSING_CENTRAL: ZFake1E2Mu/Central/jets/3/mass in Skim_TriLep_TTG_PTG100to200.root
2025-12-17 22:41:57,196 - INFO - [2023] MISSING_CENTRAL: ZFake1E2Mu/Central/jets/3/mass in Skim_TriLep_TTG_PTG200toInf.root
2025-12-17 22:41:59,689 - INFO - [2023] MISSING_CENTRAL: ZFake1E2Mu/Central/jets/3/mass in Skim_TriLep_tHq.root
2025-12-18 14:27:29,970 - INFO - [2023] MISSING_CENTRAL: ZFake1E2Mu/Central/jets/3/mass in Skim_TriLep_MuonEG_C_v2.root
2025-12-18 14:27:30,242 - INFO - [2023] MISSING_CENTRAL: ZFake1E2Mu/Central/jets/3/mass in Skim_TriLep_DYJets10to50.root
2025-12-18 14:27:30,243 - INFO - [2023] MISSING_CENTRAL: ZFake1E2Mu/Central/jets/3/mass in Skim_TriLep_TTG_PTG10to100.root
2025-12-18 14:27:30,249 - INFO - [2023] MISSING_CENTRAL: ZFake1E2Mu/Central/jets/3/mass in Skim_TriLep_TTG_PTG100to200.root
2025-12-18 14:27:30,250 - INFO - [2023] MISSING_CENTRAL: ZFake1E2Mu/Central/jets/3/mass in Skim_TriLep_TTG_PTG200toInf.root
2025-12-18 14:27:30,400 - INFO - [2023] MISSING_CENTRAL: ZFake1E2Mu/Central/jets/3/mass in Skim_TriLep_tHq.root
2025-12-18 14:42:49,646 - INFO - [2023] MISSING_CENTRAL: ZFake1E2Mu/Central/jets/3/mass in Skim_TriLep_MuonEG_C_v2.root
2025-12-18 14:42:49,823 - INFO - [2023] MISSING_CENTRAL: ZFake1E2Mu/Central/jets/3/mass in Skim_TriLep_DYJets10to50.root
2025-12-18 14:42:49,824 - INFO - [2023] MISSING_CENTRAL: ZFake1E2Mu/Central/jets/3/mass in Skim_TriLep_TTG_PTG10to100.root
2025-12-18 14:42:49,825 - INFO - [2023] MISSING_CENTRAL: ZFake1E2Mu/Central/jets/3/mass in Skim_TriLep_TTG_PTG100to200.root
2025-12-18 14:42:49,826 - INFO - [2023] MISSING_CENTRAL: ZFake1E2Mu/Central/jets/3/mass in Skim_TriLep_TTG_PTG200toInf.root
2025-12-18 14:42:49,973 - INFO - [2023] MISSING_CENTRAL: ZFake1E2Mu/Central/jets/3/mass in Skim_TriLep_tHq.root
2026-01-07 11:51:57,830 - INFO - [2023] MISSING_CENTRAL: ZFake1E2Mu/Central/jets/3/mass in Skim_TriLep_MuonEG_C_v2.root
2026-01-07 11:51:58,333 - INFO - [2023] MISSING_CENTRAL: ZFake1E2Mu/Central/jets/3/mass in Skim_TriLep_DYJets10to50.root
2026-01-07 11:51:58,351 - INFO - [2023] MISSING_CENTRAL: ZFake1E2Mu/Central/jets/3/mass in Skim_TriLep_TTG_PTG10to100.root
2026-01-07 11:51:58,357 - INFO - [2023] MISSING_CENTRAL: ZFake1E2Mu/Central/jets/3/mass in Skim_TriLep_TTG_PTG100to200.root
2026-01-07 11:51:58,366 - INFO - [2023] MISSING_CENTRAL: ZFake1E2Mu/Central/jets/3/mass in Skim_TriLep_TTG_PTG200toInf.root
2026-01-07 11:51:59,995 - INFO - [2023] MISSING_CENTRAL: ZFake1E2Mu/Central/jets/3/mass in Skim_TriLep_tHq.root
