2025-09-24 16:00:40,483 - INFO - [2023] MISSING_CENTRAL: ZFake1E2Mu/Central/jets/2/px in Skim_TriLep_DYJets10to50.root
2025-09-24 16:00:40,483 - INFO - [2023] MISSING_CENTRAL: ZFake1E2Mu/Central/jets/2/px in Skim_TriLep_DYGTo2LG_MLL4to50_PTG10to100.root
2025-09-24 16:00:40,483 - INFO - [2023] MISSING_CENTRAL: ZFake1E2Mu/Central/jets/2/px in Skim_TriLep_DYGTo2LG_MLL4to50_PTG100to200.root
2025-09-24 16:00:40,484 - INFO - [2023] MISSING_CENTRAL: ZFake1E2Mu/Central/jets/2/px in Skim_TriLep_DYGTo2LG_MLL4to50_PTG200toInf.root
2025-09-24 16:00:40,775 - INFO - [2023] MISSING_CENTRAL: ZFake1E2Mu/Central/jets/2/px in Skim_TriLep_TTG_PTG10to100.root
2025-09-24 16:00:40,776 - INFO - [2023] MISSING_CENTRAL: ZFake1E2Mu/Central/jets/2/px in Skim_TriLep_TTG_PTG100to200.root
2025-09-24 16:00:40,776 - INFO - [2023] MISSING_CENTRAL: ZFake1E2Mu/Central/jets/2/px in Skim_TriLep_TTG_PTG200toInf.root
2025-10-02 21:19:46,043 - INFO - [2023] MISSING_CENTRAL: ZFake1E2Mu/Central/jets/2/px in Skim_TriLep_DYJets10to50.root
2025-10-02 21:19:46,047 - INFO - [2023] MISSING_CENTRAL: ZFake1E2Mu/Central/jets/2/px in Skim_TriLep_DYGTo2LG_MLL4to50_PTG10to100.root
2025-10-02 21:19:46,053 - INFO - [2023] MISSING_CENTRAL: ZFake1E2Mu/Central/jets/2/px in Skim_TriLep_DYGTo2LG_MLL4to50_PTG100to200.root
2025-10-02 21:19:46,054 - INFO - [2023] MISSING_CENTRAL: ZFake1E2Mu/Central/jets/2/px in Skim_TriLep_DYGTo2LG_MLL4to50_PTG200toInf.root
2025-10-02 21:19:46,966 - INFO - [2023] MISSING_CENTRAL: ZFake1E2Mu/Central/jets/2/px in Skim_TriLep_TTG_PTG10to100.root
2025-10-02 21:19:46,984 - INFO - [2023] MISSING_CENTRAL: ZFake1E2Mu/Central/jets/2/px in Skim_TriLep_TTG_PTG100to200.root
2025-10-02 21:19:46,999 - INFO - [2023] MISSING_CENTRAL: ZFake1E2Mu/Central/jets/2/px in Skim_TriLep_TTG_PTG200toInf.root
2025-10-03 00:28:49,858 - INFO - [2023] MISSING_CENTRAL: ZFake1E2Mu/Central/jets/2/px in Skim_TriLep_DYJets10to50.root
2025-10-03 00:28:49,859 - INFO - [2023] MISSING_CENTRAL: ZFake1E2Mu/Central/jets/2/px in Skim_TriLep_DYGTo2LG_MLL4to50_PTG10to100.root
2025-10-03 00:28:49,859 - INFO - [2023] MISSING_CENTRAL: ZFake1E2Mu/Central/jets/2/px in Skim_TriLep_DYGTo2LG_MLL4to50_PTG100to200.root
2025-10-03 00:28:49,859 - INFO - [2023] MISSING_CENTRAL: ZFake1E2Mu/Central/jets/2/px in Skim_TriLep_DYGTo2LG_MLL4to50_PTG200toInf.root
2025-10-03 00:28:50,076 - INFO - [2023] MISSING_CENTRAL: ZFake1E2Mu/Central/jets/2/px in Skim_TriLep_TTG_PTG10to100.root
2025-10-03 00:28:50,076 - INFO - [2023] MISSING_CENTRAL: ZFake1E2Mu/Central/jets/2/px in Skim_TriLep_TTG_PTG100to200.root
2025-10-03 00:28:50,076 - INFO - [2023] MISSING_CENTRAL: ZFake1E2Mu/Central/jets/2/px in Skim_TriLep_TTG_PTG200toInf.root
2025-11-07 13:11:24,621 - INFO - [2023] MISSING_FILE: /home/choij/Sync/workspace/ChargedHiggsAnalysisV3/SKNanoOutput/PromptSelector/Run1E2Mu/2023/Skim_TriLep_MuonEG_C_v1.root
2025-11-07 13:11:24,622 - INFO - [2023] MISSING_FILE: /home/choij/Sync/workspace/ChargedHiggsAnalysisV3/SKNanoOutput/PromptSelector/Run1E2Mu/2023/Skim_TriLep_MuonEG_C_v2.root
2025-11-07 13:11:24,622 - INFO - [2023] MISSING_FILE: /home/choij/Sync/workspace/ChargedHiggsAnalysisV3/SKNanoOutput/PromptSelector/Run1E2Mu/2023/Skim_TriLep_MuonEG_C_v3.root
2025-11-07 13:11:24,622 - INFO - [2023] MISSING_FILE: /home/choij/Sync/workspace/ChargedHiggsAnalysisV3/SKNanoOutput/PromptSelector/Run1E2Mu/2023/Skim_TriLep_MuonEG_C_v4.root
2025-11-07 14:09:01,857 - INFO - [2023] MISSING_FILE: /home/choij/Sync/workspace/ChargedHiggsAnalysisV3/SKNanoOutput/PromptSelector/Run1E2Mu/2023/Skim_TriLep_MuonEG_C_v1.root
2025-11-07 14:09:01,866 - INFO - [2023] MISSING_FILE: /home/choij/Sync/workspace/ChargedHiggsAnalysisV3/SKNanoOutput/PromptSelector/Run1E2Mu/2023/Skim_TriLep_MuonEG_C_v2.root
2025-11-07 14:09:01,867 - INFO - [2023] MISSING_FILE: /home/choij/Sync/workspace/ChargedHiggsAnalysisV3/SKNanoOutput/PromptSelector/Run1E2Mu/2023/Skim_TriLep_MuonEG_C_v3.root
2025-11-07 14:09:01,867 - INFO - [2023] MISSING_FILE: /home/choij/Sync/workspace/ChargedHiggsAnalysisV3/SKNanoOutput/PromptSelector/Run1E2Mu/2023/Skim_TriLep_MuonEG_C_v4.root
2025-11-10 12:24:46,638 - INFO - [2023] MISSING_CENTRAL: ZFake1E2Mu/Central/jets/2/px in Skim_TriLep_DYJets10to50.root
2025-11-10 12:24:46,639 - INFO - [2023] MISSING_CENTRAL: ZFake1E2Mu/Central/jets/2/px in Skim_TriLep_DYGTo2LG_MLL4to50_PTG10to100.root
2025-11-10 12:24:46,639 - INFO - [2023] MISSING_CENTRAL: ZFake1E2Mu/Central/jets/2/px in Skim_TriLep_DYGTo2LG_MLL4to50_PTG100to200.root
2025-11-10 12:24:46,639 - INFO - [2023] MISSING_CENTRAL: ZFake1E2Mu/Central/jets/2/px in Skim_TriLep_DYGTo2LG_MLL4to50_PTG200toInf.root
2025-11-10 12:24:46,723 - INFO - [2023] MISSING_CENTRAL: ZFake1E2Mu/Central/jets/2/px in Skim_TriLep_TTG_PTG10to100.root
2025-11-10 12:24:46,724 - INFO - [2023] MISSING_CENTRAL: ZFake1E2Mu/Central/jets/2/px in Skim_TriLep_TTG_PTG100to200.root
2025-11-10 12:24:46,724 - INFO - [2023] MISSING_CENTRAL: ZFake1E2Mu/Central/jets/2/px in Skim_TriLep_TTG_PTG200toInf.root
