2025-09-24 16:00:40,781 - INFO - [2023] MISSING_CENTRAL: ZFake1E2Mu/Central/jets/3/eta in Skim_TriLep_MuonEG_C_v2.root
2025-09-24 16:00:40,801 - INFO - [2023] MISSING_CENTRAL: ZFake1E2Mu/Central/jets/3/eta in Skim_TriLep_DYJets.root
2025-09-24 16:00:40,801 - INFO - [2023] MISSING_CENTRAL: ZFake1E2Mu/Central/jets/3/eta in Skim_TriLep_DYJets10to50.root
2025-09-24 16:00:40,801 - INFO - [2023] MISSING_CENTRAL: ZFake1E2Mu/Central/jets/3/eta in Skim_TriLep_DYGTo2LG_MLL4to50_PTG10to100.root
2025-09-24 16:00:40,801 - INFO - [2023] MISSING_CENTRAL: ZFake1E2Mu/Central/jets/3/eta in Skim_TriLep_DYGTo2LG_MLL4to50_PTG100to200.root
2025-09-24 16:00:40,802 - INFO - [2023] MISSING_CENTRAL: ZFake1E2Mu/Central/jets/3/eta in Skim_TriLep_DYGTo2LG_MLL4to50_PTG200toInf.root
2025-09-24 16:00:40,822 - INFO - [2023] MISSING_CENTRAL: ZFake1E2Mu/Central/jets/3/eta in Skim_TriLep_TTG_PTG10to100.root
2025-09-24 16:00:40,822 - INFO - [2023] MISSING_CENTRAL: ZFake1E2Mu/Central/jets/3/eta in Skim_TriLep_TTG_PTG100to200.root
2025-09-24 16:00:40,823 - INFO - [2023] MISSING_CENTRAL: ZFake1E2Mu/Central/jets/3/eta in Skim_TriLep_TTG_PTG200toInf.root
2025-09-24 16:00:40,936 - INFO - [2023] MISSING_CENTRAL: ZFake1E2Mu/Central/jets/3/eta in Skim_TriLep_tHq.root
2025-10-02 21:19:46,784 - INFO - [2023] MISSING_CENTRAL: ZFake1E2Mu/Central/jets/3/eta in Skim_TriLep_MuonEG_C_v2.root
2025-10-02 21:19:46,856 - INFO - [2023] MISSING_CENTRAL: ZFake1E2Mu/Central/jets/3/eta in Skim_TriLep_DYJets.root
2025-10-02 21:19:46,858 - INFO - [2023] MISSING_CENTRAL: ZFake1E2Mu/Central/jets/3/eta in Skim_TriLep_DYJets10to50.root
2025-10-02 21:19:46,859 - INFO - [2023] MISSING_CENTRAL: ZFake1E2Mu/Central/jets/3/eta in Skim_TriLep_DYGTo2LG_MLL4to50_PTG10to100.root
2025-10-02 21:19:46,866 - INFO - [2023] MISSING_CENTRAL: ZFake1E2Mu/Central/jets/3/eta in Skim_TriLep_DYGTo2LG_MLL4to50_PTG100to200.root
2025-10-02 21:19:46,867 - INFO - [2023] MISSING_CENTRAL: ZFake1E2Mu/Central/jets/3/eta in Skim_TriLep_DYGTo2LG_MLL4to50_PTG200toInf.root
2025-10-02 21:19:46,990 - INFO - [2023] MISSING_CENTRAL: ZFake1E2Mu/Central/jets/3/eta in Skim_TriLep_TTG_PTG10to100.root
2025-10-02 21:19:46,991 - INFO - [2023] MISSING_CENTRAL: ZFake1E2Mu/Central/jets/3/eta in Skim_TriLep_TTG_PTG100to200.root
2025-10-02 21:19:46,999 - INFO - [2023] MISSING_CENTRAL: ZFake1E2Mu/Central/jets/3/eta in Skim_TriLep_TTG_PTG200toInf.root
2025-10-02 21:19:48,120 - INFO - [2023] MISSING_CENTRAL: ZFake1E2Mu/Central/jets/3/eta in Skim_TriLep_tHq.root
2025-10-03 00:28:50,104 - INFO - [2023] MISSING_CENTRAL: ZFake1E2Mu/Central/jets/3/eta in Skim_TriLep_MuonEG_C_v2.root
2025-10-03 00:28:50,143 - INFO - [2023] MISSING_CENTRAL: ZFake1E2Mu/Central/jets/3/eta in Skim_TriLep_DYJets.root
2025-10-03 00:28:50,143 - INFO - [2023] MISSING_CENTRAL: ZFake1E2Mu/Central/jets/3/eta in Skim_TriLep_DYJets10to50.root
2025-10-03 00:28:50,144 - INFO - [2023] MISSING_CENTRAL: ZFake1E2Mu/Central/jets/3/eta in Skim_TriLep_DYGTo2LG_MLL4to50_PTG10to100.root
2025-10-03 00:28:50,144 - INFO - [2023] MISSING_CENTRAL: ZFake1E2Mu/Central/jets/3/eta in Skim_TriLep_DYGTo2LG_MLL4to50_PTG100to200.root
2025-10-03 00:28:50,145 - INFO - [2023] MISSING_CENTRAL: ZFake1E2Mu/Central/jets/3/eta in Skim_TriLep_DYGTo2LG_MLL4to50_PTG200toInf.root
2025-10-03 00:28:50,201 - INFO - [2023] MISSING_CENTRAL: ZFake1E2Mu/Central/jets/3/eta in Skim_TriLep_TTG_PTG10to100.root
2025-10-03 00:28:50,202 - INFO - [2023] MISSING_CENTRAL: ZFake1E2Mu/Central/jets/3/eta in Skim_TriLep_TTG_PTG100to200.root
2025-10-03 00:28:50,202 - INFO - [2023] MISSING_CENTRAL: ZFake1E2Mu/Central/jets/3/eta in Skim_TriLep_TTG_PTG200toInf.root
2025-10-03 00:28:50,268 - INFO - [2023] MISSING_CENTRAL: ZFake1E2Mu/Central/jets/3/eta in Skim_TriLep_tHq.root
2025-11-07 13:11:26,514 - INFO - [2023] MISSING_FILE: /home/choij/Sync/workspace/ChargedHiggsAnalysisV3/SKNanoOutput/PromptSelector/Run1E2Mu/2023/Skim_TriLep_MuonEG_C_v1.root
2025-11-07 13:11:26,514 - INFO - [2023] MISSING_FILE: /home/choij/Sync/workspace/ChargedHiggsAnalysisV3/SKNanoOutput/PromptSelector/Run1E2Mu/2023/Skim_TriLep_MuonEG_C_v2.root
2025-11-07 13:11:26,514 - INFO - [2023] MISSING_FILE: /home/choij/Sync/workspace/ChargedHiggsAnalysisV3/SKNanoOutput/PromptSelector/Run1E2Mu/2023/Skim_TriLep_MuonEG_C_v3.root
2025-11-07 13:11:26,514 - INFO - [2023] MISSING_FILE: /home/choij/Sync/workspace/ChargedHiggsAnalysisV3/SKNanoOutput/PromptSelector/Run1E2Mu/2023/Skim_TriLep_MuonEG_C_v4.root
2025-11-07 14:09:01,964 - INFO - [2023] MISSING_FILE: /home/choij/Sync/workspace/ChargedHiggsAnalysisV3/SKNanoOutput/PromptSelector/Run1E2Mu/2023/Skim_TriLep_MuonEG_C_v1.root
2025-11-07 14:09:01,964 - INFO - [2023] MISSING_FILE: /home/choij/Sync/workspace/ChargedHiggsAnalysisV3/SKNanoOutput/PromptSelector/Run1E2Mu/2023/Skim_TriLep_MuonEG_C_v2.root
2025-11-07 14:09:01,964 - INFO - [2023] MISSING_FILE: /home/choij/Sync/workspace/ChargedHiggsAnalysisV3/SKNanoOutput/PromptSelector/Run1E2Mu/2023/Skim_TriLep_MuonEG_C_v3.root
2025-11-07 14:09:01,964 - INFO - [2023] MISSING_FILE: /home/choij/Sync/workspace/ChargedHiggsAnalysisV3/SKNanoOutput/PromptSelector/Run1E2Mu/2023/Skim_TriLep_MuonEG_C_v4.root
2025-11-10 12:24:46,566 - INFO - [2023] MISSING_CENTRAL: ZFake1E2Mu/Central/jets/3/eta in Skim_TriLep_MuonEG_C_v2.root
2025-11-10 12:24:46,609 - INFO - [2023] MISSING_CENTRAL: ZFake1E2Mu/Central/jets/3/eta in Skim_TriLep_DYJets.root
2025-11-10 12:24:46,610 - INFO - [2023] MISSING_CENTRAL: ZFake1E2Mu/Central/jets/3/eta in Skim_TriLep_DYJets10to50.root
2025-11-10 12:24:46,610 - INFO - [2023] MISSING_CENTRAL: ZFake1E2Mu/Central/jets/3/eta in Skim_TriLep_DYGTo2LG_MLL4to50_PTG10to100.root
2025-11-10 12:24:46,611 - INFO - [2023] MISSING_CENTRAL: ZFake1E2Mu/Central/jets/3/eta in Skim_TriLep_DYGTo2LG_MLL4to50_PTG100to200.root
2025-11-10 12:24:46,612 - INFO - [2023] MISSING_CENTRAL: ZFake1E2Mu/Central/jets/3/eta in Skim_TriLep_DYGTo2LG_MLL4to50_PTG200toInf.root
2025-11-10 12:24:46,647 - INFO - [2023] MISSING_CENTRAL: ZFake1E2Mu/Central/jets/3/eta in Skim_TriLep_TTG_PTG10to100.root
2025-11-10 12:24:46,647 - INFO - [2023] MISSING_CENTRAL: ZFake1E2Mu/Central/jets/3/eta in Skim_TriLep_TTG_PTG100to200.root
2025-11-10 12:24:46,648 - INFO - [2023] MISSING_CENTRAL: ZFake1E2Mu/Central/jets/3/eta in Skim_TriLep_TTG_PTG200toInf.root
2025-11-10 12:24:46,694 - INFO - [2023] MISSING_CENTRAL: ZFake1E2Mu/Central/jets/3/eta in Skim_TriLep_tHq.root
2025-11-13 11:14:39,914 - INFO - [2023] MISSING_CENTRAL: ZFake1E2Mu/Central/jets/3/eta in Skim_TriLep_MuonEG_C_v2.root
2025-11-13 11:14:39,979 - INFO - [2023] MISSING_CENTRAL: ZFake1E2Mu/Central/jets/3/eta in Skim_TriLep_DYJets.root
2025-11-13 11:14:40,011 - INFO - [2023] MISSING_CENTRAL: ZFake1E2Mu/Central/jets/3/eta in Skim_TriLep_DYJets10to50.root
2025-11-13 11:14:40,064 - INFO - [2023] MISSING_CENTRAL: ZFake1E2Mu/Central/jets/3/eta in Skim_TriLep_DYGTo2LG_MLL4to50_PTG10to100.root
2025-11-13 11:14:40,094 - INFO - [2023] MISSING_CENTRAL: ZFake1E2Mu/Central/jets/3/eta in Skim_TriLep_DYGTo2LG_MLL4to50_PTG100to200.root
2025-11-13 11:14:40,110 - INFO - [2023] MISSING_CENTRAL: ZFake1E2Mu/Central/jets/3/eta in Skim_TriLep_DYGTo2LG_MLL4to50_PTG200toInf.root
2025-11-13 11:14:40,995 - INFO - [2023] MISSING_CENTRAL: ZFake1E2Mu/Central/jets/3/eta in Skim_TriLep_TTG_PTG10to100.root
2025-11-13 11:14:41,020 - INFO - [2023] MISSING_CENTRAL: ZFake1E2Mu/Central/jets/3/eta in Skim_TriLep_TTG_PTG100to200.root
2025-11-13 11:14:41,024 - INFO - [2023] MISSING_CENTRAL: ZFake1E2Mu/Central/jets/3/eta in Skim_TriLep_TTG_PTG200toInf.root
2025-11-13 11:14:42,925 - INFO - [2023] MISSING_CENTRAL: ZFake1E2Mu/Central/jets/3/eta in Skim_TriLep_tHq.root
2025-11-19 16:11:06,841 - INFO - [2023] MISSING_CENTRAL: ZFake1E2Mu/Central/jets/3/eta in Skim_TriLep_MuonEG_C_v2.root
2025-11-19 16:11:06,886 - INFO - [2023] MISSING_CENTRAL: ZFake1E2Mu/Central/jets/3/eta in Skim_TriLep_DYJets.root
2025-11-19 16:11:06,887 - INFO - [2023] MISSING_CENTRAL: ZFake1E2Mu/Central/jets/3/eta in Skim_TriLep_DYJets10to50.root
2025-11-19 16:11:06,887 - INFO - [2023] MISSING_CENTRAL: ZFake1E2Mu/Central/jets/3/eta in Skim_TriLep_DYGTo2LG_MLL4to50_PTG10to100.root
2025-11-19 16:11:06,887 - INFO - [2023] MISSING_CENTRAL: ZFake1E2Mu/Central/jets/3/eta in Skim_TriLep_DYGTo2LG_MLL4to50_PTG100to200.root
2025-11-19 16:11:06,888 - INFO - [2023] MISSING_CENTRAL: ZFake1E2Mu/Central/jets/3/eta in Skim_TriLep_DYGTo2LG_MLL4to50_PTG200toInf.root
2025-11-19 16:11:06,922 - INFO - [2023] MISSING_CENTRAL: ZFake1E2Mu/Central/jets/3/eta in Skim_TriLep_TTG_PTG10to100.root
2025-11-19 16:11:06,923 - INFO - [2023] MISSING_CENTRAL: ZFake1E2Mu/Central/jets/3/eta in Skim_TriLep_TTG_PTG100to200.root
2025-11-19 16:11:06,924 - INFO - [2023] MISSING_CENTRAL: ZFake1E2Mu/Central/jets/3/eta in Skim_TriLep_TTG_PTG200toInf.root
2025-11-19 16:11:06,967 - INFO - [2023] MISSING_CENTRAL: ZFake1E2Mu/Central/jets/3/eta in Skim_TriLep_tHq.root
2025-11-19 16:27:14,733 - INFO - [2023] MISSING_CENTRAL: ZFake1E2Mu/Central/jets/3/eta in Skim_TriLep_MuonEG_C_v2.root
2025-11-19 16:27:14,776 - INFO - [2023] MISSING_CENTRAL: ZFake1E2Mu/Central/jets/3/eta in Skim_TriLep_DYJets.root
2025-11-19 16:27:14,776 - INFO - [2023] MISSING_CENTRAL: ZFake1E2Mu/Central/jets/3/eta in Skim_TriLep_DYJets10to50.root
2025-11-19 16:27:14,777 - INFO - [2023] MISSING_CENTRAL: ZFake1E2Mu/Central/jets/3/eta in Skim_TriLep_DYGTo2LG_MLL4to50_PTG10to100.root
2025-11-19 16:27:14,777 - INFO - [2023] MISSING_CENTRAL: ZFake1E2Mu/Central/jets/3/eta in Skim_TriLep_DYGTo2LG_MLL4to50_PTG100to200.root
2025-11-19 16:27:14,778 - INFO - [2023] MISSING_CENTRAL: ZFake1E2Mu/Central/jets/3/eta in Skim_TriLep_DYGTo2LG_MLL4to50_PTG200toInf.root
2025-11-19 16:27:14,812 - INFO - [2023] MISSING_CENTRAL: ZFake1E2Mu/Central/jets/3/eta in Skim_TriLep_TTG_PTG10to100.root
2025-11-19 16:27:14,812 - INFO - [2023] MISSING_CENTRAL: ZFake1E2Mu/Central/jets/3/eta in Skim_TriLep_TTG_PTG100to200.root
2025-11-19 16:27:14,813 - INFO - [2023] MISSING_CENTRAL: ZFake1E2Mu/Central/jets/3/eta in Skim_TriLep_TTG_PTG200toInf.root
2025-11-19 16:27:14,857 - INFO - [2023] MISSING_CENTRAL: ZFake1E2Mu/Central/jets/3/eta in Skim_TriLep_tHq.root
2025-12-17 22:41:56,728 - INFO - [2023] MISSING_CENTRAL: ZFake1E2Mu/Central/jets/3/eta in Skim_TriLep_MuonEG_C_v2.root
2025-12-17 22:41:57,088 - INFO - [2023] MISSING_CENTRAL: ZFake1E2Mu/Central/jets/3/eta in Skim_TriLep_DYJets10to50.root
2025-12-17 22:41:57,112 - INFO - [2023] MISSING_CENTRAL: ZFake1E2Mu/Central/jets/3/eta in Skim_TriLep_TTG_PTG10to100.root
2025-12-17 22:41:57,164 - INFO - [2023] MISSING_CENTRAL: ZFake1E2Mu/Central/jets/3/eta in Skim_TriLep_TTG_PTG100to200.root
2025-12-17 22:41:57,196 - INFO - [2023] MISSING_CENTRAL: ZFake1E2Mu/Central/jets/3/eta in Skim_TriLep_TTG_PTG200toInf.root
2025-12-17 22:41:59,688 - INFO - [2023] MISSING_CENTRAL: ZFake1E2Mu/Central/jets/3/eta in Skim_TriLep_tHq.root
2025-12-18 14:27:30,624 - INFO - [2023] MISSING_CENTRAL: ZFake1E2Mu/Central/jets/3/eta in Skim_TriLep_MuonEG_C_v2.root
2025-12-18 14:27:30,702 - INFO - [2023] MISSING_CENTRAL: ZFake1E2Mu/Central/jets/3/eta in Skim_TriLep_DYJets10to50.root
2025-12-18 14:27:30,703 - INFO - [2023] MISSING_CENTRAL: ZFake1E2Mu/Central/jets/3/eta in Skim_TriLep_TTG_PTG10to100.root
2025-12-18 14:27:30,704 - INFO - [2023] MISSING_CENTRAL: ZFake1E2Mu/Central/jets/3/eta in Skim_TriLep_TTG_PTG100to200.root
2025-12-18 14:27:30,705 - INFO - [2023] MISSING_CENTRAL: ZFake1E2Mu/Central/jets/3/eta in Skim_TriLep_TTG_PTG200toInf.root
2025-12-18 14:27:30,803 - INFO - [2023] MISSING_CENTRAL: ZFake1E2Mu/Central/jets/3/eta in Skim_TriLep_tHq.root
2025-12-18 14:42:49,095 - INFO - [2023] MISSING_CENTRAL: ZFake1E2Mu/Central/jets/3/eta in Skim_TriLep_MuonEG_C_v2.root
2025-12-18 14:42:49,227 - INFO - [2023] MISSING_CENTRAL: ZFake1E2Mu/Central/jets/3/eta in Skim_TriLep_DYJets10to50.root
2025-12-18 14:42:49,228 - INFO - [2023] MISSING_CENTRAL: ZFake1E2Mu/Central/jets/3/eta in Skim_TriLep_TTG_PTG10to100.root
2025-12-18 14:42:49,229 - INFO - [2023] MISSING_CENTRAL: ZFake1E2Mu/Central/jets/3/eta in Skim_TriLep_TTG_PTG100to200.root
2025-12-18 14:42:49,230 - INFO - [2023] MISSING_CENTRAL: ZFake1E2Mu/Central/jets/3/eta in Skim_TriLep_TTG_PTG200toInf.root
2025-12-18 14:42:49,339 - INFO - [2023] MISSING_CENTRAL: ZFake1E2Mu/Central/jets/3/eta in Skim_TriLep_tHq.root
2026-01-07 11:51:57,807 - INFO - [2023] MISSING_CENTRAL: ZFake1E2Mu/Central/jets/3/eta in Skim_TriLep_MuonEG_C_v2.root
2026-01-07 11:51:58,331 - INFO - [2023] MISSING_CENTRAL: ZFake1E2Mu/Central/jets/3/eta in Skim_TriLep_DYJets10to50.root
2026-01-07 11:51:58,350 - INFO - [2023] MISSING_CENTRAL: ZFake1E2Mu/Central/jets/3/eta in Skim_TriLep_TTG_PTG10to100.root
2026-01-07 11:51:58,358 - INFO - [2023] MISSING_CENTRAL: ZFake1E2Mu/Central/jets/3/eta in Skim_TriLep_TTG_PTG100to200.root
2026-01-07 11:51:58,366 - INFO - [2023] MISSING_CENTRAL: ZFake1E2Mu/Central/jets/3/eta in Skim_TriLep_TTG_PTG200toInf.root
2026-01-07 11:51:59,993 - INFO - [2023] MISSING_CENTRAL: ZFake1E2Mu/Central/jets/3/eta in Skim_TriLep_tHq.root
2026-01-07 18:48:36,279 - INFO - [2023] MISSING_CENTRAL: ZFake1E2Mu/Central/jets/3/eta in Skim_TriLep_MuonEG_C_v2.root
2026-01-07 18:48:36,359 - INFO - [2023] MISSING_CENTRAL: ZFake1E2Mu/Central/jets/3/eta in Skim_TriLep_DYJets10to50.root
2026-01-07 18:48:36,360 - INFO - [2023] MISSING_CENTRAL: ZFake1E2Mu/Central/jets/3/eta in Skim_TriLep_TTG_PTG10to100.root
2026-01-07 18:48:36,361 - INFO - [2023] MISSING_CENTRAL: ZFake1E2Mu/Central/jets/3/eta in Skim_TriLep_TTG_PTG100to200.root
2026-01-07 18:48:36,361 - INFO - [2023] MISSING_CENTRAL: ZFake1E2Mu/Central/jets/3/eta in Skim_TriLep_TTG_PTG200toInf.root
2026-01-07 18:48:36,434 - INFO - [2023] MISSING_CENTRAL: ZFake1E2Mu/Central/jets/3/eta in Skim_TriLep_tHq.root
2026-01-09 12:23:18,254 - INFO - [2023] MISSING_CENTRAL: ZFake1E2Mu/Central/jets/3/eta in Skim_TriLep_MuonEG_C_v2.root
2026-01-09 12:23:18,316 - INFO - [2023] MISSING_CENTRAL: ZFake1E2Mu/Central/jets/3/eta in Skim_TriLep_DYJets10to50.root
2026-01-09 12:23:18,317 - INFO - [2023] MISSING_CENTRAL: ZFake1E2Mu/Central/jets/3/eta in Skim_TriLep_TTG_PTG10to100.root
2026-01-09 12:23:18,317 - INFO - [2023] MISSING_CENTRAL: ZFake1E2Mu/Central/jets/3/eta in Skim_TriLep_TTG_PTG100to200.root
2026-01-09 12:23:18,317 - INFO - [2023] MISSING_CENTRAL: ZFake1E2Mu/Central/jets/3/eta in Skim_TriLep_TTG_PTG200toInf.root
2026-01-09 12:23:18,361 - INFO - [2023] MISSING_CENTRAL: ZFake1E2Mu/Central/jets/3/eta in Skim_TriLep_tHq.root
