2025-09-24 16:00:48,130 - INFO - [2023] MISSING_CENTRAL: ZFake1E2Mu/Central/METv/energy in Skim_TriLep_DYJets10to50.root
2025-09-24 16:00:48,131 - INFO - [2023] MISSING_CENTRAL: ZFake1E2Mu/Central/METv/energy in Skim_TriLep_DYGTo2LG_MLL4to50_PTG10to100.root
2025-09-24 16:00:48,131 - INFO - [2023] MISSING_CENTRAL: ZFake1E2Mu/Central/METv/energy in Skim_TriLep_DYGTo2LG_MLL4to50_PTG100to200.root
2025-09-24 16:00:48,131 - INFO - [2023] MISSING_CENTRAL: ZFake1E2Mu/Central/METv/energy in Skim_TriLep_DYGTo2LG_MLL4to50_PTG200toInf.root
2025-09-24 16:00:48,219 - INFO - [2023] MISSING_CENTRAL: ZFake1E2Mu/Central/METv/energy in Skim_TriLep_TTG_PTG10to100.root
2025-09-24 16:00:48,220 - INFO - [2023] MISSING_CENTRAL: ZFake1E2Mu/Central/METv/energy in Skim_TriLep_TTG_PTG100to200.root
2025-09-24 16:00:48,220 - INFO - [2023] MISSING_CENTRAL: ZFake1E2Mu/Central/METv/energy in Skim_TriLep_TTG_PTG200toInf.root
2025-10-02 21:19:54,564 - INFO - [2023] MISSING_CENTRAL: ZFake1E2Mu/Central/METv/energy in Skim_TriLep_DYJets10to50.root
2025-10-02 21:19:54,566 - INFO - [2023] MISSING_CENTRAL: ZFake1E2Mu/Central/METv/energy in Skim_TriLep_DYGTo2LG_MLL4to50_PTG10to100.root
2025-10-02 21:19:54,567 - INFO - [2023] MISSING_CENTRAL: ZFake1E2Mu/Central/METv/energy in Skim_TriLep_DYGTo2LG_MLL4to50_PTG100to200.root
2025-10-02 21:19:54,568 - INFO - [2023] MISSING_CENTRAL: ZFake1E2Mu/Central/METv/energy in Skim_TriLep_DYGTo2LG_MLL4to50_PTG200toInf.root
2025-10-02 21:19:54,678 - INFO - [2023] MISSING_CENTRAL: ZFake1E2Mu/Central/METv/energy in Skim_TriLep_TTG_PTG10to100.root
2025-10-02 21:19:54,681 - INFO - [2023] MISSING_CENTRAL: ZFake1E2Mu/Central/METv/energy in Skim_TriLep_TTG_PTG100to200.root
2025-10-02 21:19:54,682 - INFO - [2023] MISSING_CENTRAL: ZFake1E2Mu/Central/METv/energy in Skim_TriLep_TTG_PTG200toInf.root
2025-10-03 00:29:00,634 - INFO - [2023] MISSING_CENTRAL: ZFake1E2Mu/Central/METv/energy in Skim_TriLep_DYJets10to50.root
2025-10-03 00:29:00,635 - INFO - [2023] MISSING_CENTRAL: ZFake1E2Mu/Central/METv/energy in Skim_TriLep_DYGTo2LG_MLL4to50_PTG10to100.root
2025-10-03 00:29:00,636 - INFO - [2023] MISSING_CENTRAL: ZFake1E2Mu/Central/METv/energy in Skim_TriLep_DYGTo2LG_MLL4to50_PTG100to200.root
2025-10-03 00:29:00,637 - INFO - [2023] MISSING_CENTRAL: ZFake1E2Mu/Central/METv/energy in Skim_TriLep_DYGTo2LG_MLL4to50_PTG200toInf.root
2025-10-03 00:29:00,783 - INFO - [2023] MISSING_CENTRAL: ZFake1E2Mu/Central/METv/energy in Skim_TriLep_TTG_PTG10to100.root
2025-10-03 00:29:00,783 - INFO - [2023] MISSING_CENTRAL: ZFake1E2Mu/Central/METv/energy in Skim_TriLep_TTG_PTG100to200.root
2025-10-03 00:29:00,784 - INFO - [2023] MISSING_CENTRAL: ZFake1E2Mu/Central/METv/energy in Skim_TriLep_TTG_PTG200toInf.root
2025-11-07 13:11:27,084 - INFO - [2023] MISSING_FILE: /home/choij/Sync/workspace/ChargedHiggsAnalysisV3/SKNanoOutput/PromptSelector/Run1E2Mu/2023/Skim_TriLep_MuonEG_C_v1.root
2025-11-07 13:11:27,084 - INFO - [2023] MISSING_FILE: /home/choij/Sync/workspace/ChargedHiggsAnalysisV3/SKNanoOutput/PromptSelector/Run1E2Mu/2023/Skim_TriLep_MuonEG_C_v2.root
2025-11-07 13:11:27,084 - INFO - [2023] MISSING_FILE: /home/choij/Sync/workspace/ChargedHiggsAnalysisV3/SKNanoOutput/PromptSelector/Run1E2Mu/2023/Skim_TriLep_MuonEG_C_v3.root
2025-11-07 13:11:27,084 - INFO - [2023] MISSING_FILE: /home/choij/Sync/workspace/ChargedHiggsAnalysisV3/SKNanoOutput/PromptSelector/Run1E2Mu/2023/Skim_TriLep_MuonEG_C_v4.root
2025-11-07 14:09:04,204 - INFO - [2023] MISSING_FILE: /home/choij/Sync/workspace/ChargedHiggsAnalysisV3/SKNanoOutput/PromptSelector/Run1E2Mu/2023/Skim_TriLep_MuonEG_C_v1.root
2025-11-07 14:09:04,204 - INFO - [2023] MISSING_FILE: /home/choij/Sync/workspace/ChargedHiggsAnalysisV3/SKNanoOutput/PromptSelector/Run1E2Mu/2023/Skim_TriLep_MuonEG_C_v2.root
2025-11-07 14:09:04,204 - INFO - [2023] MISSING_FILE: /home/choij/Sync/workspace/ChargedHiggsAnalysisV3/SKNanoOutput/PromptSelector/Run1E2Mu/2023/Skim_TriLep_MuonEG_C_v3.root
2025-11-07 14:09:04,204 - INFO - [2023] MISSING_FILE: /home/choij/Sync/workspace/ChargedHiggsAnalysisV3/SKNanoOutput/PromptSelector/Run1E2Mu/2023/Skim_TriLep_MuonEG_C_v4.root
2025-11-10 12:24:49,922 - INFO - [2023] MISSING_CENTRAL: ZFake1E2Mu/Central/METv/energy in Skim_TriLep_DYJets10to50.root
2025-11-10 12:24:49,923 - INFO - [2023] MISSING_CENTRAL: ZFake1E2Mu/Central/METv/energy in Skim_TriLep_DYGTo2LG_MLL4to50_PTG10to100.root
2025-11-10 12:24:49,923 - INFO - [2023] MISSING_CENTRAL: ZFake1E2Mu/Central/METv/energy in Skim_TriLep_DYGTo2LG_MLL4to50_PTG100to200.root
2025-11-10 12:24:49,924 - INFO - [2023] MISSING_CENTRAL: ZFake1E2Mu/Central/METv/energy in Skim_TriLep_DYGTo2LG_MLL4to50_PTG200toInf.root
2025-11-10 12:24:49,978 - INFO - [2023] MISSING_CENTRAL: ZFake1E2Mu/Central/METv/energy in Skim_TriLep_TTG_PTG10to100.root
2025-11-10 12:24:49,979 - INFO - [2023] MISSING_CENTRAL: ZFake1E2Mu/Central/METv/energy in Skim_TriLep_TTG_PTG100to200.root
2025-11-10 12:24:49,979 - INFO - [2023] MISSING_CENTRAL: ZFake1E2Mu/Central/METv/energy in Skim_TriLep_TTG_PTG200toInf.root
2025-11-13 11:14:50,217 - INFO - [2023] MISSING_CENTRAL: ZFake1E2Mu/Central/METv/energy in Skim_TriLep_DYJets10to50.root
2025-11-13 11:14:50,232 - INFO - [2023] MISSING_CENTRAL: ZFake1E2Mu/Central/METv/energy in Skim_TriLep_DYGTo2LG_MLL4to50_PTG10to100.root
2025-11-13 11:14:50,237 - INFO - [2023] MISSING_CENTRAL: ZFake1E2Mu/Central/METv/energy in Skim_TriLep_DYGTo2LG_MLL4to50_PTG100to200.root
2025-11-13 11:14:50,238 - INFO - [2023] MISSING_CENTRAL: ZFake1E2Mu/Central/METv/energy in Skim_TriLep_DYGTo2LG_MLL4to50_PTG200toInf.root
2025-11-13 11:14:50,458 - INFO - [2023] MISSING_CENTRAL: ZFake1E2Mu/Central/METv/energy in Skim_TriLep_TTG_PTG10to100.root
2025-11-13 11:14:50,462 - INFO - [2023] MISSING_CENTRAL: ZFake1E2Mu/Central/METv/energy in Skim_TriLep_TTG_PTG100to200.root
2025-11-13 11:14:50,464 - INFO - [2023] MISSING_CENTRAL: ZFake1E2Mu/Central/METv/energy in Skim_TriLep_TTG_PTG200toInf.root
2025-11-19 16:11:10,291 - INFO - [2023] MISSING_CENTRAL: ZFake1E2Mu/Central/METv/energy in Skim_TriLep_DYJets10to50.root
2025-11-19 16:11:10,292 - INFO - [2023] MISSING_CENTRAL: ZFake1E2Mu/Central/METv/energy in Skim_TriLep_DYGTo2LG_MLL4to50_PTG10to100.root
2025-11-19 16:11:10,293 - INFO - [2023] MISSING_CENTRAL: ZFake1E2Mu/Central/METv/energy in Skim_TriLep_DYGTo2LG_MLL4to50_PTG100to200.root
2025-11-19 16:11:10,293 - INFO - [2023] MISSING_CENTRAL: ZFake1E2Mu/Central/METv/energy in Skim_TriLep_DYGTo2LG_MLL4to50_PTG200toInf.root
2025-11-19 16:11:10,346 - INFO - [2023] MISSING_CENTRAL: ZFake1E2Mu/Central/METv/energy in Skim_TriLep_TTG_PTG10to100.root
2025-11-19 16:11:10,347 - INFO - [2023] MISSING_CENTRAL: ZFake1E2Mu/Central/METv/energy in Skim_TriLep_TTG_PTG100to200.root
2025-11-19 16:11:10,347 - INFO - [2023] MISSING_CENTRAL: ZFake1E2Mu/Central/METv/energy in Skim_TriLep_TTG_PTG200toInf.root
2025-11-19 16:27:17,964 - INFO - [2023] MISSING_CENTRAL: ZFake1E2Mu/Central/METv/energy in Skim_TriLep_DYJets10to50.root
2025-11-19 16:27:17,965 - INFO - [2023] MISSING_CENTRAL: ZFake1E2Mu/Central/METv/energy in Skim_TriLep_DYGTo2LG_MLL4to50_PTG10to100.root
2025-11-19 16:27:17,965 - INFO - [2023] MISSING_CENTRAL: ZFake1E2Mu/Central/METv/energy in Skim_TriLep_DYGTo2LG_MLL4to50_PTG100to200.root
2025-11-19 16:27:17,966 - INFO - [2023] MISSING_CENTRAL: ZFake1E2Mu/Central/METv/energy in Skim_TriLep_DYGTo2LG_MLL4to50_PTG200toInf.root
2025-11-19 16:27:18,019 - INFO - [2023] MISSING_CENTRAL: ZFake1E2Mu/Central/METv/energy in Skim_TriLep_TTG_PTG10to100.root
2025-11-19 16:27:18,020 - INFO - [2023] MISSING_CENTRAL: ZFake1E2Mu/Central/METv/energy in Skim_TriLep_TTG_PTG100to200.root
2025-11-19 16:27:18,020 - INFO - [2023] MISSING_CENTRAL: ZFake1E2Mu/Central/METv/energy in Skim_TriLep_TTG_PTG200toInf.root
2025-12-17 22:42:06,669 - INFO - [2023] MISSING_CENTRAL: ZFake1E2Mu/Central/METv/energy in Skim_TriLep_DYJets10to50.root
2025-12-17 22:42:06,676 - INFO - [2023] MISSING_CENTRAL: ZFake1E2Mu/Central/METv/energy in Skim_TriLep_TTG_PTG10to100.root
2025-12-17 22:42:06,683 - INFO - [2023] MISSING_CENTRAL: ZFake1E2Mu/Central/METv/energy in Skim_TriLep_TTG_PTG100to200.root
2025-12-17 22:42:06,684 - INFO - [2023] MISSING_CENTRAL: ZFake1E2Mu/Central/METv/energy in Skim_TriLep_TTG_PTG200toInf.root
2025-12-18 14:27:36,756 - INFO - [2023] MISSING_CENTRAL: ZFake1E2Mu/Central/METv/energy in Skim_TriLep_DYJets10to50.root
2025-12-18 14:27:36,758 - INFO - [2023] MISSING_CENTRAL: ZFake1E2Mu/Central/METv/energy in Skim_TriLep_TTG_PTG10to100.root
2025-12-18 14:27:36,766 - INFO - [2023] MISSING_CENTRAL: ZFake1E2Mu/Central/METv/energy in Skim_TriLep_TTG_PTG100to200.root
2025-12-18 14:27:36,767 - INFO - [2023] MISSING_CENTRAL: ZFake1E2Mu/Central/METv/energy in Skim_TriLep_TTG_PTG200toInf.root
2025-12-18 14:42:54,712 - INFO - [2023] MISSING_CENTRAL: ZFake1E2Mu/Central/METv/energy in Skim_TriLep_DYJets10to50.root
2025-12-18 14:42:54,723 - INFO - [2023] MISSING_CENTRAL: ZFake1E2Mu/Central/METv/energy in Skim_TriLep_TTG_PTG10to100.root
2025-12-18 14:42:54,729 - INFO - [2023] MISSING_CENTRAL: ZFake1E2Mu/Central/METv/energy in Skim_TriLep_TTG_PTG100to200.root
2025-12-18 14:42:54,734 - INFO - [2023] MISSING_CENTRAL: ZFake1E2Mu/Central/METv/energy in Skim_TriLep_TTG_PTG200toInf.root
2026-01-07 11:52:06,079 - INFO - [2023] MISSING_CENTRAL: ZFake1E2Mu/Central/METv/energy in Skim_TriLep_DYJets10to50.root
2026-01-07 11:52:06,080 - INFO - [2023] MISSING_CENTRAL: ZFake1E2Mu/Central/METv/energy in Skim_TriLep_TTG_PTG10to100.root
2026-01-07 11:52:06,081 - INFO - [2023] MISSING_CENTRAL: ZFake1E2Mu/Central/METv/energy in Skim_TriLep_TTG_PTG100to200.root
2026-01-07 11:52:06,082 - INFO - [2023] MISSING_CENTRAL: ZFake1E2Mu/Central/METv/energy in Skim_TriLep_TTG_PTG200toInf.root
2026-01-07 18:48:41,674 - INFO - [2023] MISSING_CENTRAL: ZFake1E2Mu/Central/METv/energy in Skim_TriLep_DYJets10to50.root
2026-01-07 18:48:41,675 - INFO - [2023] MISSING_CENTRAL: ZFake1E2Mu/Central/METv/energy in Skim_TriLep_TTG_PTG10to100.root
2026-01-07 18:48:41,676 - INFO - [2023] MISSING_CENTRAL: ZFake1E2Mu/Central/METv/energy in Skim_TriLep_TTG_PTG100to200.root
2026-01-07 18:48:41,677 - INFO - [2023] MISSING_CENTRAL: ZFake1E2Mu/Central/METv/energy in Skim_TriLep_TTG_PTG200toInf.root
2026-01-09 12:23:21,536 - INFO - [2023] MISSING_CENTRAL: ZFake1E2Mu/Central/METv/energy in Skim_TriLep_DYJets10to50.root
2026-01-09 12:23:21,537 - INFO - [2023] MISSING_CENTRAL: ZFake1E2Mu/Central/METv/energy in Skim_TriLep_TTG_PTG10to100.root
2026-01-09 12:23:21,537 - INFO - [2023] MISSING_CENTRAL: ZFake1E2Mu/Central/METv/energy in Skim_TriLep_TTG_PTG100to200.root
2026-01-09 12:23:21,538 - INFO - [2023] MISSING_CENTRAL: ZFake1E2Mu/Central/METv/energy in Skim_TriLep_TTG_PTG200toInf.root
2026-01-11 09:43:23,867 - INFO - [2023] MISSING_CENTRAL: ZFake1E2Mu/Central/METv/energy in Skim_TriLep_DYJets10to50.root
2026-01-11 09:43:23,867 - INFO - [2023] MISSING_CENTRAL: ZFake1E2Mu/Central/METv/energy in Skim_TriLep_TTG_PTG10to100.root
2026-01-11 09:43:23,868 - INFO - [2023] MISSING_CENTRAL: ZFake1E2Mu/Central/METv/energy in Skim_TriLep_TTG_PTG100to200.root
2026-01-11 09:43:23,868 - INFO - [2023] MISSING_CENTRAL: ZFake1E2Mu/Central/METv/energy in Skim_TriLep_TTG_PTG200toInf.root
2026-01-12 13:52:10,167 - INFO - [2023] MISSING_FILE: /home/choij/Sync/workspace/ChargedHiggsAnalysisV3/SKNanoOutput/MatrixSelector/Run1E2Mu/2023/Skim_TriLep_MuonEG_C_v1.root
2026-01-12 13:52:10,167 - INFO - [2023] MISSING_FILE: /home/choij/Sync/workspace/ChargedHiggsAnalysisV3/SKNanoOutput/MatrixSelector/Run1E2Mu/2023/Skim_TriLep_MuonEG_C_v2.root
2026-01-12 13:52:10,167 - INFO - [2023] MISSING_FILE: /home/choij/Sync/workspace/ChargedHiggsAnalysisV3/SKNanoOutput/MatrixSelector/Run1E2Mu/2023/Skim_TriLep_MuonEG_C_v3.root
2026-01-12 13:52:10,167 - INFO - [2023] MISSING_FILE: /home/choij/Sync/workspace/ChargedHiggsAnalysisV3/SKNanoOutput/MatrixSelector/Run1E2Mu/2023/Skim_TriLep_MuonEG_C_v4.root
2026-01-12 13:52:10,194 - INFO - [2023] MISSING_CENTRAL: ZFake1E2Mu/Central/METv/energy in Skim_TriLep_DYJets10to50.root
2026-01-12 13:52:10,195 - INFO - [2023] MISSING_CENTRAL: ZFake1E2Mu/Central/METv/energy in Skim_TriLep_TTG_PTG10to100.root
2026-01-12 13:52:10,195 - INFO - [2023] MISSING_CENTRAL: ZFake1E2Mu/Central/METv/energy in Skim_TriLep_TTG_PTG100to200.root
2026-01-12 13:52:10,196 - INFO - [2023] MISSING_CENTRAL: ZFake1E2Mu/Central/METv/energy in Skim_TriLep_TTG_PTG200toInf.root
