2025-09-24 16:00:26,699 - INFO - [2023] MISSING_CENTRAL: ZFake1E2Mu/Central/muons/1/pt in Skim_TriLep_DYJets10to50.root
2025-09-24 16:00:26,700 - INFO - [2023] MISSING_CENTRAL: ZFake1E2Mu/Central/muons/1/pt in Skim_TriLep_DYGTo2LG_MLL4to50_PTG10to100.root
2025-09-24 16:00:26,701 - INFO - [2023] MISSING_CENTRAL: ZFake1E2Mu/Central/muons/1/pt in Skim_TriLep_DYGTo2LG_MLL4to50_PTG100to200.root
2025-09-24 16:00:26,701 - INFO - [2023] MISSING_CENTRAL: ZFake1E2Mu/Central/muons/1/pt in Skim_TriLep_DYGTo2LG_MLL4to50_PTG200toInf.root
2025-09-24 16:00:26,830 - INFO - [2023] MISSING_CENTRAL: ZFake1E2Mu/Central/muons/1/pt in Skim_TriLep_TTG_PTG10to100.root
2025-09-24 16:00:26,831 - INFO - [2023] MISSING_CENTRAL: ZFake1E2Mu/Central/muons/1/pt in Skim_TriLep_TTG_PTG100to200.root
2025-09-24 16:00:26,832 - INFO - [2023] MISSING_CENTRAL: ZFake1E2Mu/Central/muons/1/pt in Skim_TriLep_TTG_PTG200toInf.root
2025-10-02 21:19:45,982 - INFO - [2023] MISSING_CENTRAL: ZFake1E2Mu/Central/muons/1/pt in Skim_TriLep_DYJets10to50.root
2025-10-02 21:19:45,983 - INFO - [2023] MISSING_CENTRAL: ZFake1E2Mu/Central/muons/1/pt in Skim_TriLep_DYGTo2LG_MLL4to50_PTG10to100.root
2025-10-02 21:19:45,985 - INFO - [2023] MISSING_CENTRAL: ZFake1E2Mu/Central/muons/1/pt in Skim_TriLep_DYGTo2LG_MLL4to50_PTG100to200.root
2025-10-02 21:19:45,996 - INFO - [2023] MISSING_CENTRAL: ZFake1E2Mu/Central/muons/1/pt in Skim_TriLep_DYGTo2LG_MLL4to50_PTG200toInf.root
2025-10-02 21:19:46,970 - INFO - [2023] MISSING_CENTRAL: ZFake1E2Mu/Central/muons/1/pt in Skim_TriLep_TTG_PTG10to100.root
2025-10-02 21:19:46,986 - INFO - [2023] MISSING_CENTRAL: ZFake1E2Mu/Central/muons/1/pt in Skim_TriLep_TTG_PTG100to200.root
2025-10-02 21:19:46,997 - INFO - [2023] MISSING_CENTRAL: ZFake1E2Mu/Central/muons/1/pt in Skim_TriLep_TTG_PTG200toInf.root
2025-10-03 00:28:33,125 - INFO - [2023] MISSING_CENTRAL: ZFake1E2Mu/Central/muons/1/pt in Skim_TriLep_DYJets10to50.root
2025-10-03 00:28:33,126 - INFO - [2023] MISSING_CENTRAL: ZFake1E2Mu/Central/muons/1/pt in Skim_TriLep_DYGTo2LG_MLL4to50_PTG10to100.root
2025-10-03 00:28:33,127 - INFO - [2023] MISSING_CENTRAL: ZFake1E2Mu/Central/muons/1/pt in Skim_TriLep_DYGTo2LG_MLL4to50_PTG100to200.root
2025-10-03 00:28:33,128 - INFO - [2023] MISSING_CENTRAL: ZFake1E2Mu/Central/muons/1/pt in Skim_TriLep_DYGTo2LG_MLL4to50_PTG200toInf.root
2025-10-03 00:28:33,243 - INFO - [2023] MISSING_CENTRAL: ZFake1E2Mu/Central/muons/1/pt in Skim_TriLep_TTG_PTG10to100.root
2025-10-03 00:28:33,243 - INFO - [2023] MISSING_CENTRAL: ZFake1E2Mu/Central/muons/1/pt in Skim_TriLep_TTG_PTG100to200.root
2025-10-03 00:28:33,244 - INFO - [2023] MISSING_CENTRAL: ZFake1E2Mu/Central/muons/1/pt in Skim_TriLep_TTG_PTG200toInf.root
