2025-09-24 16:00:27,107 - INFO - [2023] MISSING_CENTRAL: ZFake1E2Mu/Central/muons/1/charge in Skim_TriLep_DYJets10to50.root
2025-09-24 16:00:27,108 - INFO - [2023] MISSING_CENTRAL: ZFake1E2Mu/Central/muons/1/charge in Skim_TriLep_DYGTo2LG_MLL4to50_PTG10to100.root
2025-09-24 16:00:27,108 - INFO - [2023] MISSING_CENTRAL: ZFake1E2Mu/Central/muons/1/charge in Skim_TriLep_DYGTo2LG_MLL4to50_PTG100to200.root
2025-09-24 16:00:27,108 - INFO - [2023] MISSING_CENTRAL: ZFake1E2Mu/Central/muons/1/charge in Skim_TriLep_DYGTo2LG_MLL4to50_PTG200toInf.root
2025-09-24 16:00:27,198 - INFO - [2023] MISSING_CENTRAL: ZFake1E2Mu/Central/muons/1/charge in Skim_TriLep_TTG_PTG10to100.root
2025-09-24 16:00:27,207 - INFO - [2023] MISSING_CENTRAL: ZFake1E2Mu/Central/muons/1/charge in Skim_TriLep_TTG_PTG100to200.root
2025-09-24 16:00:27,207 - INFO - [2023] MISSING_CENTRAL: ZFake1E2Mu/Central/muons/1/charge in Skim_TriLep_TTG_PTG200toInf.root
2025-10-02 21:19:45,854 - INFO - [2023] MISSING_CENTRAL: ZFake1E2Mu/Central/muons/1/charge in Skim_TriLep_DYJets10to50.root
2025-10-02 21:19:45,899 - INFO - [2023] MISSING_CENTRAL: ZFake1E2Mu/Central/muons/1/charge in Skim_TriLep_DYGTo2LG_MLL4to50_PTG10to100.root
2025-10-02 21:19:45,927 - INFO - [2023] MISSING_CENTRAL: ZFake1E2Mu/Central/muons/1/charge in Skim_TriLep_DYGTo2LG_MLL4to50_PTG100to200.root
2025-10-02 21:19:45,948 - INFO - [2023] MISSING_CENTRAL: ZFake1E2Mu/Central/muons/1/charge in Skim_TriLep_DYGTo2LG_MLL4to50_PTG200toInf.root
2025-10-02 21:19:46,966 - INFO - [2023] MISSING_CENTRAL: ZFake1E2Mu/Central/muons/1/charge in Skim_TriLep_TTG_PTG10to100.root
2025-10-02 21:19:46,984 - INFO - [2023] MISSING_CENTRAL: ZFake1E2Mu/Central/muons/1/charge in Skim_TriLep_TTG_PTG100to200.root
2025-10-02 21:19:46,998 - INFO - [2023] MISSING_CENTRAL: ZFake1E2Mu/Central/muons/1/charge in Skim_TriLep_TTG_PTG200toInf.root
2025-10-03 00:28:33,150 - INFO - [2023] MISSING_CENTRAL: ZFake1E2Mu/Central/muons/1/charge in Skim_TriLep_DYJets10to50.root
2025-10-03 00:28:33,152 - INFO - [2023] MISSING_CENTRAL: ZFake1E2Mu/Central/muons/1/charge in Skim_TriLep_DYGTo2LG_MLL4to50_PTG10to100.root
2025-10-03 00:28:33,152 - INFO - [2023] MISSING_CENTRAL: ZFake1E2Mu/Central/muons/1/charge in Skim_TriLep_DYGTo2LG_MLL4to50_PTG100to200.root
2025-10-03 00:28:33,153 - INFO - [2023] MISSING_CENTRAL: ZFake1E2Mu/Central/muons/1/charge in Skim_TriLep_DYGTo2LG_MLL4to50_PTG200toInf.root
2025-10-03 00:28:33,213 - INFO - [2023] MISSING_CENTRAL: ZFake1E2Mu/Central/muons/1/charge in Skim_TriLep_TTG_PTG10to100.root
2025-10-03 00:28:33,214 - INFO - [2023] MISSING_CENTRAL: ZFake1E2Mu/Central/muons/1/charge in Skim_TriLep_TTG_PTG100to200.root
2025-10-03 00:28:33,215 - INFO - [2023] MISSING_CENTRAL: ZFake1E2Mu/Central/muons/1/charge in Skim_TriLep_TTG_PTG200toInf.root
2025-11-07 13:11:22,213 - INFO - [2023] MISSING_FILE: /home/choij/Sync/workspace/ChargedHiggsAnalysisV3/SKNanoOutput/PromptSelector/Run1E2Mu/2023/Skim_TriLep_MuonEG_C_v1.root
2025-11-07 13:11:22,240 - INFO - [2023] MISSING_FILE: /home/choij/Sync/workspace/ChargedHiggsAnalysisV3/SKNanoOutput/PromptSelector/Run1E2Mu/2023/Skim_TriLep_MuonEG_C_v2.root
2025-11-07 13:11:22,241 - INFO - [2023] MISSING_FILE: /home/choij/Sync/workspace/ChargedHiggsAnalysisV3/SKNanoOutput/PromptSelector/Run1E2Mu/2023/Skim_TriLep_MuonEG_C_v3.root
2025-11-07 13:11:22,241 - INFO - [2023] MISSING_FILE: /home/choij/Sync/workspace/ChargedHiggsAnalysisV3/SKNanoOutput/PromptSelector/Run1E2Mu/2023/Skim_TriLep_MuonEG_C_v4.root
2025-11-07 14:08:59,710 - INFO - [2023] MISSING_FILE: /home/choij/Sync/workspace/ChargedHiggsAnalysisV3/SKNanoOutput/PromptSelector/Run1E2Mu/2023/Skim_TriLep_MuonEG_C_v1.root
2025-11-07 14:08:59,710 - INFO - [2023] MISSING_FILE: /home/choij/Sync/workspace/ChargedHiggsAnalysisV3/SKNanoOutput/PromptSelector/Run1E2Mu/2023/Skim_TriLep_MuonEG_C_v2.root
2025-11-07 14:08:59,710 - INFO - [2023] MISSING_FILE: /home/choij/Sync/workspace/ChargedHiggsAnalysisV3/SKNanoOutput/PromptSelector/Run1E2Mu/2023/Skim_TriLep_MuonEG_C_v3.root
2025-11-07 14:08:59,710 - INFO - [2023] MISSING_FILE: /home/choij/Sync/workspace/ChargedHiggsAnalysisV3/SKNanoOutput/PromptSelector/Run1E2Mu/2023/Skim_TriLep_MuonEG_C_v4.root
2025-11-10 12:24:43,278 - INFO - [2023] MISSING_CENTRAL: ZFake1E2Mu/Central/muons/1/charge in Skim_TriLep_DYJets10to50.root
2025-11-10 12:24:43,281 - INFO - [2023] MISSING_CENTRAL: ZFake1E2Mu/Central/muons/1/charge in Skim_TriLep_DYGTo2LG_MLL4to50_PTG10to100.root
2025-11-10 12:24:43,285 - INFO - [2023] MISSING_CENTRAL: ZFake1E2Mu/Central/muons/1/charge in Skim_TriLep_DYGTo2LG_MLL4to50_PTG100to200.root
2025-11-10 12:24:43,287 - INFO - [2023] MISSING_CENTRAL: ZFake1E2Mu/Central/muons/1/charge in Skim_TriLep_DYGTo2LG_MLL4to50_PTG200toInf.root
2025-11-10 12:24:43,414 - INFO - [2023] MISSING_CENTRAL: ZFake1E2Mu/Central/muons/1/charge in Skim_TriLep_TTG_PTG10to100.root
2025-11-10 12:24:43,415 - INFO - [2023] MISSING_CENTRAL: ZFake1E2Mu/Central/muons/1/charge in Skim_TriLep_TTG_PTG100to200.root
2025-11-10 12:24:43,417 - INFO - [2023] MISSING_CENTRAL: ZFake1E2Mu/Central/muons/1/charge in Skim_TriLep_TTG_PTG200toInf.root
2025-11-13 11:14:40,141 - INFO - [2023] MISSING_CENTRAL: ZFake1E2Mu/Central/muons/1/charge in Skim_TriLep_DYJets10to50.root
2025-11-13 11:14:40,151 - INFO - [2023] MISSING_CENTRAL: ZFake1E2Mu/Central/muons/1/charge in Skim_TriLep_DYGTo2LG_MLL4to50_PTG10to100.root
2025-11-13 11:14:40,153 - INFO - [2023] MISSING_CENTRAL: ZFake1E2Mu/Central/muons/1/charge in Skim_TriLep_DYGTo2LG_MLL4to50_PTG100to200.root
2025-11-13 11:14:40,154 - INFO - [2023] MISSING_CENTRAL: ZFake1E2Mu/Central/muons/1/charge in Skim_TriLep_DYGTo2LG_MLL4to50_PTG200toInf.root
2025-11-13 11:14:40,995 - INFO - [2023] MISSING_CENTRAL: ZFake1E2Mu/Central/muons/1/charge in Skim_TriLep_TTG_PTG10to100.root
2025-11-13 11:14:41,020 - INFO - [2023] MISSING_CENTRAL: ZFake1E2Mu/Central/muons/1/charge in Skim_TriLep_TTG_PTG100to200.root
2025-11-13 11:14:41,024 - INFO - [2023] MISSING_CENTRAL: ZFake1E2Mu/Central/muons/1/charge in Skim_TriLep_TTG_PTG200toInf.root
2025-11-19 16:11:03,403 - INFO - [2023] MISSING_CENTRAL: ZFake1E2Mu/Central/muons/1/charge in Skim_TriLep_DYJets10to50.root
2025-11-19 16:11:03,404 - INFO - [2023] MISSING_CENTRAL: ZFake1E2Mu/Central/muons/1/charge in Skim_TriLep_DYGTo2LG_MLL4to50_PTG10to100.root
2025-11-19 16:11:03,404 - INFO - [2023] MISSING_CENTRAL: ZFake1E2Mu/Central/muons/1/charge in Skim_TriLep_DYGTo2LG_MLL4to50_PTG100to200.root
2025-11-19 16:11:03,405 - INFO - [2023] MISSING_CENTRAL: ZFake1E2Mu/Central/muons/1/charge in Skim_TriLep_DYGTo2LG_MLL4to50_PTG200toInf.root
2025-11-19 16:11:03,430 - INFO - [2023] MISSING_CENTRAL: ZFake1E2Mu/Central/muons/1/charge in Skim_TriLep_TTG_PTG10to100.root
2025-11-19 16:11:03,430 - INFO - [2023] MISSING_CENTRAL: ZFake1E2Mu/Central/muons/1/charge in Skim_TriLep_TTG_PTG100to200.root
2025-11-19 16:11:03,431 - INFO - [2023] MISSING_CENTRAL: ZFake1E2Mu/Central/muons/1/charge in Skim_TriLep_TTG_PTG200toInf.root
2025-11-19 16:27:11,385 - INFO - [2023] MISSING_CENTRAL: ZFake1E2Mu/Central/muons/1/charge in Skim_TriLep_DYJets10to50.root
2025-11-19 16:27:11,385 - INFO - [2023] MISSING_CENTRAL: ZFake1E2Mu/Central/muons/1/charge in Skim_TriLep_DYGTo2LG_MLL4to50_PTG10to100.root
2025-11-19 16:27:11,386 - INFO - [2023] MISSING_CENTRAL: ZFake1E2Mu/Central/muons/1/charge in Skim_TriLep_DYGTo2LG_MLL4to50_PTG100to200.root
2025-11-19 16:27:11,386 - INFO - [2023] MISSING_CENTRAL: ZFake1E2Mu/Central/muons/1/charge in Skim_TriLep_DYGTo2LG_MLL4to50_PTG200toInf.root
2025-11-19 16:27:11,412 - INFO - [2023] MISSING_CENTRAL: ZFake1E2Mu/Central/muons/1/charge in Skim_TriLep_TTG_PTG10to100.root
2025-11-19 16:27:11,412 - INFO - [2023] MISSING_CENTRAL: ZFake1E2Mu/Central/muons/1/charge in Skim_TriLep_TTG_PTG100to200.root
2025-11-19 16:27:11,413 - INFO - [2023] MISSING_CENTRAL: ZFake1E2Mu/Central/muons/1/charge in Skim_TriLep_TTG_PTG200toInf.root
2025-12-17 22:41:57,443 - INFO - [2023] MISSING_CENTRAL: ZFake1E2Mu/Central/muons/1/charge in Skim_TriLep_DYJets10to50.root
2025-12-17 22:41:57,443 - INFO - [2023] MISSING_CENTRAL: ZFake1E2Mu/Central/muons/1/charge in Skim_TriLep_TTG_PTG10to100.root
2025-12-17 22:41:57,468 - INFO - [2023] MISSING_CENTRAL: ZFake1E2Mu/Central/muons/1/charge in Skim_TriLep_TTG_PTG100to200.root
2025-12-17 22:41:57,474 - INFO - [2023] MISSING_CENTRAL: ZFake1E2Mu/Central/muons/1/charge in Skim_TriLep_TTG_PTG200toInf.root
2025-12-18 14:27:30,620 - INFO - [2023] MISSING_CENTRAL: ZFake1E2Mu/Central/muons/1/charge in Skim_TriLep_DYJets10to50.root
2025-12-18 14:27:30,621 - INFO - [2023] MISSING_CENTRAL: ZFake1E2Mu/Central/muons/1/charge in Skim_TriLep_TTG_PTG10to100.root
2025-12-18 14:27:30,622 - INFO - [2023] MISSING_CENTRAL: ZFake1E2Mu/Central/muons/1/charge in Skim_TriLep_TTG_PTG100to200.root
2025-12-18 14:27:30,623 - INFO - [2023] MISSING_CENTRAL: ZFake1E2Mu/Central/muons/1/charge in Skim_TriLep_TTG_PTG200toInf.root
2025-12-18 14:42:48,857 - INFO - [2023] MISSING_CENTRAL: ZFake1E2Mu/Central/muons/1/charge in Skim_TriLep_DYJets10to50.root
2025-12-18 14:42:48,865 - INFO - [2023] MISSING_CENTRAL: ZFake1E2Mu/Central/muons/1/charge in Skim_TriLep_TTG_PTG10to100.root
2025-12-18 14:42:48,873 - INFO - [2023] MISSING_CENTRAL: ZFake1E2Mu/Central/muons/1/charge in Skim_TriLep_TTG_PTG100to200.root
2025-12-18 14:42:48,874 - INFO - [2023] MISSING_CENTRAL: ZFake1E2Mu/Central/muons/1/charge in Skim_TriLep_TTG_PTG200toInf.root
2026-01-07 11:51:58,332 - INFO - [2023] MISSING_CENTRAL: ZFake1E2Mu/Central/muons/1/charge in Skim_TriLep_DYJets10to50.root
2026-01-07 11:51:58,350 - INFO - [2023] MISSING_CENTRAL: ZFake1E2Mu/Central/muons/1/charge in Skim_TriLep_TTG_PTG10to100.root
2026-01-07 11:51:58,357 - INFO - [2023] MISSING_CENTRAL: ZFake1E2Mu/Central/muons/1/charge in Skim_TriLep_TTG_PTG100to200.root
2026-01-07 11:51:58,366 - INFO - [2023] MISSING_CENTRAL: ZFake1E2Mu/Central/muons/1/charge in Skim_TriLep_TTG_PTG200toInf.root
