2025-09-24 15:55:12,045 - INFO - [2022] MISSING_CENTRAL: WZ1E2Mu/Central/muons/1/eta in Skim_TriLep_DYJets.root
2025-09-24 15:55:12,056 - INFO - [2022] MISSING_CENTRAL: WZ1E2Mu/Central/muons/1/eta in Skim_TriLep_DYJets10to50.root
2025-09-24 15:55:12,060 - INFO - [2022] MISSING_CENTRAL: WZ1E2Mu/Central/muons/1/eta in Skim_TriLep_DYGTo2LG_MLL4to50_PTG10to100.root
2025-09-24 15:55:12,069 - INFO - [2022] MISSING_CENTRAL: WZ1E2Mu/Central/muons/1/eta in Skim_TriLep_DYGTo2LG_MLL4to50_PTG100to200.root
2025-09-24 15:55:12,069 - INFO - [2022] MISSING_CENTRAL: WZ1E2Mu/Central/muons/1/eta in Skim_TriLep_DYGTo2LG_MLL4to50_PTG200toInf.root
2025-09-24 15:55:22,481 - INFO - [2022] MISSING_CENTRAL: WZ1E2Mu/Central/muons/1/eta in Skim_TriLep_DYJets.root
2025-09-24 15:55:22,481 - INFO - [2022] MISSING_CENTRAL: WZ1E2Mu/Central/muons/1/eta in Skim_TriLep_DYJets10to50.root
2025-09-24 15:55:22,481 - INFO - [2022] MISSING_CENTRAL: WZ1E2Mu/Central/muons/1/eta in Skim_TriLep_DYGTo2LG_MLL4to50_PTG10to100.root
2025-09-24 15:55:22,482 - INFO - [2022] MISSING_CENTRAL: WZ1E2Mu/Central/muons/1/eta in Skim_TriLep_DYGTo2LG_MLL4to50_PTG100to200.root
2025-09-24 15:55:22,482 - INFO - [2022] MISSING_CENTRAL: WZ1E2Mu/Central/muons/1/eta in Skim_TriLep_DYGTo2LG_MLL4to50_PTG200toInf.root
2025-09-24 15:55:22,485 - INFO - [2022] MISSING_FILE: /Users/choij/Sync/workspace/ChargedHiggsAnalysisV3/SKNanoOutput/CRPromptSelector/Run1E2Mu_RunNoWZSF_RunSyst/2022/Skim_TriLep_ZZTo4L_powheg.root
2025-09-24 15:55:22,488 - INFO - [2022] MISSING_FILE: /Users/choij/Sync/workspace/ChargedHiggsAnalysisV3/SKNanoOutput/CRPromptSelector/Run1E2Mu_RunNoWZSF_RunSyst/2022/Skim_TriLep_VBFHToZZTo4L.root
2025-09-24 15:55:22,488 - INFO - [2022] MISSING_FILE: /Users/choij/Sync/workspace/ChargedHiggsAnalysisV3/SKNanoOutput/CRPromptSelector/Run1E2Mu_RunNoWZSF_RunSyst/2022/Skim_TriLep_ggHToZZTo4L.root
2025-10-02 21:16:50,728 - INFO - [2022] MISSING_CENTRAL: WZ1E2Mu/Central/muons/1/eta in Skim_TriLep_DYJets.root
2025-10-02 21:16:50,734 - INFO - [2022] MISSING_CENTRAL: WZ1E2Mu/Central/muons/1/eta in Skim_TriLep_DYJets10to50.root
2025-10-02 21:16:50,736 - INFO - [2022] MISSING_CENTRAL: WZ1E2Mu/Central/muons/1/eta in Skim_TriLep_DYGTo2LG_MLL4to50_PTG10to100.root
2025-10-02 21:16:50,737 - INFO - [2022] MISSING_CENTRAL: WZ1E2Mu/Central/muons/1/eta in Skim_TriLep_DYGTo2LG_MLL4to50_PTG100to200.root
2025-10-02 21:16:50,737 - INFO - [2022] MISSING_CENTRAL: WZ1E2Mu/Central/muons/1/eta in Skim_TriLep_DYGTo2LG_MLL4to50_PTG200toInf.root
2025-10-02 21:16:57,339 - INFO - [2022] MISSING_CENTRAL: WZ1E2Mu/Central/muons/1/eta in Skim_TriLep_DYJets.root
2025-10-02 21:16:57,340 - INFO - [2022] MISSING_CENTRAL: WZ1E2Mu/Central/muons/1/eta in Skim_TriLep_DYJets10to50.root
2025-10-02 21:16:57,341 - INFO - [2022] MISSING_CENTRAL: WZ1E2Mu/Central/muons/1/eta in Skim_TriLep_DYGTo2LG_MLL4to50_PTG10to100.root
2025-10-02 21:16:57,342 - INFO - [2022] MISSING_CENTRAL: WZ1E2Mu/Central/muons/1/eta in Skim_TriLep_DYGTo2LG_MLL4to50_PTG100to200.root
2025-10-02 21:16:57,343 - INFO - [2022] MISSING_CENTRAL: WZ1E2Mu/Central/muons/1/eta in Skim_TriLep_DYGTo2LG_MLL4to50_PTG200toInf.root
2025-10-02 21:16:57,357 - INFO - [2022] MISSING_FILE: /data9/Users/choij/Sync/workspace/ChargedHiggsAnalysisV3/SKNanoOutput/CRPromptSelector/Run1E2Mu_RunNoWZSF_RunSyst/2022/Skim_TriLep_ZZTo4L_powheg.root
2025-10-02 21:16:57,365 - INFO - [2022] MISSING_FILE: /data9/Users/choij/Sync/workspace/ChargedHiggsAnalysisV3/SKNanoOutput/CRPromptSelector/Run1E2Mu_RunNoWZSF_RunSyst/2022/Skim_TriLep_VBFHToZZTo4L.root
2025-10-02 21:16:57,365 - INFO - [2022] MISSING_FILE: /data9/Users/choij/Sync/workspace/ChargedHiggsAnalysisV3/SKNanoOutput/CRPromptSelector/Run1E2Mu_RunNoWZSF_RunSyst/2022/Skim_TriLep_ggHToZZTo4L.root
2025-10-03 00:23:13,509 - INFO - [2022] MISSING_CENTRAL: WZ1E2Mu/Central/muons/1/eta in Skim_TriLep_DYJets.root
2025-10-03 00:23:13,510 - INFO - [2022] MISSING_CENTRAL: WZ1E2Mu/Central/muons/1/eta in Skim_TriLep_DYJets10to50.root
2025-10-03 00:23:13,510 - INFO - [2022] MISSING_CENTRAL: WZ1E2Mu/Central/muons/1/eta in Skim_TriLep_DYGTo2LG_MLL4to50_PTG10to100.root
2025-10-03 00:23:13,510 - INFO - [2022] MISSING_CENTRAL: WZ1E2Mu/Central/muons/1/eta in Skim_TriLep_DYGTo2LG_MLL4to50_PTG100to200.root
2025-10-03 00:23:13,511 - INFO - [2022] MISSING_CENTRAL: WZ1E2Mu/Central/muons/1/eta in Skim_TriLep_DYGTo2LG_MLL4to50_PTG200toInf.root
2025-10-03 00:23:21,993 - INFO - [2022] MISSING_CENTRAL: WZ1E2Mu/Central/muons/1/eta in Skim_TriLep_DYJets.root
2025-10-03 00:23:21,993 - INFO - [2022] MISSING_CENTRAL: WZ1E2Mu/Central/muons/1/eta in Skim_TriLep_DYJets10to50.root
2025-10-03 00:23:21,993 - INFO - [2022] MISSING_CENTRAL: WZ1E2Mu/Central/muons/1/eta in Skim_TriLep_DYGTo2LG_MLL4to50_PTG10to100.root
2025-10-03 00:23:21,994 - INFO - [2022] MISSING_CENTRAL: WZ1E2Mu/Central/muons/1/eta in Skim_TriLep_DYGTo2LG_MLL4to50_PTG100to200.root
2025-10-03 00:23:21,994 - INFO - [2022] MISSING_CENTRAL: WZ1E2Mu/Central/muons/1/eta in Skim_TriLep_DYGTo2LG_MLL4to50_PTG200toInf.root
2025-10-03 00:23:21,998 - INFO - [2022] MISSING_FILE: /Users/choij/Sync/workspace/ChargedHiggsAnalysisV3/SKNanoOutput/CRPromptSelector/Run1E2Mu_RunNoWZSF_RunSyst/2022/Skim_TriLep_ZZTo4L_powheg.root
2025-10-03 00:23:22,000 - INFO - [2022] MISSING_FILE: /Users/choij/Sync/workspace/ChargedHiggsAnalysisV3/SKNanoOutput/CRPromptSelector/Run1E2Mu_RunNoWZSF_RunSyst/2022/Skim_TriLep_VBFHToZZTo4L.root
2025-10-03 00:23:22,000 - INFO - [2022] MISSING_FILE: /Users/choij/Sync/workspace/ChargedHiggsAnalysisV3/SKNanoOutput/CRPromptSelector/Run1E2Mu_RunNoWZSF_RunSyst/2022/Skim_TriLep_ggHToZZTo4L.root
