2025-09-24 16:11:14,030 - INFO - [2022] MISSING_CENTRAL: SR3Mu/Central/bjets/1/phi in Skim_TriLep_DYJets.root
2025-09-24 16:11:14,030 - INFO - [2022] MISSING_CENTRAL: SR3Mu/Central/bjets/1/phi in Skim_TriLep_DYJets10to50.root
2025-09-24 16:11:14,075 - INFO - [2022] MISSING_CENTRAL: SR3Mu/Central/bjets/1/phi in Skim_TriLep_DYGTo2LG_MLL4to50_PTG10to100.root
2025-09-24 16:11:14,114 - INFO - [2022] MISSING_CENTRAL: SR3Mu/Central/bjets/1/phi in Skim_TriLep_DYGTo2LG_MLL4to50_PTG100to200.root
2025-09-24 16:11:14,114 - INFO - [2022] MISSING_CENTRAL: SR3Mu/Central/bjets/1/phi in Skim_TriLep_DYGTo2LG_MLL4to50_PTG200toInf.root
2025-09-24 16:11:14,185 - INFO - [2022] MISSING_CENTRAL: SR3Mu/Central/bjets/1/phi in Skim_TriLep_DYGTo2LG_MLL50_PTG100to200.root
2025-09-24 16:11:14,468 - INFO - [2022EE] MISSING_CENTRAL: SR3Mu/Central/bjets/1/phi in Skim_TriLep_DYJets10to50.root
2025-09-24 16:11:14,530 - INFO - [2022EE] MISSING_CENTRAL: SR3Mu/Central/bjets/1/phi in Skim_TriLep_DYGTo2LG_MLL50_PTG100to200.root
2025-09-24 16:11:14,666 - INFO - [2023] MISSING_CENTRAL: SR3Mu/Central/bjets/1/phi in Skim_TriLep_DYJets10to50.root
2025-09-24 16:11:14,877 - INFO - [2023BPix] MISSING_CENTRAL: SR3Mu/Central/bjets/1/phi in Skim_TriLep_DYJets10to50.root
2025-10-02 21:25:01,892 - INFO - [2022] MISSING_CENTRAL: SR3Mu/Central/bjets/1/phi in Skim_TriLep_DYJets.root
2025-10-02 21:25:01,893 - INFO - [2022] MISSING_CENTRAL: SR3Mu/Central/bjets/1/phi in Skim_TriLep_DYJets10to50.root
2025-10-02 21:25:01,894 - INFO - [2022] MISSING_CENTRAL: SR3Mu/Central/bjets/1/phi in Skim_TriLep_DYGTo2LG_MLL4to50_PTG10to100.root
2025-10-02 21:25:01,896 - INFO - [2022] MISSING_CENTRAL: SR3Mu/Central/bjets/1/phi in Skim_TriLep_DYGTo2LG_MLL4to50_PTG100to200.root
2025-10-02 21:25:01,909 - INFO - [2022] MISSING_CENTRAL: SR3Mu/Central/bjets/1/phi in Skim_TriLep_DYGTo2LG_MLL4to50_PTG200toInf.root
2025-10-02 21:25:01,929 - INFO - [2022] MISSING_CENTRAL: SR3Mu/Central/bjets/1/phi in Skim_TriLep_DYGTo2LG_MLL50_PTG100to200.root
2025-10-02 21:25:02,289 - INFO - [2022EE] MISSING_CENTRAL: SR3Mu/Central/bjets/1/phi in Skim_TriLep_DYJets10to50.root
2025-10-02 21:25:02,347 - INFO - [2022EE] MISSING_CENTRAL: SR3Mu/Central/bjets/1/phi in Skim_TriLep_DYGTo2LG_MLL50_PTG100to200.root
2025-10-02 21:25:02,685 - INFO - [2023] MISSING_CENTRAL: SR3Mu/Central/bjets/1/phi in Skim_TriLep_DYJets10to50.root
2025-10-02 21:25:03,237 - INFO - [2023BPix] MISSING_CENTRAL: SR3Mu/Central/bjets/1/phi in Skim_TriLep_DYJets10to50.root
2025-10-03 00:46:04,996 - INFO - [2022] MISSING_CENTRAL: SR3Mu/Central/bjets/1/phi in Skim_TriLep_DYJets.root
2025-10-03 00:46:04,997 - INFO - [2022] MISSING_CENTRAL: SR3Mu/Central/bjets/1/phi in Skim_TriLep_DYJets10to50.root
2025-10-03 00:46:04,998 - INFO - [2022] MISSING_CENTRAL: SR3Mu/Central/bjets/1/phi in Skim_TriLep_DYGTo2LG_MLL4to50_PTG10to100.root
2025-10-03 00:46:04,998 - INFO - [2022] MISSING_CENTRAL: SR3Mu/Central/bjets/1/phi in Skim_TriLep_DYGTo2LG_MLL4to50_PTG100to200.root
2025-10-03 00:46:04,999 - INFO - [2022] MISSING_CENTRAL: SR3Mu/Central/bjets/1/phi in Skim_TriLep_DYGTo2LG_MLL4to50_PTG200toInf.root
2025-10-03 00:46:05,025 - INFO - [2022] MISSING_CENTRAL: SR3Mu/Central/bjets/1/phi in Skim_TriLep_DYGTo2LG_MLL50_PTG100to200.root
2025-10-03 00:46:05,320 - INFO - [2022EE] MISSING_CENTRAL: SR3Mu/Central/bjets/1/phi in Skim_TriLep_DYJets10to50.root
2025-10-03 00:46:05,371 - INFO - [2022EE] MISSING_CENTRAL: SR3Mu/Central/bjets/1/phi in Skim_TriLep_DYGTo2LG_MLL50_PTG100to200.root
2025-10-03 00:46:05,621 - INFO - [2023] MISSING_CENTRAL: SR3Mu/Central/bjets/1/phi in Skim_TriLep_DYJets10to50.root
2025-10-03 00:46:06,003 - INFO - [2023BPix] MISSING_CENTRAL: SR3Mu/Central/bjets/1/phi in Skim_TriLep_DYJets10to50.root
