2025-09-24 16:11:09,400 - INFO - [2022] MISSING_CENTRAL: SR3Mu/Central/jets/3/energy in Skim_TriLep_DoubleMuon_C.root
2025-09-24 16:11:09,626 - INFO - [2023] MISSING_CENTRAL: SR3Mu/Central/jets/3/energy in Skim_TriLep_Muon1_C_v3.root
2025-09-24 16:11:09,638 - INFO - [2022] MISSING_CENTRAL: SR3Mu/Central/jets/3/energy in Skim_TriLep_DYJets.root
2025-09-24 16:11:09,638 - INFO - [2022] MISSING_CENTRAL: SR3Mu/Central/jets/3/energy in Skim_TriLep_DYJets10to50.root
2025-09-24 16:11:09,638 - INFO - [2022] MISSING_CENTRAL: SR3Mu/Central/jets/3/energy in Skim_TriLep_DYGTo2LG_MLL4to50_PTG10to100.root
2025-09-24 16:11:09,639 - INFO - [2022] MISSING_CENTRAL: SR3Mu/Central/jets/3/energy in Skim_TriLep_DYGTo2LG_MLL4to50_PTG100to200.root
2025-09-24 16:11:09,639 - INFO - [2022] MISSING_CENTRAL: SR3Mu/Central/jets/3/energy in Skim_TriLep_DYGTo2LG_MLL4to50_PTG200toInf.root
2025-09-24 16:11:09,649 - INFO - [2022] MISSING_CENTRAL: SR3Mu/Central/jets/3/energy in Skim_TriLep_DYGTo2LG_MLL50_PTG100to200.root
2025-09-24 16:11:09,649 - INFO - [2022] MISSING_CENTRAL: SR3Mu/Central/jets/3/energy in Skim_TriLep_DYGTo2LG_MLL50_PTG200toInf.root
2025-09-24 16:11:09,666 - INFO - [2022] MISSING_CENTRAL: SR3Mu/Central/jets/3/energy in Skim_TriLep_TTG_PTG100to200.root
2025-09-24 16:11:09,954 - INFO - [2022] MISSING_CENTRAL: SR3Mu/Central/jets/3/energy in Skim_TriLep_WWW.root
2025-09-24 16:11:10,023 - INFO - [2022] MISSING_CENTRAL: SR3Mu/Central/jets/3/energy in Skim_TriLep_VBFHToZZTo4L.root
2025-09-24 16:11:10,034 - INFO - [2022EE] MISSING_CENTRAL: SR3Mu/Central/jets/3/energy in Skim_TriLep_DYJets.root
2025-09-24 16:11:10,034 - INFO - [2022EE] MISSING_CENTRAL: SR3Mu/Central/jets/3/energy in Skim_TriLep_DYJets10to50.root
2025-09-24 16:11:10,043 - INFO - [2022EE] MISSING_CENTRAL: SR3Mu/Central/jets/3/energy in Skim_TriLep_DYGTo2LG_MLL4to50_PTG100to200.root
2025-09-24 16:11:10,043 - INFO - [2022EE] MISSING_CENTRAL: SR3Mu/Central/jets/3/energy in Skim_TriLep_DYGTo2LG_MLL4to50_PTG200toInf.root
2025-09-24 16:11:10,163 - INFO - [2022EE] MISSING_CENTRAL: SR3Mu/Central/jets/3/energy in Skim_TriLep_DYGTo2LG_MLL50_PTG100to200.root
2025-09-24 16:11:10,170 - INFO - [2022EE] MISSING_CENTRAL: SR3Mu/Central/jets/3/energy in Skim_TriLep_DYGTo2LG_MLL50_PTG200toInf.root
2025-09-24 16:11:10,201 - INFO - [2022EE] MISSING_CENTRAL: SR3Mu/Central/jets/3/energy in Skim_TriLep_TTG_PTG100to200.root
2025-09-24 16:11:10,591 - INFO - [2023] MISSING_CENTRAL: SR3Mu/Central/jets/3/energy in Skim_TriLep_DYJets.root
2025-09-24 16:11:10,592 - INFO - [2023] MISSING_CENTRAL: SR3Mu/Central/jets/3/energy in Skim_TriLep_DYJets10to50.root
2025-09-24 16:11:10,592 - INFO - [2023] MISSING_CENTRAL: SR3Mu/Central/jets/3/energy in Skim_TriLep_DYGTo2LG_MLL4to50_PTG10to100.root
2025-09-24 16:11:10,592 - INFO - [2023] MISSING_CENTRAL: SR3Mu/Central/jets/3/energy in Skim_TriLep_DYGTo2LG_MLL4to50_PTG100to200.root
2025-09-24 16:11:10,593 - INFO - [2023] MISSING_CENTRAL: SR3Mu/Central/jets/3/energy in Skim_TriLep_DYGTo2LG_MLL4to50_PTG200toInf.root
2025-09-24 16:11:10,657 - INFO - [2023] MISSING_CENTRAL: SR3Mu/Central/jets/3/energy in Skim_TriLep_DYGTo2LG_MLL50_PTG100to200.root
2025-09-24 16:11:10,666 - INFO - [2023] MISSING_CENTRAL: SR3Mu/Central/jets/3/energy in Skim_TriLep_DYGTo2LG_MLL50_PTG200to400.root
2025-09-24 16:11:10,685 - INFO - [2023] MISSING_CENTRAL: SR3Mu/Central/jets/3/energy in Skim_TriLep_DYGTo2LG_MLL50_PTG400to600.root
2025-09-24 16:11:10,699 - INFO - [2023] MISSING_CENTRAL: SR3Mu/Central/jets/3/energy in Skim_TriLep_DYGTo2LG_MLL50_PTG600toInf.root
2025-09-24 16:11:10,872 - INFO - [2023] MISSING_CENTRAL: SR3Mu/Central/jets/3/energy in Skim_TriLep_WWW.root
2025-09-24 16:11:10,929 - INFO - [2023] MISSING_CENTRAL: SR3Mu/Central/jets/3/energy in Skim_TriLep_ggHToZZTo4L.root
2025-09-24 16:11:10,932 - INFO - [2023BPix] MISSING_CENTRAL: SR3Mu/Central/jets/3/energy in Skim_TriLep_DYJets.root
2025-09-24 16:11:10,932 - INFO - [2023BPix] MISSING_CENTRAL: SR3Mu/Central/jets/3/energy in Skim_TriLep_DYJets10to50.root
2025-09-24 16:11:10,933 - INFO - [2023BPix] MISSING_CENTRAL: SR3Mu/Central/jets/3/energy in Skim_TriLep_DYGTo2LG_MLL4to50_PTG10to100.root
2025-09-24 16:11:10,979 - INFO - [2023BPix] MISSING_CENTRAL: SR3Mu/Central/jets/3/energy in Skim_TriLep_DYGTo2LG_MLL50_PTG100to200.root
2025-09-24 16:11:10,980 - INFO - [2023BPix] MISSING_CENTRAL: SR3Mu/Central/jets/3/energy in Skim_TriLep_DYGTo2LG_MLL50_PTG200to400.root
2025-09-24 16:11:10,982 - INFO - [2023BPix] MISSING_CENTRAL: SR3Mu/Central/jets/3/energy in Skim_TriLep_DYGTo2LG_MLL50_PTG400to600.root
2025-09-24 16:11:10,983 - INFO - [2023BPix] MISSING_CENTRAL: SR3Mu/Central/jets/3/energy in Skim_TriLep_DYGTo2LG_MLL50_PTG600toInf.root
2025-09-24 16:11:10,984 - INFO - [2023BPix] MISSING_CENTRAL: SR3Mu/Central/jets/3/energy in Skim_TriLep_TTG_PTG10to100.root
2025-09-24 16:11:10,984 - INFO - [2023BPix] MISSING_CENTRAL: SR3Mu/Central/jets/3/energy in Skim_TriLep_TTG_PTG100to200.root
2025-09-24 16:11:10,985 - INFO - [2023BPix] MISSING_CENTRAL: SR3Mu/Central/jets/3/energy in Skim_TriLep_TTG_PTG200toInf.root
2025-09-24 16:11:11,099 - INFO - [2023BPix] MISSING_CENTRAL: SR3Mu/Central/jets/3/energy in Skim_TriLep_WWW.root
