2025-09-24 16:11:07,938 - INFO - [2022] MISSING_CENTRAL: SR3Mu/Central/jets/3/px in Skim_TriLep_DoubleMuon_C.root
2025-09-24 16:11:07,969 - INFO - [2023] MISSING_CENTRAL: SR3Mu/Central/jets/3/px in Skim_TriLep_Muon1_C_v3.root
2025-09-24 16:11:07,980 - INFO - [2022] MISSING_CENTRAL: SR3Mu/Central/jets/3/px in Skim_TriLep_DYJets.root
2025-09-24 16:11:07,980 - INFO - [2022] MISSING_CENTRAL: SR3Mu/Central/jets/3/px in Skim_TriLep_DYJets10to50.root
2025-09-24 16:11:07,980 - INFO - [2022] MISSING_CENTRAL: SR3Mu/Central/jets/3/px in Skim_TriLep_DYGTo2LG_MLL4to50_PTG10to100.root
2025-09-24 16:11:07,981 - INFO - [2022] MISSING_CENTRAL: SR3Mu/Central/jets/3/px in Skim_TriLep_DYGTo2LG_MLL4to50_PTG100to200.root
2025-09-24 16:11:07,981 - INFO - [2022] MISSING_CENTRAL: SR3Mu/Central/jets/3/px in Skim_TriLep_DYGTo2LG_MLL4to50_PTG200toInf.root
2025-09-24 16:11:07,994 - INFO - [2022] MISSING_CENTRAL: SR3Mu/Central/jets/3/px in Skim_TriLep_DYGTo2LG_MLL50_PTG100to200.root
2025-09-24 16:11:07,994 - INFO - [2022] MISSING_CENTRAL: SR3Mu/Central/jets/3/px in Skim_TriLep_DYGTo2LG_MLL50_PTG200toInf.root
2025-09-24 16:11:08,006 - INFO - [2022] MISSING_CENTRAL: SR3Mu/Central/jets/3/px in Skim_TriLep_TTG_PTG100to200.root
2025-09-24 16:11:08,234 - INFO - [2022] MISSING_CENTRAL: SR3Mu/Central/jets/3/px in Skim_TriLep_WWW.root
2025-09-24 16:11:08,309 - INFO - [2022] MISSING_CENTRAL: SR3Mu/Central/jets/3/px in Skim_TriLep_VBFHToZZTo4L.root
2025-09-24 16:11:08,333 - INFO - [2022EE] MISSING_CENTRAL: SR3Mu/Central/jets/3/px in Skim_TriLep_DYJets.root
2025-09-24 16:11:08,333 - INFO - [2022EE] MISSING_CENTRAL: SR3Mu/Central/jets/3/px in Skim_TriLep_DYJets10to50.root
2025-09-24 16:11:08,393 - INFO - [2022EE] MISSING_CENTRAL: SR3Mu/Central/jets/3/px in Skim_TriLep_DYGTo2LG_MLL4to50_PTG100to200.root
2025-09-24 16:11:08,402 - INFO - [2022EE] MISSING_CENTRAL: SR3Mu/Central/jets/3/px in Skim_TriLep_DYGTo2LG_MLL4to50_PTG200toInf.root
2025-09-24 16:11:08,506 - INFO - [2022EE] MISSING_CENTRAL: SR3Mu/Central/jets/3/px in Skim_TriLep_DYGTo2LG_MLL50_PTG100to200.root
2025-09-24 16:11:08,562 - INFO - [2022EE] MISSING_CENTRAL: SR3Mu/Central/jets/3/px in Skim_TriLep_DYGTo2LG_MLL50_PTG200toInf.root
2025-09-24 16:11:08,590 - INFO - [2022EE] MISSING_CENTRAL: SR3Mu/Central/jets/3/px in Skim_TriLep_TTG_PTG100to200.root
2025-09-24 16:11:09,254 - INFO - [2023] MISSING_CENTRAL: SR3Mu/Central/jets/3/px in Skim_TriLep_DYJets.root
2025-09-24 16:11:09,254 - INFO - [2023] MISSING_CENTRAL: SR3Mu/Central/jets/3/px in Skim_TriLep_DYJets10to50.root
2025-09-24 16:11:09,255 - INFO - [2023] MISSING_CENTRAL: SR3Mu/Central/jets/3/px in Skim_TriLep_DYGTo2LG_MLL4to50_PTG10to100.root
2025-09-24 16:11:09,255 - INFO - [2023] MISSING_CENTRAL: SR3Mu/Central/jets/3/px in Skim_TriLep_DYGTo2LG_MLL4to50_PTG100to200.root
2025-09-24 16:11:09,255 - INFO - [2023] MISSING_CENTRAL: SR3Mu/Central/jets/3/px in Skim_TriLep_DYGTo2LG_MLL4to50_PTG200toInf.root
2025-09-24 16:11:09,267 - INFO - [2023] MISSING_CENTRAL: SR3Mu/Central/jets/3/px in Skim_TriLep_DYGTo2LG_MLL50_PTG100to200.root
2025-09-24 16:11:09,267 - INFO - [2023] MISSING_CENTRAL: SR3Mu/Central/jets/3/px in Skim_TriLep_DYGTo2LG_MLL50_PTG200to400.root
2025-09-24 16:11:09,267 - INFO - [2023] MISSING_CENTRAL: SR3Mu/Central/jets/3/px in Skim_TriLep_DYGTo2LG_MLL50_PTG400to600.root
2025-09-24 16:11:09,268 - INFO - [2023] MISSING_CENTRAL: SR3Mu/Central/jets/3/px in Skim_TriLep_DYGTo2LG_MLL50_PTG600toInf.root
2025-09-24 16:11:09,692 - INFO - [2023] MISSING_CENTRAL: SR3Mu/Central/jets/3/px in Skim_TriLep_WWW.root
2025-09-24 16:11:09,958 - INFO - [2023] MISSING_CENTRAL: SR3Mu/Central/jets/3/px in Skim_TriLep_ggHToZZTo4L.root
2025-09-24 16:11:09,967 - INFO - [2023BPix] MISSING_CENTRAL: SR3Mu/Central/jets/3/px in Skim_TriLep_DYJets.root
2025-09-24 16:11:09,968 - INFO - [2023BPix] MISSING_CENTRAL: SR3Mu/Central/jets/3/px in Skim_TriLep_DYJets10to50.root
2025-09-24 16:11:09,968 - INFO - [2023BPix] MISSING_CENTRAL: SR3Mu/Central/jets/3/px in Skim_TriLep_DYGTo2LG_MLL4to50_PTG10to100.root
2025-09-24 16:11:10,024 - INFO - [2023BPix] MISSING_CENTRAL: SR3Mu/Central/jets/3/px in Skim_TriLep_DYGTo2LG_MLL50_PTG100to200.root
2025-09-24 16:11:10,024 - INFO - [2023BPix] MISSING_CENTRAL: SR3Mu/Central/jets/3/px in Skim_TriLep_DYGTo2LG_MLL50_PTG200to400.root
2025-09-24 16:11:10,025 - INFO - [2023BPix] MISSING_CENTRAL: SR3Mu/Central/jets/3/px in Skim_TriLep_DYGTo2LG_MLL50_PTG400to600.root
2025-09-24 16:11:10,025 - INFO - [2023BPix] MISSING_CENTRAL: SR3Mu/Central/jets/3/px in Skim_TriLep_DYGTo2LG_MLL50_PTG600toInf.root
2025-09-24 16:11:10,025 - INFO - [2023BPix] MISSING_CENTRAL: SR3Mu/Central/jets/3/px in Skim_TriLep_TTG_PTG10to100.root
2025-09-24 16:11:10,026 - INFO - [2023BPix] MISSING_CENTRAL: SR3Mu/Central/jets/3/px in Skim_TriLep_TTG_PTG100to200.root
2025-09-24 16:11:10,026 - INFO - [2023BPix] MISSING_CENTRAL: SR3Mu/Central/jets/3/px in Skim_TriLep_TTG_PTG200toInf.root
2025-09-24 16:11:10,327 - INFO - [2023BPix] MISSING_CENTRAL: SR3Mu/Central/jets/3/px in Skim_TriLep_WWW.root
