2025-09-24 16:11:00,289 - INFO - [2022] MISSING_CENTRAL: SR3Mu/Central/jets/1/pz in Skim_TriLep_DYJets.root
2025-09-24 16:11:00,290 - INFO - [2022] MISSING_CENTRAL: SR3Mu/Central/jets/1/pz in Skim_TriLep_DYJets10to50.root
2025-09-24 16:11:00,290 - INFO - [2022] MISSING_CENTRAL: SR3Mu/Central/jets/1/pz in Skim_TriLep_DYGTo2LG_MLL4to50_PTG10to100.root
2025-09-24 16:11:00,290 - INFO - [2022] MISSING_CENTRAL: SR3Mu/Central/jets/1/pz in Skim_TriLep_DYGTo2LG_MLL4to50_PTG100to200.root
2025-09-24 16:11:00,291 - INFO - [2022] MISSING_CENTRAL: SR3Mu/Central/jets/1/pz in Skim_TriLep_DYGTo2LG_MLL4to50_PTG200toInf.root
2025-09-24 16:11:00,320 - INFO - [2022] MISSING_CENTRAL: SR3Mu/Central/jets/1/pz in Skim_TriLep_DYGTo2LG_MLL50_PTG100to200.root
2025-09-24 16:11:01,004 - INFO - [2022EE] MISSING_CENTRAL: SR3Mu/Central/jets/1/pz in Skim_TriLep_DYJets10to50.root
2025-09-24 16:11:01,110 - INFO - [2022EE] MISSING_CENTRAL: SR3Mu/Central/jets/1/pz in Skim_TriLep_DYGTo2LG_MLL50_PTG100to200.root
2025-09-24 16:11:01,466 - INFO - [2023] MISSING_CENTRAL: SR3Mu/Central/jets/1/pz in Skim_TriLep_DYJets10to50.root
2025-09-24 16:11:01,923 - INFO - [2023BPix] MISSING_CENTRAL: SR3Mu/Central/jets/1/pz in Skim_TriLep_DYJets10to50.root
2025-10-02 21:24:55,819 - INFO - [2022] MISSING_CENTRAL: SR3Mu/Central/jets/1/pz in Skim_TriLep_DYJets.root
2025-10-02 21:24:55,819 - INFO - [2022] MISSING_CENTRAL: SR3Mu/Central/jets/1/pz in Skim_TriLep_DYJets10to50.root
2025-10-02 21:24:55,820 - INFO - [2022] MISSING_CENTRAL: SR3Mu/Central/jets/1/pz in Skim_TriLep_DYGTo2LG_MLL4to50_PTG10to100.root
2025-10-02 21:24:55,821 - INFO - [2022] MISSING_CENTRAL: SR3Mu/Central/jets/1/pz in Skim_TriLep_DYGTo2LG_MLL4to50_PTG100to200.root
2025-10-02 21:24:55,822 - INFO - [2022] MISSING_CENTRAL: SR3Mu/Central/jets/1/pz in Skim_TriLep_DYGTo2LG_MLL4to50_PTG200toInf.root
2025-10-02 21:24:55,853 - INFO - [2022] MISSING_CENTRAL: SR3Mu/Central/jets/1/pz in Skim_TriLep_DYGTo2LG_MLL50_PTG100to200.root
2025-10-02 21:24:56,337 - INFO - [2022EE] MISSING_CENTRAL: SR3Mu/Central/jets/1/pz in Skim_TriLep_DYJets10to50.root
2025-10-02 21:24:56,429 - INFO - [2022EE] MISSING_CENTRAL: SR3Mu/Central/jets/1/pz in Skim_TriLep_DYGTo2LG_MLL50_PTG100to200.root
2025-10-02 21:24:56,986 - INFO - [2023] MISSING_CENTRAL: SR3Mu/Central/jets/1/pz in Skim_TriLep_DYJets10to50.root
2025-10-02 21:24:57,668 - INFO - [2023BPix] MISSING_CENTRAL: SR3Mu/Central/jets/1/pz in Skim_TriLep_DYJets10to50.root
2025-10-03 00:45:41,783 - INFO - [2022] MISSING_CENTRAL: SR3Mu/Central/jets/1/pz in Skim_TriLep_DYJets.root
2025-10-03 00:45:41,784 - INFO - [2022] MISSING_CENTRAL: SR3Mu/Central/jets/1/pz in Skim_TriLep_DYJets10to50.root
2025-10-03 00:45:41,785 - INFO - [2022] MISSING_CENTRAL: SR3Mu/Central/jets/1/pz in Skim_TriLep_DYGTo2LG_MLL4to50_PTG10to100.root
2025-10-03 00:45:41,785 - INFO - [2022] MISSING_CENTRAL: SR3Mu/Central/jets/1/pz in Skim_TriLep_DYGTo2LG_MLL4to50_PTG100to200.root
2025-10-03 00:45:41,786 - INFO - [2022] MISSING_CENTRAL: SR3Mu/Central/jets/1/pz in Skim_TriLep_DYGTo2LG_MLL4to50_PTG200toInf.root
2025-10-03 00:45:41,825 - INFO - [2022] MISSING_CENTRAL: SR3Mu/Central/jets/1/pz in Skim_TriLep_DYGTo2LG_MLL50_PTG100to200.root
2025-10-03 00:45:42,741 - INFO - [2022EE] MISSING_CENTRAL: SR3Mu/Central/jets/1/pz in Skim_TriLep_DYJets10to50.root
2025-10-03 00:45:43,198 - INFO - [2022EE] MISSING_CENTRAL: SR3Mu/Central/jets/1/pz in Skim_TriLep_DYGTo2LG_MLL50_PTG100to200.root
2025-10-03 00:45:44,159 - INFO - [2023] MISSING_CENTRAL: SR3Mu/Central/jets/1/pz in Skim_TriLep_DYJets10to50.root
2025-10-03 00:45:45,284 - INFO - [2023BPix] MISSING_CENTRAL: SR3Mu/Central/jets/1/pz in Skim_TriLep_DYJets10to50.root
