2025-09-24 16:11:21,388 - INFO - [2022] MISSING_CENTRAL: SR3Mu/Central/METv/px in Skim_TriLep_DYJets.root
2025-09-24 16:11:21,388 - INFO - [2022] MISSING_CENTRAL: SR3Mu/Central/METv/px in Skim_TriLep_DYJets10to50.root
2025-09-24 16:11:21,388 - INFO - [2022] MISSING_CENTRAL: SR3Mu/Central/METv/px in Skim_TriLep_DYGTo2LG_MLL4to50_PTG10to100.root
2025-09-24 16:11:21,389 - INFO - [2022] MISSING_CENTRAL: SR3Mu/Central/METv/px in Skim_TriLep_DYGTo2LG_MLL4to50_PTG100to200.root
2025-09-24 16:11:21,389 - INFO - [2022] MISSING_CENTRAL: SR3Mu/Central/METv/px in Skim_TriLep_DYGTo2LG_MLL4to50_PTG200toInf.root
2025-09-24 16:11:21,475 - INFO - [2022] MISSING_CENTRAL: SR3Mu/Central/METv/px in Skim_TriLep_DYGTo2LG_MLL50_PTG100to200.root
2025-09-24 16:11:22,443 - INFO - [2022EE] MISSING_CENTRAL: SR3Mu/Central/METv/px in Skim_TriLep_DYJets10to50.root
2025-09-24 16:11:22,515 - INFO - [2022EE] MISSING_CENTRAL: SR3Mu/Central/METv/px in Skim_TriLep_DYGTo2LG_MLL50_PTG100to200.root
2025-09-24 16:11:22,826 - INFO - [2023] MISSING_CENTRAL: SR3Mu/Central/METv/px in Skim_TriLep_DYJets10to50.root
2025-09-24 16:11:23,368 - INFO - [2023BPix] MISSING_CENTRAL: SR3Mu/Central/METv/px in Skim_TriLep_DYJets10to50.root
2025-10-02 21:25:03,996 - INFO - [2022] MISSING_CENTRAL: SR3Mu/Central/METv/px in Skim_TriLep_DYJets.root
2025-10-02 21:25:03,997 - INFO - [2022] MISSING_CENTRAL: SR3Mu/Central/METv/px in Skim_TriLep_DYJets10to50.root
2025-10-02 21:25:03,998 - INFO - [2022] MISSING_CENTRAL: SR3Mu/Central/METv/px in Skim_TriLep_DYGTo2LG_MLL4to50_PTG10to100.root
2025-10-02 21:25:03,999 - INFO - [2022] MISSING_CENTRAL: SR3Mu/Central/METv/px in Skim_TriLep_DYGTo2LG_MLL4to50_PTG100to200.root
2025-10-02 21:25:04,000 - INFO - [2022] MISSING_CENTRAL: SR3Mu/Central/METv/px in Skim_TriLep_DYGTo2LG_MLL4to50_PTG200toInf.root
2025-10-02 21:25:04,026 - INFO - [2022] MISSING_CENTRAL: SR3Mu/Central/METv/px in Skim_TriLep_DYGTo2LG_MLL50_PTG100to200.root
2025-10-02 21:25:04,467 - INFO - [2022EE] MISSING_CENTRAL: SR3Mu/Central/METv/px in Skim_TriLep_DYJets10to50.root
2025-10-02 21:25:04,530 - INFO - [2022EE] MISSING_CENTRAL: SR3Mu/Central/METv/px in Skim_TriLep_DYGTo2LG_MLL50_PTG100to200.root
2025-10-02 21:25:04,820 - INFO - [2023] MISSING_CENTRAL: SR3Mu/Central/METv/px in Skim_TriLep_DYJets10to50.root
2025-10-02 21:25:05,187 - INFO - [2023BPix] MISSING_CENTRAL: SR3Mu/Central/METv/px in Skim_TriLep_DYJets10to50.root
2025-10-03 00:46:16,847 - INFO - [2022] MISSING_CENTRAL: SR3Mu/Central/METv/px in Skim_TriLep_DYJets.root
2025-10-03 00:46:16,848 - INFO - [2022] MISSING_CENTRAL: SR3Mu/Central/METv/px in Skim_TriLep_DYJets10to50.root
2025-10-03 00:46:16,848 - INFO - [2022] MISSING_CENTRAL: SR3Mu/Central/METv/px in Skim_TriLep_DYGTo2LG_MLL4to50_PTG10to100.root
2025-10-03 00:46:16,849 - INFO - [2022] MISSING_CENTRAL: SR3Mu/Central/METv/px in Skim_TriLep_DYGTo2LG_MLL4to50_PTG100to200.root
2025-10-03 00:46:16,850 - INFO - [2022] MISSING_CENTRAL: SR3Mu/Central/METv/px in Skim_TriLep_DYGTo2LG_MLL4to50_PTG200toInf.root
2025-10-03 00:46:17,026 - INFO - [2022] MISSING_CENTRAL: SR3Mu/Central/METv/px in Skim_TriLep_DYGTo2LG_MLL50_PTG100to200.root
2025-10-03 00:46:17,823 - INFO - [2022EE] MISSING_CENTRAL: SR3Mu/Central/METv/px in Skim_TriLep_DYJets10to50.root
2025-10-03 00:46:17,980 - INFO - [2022EE] MISSING_CENTRAL: SR3Mu/Central/METv/px in Skim_TriLep_DYGTo2LG_MLL50_PTG100to200.root
2025-10-03 00:46:18,875 - INFO - [2023] MISSING_CENTRAL: SR3Mu/Central/METv/px in Skim_TriLep_DYJets10to50.root
2025-10-03 00:46:19,908 - INFO - [2023BPix] MISSING_CENTRAL: SR3Mu/Central/METv/px in Skim_TriLep_DYJets10to50.root
2025-11-07 13:15:34,958 - INFO - [2022] MISSING_FILE: /home/choij/Sync/workspace/ChargedHiggsAnalysisV3/SKNanoOutput/PromptSelector/Run3Mu/2022/Skim_TriLep_DoubleMuon_C.root
2025-11-07 13:15:34,958 - INFO - [2022] MISSING_FILE: /home/choij/Sync/workspace/ChargedHiggsAnalysisV3/SKNanoOutput/PromptSelector/Run3Mu/2022/Skim_TriLep_Muon_C.root
2025-11-07 13:15:34,958 - INFO - [2022] MISSING_FILE: /home/choij/Sync/workspace/ChargedHiggsAnalysisV3/SKNanoOutput/PromptSelector/Run3Mu/2022/Skim_TriLep_Muon_D.root
2025-11-07 13:15:34,958 - INFO - [2022EE] MISSING_FILE: /home/choij/Sync/workspace/ChargedHiggsAnalysisV3/SKNanoOutput/PromptSelector/Run3Mu/2022EE/Skim_TriLep_Muon_E.root
2025-11-07 13:15:34,958 - INFO - [2022EE] MISSING_FILE: /home/choij/Sync/workspace/ChargedHiggsAnalysisV3/SKNanoOutput/PromptSelector/Run3Mu/2022EE/Skim_TriLep_Muon_F.root
2025-11-07 13:15:34,958 - INFO - [2022EE] MISSING_FILE: /home/choij/Sync/workspace/ChargedHiggsAnalysisV3/SKNanoOutput/PromptSelector/Run3Mu/2022EE/Skim_TriLep_Muon_G.root
2025-11-07 13:15:34,958 - INFO - [2023] MISSING_FILE: /home/choij/Sync/workspace/ChargedHiggsAnalysisV3/SKNanoOutput/PromptSelector/Run3Mu/2023/Skim_TriLep_Muon0_C_v1.root
2025-11-07 13:15:34,958 - INFO - [2023] MISSING_FILE: /home/choij/Sync/workspace/ChargedHiggsAnalysisV3/SKNanoOutput/PromptSelector/Run3Mu/2023/Skim_TriLep_Muon0_C_v2.root
2025-11-07 13:15:34,959 - INFO - [2023] MISSING_FILE: /home/choij/Sync/workspace/ChargedHiggsAnalysisV3/SKNanoOutput/PromptSelector/Run3Mu/2023/Skim_TriLep_Muon0_C_v3.root
2025-11-07 13:15:34,959 - INFO - [2023] MISSING_FILE: /home/choij/Sync/workspace/ChargedHiggsAnalysisV3/SKNanoOutput/PromptSelector/Run3Mu/2023/Skim_TriLep_Muon0_C_v4.root
2025-11-07 13:15:34,959 - INFO - [2023] MISSING_FILE: /home/choij/Sync/workspace/ChargedHiggsAnalysisV3/SKNanoOutput/PromptSelector/Run3Mu/2023/Skim_TriLep_Muon1_C_v1.root
2025-11-07 13:15:34,959 - INFO - [2023] MISSING_FILE: /home/choij/Sync/workspace/ChargedHiggsAnalysisV3/SKNanoOutput/PromptSelector/Run3Mu/2023/Skim_TriLep_Muon1_C_v2.root
2025-11-07 13:15:34,959 - INFO - [2023] MISSING_FILE: /home/choij/Sync/workspace/ChargedHiggsAnalysisV3/SKNanoOutput/PromptSelector/Run3Mu/2023/Skim_TriLep_Muon1_C_v3.root
2025-11-07 13:15:34,959 - INFO - [2023] MISSING_FILE: /home/choij/Sync/workspace/ChargedHiggsAnalysisV3/SKNanoOutput/PromptSelector/Run3Mu/2023/Skim_TriLep_Muon1_C_v4.root
2025-11-07 13:15:34,959 - INFO - [2023BPix] MISSING_FILE: /home/choij/Sync/workspace/ChargedHiggsAnalysisV3/SKNanoOutput/PromptSelector/Run3Mu/2023BPix/Skim_TriLep_Muon0_D_v1.root
2025-11-07 13:15:34,959 - INFO - [2023BPix] MISSING_FILE: /home/choij/Sync/workspace/ChargedHiggsAnalysisV3/SKNanoOutput/PromptSelector/Run3Mu/2023BPix/Skim_TriLep_Muon0_D_v2.root
2025-11-07 13:15:34,959 - INFO - [2023BPix] MISSING_FILE: /home/choij/Sync/workspace/ChargedHiggsAnalysisV3/SKNanoOutput/PromptSelector/Run3Mu/2023BPix/Skim_TriLep_Muon1_D_v1.root
2025-11-07 13:15:34,959 - INFO - [2023BPix] MISSING_FILE: /home/choij/Sync/workspace/ChargedHiggsAnalysisV3/SKNanoOutput/PromptSelector/Run3Mu/2023BPix/Skim_TriLep_Muon1_D_v2.root
2025-11-07 14:13:05,806 - INFO - [2022] MISSING_FILE: /home/choij/Sync/workspace/ChargedHiggsAnalysisV3/SKNanoOutput/PromptSelector/Run3Mu/2022/Skim_TriLep_DoubleMuon_C.root
2025-11-07 14:13:05,806 - INFO - [2022] MISSING_FILE: /home/choij/Sync/workspace/ChargedHiggsAnalysisV3/SKNanoOutput/PromptSelector/Run3Mu/2022/Skim_TriLep_Muon_C.root
2025-11-07 14:13:05,806 - INFO - [2022] MISSING_FILE: /home/choij/Sync/workspace/ChargedHiggsAnalysisV3/SKNanoOutput/PromptSelector/Run3Mu/2022/Skim_TriLep_Muon_D.root
2025-11-07 14:13:05,806 - INFO - [2022EE] MISSING_FILE: /home/choij/Sync/workspace/ChargedHiggsAnalysisV3/SKNanoOutput/PromptSelector/Run3Mu/2022EE/Skim_TriLep_Muon_E.root
2025-11-07 14:13:05,806 - INFO - [2022EE] MISSING_FILE: /home/choij/Sync/workspace/ChargedHiggsAnalysisV3/SKNanoOutput/PromptSelector/Run3Mu/2022EE/Skim_TriLep_Muon_F.root
2025-11-07 14:13:05,806 - INFO - [2022EE] MISSING_FILE: /home/choij/Sync/workspace/ChargedHiggsAnalysisV3/SKNanoOutput/PromptSelector/Run3Mu/2022EE/Skim_TriLep_Muon_G.root
2025-11-07 14:13:05,806 - INFO - [2023] MISSING_FILE: /home/choij/Sync/workspace/ChargedHiggsAnalysisV3/SKNanoOutput/PromptSelector/Run3Mu/2023/Skim_TriLep_Muon0_C_v1.root
2025-11-07 14:13:05,806 - INFO - [2023] MISSING_FILE: /home/choij/Sync/workspace/ChargedHiggsAnalysisV3/SKNanoOutput/PromptSelector/Run3Mu/2023/Skim_TriLep_Muon0_C_v2.root
2025-11-07 14:13:05,806 - INFO - [2023] MISSING_FILE: /home/choij/Sync/workspace/ChargedHiggsAnalysisV3/SKNanoOutput/PromptSelector/Run3Mu/2023/Skim_TriLep_Muon0_C_v3.root
2025-11-07 14:13:05,806 - INFO - [2023] MISSING_FILE: /home/choij/Sync/workspace/ChargedHiggsAnalysisV3/SKNanoOutput/PromptSelector/Run3Mu/2023/Skim_TriLep_Muon0_C_v4.root
2025-11-07 14:13:05,806 - INFO - [2023] MISSING_FILE: /home/choij/Sync/workspace/ChargedHiggsAnalysisV3/SKNanoOutput/PromptSelector/Run3Mu/2023/Skim_TriLep_Muon1_C_v1.root
2025-11-07 14:13:05,806 - INFO - [2023] MISSING_FILE: /home/choij/Sync/workspace/ChargedHiggsAnalysisV3/SKNanoOutput/PromptSelector/Run3Mu/2023/Skim_TriLep_Muon1_C_v2.root
2025-11-07 14:13:05,806 - INFO - [2023] MISSING_FILE: /home/choij/Sync/workspace/ChargedHiggsAnalysisV3/SKNanoOutput/PromptSelector/Run3Mu/2023/Skim_TriLep_Muon1_C_v3.root
2025-11-07 14:13:05,806 - INFO - [2023] MISSING_FILE: /home/choij/Sync/workspace/ChargedHiggsAnalysisV3/SKNanoOutput/PromptSelector/Run3Mu/2023/Skim_TriLep_Muon1_C_v4.root
2025-11-07 14:13:05,806 - INFO - [2023BPix] MISSING_FILE: /home/choij/Sync/workspace/ChargedHiggsAnalysisV3/SKNanoOutput/PromptSelector/Run3Mu/2023BPix/Skim_TriLep_Muon0_D_v1.root
2025-11-07 14:13:05,807 - INFO - [2023BPix] MISSING_FILE: /home/choij/Sync/workspace/ChargedHiggsAnalysisV3/SKNanoOutput/PromptSelector/Run3Mu/2023BPix/Skim_TriLep_Muon0_D_v2.root
2025-11-07 14:13:05,807 - INFO - [2023BPix] MISSING_FILE: /home/choij/Sync/workspace/ChargedHiggsAnalysisV3/SKNanoOutput/PromptSelector/Run3Mu/2023BPix/Skim_TriLep_Muon1_D_v1.root
2025-11-07 14:13:05,807 - INFO - [2023BPix] MISSING_FILE: /home/choij/Sync/workspace/ChargedHiggsAnalysisV3/SKNanoOutput/PromptSelector/Run3Mu/2023BPix/Skim_TriLep_Muon1_D_v2.root
2025-11-10 12:30:03,308 - INFO - [2022EE] MISSING_FILE: /home/choij/Sync/workspace/ChargedHiggsAnalysisV3/SKNanoOutput/PromptSelector/Run3Mu/2022EE/Skim_TriLep_Muon_F.root
2025-11-10 12:30:03,329 - INFO - [2022] MISSING_CENTRAL: SR3Mu/Central/METv/px in Skim_TriLep_DYJets.root
2025-11-10 12:30:03,329 - INFO - [2022] MISSING_CENTRAL: SR3Mu/Central/METv/px in Skim_TriLep_DYJets10to50.root
2025-11-10 12:30:03,330 - INFO - [2022] MISSING_CENTRAL: SR3Mu/Central/METv/px in Skim_TriLep_DYGTo2LG_MLL4to50_PTG10to100.root
2025-11-10 12:30:03,330 - INFO - [2022] MISSING_CENTRAL: SR3Mu/Central/METv/px in Skim_TriLep_DYGTo2LG_MLL4to50_PTG100to200.root
2025-11-10 12:30:03,331 - INFO - [2022] MISSING_CENTRAL: SR3Mu/Central/METv/px in Skim_TriLep_DYGTo2LG_MLL4to50_PTG200toInf.root
2025-11-10 12:30:03,349 - INFO - [2022] MISSING_CENTRAL: SR3Mu/Central/METv/px in Skim_TriLep_DYGTo2LG_MLL50_PTG100to200.root
2025-11-10 12:30:03,625 - INFO - [2022EE] MISSING_CENTRAL: SR3Mu/Central/METv/px in Skim_TriLep_DYJets10to50.root
2025-11-10 12:30:03,737 - INFO - [2022EE] MISSING_CENTRAL: SR3Mu/Central/METv/px in Skim_TriLep_DYGTo2LG_MLL50_PTG100to200.root
2025-11-10 12:30:04,177 - INFO - [2023] MISSING_CENTRAL: SR3Mu/Central/METv/px in Skim_TriLep_DYJets10to50.root
2025-11-10 12:30:04,597 - INFO - [2023BPix] MISSING_CENTRAL: SR3Mu/Central/METv/px in Skim_TriLep_DYJets10to50.root
