2025-09-24 16:11:25,645 - INFO - [2022] MISSING_CENTRAL: SR3Mu/Central/MHc-100_MA-95/score in Skim_TriLep_DoubleMuon_C.root
2025-09-24 16:11:25,645 - INFO - [2022] MISSING_CENTRAL: SR3Mu/Central/MHc-100_MA-95/score in Skim_TriLep_Muon_C.root
2025-09-24 16:11:25,646 - INFO - [2022] MISSING_CENTRAL: SR3Mu/Central/MHc-100_MA-95/score in Skim_TriLep_Muon_D.root
2025-09-24 16:11:25,646 - INFO - [2022EE] MISSING_CENTRAL: SR3Mu/Central/MHc-100_MA-95/score in Skim_TriLep_Muon_E.root
2025-09-24 16:11:25,646 - INFO - [2022EE] MISSING_CENTRAL: SR3Mu/Central/MHc-100_MA-95/score in Skim_TriLep_Muon_F.root
2025-09-24 16:11:25,646 - INFO - [2022EE] MISSING_CENTRAL: SR3Mu/Central/MHc-100_MA-95/score in Skim_TriLep_Muon_G.root
2025-09-24 16:11:25,646 - INFO - [2023] MISSING_CENTRAL: SR3Mu/Central/MHc-100_MA-95/score in Skim_TriLep_Muon0_C_v1.root
2025-09-24 16:11:25,647 - INFO - [2023] MISSING_CENTRAL: SR3Mu/Central/MHc-100_MA-95/score in Skim_TriLep_Muon0_C_v2.root
2025-09-24 16:11:25,647 - INFO - [2023] MISSING_CENTRAL: SR3Mu/Central/MHc-100_MA-95/score in Skim_TriLep_Muon0_C_v3.root
2025-09-24 16:11:25,647 - INFO - [2023] MISSING_CENTRAL: SR3Mu/Central/MHc-100_MA-95/score in Skim_TriLep_Muon0_C_v4.root
2025-09-24 16:11:25,647 - INFO - [2023] MISSING_CENTRAL: SR3Mu/Central/MHc-100_MA-95/score in Skim_TriLep_Muon1_C_v1.root
2025-09-24 16:11:25,647 - INFO - [2023] MISSING_CENTRAL: SR3Mu/Central/MHc-100_MA-95/score in Skim_TriLep_Muon1_C_v2.root
2025-09-24 16:11:25,648 - INFO - [2023] MISSING_CENTRAL: SR3Mu/Central/MHc-100_MA-95/score in Skim_TriLep_Muon1_C_v3.root
2025-09-24 16:11:25,648 - INFO - [2023] MISSING_CENTRAL: SR3Mu/Central/MHc-100_MA-95/score in Skim_TriLep_Muon1_C_v4.root
2025-09-24 16:11:25,648 - INFO - [2023BPix] MISSING_CENTRAL: SR3Mu/Central/MHc-100_MA-95/score in Skim_TriLep_Muon0_D_v1.root
2025-09-24 16:11:25,649 - INFO - [2023BPix] MISSING_CENTRAL: SR3Mu/Central/MHc-100_MA-95/score in Skim_TriLep_Muon0_D_v2.root
2025-09-24 16:11:25,649 - INFO - [2023BPix] MISSING_CENTRAL: SR3Mu/Central/MHc-100_MA-95/score in Skim_TriLep_Muon1_D_v1.root
2025-09-24 16:11:25,649 - INFO - [2023BPix] MISSING_CENTRAL: SR3Mu/Central/MHc-100_MA-95/score in Skim_TriLep_Muon1_D_v2.root
2025-10-02 21:25:06,368 - INFO - [2022] MISSING_CENTRAL: SR3Mu/Central/MHc-100_MA-95/score in Skim_TriLep_DoubleMuon_C.root
2025-10-02 21:25:06,369 - INFO - [2022] MISSING_CENTRAL: SR3Mu/Central/MHc-100_MA-95/score in Skim_TriLep_Muon_C.root
2025-10-02 21:25:06,369 - INFO - [2022] MISSING_CENTRAL: SR3Mu/Central/MHc-100_MA-95/score in Skim_TriLep_Muon_D.root
2025-10-02 21:25:06,370 - INFO - [2022EE] MISSING_CENTRAL: SR3Mu/Central/MHc-100_MA-95/score in Skim_TriLep_Muon_E.root
2025-10-02 21:25:06,371 - INFO - [2022EE] MISSING_CENTRAL: SR3Mu/Central/MHc-100_MA-95/score in Skim_TriLep_Muon_F.root
2025-10-02 21:25:06,371 - INFO - [2022EE] MISSING_CENTRAL: SR3Mu/Central/MHc-100_MA-95/score in Skim_TriLep_Muon_G.root
2025-10-02 21:25:06,372 - INFO - [2023] MISSING_CENTRAL: SR3Mu/Central/MHc-100_MA-95/score in Skim_TriLep_Muon0_C_v1.root
2025-10-02 21:25:06,372 - INFO - [2023] MISSING_CENTRAL: SR3Mu/Central/MHc-100_MA-95/score in Skim_TriLep_Muon0_C_v2.root
2025-10-02 21:25:06,373 - INFO - [2023] MISSING_CENTRAL: SR3Mu/Central/MHc-100_MA-95/score in Skim_TriLep_Muon0_C_v3.root
2025-10-02 21:25:06,374 - INFO - [2023] MISSING_CENTRAL: SR3Mu/Central/MHc-100_MA-95/score in Skim_TriLep_Muon0_C_v4.root
2025-10-02 21:25:06,374 - INFO - [2023] MISSING_CENTRAL: SR3Mu/Central/MHc-100_MA-95/score in Skim_TriLep_Muon1_C_v1.root
2025-10-02 21:25:06,375 - INFO - [2023] MISSING_CENTRAL: SR3Mu/Central/MHc-100_MA-95/score in Skim_TriLep_Muon1_C_v2.root
2025-10-02 21:25:06,376 - INFO - [2023] MISSING_CENTRAL: SR3Mu/Central/MHc-100_MA-95/score in Skim_TriLep_Muon1_C_v3.root
2025-10-02 21:25:06,376 - INFO - [2023] MISSING_CENTRAL: SR3Mu/Central/MHc-100_MA-95/score in Skim_TriLep_Muon1_C_v4.root
2025-10-02 21:25:06,377 - INFO - [2023BPix] MISSING_CENTRAL: SR3Mu/Central/MHc-100_MA-95/score in Skim_TriLep_Muon0_D_v1.root
2025-10-02 21:25:06,377 - INFO - [2023BPix] MISSING_CENTRAL: SR3Mu/Central/MHc-100_MA-95/score in Skim_TriLep_Muon0_D_v2.root
2025-10-02 21:25:06,378 - INFO - [2023BPix] MISSING_CENTRAL: SR3Mu/Central/MHc-100_MA-95/score in Skim_TriLep_Muon1_D_v1.root
2025-10-02 21:25:06,378 - INFO - [2023BPix] MISSING_CENTRAL: SR3Mu/Central/MHc-100_MA-95/score in Skim_TriLep_Muon1_D_v2.root
2025-10-03 00:46:23,593 - INFO - [2022] MISSING_CENTRAL: SR3Mu/Central/MHc-100_MA-95/score in Skim_TriLep_DoubleMuon_C.root
2025-10-03 00:46:23,595 - INFO - [2022] MISSING_CENTRAL: SR3Mu/Central/MHc-100_MA-95/score in Skim_TriLep_Muon_C.root
2025-10-03 00:46:23,596 - INFO - [2022] MISSING_CENTRAL: SR3Mu/Central/MHc-100_MA-95/score in Skim_TriLep_Muon_D.root
2025-10-03 00:46:23,597 - INFO - [2022EE] MISSING_CENTRAL: SR3Mu/Central/MHc-100_MA-95/score in Skim_TriLep_Muon_E.root
2025-10-03 00:46:23,597 - INFO - [2022EE] MISSING_CENTRAL: SR3Mu/Central/MHc-100_MA-95/score in Skim_TriLep_Muon_F.root
2025-10-03 00:46:23,598 - INFO - [2022EE] MISSING_CENTRAL: SR3Mu/Central/MHc-100_MA-95/score in Skim_TriLep_Muon_G.root
2025-10-03 00:46:23,598 - INFO - [2023] MISSING_CENTRAL: SR3Mu/Central/MHc-100_MA-95/score in Skim_TriLep_Muon0_C_v1.root
2025-10-03 00:46:23,599 - INFO - [2023] MISSING_CENTRAL: SR3Mu/Central/MHc-100_MA-95/score in Skim_TriLep_Muon0_C_v2.root
2025-10-03 00:46:23,599 - INFO - [2023] MISSING_CENTRAL: SR3Mu/Central/MHc-100_MA-95/score in Skim_TriLep_Muon0_C_v3.root
2025-10-03 00:46:23,600 - INFO - [2023] MISSING_CENTRAL: SR3Mu/Central/MHc-100_MA-95/score in Skim_TriLep_Muon0_C_v4.root
2025-10-03 00:46:23,601 - INFO - [2023] MISSING_CENTRAL: SR3Mu/Central/MHc-100_MA-95/score in Skim_TriLep_Muon1_C_v1.root
2025-10-03 00:46:23,601 - INFO - [2023] MISSING_CENTRAL: SR3Mu/Central/MHc-100_MA-95/score in Skim_TriLep_Muon1_C_v2.root
2025-10-03 00:46:23,602 - INFO - [2023] MISSING_CENTRAL: SR3Mu/Central/MHc-100_MA-95/score in Skim_TriLep_Muon1_C_v3.root
2025-10-03 00:46:23,602 - INFO - [2023] MISSING_CENTRAL: SR3Mu/Central/MHc-100_MA-95/score in Skim_TriLep_Muon1_C_v4.root
2025-10-03 00:46:23,603 - INFO - [2023BPix] MISSING_CENTRAL: SR3Mu/Central/MHc-100_MA-95/score in Skim_TriLep_Muon0_D_v1.root
2025-10-03 00:46:23,603 - INFO - [2023BPix] MISSING_CENTRAL: SR3Mu/Central/MHc-100_MA-95/score in Skim_TriLep_Muon0_D_v2.root
2025-10-03 00:46:23,604 - INFO - [2023BPix] MISSING_CENTRAL: SR3Mu/Central/MHc-100_MA-95/score in Skim_TriLep_Muon1_D_v1.root
2025-10-03 00:46:23,604 - INFO - [2023BPix] MISSING_CENTRAL: SR3Mu/Central/MHc-100_MA-95/score in Skim_TriLep_Muon1_D_v2.root
