2025-12-18 14:49:29,491 - INFO - [2022] MISSING_CENTRAL: SR3Mu/Central/MHc160_MA98/LR_nonprompt in Skim_TriLep_DYJets10to50.root
2025-12-18 14:49:29,625 - INFO - [2022EE] MISSING_CENTRAL: SR3Mu/Central/MHc160_MA98/LR_nonprompt in Skim_TriLep_DYJets10to50.root
2025-12-18 14:49:29,838 - INFO - [2023] MISSING_CENTRAL: SR3Mu/Central/MHc160_MA98/LR_nonprompt in Skim_TriLep_DYJets10to50.root
2025-12-18 14:49:30,058 - INFO - [2023BPix] MISSING_CENTRAL: SR3Mu/Central/MHc160_MA98/LR_nonprompt in Skim_TriLep_DYJets10to50.root
2026-01-07 11:57:42,647 - INFO - [2022] MISSING_CENTRAL: SR3Mu/Central/MHc160_MA98/LR_nonprompt in Skim_TriLep_DYJets10to50.root
2026-01-07 11:57:42,774 - INFO - [2022EE] MISSING_CENTRAL: SR3Mu/Central/MHc160_MA98/LR_nonprompt in Skim_TriLep_DYJets10to50.root
2026-01-07 11:57:42,914 - INFO - [2023] MISSING_CENTRAL: SR3Mu/Central/MHc160_MA98/LR_nonprompt in Skim_TriLep_DYJets10to50.root
2026-01-07 11:57:43,062 - INFO - [2023BPix] MISSING_CENTRAL: SR3Mu/Central/MHc160_MA98/LR_nonprompt in Skim_TriLep_DYJets10to50.root
2026-01-07 18:54:20,433 - INFO - [2022] MISSING_CENTRAL: SR3Mu/Central/MHc160_MA98/LR_nonprompt in Skim_TriLep_DYJets10to50.root
2026-01-07 18:54:20,605 - INFO - [2022EE] MISSING_CENTRAL: SR3Mu/Central/MHc160_MA98/LR_nonprompt in Skim_TriLep_DYJets10to50.root
2026-01-07 18:54:20,832 - INFO - [2023] MISSING_CENTRAL: SR3Mu/Central/MHc160_MA98/LR_nonprompt in Skim_TriLep_DYJets10to50.root
2026-01-07 18:54:20,975 - INFO - [2023BPix] MISSING_CENTRAL: SR3Mu/Central/MHc160_MA98/LR_nonprompt in Skim_TriLep_DYJets10to50.root
2026-01-07 19:32:12,106 - INFO - [2022] MISSING_CENTRAL: SR3Mu/Central/MHc160_MA98/LR_nonprompt in Skim_TriLep_DYJets10to50.root
2026-01-07 19:32:12,341 - INFO - [2022EE] MISSING_CENTRAL: SR3Mu/Central/MHc160_MA98/LR_nonprompt in Skim_TriLep_DYJets10to50.root
2026-01-07 19:32:12,565 - INFO - [2023] MISSING_CENTRAL: SR3Mu/Central/MHc160_MA98/LR_nonprompt in Skim_TriLep_DYJets10to50.root
2026-01-07 19:32:12,801 - INFO - [2023BPix] MISSING_CENTRAL: SR3Mu/Central/MHc160_MA98/LR_nonprompt in Skim_TriLep_DYJets10to50.root
2026-01-09 12:29:45,349 - INFO - [2022] MISSING_CENTRAL: SR3Mu/Central/MHc160_MA98/LR_nonprompt in Skim_TriLep_DYJets10to50.root
2026-01-09 12:29:45,468 - INFO - [2022EE] MISSING_CENTRAL: SR3Mu/Central/MHc160_MA98/LR_nonprompt in Skim_TriLep_DYJets10to50.root
2026-01-09 12:29:45,596 - INFO - [2023] MISSING_CENTRAL: SR3Mu/Central/MHc160_MA98/LR_nonprompt in Skim_TriLep_DYJets10to50.root
2026-01-09 12:29:45,731 - INFO - [2023BPix] MISSING_CENTRAL: SR3Mu/Central/MHc160_MA98/LR_nonprompt in Skim_TriLep_DYJets10to50.root
2026-01-11 09:49:44,892 - INFO - [2022] MISSING_CENTRAL: SR3Mu/Central/MHc160_MA98/LR_nonprompt in Skim_TriLep_DYJets10to50.root
2026-01-11 09:49:44,965 - INFO - [2022EE] MISSING_CENTRAL: SR3Mu/Central/MHc160_MA98/LR_nonprompt in Skim_TriLep_DYJets10to50.root
2026-01-11 09:49:45,045 - INFO - [2023] MISSING_CENTRAL: SR3Mu/Central/MHc160_MA98/LR_nonprompt in Skim_TriLep_DYJets10to50.root
2026-01-11 09:49:45,128 - INFO - [2023BPix] MISSING_CENTRAL: SR3Mu/Central/MHc160_MA98/LR_nonprompt in Skim_TriLep_DYJets10to50.root
2026-01-12 13:58:42,583 - INFO - [2022] MISSING_FILE: /home/choij/Sync/workspace/ChargedHiggsAnalysisV3/SKNanoOutput/MatrixSelector/Run3Mu/2022/Skim_TriLep_DoubleMuon_C.root
2026-01-12 13:58:42,583 - INFO - [2022] MISSING_FILE: /home/choij/Sync/workspace/ChargedHiggsAnalysisV3/SKNanoOutput/MatrixSelector/Run3Mu/2022/Skim_TriLep_Muon_C.root
2026-01-12 13:58:42,583 - INFO - [2022] MISSING_FILE: /home/choij/Sync/workspace/ChargedHiggsAnalysisV3/SKNanoOutput/MatrixSelector/Run3Mu/2022/Skim_TriLep_Muon_D.root
2026-01-12 13:58:42,600 - INFO - [2022] MISSING_CENTRAL: SR3Mu/Central/MHc160_MA98/LR_nonprompt in Skim_TriLep_DYJets10to50.root
2026-01-12 13:58:42,675 - INFO - [2022EE] MISSING_FILE: /home/choij/Sync/workspace/ChargedHiggsAnalysisV3/SKNanoOutput/MatrixSelector/Run3Mu/2022EE/Skim_TriLep_Muon_E.root
2026-01-12 13:58:42,675 - INFO - [2022EE] MISSING_FILE: /home/choij/Sync/workspace/ChargedHiggsAnalysisV3/SKNanoOutput/MatrixSelector/Run3Mu/2022EE/Skim_TriLep_Muon_F.root
2026-01-12 13:58:42,675 - INFO - [2022EE] MISSING_FILE: /home/choij/Sync/workspace/ChargedHiggsAnalysisV3/SKNanoOutput/MatrixSelector/Run3Mu/2022EE/Skim_TriLep_Muon_G.root
2026-01-12 13:58:42,679 - INFO - [2022EE] MISSING_CENTRAL: SR3Mu/Central/MHc160_MA98/LR_nonprompt in Skim_TriLep_DYJets10to50.root
2026-01-12 13:58:42,755 - INFO - [2023] MISSING_FILE: /home/choij/Sync/workspace/ChargedHiggsAnalysisV3/SKNanoOutput/MatrixSelector/Run3Mu/2023/Skim_TriLep_Muon0_C_v1.root
2026-01-12 13:58:42,755 - INFO - [2023] MISSING_FILE: /home/choij/Sync/workspace/ChargedHiggsAnalysisV3/SKNanoOutput/MatrixSelector/Run3Mu/2023/Skim_TriLep_Muon0_C_v2.root
2026-01-12 13:58:42,755 - INFO - [2023] MISSING_FILE: /home/choij/Sync/workspace/ChargedHiggsAnalysisV3/SKNanoOutput/MatrixSelector/Run3Mu/2023/Skim_TriLep_Muon0_C_v3.root
2026-01-12 13:58:42,755 - INFO - [2023] MISSING_FILE: /home/choij/Sync/workspace/ChargedHiggsAnalysisV3/SKNanoOutput/MatrixSelector/Run3Mu/2023/Skim_TriLep_Muon0_C_v4.root
2026-01-12 13:58:42,755 - INFO - [2023] MISSING_FILE: /home/choij/Sync/workspace/ChargedHiggsAnalysisV3/SKNanoOutput/MatrixSelector/Run3Mu/2023/Skim_TriLep_Muon1_C_v1.root
2026-01-12 13:58:42,756 - INFO - [2023] MISSING_FILE: /home/choij/Sync/workspace/ChargedHiggsAnalysisV3/SKNanoOutput/MatrixSelector/Run3Mu/2023/Skim_TriLep_Muon1_C_v2.root
2026-01-12 13:58:42,756 - INFO - [2023] MISSING_FILE: /home/choij/Sync/workspace/ChargedHiggsAnalysisV3/SKNanoOutput/MatrixSelector/Run3Mu/2023/Skim_TriLep_Muon1_C_v3.root
2026-01-12 13:58:42,756 - INFO - [2023] MISSING_FILE: /home/choij/Sync/workspace/ChargedHiggsAnalysisV3/SKNanoOutput/MatrixSelector/Run3Mu/2023/Skim_TriLep_Muon1_C_v4.root
2026-01-12 13:58:42,760 - INFO - [2023] MISSING_CENTRAL: SR3Mu/Central/MHc160_MA98/LR_nonprompt in Skim_TriLep_DYJets10to50.root
2026-01-12 13:58:42,840 - INFO - [2023BPix] MISSING_FILE: /home/choij/Sync/workspace/ChargedHiggsAnalysisV3/SKNanoOutput/MatrixSelector/Run3Mu/2023BPix/Skim_TriLep_Muon0_D_v1.root
2026-01-12 13:58:42,840 - INFO - [2023BPix] MISSING_FILE: /home/choij/Sync/workspace/ChargedHiggsAnalysisV3/SKNanoOutput/MatrixSelector/Run3Mu/2023BPix/Skim_TriLep_Muon0_D_v2.root
2026-01-12 13:58:42,840 - INFO - [2023BPix] MISSING_FILE: /home/choij/Sync/workspace/ChargedHiggsAnalysisV3/SKNanoOutput/MatrixSelector/Run3Mu/2023BPix/Skim_TriLep_Muon1_D_v1.root
2026-01-12 13:58:42,840 - INFO - [2023BPix] MISSING_FILE: /home/choij/Sync/workspace/ChargedHiggsAnalysisV3/SKNanoOutput/MatrixSelector/Run3Mu/2023BPix/Skim_TriLep_Muon1_D_v2.root
2026-01-12 13:58:42,845 - INFO - [2023BPix] MISSING_CENTRAL: SR3Mu/Central/MHc160_MA98/LR_nonprompt in Skim_TriLep_DYJets10to50.root
2026-01-16 19:13:14,577 - INFO - [2022] MISSING_CENTRAL: SR3Mu/Central/MHc160_MA98/LR_nonprompt in Skim_TriLep_DYJets10to50.root
2026-01-16 19:13:14,653 - INFO - [2022EE] MISSING_CENTRAL: SR3Mu/Central/MHc160_MA98/LR_nonprompt in Skim_TriLep_DYJets10to50.root
2026-01-16 19:13:14,731 - INFO - [2023] MISSING_CENTRAL: SR3Mu/Central/MHc160_MA98/LR_nonprompt in Skim_TriLep_DYJets10to50.root
2026-01-16 19:13:14,812 - INFO - [2023BPix] MISSING_CENTRAL: SR3Mu/Central/MHc160_MA98/LR_nonprompt in Skim_TriLep_DYJets10to50.root
2026-01-21 13:02:33,875 - INFO - [2022] MISSING_CENTRAL: SR3Mu/Central/MHc160_MA98/LR_nonprompt in Skim_TriLep_DYJets10to50.root
2026-01-21 13:02:33,946 - INFO - [2022EE] MISSING_CENTRAL: SR3Mu/Central/MHc160_MA98/LR_nonprompt in Skim_TriLep_DYJets10to50.root
2026-01-21 13:02:34,019 - INFO - [2023] MISSING_CENTRAL: SR3Mu/Central/MHc160_MA98/LR_nonprompt in Skim_TriLep_DYJets10to50.root
2026-01-21 13:02:34,092 - INFO - [2023BPix] MISSING_CENTRAL: SR3Mu/Central/MHc160_MA98/LR_nonprompt in Skim_TriLep_DYJets10to50.root
2026-01-21 14:51:00,175 - INFO - [2022] MISSING_CENTRAL: SR3Mu/Central/MHc160_MA98/LR_nonprompt in Skim_TriLep_DYJets10to50.root
2026-01-21 14:51:00,252 - INFO - [2022EE] MISSING_CENTRAL: SR3Mu/Central/MHc160_MA98/LR_nonprompt in Skim_TriLep_DYJets10to50.root
2026-01-21 14:51:00,329 - INFO - [2023] MISSING_CENTRAL: SR3Mu/Central/MHc160_MA98/LR_nonprompt in Skim_TriLep_DYJets10to50.root
2026-01-21 14:51:00,405 - INFO - [2023BPix] MISSING_CENTRAL: SR3Mu/Central/MHc160_MA98/LR_nonprompt in Skim_TriLep_DYJets10to50.root
