2025-12-18 14:49:27,219 - INFO - [2022] MISSING_CENTRAL: SR3Mu/Central/MHc130_MA90/LR_diboson in Skim_TriLep_DYJets10to50.root
2025-12-18 14:49:27,613 - INFO - [2022EE] MISSING_CENTRAL: SR3Mu/Central/MHc130_MA90/LR_diboson in Skim_TriLep_DYJets10to50.root
2025-12-18 14:49:27,975 - INFO - [2023] MISSING_CENTRAL: SR3Mu/Central/MHc130_MA90/LR_diboson in Skim_TriLep_DYJets10to50.root
2025-12-18 14:49:28,374 - INFO - [2023BPix] MISSING_CENTRAL: SR3Mu/Central/MHc130_MA90/LR_diboson in Skim_TriLep_DYJets10to50.root
2026-01-07 11:57:41,002 - INFO - [2022] MISSING_CENTRAL: SR3Mu/Central/MHc130_MA90/LR_diboson in Skim_TriLep_DYJets10to50.root
2026-01-07 11:57:41,268 - INFO - [2022EE] MISSING_CENTRAL: SR3Mu/Central/MHc130_MA90/LR_diboson in Skim_TriLep_DYJets10to50.root
2026-01-07 11:57:41,551 - INFO - [2023] MISSING_CENTRAL: SR3Mu/Central/MHc130_MA90/LR_diboson in Skim_TriLep_DYJets10to50.root
2026-01-07 11:57:41,935 - INFO - [2023BPix] MISSING_CENTRAL: SR3Mu/Central/MHc130_MA90/LR_diboson in Skim_TriLep_DYJets10to50.root
2026-01-07 18:54:18,697 - INFO - [2022] MISSING_CENTRAL: SR3Mu/Central/MHc130_MA90/LR_diboson in Skim_TriLep_DYJets10to50.root
2026-01-07 18:54:19,050 - INFO - [2022EE] MISSING_CENTRAL: SR3Mu/Central/MHc130_MA90/LR_diboson in Skim_TriLep_DYJets10to50.root
2026-01-07 18:54:19,380 - INFO - [2023] MISSING_CENTRAL: SR3Mu/Central/MHc130_MA90/LR_diboson in Skim_TriLep_DYJets10to50.root
2026-01-07 18:54:19,735 - INFO - [2023BPix] MISSING_CENTRAL: SR3Mu/Central/MHc130_MA90/LR_diboson in Skim_TriLep_DYJets10to50.root
2026-01-07 19:32:10,447 - INFO - [2022] MISSING_CENTRAL: SR3Mu/Central/MHc130_MA90/LR_diboson in Skim_TriLep_DYJets10to50.root
2026-01-07 19:32:10,770 - INFO - [2022EE] MISSING_CENTRAL: SR3Mu/Central/MHc130_MA90/LR_diboson in Skim_TriLep_DYJets10to50.root
2026-01-07 19:32:11,288 - INFO - [2023] MISSING_CENTRAL: SR3Mu/Central/MHc130_MA90/LR_diboson in Skim_TriLep_DYJets10to50.root
2026-01-07 19:32:11,616 - INFO - [2023BPix] MISSING_CENTRAL: SR3Mu/Central/MHc130_MA90/LR_diboson in Skim_TriLep_DYJets10to50.root
2026-01-09 12:29:41,798 - INFO - [2022] MISSING_CENTRAL: SR3Mu/Central/MHc130_MA90/LR_diboson in Skim_TriLep_DYJets10to50.root
2026-01-09 12:29:41,920 - INFO - [2022EE] MISSING_CENTRAL: SR3Mu/Central/MHc130_MA90/LR_diboson in Skim_TriLep_DYJets10to50.root
2026-01-09 12:29:42,038 - INFO - [2023] MISSING_CENTRAL: SR3Mu/Central/MHc130_MA90/LR_diboson in Skim_TriLep_DYJets10to50.root
2026-01-09 12:29:42,195 - INFO - [2023BPix] MISSING_CENTRAL: SR3Mu/Central/MHc130_MA90/LR_diboson in Skim_TriLep_DYJets10to50.root
2026-01-11 09:49:41,501 - INFO - [2022] MISSING_CENTRAL: SR3Mu/Central/MHc130_MA90/LR_diboson in Skim_TriLep_DYJets10to50.root
2026-01-11 09:49:41,619 - INFO - [2022EE] MISSING_CENTRAL: SR3Mu/Central/MHc130_MA90/LR_diboson in Skim_TriLep_DYJets10to50.root
2026-01-11 09:49:41,747 - INFO - [2023] MISSING_CENTRAL: SR3Mu/Central/MHc130_MA90/LR_diboson in Skim_TriLep_DYJets10to50.root
2026-01-11 09:49:41,866 - INFO - [2023BPix] MISSING_CENTRAL: SR3Mu/Central/MHc130_MA90/LR_diboson in Skim_TriLep_DYJets10to50.root
2026-01-12 13:58:39,136 - INFO - [2022] MISSING_FILE: /home/choij/Sync/workspace/ChargedHiggsAnalysisV3/SKNanoOutput/MatrixSelector/Run3Mu/2022/Skim_TriLep_DoubleMuon_C.root
2026-01-12 13:58:39,136 - INFO - [2022] MISSING_FILE: /home/choij/Sync/workspace/ChargedHiggsAnalysisV3/SKNanoOutput/MatrixSelector/Run3Mu/2022/Skim_TriLep_Muon_C.root
2026-01-12 13:58:39,136 - INFO - [2022] MISSING_FILE: /home/choij/Sync/workspace/ChargedHiggsAnalysisV3/SKNanoOutput/MatrixSelector/Run3Mu/2022/Skim_TriLep_Muon_D.root
2026-01-12 13:58:39,160 - INFO - [2022] MISSING_CENTRAL: SR3Mu/Central/MHc130_MA90/LR_diboson in Skim_TriLep_DYJets10to50.root
2026-01-12 13:58:39,269 - INFO - [2022EE] MISSING_FILE: /home/choij/Sync/workspace/ChargedHiggsAnalysisV3/SKNanoOutput/MatrixSelector/Run3Mu/2022EE/Skim_TriLep_Muon_E.root
2026-01-12 13:58:39,270 - INFO - [2022EE] MISSING_FILE: /home/choij/Sync/workspace/ChargedHiggsAnalysisV3/SKNanoOutput/MatrixSelector/Run3Mu/2022EE/Skim_TriLep_Muon_F.root
2026-01-12 13:58:39,270 - INFO - [2022EE] MISSING_FILE: /home/choij/Sync/workspace/ChargedHiggsAnalysisV3/SKNanoOutput/MatrixSelector/Run3Mu/2022EE/Skim_TriLep_Muon_G.root
2026-01-12 13:58:39,277 - INFO - [2022EE] MISSING_CENTRAL: SR3Mu/Central/MHc130_MA90/LR_diboson in Skim_TriLep_DYJets10to50.root
2026-01-12 13:58:39,425 - INFO - [2023] MISSING_FILE: /home/choij/Sync/workspace/ChargedHiggsAnalysisV3/SKNanoOutput/MatrixSelector/Run3Mu/2023/Skim_TriLep_Muon0_C_v1.root
2026-01-12 13:58:39,425 - INFO - [2023] MISSING_FILE: /home/choij/Sync/workspace/ChargedHiggsAnalysisV3/SKNanoOutput/MatrixSelector/Run3Mu/2023/Skim_TriLep_Muon0_C_v2.root
2026-01-12 13:58:39,425 - INFO - [2023] MISSING_FILE: /home/choij/Sync/workspace/ChargedHiggsAnalysisV3/SKNanoOutput/MatrixSelector/Run3Mu/2023/Skim_TriLep_Muon0_C_v3.root
2026-01-12 13:58:39,425 - INFO - [2023] MISSING_FILE: /home/choij/Sync/workspace/ChargedHiggsAnalysisV3/SKNanoOutput/MatrixSelector/Run3Mu/2023/Skim_TriLep_Muon0_C_v4.root
2026-01-12 13:58:39,425 - INFO - [2023] MISSING_FILE: /home/choij/Sync/workspace/ChargedHiggsAnalysisV3/SKNanoOutput/MatrixSelector/Run3Mu/2023/Skim_TriLep_Muon1_C_v1.root
2026-01-12 13:58:39,425 - INFO - [2023] MISSING_FILE: /home/choij/Sync/workspace/ChargedHiggsAnalysisV3/SKNanoOutput/MatrixSelector/Run3Mu/2023/Skim_TriLep_Muon1_C_v2.root
2026-01-12 13:58:39,425 - INFO - [2023] MISSING_FILE: /home/choij/Sync/workspace/ChargedHiggsAnalysisV3/SKNanoOutput/MatrixSelector/Run3Mu/2023/Skim_TriLep_Muon1_C_v3.root
2026-01-12 13:58:39,425 - INFO - [2023] MISSING_FILE: /home/choij/Sync/workspace/ChargedHiggsAnalysisV3/SKNanoOutput/MatrixSelector/Run3Mu/2023/Skim_TriLep_Muon1_C_v4.root
2026-01-12 13:58:39,433 - INFO - [2023] MISSING_CENTRAL: SR3Mu/Central/MHc130_MA90/LR_diboson in Skim_TriLep_DYJets10to50.root
2026-01-12 13:58:39,570 - INFO - [2023BPix] MISSING_FILE: /home/choij/Sync/workspace/ChargedHiggsAnalysisV3/SKNanoOutput/MatrixSelector/Run3Mu/2023BPix/Skim_TriLep_Muon0_D_v1.root
2026-01-12 13:58:39,570 - INFO - [2023BPix] MISSING_FILE: /home/choij/Sync/workspace/ChargedHiggsAnalysisV3/SKNanoOutput/MatrixSelector/Run3Mu/2023BPix/Skim_TriLep_Muon0_D_v2.root
2026-01-12 13:58:39,570 - INFO - [2023BPix] MISSING_FILE: /home/choij/Sync/workspace/ChargedHiggsAnalysisV3/SKNanoOutput/MatrixSelector/Run3Mu/2023BPix/Skim_TriLep_Muon1_D_v1.root
2026-01-12 13:58:39,570 - INFO - [2023BPix] MISSING_FILE: /home/choij/Sync/workspace/ChargedHiggsAnalysisV3/SKNanoOutput/MatrixSelector/Run3Mu/2023BPix/Skim_TriLep_Muon1_D_v2.root
2026-01-12 13:58:39,577 - INFO - [2023BPix] MISSING_CENTRAL: SR3Mu/Central/MHc130_MA90/LR_diboson in Skim_TriLep_DYJets10to50.root
