2025-12-18 14:49:27,368 - INFO - [2022] MISSING_CENTRAL: SR3Mu/Central/MHc145_MA92/LR_nonprompt in Skim_TriLep_DYJets10to50.root
2025-12-18 14:49:27,649 - INFO - [2022EE] MISSING_CENTRAL: SR3Mu/Central/MHc145_MA92/LR_nonprompt in Skim_TriLep_DYJets10to50.root
2025-12-18 14:49:27,954 - INFO - [2023] MISSING_CENTRAL: SR3Mu/Central/MHc145_MA92/LR_nonprompt in Skim_TriLep_DYJets10to50.root
2025-12-18 14:49:28,194 - INFO - [2023BPix] MISSING_CENTRAL: SR3Mu/Central/MHc145_MA92/LR_nonprompt in Skim_TriLep_DYJets10to50.root
2026-01-07 11:57:41,320 - INFO - [2022] MISSING_CENTRAL: SR3Mu/Central/MHc145_MA92/LR_nonprompt in Skim_TriLep_DYJets10to50.root
2026-01-07 11:57:41,617 - INFO - [2022EE] MISSING_CENTRAL: SR3Mu/Central/MHc145_MA92/LR_nonprompt in Skim_TriLep_DYJets10to50.root
2026-01-07 11:57:42,094 - INFO - [2023] MISSING_CENTRAL: SR3Mu/Central/MHc145_MA92/LR_nonprompt in Skim_TriLep_DYJets10to50.root
2026-01-07 11:57:42,445 - INFO - [2023BPix] MISSING_CENTRAL: SR3Mu/Central/MHc145_MA92/LR_nonprompt in Skim_TriLep_DYJets10to50.root
2026-01-07 18:54:19,131 - INFO - [2022] MISSING_CENTRAL: SR3Mu/Central/MHc145_MA92/LR_nonprompt in Skim_TriLep_DYJets10to50.root
2026-01-07 18:54:19,415 - INFO - [2022EE] MISSING_CENTRAL: SR3Mu/Central/MHc145_MA92/LR_nonprompt in Skim_TriLep_DYJets10to50.root
2026-01-07 18:54:19,713 - INFO - [2023] MISSING_CENTRAL: SR3Mu/Central/MHc145_MA92/LR_nonprompt in Skim_TriLep_DYJets10to50.root
2026-01-07 18:54:20,162 - INFO - [2023BPix] MISSING_CENTRAL: SR3Mu/Central/MHc145_MA92/LR_nonprompt in Skim_TriLep_DYJets10to50.root
2026-01-07 19:32:10,949 - INFO - [2022] MISSING_CENTRAL: SR3Mu/Central/MHc145_MA92/LR_nonprompt in Skim_TriLep_DYJets10to50.root
2026-01-07 19:32:11,295 - INFO - [2022EE] MISSING_CENTRAL: SR3Mu/Central/MHc145_MA92/LR_nonprompt in Skim_TriLep_DYJets10to50.root
2026-01-07 19:32:11,608 - INFO - [2023] MISSING_CENTRAL: SR3Mu/Central/MHc145_MA92/LR_nonprompt in Skim_TriLep_DYJets10to50.root
2026-01-07 19:32:11,888 - INFO - [2023BPix] MISSING_CENTRAL: SR3Mu/Central/MHc145_MA92/LR_nonprompt in Skim_TriLep_DYJets10to50.root
2026-01-09 12:29:43,210 - INFO - [2022] MISSING_CENTRAL: SR3Mu/Central/MHc145_MA92/LR_nonprompt in Skim_TriLep_DYJets10to50.root
2026-01-09 12:29:43,341 - INFO - [2022EE] MISSING_CENTRAL: SR3Mu/Central/MHc145_MA92/LR_nonprompt in Skim_TriLep_DYJets10to50.root
2026-01-09 12:29:43,547 - INFO - [2023] MISSING_CENTRAL: SR3Mu/Central/MHc145_MA92/LR_nonprompt in Skim_TriLep_DYJets10to50.root
2026-01-09 12:29:43,689 - INFO - [2023BPix] MISSING_CENTRAL: SR3Mu/Central/MHc145_MA92/LR_nonprompt in Skim_TriLep_DYJets10to50.root
2026-01-11 09:49:42,812 - INFO - [2022] MISSING_CENTRAL: SR3Mu/Central/MHc145_MA92/LR_nonprompt in Skim_TriLep_DYJets10to50.root
2026-01-11 09:49:42,933 - INFO - [2022EE] MISSING_CENTRAL: SR3Mu/Central/MHc145_MA92/LR_nonprompt in Skim_TriLep_DYJets10to50.root
2026-01-11 09:49:43,061 - INFO - [2023] MISSING_CENTRAL: SR3Mu/Central/MHc145_MA92/LR_nonprompt in Skim_TriLep_DYJets10to50.root
2026-01-11 09:49:43,234 - INFO - [2023BPix] MISSING_CENTRAL: SR3Mu/Central/MHc145_MA92/LR_nonprompt in Skim_TriLep_DYJets10to50.root
2026-01-12 13:58:40,386 - INFO - [2022] MISSING_FILE: /home/choij/Sync/workspace/ChargedHiggsAnalysisV3/SKNanoOutput/MatrixSelector/Run3Mu/2022/Skim_TriLep_DoubleMuon_C.root
2026-01-12 13:58:40,387 - INFO - [2022] MISSING_FILE: /home/choij/Sync/workspace/ChargedHiggsAnalysisV3/SKNanoOutput/MatrixSelector/Run3Mu/2022/Skim_TriLep_Muon_C.root
2026-01-12 13:58:40,387 - INFO - [2022] MISSING_FILE: /home/choij/Sync/workspace/ChargedHiggsAnalysisV3/SKNanoOutput/MatrixSelector/Run3Mu/2022/Skim_TriLep_Muon_D.root
2026-01-12 13:58:40,420 - INFO - [2022] MISSING_CENTRAL: SR3Mu/Central/MHc145_MA92/LR_nonprompt in Skim_TriLep_DYJets10to50.root
2026-01-12 13:58:40,567 - INFO - [2022EE] MISSING_FILE: /home/choij/Sync/workspace/ChargedHiggsAnalysisV3/SKNanoOutput/MatrixSelector/Run3Mu/2022EE/Skim_TriLep_Muon_E.root
2026-01-12 13:58:40,568 - INFO - [2022EE] MISSING_FILE: /home/choij/Sync/workspace/ChargedHiggsAnalysisV3/SKNanoOutput/MatrixSelector/Run3Mu/2022EE/Skim_TriLep_Muon_F.root
2026-01-12 13:58:40,568 - INFO - [2022EE] MISSING_FILE: /home/choij/Sync/workspace/ChargedHiggsAnalysisV3/SKNanoOutput/MatrixSelector/Run3Mu/2022EE/Skim_TriLep_Muon_G.root
2026-01-12 13:58:40,577 - INFO - [2022EE] MISSING_CENTRAL: SR3Mu/Central/MHc145_MA92/LR_nonprompt in Skim_TriLep_DYJets10to50.root
2026-01-12 13:58:40,733 - INFO - [2023] MISSING_FILE: /home/choij/Sync/workspace/ChargedHiggsAnalysisV3/SKNanoOutput/MatrixSelector/Run3Mu/2023/Skim_TriLep_Muon0_C_v1.root
2026-01-12 13:58:40,733 - INFO - [2023] MISSING_FILE: /home/choij/Sync/workspace/ChargedHiggsAnalysisV3/SKNanoOutput/MatrixSelector/Run3Mu/2023/Skim_TriLep_Muon0_C_v2.root
2026-01-12 13:58:40,733 - INFO - [2023] MISSING_FILE: /home/choij/Sync/workspace/ChargedHiggsAnalysisV3/SKNanoOutput/MatrixSelector/Run3Mu/2023/Skim_TriLep_Muon0_C_v3.root
2026-01-12 13:58:40,734 - INFO - [2023] MISSING_FILE: /home/choij/Sync/workspace/ChargedHiggsAnalysisV3/SKNanoOutput/MatrixSelector/Run3Mu/2023/Skim_TriLep_Muon0_C_v4.root
2026-01-12 13:58:40,734 - INFO - [2023] MISSING_FILE: /home/choij/Sync/workspace/ChargedHiggsAnalysisV3/SKNanoOutput/MatrixSelector/Run3Mu/2023/Skim_TriLep_Muon1_C_v1.root
2026-01-12 13:58:40,734 - INFO - [2023] MISSING_FILE: /home/choij/Sync/workspace/ChargedHiggsAnalysisV3/SKNanoOutput/MatrixSelector/Run3Mu/2023/Skim_TriLep_Muon1_C_v2.root
2026-01-12 13:58:40,734 - INFO - [2023] MISSING_FILE: /home/choij/Sync/workspace/ChargedHiggsAnalysisV3/SKNanoOutput/MatrixSelector/Run3Mu/2023/Skim_TriLep_Muon1_C_v3.root
2026-01-12 13:58:40,734 - INFO - [2023] MISSING_FILE: /home/choij/Sync/workspace/ChargedHiggsAnalysisV3/SKNanoOutput/MatrixSelector/Run3Mu/2023/Skim_TriLep_Muon1_C_v4.root
2026-01-12 13:58:40,742 - INFO - [2023] MISSING_CENTRAL: SR3Mu/Central/MHc145_MA92/LR_nonprompt in Skim_TriLep_DYJets10to50.root
2026-01-12 13:58:40,902 - INFO - [2023BPix] MISSING_FILE: /home/choij/Sync/workspace/ChargedHiggsAnalysisV3/SKNanoOutput/MatrixSelector/Run3Mu/2023BPix/Skim_TriLep_Muon0_D_v1.root
2026-01-12 13:58:40,903 - INFO - [2023BPix] MISSING_FILE: /home/choij/Sync/workspace/ChargedHiggsAnalysisV3/SKNanoOutput/MatrixSelector/Run3Mu/2023BPix/Skim_TriLep_Muon0_D_v2.root
2026-01-12 13:58:40,903 - INFO - [2023BPix] MISSING_FILE: /home/choij/Sync/workspace/ChargedHiggsAnalysisV3/SKNanoOutput/MatrixSelector/Run3Mu/2023BPix/Skim_TriLep_Muon1_D_v1.root
2026-01-12 13:58:40,903 - INFO - [2023BPix] MISSING_FILE: /home/choij/Sync/workspace/ChargedHiggsAnalysisV3/SKNanoOutput/MatrixSelector/Run3Mu/2023BPix/Skim_TriLep_Muon1_D_v2.root
2026-01-12 13:58:40,911 - INFO - [2023BPix] MISSING_CENTRAL: SR3Mu/Central/MHc145_MA92/LR_nonprompt in Skim_TriLep_DYJets10to50.root
