2025-11-07 13:15:35,042 - INFO - [2022] MISSING_FILE: /home/choij/Sync/workspace/ChargedHiggsAnalysisV3/SKNanoOutput/PromptSelector/Run3Mu/2022/Skim_TriLep_DoubleMuon_C.root
2025-11-07 13:15:35,042 - INFO - [2022] MISSING_FILE: /home/choij/Sync/workspace/ChargedHiggsAnalysisV3/SKNanoOutput/PromptSelector/Run3Mu/2022/Skim_TriLep_Muon_C.root
2025-11-07 13:15:35,042 - INFO - [2022] MISSING_FILE: /home/choij/Sync/workspace/ChargedHiggsAnalysisV3/SKNanoOutput/PromptSelector/Run3Mu/2022/Skim_TriLep_Muon_D.root
2025-11-07 13:15:35,042 - INFO - [2022EE] MISSING_FILE: /home/choij/Sync/workspace/ChargedHiggsAnalysisV3/SKNanoOutput/PromptSelector/Run3Mu/2022EE/Skim_TriLep_Muon_E.root
2025-11-07 13:15:35,042 - INFO - [2022EE] MISSING_FILE: /home/choij/Sync/workspace/ChargedHiggsAnalysisV3/SKNanoOutput/PromptSelector/Run3Mu/2022EE/Skim_TriLep_Muon_F.root
2025-11-07 13:15:35,042 - INFO - [2022EE] MISSING_FILE: /home/choij/Sync/workspace/ChargedHiggsAnalysisV3/SKNanoOutput/PromptSelector/Run3Mu/2022EE/Skim_TriLep_Muon_G.root
2025-11-07 13:15:35,042 - INFO - [2023] MISSING_FILE: /home/choij/Sync/workspace/ChargedHiggsAnalysisV3/SKNanoOutput/PromptSelector/Run3Mu/2023/Skim_TriLep_Muon0_C_v1.root
2025-11-07 13:15:35,042 - INFO - [2023] MISSING_FILE: /home/choij/Sync/workspace/ChargedHiggsAnalysisV3/SKNanoOutput/PromptSelector/Run3Mu/2023/Skim_TriLep_Muon0_C_v2.root
2025-11-07 13:15:35,043 - INFO - [2023] MISSING_FILE: /home/choij/Sync/workspace/ChargedHiggsAnalysisV3/SKNanoOutput/PromptSelector/Run3Mu/2023/Skim_TriLep_Muon0_C_v3.root
2025-11-07 13:15:35,043 - INFO - [2023] MISSING_FILE: /home/choij/Sync/workspace/ChargedHiggsAnalysisV3/SKNanoOutput/PromptSelector/Run3Mu/2023/Skim_TriLep_Muon0_C_v4.root
2025-11-07 13:15:35,043 - INFO - [2023] MISSING_FILE: /home/choij/Sync/workspace/ChargedHiggsAnalysisV3/SKNanoOutput/PromptSelector/Run3Mu/2023/Skim_TriLep_Muon1_C_v1.root
2025-11-07 13:15:35,043 - INFO - [2023] MISSING_FILE: /home/choij/Sync/workspace/ChargedHiggsAnalysisV3/SKNanoOutput/PromptSelector/Run3Mu/2023/Skim_TriLep_Muon1_C_v2.root
2025-11-07 13:15:35,043 - INFO - [2023] MISSING_FILE: /home/choij/Sync/workspace/ChargedHiggsAnalysisV3/SKNanoOutput/PromptSelector/Run3Mu/2023/Skim_TriLep_Muon1_C_v3.root
2025-11-07 13:15:35,043 - INFO - [2023] MISSING_FILE: /home/choij/Sync/workspace/ChargedHiggsAnalysisV3/SKNanoOutput/PromptSelector/Run3Mu/2023/Skim_TriLep_Muon1_C_v4.root
2025-11-07 13:15:35,043 - INFO - [2023BPix] MISSING_FILE: /home/choij/Sync/workspace/ChargedHiggsAnalysisV3/SKNanoOutput/PromptSelector/Run3Mu/2023BPix/Skim_TriLep_Muon0_D_v1.root
2025-11-07 13:15:35,043 - INFO - [2023BPix] MISSING_FILE: /home/choij/Sync/workspace/ChargedHiggsAnalysisV3/SKNanoOutput/PromptSelector/Run3Mu/2023BPix/Skim_TriLep_Muon0_D_v2.root
2025-11-07 13:15:35,043 - INFO - [2023BPix] MISSING_FILE: /home/choij/Sync/workspace/ChargedHiggsAnalysisV3/SKNanoOutput/PromptSelector/Run3Mu/2023BPix/Skim_TriLep_Muon1_D_v1.root
2025-11-07 13:15:35,043 - INFO - [2023BPix] MISSING_FILE: /home/choij/Sync/workspace/ChargedHiggsAnalysisV3/SKNanoOutput/PromptSelector/Run3Mu/2023BPix/Skim_TriLep_Muon1_D_v2.root
2025-11-07 14:13:06,058 - INFO - [2022] MISSING_FILE: /home/choij/Sync/workspace/ChargedHiggsAnalysisV3/SKNanoOutput/PromptSelector/Run3Mu/2022/Skim_TriLep_DoubleMuon_C.root
2025-11-07 14:13:06,058 - INFO - [2022] MISSING_FILE: /home/choij/Sync/workspace/ChargedHiggsAnalysisV3/SKNanoOutput/PromptSelector/Run3Mu/2022/Skim_TriLep_Muon_C.root
2025-11-07 14:13:06,058 - INFO - [2022] MISSING_FILE: /home/choij/Sync/workspace/ChargedHiggsAnalysisV3/SKNanoOutput/PromptSelector/Run3Mu/2022/Skim_TriLep_Muon_D.root
2025-11-07 14:13:06,058 - INFO - [2022EE] MISSING_FILE: /home/choij/Sync/workspace/ChargedHiggsAnalysisV3/SKNanoOutput/PromptSelector/Run3Mu/2022EE/Skim_TriLep_Muon_E.root
2025-11-07 14:13:06,058 - INFO - [2022EE] MISSING_FILE: /home/choij/Sync/workspace/ChargedHiggsAnalysisV3/SKNanoOutput/PromptSelector/Run3Mu/2022EE/Skim_TriLep_Muon_F.root
2025-11-07 14:13:06,060 - INFO - [2022EE] MISSING_FILE: /home/choij/Sync/workspace/ChargedHiggsAnalysisV3/SKNanoOutput/PromptSelector/Run3Mu/2022EE/Skim_TriLep_Muon_G.root
2025-11-07 14:13:06,061 - INFO - [2023] MISSING_FILE: /home/choij/Sync/workspace/ChargedHiggsAnalysisV3/SKNanoOutput/PromptSelector/Run3Mu/2023/Skim_TriLep_Muon0_C_v1.root
2025-11-07 14:13:06,061 - INFO - [2023] MISSING_FILE: /home/choij/Sync/workspace/ChargedHiggsAnalysisV3/SKNanoOutput/PromptSelector/Run3Mu/2023/Skim_TriLep_Muon0_C_v2.root
2025-11-07 14:13:06,061 - INFO - [2023] MISSING_FILE: /home/choij/Sync/workspace/ChargedHiggsAnalysisV3/SKNanoOutput/PromptSelector/Run3Mu/2023/Skim_TriLep_Muon0_C_v3.root
2025-11-07 14:13:06,061 - INFO - [2023] MISSING_FILE: /home/choij/Sync/workspace/ChargedHiggsAnalysisV3/SKNanoOutput/PromptSelector/Run3Mu/2023/Skim_TriLep_Muon0_C_v4.root
2025-11-07 14:13:06,061 - INFO - [2023] MISSING_FILE: /home/choij/Sync/workspace/ChargedHiggsAnalysisV3/SKNanoOutput/PromptSelector/Run3Mu/2023/Skim_TriLep_Muon1_C_v1.root
2025-11-07 14:13:06,061 - INFO - [2023] MISSING_FILE: /home/choij/Sync/workspace/ChargedHiggsAnalysisV3/SKNanoOutput/PromptSelector/Run3Mu/2023/Skim_TriLep_Muon1_C_v2.root
2025-11-07 14:13:06,061 - INFO - [2023] MISSING_FILE: /home/choij/Sync/workspace/ChargedHiggsAnalysisV3/SKNanoOutput/PromptSelector/Run3Mu/2023/Skim_TriLep_Muon1_C_v3.root
2025-11-07 14:13:06,061 - INFO - [2023] MISSING_FILE: /home/choij/Sync/workspace/ChargedHiggsAnalysisV3/SKNanoOutput/PromptSelector/Run3Mu/2023/Skim_TriLep_Muon1_C_v4.root
2025-11-07 14:13:06,061 - INFO - [2023BPix] MISSING_FILE: /home/choij/Sync/workspace/ChargedHiggsAnalysisV3/SKNanoOutput/PromptSelector/Run3Mu/2023BPix/Skim_TriLep_Muon0_D_v1.root
2025-11-07 14:13:06,061 - INFO - [2023BPix] MISSING_FILE: /home/choij/Sync/workspace/ChargedHiggsAnalysisV3/SKNanoOutput/PromptSelector/Run3Mu/2023BPix/Skim_TriLep_Muon0_D_v2.root
2025-11-07 14:13:06,061 - INFO - [2023BPix] MISSING_FILE: /home/choij/Sync/workspace/ChargedHiggsAnalysisV3/SKNanoOutput/PromptSelector/Run3Mu/2023BPix/Skim_TriLep_Muon1_D_v1.root
2025-11-07 14:13:06,061 - INFO - [2023BPix] MISSING_FILE: /home/choij/Sync/workspace/ChargedHiggsAnalysisV3/SKNanoOutput/PromptSelector/Run3Mu/2023BPix/Skim_TriLep_Muon1_D_v2.root
2025-11-10 12:30:05,017 - INFO - [2022EE] MISSING_FILE: /home/choij/Sync/workspace/ChargedHiggsAnalysisV3/SKNanoOutput/PromptSelector/Run3Mu/2022EE/Skim_TriLep_Muon_F.root
2025-11-10 12:30:05,037 - INFO - [2022] MISSING_CENTRAL: SR3Mu/Central/MHc100_MA95/score_nonprompt in Skim_TriLep_DYJets.root
2025-11-10 12:30:05,038 - INFO - [2022] MISSING_CENTRAL: SR3Mu/Central/MHc100_MA95/score_nonprompt in Skim_TriLep_DYJets10to50.root
2025-11-10 12:30:05,038 - INFO - [2022] MISSING_CENTRAL: SR3Mu/Central/MHc100_MA95/score_nonprompt in Skim_TriLep_DYGTo2LG_MLL4to50_PTG10to100.root
2025-11-10 12:30:05,039 - INFO - [2022] MISSING_CENTRAL: SR3Mu/Central/MHc100_MA95/score_nonprompt in Skim_TriLep_DYGTo2LG_MLL4to50_PTG100to200.root
2025-11-10 12:30:05,040 - INFO - [2022] MISSING_CENTRAL: SR3Mu/Central/MHc100_MA95/score_nonprompt in Skim_TriLep_DYGTo2LG_MLL4to50_PTG200toInf.root
2025-11-10 12:30:05,049 - INFO - [2022] MISSING_CENTRAL: SR3Mu/Central/MHc100_MA95/score_nonprompt in Skim_TriLep_DYGTo2LG_MLL50_PTG100to200.root
2025-11-10 12:30:05,183 - INFO - [2022EE] MISSING_CENTRAL: SR3Mu/Central/MHc100_MA95/score_nonprompt in Skim_TriLep_DYJets10to50.root
2025-11-10 12:30:05,230 - INFO - [2022EE] MISSING_CENTRAL: SR3Mu/Central/MHc100_MA95/score_nonprompt in Skim_TriLep_DYGTo2LG_MLL50_PTG100to200.root
2025-11-10 12:30:05,408 - INFO - [2023] MISSING_CENTRAL: SR3Mu/Central/MHc100_MA95/score_nonprompt in Skim_TriLep_DYJets10to50.root
2025-11-10 12:30:05,604 - INFO - [2023BPix] MISSING_CENTRAL: SR3Mu/Central/MHc100_MA95/score_nonprompt in Skim_TriLep_DYJets10to50.root
2025-11-13 11:20:22,326 - INFO - [2022] MISSING_CENTRAL: SR3Mu/Central/MHc100_MA95/score_nonprompt in Skim_TriLep_DYJets.root
2025-11-13 11:20:22,327 - INFO - [2022] MISSING_CENTRAL: SR3Mu/Central/MHc100_MA95/score_nonprompt in Skim_TriLep_DYJets10to50.root
2025-11-13 11:20:22,328 - INFO - [2022] MISSING_CENTRAL: SR3Mu/Central/MHc100_MA95/score_nonprompt in Skim_TriLep_DYGTo2LG_MLL4to50_PTG10to100.root
2025-11-13 11:20:22,329 - INFO - [2022] MISSING_CENTRAL: SR3Mu/Central/MHc100_MA95/score_nonprompt in Skim_TriLep_DYGTo2LG_MLL4to50_PTG100to200.root
2025-11-13 11:20:22,330 - INFO - [2022] MISSING_CENTRAL: SR3Mu/Central/MHc100_MA95/score_nonprompt in Skim_TriLep_DYGTo2LG_MLL4to50_PTG200toInf.root
2025-11-13 11:20:22,345 - INFO - [2022] MISSING_CENTRAL: SR3Mu/Central/MHc100_MA95/score_nonprompt in Skim_TriLep_DYGTo2LG_MLL50_PTG100to200.root
2025-11-13 11:20:22,561 - INFO - [2022EE] MISSING_CENTRAL: SR3Mu/Central/MHc100_MA95/score_nonprompt in Skim_TriLep_DYJets10to50.root
2025-11-13 11:20:22,648 - INFO - [2022EE] MISSING_CENTRAL: SR3Mu/Central/MHc100_MA95/score_nonprompt in Skim_TriLep_DYGTo2LG_MLL50_PTG100to200.root
2025-11-13 11:20:22,960 - INFO - [2023] MISSING_CENTRAL: SR3Mu/Central/MHc100_MA95/score_nonprompt in Skim_TriLep_DYJets10to50.root
2025-11-13 11:20:23,376 - INFO - [2023BPix] MISSING_CENTRAL: SR3Mu/Central/MHc100_MA95/score_nonprompt in Skim_TriLep_DYJets10to50.root
2025-11-13 19:56:25,889 - INFO - [2022] MISSING_CENTRAL: SR3Mu/Central/MHc100_MA95/score_nonprompt in Skim_TriLep_DYJets.root
2025-11-13 19:56:25,890 - INFO - [2022] MISSING_CENTRAL: SR3Mu/Central/MHc100_MA95/score_nonprompt in Skim_TriLep_DYJets10to50.root
2025-11-13 19:56:25,890 - INFO - [2022] MISSING_CENTRAL: SR3Mu/Central/MHc100_MA95/score_nonprompt in Skim_TriLep_DYGTo2LG_MLL4to50_PTG10to100.root
2025-11-13 19:56:25,891 - INFO - [2022] MISSING_CENTRAL: SR3Mu/Central/MHc100_MA95/score_nonprompt in Skim_TriLep_DYGTo2LG_MLL4to50_PTG100to200.root
2025-11-13 19:56:25,891 - INFO - [2022] MISSING_CENTRAL: SR3Mu/Central/MHc100_MA95/score_nonprompt in Skim_TriLep_DYGTo2LG_MLL4to50_PTG200toInf.root
2025-11-13 19:56:25,902 - INFO - [2022] MISSING_CENTRAL: SR3Mu/Central/MHc100_MA95/score_nonprompt in Skim_TriLep_DYGTo2LG_MLL50_PTG100to200.root
2025-11-13 19:56:26,091 - INFO - [2022EE] MISSING_CENTRAL: SR3Mu/Central/MHc100_MA95/score_nonprompt in Skim_TriLep_DYJets10to50.root
2025-11-13 19:56:26,119 - INFO - [2022EE] MISSING_CENTRAL: SR3Mu/Central/MHc100_MA95/score_nonprompt in Skim_TriLep_DYGTo2LG_MLL50_PTG100to200.root
2025-11-13 19:56:26,270 - INFO - [2023] MISSING_CENTRAL: SR3Mu/Central/MHc100_MA95/score_nonprompt in Skim_TriLep_DYJets10to50.root
2025-11-13 19:56:26,507 - INFO - [2023BPix] MISSING_CENTRAL: SR3Mu/Central/MHc100_MA95/score_nonprompt in Skim_TriLep_DYJets10to50.root
2025-11-13 20:03:20,764 - INFO - [2022] MISSING_CENTRAL: SR3Mu/Central/MHc100_MA95/score_nonprompt in Skim_TriLep_DYJets.root
2025-11-13 20:03:20,764 - INFO - [2022] MISSING_CENTRAL: SR3Mu/Central/MHc100_MA95/score_nonprompt in Skim_TriLep_DYJets10to50.root
2025-11-13 20:03:20,765 - INFO - [2022] MISSING_CENTRAL: SR3Mu/Central/MHc100_MA95/score_nonprompt in Skim_TriLep_DYGTo2LG_MLL4to50_PTG10to100.root
2025-11-13 20:03:20,765 - INFO - [2022] MISSING_CENTRAL: SR3Mu/Central/MHc100_MA95/score_nonprompt in Skim_TriLep_DYGTo2LG_MLL4to50_PTG100to200.root
2025-11-13 20:03:20,766 - INFO - [2022] MISSING_CENTRAL: SR3Mu/Central/MHc100_MA95/score_nonprompt in Skim_TriLep_DYGTo2LG_MLL4to50_PTG200toInf.root
2025-11-13 20:03:20,776 - INFO - [2022] MISSING_CENTRAL: SR3Mu/Central/MHc100_MA95/score_nonprompt in Skim_TriLep_DYGTo2LG_MLL50_PTG100to200.root
2025-11-13 20:03:20,901 - INFO - [2022EE] MISSING_CENTRAL: SR3Mu/Central/MHc100_MA95/score_nonprompt in Skim_TriLep_DYJets10to50.root
2025-11-13 20:03:20,927 - INFO - [2022EE] MISSING_CENTRAL: SR3Mu/Central/MHc100_MA95/score_nonprompt in Skim_TriLep_DYGTo2LG_MLL50_PTG100to200.root
2025-11-13 20:03:21,113 - INFO - [2023] MISSING_CENTRAL: SR3Mu/Central/MHc100_MA95/score_nonprompt in Skim_TriLep_DYJets10to50.root
2025-11-13 20:03:21,304 - INFO - [2023BPix] MISSING_CENTRAL: SR3Mu/Central/MHc100_MA95/score_nonprompt in Skim_TriLep_DYJets10to50.root
2025-11-19 16:32:32,351 - INFO - [2022] MISSING_CENTRAL: SR3Mu/Central/MHc100_MA95/score_nonprompt in Skim_TriLep_DYJets.root
2025-11-19 16:32:32,351 - INFO - [2022] MISSING_CENTRAL: SR3Mu/Central/MHc100_MA95/score_nonprompt in Skim_TriLep_DYJets10to50.root
2025-11-19 16:32:32,352 - INFO - [2022] MISSING_CENTRAL: SR3Mu/Central/MHc100_MA95/score_nonprompt in Skim_TriLep_DYGTo2LG_MLL4to50_PTG10to100.root
2025-11-19 16:32:32,352 - INFO - [2022] MISSING_CENTRAL: SR3Mu/Central/MHc100_MA95/score_nonprompt in Skim_TriLep_DYGTo2LG_MLL4to50_PTG100to200.root
2025-11-19 16:32:32,352 - INFO - [2022] MISSING_CENTRAL: SR3Mu/Central/MHc100_MA95/score_nonprompt in Skim_TriLep_DYGTo2LG_MLL4to50_PTG200toInf.root
2025-11-19 16:32:32,362 - INFO - [2022] MISSING_CENTRAL: SR3Mu/Central/MHc100_MA95/score_nonprompt in Skim_TriLep_DYGTo2LG_MLL50_PTG100to200.root
2025-11-19 16:32:32,490 - INFO - [2022EE] MISSING_CENTRAL: SR3Mu/Central/MHc100_MA95/score_nonprompt in Skim_TriLep_DYJets10to50.root
2025-11-19 16:32:32,517 - INFO - [2022EE] MISSING_CENTRAL: SR3Mu/Central/MHc100_MA95/score_nonprompt in Skim_TriLep_DYGTo2LG_MLL50_PTG100to200.root
2025-11-19 16:32:32,697 - INFO - [2023] MISSING_CENTRAL: SR3Mu/Central/MHc100_MA95/score_nonprompt in Skim_TriLep_DYJets10to50.root
2025-11-19 16:32:32,913 - INFO - [2023BPix] MISSING_CENTRAL: SR3Mu/Central/MHc100_MA95/score_nonprompt in Skim_TriLep_DYJets10to50.root
2025-12-17 22:47:23,740 - INFO - [2022] MISSING_CENTRAL: SR3Mu/Central/MHc100_MA95/score_nonprompt in Skim_TriLep_DYJets10to50.root
2025-12-17 22:47:24,045 - INFO - [2022EE] MISSING_CENTRAL: SR3Mu/Central/MHc100_MA95/score_nonprompt in Skim_TriLep_DYJets10to50.root
2025-12-17 22:47:24,466 - INFO - [2023] MISSING_CENTRAL: SR3Mu/Central/MHc100_MA95/score_nonprompt in Skim_TriLep_DYJets10to50.root
2025-12-17 22:47:24,692 - INFO - [2023BPix] MISSING_CENTRAL: SR3Mu/Central/MHc100_MA95/score_nonprompt in Skim_TriLep_DYJets10to50.root
2025-12-18 14:49:23,375 - INFO - [2022] MISSING_CENTRAL: SR3Mu/Central/MHc100_MA95/score_nonprompt in Skim_TriLep_DYJets10to50.root
2025-12-18 14:49:23,776 - INFO - [2022EE] MISSING_CENTRAL: SR3Mu/Central/MHc100_MA95/score_nonprompt in Skim_TriLep_DYJets10to50.root
2025-12-18 14:49:24,176 - INFO - [2023] MISSING_CENTRAL: SR3Mu/Central/MHc100_MA95/score_nonprompt in Skim_TriLep_DYJets10to50.root
2025-12-18 14:49:24,494 - INFO - [2023BPix] MISSING_CENTRAL: SR3Mu/Central/MHc100_MA95/score_nonprompt in Skim_TriLep_DYJets10to50.root
2026-01-07 11:57:37,092 - INFO - [2022] MISSING_CENTRAL: SR3Mu/Central/MHc100_MA95/score_nonprompt in Skim_TriLep_DYJets10to50.root
2026-01-07 11:57:37,315 - INFO - [2022EE] MISSING_CENTRAL: SR3Mu/Central/MHc100_MA95/score_nonprompt in Skim_TriLep_DYJets10to50.root
2026-01-07 11:57:37,632 - INFO - [2023] MISSING_CENTRAL: SR3Mu/Central/MHc100_MA95/score_nonprompt in Skim_TriLep_DYJets10to50.root
2026-01-07 11:57:37,870 - INFO - [2023BPix] MISSING_CENTRAL: SR3Mu/Central/MHc100_MA95/score_nonprompt in Skim_TriLep_DYJets10to50.root
