2025-09-24 16:10:51,404 - INFO - [2022] MISSING_CENTRAL: SR3Mu/Central/muons/2/py in Skim_TriLep_DYJets.root
2025-09-24 16:10:51,405 - INFO - [2022] MISSING_CENTRAL: SR3Mu/Central/muons/2/py in Skim_TriLep_DYJets10to50.root
2025-09-24 16:10:51,405 - INFO - [2022] MISSING_CENTRAL: SR3Mu/Central/muons/2/py in Skim_TriLep_DYGTo2LG_MLL4to50_PTG10to100.root
2025-09-24 16:10:51,405 - INFO - [2022] MISSING_CENTRAL: SR3Mu/Central/muons/2/py in Skim_TriLep_DYGTo2LG_MLL4to50_PTG100to200.root
2025-09-24 16:10:51,406 - INFO - [2022] MISSING_CENTRAL: SR3Mu/Central/muons/2/py in Skim_TriLep_DYGTo2LG_MLL4to50_PTG200toInf.root
2025-09-24 16:10:51,419 - INFO - [2022] MISSING_CENTRAL: SR3Mu/Central/muons/2/py in Skim_TriLep_DYGTo2LG_MLL50_PTG100to200.root
2025-09-24 16:10:51,804 - INFO - [2022EE] MISSING_CENTRAL: SR3Mu/Central/muons/2/py in Skim_TriLep_DYJets10to50.root
2025-09-24 16:10:52,206 - INFO - [2022EE] MISSING_CENTRAL: SR3Mu/Central/muons/2/py in Skim_TriLep_DYGTo2LG_MLL50_PTG100to200.root
2025-09-24 16:10:52,706 - INFO - [2023] MISSING_CENTRAL: SR3Mu/Central/muons/2/py in Skim_TriLep_DYJets10to50.root
2025-09-24 16:10:53,142 - INFO - [2023BPix] MISSING_CENTRAL: SR3Mu/Central/muons/2/py in Skim_TriLep_DYJets10to50.root
2025-10-02 21:24:55,586 - INFO - [2022] MISSING_CENTRAL: SR3Mu/Central/muons/2/py in Skim_TriLep_DYJets.root
2025-10-02 21:24:55,588 - INFO - [2022] MISSING_CENTRAL: SR3Mu/Central/muons/2/py in Skim_TriLep_DYJets10to50.root
2025-10-02 21:24:55,590 - INFO - [2022] MISSING_CENTRAL: SR3Mu/Central/muons/2/py in Skim_TriLep_DYGTo2LG_MLL4to50_PTG10to100.root
2025-10-02 21:24:55,592 - INFO - [2022] MISSING_CENTRAL: SR3Mu/Central/muons/2/py in Skim_TriLep_DYGTo2LG_MLL4to50_PTG100to200.root
2025-10-02 21:24:55,594 - INFO - [2022] MISSING_CENTRAL: SR3Mu/Central/muons/2/py in Skim_TriLep_DYGTo2LG_MLL4to50_PTG200toInf.root
2025-10-02 21:24:55,624 - INFO - [2022] MISSING_CENTRAL: SR3Mu/Central/muons/2/py in Skim_TriLep_DYGTo2LG_MLL50_PTG100to200.root
2025-10-02 21:24:56,144 - INFO - [2022EE] MISSING_CENTRAL: SR3Mu/Central/muons/2/py in Skim_TriLep_DYJets10to50.root
2025-10-02 21:24:56,239 - INFO - [2022EE] MISSING_CENTRAL: SR3Mu/Central/muons/2/py in Skim_TriLep_DYGTo2LG_MLL50_PTG100to200.root
2025-10-02 21:24:56,733 - INFO - [2023] MISSING_CENTRAL: SR3Mu/Central/muons/2/py in Skim_TriLep_DYJets10to50.root
2025-10-02 21:24:57,405 - INFO - [2023BPix] MISSING_CENTRAL: SR3Mu/Central/muons/2/py in Skim_TriLep_DYJets10to50.root
2025-10-03 00:45:26,528 - INFO - [2022] MISSING_CENTRAL: SR3Mu/Central/muons/2/py in Skim_TriLep_DYJets.root
2025-10-03 00:45:26,530 - INFO - [2022] MISSING_CENTRAL: SR3Mu/Central/muons/2/py in Skim_TriLep_DYJets10to50.root
2025-10-03 00:45:26,531 - INFO - [2022] MISSING_CENTRAL: SR3Mu/Central/muons/2/py in Skim_TriLep_DYGTo2LG_MLL4to50_PTG10to100.root
2025-10-03 00:45:26,532 - INFO - [2022] MISSING_CENTRAL: SR3Mu/Central/muons/2/py in Skim_TriLep_DYGTo2LG_MLL4to50_PTG100to200.root
2025-10-03 00:45:26,532 - INFO - [2022] MISSING_CENTRAL: SR3Mu/Central/muons/2/py in Skim_TriLep_DYGTo2LG_MLL4to50_PTG200toInf.root
2025-10-03 00:45:26,569 - INFO - [2022] MISSING_CENTRAL: SR3Mu/Central/muons/2/py in Skim_TriLep_DYGTo2LG_MLL50_PTG100to200.root
2025-10-03 00:45:27,805 - INFO - [2022EE] MISSING_CENTRAL: SR3Mu/Central/muons/2/py in Skim_TriLep_DYJets10to50.root
2025-10-03 00:45:27,946 - INFO - [2022EE] MISSING_CENTRAL: SR3Mu/Central/muons/2/py in Skim_TriLep_DYGTo2LG_MLL50_PTG100to200.root
2025-10-03 00:45:29,025 - INFO - [2023] MISSING_CENTRAL: SR3Mu/Central/muons/2/py in Skim_TriLep_DYJets10to50.root
2025-10-03 00:45:30,213 - INFO - [2023BPix] MISSING_CENTRAL: SR3Mu/Central/muons/2/py in Skim_TriLep_DYJets10to50.root
