2025-09-24 16:10:55,705 - INFO - [2022] MISSING_CENTRAL: SR3Mu/Central/muons/3/energy in Skim_TriLep_DYJets.root
2025-09-24 16:10:55,705 - INFO - [2022] MISSING_CENTRAL: SR3Mu/Central/muons/3/energy in Skim_TriLep_DYJets10to50.root
2025-09-24 16:10:55,705 - INFO - [2022] MISSING_CENTRAL: SR3Mu/Central/muons/3/energy in Skim_TriLep_DYGTo2LG_MLL4to50_PTG10to100.root
2025-09-24 16:10:55,705 - INFO - [2022] MISSING_CENTRAL: SR3Mu/Central/muons/3/energy in Skim_TriLep_DYGTo2LG_MLL4to50_PTG100to200.root
2025-09-24 16:10:55,706 - INFO - [2022] MISSING_CENTRAL: SR3Mu/Central/muons/3/energy in Skim_TriLep_DYGTo2LG_MLL4to50_PTG200toInf.root
2025-09-24 16:10:55,919 - INFO - [2022] MISSING_CENTRAL: SR3Mu/Central/muons/3/energy in Skim_TriLep_DYGTo2LG_MLL50_PTG100to200.root
2025-09-24 16:10:56,301 - INFO - [2022EE] MISSING_CENTRAL: SR3Mu/Central/muons/3/energy in Skim_TriLep_DYJets10to50.root
2025-09-24 16:10:56,550 - INFO - [2022EE] MISSING_CENTRAL: SR3Mu/Central/muons/3/energy in Skim_TriLep_DYGTo2LG_MLL50_PTG100to200.root
2025-09-24 16:10:56,905 - INFO - [2023] MISSING_CENTRAL: SR3Mu/Central/muons/3/energy in Skim_TriLep_DYJets10to50.root
2025-09-24 16:10:57,237 - INFO - [2023BPix] MISSING_CENTRAL: SR3Mu/Central/muons/3/energy in Skim_TriLep_DYJets10to50.root
2025-10-02 21:24:55,583 - INFO - [2022] MISSING_CENTRAL: SR3Mu/Central/muons/3/energy in Skim_TriLep_DYJets.root
2025-10-02 21:24:55,584 - INFO - [2022] MISSING_CENTRAL: SR3Mu/Central/muons/3/energy in Skim_TriLep_DYJets10to50.root
2025-10-02 21:24:55,585 - INFO - [2022] MISSING_CENTRAL: SR3Mu/Central/muons/3/energy in Skim_TriLep_DYGTo2LG_MLL4to50_PTG10to100.root
2025-10-02 21:24:55,586 - INFO - [2022] MISSING_CENTRAL: SR3Mu/Central/muons/3/energy in Skim_TriLep_DYGTo2LG_MLL4to50_PTG100to200.root
2025-10-02 21:24:55,587 - INFO - [2022] MISSING_CENTRAL: SR3Mu/Central/muons/3/energy in Skim_TriLep_DYGTo2LG_MLL4to50_PTG200toInf.root
2025-10-02 21:24:55,626 - INFO - [2022] MISSING_CENTRAL: SR3Mu/Central/muons/3/energy in Skim_TriLep_DYGTo2LG_MLL50_PTG100to200.root
2025-10-02 21:24:56,052 - INFO - [2022EE] MISSING_CENTRAL: SR3Mu/Central/muons/3/energy in Skim_TriLep_DYJets10to50.root
2025-10-02 21:24:56,124 - INFO - [2022EE] MISSING_CENTRAL: SR3Mu/Central/muons/3/energy in Skim_TriLep_DYGTo2LG_MLL50_PTG100to200.root
2025-10-02 21:24:56,500 - INFO - [2023] MISSING_CENTRAL: SR3Mu/Central/muons/3/energy in Skim_TriLep_DYJets10to50.root
2025-10-02 21:24:57,010 - INFO - [2023BPix] MISSING_CENTRAL: SR3Mu/Central/muons/3/energy in Skim_TriLep_DYJets10to50.root
2025-10-03 00:45:35,522 - INFO - [2022] MISSING_CENTRAL: SR3Mu/Central/muons/3/energy in Skim_TriLep_DYJets.root
2025-10-03 00:45:35,523 - INFO - [2022] MISSING_CENTRAL: SR3Mu/Central/muons/3/energy in Skim_TriLep_DYJets10to50.root
2025-10-03 00:45:35,523 - INFO - [2022] MISSING_CENTRAL: SR3Mu/Central/muons/3/energy in Skim_TriLep_DYGTo2LG_MLL4to50_PTG10to100.root
2025-10-03 00:45:35,524 - INFO - [2022] MISSING_CENTRAL: SR3Mu/Central/muons/3/energy in Skim_TriLep_DYGTo2LG_MLL4to50_PTG100to200.root
2025-10-03 00:45:35,525 - INFO - [2022] MISSING_CENTRAL: SR3Mu/Central/muons/3/energy in Skim_TriLep_DYGTo2LG_MLL4to50_PTG200toInf.root
2025-10-03 00:45:35,568 - INFO - [2022] MISSING_CENTRAL: SR3Mu/Central/muons/3/energy in Skim_TriLep_DYGTo2LG_MLL50_PTG100to200.root
2025-10-03 00:45:36,237 - INFO - [2022EE] MISSING_CENTRAL: SR3Mu/Central/muons/3/energy in Skim_TriLep_DYJets10to50.root
2025-10-03 00:45:36,381 - INFO - [2022EE] MISSING_CENTRAL: SR3Mu/Central/muons/3/energy in Skim_TriLep_DYGTo2LG_MLL50_PTG100to200.root
2025-10-03 00:45:37,061 - INFO - [2023] MISSING_CENTRAL: SR3Mu/Central/muons/3/energy in Skim_TriLep_DYJets10to50.root
2025-10-03 00:45:37,822 - INFO - [2023BPix] MISSING_CENTRAL: SR3Mu/Central/muons/3/energy in Skim_TriLep_DYJets10to50.root
2025-11-07 13:15:30,332 - INFO - [2022] MISSING_FILE: /home/choij/Sync/workspace/ChargedHiggsAnalysisV3/SKNanoOutput/PromptSelector/Run3Mu/2022/Skim_TriLep_DoubleMuon_C.root
2025-11-07 13:15:30,336 - INFO - [2022] MISSING_FILE: /home/choij/Sync/workspace/ChargedHiggsAnalysisV3/SKNanoOutput/PromptSelector/Run3Mu/2022/Skim_TriLep_Muon_C.root
2025-11-07 13:15:30,336 - INFO - [2022] MISSING_FILE: /home/choij/Sync/workspace/ChargedHiggsAnalysisV3/SKNanoOutput/PromptSelector/Run3Mu/2022/Skim_TriLep_Muon_D.root
2025-11-07 13:15:30,336 - INFO - [2022EE] MISSING_FILE: /home/choij/Sync/workspace/ChargedHiggsAnalysisV3/SKNanoOutput/PromptSelector/Run3Mu/2022EE/Skim_TriLep_Muon_E.root
2025-11-07 13:15:30,336 - INFO - [2022EE] MISSING_FILE: /home/choij/Sync/workspace/ChargedHiggsAnalysisV3/SKNanoOutput/PromptSelector/Run3Mu/2022EE/Skim_TriLep_Muon_F.root
2025-11-07 13:15:30,336 - INFO - [2022EE] MISSING_FILE: /home/choij/Sync/workspace/ChargedHiggsAnalysisV3/SKNanoOutput/PromptSelector/Run3Mu/2022EE/Skim_TriLep_Muon_G.root
2025-11-07 13:15:30,336 - INFO - [2023] MISSING_FILE: /home/choij/Sync/workspace/ChargedHiggsAnalysisV3/SKNanoOutput/PromptSelector/Run3Mu/2023/Skim_TriLep_Muon0_C_v1.root
2025-11-07 13:15:30,336 - INFO - [2023] MISSING_FILE: /home/choij/Sync/workspace/ChargedHiggsAnalysisV3/SKNanoOutput/PromptSelector/Run3Mu/2023/Skim_TriLep_Muon0_C_v2.root
2025-11-07 13:15:30,336 - INFO - [2023] MISSING_FILE: /home/choij/Sync/workspace/ChargedHiggsAnalysisV3/SKNanoOutput/PromptSelector/Run3Mu/2023/Skim_TriLep_Muon0_C_v3.root
2025-11-07 13:15:30,337 - INFO - [2023] MISSING_FILE: /home/choij/Sync/workspace/ChargedHiggsAnalysisV3/SKNanoOutput/PromptSelector/Run3Mu/2023/Skim_TriLep_Muon0_C_v4.root
2025-11-07 13:15:30,337 - INFO - [2023] MISSING_FILE: /home/choij/Sync/workspace/ChargedHiggsAnalysisV3/SKNanoOutput/PromptSelector/Run3Mu/2023/Skim_TriLep_Muon1_C_v1.root
2025-11-07 13:15:30,337 - INFO - [2023] MISSING_FILE: /home/choij/Sync/workspace/ChargedHiggsAnalysisV3/SKNanoOutput/PromptSelector/Run3Mu/2023/Skim_TriLep_Muon1_C_v2.root
2025-11-07 13:15:30,337 - INFO - [2023] MISSING_FILE: /home/choij/Sync/workspace/ChargedHiggsAnalysisV3/SKNanoOutput/PromptSelector/Run3Mu/2023/Skim_TriLep_Muon1_C_v3.root
2025-11-07 13:15:30,337 - INFO - [2023] MISSING_FILE: /home/choij/Sync/workspace/ChargedHiggsAnalysisV3/SKNanoOutput/PromptSelector/Run3Mu/2023/Skim_TriLep_Muon1_C_v4.root
2025-11-07 13:15:30,337 - INFO - [2023BPix] MISSING_FILE: /home/choij/Sync/workspace/ChargedHiggsAnalysisV3/SKNanoOutput/PromptSelector/Run3Mu/2023BPix/Skim_TriLep_Muon0_D_v1.root
2025-11-07 13:15:30,337 - INFO - [2023BPix] MISSING_FILE: /home/choij/Sync/workspace/ChargedHiggsAnalysisV3/SKNanoOutput/PromptSelector/Run3Mu/2023BPix/Skim_TriLep_Muon0_D_v2.root
2025-11-07 13:15:30,337 - INFO - [2023BPix] MISSING_FILE: /home/choij/Sync/workspace/ChargedHiggsAnalysisV3/SKNanoOutput/PromptSelector/Run3Mu/2023BPix/Skim_TriLep_Muon1_D_v1.root
2025-11-07 13:15:30,338 - INFO - [2023BPix] MISSING_FILE: /home/choij/Sync/workspace/ChargedHiggsAnalysisV3/SKNanoOutput/PromptSelector/Run3Mu/2023BPix/Skim_TriLep_Muon1_D_v2.root
2025-11-07 14:13:01,455 - INFO - [2022] MISSING_FILE: /home/choij/Sync/workspace/ChargedHiggsAnalysisV3/SKNanoOutput/PromptSelector/Run3Mu/2022/Skim_TriLep_DoubleMuon_C.root
2025-11-07 14:13:01,455 - INFO - [2022] MISSING_FILE: /home/choij/Sync/workspace/ChargedHiggsAnalysisV3/SKNanoOutput/PromptSelector/Run3Mu/2022/Skim_TriLep_Muon_C.root
2025-11-07 14:13:01,455 - INFO - [2022] MISSING_FILE: /home/choij/Sync/workspace/ChargedHiggsAnalysisV3/SKNanoOutput/PromptSelector/Run3Mu/2022/Skim_TriLep_Muon_D.root
2025-11-07 14:13:01,455 - INFO - [2022EE] MISSING_FILE: /home/choij/Sync/workspace/ChargedHiggsAnalysisV3/SKNanoOutput/PromptSelector/Run3Mu/2022EE/Skim_TriLep_Muon_E.root
2025-11-07 14:13:01,455 - INFO - [2022EE] MISSING_FILE: /home/choij/Sync/workspace/ChargedHiggsAnalysisV3/SKNanoOutput/PromptSelector/Run3Mu/2022EE/Skim_TriLep_Muon_F.root
2025-11-07 14:13:01,455 - INFO - [2022EE] MISSING_FILE: /home/choij/Sync/workspace/ChargedHiggsAnalysisV3/SKNanoOutput/PromptSelector/Run3Mu/2022EE/Skim_TriLep_Muon_G.root
2025-11-07 14:13:01,455 - INFO - [2023] MISSING_FILE: /home/choij/Sync/workspace/ChargedHiggsAnalysisV3/SKNanoOutput/PromptSelector/Run3Mu/2023/Skim_TriLep_Muon0_C_v1.root
2025-11-07 14:13:01,455 - INFO - [2023] MISSING_FILE: /home/choij/Sync/workspace/ChargedHiggsAnalysisV3/SKNanoOutput/PromptSelector/Run3Mu/2023/Skim_TriLep_Muon0_C_v2.root
2025-11-07 14:13:01,455 - INFO - [2023] MISSING_FILE: /home/choij/Sync/workspace/ChargedHiggsAnalysisV3/SKNanoOutput/PromptSelector/Run3Mu/2023/Skim_TriLep_Muon0_C_v3.root
2025-11-07 14:13:01,456 - INFO - [2023] MISSING_FILE: /home/choij/Sync/workspace/ChargedHiggsAnalysisV3/SKNanoOutput/PromptSelector/Run3Mu/2023/Skim_TriLep_Muon0_C_v4.root
2025-11-07 14:13:01,456 - INFO - [2023] MISSING_FILE: /home/choij/Sync/workspace/ChargedHiggsAnalysisV3/SKNanoOutput/PromptSelector/Run3Mu/2023/Skim_TriLep_Muon1_C_v1.root
2025-11-07 14:13:01,456 - INFO - [2023] MISSING_FILE: /home/choij/Sync/workspace/ChargedHiggsAnalysisV3/SKNanoOutput/PromptSelector/Run3Mu/2023/Skim_TriLep_Muon1_C_v2.root
2025-11-07 14:13:01,456 - INFO - [2023] MISSING_FILE: /home/choij/Sync/workspace/ChargedHiggsAnalysisV3/SKNanoOutput/PromptSelector/Run3Mu/2023/Skim_TriLep_Muon1_C_v3.root
2025-11-07 14:13:01,456 - INFO - [2023] MISSING_FILE: /home/choij/Sync/workspace/ChargedHiggsAnalysisV3/SKNanoOutput/PromptSelector/Run3Mu/2023/Skim_TriLep_Muon1_C_v4.root
2025-11-07 14:13:01,456 - INFO - [2023BPix] MISSING_FILE: /home/choij/Sync/workspace/ChargedHiggsAnalysisV3/SKNanoOutput/PromptSelector/Run3Mu/2023BPix/Skim_TriLep_Muon0_D_v1.root
2025-11-07 14:13:01,456 - INFO - [2023BPix] MISSING_FILE: /home/choij/Sync/workspace/ChargedHiggsAnalysisV3/SKNanoOutput/PromptSelector/Run3Mu/2023BPix/Skim_TriLep_Muon0_D_v2.root
2025-11-07 14:13:01,456 - INFO - [2023BPix] MISSING_FILE: /home/choij/Sync/workspace/ChargedHiggsAnalysisV3/SKNanoOutput/PromptSelector/Run3Mu/2023BPix/Skim_TriLep_Muon1_D_v1.root
2025-11-07 14:13:01,456 - INFO - [2023BPix] MISSING_FILE: /home/choij/Sync/workspace/ChargedHiggsAnalysisV3/SKNanoOutput/PromptSelector/Run3Mu/2023BPix/Skim_TriLep_Muon1_D_v2.root
