2025-09-24 16:10:52,485 - INFO - [2022] MISSING_CENTRAL: SR3Mu/Central/muons/3/phi in Skim_TriLep_DYJets.root
2025-09-24 16:10:52,485 - INFO - [2022] MISSING_CENTRAL: SR3Mu/Central/muons/3/phi in Skim_TriLep_DYJets10to50.root
2025-09-24 16:10:52,486 - INFO - [2022] MISSING_CENTRAL: SR3Mu/Central/muons/3/phi in Skim_TriLep_DYGTo2LG_MLL4to50_PTG10to100.root
2025-09-24 16:10:52,486 - INFO - [2022] MISSING_CENTRAL: SR3Mu/Central/muons/3/phi in Skim_TriLep_DYGTo2LG_MLL4to50_PTG100to200.root
2025-09-24 16:10:52,486 - INFO - [2022] MISSING_CENTRAL: SR3Mu/Central/muons/3/phi in Skim_TriLep_DYGTo2LG_MLL4to50_PTG200toInf.root
2025-09-24 16:10:52,495 - INFO - [2022] MISSING_CENTRAL: SR3Mu/Central/muons/3/phi in Skim_TriLep_DYGTo2LG_MLL50_PTG100to200.root
2025-09-24 16:10:52,627 - INFO - [2022EE] MISSING_CENTRAL: SR3Mu/Central/muons/3/phi in Skim_TriLep_DYJets10to50.root
2025-09-24 16:10:52,656 - INFO - [2022EE] MISSING_CENTRAL: SR3Mu/Central/muons/3/phi in Skim_TriLep_DYGTo2LG_MLL50_PTG100to200.root
2025-09-24 16:10:52,812 - INFO - [2023] MISSING_CENTRAL: SR3Mu/Central/muons/3/phi in Skim_TriLep_DYJets10to50.root
2025-09-24 16:10:53,002 - INFO - [2023BPix] MISSING_CENTRAL: SR3Mu/Central/muons/3/phi in Skim_TriLep_DYJets10to50.root
2025-10-02 21:24:55,505 - INFO - [2022] MISSING_CENTRAL: SR3Mu/Central/muons/3/phi in Skim_TriLep_DYJets.root
2025-10-02 21:24:55,512 - INFO - [2022] MISSING_CENTRAL: SR3Mu/Central/muons/3/phi in Skim_TriLep_DYJets10to50.root
2025-10-02 21:24:55,514 - INFO - [2022] MISSING_CENTRAL: SR3Mu/Central/muons/3/phi in Skim_TriLep_DYGTo2LG_MLL4to50_PTG10to100.root
2025-10-02 21:24:55,516 - INFO - [2022] MISSING_CENTRAL: SR3Mu/Central/muons/3/phi in Skim_TriLep_DYGTo2LG_MLL4to50_PTG100to200.root
2025-10-02 21:24:55,523 - INFO - [2022] MISSING_CENTRAL: SR3Mu/Central/muons/3/phi in Skim_TriLep_DYGTo2LG_MLL4to50_PTG200toInf.root
2025-10-02 21:24:55,539 - INFO - [2022] MISSING_CENTRAL: SR3Mu/Central/muons/3/phi in Skim_TriLep_DYGTo2LG_MLL50_PTG100to200.root
2025-10-02 21:24:55,827 - INFO - [2022EE] MISSING_CENTRAL: SR3Mu/Central/muons/3/phi in Skim_TriLep_DYJets10to50.root
2025-10-02 21:24:55,876 - INFO - [2022EE] MISSING_CENTRAL: SR3Mu/Central/muons/3/phi in Skim_TriLep_DYGTo2LG_MLL50_PTG100to200.root
2025-10-02 21:24:56,098 - INFO - [2023] MISSING_CENTRAL: SR3Mu/Central/muons/3/phi in Skim_TriLep_DYJets10to50.root
2025-10-02 21:24:56,398 - INFO - [2023BPix] MISSING_CENTRAL: SR3Mu/Central/muons/3/phi in Skim_TriLep_DYJets10to50.root
2025-10-03 00:45:28,937 - INFO - [2022] MISSING_CENTRAL: SR3Mu/Central/muons/3/phi in Skim_TriLep_DYJets.root
2025-10-03 00:45:28,938 - INFO - [2022] MISSING_CENTRAL: SR3Mu/Central/muons/3/phi in Skim_TriLep_DYJets10to50.root
2025-10-03 00:45:28,938 - INFO - [2022] MISSING_CENTRAL: SR3Mu/Central/muons/3/phi in Skim_TriLep_DYGTo2LG_MLL4to50_PTG10to100.root
2025-10-03 00:45:28,939 - INFO - [2022] MISSING_CENTRAL: SR3Mu/Central/muons/3/phi in Skim_TriLep_DYGTo2LG_MLL4to50_PTG100to200.root
2025-10-03 00:45:28,940 - INFO - [2022] MISSING_CENTRAL: SR3Mu/Central/muons/3/phi in Skim_TriLep_DYGTo2LG_MLL4to50_PTG200toInf.root
2025-10-03 00:45:28,954 - INFO - [2022] MISSING_CENTRAL: SR3Mu/Central/muons/3/phi in Skim_TriLep_DYGTo2LG_MLL50_PTG100to200.root
2025-10-03 00:45:29,213 - INFO - [2022EE] MISSING_CENTRAL: SR3Mu/Central/muons/3/phi in Skim_TriLep_DYJets10to50.root
2025-10-03 00:45:29,267 - INFO - [2022EE] MISSING_CENTRAL: SR3Mu/Central/muons/3/phi in Skim_TriLep_DYGTo2LG_MLL50_PTG100to200.root
2025-10-03 00:45:29,644 - INFO - [2023] MISSING_CENTRAL: SR3Mu/Central/muons/3/phi in Skim_TriLep_DYJets10to50.root
2025-10-03 00:45:30,015 - INFO - [2023BPix] MISSING_CENTRAL: SR3Mu/Central/muons/3/phi in Skim_TriLep_DYJets10to50.root
