2025-09-24 16:11:22,411 - INFO - [2022] MISSING_CENTRAL: SR3Mu/Central/stack/phi in Skim_TriLep_DYJets.root
2025-09-24 16:11:22,411 - INFO - [2022] MISSING_CENTRAL: SR3Mu/Central/stack/phi in Skim_TriLep_DYJets10to50.root
2025-09-24 16:11:22,411 - INFO - [2022] MISSING_CENTRAL: SR3Mu/Central/stack/phi in Skim_TriLep_DYGTo2LG_MLL4to50_PTG10to100.root
2025-09-24 16:11:22,411 - INFO - [2022] MISSING_CENTRAL: SR3Mu/Central/stack/phi in Skim_TriLep_DYGTo2LG_MLL4to50_PTG100to200.root
2025-09-24 16:11:22,412 - INFO - [2022] MISSING_CENTRAL: SR3Mu/Central/stack/phi in Skim_TriLep_DYGTo2LG_MLL4to50_PTG200toInf.root
2025-09-24 16:11:22,417 - INFO - [2022] MISSING_CENTRAL: SR3Mu/Central/stack/phi in Skim_TriLep_DYGTo2LG_MLL50_PTG100to200.root
2025-09-24 16:11:22,522 - INFO - [2022EE] MISSING_CENTRAL: SR3Mu/Central/stack/phi in Skim_TriLep_DYJets10to50.root
2025-09-24 16:11:22,552 - INFO - [2022EE] MISSING_CENTRAL: SR3Mu/Central/stack/phi in Skim_TriLep_DYGTo2LG_MLL50_PTG100to200.root
2025-09-24 16:11:22,676 - INFO - [2023] MISSING_CENTRAL: SR3Mu/Central/stack/phi in Skim_TriLep_DYJets10to50.root
2025-09-24 16:11:22,899 - INFO - [2023BPix] MISSING_CENTRAL: SR3Mu/Central/stack/phi in Skim_TriLep_DYJets10to50.root
2025-10-02 21:25:04,010 - INFO - [2022] MISSING_CENTRAL: SR3Mu/Central/stack/phi in Skim_TriLep_DYJets.root
2025-10-02 21:25:04,017 - INFO - [2022] MISSING_CENTRAL: SR3Mu/Central/stack/phi in Skim_TriLep_DYJets10to50.root
2025-10-02 21:25:04,018 - INFO - [2022] MISSING_CENTRAL: SR3Mu/Central/stack/phi in Skim_TriLep_DYGTo2LG_MLL4to50_PTG10to100.root
2025-10-02 21:25:04,021 - INFO - [2022] MISSING_CENTRAL: SR3Mu/Central/stack/phi in Skim_TriLep_DYGTo2LG_MLL4to50_PTG100to200.root
2025-10-02 21:25:04,023 - INFO - [2022] MISSING_CENTRAL: SR3Mu/Central/stack/phi in Skim_TriLep_DYGTo2LG_MLL4to50_PTG200toInf.root
2025-10-02 21:25:04,037 - INFO - [2022] MISSING_CENTRAL: SR3Mu/Central/stack/phi in Skim_TriLep_DYGTo2LG_MLL50_PTG100to200.root
2025-10-02 21:25:04,211 - INFO - [2022EE] MISSING_CENTRAL: SR3Mu/Central/stack/phi in Skim_TriLep_DYJets10to50.root
2025-10-02 21:25:04,249 - INFO - [2022EE] MISSING_CENTRAL: SR3Mu/Central/stack/phi in Skim_TriLep_DYGTo2LG_MLL50_PTG100to200.root
2025-10-02 21:25:04,453 - INFO - [2023] MISSING_CENTRAL: SR3Mu/Central/stack/phi in Skim_TriLep_DYJets10to50.root
2025-10-02 21:25:04,717 - INFO - [2023BPix] MISSING_CENTRAL: SR3Mu/Central/stack/phi in Skim_TriLep_DYJets10to50.root
2025-10-03 00:46:19,099 - INFO - [2022] MISSING_CENTRAL: SR3Mu/Central/stack/phi in Skim_TriLep_DYJets.root
2025-10-03 00:46:19,101 - INFO - [2022] MISSING_CENTRAL: SR3Mu/Central/stack/phi in Skim_TriLep_DYJets10to50.root
2025-10-03 00:46:19,101 - INFO - [2022] MISSING_CENTRAL: SR3Mu/Central/stack/phi in Skim_TriLep_DYGTo2LG_MLL4to50_PTG10to100.root
2025-10-03 00:46:19,102 - INFO - [2022] MISSING_CENTRAL: SR3Mu/Central/stack/phi in Skim_TriLep_DYGTo2LG_MLL4to50_PTG100to200.root
2025-10-03 00:46:19,103 - INFO - [2022] MISSING_CENTRAL: SR3Mu/Central/stack/phi in Skim_TriLep_DYGTo2LG_MLL4to50_PTG200toInf.root
2025-10-03 00:46:19,124 - INFO - [2022] MISSING_CENTRAL: SR3Mu/Central/stack/phi in Skim_TriLep_DYGTo2LG_MLL50_PTG100to200.root
2025-10-03 00:46:19,321 - INFO - [2022EE] MISSING_CENTRAL: SR3Mu/Central/stack/phi in Skim_TriLep_DYJets10to50.root
2025-10-03 00:46:19,358 - INFO - [2022EE] MISSING_CENTRAL: SR3Mu/Central/stack/phi in Skim_TriLep_DYGTo2LG_MLL50_PTG100to200.root
2025-10-03 00:46:19,566 - INFO - [2023] MISSING_CENTRAL: SR3Mu/Central/stack/phi in Skim_TriLep_DYJets10to50.root
2025-10-03 00:46:19,823 - INFO - [2023BPix] MISSING_CENTRAL: SR3Mu/Central/stack/phi in Skim_TriLep_DYJets10to50.root
