2026-01-12 23:04:57,305 - INFO - [2017] MISSING_CENTRAL: TTZ2E1Mu/Central/bjets/3/pz in Skim_TriLep_MuonEG_B.root
2026-01-12 23:04:57,306 - INFO - [2017] MISSING_CENTRAL: TTZ2E1Mu/Central/bjets/3/pz in Skim_TriLep_MuonEG_C.root
2026-01-12 23:04:57,355 - INFO - [2017] MISSING_CENTRAL: TTZ2E1Mu/Central/bjets/3/pz in Skim_TriLep_MuonEG_E.root
2026-01-12 23:04:57,357 - INFO - [2017] MISSING_CENTRAL: TTZ2E1Mu/Central/bjets/3/pz in Skim_TriLep_MuonEG_F.root
2026-01-12 23:04:57,385 - INFO - [2017] MISSING_CENTRAL: TTZ2E1Mu/Central/bjets/3/pz in Skim_TriLep_MuonEG_B.root
2026-01-12 23:04:57,404 - INFO - [2017] MISSING_CENTRAL: TTZ2E1Mu/Central/bjets/3/pz in Skim_TriLep_MuonEG_F.root
2026-01-12 23:04:57,406 - INFO - [2017] MISSING_CENTRAL: TTZ2E1Mu/Central/bjets/3/pz in Skim_TriLep_DYJets.root
2026-01-12 23:04:57,406 - INFO - [2017] MISSING_CENTRAL: TTZ2E1Mu/Central/bjets/3/pz in Skim_TriLep_DYJets10to50.root
2026-01-12 23:04:57,408 - INFO - [2017] MISSING_CENTRAL: TTZ2E1Mu/Central/bjets/3/pz in Skim_TriLep_TTG.root
2026-01-12 23:04:57,409 - INFO - [2017] MISSING_CENTRAL: TTZ2E1Mu/Central/bjets/3/pz in Skim_TriLep_WWG.root
2026-01-12 23:04:57,741 - INFO - [2017] MISSING_CENTRAL: TTZ2E1Mu/Central/bjets/3/pz in Skim_TriLep_WWW.root
2026-01-12 23:04:57,743 - INFO - [2017] MISSING_CENTRAL: TTZ2E1Mu/Central/bjets/3/pz in Skim_TriLep_WWZ.root
2026-01-12 23:04:57,862 - INFO - [2017] MISSING_CENTRAL: TTZ2E1Mu/Central/bjets/3/pz in Skim_TriLep_VBFHToZZTo4L.root
2026-01-12 23:04:57,863 - INFO - [2017] MISSING_CENTRAL: TTZ2E1Mu/Central/bjets/3/pz in Skim_TriLep_ggHToZZTo4L.root
2026-01-13 14:57:53,125 - INFO - [2017] MISSING_CENTRAL: TTZ2E1Mu/Central/bjets/3/pz in Skim_TriLep_MuonEG_B.root
2026-01-13 14:57:53,126 - INFO - [2017] MISSING_CENTRAL: TTZ2E1Mu/Central/bjets/3/pz in Skim_TriLep_MuonEG_C.root
2026-01-13 14:57:53,176 - INFO - [2017] MISSING_CENTRAL: TTZ2E1Mu/Central/bjets/3/pz in Skim_TriLep_MuonEG_E.root
2026-01-13 14:57:53,177 - INFO - [2017] MISSING_CENTRAL: TTZ2E1Mu/Central/bjets/3/pz in Skim_TriLep_MuonEG_F.root
2026-01-13 14:57:53,206 - INFO - [2017] MISSING_CENTRAL: TTZ2E1Mu/Central/bjets/3/pz in Skim_TriLep_MuonEG_B.root
2026-01-13 14:57:53,231 - INFO - [2017] MISSING_CENTRAL: TTZ2E1Mu/Central/bjets/3/pz in Skim_TriLep_MuonEG_F.root
2026-01-13 14:57:53,233 - INFO - [2017] MISSING_CENTRAL: TTZ2E1Mu/Central/bjets/3/pz in Skim_TriLep_DYJets.root
2026-01-13 14:57:53,234 - INFO - [2017] MISSING_CENTRAL: TTZ2E1Mu/Central/bjets/3/pz in Skim_TriLep_DYJets10to50.root
2026-01-13 14:57:53,235 - INFO - [2017] MISSING_CENTRAL: TTZ2E1Mu/Central/bjets/3/pz in Skim_TriLep_TTG.root
2026-01-13 14:57:53,237 - INFO - [2017] MISSING_CENTRAL: TTZ2E1Mu/Central/bjets/3/pz in Skim_TriLep_WWG.root
2026-01-13 14:57:53,464 - INFO - [2017] MISSING_CENTRAL: TTZ2E1Mu/Central/bjets/3/pz in Skim_TriLep_WWW.root
2026-01-13 14:57:53,473 - INFO - [2017] MISSING_CENTRAL: TTZ2E1Mu/Central/bjets/3/pz in Skim_TriLep_WWZ.root
2026-01-13 14:57:53,621 - INFO - [2017] MISSING_CENTRAL: TTZ2E1Mu/Central/bjets/3/pz in Skim_TriLep_VBFHToZZTo4L.root
2026-01-13 14:57:53,623 - INFO - [2017] MISSING_CENTRAL: TTZ2E1Mu/Central/bjets/3/pz in Skim_TriLep_ggHToZZTo4L.root
2026-01-16 18:58:33,274 - INFO - [2017] MISSING_CENTRAL: TTZ2E1Mu/Central/bjets/3/pz in Skim_TriLep_MuonEG_B.root
2026-01-16 18:58:33,275 - INFO - [2017] MISSING_CENTRAL: TTZ2E1Mu/Central/bjets/3/pz in Skim_TriLep_MuonEG_C.root
2026-01-16 18:58:33,311 - INFO - [2017] MISSING_CENTRAL: TTZ2E1Mu/Central/bjets/3/pz in Skim_TriLep_MuonEG_E.root
2026-01-16 18:58:33,311 - INFO - [2017] MISSING_CENTRAL: TTZ2E1Mu/Central/bjets/3/pz in Skim_TriLep_MuonEG_F.root
2026-01-16 18:58:33,335 - INFO - [2017] MISSING_CENTRAL: TTZ2E1Mu/Central/bjets/3/pz in Skim_TriLep_MuonEG_B.root
2026-01-16 18:58:33,347 - INFO - [2017] MISSING_CENTRAL: TTZ2E1Mu/Central/bjets/3/pz in Skim_TriLep_MuonEG_F.root
2026-01-16 18:58:33,347 - INFO - [2017] MISSING_CENTRAL: TTZ2E1Mu/Central/bjets/3/pz in Skim_TriLep_DYJets.root
2026-01-16 18:58:33,348 - INFO - [2017] MISSING_CENTRAL: TTZ2E1Mu/Central/bjets/3/pz in Skim_TriLep_DYJets10to50.root
2026-01-16 18:58:33,348 - INFO - [2017] MISSING_CENTRAL: TTZ2E1Mu/Central/bjets/3/pz in Skim_TriLep_TTG.root
2026-01-16 18:58:33,349 - INFO - [2017] MISSING_CENTRAL: TTZ2E1Mu/Central/bjets/3/pz in Skim_TriLep_WWG.root
2026-01-16 18:58:33,484 - INFO - [2017] MISSING_CENTRAL: TTZ2E1Mu/Central/bjets/3/pz in Skim_TriLep_WWW.root
2026-01-16 18:58:33,485 - INFO - [2017] MISSING_CENTRAL: TTZ2E1Mu/Central/bjets/3/pz in Skim_TriLep_WWZ.root
2026-01-16 18:58:33,554 - INFO - [2017] MISSING_CENTRAL: TTZ2E1Mu/Central/bjets/3/pz in Skim_TriLep_VBFHToZZTo4L.root
2026-01-16 18:58:33,555 - INFO - [2017] MISSING_CENTRAL: TTZ2E1Mu/Central/bjets/3/pz in Skim_TriLep_ggHToZZTo4L.root
2026-01-28 16:07:25,185 - INFO - [2017] MISSING_CENTRAL: TTZ2E1Mu/Central/bjets/3/pz in Skim_TriLep_MuonEG_B.root
2026-01-28 16:07:25,220 - INFO - [2017] MISSING_CENTRAL: TTZ2E1Mu/Central/bjets/3/pz in Skim_TriLep_MuonEG_E.root
2026-01-28 16:07:25,221 - INFO - [2017] MISSING_CENTRAL: TTZ2E1Mu/Central/bjets/3/pz in Skim_TriLep_MuonEG_F.root
2026-01-28 16:07:25,254 - INFO - [2017] MISSING_CENTRAL: TTZ2E1Mu/Central/bjets/3/pz in Skim_TriLep_MuonEG_B.root
2026-01-28 16:07:25,268 - INFO - [2017] MISSING_CENTRAL: TTZ2E1Mu/Central/bjets/3/pz in Skim_TriLep_DYJets.root
2026-01-28 16:07:25,269 - INFO - [2017] MISSING_CENTRAL: TTZ2E1Mu/Central/bjets/3/pz in Skim_TriLep_DYJets10to50.root
2026-01-28 16:07:25,270 - INFO - [2017] MISSING_CENTRAL: TTZ2E1Mu/Central/bjets/3/pz in Skim_TriLep_TTG.root
2026-01-28 16:07:25,271 - INFO - [2017] MISSING_CENTRAL: TTZ2E1Mu/Central/bjets/3/pz in Skim_TriLep_WWG.root
2026-01-28 16:07:25,495 - INFO - [2017] MISSING_CENTRAL: TTZ2E1Mu/Central/bjets/3/pz in Skim_TriLep_WWW.root
2026-01-28 16:07:25,496 - INFO - [2017] MISSING_CENTRAL: TTZ2E1Mu/Central/bjets/3/pz in Skim_TriLep_WWZ.root
2026-01-28 16:07:25,616 - INFO - [2017] MISSING_CENTRAL: TTZ2E1Mu/Central/bjets/3/pz in Skim_TriLep_ggHToZZTo4L.root
2026-01-28 17:18:52,997 - INFO - [2017] MISSING_CENTRAL: TTZ2E1Mu/Central/bjets/3/pz in Skim_TriLep_MuonEG_B.root
2026-01-28 17:18:53,031 - INFO - [2017] MISSING_CENTRAL: TTZ2E1Mu/Central/bjets/3/pz in Skim_TriLep_MuonEG_E.root
2026-01-28 17:18:53,032 - INFO - [2017] MISSING_CENTRAL: TTZ2E1Mu/Central/bjets/3/pz in Skim_TriLep_MuonEG_F.root
2026-01-28 17:18:53,066 - INFO - [2017] MISSING_CENTRAL: TTZ2E1Mu/Central/bjets/3/pz in Skim_TriLep_MuonEG_B.root
2026-01-28 17:18:53,080 - INFO - [2017] MISSING_CENTRAL: TTZ2E1Mu/Central/bjets/3/pz in Skim_TriLep_DYJets.root
2026-01-28 17:18:53,081 - INFO - [2017] MISSING_CENTRAL: TTZ2E1Mu/Central/bjets/3/pz in Skim_TriLep_DYJets10to50.root
2026-01-28 17:18:53,081 - INFO - [2017] MISSING_CENTRAL: TTZ2E1Mu/Central/bjets/3/pz in Skim_TriLep_TTG.root
2026-01-28 17:18:53,082 - INFO - [2017] MISSING_CENTRAL: TTZ2E1Mu/Central/bjets/3/pz in Skim_TriLep_WWG.root
2026-01-28 17:18:53,318 - INFO - [2017] MISSING_CENTRAL: TTZ2E1Mu/Central/bjets/3/pz in Skim_TriLep_WWW.root
2026-01-28 17:18:53,318 - INFO - [2017] MISSING_CENTRAL: TTZ2E1Mu/Central/bjets/3/pz in Skim_TriLep_WWZ.root
2026-01-28 17:18:53,443 - INFO - [2017] MISSING_CENTRAL: TTZ2E1Mu/Central/bjets/3/pz in Skim_TriLep_ggHToZZTo4L.root
2026-01-28 19:52:29,751 - INFO - [2017] MISSING_CENTRAL: TTZ2E1Mu/Central/bjets/3/pz in Skim_TriLep_MuonEG_B.root
2026-01-28 19:52:29,785 - INFO - [2017] MISSING_CENTRAL: TTZ2E1Mu/Central/bjets/3/pz in Skim_TriLep_MuonEG_E.root
2026-01-28 19:52:29,786 - INFO - [2017] MISSING_CENTRAL: TTZ2E1Mu/Central/bjets/3/pz in Skim_TriLep_MuonEG_F.root
2026-01-28 19:52:29,822 - INFO - [2017] MISSING_CENTRAL: TTZ2E1Mu/Central/bjets/3/pz in Skim_TriLep_MuonEG_B.root
2026-01-28 19:52:29,836 - INFO - [2017] MISSING_CENTRAL: TTZ2E1Mu/Central/bjets/3/pz in Skim_TriLep_DYJets.root
2026-01-28 19:52:29,837 - INFO - [2017] MISSING_CENTRAL: TTZ2E1Mu/Central/bjets/3/pz in Skim_TriLep_DYJets10to50.root
2026-01-28 19:52:29,838 - INFO - [2017] MISSING_CENTRAL: TTZ2E1Mu/Central/bjets/3/pz in Skim_TriLep_TTG.root
2026-01-28 19:52:29,838 - INFO - [2017] MISSING_CENTRAL: TTZ2E1Mu/Central/bjets/3/pz in Skim_TriLep_WWG.root
2026-01-28 19:52:30,062 - INFO - [2017] MISSING_CENTRAL: TTZ2E1Mu/Central/bjets/3/pz in Skim_TriLep_WWW.root
2026-01-28 19:52:30,063 - INFO - [2017] MISSING_CENTRAL: TTZ2E1Mu/Central/bjets/3/pz in Skim_TriLep_WWZ.root
2026-01-28 19:52:30,183 - INFO - [2017] MISSING_CENTRAL: TTZ2E1Mu/Central/bjets/3/pz in Skim_TriLep_ggHToZZTo4L.root
2026-01-29 07:09:54,616 - INFO - [2017] MISSING_CENTRAL: TTZ2E1Mu/Central/bjets/3/pz in Skim_TriLep_MuonEG_B.root
2026-01-29 07:09:54,651 - INFO - [2017] MISSING_CENTRAL: TTZ2E1Mu/Central/bjets/3/pz in Skim_TriLep_MuonEG_E.root
2026-01-29 07:09:54,652 - INFO - [2017] MISSING_CENTRAL: TTZ2E1Mu/Central/bjets/3/pz in Skim_TriLep_MuonEG_F.root
2026-01-29 07:09:54,682 - INFO - [2017] MISSING_CENTRAL: TTZ2E1Mu/Central/bjets/3/pz in Skim_TriLep_MuonEG_B.root
2026-01-29 07:09:54,694 - INFO - [2017] MISSING_CENTRAL: TTZ2E1Mu/Central/bjets/3/pz in Skim_TriLep_DYJets.root
2026-01-29 07:09:54,694 - INFO - [2017] MISSING_CENTRAL: TTZ2E1Mu/Central/bjets/3/pz in Skim_TriLep_DYJets10to50.root
2026-01-29 07:09:54,695 - INFO - [2017] MISSING_CENTRAL: TTZ2E1Mu/Central/bjets/3/pz in Skim_TriLep_TTG.root
2026-01-29 07:09:54,695 - INFO - [2017] MISSING_CENTRAL: TTZ2E1Mu/Central/bjets/3/pz in Skim_TriLep_WWG.root
2026-01-29 07:09:54,840 - INFO - [2017] MISSING_CENTRAL: TTZ2E1Mu/Central/bjets/3/pz in Skim_TriLep_WWW.root
2026-01-29 07:09:54,841 - INFO - [2017] MISSING_CENTRAL: TTZ2E1Mu/Central/bjets/3/pz in Skim_TriLep_WWZ.root
2026-01-29 07:09:54,918 - INFO - [2017] MISSING_CENTRAL: TTZ2E1Mu/Central/bjets/3/pz in Skim_TriLep_ggHToZZTo4L.root
