2025-09-24 16:09:47,655 - INFO - [2023] MISSING_CENTRAL: WZ3Mu/Central/jets/3/eta in Skim_TriLep_Muon0_C_v2.root
2025-09-24 16:09:47,656 - INFO - [2023] MISSING_CENTRAL: WZ3Mu/Central/jets/3/eta in Skim_TriLep_Muon1_C_v3.root
2025-09-24 16:09:47,657 - INFO - [2023BPix] MISSING_CENTRAL: WZ3Mu/Central/jets/3/eta in Skim_TriLep_Muon1_D_v2.root
2025-09-24 16:09:47,667 - INFO - [2022] MISSING_CENTRAL: WZ3Mu/Central/jets/3/eta in Skim_TriLep_DYJets.root
2025-09-24 16:09:47,668 - INFO - [2022] MISSING_CENTRAL: WZ3Mu/Central/jets/3/eta in Skim_TriLep_DYJets10to50.root
2025-09-24 16:09:47,668 - INFO - [2022] MISSING_CENTRAL: WZ3Mu/Central/jets/3/eta in Skim_TriLep_DYGTo2LG_MLL4to50_PTG10to100.root
2025-09-24 16:09:47,668 - INFO - [2022] MISSING_CENTRAL: WZ3Mu/Central/jets/3/eta in Skim_TriLep_DYGTo2LG_MLL4to50_PTG100to200.root
2025-09-24 16:09:47,668 - INFO - [2022] MISSING_CENTRAL: WZ3Mu/Central/jets/3/eta in Skim_TriLep_DYGTo2LG_MLL4to50_PTG200toInf.root
2025-09-24 16:09:47,669 - INFO - [2022] MISSING_CENTRAL: WZ3Mu/Central/jets/3/eta in Skim_TriLep_DYGTo2LG_MLL50_PTG10to100.root
2025-09-24 16:09:47,671 - INFO - [2022] MISSING_CENTRAL: WZ3Mu/Central/jets/3/eta in Skim_TriLep_DYGTo2LG_MLL50_PTG100to200.root
2025-09-24 16:09:47,672 - INFO - [2022] MISSING_CENTRAL: WZ3Mu/Central/jets/3/eta in Skim_TriLep_DYGTo2LG_MLL50_PTG200toInf.root
2025-09-24 16:09:47,678 - INFO - [2022] MISSING_CENTRAL: WZ3Mu/Central/jets/3/eta in Skim_TriLep_TTG_PTG100to200.root
2025-09-24 16:09:47,678 - INFO - [2022] MISSING_CENTRAL: WZ3Mu/Central/jets/3/eta in Skim_TriLep_TTG_PTG200toInf.root
2025-09-24 16:09:47,678 - INFO - [2022] MISSING_CENTRAL: WZ3Mu/Central/jets/3/eta in Skim_TriLep_TTWToLNu.root
2025-09-24 16:09:47,701 - INFO - [2022] MISSING_CENTRAL: WZ3Mu/Central/jets/3/eta in Skim_TriLep_WWW.root
2025-09-24 16:09:47,723 - INFO - [2022EE] MISSING_CENTRAL: WZ3Mu/Central/jets/3/eta in Skim_TriLep_DYJets.root
2025-09-24 16:09:47,724 - INFO - [2022EE] MISSING_CENTRAL: WZ3Mu/Central/jets/3/eta in Skim_TriLep_DYJets10to50.root
2025-09-24 16:09:47,724 - INFO - [2022EE] MISSING_CENTRAL: WZ3Mu/Central/jets/3/eta in Skim_TriLep_DYGTo2LG_MLL4to50_PTG10to100.root
2025-09-24 16:09:47,724 - INFO - [2022EE] MISSING_CENTRAL: WZ3Mu/Central/jets/3/eta in Skim_TriLep_DYGTo2LG_MLL4to50_PTG100to200.root
2025-09-24 16:09:47,724 - INFO - [2022EE] MISSING_CENTRAL: WZ3Mu/Central/jets/3/eta in Skim_TriLep_DYGTo2LG_MLL4to50_PTG200toInf.root
2025-09-24 16:09:47,725 - INFO - [2022EE] MISSING_CENTRAL: WZ3Mu/Central/jets/3/eta in Skim_TriLep_DYGTo2LG_MLL50_PTG10to100.root
2025-09-24 16:09:47,725 - INFO - [2022EE] MISSING_CENTRAL: WZ3Mu/Central/jets/3/eta in Skim_TriLep_DYGTo2LG_MLL50_PTG100to200.root
2025-09-24 16:09:47,725 - INFO - [2022EE] MISSING_CENTRAL: WZ3Mu/Central/jets/3/eta in Skim_TriLep_DYGTo2LG_MLL50_PTG200toInf.root
2025-09-24 16:09:47,726 - INFO - [2022EE] MISSING_CENTRAL: WZ3Mu/Central/jets/3/eta in Skim_TriLep_TTG_PTG10to100.root
2025-09-24 16:09:47,726 - INFO - [2022EE] MISSING_CENTRAL: WZ3Mu/Central/jets/3/eta in Skim_TriLep_TTG_PTG100to200.root
2025-09-24 16:09:47,726 - INFO - [2022EE] MISSING_CENTRAL: WZ3Mu/Central/jets/3/eta in Skim_TriLep_TTG_PTG200toInf.root
2025-09-24 16:09:47,812 - INFO - [2023] MISSING_CENTRAL: WZ3Mu/Central/jets/3/eta in Skim_TriLep_Muon0_C_v2.root
2025-09-24 16:09:47,813 - INFO - [2023] MISSING_CENTRAL: WZ3Mu/Central/jets/3/eta in Skim_TriLep_Muon1_C_v2.root
2025-09-24 16:09:47,814 - INFO - [2023] MISSING_CENTRAL: WZ3Mu/Central/jets/3/eta in Skim_TriLep_Muon1_C_v3.root
2025-09-24 16:09:47,814 - INFO - [2023] MISSING_CENTRAL: WZ3Mu/Central/jets/3/eta in Skim_TriLep_DYJets.root
2025-09-24 16:09:47,815 - INFO - [2023] MISSING_CENTRAL: WZ3Mu/Central/jets/3/eta in Skim_TriLep_DYJets10to50.root
2025-09-24 16:09:47,815 - INFO - [2023] MISSING_CENTRAL: WZ3Mu/Central/jets/3/eta in Skim_TriLep_DYGTo2LG_MLL4to50_PTG10to100.root
2025-09-24 16:09:47,818 - INFO - [2023] MISSING_CENTRAL: WZ3Mu/Central/jets/3/eta in Skim_TriLep_DYGTo2LG_MLL4to50_PTG200toInf.root
2025-09-24 16:09:47,826 - INFO - [2023] MISSING_CENTRAL: WZ3Mu/Central/jets/3/eta in Skim_TriLep_DYGTo2LG_MLL50_PTG200to400.root
2025-09-24 16:09:47,833 - INFO - [2023] MISSING_CENTRAL: WZ3Mu/Central/jets/3/eta in Skim_TriLep_TTG_PTG10to100.root
2025-09-24 16:09:47,834 - INFO - [2023] MISSING_CENTRAL: WZ3Mu/Central/jets/3/eta in Skim_TriLep_TTG_PTG100to200.root
2025-09-24 16:09:47,834 - INFO - [2023] MISSING_CENTRAL: WZ3Mu/Central/jets/3/eta in Skim_TriLep_TTG_PTG200toInf.root
2025-09-24 16:09:47,834 - INFO - [2023] MISSING_CENTRAL: WZ3Mu/Central/jets/3/eta in Skim_TriLep_TTWToLNu.root
2025-09-24 16:09:47,860 - INFO - [2023] MISSING_CENTRAL: WZ3Mu/Central/jets/3/eta in Skim_TriLep_WWW.root
2025-09-24 16:09:47,894 - INFO - [2023BPix] MISSING_CENTRAL: WZ3Mu/Central/jets/3/eta in Skim_TriLep_DYJets.root
2025-09-24 16:09:47,894 - INFO - [2023BPix] MISSING_CENTRAL: WZ3Mu/Central/jets/3/eta in Skim_TriLep_DYJets10to50.root
2025-09-24 16:09:47,894 - INFO - [2023BPix] MISSING_CENTRAL: WZ3Mu/Central/jets/3/eta in Skim_TriLep_DYGTo2LG_MLL4to50_PTG10to100.root
2025-09-24 16:09:47,895 - INFO - [2023BPix] MISSING_CENTRAL: WZ3Mu/Central/jets/3/eta in Skim_TriLep_DYGTo2LG_MLL4to50_PTG100to200.root
2025-09-24 16:09:47,895 - INFO - [2023BPix] MISSING_CENTRAL: WZ3Mu/Central/jets/3/eta in Skim_TriLep_DYGTo2LG_MLL4to50_PTG200toInf.root
2025-09-24 16:09:47,895 - INFO - [2023BPix] MISSING_CENTRAL: WZ3Mu/Central/jets/3/eta in Skim_TriLep_DYGTo2LG_MLL50_PTG10to100.root
2025-09-24 16:09:47,896 - INFO - [2023BPix] MISSING_CENTRAL: WZ3Mu/Central/jets/3/eta in Skim_TriLep_DYGTo2LG_MLL50_PTG100to200.root
2025-09-24 16:09:47,906 - INFO - [2023BPix] MISSING_CENTRAL: WZ3Mu/Central/jets/3/eta in Skim_TriLep_TTG_PTG10to100.root
2025-09-24 16:09:47,950 - INFO - [2023BPix] MISSING_CENTRAL: WZ3Mu/Central/jets/3/eta in Skim_TriLep_TTG_PTG200toInf.root
2025-09-24 16:09:48,162 - INFO - [2023BPix] MISSING_CENTRAL: WZ3Mu/Central/jets/3/eta in Skim_TriLep_WWW.root
2025-09-24 16:10:00,642 - INFO - [2023] MISSING_CENTRAL: WZ3Mu/Central/jets/3/eta in Skim_TriLep_Muon0_C_v2.root
2025-09-24 16:10:00,643 - INFO - [2023] MISSING_CENTRAL: WZ3Mu/Central/jets/3/eta in Skim_TriLep_Muon1_C_v3.root
2025-09-24 16:10:00,644 - INFO - [2023BPix] MISSING_CENTRAL: WZ3Mu/Central/jets/3/eta in Skim_TriLep_Muon1_D_v2.root
2025-09-24 16:10:00,650 - INFO - [2022] MISSING_CENTRAL: WZ3Mu/Central/jets/3/eta in Skim_TriLep_DYJets.root
2025-09-24 16:10:00,650 - INFO - [2022] MISSING_CENTRAL: WZ3Mu/Central/jets/3/eta in Skim_TriLep_DYJets10to50.root
2025-09-24 16:10:00,651 - INFO - [2022] MISSING_CENTRAL: WZ3Mu/Central/jets/3/eta in Skim_TriLep_DYGTo2LG_MLL4to50_PTG10to100.root
2025-09-24 16:10:00,651 - INFO - [2022] MISSING_CENTRAL: WZ3Mu/Central/jets/3/eta in Skim_TriLep_DYGTo2LG_MLL4to50_PTG100to200.root
2025-09-24 16:10:00,651 - INFO - [2022] MISSING_CENTRAL: WZ3Mu/Central/jets/3/eta in Skim_TriLep_DYGTo2LG_MLL4to50_PTG200toInf.root
2025-09-24 16:10:00,651 - INFO - [2022] MISSING_CENTRAL: WZ3Mu/Central/jets/3/eta in Skim_TriLep_DYGTo2LG_MLL50_PTG10to100.root
2025-09-24 16:10:00,652 - INFO - [2022] MISSING_CENTRAL: WZ3Mu/Central/jets/3/eta in Skim_TriLep_DYGTo2LG_MLL50_PTG100to200.root
2025-09-24 16:10:00,652 - INFO - [2022] MISSING_CENTRAL: WZ3Mu/Central/jets/3/eta in Skim_TriLep_DYGTo2LG_MLL50_PTG200toInf.root
2025-09-24 16:10:00,652 - INFO - [2022] MISSING_CENTRAL: WZ3Mu/Central/jets/3/eta in Skim_TriLep_TTG_PTG100to200.root
2025-09-24 16:10:00,652 - INFO - [2022] MISSING_CENTRAL: WZ3Mu/Central/jets/3/eta in Skim_TriLep_TTG_PTG200toInf.root
2025-09-24 16:10:00,653 - INFO - [2022] MISSING_CENTRAL: WZ3Mu/Central/jets/3/eta in Skim_TriLep_TTWToLNu.root
2025-09-24 16:10:00,654 - INFO - [2022] MISSING_FILE: /Users/choij/Sync/workspace/ChargedHiggsAnalysisV3/SKNanoOutput/CRPromptSelector/Run3Mu_RunNoWZSF_RunSyst/2022/Skim_TriLep_ZZTo4L_powheg.root
2025-09-24 16:10:00,696 - INFO - [2022] MISSING_CENTRAL: WZ3Mu/Central/jets/3/eta in Skim_TriLep_WWW.root
2025-09-24 16:10:00,698 - INFO - [2022] MISSING_FILE: /Users/choij/Sync/workspace/ChargedHiggsAnalysisV3/SKNanoOutput/CRPromptSelector/Run3Mu_RunNoWZSF_RunSyst/2022/Skim_TriLep_VBFHToZZTo4L.root
2025-09-24 16:10:00,698 - INFO - [2022] MISSING_FILE: /Users/choij/Sync/workspace/ChargedHiggsAnalysisV3/SKNanoOutput/CRPromptSelector/Run3Mu_RunNoWZSF_RunSyst/2022/Skim_TriLep_ggHToZZTo4L.root
2025-09-24 16:10:00,699 - INFO - [2022EE] MISSING_CENTRAL: WZ3Mu/Central/jets/3/eta in Skim_TriLep_DYJets.root
2025-09-24 16:10:00,699 - INFO - [2022EE] MISSING_CENTRAL: WZ3Mu/Central/jets/3/eta in Skim_TriLep_DYJets10to50.root
2025-09-24 16:10:00,699 - INFO - [2022EE] MISSING_CENTRAL: WZ3Mu/Central/jets/3/eta in Skim_TriLep_DYGTo2LG_MLL4to50_PTG10to100.root
2025-09-24 16:10:00,700 - INFO - [2022EE] MISSING_CENTRAL: WZ3Mu/Central/jets/3/eta in Skim_TriLep_DYGTo2LG_MLL4to50_PTG100to200.root
2025-09-24 16:10:00,700 - INFO - [2022EE] MISSING_CENTRAL: WZ3Mu/Central/jets/3/eta in Skim_TriLep_DYGTo2LG_MLL4to50_PTG200toInf.root
2025-09-24 16:10:00,700 - INFO - [2022EE] MISSING_CENTRAL: WZ3Mu/Central/jets/3/eta in Skim_TriLep_DYGTo2LG_MLL50_PTG10to100.root
2025-09-24 16:10:00,701 - INFO - [2022EE] MISSING_CENTRAL: WZ3Mu/Central/jets/3/eta in Skim_TriLep_DYGTo2LG_MLL50_PTG100to200.root
2025-09-24 16:10:00,701 - INFO - [2022EE] MISSING_CENTRAL: WZ3Mu/Central/jets/3/eta in Skim_TriLep_DYGTo2LG_MLL50_PTG200toInf.root
2025-09-24 16:10:00,701 - INFO - [2022EE] MISSING_CENTRAL: WZ3Mu/Central/jets/3/eta in Skim_TriLep_TTG_PTG10to100.root
2025-09-24 16:10:00,701 - INFO - [2022EE] MISSING_CENTRAL: WZ3Mu/Central/jets/3/eta in Skim_TriLep_TTG_PTG100to200.root
2025-09-24 16:10:00,702 - INFO - [2022EE] MISSING_CENTRAL: WZ3Mu/Central/jets/3/eta in Skim_TriLep_TTG_PTG200toInf.root
2025-09-24 16:10:00,703 - INFO - [2022EE] MISSING_FILE: /Users/choij/Sync/workspace/ChargedHiggsAnalysisV3/SKNanoOutput/CRPromptSelector/Run3Mu_RunNoWZSF_RunSyst/2022EE/Skim_TriLep_ZZTo4L_powheg.root
2025-09-24 16:10:00,705 - INFO - [2022EE] MISSING_FILE: /Users/choij/Sync/workspace/ChargedHiggsAnalysisV3/SKNanoOutput/CRPromptSelector/Run3Mu_RunNoWZSF_RunSyst/2022EE/Skim_TriLep_VBFHToZZTo4L.root
2025-09-24 16:10:00,705 - INFO - [2022EE] MISSING_FILE: /Users/choij/Sync/workspace/ChargedHiggsAnalysisV3/SKNanoOutput/CRPromptSelector/Run3Mu_RunNoWZSF_RunSyst/2022EE/Skim_TriLep_ggHToZZTo4L.root
2025-09-24 16:10:00,705 - INFO - [2023] MISSING_CENTRAL: WZ3Mu/Central/jets/3/eta in Skim_TriLep_Muon0_C_v2.root
2025-09-24 16:10:00,706 - INFO - [2023] MISSING_CENTRAL: WZ3Mu/Central/jets/3/eta in Skim_TriLep_Muon1_C_v2.root
2025-09-24 16:10:00,707 - INFO - [2023] MISSING_CENTRAL: WZ3Mu/Central/jets/3/eta in Skim_TriLep_Muon1_C_v3.root
2025-09-24 16:10:00,707 - INFO - [2023] MISSING_CENTRAL: WZ3Mu/Central/jets/3/eta in Skim_TriLep_DYJets.root
2025-09-24 16:10:00,707 - INFO - [2023] MISSING_CENTRAL: WZ3Mu/Central/jets/3/eta in Skim_TriLep_DYJets10to50.root
2025-09-24 16:10:00,708 - INFO - [2023] MISSING_CENTRAL: WZ3Mu/Central/jets/3/eta in Skim_TriLep_DYGTo2LG_MLL4to50_PTG10to100.root
2025-09-24 16:10:00,708 - INFO - [2023] MISSING_CENTRAL: WZ3Mu/Central/jets/3/eta in Skim_TriLep_DYGTo2LG_MLL4to50_PTG200toInf.root
2025-09-24 16:10:00,709 - INFO - [2023] MISSING_CENTRAL: WZ3Mu/Central/jets/3/eta in Skim_TriLep_DYGTo2LG_MLL50_PTG200to400.root
2025-09-24 16:10:00,718 - INFO - [2023] MISSING_CENTRAL: WZ3Mu/Central/jets/3/eta in Skim_TriLep_TTG_PTG10to100.root
2025-09-24 16:10:00,718 - INFO - [2023] MISSING_CENTRAL: WZ3Mu/Central/jets/3/eta in Skim_TriLep_TTG_PTG100to200.root
2025-09-24 16:10:00,718 - INFO - [2023] MISSING_CENTRAL: WZ3Mu/Central/jets/3/eta in Skim_TriLep_TTG_PTG200toInf.root
2025-09-24 16:10:00,718 - INFO - [2023] MISSING_CENTRAL: WZ3Mu/Central/jets/3/eta in Skim_TriLep_TTWToLNu.root
2025-09-24 16:10:00,719 - INFO - [2023] MISSING_FILE: /Users/choij/Sync/workspace/ChargedHiggsAnalysisV3/SKNanoOutput/CRPromptSelector/Run3Mu_RunNoWZSF_RunSyst/2023/Skim_TriLep_ZZTo4L_powheg.root
2025-09-24 16:10:00,720 - INFO - [2023] MISSING_CENTRAL: WZ3Mu/Central/jets/3/eta in Skim_TriLep_WWW.root
2025-09-24 16:10:00,722 - INFO - [2023] MISSING_FILE: /Users/choij/Sync/workspace/ChargedHiggsAnalysisV3/SKNanoOutput/CRPromptSelector/Run3Mu_RunNoWZSF_RunSyst/2023/Skim_TriLep_VBFHToZZTo4L.root
2025-09-24 16:10:00,722 - INFO - [2023] MISSING_FILE: /Users/choij/Sync/workspace/ChargedHiggsAnalysisV3/SKNanoOutput/CRPromptSelector/Run3Mu_RunNoWZSF_RunSyst/2023/Skim_TriLep_ggHToZZTo4L.root
2025-09-24 16:10:00,723 - INFO - [2023BPix] MISSING_CENTRAL: WZ3Mu/Central/jets/3/eta in Skim_TriLep_DYJets.root
2025-09-24 16:10:00,723 - INFO - [2023BPix] MISSING_CENTRAL: WZ3Mu/Central/jets/3/eta in Skim_TriLep_DYJets10to50.root
2025-09-24 16:10:00,724 - INFO - [2023BPix] MISSING_CENTRAL: WZ3Mu/Central/jets/3/eta in Skim_TriLep_DYGTo2LG_MLL4to50_PTG10to100.root
2025-09-24 16:10:00,724 - INFO - [2023BPix] MISSING_CENTRAL: WZ3Mu/Central/jets/3/eta in Skim_TriLep_DYGTo2LG_MLL4to50_PTG100to200.root
2025-09-24 16:10:00,724 - INFO - [2023BPix] MISSING_CENTRAL: WZ3Mu/Central/jets/3/eta in Skim_TriLep_DYGTo2LG_MLL4to50_PTG200toInf.root
2025-09-24 16:10:00,725 - INFO - [2023BPix] MISSING_CENTRAL: WZ3Mu/Central/jets/3/eta in Skim_TriLep_DYGTo2LG_MLL50_PTG10to100.root
2025-09-24 16:10:00,725 - INFO - [2023BPix] MISSING_CENTRAL: WZ3Mu/Central/jets/3/eta in Skim_TriLep_DYGTo2LG_MLL50_PTG100to200.root
2025-09-24 16:10:00,726 - INFO - [2023BPix] MISSING_CENTRAL: WZ3Mu/Central/jets/3/eta in Skim_TriLep_TTG_PTG10to100.root
2025-09-24 16:10:00,726 - INFO - [2023BPix] MISSING_CENTRAL: WZ3Mu/Central/jets/3/eta in Skim_TriLep_TTG_PTG200toInf.root
2025-09-24 16:10:00,728 - INFO - [2023BPix] MISSING_FILE: /Users/choij/Sync/workspace/ChargedHiggsAnalysisV3/SKNanoOutput/CRPromptSelector/Run3Mu_RunNoWZSF_RunSyst/2023BPix/Skim_TriLep_ZZTo4L_powheg.root
2025-09-24 16:10:00,729 - INFO - [2023BPix] MISSING_CENTRAL: WZ3Mu/Central/jets/3/eta in Skim_TriLep_WWW.root
2025-09-24 16:10:00,730 - INFO - [2023BPix] MISSING_FILE: /Users/choij/Sync/workspace/ChargedHiggsAnalysisV3/SKNanoOutput/CRPromptSelector/Run3Mu_RunNoWZSF_RunSyst/2023BPix/Skim_TriLep_VBFHToZZTo4L.root
2025-09-24 16:10:00,730 - INFO - [2023BPix] MISSING_FILE: /Users/choij/Sync/workspace/ChargedHiggsAnalysisV3/SKNanoOutput/CRPromptSelector/Run3Mu_RunNoWZSF_RunSyst/2023BPix/Skim_TriLep_ggHToZZTo4L.root
