2025-09-24 16:09:46,108 - INFO - [2022] MISSING_CENTRAL: WZ3Mu/Central/jets/2/mass in Skim_TriLep_DYJets.root
2025-09-24 16:09:46,108 - INFO - [2022] MISSING_CENTRAL: WZ3Mu/Central/jets/2/mass in Skim_TriLep_DYJets10to50.root
2025-09-24 16:09:46,108 - INFO - [2022] MISSING_CENTRAL: WZ3Mu/Central/jets/2/mass in Skim_TriLep_DYGTo2LG_MLL4to50_PTG10to100.root
2025-09-24 16:09:46,109 - INFO - [2022] MISSING_CENTRAL: WZ3Mu/Central/jets/2/mass in Skim_TriLep_DYGTo2LG_MLL4to50_PTG100to200.root
2025-09-24 16:09:46,109 - INFO - [2022] MISSING_CENTRAL: WZ3Mu/Central/jets/2/mass in Skim_TriLep_DYGTo2LG_MLL4to50_PTG200toInf.root
2025-09-24 16:09:46,119 - INFO - [2022] MISSING_CENTRAL: WZ3Mu/Central/jets/2/mass in Skim_TriLep_DYGTo2LG_MLL50_PTG100to200.root
2025-09-24 16:09:46,131 - INFO - [2022] MISSING_CENTRAL: WZ3Mu/Central/jets/2/mass in Skim_TriLep_DYGTo2LG_MLL50_PTG200toInf.root
2025-09-24 16:09:46,136 - INFO - [2022] MISSING_CENTRAL: WZ3Mu/Central/jets/2/mass in Skim_TriLep_TTG_PTG100to200.root
2025-09-24 16:09:46,136 - INFO - [2022] MISSING_CENTRAL: WZ3Mu/Central/jets/2/mass in Skim_TriLep_TTG_PTG200toInf.root
2025-09-24 16:09:46,333 - INFO - [2022EE] MISSING_CENTRAL: WZ3Mu/Central/jets/2/mass in Skim_TriLep_DYJets.root
2025-09-24 16:09:46,338 - INFO - [2022EE] MISSING_CENTRAL: WZ3Mu/Central/jets/2/mass in Skim_TriLep_DYJets10to50.root
2025-09-24 16:09:46,338 - INFO - [2022EE] MISSING_CENTRAL: WZ3Mu/Central/jets/2/mass in Skim_TriLep_DYGTo2LG_MLL4to50_PTG10to100.root
2025-09-24 16:09:46,338 - INFO - [2022EE] MISSING_CENTRAL: WZ3Mu/Central/jets/2/mass in Skim_TriLep_DYGTo2LG_MLL4to50_PTG100to200.root
2025-09-24 16:09:46,339 - INFO - [2022EE] MISSING_CENTRAL: WZ3Mu/Central/jets/2/mass in Skim_TriLep_DYGTo2LG_MLL4to50_PTG200toInf.root
2025-09-24 16:09:46,533 - INFO - [2023] MISSING_CENTRAL: WZ3Mu/Central/jets/2/mass in Skim_TriLep_DYJets.root
2025-09-24 16:09:46,534 - INFO - [2023] MISSING_CENTRAL: WZ3Mu/Central/jets/2/mass in Skim_TriLep_DYJets10to50.root
2025-09-24 16:09:46,534 - INFO - [2023] MISSING_CENTRAL: WZ3Mu/Central/jets/2/mass in Skim_TriLep_DYGTo2LG_MLL4to50_PTG10to100.root
2025-09-24 16:09:46,578 - INFO - [2023] MISSING_CENTRAL: WZ3Mu/Central/jets/2/mass in Skim_TriLep_TTG_PTG100to200.root
2025-09-24 16:09:46,578 - INFO - [2023] MISSING_CENTRAL: WZ3Mu/Central/jets/2/mass in Skim_TriLep_TTG_PTG200toInf.root
2025-09-24 16:09:46,689 - INFO - [2023BPix] MISSING_SYSTEMATIC: WZ3Mu/JetEn_Down/jets/2/mass in Skim_TriLep_DYJets.root
2025-09-24 16:09:46,694 - INFO - [2023BPix] MISSING_CENTRAL: WZ3Mu/Central/jets/2/mass in Skim_TriLep_DYJets10to50.root
2025-09-24 16:09:46,694 - INFO - [2023BPix] MISSING_CENTRAL: WZ3Mu/Central/jets/2/mass in Skim_TriLep_DYGTo2LG_MLL4to50_PTG10to100.root
2025-09-24 16:09:46,700 - INFO - [2023BPix] MISSING_CENTRAL: WZ3Mu/Central/jets/2/mass in Skim_TriLep_DYGTo2LG_MLL4to50_PTG200toInf.root
2025-09-24 16:09:46,753 - INFO - [2023BPix] MISSING_CENTRAL: WZ3Mu/Central/jets/2/mass in Skim_TriLep_TTG_PTG200toInf.root
2025-09-24 16:09:58,695 - INFO - [2022] MISSING_CENTRAL: WZ3Mu/Central/jets/2/mass in Skim_TriLep_DYJets.root
2025-09-24 16:09:58,695 - INFO - [2022] MISSING_CENTRAL: WZ3Mu/Central/jets/2/mass in Skim_TriLep_DYJets10to50.root
2025-09-24 16:09:58,695 - INFO - [2022] MISSING_CENTRAL: WZ3Mu/Central/jets/2/mass in Skim_TriLep_DYGTo2LG_MLL4to50_PTG10to100.root
2025-09-24 16:09:58,695 - INFO - [2022] MISSING_CENTRAL: WZ3Mu/Central/jets/2/mass in Skim_TriLep_DYGTo2LG_MLL4to50_PTG100to200.root
2025-09-24 16:09:58,696 - INFO - [2022] MISSING_CENTRAL: WZ3Mu/Central/jets/2/mass in Skim_TriLep_DYGTo2LG_MLL4to50_PTG200toInf.root
2025-09-24 16:09:58,696 - INFO - [2022] MISSING_CENTRAL: WZ3Mu/Central/jets/2/mass in Skim_TriLep_DYGTo2LG_MLL50_PTG100to200.root
2025-09-24 16:09:58,696 - INFO - [2022] MISSING_CENTRAL: WZ3Mu/Central/jets/2/mass in Skim_TriLep_DYGTo2LG_MLL50_PTG200toInf.root
2025-09-24 16:09:58,697 - INFO - [2022] MISSING_CENTRAL: WZ3Mu/Central/jets/2/mass in Skim_TriLep_TTG_PTG100to200.root
2025-09-24 16:09:58,697 - INFO - [2022] MISSING_CENTRAL: WZ3Mu/Central/jets/2/mass in Skim_TriLep_TTG_PTG200toInf.root
2025-09-24 16:09:58,698 - INFO - [2022] MISSING_FILE: /Users/choij/Sync/workspace/ChargedHiggsAnalysisV3/SKNanoOutput/CRPromptSelector/Run3Mu_RunNoWZSF_RunSyst/2022/Skim_TriLep_ZZTo4L_powheg.root
2025-09-24 16:09:58,700 - INFO - [2022] MISSING_FILE: /Users/choij/Sync/workspace/ChargedHiggsAnalysisV3/SKNanoOutput/CRPromptSelector/Run3Mu_RunNoWZSF_RunSyst/2022/Skim_TriLep_VBFHToZZTo4L.root
2025-09-24 16:09:58,700 - INFO - [2022] MISSING_FILE: /Users/choij/Sync/workspace/ChargedHiggsAnalysisV3/SKNanoOutput/CRPromptSelector/Run3Mu_RunNoWZSF_RunSyst/2022/Skim_TriLep_ggHToZZTo4L.root
2025-09-24 16:09:58,701 - INFO - [2022EE] MISSING_CENTRAL: WZ3Mu/Central/jets/2/mass in Skim_TriLep_DYJets.root
2025-09-24 16:09:58,701 - INFO - [2022EE] MISSING_CENTRAL: WZ3Mu/Central/jets/2/mass in Skim_TriLep_DYJets10to50.root
2025-09-24 16:09:58,702 - INFO - [2022EE] MISSING_CENTRAL: WZ3Mu/Central/jets/2/mass in Skim_TriLep_DYGTo2LG_MLL4to50_PTG10to100.root
2025-09-24 16:09:58,702 - INFO - [2022EE] MISSING_CENTRAL: WZ3Mu/Central/jets/2/mass in Skim_TriLep_DYGTo2LG_MLL4to50_PTG100to200.root
2025-09-24 16:09:58,702 - INFO - [2022EE] MISSING_CENTRAL: WZ3Mu/Central/jets/2/mass in Skim_TriLep_DYGTo2LG_MLL4to50_PTG200toInf.root
2025-09-24 16:09:58,705 - INFO - [2022EE] MISSING_FILE: /Users/choij/Sync/workspace/ChargedHiggsAnalysisV3/SKNanoOutput/CRPromptSelector/Run3Mu_RunNoWZSF_RunSyst/2022EE/Skim_TriLep_ZZTo4L_powheg.root
2025-09-24 16:09:58,707 - INFO - [2022EE] MISSING_FILE: /Users/choij/Sync/workspace/ChargedHiggsAnalysisV3/SKNanoOutput/CRPromptSelector/Run3Mu_RunNoWZSF_RunSyst/2022EE/Skim_TriLep_VBFHToZZTo4L.root
2025-09-24 16:09:58,707 - INFO - [2022EE] MISSING_FILE: /Users/choij/Sync/workspace/ChargedHiggsAnalysisV3/SKNanoOutput/CRPromptSelector/Run3Mu_RunNoWZSF_RunSyst/2022EE/Skim_TriLep_ggHToZZTo4L.root
2025-09-24 16:09:58,710 - INFO - [2023] MISSING_CENTRAL: WZ3Mu/Central/jets/2/mass in Skim_TriLep_DYJets.root
2025-09-24 16:09:58,710 - INFO - [2023] MISSING_CENTRAL: WZ3Mu/Central/jets/2/mass in Skim_TriLep_DYJets10to50.root
2025-09-24 16:09:58,710 - INFO - [2023] MISSING_CENTRAL: WZ3Mu/Central/jets/2/mass in Skim_TriLep_DYGTo2LG_MLL4to50_PTG10to100.root
2025-09-24 16:09:58,713 - INFO - [2023] MISSING_CENTRAL: WZ3Mu/Central/jets/2/mass in Skim_TriLep_TTG_PTG100to200.root
2025-09-24 16:09:58,713 - INFO - [2023] MISSING_CENTRAL: WZ3Mu/Central/jets/2/mass in Skim_TriLep_TTG_PTG200toInf.root
2025-09-24 16:09:58,714 - INFO - [2023] MISSING_FILE: /Users/choij/Sync/workspace/ChargedHiggsAnalysisV3/SKNanoOutput/CRPromptSelector/Run3Mu_RunNoWZSF_RunSyst/2023/Skim_TriLep_ZZTo4L_powheg.root
2025-09-24 16:09:58,716 - INFO - [2023] MISSING_FILE: /Users/choij/Sync/workspace/ChargedHiggsAnalysisV3/SKNanoOutput/CRPromptSelector/Run3Mu_RunNoWZSF_RunSyst/2023/Skim_TriLep_VBFHToZZTo4L.root
2025-09-24 16:09:58,716 - INFO - [2023] MISSING_FILE: /Users/choij/Sync/workspace/ChargedHiggsAnalysisV3/SKNanoOutput/CRPromptSelector/Run3Mu_RunNoWZSF_RunSyst/2023/Skim_TriLep_ggHToZZTo4L.root
2025-09-24 16:09:58,718 - INFO - [2023BPix] MISSING_CENTRAL: WZ3Mu/Central/jets/2/mass in Skim_TriLep_DYJets10to50.root
2025-09-24 16:09:58,718 - INFO - [2023BPix] MISSING_CENTRAL: WZ3Mu/Central/jets/2/mass in Skim_TriLep_DYGTo2LG_MLL4to50_PTG10to100.root
2025-09-24 16:09:58,718 - INFO - [2023BPix] MISSING_CENTRAL: WZ3Mu/Central/jets/2/mass in Skim_TriLep_DYGTo2LG_MLL4to50_PTG200toInf.root
2025-09-24 16:09:58,721 - INFO - [2023BPix] MISSING_CENTRAL: WZ3Mu/Central/jets/2/mass in Skim_TriLep_TTG_PTG200toInf.root
2025-09-24 16:09:58,722 - INFO - [2023BPix] MISSING_FILE: /Users/choij/Sync/workspace/ChargedHiggsAnalysisV3/SKNanoOutput/CRPromptSelector/Run3Mu_RunNoWZSF_RunSyst/2023BPix/Skim_TriLep_ZZTo4L_powheg.root
2025-09-24 16:09:58,724 - INFO - [2023BPix] MISSING_FILE: /Users/choij/Sync/workspace/ChargedHiggsAnalysisV3/SKNanoOutput/CRPromptSelector/Run3Mu_RunNoWZSF_RunSyst/2023BPix/Skim_TriLep_VBFHToZZTo4L.root
2025-09-24 16:09:58,724 - INFO - [2023BPix] MISSING_FILE: /Users/choij/Sync/workspace/ChargedHiggsAnalysisV3/SKNanoOutput/CRPromptSelector/Run3Mu_RunNoWZSF_RunSyst/2023BPix/Skim_TriLep_ggHToZZTo4L.root
2025-10-02 21:24:28,066 - INFO - [2022] MISSING_CENTRAL: WZ3Mu/Central/jets/2/mass in Skim_TriLep_DYJets.root
2025-10-02 21:24:28,067 - INFO - [2022] MISSING_CENTRAL: WZ3Mu/Central/jets/2/mass in Skim_TriLep_DYJets10to50.root
2025-10-02 21:24:28,067 - INFO - [2022] MISSING_CENTRAL: WZ3Mu/Central/jets/2/mass in Skim_TriLep_DYGTo2LG_MLL4to50_PTG10to100.root
2025-10-02 21:24:28,068 - INFO - [2022] MISSING_CENTRAL: WZ3Mu/Central/jets/2/mass in Skim_TriLep_DYGTo2LG_MLL4to50_PTG100to200.root
2025-10-02 21:24:28,069 - INFO - [2022] MISSING_CENTRAL: WZ3Mu/Central/jets/2/mass in Skim_TriLep_DYGTo2LG_MLL4to50_PTG200toInf.root
2025-10-02 21:24:28,087 - INFO - [2022] MISSING_CENTRAL: WZ3Mu/Central/jets/2/mass in Skim_TriLep_DYGTo2LG_MLL50_PTG100to200.root
2025-10-02 21:24:28,088 - INFO - [2022] MISSING_CENTRAL: WZ3Mu/Central/jets/2/mass in Skim_TriLep_DYGTo2LG_MLL50_PTG200toInf.root
2025-10-02 21:24:28,100 - INFO - [2022] MISSING_CENTRAL: WZ3Mu/Central/jets/2/mass in Skim_TriLep_TTG_PTG100to200.root
2025-10-02 21:24:28,100 - INFO - [2022] MISSING_CENTRAL: WZ3Mu/Central/jets/2/mass in Skim_TriLep_TTG_PTG200toInf.root
2025-10-02 21:24:28,277 - INFO - [2022EE] MISSING_CENTRAL: WZ3Mu/Central/jets/2/mass in Skim_TriLep_DYJets.root
2025-10-02 21:24:28,278 - INFO - [2022EE] MISSING_CENTRAL: WZ3Mu/Central/jets/2/mass in Skim_TriLep_DYJets10to50.root
2025-10-02 21:24:28,279 - INFO - [2022EE] MISSING_CENTRAL: WZ3Mu/Central/jets/2/mass in Skim_TriLep_DYGTo2LG_MLL4to50_PTG10to100.root
2025-10-02 21:24:28,280 - INFO - [2022EE] MISSING_CENTRAL: WZ3Mu/Central/jets/2/mass in Skim_TriLep_DYGTo2LG_MLL4to50_PTG100to200.root
2025-10-02 21:24:28,281 - INFO - [2022EE] MISSING_CENTRAL: WZ3Mu/Central/jets/2/mass in Skim_TriLep_DYGTo2LG_MLL4to50_PTG200toInf.root
2025-10-02 21:24:28,545 - INFO - [2023] MISSING_CENTRAL: WZ3Mu/Central/jets/2/mass in Skim_TriLep_DYJets.root
2025-10-02 21:24:28,546 - INFO - [2023] MISSING_CENTRAL: WZ3Mu/Central/jets/2/mass in Skim_TriLep_DYJets10to50.root
2025-10-02 21:24:28,547 - INFO - [2023] MISSING_CENTRAL: WZ3Mu/Central/jets/2/mass in Skim_TriLep_DYGTo2LG_MLL4to50_PTG10to100.root
2025-10-02 21:24:28,646 - INFO - [2023] MISSING_CENTRAL: WZ3Mu/Central/jets/2/mass in Skim_TriLep_TTG_PTG100to200.root
2025-10-02 21:24:28,647 - INFO - [2023] MISSING_CENTRAL: WZ3Mu/Central/jets/2/mass in Skim_TriLep_TTG_PTG200toInf.root
2025-10-02 21:24:28,846 - INFO - [2023BPix] MISSING_SYSTEMATIC: WZ3Mu/JetEn_Down/jets/2/mass in Skim_TriLep_DYJets.root
2025-10-02 21:24:28,855 - INFO - [2023BPix] MISSING_CENTRAL: WZ3Mu/Central/jets/2/mass in Skim_TriLep_DYJets10to50.root
2025-10-02 21:24:28,857 - INFO - [2023BPix] MISSING_CENTRAL: WZ3Mu/Central/jets/2/mass in Skim_TriLep_DYGTo2LG_MLL4to50_PTG10to100.root
2025-10-02 21:24:28,871 - INFO - [2023BPix] MISSING_CENTRAL: WZ3Mu/Central/jets/2/mass in Skim_TriLep_DYGTo2LG_MLL4to50_PTG200toInf.root
2025-10-02 21:24:28,927 - INFO - [2023BPix] MISSING_CENTRAL: WZ3Mu/Central/jets/2/mass in Skim_TriLep_TTG_PTG200toInf.root
2025-10-02 21:24:34,320 - INFO - [2022] MISSING_CENTRAL: WZ3Mu/Central/jets/2/mass in Skim_TriLep_DYJets.root
2025-10-02 21:24:34,321 - INFO - [2022] MISSING_CENTRAL: WZ3Mu/Central/jets/2/mass in Skim_TriLep_DYJets10to50.root
2025-10-02 21:24:34,322 - INFO - [2022] MISSING_CENTRAL: WZ3Mu/Central/jets/2/mass in Skim_TriLep_DYGTo2LG_MLL4to50_PTG10to100.root
2025-10-02 21:24:34,323 - INFO - [2022] MISSING_CENTRAL: WZ3Mu/Central/jets/2/mass in Skim_TriLep_DYGTo2LG_MLL4to50_PTG100to200.root
2025-10-02 21:24:34,324 - INFO - [2022] MISSING_CENTRAL: WZ3Mu/Central/jets/2/mass in Skim_TriLep_DYGTo2LG_MLL4to50_PTG200toInf.root
2025-10-02 21:24:34,326 - INFO - [2022] MISSING_CENTRAL: WZ3Mu/Central/jets/2/mass in Skim_TriLep_DYGTo2LG_MLL50_PTG100to200.root
2025-10-02 21:24:34,327 - INFO - [2022] MISSING_CENTRAL: WZ3Mu/Central/jets/2/mass in Skim_TriLep_DYGTo2LG_MLL50_PTG200toInf.root
2025-10-02 21:24:34,329 - INFO - [2022] MISSING_CENTRAL: WZ3Mu/Central/jets/2/mass in Skim_TriLep_TTG_PTG100to200.root
2025-10-02 21:24:34,330 - INFO - [2022] MISSING_CENTRAL: WZ3Mu/Central/jets/2/mass in Skim_TriLep_TTG_PTG200toInf.root
2025-10-02 21:24:34,335 - INFO - [2022] MISSING_FILE: /data9/Users/choij/Sync/workspace/ChargedHiggsAnalysisV3/SKNanoOutput/CRPromptSelector/Run3Mu_RunNoWZSF_RunSyst/2022/Skim_TriLep_ZZTo4L_powheg.root
2025-10-02 21:24:34,342 - INFO - [2022] MISSING_FILE: /data9/Users/choij/Sync/workspace/ChargedHiggsAnalysisV3/SKNanoOutput/CRPromptSelector/Run3Mu_RunNoWZSF_RunSyst/2022/Skim_TriLep_VBFHToZZTo4L.root
2025-10-02 21:24:34,342 - INFO - [2022] MISSING_FILE: /data9/Users/choij/Sync/workspace/ChargedHiggsAnalysisV3/SKNanoOutput/CRPromptSelector/Run3Mu_RunNoWZSF_RunSyst/2022/Skim_TriLep_ggHToZZTo4L.root
2025-10-02 21:24:34,346 - INFO - [2022EE] MISSING_CENTRAL: WZ3Mu/Central/jets/2/mass in Skim_TriLep_DYJets.root
2025-10-02 21:24:34,347 - INFO - [2022EE] MISSING_CENTRAL: WZ3Mu/Central/jets/2/mass in Skim_TriLep_DYJets10to50.root
2025-10-02 21:24:34,348 - INFO - [2022EE] MISSING_CENTRAL: WZ3Mu/Central/jets/2/mass in Skim_TriLep_DYGTo2LG_MLL4to50_PTG10to100.root
2025-10-02 21:24:34,349 - INFO - [2022EE] MISSING_CENTRAL: WZ3Mu/Central/jets/2/mass in Skim_TriLep_DYGTo2LG_MLL4to50_PTG100to200.root
2025-10-02 21:24:34,350 - INFO - [2022EE] MISSING_CENTRAL: WZ3Mu/Central/jets/2/mass in Skim_TriLep_DYGTo2LG_MLL4to50_PTG200toInf.root
2025-10-02 21:24:34,361 - INFO - [2022EE] MISSING_FILE: /data9/Users/choij/Sync/workspace/ChargedHiggsAnalysisV3/SKNanoOutput/CRPromptSelector/Run3Mu_RunNoWZSF_RunSyst/2022EE/Skim_TriLep_ZZTo4L_powheg.root
2025-10-02 21:24:34,368 - INFO - [2022EE] MISSING_FILE: /data9/Users/choij/Sync/workspace/ChargedHiggsAnalysisV3/SKNanoOutput/CRPromptSelector/Run3Mu_RunNoWZSF_RunSyst/2022EE/Skim_TriLep_VBFHToZZTo4L.root
2025-10-02 21:24:34,368 - INFO - [2022EE] MISSING_FILE: /data9/Users/choij/Sync/workspace/ChargedHiggsAnalysisV3/SKNanoOutput/CRPromptSelector/Run3Mu_RunNoWZSF_RunSyst/2022EE/Skim_TriLep_ggHToZZTo4L.root
2025-10-02 21:24:34,377 - INFO - [2023] MISSING_CENTRAL: WZ3Mu/Central/jets/2/mass in Skim_TriLep_DYJets.root
2025-10-02 21:24:34,377 - INFO - [2023] MISSING_CENTRAL: WZ3Mu/Central/jets/2/mass in Skim_TriLep_DYJets10to50.root
2025-10-02 21:24:34,379 - INFO - [2023] MISSING_CENTRAL: WZ3Mu/Central/jets/2/mass in Skim_TriLep_DYGTo2LG_MLL4to50_PTG10to100.root
2025-10-02 21:24:34,389 - INFO - [2023] MISSING_CENTRAL: WZ3Mu/Central/jets/2/mass in Skim_TriLep_TTG_PTG100to200.root
2025-10-02 21:24:34,390 - INFO - [2023] MISSING_CENTRAL: WZ3Mu/Central/jets/2/mass in Skim_TriLep_TTG_PTG200toInf.root
2025-10-02 21:24:34,395 - INFO - [2023] MISSING_FILE: /data9/Users/choij/Sync/workspace/ChargedHiggsAnalysisV3/SKNanoOutput/CRPromptSelector/Run3Mu_RunNoWZSF_RunSyst/2023/Skim_TriLep_ZZTo4L_powheg.root
2025-10-02 21:24:34,402 - INFO - [2023] MISSING_FILE: /data9/Users/choij/Sync/workspace/ChargedHiggsAnalysisV3/SKNanoOutput/CRPromptSelector/Run3Mu_RunNoWZSF_RunSyst/2023/Skim_TriLep_VBFHToZZTo4L.root
2025-10-02 21:24:34,402 - INFO - [2023] MISSING_FILE: /data9/Users/choij/Sync/workspace/ChargedHiggsAnalysisV3/SKNanoOutput/CRPromptSelector/Run3Mu_RunNoWZSF_RunSyst/2023/Skim_TriLep_ggHToZZTo4L.root
2025-10-02 21:24:34,408 - INFO - [2023BPix] MISSING_CENTRAL: WZ3Mu/Central/jets/2/mass in Skim_TriLep_DYJets10to50.root
2025-10-02 21:24:34,409 - INFO - [2023BPix] MISSING_CENTRAL: WZ3Mu/Central/jets/2/mass in Skim_TriLep_DYGTo2LG_MLL4to50_PTG10to100.root
2025-10-02 21:24:34,412 - INFO - [2023BPix] MISSING_CENTRAL: WZ3Mu/Central/jets/2/mass in Skim_TriLep_DYGTo2LG_MLL4to50_PTG200toInf.root
2025-10-02 21:24:34,421 - INFO - [2023BPix] MISSING_CENTRAL: WZ3Mu/Central/jets/2/mass in Skim_TriLep_TTG_PTG200toInf.root
2025-10-02 21:24:34,426 - INFO - [2023BPix] MISSING_FILE: /data9/Users/choij/Sync/workspace/ChargedHiggsAnalysisV3/SKNanoOutput/CRPromptSelector/Run3Mu_RunNoWZSF_RunSyst/2023BPix/Skim_TriLep_ZZTo4L_powheg.root
2025-10-02 21:24:34,434 - INFO - [2023BPix] MISSING_FILE: /data9/Users/choij/Sync/workspace/ChargedHiggsAnalysisV3/SKNanoOutput/CRPromptSelector/Run3Mu_RunNoWZSF_RunSyst/2023BPix/Skim_TriLep_VBFHToZZTo4L.root
2025-10-02 21:24:34,434 - INFO - [2023BPix] MISSING_FILE: /data9/Users/choij/Sync/workspace/ChargedHiggsAnalysisV3/SKNanoOutput/CRPromptSelector/Run3Mu_RunNoWZSF_RunSyst/2023BPix/Skim_TriLep_ggHToZZTo4L.root
2025-10-03 00:43:34,933 - INFO - [2022] MISSING_CENTRAL: WZ3Mu/Central/jets/2/mass in Skim_TriLep_DYJets.root
2025-10-03 00:43:34,935 - INFO - [2022] MISSING_CENTRAL: WZ3Mu/Central/jets/2/mass in Skim_TriLep_DYJets10to50.root
2025-10-03 00:43:34,936 - INFO - [2022] MISSING_CENTRAL: WZ3Mu/Central/jets/2/mass in Skim_TriLep_DYGTo2LG_MLL4to50_PTG10to100.root
2025-10-03 00:43:34,937 - INFO - [2022] MISSING_CENTRAL: WZ3Mu/Central/jets/2/mass in Skim_TriLep_DYGTo2LG_MLL4to50_PTG100to200.root
2025-10-03 00:43:34,937 - INFO - [2022] MISSING_CENTRAL: WZ3Mu/Central/jets/2/mass in Skim_TriLep_DYGTo2LG_MLL4to50_PTG200toInf.root
2025-10-03 00:43:34,954 - INFO - [2022] MISSING_CENTRAL: WZ3Mu/Central/jets/2/mass in Skim_TriLep_DYGTo2LG_MLL50_PTG100to200.root
2025-10-03 00:43:34,954 - INFO - [2022] MISSING_CENTRAL: WZ3Mu/Central/jets/2/mass in Skim_TriLep_DYGTo2LG_MLL50_PTG200toInf.root
2025-10-03 00:43:34,967 - INFO - [2022] MISSING_CENTRAL: WZ3Mu/Central/jets/2/mass in Skim_TriLep_TTG_PTG100to200.root
2025-10-03 00:43:34,968 - INFO - [2022] MISSING_CENTRAL: WZ3Mu/Central/jets/2/mass in Skim_TriLep_TTG_PTG200toInf.root
2025-10-03 00:43:35,176 - INFO - [2022EE] MISSING_CENTRAL: WZ3Mu/Central/jets/2/mass in Skim_TriLep_DYJets.root
2025-10-03 00:43:35,177 - INFO - [2022EE] MISSING_CENTRAL: WZ3Mu/Central/jets/2/mass in Skim_TriLep_DYJets10to50.root
2025-10-03 00:43:35,178 - INFO - [2022EE] MISSING_CENTRAL: WZ3Mu/Central/jets/2/mass in Skim_TriLep_DYGTo2LG_MLL4to50_PTG10to100.root
2025-10-03 00:43:35,179 - INFO - [2022EE] MISSING_CENTRAL: WZ3Mu/Central/jets/2/mass in Skim_TriLep_DYGTo2LG_MLL4to50_PTG100to200.root
2025-10-03 00:43:35,180 - INFO - [2022EE] MISSING_CENTRAL: WZ3Mu/Central/jets/2/mass in Skim_TriLep_DYGTo2LG_MLL4to50_PTG200toInf.root
2025-10-03 00:43:35,488 - INFO - [2023] MISSING_CENTRAL: WZ3Mu/Central/jets/2/mass in Skim_TriLep_DYJets.root
2025-10-03 00:43:35,489 - INFO - [2023] MISSING_CENTRAL: WZ3Mu/Central/jets/2/mass in Skim_TriLep_DYJets10to50.root
2025-10-03 00:43:35,490 - INFO - [2023] MISSING_CENTRAL: WZ3Mu/Central/jets/2/mass in Skim_TriLep_DYGTo2LG_MLL4to50_PTG10to100.root
2025-10-03 00:43:35,600 - INFO - [2023] MISSING_CENTRAL: WZ3Mu/Central/jets/2/mass in Skim_TriLep_TTG_PTG100to200.root
2025-10-03 00:43:35,601 - INFO - [2023] MISSING_CENTRAL: WZ3Mu/Central/jets/2/mass in Skim_TriLep_TTG_PTG200toInf.root
2025-10-03 00:43:35,818 - INFO - [2023BPix] MISSING_SYSTEMATIC: WZ3Mu/JetEn_Down/jets/2/mass in Skim_TriLep_DYJets.root
2025-10-03 00:43:35,832 - INFO - [2023BPix] MISSING_CENTRAL: WZ3Mu/Central/jets/2/mass in Skim_TriLep_DYJets10to50.root
2025-10-03 00:43:35,833 - INFO - [2023BPix] MISSING_CENTRAL: WZ3Mu/Central/jets/2/mass in Skim_TriLep_DYGTo2LG_MLL4to50_PTG10to100.root
2025-10-03 00:43:35,846 - INFO - [2023BPix] MISSING_CENTRAL: WZ3Mu/Central/jets/2/mass in Skim_TriLep_DYGTo2LG_MLL4to50_PTG200toInf.root
2025-10-03 00:43:35,945 - INFO - [2023BPix] MISSING_CENTRAL: WZ3Mu/Central/jets/2/mass in Skim_TriLep_TTG_PTG200toInf.root
2025-10-03 00:43:56,600 - INFO - [2022] MISSING_CENTRAL: WZ3Mu/Central/jets/2/mass in Skim_TriLep_DYJets.root
2025-10-03 00:43:56,601 - INFO - [2022] MISSING_CENTRAL: WZ3Mu/Central/jets/2/mass in Skim_TriLep_DYJets10to50.root
2025-10-03 00:43:56,602 - INFO - [2022] MISSING_CENTRAL: WZ3Mu/Central/jets/2/mass in Skim_TriLep_DYGTo2LG_MLL4to50_PTG10to100.root
2025-10-03 00:43:56,603 - INFO - [2022] MISSING_CENTRAL: WZ3Mu/Central/jets/2/mass in Skim_TriLep_DYGTo2LG_MLL4to50_PTG100to200.root
2025-10-03 00:43:56,603 - INFO - [2022] MISSING_CENTRAL: WZ3Mu/Central/jets/2/mass in Skim_TriLep_DYGTo2LG_MLL4to50_PTG200toInf.root
2025-10-03 00:43:56,605 - INFO - [2022] MISSING_CENTRAL: WZ3Mu/Central/jets/2/mass in Skim_TriLep_DYGTo2LG_MLL50_PTG100to200.root
2025-10-03 00:43:56,606 - INFO - [2022] MISSING_CENTRAL: WZ3Mu/Central/jets/2/mass in Skim_TriLep_DYGTo2LG_MLL50_PTG200toInf.root
2025-10-03 00:43:56,607 - INFO - [2022] MISSING_CENTRAL: WZ3Mu/Central/jets/2/mass in Skim_TriLep_TTG_PTG100to200.root
2025-10-03 00:43:56,608 - INFO - [2022] MISSING_CENTRAL: WZ3Mu/Central/jets/2/mass in Skim_TriLep_TTG_PTG200toInf.root
2025-10-03 00:43:56,612 - INFO - [2022] MISSING_FILE: /Users/choij/Sync/workspace/ChargedHiggsAnalysisV3/SKNanoOutput/CRPromptSelector/Run3Mu_RunNoWZSF_RunSyst/2022/Skim_TriLep_ZZTo4L_powheg.root
2025-10-03 00:43:56,618 - INFO - [2022] MISSING_FILE: /Users/choij/Sync/workspace/ChargedHiggsAnalysisV3/SKNanoOutput/CRPromptSelector/Run3Mu_RunNoWZSF_RunSyst/2022/Skim_TriLep_VBFHToZZTo4L.root
2025-10-03 00:43:56,618 - INFO - [2022] MISSING_FILE: /Users/choij/Sync/workspace/ChargedHiggsAnalysisV3/SKNanoOutput/CRPromptSelector/Run3Mu_RunNoWZSF_RunSyst/2022/Skim_TriLep_ggHToZZTo4L.root
2025-10-03 00:43:56,621 - INFO - [2022EE] MISSING_CENTRAL: WZ3Mu/Central/jets/2/mass in Skim_TriLep_DYJets.root
2025-10-03 00:43:56,622 - INFO - [2022EE] MISSING_CENTRAL: WZ3Mu/Central/jets/2/mass in Skim_TriLep_DYJets10to50.root
2025-10-03 00:43:56,623 - INFO - [2022EE] MISSING_CENTRAL: WZ3Mu/Central/jets/2/mass in Skim_TriLep_DYGTo2LG_MLL4to50_PTG10to100.root
2025-10-03 00:43:56,623 - INFO - [2022EE] MISSING_CENTRAL: WZ3Mu/Central/jets/2/mass in Skim_TriLep_DYGTo2LG_MLL4to50_PTG100to200.root
2025-10-03 00:43:56,624 - INFO - [2022EE] MISSING_CENTRAL: WZ3Mu/Central/jets/2/mass in Skim_TriLep_DYGTo2LG_MLL4to50_PTG200toInf.root
2025-10-03 00:43:56,632 - INFO - [2022EE] MISSING_FILE: /Users/choij/Sync/workspace/ChargedHiggsAnalysisV3/SKNanoOutput/CRPromptSelector/Run3Mu_RunNoWZSF_RunSyst/2022EE/Skim_TriLep_ZZTo4L_powheg.root
2025-10-03 00:43:56,637 - INFO - [2022EE] MISSING_FILE: /Users/choij/Sync/workspace/ChargedHiggsAnalysisV3/SKNanoOutput/CRPromptSelector/Run3Mu_RunNoWZSF_RunSyst/2022EE/Skim_TriLep_VBFHToZZTo4L.root
2025-10-03 00:43:56,637 - INFO - [2022EE] MISSING_FILE: /Users/choij/Sync/workspace/ChargedHiggsAnalysisV3/SKNanoOutput/CRPromptSelector/Run3Mu_RunNoWZSF_RunSyst/2022EE/Skim_TriLep_ggHToZZTo4L.root
2025-10-03 00:43:56,649 - INFO - [2023] MISSING_CENTRAL: WZ3Mu/Central/jets/2/mass in Skim_TriLep_DYJets.root
2025-10-03 00:43:56,649 - INFO - [2023] MISSING_CENTRAL: WZ3Mu/Central/jets/2/mass in Skim_TriLep_DYJets10to50.root
2025-10-03 00:43:56,650 - INFO - [2023] MISSING_CENTRAL: WZ3Mu/Central/jets/2/mass in Skim_TriLep_DYGTo2LG_MLL4to50_PTG10to100.root
2025-10-03 00:43:56,659 - INFO - [2023] MISSING_CENTRAL: WZ3Mu/Central/jets/2/mass in Skim_TriLep_TTG_PTG100to200.root
2025-10-03 00:43:56,660 - INFO - [2023] MISSING_CENTRAL: WZ3Mu/Central/jets/2/mass in Skim_TriLep_TTG_PTG200toInf.root
2025-10-03 00:43:56,664 - INFO - [2023] MISSING_FILE: /Users/choij/Sync/workspace/ChargedHiggsAnalysisV3/SKNanoOutput/CRPromptSelector/Run3Mu_RunNoWZSF_RunSyst/2023/Skim_TriLep_ZZTo4L_powheg.root
2025-10-03 00:43:56,669 - INFO - [2023] MISSING_FILE: /Users/choij/Sync/workspace/ChargedHiggsAnalysisV3/SKNanoOutput/CRPromptSelector/Run3Mu_RunNoWZSF_RunSyst/2023/Skim_TriLep_VBFHToZZTo4L.root
2025-10-03 00:43:56,670 - INFO - [2023] MISSING_FILE: /Users/choij/Sync/workspace/ChargedHiggsAnalysisV3/SKNanoOutput/CRPromptSelector/Run3Mu_RunNoWZSF_RunSyst/2023/Skim_TriLep_ggHToZZTo4L.root
2025-10-03 00:43:56,674 - INFO - [2023BPix] MISSING_CENTRAL: WZ3Mu/Central/jets/2/mass in Skim_TriLep_DYJets10to50.root
2025-10-03 00:43:56,675 - INFO - [2023BPix] MISSING_CENTRAL: WZ3Mu/Central/jets/2/mass in Skim_TriLep_DYGTo2LG_MLL4to50_PTG10to100.root
2025-10-03 00:43:56,677 - INFO - [2023BPix] MISSING_CENTRAL: WZ3Mu/Central/jets/2/mass in Skim_TriLep_DYGTo2LG_MLL4to50_PTG200toInf.root
2025-10-03 00:43:56,683 - INFO - [2023BPix] MISSING_CENTRAL: WZ3Mu/Central/jets/2/mass in Skim_TriLep_TTG_PTG200toInf.root
2025-10-03 00:43:56,687 - INFO - [2023BPix] MISSING_FILE: /Users/choij/Sync/workspace/ChargedHiggsAnalysisV3/SKNanoOutput/CRPromptSelector/Run3Mu_RunNoWZSF_RunSyst/2023BPix/Skim_TriLep_ZZTo4L_powheg.root
2025-10-03 00:43:56,692 - INFO - [2023BPix] MISSING_FILE: /Users/choij/Sync/workspace/ChargedHiggsAnalysisV3/SKNanoOutput/CRPromptSelector/Run3Mu_RunNoWZSF_RunSyst/2023BPix/Skim_TriLep_VBFHToZZTo4L.root
2025-10-03 00:43:56,692 - INFO - [2023BPix] MISSING_FILE: /Users/choij/Sync/workspace/ChargedHiggsAnalysisV3/SKNanoOutput/CRPromptSelector/Run3Mu_RunNoWZSF_RunSyst/2023BPix/Skim_TriLep_ggHToZZTo4L.root
