2025-09-24 16:09:42,373 - INFO - [2022] MISSING_CENTRAL: WZ3Mu/Central/muons/3/pt in Skim_TriLep_DYJets.root
2025-09-24 16:09:42,374 - INFO - [2022] MISSING_CENTRAL: WZ3Mu/Central/muons/3/pt in Skim_TriLep_DYJets10to50.root
2025-09-24 16:09:42,374 - INFO - [2022] MISSING_CENTRAL: WZ3Mu/Central/muons/3/pt in Skim_TriLep_DYGTo2LG_MLL4to50_PTG10to100.root
2025-09-24 16:09:42,374 - INFO - [2022] MISSING_CENTRAL: WZ3Mu/Central/muons/3/pt in Skim_TriLep_DYGTo2LG_MLL4to50_PTG100to200.root
2025-09-24 16:09:42,374 - INFO - [2022] MISSING_CENTRAL: WZ3Mu/Central/muons/3/pt in Skim_TriLep_DYGTo2LG_MLL4to50_PTG200toInf.root
2025-09-24 16:09:42,408 - INFO - [2022] MISSING_CENTRAL: WZ3Mu/Central/muons/3/pt in Skim_TriLep_TTG_PTG100to200.root
2025-09-24 16:09:42,408 - INFO - [2022] MISSING_CENTRAL: WZ3Mu/Central/muons/3/pt in Skim_TriLep_TTG_PTG200toInf.root
2025-09-24 16:09:42,615 - INFO - [2022EE] MISSING_CENTRAL: WZ3Mu/Central/muons/3/pt in Skim_TriLep_DYJets.root
2025-09-24 16:09:42,615 - INFO - [2022EE] MISSING_CENTRAL: WZ3Mu/Central/muons/3/pt in Skim_TriLep_DYJets10to50.root
2025-09-24 16:09:42,899 - INFO - [2023] MISSING_CENTRAL: WZ3Mu/Central/muons/3/pt in Skim_TriLep_DYJets10to50.root
2025-09-24 16:09:43,004 - INFO - [2023] MISSING_CENTRAL: WZ3Mu/Central/muons/3/pt in Skim_TriLep_TTG_PTG200toInf.root
2025-09-24 16:09:43,196 - INFO - [2023BPix] MISSING_CENTRAL: WZ3Mu/Central/muons/3/pt in Skim_TriLep_DYJets10to50.root
2025-09-24 16:09:43,229 - INFO - [2023BPix] MISSING_SYSTEMATIC: WZ3Mu/JetEn_Up/muons/3/pt in Skim_TriLep_DYGTo2LG_MLL4to50_PTG200toInf.root
2025-09-24 16:09:43,229 - INFO - [2023BPix] MISSING_SYSTEMATIC: WZ3Mu/JetEn_Down/muons/3/pt in Skim_TriLep_DYGTo2LG_MLL4to50_PTG200toInf.root
2025-09-24 16:09:43,229 - INFO - [2023BPix] MISSING_SYSTEMATIC: WZ3Mu/JetRes_Up/muons/3/pt in Skim_TriLep_DYGTo2LG_MLL4to50_PTG200toInf.root
2025-09-24 16:09:43,319 - INFO - [2023BPix] MISSING_CENTRAL: WZ3Mu/Central/muons/3/pt in Skim_TriLep_TTG_PTG200toInf.root
2025-09-24 16:09:56,027 - INFO - [2022] MISSING_CENTRAL: WZ3Mu/Central/muons/3/pt in Skim_TriLep_DYJets.root
2025-09-24 16:09:56,027 - INFO - [2022] MISSING_CENTRAL: WZ3Mu/Central/muons/3/pt in Skim_TriLep_DYJets10to50.root
2025-09-24 16:09:56,027 - INFO - [2022] MISSING_CENTRAL: WZ3Mu/Central/muons/3/pt in Skim_TriLep_DYGTo2LG_MLL4to50_PTG10to100.root
2025-09-24 16:09:56,027 - INFO - [2022] MISSING_CENTRAL: WZ3Mu/Central/muons/3/pt in Skim_TriLep_DYGTo2LG_MLL4to50_PTG100to200.root
2025-09-24 16:09:56,028 - INFO - [2022] MISSING_CENTRAL: WZ3Mu/Central/muons/3/pt in Skim_TriLep_DYGTo2LG_MLL4to50_PTG200toInf.root
2025-09-24 16:09:56,030 - INFO - [2022] MISSING_CENTRAL: WZ3Mu/Central/muons/3/pt in Skim_TriLep_TTG_PTG100to200.root
2025-09-24 16:09:56,030 - INFO - [2022] MISSING_CENTRAL: WZ3Mu/Central/muons/3/pt in Skim_TriLep_TTG_PTG200toInf.root
2025-09-24 16:09:56,032 - INFO - [2022] MISSING_FILE: /Users/choij/Sync/workspace/ChargedHiggsAnalysisV3/SKNanoOutput/CRPromptSelector/Run3Mu_RunNoWZSF_RunSyst/2022/Skim_TriLep_ZZTo4L_powheg.root
2025-09-24 16:09:56,034 - INFO - [2022] MISSING_FILE: /Users/choij/Sync/workspace/ChargedHiggsAnalysisV3/SKNanoOutput/CRPromptSelector/Run3Mu_RunNoWZSF_RunSyst/2022/Skim_TriLep_VBFHToZZTo4L.root
2025-09-24 16:09:56,035 - INFO - [2022] MISSING_FILE: /Users/choij/Sync/workspace/ChargedHiggsAnalysisV3/SKNanoOutput/CRPromptSelector/Run3Mu_RunNoWZSF_RunSyst/2022/Skim_TriLep_ggHToZZTo4L.root
2025-09-24 16:09:56,037 - INFO - [2022EE] MISSING_CENTRAL: WZ3Mu/Central/muons/3/pt in Skim_TriLep_DYJets.root
2025-09-24 16:09:56,038 - INFO - [2022EE] MISSING_CENTRAL: WZ3Mu/Central/muons/3/pt in Skim_TriLep_DYJets10to50.root
2025-09-24 16:09:56,049 - INFO - [2022EE] MISSING_FILE: /Users/choij/Sync/workspace/ChargedHiggsAnalysisV3/SKNanoOutput/CRPromptSelector/Run3Mu_RunNoWZSF_RunSyst/2022EE/Skim_TriLep_ZZTo4L_powheg.root
2025-09-24 16:09:56,052 - INFO - [2022EE] MISSING_FILE: /Users/choij/Sync/workspace/ChargedHiggsAnalysisV3/SKNanoOutput/CRPromptSelector/Run3Mu_RunNoWZSF_RunSyst/2022EE/Skim_TriLep_VBFHToZZTo4L.root
2025-09-24 16:09:56,052 - INFO - [2022EE] MISSING_FILE: /Users/choij/Sync/workspace/ChargedHiggsAnalysisV3/SKNanoOutput/CRPromptSelector/Run3Mu_RunNoWZSF_RunSyst/2022EE/Skim_TriLep_ggHToZZTo4L.root
2025-09-24 16:09:56,057 - INFO - [2023] MISSING_CENTRAL: WZ3Mu/Central/muons/3/pt in Skim_TriLep_DYJets10to50.root
2025-09-24 16:09:56,061 - INFO - [2023] MISSING_CENTRAL: WZ3Mu/Central/muons/3/pt in Skim_TriLep_TTG_PTG200toInf.root
2025-09-24 16:09:56,063 - INFO - [2023] MISSING_FILE: /Users/choij/Sync/workspace/ChargedHiggsAnalysisV3/SKNanoOutput/CRPromptSelector/Run3Mu_RunNoWZSF_RunSyst/2023/Skim_TriLep_ZZTo4L_powheg.root
2025-09-24 16:09:56,065 - INFO - [2023] MISSING_FILE: /Users/choij/Sync/workspace/ChargedHiggsAnalysisV3/SKNanoOutput/CRPromptSelector/Run3Mu_RunNoWZSF_RunSyst/2023/Skim_TriLep_VBFHToZZTo4L.root
2025-09-24 16:09:56,065 - INFO - [2023] MISSING_FILE: /Users/choij/Sync/workspace/ChargedHiggsAnalysisV3/SKNanoOutput/CRPromptSelector/Run3Mu_RunNoWZSF_RunSyst/2023/Skim_TriLep_ggHToZZTo4L.root
2025-09-24 16:09:56,068 - INFO - [2023BPix] MISSING_CENTRAL: WZ3Mu/Central/muons/3/pt in Skim_TriLep_DYJets10to50.root
2025-09-24 16:09:56,072 - INFO - [2023BPix] MISSING_CENTRAL: WZ3Mu/Central/muons/3/pt in Skim_TriLep_TTG_PTG200toInf.root
2025-09-24 16:09:56,073 - INFO - [2023BPix] MISSING_FILE: /Users/choij/Sync/workspace/ChargedHiggsAnalysisV3/SKNanoOutput/CRPromptSelector/Run3Mu_RunNoWZSF_RunSyst/2023BPix/Skim_TriLep_ZZTo4L_powheg.root
2025-09-24 16:09:56,075 - INFO - [2023BPix] MISSING_FILE: /Users/choij/Sync/workspace/ChargedHiggsAnalysisV3/SKNanoOutput/CRPromptSelector/Run3Mu_RunNoWZSF_RunSyst/2023BPix/Skim_TriLep_VBFHToZZTo4L.root
2025-09-24 16:09:56,075 - INFO - [2023BPix] MISSING_FILE: /Users/choij/Sync/workspace/ChargedHiggsAnalysisV3/SKNanoOutput/CRPromptSelector/Run3Mu_RunNoWZSF_RunSyst/2023BPix/Skim_TriLep_ggHToZZTo4L.root
