2025-09-24 16:09:52,117 - INFO - [2022] MISSING_CENTRAL: WZ3Mu/Central/ZCand/phi in Skim_TriLep_DYJets.root
2025-09-24 16:09:52,117 - INFO - [2022] MISSING_CENTRAL: WZ3Mu/Central/ZCand/phi in Skim_TriLep_DYJets10to50.root
2025-09-24 16:09:52,118 - INFO - [2022] MISSING_CENTRAL: WZ3Mu/Central/ZCand/phi in Skim_TriLep_DYGTo2LG_MLL4to50_PTG10to100.root
2025-09-24 16:09:52,118 - INFO - [2022] MISSING_CENTRAL: WZ3Mu/Central/ZCand/phi in Skim_TriLep_DYGTo2LG_MLL4to50_PTG100to200.root
2025-09-24 16:09:52,118 - INFO - [2022] MISSING_CENTRAL: WZ3Mu/Central/ZCand/phi in Skim_TriLep_DYGTo2LG_MLL4to50_PTG200toInf.root
2025-09-24 16:09:52,132 - INFO - [2022] MISSING_CENTRAL: WZ3Mu/Central/ZCand/phi in Skim_TriLep_TTG_PTG100to200.root
2025-09-24 16:09:52,132 - INFO - [2022] MISSING_CENTRAL: WZ3Mu/Central/ZCand/phi in Skim_TriLep_TTG_PTG200toInf.root
2025-09-24 16:09:52,208 - INFO - [2022EE] MISSING_CENTRAL: WZ3Mu/Central/ZCand/phi in Skim_TriLep_DYJets.root
2025-09-24 16:09:52,212 - INFO - [2022EE] MISSING_CENTRAL: WZ3Mu/Central/ZCand/phi in Skim_TriLep_DYJets10to50.root
2025-09-24 16:09:52,603 - INFO - [2023] MISSING_CENTRAL: WZ3Mu/Central/ZCand/phi in Skim_TriLep_DYJets10to50.root
2025-09-24 16:09:52,649 - INFO - [2023] MISSING_CENTRAL: WZ3Mu/Central/ZCand/phi in Skim_TriLep_TTG_PTG200toInf.root
2025-09-24 16:09:52,724 - INFO - [2023BPix] MISSING_CENTRAL: WZ3Mu/Central/ZCand/phi in Skim_TriLep_DYJets10to50.root
2025-09-24 16:09:52,735 - INFO - [2023BPix] MISSING_SYSTEMATIC: WZ3Mu/JetEn_Up/ZCand/phi in Skim_TriLep_DYGTo2LG_MLL4to50_PTG200toInf.root
2025-09-24 16:09:52,735 - INFO - [2023BPix] MISSING_SYSTEMATIC: WZ3Mu/JetEn_Down/ZCand/phi in Skim_TriLep_DYGTo2LG_MLL4to50_PTG200toInf.root
2025-09-24 16:09:52,735 - INFO - [2023BPix] MISSING_SYSTEMATIC: WZ3Mu/JetRes_Up/ZCand/phi in Skim_TriLep_DYGTo2LG_MLL4to50_PTG200toInf.root
2025-09-24 16:09:52,766 - INFO - [2023BPix] MISSING_CENTRAL: WZ3Mu/Central/ZCand/phi in Skim_TriLep_TTG_PTG200toInf.root
2025-09-24 16:10:03,455 - INFO - [2022] MISSING_CENTRAL: WZ3Mu/Central/ZCand/phi in Skim_TriLep_DYJets.root
2025-09-24 16:10:03,455 - INFO - [2022] MISSING_CENTRAL: WZ3Mu/Central/ZCand/phi in Skim_TriLep_DYJets10to50.root
2025-09-24 16:10:03,455 - INFO - [2022] MISSING_CENTRAL: WZ3Mu/Central/ZCand/phi in Skim_TriLep_DYGTo2LG_MLL4to50_PTG10to100.root
2025-09-24 16:10:03,455 - INFO - [2022] MISSING_CENTRAL: WZ3Mu/Central/ZCand/phi in Skim_TriLep_DYGTo2LG_MLL4to50_PTG100to200.root
2025-09-24 16:10:03,456 - INFO - [2022] MISSING_CENTRAL: WZ3Mu/Central/ZCand/phi in Skim_TriLep_DYGTo2LG_MLL4to50_PTG200toInf.root
2025-09-24 16:10:03,457 - INFO - [2022] MISSING_CENTRAL: WZ3Mu/Central/ZCand/phi in Skim_TriLep_TTG_PTG100to200.root
2025-09-24 16:10:03,457 - INFO - [2022] MISSING_CENTRAL: WZ3Mu/Central/ZCand/phi in Skim_TriLep_TTG_PTG200toInf.root
2025-09-24 16:10:03,481 - INFO - [2022] MISSING_FILE: /Users/choij/Sync/workspace/ChargedHiggsAnalysisV3/SKNanoOutput/CRPromptSelector/Run3Mu_RunNoWZSF_RunSyst/2022/Skim_TriLep_ZZTo4L_powheg.root
2025-09-24 16:10:03,549 - INFO - [2022] MISSING_FILE: /Users/choij/Sync/workspace/ChargedHiggsAnalysisV3/SKNanoOutput/CRPromptSelector/Run3Mu_RunNoWZSF_RunSyst/2022/Skim_TriLep_VBFHToZZTo4L.root
2025-09-24 16:10:03,549 - INFO - [2022] MISSING_FILE: /Users/choij/Sync/workspace/ChargedHiggsAnalysisV3/SKNanoOutput/CRPromptSelector/Run3Mu_RunNoWZSF_RunSyst/2022/Skim_TriLep_ggHToZZTo4L.root
2025-09-24 16:10:03,550 - INFO - [2022EE] MISSING_CENTRAL: WZ3Mu/Central/ZCand/phi in Skim_TriLep_DYJets.root
2025-09-24 16:10:03,551 - INFO - [2022EE] MISSING_CENTRAL: WZ3Mu/Central/ZCand/phi in Skim_TriLep_DYJets10to50.root
2025-09-24 16:10:03,554 - INFO - [2022EE] MISSING_FILE: /Users/choij/Sync/workspace/ChargedHiggsAnalysisV3/SKNanoOutput/CRPromptSelector/Run3Mu_RunNoWZSF_RunSyst/2022EE/Skim_TriLep_ZZTo4L_powheg.root
2025-09-24 16:10:03,556 - INFO - [2022EE] MISSING_FILE: /Users/choij/Sync/workspace/ChargedHiggsAnalysisV3/SKNanoOutput/CRPromptSelector/Run3Mu_RunNoWZSF_RunSyst/2022EE/Skim_TriLep_VBFHToZZTo4L.root
2025-09-24 16:10:03,556 - INFO - [2022EE] MISSING_FILE: /Users/choij/Sync/workspace/ChargedHiggsAnalysisV3/SKNanoOutput/CRPromptSelector/Run3Mu_RunNoWZSF_RunSyst/2022EE/Skim_TriLep_ggHToZZTo4L.root
2025-09-24 16:10:03,589 - INFO - [2023] MISSING_CENTRAL: WZ3Mu/Central/ZCand/phi in Skim_TriLep_DYJets10to50.root
2025-09-24 16:10:03,657 - INFO - [2023] MISSING_CENTRAL: WZ3Mu/Central/ZCand/phi in Skim_TriLep_TTG_PTG200toInf.root
2025-09-24 16:10:03,659 - INFO - [2023] MISSING_FILE: /Users/choij/Sync/workspace/ChargedHiggsAnalysisV3/SKNanoOutput/CRPromptSelector/Run3Mu_RunNoWZSF_RunSyst/2023/Skim_TriLep_ZZTo4L_powheg.root
2025-09-24 16:10:03,661 - INFO - [2023] MISSING_FILE: /Users/choij/Sync/workspace/ChargedHiggsAnalysisV3/SKNanoOutput/CRPromptSelector/Run3Mu_RunNoWZSF_RunSyst/2023/Skim_TriLep_VBFHToZZTo4L.root
2025-09-24 16:10:03,661 - INFO - [2023] MISSING_FILE: /Users/choij/Sync/workspace/ChargedHiggsAnalysisV3/SKNanoOutput/CRPromptSelector/Run3Mu_RunNoWZSF_RunSyst/2023/Skim_TriLep_ggHToZZTo4L.root
2025-09-24 16:10:03,666 - INFO - [2023BPix] MISSING_CENTRAL: WZ3Mu/Central/ZCand/phi in Skim_TriLep_DYJets10to50.root
2025-09-24 16:10:03,720 - INFO - [2023BPix] MISSING_CENTRAL: WZ3Mu/Central/ZCand/phi in Skim_TriLep_TTG_PTG200toInf.root
2025-09-24 16:10:03,739 - INFO - [2023BPix] MISSING_FILE: /Users/choij/Sync/workspace/ChargedHiggsAnalysisV3/SKNanoOutput/CRPromptSelector/Run3Mu_RunNoWZSF_RunSyst/2023BPix/Skim_TriLep_ZZTo4L_powheg.root
2025-09-24 16:10:03,769 - INFO - [2023BPix] MISSING_FILE: /Users/choij/Sync/workspace/ChargedHiggsAnalysisV3/SKNanoOutput/CRPromptSelector/Run3Mu_RunNoWZSF_RunSyst/2023BPix/Skim_TriLep_VBFHToZZTo4L.root
2025-09-24 16:10:03,769 - INFO - [2023BPix] MISSING_FILE: /Users/choij/Sync/workspace/ChargedHiggsAnalysisV3/SKNanoOutput/CRPromptSelector/Run3Mu_RunNoWZSF_RunSyst/2023BPix/Skim_TriLep_ggHToZZTo4L.root
