2025-09-24 15:44:49,507 - INFO - [2016postVFP] MISSING_CENTRAL: SR3Mu/Central/bjets/1/charge in Skim_TriLep_DYJets.root
2025-09-24 15:44:49,507 - INFO - [2016postVFP] MISSING_CENTRAL: SR3Mu/Central/bjets/1/charge in Skim_TriLep_DYJets10to50.root
2025-09-24 15:44:49,523 - INFO - [2016postVFP] MISSING_CENTRAL: SR3Mu/Central/bjets/1/charge in Skim_TriLep_WWG.root
2025-10-02 21:11:15,148 - INFO - [2016postVFP] MISSING_CENTRAL: SR3Mu/Central/bjets/1/charge in Skim_TriLep_DYJets.root
2025-10-02 21:11:15,155 - INFO - [2016postVFP] MISSING_CENTRAL: SR3Mu/Central/bjets/1/charge in Skim_TriLep_DYJets10to50.root
2025-10-02 21:11:15,242 - INFO - [2016postVFP] MISSING_CENTRAL: SR3Mu/Central/bjets/1/charge in Skim_TriLep_WWG.root
2025-10-02 23:57:51,955 - INFO - [2016postVFP] MISSING_CENTRAL: SR3Mu/Central/bjets/1/charge in Skim_TriLep_DYJets.root
2025-10-02 23:57:51,956 - INFO - [2016postVFP] MISSING_CENTRAL: SR3Mu/Central/bjets/1/charge in Skim_TriLep_DYJets10to50.root
2025-10-02 23:57:51,985 - INFO - [2016postVFP] MISSING_CENTRAL: SR3Mu/Central/bjets/1/charge in Skim_TriLep_WWG.root
2025-11-05 21:33:16,918 - INFO - [2016postVFP] MISSING_CENTRAL: SR3Mu/Central/bjets/1/charge in Skim_TriLep_DYJets.root
2025-11-05 21:33:16,919 - INFO - [2016postVFP] MISSING_CENTRAL: SR3Mu/Central/bjets/1/charge in Skim_TriLep_DYJets10to50.root
2025-11-05 21:33:16,941 - INFO - [2016postVFP] MISSING_CENTRAL: SR3Mu/Central/bjets/1/charge in Skim_TriLep_WWG.root
2025-11-05 21:37:12,445 - INFO - [2016postVFP] MISSING_CENTRAL: SR3Mu/Central/bjets/1/charge in Skim_TriLep_DYJets.root
2025-11-05 21:37:12,445 - INFO - [2016postVFP] MISSING_CENTRAL: SR3Mu/Central/bjets/1/charge in Skim_TriLep_DYJets10to50.root
2025-11-05 21:37:12,468 - INFO - [2016postVFP] MISSING_CENTRAL: SR3Mu/Central/bjets/1/charge in Skim_TriLep_WWG.root
2025-11-05 21:38:18,252 - INFO - [2016postVFP] MISSING_CENTRAL: SR3Mu/Central/bjets/1/charge in Skim_TriLep_DYJets.root
2025-11-05 21:38:18,253 - INFO - [2016postVFP] MISSING_CENTRAL: SR3Mu/Central/bjets/1/charge in Skim_TriLep_DYJets10to50.root
2025-11-05 21:38:18,276 - INFO - [2016postVFP] MISSING_CENTRAL: SR3Mu/Central/bjets/1/charge in Skim_TriLep_WWG.root
2025-11-05 22:00:47,203 - INFO - [2016postVFP] MISSING_CENTRAL: SR3Mu/Central/bjets/1/charge in Skim_TriLep_DYJets.root
2025-11-05 22:00:47,203 - INFO - [2016postVFP] MISSING_CENTRAL: SR3Mu/Central/bjets/1/charge in Skim_TriLep_DYJets10to50.root
2025-11-05 22:00:47,228 - INFO - [2016postVFP] MISSING_CENTRAL: SR3Mu/Central/bjets/1/charge in Skim_TriLep_WWG.root
2025-11-05 22:16:34,653 - INFO - [2016postVFP] MISSING_CENTRAL: SR3Mu/Central/bjets/1/charge in Skim_TriLep_DYJets.root
2025-11-05 22:16:34,654 - INFO - [2016postVFP] MISSING_CENTRAL: SR3Mu/Central/bjets/1/charge in Skim_TriLep_DYJets10to50.root
2025-11-05 22:16:34,677 - INFO - [2016postVFP] MISSING_CENTRAL: SR3Mu/Central/bjets/1/charge in Skim_TriLep_WWG.root
2025-11-05 23:21:07,537 - INFO - [2016postVFP] MISSING_CENTRAL: SR3Mu/Central/bjets/1/charge in Skim_TriLep_DYJets.root
2025-11-05 23:21:07,537 - INFO - [2016postVFP] MISSING_CENTRAL: SR3Mu/Central/bjets/1/charge in Skim_TriLep_DYJets10to50.root
2025-11-05 23:21:07,559 - INFO - [2016postVFP] MISSING_CENTRAL: SR3Mu/Central/bjets/1/charge in Skim_TriLep_WWG.root
2025-11-07 12:24:22,683 - INFO - [2016postVFP] MISSING_CENTRAL: SR3Mu/Central/bjets/1/charge in Skim_TriLep_DYJets.root
2025-11-07 12:24:22,683 - INFO - [2016postVFP] MISSING_CENTRAL: SR3Mu/Central/bjets/1/charge in Skim_TriLep_DYJets10to50.root
2025-11-07 12:24:22,706 - INFO - [2016postVFP] MISSING_CENTRAL: SR3Mu/Central/bjets/1/charge in Skim_TriLep_WWG.root
2025-11-07 13:04:35,141 - INFO - [2016postVFP] MISSING_CENTRAL: SR3Mu/Central/bjets/1/charge in Skim_TriLep_DYJets.root
2025-11-07 13:04:35,142 - INFO - [2016postVFP] MISSING_CENTRAL: SR3Mu/Central/bjets/1/charge in Skim_TriLep_DYJets10to50.root
2025-11-07 13:04:35,163 - INFO - [2016postVFP] MISSING_CENTRAL: SR3Mu/Central/bjets/1/charge in Skim_TriLep_WWG.root
2025-11-07 13:29:04,263 - INFO - [2016postVFP] MISSING_CENTRAL: SR3Mu/Central/bjets/1/charge in Skim_TriLep_DYJets.root
2025-11-07 13:29:04,264 - INFO - [2016postVFP] MISSING_CENTRAL: SR3Mu/Central/bjets/1/charge in Skim_TriLep_DYJets10to50.root
2025-11-07 13:29:04,286 - INFO - [2016postVFP] MISSING_CENTRAL: SR3Mu/Central/bjets/1/charge in Skim_TriLep_WWG.root
2025-11-07 13:45:28,025 - INFO - [2016postVFP] MISSING_CENTRAL: SR3Mu/Central/bjets/1/charge in Skim_TriLep_DYJets.root
2025-11-07 13:45:28,026 - INFO - [2016postVFP] MISSING_CENTRAL: SR3Mu/Central/bjets/1/charge in Skim_TriLep_DYJets10to50.root
2025-11-07 13:45:28,049 - INFO - [2016postVFP] MISSING_CENTRAL: SR3Mu/Central/bjets/1/charge in Skim_TriLep_WWG.root
2025-11-07 14:01:49,875 - INFO - [2016postVFP] MISSING_CENTRAL: SR3Mu/Central/bjets/1/charge in Skim_TriLep_DYJets.root
2025-11-07 14:01:49,875 - INFO - [2016postVFP] MISSING_CENTRAL: SR3Mu/Central/bjets/1/charge in Skim_TriLep_DYJets10to50.root
2025-11-07 14:01:49,898 - INFO - [2016postVFP] MISSING_CENTRAL: SR3Mu/Central/bjets/1/charge in Skim_TriLep_WWG.root
2025-11-10 05:52:06,085 - INFO - [2016postVFP] MISSING_CENTRAL: SR3Mu/Central/bjets/1/charge in Skim_TriLep_DYJets.root
2025-11-10 05:52:06,087 - INFO - [2016postVFP] MISSING_CENTRAL: SR3Mu/Central/bjets/1/charge in Skim_TriLep_DYJets10to50.root
2025-11-10 05:52:06,114 - INFO - [2016postVFP] MISSING_CENTRAL: SR3Mu/Central/bjets/1/charge in Skim_TriLep_WWG.root
2025-11-10 12:16:51,073 - INFO - [2016postVFP] MISSING_CENTRAL: SR3Mu/Central/bjets/1/charge in Skim_TriLep_DYJets.root
2025-11-10 12:16:51,074 - INFO - [2016postVFP] MISSING_CENTRAL: SR3Mu/Central/bjets/1/charge in Skim_TriLep_DYJets10to50.root
2025-11-10 12:16:51,098 - INFO - [2016postVFP] MISSING_CENTRAL: SR3Mu/Central/bjets/1/charge in Skim_TriLep_WWG.root
2025-11-13 11:05:46,815 - INFO - [2016postVFP] MISSING_CENTRAL: SR3Mu/Central/bjets/1/charge in Skim_TriLep_DoubleMuon_F.root
2025-11-13 11:05:46,817 - INFO - [2016postVFP] MISSING_CENTRAL: SR3Mu/Central/bjets/1/charge in Skim_TriLep_DoubleMuon_G.root
2025-11-13 11:05:46,818 - INFO - [2016postVFP] MISSING_CENTRAL: SR3Mu/Central/bjets/1/charge in Skim_TriLep_DoubleMuon_H.root
2025-11-13 19:54:03,051 - INFO - [2016postVFP] MISSING_CENTRAL: SR3Mu/Central/bjets/1/charge in Skim_TriLep_DoubleMuon_F.root
2025-11-13 19:54:03,052 - INFO - [2016postVFP] MISSING_CENTRAL: SR3Mu/Central/bjets/1/charge in Skim_TriLep_DoubleMuon_G.root
2025-11-13 19:54:03,053 - INFO - [2016postVFP] MISSING_CENTRAL: SR3Mu/Central/bjets/1/charge in Skim_TriLep_DoubleMuon_H.root
2025-11-13 20:00:57,464 - INFO - [2016postVFP] MISSING_CENTRAL: SR3Mu/Central/bjets/1/charge in Skim_TriLep_DoubleMuon_F.root
2025-11-13 20:00:57,466 - INFO - [2016postVFP] MISSING_CENTRAL: SR3Mu/Central/bjets/1/charge in Skim_TriLep_DoubleMuon_G.root
2025-11-13 20:00:57,467 - INFO - [2016postVFP] MISSING_CENTRAL: SR3Mu/Central/bjets/1/charge in Skim_TriLep_DoubleMuon_H.root
