2025-09-24 15:44:54,578 - INFO - [2016postVFP] MISSING_CENTRAL: SR3Mu/Central/METv/phi in Skim_TriLep_DYJets.root
2025-09-24 15:44:54,578 - INFO - [2016postVFP] MISSING_CENTRAL: SR3Mu/Central/METv/phi in Skim_TriLep_DYJets10to50.root
2025-09-24 15:44:54,600 - INFO - [2016postVFP] MISSING_CENTRAL: SR3Mu/Central/METv/phi in Skim_TriLep_WWG.root
2025-10-02 21:11:15,623 - INFO - [2016postVFP] MISSING_CENTRAL: SR3Mu/Central/METv/phi in Skim_TriLep_DYJets.root
2025-10-02 21:11:15,625 - INFO - [2016postVFP] MISSING_CENTRAL: SR3Mu/Central/METv/phi in Skim_TriLep_DYJets10to50.root
2025-10-02 21:11:15,656 - INFO - [2016postVFP] MISSING_CENTRAL: SR3Mu/Central/METv/phi in Skim_TriLep_WWG.root
2025-10-02 23:57:56,116 - INFO - [2016postVFP] MISSING_CENTRAL: SR3Mu/Central/METv/phi in Skim_TriLep_DYJets.root
2025-10-02 23:57:56,117 - INFO - [2016postVFP] MISSING_CENTRAL: SR3Mu/Central/METv/phi in Skim_TriLep_DYJets10to50.root
2025-10-02 23:57:56,126 - INFO - [2016postVFP] MISSING_CENTRAL: SR3Mu/Central/METv/phi in Skim_TriLep_WWG.root
2025-11-05 21:33:19,420 - INFO - [2016postVFP] MISSING_CENTRAL: SR3Mu/Central/METv/phi in Skim_TriLep_DYJets.root
2025-11-05 21:33:19,420 - INFO - [2016postVFP] MISSING_CENTRAL: SR3Mu/Central/METv/phi in Skim_TriLep_DYJets10to50.root
2025-11-05 21:33:19,436 - INFO - [2016postVFP] MISSING_CENTRAL: SR3Mu/Central/METv/phi in Skim_TriLep_WWG.root
2025-11-05 21:37:15,380 - INFO - [2016postVFP] MISSING_CENTRAL: SR3Mu/Central/METv/phi in Skim_TriLep_DYJets.root
2025-11-05 21:37:15,381 - INFO - [2016postVFP] MISSING_CENTRAL: SR3Mu/Central/METv/phi in Skim_TriLep_DYJets10to50.root
2025-11-05 21:37:15,400 - INFO - [2016postVFP] MISSING_CENTRAL: SR3Mu/Central/METv/phi in Skim_TriLep_WWG.root
2025-11-05 21:38:21,457 - INFO - [2016postVFP] MISSING_CENTRAL: SR3Mu/Central/METv/phi in Skim_TriLep_DYJets.root
2025-11-05 21:38:21,457 - INFO - [2016postVFP] MISSING_CENTRAL: SR3Mu/Central/METv/phi in Skim_TriLep_DYJets10to50.root
2025-11-05 21:38:21,487 - INFO - [2016postVFP] MISSING_CENTRAL: SR3Mu/Central/METv/phi in Skim_TriLep_WWG.root
2025-11-05 22:00:50,388 - INFO - [2016postVFP] MISSING_CENTRAL: SR3Mu/Central/METv/phi in Skim_TriLep_DYJets.root
2025-11-05 22:00:50,389 - INFO - [2016postVFP] MISSING_CENTRAL: SR3Mu/Central/METv/phi in Skim_TriLep_DYJets10to50.root
2025-11-05 22:00:50,419 - INFO - [2016postVFP] MISSING_CENTRAL: SR3Mu/Central/METv/phi in Skim_TriLep_WWG.root
2025-11-05 22:16:36,243 - INFO - [2016postVFP] MISSING_CENTRAL: SR3Mu/Central/METv/phi in Skim_TriLep_DYJets.root
2025-11-05 22:16:36,244 - INFO - [2016postVFP] MISSING_CENTRAL: SR3Mu/Central/METv/phi in Skim_TriLep_DYJets10to50.root
2025-11-05 22:16:36,259 - INFO - [2016postVFP] MISSING_CENTRAL: SR3Mu/Central/METv/phi in Skim_TriLep_WWG.root
2025-11-05 23:21:10,519 - INFO - [2016postVFP] MISSING_CENTRAL: SR3Mu/Central/METv/phi in Skim_TriLep_DYJets.root
2025-11-05 23:21:10,519 - INFO - [2016postVFP] MISSING_CENTRAL: SR3Mu/Central/METv/phi in Skim_TriLep_DYJets10to50.root
2025-11-05 23:21:10,536 - INFO - [2016postVFP] MISSING_CENTRAL: SR3Mu/Central/METv/phi in Skim_TriLep_WWG.root
2025-11-07 12:24:25,750 - INFO - [2016postVFP] MISSING_CENTRAL: SR3Mu/Central/METv/phi in Skim_TriLep_DYJets.root
2025-11-07 12:24:25,750 - INFO - [2016postVFP] MISSING_CENTRAL: SR3Mu/Central/METv/phi in Skim_TriLep_DYJets10to50.root
2025-11-07 12:24:25,765 - INFO - [2016postVFP] MISSING_CENTRAL: SR3Mu/Central/METv/phi in Skim_TriLep_WWG.root
2025-11-07 13:04:37,586 - INFO - [2016postVFP] MISSING_CENTRAL: SR3Mu/Central/METv/phi in Skim_TriLep_DYJets.root
2025-11-07 13:04:37,589 - INFO - [2016postVFP] MISSING_CENTRAL: SR3Mu/Central/METv/phi in Skim_TriLep_DYJets10to50.root
2025-11-07 13:04:37,612 - INFO - [2016postVFP] MISSING_CENTRAL: SR3Mu/Central/METv/phi in Skim_TriLep_WWG.root
2025-11-07 13:29:07,318 - INFO - [2016postVFP] MISSING_CENTRAL: SR3Mu/Central/METv/phi in Skim_TriLep_DYJets.root
2025-11-07 13:29:07,319 - INFO - [2016postVFP] MISSING_CENTRAL: SR3Mu/Central/METv/phi in Skim_TriLep_DYJets10to50.root
2025-11-07 13:29:07,335 - INFO - [2016postVFP] MISSING_CENTRAL: SR3Mu/Central/METv/phi in Skim_TriLep_WWG.root
2025-11-07 13:45:30,710 - INFO - [2016postVFP] MISSING_CENTRAL: SR3Mu/Central/METv/phi in Skim_TriLep_DYJets.root
2025-11-07 13:45:30,710 - INFO - [2016postVFP] MISSING_CENTRAL: SR3Mu/Central/METv/phi in Skim_TriLep_DYJets10to50.root
2025-11-07 13:45:30,731 - INFO - [2016postVFP] MISSING_CENTRAL: SR3Mu/Central/METv/phi in Skim_TriLep_WWG.root
2025-11-07 14:01:52,804 - INFO - [2016postVFP] MISSING_CENTRAL: SR3Mu/Central/METv/phi in Skim_TriLep_DYJets.root
2025-11-07 14:01:52,805 - INFO - [2016postVFP] MISSING_CENTRAL: SR3Mu/Central/METv/phi in Skim_TriLep_DYJets10to50.root
2025-11-07 14:01:52,833 - INFO - [2016postVFP] MISSING_CENTRAL: SR3Mu/Central/METv/phi in Skim_TriLep_WWG.root
2025-11-10 05:52:08,446 - INFO - [2016postVFP] MISSING_CENTRAL: SR3Mu/Central/METv/phi in Skim_TriLep_DYJets.root
2025-11-10 05:52:08,449 - INFO - [2016postVFP] MISSING_CENTRAL: SR3Mu/Central/METv/phi in Skim_TriLep_DYJets10to50.root
2025-11-10 05:52:08,476 - INFO - [2016postVFP] MISSING_CENTRAL: SR3Mu/Central/METv/phi in Skim_TriLep_WWG.root
2025-11-10 12:16:54,124 - INFO - [2016postVFP] MISSING_CENTRAL: SR3Mu/Central/METv/phi in Skim_TriLep_DYJets.root
2025-11-10 12:16:54,125 - INFO - [2016postVFP] MISSING_CENTRAL: SR3Mu/Central/METv/phi in Skim_TriLep_DYJets10to50.root
2025-11-10 12:16:54,140 - INFO - [2016postVFP] MISSING_CENTRAL: SR3Mu/Central/METv/phi in Skim_TriLep_WWG.root
2025-11-13 11:05:46,827 - INFO - [2016postVFP] MISSING_CENTRAL: SR3Mu/Central/METv/phi in Skim_TriLep_DYJets.root
2025-11-13 11:05:46,828 - INFO - [2016postVFP] MISSING_CENTRAL: SR3Mu/Central/METv/phi in Skim_TriLep_DYJets10to50.root
2025-11-13 11:05:46,852 - INFO - [2016postVFP] MISSING_CENTRAL: SR3Mu/Central/METv/phi in Skim_TriLep_WWG.root
2025-11-13 19:54:05,787 - INFO - [2016postVFP] MISSING_CENTRAL: SR3Mu/Central/METv/phi in Skim_TriLep_DYJets.root
2025-11-13 19:54:05,787 - INFO - [2016postVFP] MISSING_CENTRAL: SR3Mu/Central/METv/phi in Skim_TriLep_DYJets10to50.root
2025-11-13 19:54:05,823 - INFO - [2016postVFP] MISSING_CENTRAL: SR3Mu/Central/METv/phi in Skim_TriLep_WWG.root
2025-11-13 20:01:00,469 - INFO - [2016postVFP] MISSING_CENTRAL: SR3Mu/Central/METv/phi in Skim_TriLep_DYJets.root
2025-11-13 20:01:00,469 - INFO - [2016postVFP] MISSING_CENTRAL: SR3Mu/Central/METv/phi in Skim_TriLep_DYJets10to50.root
2025-11-13 20:01:00,485 - INFO - [2016postVFP] MISSING_CENTRAL: SR3Mu/Central/METv/phi in Skim_TriLep_WWG.root
2025-11-19 16:19:13,833 - INFO - [2016postVFP] MISSING_CENTRAL: SR3Mu/Central/METv/phi in Skim_TriLep_DYJets.root
2025-11-19 16:19:13,834 - INFO - [2016postVFP] MISSING_CENTRAL: SR3Mu/Central/METv/phi in Skim_TriLep_DYJets10to50.root
2025-11-19 16:19:13,850 - INFO - [2016postVFP] MISSING_CENTRAL: SR3Mu/Central/METv/phi in Skim_TriLep_WWG.root
2025-12-17 22:33:00,680 - INFO - [2016postVFP] MISSING_CENTRAL: SR3Mu/Central/METv/phi in Skim_TriLep_DYJets10to50.root
2025-12-17 22:33:00,692 - INFO - [2016postVFP] MISSING_CENTRAL: SR3Mu/Central/METv/phi in Skim_TriLep_WWG.root
2025-12-18 14:16:06,038 - INFO - [2016postVFP] MISSING_CENTRAL: SR3Mu/Central/METv/phi in Skim_TriLep_DYJets10to50.root
2025-12-18 14:16:06,048 - INFO - [2016postVFP] MISSING_CENTRAL: SR3Mu/Central/METv/phi in Skim_TriLep_WWG.root
2025-12-18 14:31:37,691 - INFO - [2016postVFP] MISSING_CENTRAL: SR3Mu/Central/METv/phi in Skim_TriLep_DYJets10to50.root
2025-12-18 14:31:37,705 - INFO - [2016postVFP] MISSING_CENTRAL: SR3Mu/Central/METv/phi in Skim_TriLep_WWG.root
2026-01-07 11:41:50,380 - INFO - [2016postVFP] MISSING_CENTRAL: SR3Mu/Central/METv/phi in Skim_TriLep_DYJets10to50.root
2026-01-07 11:41:50,391 - INFO - [2016postVFP] MISSING_CENTRAL: SR3Mu/Central/METv/phi in Skim_TriLep_WWG.root
2026-01-07 18:38:58,821 - INFO - [2016postVFP] MISSING_CENTRAL: SR3Mu/Central/METv/phi in Skim_TriLep_DYJets10to50.root
2026-01-07 18:38:58,831 - INFO - [2016postVFP] MISSING_CENTRAL: SR3Mu/Central/METv/phi in Skim_TriLep_WWG.root
2026-01-07 19:27:27,004 - INFO - [2016postVFP] MISSING_CENTRAL: SR3Mu/Central/METv/phi in Skim_TriLep_DYJets10to50.root
2026-01-07 19:27:27,016 - INFO - [2016postVFP] MISSING_CENTRAL: SR3Mu/Central/METv/phi in Skim_TriLep_WWG.root
2026-01-09 12:12:23,632 - INFO - [2016postVFP] MISSING_CENTRAL: SR3Mu/Central/METv/phi in Skim_TriLep_DYJets10to50.root
2026-01-09 12:12:23,643 - INFO - [2016postVFP] MISSING_CENTRAL: SR3Mu/Central/METv/phi in Skim_TriLep_WWG.root
2026-01-11 09:32:27,995 - INFO - [2016postVFP] MISSING_CENTRAL: SR3Mu/Central/METv/phi in Skim_TriLep_DYJets10to50.root
2026-01-11 09:32:28,004 - INFO - [2016postVFP] MISSING_CENTRAL: SR3Mu/Central/METv/phi in Skim_TriLep_WWG.root
2026-01-12 13:41:01,968 - INFO - [2016postVFP] MISSING_FILE: /home/choij/Sync/workspace/ChargedHiggsAnalysisV3/SKNanoOutput/MatrixSelector/Run3Mu/2016postVFP/Skim_TriLep_DoubleMuon_F.root
2026-01-12 13:41:01,969 - INFO - [2016postVFP] MISSING_FILE: /home/choij/Sync/workspace/ChargedHiggsAnalysisV3/SKNanoOutput/MatrixSelector/Run3Mu/2016postVFP/Skim_TriLep_DoubleMuon_G.root
2026-01-12 13:41:01,969 - INFO - [2016postVFP] MISSING_FILE: /home/choij/Sync/workspace/ChargedHiggsAnalysisV3/SKNanoOutput/MatrixSelector/Run3Mu/2016postVFP/Skim_TriLep_DoubleMuon_H.root
2026-01-12 13:41:01,991 - INFO - [2016postVFP] MISSING_CENTRAL: SR3Mu/Central/METv/phi in Skim_TriLep_DYJets10to50.root
2026-01-12 13:41:01,997 - INFO - [2016postVFP] MISSING_CENTRAL: SR3Mu/Central/METv/phi in Skim_TriLep_WWG.root
2026-01-16 18:56:23,510 - INFO - [2016postVFP] MISSING_CENTRAL: SR3Mu/Central/METv/phi in Skim_TriLep_DYJets10to50.root
2026-01-16 18:56:23,517 - INFO - [2016postVFP] MISSING_CENTRAL: SR3Mu/Central/METv/phi in Skim_TriLep_WWG.root
