2025-12-18 14:16:14,044 - INFO - [2016postVFP] MISSING_CENTRAL: SR3Mu/Central/MHc160_MA98/LR_nonprompt in Skim_TriLep_DYJets10to50.root
2025-12-18 14:16:14,057 - INFO - [2016postVFP] MISSING_CENTRAL: SR3Mu/Central/MHc160_MA98/LR_nonprompt in Skim_TriLep_WWG.root
2025-12-18 14:31:44,996 - INFO - [2016postVFP] MISSING_CENTRAL: SR3Mu/Central/MHc160_MA98/LR_nonprompt in Skim_TriLep_DYJets10to50.root
2025-12-18 14:31:45,008 - INFO - [2016postVFP] MISSING_CENTRAL: SR3Mu/Central/MHc160_MA98/LR_nonprompt in Skim_TriLep_WWG.root
2026-01-07 11:41:55,780 - INFO - [2016postVFP] MISSING_CENTRAL: SR3Mu/Central/MHc160_MA98/LR_nonprompt in Skim_TriLep_DYJets10to50.root
2026-01-07 11:41:55,791 - INFO - [2016postVFP] MISSING_CENTRAL: SR3Mu/Central/MHc160_MA98/LR_nonprompt in Skim_TriLep_WWG.root
2026-01-07 18:39:04,495 - INFO - [2016postVFP] MISSING_CENTRAL: SR3Mu/Central/MHc160_MA98/LR_nonprompt in Skim_TriLep_DYJets10to50.root
2026-01-07 18:39:04,508 - INFO - [2016postVFP] MISSING_CENTRAL: SR3Mu/Central/MHc160_MA98/LR_nonprompt in Skim_TriLep_WWG.root
2026-01-07 19:27:32,645 - INFO - [2016postVFP] MISSING_CENTRAL: SR3Mu/Central/MHc160_MA98/LR_nonprompt in Skim_TriLep_DYJets10to50.root
2026-01-07 19:27:32,653 - INFO - [2016postVFP] MISSING_CENTRAL: SR3Mu/Central/MHc160_MA98/LR_nonprompt in Skim_TriLep_WWG.root
2026-01-09 12:12:30,518 - INFO - [2016postVFP] MISSING_CENTRAL: SR3Mu/Central/MHc160_MA98/LR_nonprompt in Skim_TriLep_DYJets10to50.root
2026-01-09 12:12:30,523 - INFO - [2016postVFP] MISSING_CENTRAL: SR3Mu/Central/MHc160_MA98/LR_nonprompt in Skim_TriLep_WWG.root
2026-01-11 09:32:34,548 - INFO - [2016postVFP] MISSING_CENTRAL: SR3Mu/Central/MHc160_MA98/LR_nonprompt in Skim_TriLep_DYJets10to50.root
2026-01-11 09:32:34,555 - INFO - [2016postVFP] MISSING_CENTRAL: SR3Mu/Central/MHc160_MA98/LR_nonprompt in Skim_TriLep_WWG.root
2026-01-12 13:41:08,712 - INFO - [2016postVFP] MISSING_FILE: /home/choij/Sync/workspace/ChargedHiggsAnalysisV3/SKNanoOutput/MatrixSelector/Run3Mu/2016postVFP/Skim_TriLep_DoubleMuon_F.root
2026-01-12 13:41:08,712 - INFO - [2016postVFP] MISSING_FILE: /home/choij/Sync/workspace/ChargedHiggsAnalysisV3/SKNanoOutput/MatrixSelector/Run3Mu/2016postVFP/Skim_TriLep_DoubleMuon_G.root
2026-01-12 13:41:08,712 - INFO - [2016postVFP] MISSING_FILE: /home/choij/Sync/workspace/ChargedHiggsAnalysisV3/SKNanoOutput/MatrixSelector/Run3Mu/2016postVFP/Skim_TriLep_DoubleMuon_H.root
2026-01-12 13:41:08,729 - INFO - [2016postVFP] MISSING_CENTRAL: SR3Mu/Central/MHc160_MA98/LR_nonprompt in Skim_TriLep_DYJets10to50.root
2026-01-12 13:41:08,734 - INFO - [2016postVFP] MISSING_CENTRAL: SR3Mu/Central/MHc160_MA98/LR_nonprompt in Skim_TriLep_WWG.root
2026-01-16 18:56:31,074 - INFO - [2016postVFP] MISSING_CENTRAL: SR3Mu/Central/MHc160_MA98/LR_nonprompt in Skim_TriLep_DYJets10to50.root
2026-01-16 18:56:31,078 - INFO - [2016postVFP] MISSING_CENTRAL: SR3Mu/Central/MHc160_MA98/LR_nonprompt in Skim_TriLep_WWG.root
