2025-12-18 14:16:12,205 - INFO - [2016postVFP] MISSING_CENTRAL: SR3Mu/Central/MHc130_MA90/LR_diboson in Skim_TriLep_DYJets10to50.root
2025-12-18 14:16:12,220 - INFO - [2016postVFP] MISSING_CENTRAL: SR3Mu/Central/MHc130_MA90/LR_diboson in Skim_TriLep_WWG.root
2025-12-18 14:31:43,453 - INFO - [2016postVFP] MISSING_CENTRAL: SR3Mu/Central/MHc130_MA90/LR_diboson in Skim_TriLep_DYJets10to50.root
2025-12-18 14:31:43,467 - INFO - [2016postVFP] MISSING_CENTRAL: SR3Mu/Central/MHc130_MA90/LR_diboson in Skim_TriLep_WWG.root
2026-01-07 11:41:55,627 - INFO - [2016postVFP] MISSING_CENTRAL: SR3Mu/Central/MHc130_MA90/LR_diboson in Skim_TriLep_DYJets10to50.root
2026-01-07 11:41:55,640 - INFO - [2016postVFP] MISSING_CENTRAL: SR3Mu/Central/MHc130_MA90/LR_diboson in Skim_TriLep_WWG.root
2026-01-07 18:39:04,417 - INFO - [2016postVFP] MISSING_CENTRAL: SR3Mu/Central/MHc130_MA90/LR_diboson in Skim_TriLep_DYJets10to50.root
2026-01-07 18:39:04,429 - INFO - [2016postVFP] MISSING_CENTRAL: SR3Mu/Central/MHc130_MA90/LR_diboson in Skim_TriLep_WWG.root
2026-01-07 19:27:32,420 - INFO - [2016postVFP] MISSING_CENTRAL: SR3Mu/Central/MHc130_MA90/LR_diboson in Skim_TriLep_DYJets10to50.root
2026-01-07 19:27:32,428 - INFO - [2016postVFP] MISSING_CENTRAL: SR3Mu/Central/MHc130_MA90/LR_diboson in Skim_TriLep_WWG.root
2026-01-09 12:12:27,383 - INFO - [2016postVFP] MISSING_CENTRAL: SR3Mu/Central/MHc130_MA90/LR_diboson in Skim_TriLep_DYJets10to50.root
2026-01-09 12:12:27,392 - INFO - [2016postVFP] MISSING_CENTRAL: SR3Mu/Central/MHc130_MA90/LR_diboson in Skim_TriLep_WWG.root
2026-01-11 09:32:31,371 - INFO - [2016postVFP] MISSING_CENTRAL: SR3Mu/Central/MHc130_MA90/LR_diboson in Skim_TriLep_DYJets10to50.root
2026-01-11 09:32:31,379 - INFO - [2016postVFP] MISSING_CENTRAL: SR3Mu/Central/MHc130_MA90/LR_diboson in Skim_TriLep_WWG.root
2026-01-12 13:41:05,503 - INFO - [2016postVFP] MISSING_FILE: /home/choij/Sync/workspace/ChargedHiggsAnalysisV3/SKNanoOutput/MatrixSelector/Run3Mu/2016postVFP/Skim_TriLep_DoubleMuon_F.root
2026-01-12 13:41:05,504 - INFO - [2016postVFP] MISSING_FILE: /home/choij/Sync/workspace/ChargedHiggsAnalysisV3/SKNanoOutput/MatrixSelector/Run3Mu/2016postVFP/Skim_TriLep_DoubleMuon_G.root
2026-01-12 13:41:05,504 - INFO - [2016postVFP] MISSING_FILE: /home/choij/Sync/workspace/ChargedHiggsAnalysisV3/SKNanoOutput/MatrixSelector/Run3Mu/2016postVFP/Skim_TriLep_DoubleMuon_H.root
2026-01-12 13:41:05,527 - INFO - [2016postVFP] MISSING_CENTRAL: SR3Mu/Central/MHc130_MA90/LR_diboson in Skim_TriLep_DYJets10to50.root
2026-01-12 13:41:05,534 - INFO - [2016postVFP] MISSING_CENTRAL: SR3Mu/Central/MHc130_MA90/LR_diboson in Skim_TriLep_WWG.root
2026-01-16 18:56:28,879 - INFO - [2016postVFP] MISSING_CENTRAL: SR3Mu/Central/MHc130_MA90/LR_diboson in Skim_TriLep_DYJets10to50.root
2026-01-16 18:56:28,887 - INFO - [2016postVFP] MISSING_CENTRAL: SR3Mu/Central/MHc130_MA90/LR_diboson in Skim_TriLep_WWG.root
