2025-12-18 14:16:11,970 - INFO - [2016postVFP] MISSING_CENTRAL: SR3Mu/Central/MHc130_MA90/LR_ttZ in Skim_TriLep_DYJets10to50.root
2025-12-18 14:16:11,988 - INFO - [2016postVFP] MISSING_CENTRAL: SR3Mu/Central/MHc130_MA90/LR_ttZ in Skim_TriLep_WWG.root
2025-12-18 14:31:43,425 - INFO - [2016postVFP] MISSING_CENTRAL: SR3Mu/Central/MHc130_MA90/LR_ttZ in Skim_TriLep_DYJets10to50.root
2025-12-18 14:31:43,451 - INFO - [2016postVFP] MISSING_CENTRAL: SR3Mu/Central/MHc130_MA90/LR_ttZ in Skim_TriLep_WWG.root
2026-01-07 11:41:55,784 - INFO - [2016postVFP] MISSING_CENTRAL: SR3Mu/Central/MHc130_MA90/LR_ttZ in Skim_TriLep_DYJets10to50.root
2026-01-07 11:41:55,796 - INFO - [2016postVFP] MISSING_CENTRAL: SR3Mu/Central/MHc130_MA90/LR_ttZ in Skim_TriLep_WWG.root
2026-01-07 18:39:04,459 - INFO - [2016postVFP] MISSING_CENTRAL: SR3Mu/Central/MHc130_MA90/LR_ttZ in Skim_TriLep_DYJets10to50.root
2026-01-07 18:39:04,467 - INFO - [2016postVFP] MISSING_CENTRAL: SR3Mu/Central/MHc130_MA90/LR_ttZ in Skim_TriLep_WWG.root
2026-01-07 19:27:32,457 - INFO - [2016postVFP] MISSING_CENTRAL: SR3Mu/Central/MHc130_MA90/LR_ttZ in Skim_TriLep_DYJets10to50.root
2026-01-07 19:27:32,464 - INFO - [2016postVFP] MISSING_CENTRAL: SR3Mu/Central/MHc130_MA90/LR_ttZ in Skim_TriLep_WWG.root
2026-01-09 12:12:27,389 - INFO - [2016postVFP] MISSING_CENTRAL: SR3Mu/Central/MHc130_MA90/LR_ttZ in Skim_TriLep_DYJets10to50.root
2026-01-09 12:12:27,396 - INFO - [2016postVFP] MISSING_CENTRAL: SR3Mu/Central/MHc130_MA90/LR_ttZ in Skim_TriLep_WWG.root
2026-01-11 09:32:31,487 - INFO - [2016postVFP] MISSING_CENTRAL: SR3Mu/Central/MHc130_MA90/LR_ttZ in Skim_TriLep_DYJets10to50.root
2026-01-11 09:32:31,495 - INFO - [2016postVFP] MISSING_CENTRAL: SR3Mu/Central/MHc130_MA90/LR_ttZ in Skim_TriLep_WWG.root
2026-01-12 13:41:05,594 - INFO - [2016postVFP] MISSING_FILE: /home/choij/Sync/workspace/ChargedHiggsAnalysisV3/SKNanoOutput/MatrixSelector/Run3Mu/2016postVFP/Skim_TriLep_DoubleMuon_F.root
2026-01-12 13:41:05,595 - INFO - [2016postVFP] MISSING_FILE: /home/choij/Sync/workspace/ChargedHiggsAnalysisV3/SKNanoOutput/MatrixSelector/Run3Mu/2016postVFP/Skim_TriLep_DoubleMuon_G.root
2026-01-12 13:41:05,595 - INFO - [2016postVFP] MISSING_FILE: /home/choij/Sync/workspace/ChargedHiggsAnalysisV3/SKNanoOutput/MatrixSelector/Run3Mu/2016postVFP/Skim_TriLep_DoubleMuon_H.root
2026-01-12 13:41:05,620 - INFO - [2016postVFP] MISSING_CENTRAL: SR3Mu/Central/MHc130_MA90/LR_ttZ in Skim_TriLep_DYJets10to50.root
2026-01-12 13:41:05,629 - INFO - [2016postVFP] MISSING_CENTRAL: SR3Mu/Central/MHc130_MA90/LR_ttZ in Skim_TriLep_WWG.root
2026-01-16 18:56:28,942 - INFO - [2016postVFP] MISSING_CENTRAL: SR3Mu/Central/MHc130_MA90/LR_ttZ in Skim_TriLep_DYJets10to50.root
2026-01-16 18:56:28,950 - INFO - [2016postVFP] MISSING_CENTRAL: SR3Mu/Central/MHc130_MA90/LR_ttZ in Skim_TriLep_WWG.root
