2025-09-24 15:44:29,394 - INFO - [2016postVFP] MISSING_CENTRAL: SR3Mu/Central/muons/1/px in Skim_TriLep_DYJets.root
2025-09-24 15:44:29,394 - INFO - [2016postVFP] MISSING_CENTRAL: SR3Mu/Central/muons/1/px in Skim_TriLep_DYJets10to50.root
2025-09-24 15:44:29,423 - INFO - [2016postVFP] MISSING_CENTRAL: SR3Mu/Central/muons/1/px in Skim_TriLep_WWG.root
2025-10-02 21:11:05,319 - INFO - [2016postVFP] MISSING_CENTRAL: SR3Mu/Central/muons/1/px in Skim_TriLep_DYJets.root
2025-10-02 21:11:05,321 - INFO - [2016postVFP] MISSING_CENTRAL: SR3Mu/Central/muons/1/px in Skim_TriLep_DYJets10to50.root
2025-10-02 21:11:05,720 - INFO - [2016postVFP] MISSING_CENTRAL: SR3Mu/Central/muons/1/px in Skim_TriLep_WWG.root
2025-10-02 23:57:34,776 - INFO - [2016postVFP] MISSING_CENTRAL: SR3Mu/Central/muons/1/px in Skim_TriLep_DYJets.root
2025-10-02 23:57:34,817 - INFO - [2016postVFP] MISSING_CENTRAL: SR3Mu/Central/muons/1/px in Skim_TriLep_DYJets10to50.root
2025-10-02 23:57:34,849 - INFO - [2016postVFP] MISSING_CENTRAL: SR3Mu/Central/muons/1/px in Skim_TriLep_WWG.root
2025-11-05 21:33:10,047 - INFO - [2016postVFP] MISSING_CENTRAL: SR3Mu/Central/muons/1/px in Skim_TriLep_DYJets.root
2025-11-05 21:33:10,048 - INFO - [2016postVFP] MISSING_CENTRAL: SR3Mu/Central/muons/1/px in Skim_TriLep_DYJets10to50.root
2025-11-05 21:33:10,084 - INFO - [2016postVFP] MISSING_CENTRAL: SR3Mu/Central/muons/1/px in Skim_TriLep_WWG.root
2025-11-05 21:37:05,558 - INFO - [2016postVFP] MISSING_CENTRAL: SR3Mu/Central/muons/1/px in Skim_TriLep_DYJets.root
2025-11-05 21:37:05,559 - INFO - [2016postVFP] MISSING_CENTRAL: SR3Mu/Central/muons/1/px in Skim_TriLep_DYJets10to50.root
2025-11-05 21:37:05,608 - INFO - [2016postVFP] MISSING_CENTRAL: SR3Mu/Central/muons/1/px in Skim_TriLep_WWG.root
2025-11-05 21:38:11,717 - INFO - [2016postVFP] MISSING_CENTRAL: SR3Mu/Central/muons/1/px in Skim_TriLep_DYJets.root
2025-11-05 21:38:11,718 - INFO - [2016postVFP] MISSING_CENTRAL: SR3Mu/Central/muons/1/px in Skim_TriLep_DYJets10to50.root
2025-11-05 21:38:11,754 - INFO - [2016postVFP] MISSING_CENTRAL: SR3Mu/Central/muons/1/px in Skim_TriLep_WWG.root
2025-11-05 22:00:40,454 - INFO - [2016postVFP] MISSING_CENTRAL: SR3Mu/Central/muons/1/px in Skim_TriLep_DYJets.root
2025-11-05 22:00:40,454 - INFO - [2016postVFP] MISSING_CENTRAL: SR3Mu/Central/muons/1/px in Skim_TriLep_DYJets10to50.root
2025-11-05 22:00:40,491 - INFO - [2016postVFP] MISSING_CENTRAL: SR3Mu/Central/muons/1/px in Skim_TriLep_WWG.root
2025-11-05 22:16:26,164 - INFO - [2016postVFP] MISSING_CENTRAL: SR3Mu/Central/muons/1/px in Skim_TriLep_DYJets.root
2025-11-05 22:16:26,164 - INFO - [2016postVFP] MISSING_CENTRAL: SR3Mu/Central/muons/1/px in Skim_TriLep_DYJets10to50.root
2025-11-05 22:16:26,201 - INFO - [2016postVFP] MISSING_CENTRAL: SR3Mu/Central/muons/1/px in Skim_TriLep_WWG.root
2025-11-05 23:21:00,847 - INFO - [2016postVFP] MISSING_CENTRAL: SR3Mu/Central/muons/1/px in Skim_TriLep_DYJets.root
2025-11-05 23:21:00,847 - INFO - [2016postVFP] MISSING_CENTRAL: SR3Mu/Central/muons/1/px in Skim_TriLep_DYJets10to50.root
2025-11-05 23:21:00,884 - INFO - [2016postVFP] MISSING_CENTRAL: SR3Mu/Central/muons/1/px in Skim_TriLep_WWG.root
2025-11-07 12:24:16,076 - INFO - [2016postVFP] MISSING_CENTRAL: SR3Mu/Central/muons/1/px in Skim_TriLep_DYJets.root
2025-11-07 12:24:16,077 - INFO - [2016postVFP] MISSING_CENTRAL: SR3Mu/Central/muons/1/px in Skim_TriLep_DYJets10to50.root
2025-11-07 12:24:16,137 - INFO - [2016postVFP] MISSING_CENTRAL: SR3Mu/Central/muons/1/px in Skim_TriLep_WWG.root
2025-11-07 13:04:27,988 - INFO - [2016postVFP] MISSING_CENTRAL: SR3Mu/Central/muons/1/px in Skim_TriLep_DYJets.root
2025-11-07 13:04:27,989 - INFO - [2016postVFP] MISSING_CENTRAL: SR3Mu/Central/muons/1/px in Skim_TriLep_DYJets10to50.root
2025-11-07 13:04:28,024 - INFO - [2016postVFP] MISSING_CENTRAL: SR3Mu/Central/muons/1/px in Skim_TriLep_WWG.root
2025-11-07 13:28:57,729 - INFO - [2016postVFP] MISSING_CENTRAL: SR3Mu/Central/muons/1/px in Skim_TriLep_DYJets.root
2025-11-07 13:28:57,729 - INFO - [2016postVFP] MISSING_CENTRAL: SR3Mu/Central/muons/1/px in Skim_TriLep_DYJets10to50.root
2025-11-07 13:28:57,765 - INFO - [2016postVFP] MISSING_CENTRAL: SR3Mu/Central/muons/1/px in Skim_TriLep_WWG.root
2025-11-07 13:45:21,193 - INFO - [2016postVFP] MISSING_CENTRAL: SR3Mu/Central/muons/1/px in Skim_TriLep_DYJets.root
2025-11-07 13:45:21,194 - INFO - [2016postVFP] MISSING_CENTRAL: SR3Mu/Central/muons/1/px in Skim_TriLep_DYJets10to50.root
2025-11-07 13:45:21,230 - INFO - [2016postVFP] MISSING_CENTRAL: SR3Mu/Central/muons/1/px in Skim_TriLep_WWG.root
2025-11-07 14:01:43,288 - INFO - [2016postVFP] MISSING_CENTRAL: SR3Mu/Central/muons/1/px in Skim_TriLep_DYJets.root
2025-11-07 14:01:43,289 - INFO - [2016postVFP] MISSING_CENTRAL: SR3Mu/Central/muons/1/px in Skim_TriLep_DYJets10to50.root
2025-11-07 14:01:43,323 - INFO - [2016postVFP] MISSING_CENTRAL: SR3Mu/Central/muons/1/px in Skim_TriLep_WWG.root
2025-11-10 05:51:56,766 - INFO - [2016postVFP] MISSING_CENTRAL: SR3Mu/Central/muons/1/px in Skim_TriLep_DYJets.root
2025-11-10 05:51:56,767 - INFO - [2016postVFP] MISSING_CENTRAL: SR3Mu/Central/muons/1/px in Skim_TriLep_DYJets10to50.root
2025-11-10 05:51:56,803 - INFO - [2016postVFP] MISSING_CENTRAL: SR3Mu/Central/muons/1/px in Skim_TriLep_WWG.root
2025-11-10 12:16:44,497 - INFO - [2016postVFP] MISSING_CENTRAL: SR3Mu/Central/muons/1/px in Skim_TriLep_DYJets.root
2025-11-10 12:16:44,498 - INFO - [2016postVFP] MISSING_CENTRAL: SR3Mu/Central/muons/1/px in Skim_TriLep_DYJets10to50.root
2025-11-10 12:16:44,549 - INFO - [2016postVFP] MISSING_CENTRAL: SR3Mu/Central/muons/1/px in Skim_TriLep_WWG.root
2025-11-13 11:05:36,524 - INFO - [2016postVFP] MISSING_CENTRAL: SR3Mu/Central/muons/1/px in Skim_TriLep_DYJets.root
2025-11-13 11:05:36,525 - INFO - [2016postVFP] MISSING_CENTRAL: SR3Mu/Central/muons/1/px in Skim_TriLep_DYJets10to50.root
2025-11-13 11:05:37,098 - INFO - [2016postVFP] MISSING_CENTRAL: SR3Mu/Central/muons/1/px in Skim_TriLep_WWG.root
2025-11-13 19:53:56,260 - INFO - [2016postVFP] MISSING_CENTRAL: SR3Mu/Central/muons/1/px in Skim_TriLep_DYJets.root
2025-11-13 19:53:56,260 - INFO - [2016postVFP] MISSING_CENTRAL: SR3Mu/Central/muons/1/px in Skim_TriLep_DYJets10to50.root
2025-11-13 19:53:56,295 - INFO - [2016postVFP] MISSING_CENTRAL: SR3Mu/Central/muons/1/px in Skim_TriLep_WWG.root
2025-11-13 20:00:50,624 - INFO - [2016postVFP] MISSING_CENTRAL: SR3Mu/Central/muons/1/px in Skim_TriLep_DYJets.root
2025-11-13 20:00:50,625 - INFO - [2016postVFP] MISSING_CENTRAL: SR3Mu/Central/muons/1/px in Skim_TriLep_DYJets10to50.root
2025-11-13 20:00:50,659 - INFO - [2016postVFP] MISSING_CENTRAL: SR3Mu/Central/muons/1/px in Skim_TriLep_WWG.root
2025-11-19 16:19:03,938 - INFO - [2016postVFP] MISSING_CENTRAL: SR3Mu/Central/muons/1/px in Skim_TriLep_DYJets.root
2025-11-19 16:19:03,939 - INFO - [2016postVFP] MISSING_CENTRAL: SR3Mu/Central/muons/1/px in Skim_TriLep_DYJets10to50.root
2025-11-19 16:19:03,973 - INFO - [2016postVFP] MISSING_CENTRAL: SR3Mu/Central/muons/1/px in Skim_TriLep_WWG.root
2025-12-17 22:32:49,399 - INFO - [2016postVFP] MISSING_CENTRAL: SR3Mu/Central/muons/1/px in Skim_TriLep_DYJets10to50.root
2025-12-17 22:32:49,877 - INFO - [2016postVFP] MISSING_CENTRAL: SR3Mu/Central/muons/1/px in Skim_TriLep_WWG.root
2025-12-18 14:15:59,717 - INFO - [2016postVFP] MISSING_CENTRAL: SR3Mu/Central/muons/1/px in Skim_TriLep_DYJets10to50.root
2025-12-18 14:15:59,835 - INFO - [2016postVFP] MISSING_CENTRAL: SR3Mu/Central/muons/1/px in Skim_TriLep_WWG.root
2025-12-18 14:31:31,253 - INFO - [2016postVFP] MISSING_CENTRAL: SR3Mu/Central/muons/1/px in Skim_TriLep_DYJets10to50.root
2025-12-18 14:31:31,301 - INFO - [2016postVFP] MISSING_CENTRAL: SR3Mu/Central/muons/1/px in Skim_TriLep_WWG.root
2026-01-07 11:41:40,646 - INFO - [2016postVFP] MISSING_CENTRAL: SR3Mu/Central/muons/1/px in Skim_TriLep_DYJets10to50.root
2026-01-07 11:41:40,919 - INFO - [2016postVFP] MISSING_CENTRAL: SR3Mu/Central/muons/1/px in Skim_TriLep_WWG.root
2026-01-07 18:38:53,284 - INFO - [2016postVFP] MISSING_CENTRAL: SR3Mu/Central/muons/1/px in Skim_TriLep_DYJets10to50.root
2026-01-07 18:38:53,310 - INFO - [2016postVFP] MISSING_CENTRAL: SR3Mu/Central/muons/1/px in Skim_TriLep_WWG.root
2026-01-07 19:27:21,280 - INFO - [2016postVFP] MISSING_CENTRAL: SR3Mu/Central/muons/1/px in Skim_TriLep_DYJets10to50.root
2026-01-07 19:27:21,308 - INFO - [2016postVFP] MISSING_CENTRAL: SR3Mu/Central/muons/1/px in Skim_TriLep_WWG.root
2026-01-09 12:12:13,975 - INFO - [2016postVFP] MISSING_CENTRAL: SR3Mu/Central/muons/1/px in Skim_TriLep_DYJets10to50.root
2026-01-09 12:12:13,996 - INFO - [2016postVFP] MISSING_CENTRAL: SR3Mu/Central/muons/1/px in Skim_TriLep_WWG.root
2026-01-11 09:32:18,148 - INFO - [2016postVFP] MISSING_CENTRAL: SR3Mu/Central/muons/1/px in Skim_TriLep_DYJets10to50.root
2026-01-11 09:32:18,165 - INFO - [2016postVFP] MISSING_CENTRAL: SR3Mu/Central/muons/1/px in Skim_TriLep_WWG.root
2026-01-12 13:40:52,155 - INFO - [2016postVFP] MISSING_FILE: /home/choij/Sync/workspace/ChargedHiggsAnalysisV3/SKNanoOutput/MatrixSelector/Run3Mu/2016postVFP/Skim_TriLep_DoubleMuon_F.root
2026-01-12 13:40:52,156 - INFO - [2016postVFP] MISSING_FILE: /home/choij/Sync/workspace/ChargedHiggsAnalysisV3/SKNanoOutput/MatrixSelector/Run3Mu/2016postVFP/Skim_TriLep_DoubleMuon_G.root
2026-01-12 13:40:52,156 - INFO - [2016postVFP] MISSING_FILE: /home/choij/Sync/workspace/ChargedHiggsAnalysisV3/SKNanoOutput/MatrixSelector/Run3Mu/2016postVFP/Skim_TriLep_DoubleMuon_H.root
2026-01-12 13:40:52,190 - INFO - [2016postVFP] MISSING_CENTRAL: SR3Mu/Central/muons/1/px in Skim_TriLep_DYJets10to50.root
2026-01-12 13:40:52,207 - INFO - [2016postVFP] MISSING_CENTRAL: SR3Mu/Central/muons/1/px in Skim_TriLep_WWG.root
2026-01-16 18:56:13,849 - INFO - [2016postVFP] MISSING_CENTRAL: SR3Mu/Central/muons/1/px in Skim_TriLep_DYJets10to50.root
2026-01-16 18:56:13,883 - INFO - [2016postVFP] MISSING_CENTRAL: SR3Mu/Central/muons/1/px in Skim_TriLep_WWG.root
2026-01-28 16:05:58,692 - INFO - [2016postVFP] MISSING_CENTRAL: SR3Mu/Central/muons/1/px in Skim_TriLep_DYJets10to50.root
2026-01-28 16:05:58,720 - INFO - [2016postVFP] MISSING_CENTRAL: SR3Mu/Central/muons/1/px in Skim_TriLep_WWG.root
