2025-12-18 14:10:27,776 - INFO - [2016preVFP] MISSING_CENTRAL: TTZ2E1Mu/Central/bjets/3/pt in Skim_TriLep_MuonEG_B.root
2025-12-18 14:10:27,784 - INFO - [2016preVFP] MISSING_CENTRAL: TTZ2E1Mu/Central/bjets/3/pt in Skim_TriLep_MuonEG_C.root
2025-12-18 14:10:27,785 - INFO - [2016preVFP] MISSING_CENTRAL: TTZ2E1Mu/Central/bjets/3/pt in Skim_TriLep_MuonEG_D.root
2025-12-18 14:10:27,787 - INFO - [2016preVFP] MISSING_CENTRAL: TTZ2E1Mu/Central/bjets/3/pt in Skim_TriLep_MuonEG_E.root
2025-12-18 14:10:27,789 - INFO - [2016preVFP] MISSING_CENTRAL: TTZ2E1Mu/Central/bjets/3/pt in Skim_TriLep_MuonEG_F.root
2025-12-18 14:14:30,339 - INFO - [2016preVFP] MISSING_CENTRAL: TTZ2E1Mu/Central/bjets/3/pt in Skim_TriLep_MuonEG_B.root
2025-12-18 14:14:30,354 - INFO - [2016preVFP] MISSING_CENTRAL: TTZ2E1Mu/Central/bjets/3/pt in Skim_TriLep_MuonEG_C.root
2025-12-18 14:14:30,359 - INFO - [2016preVFP] MISSING_CENTRAL: TTZ2E1Mu/Central/bjets/3/pt in Skim_TriLep_MuonEG_D.root
2025-12-18 14:14:30,364 - INFO - [2016preVFP] MISSING_CENTRAL: TTZ2E1Mu/Central/bjets/3/pt in Skim_TriLep_MuonEG_E.root
2025-12-18 14:14:30,369 - INFO - [2016preVFP] MISSING_CENTRAL: TTZ2E1Mu/Central/bjets/3/pt in Skim_TriLep_MuonEG_F.root
2025-12-18 14:30:01,509 - INFO - [2016preVFP] MISSING_CENTRAL: TTZ2E1Mu/Central/bjets/3/pt in Skim_TriLep_MuonEG_B.root
2025-12-18 14:30:01,518 - INFO - [2016preVFP] MISSING_CENTRAL: TTZ2E1Mu/Central/bjets/3/pt in Skim_TriLep_MuonEG_C.root
2025-12-18 14:30:01,519 - INFO - [2016preVFP] MISSING_CENTRAL: TTZ2E1Mu/Central/bjets/3/pt in Skim_TriLep_MuonEG_D.root
2025-12-18 14:30:01,526 - INFO - [2016preVFP] MISSING_CENTRAL: TTZ2E1Mu/Central/bjets/3/pt in Skim_TriLep_MuonEG_E.root
2025-12-18 14:30:01,527 - INFO - [2016preVFP] MISSING_CENTRAL: TTZ2E1Mu/Central/bjets/3/pt in Skim_TriLep_MuonEG_F.root
2025-12-18 21:33:25,778 - INFO - [2016preVFP] MISSING_CENTRAL: TTZ2E1Mu/Central/bjets/3/pt in Skim_TriLep_MuonEG_B.root
2025-12-18 21:33:25,779 - INFO - [2016preVFP] MISSING_CENTRAL: TTZ2E1Mu/Central/bjets/3/pt in Skim_TriLep_MuonEG_C.root
2025-12-18 21:33:25,780 - INFO - [2016preVFP] MISSING_CENTRAL: TTZ2E1Mu/Central/bjets/3/pt in Skim_TriLep_MuonEG_D.root
2025-12-18 21:33:25,781 - INFO - [2016preVFP] MISSING_CENTRAL: TTZ2E1Mu/Central/bjets/3/pt in Skim_TriLep_MuonEG_E.root
2025-12-18 21:33:25,782 - INFO - [2016preVFP] MISSING_CENTRAL: TTZ2E1Mu/Central/bjets/3/pt in Skim_TriLep_MuonEG_F.root
2025-12-18 23:42:09,788 - INFO - [2016preVFP] MISSING_CENTRAL: TTZ2E1Mu/Central/bjets/3/pt in Skim_TriLep_MuonEG_B.root
2025-12-18 23:42:09,789 - INFO - [2016preVFP] MISSING_CENTRAL: TTZ2E1Mu/Central/bjets/3/pt in Skim_TriLep_MuonEG_C.root
2025-12-18 23:42:09,789 - INFO - [2016preVFP] MISSING_CENTRAL: TTZ2E1Mu/Central/bjets/3/pt in Skim_TriLep_MuonEG_D.root
2025-12-18 23:42:09,790 - INFO - [2016preVFP] MISSING_CENTRAL: TTZ2E1Mu/Central/bjets/3/pt in Skim_TriLep_MuonEG_E.root
2025-12-18 23:42:09,790 - INFO - [2016preVFP] MISSING_CENTRAL: TTZ2E1Mu/Central/bjets/3/pt in Skim_TriLep_MuonEG_F.root
2026-01-07 11:17:10,183 - INFO - [2016preVFP] MISSING_FILE: /home/choij/Sync/workspace/ChargedHiggsAnalysisV3/SKNanoOutput/PromptSelector/Run2E1Mu/2016preVFP/Skim_TriLep_MuonEG_B.root
2026-01-07 11:17:10,183 - INFO - [2016preVFP] MISSING_FILE: /home/choij/Sync/workspace/ChargedHiggsAnalysisV3/SKNanoOutput/PromptSelector/Run2E1Mu/2016preVFP/Skim_TriLep_MuonEG_C.root
2026-01-07 11:17:10,183 - INFO - [2016preVFP] MISSING_FILE: /home/choij/Sync/workspace/ChargedHiggsAnalysisV3/SKNanoOutput/PromptSelector/Run2E1Mu/2016preVFP/Skim_TriLep_MuonEG_D.root
2026-01-07 11:17:10,190 - INFO - [2016preVFP] MISSING_FILE: /home/choij/Sync/workspace/ChargedHiggsAnalysisV3/SKNanoOutput/PromptSelector/Run2E1Mu/2016preVFP/Skim_TriLep_MuonEG_E.root
2026-01-07 11:17:10,190 - INFO - [2016preVFP] MISSING_FILE: /home/choij/Sync/workspace/ChargedHiggsAnalysisV3/SKNanoOutput/PromptSelector/Run2E1Mu/2016preVFP/Skim_TriLep_MuonEG_F.root
2026-01-07 11:21:53,939 - INFO - [2016preVFP] MISSING_CENTRAL: TTZ2E1Mu/Central/bjets/3/pt in Skim_TriLep_MuonEG_B.root
2026-01-07 11:21:53,940 - INFO - [2016preVFP] MISSING_CENTRAL: TTZ2E1Mu/Central/bjets/3/pt in Skim_TriLep_MuonEG_C.root
2026-01-07 11:21:53,942 - INFO - [2016preVFP] MISSING_CENTRAL: TTZ2E1Mu/Central/bjets/3/pt in Skim_TriLep_MuonEG_D.root
2026-01-07 11:21:53,943 - INFO - [2016preVFP] MISSING_CENTRAL: TTZ2E1Mu/Central/bjets/3/pt in Skim_TriLep_MuonEG_E.root
2026-01-07 11:21:53,943 - INFO - [2016preVFP] MISSING_CENTRAL: TTZ2E1Mu/Central/bjets/3/pt in Skim_TriLep_MuonEG_F.root
2026-01-07 11:40:17,202 - INFO - [2016preVFP] MISSING_CENTRAL: TTZ2E1Mu/Central/bjets/3/pt in Skim_TriLep_MuonEG_B.root
2026-01-07 11:40:17,203 - INFO - [2016preVFP] MISSING_CENTRAL: TTZ2E1Mu/Central/bjets/3/pt in Skim_TriLep_MuonEG_C.root
2026-01-07 11:40:17,205 - INFO - [2016preVFP] MISSING_CENTRAL: TTZ2E1Mu/Central/bjets/3/pt in Skim_TriLep_MuonEG_D.root
2026-01-07 11:40:17,207 - INFO - [2016preVFP] MISSING_CENTRAL: TTZ2E1Mu/Central/bjets/3/pt in Skim_TriLep_MuonEG_E.root
2026-01-07 11:40:17,209 - INFO - [2016preVFP] MISSING_CENTRAL: TTZ2E1Mu/Central/bjets/3/pt in Skim_TriLep_MuonEG_F.root
2026-01-07 18:37:36,118 - INFO - [2016preVFP] MISSING_CENTRAL: TTZ2E1Mu/Central/bjets/3/pt in Skim_TriLep_MuonEG_B.root
2026-01-07 18:37:36,120 - INFO - [2016preVFP] MISSING_CENTRAL: TTZ2E1Mu/Central/bjets/3/pt in Skim_TriLep_MuonEG_C.root
2026-01-07 18:37:36,121 - INFO - [2016preVFP] MISSING_CENTRAL: TTZ2E1Mu/Central/bjets/3/pt in Skim_TriLep_MuonEG_D.root
2026-01-07 18:37:36,122 - INFO - [2016preVFP] MISSING_CENTRAL: TTZ2E1Mu/Central/bjets/3/pt in Skim_TriLep_MuonEG_E.root
2026-01-07 18:37:36,128 - INFO - [2016preVFP] MISSING_CENTRAL: TTZ2E1Mu/Central/bjets/3/pt in Skim_TriLep_MuonEG_F.root
2026-01-09 12:10:49,385 - INFO - [2016preVFP] MISSING_CENTRAL: TTZ2E1Mu/Central/bjets/3/pt in Skim_TriLep_MuonEG_B.root
2026-01-09 12:10:49,386 - INFO - [2016preVFP] MISSING_CENTRAL: TTZ2E1Mu/Central/bjets/3/pt in Skim_TriLep_MuonEG_C.root
2026-01-09 12:10:49,386 - INFO - [2016preVFP] MISSING_CENTRAL: TTZ2E1Mu/Central/bjets/3/pt in Skim_TriLep_MuonEG_D.root
2026-01-09 12:10:49,387 - INFO - [2016preVFP] MISSING_CENTRAL: TTZ2E1Mu/Central/bjets/3/pt in Skim_TriLep_MuonEG_E.root
2026-01-09 12:10:49,387 - INFO - [2016preVFP] MISSING_CENTRAL: TTZ2E1Mu/Central/bjets/3/pt in Skim_TriLep_MuonEG_F.root
