2025-12-18 14:14:24,199 - INFO - [2016preVFP] MISSING_CENTRAL: TTZ2E1Mu/Central/electrons/2/pt in Skim_TriLep_DYJets10to50.root
2025-12-18 14:29:55,418 - INFO - [2016preVFP] MISSING_CENTRAL: TTZ2E1Mu/Central/electrons/2/pt in Skim_TriLep_DYJets10to50.root
2025-12-18 21:33:20,474 - INFO - [2016preVFP] MISSING_CENTRAL: TTZ2E1Mu/Central/electrons/2/pt in Skim_TriLep_DYJets10to50.root
2025-12-18 23:42:01,389 - INFO - [2016preVFP] MISSING_CENTRAL: TTZ2E1Mu/Central/electrons/2/pt in Skim_TriLep_DYJets10to50.root
2026-01-07 11:17:03,569 - INFO - [2016preVFP] MISSING_FILE: /home/choij/Sync/workspace/ChargedHiggsAnalysisV3/SKNanoOutput/PromptSelector/Run2E1Mu/2016preVFP/Skim_TriLep_MuonEG_B.root
2026-01-07 11:17:03,569 - INFO - [2016preVFP] MISSING_FILE: /home/choij/Sync/workspace/ChargedHiggsAnalysisV3/SKNanoOutput/PromptSelector/Run2E1Mu/2016preVFP/Skim_TriLep_MuonEG_C.root
2026-01-07 11:17:03,569 - INFO - [2016preVFP] MISSING_FILE: /home/choij/Sync/workspace/ChargedHiggsAnalysisV3/SKNanoOutput/PromptSelector/Run2E1Mu/2016preVFP/Skim_TriLep_MuonEG_D.root
2026-01-07 11:17:03,569 - INFO - [2016preVFP] MISSING_FILE: /home/choij/Sync/workspace/ChargedHiggsAnalysisV3/SKNanoOutput/PromptSelector/Run2E1Mu/2016preVFP/Skim_TriLep_MuonEG_E.root
2026-01-07 11:17:03,569 - INFO - [2016preVFP] MISSING_FILE: /home/choij/Sync/workspace/ChargedHiggsAnalysisV3/SKNanoOutput/PromptSelector/Run2E1Mu/2016preVFP/Skim_TriLep_MuonEG_F.root
2026-01-07 11:21:32,624 - INFO - [2016preVFP] MISSING_CENTRAL: TTZ2E1Mu/Central/electrons/2/pt in Skim_TriLep_DYJets10to50.root
2026-01-07 11:40:11,636 - INFO - [2016preVFP] MISSING_CENTRAL: TTZ2E1Mu/Central/electrons/2/pt in Skim_TriLep_DYJets10to50.root
2026-01-07 18:37:30,871 - INFO - [2016preVFP] MISSING_CENTRAL: TTZ2E1Mu/Central/electrons/2/pt in Skim_TriLep_DYJets10to50.root
2026-01-09 12:10:41,026 - INFO - [2016preVFP] MISSING_CENTRAL: TTZ2E1Mu/Central/electrons/2/pt in Skim_TriLep_DYJets10to50.root
2026-01-11 09:30:45,292 - INFO - [2016preVFP] MISSING_CENTRAL: TTZ2E1Mu/Central/electrons/2/pt in Skim_TriLep_DYJets10to50.root
2026-01-12 13:39:16,862 - INFO - [2016preVFP] MISSING_CENTRAL: TTZ2E1Mu/Central/electrons/2/pt in Skim_TriLep_DYJets10to50.root
2026-01-12 21:58:53,204 - INFO - [2016preVFP] MISSING_CENTRAL: TTZ2E1Mu/Central/electrons/2/pt in Skim_TriLep_DYJets10to50.root
2026-01-12 23:04:03,629 - INFO - [2016preVFP] MISSING_CENTRAL: TTZ2E1Mu/Central/electrons/2/pt in Skim_TriLep_DYJets10to50.root
2026-01-13 14:57:11,651 - INFO - [2016preVFP] MISSING_CENTRAL: TTZ2E1Mu/Central/electrons/2/pt in Skim_TriLep_DYJets10to50.root
2026-01-16 18:52:58,879 - INFO - [2016preVFP] MISSING_CENTRAL: TTZ2E1Mu/Central/electrons/2/pt in Skim_TriLep_DYJets10to50.root
2026-01-16 18:54:44,891 - INFO - [2016preVFP] MISSING_CENTRAL: TTZ2E1Mu/Central/electrons/2/pt in Skim_TriLep_DYJets10to50.root
