2025-12-18 14:10:27,366 - INFO - [2016preVFP] MISSING_CENTRAL: TTZ2E1Mu/Central/jets/4/charge in Skim_TriLep_MuonEG_B.root
2025-12-18 14:10:27,377 - INFO - [2016preVFP] MISSING_CENTRAL: TTZ2E1Mu/Central/jets/4/charge in Skim_TriLep_MuonEG_C.root
2025-12-18 14:10:27,378 - INFO - [2016preVFP] MISSING_CENTRAL: TTZ2E1Mu/Central/jets/4/charge in Skim_TriLep_MuonEG_D.root
2025-12-18 14:10:27,385 - INFO - [2016preVFP] MISSING_CENTRAL: TTZ2E1Mu/Central/jets/4/charge in Skim_TriLep_MuonEG_E.root
2025-12-18 14:10:27,392 - INFO - [2016preVFP] MISSING_CENTRAL: TTZ2E1Mu/Central/jets/4/charge in Skim_TriLep_MuonEG_F.root
2025-12-18 14:14:29,775 - INFO - [2016preVFP] MISSING_CENTRAL: TTZ2E1Mu/Central/jets/4/charge in Skim_TriLep_MuonEG_B.root
2025-12-18 14:14:29,779 - INFO - [2016preVFP] MISSING_CENTRAL: TTZ2E1Mu/Central/jets/4/charge in Skim_TriLep_MuonEG_C.root
2025-12-18 14:14:29,793 - INFO - [2016preVFP] MISSING_CENTRAL: TTZ2E1Mu/Central/jets/4/charge in Skim_TriLep_MuonEG_D.root
2025-12-18 14:14:29,795 - INFO - [2016preVFP] MISSING_CENTRAL: TTZ2E1Mu/Central/jets/4/charge in Skim_TriLep_MuonEG_E.root
2025-12-18 14:14:29,797 - INFO - [2016preVFP] MISSING_CENTRAL: TTZ2E1Mu/Central/jets/4/charge in Skim_TriLep_MuonEG_F.root
2025-12-18 14:30:01,695 - INFO - [2016preVFP] MISSING_CENTRAL: TTZ2E1Mu/Central/jets/4/charge in Skim_TriLep_MuonEG_B.root
2025-12-18 14:30:01,699 - INFO - [2016preVFP] MISSING_CENTRAL: TTZ2E1Mu/Central/jets/4/charge in Skim_TriLep_MuonEG_C.root
2025-12-18 14:30:01,701 - INFO - [2016preVFP] MISSING_CENTRAL: TTZ2E1Mu/Central/jets/4/charge in Skim_TriLep_MuonEG_D.root
2025-12-18 14:30:01,708 - INFO - [2016preVFP] MISSING_CENTRAL: TTZ2E1Mu/Central/jets/4/charge in Skim_TriLep_MuonEG_E.root
2025-12-18 14:30:01,709 - INFO - [2016preVFP] MISSING_CENTRAL: TTZ2E1Mu/Central/jets/4/charge in Skim_TriLep_MuonEG_F.root
2025-12-18 21:33:25,755 - INFO - [2016preVFP] MISSING_CENTRAL: TTZ2E1Mu/Central/jets/4/charge in Skim_TriLep_MuonEG_B.root
2025-12-18 21:33:25,756 - INFO - [2016preVFP] MISSING_CENTRAL: TTZ2E1Mu/Central/jets/4/charge in Skim_TriLep_MuonEG_C.root
2025-12-18 21:33:25,757 - INFO - [2016preVFP] MISSING_CENTRAL: TTZ2E1Mu/Central/jets/4/charge in Skim_TriLep_MuonEG_D.root
2025-12-18 21:33:25,758 - INFO - [2016preVFP] MISSING_CENTRAL: TTZ2E1Mu/Central/jets/4/charge in Skim_TriLep_MuonEG_E.root
2025-12-18 21:33:25,759 - INFO - [2016preVFP] MISSING_CENTRAL: TTZ2E1Mu/Central/jets/4/charge in Skim_TriLep_MuonEG_F.root
2025-12-18 23:42:07,692 - INFO - [2016preVFP] MISSING_CENTRAL: TTZ2E1Mu/Central/jets/4/charge in Skim_TriLep_MuonEG_B.root
2025-12-18 23:42:07,692 - INFO - [2016preVFP] MISSING_CENTRAL: TTZ2E1Mu/Central/jets/4/charge in Skim_TriLep_MuonEG_C.root
2025-12-18 23:42:07,693 - INFO - [2016preVFP] MISSING_CENTRAL: TTZ2E1Mu/Central/jets/4/charge in Skim_TriLep_MuonEG_D.root
2025-12-18 23:42:07,693 - INFO - [2016preVFP] MISSING_CENTRAL: TTZ2E1Mu/Central/jets/4/charge in Skim_TriLep_MuonEG_E.root
2025-12-18 23:42:07,694 - INFO - [2016preVFP] MISSING_CENTRAL: TTZ2E1Mu/Central/jets/4/charge in Skim_TriLep_MuonEG_F.root
2026-01-07 11:17:08,291 - INFO - [2016preVFP] MISSING_FILE: /home/choij/Sync/workspace/ChargedHiggsAnalysisV3/SKNanoOutput/PromptSelector/Run2E1Mu/2016preVFP/Skim_TriLep_MuonEG_B.root
2026-01-07 11:17:08,291 - INFO - [2016preVFP] MISSING_FILE: /home/choij/Sync/workspace/ChargedHiggsAnalysisV3/SKNanoOutput/PromptSelector/Run2E1Mu/2016preVFP/Skim_TriLep_MuonEG_C.root
2026-01-07 11:17:08,291 - INFO - [2016preVFP] MISSING_FILE: /home/choij/Sync/workspace/ChargedHiggsAnalysisV3/SKNanoOutput/PromptSelector/Run2E1Mu/2016preVFP/Skim_TriLep_MuonEG_D.root
2026-01-07 11:17:08,291 - INFO - [2016preVFP] MISSING_FILE: /home/choij/Sync/workspace/ChargedHiggsAnalysisV3/SKNanoOutput/PromptSelector/Run2E1Mu/2016preVFP/Skim_TriLep_MuonEG_E.root
2026-01-07 11:17:08,291 - INFO - [2016preVFP] MISSING_FILE: /home/choij/Sync/workspace/ChargedHiggsAnalysisV3/SKNanoOutput/PromptSelector/Run2E1Mu/2016preVFP/Skim_TriLep_MuonEG_F.root
2026-01-07 11:21:53,863 - INFO - [2016preVFP] MISSING_CENTRAL: TTZ2E1Mu/Central/jets/4/charge in Skim_TriLep_MuonEG_B.root
2026-01-07 11:21:53,864 - INFO - [2016preVFP] MISSING_CENTRAL: TTZ2E1Mu/Central/jets/4/charge in Skim_TriLep_MuonEG_C.root
2026-01-07 11:21:53,866 - INFO - [2016preVFP] MISSING_CENTRAL: TTZ2E1Mu/Central/jets/4/charge in Skim_TriLep_MuonEG_D.root
2026-01-07 11:21:53,869 - INFO - [2016preVFP] MISSING_CENTRAL: TTZ2E1Mu/Central/jets/4/charge in Skim_TriLep_MuonEG_E.root
2026-01-07 11:21:53,870 - INFO - [2016preVFP] MISSING_CENTRAL: TTZ2E1Mu/Central/jets/4/charge in Skim_TriLep_MuonEG_F.root
2026-01-07 11:40:17,030 - INFO - [2016preVFP] MISSING_CENTRAL: TTZ2E1Mu/Central/jets/4/charge in Skim_TriLep_MuonEG_B.root
2026-01-07 11:40:17,038 - INFO - [2016preVFP] MISSING_CENTRAL: TTZ2E1Mu/Central/jets/4/charge in Skim_TriLep_MuonEG_C.root
2026-01-07 11:40:17,051 - INFO - [2016preVFP] MISSING_CENTRAL: TTZ2E1Mu/Central/jets/4/charge in Skim_TriLep_MuonEG_D.root
2026-01-07 11:40:17,055 - INFO - [2016preVFP] MISSING_CENTRAL: TTZ2E1Mu/Central/jets/4/charge in Skim_TriLep_MuonEG_E.root
2026-01-07 11:40:17,060 - INFO - [2016preVFP] MISSING_CENTRAL: TTZ2E1Mu/Central/jets/4/charge in Skim_TriLep_MuonEG_F.root
2026-01-07 18:37:35,769 - INFO - [2016preVFP] MISSING_CENTRAL: TTZ2E1Mu/Central/jets/4/charge in Skim_TriLep_MuonEG_B.root
2026-01-07 18:37:35,770 - INFO - [2016preVFP] MISSING_CENTRAL: TTZ2E1Mu/Central/jets/4/charge in Skim_TriLep_MuonEG_C.root
2026-01-07 18:37:35,771 - INFO - [2016preVFP] MISSING_CENTRAL: TTZ2E1Mu/Central/jets/4/charge in Skim_TriLep_MuonEG_D.root
2026-01-07 18:37:35,772 - INFO - [2016preVFP] MISSING_CENTRAL: TTZ2E1Mu/Central/jets/4/charge in Skim_TriLep_MuonEG_E.root
2026-01-07 18:37:35,783 - INFO - [2016preVFP] MISSING_CENTRAL: TTZ2E1Mu/Central/jets/4/charge in Skim_TriLep_MuonEG_F.root
2026-01-09 12:10:47,076 - INFO - [2016preVFP] MISSING_CENTRAL: TTZ2E1Mu/Central/jets/4/charge in Skim_TriLep_MuonEG_B.root
2026-01-09 12:10:47,079 - INFO - [2016preVFP] MISSING_CENTRAL: TTZ2E1Mu/Central/jets/4/charge in Skim_TriLep_MuonEG_C.root
2026-01-09 12:10:47,083 - INFO - [2016preVFP] MISSING_CENTRAL: TTZ2E1Mu/Central/jets/4/charge in Skim_TriLep_MuonEG_D.root
2026-01-09 12:10:47,086 - INFO - [2016preVFP] MISSING_CENTRAL: TTZ2E1Mu/Central/jets/4/charge in Skim_TriLep_MuonEG_E.root
2026-01-09 12:10:47,089 - INFO - [2016preVFP] MISSING_CENTRAL: TTZ2E1Mu/Central/jets/4/charge in Skim_TriLep_MuonEG_F.root
2026-01-11 09:30:51,643 - INFO - [2016preVFP] MISSING_CENTRAL: TTZ2E1Mu/Central/jets/4/charge in Skim_TriLep_MuonEG_B.root
2026-01-11 09:30:51,644 - INFO - [2016preVFP] MISSING_CENTRAL: TTZ2E1Mu/Central/jets/4/charge in Skim_TriLep_MuonEG_C.root
2026-01-11 09:30:51,645 - INFO - [2016preVFP] MISSING_CENTRAL: TTZ2E1Mu/Central/jets/4/charge in Skim_TriLep_MuonEG_D.root
2026-01-11 09:30:51,645 - INFO - [2016preVFP] MISSING_CENTRAL: TTZ2E1Mu/Central/jets/4/charge in Skim_TriLep_MuonEG_E.root
2026-01-11 09:30:51,646 - INFO - [2016preVFP] MISSING_CENTRAL: TTZ2E1Mu/Central/jets/4/charge in Skim_TriLep_MuonEG_F.root
2026-01-12 13:39:23,311 - INFO - [2016preVFP] MISSING_CENTRAL: TTZ2E1Mu/Central/jets/4/charge in Skim_TriLep_MuonEG_B.root
2026-01-12 13:39:23,316 - INFO - [2016preVFP] MISSING_CENTRAL: TTZ2E1Mu/Central/jets/4/charge in Skim_TriLep_MuonEG_C.root
2026-01-12 13:39:23,316 - INFO - [2016preVFP] MISSING_CENTRAL: TTZ2E1Mu/Central/jets/4/charge in Skim_TriLep_MuonEG_D.root
2026-01-12 13:39:23,317 - INFO - [2016preVFP] MISSING_CENTRAL: TTZ2E1Mu/Central/jets/4/charge in Skim_TriLep_MuonEG_E.root
2026-01-12 13:39:23,317 - INFO - [2016preVFP] MISSING_CENTRAL: TTZ2E1Mu/Central/jets/4/charge in Skim_TriLep_MuonEG_F.root
2026-01-12 21:58:59,536 - INFO - [2016preVFP] MISSING_CENTRAL: TTZ2E1Mu/Central/jets/4/charge in Skim_TriLep_MuonEG_B.root
2026-01-12 21:58:59,538 - INFO - [2016preVFP] MISSING_CENTRAL: TTZ2E1Mu/Central/jets/4/charge in Skim_TriLep_MuonEG_C.root
2026-01-12 21:58:59,550 - INFO - [2016preVFP] MISSING_CENTRAL: TTZ2E1Mu/Central/jets/4/charge in Skim_TriLep_MuonEG_D.root
2026-01-12 21:58:59,551 - INFO - [2016preVFP] MISSING_CENTRAL: TTZ2E1Mu/Central/jets/4/charge in Skim_TriLep_MuonEG_E.root
2026-01-12 21:58:59,553 - INFO - [2016preVFP] MISSING_CENTRAL: TTZ2E1Mu/Central/jets/4/charge in Skim_TriLep_MuonEG_F.root
