2025-12-18 14:10:18,764 - INFO - [2016preVFP] MISSING_CENTRAL: TTZ2E1Mu/Central/jets/2/mass in Skim_TriLep_DYJets10to50.root
2025-12-18 14:14:25,006 - INFO - [2016preVFP] MISSING_CENTRAL: TTZ2E1Mu/Central/jets/2/mass in Skim_TriLep_DYJets10to50.root
2025-12-18 14:29:55,703 - INFO - [2016preVFP] MISSING_CENTRAL: TTZ2E1Mu/Central/jets/2/mass in Skim_TriLep_DYJets10to50.root
2025-12-18 21:33:20,312 - INFO - [2016preVFP] MISSING_CENTRAL: TTZ2E1Mu/Central/jets/2/mass in Skim_TriLep_DYJets10to50.root
2025-12-18 23:42:04,718 - INFO - [2016preVFP] MISSING_CENTRAL: TTZ2E1Mu/Central/jets/2/mass in Skim_TriLep_DYJets10to50.root
2026-01-07 11:17:05,534 - INFO - [2016preVFP] MISSING_FILE: /home/choij/Sync/workspace/ChargedHiggsAnalysisV3/SKNanoOutput/PromptSelector/Run2E1Mu/2016preVFP/Skim_TriLep_MuonEG_B.root
2026-01-07 11:17:05,534 - INFO - [2016preVFP] MISSING_FILE: /home/choij/Sync/workspace/ChargedHiggsAnalysisV3/SKNanoOutput/PromptSelector/Run2E1Mu/2016preVFP/Skim_TriLep_MuonEG_C.root
2026-01-07 11:17:05,534 - INFO - [2016preVFP] MISSING_FILE: /home/choij/Sync/workspace/ChargedHiggsAnalysisV3/SKNanoOutput/PromptSelector/Run2E1Mu/2016preVFP/Skim_TriLep_MuonEG_D.root
2026-01-07 11:17:05,534 - INFO - [2016preVFP] MISSING_FILE: /home/choij/Sync/workspace/ChargedHiggsAnalysisV3/SKNanoOutput/PromptSelector/Run2E1Mu/2016preVFP/Skim_TriLep_MuonEG_E.root
2026-01-07 11:17:05,534 - INFO - [2016preVFP] MISSING_FILE: /home/choij/Sync/workspace/ChargedHiggsAnalysisV3/SKNanoOutput/PromptSelector/Run2E1Mu/2016preVFP/Skim_TriLep_MuonEG_F.root
2026-01-07 11:21:32,617 - INFO - [2016preVFP] MISSING_CENTRAL: TTZ2E1Mu/Central/jets/2/mass in Skim_TriLep_DYJets10to50.root
2026-01-07 11:40:11,638 - INFO - [2016preVFP] MISSING_CENTRAL: TTZ2E1Mu/Central/jets/2/mass in Skim_TriLep_DYJets10to50.root
2026-01-07 18:37:31,096 - INFO - [2016preVFP] MISSING_CENTRAL: TTZ2E1Mu/Central/jets/2/mass in Skim_TriLep_DYJets10to50.root
2026-01-09 12:10:44,158 - INFO - [2016preVFP] MISSING_CENTRAL: TTZ2E1Mu/Central/jets/2/mass in Skim_TriLep_DYJets10to50.root
2026-01-11 09:30:48,567 - INFO - [2016preVFP] MISSING_CENTRAL: TTZ2E1Mu/Central/jets/2/mass in Skim_TriLep_DYJets10to50.root
2026-01-12 13:39:20,108 - INFO - [2016preVFP] MISSING_CENTRAL: TTZ2E1Mu/Central/jets/2/mass in Skim_TriLep_DYJets10to50.root
2026-01-12 21:58:53,342 - INFO - [2016preVFP] MISSING_CENTRAL: TTZ2E1Mu/Central/jets/2/mass in Skim_TriLep_DYJets10to50.root
2026-01-12 23:04:05,476 - INFO - [2016preVFP] MISSING_CENTRAL: TTZ2E1Mu/Central/jets/2/mass in Skim_TriLep_DYJets10to50.root
2026-01-13 14:57:12,451 - INFO - [2016preVFP] MISSING_CENTRAL: TTZ2E1Mu/Central/jets/2/mass in Skim_TriLep_DYJets10to50.root
2026-01-16 18:53:02,892 - INFO - [2016preVFP] MISSING_CENTRAL: TTZ2E1Mu/Central/jets/2/mass in Skim_TriLep_DYJets10to50.root
2026-01-16 18:54:47,887 - INFO - [2016preVFP] MISSING_CENTRAL: TTZ2E1Mu/Central/jets/2/mass in Skim_TriLep_DYJets10to50.root
