2025-12-18 14:10:28,066 - INFO - [2016preVFP] MISSING_CENTRAL: TTZ2E1Mu/Central/METv/phi in Skim_TriLep_DYJets10to50.root
2025-12-18 14:14:30,924 - INFO - [2016preVFP] MISSING_CENTRAL: TTZ2E1Mu/Central/METv/phi in Skim_TriLep_DYJets10to50.root
2025-12-18 14:30:01,777 - INFO - [2016preVFP] MISSING_CENTRAL: TTZ2E1Mu/Central/METv/phi in Skim_TriLep_DYJets10to50.root
2025-12-18 21:33:25,900 - INFO - [2016preVFP] MISSING_CENTRAL: TTZ2E1Mu/Central/METv/phi in Skim_TriLep_DYJets10to50.root
2025-12-18 23:42:10,366 - INFO - [2016preVFP] MISSING_CENTRAL: TTZ2E1Mu/Central/METv/phi in Skim_TriLep_DYJets10to50.root
2026-01-07 11:17:09,991 - INFO - [2016preVFP] MISSING_FILE: /home/choij/Sync/workspace/ChargedHiggsAnalysisV3/SKNanoOutput/PromptSelector/Run2E1Mu/2016preVFP/Skim_TriLep_MuonEG_B.root
2026-01-07 11:17:09,991 - INFO - [2016preVFP] MISSING_FILE: /home/choij/Sync/workspace/ChargedHiggsAnalysisV3/SKNanoOutput/PromptSelector/Run2E1Mu/2016preVFP/Skim_TriLep_MuonEG_C.root
2026-01-07 11:17:09,991 - INFO - [2016preVFP] MISSING_FILE: /home/choij/Sync/workspace/ChargedHiggsAnalysisV3/SKNanoOutput/PromptSelector/Run2E1Mu/2016preVFP/Skim_TriLep_MuonEG_D.root
2026-01-07 11:17:09,991 - INFO - [2016preVFP] MISSING_FILE: /home/choij/Sync/workspace/ChargedHiggsAnalysisV3/SKNanoOutput/PromptSelector/Run2E1Mu/2016preVFP/Skim_TriLep_MuonEG_E.root
2026-01-07 11:17:09,991 - INFO - [2016preVFP] MISSING_FILE: /home/choij/Sync/workspace/ChargedHiggsAnalysisV3/SKNanoOutput/PromptSelector/Run2E1Mu/2016preVFP/Skim_TriLep_MuonEG_F.root
2026-01-07 11:21:53,017 - INFO - [2016preVFP] MISSING_CENTRAL: TTZ2E1Mu/Central/METv/phi in Skim_TriLep_DYJets10to50.root
2026-01-07 11:40:17,016 - INFO - [2016preVFP] MISSING_CENTRAL: TTZ2E1Mu/Central/METv/phi in Skim_TriLep_DYJets10to50.root
2026-01-07 18:37:36,281 - INFO - [2016preVFP] MISSING_CENTRAL: TTZ2E1Mu/Central/METv/phi in Skim_TriLep_DYJets10to50.root
2026-01-09 12:10:50,383 - INFO - [2016preVFP] MISSING_CENTRAL: TTZ2E1Mu/Central/METv/phi in Skim_TriLep_DYJets10to50.root
2026-01-11 09:30:54,911 - INFO - [2016preVFP] MISSING_CENTRAL: TTZ2E1Mu/Central/METv/phi in Skim_TriLep_DYJets10to50.root
2026-01-12 13:39:26,417 - INFO - [2016preVFP] MISSING_CENTRAL: TTZ2E1Mu/Central/METv/phi in Skim_TriLep_DYJets10to50.root
2026-01-12 21:58:59,610 - INFO - [2016preVFP] MISSING_CENTRAL: TTZ2E1Mu/Central/METv/phi in Skim_TriLep_DYJets10to50.root
2026-01-12 23:04:12,403 - INFO - [2016preVFP] MISSING_CENTRAL: TTZ2E1Mu/Central/METv/phi in Skim_TriLep_DYJets10to50.root
2026-01-13 14:57:18,122 - INFO - [2016preVFP] MISSING_CENTRAL: TTZ2E1Mu/Central/METv/phi in Skim_TriLep_DYJets10to50.root
2026-01-16 18:54:53,878 - INFO - [2016preVFP] MISSING_CENTRAL: TTZ2E1Mu/Central/METv/phi in Skim_TriLep_DYJets10to50.root
