2025-12-18 14:10:32,062 - INFO - [2016preVFP] MISSING_CENTRAL: TTZ2E1Mu/Central/MHc145_MA92/score_diboson in Skim_TriLep_DYJets10to50.root
2025-12-18 14:14:36,383 - INFO - [2016preVFP] MISSING_CENTRAL: TTZ2E1Mu/Central/MHc145_MA92/score_diboson in Skim_TriLep_DYJets10to50.root
2025-12-18 14:30:08,040 - INFO - [2016preVFP] MISSING_CENTRAL: TTZ2E1Mu/Central/MHc145_MA92/score_diboson in Skim_TriLep_DYJets10to50.root
2025-12-18 21:33:31,114 - INFO - [2016preVFP] MISSING_CENTRAL: TTZ2E1Mu/Central/MHc145_MA92/score_diboson in Skim_TriLep_DYJets10to50.root
2025-12-18 23:42:14,888 - INFO - [2016preVFP] MISSING_CENTRAL: TTZ2E1Mu/Central/MHc145_MA92/score_diboson in Skim_TriLep_DYJets10to50.root
2026-01-07 11:17:13,477 - INFO - [2016preVFP] MISSING_FILE: /home/choij/Sync/workspace/ChargedHiggsAnalysisV3/SKNanoOutput/PromptSelector/Run2E1Mu/2016preVFP/Skim_TriLep_MuonEG_B.root
2026-01-07 11:17:13,477 - INFO - [2016preVFP] MISSING_FILE: /home/choij/Sync/workspace/ChargedHiggsAnalysisV3/SKNanoOutput/PromptSelector/Run2E1Mu/2016preVFP/Skim_TriLep_MuonEG_C.root
2026-01-07 11:17:13,477 - INFO - [2016preVFP] MISSING_FILE: /home/choij/Sync/workspace/ChargedHiggsAnalysisV3/SKNanoOutput/PromptSelector/Run2E1Mu/2016preVFP/Skim_TriLep_MuonEG_D.root
2026-01-07 11:17:13,477 - INFO - [2016preVFP] MISSING_FILE: /home/choij/Sync/workspace/ChargedHiggsAnalysisV3/SKNanoOutput/PromptSelector/Run2E1Mu/2016preVFP/Skim_TriLep_MuonEG_E.root
2026-01-07 11:17:13,477 - INFO - [2016preVFP] MISSING_FILE: /home/choij/Sync/workspace/ChargedHiggsAnalysisV3/SKNanoOutput/PromptSelector/Run2E1Mu/2016preVFP/Skim_TriLep_MuonEG_F.root
2026-01-07 11:21:59,395 - INFO - [2016preVFP] MISSING_CENTRAL: TTZ2E1Mu/Central/MHc145_MA92/score_diboson in Skim_TriLep_DYJets10to50.root
2026-01-07 11:40:22,586 - INFO - [2016preVFP] MISSING_CENTRAL: TTZ2E1Mu/Central/MHc145_MA92/score_diboson in Skim_TriLep_DYJets10to50.root
2026-01-07 18:37:41,569 - INFO - [2016preVFP] MISSING_CENTRAL: TTZ2E1Mu/Central/MHc145_MA92/score_diboson in Skim_TriLep_DYJets10to50.root
2026-01-09 12:10:54,035 - INFO - [2016preVFP] MISSING_CENTRAL: TTZ2E1Mu/Central/MHc145_MA92/score_diboson in Skim_TriLep_DYJets10to50.root
2026-01-11 09:30:58,418 - INFO - [2016preVFP] MISSING_CENTRAL: TTZ2E1Mu/Central/MHc145_MA92/score_diboson in Skim_TriLep_DYJets10to50.root
2026-01-12 13:39:29,913 - INFO - [2016preVFP] MISSING_CENTRAL: TTZ2E1Mu/Central/MHc145_MA92/score_diboson in Skim_TriLep_DYJets10to50.root
2026-01-12 21:59:05,045 - INFO - [2016preVFP] MISSING_CENTRAL: TTZ2E1Mu/Central/MHc145_MA92/score_diboson in Skim_TriLep_DYJets10to50.root
2026-01-12 23:04:18,477 - INFO - [2016preVFP] MISSING_CENTRAL: TTZ2E1Mu/Central/MHc145_MA92/score_diboson in Skim_TriLep_DYJets10to50.root
2026-01-13 14:57:23,272 - INFO - [2016preVFP] MISSING_CENTRAL: TTZ2E1Mu/Central/MHc145_MA92/score_diboson in Skim_TriLep_DYJets10to50.root
2026-01-16 18:54:57,364 - INFO - [2016preVFP] MISSING_CENTRAL: TTZ2E1Mu/Central/MHc145_MA92/score_diboson in Skim_TriLep_DYJets10to50.root
