2025-12-16 16:27:08,848 - INFO - [2023] MISSING_CENTRAL: DIMU/Central/bjets/2/pt in WJets.root
2025-12-16 16:27:08,908 - INFO - [2023] MISSING_CENTRAL: DIMU/Central/bjets/2/pt in ST_tch_antitop.root
2025-12-16 16:27:09,399 - INFO - [2023] MISSING_CENTRAL: DIMU/L1Prefire_NotImplemented/bjets/2/pt in WJets.root
2025-12-16 16:27:09,404 - INFO - [2023] MISSING_CENTRAL: DIMU/L1Prefire_NotImplemented/bjets/2/pt in ST_tch_antitop.root
2025-12-16 16:27:09,601 - INFO - [2023] MISSING_CENTRAL: DIMU/PileupReweight_NotImplemented/bjets/2/pt in WJets.root
2025-12-16 16:27:09,607 - INFO - [2023] MISSING_CENTRAL: DIMU/PileupReweight_NotImplemented/bjets/2/pt in ST_tch_antitop.root
2025-12-16 16:27:09,711 - INFO - [2023] MISSING_CENTRAL: DIMU/DblMuTrigSF_NotImplemented/bjets/2/pt in WJets.root
2025-12-16 16:27:09,715 - INFO - [2023] MISSING_CENTRAL: DIMU/DblMuTrigSF_NotImplemented/bjets/2/pt in ST_tch_antitop.root
2025-12-16 16:27:09,733 - INFO - [2023] MISSING_CENTRAL: DIMU/MuonIDSF_NotImplemented/bjets/2/pt in WJets.root
2025-12-16 16:27:09,738 - INFO - [2023] MISSING_CENTRAL: DIMU/MuonIDSF_NotImplemented/bjets/2/pt in ST_tch_antitop.root
2026-01-09 12:45:00,981 - INFO - [2023] MISSING_CENTRAL: DIMU/Central/bjets/2/pt in WJets.root
2026-01-09 12:45:01,023 - INFO - [2023] MISSING_CENTRAL: DIMU/Central/bjets/2/pt in ST_tch_antitop.root
2026-01-09 12:45:01,108 - INFO - [2023] MISSING_CENTRAL: DIMU/L1Prefire_NotImplemented/bjets/2/pt in WJets.root
2026-01-09 12:45:01,111 - INFO - [2023] MISSING_CENTRAL: DIMU/L1Prefire_NotImplemented/bjets/2/pt in ST_tch_antitop.root
2026-01-09 12:45:01,361 - INFO - [2023] MISSING_CENTRAL: DIMU/PileupReweight_NotImplemented/bjets/2/pt in WJets.root
2026-01-09 12:45:01,364 - INFO - [2023] MISSING_CENTRAL: DIMU/PileupReweight_NotImplemented/bjets/2/pt in ST_tch_antitop.root
2026-01-09 12:45:01,554 - INFO - [2023] MISSING_CENTRAL: DIMU/MuonIDSF_NotImplemented/bjets/2/pt in WJets.root
2026-01-09 12:45:01,557 - INFO - [2023] MISSING_CENTRAL: DIMU/MuonIDSF_NotImplemented/bjets/2/pt in ST_tch_antitop.root
2026-01-09 12:45:02,394 - INFO - [2023] MISSING_CENTRAL: DIMU/DblMuTrigSF_NotImplemented/bjets/2/pt in WJets.root
2026-01-09 12:45:02,397 - INFO - [2023] MISSING_CENTRAL: DIMU/DblMuTrigSF_NotImplemented/bjets/2/pt in ST_tch_antitop.root
2026-01-21 09:27:40,111 - INFO - [2023] MISSING_CENTRAL: DIMU/Central/bjets/2/pt in WJets.root
2026-01-21 09:27:40,140 - INFO - [2023] MISSING_CENTRAL: DIMU/Central/bjets/2/pt in DYJets10to50.root
2026-01-21 09:27:40,232 - INFO - [2023] MISSING_CENTRAL: DIMU/L1Prefire_NotImplemented/bjets/2/pt in WJets.root
2026-01-21 09:27:40,233 - INFO - [2023] MISSING_CENTRAL: DIMU/L1Prefire_NotImplemented/bjets/2/pt in DYJets10to50.root
2026-01-21 09:27:40,237 - INFO - [2023] MISSING_CENTRAL: DIMU/L1Prefire_NotImplemented/bjets/2/pt in ST_tch_antitop.root
2026-01-21 09:27:40,239 - INFO - [2023] MISSING_CENTRAL: DIMU/Central/bjets/2/pt in ST_tch_antitop.root
2026-01-21 09:27:40,529 - INFO - [2023] MISSING_CENTRAL: DIMU/MuonIDSF_NotImplemented/bjets/2/pt in WJets.root
2026-01-21 09:27:40,531 - INFO - [2023] MISSING_CENTRAL: DIMU/MuonIDSF_NotImplemented/bjets/2/pt in DYJets10to50.root
2026-01-21 09:27:40,535 - INFO - [2023] MISSING_CENTRAL: DIMU/MuonIDSF_NotImplemented/bjets/2/pt in ST_tch_antitop.root
2026-01-21 09:27:40,575 - INFO - [2023] MISSING_CENTRAL: DIMU/PileupReweight_NotImplemented/bjets/2/pt in WJets.root
2026-01-21 09:27:40,576 - INFO - [2023] MISSING_CENTRAL: DIMU/PileupReweight_NotImplemented/bjets/2/pt in DYJets10to50.root
2026-01-21 09:27:40,580 - INFO - [2023] MISSING_CENTRAL: DIMU/PileupReweight_NotImplemented/bjets/2/pt in ST_tch_antitop.root
2026-01-21 09:27:40,736 - INFO - [2023] MISSING_CENTRAL: DIMU/DblMuTrigSF_NotImplemented/bjets/2/pt in WJets.root
2026-01-21 09:27:40,738 - INFO - [2023] MISSING_CENTRAL: DIMU/DblMuTrigSF_NotImplemented/bjets/2/pt in DYJets10to50.root
2026-01-21 09:27:40,744 - INFO - [2023] MISSING_CENTRAL: DIMU/DblMuTrigSF_NotImplemented/bjets/2/pt in ST_tch_antitop.root
2026-01-28 14:37:24,148 - INFO - [2023] MISSING_CENTRAL: DIMU/Central/bjets/2/pt in WJets.root
2026-01-28 14:37:24,156 - INFO - [2023] MISSING_CENTRAL: DIMU/L1Prefire_NotImplemented/bjets/2/pt in WJets.root
2026-01-28 14:37:24,159 - INFO - [2023] MISSING_CENTRAL: DIMU/L1Prefire_NotImplemented/bjets/2/pt in ST_tch_antitop.root
2026-01-28 14:37:24,213 - INFO - [2023] MISSING_CENTRAL: DIMU/Central/bjets/2/pt in ST_tch_antitop.root
2026-01-28 14:37:24,270 - INFO - [2023] MISSING_CENTRAL: DIMU/PileupReweight_NotImplemented/bjets/2/pt in WJets.root
2026-01-28 14:37:24,273 - INFO - [2023] MISSING_CENTRAL: DIMU/PileupReweight_NotImplemented/bjets/2/pt in ST_tch_antitop.root
2026-01-28 14:37:24,993 - INFO - [2023] MISSING_CENTRAL: DIMU/MuonIDSF_NotImplemented/bjets/2/pt in WJets.root
2026-01-28 14:37:24,996 - INFO - [2023] MISSING_CENTRAL: DIMU/MuonIDSF_NotImplemented/bjets/2/pt in ST_tch_antitop.root
2026-01-28 14:37:25,605 - INFO - [2023] MISSING_CENTRAL: DIMU/DblMuTrigSF_NotImplemented/bjets/2/pt in WJets.root
2026-01-28 14:37:25,609 - INFO - [2023] MISSING_CENTRAL: DIMU/DblMuTrigSF_NotImplemented/bjets/2/pt in ST_tch_antitop.root
