2025-12-16 16:27:12,226 - INFO - [2023] MISSING_CENTRAL: DIMU/Central/bjets/3/eta in WJets.root
2025-12-16 16:27:12,243 - INFO - [2023] MISSING_CENTRAL: DIMU/Central/bjets/3/eta in DYJets10to50.root
2025-12-16 16:27:12,251 - INFO - [2023] MISSING_CENTRAL: DIMU/Central/bjets/3/eta in ST_sch_top_Lep.root
2025-12-16 16:27:12,251 - INFO - [2023] MISSING_CENTRAL: DIMU/Central/bjets/3/eta in ST_sch_antitop_Lep.root
2025-12-16 16:27:12,252 - INFO - [2023] MISSING_CENTRAL: DIMU/Central/bjets/3/eta in ST_tch_top.root
2025-12-16 16:27:12,252 - INFO - [2023] MISSING_CENTRAL: DIMU/Central/bjets/3/eta in ST_tch_antitop.root
2025-12-16 16:27:12,260 - INFO - [2023] MISSING_CENTRAL: DIMU/Central/bjets/3/eta in ST_tW_top_Semilep.root
2025-12-16 16:27:12,261 - INFO - [2023] MISSING_CENTRAL: DIMU/Central/bjets/3/eta in ST_tW_antitop_Semilep.root
2025-12-16 16:27:12,471 - INFO - [2023] MISSING_CENTRAL: DIMU/L1Prefire_NotImplemented/bjets/3/eta in WJets.root
2025-12-16 16:27:12,473 - INFO - [2023] MISSING_CENTRAL: DIMU/L1Prefire_NotImplemented/bjets/3/eta in DYJets10to50.root
2025-12-16 16:27:12,474 - INFO - [2023] MISSING_CENTRAL: DIMU/L1Prefire_NotImplemented/bjets/3/eta in ST_sch_top_Lep.root
2025-12-16 16:27:12,475 - INFO - [2023] MISSING_CENTRAL: DIMU/L1Prefire_NotImplemented/bjets/3/eta in ST_sch_antitop_Lep.root
2025-12-16 16:27:12,475 - INFO - [2023] MISSING_CENTRAL: DIMU/L1Prefire_NotImplemented/bjets/3/eta in ST_tch_top.root
2025-12-16 16:27:12,476 - INFO - [2023] MISSING_CENTRAL: DIMU/L1Prefire_NotImplemented/bjets/3/eta in ST_tch_antitop.root
2025-12-16 16:27:12,478 - INFO - [2023] MISSING_CENTRAL: DIMU/L1Prefire_NotImplemented/bjets/3/eta in ST_tW_top_Semilep.root
2025-12-16 16:27:12,478 - INFO - [2023] MISSING_CENTRAL: DIMU/L1Prefire_NotImplemented/bjets/3/eta in ST_tW_antitop_Semilep.root
2025-12-16 16:27:12,684 - INFO - [2023] MISSING_CENTRAL: DIMU/PileupReweight_NotImplemented/bjets/3/eta in WJets.root
2025-12-16 16:27:12,685 - INFO - [2023] MISSING_CENTRAL: DIMU/PileupReweight_NotImplemented/bjets/3/eta in DYJets10to50.root
2025-12-16 16:27:12,687 - INFO - [2023] MISSING_CENTRAL: DIMU/PileupReweight_NotImplemented/bjets/3/eta in ST_sch_top_Lep.root
2025-12-16 16:27:12,687 - INFO - [2023] MISSING_CENTRAL: DIMU/PileupReweight_NotImplemented/bjets/3/eta in ST_sch_antitop_Lep.root
2025-12-16 16:27:12,688 - INFO - [2023] MISSING_CENTRAL: DIMU/PileupReweight_NotImplemented/bjets/3/eta in ST_tch_top.root
2025-12-16 16:27:12,689 - INFO - [2023] MISSING_CENTRAL: DIMU/PileupReweight_NotImplemented/bjets/3/eta in ST_tch_antitop.root
2025-12-16 16:27:12,690 - INFO - [2023] MISSING_CENTRAL: DIMU/PileupReweight_NotImplemented/bjets/3/eta in ST_tW_top_Semilep.root
2025-12-16 16:27:12,691 - INFO - [2023] MISSING_CENTRAL: DIMU/PileupReweight_NotImplemented/bjets/3/eta in ST_tW_antitop_Semilep.root
2025-12-16 16:27:13,169 - INFO - [2023] MISSING_CENTRAL: DIMU/MuonIDSF_NotImplemented/bjets/3/eta in WJets.root
2025-12-16 16:27:13,170 - INFO - [2023] MISSING_CENTRAL: DIMU/MuonIDSF_NotImplemented/bjets/3/eta in DYJets10to50.root
2025-12-16 16:27:13,172 - INFO - [2023] MISSING_CENTRAL: DIMU/MuonIDSF_NotImplemented/bjets/3/eta in ST_sch_top_Lep.root
2025-12-16 16:27:13,172 - INFO - [2023] MISSING_CENTRAL: DIMU/MuonIDSF_NotImplemented/bjets/3/eta in ST_sch_antitop_Lep.root
2025-12-16 16:27:13,173 - INFO - [2023] MISSING_CENTRAL: DIMU/MuonIDSF_NotImplemented/bjets/3/eta in ST_tch_top.root
2025-12-16 16:27:13,173 - INFO - [2023] MISSING_CENTRAL: DIMU/MuonIDSF_NotImplemented/bjets/3/eta in ST_tch_antitop.root
2025-12-16 16:27:13,175 - INFO - [2023] MISSING_CENTRAL: DIMU/MuonIDSF_NotImplemented/bjets/3/eta in ST_tW_top_Semilep.root
2025-12-16 16:27:13,176 - INFO - [2023] MISSING_CENTRAL: DIMU/MuonIDSF_NotImplemented/bjets/3/eta in ST_tW_antitop_Semilep.root
2025-12-16 16:27:13,565 - INFO - [2023] MISSING_CENTRAL: DIMU/DblMuTrigSF_NotImplemented/bjets/3/eta in WJets.root
2025-12-16 16:27:13,566 - INFO - [2023] MISSING_CENTRAL: DIMU/DblMuTrigSF_NotImplemented/bjets/3/eta in DYJets10to50.root
2025-12-16 16:27:13,568 - INFO - [2023] MISSING_CENTRAL: DIMU/DblMuTrigSF_NotImplemented/bjets/3/eta in ST_sch_top_Lep.root
2025-12-16 16:27:13,568 - INFO - [2023] MISSING_CENTRAL: DIMU/DblMuTrigSF_NotImplemented/bjets/3/eta in ST_sch_antitop_Lep.root
2025-12-16 16:27:13,569 - INFO - [2023] MISSING_CENTRAL: DIMU/DblMuTrigSF_NotImplemented/bjets/3/eta in ST_tch_top.root
2025-12-16 16:27:13,569 - INFO - [2023] MISSING_CENTRAL: DIMU/DblMuTrigSF_NotImplemented/bjets/3/eta in ST_tch_antitop.root
2025-12-16 16:27:13,571 - INFO - [2023] MISSING_CENTRAL: DIMU/DblMuTrigSF_NotImplemented/bjets/3/eta in ST_tW_top_Semilep.root
2025-12-16 16:27:13,572 - INFO - [2023] MISSING_CENTRAL: DIMU/DblMuTrigSF_NotImplemented/bjets/3/eta in ST_tW_antitop_Semilep.root
2026-01-09 12:45:04,112 - INFO - [2023] MISSING_CENTRAL: DIMU/Central/bjets/3/eta in WJets.root
2026-01-09 12:45:04,123 - INFO - [2023] MISSING_CENTRAL: DIMU/Central/bjets/3/eta in DYJets10to50.root
2026-01-09 12:45:04,128 - INFO - [2023] MISSING_CENTRAL: DIMU/Central/bjets/3/eta in ST_sch_top_Lep.root
2026-01-09 12:45:04,128 - INFO - [2023] MISSING_CENTRAL: DIMU/Central/bjets/3/eta in ST_sch_antitop_Lep.root
2026-01-09 12:45:04,129 - INFO - [2023] MISSING_CENTRAL: DIMU/Central/bjets/3/eta in ST_tch_top.root
2026-01-09 12:45:04,129 - INFO - [2023] MISSING_CENTRAL: DIMU/Central/bjets/3/eta in ST_tch_antitop.root
2026-01-09 12:45:04,134 - INFO - [2023] MISSING_CENTRAL: DIMU/L1Prefire_NotImplemented/bjets/3/eta in WJets.root
2026-01-09 12:45:04,134 - INFO - [2023] MISSING_CENTRAL: DIMU/Central/bjets/3/eta in ST_tW_top_Semilep.root
2026-01-09 12:45:04,135 - INFO - [2023] MISSING_CENTRAL: DIMU/Central/bjets/3/eta in ST_tW_antitop_Semilep.root
2026-01-09 12:45:04,135 - INFO - [2023] MISSING_CENTRAL: DIMU/L1Prefire_NotImplemented/bjets/3/eta in DYJets10to50.root
2026-01-09 12:45:04,136 - INFO - [2023] MISSING_CENTRAL: DIMU/L1Prefire_NotImplemented/bjets/3/eta in ST_sch_top_Lep.root
2026-01-09 12:45:04,136 - INFO - [2023] MISSING_CENTRAL: DIMU/L1Prefire_NotImplemented/bjets/3/eta in ST_sch_antitop_Lep.root
2026-01-09 12:45:04,136 - INFO - [2023] MISSING_CENTRAL: DIMU/L1Prefire_NotImplemented/bjets/3/eta in ST_tch_top.root
2026-01-09 12:45:04,137 - INFO - [2023] MISSING_CENTRAL: DIMU/L1Prefire_NotImplemented/bjets/3/eta in ST_tch_antitop.root
2026-01-09 12:45:04,138 - INFO - [2023] MISSING_CENTRAL: DIMU/L1Prefire_NotImplemented/bjets/3/eta in ST_tW_top_Semilep.root
2026-01-09 12:45:04,138 - INFO - [2023] MISSING_CENTRAL: DIMU/L1Prefire_NotImplemented/bjets/3/eta in ST_tW_antitop_Semilep.root
2026-01-09 12:45:04,183 - INFO - [2023] MISSING_CENTRAL: DIMU/PileupReweight_NotImplemented/bjets/3/eta in WJets.root
2026-01-09 12:45:04,183 - INFO - [2023] MISSING_CENTRAL: DIMU/PileupReweight_NotImplemented/bjets/3/eta in DYJets10to50.root
2026-01-09 12:45:04,184 - INFO - [2023] MISSING_CENTRAL: DIMU/PileupReweight_NotImplemented/bjets/3/eta in ST_sch_top_Lep.root
2026-01-09 12:45:04,185 - INFO - [2023] MISSING_CENTRAL: DIMU/PileupReweight_NotImplemented/bjets/3/eta in ST_sch_antitop_Lep.root
2026-01-09 12:45:04,185 - INFO - [2023] MISSING_CENTRAL: DIMU/PileupReweight_NotImplemented/bjets/3/eta in ST_tch_top.root
2026-01-09 12:45:04,185 - INFO - [2023] MISSING_CENTRAL: DIMU/PileupReweight_NotImplemented/bjets/3/eta in ST_tch_antitop.root
2026-01-09 12:45:04,186 - INFO - [2023] MISSING_CENTRAL: DIMU/PileupReweight_NotImplemented/bjets/3/eta in ST_tW_top_Semilep.root
2026-01-09 12:45:04,187 - INFO - [2023] MISSING_CENTRAL: DIMU/PileupReweight_NotImplemented/bjets/3/eta in ST_tW_antitop_Semilep.root
2026-01-09 12:45:04,330 - INFO - [2023] MISSING_CENTRAL: DIMU/MuonIDSF_NotImplemented/bjets/3/eta in WJets.root
2026-01-09 12:45:04,331 - INFO - [2023] MISSING_CENTRAL: DIMU/MuonIDSF_NotImplemented/bjets/3/eta in DYJets10to50.root
2026-01-09 12:45:04,332 - INFO - [2023] MISSING_CENTRAL: DIMU/MuonIDSF_NotImplemented/bjets/3/eta in ST_sch_top_Lep.root
2026-01-09 12:45:04,332 - INFO - [2023] MISSING_CENTRAL: DIMU/MuonIDSF_NotImplemented/bjets/3/eta in ST_sch_antitop_Lep.root
2026-01-09 12:45:04,332 - INFO - [2023] MISSING_CENTRAL: DIMU/MuonIDSF_NotImplemented/bjets/3/eta in ST_tch_top.root
2026-01-09 12:45:04,333 - INFO - [2023] MISSING_CENTRAL: DIMU/MuonIDSF_NotImplemented/bjets/3/eta in ST_tch_antitop.root
2026-01-09 12:45:04,334 - INFO - [2023] MISSING_CENTRAL: DIMU/MuonIDSF_NotImplemented/bjets/3/eta in ST_tW_top_Semilep.root
2026-01-09 12:45:04,334 - INFO - [2023] MISSING_CENTRAL: DIMU/MuonIDSF_NotImplemented/bjets/3/eta in ST_tW_antitop_Semilep.root
2026-01-09 12:45:04,395 - INFO - [2023] MISSING_CENTRAL: DIMU/DblMuTrigSF_NotImplemented/bjets/3/eta in WJets.root
2026-01-09 12:45:04,396 - INFO - [2023] MISSING_CENTRAL: DIMU/DblMuTrigSF_NotImplemented/bjets/3/eta in DYJets10to50.root
2026-01-09 12:45:04,397 - INFO - [2023] MISSING_CENTRAL: DIMU/DblMuTrigSF_NotImplemented/bjets/3/eta in ST_sch_top_Lep.root
2026-01-09 12:45:04,397 - INFO - [2023] MISSING_CENTRAL: DIMU/DblMuTrigSF_NotImplemented/bjets/3/eta in ST_sch_antitop_Lep.root
2026-01-09 12:45:04,398 - INFO - [2023] MISSING_CENTRAL: DIMU/DblMuTrigSF_NotImplemented/bjets/3/eta in ST_tch_top.root
2026-01-09 12:45:04,398 - INFO - [2023] MISSING_CENTRAL: DIMU/DblMuTrigSF_NotImplemented/bjets/3/eta in ST_tch_antitop.root
2026-01-09 12:45:04,399 - INFO - [2023] MISSING_CENTRAL: DIMU/DblMuTrigSF_NotImplemented/bjets/3/eta in ST_tW_top_Semilep.root
2026-01-09 12:45:04,399 - INFO - [2023] MISSING_CENTRAL: DIMU/DblMuTrigSF_NotImplemented/bjets/3/eta in ST_tW_antitop_Semilep.root
