2025-12-16 16:27:02,665 - INFO - [2023] MISSING_CENTRAL: DIMU/Central/jets/4/phi in ST_sch_top_Lep.root
2025-12-16 16:27:02,666 - INFO - [2023] MISSING_CENTRAL: DIMU/Central/jets/4/phi in ST_sch_antitop_Lep.root
2025-12-16 16:27:02,666 - INFO - [2023] MISSING_CENTRAL: DIMU/Central/jets/4/phi in ST_tch_top.root
2025-12-16 16:27:02,667 - INFO - [2023] MISSING_CENTRAL: DIMU/Central/jets/4/phi in ST_tch_antitop.root
2025-12-16 16:27:02,790 - INFO - [2023] MISSING_CENTRAL: DIMU/L1Prefire_NotImplemented/jets/4/phi in ST_sch_top_Lep.root
2025-12-16 16:27:02,791 - INFO - [2023] MISSING_CENTRAL: DIMU/L1Prefire_NotImplemented/jets/4/phi in ST_sch_antitop_Lep.root
2025-12-16 16:27:02,791 - INFO - [2023] MISSING_CENTRAL: DIMU/L1Prefire_NotImplemented/jets/4/phi in ST_tch_top.root
2025-12-16 16:27:02,792 - INFO - [2023] MISSING_CENTRAL: DIMU/L1Prefire_NotImplemented/jets/4/phi in ST_tch_antitop.root
2025-12-16 16:27:02,843 - INFO - [2023] MISSING_CENTRAL: DIMU/PileupReweight_NotImplemented/jets/4/phi in ST_sch_top_Lep.root
2025-12-16 16:27:02,844 - INFO - [2023] MISSING_CENTRAL: DIMU/PileupReweight_NotImplemented/jets/4/phi in ST_sch_antitop_Lep.root
2025-12-16 16:27:02,844 - INFO - [2023] MISSING_CENTRAL: DIMU/PileupReweight_NotImplemented/jets/4/phi in ST_tch_top.root
2025-12-16 16:27:02,845 - INFO - [2023] MISSING_CENTRAL: DIMU/PileupReweight_NotImplemented/jets/4/phi in ST_tch_antitop.root
2025-12-16 16:27:03,043 - INFO - [2023] MISSING_CENTRAL: DIMU/MuonIDSF_NotImplemented/jets/4/phi in ST_sch_top_Lep.root
2025-12-16 16:27:03,044 - INFO - [2023] MISSING_CENTRAL: DIMU/MuonIDSF_NotImplemented/jets/4/phi in ST_sch_antitop_Lep.root
2025-12-16 16:27:03,044 - INFO - [2023] MISSING_CENTRAL: DIMU/MuonIDSF_NotImplemented/jets/4/phi in ST_tch_top.root
2025-12-16 16:27:03,045 - INFO - [2023] MISSING_CENTRAL: DIMU/MuonIDSF_NotImplemented/jets/4/phi in ST_tch_antitop.root
2025-12-16 16:27:03,192 - INFO - [2023] MISSING_CENTRAL: DIMU/DblMuTrigSF_NotImplemented/jets/4/phi in ST_sch_top_Lep.root
2025-12-16 16:27:03,193 - INFO - [2023] MISSING_CENTRAL: DIMU/DblMuTrigSF_NotImplemented/jets/4/phi in ST_sch_antitop_Lep.root
2025-12-16 16:27:03,193 - INFO - [2023] MISSING_CENTRAL: DIMU/DblMuTrigSF_NotImplemented/jets/4/phi in ST_tch_top.root
2025-12-16 16:27:03,194 - INFO - [2023] MISSING_CENTRAL: DIMU/DblMuTrigSF_NotImplemented/jets/4/phi in ST_tch_antitop.root
