2025-09-24 16:08:41,895 - INFO - [2022] MISSING_CENTRAL: ZG1E2Mu/Central/convLep/pt in Skim_TriLep_DYJets10to50.root
2025-09-24 16:08:42,066 - INFO - [2022] MISSING_CENTRAL: ZG1E2Mu/Central/convLep/pt in Skim_TriLep_TTG_PTG100to200.root
2025-09-24 16:08:42,067 - INFO - [2022] MISSING_CENTRAL: ZG1E2Mu/Central/convLep/pt in Skim_TriLep_TTG_PTG200toInf.root
2025-09-24 16:08:42,303 - INFO - [2022EE] MISSING_CENTRAL: ZG1E2Mu/Central/convLep/pt in Skim_TriLep_DYJets10to50.root
2025-09-24 16:08:42,383 - INFO - [2022EE] MISSING_CENTRAL: ZG1E2Mu/Central/convLep/pt in Skim_TriLep_TTG_PTG100to200.root
2025-09-24 16:08:42,384 - INFO - [2022EE] MISSING_CENTRAL: ZG1E2Mu/Central/convLep/pt in Skim_TriLep_TTG_PTG200toInf.root
2025-09-24 16:08:42,384 - INFO - [2022EE] MISSING_CENTRAL: ZG1E2Mu/Central/convLep/pt in Skim_TriLep_TTWToLNu.root
2025-09-24 16:08:42,526 - INFO - [2023] MISSING_CENTRAL: ZG1E2Mu/Central/convLep/pt in Skim_TriLep_DYJets10to50.root
2025-09-24 16:08:42,601 - INFO - [2023] MISSING_CENTRAL: ZG1E2Mu/Central/convLep/pt in Skim_TriLep_TTG_PTG10to100.root
2025-09-24 16:08:42,602 - INFO - [2023] MISSING_CENTRAL: ZG1E2Mu/Central/convLep/pt in Skim_TriLep_TTG_PTG100to200.root
2025-09-24 16:08:42,602 - INFO - [2023] MISSING_CENTRAL: ZG1E2Mu/Central/convLep/pt in Skim_TriLep_TTG_PTG200toInf.root
2025-09-24 16:08:42,708 - INFO - [2023] MISSING_CENTRAL: ZG1E2Mu/Central/convLep/pt in Skim_TriLep_TTTT.root
2025-09-24 16:08:42,738 - INFO - [2023BPix] MISSING_CENTRAL: ZG1E2Mu/Central/convLep/pt in Skim_TriLep_DYJets10to50.root
2025-09-24 16:08:42,812 - INFO - [2023BPix] MISSING_CENTRAL: ZG1E2Mu/Central/convLep/pt in Skim_TriLep_TTG_PTG10to100.root
2025-09-24 16:08:42,813 - INFO - [2023BPix] MISSING_CENTRAL: ZG1E2Mu/Central/convLep/pt in Skim_TriLep_TTG_PTG100to200.root
2025-09-24 16:08:42,813 - INFO - [2023BPix] MISSING_CENTRAL: ZG1E2Mu/Central/convLep/pt in Skim_TriLep_TTG_PTG200toInf.root
2025-09-24 16:08:53,359 - INFO - [2022] MISSING_CENTRAL: ZG1E2Mu/Central/convLep/pt in Skim_TriLep_DYJets10to50.root
2025-09-24 16:08:53,364 - INFO - [2022] MISSING_CENTRAL: ZG1E2Mu/Central/convLep/pt in Skim_TriLep_TTG_PTG100to200.root
2025-09-24 16:08:53,365 - INFO - [2022] MISSING_CENTRAL: ZG1E2Mu/Central/convLep/pt in Skim_TriLep_TTG_PTG200toInf.root
2025-09-24 16:08:53,377 - INFO - [2022EE] MISSING_CENTRAL: ZG1E2Mu/Central/convLep/pt in Skim_TriLep_DYJets10to50.root
2025-09-24 16:08:53,380 - INFO - [2022EE] MISSING_CENTRAL: ZG1E2Mu/Central/convLep/pt in Skim_TriLep_TTG_PTG100to200.root
2025-09-24 16:08:53,381 - INFO - [2022EE] MISSING_CENTRAL: ZG1E2Mu/Central/convLep/pt in Skim_TriLep_TTG_PTG200toInf.root
2025-09-24 16:08:53,382 - INFO - [2022EE] MISSING_CENTRAL: ZG1E2Mu/Central/convLep/pt in Skim_TriLep_TTWToLNu.root
2025-09-24 16:08:53,399 - INFO - [2023] MISSING_CENTRAL: ZG1E2Mu/Central/convLep/pt in Skim_TriLep_DYJets10to50.root
2025-09-24 16:08:53,401 - INFO - [2023] MISSING_CENTRAL: ZG1E2Mu/Central/convLep/pt in Skim_TriLep_TTG_PTG10to100.root
2025-09-24 16:08:53,402 - INFO - [2023] MISSING_CENTRAL: ZG1E2Mu/Central/convLep/pt in Skim_TriLep_TTG_PTG100to200.root
2025-09-24 16:08:53,402 - INFO - [2023] MISSING_CENTRAL: ZG1E2Mu/Central/convLep/pt in Skim_TriLep_TTG_PTG200toInf.root
2025-09-24 16:08:53,430 - INFO - [2023] MISSING_CENTRAL: ZG1E2Mu/Central/convLep/pt in Skim_TriLep_TTTT.root
2025-09-24 16:08:53,449 - INFO - [2023BPix] MISSING_CENTRAL: ZG1E2Mu/Central/convLep/pt in Skim_TriLep_DYJets10to50.root
2025-09-24 16:08:53,453 - INFO - [2023BPix] MISSING_CENTRAL: ZG1E2Mu/Central/convLep/pt in Skim_TriLep_TTG_PTG10to100.root
2025-09-24 16:08:53,455 - INFO - [2023BPix] MISSING_CENTRAL: ZG1E2Mu/Central/convLep/pt in Skim_TriLep_TTG_PTG100to200.root
2025-09-24 16:08:53,455 - INFO - [2023BPix] MISSING_CENTRAL: ZG1E2Mu/Central/convLep/pt in Skim_TriLep_TTG_PTG200toInf.root
