2025-09-24 16:08:32,475 - INFO - [2022] MISSING_CENTRAL: ZG1E2Mu/Central/jets/size in Skim_TriLep_DYJets10to50.root
2025-09-24 16:08:32,523 - INFO - [2022] MISSING_CENTRAL: ZG1E2Mu/Central/jets/size in Skim_TriLep_TTG_PTG100to200.root
2025-09-24 16:08:32,524 - INFO - [2022] MISSING_CENTRAL: ZG1E2Mu/Central/jets/size in Skim_TriLep_TTG_PTG200toInf.root
2025-09-24 16:08:32,601 - INFO - [2022EE] MISSING_CENTRAL: ZG1E2Mu/Central/jets/size in Skim_TriLep_DYJets10to50.root
2025-09-24 16:08:32,629 - INFO - [2022EE] MISSING_CENTRAL: ZG1E2Mu/Central/jets/size in Skim_TriLep_TTG_PTG100to200.root
2025-09-24 16:08:32,630 - INFO - [2022EE] MISSING_CENTRAL: ZG1E2Mu/Central/jets/size in Skim_TriLep_TTG_PTG200toInf.root
2025-09-24 16:08:32,630 - INFO - [2022EE] MISSING_CENTRAL: ZG1E2Mu/Central/jets/size in Skim_TriLep_TTWToLNu.root
2025-09-24 16:08:32,752 - INFO - [2023] MISSING_CENTRAL: ZG1E2Mu/Central/jets/size in Skim_TriLep_DYJets10to50.root
2025-09-24 16:08:32,823 - INFO - [2023] MISSING_CENTRAL: ZG1E2Mu/Central/jets/size in Skim_TriLep_TTG_PTG10to100.root
2025-09-24 16:08:32,824 - INFO - [2023] MISSING_CENTRAL: ZG1E2Mu/Central/jets/size in Skim_TriLep_TTG_PTG100to200.root
2025-09-24 16:08:32,825 - INFO - [2023] MISSING_CENTRAL: ZG1E2Mu/Central/jets/size in Skim_TriLep_TTG_PTG200toInf.root
2025-09-24 16:08:32,929 - INFO - [2023] MISSING_CENTRAL: ZG1E2Mu/Central/jets/size in Skim_TriLep_TTTT.root
2025-09-24 16:08:32,961 - INFO - [2023BPix] MISSING_CENTRAL: ZG1E2Mu/Central/jets/size in Skim_TriLep_DYJets10to50.root
2025-09-24 16:08:33,036 - INFO - [2023BPix] MISSING_CENTRAL: ZG1E2Mu/Central/jets/size in Skim_TriLep_TTG_PTG10to100.root
2025-09-24 16:08:33,037 - INFO - [2023BPix] MISSING_CENTRAL: ZG1E2Mu/Central/jets/size in Skim_TriLep_TTG_PTG100to200.root
2025-09-24 16:08:33,038 - INFO - [2023BPix] MISSING_CENTRAL: ZG1E2Mu/Central/jets/size in Skim_TriLep_TTG_PTG200toInf.root
2025-09-24 16:08:45,918 - INFO - [2022] MISSING_CENTRAL: ZG1E2Mu/Central/jets/size in Skim_TriLep_DYJets10to50.root
2025-09-24 16:08:45,920 - INFO - [2022] MISSING_CENTRAL: ZG1E2Mu/Central/jets/size in Skim_TriLep_TTG_PTG100to200.root
2025-09-24 16:08:45,920 - INFO - [2022] MISSING_CENTRAL: ZG1E2Mu/Central/jets/size in Skim_TriLep_TTG_PTG200toInf.root
2025-09-24 16:08:45,927 - INFO - [2022EE] MISSING_CENTRAL: ZG1E2Mu/Central/jets/size in Skim_TriLep_DYJets10to50.root
2025-09-24 16:08:45,933 - INFO - [2022EE] MISSING_CENTRAL: ZG1E2Mu/Central/jets/size in Skim_TriLep_TTG_PTG100to200.root
2025-09-24 16:08:45,933 - INFO - [2022EE] MISSING_CENTRAL: ZG1E2Mu/Central/jets/size in Skim_TriLep_TTG_PTG200toInf.root
2025-09-24 16:08:45,934 - INFO - [2022EE] MISSING_CENTRAL: ZG1E2Mu/Central/jets/size in Skim_TriLep_TTWToLNu.root
2025-09-24 16:08:45,939 - INFO - [2023] MISSING_CENTRAL: ZG1E2Mu/Central/jets/size in Skim_TriLep_DYJets10to50.root
2025-09-24 16:08:45,952 - INFO - [2023] MISSING_CENTRAL: ZG1E2Mu/Central/jets/size in Skim_TriLep_TTG_PTG10to100.root
2025-09-24 16:08:45,953 - INFO - [2023] MISSING_CENTRAL: ZG1E2Mu/Central/jets/size in Skim_TriLep_TTG_PTG100to200.root
2025-09-24 16:08:45,953 - INFO - [2023] MISSING_CENTRAL: ZG1E2Mu/Central/jets/size in Skim_TriLep_TTG_PTG200toInf.root
2025-09-24 16:08:45,962 - INFO - [2023] MISSING_CENTRAL: ZG1E2Mu/Central/jets/size in Skim_TriLep_TTTT.root
2025-09-24 16:08:45,964 - INFO - [2023BPix] MISSING_CENTRAL: ZG1E2Mu/Central/jets/size in Skim_TriLep_DYJets10to50.root
2025-09-24 16:08:45,967 - INFO - [2023BPix] MISSING_CENTRAL: ZG1E2Mu/Central/jets/size in Skim_TriLep_TTG_PTG10to100.root
2025-09-24 16:08:45,968 - INFO - [2023BPix] MISSING_CENTRAL: ZG1E2Mu/Central/jets/size in Skim_TriLep_TTG_PTG100to200.root
2025-09-24 16:08:45,968 - INFO - [2023BPix] MISSING_CENTRAL: ZG1E2Mu/Central/jets/size in Skim_TriLep_TTG_PTG200toInf.root
