2025-09-24 16:08:35,503 - INFO - [2022] MISSING_CENTRAL: ZG1E2Mu/Central/jets/2/eta in Skim_TriLep_DYJets10to50.root
2025-09-24 16:08:35,592 - INFO - [2022] MISSING_CENTRAL: ZG1E2Mu/Central/jets/2/eta in Skim_TriLep_DYGTo2LG_MLL50_PTG100to200.root
2025-09-24 16:08:35,593 - INFO - [2022] MISSING_CENTRAL: ZG1E2Mu/Central/jets/2/eta in Skim_TriLep_DYGTo2LG_MLL50_PTG200toInf.root
2025-09-24 16:08:35,593 - INFO - [2022] MISSING_CENTRAL: ZG1E2Mu/Central/jets/2/eta in Skim_TriLep_TTG_PTG10to100.root
2025-09-24 16:08:35,593 - INFO - [2022] MISSING_CENTRAL: ZG1E2Mu/Central/jets/2/eta in Skim_TriLep_TTG_PTG100to200.root
2025-09-24 16:08:35,593 - INFO - [2022] MISSING_CENTRAL: ZG1E2Mu/Central/jets/2/eta in Skim_TriLep_TTG_PTG200toInf.root
2025-09-24 16:08:35,593 - INFO - [2022] MISSING_CENTRAL: ZG1E2Mu/Central/jets/2/eta in Skim_TriLep_TTWToLNu.root
2025-09-24 16:08:35,713 - INFO - [2022] MISSING_CENTRAL: ZG1E2Mu/Central/jets/2/eta in Skim_TriLep_WWW.root
2025-09-24 16:08:35,798 - INFO - [2022EE] MISSING_CENTRAL: ZG1E2Mu/Central/jets/2/eta in Skim_TriLep_DYJets10to50.root
2025-09-24 16:08:35,833 - INFO - [2022EE] MISSING_CENTRAL: ZG1E2Mu/Central/jets/2/eta in Skim_TriLep_TTG_PTG10to100.root
2025-09-24 16:08:35,834 - INFO - [2022EE] MISSING_CENTRAL: ZG1E2Mu/Central/jets/2/eta in Skim_TriLep_TTG_PTG100to200.root
2025-09-24 16:08:35,834 - INFO - [2022EE] MISSING_CENTRAL: ZG1E2Mu/Central/jets/2/eta in Skim_TriLep_TTG_PTG200toInf.root
2025-09-24 16:08:35,834 - INFO - [2022EE] MISSING_CENTRAL: ZG1E2Mu/Central/jets/2/eta in Skim_TriLep_TTWToLNu.root
2025-09-24 16:08:36,104 - INFO - [2022EE] MISSING_CENTRAL: ZG1E2Mu/Central/jets/2/eta in Skim_TriLep_WWW.root
2025-09-24 16:08:36,160 - INFO - [2023] MISSING_CENTRAL: ZG1E2Mu/Central/jets/2/eta in Skim_TriLep_DYJets10to50.root
2025-09-24 16:08:36,185 - INFO - [2023] MISSING_CENTRAL: ZG1E2Mu/Central/jets/2/eta in Skim_TriLep_DYGTo2LG_MLL50_PTG400to600.root
2025-09-24 16:08:36,186 - INFO - [2023] MISSING_CENTRAL: ZG1E2Mu/Central/jets/2/eta in Skim_TriLep_DYGTo2LG_MLL50_PTG600toInf.root
2025-09-24 16:08:36,186 - INFO - [2023] MISSING_CENTRAL: ZG1E2Mu/Central/jets/2/eta in Skim_TriLep_TTG_PTG10to100.root
2025-09-24 16:08:36,186 - INFO - [2023] MISSING_CENTRAL: ZG1E2Mu/Central/jets/2/eta in Skim_TriLep_TTG_PTG100to200.root
2025-09-24 16:08:36,186 - INFO - [2023] MISSING_CENTRAL: ZG1E2Mu/Central/jets/2/eta in Skim_TriLep_TTG_PTG200toInf.root
2025-09-24 16:08:36,248 - INFO - [2023] MISSING_CENTRAL: ZG1E2Mu/Central/jets/2/eta in Skim_TriLep_WWW.root
2025-09-24 16:08:36,282 - INFO - [2023] MISSING_CENTRAL: ZG1E2Mu/Central/jets/2/eta in Skim_TriLep_TTTT.root
2025-09-24 16:08:36,313 - INFO - [2023BPix] MISSING_CENTRAL: ZG1E2Mu/Central/jets/2/eta in Skim_TriLep_DYJets10to50.root
2025-09-24 16:08:36,385 - INFO - [2023BPix] MISSING_CENTRAL: ZG1E2Mu/Central/jets/2/eta in Skim_TriLep_DYGTo2LG_MLL50_PTG400to600.root
2025-09-24 16:08:36,390 - INFO - [2023BPix] MISSING_CENTRAL: ZG1E2Mu/Central/jets/2/eta in Skim_TriLep_TTG_PTG10to100.root
2025-09-24 16:08:36,390 - INFO - [2023BPix] MISSING_CENTRAL: ZG1E2Mu/Central/jets/2/eta in Skim_TriLep_TTG_PTG100to200.root
2025-09-24 16:08:36,391 - INFO - [2023BPix] MISSING_CENTRAL: ZG1E2Mu/Central/jets/2/eta in Skim_TriLep_TTG_PTG200toInf.root
2025-09-24 16:08:36,432 - INFO - [2023BPix] MISSING_CENTRAL: ZG1E2Mu/Central/jets/2/eta in Skim_TriLep_tZq.root
2025-09-24 16:08:36,443 - INFO - [2023BPix] MISSING_SYSTEMATIC: ZG1E2Mu/JetRes_Up/jets/2/eta in Skim_TriLep_WWW.root
2025-09-24 16:08:48,579 - INFO - [2022] MISSING_CENTRAL: ZG1E2Mu/Central/jets/2/eta in Skim_TriLep_DYJets10to50.root
2025-09-24 16:08:48,581 - INFO - [2022] MISSING_CENTRAL: ZG1E2Mu/Central/jets/2/eta in Skim_TriLep_DYGTo2LG_MLL50_PTG100to200.root
2025-09-24 16:08:48,581 - INFO - [2022] MISSING_CENTRAL: ZG1E2Mu/Central/jets/2/eta in Skim_TriLep_DYGTo2LG_MLL50_PTG200toInf.root
2025-09-24 16:08:48,582 - INFO - [2022] MISSING_CENTRAL: ZG1E2Mu/Central/jets/2/eta in Skim_TriLep_TTG_PTG10to100.root
2025-09-24 16:08:48,582 - INFO - [2022] MISSING_CENTRAL: ZG1E2Mu/Central/jets/2/eta in Skim_TriLep_TTG_PTG100to200.root
2025-09-24 16:08:48,582 - INFO - [2022] MISSING_CENTRAL: ZG1E2Mu/Central/jets/2/eta in Skim_TriLep_TTG_PTG200toInf.root
2025-09-24 16:08:48,582 - INFO - [2022] MISSING_CENTRAL: ZG1E2Mu/Central/jets/2/eta in Skim_TriLep_TTWToLNu.root
2025-09-24 16:08:48,587 - INFO - [2022] MISSING_CENTRAL: ZG1E2Mu/Central/jets/2/eta in Skim_TriLep_WWW.root
2025-09-24 16:08:48,590 - INFO - [2022EE] MISSING_CENTRAL: ZG1E2Mu/Central/jets/2/eta in Skim_TriLep_DYJets10to50.root
2025-09-24 16:08:48,601 - INFO - [2022EE] MISSING_CENTRAL: ZG1E2Mu/Central/jets/2/eta in Skim_TriLep_TTG_PTG10to100.root
2025-09-24 16:08:48,613 - INFO - [2022EE] MISSING_CENTRAL: ZG1E2Mu/Central/jets/2/eta in Skim_TriLep_TTG_PTG100to200.root
2025-09-24 16:08:48,614 - INFO - [2022EE] MISSING_CENTRAL: ZG1E2Mu/Central/jets/2/eta in Skim_TriLep_TTG_PTG200toInf.root
2025-09-24 16:08:48,614 - INFO - [2022EE] MISSING_CENTRAL: ZG1E2Mu/Central/jets/2/eta in Skim_TriLep_TTWToLNu.root
2025-09-24 16:08:48,620 - INFO - [2022EE] MISSING_CENTRAL: ZG1E2Mu/Central/jets/2/eta in Skim_TriLep_WWW.root
2025-09-24 16:08:48,623 - INFO - [2023] MISSING_CENTRAL: ZG1E2Mu/Central/jets/2/eta in Skim_TriLep_DYJets10to50.root
2025-09-24 16:08:48,630 - INFO - [2023] MISSING_CENTRAL: ZG1E2Mu/Central/jets/2/eta in Skim_TriLep_DYGTo2LG_MLL50_PTG400to600.root
2025-09-24 16:08:48,631 - INFO - [2023] MISSING_CENTRAL: ZG1E2Mu/Central/jets/2/eta in Skim_TriLep_DYGTo2LG_MLL50_PTG600toInf.root
2025-09-24 16:08:48,631 - INFO - [2023] MISSING_CENTRAL: ZG1E2Mu/Central/jets/2/eta in Skim_TriLep_TTG_PTG10to100.root
2025-09-24 16:08:48,631 - INFO - [2023] MISSING_CENTRAL: ZG1E2Mu/Central/jets/2/eta in Skim_TriLep_TTG_PTG100to200.root
2025-09-24 16:08:48,632 - INFO - [2023] MISSING_CENTRAL: ZG1E2Mu/Central/jets/2/eta in Skim_TriLep_TTG_PTG200toInf.root
2025-09-24 16:08:48,637 - INFO - [2023] MISSING_CENTRAL: ZG1E2Mu/Central/jets/2/eta in Skim_TriLep_WWW.root
2025-09-24 16:08:48,638 - INFO - [2023] MISSING_CENTRAL: ZG1E2Mu/Central/jets/2/eta in Skim_TriLep_TTTT.root
2025-09-24 16:08:48,640 - INFO - [2023BPix] MISSING_CENTRAL: ZG1E2Mu/Central/jets/2/eta in Skim_TriLep_DYJets10to50.root
2025-09-24 16:08:48,642 - INFO - [2023BPix] MISSING_CENTRAL: ZG1E2Mu/Central/jets/2/eta in Skim_TriLep_DYGTo2LG_MLL50_PTG400to600.root
2025-09-24 16:08:48,643 - INFO - [2023BPix] MISSING_CENTRAL: ZG1E2Mu/Central/jets/2/eta in Skim_TriLep_TTG_PTG10to100.root
2025-09-24 16:08:48,649 - INFO - [2023BPix] MISSING_CENTRAL: ZG1E2Mu/Central/jets/2/eta in Skim_TriLep_TTG_PTG100to200.root
2025-09-24 16:08:48,649 - INFO - [2023BPix] MISSING_CENTRAL: ZG1E2Mu/Central/jets/2/eta in Skim_TriLep_TTG_PTG200toInf.root
2025-09-24 16:08:48,652 - INFO - [2023BPix] MISSING_CENTRAL: ZG1E2Mu/Central/jets/2/eta in Skim_TriLep_tZq.root
