2025-09-24 16:08:38,753 - INFO - [2022] MISSING_CENTRAL: ZG1E2Mu/Central/jets/3/phi in Skim_TriLep_MuonEG_D.root
2025-09-24 16:08:38,783 - INFO - [2023] MISSING_CENTRAL: ZG1E2Mu/Central/jets/3/phi in Skim_TriLep_MuonEG_C_v1.root
2025-09-24 16:08:38,783 - INFO - [2023] MISSING_CENTRAL: ZG1E2Mu/Central/jets/3/phi in Skim_TriLep_MuonEG_C_v2.root
2025-09-24 16:08:38,784 - INFO - [2023BPix] MISSING_CENTRAL: ZG1E2Mu/Central/jets/3/phi in Skim_TriLep_MuonEG_D_v2.root
2025-09-24 16:08:38,937 - INFO - [2022] MISSING_CENTRAL: ZG1E2Mu/Central/jets/3/phi in Skim_TriLep_DYJets10to50.root
2025-09-24 16:08:38,944 - INFO - [2022] MISSING_CENTRAL: ZG1E2Mu/Central/jets/3/phi in Skim_TriLep_DYGTo2LG_MLL4to50_PTG100to200.root
2025-09-24 16:08:38,944 - INFO - [2022] MISSING_CENTRAL: ZG1E2Mu/Central/jets/3/phi in Skim_TriLep_DYGTo2LG_MLL4to50_PTG200toInf.root
2025-09-24 16:08:38,966 - INFO - [2022] MISSING_CENTRAL: ZG1E2Mu/Central/jets/3/phi in Skim_TriLep_DYGTo2LG_MLL50_PTG100to200.root
2025-09-24 16:08:38,966 - INFO - [2022] MISSING_CENTRAL: ZG1E2Mu/Central/jets/3/phi in Skim_TriLep_DYGTo2LG_MLL50_PTG200toInf.root
2025-09-24 16:08:38,971 - INFO - [2022] MISSING_CENTRAL: ZG1E2Mu/Central/jets/3/phi in Skim_TriLep_TTG_PTG10to100.root
2025-09-24 16:08:38,972 - INFO - [2022] MISSING_CENTRAL: ZG1E2Mu/Central/jets/3/phi in Skim_TriLep_TTG_PTG100to200.root
2025-09-24 16:08:38,972 - INFO - [2022] MISSING_CENTRAL: ZG1E2Mu/Central/jets/3/phi in Skim_TriLep_TTG_PTG200toInf.root
2025-09-24 16:08:38,972 - INFO - [2022] MISSING_CENTRAL: ZG1E2Mu/Central/jets/3/phi in Skim_TriLep_TTWToLNu.root
2025-09-24 16:08:39,000 - INFO - [2022] MISSING_CENTRAL: ZG1E2Mu/Central/jets/3/phi in Skim_TriLep_TTZ_M50.root
2025-09-24 16:08:39,005 - INFO - [2022] MISSING_CENTRAL: ZG1E2Mu/Central/jets/3/phi in Skim_TriLep_WZTo3LNu_powheg.root
2025-09-24 16:08:39,045 - INFO - [2022] MISSING_CENTRAL: ZG1E2Mu/Central/jets/3/phi in Skim_TriLep_WWW.root
2025-09-24 16:08:39,045 - INFO - [2022] MISSING_CENTRAL: ZG1E2Mu/Central/jets/3/phi in Skim_TriLep_WWZ.root
2025-09-24 16:08:39,057 - INFO - [2022] MISSING_CENTRAL: ZG1E2Mu/Central/jets/3/phi in Skim_TriLep_VBFHToZZTo4L.root
2025-09-24 16:08:39,061 - INFO - [2022EE] MISSING_CENTRAL: ZG1E2Mu/Central/jets/3/phi in Skim_TriLep_MuonEG_E.root
2025-09-24 16:08:39,066 - INFO - [2022EE] MISSING_CENTRAL: ZG1E2Mu/Central/jets/3/phi in Skim_TriLep_DYJets10to50.root
2025-09-24 16:08:39,083 - INFO - [2022EE] MISSING_CENTRAL: ZG1E2Mu/Central/jets/3/phi in Skim_TriLep_DYGTo2LG_MLL50_PTG100to200.root
2025-09-24 16:08:39,083 - INFO - [2022EE] MISSING_CENTRAL: ZG1E2Mu/Central/jets/3/phi in Skim_TriLep_DYGTo2LG_MLL50_PTG200toInf.root
2025-09-24 16:08:39,083 - INFO - [2022EE] MISSING_CENTRAL: ZG1E2Mu/Central/jets/3/phi in Skim_TriLep_TTG_PTG10to100.root
2025-09-24 16:08:39,084 - INFO - [2022EE] MISSING_CENTRAL: ZG1E2Mu/Central/jets/3/phi in Skim_TriLep_TTG_PTG100to200.root
2025-09-24 16:08:39,084 - INFO - [2022EE] MISSING_CENTRAL: ZG1E2Mu/Central/jets/3/phi in Skim_TriLep_TTG_PTG200toInf.root
2025-09-24 16:08:39,084 - INFO - [2022EE] MISSING_CENTRAL: ZG1E2Mu/Central/jets/3/phi in Skim_TriLep_TTWToLNu.root
2025-09-24 16:08:39,122 - INFO - [2022EE] MISSING_CENTRAL: ZG1E2Mu/Central/jets/3/phi in Skim_TriLep_tHq.root
2025-09-24 16:08:39,122 - INFO - [2022EE] MISSING_CENTRAL: ZG1E2Mu/Central/jets/3/phi in Skim_TriLep_WWW.root
2025-09-24 16:08:39,179 - INFO - [2023] MISSING_CENTRAL: ZG1E2Mu/Central/jets/3/phi in Skim_TriLep_MuonEG_C_v2.root
2025-09-24 16:08:39,180 - INFO - [2023] MISSING_CENTRAL: ZG1E2Mu/Central/jets/3/phi in Skim_TriLep_MuonEG_C_v3.root
2025-09-24 16:08:39,184 - INFO - [2023] MISSING_CENTRAL: ZG1E2Mu/Central/jets/3/phi in Skim_TriLep_DYJets10to50.root
2025-09-24 16:08:39,336 - INFO - [2023] MISSING_CENTRAL: ZG1E2Mu/Central/jets/3/phi in Skim_TriLep_DYGTo2LG_MLL50_PTG200to400.root
2025-09-24 16:08:39,336 - INFO - [2023] MISSING_CENTRAL: ZG1E2Mu/Central/jets/3/phi in Skim_TriLep_DYGTo2LG_MLL50_PTG400to600.root
2025-09-24 16:08:39,337 - INFO - [2023] MISSING_CENTRAL: ZG1E2Mu/Central/jets/3/phi in Skim_TriLep_DYGTo2LG_MLL50_PTG600toInf.root
2025-09-24 16:08:39,337 - INFO - [2023] MISSING_CENTRAL: ZG1E2Mu/Central/jets/3/phi in Skim_TriLep_TTG_PTG10to100.root
2025-09-24 16:08:39,337 - INFO - [2023] MISSING_CENTRAL: ZG1E2Mu/Central/jets/3/phi in Skim_TriLep_TTG_PTG100to200.root
2025-09-24 16:08:39,338 - INFO - [2023] MISSING_CENTRAL: ZG1E2Mu/Central/jets/3/phi in Skim_TriLep_TTG_PTG200toInf.root
2025-09-24 16:08:39,338 - INFO - [2023] MISSING_CENTRAL: ZG1E2Mu/Central/jets/3/phi in Skim_TriLep_TTWToLNu.root
2025-09-24 16:08:39,402 - INFO - [2023] MISSING_CENTRAL: ZG1E2Mu/Central/jets/3/phi in Skim_TriLep_WZTo3LNu_powheg.root
2025-09-24 16:08:39,407 - INFO - [2023] MISSING_CENTRAL: ZG1E2Mu/Central/jets/3/phi in Skim_TriLep_tZq.root
2025-09-24 16:08:39,412 - INFO - [2023] MISSING_CENTRAL: ZG1E2Mu/Central/jets/3/phi in Skim_TriLep_WWW.root
2025-09-24 16:08:39,423 - INFO - [2023] MISSING_CENTRAL: ZG1E2Mu/Central/jets/3/phi in Skim_TriLep_WWZ.root
2025-09-24 16:08:39,445 - INFO - [2023] MISSING_CENTRAL: ZG1E2Mu/Central/jets/3/phi in Skim_TriLep_TTTT.root
2025-09-24 16:08:39,455 - INFO - [2023BPix] MISSING_CENTRAL: ZG1E2Mu/Central/jets/3/phi in Skim_TriLep_MuonEG_D_v2.root
2025-09-24 16:08:39,462 - INFO - [2023BPix] MISSING_CENTRAL: ZG1E2Mu/Central/jets/3/phi in Skim_TriLep_DYJets10to50.root
2025-09-24 16:08:39,571 - INFO - [2023BPix] MISSING_CENTRAL: ZG1E2Mu/Central/jets/3/phi in Skim_TriLep_DYGTo2LG_MLL50_PTG400to600.root
2025-09-24 16:08:39,572 - INFO - [2023BPix] MISSING_CENTRAL: ZG1E2Mu/Central/jets/3/phi in Skim_TriLep_DYGTo2LG_MLL50_PTG600toInf.root
2025-09-24 16:08:39,573 - INFO - [2023BPix] MISSING_CENTRAL: ZG1E2Mu/Central/jets/3/phi in Skim_TriLep_TTG_PTG10to100.root
2025-09-24 16:08:39,578 - INFO - [2023BPix] MISSING_CENTRAL: ZG1E2Mu/Central/jets/3/phi in Skim_TriLep_TTG_PTG100to200.root
2025-09-24 16:08:39,579 - INFO - [2023BPix] MISSING_CENTRAL: ZG1E2Mu/Central/jets/3/phi in Skim_TriLep_TTG_PTG200toInf.root
2025-09-24 16:08:39,610 - INFO - [2023BPix] MISSING_CENTRAL: ZG1E2Mu/Central/jets/3/phi in Skim_TriLep_WZTo3LNu_powheg.root
2025-09-24 16:08:39,614 - INFO - [2023BPix] MISSING_CENTRAL: ZG1E2Mu/Central/jets/3/phi in Skim_TriLep_tZq.root
2025-09-24 16:08:39,614 - INFO - [2023BPix] MISSING_CENTRAL: ZG1E2Mu/Central/jets/3/phi in Skim_TriLep_tHq.root
2025-09-24 16:08:39,615 - INFO - [2023BPix] MISSING_CENTRAL: ZG1E2Mu/Central/jets/3/phi in Skim_TriLep_WWW.root
2025-09-24 16:08:39,615 - INFO - [2023BPix] MISSING_CENTRAL: ZG1E2Mu/Central/jets/3/phi in Skim_TriLep_WWZ.root
2025-09-24 16:08:39,626 - INFO - [2023BPix] MISSING_CENTRAL: ZG1E2Mu/Central/jets/3/phi in Skim_TriLep_VBFHToZZTo4L.root
2025-09-24 16:08:51,202 - INFO - [2022] MISSING_CENTRAL: ZG1E2Mu/Central/jets/3/phi in Skim_TriLep_MuonEG_D.root
2025-09-24 16:08:51,298 - INFO - [2023] MISSING_CENTRAL: ZG1E2Mu/Central/jets/3/phi in Skim_TriLep_MuonEG_C_v1.root
2025-09-24 16:08:51,298 - INFO - [2023] MISSING_CENTRAL: ZG1E2Mu/Central/jets/3/phi in Skim_TriLep_MuonEG_C_v2.root
2025-09-24 16:08:51,304 - INFO - [2023BPix] MISSING_CENTRAL: ZG1E2Mu/Central/jets/3/phi in Skim_TriLep_MuonEG_D_v2.root
2025-09-24 16:08:51,384 - INFO - [2022] MISSING_CENTRAL: ZG1E2Mu/Central/jets/3/phi in Skim_TriLep_DYJets10to50.root
2025-09-24 16:08:51,385 - INFO - [2022] MISSING_CENTRAL: ZG1E2Mu/Central/jets/3/phi in Skim_TriLep_DYGTo2LG_MLL4to50_PTG100to200.root
2025-09-24 16:08:51,385 - INFO - [2022] MISSING_CENTRAL: ZG1E2Mu/Central/jets/3/phi in Skim_TriLep_DYGTo2LG_MLL4to50_PTG200toInf.root
2025-09-24 16:08:51,386 - INFO - [2022] MISSING_CENTRAL: ZG1E2Mu/Central/jets/3/phi in Skim_TriLep_DYGTo2LG_MLL50_PTG100to200.root
2025-09-24 16:08:51,400 - INFO - [2022] MISSING_CENTRAL: ZG1E2Mu/Central/jets/3/phi in Skim_TriLep_DYGTo2LG_MLL50_PTG200toInf.root
2025-09-24 16:08:51,400 - INFO - [2022] MISSING_CENTRAL: ZG1E2Mu/Central/jets/3/phi in Skim_TriLep_TTG_PTG10to100.root
2025-09-24 16:08:51,407 - INFO - [2022] MISSING_CENTRAL: ZG1E2Mu/Central/jets/3/phi in Skim_TriLep_TTG_PTG100to200.root
2025-09-24 16:08:51,408 - INFO - [2022] MISSING_CENTRAL: ZG1E2Mu/Central/jets/3/phi in Skim_TriLep_TTG_PTG200toInf.root
2025-09-24 16:08:51,408 - INFO - [2022] MISSING_CENTRAL: ZG1E2Mu/Central/jets/3/phi in Skim_TriLep_TTWToLNu.root
2025-09-24 16:08:51,409 - INFO - [2022] MISSING_CENTRAL: ZG1E2Mu/Central/jets/3/phi in Skim_TriLep_TTZ_M50.root
2025-09-24 16:08:51,415 - INFO - [2022] MISSING_CENTRAL: ZG1E2Mu/Central/jets/3/phi in Skim_TriLep_WZTo3LNu_powheg.root
2025-09-24 16:08:51,424 - INFO - [2022] MISSING_CENTRAL: ZG1E2Mu/Central/jets/3/phi in Skim_TriLep_WWW.root
2025-09-24 16:08:51,425 - INFO - [2022] MISSING_CENTRAL: ZG1E2Mu/Central/jets/3/phi in Skim_TriLep_WWZ.root
2025-09-24 16:08:51,426 - INFO - [2022] MISSING_CENTRAL: ZG1E2Mu/Central/jets/3/phi in Skim_TriLep_VBFHToZZTo4L.root
2025-09-24 16:08:51,426 - INFO - [2022EE] MISSING_CENTRAL: ZG1E2Mu/Central/jets/3/phi in Skim_TriLep_MuonEG_E.root
2025-09-24 16:08:51,428 - INFO - [2022EE] MISSING_CENTRAL: ZG1E2Mu/Central/jets/3/phi in Skim_TriLep_DYJets10to50.root
2025-09-24 16:08:51,429 - INFO - [2022EE] MISSING_CENTRAL: ZG1E2Mu/Central/jets/3/phi in Skim_TriLep_DYGTo2LG_MLL50_PTG100to200.root
2025-09-24 16:08:51,430 - INFO - [2022EE] MISSING_CENTRAL: ZG1E2Mu/Central/jets/3/phi in Skim_TriLep_DYGTo2LG_MLL50_PTG200toInf.root
2025-09-24 16:08:51,430 - INFO - [2022EE] MISSING_CENTRAL: ZG1E2Mu/Central/jets/3/phi in Skim_TriLep_TTG_PTG10to100.root
2025-09-24 16:08:51,430 - INFO - [2022EE] MISSING_CENTRAL: ZG1E2Mu/Central/jets/3/phi in Skim_TriLep_TTG_PTG100to200.root
2025-09-24 16:08:51,430 - INFO - [2022EE] MISSING_CENTRAL: ZG1E2Mu/Central/jets/3/phi in Skim_TriLep_TTG_PTG200toInf.root
2025-09-24 16:08:51,431 - INFO - [2022EE] MISSING_CENTRAL: ZG1E2Mu/Central/jets/3/phi in Skim_TriLep_TTWToLNu.root
2025-09-24 16:08:51,433 - INFO - [2022EE] MISSING_CENTRAL: ZG1E2Mu/Central/jets/3/phi in Skim_TriLep_tHq.root
2025-09-24 16:08:51,433 - INFO - [2022EE] MISSING_CENTRAL: ZG1E2Mu/Central/jets/3/phi in Skim_TriLep_WWW.root
2025-09-24 16:08:51,436 - INFO - [2023] MISSING_CENTRAL: ZG1E2Mu/Central/jets/3/phi in Skim_TriLep_MuonEG_C_v2.root
2025-09-24 16:08:51,436 - INFO - [2023] MISSING_CENTRAL: ZG1E2Mu/Central/jets/3/phi in Skim_TriLep_MuonEG_C_v3.root
2025-09-24 16:08:51,439 - INFO - [2023] MISSING_CENTRAL: ZG1E2Mu/Central/jets/3/phi in Skim_TriLep_DYJets10to50.root
2025-09-24 16:08:51,441 - INFO - [2023] MISSING_CENTRAL: ZG1E2Mu/Central/jets/3/phi in Skim_TriLep_DYGTo2LG_MLL50_PTG200to400.root
2025-09-24 16:08:51,441 - INFO - [2023] MISSING_CENTRAL: ZG1E2Mu/Central/jets/3/phi in Skim_TriLep_DYGTo2LG_MLL50_PTG400to600.root
2025-09-24 16:08:51,442 - INFO - [2023] MISSING_CENTRAL: ZG1E2Mu/Central/jets/3/phi in Skim_TriLep_DYGTo2LG_MLL50_PTG600toInf.root
2025-09-24 16:08:51,442 - INFO - [2023] MISSING_CENTRAL: ZG1E2Mu/Central/jets/3/phi in Skim_TriLep_TTG_PTG10to100.root
2025-09-24 16:08:51,442 - INFO - [2023] MISSING_CENTRAL: ZG1E2Mu/Central/jets/3/phi in Skim_TriLep_TTG_PTG100to200.root
2025-09-24 16:08:51,442 - INFO - [2023] MISSING_CENTRAL: ZG1E2Mu/Central/jets/3/phi in Skim_TriLep_TTG_PTG200toInf.root
2025-09-24 16:08:51,443 - INFO - [2023] MISSING_CENTRAL: ZG1E2Mu/Central/jets/3/phi in Skim_TriLep_TTWToLNu.root
2025-09-24 16:08:51,444 - INFO - [2023] MISSING_CENTRAL: ZG1E2Mu/Central/jets/3/phi in Skim_TriLep_WZTo3LNu_powheg.root
2025-09-24 16:08:51,444 - INFO - [2023] MISSING_CENTRAL: ZG1E2Mu/Central/jets/3/phi in Skim_TriLep_tZq.root
2025-09-24 16:08:51,445 - INFO - [2023] MISSING_CENTRAL: ZG1E2Mu/Central/jets/3/phi in Skim_TriLep_WWW.root
2025-09-24 16:08:51,445 - INFO - [2023] MISSING_CENTRAL: ZG1E2Mu/Central/jets/3/phi in Skim_TriLep_WWZ.root
2025-09-24 16:08:51,446 - INFO - [2023] MISSING_CENTRAL: ZG1E2Mu/Central/jets/3/phi in Skim_TriLep_TTTT.root
2025-09-24 16:08:51,447 - INFO - [2023BPix] MISSING_CENTRAL: ZG1E2Mu/Central/jets/3/phi in Skim_TriLep_MuonEG_D_v2.root
2025-09-24 16:08:51,448 - INFO - [2023BPix] MISSING_CENTRAL: ZG1E2Mu/Central/jets/3/phi in Skim_TriLep_DYJets10to50.root
2025-09-24 16:08:51,501 - INFO - [2023BPix] MISSING_CENTRAL: ZG1E2Mu/Central/jets/3/phi in Skim_TriLep_DYGTo2LG_MLL50_PTG400to600.root
2025-09-24 16:08:51,502 - INFO - [2023BPix] MISSING_CENTRAL: ZG1E2Mu/Central/jets/3/phi in Skim_TriLep_DYGTo2LG_MLL50_PTG600toInf.root
2025-09-24 16:08:51,502 - INFO - [2023BPix] MISSING_CENTRAL: ZG1E2Mu/Central/jets/3/phi in Skim_TriLep_TTG_PTG10to100.root
2025-09-24 16:08:51,502 - INFO - [2023BPix] MISSING_CENTRAL: ZG1E2Mu/Central/jets/3/phi in Skim_TriLep_TTG_PTG100to200.root
2025-09-24 16:08:51,502 - INFO - [2023BPix] MISSING_CENTRAL: ZG1E2Mu/Central/jets/3/phi in Skim_TriLep_TTG_PTG200toInf.root
2025-09-24 16:08:51,528 - INFO - [2023BPix] MISSING_CENTRAL: ZG1E2Mu/Central/jets/3/phi in Skim_TriLep_WZTo3LNu_powheg.root
2025-09-24 16:08:51,547 - INFO - [2023BPix] MISSING_CENTRAL: ZG1E2Mu/Central/jets/3/phi in Skim_TriLep_tZq.root
2025-09-24 16:08:51,547 - INFO - [2023BPix] MISSING_CENTRAL: ZG1E2Mu/Central/jets/3/phi in Skim_TriLep_tHq.root
2025-09-24 16:08:51,548 - INFO - [2023BPix] MISSING_CENTRAL: ZG1E2Mu/Central/jets/3/phi in Skim_TriLep_WWW.root
2025-09-24 16:08:51,548 - INFO - [2023BPix] MISSING_CENTRAL: ZG1E2Mu/Central/jets/3/phi in Skim_TriLep_WWZ.root
2025-09-24 16:08:51,549 - INFO - [2023BPix] MISSING_CENTRAL: ZG1E2Mu/Central/jets/3/phi in Skim_TriLep_VBFHToZZTo4L.root
