2025-12-16 14:48:27,987 - INFO - [2018] MISSING_CENTRAL: DIMU/Central/jets/4/pt in WJets.root
2025-12-16 14:48:28,155 - INFO - [2018] MISSING_CENTRAL: DIMU/L1Prefire_NotImplemented/jets/4/pt in WJets.root
2025-12-16 14:48:28,220 - INFO - [2018] MISSING_CENTRAL: DIMU/MuonIDSF_NotImplemented/jets/4/pt in WJets.root
2025-12-16 14:48:28,265 - INFO - [2018] MISSING_CENTRAL: DIMU/PileupReweight_NotImplemented/jets/4/pt in WJets.root
2025-12-16 14:48:28,325 - INFO - [2018] MISSING_CENTRAL: DIMU/DblMuTrigSF_NotImplemented/jets/4/pt in WJets.root
2026-01-09 12:41:07,178 - INFO - [2018] MISSING_CENTRAL: DIMU/Central/jets/4/pt in WJets.root
2026-01-09 12:41:08,360 - INFO - [2018] MISSING_CENTRAL: DIMU/L1Prefire_NotImplemented/jets/4/pt in WJets.root
2026-01-09 12:41:08,365 - INFO - [2018] MISSING_CENTRAL: DIMU/PileupReweight_NotImplemented/jets/4/pt in WJets.root
2026-01-09 12:41:08,417 - INFO - [2018] MISSING_CENTRAL: DIMU/MuonIDSF_NotImplemented/jets/4/pt in WJets.root
2026-01-09 12:41:08,431 - INFO - [2018] MISSING_CENTRAL: DIMU/DblMuTrigSF_NotImplemented/jets/4/pt in WJets.root
2026-01-21 09:20:56,750 - INFO - [2018] MISSING_CENTRAL: DIMU/Central/jets/4/pt in WJets.root
2026-01-21 09:20:57,063 - INFO - [2018] MISSING_CENTRAL: DIMU/L1Prefire_NotImplemented/jets/4/pt in WJets.root
2026-01-21 09:20:57,131 - INFO - [2018] MISSING_CENTRAL: DIMU/PileupReweight_NotImplemented/jets/4/pt in WJets.root
2026-01-21 09:20:57,156 - INFO - [2018] MISSING_CENTRAL: DIMU/MuonIDSF_NotImplemented/jets/4/pt in WJets.root
2026-01-21 09:20:57,364 - INFO - [2018] MISSING_CENTRAL: DIMU/DblMuTrigSF_NotImplemented/jets/4/pt in WJets.root
2026-01-28 14:32:36,128 - INFO - [2018] MISSING_CENTRAL: DIMU/Central/jets/4/pt in WJets.root
2026-01-28 14:32:37,408 - INFO - [2018] MISSING_CENTRAL: DIMU/L1Prefire_NotImplemented/jets/4/pt in WJets.root
2026-01-28 14:32:37,590 - INFO - [2018] MISSING_CENTRAL: DIMU/PileupReweight_NotImplemented/jets/4/pt in WJets.root
2026-01-28 14:32:37,607 - INFO - [2018] MISSING_CENTRAL: DIMU/DblMuTrigSF_NotImplemented/jets/4/pt in WJets.root
2026-01-28 14:32:37,625 - INFO - [2018] MISSING_CENTRAL: DIMU/MuonIDSF_NotImplemented/jets/4/pt in WJets.root
