2025-09-24 15:56:46,957 - INFO - [2022] MISSING_CENTRAL: SR3Mu/Central/bjets/1/charge in Skim_TriLep_DYJets.root
2025-09-24 15:56:46,957 - INFO - [2022] MISSING_CENTRAL: SR3Mu/Central/bjets/1/charge in Skim_TriLep_DYJets10to50.root
2025-09-24 15:56:46,958 - INFO - [2022] MISSING_CENTRAL: SR3Mu/Central/bjets/1/charge in Skim_TriLep_DYGTo2LG_MLL4to50_PTG10to100.root
2025-09-24 15:56:46,958 - INFO - [2022] MISSING_CENTRAL: SR3Mu/Central/bjets/1/charge in Skim_TriLep_DYGTo2LG_MLL4to50_PTG100to200.root
2025-09-24 15:56:46,958 - INFO - [2022] MISSING_CENTRAL: SR3Mu/Central/bjets/1/charge in Skim_TriLep_DYGTo2LG_MLL4to50_PTG200toInf.root
2025-09-24 15:56:46,966 - INFO - [2022] MISSING_CENTRAL: SR3Mu/Central/bjets/1/charge in Skim_TriLep_DYGTo2LG_MLL50_PTG100to200.root
2025-10-02 21:17:40,957 - INFO - [2022] MISSING_CENTRAL: SR3Mu/Central/bjets/1/charge in Skim_TriLep_DYJets.root
2025-10-02 21:17:40,961 - INFO - [2022] MISSING_CENTRAL: SR3Mu/Central/bjets/1/charge in Skim_TriLep_DYJets10to50.root
2025-10-02 21:17:40,963 - INFO - [2022] MISSING_CENTRAL: SR3Mu/Central/bjets/1/charge in Skim_TriLep_DYGTo2LG_MLL4to50_PTG10to100.root
2025-10-02 21:17:40,964 - INFO - [2022] MISSING_CENTRAL: SR3Mu/Central/bjets/1/charge in Skim_TriLep_DYGTo2LG_MLL4to50_PTG100to200.root
2025-10-02 21:17:40,967 - INFO - [2022] MISSING_CENTRAL: SR3Mu/Central/bjets/1/charge in Skim_TriLep_DYGTo2LG_MLL4to50_PTG200toInf.root
2025-10-02 21:17:41,006 - INFO - [2022] MISSING_CENTRAL: SR3Mu/Central/bjets/1/charge in Skim_TriLep_DYGTo2LG_MLL50_PTG100to200.root
2025-10-03 00:24:39,990 - INFO - [2022] MISSING_CENTRAL: SR3Mu/Central/bjets/1/charge in Skim_TriLep_DYJets.root
2025-10-03 00:24:39,991 - INFO - [2022] MISSING_CENTRAL: SR3Mu/Central/bjets/1/charge in Skim_TriLep_DYJets10to50.root
2025-10-03 00:24:39,992 - INFO - [2022] MISSING_CENTRAL: SR3Mu/Central/bjets/1/charge in Skim_TriLep_DYGTo2LG_MLL4to50_PTG10to100.root
2025-10-03 00:24:39,992 - INFO - [2022] MISSING_CENTRAL: SR3Mu/Central/bjets/1/charge in Skim_TriLep_DYGTo2LG_MLL4to50_PTG100to200.root
2025-10-03 00:24:39,992 - INFO - [2022] MISSING_CENTRAL: SR3Mu/Central/bjets/1/charge in Skim_TriLep_DYGTo2LG_MLL4to50_PTG200toInf.root
2025-10-03 00:24:40,000 - INFO - [2022] MISSING_CENTRAL: SR3Mu/Central/bjets/1/charge in Skim_TriLep_DYGTo2LG_MLL50_PTG100to200.root
2025-11-07 13:09:51,163 - INFO - [2022] MISSING_FILE: /home/choij/Sync/workspace/ChargedHiggsAnalysisV3/SKNanoOutput/PromptSelector/Run3Mu/2022/Skim_TriLep_DoubleMuon_C.root
2025-11-07 13:09:51,163 - INFO - [2022] MISSING_FILE: /home/choij/Sync/workspace/ChargedHiggsAnalysisV3/SKNanoOutput/PromptSelector/Run3Mu/2022/Skim_TriLep_Muon_C.root
2025-11-07 13:09:51,164 - INFO - [2022] MISSING_FILE: /home/choij/Sync/workspace/ChargedHiggsAnalysisV3/SKNanoOutput/PromptSelector/Run3Mu/2022/Skim_TriLep_Muon_D.root
2025-11-07 14:07:30,901 - INFO - [2022] MISSING_FILE: /home/choij/Sync/workspace/ChargedHiggsAnalysisV3/SKNanoOutput/PromptSelector/Run3Mu/2022/Skim_TriLep_DoubleMuon_C.root
2025-11-07 14:07:30,901 - INFO - [2022] MISSING_FILE: /home/choij/Sync/workspace/ChargedHiggsAnalysisV3/SKNanoOutput/PromptSelector/Run3Mu/2022/Skim_TriLep_Muon_C.root
2025-11-07 14:07:30,901 - INFO - [2022] MISSING_FILE: /home/choij/Sync/workspace/ChargedHiggsAnalysisV3/SKNanoOutput/PromptSelector/Run3Mu/2022/Skim_TriLep_Muon_D.root
2025-11-10 12:22:50,963 - INFO - [2022] MISSING_CENTRAL: SR3Mu/Central/bjets/1/charge in Skim_TriLep_DYJets.root
2025-11-10 12:22:50,964 - INFO - [2022] MISSING_CENTRAL: SR3Mu/Central/bjets/1/charge in Skim_TriLep_DYJets10to50.root
2025-11-10 12:22:50,964 - INFO - [2022] MISSING_CENTRAL: SR3Mu/Central/bjets/1/charge in Skim_TriLep_DYGTo2LG_MLL4to50_PTG10to100.root
2025-11-10 12:22:50,965 - INFO - [2022] MISSING_CENTRAL: SR3Mu/Central/bjets/1/charge in Skim_TriLep_DYGTo2LG_MLL4to50_PTG100to200.root
2025-11-10 12:22:50,965 - INFO - [2022] MISSING_CENTRAL: SR3Mu/Central/bjets/1/charge in Skim_TriLep_DYGTo2LG_MLL4to50_PTG200toInf.root
2025-11-10 12:22:50,978 - INFO - [2022] MISSING_CENTRAL: SR3Mu/Central/bjets/1/charge in Skim_TriLep_DYGTo2LG_MLL50_PTG100to200.root
2025-11-13 11:12:34,589 - INFO - [2022] MISSING_CENTRAL: SR3Mu/Central/bjets/1/charge in Skim_TriLep_DoubleMuon_C.root
2025-11-13 11:12:34,593 - INFO - [2022] MISSING_CENTRAL: SR3Mu/Central/bjets/1/charge in Skim_TriLep_Muon_C.root
2025-11-13 11:12:34,600 - INFO - [2022] MISSING_CENTRAL: SR3Mu/Central/bjets/1/charge in Skim_TriLep_Muon_D.root
2025-11-13 19:55:11,769 - INFO - [2022] MISSING_CENTRAL: SR3Mu/Central/bjets/1/charge in Skim_TriLep_DoubleMuon_C.root
2025-11-13 19:55:11,769 - INFO - [2022] MISSING_CENTRAL: SR3Mu/Central/bjets/1/charge in Skim_TriLep_Muon_C.root
2025-11-13 19:55:11,770 - INFO - [2022] MISSING_CENTRAL: SR3Mu/Central/bjets/1/charge in Skim_TriLep_Muon_D.root
2025-11-13 20:02:06,892 - INFO - [2022] MISSING_CENTRAL: SR3Mu/Central/bjets/1/charge in Skim_TriLep_DoubleMuon_C.root
2025-11-13 20:02:06,892 - INFO - [2022] MISSING_CENTRAL: SR3Mu/Central/bjets/1/charge in Skim_TriLep_Muon_C.root
2025-11-13 20:02:06,893 - INFO - [2022] MISSING_CENTRAL: SR3Mu/Central/bjets/1/charge in Skim_TriLep_Muon_D.root
