2025-09-24 15:56:48,486 - INFO - [2022] MISSING_CENTRAL: SR3Mu/Central/bjets/2/btagScore in Skim_TriLep_DoubleMuon_C.root
2025-09-24 15:56:48,519 - INFO - [2022] MISSING_CENTRAL: SR3Mu/Central/bjets/2/btagScore in Skim_TriLep_DoubleMuon_C.root
2025-09-24 15:56:48,524 - INFO - [2022] MISSING_CENTRAL: SR3Mu/Central/bjets/2/btagScore in Skim_TriLep_DYJets.root
2025-09-24 15:56:48,524 - INFO - [2022] MISSING_CENTRAL: SR3Mu/Central/bjets/2/btagScore in Skim_TriLep_DYJets10to50.root
2025-09-24 15:56:48,524 - INFO - [2022] MISSING_CENTRAL: SR3Mu/Central/bjets/2/btagScore in Skim_TriLep_DYGTo2LG_MLL4to50_PTG10to100.root
2025-09-24 15:56:48,525 - INFO - [2022] MISSING_CENTRAL: SR3Mu/Central/bjets/2/btagScore in Skim_TriLep_DYGTo2LG_MLL4to50_PTG100to200.root
2025-09-24 15:56:48,525 - INFO - [2022] MISSING_CENTRAL: SR3Mu/Central/bjets/2/btagScore in Skim_TriLep_DYGTo2LG_MLL4to50_PTG200toInf.root
2025-09-24 15:56:48,531 - INFO - [2022] MISSING_CENTRAL: SR3Mu/Central/bjets/2/btagScore in Skim_TriLep_DYGTo2LG_MLL50_PTG100to200.root
2025-09-24 15:56:48,531 - INFO - [2022] MISSING_CENTRAL: SR3Mu/Central/bjets/2/btagScore in Skim_TriLep_DYGTo2LG_MLL50_PTG200toInf.root
2025-09-24 15:56:48,540 - INFO - [2022] MISSING_CENTRAL: SR3Mu/Central/bjets/2/btagScore in Skim_TriLep_TTG_PTG200toInf.root
2025-09-24 15:56:48,614 - INFO - [2022] MISSING_CENTRAL: SR3Mu/Central/bjets/2/btagScore in Skim_TriLep_WWW.root
2025-09-24 15:56:48,642 - INFO - [2022] MISSING_CENTRAL: SR3Mu/Central/bjets/2/btagScore in Skim_TriLep_VBFHToZZTo4L.root
2025-10-02 21:17:40,682 - INFO - [2022] MISSING_CENTRAL: SR3Mu/Central/bjets/2/btagScore in Skim_TriLep_DoubleMuon_C.root
2025-10-02 21:17:40,991 - INFO - [2022] MISSING_CENTRAL: SR3Mu/Central/bjets/2/btagScore in Skim_TriLep_DoubleMuon_C.root
2025-10-02 21:17:41,030 - INFO - [2022] MISSING_CENTRAL: SR3Mu/Central/bjets/2/btagScore in Skim_TriLep_DYJets.root
2025-10-02 21:17:41,030 - INFO - [2022] MISSING_CENTRAL: SR3Mu/Central/bjets/2/btagScore in Skim_TriLep_DYJets10to50.root
2025-10-02 21:17:41,031 - INFO - [2022] MISSING_CENTRAL: SR3Mu/Central/bjets/2/btagScore in Skim_TriLep_DYGTo2LG_MLL4to50_PTG10to100.root
2025-10-02 21:17:41,033 - INFO - [2022] MISSING_CENTRAL: SR3Mu/Central/bjets/2/btagScore in Skim_TriLep_DYGTo2LG_MLL4to50_PTG100to200.root
2025-10-02 21:17:41,034 - INFO - [2022] MISSING_CENTRAL: SR3Mu/Central/bjets/2/btagScore in Skim_TriLep_DYGTo2LG_MLL4to50_PTG200toInf.root
2025-10-02 21:17:41,101 - INFO - [2022] MISSING_CENTRAL: SR3Mu/Central/bjets/2/btagScore in Skim_TriLep_DYGTo2LG_MLL50_PTG100to200.root
2025-10-02 21:17:41,108 - INFO - [2022] MISSING_CENTRAL: SR3Mu/Central/bjets/2/btagScore in Skim_TriLep_DYGTo2LG_MLL50_PTG200toInf.root
2025-10-02 21:17:41,186 - INFO - [2022] MISSING_CENTRAL: SR3Mu/Central/bjets/2/btagScore in Skim_TriLep_TTG_PTG200toInf.root
2025-10-02 21:17:41,417 - INFO - [2022] MISSING_CENTRAL: SR3Mu/Central/bjets/2/btagScore in Skim_TriLep_WWW.root
2025-10-02 21:17:41,533 - INFO - [2022] MISSING_CENTRAL: SR3Mu/Central/bjets/2/btagScore in Skim_TriLep_VBFHToZZTo4L.root
2025-10-03 00:24:40,309 - INFO - [2022] MISSING_CENTRAL: SR3Mu/Central/bjets/2/btagScore in Skim_TriLep_DoubleMuon_C.root
2025-10-03 00:24:40,352 - INFO - [2022] MISSING_CENTRAL: SR3Mu/Central/bjets/2/btagScore in Skim_TriLep_DoubleMuon_C.root
2025-10-03 00:24:40,358 - INFO - [2022] MISSING_CENTRAL: SR3Mu/Central/bjets/2/btagScore in Skim_TriLep_DYJets.root
2025-10-03 00:24:40,358 - INFO - [2022] MISSING_CENTRAL: SR3Mu/Central/bjets/2/btagScore in Skim_TriLep_DYJets10to50.root
2025-10-03 00:24:40,368 - INFO - [2022] MISSING_CENTRAL: SR3Mu/Central/bjets/2/btagScore in Skim_TriLep_DYGTo2LG_MLL4to50_PTG10to100.root
2025-10-03 00:24:40,369 - INFO - [2022] MISSING_CENTRAL: SR3Mu/Central/bjets/2/btagScore in Skim_TriLep_DYGTo2LG_MLL4to50_PTG100to200.root
2025-10-03 00:24:40,369 - INFO - [2022] MISSING_CENTRAL: SR3Mu/Central/bjets/2/btagScore in Skim_TriLep_DYGTo2LG_MLL4to50_PTG200toInf.root
2025-10-03 00:24:40,376 - INFO - [2022] MISSING_CENTRAL: SR3Mu/Central/bjets/2/btagScore in Skim_TriLep_DYGTo2LG_MLL50_PTG100to200.root
2025-10-03 00:24:40,377 - INFO - [2022] MISSING_CENTRAL: SR3Mu/Central/bjets/2/btagScore in Skim_TriLep_DYGTo2LG_MLL50_PTG200toInf.root
2025-10-03 00:24:40,418 - INFO - [2022] MISSING_CENTRAL: SR3Mu/Central/bjets/2/btagScore in Skim_TriLep_TTG_PTG200toInf.root
2025-10-03 00:24:40,487 - INFO - [2022] MISSING_CENTRAL: SR3Mu/Central/bjets/2/btagScore in Skim_TriLep_WWW.root
2025-10-03 00:24:40,516 - INFO - [2022] MISSING_CENTRAL: SR3Mu/Central/bjets/2/btagScore in Skim_TriLep_VBFHToZZTo4L.root
