2026-01-16 19:04:19,399 - INFO - [2022] MISSING_CENTRAL: SR3Mu/Central/bjets/3/energy in Skim_TriLep_DoubleMuon_C.root
2026-01-16 19:04:19,433 - INFO - [2022] MISSING_CENTRAL: SR3Mu/Central/bjets/3/energy in Skim_TriLep_Muon_D.root
2026-01-16 19:04:19,456 - INFO - [2022] MISSING_CENTRAL: SR3Mu/Central/bjets/3/energy in Skim_TriLep_DoubleMuon_C.root
2026-01-16 19:04:19,467 - INFO - [2022] MISSING_CENTRAL: SR3Mu/Central/bjets/3/energy in Skim_TriLep_Muon_D.root
2026-01-16 19:04:19,468 - INFO - [2022] MISSING_CENTRAL: SR3Mu/Central/bjets/3/energy in Skim_TriLep_DYJets.root
2026-01-16 19:04:19,468 - INFO - [2022] MISSING_CENTRAL: SR3Mu/Central/bjets/3/energy in Skim_TriLep_DYJets10to50.root
2026-01-16 19:04:19,487 - INFO - [2022] MISSING_CENTRAL: SR3Mu/Central/bjets/3/energy in Skim_TriLep_TTG_PTG100to200.root
2026-01-16 19:04:19,488 - INFO - [2022] MISSING_CENTRAL: SR3Mu/Central/bjets/3/energy in Skim_TriLep_TTG_PTG200toInf.root
2026-01-16 19:04:19,488 - INFO - [2022] MISSING_CENTRAL: SR3Mu/Central/bjets/3/energy in Skim_TriLep_TTWToLNu.root
2026-01-16 19:04:19,522 - INFO - [2022] MISSING_CENTRAL: SR3Mu/Central/bjets/3/energy in Skim_TriLep_WZTo3LNu_powheg.root
2026-01-16 19:04:19,523 - INFO - [2022] MISSING_CENTRAL: SR3Mu/Central/bjets/3/energy in Skim_TriLep_ZZTo4L_powheg.root
2026-01-16 19:04:19,546 - INFO - [2022] MISSING_CENTRAL: SR3Mu/Central/bjets/3/energy in Skim_TriLep_WWW.root
2026-01-16 19:04:19,546 - INFO - [2022] MISSING_CENTRAL: SR3Mu/Central/bjets/3/energy in Skim_TriLep_WWZ.root
2026-01-16 19:04:19,547 - INFO - [2022] MISSING_CENTRAL: SR3Mu/Central/bjets/3/energy in Skim_TriLep_WZZ.root
2026-01-16 19:04:19,571 - INFO - [2022] MISSING_CENTRAL: SR3Mu/Central/bjets/3/energy in Skim_TriLep_VBFHToZZTo4L.root
2026-01-16 19:04:19,572 - INFO - [2022] MISSING_CENTRAL: SR3Mu/Central/bjets/3/energy in Skim_TriLep_ggHToZZTo4L.root
2026-01-28 17:02:40,366 - INFO - [2022] MISSING_CENTRAL: SR3Mu/Central/bjets/3/energy in Skim_TriLep_DoubleMuon_C.root
2026-01-28 17:02:40,405 - INFO - [2022] MISSING_CENTRAL: SR3Mu/Central/bjets/3/energy in Skim_TriLep_Muon_D.root
2026-01-28 17:02:40,429 - INFO - [2022] MISSING_CENTRAL: SR3Mu/Central/bjets/3/energy in Skim_TriLep_DoubleMuon_C.root
2026-01-28 17:02:40,438 - INFO - [2022] MISSING_CENTRAL: SR3Mu/Central/bjets/3/energy in Skim_TriLep_Muon_D.root
2026-01-28 17:02:40,439 - INFO - [2022] MISSING_CENTRAL: SR3Mu/Central/bjets/3/energy in Skim_TriLep_DYJets.root
2026-01-28 17:02:40,440 - INFO - [2022] MISSING_CENTRAL: SR3Mu/Central/bjets/3/energy in Skim_TriLep_DYJets10to50.root
2026-01-28 17:02:40,440 - INFO - [2022] MISSING_CENTRAL: SR3Mu/Central/bjets/3/energy in Skim_TriLep_TTG_PTG10to100.root
2026-01-28 17:02:40,441 - INFO - [2022] MISSING_CENTRAL: SR3Mu/Central/bjets/3/energy in Skim_TriLep_TTG_PTG100to200.root
2026-01-28 17:02:40,442 - INFO - [2022] MISSING_CENTRAL: SR3Mu/Central/bjets/3/energy in Skim_TriLep_TTG_PTG200toInf.root
2026-01-28 17:02:40,443 - INFO - [2022] MISSING_CENTRAL: SR3Mu/Central/bjets/3/energy in Skim_TriLep_TTWToLNu.root
2026-01-28 17:02:40,540 - INFO - [2022] MISSING_CENTRAL: SR3Mu/Central/bjets/3/energy in Skim_TriLep_WZTo3LNu_powheg.root
2026-01-28 17:02:40,541 - INFO - [2022] MISSING_CENTRAL: SR3Mu/Central/bjets/3/energy in Skim_TriLep_ZZTo4L_powheg.root
2026-01-28 17:02:40,562 - INFO - [2022] MISSING_CENTRAL: SR3Mu/Central/bjets/3/energy in Skim_TriLep_WWW.root
2026-01-28 17:02:40,562 - INFO - [2022] MISSING_CENTRAL: SR3Mu/Central/bjets/3/energy in Skim_TriLep_WWZ.root
2026-01-28 17:02:40,563 - INFO - [2022] MISSING_CENTRAL: SR3Mu/Central/bjets/3/energy in Skim_TriLep_WZZ.root
2026-01-28 17:02:40,606 - INFO - [2022] MISSING_CENTRAL: SR3Mu/Central/bjets/3/energy in Skim_TriLep_VBFHToZZTo4L.root
2026-01-28 17:02:40,607 - INFO - [2022] MISSING_CENTRAL: SR3Mu/Central/bjets/3/energy in Skim_TriLep_ggHToZZTo4L.root
2026-01-28 17:23:26,903 - INFO - [2022] MISSING_CENTRAL: SR3Mu/Central/bjets/3/energy in Skim_TriLep_DoubleMuon_C.root
2026-01-28 17:23:26,945 - INFO - [2022] MISSING_CENTRAL: SR3Mu/Central/bjets/3/energy in Skim_TriLep_Muon_D.root
2026-01-28 17:23:26,970 - INFO - [2022] MISSING_CENTRAL: SR3Mu/Central/bjets/3/energy in Skim_TriLep_DoubleMuon_C.root
2026-01-28 17:23:26,980 - INFO - [2022] MISSING_CENTRAL: SR3Mu/Central/bjets/3/energy in Skim_TriLep_Muon_D.root
2026-01-28 17:23:26,981 - INFO - [2022] MISSING_CENTRAL: SR3Mu/Central/bjets/3/energy in Skim_TriLep_DYJets.root
2026-01-28 17:23:26,982 - INFO - [2022] MISSING_CENTRAL: SR3Mu/Central/bjets/3/energy in Skim_TriLep_DYJets10to50.root
2026-01-28 17:23:26,982 - INFO - [2022] MISSING_CENTRAL: SR3Mu/Central/bjets/3/energy in Skim_TriLep_TTG_PTG10to100.root
2026-01-28 17:23:26,983 - INFO - [2022] MISSING_CENTRAL: SR3Mu/Central/bjets/3/energy in Skim_TriLep_TTG_PTG100to200.root
2026-01-28 17:23:26,983 - INFO - [2022] MISSING_CENTRAL: SR3Mu/Central/bjets/3/energy in Skim_TriLep_TTG_PTG200toInf.root
2026-01-28 17:23:26,985 - INFO - [2022] MISSING_CENTRAL: SR3Mu/Central/bjets/3/energy in Skim_TriLep_TTWToLNu.root
2026-01-28 17:23:27,087 - INFO - [2022] MISSING_CENTRAL: SR3Mu/Central/bjets/3/energy in Skim_TriLep_WZTo3LNu_powheg.root
2026-01-28 17:23:27,087 - INFO - [2022] MISSING_CENTRAL: SR3Mu/Central/bjets/3/energy in Skim_TriLep_ZZTo4L_powheg.root
2026-01-28 17:23:27,111 - INFO - [2022] MISSING_CENTRAL: SR3Mu/Central/bjets/3/energy in Skim_TriLep_WWW.root
2026-01-28 17:23:27,112 - INFO - [2022] MISSING_CENTRAL: SR3Mu/Central/bjets/3/energy in Skim_TriLep_WWZ.root
2026-01-28 17:23:27,112 - INFO - [2022] MISSING_CENTRAL: SR3Mu/Central/bjets/3/energy in Skim_TriLep_WZZ.root
2026-01-28 17:23:27,158 - INFO - [2022] MISSING_CENTRAL: SR3Mu/Central/bjets/3/energy in Skim_TriLep_VBFHToZZTo4L.root
2026-01-28 17:23:27,159 - INFO - [2022] MISSING_CENTRAL: SR3Mu/Central/bjets/3/energy in Skim_TriLep_ggHToZZTo4L.root
2026-01-28 19:56:58,339 - INFO - [2022] MISSING_CENTRAL: SR3Mu/Central/bjets/3/energy in Skim_TriLep_DoubleMuon_C.root
2026-01-28 19:56:58,374 - INFO - [2022] MISSING_CENTRAL: SR3Mu/Central/bjets/3/energy in Skim_TriLep_Muon_D.root
2026-01-28 19:56:58,398 - INFO - [2022] MISSING_CENTRAL: SR3Mu/Central/bjets/3/energy in Skim_TriLep_DoubleMuon_C.root
2026-01-28 19:56:58,409 - INFO - [2022] MISSING_CENTRAL: SR3Mu/Central/bjets/3/energy in Skim_TriLep_Muon_D.root
2026-01-28 19:56:58,410 - INFO - [2022] MISSING_CENTRAL: SR3Mu/Central/bjets/3/energy in Skim_TriLep_DYJets.root
2026-01-28 19:56:58,410 - INFO - [2022] MISSING_CENTRAL: SR3Mu/Central/bjets/3/energy in Skim_TriLep_DYJets10to50.root
2026-01-28 19:56:58,411 - INFO - [2022] MISSING_CENTRAL: SR3Mu/Central/bjets/3/energy in Skim_TriLep_TTG_PTG10to100.root
2026-01-28 19:56:58,412 - INFO - [2022] MISSING_CENTRAL: SR3Mu/Central/bjets/3/energy in Skim_TriLep_TTG_PTG100to200.root
2026-01-28 19:56:58,412 - INFO - [2022] MISSING_CENTRAL: SR3Mu/Central/bjets/3/energy in Skim_TriLep_TTG_PTG200toInf.root
2026-01-28 19:56:58,414 - INFO - [2022] MISSING_CENTRAL: SR3Mu/Central/bjets/3/energy in Skim_TriLep_TTWToLNu.root
2026-01-28 19:56:58,512 - INFO - [2022] MISSING_CENTRAL: SR3Mu/Central/bjets/3/energy in Skim_TriLep_WZTo3LNu_powheg.root
2026-01-28 19:56:58,513 - INFO - [2022] MISSING_CENTRAL: SR3Mu/Central/bjets/3/energy in Skim_TriLep_ZZTo4L_powheg.root
2026-01-28 19:56:58,536 - INFO - [2022] MISSING_CENTRAL: SR3Mu/Central/bjets/3/energy in Skim_TriLep_WWW.root
2026-01-28 19:56:58,537 - INFO - [2022] MISSING_CENTRAL: SR3Mu/Central/bjets/3/energy in Skim_TriLep_WWZ.root
2026-01-28 19:56:58,538 - INFO - [2022] MISSING_CENTRAL: SR3Mu/Central/bjets/3/energy in Skim_TriLep_WZZ.root
2026-01-28 19:56:58,594 - INFO - [2022] MISSING_CENTRAL: SR3Mu/Central/bjets/3/energy in Skim_TriLep_VBFHToZZTo4L.root
2026-01-28 19:56:58,594 - INFO - [2022] MISSING_CENTRAL: SR3Mu/Central/bjets/3/energy in Skim_TriLep_ggHToZZTo4L.root
2026-01-29 07:14:02,085 - INFO - [2022] MISSING_CENTRAL: SR3Mu/Central/bjets/3/energy in Skim_TriLep_DoubleMuon_C.root
2026-01-29 07:14:02,121 - INFO - [2022] MISSING_CENTRAL: SR3Mu/Central/bjets/3/energy in Skim_TriLep_Muon_D.root
2026-01-29 07:14:02,146 - INFO - [2022] MISSING_CENTRAL: SR3Mu/Central/bjets/3/energy in Skim_TriLep_DoubleMuon_C.root
2026-01-29 07:14:02,157 - INFO - [2022] MISSING_CENTRAL: SR3Mu/Central/bjets/3/energy in Skim_TriLep_Muon_D.root
2026-01-29 07:14:02,158 - INFO - [2022] MISSING_CENTRAL: SR3Mu/Central/bjets/3/energy in Skim_TriLep_DYJets.root
2026-01-29 07:14:02,158 - INFO - [2022] MISSING_CENTRAL: SR3Mu/Central/bjets/3/energy in Skim_TriLep_DYJets10to50.root
2026-01-29 07:14:02,159 - INFO - [2022] MISSING_CENTRAL: SR3Mu/Central/bjets/3/energy in Skim_TriLep_TTG_PTG10to100.root
2026-01-29 07:14:02,160 - INFO - [2022] MISSING_CENTRAL: SR3Mu/Central/bjets/3/energy in Skim_TriLep_TTG_PTG100to200.root
2026-01-29 07:14:02,160 - INFO - [2022] MISSING_CENTRAL: SR3Mu/Central/bjets/3/energy in Skim_TriLep_TTG_PTG200toInf.root
2026-01-29 07:14:02,162 - INFO - [2022] MISSING_CENTRAL: SR3Mu/Central/bjets/3/energy in Skim_TriLep_TTWToLNu.root
2026-01-29 07:14:02,224 - INFO - [2022] MISSING_CENTRAL: SR3Mu/Central/bjets/3/energy in Skim_TriLep_WZTo3LNu_powheg.root
2026-01-29 07:14:02,225 - INFO - [2022] MISSING_CENTRAL: SR3Mu/Central/bjets/3/energy in Skim_TriLep_ZZTo4L_powheg.root
2026-01-29 07:14:02,239 - INFO - [2022] MISSING_CENTRAL: SR3Mu/Central/bjets/3/energy in Skim_TriLep_WWW.root
2026-01-29 07:14:02,240 - INFO - [2022] MISSING_CENTRAL: SR3Mu/Central/bjets/3/energy in Skim_TriLep_WWZ.root
2026-01-29 07:14:02,240 - INFO - [2022] MISSING_CENTRAL: SR3Mu/Central/bjets/3/energy in Skim_TriLep_WZZ.root
2026-01-29 07:14:02,271 - INFO - [2022] MISSING_CENTRAL: SR3Mu/Central/bjets/3/energy in Skim_TriLep_VBFHToZZTo4L.root
2026-01-29 07:14:02,271 - INFO - [2022] MISSING_CENTRAL: SR3Mu/Central/bjets/3/energy in Skim_TriLep_ggHToZZTo4L.root
2026-03-06 09:41:32,400 - INFO - [2022] MISSING_CENTRAL: SR3Mu/Central/bjets/3/energy in Skim_TriLep_DoubleMuon_C.root
2026-03-06 09:41:32,435 - INFO - [2022] MISSING_CENTRAL: SR3Mu/Central/bjets/3/energy in Skim_TriLep_Muon_D.root
2026-03-06 09:41:32,457 - INFO - [2022] MISSING_CENTRAL: SR3Mu/Central/bjets/3/energy in Skim_TriLep_DoubleMuon_C.root
2026-03-06 09:41:32,467 - INFO - [2022] MISSING_CENTRAL: SR3Mu/Central/bjets/3/energy in Skim_TriLep_Muon_D.root
2026-03-06 09:41:32,468 - INFO - [2022] MISSING_CENTRAL: SR3Mu/Central/bjets/3/energy in Skim_TriLep_DYJets.root
2026-03-06 09:41:32,468 - INFO - [2022] MISSING_CENTRAL: SR3Mu/Central/bjets/3/energy in Skim_TriLep_DYJets10to50.root
2026-03-06 09:41:32,469 - INFO - [2022] MISSING_CENTRAL: SR3Mu/Central/bjets/3/energy in Skim_TriLep_TTG_PTG10to100.root
2026-03-06 09:41:32,469 - INFO - [2022] MISSING_CENTRAL: SR3Mu/Central/bjets/3/energy in Skim_TriLep_TTG_PTG100to200.root
2026-03-06 09:41:32,470 - INFO - [2022] MISSING_CENTRAL: SR3Mu/Central/bjets/3/energy in Skim_TriLep_TTG_PTG200toInf.root
2026-03-06 09:41:32,471 - INFO - [2022] MISSING_CENTRAL: SR3Mu/Central/bjets/3/energy in Skim_TriLep_TTWToLNu.root
2026-03-06 09:41:32,536 - INFO - [2022] MISSING_CENTRAL: SR3Mu/Central/bjets/3/energy in Skim_TriLep_WZTo3LNu_powheg.root
2026-03-06 09:41:32,537 - INFO - [2022] MISSING_CENTRAL: SR3Mu/Central/bjets/3/energy in Skim_TriLep_ZZTo4L_powheg.root
2026-03-06 09:41:32,551 - INFO - [2022] MISSING_CENTRAL: SR3Mu/Central/bjets/3/energy in Skim_TriLep_WWW.root
2026-03-06 09:41:32,552 - INFO - [2022] MISSING_CENTRAL: SR3Mu/Central/bjets/3/energy in Skim_TriLep_WWZ.root
2026-03-06 09:41:32,552 - INFO - [2022] MISSING_CENTRAL: SR3Mu/Central/bjets/3/energy in Skim_TriLep_WZZ.root
2026-03-06 09:41:32,581 - INFO - [2022] MISSING_CENTRAL: SR3Mu/Central/bjets/3/energy in Skim_TriLep_VBFHToZZTo4L.root
2026-03-06 09:41:32,582 - INFO - [2022] MISSING_CENTRAL: SR3Mu/Central/bjets/3/energy in Skim_TriLep_ggHToZZTo4L.root
2026-03-06 19:47:19,855 - INFO - [2022] MISSING_CENTRAL: SR3Mu/Central/bjets/3/energy in Skim_TriLep_DoubleMuon_C.root
2026-03-06 19:47:19,889 - INFO - [2022] MISSING_CENTRAL: SR3Mu/Central/bjets/3/energy in Skim_TriLep_Muon_D.root
2026-03-06 19:47:19,913 - INFO - [2022] MISSING_CENTRAL: SR3Mu/Central/bjets/3/energy in Skim_TriLep_DoubleMuon_C.root
2026-03-06 19:47:19,924 - INFO - [2022] MISSING_CENTRAL: SR3Mu/Central/bjets/3/energy in Skim_TriLep_Muon_D.root
2026-03-06 19:47:19,925 - INFO - [2022] MISSING_CENTRAL: SR3Mu/Central/bjets/3/energy in Skim_TriLep_DYJets.root
2026-03-06 19:47:19,926 - INFO - [2022] MISSING_CENTRAL: SR3Mu/Central/bjets/3/energy in Skim_TriLep_DYJets10to50.root
2026-03-06 19:47:19,926 - INFO - [2022] MISSING_CENTRAL: SR3Mu/Central/bjets/3/energy in Skim_TriLep_TTG_PTG10to100.root
2026-03-06 19:47:19,927 - INFO - [2022] MISSING_CENTRAL: SR3Mu/Central/bjets/3/energy in Skim_TriLep_TTG_PTG100to200.root
2026-03-06 19:47:19,928 - INFO - [2022] MISSING_CENTRAL: SR3Mu/Central/bjets/3/energy in Skim_TriLep_TTG_PTG200toInf.root
2026-03-06 19:47:19,930 - INFO - [2022] MISSING_CENTRAL: SR3Mu/Central/bjets/3/energy in Skim_TriLep_TTWToLNu.root
2026-03-06 19:47:19,994 - INFO - [2022] MISSING_CENTRAL: SR3Mu/Central/bjets/3/energy in Skim_TriLep_WZTo3LNu_powheg.root
2026-03-06 19:47:19,994 - INFO - [2022] MISSING_CENTRAL: SR3Mu/Central/bjets/3/energy in Skim_TriLep_ZZTo4L_powheg.root
2026-03-06 19:47:20,009 - INFO - [2022] MISSING_CENTRAL: SR3Mu/Central/bjets/3/energy in Skim_TriLep_WWW.root
2026-03-06 19:47:20,010 - INFO - [2022] MISSING_CENTRAL: SR3Mu/Central/bjets/3/energy in Skim_TriLep_WWZ.root
2026-03-06 19:47:20,010 - INFO - [2022] MISSING_CENTRAL: SR3Mu/Central/bjets/3/energy in Skim_TriLep_WZZ.root
2026-03-06 19:47:20,039 - INFO - [2022] MISSING_CENTRAL: SR3Mu/Central/bjets/3/energy in Skim_TriLep_VBFHToZZTo4L.root
2026-03-06 19:47:20,040 - INFO - [2022] MISSING_CENTRAL: SR3Mu/Central/bjets/3/energy in Skim_TriLep_ggHToZZTo4L.root
