2025-09-24 15:56:45,361 - INFO - [2022] MISSING_CENTRAL: SR3Mu/Central/bjets/1/phi in Skim_TriLep_DYJets.root
2025-09-24 15:56:45,362 - INFO - [2022] MISSING_CENTRAL: SR3Mu/Central/bjets/1/phi in Skim_TriLep_DYJets10to50.root
2025-09-24 15:56:45,362 - INFO - [2022] MISSING_CENTRAL: SR3Mu/Central/bjets/1/phi in Skim_TriLep_DYGTo2LG_MLL4to50_PTG10to100.root
2025-09-24 15:56:45,362 - INFO - [2022] MISSING_CENTRAL: SR3Mu/Central/bjets/1/phi in Skim_TriLep_DYGTo2LG_MLL4to50_PTG100to200.root
2025-09-24 15:56:45,362 - INFO - [2022] MISSING_CENTRAL: SR3Mu/Central/bjets/1/phi in Skim_TriLep_DYGTo2LG_MLL4to50_PTG200toInf.root
2025-09-24 15:56:45,371 - INFO - [2022] MISSING_CENTRAL: SR3Mu/Central/bjets/1/phi in Skim_TriLep_DYGTo2LG_MLL50_PTG100to200.root
2025-10-02 21:17:41,462 - INFO - [2022] MISSING_CENTRAL: SR3Mu/Central/bjets/1/phi in Skim_TriLep_DYJets.root
2025-10-02 21:17:41,468 - INFO - [2022] MISSING_CENTRAL: SR3Mu/Central/bjets/1/phi in Skim_TriLep_DYJets10to50.root
2025-10-02 21:17:41,473 - INFO - [2022] MISSING_CENTRAL: SR3Mu/Central/bjets/1/phi in Skim_TriLep_DYGTo2LG_MLL4to50_PTG10to100.root
2025-10-02 21:17:41,480 - INFO - [2022] MISSING_CENTRAL: SR3Mu/Central/bjets/1/phi in Skim_TriLep_DYGTo2LG_MLL4to50_PTG100to200.root
2025-10-02 21:17:41,481 - INFO - [2022] MISSING_CENTRAL: SR3Mu/Central/bjets/1/phi in Skim_TriLep_DYGTo2LG_MLL4to50_PTG200toInf.root
2025-10-02 21:17:41,531 - INFO - [2022] MISSING_CENTRAL: SR3Mu/Central/bjets/1/phi in Skim_TriLep_DYGTo2LG_MLL50_PTG100to200.root
2025-10-03 00:24:37,640 - INFO - [2022] MISSING_CENTRAL: SR3Mu/Central/bjets/1/phi in Skim_TriLep_DYJets.root
2025-10-03 00:24:37,641 - INFO - [2022] MISSING_CENTRAL: SR3Mu/Central/bjets/1/phi in Skim_TriLep_DYJets10to50.root
2025-10-03 00:24:37,641 - INFO - [2022] MISSING_CENTRAL: SR3Mu/Central/bjets/1/phi in Skim_TriLep_DYGTo2LG_MLL4to50_PTG10to100.root
2025-10-03 00:24:37,642 - INFO - [2022] MISSING_CENTRAL: SR3Mu/Central/bjets/1/phi in Skim_TriLep_DYGTo2LG_MLL4to50_PTG100to200.root
2025-10-03 00:24:37,642 - INFO - [2022] MISSING_CENTRAL: SR3Mu/Central/bjets/1/phi in Skim_TriLep_DYGTo2LG_MLL4to50_PTG200toInf.root
2025-10-03 00:24:37,650 - INFO - [2022] MISSING_CENTRAL: SR3Mu/Central/bjets/1/phi in Skim_TriLep_DYGTo2LG_MLL50_PTG100to200.root
2025-11-07 13:09:51,078 - INFO - [2022] MISSING_FILE: /home/choij/Sync/workspace/ChargedHiggsAnalysisV3/SKNanoOutput/PromptSelector/Run3Mu/2022/Skim_TriLep_DoubleMuon_C.root
2025-11-07 13:09:51,078 - INFO - [2022] MISSING_FILE: /home/choij/Sync/workspace/ChargedHiggsAnalysisV3/SKNanoOutput/PromptSelector/Run3Mu/2022/Skim_TriLep_Muon_C.root
2025-11-07 13:09:51,078 - INFO - [2022] MISSING_FILE: /home/choij/Sync/workspace/ChargedHiggsAnalysisV3/SKNanoOutput/PromptSelector/Run3Mu/2022/Skim_TriLep_Muon_D.root
2025-11-07 14:07:30,989 - INFO - [2022] MISSING_FILE: /home/choij/Sync/workspace/ChargedHiggsAnalysisV3/SKNanoOutput/PromptSelector/Run3Mu/2022/Skim_TriLep_DoubleMuon_C.root
2025-11-07 14:07:30,989 - INFO - [2022] MISSING_FILE: /home/choij/Sync/workspace/ChargedHiggsAnalysisV3/SKNanoOutput/PromptSelector/Run3Mu/2022/Skim_TriLep_Muon_C.root
2025-11-07 14:07:30,989 - INFO - [2022] MISSING_FILE: /home/choij/Sync/workspace/ChargedHiggsAnalysisV3/SKNanoOutput/PromptSelector/Run3Mu/2022/Skim_TriLep_Muon_D.root
2025-11-10 12:22:50,863 - INFO - [2022] MISSING_CENTRAL: SR3Mu/Central/bjets/1/phi in Skim_TriLep_DYJets.root
2025-11-10 12:22:50,864 - INFO - [2022] MISSING_CENTRAL: SR3Mu/Central/bjets/1/phi in Skim_TriLep_DYJets10to50.root
2025-11-10 12:22:50,864 - INFO - [2022] MISSING_CENTRAL: SR3Mu/Central/bjets/1/phi in Skim_TriLep_DYGTo2LG_MLL4to50_PTG10to100.root
2025-11-10 12:22:50,865 - INFO - [2022] MISSING_CENTRAL: SR3Mu/Central/bjets/1/phi in Skim_TriLep_DYGTo2LG_MLL4to50_PTG100to200.root
2025-11-10 12:22:50,865 - INFO - [2022] MISSING_CENTRAL: SR3Mu/Central/bjets/1/phi in Skim_TriLep_DYGTo2LG_MLL4to50_PTG200toInf.root
2025-11-10 12:22:50,876 - INFO - [2022] MISSING_CENTRAL: SR3Mu/Central/bjets/1/phi in Skim_TriLep_DYGTo2LG_MLL50_PTG100to200.root
2025-11-13 11:12:34,736 - INFO - [2022] MISSING_CENTRAL: SR3Mu/Central/bjets/1/phi in Skim_TriLep_DYJets.root
2025-11-13 11:12:34,737 - INFO - [2022] MISSING_CENTRAL: SR3Mu/Central/bjets/1/phi in Skim_TriLep_DYJets10to50.root
2025-11-13 11:12:34,739 - INFO - [2022] MISSING_CENTRAL: SR3Mu/Central/bjets/1/phi in Skim_TriLep_DYGTo2LG_MLL4to50_PTG10to100.root
2025-11-13 11:12:34,740 - INFO - [2022] MISSING_CENTRAL: SR3Mu/Central/bjets/1/phi in Skim_TriLep_DYGTo2LG_MLL4to50_PTG100to200.root
2025-11-13 11:12:34,742 - INFO - [2022] MISSING_CENTRAL: SR3Mu/Central/bjets/1/phi in Skim_TriLep_DYGTo2LG_MLL4to50_PTG200toInf.root
2025-11-13 11:12:34,759 - INFO - [2022] MISSING_CENTRAL: SR3Mu/Central/bjets/1/phi in Skim_TriLep_DYGTo2LG_MLL50_PTG100to200.root
2025-11-13 19:55:12,288 - INFO - [2022] MISSING_CENTRAL: SR3Mu/Central/bjets/1/phi in Skim_TriLep_DYJets.root
2025-11-13 19:55:12,288 - INFO - [2022] MISSING_CENTRAL: SR3Mu/Central/bjets/1/phi in Skim_TriLep_DYJets10to50.root
2025-11-13 19:55:12,289 - INFO - [2022] MISSING_CENTRAL: SR3Mu/Central/bjets/1/phi in Skim_TriLep_DYGTo2LG_MLL4to50_PTG10to100.root
2025-11-13 19:55:12,289 - INFO - [2022] MISSING_CENTRAL: SR3Mu/Central/bjets/1/phi in Skim_TriLep_DYGTo2LG_MLL4to50_PTG100to200.root
2025-11-13 19:55:12,290 - INFO - [2022] MISSING_CENTRAL: SR3Mu/Central/bjets/1/phi in Skim_TriLep_DYGTo2LG_MLL4to50_PTG200toInf.root
2025-11-13 19:55:12,300 - INFO - [2022] MISSING_CENTRAL: SR3Mu/Central/bjets/1/phi in Skim_TriLep_DYGTo2LG_MLL50_PTG100to200.root
2025-11-13 20:02:06,921 - INFO - [2022] MISSING_CENTRAL: SR3Mu/Central/bjets/1/phi in Skim_TriLep_DYJets.root
2025-11-13 20:02:06,922 - INFO - [2022] MISSING_CENTRAL: SR3Mu/Central/bjets/1/phi in Skim_TriLep_DYJets10to50.root
2025-11-13 20:02:06,922 - INFO - [2022] MISSING_CENTRAL: SR3Mu/Central/bjets/1/phi in Skim_TriLep_DYGTo2LG_MLL4to50_PTG10to100.root
2025-11-13 20:02:06,923 - INFO - [2022] MISSING_CENTRAL: SR3Mu/Central/bjets/1/phi in Skim_TriLep_DYGTo2LG_MLL4to50_PTG100to200.root
2025-11-13 20:02:06,923 - INFO - [2022] MISSING_CENTRAL: SR3Mu/Central/bjets/1/phi in Skim_TriLep_DYGTo2LG_MLL4to50_PTG200toInf.root
2025-11-13 20:02:06,933 - INFO - [2022] MISSING_CENTRAL: SR3Mu/Central/bjets/1/phi in Skim_TriLep_DYGTo2LG_MLL50_PTG100to200.root
2025-11-19 16:25:15,102 - INFO - [2022] MISSING_CENTRAL: SR3Mu/Central/bjets/1/phi in Skim_TriLep_DYJets.root
2025-11-19 16:25:15,103 - INFO - [2022] MISSING_CENTRAL: SR3Mu/Central/bjets/1/phi in Skim_TriLep_DYJets10to50.root
2025-11-19 16:25:15,103 - INFO - [2022] MISSING_CENTRAL: SR3Mu/Central/bjets/1/phi in Skim_TriLep_DYGTo2LG_MLL4to50_PTG10to100.root
2025-11-19 16:25:15,104 - INFO - [2022] MISSING_CENTRAL: SR3Mu/Central/bjets/1/phi in Skim_TriLep_DYGTo2LG_MLL4to50_PTG100to200.root
2025-11-19 16:25:15,104 - INFO - [2022] MISSING_CENTRAL: SR3Mu/Central/bjets/1/phi in Skim_TriLep_DYGTo2LG_MLL4to50_PTG200toInf.root
2025-11-19 16:25:15,115 - INFO - [2022] MISSING_CENTRAL: SR3Mu/Central/bjets/1/phi in Skim_TriLep_DYGTo2LG_MLL50_PTG100to200.root
2025-12-17 22:39:52,482 - INFO - [2022] MISSING_CENTRAL: SR3Mu/Central/bjets/1/phi in Skim_TriLep_DYJets10to50.root
2025-12-18 14:24:36,088 - INFO - [2022] MISSING_CENTRAL: SR3Mu/Central/bjets/1/phi in Skim_TriLep_DYJets10to50.root
2025-12-18 14:39:59,301 - INFO - [2022] MISSING_CENTRAL: SR3Mu/Central/bjets/1/phi in Skim_TriLep_DYJets10to50.root
2026-01-07 11:49:28,021 - INFO - [2022] MISSING_CENTRAL: SR3Mu/Central/bjets/1/phi in Skim_TriLep_DYJets10to50.root
2026-01-07 18:46:12,197 - INFO - [2022] MISSING_CENTRAL: SR3Mu/Central/bjets/1/phi in Skim_TriLep_DYJets10to50.root
2026-01-07 19:29:47,343 - INFO - [2022] MISSING_CENTRAL: SR3Mu/Central/bjets/1/phi in Skim_TriLep_DYJets10to50.root
2026-01-09 12:20:31,122 - INFO - [2022] MISSING_CENTRAL: SR3Mu/Central/bjets/1/phi in Skim_TriLep_DYJets10to50.root
