2025-09-24 15:56:38,835 - INFO - [2022] MISSING_CENTRAL: SR3Mu/Central/jets/2/pz in Skim_TriLep_DYJets.root
2025-09-24 15:56:38,835 - INFO - [2022] MISSING_CENTRAL: SR3Mu/Central/jets/2/pz in Skim_TriLep_DYJets10to50.root
2025-09-24 15:56:38,835 - INFO - [2022] MISSING_CENTRAL: SR3Mu/Central/jets/2/pz in Skim_TriLep_DYGTo2LG_MLL4to50_PTG10to100.root
2025-09-24 15:56:38,835 - INFO - [2022] MISSING_CENTRAL: SR3Mu/Central/jets/2/pz in Skim_TriLep_DYGTo2LG_MLL4to50_PTG100to200.root
2025-09-24 15:56:38,835 - INFO - [2022] MISSING_CENTRAL: SR3Mu/Central/jets/2/pz in Skim_TriLep_DYGTo2LG_MLL4to50_PTG200toInf.root
2025-09-24 15:56:38,849 - INFO - [2022] MISSING_CENTRAL: SR3Mu/Central/jets/2/pz in Skim_TriLep_DYGTo2LG_MLL50_PTG100to200.root
2025-10-02 21:17:33,553 - INFO - [2022] MISSING_CENTRAL: SR3Mu/Central/jets/2/pz in Skim_TriLep_DYJets.root
2025-10-02 21:17:33,554 - INFO - [2022] MISSING_CENTRAL: SR3Mu/Central/jets/2/pz in Skim_TriLep_DYJets10to50.root
2025-10-02 21:17:33,555 - INFO - [2022] MISSING_CENTRAL: SR3Mu/Central/jets/2/pz in Skim_TriLep_DYGTo2LG_MLL4to50_PTG10to100.root
2025-10-02 21:17:33,556 - INFO - [2022] MISSING_CENTRAL: SR3Mu/Central/jets/2/pz in Skim_TriLep_DYGTo2LG_MLL4to50_PTG100to200.root
2025-10-02 21:17:33,558 - INFO - [2022] MISSING_CENTRAL: SR3Mu/Central/jets/2/pz in Skim_TriLep_DYGTo2LG_MLL4to50_PTG200toInf.root
2025-10-02 21:17:33,588 - INFO - [2022] MISSING_CENTRAL: SR3Mu/Central/jets/2/pz in Skim_TriLep_DYGTo2LG_MLL50_PTG100to200.root
2025-10-03 00:24:31,047 - INFO - [2022] MISSING_CENTRAL: SR3Mu/Central/jets/2/pz in Skim_TriLep_DYJets.root
2025-10-03 00:24:31,047 - INFO - [2022] MISSING_CENTRAL: SR3Mu/Central/jets/2/pz in Skim_TriLep_DYJets10to50.root
2025-10-03 00:24:31,048 - INFO - [2022] MISSING_CENTRAL: SR3Mu/Central/jets/2/pz in Skim_TriLep_DYGTo2LG_MLL4to50_PTG10to100.root
2025-10-03 00:24:31,048 - INFO - [2022] MISSING_CENTRAL: SR3Mu/Central/jets/2/pz in Skim_TriLep_DYGTo2LG_MLL4to50_PTG100to200.root
2025-10-03 00:24:31,048 - INFO - [2022] MISSING_CENTRAL: SR3Mu/Central/jets/2/pz in Skim_TriLep_DYGTo2LG_MLL4to50_PTG200toInf.root
2025-10-03 00:24:31,102 - INFO - [2022] MISSING_CENTRAL: SR3Mu/Central/jets/2/pz in Skim_TriLep_DYGTo2LG_MLL50_PTG100to200.root
2025-11-07 13:09:49,052 - INFO - [2022] MISSING_FILE: /home/choij/Sync/workspace/ChargedHiggsAnalysisV3/SKNanoOutput/PromptSelector/Run3Mu/2022/Skim_TriLep_DoubleMuon_C.root
2025-11-07 13:09:49,052 - INFO - [2022] MISSING_FILE: /home/choij/Sync/workspace/ChargedHiggsAnalysisV3/SKNanoOutput/PromptSelector/Run3Mu/2022/Skim_TriLep_Muon_C.root
2025-11-07 13:09:49,053 - INFO - [2022] MISSING_FILE: /home/choij/Sync/workspace/ChargedHiggsAnalysisV3/SKNanoOutput/PromptSelector/Run3Mu/2022/Skim_TriLep_Muon_D.root
2025-11-07 14:07:28,781 - INFO - [2022] MISSING_FILE: /home/choij/Sync/workspace/ChargedHiggsAnalysisV3/SKNanoOutput/PromptSelector/Run3Mu/2022/Skim_TriLep_DoubleMuon_C.root
2025-11-07 14:07:28,781 - INFO - [2022] MISSING_FILE: /home/choij/Sync/workspace/ChargedHiggsAnalysisV3/SKNanoOutput/PromptSelector/Run3Mu/2022/Skim_TriLep_Muon_C.root
2025-11-07 14:07:28,781 - INFO - [2022] MISSING_FILE: /home/choij/Sync/workspace/ChargedHiggsAnalysisV3/SKNanoOutput/PromptSelector/Run3Mu/2022/Skim_TriLep_Muon_D.root
2025-11-10 12:22:47,701 - INFO - [2022] MISSING_CENTRAL: SR3Mu/Central/jets/2/pz in Skim_TriLep_DYJets.root
2025-11-10 12:22:47,701 - INFO - [2022] MISSING_CENTRAL: SR3Mu/Central/jets/2/pz in Skim_TriLep_DYJets10to50.root
2025-11-10 12:22:47,702 - INFO - [2022] MISSING_CENTRAL: SR3Mu/Central/jets/2/pz in Skim_TriLep_DYGTo2LG_MLL4to50_PTG10to100.root
2025-11-10 12:22:47,702 - INFO - [2022] MISSING_CENTRAL: SR3Mu/Central/jets/2/pz in Skim_TriLep_DYGTo2LG_MLL4to50_PTG100to200.root
2025-11-10 12:22:47,703 - INFO - [2022] MISSING_CENTRAL: SR3Mu/Central/jets/2/pz in Skim_TriLep_DYGTo2LG_MLL4to50_PTG200toInf.root
2025-11-10 12:22:47,722 - INFO - [2022] MISSING_CENTRAL: SR3Mu/Central/jets/2/pz in Skim_TriLep_DYGTo2LG_MLL50_PTG100to200.root
2025-11-13 11:12:25,597 - INFO - [2022] MISSING_CENTRAL: SR3Mu/Central/jets/2/pz in Skim_TriLep_DYJets.root
2025-11-13 11:12:25,600 - INFO - [2022] MISSING_CENTRAL: SR3Mu/Central/jets/2/pz in Skim_TriLep_DYJets10to50.root
2025-11-13 11:12:25,603 - INFO - [2022] MISSING_CENTRAL: SR3Mu/Central/jets/2/pz in Skim_TriLep_DYGTo2LG_MLL4to50_PTG10to100.root
2025-11-13 11:12:25,606 - INFO - [2022] MISSING_CENTRAL: SR3Mu/Central/jets/2/pz in Skim_TriLep_DYGTo2LG_MLL4to50_PTG100to200.root
2025-11-13 11:12:25,608 - INFO - [2022] MISSING_CENTRAL: SR3Mu/Central/jets/2/pz in Skim_TriLep_DYGTo2LG_MLL4to50_PTG200toInf.root
2025-11-13 11:12:25,641 - INFO - [2022] MISSING_CENTRAL: SR3Mu/Central/jets/2/pz in Skim_TriLep_DYGTo2LG_MLL50_PTG100to200.root
2025-11-13 19:55:08,706 - INFO - [2022] MISSING_CENTRAL: SR3Mu/Central/jets/2/pz in Skim_TriLep_DYJets.root
2025-11-13 19:55:08,706 - INFO - [2022] MISSING_CENTRAL: SR3Mu/Central/jets/2/pz in Skim_TriLep_DYJets10to50.root
2025-11-13 19:55:08,707 - INFO - [2022] MISSING_CENTRAL: SR3Mu/Central/jets/2/pz in Skim_TriLep_DYGTo2LG_MLL4to50_PTG10to100.root
2025-11-13 19:55:08,707 - INFO - [2022] MISSING_CENTRAL: SR3Mu/Central/jets/2/pz in Skim_TriLep_DYGTo2LG_MLL4to50_PTG100to200.root
2025-11-13 19:55:08,707 - INFO - [2022] MISSING_CENTRAL: SR3Mu/Central/jets/2/pz in Skim_TriLep_DYGTo2LG_MLL4to50_PTG200toInf.root
2025-11-13 19:55:08,725 - INFO - [2022] MISSING_CENTRAL: SR3Mu/Central/jets/2/pz in Skim_TriLep_DYGTo2LG_MLL50_PTG100to200.root
2025-11-13 20:02:03,707 - INFO - [2022] MISSING_CENTRAL: SR3Mu/Central/jets/2/pz in Skim_TriLep_DYJets.root
2025-11-13 20:02:03,707 - INFO - [2022] MISSING_CENTRAL: SR3Mu/Central/jets/2/pz in Skim_TriLep_DYJets10to50.root
2025-11-13 20:02:03,708 - INFO - [2022] MISSING_CENTRAL: SR3Mu/Central/jets/2/pz in Skim_TriLep_DYGTo2LG_MLL4to50_PTG10to100.root
2025-11-13 20:02:03,709 - INFO - [2022] MISSING_CENTRAL: SR3Mu/Central/jets/2/pz in Skim_TriLep_DYGTo2LG_MLL4to50_PTG100to200.root
2025-11-13 20:02:03,709 - INFO - [2022] MISSING_CENTRAL: SR3Mu/Central/jets/2/pz in Skim_TriLep_DYGTo2LG_MLL4to50_PTG200toInf.root
2025-11-13 20:02:03,727 - INFO - [2022] MISSING_CENTRAL: SR3Mu/Central/jets/2/pz in Skim_TriLep_DYGTo2LG_MLL50_PTG100to200.root
