2025-09-24 15:56:41,682 - INFO - [2022] MISSING_CENTRAL: SR3Mu/Central/jets/3/pz in Skim_TriLep_DoubleMuon_C.root
2025-09-24 15:56:41,716 - INFO - [2022] MISSING_CENTRAL: SR3Mu/Central/jets/3/pz in Skim_TriLep_DYJets.root
2025-09-24 15:56:41,716 - INFO - [2022] MISSING_CENTRAL: SR3Mu/Central/jets/3/pz in Skim_TriLep_DYJets10to50.root
2025-09-24 15:56:41,716 - INFO - [2022] MISSING_CENTRAL: SR3Mu/Central/jets/3/pz in Skim_TriLep_DYGTo2LG_MLL4to50_PTG10to100.root
2025-09-24 15:56:41,717 - INFO - [2022] MISSING_CENTRAL: SR3Mu/Central/jets/3/pz in Skim_TriLep_DYGTo2LG_MLL4to50_PTG100to200.root
2025-09-24 15:56:41,717 - INFO - [2022] MISSING_CENTRAL: SR3Mu/Central/jets/3/pz in Skim_TriLep_DYGTo2LG_MLL4to50_PTG200toInf.root
2025-09-24 15:56:41,730 - INFO - [2022] MISSING_CENTRAL: SR3Mu/Central/jets/3/pz in Skim_TriLep_DYGTo2LG_MLL50_PTG100to200.root
2025-09-24 15:56:41,730 - INFO - [2022] MISSING_CENTRAL: SR3Mu/Central/jets/3/pz in Skim_TriLep_DYGTo2LG_MLL50_PTG200toInf.root
2025-09-24 15:56:41,951 - INFO - [2022] MISSING_CENTRAL: SR3Mu/Central/jets/3/pz in Skim_TriLep_TTG_PTG100to200.root
2025-09-24 15:56:42,359 - INFO - [2022] MISSING_CENTRAL: SR3Mu/Central/jets/3/pz in Skim_TriLep_WWW.root
2025-09-24 15:56:42,471 - INFO - [2022] MISSING_CENTRAL: SR3Mu/Central/jets/3/pz in Skim_TriLep_VBFHToZZTo4L.root
2025-10-02 21:17:41,893 - INFO - [2022] MISSING_CENTRAL: SR3Mu/Central/jets/3/pz in Skim_TriLep_DoubleMuon_C.root
2025-10-02 21:17:42,071 - INFO - [2022] MISSING_CENTRAL: SR3Mu/Central/jets/3/pz in Skim_TriLep_DYJets.root
2025-10-02 21:17:42,072 - INFO - [2022] MISSING_CENTRAL: SR3Mu/Central/jets/3/pz in Skim_TriLep_DYJets10to50.root
2025-10-02 21:17:42,073 - INFO - [2022] MISSING_CENTRAL: SR3Mu/Central/jets/3/pz in Skim_TriLep_DYGTo2LG_MLL4to50_PTG10to100.root
2025-10-02 21:17:42,084 - INFO - [2022] MISSING_CENTRAL: SR3Mu/Central/jets/3/pz in Skim_TriLep_DYGTo2LG_MLL4to50_PTG100to200.root
2025-10-02 21:17:42,085 - INFO - [2022] MISSING_CENTRAL: SR3Mu/Central/jets/3/pz in Skim_TriLep_DYGTo2LG_MLL4to50_PTG200toInf.root
2025-10-02 21:17:42,130 - INFO - [2022] MISSING_CENTRAL: SR3Mu/Central/jets/3/pz in Skim_TriLep_DYGTo2LG_MLL50_PTG100to200.root
2025-10-02 21:17:42,145 - INFO - [2022] MISSING_CENTRAL: SR3Mu/Central/jets/3/pz in Skim_TriLep_DYGTo2LG_MLL50_PTG200toInf.root
2025-10-02 21:17:42,185 - INFO - [2022] MISSING_CENTRAL: SR3Mu/Central/jets/3/pz in Skim_TriLep_TTG_PTG100to200.root
2025-10-02 21:17:42,458 - INFO - [2022] MISSING_CENTRAL: SR3Mu/Central/jets/3/pz in Skim_TriLep_WWW.root
2025-10-02 21:17:42,590 - INFO - [2022] MISSING_CENTRAL: SR3Mu/Central/jets/3/pz in Skim_TriLep_VBFHToZZTo4L.root
2025-10-03 00:24:34,196 - INFO - [2022] MISSING_CENTRAL: SR3Mu/Central/jets/3/pz in Skim_TriLep_DoubleMuon_C.root
2025-10-03 00:24:34,295 - INFO - [2022] MISSING_CENTRAL: SR3Mu/Central/jets/3/pz in Skim_TriLep_DYJets.root
2025-10-03 00:24:34,296 - INFO - [2022] MISSING_CENTRAL: SR3Mu/Central/jets/3/pz in Skim_TriLep_DYJets10to50.root
2025-10-03 00:24:34,296 - INFO - [2022] MISSING_CENTRAL: SR3Mu/Central/jets/3/pz in Skim_TriLep_DYGTo2LG_MLL4to50_PTG10to100.root
2025-10-03 00:24:34,296 - INFO - [2022] MISSING_CENTRAL: SR3Mu/Central/jets/3/pz in Skim_TriLep_DYGTo2LG_MLL4to50_PTG100to200.root
2025-10-03 00:24:34,296 - INFO - [2022] MISSING_CENTRAL: SR3Mu/Central/jets/3/pz in Skim_TriLep_DYGTo2LG_MLL4to50_PTG200toInf.root
2025-10-03 00:24:34,343 - INFO - [2022] MISSING_CENTRAL: SR3Mu/Central/jets/3/pz in Skim_TriLep_DYGTo2LG_MLL50_PTG100to200.root
2025-10-03 00:24:34,344 - INFO - [2022] MISSING_CENTRAL: SR3Mu/Central/jets/3/pz in Skim_TriLep_DYGTo2LG_MLL50_PTG200toInf.root
2025-10-03 00:24:34,375 - INFO - [2022] MISSING_CENTRAL: SR3Mu/Central/jets/3/pz in Skim_TriLep_TTG_PTG100to200.root
2025-10-03 00:24:34,574 - INFO - [2022] MISSING_CENTRAL: SR3Mu/Central/jets/3/pz in Skim_TriLep_WWW.root
2025-10-03 00:24:34,658 - INFO - [2022] MISSING_CENTRAL: SR3Mu/Central/jets/3/pz in Skim_TriLep_VBFHToZZTo4L.root
2025-11-07 13:09:50,918 - INFO - [2022] MISSING_FILE: /home/choij/Sync/workspace/ChargedHiggsAnalysisV3/SKNanoOutput/PromptSelector/Run3Mu/2022/Skim_TriLep_DoubleMuon_C.root
2025-11-07 13:09:50,918 - INFO - [2022] MISSING_FILE: /home/choij/Sync/workspace/ChargedHiggsAnalysisV3/SKNanoOutput/PromptSelector/Run3Mu/2022/Skim_TriLep_Muon_C.root
2025-11-07 13:09:50,918 - INFO - [2022] MISSING_FILE: /home/choij/Sync/workspace/ChargedHiggsAnalysisV3/SKNanoOutput/PromptSelector/Run3Mu/2022/Skim_TriLep_Muon_D.root
2025-11-07 14:07:30,703 - INFO - [2022] MISSING_FILE: /home/choij/Sync/workspace/ChargedHiggsAnalysisV3/SKNanoOutput/PromptSelector/Run3Mu/2022/Skim_TriLep_DoubleMuon_C.root
2025-11-07 14:07:30,704 - INFO - [2022] MISSING_FILE: /home/choij/Sync/workspace/ChargedHiggsAnalysisV3/SKNanoOutput/PromptSelector/Run3Mu/2022/Skim_TriLep_Muon_C.root
2025-11-07 14:07:30,704 - INFO - [2022] MISSING_FILE: /home/choij/Sync/workspace/ChargedHiggsAnalysisV3/SKNanoOutput/PromptSelector/Run3Mu/2022/Skim_TriLep_Muon_D.root
