2025-09-24 15:56:45,211 - INFO - [2022] MISSING_CENTRAL: SR3Mu/Central/jets/4/pz in Skim_TriLep_DoubleMuon_C.root
2025-09-24 15:56:45,234 - INFO - [2022] MISSING_CENTRAL: SR3Mu/Central/jets/4/pz in Skim_TriLep_Muon_D.root
2025-09-24 15:56:45,287 - INFO - [2022] MISSING_CENTRAL: SR3Mu/Central/jets/4/pz in Skim_TriLep_DYJets.root
2025-09-24 15:56:45,287 - INFO - [2022] MISSING_CENTRAL: SR3Mu/Central/jets/4/pz in Skim_TriLep_DYJets10to50.root
2025-09-24 15:56:45,287 - INFO - [2022] MISSING_CENTRAL: SR3Mu/Central/jets/4/pz in Skim_TriLep_DYGTo2LG_MLL4to50_PTG10to100.root
2025-09-24 15:56:45,287 - INFO - [2022] MISSING_CENTRAL: SR3Mu/Central/jets/4/pz in Skim_TriLep_DYGTo2LG_MLL4to50_PTG100to200.root
2025-09-24 15:56:45,288 - INFO - [2022] MISSING_CENTRAL: SR3Mu/Central/jets/4/pz in Skim_TriLep_DYGTo2LG_MLL4to50_PTG200toInf.root
2025-09-24 15:56:45,288 - INFO - [2022] MISSING_CENTRAL: SR3Mu/Central/jets/4/pz in Skim_TriLep_DYGTo2LG_MLL50_PTG10to100.root
2025-09-24 15:56:45,288 - INFO - [2022] MISSING_CENTRAL: SR3Mu/Central/jets/4/pz in Skim_TriLep_DYGTo2LG_MLL50_PTG100to200.root
2025-09-24 15:56:45,289 - INFO - [2022] MISSING_CENTRAL: SR3Mu/Central/jets/4/pz in Skim_TriLep_DYGTo2LG_MLL50_PTG200toInf.root
2025-09-24 15:56:45,289 - INFO - [2022] MISSING_CENTRAL: SR3Mu/Central/jets/4/pz in Skim_TriLep_TTG_PTG10to100.root
2025-09-24 15:56:45,292 - INFO - [2022] MISSING_CENTRAL: SR3Mu/Central/jets/4/pz in Skim_TriLep_TTG_PTG100to200.root
2025-09-24 15:56:45,395 - INFO - [2022] MISSING_CENTRAL: SR3Mu/Central/jets/4/pz in Skim_TriLep_WZTo3LNu_powheg.root
2025-09-24 15:56:45,444 - INFO - [2022] MISSING_CENTRAL: SR3Mu/Central/jets/4/pz in Skim_TriLep_WWW.root
2025-09-24 15:56:45,471 - INFO - [2022] MISSING_CENTRAL: SR3Mu/Central/jets/4/pz in Skim_TriLep_ZZZ.root
2025-09-24 15:56:45,484 - INFO - [2022] MISSING_CENTRAL: SR3Mu/Central/jets/4/pz in Skim_TriLep_VBFHToZZTo4L.root
2025-09-24 15:56:45,484 - INFO - [2022] MISSING_CENTRAL: SR3Mu/Central/jets/4/pz in Skim_TriLep_ggHToZZTo4L.root
2025-10-02 21:17:41,186 - INFO - [2022] MISSING_CENTRAL: SR3Mu/Central/jets/4/pz in Skim_TriLep_DoubleMuon_C.root
2025-10-02 21:17:41,233 - INFO - [2022] MISSING_CENTRAL: SR3Mu/Central/jets/4/pz in Skim_TriLep_Muon_D.root
2025-10-02 21:17:41,295 - INFO - [2022] MISSING_CENTRAL: SR3Mu/Central/jets/4/pz in Skim_TriLep_DYJets.root
2025-10-02 21:17:41,296 - INFO - [2022] MISSING_CENTRAL: SR3Mu/Central/jets/4/pz in Skim_TriLep_DYJets10to50.root
2025-10-02 21:17:41,297 - INFO - [2022] MISSING_CENTRAL: SR3Mu/Central/jets/4/pz in Skim_TriLep_DYGTo2LG_MLL4to50_PTG10to100.root
2025-10-02 21:17:41,302 - INFO - [2022] MISSING_CENTRAL: SR3Mu/Central/jets/4/pz in Skim_TriLep_DYGTo2LG_MLL4to50_PTG100to200.root
2025-10-02 21:17:41,303 - INFO - [2022] MISSING_CENTRAL: SR3Mu/Central/jets/4/pz in Skim_TriLep_DYGTo2LG_MLL4to50_PTG200toInf.root
2025-10-02 21:17:41,309 - INFO - [2022] MISSING_CENTRAL: SR3Mu/Central/jets/4/pz in Skim_TriLep_DYGTo2LG_MLL50_PTG10to100.root
2025-10-02 21:17:41,314 - INFO - [2022] MISSING_CENTRAL: SR3Mu/Central/jets/4/pz in Skim_TriLep_DYGTo2LG_MLL50_PTG100to200.root
2025-10-02 21:17:41,315 - INFO - [2022] MISSING_CENTRAL: SR3Mu/Central/jets/4/pz in Skim_TriLep_DYGTo2LG_MLL50_PTG200toInf.root
2025-10-02 21:17:41,316 - INFO - [2022] MISSING_CENTRAL: SR3Mu/Central/jets/4/pz in Skim_TriLep_TTG_PTG10to100.root
2025-10-02 21:17:41,322 - INFO - [2022] MISSING_CENTRAL: SR3Mu/Central/jets/4/pz in Skim_TriLep_TTG_PTG100to200.root
2025-10-02 21:17:41,508 - INFO - [2022] MISSING_CENTRAL: SR3Mu/Central/jets/4/pz in Skim_TriLep_WZTo3LNu_powheg.root
2025-10-02 21:17:41,661 - INFO - [2022] MISSING_CENTRAL: SR3Mu/Central/jets/4/pz in Skim_TriLep_WWW.root
2025-10-02 21:17:41,707 - INFO - [2022] MISSING_CENTRAL: SR3Mu/Central/jets/4/pz in Skim_TriLep_ZZZ.root
2025-10-02 21:17:41,741 - INFO - [2022] MISSING_CENTRAL: SR3Mu/Central/jets/4/pz in Skim_TriLep_VBFHToZZTo4L.root
2025-10-02 21:17:41,742 - INFO - [2022] MISSING_CENTRAL: SR3Mu/Central/jets/4/pz in Skim_TriLep_ggHToZZTo4L.root
2025-10-03 00:24:37,035 - INFO - [2022] MISSING_CENTRAL: SR3Mu/Central/jets/4/pz in Skim_TriLep_DoubleMuon_C.root
2025-10-03 00:24:37,134 - INFO - [2022] MISSING_CENTRAL: SR3Mu/Central/jets/4/pz in Skim_TriLep_Muon_D.root
2025-10-03 00:24:37,242 - INFO - [2022] MISSING_CENTRAL: SR3Mu/Central/jets/4/pz in Skim_TriLep_DYJets.root
2025-10-03 00:24:37,242 - INFO - [2022] MISSING_CENTRAL: SR3Mu/Central/jets/4/pz in Skim_TriLep_DYJets10to50.root
2025-10-03 00:24:37,243 - INFO - [2022] MISSING_CENTRAL: SR3Mu/Central/jets/4/pz in Skim_TriLep_DYGTo2LG_MLL4to50_PTG10to100.root
2025-10-03 00:24:37,243 - INFO - [2022] MISSING_CENTRAL: SR3Mu/Central/jets/4/pz in Skim_TriLep_DYGTo2LG_MLL4to50_PTG100to200.root
2025-10-03 00:24:37,243 - INFO - [2022] MISSING_CENTRAL: SR3Mu/Central/jets/4/pz in Skim_TriLep_DYGTo2LG_MLL4to50_PTG200toInf.root
2025-10-03 00:24:37,244 - INFO - [2022] MISSING_CENTRAL: SR3Mu/Central/jets/4/pz in Skim_TriLep_DYGTo2LG_MLL50_PTG10to100.root
2025-10-03 00:24:37,244 - INFO - [2022] MISSING_CENTRAL: SR3Mu/Central/jets/4/pz in Skim_TriLep_DYGTo2LG_MLL50_PTG100to200.root
2025-10-03 00:24:37,244 - INFO - [2022] MISSING_CENTRAL: SR3Mu/Central/jets/4/pz in Skim_TriLep_DYGTo2LG_MLL50_PTG200toInf.root
2025-10-03 00:24:37,244 - INFO - [2022] MISSING_CENTRAL: SR3Mu/Central/jets/4/pz in Skim_TriLep_TTG_PTG10to100.root
2025-10-03 00:24:37,245 - INFO - [2022] MISSING_CENTRAL: SR3Mu/Central/jets/4/pz in Skim_TriLep_TTG_PTG100to200.root
2025-10-03 00:24:37,454 - INFO - [2022] MISSING_CENTRAL: SR3Mu/Central/jets/4/pz in Skim_TriLep_WZTo3LNu_powheg.root
2025-10-03 00:24:37,532 - INFO - [2022] MISSING_CENTRAL: SR3Mu/Central/jets/4/pz in Skim_TriLep_WWW.root
2025-10-03 00:24:37,607 - INFO - [2022] MISSING_CENTRAL: SR3Mu/Central/jets/4/pz in Skim_TriLep_ZZZ.root
2025-10-03 00:24:37,624 - INFO - [2022] MISSING_CENTRAL: SR3Mu/Central/jets/4/pz in Skim_TriLep_VBFHToZZTo4L.root
2025-10-03 00:24:37,624 - INFO - [2022] MISSING_CENTRAL: SR3Mu/Central/jets/4/pz in Skim_TriLep_ggHToZZTo4L.root
2025-11-07 13:09:51,007 - INFO - [2022] MISSING_FILE: /home/choij/Sync/workspace/ChargedHiggsAnalysisV3/SKNanoOutput/PromptSelector/Run3Mu/2022/Skim_TriLep_DoubleMuon_C.root
2025-11-07 13:09:51,007 - INFO - [2022] MISSING_FILE: /home/choij/Sync/workspace/ChargedHiggsAnalysisV3/SKNanoOutput/PromptSelector/Run3Mu/2022/Skim_TriLep_Muon_C.root
2025-11-07 13:09:51,007 - INFO - [2022] MISSING_FILE: /home/choij/Sync/workspace/ChargedHiggsAnalysisV3/SKNanoOutput/PromptSelector/Run3Mu/2022/Skim_TriLep_Muon_D.root
2025-11-07 14:07:30,893 - INFO - [2022] MISSING_FILE: /home/choij/Sync/workspace/ChargedHiggsAnalysisV3/SKNanoOutput/PromptSelector/Run3Mu/2022/Skim_TriLep_DoubleMuon_C.root
2025-11-07 14:07:30,893 - INFO - [2022] MISSING_FILE: /home/choij/Sync/workspace/ChargedHiggsAnalysisV3/SKNanoOutput/PromptSelector/Run3Mu/2022/Skim_TriLep_Muon_C.root
2025-11-07 14:07:30,895 - INFO - [2022] MISSING_FILE: /home/choij/Sync/workspace/ChargedHiggsAnalysisV3/SKNanoOutput/PromptSelector/Run3Mu/2022/Skim_TriLep_Muon_D.root
2025-11-10 12:22:50,754 - INFO - [2022] MISSING_CENTRAL: SR3Mu/Central/jets/4/pz in Skim_TriLep_DoubleMuon_C.root
2025-11-10 12:22:50,788 - INFO - [2022] MISSING_CENTRAL: SR3Mu/Central/jets/4/pz in Skim_TriLep_Muon_D.root
2025-11-10 12:22:50,822 - INFO - [2022] MISSING_CENTRAL: SR3Mu/Central/jets/4/pz in Skim_TriLep_DYJets.root
2025-11-10 12:22:50,822 - INFO - [2022] MISSING_CENTRAL: SR3Mu/Central/jets/4/pz in Skim_TriLep_DYJets10to50.root
2025-11-10 12:22:50,823 - INFO - [2022] MISSING_CENTRAL: SR3Mu/Central/jets/4/pz in Skim_TriLep_DYGTo2LG_MLL4to50_PTG10to100.root
2025-11-10 12:22:50,823 - INFO - [2022] MISSING_CENTRAL: SR3Mu/Central/jets/4/pz in Skim_TriLep_DYGTo2LG_MLL4to50_PTG100to200.root
2025-11-10 12:22:50,823 - INFO - [2022] MISSING_CENTRAL: SR3Mu/Central/jets/4/pz in Skim_TriLep_DYGTo2LG_MLL4to50_PTG200toInf.root
2025-11-10 12:22:50,824 - INFO - [2022] MISSING_CENTRAL: SR3Mu/Central/jets/4/pz in Skim_TriLep_DYGTo2LG_MLL50_PTG10to100.root
2025-11-10 12:22:50,824 - INFO - [2022] MISSING_CENTRAL: SR3Mu/Central/jets/4/pz in Skim_TriLep_DYGTo2LG_MLL50_PTG100to200.root
2025-11-10 12:22:50,825 - INFO - [2022] MISSING_CENTRAL: SR3Mu/Central/jets/4/pz in Skim_TriLep_DYGTo2LG_MLL50_PTG200toInf.root
2025-11-10 12:22:50,826 - INFO - [2022] MISSING_CENTRAL: SR3Mu/Central/jets/4/pz in Skim_TriLep_TTG_PTG10to100.root
2025-11-10 12:22:50,827 - INFO - [2022] MISSING_CENTRAL: SR3Mu/Central/jets/4/pz in Skim_TriLep_TTG_PTG100to200.root
2025-11-10 12:22:50,904 - INFO - [2022] MISSING_CENTRAL: SR3Mu/Central/jets/4/pz in Skim_TriLep_WZTo3LNu_powheg.root
2025-11-10 12:22:50,949 - INFO - [2022] MISSING_CENTRAL: SR3Mu/Central/jets/4/pz in Skim_TriLep_WWW.root
2025-11-10 12:22:50,978 - INFO - [2022] MISSING_CENTRAL: SR3Mu/Central/jets/4/pz in Skim_TriLep_ZZZ.root
2025-11-10 12:22:50,994 - INFO - [2022] MISSING_CENTRAL: SR3Mu/Central/jets/4/pz in Skim_TriLep_VBFHToZZTo4L.root
2025-11-10 12:22:50,994 - INFO - [2022] MISSING_CENTRAL: SR3Mu/Central/jets/4/pz in Skim_TriLep_ggHToZZTo4L.root
2025-11-13 11:12:34,572 - INFO - [2022] MISSING_CENTRAL: SR3Mu/Central/jets/4/pz in Skim_TriLep_DoubleMuon_C.root
2025-11-13 11:12:34,670 - INFO - [2022] MISSING_CENTRAL: SR3Mu/Central/jets/4/pz in Skim_TriLep_Muon_D.root
2025-11-13 11:12:34,722 - INFO - [2022] MISSING_CENTRAL: SR3Mu/Central/jets/4/pz in Skim_TriLep_DYJets.root
2025-11-13 11:12:34,729 - INFO - [2022] MISSING_CENTRAL: SR3Mu/Central/jets/4/pz in Skim_TriLep_DYJets10to50.root
2025-11-13 11:12:34,732 - INFO - [2022] MISSING_CENTRAL: SR3Mu/Central/jets/4/pz in Skim_TriLep_DYGTo2LG_MLL4to50_PTG10to100.root
2025-11-13 11:12:34,734 - INFO - [2022] MISSING_CENTRAL: SR3Mu/Central/jets/4/pz in Skim_TriLep_DYGTo2LG_MLL4to50_PTG100to200.root
2025-11-13 11:12:34,736 - INFO - [2022] MISSING_CENTRAL: SR3Mu/Central/jets/4/pz in Skim_TriLep_DYGTo2LG_MLL4to50_PTG200toInf.root
2025-11-13 11:12:34,738 - INFO - [2022] MISSING_CENTRAL: SR3Mu/Central/jets/4/pz in Skim_TriLep_DYGTo2LG_MLL50_PTG10to100.root
2025-11-13 11:12:34,739 - INFO - [2022] MISSING_CENTRAL: SR3Mu/Central/jets/4/pz in Skim_TriLep_DYGTo2LG_MLL50_PTG100to200.root
2025-11-13 11:12:34,741 - INFO - [2022] MISSING_CENTRAL: SR3Mu/Central/jets/4/pz in Skim_TriLep_DYGTo2LG_MLL50_PTG200toInf.root
2025-11-13 11:12:34,742 - INFO - [2022] MISSING_CENTRAL: SR3Mu/Central/jets/4/pz in Skim_TriLep_TTG_PTG10to100.root
2025-11-13 11:12:34,744 - INFO - [2022] MISSING_CENTRAL: SR3Mu/Central/jets/4/pz in Skim_TriLep_TTG_PTG100to200.root
2025-11-13 11:12:34,866 - INFO - [2022] MISSING_CENTRAL: SR3Mu/Central/jets/4/pz in Skim_TriLep_WZTo3LNu_powheg.root
2025-11-13 11:12:34,961 - INFO - [2022] MISSING_CENTRAL: SR3Mu/Central/jets/4/pz in Skim_TriLep_WWW.root
2025-11-13 11:12:35,008 - INFO - [2022] MISSING_CENTRAL: SR3Mu/Central/jets/4/pz in Skim_TriLep_ZZZ.root
2025-11-13 11:12:35,043 - INFO - [2022] MISSING_CENTRAL: SR3Mu/Central/jets/4/pz in Skim_TriLep_VBFHToZZTo4L.root
2025-11-13 11:12:35,045 - INFO - [2022] MISSING_CENTRAL: SR3Mu/Central/jets/4/pz in Skim_TriLep_ggHToZZTo4L.root
2025-11-13 19:55:11,943 - INFO - [2022] MISSING_CENTRAL: SR3Mu/Central/jets/4/pz in Skim_TriLep_DoubleMuon_C.root
2025-11-13 19:55:11,979 - INFO - [2022] MISSING_CENTRAL: SR3Mu/Central/jets/4/pz in Skim_TriLep_Muon_D.root
2025-11-13 19:55:12,026 - INFO - [2022] MISSING_CENTRAL: SR3Mu/Central/jets/4/pz in Skim_TriLep_DYJets.root
2025-11-13 19:55:12,027 - INFO - [2022] MISSING_CENTRAL: SR3Mu/Central/jets/4/pz in Skim_TriLep_DYJets10to50.root
2025-11-13 19:55:12,027 - INFO - [2022] MISSING_CENTRAL: SR3Mu/Central/jets/4/pz in Skim_TriLep_DYGTo2LG_MLL4to50_PTG10to100.root
2025-11-13 19:55:12,028 - INFO - [2022] MISSING_CENTRAL: SR3Mu/Central/jets/4/pz in Skim_TriLep_DYGTo2LG_MLL4to50_PTG100to200.root
2025-11-13 19:55:12,028 - INFO - [2022] MISSING_CENTRAL: SR3Mu/Central/jets/4/pz in Skim_TriLep_DYGTo2LG_MLL4to50_PTG200toInf.root
2025-11-13 19:55:12,029 - INFO - [2022] MISSING_CENTRAL: SR3Mu/Central/jets/4/pz in Skim_TriLep_DYGTo2LG_MLL50_PTG10to100.root
2025-11-13 19:55:12,029 - INFO - [2022] MISSING_CENTRAL: SR3Mu/Central/jets/4/pz in Skim_TriLep_DYGTo2LG_MLL50_PTG100to200.root
2025-11-13 19:55:12,030 - INFO - [2022] MISSING_CENTRAL: SR3Mu/Central/jets/4/pz in Skim_TriLep_DYGTo2LG_MLL50_PTG200toInf.root
2025-11-13 19:55:12,030 - INFO - [2022] MISSING_CENTRAL: SR3Mu/Central/jets/4/pz in Skim_TriLep_TTG_PTG10to100.root
2025-11-13 19:55:12,031 - INFO - [2022] MISSING_CENTRAL: SR3Mu/Central/jets/4/pz in Skim_TriLep_TTG_PTG100to200.root
2025-11-13 19:55:12,137 - INFO - [2022] MISSING_CENTRAL: SR3Mu/Central/jets/4/pz in Skim_TriLep_WZTo3LNu_powheg.root
2025-11-13 19:55:12,180 - INFO - [2022] MISSING_CENTRAL: SR3Mu/Central/jets/4/pz in Skim_TriLep_WWW.root
2025-11-13 19:55:12,209 - INFO - [2022] MISSING_CENTRAL: SR3Mu/Central/jets/4/pz in Skim_TriLep_ZZZ.root
2025-11-13 19:55:12,225 - INFO - [2022] MISSING_CENTRAL: SR3Mu/Central/jets/4/pz in Skim_TriLep_VBFHToZZTo4L.root
2025-11-13 19:55:12,226 - INFO - [2022] MISSING_CENTRAL: SR3Mu/Central/jets/4/pz in Skim_TriLep_ggHToZZTo4L.root
2025-11-13 20:02:06,416 - INFO - [2022] MISSING_CENTRAL: SR3Mu/Central/jets/4/pz in Skim_TriLep_DoubleMuon_C.root
2025-11-13 20:02:06,449 - INFO - [2022] MISSING_CENTRAL: SR3Mu/Central/jets/4/pz in Skim_TriLep_Muon_D.root
2025-11-13 20:02:06,495 - INFO - [2022] MISSING_CENTRAL: SR3Mu/Central/jets/4/pz in Skim_TriLep_DYJets.root
2025-11-13 20:02:06,498 - INFO - [2022] MISSING_CENTRAL: SR3Mu/Central/jets/4/pz in Skim_TriLep_DYJets10to50.root
2025-11-13 20:02:06,499 - INFO - [2022] MISSING_CENTRAL: SR3Mu/Central/jets/4/pz in Skim_TriLep_DYGTo2LG_MLL4to50_PTG10to100.root
2025-11-13 20:02:06,500 - INFO - [2022] MISSING_CENTRAL: SR3Mu/Central/jets/4/pz in Skim_TriLep_DYGTo2LG_MLL4to50_PTG100to200.root
2025-11-13 20:02:06,501 - INFO - [2022] MISSING_CENTRAL: SR3Mu/Central/jets/4/pz in Skim_TriLep_DYGTo2LG_MLL4to50_PTG200toInf.root
2025-11-13 20:02:06,502 - INFO - [2022] MISSING_CENTRAL: SR3Mu/Central/jets/4/pz in Skim_TriLep_DYGTo2LG_MLL50_PTG10to100.root
2025-11-13 20:02:06,503 - INFO - [2022] MISSING_CENTRAL: SR3Mu/Central/jets/4/pz in Skim_TriLep_DYGTo2LG_MLL50_PTG100to200.root
2025-11-13 20:02:06,504 - INFO - [2022] MISSING_CENTRAL: SR3Mu/Central/jets/4/pz in Skim_TriLep_DYGTo2LG_MLL50_PTG200toInf.root
2025-11-13 20:02:06,504 - INFO - [2022] MISSING_CENTRAL: SR3Mu/Central/jets/4/pz in Skim_TriLep_TTG_PTG10to100.root
2025-11-13 20:02:06,505 - INFO - [2022] MISSING_CENTRAL: SR3Mu/Central/jets/4/pz in Skim_TriLep_TTG_PTG100to200.root
2025-11-13 20:02:06,596 - INFO - [2022] MISSING_CENTRAL: SR3Mu/Central/jets/4/pz in Skim_TriLep_WZTo3LNu_powheg.root
2025-11-13 20:02:06,641 - INFO - [2022] MISSING_CENTRAL: SR3Mu/Central/jets/4/pz in Skim_TriLep_WWW.root
2025-11-13 20:02:06,671 - INFO - [2022] MISSING_CENTRAL: SR3Mu/Central/jets/4/pz in Skim_TriLep_ZZZ.root
2025-11-13 20:02:06,688 - INFO - [2022] MISSING_CENTRAL: SR3Mu/Central/jets/4/pz in Skim_TriLep_VBFHToZZTo4L.root
2025-11-13 20:02:06,689 - INFO - [2022] MISSING_CENTRAL: SR3Mu/Central/jets/4/pz in Skim_TriLep_ggHToZZTo4L.root
2025-11-19 16:25:14,689 - INFO - [2022] MISSING_CENTRAL: SR3Mu/Central/jets/4/pz in Skim_TriLep_DoubleMuon_C.root
2025-11-19 16:25:14,722 - INFO - [2022] MISSING_CENTRAL: SR3Mu/Central/jets/4/pz in Skim_TriLep_Muon_D.root
2025-11-19 16:25:14,756 - INFO - [2022] MISSING_CENTRAL: SR3Mu/Central/jets/4/pz in Skim_TriLep_DYJets.root
2025-11-19 16:25:14,757 - INFO - [2022] MISSING_CENTRAL: SR3Mu/Central/jets/4/pz in Skim_TriLep_DYJets10to50.root
2025-11-19 16:25:14,757 - INFO - [2022] MISSING_CENTRAL: SR3Mu/Central/jets/4/pz in Skim_TriLep_DYGTo2LG_MLL4to50_PTG10to100.root
2025-11-19 16:25:14,758 - INFO - [2022] MISSING_CENTRAL: SR3Mu/Central/jets/4/pz in Skim_TriLep_DYGTo2LG_MLL4to50_PTG100to200.root
2025-11-19 16:25:14,758 - INFO - [2022] MISSING_CENTRAL: SR3Mu/Central/jets/4/pz in Skim_TriLep_DYGTo2LG_MLL4to50_PTG200toInf.root
2025-11-19 16:25:14,759 - INFO - [2022] MISSING_CENTRAL: SR3Mu/Central/jets/4/pz in Skim_TriLep_DYGTo2LG_MLL50_PTG10to100.root
2025-11-19 16:25:14,759 - INFO - [2022] MISSING_CENTRAL: SR3Mu/Central/jets/4/pz in Skim_TriLep_DYGTo2LG_MLL50_PTG100to200.root
2025-11-19 16:25:14,760 - INFO - [2022] MISSING_CENTRAL: SR3Mu/Central/jets/4/pz in Skim_TriLep_DYGTo2LG_MLL50_PTG200toInf.root
2025-11-19 16:25:14,760 - INFO - [2022] MISSING_CENTRAL: SR3Mu/Central/jets/4/pz in Skim_TriLep_TTG_PTG10to100.root
2025-11-19 16:25:14,761 - INFO - [2022] MISSING_CENTRAL: SR3Mu/Central/jets/4/pz in Skim_TriLep_TTG_PTG100to200.root
2025-11-19 16:25:14,837 - INFO - [2022] MISSING_CENTRAL: SR3Mu/Central/jets/4/pz in Skim_TriLep_WZTo3LNu_powheg.root
2025-11-19 16:25:14,911 - INFO - [2022] MISSING_CENTRAL: SR3Mu/Central/jets/4/pz in Skim_TriLep_WWW.root
2025-11-19 16:25:14,965 - INFO - [2022] MISSING_CENTRAL: SR3Mu/Central/jets/4/pz in Skim_TriLep_ZZZ.root
2025-11-19 16:25:14,982 - INFO - [2022] MISSING_CENTRAL: SR3Mu/Central/jets/4/pz in Skim_TriLep_VBFHToZZTo4L.root
2025-11-19 16:25:14,983 - INFO - [2022] MISSING_CENTRAL: SR3Mu/Central/jets/4/pz in Skim_TriLep_ggHToZZTo4L.root
2025-12-17 22:39:52,074 - INFO - [2022] MISSING_CENTRAL: SR3Mu/Central/jets/4/pz in Skim_TriLep_DoubleMuon_C.root
2025-12-17 22:39:52,167 - INFO - [2022] MISSING_CENTRAL: SR3Mu/Central/jets/4/pz in Skim_TriLep_Muon_D.root
2025-12-17 22:39:52,246 - INFO - [2022] MISSING_CENTRAL: SR3Mu/Central/jets/4/pz in Skim_TriLep_DYJets.root
2025-12-17 22:39:52,247 - INFO - [2022] MISSING_CENTRAL: SR3Mu/Central/jets/4/pz in Skim_TriLep_DYJets10to50.root
2025-12-17 22:39:52,248 - INFO - [2022] MISSING_CENTRAL: SR3Mu/Central/jets/4/pz in Skim_TriLep_TTG_PTG10to100.root
2025-12-17 22:39:52,250 - INFO - [2022] MISSING_CENTRAL: SR3Mu/Central/jets/4/pz in Skim_TriLep_TTG_PTG100to200.root
2025-12-17 22:39:52,476 - INFO - [2022] MISSING_CENTRAL: SR3Mu/Central/jets/4/pz in Skim_TriLep_WZTo3LNu_powheg.root
2025-12-17 22:39:52,565 - INFO - [2022] MISSING_CENTRAL: SR3Mu/Central/jets/4/pz in Skim_TriLep_WWW.root
2025-12-17 22:39:52,592 - INFO - [2022] MISSING_CENTRAL: SR3Mu/Central/jets/4/pz in Skim_TriLep_ZZZ.root
2025-12-17 22:39:52,833 - INFO - [2022] MISSING_CENTRAL: SR3Mu/Central/jets/4/pz in Skim_TriLep_VBFHToZZTo4L.root
2025-12-17 22:39:52,834 - INFO - [2022] MISSING_CENTRAL: SR3Mu/Central/jets/4/pz in Skim_TriLep_ggHToZZTo4L.root
2025-12-18 14:24:36,334 - INFO - [2022] MISSING_CENTRAL: SR3Mu/Central/jets/4/pz in Skim_TriLep_DoubleMuon_C.root
2025-12-18 14:24:36,425 - INFO - [2022] MISSING_CENTRAL: SR3Mu/Central/jets/4/pz in Skim_TriLep_Muon_D.root
2025-12-18 14:24:36,530 - INFO - [2022] MISSING_CENTRAL: SR3Mu/Central/jets/4/pz in Skim_TriLep_DYJets.root
2025-12-18 14:24:36,531 - INFO - [2022] MISSING_CENTRAL: SR3Mu/Central/jets/4/pz in Skim_TriLep_DYJets10to50.root
2025-12-18 14:24:36,533 - INFO - [2022] MISSING_CENTRAL: SR3Mu/Central/jets/4/pz in Skim_TriLep_TTG_PTG10to100.root
2025-12-18 14:24:36,534 - INFO - [2022] MISSING_CENTRAL: SR3Mu/Central/jets/4/pz in Skim_TriLep_TTG_PTG100to200.root
2025-12-18 14:24:36,760 - INFO - [2022] MISSING_CENTRAL: SR3Mu/Central/jets/4/pz in Skim_TriLep_WZTo3LNu_powheg.root
2025-12-18 14:24:36,914 - INFO - [2022] MISSING_CENTRAL: SR3Mu/Central/jets/4/pz in Skim_TriLep_WWW.root
2025-12-18 14:24:36,993 - INFO - [2022] MISSING_CENTRAL: SR3Mu/Central/jets/4/pz in Skim_TriLep_ZZZ.root
2025-12-18 14:24:37,021 - INFO - [2022] MISSING_CENTRAL: SR3Mu/Central/jets/4/pz in Skim_TriLep_VBFHToZZTo4L.root
2025-12-18 14:24:37,023 - INFO - [2022] MISSING_CENTRAL: SR3Mu/Central/jets/4/pz in Skim_TriLep_ggHToZZTo4L.root
2025-12-18 14:39:59,192 - INFO - [2022] MISSING_CENTRAL: SR3Mu/Central/jets/4/pz in Skim_TriLep_DoubleMuon_C.root
2025-12-18 14:39:59,253 - INFO - [2022] MISSING_CENTRAL: SR3Mu/Central/jets/4/pz in Skim_TriLep_Muon_D.root
2025-12-18 14:39:59,311 - INFO - [2022] MISSING_CENTRAL: SR3Mu/Central/jets/4/pz in Skim_TriLep_DYJets.root
2025-12-18 14:39:59,315 - INFO - [2022] MISSING_CENTRAL: SR3Mu/Central/jets/4/pz in Skim_TriLep_DYJets10to50.root
2025-12-18 14:39:59,324 - INFO - [2022] MISSING_CENTRAL: SR3Mu/Central/jets/4/pz in Skim_TriLep_TTG_PTG10to100.root
2025-12-18 14:39:59,325 - INFO - [2022] MISSING_CENTRAL: SR3Mu/Central/jets/4/pz in Skim_TriLep_TTG_PTG100to200.root
2025-12-18 14:39:59,745 - INFO - [2022] MISSING_CENTRAL: SR3Mu/Central/jets/4/pz in Skim_TriLep_WZTo3LNu_powheg.root
2025-12-18 14:39:59,927 - INFO - [2022] MISSING_CENTRAL: SR3Mu/Central/jets/4/pz in Skim_TriLep_WWW.root
2025-12-18 14:40:00,003 - INFO - [2022] MISSING_CENTRAL: SR3Mu/Central/jets/4/pz in Skim_TriLep_ZZZ.root
2025-12-18 14:40:00,049 - INFO - [2022] MISSING_CENTRAL: SR3Mu/Central/jets/4/pz in Skim_TriLep_VBFHToZZTo4L.root
2025-12-18 14:40:00,051 - INFO - [2022] MISSING_CENTRAL: SR3Mu/Central/jets/4/pz in Skim_TriLep_ggHToZZTo4L.root
2026-01-07 11:49:27,568 - INFO - [2022] MISSING_CENTRAL: SR3Mu/Central/jets/4/pz in Skim_TriLep_DoubleMuon_C.root
2026-01-07 11:49:27,611 - INFO - [2022] MISSING_CENTRAL: SR3Mu/Central/jets/4/pz in Skim_TriLep_Muon_D.root
2026-01-07 11:49:27,649 - INFO - [2022] MISSING_CENTRAL: SR3Mu/Central/jets/4/pz in Skim_TriLep_DYJets.root
2026-01-07 11:49:27,650 - INFO - [2022] MISSING_CENTRAL: SR3Mu/Central/jets/4/pz in Skim_TriLep_DYJets10to50.root
2026-01-07 11:49:27,651 - INFO - [2022] MISSING_CENTRAL: SR3Mu/Central/jets/4/pz in Skim_TriLep_TTG_PTG10to100.root
2026-01-07 11:49:27,652 - INFO - [2022] MISSING_CENTRAL: SR3Mu/Central/jets/4/pz in Skim_TriLep_TTG_PTG100to200.root
2026-01-07 11:49:27,782 - INFO - [2022] MISSING_CENTRAL: SR3Mu/Central/jets/4/pz in Skim_TriLep_WZTo3LNu_powheg.root
2026-01-07 11:49:27,855 - INFO - [2022] MISSING_CENTRAL: SR3Mu/Central/jets/4/pz in Skim_TriLep_WWW.root
2026-01-07 11:49:27,906 - INFO - [2022] MISSING_CENTRAL: SR3Mu/Central/jets/4/pz in Skim_TriLep_ZZZ.root
2026-01-07 11:49:27,936 - INFO - [2022] MISSING_CENTRAL: SR3Mu/Central/jets/4/pz in Skim_TriLep_VBFHToZZTo4L.root
2026-01-07 11:49:27,938 - INFO - [2022] MISSING_CENTRAL: SR3Mu/Central/jets/4/pz in Skim_TriLep_ggHToZZTo4L.root
2026-01-07 18:46:11,979 - INFO - [2022] MISSING_CENTRAL: SR3Mu/Central/jets/4/pz in Skim_TriLep_DoubleMuon_C.root
2026-01-07 18:46:12,025 - INFO - [2022] MISSING_CENTRAL: SR3Mu/Central/jets/4/pz in Skim_TriLep_Muon_D.root
2026-01-07 18:46:12,088 - INFO - [2022] MISSING_CENTRAL: SR3Mu/Central/jets/4/pz in Skim_TriLep_DYJets.root
2026-01-07 18:46:12,089 - INFO - [2022] MISSING_CENTRAL: SR3Mu/Central/jets/4/pz in Skim_TriLep_DYJets10to50.root
2026-01-07 18:46:12,090 - INFO - [2022] MISSING_CENTRAL: SR3Mu/Central/jets/4/pz in Skim_TriLep_TTG_PTG10to100.root
2026-01-07 18:46:12,091 - INFO - [2022] MISSING_CENTRAL: SR3Mu/Central/jets/4/pz in Skim_TriLep_TTG_PTG100to200.root
2026-01-07 18:46:12,370 - INFO - [2022] MISSING_CENTRAL: SR3Mu/Central/jets/4/pz in Skim_TriLep_WZTo3LNu_powheg.root
2026-01-07 18:46:12,442 - INFO - [2022] MISSING_CENTRAL: SR3Mu/Central/jets/4/pz in Skim_TriLep_WWW.root
2026-01-07 18:46:12,490 - INFO - [2022] MISSING_CENTRAL: SR3Mu/Central/jets/4/pz in Skim_TriLep_ZZZ.root
2026-01-07 18:46:12,518 - INFO - [2022] MISSING_CENTRAL: SR3Mu/Central/jets/4/pz in Skim_TriLep_VBFHToZZTo4L.root
2026-01-07 18:46:12,520 - INFO - [2022] MISSING_CENTRAL: SR3Mu/Central/jets/4/pz in Skim_TriLep_ggHToZZTo4L.root
2026-01-07 19:29:46,810 - INFO - [2022] MISSING_CENTRAL: SR3Mu/Central/jets/4/pz in Skim_TriLep_DoubleMuon_C.root
2026-01-07 19:29:46,905 - INFO - [2022] MISSING_CENTRAL: SR3Mu/Central/jets/4/pz in Skim_TriLep_Muon_D.root
2026-01-07 19:29:46,996 - INFO - [2022] MISSING_CENTRAL: SR3Mu/Central/jets/4/pz in Skim_TriLep_DYJets.root
2026-01-07 19:29:46,996 - INFO - [2022] MISSING_CENTRAL: SR3Mu/Central/jets/4/pz in Skim_TriLep_DYJets10to50.root
2026-01-07 19:29:46,997 - INFO - [2022] MISSING_CENTRAL: SR3Mu/Central/jets/4/pz in Skim_TriLep_TTG_PTG10to100.root
2026-01-07 19:29:46,998 - INFO - [2022] MISSING_CENTRAL: SR3Mu/Central/jets/4/pz in Skim_TriLep_TTG_PTG100to200.root
2026-01-07 19:29:47,172 - INFO - [2022] MISSING_CENTRAL: SR3Mu/Central/jets/4/pz in Skim_TriLep_WZTo3LNu_powheg.root
2026-01-07 19:29:47,242 - INFO - [2022] MISSING_CENTRAL: SR3Mu/Central/jets/4/pz in Skim_TriLep_WWW.root
2026-01-07 19:29:47,292 - INFO - [2022] MISSING_CENTRAL: SR3Mu/Central/jets/4/pz in Skim_TriLep_ZZZ.root
2026-01-07 19:29:47,318 - INFO - [2022] MISSING_CENTRAL: SR3Mu/Central/jets/4/pz in Skim_TriLep_VBFHToZZTo4L.root
2026-01-07 19:29:47,319 - INFO - [2022] MISSING_CENTRAL: SR3Mu/Central/jets/4/pz in Skim_TriLep_ggHToZZTo4L.root
2026-01-09 12:20:30,932 - INFO - [2022] MISSING_CENTRAL: SR3Mu/Central/jets/4/pz in Skim_TriLep_DoubleMuon_C.root
2026-01-09 12:20:30,989 - INFO - [2022] MISSING_CENTRAL: SR3Mu/Central/jets/4/pz in Skim_TriLep_Muon_D.root
2026-01-09 12:20:31,028 - INFO - [2022] MISSING_CENTRAL: SR3Mu/Central/jets/4/pz in Skim_TriLep_DYJets.root
2026-01-09 12:20:31,028 - INFO - [2022] MISSING_CENTRAL: SR3Mu/Central/jets/4/pz in Skim_TriLep_DYJets10to50.root
2026-01-09 12:20:31,029 - INFO - [2022] MISSING_CENTRAL: SR3Mu/Central/jets/4/pz in Skim_TriLep_TTG_PTG10to100.root
2026-01-09 12:20:31,029 - INFO - [2022] MISSING_CENTRAL: SR3Mu/Central/jets/4/pz in Skim_TriLep_TTG_PTG100to200.root
2026-01-09 12:20:31,110 - INFO - [2022] MISSING_CENTRAL: SR3Mu/Central/jets/4/pz in Skim_TriLep_WZTo3LNu_powheg.root
2026-01-09 12:20:31,153 - INFO - [2022] MISSING_CENTRAL: SR3Mu/Central/jets/4/pz in Skim_TriLep_WWW.root
2026-01-09 12:20:31,182 - INFO - [2022] MISSING_CENTRAL: SR3Mu/Central/jets/4/pz in Skim_TriLep_ZZZ.root
2026-01-09 12:20:31,198 - INFO - [2022] MISSING_CENTRAL: SR3Mu/Central/jets/4/pz in Skim_TriLep_VBFHToZZTo4L.root
2026-01-09 12:20:31,199 - INFO - [2022] MISSING_CENTRAL: SR3Mu/Central/jets/4/pz in Skim_TriLep_ggHToZZTo4L.root
