2025-09-24 15:56:51,608 - INFO - [2022] MISSING_CENTRAL: SR3Mu/Central/METv/phi in Skim_TriLep_DYJets.root
2025-09-24 15:56:51,609 - INFO - [2022] MISSING_CENTRAL: SR3Mu/Central/METv/phi in Skim_TriLep_DYJets10to50.root
2025-09-24 15:56:51,609 - INFO - [2022] MISSING_CENTRAL: SR3Mu/Central/METv/phi in Skim_TriLep_DYGTo2LG_MLL4to50_PTG10to100.root
2025-09-24 15:56:51,609 - INFO - [2022] MISSING_CENTRAL: SR3Mu/Central/METv/phi in Skim_TriLep_DYGTo2LG_MLL4to50_PTG100to200.root
2025-09-24 15:56:51,609 - INFO - [2022] MISSING_CENTRAL: SR3Mu/Central/METv/phi in Skim_TriLep_DYGTo2LG_MLL4to50_PTG200toInf.root
2025-09-24 15:56:51,614 - INFO - [2022] MISSING_CENTRAL: SR3Mu/Central/METv/phi in Skim_TriLep_DYGTo2LG_MLL50_PTG100to200.root
2025-10-02 21:17:40,921 - INFO - [2022] MISSING_CENTRAL: SR3Mu/Central/METv/phi in Skim_TriLep_DYJets.root
2025-10-02 21:17:40,938 - INFO - [2022] MISSING_CENTRAL: SR3Mu/Central/METv/phi in Skim_TriLep_DYJets10to50.root
2025-10-02 21:17:40,940 - INFO - [2022] MISSING_CENTRAL: SR3Mu/Central/METv/phi in Skim_TriLep_DYGTo2LG_MLL4to50_PTG10to100.root
2025-10-02 21:17:40,941 - INFO - [2022] MISSING_CENTRAL: SR3Mu/Central/METv/phi in Skim_TriLep_DYGTo2LG_MLL4to50_PTG100to200.root
2025-10-02 21:17:40,944 - INFO - [2022] MISSING_CENTRAL: SR3Mu/Central/METv/phi in Skim_TriLep_DYGTo2LG_MLL4to50_PTG200toInf.root
2025-10-02 21:17:41,030 - INFO - [2022] MISSING_CENTRAL: SR3Mu/Central/METv/phi in Skim_TriLep_DYGTo2LG_MLL50_PTG100to200.root
2025-10-03 00:24:43,137 - INFO - [2022] MISSING_CENTRAL: SR3Mu/Central/METv/phi in Skim_TriLep_DYJets.root
2025-10-03 00:24:43,139 - INFO - [2022] MISSING_CENTRAL: SR3Mu/Central/METv/phi in Skim_TriLep_DYJets10to50.root
2025-10-03 00:24:43,139 - INFO - [2022] MISSING_CENTRAL: SR3Mu/Central/METv/phi in Skim_TriLep_DYGTo2LG_MLL4to50_PTG10to100.root
2025-10-03 00:24:43,139 - INFO - [2022] MISSING_CENTRAL: SR3Mu/Central/METv/phi in Skim_TriLep_DYGTo2LG_MLL4to50_PTG100to200.root
2025-10-03 00:24:43,140 - INFO - [2022] MISSING_CENTRAL: SR3Mu/Central/METv/phi in Skim_TriLep_DYGTo2LG_MLL4to50_PTG200toInf.root
2025-10-03 00:24:43,146 - INFO - [2022] MISSING_CENTRAL: SR3Mu/Central/METv/phi in Skim_TriLep_DYGTo2LG_MLL50_PTG100to200.root
2025-11-07 13:09:53,156 - INFO - [2022] MISSING_FILE: /home/choij/Sync/workspace/ChargedHiggsAnalysisV3/SKNanoOutput/PromptSelector/Run3Mu/2022/Skim_TriLep_DoubleMuon_C.root
2025-11-07 13:09:53,156 - INFO - [2022] MISSING_FILE: /home/choij/Sync/workspace/ChargedHiggsAnalysisV3/SKNanoOutput/PromptSelector/Run3Mu/2022/Skim_TriLep_Muon_C.root
2025-11-07 13:09:53,156 - INFO - [2022] MISSING_FILE: /home/choij/Sync/workspace/ChargedHiggsAnalysisV3/SKNanoOutput/PromptSelector/Run3Mu/2022/Skim_TriLep_Muon_D.root
2025-11-07 14:07:32,972 - INFO - [2022] MISSING_FILE: /home/choij/Sync/workspace/ChargedHiggsAnalysisV3/SKNanoOutput/PromptSelector/Run3Mu/2022/Skim_TriLep_DoubleMuon_C.root
2025-11-07 14:07:32,972 - INFO - [2022] MISSING_FILE: /home/choij/Sync/workspace/ChargedHiggsAnalysisV3/SKNanoOutput/PromptSelector/Run3Mu/2022/Skim_TriLep_Muon_C.root
2025-11-07 14:07:32,973 - INFO - [2022] MISSING_FILE: /home/choij/Sync/workspace/ChargedHiggsAnalysisV3/SKNanoOutput/PromptSelector/Run3Mu/2022/Skim_TriLep_Muon_D.root
2025-11-10 12:22:53,951 - INFO - [2022] MISSING_CENTRAL: SR3Mu/Central/METv/phi in Skim_TriLep_DYJets.root
2025-11-10 12:22:53,951 - INFO - [2022] MISSING_CENTRAL: SR3Mu/Central/METv/phi in Skim_TriLep_DYJets10to50.root
2025-11-10 12:22:53,952 - INFO - [2022] MISSING_CENTRAL: SR3Mu/Central/METv/phi in Skim_TriLep_DYGTo2LG_MLL4to50_PTG10to100.root
2025-11-10 12:22:53,952 - INFO - [2022] MISSING_CENTRAL: SR3Mu/Central/METv/phi in Skim_TriLep_DYGTo2LG_MLL4to50_PTG100to200.root
2025-11-10 12:22:53,953 - INFO - [2022] MISSING_CENTRAL: SR3Mu/Central/METv/phi in Skim_TriLep_DYGTo2LG_MLL4to50_PTG200toInf.root
2025-11-10 12:22:53,962 - INFO - [2022] MISSING_CENTRAL: SR3Mu/Central/METv/phi in Skim_TriLep_DYGTo2LG_MLL50_PTG100to200.root
2025-11-13 11:12:34,842 - INFO - [2022] MISSING_CENTRAL: SR3Mu/Central/METv/phi in Skim_TriLep_DYJets.root
2025-11-13 11:12:34,843 - INFO - [2022] MISSING_CENTRAL: SR3Mu/Central/METv/phi in Skim_TriLep_DYJets10to50.root
2025-11-13 11:12:34,844 - INFO - [2022] MISSING_CENTRAL: SR3Mu/Central/METv/phi in Skim_TriLep_DYGTo2LG_MLL4to50_PTG10to100.root
2025-11-13 11:12:34,847 - INFO - [2022] MISSING_CENTRAL: SR3Mu/Central/METv/phi in Skim_TriLep_DYGTo2LG_MLL4to50_PTG100to200.root
2025-11-13 11:12:34,848 - INFO - [2022] MISSING_CENTRAL: SR3Mu/Central/METv/phi in Skim_TriLep_DYGTo2LG_MLL4to50_PTG200toInf.root
2025-11-13 11:12:34,875 - INFO - [2022] MISSING_CENTRAL: SR3Mu/Central/METv/phi in Skim_TriLep_DYGTo2LG_MLL50_PTG100to200.root
2025-11-13 19:55:14,909 - INFO - [2022] MISSING_CENTRAL: SR3Mu/Central/METv/phi in Skim_TriLep_DYJets.root
2025-11-13 19:55:14,910 - INFO - [2022] MISSING_CENTRAL: SR3Mu/Central/METv/phi in Skim_TriLep_DYJets10to50.root
2025-11-13 19:55:14,910 - INFO - [2022] MISSING_CENTRAL: SR3Mu/Central/METv/phi in Skim_TriLep_DYGTo2LG_MLL4to50_PTG10to100.root
2025-11-13 19:55:14,911 - INFO - [2022] MISSING_CENTRAL: SR3Mu/Central/METv/phi in Skim_TriLep_DYGTo2LG_MLL4to50_PTG100to200.root
2025-11-13 19:55:14,911 - INFO - [2022] MISSING_CENTRAL: SR3Mu/Central/METv/phi in Skim_TriLep_DYGTo2LG_MLL4to50_PTG200toInf.root
2025-11-13 19:55:14,922 - INFO - [2022] MISSING_CENTRAL: SR3Mu/Central/METv/phi in Skim_TriLep_DYGTo2LG_MLL50_PTG100to200.root
2025-11-13 20:02:09,404 - INFO - [2022] MISSING_CENTRAL: SR3Mu/Central/METv/phi in Skim_TriLep_DYJets.root
2025-11-13 20:02:09,405 - INFO - [2022] MISSING_CENTRAL: SR3Mu/Central/METv/phi in Skim_TriLep_DYJets10to50.root
2025-11-13 20:02:09,405 - INFO - [2022] MISSING_CENTRAL: SR3Mu/Central/METv/phi in Skim_TriLep_DYGTo2LG_MLL4to50_PTG10to100.root
2025-11-13 20:02:09,406 - INFO - [2022] MISSING_CENTRAL: SR3Mu/Central/METv/phi in Skim_TriLep_DYGTo2LG_MLL4to50_PTG100to200.root
2025-11-13 20:02:09,406 - INFO - [2022] MISSING_CENTRAL: SR3Mu/Central/METv/phi in Skim_TriLep_DYGTo2LG_MLL4to50_PTG200toInf.root
2025-11-13 20:02:09,416 - INFO - [2022] MISSING_CENTRAL: SR3Mu/Central/METv/phi in Skim_TriLep_DYGTo2LG_MLL50_PTG100to200.root
2025-11-19 16:25:17,894 - INFO - [2022] MISSING_CENTRAL: SR3Mu/Central/METv/phi in Skim_TriLep_DYJets.root
2025-11-19 16:25:17,895 - INFO - [2022] MISSING_CENTRAL: SR3Mu/Central/METv/phi in Skim_TriLep_DYJets10to50.root
2025-11-19 16:25:17,895 - INFO - [2022] MISSING_CENTRAL: SR3Mu/Central/METv/phi in Skim_TriLep_DYGTo2LG_MLL4to50_PTG10to100.root
2025-11-19 16:25:17,896 - INFO - [2022] MISSING_CENTRAL: SR3Mu/Central/METv/phi in Skim_TriLep_DYGTo2LG_MLL4to50_PTG100to200.root
2025-11-19 16:25:17,896 - INFO - [2022] MISSING_CENTRAL: SR3Mu/Central/METv/phi in Skim_TriLep_DYGTo2LG_MLL4to50_PTG200toInf.root
2025-11-19 16:25:17,905 - INFO - [2022] MISSING_CENTRAL: SR3Mu/Central/METv/phi in Skim_TriLep_DYGTo2LG_MLL50_PTG100to200.root
2025-12-17 22:39:52,936 - INFO - [2022] MISSING_CENTRAL: SR3Mu/Central/METv/phi in Skim_TriLep_DYJets10to50.root
2025-12-18 14:24:36,234 - INFO - [2022] MISSING_CENTRAL: SR3Mu/Central/METv/phi in Skim_TriLep_DYJets10to50.root
2025-12-18 14:40:00,464 - INFO - [2022] MISSING_CENTRAL: SR3Mu/Central/METv/phi in Skim_TriLep_DYJets10to50.root
2026-01-07 11:49:28,002 - INFO - [2022] MISSING_CENTRAL: SR3Mu/Central/METv/phi in Skim_TriLep_DYJets10to50.root
2026-01-07 18:46:12,403 - INFO - [2022] MISSING_CENTRAL: SR3Mu/Central/METv/phi in Skim_TriLep_DYJets10to50.root
2026-01-07 19:29:47,457 - INFO - [2022] MISSING_CENTRAL: SR3Mu/Central/METv/phi in Skim_TriLep_DYJets10to50.root
2026-01-09 12:20:33,819 - INFO - [2022] MISSING_CENTRAL: SR3Mu/Central/METv/phi in Skim_TriLep_DYJets10to50.root
