2025-11-07 13:09:54,914 - INFO - [2022] MISSING_FILE: /home/choij/Sync/workspace/ChargedHiggsAnalysisV3/SKNanoOutput/PromptSelector/Run3Mu/2022/Skim_TriLep_DoubleMuon_C.root
2025-11-07 13:09:54,915 - INFO - [2022] MISSING_FILE: /home/choij/Sync/workspace/ChargedHiggsAnalysisV3/SKNanoOutput/PromptSelector/Run3Mu/2022/Skim_TriLep_Muon_C.root
2025-11-07 13:09:54,915 - INFO - [2022] MISSING_FILE: /home/choij/Sync/workspace/ChargedHiggsAnalysisV3/SKNanoOutput/PromptSelector/Run3Mu/2022/Skim_TriLep_Muon_D.root
2025-11-07 14:07:34,918 - INFO - [2022] MISSING_FILE: /home/choij/Sync/workspace/ChargedHiggsAnalysisV3/SKNanoOutput/PromptSelector/Run3Mu/2022/Skim_TriLep_DoubleMuon_C.root
2025-11-07 14:07:34,921 - INFO - [2022] MISSING_FILE: /home/choij/Sync/workspace/ChargedHiggsAnalysisV3/SKNanoOutput/PromptSelector/Run3Mu/2022/Skim_TriLep_Muon_C.root
2025-11-07 14:07:34,921 - INFO - [2022] MISSING_FILE: /home/choij/Sync/workspace/ChargedHiggsAnalysisV3/SKNanoOutput/PromptSelector/Run3Mu/2022/Skim_TriLep_Muon_D.root
2025-11-10 12:22:56,964 - INFO - [2022] MISSING_CENTRAL: SR3Mu/Central/MHc145_MA92/score_ttZ in Skim_TriLep_DYJets.root
2025-11-10 12:22:56,964 - INFO - [2022] MISSING_CENTRAL: SR3Mu/Central/MHc145_MA92/score_ttZ in Skim_TriLep_DYJets10to50.root
2025-11-10 12:22:56,965 - INFO - [2022] MISSING_CENTRAL: SR3Mu/Central/MHc145_MA92/score_ttZ in Skim_TriLep_DYGTo2LG_MLL4to50_PTG10to100.root
2025-11-10 12:22:56,965 - INFO - [2022] MISSING_CENTRAL: SR3Mu/Central/MHc145_MA92/score_ttZ in Skim_TriLep_DYGTo2LG_MLL4to50_PTG100to200.root
2025-11-10 12:22:56,966 - INFO - [2022] MISSING_CENTRAL: SR3Mu/Central/MHc145_MA92/score_ttZ in Skim_TriLep_DYGTo2LG_MLL4to50_PTG200toInf.root
2025-11-10 12:22:56,988 - INFO - [2022] MISSING_CENTRAL: SR3Mu/Central/MHc145_MA92/score_ttZ in Skim_TriLep_DYGTo2LG_MLL50_PTG100to200.root
2025-11-13 11:12:38,225 - INFO - [2022] MISSING_CENTRAL: SR3Mu/Central/MHc145_MA92/score_ttZ in Skim_TriLep_DYJets.root
2025-11-13 11:12:38,226 - INFO - [2022] MISSING_CENTRAL: SR3Mu/Central/MHc145_MA92/score_ttZ in Skim_TriLep_DYJets10to50.root
2025-11-13 11:12:38,227 - INFO - [2022] MISSING_CENTRAL: SR3Mu/Central/MHc145_MA92/score_ttZ in Skim_TriLep_DYGTo2LG_MLL4to50_PTG10to100.root
2025-11-13 11:12:38,228 - INFO - [2022] MISSING_CENTRAL: SR3Mu/Central/MHc145_MA92/score_ttZ in Skim_TriLep_DYGTo2LG_MLL4to50_PTG100to200.root
2025-11-13 11:12:38,230 - INFO - [2022] MISSING_CENTRAL: SR3Mu/Central/MHc145_MA92/score_ttZ in Skim_TriLep_DYGTo2LG_MLL4to50_PTG200toInf.root
2025-11-13 11:12:38,261 - INFO - [2022] MISSING_CENTRAL: SR3Mu/Central/MHc145_MA92/score_ttZ in Skim_TriLep_DYGTo2LG_MLL50_PTG100to200.root
2025-11-13 19:55:18,508 - INFO - [2022] MISSING_CENTRAL: SR3Mu/Central/MHc145_MA92/score_ttZ in Skim_TriLep_DYJets.root
2025-11-13 19:55:18,509 - INFO - [2022] MISSING_CENTRAL: SR3Mu/Central/MHc145_MA92/score_ttZ in Skim_TriLep_DYJets10to50.root
2025-11-13 19:55:18,509 - INFO - [2022] MISSING_CENTRAL: SR3Mu/Central/MHc145_MA92/score_ttZ in Skim_TriLep_DYGTo2LG_MLL4to50_PTG10to100.root
2025-11-13 19:55:18,509 - INFO - [2022] MISSING_CENTRAL: SR3Mu/Central/MHc145_MA92/score_ttZ in Skim_TriLep_DYGTo2LG_MLL4to50_PTG100to200.root
2025-11-13 19:55:18,510 - INFO - [2022] MISSING_CENTRAL: SR3Mu/Central/MHc145_MA92/score_ttZ in Skim_TriLep_DYGTo2LG_MLL4to50_PTG200toInf.root
2025-11-13 19:55:18,517 - INFO - [2022] MISSING_CENTRAL: SR3Mu/Central/MHc145_MA92/score_ttZ in Skim_TriLep_DYGTo2LG_MLL50_PTG100to200.root
2025-11-13 20:02:13,335 - INFO - [2022] MISSING_CENTRAL: SR3Mu/Central/MHc145_MA92/score_ttZ in Skim_TriLep_DYJets.root
2025-11-13 20:02:13,335 - INFO - [2022] MISSING_CENTRAL: SR3Mu/Central/MHc145_MA92/score_ttZ in Skim_TriLep_DYJets10to50.root
2025-11-13 20:02:13,336 - INFO - [2022] MISSING_CENTRAL: SR3Mu/Central/MHc145_MA92/score_ttZ in Skim_TriLep_DYGTo2LG_MLL4to50_PTG10to100.root
2025-11-13 20:02:13,336 - INFO - [2022] MISSING_CENTRAL: SR3Mu/Central/MHc145_MA92/score_ttZ in Skim_TriLep_DYGTo2LG_MLL4to50_PTG100to200.root
2025-11-13 20:02:13,346 - INFO - [2022] MISSING_CENTRAL: SR3Mu/Central/MHc145_MA92/score_ttZ in Skim_TriLep_DYGTo2LG_MLL4to50_PTG200toInf.root
2025-11-13 20:02:13,375 - INFO - [2022] MISSING_CENTRAL: SR3Mu/Central/MHc145_MA92/score_ttZ in Skim_TriLep_DYGTo2LG_MLL50_PTG100to200.root
2025-11-19 16:25:21,707 - INFO - [2022] MISSING_CENTRAL: SR3Mu/Central/MHc145_MA92/score_ttZ in Skim_TriLep_DYJets.root
2025-11-19 16:25:21,708 - INFO - [2022] MISSING_CENTRAL: SR3Mu/Central/MHc145_MA92/score_ttZ in Skim_TriLep_DYJets10to50.root
2025-11-19 16:25:21,708 - INFO - [2022] MISSING_CENTRAL: SR3Mu/Central/MHc145_MA92/score_ttZ in Skim_TriLep_DYGTo2LG_MLL4to50_PTG10to100.root
2025-11-19 16:25:21,709 - INFO - [2022] MISSING_CENTRAL: SR3Mu/Central/MHc145_MA92/score_ttZ in Skim_TriLep_DYGTo2LG_MLL4to50_PTG100to200.root
2025-11-19 16:25:21,709 - INFO - [2022] MISSING_CENTRAL: SR3Mu/Central/MHc145_MA92/score_ttZ in Skim_TriLep_DYGTo2LG_MLL4to50_PTG200toInf.root
2025-11-19 16:25:21,719 - INFO - [2022] MISSING_CENTRAL: SR3Mu/Central/MHc145_MA92/score_ttZ in Skim_TriLep_DYGTo2LG_MLL50_PTG100to200.root
2025-12-17 22:39:56,384 - INFO - [2022] MISSING_CENTRAL: SR3Mu/Central/MHc145_MA92/score_ttZ in Skim_TriLep_DYJets10to50.root
2025-12-18 14:24:42,737 - INFO - [2022] MISSING_CENTRAL: SR3Mu/Central/MHc145_MA92/score_ttZ in Skim_TriLep_DYJets10to50.root
2025-12-18 14:40:05,536 - INFO - [2022] MISSING_CENTRAL: SR3Mu/Central/MHc145_MA92/score_ttZ in Skim_TriLep_DYJets10to50.root
2026-01-07 11:49:33,326 - INFO - [2022] MISSING_CENTRAL: SR3Mu/Central/MHc145_MA92/score_ttZ in Skim_TriLep_DYJets10to50.root
2026-01-07 18:46:17,962 - INFO - [2022] MISSING_CENTRAL: SR3Mu/Central/MHc145_MA92/score_ttZ in Skim_TriLep_DYJets10to50.root
2026-01-07 19:29:52,730 - INFO - [2022] MISSING_CENTRAL: SR3Mu/Central/MHc145_MA92/score_ttZ in Skim_TriLep_DYJets10to50.root
2026-01-09 12:20:39,498 - INFO - [2022] MISSING_CENTRAL: SR3Mu/Central/MHc145_MA92/score_ttZ in Skim_TriLep_DYJets10to50.root
2026-01-11 09:40:42,724 - INFO - [2022] MISSING_CENTRAL: SR3Mu/Central/MHc145_MA92/score_ttZ in Skim_TriLep_DYJets10to50.root
2026-01-12 13:49:25,353 - INFO - [2022] MISSING_FILE: /home/choij/Sync/workspace/ChargedHiggsAnalysisV3/SKNanoOutput/MatrixSelector/Run3Mu/2022/Skim_TriLep_DoubleMuon_C.root
2026-01-12 13:49:25,354 - INFO - [2022] MISSING_FILE: /home/choij/Sync/workspace/ChargedHiggsAnalysisV3/SKNanoOutput/MatrixSelector/Run3Mu/2022/Skim_TriLep_Muon_C.root
2026-01-12 13:49:25,354 - INFO - [2022] MISSING_FILE: /home/choij/Sync/workspace/ChargedHiggsAnalysisV3/SKNanoOutput/MatrixSelector/Run3Mu/2022/Skim_TriLep_Muon_D.root
2026-01-12 13:49:25,379 - INFO - [2022] MISSING_CENTRAL: SR3Mu/Central/MHc145_MA92/score_ttZ in Skim_TriLep_DYJets10to50.root
