2025-11-07 13:09:54,912 - INFO - [2022] MISSING_FILE: /home/choij/Sync/workspace/ChargedHiggsAnalysisV3/SKNanoOutput/PromptSelector/Run3Mu/2022/Skim_TriLep_DoubleMuon_C.root
2025-11-07 13:09:54,913 - INFO - [2022] MISSING_FILE: /home/choij/Sync/workspace/ChargedHiggsAnalysisV3/SKNanoOutput/PromptSelector/Run3Mu/2022/Skim_TriLep_Muon_C.root
2025-11-07 13:09:54,913 - INFO - [2022] MISSING_FILE: /home/choij/Sync/workspace/ChargedHiggsAnalysisV3/SKNanoOutput/PromptSelector/Run3Mu/2022/Skim_TriLep_Muon_D.root
2025-11-07 14:07:34,638 - INFO - [2022] MISSING_FILE: /home/choij/Sync/workspace/ChargedHiggsAnalysisV3/SKNanoOutput/PromptSelector/Run3Mu/2022/Skim_TriLep_DoubleMuon_C.root
2025-11-07 14:07:34,638 - INFO - [2022] MISSING_FILE: /home/choij/Sync/workspace/ChargedHiggsAnalysisV3/SKNanoOutput/PromptSelector/Run3Mu/2022/Skim_TriLep_Muon_C.root
2025-11-07 14:07:34,638 - INFO - [2022] MISSING_FILE: /home/choij/Sync/workspace/ChargedHiggsAnalysisV3/SKNanoOutput/PromptSelector/Run3Mu/2022/Skim_TriLep_Muon_D.root
2025-11-10 12:22:56,657 - INFO - [2022] MISSING_CENTRAL: SR3Mu/Central/MHc115_MA87/score_diboson in Skim_TriLep_DYJets.root
2025-11-10 12:22:56,661 - INFO - [2022] MISSING_CENTRAL: SR3Mu/Central/MHc115_MA87/score_diboson in Skim_TriLep_DYJets10to50.root
2025-11-10 12:22:56,662 - INFO - [2022] MISSING_CENTRAL: SR3Mu/Central/MHc115_MA87/score_diboson in Skim_TriLep_DYGTo2LG_MLL4to50_PTG10to100.root
2025-11-10 12:22:56,663 - INFO - [2022] MISSING_CENTRAL: SR3Mu/Central/MHc115_MA87/score_diboson in Skim_TriLep_DYGTo2LG_MLL4to50_PTG100to200.root
2025-11-10 12:22:56,664 - INFO - [2022] MISSING_CENTRAL: SR3Mu/Central/MHc115_MA87/score_diboson in Skim_TriLep_DYGTo2LG_MLL4to50_PTG200toInf.root
2025-11-10 12:22:56,682 - INFO - [2022] MISSING_CENTRAL: SR3Mu/Central/MHc115_MA87/score_diboson in Skim_TriLep_DYGTo2LG_MLL50_PTG100to200.root
2025-11-13 11:12:35,325 - INFO - [2022] MISSING_CENTRAL: SR3Mu/Central/MHc115_MA87/score_diboson in Skim_TriLep_DYJets.root
2025-11-13 11:12:35,327 - INFO - [2022] MISSING_CENTRAL: SR3Mu/Central/MHc115_MA87/score_diboson in Skim_TriLep_DYJets10to50.root
2025-11-13 11:12:35,328 - INFO - [2022] MISSING_CENTRAL: SR3Mu/Central/MHc115_MA87/score_diboson in Skim_TriLep_DYGTo2LG_MLL4to50_PTG10to100.root
2025-11-13 11:12:35,329 - INFO - [2022] MISSING_CENTRAL: SR3Mu/Central/MHc115_MA87/score_diboson in Skim_TriLep_DYGTo2LG_MLL4to50_PTG100to200.root
2025-11-13 11:12:35,331 - INFO - [2022] MISSING_CENTRAL: SR3Mu/Central/MHc115_MA87/score_diboson in Skim_TriLep_DYGTo2LG_MLL4to50_PTG200toInf.root
2025-11-13 11:12:35,349 - INFO - [2022] MISSING_CENTRAL: SR3Mu/Central/MHc115_MA87/score_diboson in Skim_TriLep_DYGTo2LG_MLL50_PTG100to200.root
2025-11-13 19:55:17,287 - INFO - [2022] MISSING_CENTRAL: SR3Mu/Central/MHc115_MA87/score_diboson in Skim_TriLep_DYJets.root
2025-11-13 19:55:17,288 - INFO - [2022] MISSING_CENTRAL: SR3Mu/Central/MHc115_MA87/score_diboson in Skim_TriLep_DYJets10to50.root
2025-11-13 19:55:17,288 - INFO - [2022] MISSING_CENTRAL: SR3Mu/Central/MHc115_MA87/score_diboson in Skim_TriLep_DYGTo2LG_MLL4to50_PTG10to100.root
2025-11-13 19:55:17,288 - INFO - [2022] MISSING_CENTRAL: SR3Mu/Central/MHc115_MA87/score_diboson in Skim_TriLep_DYGTo2LG_MLL4to50_PTG100to200.root
2025-11-13 19:55:17,289 - INFO - [2022] MISSING_CENTRAL: SR3Mu/Central/MHc115_MA87/score_diboson in Skim_TriLep_DYGTo2LG_MLL4to50_PTG200toInf.root
2025-11-13 19:55:17,299 - INFO - [2022] MISSING_CENTRAL: SR3Mu/Central/MHc115_MA87/score_diboson in Skim_TriLep_DYGTo2LG_MLL50_PTG100to200.root
2025-11-13 20:02:12,325 - INFO - [2022] MISSING_CENTRAL: SR3Mu/Central/MHc115_MA87/score_diboson in Skim_TriLep_DYJets.root
2025-11-13 20:02:12,326 - INFO - [2022] MISSING_CENTRAL: SR3Mu/Central/MHc115_MA87/score_diboson in Skim_TriLep_DYJets10to50.root
2025-11-13 20:02:12,326 - INFO - [2022] MISSING_CENTRAL: SR3Mu/Central/MHc115_MA87/score_diboson in Skim_TriLep_DYGTo2LG_MLL4to50_PTG10to100.root
2025-11-13 20:02:12,327 - INFO - [2022] MISSING_CENTRAL: SR3Mu/Central/MHc115_MA87/score_diboson in Skim_TriLep_DYGTo2LG_MLL4to50_PTG100to200.root
2025-11-13 20:02:12,327 - INFO - [2022] MISSING_CENTRAL: SR3Mu/Central/MHc115_MA87/score_diboson in Skim_TriLep_DYGTo2LG_MLL4to50_PTG200toInf.root
2025-11-13 20:02:12,337 - INFO - [2022] MISSING_CENTRAL: SR3Mu/Central/MHc115_MA87/score_diboson in Skim_TriLep_DYGTo2LG_MLL50_PTG100to200.root
2025-11-19 16:25:20,973 - INFO - [2022] MISSING_CENTRAL: SR3Mu/Central/MHc115_MA87/score_diboson in Skim_TriLep_DYJets.root
2025-11-19 16:25:20,974 - INFO - [2022] MISSING_CENTRAL: SR3Mu/Central/MHc115_MA87/score_diboson in Skim_TriLep_DYJets10to50.root
2025-11-19 16:25:20,975 - INFO - [2022] MISSING_CENTRAL: SR3Mu/Central/MHc115_MA87/score_diboson in Skim_TriLep_DYGTo2LG_MLL4to50_PTG10to100.root
2025-11-19 16:25:20,975 - INFO - [2022] MISSING_CENTRAL: SR3Mu/Central/MHc115_MA87/score_diboson in Skim_TriLep_DYGTo2LG_MLL4to50_PTG100to200.root
2025-11-19 16:25:20,976 - INFO - [2022] MISSING_CENTRAL: SR3Mu/Central/MHc115_MA87/score_diboson in Skim_TriLep_DYGTo2LG_MLL4to50_PTG200toInf.root
2025-11-19 16:25:20,986 - INFO - [2022] MISSING_CENTRAL: SR3Mu/Central/MHc115_MA87/score_diboson in Skim_TriLep_DYGTo2LG_MLL50_PTG100to200.root
