2025-09-24 15:37:09,748 - INFO - [2023BPix] MISSING_CENTRAL: EMU/Central/bjets/3/pt in WJets.root
2025-09-24 15:37:09,804 - INFO - [2023BPix] MISSING_CENTRAL: EMU/Central/bjets/3/pt in DYJets10to50.root
2025-09-24 15:37:09,822 - INFO - [2023BPix] MISSING_CENTRAL: EMU/Central/bjets/3/pt in ST_sch_top_Lep.root
2025-09-24 15:37:09,823 - INFO - [2023BPix] MISSING_CENTRAL: EMU/Central/bjets/3/pt in ST_sch_antitop_Lep.root
2025-09-24 15:37:09,823 - INFO - [2023BPix] MISSING_CENTRAL: EMU/Central/bjets/3/pt in ST_tch_top.root
2025-09-24 15:37:09,823 - INFO - [2023BPix] MISSING_CENTRAL: EMU/Central/bjets/3/pt in ST_tch_antitop.root
2025-09-24 15:37:09,888 - INFO - [2023BPix] MISSING_CENTRAL: EMU/Central/bjets/3/pt in ST_tW_top_Semilep.root
2025-09-24 15:37:09,889 - INFO - [2023BPix] MISSING_CENTRAL: EMU/Central/bjets/3/pt in ST_tW_antitop_Semilep.root
2025-09-24 15:37:09,889 - INFO - [2023BPix] MISSING_CENTRAL: EMU/Central/bjets/3/pt in WW_pythia.root
2025-09-24 15:37:09,889 - INFO - [2023BPix] MISSING_CENTRAL: EMU/Central/bjets/3/pt in WZ_pythia.root
2025-09-24 15:37:09,890 - INFO - [2023BPix] MISSING_CENTRAL: EMU/Central/bjets/3/pt in ZZ_pythia.root
2025-09-24 15:37:10,016 - INFO - [2023BPix] MISSING_CENTRAL: EMU/L1Prefire_NotImplemented/bjets/3/pt in WJets.root
2025-09-24 15:37:10,017 - INFO - [2023BPix] MISSING_CENTRAL: EMU/L1Prefire_NotImplemented/bjets/3/pt in DYJets10to50.root
2025-09-24 15:37:10,018 - INFO - [2023BPix] MISSING_CENTRAL: EMU/L1Prefire_NotImplemented/bjets/3/pt in ST_sch_top_Lep.root
2025-09-24 15:37:10,018 - INFO - [2023BPix] MISSING_CENTRAL: EMU/L1Prefire_NotImplemented/bjets/3/pt in ST_sch_antitop_Lep.root
2025-09-24 15:37:10,019 - INFO - [2023BPix] MISSING_CENTRAL: EMU/L1Prefire_NotImplemented/bjets/3/pt in ST_tch_top.root
2025-09-24 15:37:10,019 - INFO - [2023BPix] MISSING_CENTRAL: EMU/L1Prefire_NotImplemented/bjets/3/pt in ST_tch_antitop.root
2025-09-24 15:37:10,020 - INFO - [2023BPix] MISSING_CENTRAL: EMU/L1Prefire_NotImplemented/bjets/3/pt in ST_tW_top_Semilep.root
2025-09-24 15:37:10,020 - INFO - [2023BPix] MISSING_CENTRAL: EMU/L1Prefire_NotImplemented/bjets/3/pt in ST_tW_antitop_Semilep.root
2025-09-24 15:37:10,020 - INFO - [2023BPix] MISSING_CENTRAL: EMU/L1Prefire_NotImplemented/bjets/3/pt in WW_pythia.root
2025-09-24 15:37:10,021 - INFO - [2023BPix] MISSING_CENTRAL: EMU/L1Prefire_NotImplemented/bjets/3/pt in WZ_pythia.root
2025-09-24 15:37:10,021 - INFO - [2023BPix] MISSING_CENTRAL: EMU/L1Prefire_NotImplemented/bjets/3/pt in ZZ_pythia.root
2025-09-24 15:37:10,122 - INFO - [2023BPix] MISSING_CENTRAL: EMU/PileupReweight_NotImplemented/bjets/3/pt in WJets.root
2025-09-24 15:37:10,122 - INFO - [2023BPix] MISSING_CENTRAL: EMU/PileupReweight_NotImplemented/bjets/3/pt in DYJets10to50.root
2025-09-24 15:37:10,123 - INFO - [2023BPix] MISSING_CENTRAL: EMU/PileupReweight_NotImplemented/bjets/3/pt in ST_sch_top_Lep.root
2025-09-24 15:37:10,123 - INFO - [2023BPix] MISSING_CENTRAL: EMU/PileupReweight_NotImplemented/bjets/3/pt in ST_sch_antitop_Lep.root
2025-09-24 15:37:10,124 - INFO - [2023BPix] MISSING_CENTRAL: EMU/PileupReweight_NotImplemented/bjets/3/pt in ST_tch_top.root
2025-09-24 15:37:10,124 - INFO - [2023BPix] MISSING_CENTRAL: EMU/PileupReweight_NotImplemented/bjets/3/pt in ST_tch_antitop.root
2025-09-24 15:37:10,125 - INFO - [2023BPix] MISSING_CENTRAL: EMU/PileupReweight_NotImplemented/bjets/3/pt in ST_tW_top_Semilep.root
2025-09-24 15:37:10,125 - INFO - [2023BPix] MISSING_CENTRAL: EMU/PileupReweight_NotImplemented/bjets/3/pt in ST_tW_antitop_Semilep.root
2025-09-24 15:37:10,125 - INFO - [2023BPix] MISSING_CENTRAL: EMU/PileupReweight_NotImplemented/bjets/3/pt in WW_pythia.root
2025-09-24 15:37:10,126 - INFO - [2023BPix] MISSING_CENTRAL: EMU/PileupReweight_NotImplemented/bjets/3/pt in WZ_pythia.root
2025-09-24 15:37:10,126 - INFO - [2023BPix] MISSING_CENTRAL: EMU/PileupReweight_NotImplemented/bjets/3/pt in ZZ_pythia.root
2025-09-24 15:37:10,713 - INFO - [2023BPix] MISSING_CENTRAL: EMU/MuonIDSF_NotImplemented/bjets/3/pt in WJets.root
2025-09-24 15:37:10,714 - INFO - [2023BPix] MISSING_CENTRAL: EMU/MuonIDSF_NotImplemented/bjets/3/pt in DYJets10to50.root
2025-09-24 15:37:10,715 - INFO - [2023BPix] MISSING_CENTRAL: EMU/MuonIDSF_NotImplemented/bjets/3/pt in ST_sch_top_Lep.root
2025-09-24 15:37:10,715 - INFO - [2023BPix] MISSING_CENTRAL: EMU/MuonIDSF_NotImplemented/bjets/3/pt in ST_sch_antitop_Lep.root
2025-09-24 15:37:10,716 - INFO - [2023BPix] MISSING_CENTRAL: EMU/MuonIDSF_NotImplemented/bjets/3/pt in ST_tch_top.root
2025-09-24 15:37:10,716 - INFO - [2023BPix] MISSING_CENTRAL: EMU/MuonIDSF_NotImplemented/bjets/3/pt in ST_tch_antitop.root
2025-09-24 15:37:10,717 - INFO - [2023BPix] MISSING_CENTRAL: EMU/MuonIDSF_NotImplemented/bjets/3/pt in ST_tW_top_Semilep.root
2025-09-24 15:37:10,717 - INFO - [2023BPix] MISSING_CENTRAL: EMU/MuonIDSF_NotImplemented/bjets/3/pt in ST_tW_antitop_Semilep.root
2025-09-24 15:37:10,717 - INFO - [2023BPix] MISSING_CENTRAL: EMU/MuonIDSF_NotImplemented/bjets/3/pt in WW_pythia.root
2025-09-24 15:37:10,718 - INFO - [2023BPix] MISSING_CENTRAL: EMU/MuonIDSF_NotImplemented/bjets/3/pt in WZ_pythia.root
2025-09-24 15:37:10,718 - INFO - [2023BPix] MISSING_CENTRAL: EMU/MuonIDSF_NotImplemented/bjets/3/pt in ZZ_pythia.root
2025-09-24 15:37:10,809 - INFO - [2023BPix] MISSING_CENTRAL: EMU/BtagSF_HFcorr_NotImplemented/bjets/3/pt in WJets.root
2025-09-24 15:37:10,810 - INFO - [2023BPix] MISSING_CENTRAL: EMU/BtagSF_HFcorr_NotImplemented/bjets/3/pt in DYJets10to50.root
2025-09-24 15:37:10,812 - INFO - [2023BPix] MISSING_CENTRAL: EMU/BtagSF_HFcorr_NotImplemented/bjets/3/pt in ST_sch_top_Lep.root
2025-09-24 15:37:10,813 - INFO - [2023BPix] MISSING_CENTRAL: EMU/BtagSF_HFcorr_NotImplemented/bjets/3/pt in ST_sch_antitop_Lep.root
2025-09-24 15:37:10,841 - INFO - [2023BPix] MISSING_CENTRAL: EMU/BtagSF_HFcorr_NotImplemented/bjets/3/pt in ST_tch_top.root
2025-09-24 15:37:10,842 - INFO - [2023BPix] MISSING_CENTRAL: EMU/ElectronIDSF_NotImplemented/bjets/3/pt in WJets.root
2025-09-24 15:37:10,842 - INFO - [2023BPix] MISSING_CENTRAL: EMU/BtagSF_HFcorr_NotImplemented/bjets/3/pt in ST_tch_antitop.root
2025-09-24 15:37:10,843 - INFO - [2023BPix] MISSING_CENTRAL: EMU/ElectronIDSF_NotImplemented/bjets/3/pt in DYJets10to50.root
2025-09-24 15:37:10,844 - INFO - [2023BPix] MISSING_CENTRAL: EMU/ElectronIDSF_NotImplemented/bjets/3/pt in ST_sch_top_Lep.root
2025-09-24 15:37:10,844 - INFO - [2023BPix] MISSING_CENTRAL: EMU/ElectronIDSF_NotImplemented/bjets/3/pt in ST_sch_antitop_Lep.root
2025-09-24 15:37:10,844 - INFO - [2023BPix] MISSING_CENTRAL: EMU/ElectronIDSF_NotImplemented/bjets/3/pt in ST_tch_top.root
2025-09-24 15:37:10,844 - INFO - [2023BPix] MISSING_CENTRAL: EMU/ElectronIDSF_NotImplemented/bjets/3/pt in ST_tch_antitop.root
2025-09-24 15:37:10,845 - INFO - [2023BPix] MISSING_CENTRAL: EMU/BtagSF_HFcorr_NotImplemented/bjets/3/pt in ST_tW_top_Semilep.root
2025-09-24 15:37:10,845 - INFO - [2023BPix] MISSING_CENTRAL: EMU/ElectronIDSF_NotImplemented/bjets/3/pt in ST_tW_top_Semilep.root
2025-09-24 15:37:10,846 - INFO - [2023BPix] MISSING_CENTRAL: EMU/BtagSF_HFcorr_NotImplemented/bjets/3/pt in ST_tW_antitop_Semilep.root
2025-09-24 15:37:10,846 - INFO - [2023BPix] MISSING_CENTRAL: EMU/BtagSF_HFcorr_NotImplemented/bjets/3/pt in WW_pythia.root
2025-09-24 15:37:10,847 - INFO - [2023BPix] MISSING_CENTRAL: EMU/BtagSF_HFcorr_NotImplemented/bjets/3/pt in WZ_pythia.root
2025-09-24 15:37:10,847 - INFO - [2023BPix] MISSING_CENTRAL: EMU/ElectronIDSF_NotImplemented/bjets/3/pt in ST_tW_antitop_Semilep.root
2025-09-24 15:37:10,847 - INFO - [2023BPix] MISSING_CENTRAL: EMU/BtagSF_HFcorr_NotImplemented/bjets/3/pt in ZZ_pythia.root
2025-09-24 15:37:10,848 - INFO - [2023BPix] MISSING_CENTRAL: EMU/ElectronIDSF_NotImplemented/bjets/3/pt in WW_pythia.root
2025-09-24 15:37:10,848 - INFO - [2023BPix] MISSING_CENTRAL: EMU/ElectronIDSF_NotImplemented/bjets/3/pt in WZ_pythia.root
2025-09-24 15:37:10,851 - INFO - [2023BPix] MISSING_CENTRAL: EMU/ElectronIDSF_NotImplemented/bjets/3/pt in ZZ_pythia.root
2025-09-24 15:37:10,875 - INFO - [2023BPix] MISSING_CENTRAL: EMU/EMuTrigSF_NotImplemented/bjets/3/pt in WJets.root
2025-09-24 15:37:10,876 - INFO - [2023BPix] MISSING_CENTRAL: EMU/EMuTrigSF_NotImplemented/bjets/3/pt in DYJets10to50.root
2025-09-24 15:37:10,877 - INFO - [2023BPix] MISSING_CENTRAL: EMU/EMuTrigSF_NotImplemented/bjets/3/pt in ST_sch_top_Lep.root
2025-09-24 15:37:10,877 - INFO - [2023BPix] MISSING_CENTRAL: EMU/EMuTrigSF_NotImplemented/bjets/3/pt in ST_sch_antitop_Lep.root
2025-09-24 15:37:10,877 - INFO - [2023BPix] MISSING_CENTRAL: EMU/EMuTrigSF_NotImplemented/bjets/3/pt in ST_tch_top.root
2025-09-24 15:37:10,877 - INFO - [2023BPix] MISSING_CENTRAL: EMU/EMuTrigSF_NotImplemented/bjets/3/pt in ST_tch_antitop.root
2025-09-24 15:37:10,878 - INFO - [2023BPix] MISSING_CENTRAL: EMU/EMuTrigSF_NotImplemented/bjets/3/pt in ST_tW_top_Semilep.root
2025-09-24 15:37:10,879 - INFO - [2023BPix] MISSING_CENTRAL: EMU/EMuTrigSF_NotImplemented/bjets/3/pt in ST_tW_antitop_Semilep.root
2025-09-24 15:37:10,879 - INFO - [2023BPix] MISSING_CENTRAL: EMU/EMuTrigSF_NotImplemented/bjets/3/pt in WW_pythia.root
2025-09-24 15:37:10,879 - INFO - [2023BPix] MISSING_CENTRAL: EMU/EMuTrigSF_NotImplemented/bjets/3/pt in WZ_pythia.root
2025-09-24 15:37:10,879 - INFO - [2023BPix] MISSING_CENTRAL: EMU/EMuTrigSF_NotImplemented/bjets/3/pt in ZZ_pythia.root
