2025-12-16 12:50:35,988 - INFO - [2023BPix] MISSING_FILE: /home/choij/Sync/workspace/ChargedHiggsAnalysisV3/SKNanoOutput/DiLepton/RunEMu_RunSyst/2023BPix/WJets.root
2025-12-16 12:50:35,988 - INFO - [2023BPix] MISSING_FILE: /home/choij/Sync/workspace/ChargedHiggsAnalysisV3/SKNanoOutput/DiLepton/RunEMu_RunSyst/2023BPix/DYJets.root
2025-12-16 12:50:35,988 - INFO - [2023BPix] MISSING_FILE: /home/choij/Sync/workspace/ChargedHiggsAnalysisV3/SKNanoOutput/DiLepton/RunEMu_RunSyst/2023BPix/DYJets10to50.root
2025-12-16 12:50:35,988 - INFO - [2023BPix] MISSING_FILE: /home/choij/Sync/workspace/ChargedHiggsAnalysisV3/SKNanoOutput/DiLepton/RunEMu_RunSyst/2023BPix/TTLL_powheg.root
2025-12-16 12:50:35,988 - INFO - [2023BPix] MISSING_FILE: /home/choij/Sync/workspace/ChargedHiggsAnalysisV3/SKNanoOutput/DiLepton/RunEMu_RunSyst/2023BPix/TTLJ_powheg.root
2025-12-16 12:50:35,988 - INFO - [2023BPix] MISSING_FILE: /home/choij/Sync/workspace/ChargedHiggsAnalysisV3/SKNanoOutput/DiLepton/RunEMu_RunSyst/2023BPix/ST_sch_top_Lep.root
2025-12-16 12:50:35,988 - INFO - [2023BPix] MISSING_FILE: /home/choij/Sync/workspace/ChargedHiggsAnalysisV3/SKNanoOutput/DiLepton/RunEMu_RunSyst/2023BPix/ST_sch_antitop_Lep.root
2025-12-16 12:50:35,988 - INFO - [2023BPix] MISSING_FILE: /home/choij/Sync/workspace/ChargedHiggsAnalysisV3/SKNanoOutput/DiLepton/RunEMu_RunSyst/2023BPix/ST_tch_top.root
2025-12-16 12:50:35,988 - INFO - [2023BPix] MISSING_FILE: /home/choij/Sync/workspace/ChargedHiggsAnalysisV3/SKNanoOutput/DiLepton/RunEMu_RunSyst/2023BPix/ST_tch_antitop.root
2025-12-16 12:50:35,988 - INFO - [2023BPix] MISSING_FILE: /home/choij/Sync/workspace/ChargedHiggsAnalysisV3/SKNanoOutput/DiLepton/RunEMu_RunSyst/2023BPix/ST_tW_top_Lep.root
2025-12-16 12:50:35,988 - INFO - [2023BPix] MISSING_FILE: /home/choij/Sync/workspace/ChargedHiggsAnalysisV3/SKNanoOutput/DiLepton/RunEMu_RunSyst/2023BPix/ST_tW_antitop_Lep.root
2025-12-16 12:50:35,988 - INFO - [2023BPix] MISSING_FILE: /home/choij/Sync/workspace/ChargedHiggsAnalysisV3/SKNanoOutput/DiLepton/RunEMu_RunSyst/2023BPix/ST_tW_top_Semilep.root
2025-12-16 12:50:35,988 - INFO - [2023BPix] MISSING_FILE: /home/choij/Sync/workspace/ChargedHiggsAnalysisV3/SKNanoOutput/DiLepton/RunEMu_RunSyst/2023BPix/ST_tW_antitop_Semilep.root
2025-12-16 12:50:35,988 - INFO - [2023BPix] MISSING_FILE: /home/choij/Sync/workspace/ChargedHiggsAnalysisV3/SKNanoOutput/DiLepton/RunEMu_RunSyst/2023BPix/WW_pythia.root
2025-12-16 12:50:35,988 - INFO - [2023BPix] MISSING_FILE: /home/choij/Sync/workspace/ChargedHiggsAnalysisV3/SKNanoOutput/DiLepton/RunEMu_RunSyst/2023BPix/WZ_pythia.root
2025-12-16 12:50:35,988 - INFO - [2023BPix] MISSING_FILE: /home/choij/Sync/workspace/ChargedHiggsAnalysisV3/SKNanoOutput/DiLepton/RunEMu_RunSyst/2023BPix/ZZ_pythia.root
2025-12-16 12:50:36,378 - INFO - [2023BPix] MISSING_FILE: /home/choij/Sync/workspace/ChargedHiggsAnalysisV3/SKNanoOutput/DiLepton/RunEMu_RunSyst/2023BPix/WJets.root
2025-12-16 12:50:36,378 - INFO - [2023BPix] MISSING_FILE: /home/choij/Sync/workspace/ChargedHiggsAnalysisV3/SKNanoOutput/DiLepton/RunEMu_RunSyst/2023BPix/DYJets.root
2025-12-16 12:50:36,378 - INFO - [2023BPix] MISSING_FILE: /home/choij/Sync/workspace/ChargedHiggsAnalysisV3/SKNanoOutput/DiLepton/RunEMu_RunSyst/2023BPix/DYJets10to50.root
2025-12-16 12:50:36,378 - INFO - [2023BPix] MISSING_FILE: /home/choij/Sync/workspace/ChargedHiggsAnalysisV3/SKNanoOutput/DiLepton/RunEMu_RunSyst/2023BPix/TTLL_powheg.root
2025-12-16 12:50:36,379 - INFO - [2023BPix] MISSING_FILE: /home/choij/Sync/workspace/ChargedHiggsAnalysisV3/SKNanoOutput/DiLepton/RunEMu_RunSyst/2023BPix/TTLJ_powheg.root
2025-12-16 12:50:36,379 - INFO - [2023BPix] MISSING_FILE: /home/choij/Sync/workspace/ChargedHiggsAnalysisV3/SKNanoOutput/DiLepton/RunEMu_RunSyst/2023BPix/ST_sch_top_Lep.root
2025-12-16 12:50:36,379 - INFO - [2023BPix] MISSING_FILE: /home/choij/Sync/workspace/ChargedHiggsAnalysisV3/SKNanoOutput/DiLepton/RunEMu_RunSyst/2023BPix/ST_sch_antitop_Lep.root
2025-12-16 12:50:36,379 - INFO - [2023BPix] MISSING_FILE: /home/choij/Sync/workspace/ChargedHiggsAnalysisV3/SKNanoOutput/DiLepton/RunEMu_RunSyst/2023BPix/ST_tch_top.root
2025-12-16 12:50:36,379 - INFO - [2023BPix] MISSING_FILE: /home/choij/Sync/workspace/ChargedHiggsAnalysisV3/SKNanoOutput/DiLepton/RunEMu_RunSyst/2023BPix/ST_tch_antitop.root
2025-12-16 12:50:36,379 - INFO - [2023BPix] MISSING_FILE: /home/choij/Sync/workspace/ChargedHiggsAnalysisV3/SKNanoOutput/DiLepton/RunEMu_RunSyst/2023BPix/ST_tW_top_Lep.root
2025-12-16 12:50:36,379 - INFO - [2023BPix] MISSING_FILE: /home/choij/Sync/workspace/ChargedHiggsAnalysisV3/SKNanoOutput/DiLepton/RunEMu_RunSyst/2023BPix/ST_tW_antitop_Lep.root
2025-12-16 12:50:36,379 - INFO - [2023BPix] MISSING_FILE: /home/choij/Sync/workspace/ChargedHiggsAnalysisV3/SKNanoOutput/DiLepton/RunEMu_RunSyst/2023BPix/ST_tW_top_Semilep.root
2025-12-16 12:50:36,379 - INFO - [2023BPix] MISSING_FILE: /home/choij/Sync/workspace/ChargedHiggsAnalysisV3/SKNanoOutput/DiLepton/RunEMu_RunSyst/2023BPix/ST_tW_antitop_Semilep.root
2025-12-16 12:50:36,379 - INFO - [2023BPix] MISSING_FILE: /home/choij/Sync/workspace/ChargedHiggsAnalysisV3/SKNanoOutput/DiLepton/RunEMu_RunSyst/2023BPix/WW_pythia.root
2025-12-16 12:50:36,379 - INFO - [2023BPix] MISSING_FILE: /home/choij/Sync/workspace/ChargedHiggsAnalysisV3/SKNanoOutput/DiLepton/RunEMu_RunSyst/2023BPix/WZ_pythia.root
2025-12-16 12:50:36,379 - INFO - [2023BPix] MISSING_FILE: /home/choij/Sync/workspace/ChargedHiggsAnalysisV3/SKNanoOutput/DiLepton/RunEMu_RunSyst/2023BPix/ZZ_pythia.root
2025-12-16 12:50:36,607 - INFO - [2023BPix] MISSING_FILE: /home/choij/Sync/workspace/ChargedHiggsAnalysisV3/SKNanoOutput/DiLepton/RunEMu_RunSyst/2023BPix/WJets.root
2025-12-16 12:50:36,607 - INFO - [2023BPix] MISSING_FILE: /home/choij/Sync/workspace/ChargedHiggsAnalysisV3/SKNanoOutput/DiLepton/RunEMu_RunSyst/2023BPix/DYJets.root
2025-12-16 12:50:36,607 - INFO - [2023BPix] MISSING_FILE: /home/choij/Sync/workspace/ChargedHiggsAnalysisV3/SKNanoOutput/DiLepton/RunEMu_RunSyst/2023BPix/DYJets10to50.root
2025-12-16 12:50:36,607 - INFO - [2023BPix] MISSING_FILE: /home/choij/Sync/workspace/ChargedHiggsAnalysisV3/SKNanoOutput/DiLepton/RunEMu_RunSyst/2023BPix/TTLL_powheg.root
2025-12-16 12:50:36,607 - INFO - [2023BPix] MISSING_FILE: /home/choij/Sync/workspace/ChargedHiggsAnalysisV3/SKNanoOutput/DiLepton/RunEMu_RunSyst/2023BPix/TTLJ_powheg.root
2025-12-16 12:50:36,607 - INFO - [2023BPix] MISSING_FILE: /home/choij/Sync/workspace/ChargedHiggsAnalysisV3/SKNanoOutput/DiLepton/RunEMu_RunSyst/2023BPix/ST_sch_top_Lep.root
2025-12-16 12:50:36,607 - INFO - [2023BPix] MISSING_FILE: /home/choij/Sync/workspace/ChargedHiggsAnalysisV3/SKNanoOutput/DiLepton/RunEMu_RunSyst/2023BPix/ST_sch_antitop_Lep.root
2025-12-16 12:50:36,607 - INFO - [2023BPix] MISSING_FILE: /home/choij/Sync/workspace/ChargedHiggsAnalysisV3/SKNanoOutput/DiLepton/RunEMu_RunSyst/2023BPix/ST_tch_top.root
2025-12-16 12:50:36,607 - INFO - [2023BPix] MISSING_FILE: /home/choij/Sync/workspace/ChargedHiggsAnalysisV3/SKNanoOutput/DiLepton/RunEMu_RunSyst/2023BPix/ST_tch_antitop.root
2025-12-16 12:50:36,607 - INFO - [2023BPix] MISSING_FILE: /home/choij/Sync/workspace/ChargedHiggsAnalysisV3/SKNanoOutput/DiLepton/RunEMu_RunSyst/2023BPix/ST_tW_top_Lep.root
2025-12-16 12:50:36,607 - INFO - [2023BPix] MISSING_FILE: /home/choij/Sync/workspace/ChargedHiggsAnalysisV3/SKNanoOutput/DiLepton/RunEMu_RunSyst/2023BPix/ST_tW_antitop_Lep.root
2025-12-16 12:50:36,607 - INFO - [2023BPix] MISSING_FILE: /home/choij/Sync/workspace/ChargedHiggsAnalysisV3/SKNanoOutput/DiLepton/RunEMu_RunSyst/2023BPix/ST_tW_top_Semilep.root
2025-12-16 12:50:36,607 - INFO - [2023BPix] MISSING_FILE: /home/choij/Sync/workspace/ChargedHiggsAnalysisV3/SKNanoOutput/DiLepton/RunEMu_RunSyst/2023BPix/ST_tW_antitop_Semilep.root
2025-12-16 12:50:36,607 - INFO - [2023BPix] MISSING_FILE: /home/choij/Sync/workspace/ChargedHiggsAnalysisV3/SKNanoOutput/DiLepton/RunEMu_RunSyst/2023BPix/WW_pythia.root
2025-12-16 12:50:36,607 - INFO - [2023BPix] MISSING_FILE: /home/choij/Sync/workspace/ChargedHiggsAnalysisV3/SKNanoOutput/DiLepton/RunEMu_RunSyst/2023BPix/WZ_pythia.root
2025-12-16 12:50:36,608 - INFO - [2023BPix] MISSING_FILE: /home/choij/Sync/workspace/ChargedHiggsAnalysisV3/SKNanoOutput/DiLepton/RunEMu_RunSyst/2023BPix/ZZ_pythia.root
2025-12-16 12:50:36,622 - INFO - [2023BPix] MISSING_FILE: /home/choij/Sync/workspace/ChargedHiggsAnalysisV3/SKNanoOutput/DiLepton/RunEMu_RunSyst/2023BPix/WJets.root
2025-12-16 12:50:36,623 - INFO - [2023BPix] MISSING_FILE: /home/choij/Sync/workspace/ChargedHiggsAnalysisV3/SKNanoOutput/DiLepton/RunEMu_RunSyst/2023BPix/DYJets.root
2025-12-16 12:50:36,623 - INFO - [2023BPix] MISSING_FILE: /home/choij/Sync/workspace/ChargedHiggsAnalysisV3/SKNanoOutput/DiLepton/RunEMu_RunSyst/2023BPix/DYJets10to50.root
2025-12-16 12:50:36,623 - INFO - [2023BPix] MISSING_FILE: /home/choij/Sync/workspace/ChargedHiggsAnalysisV3/SKNanoOutput/DiLepton/RunEMu_RunSyst/2023BPix/TTLL_powheg.root
2025-12-16 12:50:36,623 - INFO - [2023BPix] MISSING_FILE: /home/choij/Sync/workspace/ChargedHiggsAnalysisV3/SKNanoOutput/DiLepton/RunEMu_RunSyst/2023BPix/TTLJ_powheg.root
2025-12-16 12:50:36,623 - INFO - [2023BPix] MISSING_FILE: /home/choij/Sync/workspace/ChargedHiggsAnalysisV3/SKNanoOutput/DiLepton/RunEMu_RunSyst/2023BPix/ST_sch_top_Lep.root
2025-12-16 12:50:36,623 - INFO - [2023BPix] MISSING_FILE: /home/choij/Sync/workspace/ChargedHiggsAnalysisV3/SKNanoOutput/DiLepton/RunEMu_RunSyst/2023BPix/ST_sch_antitop_Lep.root
2025-12-16 12:50:36,623 - INFO - [2023BPix] MISSING_FILE: /home/choij/Sync/workspace/ChargedHiggsAnalysisV3/SKNanoOutput/DiLepton/RunEMu_RunSyst/2023BPix/ST_tch_top.root
2025-12-16 12:50:36,623 - INFO - [2023BPix] MISSING_FILE: /home/choij/Sync/workspace/ChargedHiggsAnalysisV3/SKNanoOutput/DiLepton/RunEMu_RunSyst/2023BPix/ST_tch_antitop.root
2025-12-16 12:50:36,623 - INFO - [2023BPix] MISSING_FILE: /home/choij/Sync/workspace/ChargedHiggsAnalysisV3/SKNanoOutput/DiLepton/RunEMu_RunSyst/2023BPix/ST_tW_top_Lep.root
2025-12-16 12:50:36,623 - INFO - [2023BPix] MISSING_FILE: /home/choij/Sync/workspace/ChargedHiggsAnalysisV3/SKNanoOutput/DiLepton/RunEMu_RunSyst/2023BPix/ST_tW_antitop_Lep.root
2025-12-16 12:50:36,623 - INFO - [2023BPix] MISSING_FILE: /home/choij/Sync/workspace/ChargedHiggsAnalysisV3/SKNanoOutput/DiLepton/RunEMu_RunSyst/2023BPix/ST_tW_top_Semilep.root
2025-12-16 12:50:36,623 - INFO - [2023BPix] MISSING_FILE: /home/choij/Sync/workspace/ChargedHiggsAnalysisV3/SKNanoOutput/DiLepton/RunEMu_RunSyst/2023BPix/ST_tW_antitop_Semilep.root
2025-12-16 12:50:36,623 - INFO - [2023BPix] MISSING_FILE: /home/choij/Sync/workspace/ChargedHiggsAnalysisV3/SKNanoOutput/DiLepton/RunEMu_RunSyst/2023BPix/WW_pythia.root
2025-12-16 12:50:36,623 - INFO - [2023BPix] MISSING_FILE: /home/choij/Sync/workspace/ChargedHiggsAnalysisV3/SKNanoOutput/DiLepton/RunEMu_RunSyst/2023BPix/WZ_pythia.root
2025-12-16 12:50:36,623 - INFO - [2023BPix] MISSING_FILE: /home/choij/Sync/workspace/ChargedHiggsAnalysisV3/SKNanoOutput/DiLepton/RunEMu_RunSyst/2023BPix/ZZ_pythia.root
2025-12-16 12:50:36,891 - INFO - [2023BPix] MISSING_FILE: /home/choij/Sync/workspace/ChargedHiggsAnalysisV3/SKNanoOutput/DiLepton/RunEMu_RunSyst/2023BPix/WJets.root
2025-12-16 12:50:36,891 - INFO - [2023BPix] MISSING_FILE: /home/choij/Sync/workspace/ChargedHiggsAnalysisV3/SKNanoOutput/DiLepton/RunEMu_RunSyst/2023BPix/DYJets.root
2025-12-16 12:50:36,891 - INFO - [2023BPix] MISSING_FILE: /home/choij/Sync/workspace/ChargedHiggsAnalysisV3/SKNanoOutput/DiLepton/RunEMu_RunSyst/2023BPix/DYJets10to50.root
2025-12-16 12:50:36,891 - INFO - [2023BPix] MISSING_FILE: /home/choij/Sync/workspace/ChargedHiggsAnalysisV3/SKNanoOutput/DiLepton/RunEMu_RunSyst/2023BPix/TTLL_powheg.root
2025-12-16 12:50:36,891 - INFO - [2023BPix] MISSING_FILE: /home/choij/Sync/workspace/ChargedHiggsAnalysisV3/SKNanoOutput/DiLepton/RunEMu_RunSyst/2023BPix/TTLJ_powheg.root
2025-12-16 12:50:36,891 - INFO - [2023BPix] MISSING_FILE: /home/choij/Sync/workspace/ChargedHiggsAnalysisV3/SKNanoOutput/DiLepton/RunEMu_RunSyst/2023BPix/ST_sch_top_Lep.root
2025-12-16 12:50:36,891 - INFO - [2023BPix] MISSING_FILE: /home/choij/Sync/workspace/ChargedHiggsAnalysisV3/SKNanoOutput/DiLepton/RunEMu_RunSyst/2023BPix/ST_sch_antitop_Lep.root
2025-12-16 12:50:36,891 - INFO - [2023BPix] MISSING_FILE: /home/choij/Sync/workspace/ChargedHiggsAnalysisV3/SKNanoOutput/DiLepton/RunEMu_RunSyst/2023BPix/ST_tch_top.root
2025-12-16 12:50:36,891 - INFO - [2023BPix] MISSING_FILE: /home/choij/Sync/workspace/ChargedHiggsAnalysisV3/SKNanoOutput/DiLepton/RunEMu_RunSyst/2023BPix/ST_tch_antitop.root
2025-12-16 12:50:36,891 - INFO - [2023BPix] MISSING_FILE: /home/choij/Sync/workspace/ChargedHiggsAnalysisV3/SKNanoOutput/DiLepton/RunEMu_RunSyst/2023BPix/ST_tW_top_Lep.root
2025-12-16 12:50:36,891 - INFO - [2023BPix] MISSING_FILE: /home/choij/Sync/workspace/ChargedHiggsAnalysisV3/SKNanoOutput/DiLepton/RunEMu_RunSyst/2023BPix/ST_tW_antitop_Lep.root
2025-12-16 12:50:36,892 - INFO - [2023BPix] MISSING_FILE: /home/choij/Sync/workspace/ChargedHiggsAnalysisV3/SKNanoOutput/DiLepton/RunEMu_RunSyst/2023BPix/ST_tW_top_Semilep.root
2025-12-16 12:50:36,892 - INFO - [2023BPix] MISSING_FILE: /home/choij/Sync/workspace/ChargedHiggsAnalysisV3/SKNanoOutput/DiLepton/RunEMu_RunSyst/2023BPix/ST_tW_antitop_Semilep.root
2025-12-16 12:50:36,892 - INFO - [2023BPix] MISSING_FILE: /home/choij/Sync/workspace/ChargedHiggsAnalysisV3/SKNanoOutput/DiLepton/RunEMu_RunSyst/2023BPix/WW_pythia.root
2025-12-16 12:50:36,892 - INFO - [2023BPix] MISSING_FILE: /home/choij/Sync/workspace/ChargedHiggsAnalysisV3/SKNanoOutput/DiLepton/RunEMu_RunSyst/2023BPix/WZ_pythia.root
2025-12-16 12:50:36,892 - INFO - [2023BPix] MISSING_FILE: /home/choij/Sync/workspace/ChargedHiggsAnalysisV3/SKNanoOutput/DiLepton/RunEMu_RunSyst/2023BPix/ZZ_pythia.root
2025-12-16 12:50:36,949 - INFO - [2023BPix] MISSING_FILE: /home/choij/Sync/workspace/ChargedHiggsAnalysisV3/SKNanoOutput/DiLepton/RunEMu_RunSyst/2023BPix/WJets.root
2025-12-16 12:50:36,949 - INFO - [2023BPix] MISSING_FILE: /home/choij/Sync/workspace/ChargedHiggsAnalysisV3/SKNanoOutput/DiLepton/RunEMu_RunSyst/2023BPix/DYJets.root
2025-12-16 12:50:36,949 - INFO - [2023BPix] MISSING_FILE: /home/choij/Sync/workspace/ChargedHiggsAnalysisV3/SKNanoOutput/DiLepton/RunEMu_RunSyst/2023BPix/DYJets10to50.root
2025-12-16 12:50:36,949 - INFO - [2023BPix] MISSING_FILE: /home/choij/Sync/workspace/ChargedHiggsAnalysisV3/SKNanoOutput/DiLepton/RunEMu_RunSyst/2023BPix/TTLL_powheg.root
2025-12-16 12:50:36,949 - INFO - [2023BPix] MISSING_FILE: /home/choij/Sync/workspace/ChargedHiggsAnalysisV3/SKNanoOutput/DiLepton/RunEMu_RunSyst/2023BPix/TTLJ_powheg.root
2025-12-16 12:50:36,949 - INFO - [2023BPix] MISSING_FILE: /home/choij/Sync/workspace/ChargedHiggsAnalysisV3/SKNanoOutput/DiLepton/RunEMu_RunSyst/2023BPix/ST_sch_top_Lep.root
2025-12-16 12:50:36,949 - INFO - [2023BPix] MISSING_FILE: /home/choij/Sync/workspace/ChargedHiggsAnalysisV3/SKNanoOutput/DiLepton/RunEMu_RunSyst/2023BPix/ST_sch_antitop_Lep.root
2025-12-16 12:50:36,949 - INFO - [2023BPix] MISSING_FILE: /home/choij/Sync/workspace/ChargedHiggsAnalysisV3/SKNanoOutput/DiLepton/RunEMu_RunSyst/2023BPix/ST_tch_top.root
2025-12-16 12:50:36,949 - INFO - [2023BPix] MISSING_FILE: /home/choij/Sync/workspace/ChargedHiggsAnalysisV3/SKNanoOutput/DiLepton/RunEMu_RunSyst/2023BPix/ST_tch_antitop.root
2025-12-16 12:50:36,949 - INFO - [2023BPix] MISSING_FILE: /home/choij/Sync/workspace/ChargedHiggsAnalysisV3/SKNanoOutput/DiLepton/RunEMu_RunSyst/2023BPix/ST_tW_top_Lep.root
2025-12-16 12:50:36,949 - INFO - [2023BPix] MISSING_FILE: /home/choij/Sync/workspace/ChargedHiggsAnalysisV3/SKNanoOutput/DiLepton/RunEMu_RunSyst/2023BPix/ST_tW_antitop_Lep.root
2025-12-16 12:50:36,949 - INFO - [2023BPix] MISSING_FILE: /home/choij/Sync/workspace/ChargedHiggsAnalysisV3/SKNanoOutput/DiLepton/RunEMu_RunSyst/2023BPix/ST_tW_top_Semilep.root
2025-12-16 12:50:36,949 - INFO - [2023BPix] MISSING_FILE: /home/choij/Sync/workspace/ChargedHiggsAnalysisV3/SKNanoOutput/DiLepton/RunEMu_RunSyst/2023BPix/ST_tW_antitop_Semilep.root
2025-12-16 12:50:36,949 - INFO - [2023BPix] MISSING_FILE: /home/choij/Sync/workspace/ChargedHiggsAnalysisV3/SKNanoOutput/DiLepton/RunEMu_RunSyst/2023BPix/WW_pythia.root
2025-12-16 12:50:36,949 - INFO - [2023BPix] MISSING_FILE: /home/choij/Sync/workspace/ChargedHiggsAnalysisV3/SKNanoOutput/DiLepton/RunEMu_RunSyst/2023BPix/WZ_pythia.root
2025-12-16 12:50:36,950 - INFO - [2023BPix] MISSING_FILE: /home/choij/Sync/workspace/ChargedHiggsAnalysisV3/SKNanoOutput/DiLepton/RunEMu_RunSyst/2023BPix/ZZ_pythia.root
2025-12-16 12:50:37,064 - INFO - [2023BPix] MISSING_FILE: /home/choij/Sync/workspace/ChargedHiggsAnalysisV3/SKNanoOutput/DiLepton/RunEMu_RunSyst/2023BPix/WJets.root
2025-12-16 12:50:37,064 - INFO - [2023BPix] MISSING_FILE: /home/choij/Sync/workspace/ChargedHiggsAnalysisV3/SKNanoOutput/DiLepton/RunEMu_RunSyst/2023BPix/DYJets.root
2025-12-16 12:50:37,064 - INFO - [2023BPix] MISSING_FILE: /home/choij/Sync/workspace/ChargedHiggsAnalysisV3/SKNanoOutput/DiLepton/RunEMu_RunSyst/2023BPix/DYJets10to50.root
2025-12-16 12:50:37,064 - INFO - [2023BPix] MISSING_FILE: /home/choij/Sync/workspace/ChargedHiggsAnalysisV3/SKNanoOutput/DiLepton/RunEMu_RunSyst/2023BPix/TTLL_powheg.root
2025-12-16 12:50:37,064 - INFO - [2023BPix] MISSING_FILE: /home/choij/Sync/workspace/ChargedHiggsAnalysisV3/SKNanoOutput/DiLepton/RunEMu_RunSyst/2023BPix/TTLJ_powheg.root
2025-12-16 12:50:37,064 - INFO - [2023BPix] MISSING_FILE: /home/choij/Sync/workspace/ChargedHiggsAnalysisV3/SKNanoOutput/DiLepton/RunEMu_RunSyst/2023BPix/ST_sch_top_Lep.root
2025-12-16 12:50:37,064 - INFO - [2023BPix] MISSING_FILE: /home/choij/Sync/workspace/ChargedHiggsAnalysisV3/SKNanoOutput/DiLepton/RunEMu_RunSyst/2023BPix/ST_sch_antitop_Lep.root
2025-12-16 12:50:37,064 - INFO - [2023BPix] MISSING_FILE: /home/choij/Sync/workspace/ChargedHiggsAnalysisV3/SKNanoOutput/DiLepton/RunEMu_RunSyst/2023BPix/ST_tch_top.root
2025-12-16 12:50:37,064 - INFO - [2023BPix] MISSING_FILE: /home/choij/Sync/workspace/ChargedHiggsAnalysisV3/SKNanoOutput/DiLepton/RunEMu_RunSyst/2023BPix/ST_tch_antitop.root
2025-12-16 12:50:37,064 - INFO - [2023BPix] MISSING_FILE: /home/choij/Sync/workspace/ChargedHiggsAnalysisV3/SKNanoOutput/DiLepton/RunEMu_RunSyst/2023BPix/ST_tW_top_Lep.root
2025-12-16 12:50:37,064 - INFO - [2023BPix] MISSING_FILE: /home/choij/Sync/workspace/ChargedHiggsAnalysisV3/SKNanoOutput/DiLepton/RunEMu_RunSyst/2023BPix/ST_tW_antitop_Lep.root
2025-12-16 12:50:37,064 - INFO - [2023BPix] MISSING_FILE: /home/choij/Sync/workspace/ChargedHiggsAnalysisV3/SKNanoOutput/DiLepton/RunEMu_RunSyst/2023BPix/ST_tW_top_Semilep.root
2025-12-16 12:50:37,064 - INFO - [2023BPix] MISSING_FILE: /home/choij/Sync/workspace/ChargedHiggsAnalysisV3/SKNanoOutput/DiLepton/RunEMu_RunSyst/2023BPix/ST_tW_antitop_Semilep.root
2025-12-16 12:50:37,064 - INFO - [2023BPix] MISSING_FILE: /home/choij/Sync/workspace/ChargedHiggsAnalysisV3/SKNanoOutput/DiLepton/RunEMu_RunSyst/2023BPix/WW_pythia.root
2025-12-16 12:50:37,064 - INFO - [2023BPix] MISSING_FILE: /home/choij/Sync/workspace/ChargedHiggsAnalysisV3/SKNanoOutput/DiLepton/RunEMu_RunSyst/2023BPix/WZ_pythia.root
2025-12-16 12:50:37,065 - INFO - [2023BPix] MISSING_FILE: /home/choij/Sync/workspace/ChargedHiggsAnalysisV3/SKNanoOutput/DiLepton/RunEMu_RunSyst/2023BPix/ZZ_pythia.root
