2025-09-24 15:33:03,749 - INFO - [2017] MISSING_CENTRAL: EMU/Central/bjets/3/phi in WJets.root
2025-09-24 15:33:03,758 - INFO - [2017] MISSING_CENTRAL: EMU/Central/bjets/3/phi in DYJets10to50.root
2025-09-24 15:33:03,797 - INFO - [2017] MISSING_CENTRAL: EMU/L1Prefire_NotImplemented/bjets/3/phi in WJets.root
2025-09-24 15:33:03,798 - INFO - [2017] MISSING_CENTRAL: EMU/L1Prefire_NotImplemented/bjets/3/phi in DYJets10to50.root
2025-09-24 15:33:03,803 - INFO - [2017] MISSING_CENTRAL: EMU/Central/bjets/3/phi in WW_pythia.root
2025-09-24 15:33:03,803 - INFO - [2017] MISSING_CENTRAL: EMU/Central/bjets/3/phi in WZ_pythia.root
2025-09-24 15:33:03,808 - INFO - [2017] MISSING_CENTRAL: EMU/L1Prefire_NotImplemented/bjets/3/phi in WW_pythia.root
2025-09-24 15:33:03,808 - INFO - [2017] MISSING_CENTRAL: EMU/L1Prefire_NotImplemented/bjets/3/phi in WZ_pythia.root
2025-09-24 15:33:03,808 - INFO - [2017] MISSING_CENTRAL: EMU/L1Prefire_NotImplemented/bjets/3/phi in ZZ_pythia.root
2025-09-24 15:33:03,824 - INFO - [2017] MISSING_CENTRAL: EMU/Central/bjets/3/phi in ZZ_pythia.root
2025-09-24 15:33:03,843 - INFO - [2017] MISSING_CENTRAL: EMU/MuonIDSF_NotImplemented/bjets/3/phi in WJets.root
2025-09-24 15:33:03,843 - INFO - [2017] MISSING_CENTRAL: EMU/MuonIDSF_NotImplemented/bjets/3/phi in DYJets10to50.root
2025-09-24 15:33:03,846 - INFO - [2017] MISSING_CENTRAL: EMU/MuonIDSF_NotImplemented/bjets/3/phi in WW_pythia.root
2025-09-24 15:33:03,846 - INFO - [2017] MISSING_CENTRAL: EMU/MuonIDSF_NotImplemented/bjets/3/phi in WZ_pythia.root
2025-09-24 15:33:03,847 - INFO - [2017] MISSING_CENTRAL: EMU/MuonIDSF_NotImplemented/bjets/3/phi in ZZ_pythia.root
2025-09-24 15:33:03,869 - INFO - [2017] MISSING_CENTRAL: EMU/ElectronIDSF_NotImplemented/bjets/3/phi in WJets.root
2025-09-24 15:33:03,870 - INFO - [2017] MISSING_CENTRAL: EMU/ElectronIDSF_NotImplemented/bjets/3/phi in DYJets10to50.root
2025-09-24 15:33:03,872 - INFO - [2017] MISSING_CENTRAL: EMU/ElectronIDSF_NotImplemented/bjets/3/phi in WW_pythia.root
2025-09-24 15:33:03,873 - INFO - [2017] MISSING_CENTRAL: EMU/ElectronIDSF_NotImplemented/bjets/3/phi in WZ_pythia.root
2025-09-24 15:33:03,873 - INFO - [2017] MISSING_CENTRAL: EMU/ElectronIDSF_NotImplemented/bjets/3/phi in ZZ_pythia.root
2025-09-24 15:33:03,901 - INFO - [2017] MISSING_CENTRAL: EMU/PileupReweight_NotImplemented/bjets/3/phi in WJets.root
2025-09-24 15:33:03,902 - INFO - [2017] MISSING_CENTRAL: EMU/PileupReweight_NotImplemented/bjets/3/phi in DYJets10to50.root
2025-09-24 15:33:03,904 - INFO - [2017] MISSING_CENTRAL: EMU/PileupReweight_NotImplemented/bjets/3/phi in WW_pythia.root
2025-09-24 15:33:03,905 - INFO - [2017] MISSING_CENTRAL: EMU/PileupReweight_NotImplemented/bjets/3/phi in WZ_pythia.root
2025-09-24 15:33:03,905 - INFO - [2017] MISSING_CENTRAL: EMU/PileupReweight_NotImplemented/bjets/3/phi in ZZ_pythia.root
2025-09-24 15:33:03,956 - INFO - [2017] MISSING_CENTRAL: EMU/EMuTrigSF_NotImplemented/bjets/3/phi in WJets.root
2025-09-24 15:33:03,957 - INFO - [2017] MISSING_CENTRAL: EMU/EMuTrigSF_NotImplemented/bjets/3/phi in DYJets10to50.root
2025-09-24 15:33:03,959 - INFO - [2017] MISSING_CENTRAL: EMU/EMuTrigSF_NotImplemented/bjets/3/phi in WW_pythia.root
2025-09-24 15:33:03,960 - INFO - [2017] MISSING_CENTRAL: EMU/EMuTrigSF_NotImplemented/bjets/3/phi in WZ_pythia.root
2025-09-24 15:33:03,960 - INFO - [2017] MISSING_CENTRAL: EMU/EMuTrigSF_NotImplemented/bjets/3/phi in ZZ_pythia.root
2025-09-24 15:33:04,026 - INFO - [2017] MISSING_CENTRAL: EMU/BtagSF_HFcorr_NotImplemented/bjets/3/phi in WJets.root
2025-09-24 15:33:04,026 - INFO - [2017] MISSING_CENTRAL: EMU/BtagSF_HFcorr_NotImplemented/bjets/3/phi in DYJets10to50.root
2025-09-24 15:33:04,030 - INFO - [2017] MISSING_CENTRAL: EMU/BtagSF_HFcorr_NotImplemented/bjets/3/phi in WW_pythia.root
2025-09-24 15:33:04,030 - INFO - [2017] MISSING_CENTRAL: EMU/BtagSF_HFcorr_NotImplemented/bjets/3/phi in WZ_pythia.root
2025-09-24 15:33:04,030 - INFO - [2017] MISSING_CENTRAL: EMU/BtagSF_HFcorr_NotImplemented/bjets/3/phi in ZZ_pythia.root
