2025-09-24 15:32:48,873 - INFO - [2017] MISSING_CENTRAL: EMU/Central/jets/4/eta in WJets.root
2025-09-24 15:32:48,912 - INFO - [2017] MISSING_CENTRAL: EMU/Central/jets/4/eta in DYJets10to50.root
2025-09-24 15:32:48,915 - INFO - [2017] MISSING_CENTRAL: EMU/PileupReweight_NotImplemented/jets/4/eta in WJets.root
2025-09-24 15:32:48,922 - INFO - [2017] MISSING_CENTRAL: EMU/PileupReweight_NotImplemented/jets/4/eta in DYJets10to50.root
2025-09-24 15:32:48,981 - INFO - [2017] MISSING_CENTRAL: EMU/L1Prefire_NotImplemented/jets/4/eta in WJets.root
2025-09-24 15:32:48,984 - INFO - [2017] MISSING_CENTRAL: EMU/L1Prefire_NotImplemented/jets/4/eta in DYJets10to50.root
2025-09-24 15:32:49,026 - INFO - [2017] MISSING_CENTRAL: EMU/MuonIDSF_NotImplemented/jets/4/eta in WJets.root
2025-09-24 15:32:49,026 - INFO - [2017] MISSING_CENTRAL: EMU/MuonIDSF_NotImplemented/jets/4/eta in DYJets10to50.root
2025-09-24 15:32:49,148 - INFO - [2017] MISSING_CENTRAL: EMU/ElectronIDSF_NotImplemented/jets/4/eta in WJets.root
2025-09-24 15:32:49,149 - INFO - [2017] MISSING_CENTRAL: EMU/ElectronIDSF_NotImplemented/jets/4/eta in DYJets10to50.root
2025-09-24 15:32:49,184 - INFO - [2017] MISSING_CENTRAL: EMU/EMuTrigSF_NotImplemented/jets/4/eta in WJets.root
2025-09-24 15:32:49,185 - INFO - [2017] MISSING_CENTRAL: EMU/EMuTrigSF_NotImplemented/jets/4/eta in DYJets10to50.root
2025-09-24 15:32:49,330 - INFO - [2017] MISSING_CENTRAL: EMU/BtagSF_HFcorr_NotImplemented/jets/4/eta in WJets.root
2025-09-24 15:32:49,333 - INFO - [2017] MISSING_CENTRAL: EMU/BtagSF_HFcorr_NotImplemented/jets/4/eta in DYJets10to50.root
2025-10-02 21:08:14,421 - INFO - [2017] MISSING_CENTRAL: EMU/Central/jets/4/eta in WJets.root
2025-10-02 21:08:14,440 - INFO - [2017] MISSING_CENTRAL: EMU/Central/jets/4/eta in DYJets10to50.root
2025-10-02 21:08:14,539 - INFO - [2017] MISSING_CENTRAL: EMU/L1Prefire_NotImplemented/jets/4/eta in WJets.root
2025-10-02 21:08:14,540 - INFO - [2017] MISSING_CENTRAL: EMU/L1Prefire_NotImplemented/jets/4/eta in DYJets10to50.root
2025-10-02 21:08:14,600 - INFO - [2017] MISSING_CENTRAL: EMU/PileupReweight_NotImplemented/jets/4/eta in WJets.root
2025-10-02 21:08:14,601 - INFO - [2017] MISSING_CENTRAL: EMU/PileupReweight_NotImplemented/jets/4/eta in DYJets10to50.root
2025-10-02 21:08:15,055 - INFO - [2017] MISSING_CENTRAL: EMU/MuonIDSF_NotImplemented/jets/4/eta in WJets.root
2025-10-02 21:08:15,056 - INFO - [2017] MISSING_CENTRAL: EMU/MuonIDSF_NotImplemented/jets/4/eta in DYJets10to50.root
2025-10-02 21:08:15,603 - INFO - [2017] MISSING_CENTRAL: EMU/ElectronIDSF_NotImplemented/jets/4/eta in WJets.root
2025-10-02 21:08:15,604 - INFO - [2017] MISSING_CENTRAL: EMU/ElectronIDSF_NotImplemented/jets/4/eta in DYJets10to50.root
2025-10-02 21:08:16,085 - INFO - [2017] MISSING_CENTRAL: EMU/EMuTrigSF_NotImplemented/jets/4/eta in WJets.root
2025-10-02 21:08:16,086 - INFO - [2017] MISSING_CENTRAL: EMU/EMuTrigSF_NotImplemented/jets/4/eta in DYJets10to50.root
2025-10-02 21:08:16,193 - INFO - [2017] MISSING_CENTRAL: EMU/BtagSF_HFcorr_NotImplemented/jets/4/eta in WJets.root
2025-10-02 21:08:16,194 - INFO - [2017] MISSING_CENTRAL: EMU/BtagSF_HFcorr_NotImplemented/jets/4/eta in DYJets10to50.root
