2025-09-24 15:34:26,848 - INFO - [2022] MISSING_CENTRAL: EMU/Central/jets/3/pt in DYJets10to50.root
2025-09-24 15:34:27,510 - INFO - [2022] MISSING_CENTRAL: EMU/L1Prefire_NotImplemented/jets/3/pt in DYJets10to50.root
2025-09-24 15:34:28,088 - INFO - [2022] MISSING_CENTRAL: EMU/PileupReweight_NotImplemented/jets/3/pt in DYJets10to50.root
2025-09-24 15:34:28,095 - INFO - [2022] MISSING_CENTRAL: EMU/ElectronIDSF_NotImplemented/jets/3/pt in DYJets10to50.root
2025-09-24 15:34:28,172 - INFO - [2022] MISSING_CENTRAL: EMU/EMuTrigSF_NotImplemented/jets/3/pt in DYJets10to50.root
2025-09-24 15:34:28,220 - INFO - [2022] MISSING_CENTRAL: EMU/MuonIDSF_NotImplemented/jets/3/pt in DYJets10to50.root
2025-09-24 15:34:28,250 - INFO - [2022] MISSING_CENTRAL: EMU/BtagSF_HFcorr_NotImplemented/jets/3/pt in DYJets10to50.root
2025-10-02 21:11:44,083 - INFO - [2022] MISSING_CENTRAL: EMU/Central/jets/3/pt in DYJets10to50.root
2025-10-02 21:11:44,828 - INFO - [2022] MISSING_CENTRAL: EMU/L1Prefire_NotImplemented/jets/3/pt in DYJets10to50.root
2025-10-02 21:11:45,057 - INFO - [2022] MISSING_CENTRAL: EMU/PileupReweight_NotImplemented/jets/3/pt in DYJets10to50.root
2025-10-02 21:11:45,821 - INFO - [2022] MISSING_CENTRAL: EMU/ElectronIDSF_NotImplemented/jets/3/pt in DYJets10to50.root
2025-10-02 21:11:46,269 - INFO - [2022] MISSING_CENTRAL: EMU/EMuTrigSF_NotImplemented/jets/3/pt in DYJets10to50.root
2025-10-02 21:11:46,517 - INFO - [2022] MISSING_CENTRAL: EMU/MuonIDSF_NotImplemented/jets/3/pt in DYJets10to50.root
2025-10-02 21:11:47,251 - INFO - [2022] MISSING_CENTRAL: EMU/BtagSF_HFcorr_NotImplemented/jets/3/pt in DYJets10to50.root
2025-12-16 12:46:05,652 - INFO - [2022] MISSING_CENTRAL: EMU/Central/jets/3/pt in DYJets10to50.root
2025-12-16 12:46:05,972 - INFO - [2022] MISSING_CENTRAL: EMU/L1Prefire_NotImplemented/jets/3/pt in DYJets10to50.root
2025-12-16 12:46:06,749 - INFO - [2022] MISSING_CENTRAL: EMU/PileupReweight_NotImplemented/jets/3/pt in DYJets10to50.root
2025-12-16 12:46:06,762 - INFO - [2022] MISSING_CENTRAL: EMU/MuonIDSF_NotImplemented/jets/3/pt in DYJets10to50.root
2025-12-16 12:46:06,785 - INFO - [2022] MISSING_CENTRAL: EMU/ElectronIDSF_NotImplemented/jets/3/pt in DYJets10to50.root
2025-12-16 12:46:06,808 - INFO - [2022] MISSING_CENTRAL: EMU/EMuTrigSF_NotImplemented/jets/3/pt in DYJets10to50.root
2025-12-16 12:46:21,243 - INFO - [2022] MISSING_CENTRAL: EMU/BtagSF_HFcorr_NotImplemented/jets/3/pt in DYJets10to50.root
