2025-09-24 16:05:41,458 - INFO - [2023BPix] MISSING_CENTRAL: WZ1E2Mu/Central/jets/2/mass in Skim_TriLep_DYJets.root
2025-09-24 16:05:41,459 - INFO - [2023BPix] MISSING_CENTRAL: WZ1E2Mu/Central/jets/2/mass in Skim_TriLep_DYJets10to50.root
2025-09-24 16:05:41,459 - INFO - [2023BPix] MISSING_CENTRAL: WZ1E2Mu/Central/jets/2/mass in Skim_TriLep_DYGTo2LG_MLL4to50_PTG10to100.root
2025-09-24 16:05:41,459 - INFO - [2023BPix] MISSING_CENTRAL: WZ1E2Mu/Central/jets/2/mass in Skim_TriLep_DYGTo2LG_MLL4to50_PTG100to200.root
2025-09-24 16:05:41,460 - INFO - [2023BPix] MISSING_CENTRAL: WZ1E2Mu/Central/jets/2/mass in Skim_TriLep_DYGTo2LG_MLL4to50_PTG200toInf.root
2025-09-24 16:05:41,513 - INFO - [2023BPix] MISSING_CENTRAL: WZ1E2Mu/Central/jets/2/mass in Skim_TriLep_TTG_PTG200toInf.root
2025-09-24 16:05:51,464 - INFO - [2023BPix] MISSING_CENTRAL: WZ1E2Mu/Central/jets/2/mass in Skim_TriLep_DYJets.root
2025-09-24 16:05:51,465 - INFO - [2023BPix] MISSING_CENTRAL: WZ1E2Mu/Central/jets/2/mass in Skim_TriLep_DYJets10to50.root
2025-09-24 16:05:51,466 - INFO - [2023BPix] MISSING_CENTRAL: WZ1E2Mu/Central/jets/2/mass in Skim_TriLep_DYGTo2LG_MLL4to50_PTG10to100.root
2025-09-24 16:05:51,466 - INFO - [2023BPix] MISSING_CENTRAL: WZ1E2Mu/Central/jets/2/mass in Skim_TriLep_DYGTo2LG_MLL4to50_PTG100to200.root
2025-09-24 16:05:51,466 - INFO - [2023BPix] MISSING_CENTRAL: WZ1E2Mu/Central/jets/2/mass in Skim_TriLep_DYGTo2LG_MLL4to50_PTG200toInf.root
2025-09-24 16:05:51,469 - INFO - [2023BPix] MISSING_CENTRAL: WZ1E2Mu/Central/jets/2/mass in Skim_TriLep_TTG_PTG200toInf.root
2025-09-24 16:05:51,470 - INFO - [2023BPix] MISSING_FILE: /Users/choij/Sync/workspace/ChargedHiggsAnalysisV3/SKNanoOutput/CRPromptSelector/Run1E2Mu_RunNoWZSF_RunSyst/2023BPix/Skim_TriLep_ZZTo4L_powheg.root
2025-09-24 16:05:51,472 - INFO - [2023BPix] MISSING_FILE: /Users/choij/Sync/workspace/ChargedHiggsAnalysisV3/SKNanoOutput/CRPromptSelector/Run1E2Mu_RunNoWZSF_RunSyst/2023BPix/Skim_TriLep_VBFHToZZTo4L.root
2025-09-24 16:05:51,472 - INFO - [2023BPix] MISSING_FILE: /Users/choij/Sync/workspace/ChargedHiggsAnalysisV3/SKNanoOutput/CRPromptSelector/Run1E2Mu_RunNoWZSF_RunSyst/2023BPix/Skim_TriLep_ggHToZZTo4L.root
2025-10-02 21:22:35,777 - INFO - [2023BPix] MISSING_CENTRAL: WZ1E2Mu/Central/jets/2/mass in Skim_TriLep_DYJets.root
2025-10-02 21:22:35,778 - INFO - [2023BPix] MISSING_CENTRAL: WZ1E2Mu/Central/jets/2/mass in Skim_TriLep_DYJets10to50.root
2025-10-02 21:22:35,778 - INFO - [2023BPix] MISSING_CENTRAL: WZ1E2Mu/Central/jets/2/mass in Skim_TriLep_DYGTo2LG_MLL4to50_PTG10to100.root
2025-10-02 21:22:35,779 - INFO - [2023BPix] MISSING_CENTRAL: WZ1E2Mu/Central/jets/2/mass in Skim_TriLep_DYGTo2LG_MLL4to50_PTG100to200.root
2025-10-02 21:22:35,780 - INFO - [2023BPix] MISSING_CENTRAL: WZ1E2Mu/Central/jets/2/mass in Skim_TriLep_DYGTo2LG_MLL4to50_PTG200toInf.root
2025-10-02 21:22:35,834 - INFO - [2023BPix] MISSING_CENTRAL: WZ1E2Mu/Central/jets/2/mass in Skim_TriLep_TTG_PTG200toInf.root
2025-10-02 21:22:39,839 - INFO - [2023BPix] MISSING_CENTRAL: WZ1E2Mu/Central/jets/2/mass in Skim_TriLep_DYJets.root
2025-10-02 21:22:39,840 - INFO - [2023BPix] MISSING_CENTRAL: WZ1E2Mu/Central/jets/2/mass in Skim_TriLep_DYJets10to50.root
2025-10-02 21:22:39,841 - INFO - [2023BPix] MISSING_CENTRAL: WZ1E2Mu/Central/jets/2/mass in Skim_TriLep_DYGTo2LG_MLL4to50_PTG10to100.root
2025-10-02 21:22:39,841 - INFO - [2023BPix] MISSING_CENTRAL: WZ1E2Mu/Central/jets/2/mass in Skim_TriLep_DYGTo2LG_MLL4to50_PTG100to200.root
2025-10-02 21:22:39,842 - INFO - [2023BPix] MISSING_CENTRAL: WZ1E2Mu/Central/jets/2/mass in Skim_TriLep_DYGTo2LG_MLL4to50_PTG200toInf.root
2025-10-02 21:22:39,848 - INFO - [2023BPix] MISSING_CENTRAL: WZ1E2Mu/Central/jets/2/mass in Skim_TriLep_TTG_PTG200toInf.root
2025-10-02 21:22:39,947 - INFO - [2023BPix] MISSING_FILE: /data9/Users/choij/Sync/workspace/ChargedHiggsAnalysisV3/SKNanoOutput/CRPromptSelector/Run1E2Mu_RunNoWZSF_RunSyst/2023BPix/Skim_TriLep_ZZTo4L_powheg.root
2025-10-02 21:22:39,955 - INFO - [2023BPix] MISSING_FILE: /data9/Users/choij/Sync/workspace/ChargedHiggsAnalysisV3/SKNanoOutput/CRPromptSelector/Run1E2Mu_RunNoWZSF_RunSyst/2023BPix/Skim_TriLep_VBFHToZZTo4L.root
2025-10-02 21:22:39,955 - INFO - [2023BPix] MISSING_FILE: /data9/Users/choij/Sync/workspace/ChargedHiggsAnalysisV3/SKNanoOutput/CRPromptSelector/Run1E2Mu_RunNoWZSF_RunSyst/2023BPix/Skim_TriLep_ggHToZZTo4L.root
2025-10-03 00:36:38,526 - INFO - [2023BPix] MISSING_CENTRAL: WZ1E2Mu/Central/jets/2/mass in Skim_TriLep_DYJets.root
2025-10-03 00:36:38,527 - INFO - [2023BPix] MISSING_CENTRAL: WZ1E2Mu/Central/jets/2/mass in Skim_TriLep_DYJets10to50.root
2025-10-03 00:36:38,527 - INFO - [2023BPix] MISSING_CENTRAL: WZ1E2Mu/Central/jets/2/mass in Skim_TriLep_DYGTo2LG_MLL4to50_PTG10to100.root
2025-10-03 00:36:38,528 - INFO - [2023BPix] MISSING_CENTRAL: WZ1E2Mu/Central/jets/2/mass in Skim_TriLep_DYGTo2LG_MLL4to50_PTG100to200.root
2025-10-03 00:36:38,528 - INFO - [2023BPix] MISSING_CENTRAL: WZ1E2Mu/Central/jets/2/mass in Skim_TriLep_DYGTo2LG_MLL4to50_PTG200toInf.root
2025-10-03 00:36:38,636 - INFO - [2023BPix] MISSING_CENTRAL: WZ1E2Mu/Central/jets/2/mass in Skim_TriLep_TTG_PTG200toInf.root
2025-10-03 00:36:54,044 - INFO - [2023BPix] MISSING_CENTRAL: WZ1E2Mu/Central/jets/2/mass in Skim_TriLep_DYJets.root
2025-10-03 00:36:54,045 - INFO - [2023BPix] MISSING_CENTRAL: WZ1E2Mu/Central/jets/2/mass in Skim_TriLep_DYJets10to50.root
2025-10-03 00:36:54,045 - INFO - [2023BPix] MISSING_CENTRAL: WZ1E2Mu/Central/jets/2/mass in Skim_TriLep_DYGTo2LG_MLL4to50_PTG10to100.root
2025-10-03 00:36:54,046 - INFO - [2023BPix] MISSING_CENTRAL: WZ1E2Mu/Central/jets/2/mass in Skim_TriLep_DYGTo2LG_MLL4to50_PTG100to200.root
2025-10-03 00:36:54,047 - INFO - [2023BPix] MISSING_CENTRAL: WZ1E2Mu/Central/jets/2/mass in Skim_TriLep_DYGTo2LG_MLL4to50_PTG200toInf.root
2025-10-03 00:36:54,053 - INFO - [2023BPix] MISSING_CENTRAL: WZ1E2Mu/Central/jets/2/mass in Skim_TriLep_TTG_PTG200toInf.root
2025-10-03 00:36:54,057 - INFO - [2023BPix] MISSING_FILE: /Users/choij/Sync/workspace/ChargedHiggsAnalysisV3/SKNanoOutput/CRPromptSelector/Run1E2Mu_RunNoWZSF_RunSyst/2023BPix/Skim_TriLep_ZZTo4L_powheg.root
2025-10-03 00:36:54,062 - INFO - [2023BPix] MISSING_FILE: /Users/choij/Sync/workspace/ChargedHiggsAnalysisV3/SKNanoOutput/CRPromptSelector/Run1E2Mu_RunNoWZSF_RunSyst/2023BPix/Skim_TriLep_VBFHToZZTo4L.root
2025-10-03 00:36:54,062 - INFO - [2023BPix] MISSING_FILE: /Users/choij/Sync/workspace/ChargedHiggsAnalysisV3/SKNanoOutput/CRPromptSelector/Run1E2Mu_RunNoWZSF_RunSyst/2023BPix/Skim_TriLep_ggHToZZTo4L.root
2025-11-07 13:13:29,231 - INFO - [2023BPix] MISSING_CENTRAL: WZ1E2Mu/Central/jets/2/mass in Skim_TriLep_DYJets.root
2025-11-07 13:13:29,234 - INFO - [2023BPix] MISSING_CENTRAL: WZ1E2Mu/Central/jets/2/mass in Skim_TriLep_DYJets10to50.root
2025-11-07 13:13:29,234 - INFO - [2023BPix] MISSING_CENTRAL: WZ1E2Mu/Central/jets/2/mass in Skim_TriLep_DYGTo2LG_MLL4to50_PTG10to100.root
2025-11-07 13:13:29,235 - INFO - [2023BPix] MISSING_CENTRAL: WZ1E2Mu/Central/jets/2/mass in Skim_TriLep_DYGTo2LG_MLL4to50_PTG100to200.root
2025-11-07 13:13:29,235 - INFO - [2023BPix] MISSING_CENTRAL: WZ1E2Mu/Central/jets/2/mass in Skim_TriLep_DYGTo2LG_MLL4to50_PTG200toInf.root
2025-11-07 13:13:29,275 - INFO - [2023BPix] MISSING_CENTRAL: WZ1E2Mu/Central/jets/2/mass in Skim_TriLep_TTG_PTG200toInf.root
2025-11-07 13:13:34,579 - INFO - [2023BPix] MISSING_CENTRAL: WZ1E2Mu/Central/jets/2/mass in Skim_TriLep_DYJets.root
2025-11-07 13:13:34,580 - INFO - [2023BPix] MISSING_CENTRAL: WZ1E2Mu/Central/jets/2/mass in Skim_TriLep_DYJets10to50.root
2025-11-07 13:13:34,580 - INFO - [2023BPix] MISSING_CENTRAL: WZ1E2Mu/Central/jets/2/mass in Skim_TriLep_DYGTo2LG_MLL4to50_PTG10to100.root
2025-11-07 13:13:34,581 - INFO - [2023BPix] MISSING_CENTRAL: WZ1E2Mu/Central/jets/2/mass in Skim_TriLep_DYGTo2LG_MLL4to50_PTG100to200.root
2025-11-07 13:13:34,581 - INFO - [2023BPix] MISSING_CENTRAL: WZ1E2Mu/Central/jets/2/mass in Skim_TriLep_DYGTo2LG_MLL4to50_PTG200toInf.root
2025-11-07 13:13:34,585 - INFO - [2023BPix] MISSING_CENTRAL: WZ1E2Mu/Central/jets/2/mass in Skim_TriLep_TTG_PTG200toInf.root
2025-11-07 13:13:34,588 - INFO - [2023BPix] MISSING_FILE: /home/choij/Sync/workspace/ChargedHiggsAnalysisV3/SKNanoOutput/CRPromptSelector/Run1E2Mu_RunNoWZSF_RunSyst/2023BPix/Skim_TriLep_ZZTo4L_powheg.root
2025-11-07 13:13:34,592 - INFO - [2023BPix] MISSING_FILE: /home/choij/Sync/workspace/ChargedHiggsAnalysisV3/SKNanoOutput/CRPromptSelector/Run1E2Mu_RunNoWZSF_RunSyst/2023BPix/Skim_TriLep_VBFHToZZTo4L.root
2025-11-07 13:13:34,592 - INFO - [2023BPix] MISSING_FILE: /home/choij/Sync/workspace/ChargedHiggsAnalysisV3/SKNanoOutput/CRPromptSelector/Run1E2Mu_RunNoWZSF_RunSyst/2023BPix/Skim_TriLep_ggHToZZTo4L.root
2025-11-07 14:11:01,990 - INFO - [2023BPix] MISSING_CENTRAL: WZ1E2Mu/Central/jets/2/mass in Skim_TriLep_DYJets.root
2025-11-07 14:11:01,991 - INFO - [2023BPix] MISSING_CENTRAL: WZ1E2Mu/Central/jets/2/mass in Skim_TriLep_DYJets10to50.root
2025-11-07 14:11:01,991 - INFO - [2023BPix] MISSING_CENTRAL: WZ1E2Mu/Central/jets/2/mass in Skim_TriLep_DYGTo2LG_MLL4to50_PTG10to100.root
2025-11-07 14:11:01,992 - INFO - [2023BPix] MISSING_CENTRAL: WZ1E2Mu/Central/jets/2/mass in Skim_TriLep_DYGTo2LG_MLL4to50_PTG100to200.root
2025-11-07 14:11:01,993 - INFO - [2023BPix] MISSING_CENTRAL: WZ1E2Mu/Central/jets/2/mass in Skim_TriLep_DYGTo2LG_MLL4to50_PTG200toInf.root
2025-11-07 14:11:02,044 - INFO - [2023BPix] MISSING_CENTRAL: WZ1E2Mu/Central/jets/2/mass in Skim_TriLep_TTG_PTG200toInf.root
2025-11-07 14:11:07,002 - INFO - [2023BPix] MISSING_CENTRAL: WZ1E2Mu/Central/jets/2/mass in Skim_TriLep_DYJets.root
2025-11-07 14:11:07,003 - INFO - [2023BPix] MISSING_CENTRAL: WZ1E2Mu/Central/jets/2/mass in Skim_TriLep_DYJets10to50.root
2025-11-07 14:11:07,003 - INFO - [2023BPix] MISSING_CENTRAL: WZ1E2Mu/Central/jets/2/mass in Skim_TriLep_DYGTo2LG_MLL4to50_PTG10to100.root
2025-11-07 14:11:07,004 - INFO - [2023BPix] MISSING_CENTRAL: WZ1E2Mu/Central/jets/2/mass in Skim_TriLep_DYGTo2LG_MLL4to50_PTG100to200.root
2025-11-07 14:11:07,004 - INFO - [2023BPix] MISSING_CENTRAL: WZ1E2Mu/Central/jets/2/mass in Skim_TriLep_DYGTo2LG_MLL4to50_PTG200toInf.root
2025-11-07 14:11:07,008 - INFO - [2023BPix] MISSING_CENTRAL: WZ1E2Mu/Central/jets/2/mass in Skim_TriLep_TTG_PTG200toInf.root
2025-11-07 14:11:07,011 - INFO - [2023BPix] MISSING_FILE: /home/choij/Sync/workspace/ChargedHiggsAnalysisV3/SKNanoOutput/CRPromptSelector/Run1E2Mu_RunNoWZSF_RunSyst/2023BPix/Skim_TriLep_ZZTo4L_powheg.root
2025-11-07 14:11:07,015 - INFO - [2023BPix] MISSING_FILE: /home/choij/Sync/workspace/ChargedHiggsAnalysisV3/SKNanoOutput/CRPromptSelector/Run1E2Mu_RunNoWZSF_RunSyst/2023BPix/Skim_TriLep_VBFHToZZTo4L.root
2025-11-07 14:11:07,015 - INFO - [2023BPix] MISSING_FILE: /home/choij/Sync/workspace/ChargedHiggsAnalysisV3/SKNanoOutput/CRPromptSelector/Run1E2Mu_RunNoWZSF_RunSyst/2023BPix/Skim_TriLep_ggHToZZTo4L.root
2025-11-10 12:27:16,561 - INFO - [2023BPix] MISSING_CENTRAL: WZ1E2Mu/Central/jets/2/mass in Skim_TriLep_DYJets.root
2025-11-10 12:27:16,562 - INFO - [2023BPix] MISSING_CENTRAL: WZ1E2Mu/Central/jets/2/mass in Skim_TriLep_DYJets10to50.root
2025-11-10 12:27:16,563 - INFO - [2023BPix] MISSING_CENTRAL: WZ1E2Mu/Central/jets/2/mass in Skim_TriLep_DYGTo2LG_MLL4to50_PTG10to100.root
2025-11-10 12:27:16,563 - INFO - [2023BPix] MISSING_CENTRAL: WZ1E2Mu/Central/jets/2/mass in Skim_TriLep_DYGTo2LG_MLL4to50_PTG100to200.root
2025-11-10 12:27:16,564 - INFO - [2023BPix] MISSING_CENTRAL: WZ1E2Mu/Central/jets/2/mass in Skim_TriLep_DYGTo2LG_MLL4to50_PTG200toInf.root
2025-11-10 12:27:16,614 - INFO - [2023BPix] MISSING_CENTRAL: WZ1E2Mu/Central/jets/2/mass in Skim_TriLep_TTG_PTG200toInf.root
2025-11-10 12:27:21,484 - INFO - [2023BPix] MISSING_CENTRAL: WZ1E2Mu/Central/jets/2/mass in Skim_TriLep_DYJets.root
2025-11-10 12:27:21,485 - INFO - [2023BPix] MISSING_CENTRAL: WZ1E2Mu/Central/jets/2/mass in Skim_TriLep_DYJets10to50.root
2025-11-10 12:27:21,485 - INFO - [2023BPix] MISSING_CENTRAL: WZ1E2Mu/Central/jets/2/mass in Skim_TriLep_DYGTo2LG_MLL4to50_PTG10to100.root
2025-11-10 12:27:21,486 - INFO - [2023BPix] MISSING_CENTRAL: WZ1E2Mu/Central/jets/2/mass in Skim_TriLep_DYGTo2LG_MLL4to50_PTG100to200.root
2025-11-10 12:27:21,486 - INFO - [2023BPix] MISSING_CENTRAL: WZ1E2Mu/Central/jets/2/mass in Skim_TriLep_DYGTo2LG_MLL4to50_PTG200toInf.root
2025-11-10 12:27:21,491 - INFO - [2023BPix] MISSING_CENTRAL: WZ1E2Mu/Central/jets/2/mass in Skim_TriLep_TTG_PTG200toInf.root
2025-11-10 12:27:21,494 - INFO - [2023BPix] MISSING_FILE: /home/choij/Sync/workspace/ChargedHiggsAnalysisV3/SKNanoOutput/CRPromptSelector/Run1E2Mu_RunNoWZSF_RunSyst/2023BPix/Skim_TriLep_ZZTo4L_powheg.root
2025-11-10 12:27:21,498 - INFO - [2023BPix] MISSING_FILE: /home/choij/Sync/workspace/ChargedHiggsAnalysisV3/SKNanoOutput/CRPromptSelector/Run1E2Mu_RunNoWZSF_RunSyst/2023BPix/Skim_TriLep_VBFHToZZTo4L.root
2025-11-10 12:27:21,498 - INFO - [2023BPix] MISSING_FILE: /home/choij/Sync/workspace/ChargedHiggsAnalysisV3/SKNanoOutput/CRPromptSelector/Run1E2Mu_RunNoWZSF_RunSyst/2023BPix/Skim_TriLep_ggHToZZTo4L.root
2025-11-13 11:17:41,190 - INFO - [2023BPix] MISSING_CENTRAL: WZ1E2Mu/Central/jets/2/mass in Skim_TriLep_DYJets.root
2025-11-13 11:17:41,191 - INFO - [2023BPix] MISSING_CENTRAL: WZ1E2Mu/Central/jets/2/mass in Skim_TriLep_DYJets10to50.root
2025-11-13 11:17:41,191 - INFO - [2023BPix] MISSING_CENTRAL: WZ1E2Mu/Central/jets/2/mass in Skim_TriLep_DYGTo2LG_MLL4to50_PTG10to100.root
2025-11-13 11:17:41,192 - INFO - [2023BPix] MISSING_CENTRAL: WZ1E2Mu/Central/jets/2/mass in Skim_TriLep_DYGTo2LG_MLL4to50_PTG100to200.root
2025-11-13 11:17:41,192 - INFO - [2023BPix] MISSING_CENTRAL: WZ1E2Mu/Central/jets/2/mass in Skim_TriLep_DYGTo2LG_MLL4to50_PTG200toInf.root
2025-11-13 11:17:41,239 - INFO - [2023BPix] MISSING_CENTRAL: WZ1E2Mu/Central/jets/2/mass in Skim_TriLep_TTG_PTG200toInf.root
2025-11-13 11:17:46,974 - INFO - [2023BPix] MISSING_CENTRAL: WZ1E2Mu/Central/jets/2/mass in Skim_TriLep_DYJets.root
2025-11-13 11:17:46,974 - INFO - [2023BPix] MISSING_CENTRAL: WZ1E2Mu/Central/jets/2/mass in Skim_TriLep_DYJets10to50.root
2025-11-13 11:17:46,975 - INFO - [2023BPix] MISSING_CENTRAL: WZ1E2Mu/Central/jets/2/mass in Skim_TriLep_DYGTo2LG_MLL4to50_PTG10to100.root
2025-11-13 11:17:46,976 - INFO - [2023BPix] MISSING_CENTRAL: WZ1E2Mu/Central/jets/2/mass in Skim_TriLep_DYGTo2LG_MLL4to50_PTG100to200.root
2025-11-13 11:17:46,976 - INFO - [2023BPix] MISSING_CENTRAL: WZ1E2Mu/Central/jets/2/mass in Skim_TriLep_DYGTo2LG_MLL4to50_PTG200toInf.root
2025-11-13 11:17:46,982 - INFO - [2023BPix] MISSING_CENTRAL: WZ1E2Mu/Central/jets/2/mass in Skim_TriLep_TTG_PTG200toInf.root
2025-11-13 11:17:46,985 - INFO - [2023BPix] MISSING_FILE: /data9/Users/choij/Sync/workspace/ChargedHiggsAnalysisV3/SKNanoOutput/CRPromptSelector/Run1E2Mu_RunNoWZSF_RunSyst/2023BPix/Skim_TriLep_ZZTo4L_powheg.root
2025-11-13 11:17:46,990 - INFO - [2023BPix] MISSING_FILE: /data9/Users/choij/Sync/workspace/ChargedHiggsAnalysisV3/SKNanoOutput/CRPromptSelector/Run1E2Mu_RunNoWZSF_RunSyst/2023BPix/Skim_TriLep_VBFHToZZTo4L.root
2025-11-13 11:17:46,990 - INFO - [2023BPix] MISSING_FILE: /data9/Users/choij/Sync/workspace/ChargedHiggsAnalysisV3/SKNanoOutput/CRPromptSelector/Run1E2Mu_RunNoWZSF_RunSyst/2023BPix/Skim_TriLep_ggHToZZTo4L.root
2025-11-19 00:20:06,282 - INFO - [2023BPix] MISSING_CENTRAL: WZ1E2Mu/Central/jets/2/mass in Skim_TriLep_DYJets.root
2025-11-19 00:20:06,282 - INFO - [2023BPix] MISSING_CENTRAL: WZ1E2Mu/Central/jets/2/mass in Skim_TriLep_DYJets10to50.root
2025-11-19 00:20:06,283 - INFO - [2023BPix] MISSING_CENTRAL: WZ1E2Mu/Central/jets/2/mass in Skim_TriLep_DYGTo2LG_MLL4to50_PTG10to100.root
2025-11-19 00:20:06,283 - INFO - [2023BPix] MISSING_CENTRAL: WZ1E2Mu/Central/jets/2/mass in Skim_TriLep_DYGTo2LG_MLL4to50_PTG100to200.root
2025-11-19 00:20:06,284 - INFO - [2023BPix] MISSING_CENTRAL: WZ1E2Mu/Central/jets/2/mass in Skim_TriLep_DYGTo2LG_MLL4to50_PTG200toInf.root
2025-11-19 00:20:06,331 - INFO - [2023BPix] MISSING_CENTRAL: WZ1E2Mu/Central/jets/2/mass in Skim_TriLep_TTG_PTG200toInf.root
2025-11-19 00:20:06,355 - INFO - [2023BPix] MISSING_FILE: /data9/Users/choij/Sync/workspace/ChargedHiggsAnalysisV3/SKNanoOutput/CRPromptSelector/Run1E2Mu_RunSyst/2023BPix/Skim_TriLep_WZTo3LNu_powheg.root
2025-11-19 00:20:11,071 - INFO - [2023BPix] MISSING_CENTRAL: WZ1E2Mu/Central/jets/2/mass in Skim_TriLep_DYJets.root
2025-11-19 00:20:11,072 - INFO - [2023BPix] MISSING_CENTRAL: WZ1E2Mu/Central/jets/2/mass in Skim_TriLep_DYJets10to50.root
2025-11-19 00:20:11,073 - INFO - [2023BPix] MISSING_CENTRAL: WZ1E2Mu/Central/jets/2/mass in Skim_TriLep_DYGTo2LG_MLL4to50_PTG10to100.root
2025-11-19 00:20:11,074 - INFO - [2023BPix] MISSING_CENTRAL: WZ1E2Mu/Central/jets/2/mass in Skim_TriLep_DYGTo2LG_MLL4to50_PTG100to200.root
2025-11-19 00:20:11,075 - INFO - [2023BPix] MISSING_CENTRAL: WZ1E2Mu/Central/jets/2/mass in Skim_TriLep_DYGTo2LG_MLL4to50_PTG200toInf.root
2025-11-19 00:20:11,084 - INFO - [2023BPix] MISSING_CENTRAL: WZ1E2Mu/Central/jets/2/mass in Skim_TriLep_TTG_PTG200toInf.root
2025-11-19 00:20:11,088 - INFO - [2023BPix] MISSING_FILE: /data9/Users/choij/Sync/workspace/ChargedHiggsAnalysisV3/SKNanoOutput/CRPromptSelector/Run1E2Mu_RunNoWZSF_RunSyst/2023BPix/Skim_TriLep_WZTo3LNu_powheg.root
2025-11-19 00:20:11,089 - INFO - [2023BPix] MISSING_FILE: /data9/Users/choij/Sync/workspace/ChargedHiggsAnalysisV3/SKNanoOutput/CRPromptSelector/Run1E2Mu_RunNoWZSF_RunSyst/2023BPix/Skim_TriLep_ZZTo4L_powheg.root
2025-11-19 00:20:11,094 - INFO - [2023BPix] MISSING_FILE: /data9/Users/choij/Sync/workspace/ChargedHiggsAnalysisV3/SKNanoOutput/CRPromptSelector/Run1E2Mu_RunNoWZSF_RunSyst/2023BPix/Skim_TriLep_VBFHToZZTo4L.root
2025-11-19 00:20:11,094 - INFO - [2023BPix] MISSING_FILE: /data9/Users/choij/Sync/workspace/ChargedHiggsAnalysisV3/SKNanoOutput/CRPromptSelector/Run1E2Mu_RunNoWZSF_RunSyst/2023BPix/Skim_TriLep_ggHToZZTo4L.root
2025-11-19 15:45:23,786 - INFO - [2023BPix] MISSING_CENTRAL: WZ1E2Mu/Central/jets/2/mass in Skim_TriLep_DYJets.root
2025-11-19 15:45:23,787 - INFO - [2023BPix] MISSING_CENTRAL: WZ1E2Mu/Central/jets/2/mass in Skim_TriLep_DYJets10to50.root
2025-11-19 15:45:23,787 - INFO - [2023BPix] MISSING_CENTRAL: WZ1E2Mu/Central/jets/2/mass in Skim_TriLep_DYGTo2LG_MLL4to50_PTG10to100.root
2025-11-19 15:45:23,787 - INFO - [2023BPix] MISSING_CENTRAL: WZ1E2Mu/Central/jets/2/mass in Skim_TriLep_DYGTo2LG_MLL4to50_PTG100to200.root
2025-11-19 15:45:23,788 - INFO - [2023BPix] MISSING_CENTRAL: WZ1E2Mu/Central/jets/2/mass in Skim_TriLep_DYGTo2LG_MLL4to50_PTG200toInf.root
2025-11-19 15:45:23,828 - INFO - [2023BPix] MISSING_CENTRAL: WZ1E2Mu/Central/jets/2/mass in Skim_TriLep_TTG_PTG200toInf.root
2025-11-19 15:45:28,919 - INFO - [2023BPix] MISSING_CENTRAL: WZ1E2Mu/Central/jets/2/mass in Skim_TriLep_DYJets.root
2025-11-19 15:45:28,919 - INFO - [2023BPix] MISSING_CENTRAL: WZ1E2Mu/Central/jets/2/mass in Skim_TriLep_DYJets10to50.root
2025-11-19 15:45:28,920 - INFO - [2023BPix] MISSING_CENTRAL: WZ1E2Mu/Central/jets/2/mass in Skim_TriLep_DYGTo2LG_MLL4to50_PTG10to100.root
2025-11-19 15:45:28,920 - INFO - [2023BPix] MISSING_CENTRAL: WZ1E2Mu/Central/jets/2/mass in Skim_TriLep_DYGTo2LG_MLL4to50_PTG100to200.root
2025-11-19 15:45:28,920 - INFO - [2023BPix] MISSING_CENTRAL: WZ1E2Mu/Central/jets/2/mass in Skim_TriLep_DYGTo2LG_MLL4to50_PTG200toInf.root
2025-11-19 15:45:28,925 - INFO - [2023BPix] MISSING_CENTRAL: WZ1E2Mu/Central/jets/2/mass in Skim_TriLep_TTG_PTG200toInf.root
2025-11-19 15:45:28,927 - INFO - [2023BPix] MISSING_FILE: /home/choij/Sync/workspace/ChargedHiggsAnalysisV3/SKNanoOutput/CRPromptSelector/Run1E2Mu_RunNoWZSF_RunSyst/2023BPix/Skim_TriLep_ZZTo4L_powheg.root
2025-11-19 15:45:28,931 - INFO - [2023BPix] MISSING_FILE: /home/choij/Sync/workspace/ChargedHiggsAnalysisV3/SKNanoOutput/CRPromptSelector/Run1E2Mu_RunNoWZSF_RunSyst/2023BPix/Skim_TriLep_VBFHToZZTo4L.root
2025-11-19 15:45:28,931 - INFO - [2023BPix] MISSING_FILE: /home/choij/Sync/workspace/ChargedHiggsAnalysisV3/SKNanoOutput/CRPromptSelector/Run1E2Mu_RunNoWZSF_RunSyst/2023BPix/Skim_TriLep_ggHToZZTo4L.root
2025-11-19 16:29:44,345 - INFO - [2023BPix] MISSING_CENTRAL: WZ1E2Mu/Central/jets/2/mass in Skim_TriLep_DYJets.root
2025-11-19 16:29:44,346 - INFO - [2023BPix] MISSING_CENTRAL: WZ1E2Mu/Central/jets/2/mass in Skim_TriLep_DYJets10to50.root
2025-11-19 16:29:44,346 - INFO - [2023BPix] MISSING_CENTRAL: WZ1E2Mu/Central/jets/2/mass in Skim_TriLep_DYGTo2LG_MLL4to50_PTG10to100.root
2025-11-19 16:29:44,347 - INFO - [2023BPix] MISSING_CENTRAL: WZ1E2Mu/Central/jets/2/mass in Skim_TriLep_DYGTo2LG_MLL4to50_PTG100to200.root
2025-11-19 16:29:44,347 - INFO - [2023BPix] MISSING_CENTRAL: WZ1E2Mu/Central/jets/2/mass in Skim_TriLep_DYGTo2LG_MLL4to50_PTG200toInf.root
2025-11-19 16:29:44,399 - INFO - [2023BPix] MISSING_CENTRAL: WZ1E2Mu/Central/jets/2/mass in Skim_TriLep_TTG_PTG200toInf.root
2025-11-19 16:29:49,279 - INFO - [2023BPix] MISSING_CENTRAL: WZ1E2Mu/Central/jets/2/mass in Skim_TriLep_DYJets.root
2025-11-19 16:29:49,280 - INFO - [2023BPix] MISSING_CENTRAL: WZ1E2Mu/Central/jets/2/mass in Skim_TriLep_DYJets10to50.root
2025-11-19 16:29:49,280 - INFO - [2023BPix] MISSING_CENTRAL: WZ1E2Mu/Central/jets/2/mass in Skim_TriLep_DYGTo2LG_MLL4to50_PTG10to100.root
2025-11-19 16:29:49,281 - INFO - [2023BPix] MISSING_CENTRAL: WZ1E2Mu/Central/jets/2/mass in Skim_TriLep_DYGTo2LG_MLL4to50_PTG100to200.root
2025-11-19 16:29:49,281 - INFO - [2023BPix] MISSING_CENTRAL: WZ1E2Mu/Central/jets/2/mass in Skim_TriLep_DYGTo2LG_MLL4to50_PTG200toInf.root
2025-11-19 16:29:49,286 - INFO - [2023BPix] MISSING_CENTRAL: WZ1E2Mu/Central/jets/2/mass in Skim_TriLep_TTG_PTG200toInf.root
2025-11-19 16:29:49,289 - INFO - [2023BPix] MISSING_FILE: /home/choij/Sync/workspace/ChargedHiggsAnalysisV3/SKNanoOutput/CRPromptSelector/Run1E2Mu_RunNoWZSF_RunSyst/2023BPix/Skim_TriLep_ZZTo4L_powheg.root
2025-11-19 16:29:49,293 - INFO - [2023BPix] MISSING_FILE: /home/choij/Sync/workspace/ChargedHiggsAnalysisV3/SKNanoOutput/CRPromptSelector/Run1E2Mu_RunNoWZSF_RunSyst/2023BPix/Skim_TriLep_VBFHToZZTo4L.root
2025-11-19 16:29:49,293 - INFO - [2023BPix] MISSING_FILE: /home/choij/Sync/workspace/ChargedHiggsAnalysisV3/SKNanoOutput/CRPromptSelector/Run1E2Mu_RunNoWZSF_RunSyst/2023BPix/Skim_TriLep_ggHToZZTo4L.root
2025-12-17 12:28:41,426 - INFO - [2023BPix] MISSING_CENTRAL: WZ1E2Mu/Central/jets/2/mass in Skim_TriLep_DYJets10to50.root
2025-12-17 12:28:41,446 - INFO - [2023BPix] MISSING_CENTRAL: WZ1E2Mu/Central/jets/2/mass in Skim_TriLep_TTG_PTG200toInf.root
2025-12-17 12:28:46,907 - INFO - [2023BPix] MISSING_CENTRAL: WZ1E2Mu/Central/jets/2/mass in Skim_TriLep_DYJets10to50.root
2025-12-17 12:28:46,910 - INFO - [2023BPix] MISSING_CENTRAL: WZ1E2Mu/Central/jets/2/mass in Skim_TriLep_TTG_PTG200toInf.root
2025-12-17 12:28:46,915 - INFO - [2023BPix] MISSING_FILE: /data9/Users/choij/Sync/workspace/ChargedHiggsAnalysisV3/SKNanoOutput/CRPromptSelector/Run1E2Mu_RunNoWZSF_RunSyst/2023BPix/Skim_TriLep_ZZTo4L_powheg.root
2025-12-17 12:28:46,922 - INFO - [2023BPix] MISSING_FILE: /data9/Users/choij/Sync/workspace/ChargedHiggsAnalysisV3/SKNanoOutput/CRPromptSelector/Run1E2Mu_RunNoWZSF_RunSyst/2023BPix/Skim_TriLep_VBFHToZZTo4L.root
2025-12-17 12:28:46,923 - INFO - [2023BPix] MISSING_FILE: /data9/Users/choij/Sync/workspace/ChargedHiggsAnalysisV3/SKNanoOutput/CRPromptSelector/Run1E2Mu_RunNoWZSF_RunSyst/2023BPix/Skim_TriLep_ggHToZZTo4L.root
2025-12-17 16:10:12,341 - INFO - [2023BPix] MISSING_CENTRAL: WZ1E2Mu/Central/jets/2/mass in Skim_TriLep_DYJets10to50.root
2025-12-17 16:10:12,355 - INFO - [2023BPix] MISSING_CENTRAL: WZ1E2Mu/Central/jets/2/mass in Skim_TriLep_TTG_PTG200toInf.root
2025-12-17 16:10:17,223 - INFO - [2023BPix] MISSING_CENTRAL: WZ1E2Mu/Central/jets/2/mass in Skim_TriLep_DYJets10to50.root
2025-12-17 16:10:17,225 - INFO - [2023BPix] MISSING_CENTRAL: WZ1E2Mu/Central/jets/2/mass in Skim_TriLep_TTG_PTG200toInf.root
2025-12-17 16:10:17,228 - INFO - [2023BPix] MISSING_FILE: /data9/Users/choij/Sync/workspace/ChargedHiggsAnalysisV3/SKNanoOutput/CRPromptSelector/Run1E2Mu_RunNoWZSF_RunSyst/2023BPix/Skim_TriLep_WZTo3LNu_powheg.root
2025-12-17 16:10:17,228 - INFO - [2023BPix] MISSING_FILE: /data9/Users/choij/Sync/workspace/ChargedHiggsAnalysisV3/SKNanoOutput/CRPromptSelector/Run1E2Mu_RunNoWZSF_RunSyst/2023BPix/Skim_TriLep_ZZTo4L_powheg.root
2025-12-17 16:10:17,232 - INFO - [2023BPix] MISSING_FILE: /data9/Users/choij/Sync/workspace/ChargedHiggsAnalysisV3/SKNanoOutput/CRPromptSelector/Run1E2Mu_RunNoWZSF_RunSyst/2023BPix/Skim_TriLep_VBFHToZZTo4L.root
2025-12-17 16:10:17,232 - INFO - [2023BPix] MISSING_FILE: /data9/Users/choij/Sync/workspace/ChargedHiggsAnalysisV3/SKNanoOutput/CRPromptSelector/Run1E2Mu_RunNoWZSF_RunSyst/2023BPix/Skim_TriLep_ggHToZZTo4L.root
2025-12-17 22:44:47,084 - INFO - [2023BPix] MISSING_CENTRAL: WZ1E2Mu/Central/jets/2/mass in Skim_TriLep_DYJets10to50.root
2025-12-17 22:44:47,105 - INFO - [2023BPix] MISSING_CENTRAL: WZ1E2Mu/Central/jets/2/mass in Skim_TriLep_TTG_PTG200toInf.root
2025-12-17 22:44:51,880 - INFO - [2023BPix] MISSING_CENTRAL: WZ1E2Mu/Central/jets/2/mass in Skim_TriLep_DYJets10to50.root
2025-12-17 22:44:51,883 - INFO - [2023BPix] MISSING_CENTRAL: WZ1E2Mu/Central/jets/2/mass in Skim_TriLep_TTG_PTG200toInf.root
2025-12-17 22:44:51,888 - INFO - [2023BPix] MISSING_FILE: /data9/Users/choij/Sync/workspace/ChargedHiggsAnalysisV3/SKNanoOutput/CRPromptSelector/Run1E2Mu_RunNoWZSF_RunSyst/2023BPix/Skim_TriLep_WZTo3LNu_powheg.root
2025-12-17 22:44:51,888 - INFO - [2023BPix] MISSING_FILE: /data9/Users/choij/Sync/workspace/ChargedHiggsAnalysisV3/SKNanoOutput/CRPromptSelector/Run1E2Mu_RunNoWZSF_RunSyst/2023BPix/Skim_TriLep_ZZTo4L_powheg.root
2025-12-17 22:44:51,895 - INFO - [2023BPix] MISSING_FILE: /data9/Users/choij/Sync/workspace/ChargedHiggsAnalysisV3/SKNanoOutput/CRPromptSelector/Run1E2Mu_RunNoWZSF_RunSyst/2023BPix/Skim_TriLep_VBFHToZZTo4L.root
2025-12-17 22:44:51,896 - INFO - [2023BPix] MISSING_FILE: /data9/Users/choij/Sync/workspace/ChargedHiggsAnalysisV3/SKNanoOutput/CRPromptSelector/Run1E2Mu_RunNoWZSF_RunSyst/2023BPix/Skim_TriLep_ggHToZZTo4L.root
2025-12-18 14:46:01,034 - INFO - [2023BPix] MISSING_CENTRAL: WZ1E2Mu/Central/jets/2/mass in Skim_TriLep_DYJets10to50.root
2025-12-18 14:46:01,056 - INFO - [2023BPix] MISSING_CENTRAL: WZ1E2Mu/Central/jets/2/mass in Skim_TriLep_TTG_PTG200toInf.root
2025-12-18 14:46:05,014 - INFO - [2023BPix] MISSING_CENTRAL: WZ1E2Mu/Central/jets/2/mass in Skim_TriLep_DYJets10to50.root
2025-12-18 14:46:05,018 - INFO - [2023BPix] MISSING_CENTRAL: WZ1E2Mu/Central/jets/2/mass in Skim_TriLep_TTG_PTG200toInf.root
2025-12-18 14:46:05,023 - INFO - [2023BPix] MISSING_FILE: /data9/Users/choij/Sync/workspace/ChargedHiggsAnalysisV3/SKNanoOutput/CRPromptSelector/Run1E2Mu_RunNoWZSF_RunSyst/2023BPix/Skim_TriLep_WZTo3LNu_powheg.root
2025-12-18 14:46:05,024 - INFO - [2023BPix] MISSING_FILE: /data9/Users/choij/Sync/workspace/ChargedHiggsAnalysisV3/SKNanoOutput/CRPromptSelector/Run1E2Mu_RunNoWZSF_RunSyst/2023BPix/Skim_TriLep_ZZTo4L_powheg.root
2025-12-18 14:46:05,032 - INFO - [2023BPix] MISSING_FILE: /data9/Users/choij/Sync/workspace/ChargedHiggsAnalysisV3/SKNanoOutput/CRPromptSelector/Run1E2Mu_RunNoWZSF_RunSyst/2023BPix/Skim_TriLep_VBFHToZZTo4L.root
2025-12-18 14:46:05,033 - INFO - [2023BPix] MISSING_FILE: /data9/Users/choij/Sync/workspace/ChargedHiggsAnalysisV3/SKNanoOutput/CRPromptSelector/Run1E2Mu_RunNoWZSF_RunSyst/2023BPix/Skim_TriLep_ggHToZZTo4L.root
2025-12-18 22:08:19,517 - INFO - [2023BPix] MISSING_CENTRAL: WZ1E2Mu/Central/jets/2/mass in Skim_TriLep_DYJets10to50.root
2025-12-18 22:08:19,535 - INFO - [2023BPix] MISSING_CENTRAL: WZ1E2Mu/Central/jets/2/mass in Skim_TriLep_TTG_PTG200toInf.root
2025-12-18 22:08:24,209 - INFO - [2023BPix] MISSING_CENTRAL: WZ1E2Mu/Central/jets/2/mass in Skim_TriLep_DYJets10to50.root
2025-12-18 22:08:24,212 - INFO - [2023BPix] MISSING_CENTRAL: WZ1E2Mu/Central/jets/2/mass in Skim_TriLep_TTG_PTG200toInf.root
2025-12-18 22:08:24,216 - INFO - [2023BPix] MISSING_FILE: /data9/Users/choij/Sync/workspace/ChargedHiggsAnalysisV3/SKNanoOutput/CRPromptSelector/Run1E2Mu_RunNoWZSF_RunSyst/2023BPix/Skim_TriLep_ZZTo4L_powheg.root
2025-12-18 22:08:24,220 - INFO - [2023BPix] MISSING_FILE: /data9/Users/choij/Sync/workspace/ChargedHiggsAnalysisV3/SKNanoOutput/CRPromptSelector/Run1E2Mu_RunNoWZSF_RunSyst/2023BPix/Skim_TriLep_VBFHToZZTo4L.root
2025-12-18 22:08:24,220 - INFO - [2023BPix] MISSING_FILE: /data9/Users/choij/Sync/workspace/ChargedHiggsAnalysisV3/SKNanoOutput/CRPromptSelector/Run1E2Mu_RunNoWZSF_RunSyst/2023BPix/Skim_TriLep_ggHToZZTo4L.root
2026-01-07 11:54:50,192 - INFO - [2023BPix] MISSING_FILE: /data9/Users/choij/Sync/workspace/ChargedHiggsAnalysisV3/SKNanoOutput/CRPromptSelector/Run1E2Mu/2023BPix/Skim_TriLep_MuonEG_D_v1.root
2026-01-07 11:54:50,193 - INFO - [2023BPix] MISSING_FILE: /data9/Users/choij/Sync/workspace/ChargedHiggsAnalysisV3/SKNanoOutput/CRPromptSelector/Run1E2Mu/2023BPix/Skim_TriLep_MuonEG_D_v2.root
2026-01-07 11:54:53,450 - INFO - [2023BPix] MISSING_FILE: /data9/Users/choij/Sync/workspace/ChargedHiggsAnalysisV3/SKNanoOutput/CRPromptSelector/Run1E2Mu/2023BPix/Skim_TriLep_MuonEG_D_v1.root
2026-01-07 11:54:53,450 - INFO - [2023BPix] MISSING_FILE: /data9/Users/choij/Sync/workspace/ChargedHiggsAnalysisV3/SKNanoOutput/CRPromptSelector/Run1E2Mu/2023BPix/Skim_TriLep_MuonEG_D_v2.root
2026-01-07 18:51:22,225 - INFO - [2023BPix] MISSING_CENTRAL: WZ1E2Mu/Central/jets/2/mass in Skim_TriLep_DYJets10to50.root
2026-01-07 18:51:22,248 - INFO - [2023BPix] MISSING_CENTRAL: WZ1E2Mu/Central/jets/2/mass in Skim_TriLep_TTG_PTG200toInf.root
2026-01-07 18:51:26,829 - INFO - [2023BPix] MISSING_CENTRAL: WZ1E2Mu/Central/jets/2/mass in Skim_TriLep_DYJets10to50.root
2026-01-07 18:51:26,833 - INFO - [2023BPix] MISSING_CENTRAL: WZ1E2Mu/Central/jets/2/mass in Skim_TriLep_TTG_PTG200toInf.root
2026-01-07 18:51:26,839 - INFO - [2023BPix] MISSING_FILE: /data9/Users/choij/Sync/workspace/ChargedHiggsAnalysisV3/SKNanoOutput/CRPromptSelector/Run1E2Mu_RunNoWZSF_RunSyst/2023BPix/Skim_TriLep_ZZTo4L_powheg.root
2026-01-07 18:51:26,847 - INFO - [2023BPix] MISSING_FILE: /data9/Users/choij/Sync/workspace/ChargedHiggsAnalysisV3/SKNanoOutput/CRPromptSelector/Run1E2Mu_RunNoWZSF_RunSyst/2023BPix/Skim_TriLep_VBFHToZZTo4L.root
2026-01-07 18:51:26,847 - INFO - [2023BPix] MISSING_FILE: /data9/Users/choij/Sync/workspace/ChargedHiggsAnalysisV3/SKNanoOutput/CRPromptSelector/Run1E2Mu_RunNoWZSF_RunSyst/2023BPix/Skim_TriLep_ggHToZZTo4L.root
2026-01-08 23:12:29,708 - INFO - [2023BPix] MISSING_CENTRAL: WZ1E2Mu/Central/jets/2/mass in Skim_TriLep_DYJets10to50.root
2026-01-08 23:12:29,732 - INFO - [2023BPix] MISSING_CENTRAL: WZ1E2Mu/Central/jets/2/mass in Skim_TriLep_TTG_PTG200toInf.root
2026-01-08 23:12:34,432 - INFO - [2023BPix] MISSING_CENTRAL: WZ1E2Mu/Central/jets/2/mass in Skim_TriLep_DYJets10to50.root
2026-01-08 23:12:34,435 - INFO - [2023BPix] MISSING_CENTRAL: WZ1E2Mu/Central/jets/2/mass in Skim_TriLep_TTG_PTG200toInf.root
2026-01-08 23:12:34,438 - INFO - [2023BPix] MISSING_FILE: /data9/Users/choij/Sync/workspace/ChargedHiggsAnalysisV3/SKNanoOutput/CRPromptSelector/Run1E2Mu_RunNoWZSF_RunSyst/2023BPix/Skim_TriLep_ZZTo4L_powheg.root
2026-01-08 23:12:34,443 - INFO - [2023BPix] MISSING_FILE: /data9/Users/choij/Sync/workspace/ChargedHiggsAnalysisV3/SKNanoOutput/CRPromptSelector/Run1E2Mu_RunNoWZSF_RunSyst/2023BPix/Skim_TriLep_VBFHToZZTo4L.root
2026-01-08 23:12:34,443 - INFO - [2023BPix] MISSING_FILE: /data9/Users/choij/Sync/workspace/ChargedHiggsAnalysisV3/SKNanoOutput/CRPromptSelector/Run1E2Mu_RunNoWZSF_RunSyst/2023BPix/Skim_TriLep_ggHToZZTo4L.root
2026-01-09 12:26:21,657 - INFO - [2023BPix] MISSING_CENTRAL: WZ1E2Mu/Central/jets/2/mass in Skim_TriLep_DYJets10to50.root
2026-01-09 12:26:21,668 - INFO - [2023BPix] MISSING_CENTRAL: WZ1E2Mu/Central/jets/2/mass in Skim_TriLep_TTG_PTG200toInf.root
2026-01-09 12:26:26,711 - INFO - [2023BPix] MISSING_CENTRAL: WZ1E2Mu/Central/jets/2/mass in Skim_TriLep_DYJets10to50.root
2026-01-09 12:26:26,713 - INFO - [2023BPix] MISSING_CENTRAL: WZ1E2Mu/Central/jets/2/mass in Skim_TriLep_TTG_PTG200toInf.root
2026-01-09 12:26:26,716 - INFO - [2023BPix] MISSING_FILE: /home/choij/Sync/workspace/ChargedHiggsAnalysisV3/SKNanoOutput/CRPromptSelector/Run1E2Mu_RunNoWZSF_RunSyst/2023BPix/Skim_TriLep_ZZTo4L_powheg.root
2026-01-09 12:26:26,720 - INFO - [2023BPix] MISSING_FILE: /home/choij/Sync/workspace/ChargedHiggsAnalysisV3/SKNanoOutput/CRPromptSelector/Run1E2Mu_RunNoWZSF_RunSyst/2023BPix/Skim_TriLep_VBFHToZZTo4L.root
2026-01-09 12:26:26,720 - INFO - [2023BPix] MISSING_FILE: /home/choij/Sync/workspace/ChargedHiggsAnalysisV3/SKNanoOutput/CRPromptSelector/Run1E2Mu_RunNoWZSF_RunSyst/2023BPix/Skim_TriLep_ggHToZZTo4L.root
2026-01-11 09:46:22,670 - INFO - [2023BPix] MISSING_CENTRAL: WZ1E2Mu/Central/jets/2/mass in Skim_TriLep_DYJets10to50.root
2026-01-11 09:46:22,682 - INFO - [2023BPix] MISSING_CENTRAL: WZ1E2Mu/Central/jets/2/mass in Skim_TriLep_TTG_PTG200toInf.root
2026-01-11 09:46:27,700 - INFO - [2023BPix] MISSING_CENTRAL: WZ1E2Mu/Central/jets/2/mass in Skim_TriLep_DYJets10to50.root
2026-01-11 09:46:27,702 - INFO - [2023BPix] MISSING_CENTRAL: WZ1E2Mu/Central/jets/2/mass in Skim_TriLep_TTG_PTG200toInf.root
2026-01-11 09:46:27,705 - INFO - [2023BPix] MISSING_FILE: /home/choij/Sync/workspace/ChargedHiggsAnalysisV3/SKNanoOutput/CRPromptSelector/Run1E2Mu_RunNoWZSF_RunSyst/2023BPix/Skim_TriLep_ZZTo4L_powheg.root
2026-01-11 09:46:27,708 - INFO - [2023BPix] MISSING_FILE: /home/choij/Sync/workspace/ChargedHiggsAnalysisV3/SKNanoOutput/CRPromptSelector/Run1E2Mu_RunNoWZSF_RunSyst/2023BPix/Skim_TriLep_VBFHToZZTo4L.root
2026-01-11 09:46:27,709 - INFO - [2023BPix] MISSING_FILE: /home/choij/Sync/workspace/ChargedHiggsAnalysisV3/SKNanoOutput/CRPromptSelector/Run1E2Mu_RunNoWZSF_RunSyst/2023BPix/Skim_TriLep_ggHToZZTo4L.root
2026-01-12 13:55:14,581 - INFO - [2023BPix] MISSING_CENTRAL: WZ1E2Mu/Central/jets/2/mass in Skim_TriLep_DYJets10to50.root
2026-01-12 13:55:14,599 - INFO - [2023BPix] MISSING_CENTRAL: WZ1E2Mu/Central/jets/2/mass in Skim_TriLep_TTG_PTG200toInf.root
2026-01-12 13:55:19,748 - INFO - [2023BPix] MISSING_CENTRAL: WZ1E2Mu/Central/jets/2/mass in Skim_TriLep_DYJets10to50.root
2026-01-12 13:55:19,750 - INFO - [2023BPix] MISSING_CENTRAL: WZ1E2Mu/Central/jets/2/mass in Skim_TriLep_TTG_PTG200toInf.root
2026-01-12 13:55:19,753 - INFO - [2023BPix] MISSING_FILE: /home/choij/Sync/workspace/ChargedHiggsAnalysisV3/SKNanoOutput/CRPromptSelector/Run1E2Mu_RunNoWZSF_RunSyst/2023BPix/Skim_TriLep_ZZTo4L_powheg.root
2026-01-12 13:55:19,757 - INFO - [2023BPix] MISSING_FILE: /home/choij/Sync/workspace/ChargedHiggsAnalysisV3/SKNanoOutput/CRPromptSelector/Run1E2Mu_RunNoWZSF_RunSyst/2023BPix/Skim_TriLep_VBFHToZZTo4L.root
2026-01-12 13:55:19,757 - INFO - [2023BPix] MISSING_FILE: /home/choij/Sync/workspace/ChargedHiggsAnalysisV3/SKNanoOutput/CRPromptSelector/Run1E2Mu_RunNoWZSF_RunSyst/2023BPix/Skim_TriLep_ggHToZZTo4L.root
2026-01-16 19:09:55,921 - INFO - [2023BPix] MISSING_CENTRAL: WZ1E2Mu/Central/jets/2/mass in Skim_TriLep_DYJets10to50.root
2026-01-16 19:09:55,935 - INFO - [2023BPix] MISSING_CENTRAL: WZ1E2Mu/Central/jets/2/mass in Skim_TriLep_TTG_PTG200toInf.root
2026-01-16 19:10:01,005 - INFO - [2023BPix] MISSING_CENTRAL: WZ1E2Mu/Central/jets/2/mass in Skim_TriLep_DYJets10to50.root
2026-01-16 19:10:01,007 - INFO - [2023BPix] MISSING_CENTRAL: WZ1E2Mu/Central/jets/2/mass in Skim_TriLep_TTG_PTG200toInf.root
2026-01-16 19:10:01,010 - INFO - [2023BPix] MISSING_FILE: /home/choij/Sync/workspace/ChargedHiggsAnalysisV3/SKNanoOutput/CRPromptSelector/Run1E2Mu_RunNoWZSF_RunSyst/2023BPix/Skim_TriLep_ZZTo4L_powheg.root
2026-01-16 19:10:01,014 - INFO - [2023BPix] MISSING_FILE: /home/choij/Sync/workspace/ChargedHiggsAnalysisV3/SKNanoOutput/CRPromptSelector/Run1E2Mu_RunNoWZSF_RunSyst/2023BPix/Skim_TriLep_VBFHToZZTo4L.root
2026-01-16 19:10:01,014 - INFO - [2023BPix] MISSING_FILE: /home/choij/Sync/workspace/ChargedHiggsAnalysisV3/SKNanoOutput/CRPromptSelector/Run1E2Mu_RunNoWZSF_RunSyst/2023BPix/Skim_TriLep_ggHToZZTo4L.root
