2025-09-24 16:09:02,388 - INFO - [2022] MISSING_CENTRAL: ZG3Mu/Central/jets/3/mass in Skim_TriLep_DoubleMuon_C.root
2025-09-24 16:09:02,574 - INFO - [2022] MISSING_CENTRAL: ZG3Mu/Central/jets/3/mass in Skim_TriLep_Muon_D.root
2025-09-24 16:09:02,592 - INFO - [2022EE] MISSING_CENTRAL: ZG3Mu/Central/jets/3/mass in Skim_TriLep_Muon_E.root
2025-09-24 16:09:02,594 - INFO - [2022EE] MISSING_CENTRAL: ZG3Mu/Central/jets/3/mass in Skim_TriLep_Muon_G.root
2025-09-24 16:09:02,598 - INFO - [2023] MISSING_CENTRAL: ZG3Mu/Central/jets/3/mass in Skim_TriLep_Muon0_C_v1.root
2025-09-24 16:09:02,598 - INFO - [2023] MISSING_CENTRAL: ZG3Mu/Central/jets/3/mass in Skim_TriLep_Muon0_C_v3.root
2025-09-24 16:09:02,599 - INFO - [2023] MISSING_CENTRAL: ZG3Mu/Central/jets/3/mass in Skim_TriLep_Muon0_C_v4.root
2025-09-24 16:09:02,599 - INFO - [2023] MISSING_CENTRAL: ZG3Mu/Central/jets/3/mass in Skim_TriLep_Muon1_C_v1.root
2025-09-24 16:09:02,599 - INFO - [2023] MISSING_CENTRAL: ZG3Mu/Central/jets/3/mass in Skim_TriLep_Muon1_C_v2.root
2025-09-24 16:09:02,599 - INFO - [2023] MISSING_CENTRAL: ZG3Mu/Central/jets/3/mass in Skim_TriLep_Muon1_C_v3.root
2025-09-24 16:09:02,599 - INFO - [2023] MISSING_CENTRAL: ZG3Mu/Central/jets/3/mass in Skim_TriLep_Muon1_C_v4.root
2025-09-24 16:09:02,600 - INFO - [2023BPix] MISSING_CENTRAL: ZG3Mu/Central/jets/3/mass in Skim_TriLep_Muon0_D_v1.root
2025-09-24 16:09:02,600 - INFO - [2023BPix] MISSING_CENTRAL: ZG3Mu/Central/jets/3/mass in Skim_TriLep_Muon0_D_v2.root
2025-09-24 16:09:02,600 - INFO - [2023BPix] MISSING_CENTRAL: ZG3Mu/Central/jets/3/mass in Skim_TriLep_Muon1_D_v1.root
2025-09-24 16:09:02,600 - INFO - [2023BPix] MISSING_CENTRAL: ZG3Mu/Central/jets/3/mass in Skim_TriLep_Muon1_D_v2.root
2025-09-24 16:09:02,724 - INFO - [2022] MISSING_CENTRAL: ZG3Mu/Central/jets/3/mass in Skim_TriLep_DoubleMuon_C.root
2025-09-24 16:09:02,724 - INFO - [2022] MISSING_CENTRAL: ZG3Mu/Central/jets/3/mass in Skim_TriLep_Muon_C.root
2025-09-24 16:09:02,763 - INFO - [2022] MISSING_CENTRAL: ZG3Mu/Central/jets/3/mass in Skim_TriLep_Muon_D.root
2025-09-24 16:09:02,772 - INFO - [2022] MISSING_CENTRAL: ZG3Mu/Central/jets/3/mass in Skim_TriLep_DYJets.root
2025-09-24 16:09:02,772 - INFO - [2022] MISSING_CENTRAL: ZG3Mu/Central/jets/3/mass in Skim_TriLep_DYJets10to50.root
2025-09-24 16:09:02,867 - INFO - [2022] MISSING_CENTRAL: ZG3Mu/Central/jets/3/mass in Skim_TriLep_DYGTo2LG_MLL4to50_PTG100to200.root
2025-09-24 16:09:02,868 - INFO - [2022] MISSING_CENTRAL: ZG3Mu/Central/jets/3/mass in Skim_TriLep_DYGTo2LG_MLL4to50_PTG200toInf.root
2025-09-24 16:09:02,877 - INFO - [2022] MISSING_CENTRAL: ZG3Mu/Central/jets/3/mass in Skim_TriLep_DYGTo2LG_MLL50_PTG100to200.root
2025-09-24 16:09:02,877 - INFO - [2022] MISSING_CENTRAL: ZG3Mu/Central/jets/3/mass in Skim_TriLep_DYGTo2LG_MLL50_PTG200toInf.root
2025-09-24 16:09:02,877 - INFO - [2022] MISSING_CENTRAL: ZG3Mu/Central/jets/3/mass in Skim_TriLep_TTG_PTG10to100.root
2025-09-24 16:09:02,877 - INFO - [2022] MISSING_CENTRAL: ZG3Mu/Central/jets/3/mass in Skim_TriLep_TTG_PTG100to200.root
2025-09-24 16:09:02,877 - INFO - [2022] MISSING_CENTRAL: ZG3Mu/Central/jets/3/mass in Skim_TriLep_TTG_PTG200toInf.root
2025-09-24 16:09:02,878 - INFO - [2022] MISSING_CENTRAL: ZG3Mu/Central/jets/3/mass in Skim_TriLep_TTWToLNu.root
2025-09-24 16:09:02,878 - INFO - [2022] MISSING_CENTRAL: ZG3Mu/Central/jets/3/mass in Skim_TriLep_TTZ_M4to50.root
2025-09-24 16:09:02,878 - INFO - [2022] MISSING_CENTRAL: ZG3Mu/Central/jets/3/mass in Skim_TriLep_TTZ_M50.root
2025-09-24 16:09:02,883 - INFO - [2022] MISSING_CENTRAL: ZG3Mu/Central/jets/3/mass in Skim_TriLep_WZTo3LNu_powheg.root
2025-09-24 16:09:02,922 - INFO - [2022] MISSING_CENTRAL: ZG3Mu/Central/jets/3/mass in Skim_TriLep_tZq.root
2025-09-24 16:09:02,922 - INFO - [2022] MISSING_CENTRAL: ZG3Mu/Central/jets/3/mass in Skim_TriLep_tHq.root
2025-09-24 16:09:02,923 - INFO - [2022] MISSING_CENTRAL: ZG3Mu/Central/jets/3/mass in Skim_TriLep_WWW.root
2025-09-24 16:09:02,942 - INFO - [2022] MISSING_CENTRAL: ZG3Mu/Central/jets/3/mass in Skim_TriLep_WZZ.root
2025-09-24 16:09:02,958 - INFO - [2022] MISSING_CENTRAL: ZG3Mu/Central/jets/3/mass in Skim_TriLep_TTTT.root
2025-09-24 16:09:02,960 - INFO - [2022] MISSING_CENTRAL: ZG3Mu/Central/jets/3/mass in Skim_TriLep_VBFHToZZTo4L.root
2025-09-24 16:09:02,993 - INFO - [2022EE] MISSING_CENTRAL: ZG3Mu/Central/jets/3/mass in Skim_TriLep_DYJets10to50.root
2025-09-24 16:09:02,998 - INFO - [2022EE] MISSING_CENTRAL: ZG3Mu/Central/jets/3/mass in Skim_TriLep_DYGTo2LG_MLL4to50_PTG100to200.root
2025-09-24 16:09:02,998 - INFO - [2022EE] MISSING_CENTRAL: ZG3Mu/Central/jets/3/mass in Skim_TriLep_DYGTo2LG_MLL4to50_PTG200toInf.root
2025-09-24 16:09:03,002 - INFO - [2022EE] MISSING_CENTRAL: ZG3Mu/Central/jets/3/mass in Skim_TriLep_DYGTo2LG_MLL50_PTG100to200.root
2025-09-24 16:09:03,003 - INFO - [2022EE] MISSING_CENTRAL: ZG3Mu/Central/jets/3/mass in Skim_TriLep_DYGTo2LG_MLL50_PTG200toInf.root
2025-09-24 16:09:03,003 - INFO - [2022EE] MISSING_CENTRAL: ZG3Mu/Central/jets/3/mass in Skim_TriLep_TTG_PTG10to100.root
2025-09-24 16:09:03,003 - INFO - [2022EE] MISSING_CENTRAL: ZG3Mu/Central/jets/3/mass in Skim_TriLep_TTG_PTG100to200.root
2025-09-24 16:09:03,003 - INFO - [2022EE] MISSING_CENTRAL: ZG3Mu/Central/jets/3/mass in Skim_TriLep_TTG_PTG200toInf.root
2025-09-24 16:09:03,063 - INFO - [2022EE] MISSING_CENTRAL: ZG3Mu/Central/jets/3/mass in Skim_TriLep_tHq.root
2025-09-24 16:09:03,064 - INFO - [2022EE] MISSING_CENTRAL: ZG3Mu/Central/jets/3/mass in Skim_TriLep_WWW.root
2025-09-24 16:09:03,064 - INFO - [2022EE] MISSING_CENTRAL: ZG3Mu/Central/jets/3/mass in Skim_TriLep_WWZ.root
2025-09-24 16:09:03,092 - INFO - [2023] MISSING_CENTRAL: ZG3Mu/Central/jets/3/mass in Skim_TriLep_Muon0_C_v1.root
2025-09-24 16:09:03,092 - INFO - [2023] MISSING_CENTRAL: ZG3Mu/Central/jets/3/mass in Skim_TriLep_Muon0_C_v2.root
2025-09-24 16:09:03,093 - INFO - [2023] MISSING_CENTRAL: ZG3Mu/Central/jets/3/mass in Skim_TriLep_Muon0_C_v3.root
2025-09-24 16:09:03,093 - INFO - [2023] MISSING_CENTRAL: ZG3Mu/Central/jets/3/mass in Skim_TriLep_Muon0_C_v4.root
2025-09-24 16:09:03,095 - INFO - [2023] MISSING_CENTRAL: ZG3Mu/Central/jets/3/mass in Skim_TriLep_Muon1_C_v2.root
2025-09-24 16:09:03,095 - INFO - [2023] MISSING_CENTRAL: ZG3Mu/Central/jets/3/mass in Skim_TriLep_Muon1_C_v3.root
2025-09-24 16:09:03,113 - INFO - [2023] MISSING_CENTRAL: ZG3Mu/Central/jets/3/mass in Skim_TriLep_DYJets10to50.root
2025-09-24 16:09:03,162 - INFO - [2023] MISSING_CENTRAL: ZG3Mu/Central/jets/3/mass in Skim_TriLep_DYGTo2LG_MLL4to50_PTG200toInf.root
2025-09-24 16:09:03,171 - INFO - [2023] MISSING_CENTRAL: ZG3Mu/Central/jets/3/mass in Skim_TriLep_DYGTo2LG_MLL50_PTG100to200.root
2025-09-24 16:09:03,171 - INFO - [2023] MISSING_CENTRAL: ZG3Mu/Central/jets/3/mass in Skim_TriLep_DYGTo2LG_MLL50_PTG200to400.root
2025-09-24 16:09:03,171 - INFO - [2023] MISSING_CENTRAL: ZG3Mu/Central/jets/3/mass in Skim_TriLep_DYGTo2LG_MLL50_PTG400to600.root
2025-09-24 16:09:03,172 - INFO - [2023] MISSING_CENTRAL: ZG3Mu/Central/jets/3/mass in Skim_TriLep_DYGTo2LG_MLL50_PTG600toInf.root
2025-09-24 16:09:03,172 - INFO - [2023] MISSING_CENTRAL: ZG3Mu/Central/jets/3/mass in Skim_TriLep_TTG_PTG10to100.root
2025-09-24 16:09:03,172 - INFO - [2023] MISSING_CENTRAL: ZG3Mu/Central/jets/3/mass in Skim_TriLep_TTG_PTG100to200.root
2025-09-24 16:09:03,172 - INFO - [2023] MISSING_CENTRAL: ZG3Mu/Central/jets/3/mass in Skim_TriLep_TTG_PTG200toInf.root
2025-09-24 16:09:03,173 - INFO - [2023] MISSING_SYSTEMATIC: ZG3Mu/JetEn_Down/jets/3/mass in Skim_TriLep_TTWToLNu.root
2025-09-24 16:09:03,205 - INFO - [2023] MISSING_CENTRAL: ZG3Mu/Central/jets/3/mass in Skim_TriLep_tHq.root
2025-09-24 16:09:03,206 - INFO - [2023] MISSING_CENTRAL: ZG3Mu/Central/jets/3/mass in Skim_TriLep_WWW.root
2025-09-24 16:09:03,216 - INFO - [2023] MISSING_SYSTEMATIC: ZG3Mu/JetRes_Up/jets/3/mass in Skim_TriLep_ZZZ.root
2025-09-24 16:09:03,363 - INFO - [2023BPix] MISSING_CENTRAL: ZG3Mu/Central/jets/3/mass in Skim_TriLep_Muon0_D_v1.root
2025-09-24 16:09:03,363 - INFO - [2023BPix] MISSING_CENTRAL: ZG3Mu/Central/jets/3/mass in Skim_TriLep_Muon0_D_v2.root
2025-09-24 16:09:03,370 - INFO - [2023BPix] MISSING_CENTRAL: ZG3Mu/Central/jets/3/mass in Skim_TriLep_Muon1_D_v1.root
2025-09-24 16:09:03,380 - INFO - [2023BPix] MISSING_CENTRAL: ZG3Mu/Central/jets/3/mass in Skim_TriLep_Muon1_D_v2.root
2025-09-24 16:09:03,386 - INFO - [2023BPix] MISSING_CENTRAL: ZG3Mu/Central/jets/3/mass in Skim_TriLep_DYJets.root
2025-09-24 16:09:03,396 - INFO - [2023BPix] MISSING_CENTRAL: ZG3Mu/Central/jets/3/mass in Skim_TriLep_DYJets10to50.root
2025-09-24 16:09:03,480 - INFO - [2023BPix] MISSING_CENTRAL: ZG3Mu/Central/jets/3/mass in Skim_TriLep_DYGTo2LG_MLL4to50_PTG200toInf.root
2025-09-24 16:09:03,517 - INFO - [2023BPix] MISSING_CENTRAL: ZG3Mu/Central/jets/3/mass in Skim_TriLep_DYGTo2LG_MLL50_PTG200to400.root
2025-09-24 16:09:03,517 - INFO - [2023BPix] MISSING_CENTRAL: ZG3Mu/Central/jets/3/mass in Skim_TriLep_DYGTo2LG_MLL50_PTG400to600.root
2025-09-24 16:09:03,517 - INFO - [2023BPix] MISSING_CENTRAL: ZG3Mu/Central/jets/3/mass in Skim_TriLep_DYGTo2LG_MLL50_PTG600toInf.root
2025-09-24 16:09:03,518 - INFO - [2023BPix] MISSING_CENTRAL: ZG3Mu/Central/jets/3/mass in Skim_TriLep_TTG_PTG10to100.root
2025-09-24 16:09:03,524 - INFO - [2023BPix] MISSING_CENTRAL: ZG3Mu/Central/jets/3/mass in Skim_TriLep_TTG_PTG100to200.root
2025-09-24 16:09:03,526 - INFO - [2023BPix] MISSING_CENTRAL: ZG3Mu/Central/jets/3/mass in Skim_TriLep_TTG_PTG200toInf.root
2025-09-24 16:09:03,526 - INFO - [2023BPix] MISSING_CENTRAL: ZG3Mu/Central/jets/3/mass in Skim_TriLep_TTWToLNu.root
2025-09-24 16:09:03,581 - INFO - [2023BPix] MISSING_CENTRAL: ZG3Mu/Central/jets/3/mass in Skim_TriLep_tHq.root
2025-09-24 16:09:03,582 - INFO - [2023BPix] MISSING_CENTRAL: ZG3Mu/Central/jets/3/mass in Skim_TriLep_WWW.root
2025-09-24 16:09:03,582 - INFO - [2023BPix] MISSING_CENTRAL: ZG3Mu/Central/jets/3/mass in Skim_TriLep_WWZ.root
2025-09-24 16:09:03,591 - INFO - [2023BPix] MISSING_CENTRAL: ZG3Mu/Central/jets/3/mass in Skim_TriLep_TTTT.root
2025-09-24 16:09:14,215 - INFO - [2022] MISSING_CENTRAL: ZG3Mu/Central/jets/3/mass in Skim_TriLep_DoubleMuon_C.root
2025-09-24 16:09:14,249 - INFO - [2022] MISSING_CENTRAL: ZG3Mu/Central/jets/3/mass in Skim_TriLep_Muon_D.root
2025-09-24 16:09:14,263 - INFO - [2022EE] MISSING_CENTRAL: ZG3Mu/Central/jets/3/mass in Skim_TriLep_Muon_E.root
2025-09-24 16:09:14,264 - INFO - [2022EE] MISSING_CENTRAL: ZG3Mu/Central/jets/3/mass in Skim_TriLep_Muon_G.root
2025-09-24 16:09:14,264 - INFO - [2023] MISSING_CENTRAL: ZG3Mu/Central/jets/3/mass in Skim_TriLep_Muon0_C_v1.root
2025-09-24 16:09:14,264 - INFO - [2023] MISSING_CENTRAL: ZG3Mu/Central/jets/3/mass in Skim_TriLep_Muon0_C_v3.root
2025-09-24 16:09:14,265 - INFO - [2023] MISSING_CENTRAL: ZG3Mu/Central/jets/3/mass in Skim_TriLep_Muon0_C_v4.root
2025-09-24 16:09:14,265 - INFO - [2023] MISSING_CENTRAL: ZG3Mu/Central/jets/3/mass in Skim_TriLep_Muon1_C_v1.root
2025-09-24 16:09:14,265 - INFO - [2023] MISSING_CENTRAL: ZG3Mu/Central/jets/3/mass in Skim_TriLep_Muon1_C_v2.root
2025-09-24 16:09:14,266 - INFO - [2023] MISSING_CENTRAL: ZG3Mu/Central/jets/3/mass in Skim_TriLep_Muon1_C_v3.root
2025-09-24 16:09:14,266 - INFO - [2023] MISSING_CENTRAL: ZG3Mu/Central/jets/3/mass in Skim_TriLep_Muon1_C_v4.root
2025-09-24 16:09:14,266 - INFO - [2023BPix] MISSING_CENTRAL: ZG3Mu/Central/jets/3/mass in Skim_TriLep_Muon0_D_v1.root
2025-09-24 16:09:14,266 - INFO - [2023BPix] MISSING_CENTRAL: ZG3Mu/Central/jets/3/mass in Skim_TriLep_Muon0_D_v2.root
2025-09-24 16:09:14,267 - INFO - [2023BPix] MISSING_CENTRAL: ZG3Mu/Central/jets/3/mass in Skim_TriLep_Muon1_D_v1.root
2025-09-24 16:09:14,267 - INFO - [2023BPix] MISSING_CENTRAL: ZG3Mu/Central/jets/3/mass in Skim_TriLep_Muon1_D_v2.root
2025-09-24 16:09:14,344 - INFO - [2022] MISSING_CENTRAL: ZG3Mu/Central/jets/3/mass in Skim_TriLep_DoubleMuon_C.root
2025-09-24 16:09:14,350 - INFO - [2022] MISSING_CENTRAL: ZG3Mu/Central/jets/3/mass in Skim_TriLep_Muon_C.root
2025-09-24 16:09:14,350 - INFO - [2022] MISSING_CENTRAL: ZG3Mu/Central/jets/3/mass in Skim_TriLep_Muon_D.root
2025-09-24 16:09:14,352 - INFO - [2022] MISSING_CENTRAL: ZG3Mu/Central/jets/3/mass in Skim_TriLep_DYJets.root
2025-09-24 16:09:14,358 - INFO - [2022] MISSING_CENTRAL: ZG3Mu/Central/jets/3/mass in Skim_TriLep_DYJets10to50.root
2025-09-24 16:09:14,375 - INFO - [2022] MISSING_CENTRAL: ZG3Mu/Central/jets/3/mass in Skim_TriLep_DYGTo2LG_MLL4to50_PTG100to200.root
2025-09-24 16:09:14,376 - INFO - [2022] MISSING_CENTRAL: ZG3Mu/Central/jets/3/mass in Skim_TriLep_DYGTo2LG_MLL4to50_PTG200toInf.root
2025-09-24 16:09:14,376 - INFO - [2022] MISSING_CENTRAL: ZG3Mu/Central/jets/3/mass in Skim_TriLep_DYGTo2LG_MLL50_PTG100to200.root
2025-09-24 16:09:14,376 - INFO - [2022] MISSING_CENTRAL: ZG3Mu/Central/jets/3/mass in Skim_TriLep_DYGTo2LG_MLL50_PTG200toInf.root
2025-09-24 16:09:14,377 - INFO - [2022] MISSING_CENTRAL: ZG3Mu/Central/jets/3/mass in Skim_TriLep_TTG_PTG10to100.root
2025-09-24 16:09:14,377 - INFO - [2022] MISSING_CENTRAL: ZG3Mu/Central/jets/3/mass in Skim_TriLep_TTG_PTG100to200.root
2025-09-24 16:09:14,377 - INFO - [2022] MISSING_CENTRAL: ZG3Mu/Central/jets/3/mass in Skim_TriLep_TTG_PTG200toInf.root
2025-09-24 16:09:14,377 - INFO - [2022] MISSING_CENTRAL: ZG3Mu/Central/jets/3/mass in Skim_TriLep_TTWToLNu.root
2025-09-24 16:09:14,378 - INFO - [2022] MISSING_CENTRAL: ZG3Mu/Central/jets/3/mass in Skim_TriLep_TTZ_M4to50.root
2025-09-24 16:09:14,378 - INFO - [2022] MISSING_CENTRAL: ZG3Mu/Central/jets/3/mass in Skim_TriLep_TTZ_M50.root
2025-09-24 16:09:14,379 - INFO - [2022] MISSING_CENTRAL: ZG3Mu/Central/jets/3/mass in Skim_TriLep_WZTo3LNu_powheg.root
2025-09-24 16:09:14,385 - INFO - [2022] MISSING_CENTRAL: ZG3Mu/Central/jets/3/mass in Skim_TriLep_tZq.root
2025-09-24 16:09:14,385 - INFO - [2022] MISSING_CENTRAL: ZG3Mu/Central/jets/3/mass in Skim_TriLep_tHq.root
2025-09-24 16:09:14,385 - INFO - [2022] MISSING_CENTRAL: ZG3Mu/Central/jets/3/mass in Skim_TriLep_WWW.root
2025-09-24 16:09:14,386 - INFO - [2022] MISSING_CENTRAL: ZG3Mu/Central/jets/3/mass in Skim_TriLep_WZZ.root
2025-09-24 16:09:14,386 - INFO - [2022] MISSING_CENTRAL: ZG3Mu/Central/jets/3/mass in Skim_TriLep_TTTT.root
2025-09-24 16:09:14,387 - INFO - [2022] MISSING_CENTRAL: ZG3Mu/Central/jets/3/mass in Skim_TriLep_VBFHToZZTo4L.root
2025-09-24 16:09:14,389 - INFO - [2022EE] MISSING_CENTRAL: ZG3Mu/Central/jets/3/mass in Skim_TriLep_DYJets10to50.root
2025-09-24 16:09:14,389 - INFO - [2022EE] MISSING_CENTRAL: ZG3Mu/Central/jets/3/mass in Skim_TriLep_DYGTo2LG_MLL4to50_PTG100to200.root
2025-09-24 16:09:14,389 - INFO - [2022EE] MISSING_CENTRAL: ZG3Mu/Central/jets/3/mass in Skim_TriLep_DYGTo2LG_MLL4to50_PTG200toInf.root
2025-09-24 16:09:14,390 - INFO - [2022EE] MISSING_CENTRAL: ZG3Mu/Central/jets/3/mass in Skim_TriLep_DYGTo2LG_MLL50_PTG100to200.root
2025-09-24 16:09:14,390 - INFO - [2022EE] MISSING_CENTRAL: ZG3Mu/Central/jets/3/mass in Skim_TriLep_DYGTo2LG_MLL50_PTG200toInf.root
2025-09-24 16:09:14,390 - INFO - [2022EE] MISSING_CENTRAL: ZG3Mu/Central/jets/3/mass in Skim_TriLep_TTG_PTG10to100.root
2025-09-24 16:09:14,391 - INFO - [2022EE] MISSING_CENTRAL: ZG3Mu/Central/jets/3/mass in Skim_TriLep_TTG_PTG100to200.root
2025-09-24 16:09:14,391 - INFO - [2022EE] MISSING_CENTRAL: ZG3Mu/Central/jets/3/mass in Skim_TriLep_TTG_PTG200toInf.root
2025-09-24 16:09:14,393 - INFO - [2022EE] MISSING_CENTRAL: ZG3Mu/Central/jets/3/mass in Skim_TriLep_tHq.root
2025-09-24 16:09:14,394 - INFO - [2022EE] MISSING_CENTRAL: ZG3Mu/Central/jets/3/mass in Skim_TriLep_WWW.root
2025-09-24 16:09:14,394 - INFO - [2022EE] MISSING_CENTRAL: ZG3Mu/Central/jets/3/mass in Skim_TriLep_WWZ.root
2025-09-24 16:09:14,396 - INFO - [2023] MISSING_CENTRAL: ZG3Mu/Central/jets/3/mass in Skim_TriLep_Muon0_C_v1.root
2025-09-24 16:09:14,396 - INFO - [2023] MISSING_CENTRAL: ZG3Mu/Central/jets/3/mass in Skim_TriLep_Muon0_C_v2.root
2025-09-24 16:09:14,396 - INFO - [2023] MISSING_CENTRAL: ZG3Mu/Central/jets/3/mass in Skim_TriLep_Muon0_C_v3.root
2025-09-24 16:09:14,397 - INFO - [2023] MISSING_CENTRAL: ZG3Mu/Central/jets/3/mass in Skim_TriLep_Muon0_C_v4.root
2025-09-24 16:09:14,397 - INFO - [2023] MISSING_CENTRAL: ZG3Mu/Central/jets/3/mass in Skim_TriLep_Muon1_C_v2.root
2025-09-24 16:09:14,405 - INFO - [2023] MISSING_CENTRAL: ZG3Mu/Central/jets/3/mass in Skim_TriLep_Muon1_C_v3.root
2025-09-24 16:09:14,407 - INFO - [2023] MISSING_CENTRAL: ZG3Mu/Central/jets/3/mass in Skim_TriLep_DYJets10to50.root
2025-09-24 16:09:14,408 - INFO - [2023] MISSING_CENTRAL: ZG3Mu/Central/jets/3/mass in Skim_TriLep_DYGTo2LG_MLL4to50_PTG200toInf.root
2025-09-24 16:09:14,409 - INFO - [2023] MISSING_CENTRAL: ZG3Mu/Central/jets/3/mass in Skim_TriLep_DYGTo2LG_MLL50_PTG100to200.root
2025-09-24 16:09:14,409 - INFO - [2023] MISSING_CENTRAL: ZG3Mu/Central/jets/3/mass in Skim_TriLep_DYGTo2LG_MLL50_PTG200to400.root
2025-09-24 16:09:14,409 - INFO - [2023] MISSING_CENTRAL: ZG3Mu/Central/jets/3/mass in Skim_TriLep_DYGTo2LG_MLL50_PTG400to600.root
2025-09-24 16:09:14,409 - INFO - [2023] MISSING_CENTRAL: ZG3Mu/Central/jets/3/mass in Skim_TriLep_DYGTo2LG_MLL50_PTG600toInf.root
2025-09-24 16:09:14,410 - INFO - [2023] MISSING_CENTRAL: ZG3Mu/Central/jets/3/mass in Skim_TriLep_TTG_PTG10to100.root
2025-09-24 16:09:14,410 - INFO - [2023] MISSING_CENTRAL: ZG3Mu/Central/jets/3/mass in Skim_TriLep_TTG_PTG100to200.root
2025-09-24 16:09:14,410 - INFO - [2023] MISSING_CENTRAL: ZG3Mu/Central/jets/3/mass in Skim_TriLep_TTG_PTG200toInf.root
2025-09-24 16:09:14,418 - INFO - [2023] MISSING_CENTRAL: ZG3Mu/Central/jets/3/mass in Skim_TriLep_tHq.root
2025-09-24 16:09:14,419 - INFO - [2023] MISSING_CENTRAL: ZG3Mu/Central/jets/3/mass in Skim_TriLep_WWW.root
2025-09-24 16:09:14,421 - INFO - [2023BPix] MISSING_CENTRAL: ZG3Mu/Central/jets/3/mass in Skim_TriLep_Muon0_D_v1.root
2025-09-24 16:09:14,422 - INFO - [2023BPix] MISSING_CENTRAL: ZG3Mu/Central/jets/3/mass in Skim_TriLep_Muon0_D_v2.root
2025-09-24 16:09:14,422 - INFO - [2023BPix] MISSING_CENTRAL: ZG3Mu/Central/jets/3/mass in Skim_TriLep_Muon1_D_v1.root
2025-09-24 16:09:14,422 - INFO - [2023BPix] MISSING_CENTRAL: ZG3Mu/Central/jets/3/mass in Skim_TriLep_Muon1_D_v2.root
2025-09-24 16:09:14,422 - INFO - [2023BPix] MISSING_CENTRAL: ZG3Mu/Central/jets/3/mass in Skim_TriLep_DYJets.root
2025-09-24 16:09:14,423 - INFO - [2023BPix] MISSING_CENTRAL: ZG3Mu/Central/jets/3/mass in Skim_TriLep_DYJets10to50.root
2025-09-24 16:09:14,423 - INFO - [2023BPix] MISSING_CENTRAL: ZG3Mu/Central/jets/3/mass in Skim_TriLep_DYGTo2LG_MLL4to50_PTG200toInf.root
2025-09-24 16:09:14,424 - INFO - [2023BPix] MISSING_CENTRAL: ZG3Mu/Central/jets/3/mass in Skim_TriLep_DYGTo2LG_MLL50_PTG200to400.root
2025-09-24 16:09:14,424 - INFO - [2023BPix] MISSING_CENTRAL: ZG3Mu/Central/jets/3/mass in Skim_TriLep_DYGTo2LG_MLL50_PTG400to600.root
2025-09-24 16:09:14,425 - INFO - [2023BPix] MISSING_CENTRAL: ZG3Mu/Central/jets/3/mass in Skim_TriLep_DYGTo2LG_MLL50_PTG600toInf.root
2025-09-24 16:09:14,429 - INFO - [2023BPix] MISSING_CENTRAL: ZG3Mu/Central/jets/3/mass in Skim_TriLep_TTG_PTG10to100.root
2025-09-24 16:09:14,429 - INFO - [2023BPix] MISSING_CENTRAL: ZG3Mu/Central/jets/3/mass in Skim_TriLep_TTG_PTG100to200.root
2025-09-24 16:09:14,430 - INFO - [2023BPix] MISSING_CENTRAL: ZG3Mu/Central/jets/3/mass in Skim_TriLep_TTG_PTG200toInf.root
2025-09-24 16:09:14,431 - INFO - [2023BPix] MISSING_CENTRAL: ZG3Mu/Central/jets/3/mass in Skim_TriLep_TTWToLNu.root
2025-09-24 16:09:14,436 - INFO - [2023BPix] MISSING_CENTRAL: ZG3Mu/Central/jets/3/mass in Skim_TriLep_tHq.root
2025-09-24 16:09:14,439 - INFO - [2023BPix] MISSING_CENTRAL: ZG3Mu/Central/jets/3/mass in Skim_TriLep_WWW.root
2025-09-24 16:09:14,439 - INFO - [2023BPix] MISSING_CENTRAL: ZG3Mu/Central/jets/3/mass in Skim_TriLep_WWZ.root
2025-09-24 16:09:14,440 - INFO - [2023BPix] MISSING_CENTRAL: ZG3Mu/Central/jets/3/mass in Skim_TriLep_TTTT.root
