2025-09-24 16:09:02,294 - INFO - [2022] MISSING_CENTRAL: ZG3Mu/Central/jets/3/phi in Skim_TriLep_DoubleMuon_C.root
2025-09-24 16:09:02,316 - INFO - [2022] MISSING_CENTRAL: ZG3Mu/Central/jets/3/phi in Skim_TriLep_Muon_D.root
2025-09-24 16:09:02,343 - INFO - [2022EE] MISSING_CENTRAL: ZG3Mu/Central/jets/3/phi in Skim_TriLep_Muon_E.root
2025-09-24 16:09:02,344 - INFO - [2022EE] MISSING_CENTRAL: ZG3Mu/Central/jets/3/phi in Skim_TriLep_Muon_G.root
2025-09-24 16:09:02,344 - INFO - [2023] MISSING_CENTRAL: ZG3Mu/Central/jets/3/phi in Skim_TriLep_Muon0_C_v1.root
2025-09-24 16:09:02,345 - INFO - [2023] MISSING_CENTRAL: ZG3Mu/Central/jets/3/phi in Skim_TriLep_Muon0_C_v3.root
2025-09-24 16:09:02,345 - INFO - [2023] MISSING_CENTRAL: ZG3Mu/Central/jets/3/phi in Skim_TriLep_Muon0_C_v4.root
2025-09-24 16:09:02,345 - INFO - [2023] MISSING_CENTRAL: ZG3Mu/Central/jets/3/phi in Skim_TriLep_Muon1_C_v1.root
2025-09-24 16:09:02,345 - INFO - [2023] MISSING_CENTRAL: ZG3Mu/Central/jets/3/phi in Skim_TriLep_Muon1_C_v2.root
2025-09-24 16:09:02,346 - INFO - [2023] MISSING_CENTRAL: ZG3Mu/Central/jets/3/phi in Skim_TriLep_Muon1_C_v3.root
2025-09-24 16:09:02,346 - INFO - [2023] MISSING_CENTRAL: ZG3Mu/Central/jets/3/phi in Skim_TriLep_Muon1_C_v4.root
2025-09-24 16:09:02,346 - INFO - [2023BPix] MISSING_CENTRAL: ZG3Mu/Central/jets/3/phi in Skim_TriLep_Muon0_D_v1.root
2025-09-24 16:09:02,346 - INFO - [2023BPix] MISSING_CENTRAL: ZG3Mu/Central/jets/3/phi in Skim_TriLep_Muon0_D_v2.root
2025-09-24 16:09:02,347 - INFO - [2023BPix] MISSING_CENTRAL: ZG3Mu/Central/jets/3/phi in Skim_TriLep_Muon1_D_v1.root
2025-09-24 16:09:02,347 - INFO - [2023BPix] MISSING_CENTRAL: ZG3Mu/Central/jets/3/phi in Skim_TriLep_Muon1_D_v2.root
2025-09-24 16:09:02,418 - INFO - [2022] MISSING_CENTRAL: ZG3Mu/Central/jets/3/phi in Skim_TriLep_DoubleMuon_C.root
2025-09-24 16:09:02,418 - INFO - [2022] MISSING_CENTRAL: ZG3Mu/Central/jets/3/phi in Skim_TriLep_Muon_C.root
2025-09-24 16:09:02,418 - INFO - [2022] MISSING_CENTRAL: ZG3Mu/Central/jets/3/phi in Skim_TriLep_Muon_D.root
2025-09-24 16:09:02,428 - INFO - [2022] MISSING_CENTRAL: ZG3Mu/Central/jets/3/phi in Skim_TriLep_DYJets.root
2025-09-24 16:09:02,431 - INFO - [2022] MISSING_CENTRAL: ZG3Mu/Central/jets/3/phi in Skim_TriLep_DYJets10to50.root
2025-09-24 16:09:02,443 - INFO - [2022] MISSING_CENTRAL: ZG3Mu/Central/jets/3/phi in Skim_TriLep_DYGTo2LG_MLL4to50_PTG100to200.root
2025-09-24 16:09:02,444 - INFO - [2022] MISSING_CENTRAL: ZG3Mu/Central/jets/3/phi in Skim_TriLep_DYGTo2LG_MLL4to50_PTG200toInf.root
2025-09-24 16:09:02,448 - INFO - [2022] MISSING_CENTRAL: ZG3Mu/Central/jets/3/phi in Skim_TriLep_DYGTo2LG_MLL50_PTG100to200.root
2025-09-24 16:09:02,448 - INFO - [2022] MISSING_CENTRAL: ZG3Mu/Central/jets/3/phi in Skim_TriLep_DYGTo2LG_MLL50_PTG200toInf.root
2025-09-24 16:09:02,448 - INFO - [2022] MISSING_CENTRAL: ZG3Mu/Central/jets/3/phi in Skim_TriLep_TTG_PTG10to100.root
2025-09-24 16:09:02,448 - INFO - [2022] MISSING_CENTRAL: ZG3Mu/Central/jets/3/phi in Skim_TriLep_TTG_PTG100to200.root
2025-09-24 16:09:02,449 - INFO - [2022] MISSING_CENTRAL: ZG3Mu/Central/jets/3/phi in Skim_TriLep_TTG_PTG200toInf.root
2025-09-24 16:09:02,449 - INFO - [2022] MISSING_CENTRAL: ZG3Mu/Central/jets/3/phi in Skim_TriLep_TTWToLNu.root
2025-09-24 16:09:02,449 - INFO - [2022] MISSING_CENTRAL: ZG3Mu/Central/jets/3/phi in Skim_TriLep_TTZ_M4to50.root
2025-09-24 16:09:02,449 - INFO - [2022] MISSING_CENTRAL: ZG3Mu/Central/jets/3/phi in Skim_TriLep_TTZ_M50.root
2025-09-24 16:09:02,453 - INFO - [2022] MISSING_CENTRAL: ZG3Mu/Central/jets/3/phi in Skim_TriLep_WZTo3LNu_powheg.root
2025-09-24 16:09:02,457 - INFO - [2022] MISSING_CENTRAL: ZG3Mu/Central/jets/3/phi in Skim_TriLep_tZq.root
2025-09-24 16:09:02,457 - INFO - [2022] MISSING_CENTRAL: ZG3Mu/Central/jets/3/phi in Skim_TriLep_tHq.root
2025-09-24 16:09:02,457 - INFO - [2022] MISSING_CENTRAL: ZG3Mu/Central/jets/3/phi in Skim_TriLep_WWW.root
2025-09-24 16:09:02,461 - INFO - [2022] MISSING_CENTRAL: ZG3Mu/Central/jets/3/phi in Skim_TriLep_WZZ.root
2025-09-24 16:09:02,465 - INFO - [2022] MISSING_CENTRAL: ZG3Mu/Central/jets/3/phi in Skim_TriLep_TTTT.root
2025-09-24 16:09:02,465 - INFO - [2022] MISSING_CENTRAL: ZG3Mu/Central/jets/3/phi in Skim_TriLep_VBFHToZZTo4L.root
2025-09-24 16:09:02,473 - INFO - [2022EE] MISSING_CENTRAL: ZG3Mu/Central/jets/3/phi in Skim_TriLep_DYJets10to50.root
2025-09-24 16:09:02,477 - INFO - [2022EE] MISSING_CENTRAL: ZG3Mu/Central/jets/3/phi in Skim_TriLep_DYGTo2LG_MLL4to50_PTG100to200.root
2025-09-24 16:09:02,477 - INFO - [2022EE] MISSING_CENTRAL: ZG3Mu/Central/jets/3/phi in Skim_TriLep_DYGTo2LG_MLL4to50_PTG200toInf.root
2025-09-24 16:09:02,481 - INFO - [2022EE] MISSING_CENTRAL: ZG3Mu/Central/jets/3/phi in Skim_TriLep_DYGTo2LG_MLL50_PTG100to200.root
2025-09-24 16:09:02,481 - INFO - [2022EE] MISSING_CENTRAL: ZG3Mu/Central/jets/3/phi in Skim_TriLep_DYGTo2LG_MLL50_PTG200toInf.root
2025-09-24 16:09:02,481 - INFO - [2022EE] MISSING_CENTRAL: ZG3Mu/Central/jets/3/phi in Skim_TriLep_TTG_PTG10to100.root
2025-09-24 16:09:02,481 - INFO - [2022EE] MISSING_CENTRAL: ZG3Mu/Central/jets/3/phi in Skim_TriLep_TTG_PTG100to200.root
2025-09-24 16:09:02,482 - INFO - [2022EE] MISSING_CENTRAL: ZG3Mu/Central/jets/3/phi in Skim_TriLep_TTG_PTG200toInf.root
2025-09-24 16:09:02,687 - INFO - [2022EE] MISSING_CENTRAL: ZG3Mu/Central/jets/3/phi in Skim_TriLep_tHq.root
2025-09-24 16:09:02,687 - INFO - [2022EE] MISSING_CENTRAL: ZG3Mu/Central/jets/3/phi in Skim_TriLep_WWW.root
2025-09-24 16:09:02,687 - INFO - [2022EE] MISSING_CENTRAL: ZG3Mu/Central/jets/3/phi in Skim_TriLep_WWZ.root
2025-09-24 16:09:02,716 - INFO - [2023] MISSING_CENTRAL: ZG3Mu/Central/jets/3/phi in Skim_TriLep_Muon0_C_v1.root
2025-09-24 16:09:02,716 - INFO - [2023] MISSING_CENTRAL: ZG3Mu/Central/jets/3/phi in Skim_TriLep_Muon0_C_v2.root
2025-09-24 16:09:02,716 - INFO - [2023] MISSING_CENTRAL: ZG3Mu/Central/jets/3/phi in Skim_TriLep_Muon0_C_v3.root
2025-09-24 16:09:02,717 - INFO - [2023] MISSING_CENTRAL: ZG3Mu/Central/jets/3/phi in Skim_TriLep_Muon0_C_v4.root
2025-09-24 16:09:02,717 - INFO - [2023] MISSING_CENTRAL: ZG3Mu/Central/jets/3/phi in Skim_TriLep_Muon1_C_v2.root
2025-09-24 16:09:02,717 - INFO - [2023] MISSING_CENTRAL: ZG3Mu/Central/jets/3/phi in Skim_TriLep_Muon1_C_v3.root
2025-09-24 16:09:02,870 - INFO - [2023] MISSING_CENTRAL: ZG3Mu/Central/jets/3/phi in Skim_TriLep_DYJets10to50.root
2025-09-24 16:09:02,901 - INFO - [2023] MISSING_CENTRAL: ZG3Mu/Central/jets/3/phi in Skim_TriLep_DYGTo2LG_MLL4to50_PTG200toInf.root
2025-09-24 16:09:02,926 - INFO - [2023] MISSING_CENTRAL: ZG3Mu/Central/jets/3/phi in Skim_TriLep_DYGTo2LG_MLL50_PTG100to200.root
2025-09-24 16:09:02,933 - INFO - [2023] MISSING_CENTRAL: ZG3Mu/Central/jets/3/phi in Skim_TriLep_DYGTo2LG_MLL50_PTG200to400.root
2025-09-24 16:09:02,933 - INFO - [2023] MISSING_CENTRAL: ZG3Mu/Central/jets/3/phi in Skim_TriLep_DYGTo2LG_MLL50_PTG400to600.root
2025-09-24 16:09:02,934 - INFO - [2023] MISSING_CENTRAL: ZG3Mu/Central/jets/3/phi in Skim_TriLep_DYGTo2LG_MLL50_PTG600toInf.root
2025-09-24 16:09:02,934 - INFO - [2023] MISSING_CENTRAL: ZG3Mu/Central/jets/3/phi in Skim_TriLep_TTG_PTG10to100.root
2025-09-24 16:09:02,934 - INFO - [2023] MISSING_CENTRAL: ZG3Mu/Central/jets/3/phi in Skim_TriLep_TTG_PTG100to200.root
2025-09-24 16:09:02,934 - INFO - [2023] MISSING_CENTRAL: ZG3Mu/Central/jets/3/phi in Skim_TriLep_TTG_PTG200toInf.root
2025-09-24 16:09:02,935 - INFO - [2023] MISSING_SYSTEMATIC: ZG3Mu/JetEn_Down/jets/3/phi in Skim_TriLep_TTWToLNu.root
2025-09-24 16:09:03,018 - INFO - [2023] MISSING_CENTRAL: ZG3Mu/Central/jets/3/phi in Skim_TriLep_tHq.root
2025-09-24 16:09:03,018 - INFO - [2023] MISSING_CENTRAL: ZG3Mu/Central/jets/3/phi in Skim_TriLep_WWW.root
2025-09-24 16:09:03,032 - INFO - [2023] MISSING_SYSTEMATIC: ZG3Mu/JetRes_Up/jets/3/phi in Skim_TriLep_ZZZ.root
2025-09-24 16:09:03,087 - INFO - [2023BPix] MISSING_CENTRAL: ZG3Mu/Central/jets/3/phi in Skim_TriLep_Muon0_D_v1.root
2025-09-24 16:09:03,089 - INFO - [2023BPix] MISSING_CENTRAL: ZG3Mu/Central/jets/3/phi in Skim_TriLep_Muon0_D_v2.root
2025-09-24 16:09:03,093 - INFO - [2023BPix] MISSING_CENTRAL: ZG3Mu/Central/jets/3/phi in Skim_TriLep_Muon1_D_v1.root
2025-09-24 16:09:03,094 - INFO - [2023BPix] MISSING_CENTRAL: ZG3Mu/Central/jets/3/phi in Skim_TriLep_Muon1_D_v2.root
2025-09-24 16:09:03,096 - INFO - [2023BPix] MISSING_CENTRAL: ZG3Mu/Central/jets/3/phi in Skim_TriLep_DYJets.root
2025-09-24 16:09:03,097 - INFO - [2023BPix] MISSING_CENTRAL: ZG3Mu/Central/jets/3/phi in Skim_TriLep_DYJets10to50.root
2025-09-24 16:09:03,110 - INFO - [2023BPix] MISSING_CENTRAL: ZG3Mu/Central/jets/3/phi in Skim_TriLep_DYGTo2LG_MLL4to50_PTG200toInf.root
2025-09-24 16:09:03,182 - INFO - [2023BPix] MISSING_CENTRAL: ZG3Mu/Central/jets/3/phi in Skim_TriLep_DYGTo2LG_MLL50_PTG200to400.root
2025-09-24 16:09:03,182 - INFO - [2023BPix] MISSING_CENTRAL: ZG3Mu/Central/jets/3/phi in Skim_TriLep_DYGTo2LG_MLL50_PTG400to600.root
2025-09-24 16:09:03,182 - INFO - [2023BPix] MISSING_CENTRAL: ZG3Mu/Central/jets/3/phi in Skim_TriLep_DYGTo2LG_MLL50_PTG600toInf.root
2025-09-24 16:09:03,183 - INFO - [2023BPix] MISSING_CENTRAL: ZG3Mu/Central/jets/3/phi in Skim_TriLep_TTG_PTG10to100.root
2025-09-24 16:09:03,183 - INFO - [2023BPix] MISSING_CENTRAL: ZG3Mu/Central/jets/3/phi in Skim_TriLep_TTG_PTG100to200.root
2025-09-24 16:09:03,183 - INFO - [2023BPix] MISSING_CENTRAL: ZG3Mu/Central/jets/3/phi in Skim_TriLep_TTG_PTG200toInf.root
2025-09-24 16:09:03,184 - INFO - [2023BPix] MISSING_CENTRAL: ZG3Mu/Central/jets/3/phi in Skim_TriLep_TTWToLNu.root
2025-09-24 16:09:03,210 - INFO - [2023BPix] MISSING_CENTRAL: ZG3Mu/Central/jets/3/phi in Skim_TriLep_tHq.root
2025-09-24 16:09:03,211 - INFO - [2023BPix] MISSING_CENTRAL: ZG3Mu/Central/jets/3/phi in Skim_TriLep_WWW.root
2025-09-24 16:09:03,211 - INFO - [2023BPix] MISSING_CENTRAL: ZG3Mu/Central/jets/3/phi in Skim_TriLep_WWZ.root
2025-09-24 16:09:03,219 - INFO - [2023BPix] MISSING_CENTRAL: ZG3Mu/Central/jets/3/phi in Skim_TriLep_TTTT.root
2025-09-24 16:09:14,010 - INFO - [2022] MISSING_CENTRAL: ZG3Mu/Central/jets/3/phi in Skim_TriLep_DoubleMuon_C.root
2025-09-24 16:09:14,022 - INFO - [2022] MISSING_CENTRAL: ZG3Mu/Central/jets/3/phi in Skim_TriLep_Muon_D.root
2025-09-24 16:09:14,031 - INFO - [2022EE] MISSING_CENTRAL: ZG3Mu/Central/jets/3/phi in Skim_TriLep_Muon_E.root
2025-09-24 16:09:14,031 - INFO - [2022EE] MISSING_CENTRAL: ZG3Mu/Central/jets/3/phi in Skim_TriLep_Muon_G.root
2025-09-24 16:09:14,031 - INFO - [2023] MISSING_CENTRAL: ZG3Mu/Central/jets/3/phi in Skim_TriLep_Muon0_C_v1.root
2025-09-24 16:09:14,032 - INFO - [2023] MISSING_CENTRAL: ZG3Mu/Central/jets/3/phi in Skim_TriLep_Muon0_C_v3.root
2025-09-24 16:09:14,032 - INFO - [2023] MISSING_CENTRAL: ZG3Mu/Central/jets/3/phi in Skim_TriLep_Muon0_C_v4.root
2025-09-24 16:09:14,032 - INFO - [2023] MISSING_CENTRAL: ZG3Mu/Central/jets/3/phi in Skim_TriLep_Muon1_C_v1.root
2025-09-24 16:09:14,033 - INFO - [2023] MISSING_CENTRAL: ZG3Mu/Central/jets/3/phi in Skim_TriLep_Muon1_C_v2.root
2025-09-24 16:09:14,033 - INFO - [2023] MISSING_CENTRAL: ZG3Mu/Central/jets/3/phi in Skim_TriLep_Muon1_C_v3.root
2025-09-24 16:09:14,033 - INFO - [2023] MISSING_CENTRAL: ZG3Mu/Central/jets/3/phi in Skim_TriLep_Muon1_C_v4.root
2025-09-24 16:09:14,033 - INFO - [2023BPix] MISSING_CENTRAL: ZG3Mu/Central/jets/3/phi in Skim_TriLep_Muon0_D_v1.root
2025-09-24 16:09:14,033 - INFO - [2023BPix] MISSING_CENTRAL: ZG3Mu/Central/jets/3/phi in Skim_TriLep_Muon0_D_v2.root
2025-09-24 16:09:14,034 - INFO - [2023BPix] MISSING_CENTRAL: ZG3Mu/Central/jets/3/phi in Skim_TriLep_Muon1_D_v1.root
2025-09-24 16:09:14,034 - INFO - [2023BPix] MISSING_CENTRAL: ZG3Mu/Central/jets/3/phi in Skim_TriLep_Muon1_D_v2.root
2025-09-24 16:09:14,039 - INFO - [2022] MISSING_CENTRAL: ZG3Mu/Central/jets/3/phi in Skim_TriLep_DoubleMuon_C.root
2025-09-24 16:09:14,039 - INFO - [2022] MISSING_CENTRAL: ZG3Mu/Central/jets/3/phi in Skim_TriLep_Muon_C.root
2025-09-24 16:09:14,039 - INFO - [2022] MISSING_CENTRAL: ZG3Mu/Central/jets/3/phi in Skim_TriLep_Muon_D.root
2025-09-24 16:09:14,039 - INFO - [2022] MISSING_CENTRAL: ZG3Mu/Central/jets/3/phi in Skim_TriLep_DYJets.root
2025-09-24 16:09:14,040 - INFO - [2022] MISSING_CENTRAL: ZG3Mu/Central/jets/3/phi in Skim_TriLep_DYJets10to50.root
2025-09-24 16:09:14,040 - INFO - [2022] MISSING_CENTRAL: ZG3Mu/Central/jets/3/phi in Skim_TriLep_DYGTo2LG_MLL4to50_PTG100to200.root
2025-09-24 16:09:14,041 - INFO - [2022] MISSING_CENTRAL: ZG3Mu/Central/jets/3/phi in Skim_TriLep_DYGTo2LG_MLL4to50_PTG200toInf.root
2025-09-24 16:09:14,041 - INFO - [2022] MISSING_CENTRAL: ZG3Mu/Central/jets/3/phi in Skim_TriLep_DYGTo2LG_MLL50_PTG100to200.root
2025-09-24 16:09:14,041 - INFO - [2022] MISSING_CENTRAL: ZG3Mu/Central/jets/3/phi in Skim_TriLep_DYGTo2LG_MLL50_PTG200toInf.root
2025-09-24 16:09:14,042 - INFO - [2022] MISSING_CENTRAL: ZG3Mu/Central/jets/3/phi in Skim_TriLep_TTG_PTG10to100.root
2025-09-24 16:09:14,042 - INFO - [2022] MISSING_CENTRAL: ZG3Mu/Central/jets/3/phi in Skim_TriLep_TTG_PTG100to200.root
2025-09-24 16:09:14,042 - INFO - [2022] MISSING_CENTRAL: ZG3Mu/Central/jets/3/phi in Skim_TriLep_TTG_PTG200toInf.root
2025-09-24 16:09:14,042 - INFO - [2022] MISSING_CENTRAL: ZG3Mu/Central/jets/3/phi in Skim_TriLep_TTWToLNu.root
2025-09-24 16:09:14,082 - INFO - [2022] MISSING_CENTRAL: ZG3Mu/Central/jets/3/phi in Skim_TriLep_TTZ_M4to50.root
2025-09-24 16:09:14,082 - INFO - [2022] MISSING_CENTRAL: ZG3Mu/Central/jets/3/phi in Skim_TriLep_TTZ_M50.root
2025-09-24 16:09:14,083 - INFO - [2022] MISSING_CENTRAL: ZG3Mu/Central/jets/3/phi in Skim_TriLep_WZTo3LNu_powheg.root
2025-09-24 16:09:14,254 - INFO - [2022] MISSING_CENTRAL: ZG3Mu/Central/jets/3/phi in Skim_TriLep_tZq.root
2025-09-24 16:09:14,298 - INFO - [2022] MISSING_CENTRAL: ZG3Mu/Central/jets/3/phi in Skim_TriLep_tHq.root
2025-09-24 16:09:14,299 - INFO - [2022] MISSING_CENTRAL: ZG3Mu/Central/jets/3/phi in Skim_TriLep_WWW.root
2025-09-24 16:09:14,300 - INFO - [2022] MISSING_CENTRAL: ZG3Mu/Central/jets/3/phi in Skim_TriLep_WZZ.root
2025-09-24 16:09:14,316 - INFO - [2022] MISSING_CENTRAL: ZG3Mu/Central/jets/3/phi in Skim_TriLep_TTTT.root
2025-09-24 16:09:14,316 - INFO - [2022] MISSING_CENTRAL: ZG3Mu/Central/jets/3/phi in Skim_TriLep_VBFHToZZTo4L.root
2025-09-24 16:09:14,318 - INFO - [2022EE] MISSING_CENTRAL: ZG3Mu/Central/jets/3/phi in Skim_TriLep_DYJets10to50.root
2025-09-24 16:09:14,319 - INFO - [2022EE] MISSING_CENTRAL: ZG3Mu/Central/jets/3/phi in Skim_TriLep_DYGTo2LG_MLL4to50_PTG100to200.root
2025-09-24 16:09:14,319 - INFO - [2022EE] MISSING_CENTRAL: ZG3Mu/Central/jets/3/phi in Skim_TriLep_DYGTo2LG_MLL4to50_PTG200toInf.root
2025-09-24 16:09:14,319 - INFO - [2022EE] MISSING_CENTRAL: ZG3Mu/Central/jets/3/phi in Skim_TriLep_DYGTo2LG_MLL50_PTG100to200.root
2025-09-24 16:09:14,320 - INFO - [2022EE] MISSING_CENTRAL: ZG3Mu/Central/jets/3/phi in Skim_TriLep_DYGTo2LG_MLL50_PTG200toInf.root
2025-09-24 16:09:14,320 - INFO - [2022EE] MISSING_CENTRAL: ZG3Mu/Central/jets/3/phi in Skim_TriLep_TTG_PTG10to100.root
2025-09-24 16:09:14,320 - INFO - [2022EE] MISSING_CENTRAL: ZG3Mu/Central/jets/3/phi in Skim_TriLep_TTG_PTG100to200.root
2025-09-24 16:09:14,321 - INFO - [2022EE] MISSING_CENTRAL: ZG3Mu/Central/jets/3/phi in Skim_TriLep_TTG_PTG200toInf.root
2025-09-24 16:09:14,323 - INFO - [2022EE] MISSING_CENTRAL: ZG3Mu/Central/jets/3/phi in Skim_TriLep_tHq.root
2025-09-24 16:09:14,323 - INFO - [2022EE] MISSING_CENTRAL: ZG3Mu/Central/jets/3/phi in Skim_TriLep_WWW.root
2025-09-24 16:09:14,324 - INFO - [2022EE] MISSING_CENTRAL: ZG3Mu/Central/jets/3/phi in Skim_TriLep_WWZ.root
2025-09-24 16:09:14,325 - INFO - [2023] MISSING_CENTRAL: ZG3Mu/Central/jets/3/phi in Skim_TriLep_Muon0_C_v1.root
2025-09-24 16:09:14,326 - INFO - [2023] MISSING_CENTRAL: ZG3Mu/Central/jets/3/phi in Skim_TriLep_Muon0_C_v2.root
2025-09-24 16:09:14,326 - INFO - [2023] MISSING_CENTRAL: ZG3Mu/Central/jets/3/phi in Skim_TriLep_Muon0_C_v3.root
2025-09-24 16:09:14,326 - INFO - [2023] MISSING_CENTRAL: ZG3Mu/Central/jets/3/phi in Skim_TriLep_Muon0_C_v4.root
2025-09-24 16:09:14,327 - INFO - [2023] MISSING_CENTRAL: ZG3Mu/Central/jets/3/phi in Skim_TriLep_Muon1_C_v2.root
2025-09-24 16:09:14,327 - INFO - [2023] MISSING_CENTRAL: ZG3Mu/Central/jets/3/phi in Skim_TriLep_Muon1_C_v3.root
2025-09-24 16:09:14,328 - INFO - [2023] MISSING_CENTRAL: ZG3Mu/Central/jets/3/phi in Skim_TriLep_DYJets10to50.root
2025-09-24 16:09:14,328 - INFO - [2023] MISSING_CENTRAL: ZG3Mu/Central/jets/3/phi in Skim_TriLep_DYGTo2LG_MLL4to50_PTG200toInf.root
2025-09-24 16:09:14,329 - INFO - [2023] MISSING_CENTRAL: ZG3Mu/Central/jets/3/phi in Skim_TriLep_DYGTo2LG_MLL50_PTG100to200.root
2025-09-24 16:09:14,330 - INFO - [2023] MISSING_CENTRAL: ZG3Mu/Central/jets/3/phi in Skim_TriLep_DYGTo2LG_MLL50_PTG200to400.root
2025-09-24 16:09:14,330 - INFO - [2023] MISSING_CENTRAL: ZG3Mu/Central/jets/3/phi in Skim_TriLep_DYGTo2LG_MLL50_PTG400to600.root
2025-09-24 16:09:14,330 - INFO - [2023] MISSING_CENTRAL: ZG3Mu/Central/jets/3/phi in Skim_TriLep_DYGTo2LG_MLL50_PTG600toInf.root
2025-09-24 16:09:14,330 - INFO - [2023] MISSING_CENTRAL: ZG3Mu/Central/jets/3/phi in Skim_TriLep_TTG_PTG10to100.root
2025-09-24 16:09:14,330 - INFO - [2023] MISSING_CENTRAL: ZG3Mu/Central/jets/3/phi in Skim_TriLep_TTG_PTG100to200.root
2025-09-24 16:09:14,331 - INFO - [2023] MISSING_CENTRAL: ZG3Mu/Central/jets/3/phi in Skim_TriLep_TTG_PTG200toInf.root
2025-09-24 16:09:14,333 - INFO - [2023] MISSING_CENTRAL: ZG3Mu/Central/jets/3/phi in Skim_TriLep_tHq.root
2025-09-24 16:09:14,334 - INFO - [2023] MISSING_CENTRAL: ZG3Mu/Central/jets/3/phi in Skim_TriLep_WWW.root
2025-09-24 16:09:14,336 - INFO - [2023BPix] MISSING_CENTRAL: ZG3Mu/Central/jets/3/phi in Skim_TriLep_Muon0_D_v1.root
2025-09-24 16:09:14,336 - INFO - [2023BPix] MISSING_CENTRAL: ZG3Mu/Central/jets/3/phi in Skim_TriLep_Muon0_D_v2.root
2025-09-24 16:09:14,336 - INFO - [2023BPix] MISSING_CENTRAL: ZG3Mu/Central/jets/3/phi in Skim_TriLep_Muon1_D_v1.root
2025-09-24 16:09:14,336 - INFO - [2023BPix] MISSING_CENTRAL: ZG3Mu/Central/jets/3/phi in Skim_TriLep_Muon1_D_v2.root
2025-09-24 16:09:14,337 - INFO - [2023BPix] MISSING_CENTRAL: ZG3Mu/Central/jets/3/phi in Skim_TriLep_DYJets.root
2025-09-24 16:09:14,337 - INFO - [2023BPix] MISSING_CENTRAL: ZG3Mu/Central/jets/3/phi in Skim_TriLep_DYJets10to50.root
2025-09-24 16:09:14,338 - INFO - [2023BPix] MISSING_CENTRAL: ZG3Mu/Central/jets/3/phi in Skim_TriLep_DYGTo2LG_MLL4to50_PTG200toInf.root
2025-09-24 16:09:14,339 - INFO - [2023BPix] MISSING_CENTRAL: ZG3Mu/Central/jets/3/phi in Skim_TriLep_DYGTo2LG_MLL50_PTG200to400.root
2025-09-24 16:09:14,339 - INFO - [2023BPix] MISSING_CENTRAL: ZG3Mu/Central/jets/3/phi in Skim_TriLep_DYGTo2LG_MLL50_PTG400to600.root
2025-09-24 16:09:14,339 - INFO - [2023BPix] MISSING_CENTRAL: ZG3Mu/Central/jets/3/phi in Skim_TriLep_DYGTo2LG_MLL50_PTG600toInf.root
2025-09-24 16:09:14,340 - INFO - [2023BPix] MISSING_CENTRAL: ZG3Mu/Central/jets/3/phi in Skim_TriLep_TTG_PTG10to100.root
2025-09-24 16:09:14,340 - INFO - [2023BPix] MISSING_CENTRAL: ZG3Mu/Central/jets/3/phi in Skim_TriLep_TTG_PTG100to200.root
2025-09-24 16:09:14,340 - INFO - [2023BPix] MISSING_CENTRAL: ZG3Mu/Central/jets/3/phi in Skim_TriLep_TTG_PTG200toInf.root
2025-09-24 16:09:14,340 - INFO - [2023BPix] MISSING_CENTRAL: ZG3Mu/Central/jets/3/phi in Skim_TriLep_TTWToLNu.root
2025-09-24 16:09:14,345 - INFO - [2023BPix] MISSING_CENTRAL: ZG3Mu/Central/jets/3/phi in Skim_TriLep_tHq.root
2025-09-24 16:09:14,345 - INFO - [2023BPix] MISSING_CENTRAL: ZG3Mu/Central/jets/3/phi in Skim_TriLep_WWW.root
2025-09-24 16:09:14,345 - INFO - [2023BPix] MISSING_CENTRAL: ZG3Mu/Central/jets/3/phi in Skim_TriLep_WWZ.root
2025-09-24 16:09:14,348 - INFO - [2023BPix] MISSING_CENTRAL: ZG3Mu/Central/jets/3/phi in Skim_TriLep_TTTT.root
