2025-09-24 16:08:59,615 - INFO - [2022] MISSING_CENTRAL: ZG3Mu/Central/jets/1/pt in Skim_TriLep_DYJets10to50.root
2025-09-24 16:08:59,715 - INFO - [2022] MISSING_CENTRAL: ZG3Mu/Central/jets/1/pt in Skim_TriLep_DYGTo2LG_MLL50_PTG200toInf.root
2025-09-24 16:08:59,715 - INFO - [2022] MISSING_CENTRAL: ZG3Mu/Central/jets/1/pt in Skim_TriLep_TTG_PTG10to100.root
2025-09-24 16:08:59,715 - INFO - [2022] MISSING_CENTRAL: ZG3Mu/Central/jets/1/pt in Skim_TriLep_TTG_PTG100to200.root
2025-09-24 16:08:59,716 - INFO - [2022] MISSING_CENTRAL: ZG3Mu/Central/jets/1/pt in Skim_TriLep_TTG_PTG200toInf.root
2025-09-24 16:08:59,716 - INFO - [2022] MISSING_CENTRAL: ZG3Mu/Central/jets/1/pt in Skim_TriLep_TTWToLNu.root
2025-09-24 16:08:59,791 - INFO - [2022] MISSING_CENTRAL: ZG3Mu/Central/jets/1/pt in Skim_TriLep_WWW.root
2025-09-24 16:09:00,020 - INFO - [2022] MISSING_CENTRAL: ZG3Mu/Central/jets/1/pt in Skim_TriLep_TTTT.root
2025-09-24 16:09:00,125 - INFO - [2022EE] MISSING_CENTRAL: ZG3Mu/Central/jets/1/pt in Skim_TriLep_DYJets10to50.root
2025-09-24 16:09:00,180 - INFO - [2022EE] MISSING_CENTRAL: ZG3Mu/Central/jets/1/pt in Skim_TriLep_DYGTo2LG_MLL50_PTG200toInf.root
2025-09-24 16:09:00,181 - INFO - [2022EE] MISSING_CENTRAL: ZG3Mu/Central/jets/1/pt in Skim_TriLep_TTG_PTG10to100.root
2025-09-24 16:09:00,181 - INFO - [2022EE] MISSING_CENTRAL: ZG3Mu/Central/jets/1/pt in Skim_TriLep_TTG_PTG100to200.root
2025-09-24 16:09:00,181 - INFO - [2022EE] MISSING_CENTRAL: ZG3Mu/Central/jets/1/pt in Skim_TriLep_TTG_PTG200toInf.root
2025-09-24 16:09:00,439 - INFO - [2023] MISSING_CENTRAL: ZG3Mu/Central/jets/1/pt in Skim_TriLep_Muon0_C_v2.root
2025-09-24 16:09:00,455 - INFO - [2023] MISSING_CENTRAL: ZG3Mu/Central/jets/1/pt in Skim_TriLep_DYJets10to50.root
2025-09-24 16:09:00,513 - INFO - [2023] MISSING_CENTRAL: ZG3Mu/Central/jets/1/pt in Skim_TriLep_DYGTo2LG_MLL50_PTG200to400.root
2025-09-24 16:09:00,527 - INFO - [2023] MISSING_CENTRAL: ZG3Mu/Central/jets/1/pt in Skim_TriLep_DYGTo2LG_MLL50_PTG600toInf.root
2025-09-24 16:09:00,527 - INFO - [2023] MISSING_CENTRAL: ZG3Mu/Central/jets/1/pt in Skim_TriLep_TTG_PTG10to100.root
2025-09-24 16:09:00,527 - INFO - [2023] MISSING_CENTRAL: ZG3Mu/Central/jets/1/pt in Skim_TriLep_TTG_PTG100to200.root
2025-09-24 16:09:00,528 - INFO - [2023] MISSING_CENTRAL: ZG3Mu/Central/jets/1/pt in Skim_TriLep_TTG_PTG200toInf.root
2025-09-24 16:09:00,529 - INFO - [2023] MISSING_SYSTEMATIC: ZG3Mu/JetEn_Down/jets/1/pt in Skim_TriLep_TTWToLNu.root
2025-09-24 16:09:00,711 - INFO - [2023BPix] MISSING_CENTRAL: ZG3Mu/Central/jets/1/pt in Skim_TriLep_DYJets10to50.root
2025-09-24 16:09:00,786 - INFO - [2023BPix] MISSING_CENTRAL: ZG3Mu/Central/jets/1/pt in Skim_TriLep_DYGTo2LG_MLL50_PTG200to400.root
2025-09-24 16:09:00,787 - INFO - [2023BPix] MISSING_CENTRAL: ZG3Mu/Central/jets/1/pt in Skim_TriLep_DYGTo2LG_MLL50_PTG400to600.root
2025-09-24 16:09:00,788 - INFO - [2023BPix] MISSING_CENTRAL: ZG3Mu/Central/jets/1/pt in Skim_TriLep_DYGTo2LG_MLL50_PTG600toInf.root
2025-09-24 16:09:00,789 - INFO - [2023BPix] MISSING_CENTRAL: ZG3Mu/Central/jets/1/pt in Skim_TriLep_TTG_PTG10to100.root
2025-09-24 16:09:00,790 - INFO - [2023BPix] MISSING_CENTRAL: ZG3Mu/Central/jets/1/pt in Skim_TriLep_TTG_PTG100to200.root
2025-09-24 16:09:00,791 - INFO - [2023BPix] MISSING_CENTRAL: ZG3Mu/Central/jets/1/pt in Skim_TriLep_TTG_PTG200toInf.root
2025-09-24 16:09:00,792 - INFO - [2023BPix] MISSING_CENTRAL: ZG3Mu/Central/jets/1/pt in Skim_TriLep_TTWToLNu.root
2025-09-24 16:09:00,864 - INFO - [2023BPix] MISSING_CENTRAL: ZG3Mu/Central/jets/1/pt in Skim_TriLep_tHq.root
2025-09-24 16:09:11,400 - INFO - [2022] MISSING_CENTRAL: ZG3Mu/Central/jets/1/pt in Skim_TriLep_DYJets10to50.root
2025-09-24 16:09:11,402 - INFO - [2022] MISSING_CENTRAL: ZG3Mu/Central/jets/1/pt in Skim_TriLep_DYGTo2LG_MLL50_PTG200toInf.root
2025-09-24 16:09:11,402 - INFO - [2022] MISSING_CENTRAL: ZG3Mu/Central/jets/1/pt in Skim_TriLep_TTG_PTG10to100.root
2025-09-24 16:09:11,402 - INFO - [2022] MISSING_CENTRAL: ZG3Mu/Central/jets/1/pt in Skim_TriLep_TTG_PTG100to200.root
2025-09-24 16:09:11,402 - INFO - [2022] MISSING_CENTRAL: ZG3Mu/Central/jets/1/pt in Skim_TriLep_TTG_PTG200toInf.root
2025-09-24 16:09:11,403 - INFO - [2022] MISSING_CENTRAL: ZG3Mu/Central/jets/1/pt in Skim_TriLep_TTWToLNu.root
2025-09-24 16:09:11,407 - INFO - [2022] MISSING_CENTRAL: ZG3Mu/Central/jets/1/pt in Skim_TriLep_WWW.root
2025-09-24 16:09:11,408 - INFO - [2022] MISSING_CENTRAL: ZG3Mu/Central/jets/1/pt in Skim_TriLep_TTTT.root
2025-09-24 16:09:11,411 - INFO - [2022EE] MISSING_CENTRAL: ZG3Mu/Central/jets/1/pt in Skim_TriLep_DYJets10to50.root
2025-09-24 16:09:11,413 - INFO - [2022EE] MISSING_CENTRAL: ZG3Mu/Central/jets/1/pt in Skim_TriLep_DYGTo2LG_MLL50_PTG200toInf.root
2025-09-24 16:09:11,413 - INFO - [2022EE] MISSING_CENTRAL: ZG3Mu/Central/jets/1/pt in Skim_TriLep_TTG_PTG10to100.root
2025-09-24 16:09:11,413 - INFO - [2022EE] MISSING_CENTRAL: ZG3Mu/Central/jets/1/pt in Skim_TriLep_TTG_PTG100to200.root
2025-09-24 16:09:11,413 - INFO - [2022EE] MISSING_CENTRAL: ZG3Mu/Central/jets/1/pt in Skim_TriLep_TTG_PTG200toInf.root
2025-09-24 16:09:11,419 - INFO - [2023] MISSING_CENTRAL: ZG3Mu/Central/jets/1/pt in Skim_TriLep_Muon0_C_v2.root
2025-09-24 16:09:11,422 - INFO - [2023] MISSING_CENTRAL: ZG3Mu/Central/jets/1/pt in Skim_TriLep_DYJets10to50.root
2025-09-24 16:09:11,424 - INFO - [2023] MISSING_CENTRAL: ZG3Mu/Central/jets/1/pt in Skim_TriLep_DYGTo2LG_MLL50_PTG200to400.root
2025-09-24 16:09:11,425 - INFO - [2023] MISSING_CENTRAL: ZG3Mu/Central/jets/1/pt in Skim_TriLep_DYGTo2LG_MLL50_PTG600toInf.root
2025-09-24 16:09:11,425 - INFO - [2023] MISSING_CENTRAL: ZG3Mu/Central/jets/1/pt in Skim_TriLep_TTG_PTG10to100.root
2025-09-24 16:09:11,425 - INFO - [2023] MISSING_CENTRAL: ZG3Mu/Central/jets/1/pt in Skim_TriLep_TTG_PTG100to200.root
2025-09-24 16:09:11,425 - INFO - [2023] MISSING_CENTRAL: ZG3Mu/Central/jets/1/pt in Skim_TriLep_TTG_PTG200toInf.root
2025-09-24 16:09:11,433 - INFO - [2023BPix] MISSING_CENTRAL: ZG3Mu/Central/jets/1/pt in Skim_TriLep_DYJets10to50.root
2025-09-24 16:09:11,434 - INFO - [2023BPix] MISSING_CENTRAL: ZG3Mu/Central/jets/1/pt in Skim_TriLep_DYGTo2LG_MLL50_PTG200to400.root
2025-09-24 16:09:11,435 - INFO - [2023BPix] MISSING_CENTRAL: ZG3Mu/Central/jets/1/pt in Skim_TriLep_DYGTo2LG_MLL50_PTG400to600.root
2025-09-24 16:09:11,435 - INFO - [2023BPix] MISSING_CENTRAL: ZG3Mu/Central/jets/1/pt in Skim_TriLep_DYGTo2LG_MLL50_PTG600toInf.root
2025-09-24 16:09:11,435 - INFO - [2023BPix] MISSING_CENTRAL: ZG3Mu/Central/jets/1/pt in Skim_TriLep_TTG_PTG10to100.root
2025-09-24 16:09:11,435 - INFO - [2023BPix] MISSING_CENTRAL: ZG3Mu/Central/jets/1/pt in Skim_TriLep_TTG_PTG100to200.root
2025-09-24 16:09:11,435 - INFO - [2023BPix] MISSING_CENTRAL: ZG3Mu/Central/jets/1/pt in Skim_TriLep_TTG_PTG200toInf.root
2025-09-24 16:09:11,436 - INFO - [2023BPix] MISSING_CENTRAL: ZG3Mu/Central/jets/1/pt in Skim_TriLep_TTWToLNu.root
2025-09-24 16:09:11,438 - INFO - [2023BPix] MISSING_CENTRAL: ZG3Mu/Central/jets/1/pt in Skim_TriLep_tHq.root
