2025-09-24 15:54:54,169 - INFO - [2022] MISSING_CENTRAL: ZG3Mu/Central/jets/2/mass in Skim_TriLep_DoubleMuon_C.root
2025-09-24 15:54:54,347 - INFO - [2022] MISSING_CENTRAL: ZG3Mu/Central/jets/2/mass in Skim_TriLep_DYJets10to50.root
2025-09-24 15:54:54,360 - INFO - [2022] MISSING_CENTRAL: ZG3Mu/Central/jets/2/mass in Skim_TriLep_DYGTo2LG_MLL4to50_PTG100to200.root
2025-09-24 15:54:54,361 - INFO - [2022] MISSING_CENTRAL: ZG3Mu/Central/jets/2/mass in Skim_TriLep_DYGTo2LG_MLL4to50_PTG200toInf.root
2025-09-24 15:54:54,365 - INFO - [2022] MISSING_CENTRAL: ZG3Mu/Central/jets/2/mass in Skim_TriLep_DYGTo2LG_MLL50_PTG100to200.root
2025-09-24 15:54:54,366 - INFO - [2022] MISSING_CENTRAL: ZG3Mu/Central/jets/2/mass in Skim_TriLep_DYGTo2LG_MLL50_PTG200toInf.root
2025-09-24 15:54:54,366 - INFO - [2022] MISSING_CENTRAL: ZG3Mu/Central/jets/2/mass in Skim_TriLep_TTG_PTG10to100.root
2025-09-24 15:54:54,366 - INFO - [2022] MISSING_CENTRAL: ZG3Mu/Central/jets/2/mass in Skim_TriLep_TTG_PTG100to200.root
2025-09-24 15:54:54,366 - INFO - [2022] MISSING_CENTRAL: ZG3Mu/Central/jets/2/mass in Skim_TriLep_TTG_PTG200toInf.root
2025-09-24 15:54:54,366 - INFO - [2022] MISSING_CENTRAL: ZG3Mu/Central/jets/2/mass in Skim_TriLep_TTWToLNu.root
2025-09-24 15:54:54,449 - INFO - [2022] MISSING_CENTRAL: ZG3Mu/Central/jets/2/mass in Skim_TriLep_WWW.root
2025-09-24 15:54:54,477 - INFO - [2022] MISSING_CENTRAL: ZG3Mu/Central/jets/2/mass in Skim_TriLep_TTTT.root
2025-09-24 15:55:04,522 - INFO - [2022] MISSING_CENTRAL: ZG3Mu/Central/jets/2/mass in Skim_TriLep_DoubleMuon_C.root
2025-09-24 15:55:04,526 - INFO - [2022] MISSING_CENTRAL: ZG3Mu/Central/jets/2/mass in Skim_TriLep_DYJets10to50.root
2025-09-24 15:55:04,527 - INFO - [2022] MISSING_CENTRAL: ZG3Mu/Central/jets/2/mass in Skim_TriLep_DYGTo2LG_MLL4to50_PTG100to200.root
2025-09-24 15:55:04,527 - INFO - [2022] MISSING_CENTRAL: ZG3Mu/Central/jets/2/mass in Skim_TriLep_DYGTo2LG_MLL4to50_PTG200toInf.root
2025-09-24 15:55:04,528 - INFO - [2022] MISSING_CENTRAL: ZG3Mu/Central/jets/2/mass in Skim_TriLep_DYGTo2LG_MLL50_PTG100to200.root
2025-09-24 15:55:04,528 - INFO - [2022] MISSING_CENTRAL: ZG3Mu/Central/jets/2/mass in Skim_TriLep_DYGTo2LG_MLL50_PTG200toInf.root
2025-09-24 15:55:04,528 - INFO - [2022] MISSING_CENTRAL: ZG3Mu/Central/jets/2/mass in Skim_TriLep_TTG_PTG10to100.root
2025-09-24 15:55:04,528 - INFO - [2022] MISSING_CENTRAL: ZG3Mu/Central/jets/2/mass in Skim_TriLep_TTG_PTG100to200.root
2025-09-24 15:55:04,529 - INFO - [2022] MISSING_CENTRAL: ZG3Mu/Central/jets/2/mass in Skim_TriLep_TTG_PTG200toInf.root
2025-09-24 15:55:04,529 - INFO - [2022] MISSING_CENTRAL: ZG3Mu/Central/jets/2/mass in Skim_TriLep_TTWToLNu.root
2025-09-24 15:55:04,532 - INFO - [2022] MISSING_CENTRAL: ZG3Mu/Central/jets/2/mass in Skim_TriLep_WWW.root
2025-09-24 15:55:04,533 - INFO - [2022] MISSING_CENTRAL: ZG3Mu/Central/jets/2/mass in Skim_TriLep_TTTT.root
