2025-09-24 15:54:54,097 - INFO - [2022] MISSING_CENTRAL: ZG3Mu/Central/jets/2/pt in Skim_TriLep_DoubleMuon_C.root
2025-09-24 15:54:54,113 - INFO - [2022] MISSING_CENTRAL: ZG3Mu/Central/jets/2/pt in Skim_TriLep_DYJets10to50.root
2025-09-24 15:54:54,122 - INFO - [2022] MISSING_CENTRAL: ZG3Mu/Central/jets/2/pt in Skim_TriLep_DYGTo2LG_MLL4to50_PTG100to200.root
2025-09-24 15:54:54,122 - INFO - [2022] MISSING_CENTRAL: ZG3Mu/Central/jets/2/pt in Skim_TriLep_DYGTo2LG_MLL4to50_PTG200toInf.root
2025-09-24 15:54:54,131 - INFO - [2022] MISSING_CENTRAL: ZG3Mu/Central/jets/2/pt in Skim_TriLep_DYGTo2LG_MLL50_PTG100to200.root
2025-09-24 15:54:54,131 - INFO - [2022] MISSING_CENTRAL: ZG3Mu/Central/jets/2/pt in Skim_TriLep_DYGTo2LG_MLL50_PTG200toInf.root
2025-09-24 15:54:54,131 - INFO - [2022] MISSING_CENTRAL: ZG3Mu/Central/jets/2/pt in Skim_TriLep_TTG_PTG10to100.root
2025-09-24 15:54:54,131 - INFO - [2022] MISSING_CENTRAL: ZG3Mu/Central/jets/2/pt in Skim_TriLep_TTG_PTG100to200.root
2025-09-24 15:54:54,131 - INFO - [2022] MISSING_CENTRAL: ZG3Mu/Central/jets/2/pt in Skim_TriLep_TTG_PTG200toInf.root
2025-09-24 15:54:54,132 - INFO - [2022] MISSING_CENTRAL: ZG3Mu/Central/jets/2/pt in Skim_TriLep_TTWToLNu.root
2025-09-24 15:54:54,432 - INFO - [2022] MISSING_CENTRAL: ZG3Mu/Central/jets/2/pt in Skim_TriLep_WWW.root
2025-09-24 15:54:54,488 - INFO - [2022] MISSING_CENTRAL: ZG3Mu/Central/jets/2/pt in Skim_TriLep_TTTT.root
2025-09-24 15:55:04,372 - INFO - [2022] MISSING_CENTRAL: ZG3Mu/Central/jets/2/pt in Skim_TriLep_DoubleMuon_C.root
2025-09-24 15:55:04,378 - INFO - [2022] MISSING_CENTRAL: ZG3Mu/Central/jets/2/pt in Skim_TriLep_DYJets10to50.root
2025-09-24 15:55:04,378 - INFO - [2022] MISSING_CENTRAL: ZG3Mu/Central/jets/2/pt in Skim_TriLep_DYGTo2LG_MLL4to50_PTG100to200.root
2025-09-24 15:55:04,378 - INFO - [2022] MISSING_CENTRAL: ZG3Mu/Central/jets/2/pt in Skim_TriLep_DYGTo2LG_MLL4to50_PTG200toInf.root
2025-09-24 15:55:04,379 - INFO - [2022] MISSING_CENTRAL: ZG3Mu/Central/jets/2/pt in Skim_TriLep_DYGTo2LG_MLL50_PTG100to200.root
2025-09-24 15:55:04,379 - INFO - [2022] MISSING_CENTRAL: ZG3Mu/Central/jets/2/pt in Skim_TriLep_DYGTo2LG_MLL50_PTG200toInf.root
2025-09-24 15:55:04,379 - INFO - [2022] MISSING_CENTRAL: ZG3Mu/Central/jets/2/pt in Skim_TriLep_TTG_PTG10to100.root
2025-09-24 15:55:04,380 - INFO - [2022] MISSING_CENTRAL: ZG3Mu/Central/jets/2/pt in Skim_TriLep_TTG_PTG100to200.root
2025-09-24 15:55:04,380 - INFO - [2022] MISSING_CENTRAL: ZG3Mu/Central/jets/2/pt in Skim_TriLep_TTG_PTG200toInf.root
2025-09-24 15:55:04,380 - INFO - [2022] MISSING_CENTRAL: ZG3Mu/Central/jets/2/pt in Skim_TriLep_TTWToLNu.root
2025-09-24 15:55:04,384 - INFO - [2022] MISSING_CENTRAL: ZG3Mu/Central/jets/2/pt in Skim_TriLep_WWW.root
2025-09-24 15:55:04,410 - INFO - [2022] MISSING_CENTRAL: ZG3Mu/Central/jets/2/pt in Skim_TriLep_TTTT.root
