2025-09-24 15:54:54,461 - INFO - [2022] MISSING_CENTRAL: ZG3Mu/Central/jets/2/phi in Skim_TriLep_DoubleMuon_C.root
2025-09-24 15:54:54,496 - INFO - [2022] MISSING_CENTRAL: ZG3Mu/Central/jets/2/phi in Skim_TriLep_DYJets10to50.root
2025-09-24 15:54:54,500 - INFO - [2022] MISSING_CENTRAL: ZG3Mu/Central/jets/2/phi in Skim_TriLep_DYGTo2LG_MLL4to50_PTG100to200.root
2025-09-24 15:54:54,501 - INFO - [2022] MISSING_CENTRAL: ZG3Mu/Central/jets/2/phi in Skim_TriLep_DYGTo2LG_MLL4to50_PTG200toInf.root
2025-09-24 15:54:54,506 - INFO - [2022] MISSING_CENTRAL: ZG3Mu/Central/jets/2/phi in Skim_TriLep_DYGTo2LG_MLL50_PTG100to200.root
2025-09-24 15:54:54,507 - INFO - [2022] MISSING_CENTRAL: ZG3Mu/Central/jets/2/phi in Skim_TriLep_DYGTo2LG_MLL50_PTG200toInf.root
2025-09-24 15:54:54,507 - INFO - [2022] MISSING_CENTRAL: ZG3Mu/Central/jets/2/phi in Skim_TriLep_TTG_PTG10to100.root
2025-09-24 15:54:54,507 - INFO - [2022] MISSING_CENTRAL: ZG3Mu/Central/jets/2/phi in Skim_TriLep_TTG_PTG100to200.root
2025-09-24 15:54:54,507 - INFO - [2022] MISSING_CENTRAL: ZG3Mu/Central/jets/2/phi in Skim_TriLep_TTG_PTG200toInf.root
2025-09-24 15:54:54,508 - INFO - [2022] MISSING_CENTRAL: ZG3Mu/Central/jets/2/phi in Skim_TriLep_TTWToLNu.root
2025-09-24 15:54:54,551 - INFO - [2022] MISSING_CENTRAL: ZG3Mu/Central/jets/2/phi in Skim_TriLep_WWW.root
2025-09-24 15:54:54,568 - INFO - [2022] MISSING_CENTRAL: ZG3Mu/Central/jets/2/phi in Skim_TriLep_TTTT.root
2025-09-24 15:55:04,675 - INFO - [2022] MISSING_CENTRAL: ZG3Mu/Central/jets/2/phi in Skim_TriLep_DoubleMuon_C.root
2025-09-24 15:55:04,690 - INFO - [2022] MISSING_CENTRAL: ZG3Mu/Central/jets/2/phi in Skim_TriLep_DYJets10to50.root
2025-09-24 15:55:04,691 - INFO - [2022] MISSING_CENTRAL: ZG3Mu/Central/jets/2/phi in Skim_TriLep_DYGTo2LG_MLL4to50_PTG100to200.root
2025-09-24 15:55:04,692 - INFO - [2022] MISSING_CENTRAL: ZG3Mu/Central/jets/2/phi in Skim_TriLep_DYGTo2LG_MLL4to50_PTG200toInf.root
2025-09-24 15:55:04,693 - INFO - [2022] MISSING_CENTRAL: ZG3Mu/Central/jets/2/phi in Skim_TriLep_DYGTo2LG_MLL50_PTG100to200.root
2025-09-24 15:55:04,693 - INFO - [2022] MISSING_CENTRAL: ZG3Mu/Central/jets/2/phi in Skim_TriLep_DYGTo2LG_MLL50_PTG200toInf.root
2025-09-24 15:55:04,693 - INFO - [2022] MISSING_CENTRAL: ZG3Mu/Central/jets/2/phi in Skim_TriLep_TTG_PTG10to100.root
2025-09-24 15:55:04,693 - INFO - [2022] MISSING_CENTRAL: ZG3Mu/Central/jets/2/phi in Skim_TriLep_TTG_PTG100to200.root
2025-09-24 15:55:04,693 - INFO - [2022] MISSING_CENTRAL: ZG3Mu/Central/jets/2/phi in Skim_TriLep_TTG_PTG200toInf.root
2025-09-24 15:55:04,694 - INFO - [2022] MISSING_CENTRAL: ZG3Mu/Central/jets/2/phi in Skim_TriLep_TTWToLNu.root
2025-09-24 15:55:04,698 - INFO - [2022] MISSING_CENTRAL: ZG3Mu/Central/jets/2/phi in Skim_TriLep_WWW.root
2025-09-24 15:55:04,699 - INFO - [2022] MISSING_CENTRAL: ZG3Mu/Central/jets/2/phi in Skim_TriLep_TTTT.root
