2025-09-24 15:54:56,775 - INFO - [2022] MISSING_CENTRAL: ZG3Mu/Central/jets/4/mass in Skim_TriLep_DoubleMuon_C.root
2025-09-24 15:54:56,776 - INFO - [2022] MISSING_CENTRAL: ZG3Mu/Central/jets/4/mass in Skim_TriLep_Muon_C.root
2025-09-24 15:54:56,776 - INFO - [2022] MISSING_CENTRAL: ZG3Mu/Central/jets/4/mass in Skim_TriLep_Muon_D.root
2025-09-24 15:55:07,568 - INFO - [2022] MISSING_CENTRAL: ZG3Mu/Central/jets/4/mass in Skim_TriLep_DoubleMuon_C.root
2025-09-24 15:55:07,568 - INFO - [2022] MISSING_CENTRAL: ZG3Mu/Central/jets/4/mass in Skim_TriLep_Muon_C.root
2025-09-24 15:55:07,568 - INFO - [2022] MISSING_CENTRAL: ZG3Mu/Central/jets/4/mass in Skim_TriLep_Muon_D.root
2025-10-02 21:16:38,973 - INFO - [2022] MISSING_CENTRAL: ZG3Mu/Central/jets/4/mass in Skim_TriLep_DoubleMuon_C.root
2025-10-02 21:16:38,974 - INFO - [2022] MISSING_CENTRAL: ZG3Mu/Central/jets/4/mass in Skim_TriLep_Muon_C.root
2025-10-02 21:16:38,976 - INFO - [2022] MISSING_CENTRAL: ZG3Mu/Central/jets/4/mass in Skim_TriLep_Muon_D.root
2025-10-02 21:16:45,473 - INFO - [2022] MISSING_CENTRAL: ZG3Mu/Central/jets/4/mass in Skim_TriLep_DoubleMuon_C.root
2025-10-02 21:16:45,475 - INFO - [2022] MISSING_CENTRAL: ZG3Mu/Central/jets/4/mass in Skim_TriLep_Muon_C.root
2025-10-02 21:16:45,481 - INFO - [2022] MISSING_CENTRAL: ZG3Mu/Central/jets/4/mass in Skim_TriLep_Muon_D.root
2025-10-03 00:23:00,905 - INFO - [2022] MISSING_CENTRAL: ZG3Mu/Central/jets/4/mass in Skim_TriLep_DoubleMuon_C.root
2025-10-03 00:23:00,906 - INFO - [2022] MISSING_CENTRAL: ZG3Mu/Central/jets/4/mass in Skim_TriLep_Muon_C.root
2025-10-03 00:23:00,906 - INFO - [2022] MISSING_CENTRAL: ZG3Mu/Central/jets/4/mass in Skim_TriLep_Muon_D.root
2025-10-03 00:23:09,591 - INFO - [2022] MISSING_CENTRAL: ZG3Mu/Central/jets/4/mass in Skim_TriLep_DoubleMuon_C.root
2025-10-03 00:23:09,592 - INFO - [2022] MISSING_CENTRAL: ZG3Mu/Central/jets/4/mass in Skim_TriLep_Muon_C.root
2025-10-03 00:23:09,592 - INFO - [2022] MISSING_CENTRAL: ZG3Mu/Central/jets/4/mass in Skim_TriLep_Muon_D.root
2025-11-07 13:09:05,905 - INFO - [2022] MISSING_CENTRAL: ZG3Mu/Central/jets/4/mass in Skim_TriLep_DoubleMuon_C.root
2025-11-07 13:09:05,905 - INFO - [2022] MISSING_CENTRAL: ZG3Mu/Central/jets/4/mass in Skim_TriLep_Muon_C.root
2025-11-07 13:09:05,906 - INFO - [2022] MISSING_CENTRAL: ZG3Mu/Central/jets/4/mass in Skim_TriLep_Muon_D.root
2025-11-07 13:09:11,158 - INFO - [2022] MISSING_CENTRAL: ZG3Mu/Central/jets/4/mass in Skim_TriLep_DoubleMuon_C.root
2025-11-07 13:09:11,159 - INFO - [2022] MISSING_CENTRAL: ZG3Mu/Central/jets/4/mass in Skim_TriLep_Muon_C.root
2025-11-07 13:09:11,159 - INFO - [2022] MISSING_CENTRAL: ZG3Mu/Central/jets/4/mass in Skim_TriLep_Muon_D.root
2025-11-07 14:06:47,651 - INFO - [2022] MISSING_CENTRAL: ZG3Mu/Central/jets/4/mass in Skim_TriLep_DoubleMuon_C.root
2025-11-07 14:06:47,651 - INFO - [2022] MISSING_CENTRAL: ZG3Mu/Central/jets/4/mass in Skim_TriLep_Muon_C.root
2025-11-07 14:06:47,652 - INFO - [2022] MISSING_CENTRAL: ZG3Mu/Central/jets/4/mass in Skim_TriLep_Muon_D.root
2025-11-07 14:06:52,635 - INFO - [2022] MISSING_CENTRAL: ZG3Mu/Central/jets/4/mass in Skim_TriLep_DoubleMuon_C.root
2025-11-07 14:06:52,635 - INFO - [2022] MISSING_CENTRAL: ZG3Mu/Central/jets/4/mass in Skim_TriLep_Muon_C.root
2025-11-07 14:06:52,635 - INFO - [2022] MISSING_CENTRAL: ZG3Mu/Central/jets/4/mass in Skim_TriLep_Muon_D.root
2025-11-10 12:21:59,750 - INFO - [2022] MISSING_CENTRAL: ZG3Mu/Central/jets/4/mass in Skim_TriLep_DoubleMuon_C.root
2025-11-10 12:21:59,750 - INFO - [2022] MISSING_CENTRAL: ZG3Mu/Central/jets/4/mass in Skim_TriLep_Muon_C.root
2025-11-10 12:21:59,751 - INFO - [2022] MISSING_CENTRAL: ZG3Mu/Central/jets/4/mass in Skim_TriLep_Muon_D.root
2025-11-10 12:22:04,840 - INFO - [2022] MISSING_CENTRAL: ZG3Mu/Central/jets/4/mass in Skim_TriLep_DoubleMuon_C.root
2025-11-10 12:22:04,840 - INFO - [2022] MISSING_CENTRAL: ZG3Mu/Central/jets/4/mass in Skim_TriLep_Muon_C.root
2025-11-10 12:22:04,841 - INFO - [2022] MISSING_CENTRAL: ZG3Mu/Central/jets/4/mass in Skim_TriLep_Muon_D.root
2025-11-13 11:11:34,398 - INFO - [2022] MISSING_CENTRAL: ZG3Mu/Central/jets/4/mass in Skim_TriLep_DoubleMuon_C.root
2025-11-13 11:11:34,402 - INFO - [2022] MISSING_CENTRAL: ZG3Mu/Central/jets/4/mass in Skim_TriLep_Muon_C.root
2025-11-13 11:11:34,404 - INFO - [2022] MISSING_CENTRAL: ZG3Mu/Central/jets/4/mass in Skim_TriLep_Muon_D.root
2025-11-13 11:11:40,214 - INFO - [2022] MISSING_CENTRAL: ZG3Mu/Central/jets/4/mass in Skim_TriLep_DoubleMuon_C.root
2025-11-13 11:11:40,216 - INFO - [2022] MISSING_CENTRAL: ZG3Mu/Central/jets/4/mass in Skim_TriLep_Muon_C.root
2025-11-13 11:11:40,217 - INFO - [2022] MISSING_CENTRAL: ZG3Mu/Central/jets/4/mass in Skim_TriLep_Muon_D.root
2025-11-19 00:17:59,610 - INFO - [2022] MISSING_CENTRAL: ZG3Mu/Central/jets/4/mass in Skim_TriLep_DoubleMuon_C.root
2025-11-19 00:17:59,611 - INFO - [2022] MISSING_CENTRAL: ZG3Mu/Central/jets/4/mass in Skim_TriLep_Muon_C.root
2025-11-19 00:17:59,611 - INFO - [2022] MISSING_CENTRAL: ZG3Mu/Central/jets/4/mass in Skim_TriLep_Muon_D.root
2025-11-19 00:18:04,374 - INFO - [2022] MISSING_CENTRAL: ZG3Mu/Central/jets/4/mass in Skim_TriLep_DoubleMuon_C.root
2025-11-19 00:18:04,375 - INFO - [2022] MISSING_CENTRAL: ZG3Mu/Central/jets/4/mass in Skim_TriLep_Muon_C.root
2025-11-19 00:18:04,375 - INFO - [2022] MISSING_CENTRAL: ZG3Mu/Central/jets/4/mass in Skim_TriLep_Muon_D.root
2025-11-19 15:43:12,626 - INFO - [2022] MISSING_CENTRAL: ZG3Mu/Central/jets/4/mass in Skim_TriLep_DoubleMuon_C.root
2025-11-19 15:43:12,627 - INFO - [2022] MISSING_CENTRAL: ZG3Mu/Central/jets/4/mass in Skim_TriLep_Muon_C.root
2025-11-19 15:43:12,627 - INFO - [2022] MISSING_CENTRAL: ZG3Mu/Central/jets/4/mass in Skim_TriLep_Muon_D.root
2025-11-19 15:43:17,599 - INFO - [2022] MISSING_CENTRAL: ZG3Mu/Central/jets/4/mass in Skim_TriLep_DoubleMuon_C.root
2025-11-19 15:43:17,600 - INFO - [2022] MISSING_CENTRAL: ZG3Mu/Central/jets/4/mass in Skim_TriLep_Muon_C.root
2025-11-19 15:43:17,600 - INFO - [2022] MISSING_CENTRAL: ZG3Mu/Central/jets/4/mass in Skim_TriLep_Muon_D.root
2025-11-19 16:24:23,069 - INFO - [2022] MISSING_CENTRAL: ZG3Mu/Central/jets/4/mass in Skim_TriLep_DoubleMuon_C.root
2025-11-19 16:24:23,070 - INFO - [2022] MISSING_CENTRAL: ZG3Mu/Central/jets/4/mass in Skim_TriLep_Muon_C.root
2025-11-19 16:24:23,070 - INFO - [2022] MISSING_CENTRAL: ZG3Mu/Central/jets/4/mass in Skim_TriLep_Muon_D.root
2025-11-19 16:24:28,101 - INFO - [2022] MISSING_CENTRAL: ZG3Mu/Central/jets/4/mass in Skim_TriLep_DoubleMuon_C.root
2025-11-19 16:24:28,101 - INFO - [2022] MISSING_CENTRAL: ZG3Mu/Central/jets/4/mass in Skim_TriLep_Muon_C.root
2025-11-19 16:24:28,102 - INFO - [2022] MISSING_CENTRAL: ZG3Mu/Central/jets/4/mass in Skim_TriLep_Muon_D.root
2025-12-17 12:26:25,715 - INFO - [2022] MISSING_CENTRAL: ZG3Mu/Central/jets/4/mass in Skim_TriLep_DoubleMuon_C.root
2025-12-17 12:26:25,717 - INFO - [2022] MISSING_CENTRAL: ZG3Mu/Central/jets/4/mass in Skim_TriLep_Muon_C.root
2025-12-17 12:26:25,718 - INFO - [2022] MISSING_CENTRAL: ZG3Mu/Central/jets/4/mass in Skim_TriLep_Muon_D.root
2025-12-17 12:26:30,097 - INFO - [2022] MISSING_CENTRAL: ZG3Mu/Central/jets/4/mass in Skim_TriLep_DoubleMuon_C.root
2025-12-17 12:26:30,104 - INFO - [2022] MISSING_CENTRAL: ZG3Mu/Central/jets/4/mass in Skim_TriLep_Muon_C.root
2025-12-17 12:26:30,105 - INFO - [2022] MISSING_CENTRAL: ZG3Mu/Central/jets/4/mass in Skim_TriLep_Muon_D.root
2025-12-17 16:08:09,926 - INFO - [2022] MISSING_CENTRAL: ZG3Mu/Central/jets/4/mass in Skim_TriLep_DoubleMuon_C.root
2025-12-17 16:08:09,927 - INFO - [2022] MISSING_CENTRAL: ZG3Mu/Central/jets/4/mass in Skim_TriLep_Muon_C.root
2025-12-17 16:08:09,928 - INFO - [2022] MISSING_CENTRAL: ZG3Mu/Central/jets/4/mass in Skim_TriLep_Muon_D.root
2025-12-17 16:08:14,848 - INFO - [2022] MISSING_CENTRAL: ZG3Mu/Central/jets/4/mass in Skim_TriLep_DoubleMuon_C.root
2025-12-17 16:08:14,849 - INFO - [2022] MISSING_CENTRAL: ZG3Mu/Central/jets/4/mass in Skim_TriLep_Muon_C.root
2025-12-17 16:08:14,850 - INFO - [2022] MISSING_CENTRAL: ZG3Mu/Central/jets/4/mass in Skim_TriLep_Muon_D.root
2025-12-17 22:38:52,194 - INFO - [2022] MISSING_CENTRAL: ZG3Mu/Central/jets/4/mass in Skim_TriLep_DoubleMuon_C.root
2025-12-17 22:38:52,196 - INFO - [2022] MISSING_CENTRAL: ZG3Mu/Central/jets/4/mass in Skim_TriLep_Muon_C.root
2025-12-17 22:38:52,197 - INFO - [2022] MISSING_CENTRAL: ZG3Mu/Central/jets/4/mass in Skim_TriLep_Muon_D.root
2025-12-17 22:38:57,069 - INFO - [2022] MISSING_CENTRAL: ZG3Mu/Central/jets/4/mass in Skim_TriLep_DoubleMuon_C.root
2025-12-17 22:38:57,082 - INFO - [2022] MISSING_CENTRAL: ZG3Mu/Central/jets/4/mass in Skim_TriLep_Muon_C.root
2025-12-17 22:38:57,083 - INFO - [2022] MISSING_CENTRAL: ZG3Mu/Central/jets/4/mass in Skim_TriLep_Muon_D.root
2025-12-18 14:23:37,673 - INFO - [2022] MISSING_CENTRAL: ZG3Mu/Central/jets/4/mass in Skim_TriLep_DoubleMuon_C.root
2025-12-18 14:23:37,674 - INFO - [2022] MISSING_CENTRAL: ZG3Mu/Central/jets/4/mass in Skim_TriLep_Muon_C.root
2025-12-18 14:23:37,675 - INFO - [2022] MISSING_CENTRAL: ZG3Mu/Central/jets/4/mass in Skim_TriLep_Muon_D.root
2025-12-18 14:23:42,699 - INFO - [2022] MISSING_CENTRAL: ZG3Mu/Central/jets/4/mass in Skim_TriLep_DoubleMuon_C.root
2025-12-18 14:23:42,701 - INFO - [2022] MISSING_CENTRAL: ZG3Mu/Central/jets/4/mass in Skim_TriLep_Muon_C.root
2025-12-18 14:23:42,702 - INFO - [2022] MISSING_CENTRAL: ZG3Mu/Central/jets/4/mass in Skim_TriLep_Muon_D.root
2025-12-18 14:39:02,334 - INFO - [2022] MISSING_CENTRAL: ZG3Mu/Central/jets/4/mass in Skim_TriLep_DoubleMuon_C.root
2025-12-18 14:39:02,335 - INFO - [2022] MISSING_CENTRAL: ZG3Mu/Central/jets/4/mass in Skim_TriLep_Muon_C.root
2025-12-18 14:39:02,355 - INFO - [2022] MISSING_CENTRAL: ZG3Mu/Central/jets/4/mass in Skim_TriLep_Muon_D.root
2025-12-18 14:39:07,516 - INFO - [2022] MISSING_CENTRAL: ZG3Mu/Central/jets/4/mass in Skim_TriLep_DoubleMuon_C.root
2025-12-18 14:39:07,520 - INFO - [2022] MISSING_CENTRAL: ZG3Mu/Central/jets/4/mass in Skim_TriLep_Muon_C.root
2025-12-18 14:39:07,523 - INFO - [2022] MISSING_CENTRAL: ZG3Mu/Central/jets/4/mass in Skim_TriLep_Muon_D.root
2026-01-07 11:48:38,937 - INFO - [2022] MISSING_FILE: /data9/Users/choij/Sync/workspace/ChargedHiggsAnalysisV3/SKNanoOutput/CRPromptSelector/Run3Mu/2022/Skim_TriLep_DoubleMuon_C.root
2026-01-07 11:48:38,937 - INFO - [2022] MISSING_FILE: /data9/Users/choij/Sync/workspace/ChargedHiggsAnalysisV3/SKNanoOutput/CRPromptSelector/Run3Mu/2022/Skim_TriLep_Muon_C.root
2026-01-07 11:48:38,937 - INFO - [2022] MISSING_FILE: /data9/Users/choij/Sync/workspace/ChargedHiggsAnalysisV3/SKNanoOutput/CRPromptSelector/Run3Mu/2022/Skim_TriLep_Muon_D.root
2026-01-07 11:48:42,764 - INFO - [2022] MISSING_FILE: /data9/Users/choij/Sync/workspace/ChargedHiggsAnalysisV3/SKNanoOutput/CRPromptSelector/Run3Mu/2022/Skim_TriLep_DoubleMuon_C.root
2026-01-07 11:48:42,764 - INFO - [2022] MISSING_FILE: /data9/Users/choij/Sync/workspace/ChargedHiggsAnalysisV3/SKNanoOutput/CRPromptSelector/Run3Mu/2022/Skim_TriLep_Muon_C.root
2026-01-07 11:48:42,764 - INFO - [2022] MISSING_FILE: /data9/Users/choij/Sync/workspace/ChargedHiggsAnalysisV3/SKNanoOutput/CRPromptSelector/Run3Mu/2022/Skim_TriLep_Muon_D.root
