2025-09-24 16:04:09,911 - INFO - [2023BPix] MISSING_CENTRAL: ZFake1E2Mu/Central/jets/1/energy in Skim_TriLep_DYJets.root
2025-09-24 16:04:09,911 - INFO - [2023BPix] MISSING_CENTRAL: ZFake1E2Mu/Central/jets/1/energy in Skim_TriLep_DYJets10to50.root
2025-09-24 16:04:09,912 - INFO - [2023BPix] MISSING_CENTRAL: ZFake1E2Mu/Central/jets/1/energy in Skim_TriLep_DYGTo2LG_MLL4to50_PTG10to100.root
2025-09-24 16:04:09,912 - INFO - [2023BPix] MISSING_CENTRAL: ZFake1E2Mu/Central/jets/1/energy in Skim_TriLep_DYGTo2LG_MLL4to50_PTG100to200.root
2025-09-24 16:04:09,913 - INFO - [2023BPix] MISSING_CENTRAL: ZFake1E2Mu/Central/jets/1/energy in Skim_TriLep_DYGTo2LG_MLL4to50_PTG200toInf.root
2025-09-24 16:04:10,013 - INFO - [2023BPix] MISSING_CENTRAL: ZFake1E2Mu/Central/jets/1/energy in Skim_TriLep_TTG_PTG200toInf.root
2025-10-02 21:21:43,477 - INFO - [2023BPix] MISSING_CENTRAL: ZFake1E2Mu/Central/jets/1/energy in Skim_TriLep_DYJets.root
2025-10-02 21:21:43,480 - INFO - [2023BPix] MISSING_CENTRAL: ZFake1E2Mu/Central/jets/1/energy in Skim_TriLep_DYJets10to50.root
2025-10-02 21:21:43,482 - INFO - [2023BPix] MISSING_CENTRAL: ZFake1E2Mu/Central/jets/1/energy in Skim_TriLep_DYGTo2LG_MLL4to50_PTG10to100.root
2025-10-02 21:21:43,483 - INFO - [2023BPix] MISSING_CENTRAL: ZFake1E2Mu/Central/jets/1/energy in Skim_TriLep_DYGTo2LG_MLL4to50_PTG100to200.root
2025-10-02 21:21:43,485 - INFO - [2023BPix] MISSING_CENTRAL: ZFake1E2Mu/Central/jets/1/energy in Skim_TriLep_DYGTo2LG_MLL4to50_PTG200toInf.root
2025-10-02 21:21:44,305 - INFO - [2023BPix] MISSING_CENTRAL: ZFake1E2Mu/Central/jets/1/energy in Skim_TriLep_TTG_PTG200toInf.root
2025-10-03 00:34:19,550 - INFO - [2023BPix] MISSING_CENTRAL: ZFake1E2Mu/Central/jets/1/energy in Skim_TriLep_DYJets.root
2025-10-03 00:34:19,552 - INFO - [2023BPix] MISSING_CENTRAL: ZFake1E2Mu/Central/jets/1/energy in Skim_TriLep_DYJets10to50.root
2025-10-03 00:34:19,552 - INFO - [2023BPix] MISSING_CENTRAL: ZFake1E2Mu/Central/jets/1/energy in Skim_TriLep_DYGTo2LG_MLL4to50_PTG10to100.root
2025-10-03 00:34:19,553 - INFO - [2023BPix] MISSING_CENTRAL: ZFake1E2Mu/Central/jets/1/energy in Skim_TriLep_DYGTo2LG_MLL4to50_PTG100to200.root
2025-10-03 00:34:19,553 - INFO - [2023BPix] MISSING_CENTRAL: ZFake1E2Mu/Central/jets/1/energy in Skim_TriLep_DYGTo2LG_MLL4to50_PTG200toInf.root
2025-10-03 00:34:19,839 - INFO - [2023BPix] MISSING_CENTRAL: ZFake1E2Mu/Central/jets/1/energy in Skim_TriLep_TTG_PTG200toInf.root
2025-11-07 13:12:49,324 - INFO - [2023BPix] MISSING_FILE: /home/choij/Sync/workspace/ChargedHiggsAnalysisV3/SKNanoOutput/PromptSelector/Run1E2Mu/2023BPix/Skim_TriLep_MuonEG_D_v1.root
2025-11-07 13:12:49,324 - INFO - [2023BPix] MISSING_FILE: /home/choij/Sync/workspace/ChargedHiggsAnalysisV3/SKNanoOutput/PromptSelector/Run1E2Mu/2023BPix/Skim_TriLep_MuonEG_D_v2.root
2025-11-07 14:10:24,041 - INFO - [2023BPix] MISSING_FILE: /home/choij/Sync/workspace/ChargedHiggsAnalysisV3/SKNanoOutput/PromptSelector/Run1E2Mu/2023BPix/Skim_TriLep_MuonEG_D_v1.root
2025-11-07 14:10:24,041 - INFO - [2023BPix] MISSING_FILE: /home/choij/Sync/workspace/ChargedHiggsAnalysisV3/SKNanoOutput/PromptSelector/Run1E2Mu/2023BPix/Skim_TriLep_MuonEG_D_v2.root
2025-11-10 12:26:30,392 - INFO - [2023BPix] MISSING_CENTRAL: ZFake1E2Mu/Central/jets/1/energy in Skim_TriLep_DYJets.root
2025-11-10 12:26:30,393 - INFO - [2023BPix] MISSING_CENTRAL: ZFake1E2Mu/Central/jets/1/energy in Skim_TriLep_DYJets10to50.root
2025-11-10 12:26:30,393 - INFO - [2023BPix] MISSING_CENTRAL: ZFake1E2Mu/Central/jets/1/energy in Skim_TriLep_DYGTo2LG_MLL4to50_PTG10to100.root
2025-11-10 12:26:30,394 - INFO - [2023BPix] MISSING_CENTRAL: ZFake1E2Mu/Central/jets/1/energy in Skim_TriLep_DYGTo2LG_MLL4to50_PTG100to200.root
2025-11-10 12:26:30,394 - INFO - [2023BPix] MISSING_CENTRAL: ZFake1E2Mu/Central/jets/1/energy in Skim_TriLep_DYGTo2LG_MLL4to50_PTG200toInf.root
2025-11-10 12:26:30,477 - INFO - [2023BPix] MISSING_CENTRAL: ZFake1E2Mu/Central/jets/1/energy in Skim_TriLep_TTG_PTG200toInf.root
2025-11-13 11:16:42,921 - INFO - [2023BPix] MISSING_CENTRAL: ZFake1E2Mu/Central/jets/1/energy in Skim_TriLep_DYJets.root
2025-11-13 11:16:42,932 - INFO - [2023BPix] MISSING_CENTRAL: ZFake1E2Mu/Central/jets/1/energy in Skim_TriLep_DYJets10to50.root
2025-11-13 11:16:43,009 - INFO - [2023BPix] MISSING_CENTRAL: ZFake1E2Mu/Central/jets/1/energy in Skim_TriLep_DYGTo2LG_MLL4to50_PTG10to100.root
2025-11-13 11:16:43,058 - INFO - [2023BPix] MISSING_CENTRAL: ZFake1E2Mu/Central/jets/1/energy in Skim_TriLep_DYGTo2LG_MLL4to50_PTG100to200.root
2025-11-13 11:16:43,109 - INFO - [2023BPix] MISSING_CENTRAL: ZFake1E2Mu/Central/jets/1/energy in Skim_TriLep_DYGTo2LG_MLL4to50_PTG200toInf.root
2025-11-13 11:16:44,821 - INFO - [2023BPix] MISSING_CENTRAL: ZFake1E2Mu/Central/jets/1/energy in Skim_TriLep_TTG_PTG200toInf.root
2025-11-19 16:11:35,918 - INFO - [2023BPix] MISSING_CENTRAL: ZFake1E2Mu/Central/jets/1/energy in Skim_TriLep_DYJets.root
2025-11-19 16:11:35,919 - INFO - [2023BPix] MISSING_CENTRAL: ZFake1E2Mu/Central/jets/1/energy in Skim_TriLep_DYJets10to50.root
2025-11-19 16:11:35,920 - INFO - [2023BPix] MISSING_CENTRAL: ZFake1E2Mu/Central/jets/1/energy in Skim_TriLep_DYGTo2LG_MLL4to50_PTG10to100.root
2025-11-19 16:11:35,920 - INFO - [2023BPix] MISSING_CENTRAL: ZFake1E2Mu/Central/jets/1/energy in Skim_TriLep_DYGTo2LG_MLL4to50_PTG100to200.root
2025-11-19 16:11:35,921 - INFO - [2023BPix] MISSING_CENTRAL: ZFake1E2Mu/Central/jets/1/energy in Skim_TriLep_DYGTo2LG_MLL4to50_PTG200toInf.root
2025-11-19 16:11:36,008 - INFO - [2023BPix] MISSING_CENTRAL: ZFake1E2Mu/Central/jets/1/energy in Skim_TriLep_TTG_PTG200toInf.root
2025-11-19 16:28:57,696 - INFO - [2023BPix] MISSING_CENTRAL: ZFake1E2Mu/Central/jets/1/energy in Skim_TriLep_DYJets.root
2025-11-19 16:28:57,696 - INFO - [2023BPix] MISSING_CENTRAL: ZFake1E2Mu/Central/jets/1/energy in Skim_TriLep_DYJets10to50.root
2025-11-19 16:28:57,697 - INFO - [2023BPix] MISSING_CENTRAL: ZFake1E2Mu/Central/jets/1/energy in Skim_TriLep_DYGTo2LG_MLL4to50_PTG10to100.root
2025-11-19 16:28:57,697 - INFO - [2023BPix] MISSING_CENTRAL: ZFake1E2Mu/Central/jets/1/energy in Skim_TriLep_DYGTo2LG_MLL4to50_PTG100to200.root
2025-11-19 16:28:57,698 - INFO - [2023BPix] MISSING_CENTRAL: ZFake1E2Mu/Central/jets/1/energy in Skim_TriLep_DYGTo2LG_MLL4to50_PTG200toInf.root
2025-11-19 16:28:57,785 - INFO - [2023BPix] MISSING_CENTRAL: ZFake1E2Mu/Central/jets/1/energy in Skim_TriLep_TTG_PTG200toInf.root
2025-12-17 22:43:53,427 - INFO - [2023BPix] MISSING_CENTRAL: ZFake1E2Mu/Central/jets/1/energy in Skim_TriLep_DYJets10to50.root
2025-12-17 22:43:53,817 - INFO - [2023BPix] MISSING_CENTRAL: ZFake1E2Mu/Central/jets/1/energy in Skim_TriLep_TTG_PTG200toInf.root
2025-12-18 14:45:06,283 - INFO - [2023BPix] MISSING_CENTRAL: ZFake1E2Mu/Central/jets/1/energy in Skim_TriLep_DYJets10to50.root
2025-12-18 14:45:06,425 - INFO - [2023BPix] MISSING_CENTRAL: ZFake1E2Mu/Central/jets/1/energy in Skim_TriLep_TTG_PTG200toInf.root
2026-01-07 11:53:58,303 - INFO - [2023BPix] MISSING_CENTRAL: ZFake1E2Mu/Central/jets/1/energy in Skim_TriLep_DYJets10to50.root
2026-01-07 11:53:58,850 - INFO - [2023BPix] MISSING_CENTRAL: ZFake1E2Mu/Central/jets/1/energy in Skim_TriLep_TTG_PTG200toInf.root
2026-01-07 18:50:33,563 - INFO - [2023BPix] MISSING_CENTRAL: ZFake1E2Mu/Central/jets/1/energy in Skim_TriLep_DYJets10to50.root
2026-01-07 18:50:33,601 - INFO - [2023BPix] MISSING_CENTRAL: ZFake1E2Mu/Central/jets/1/energy in Skim_TriLep_TTG_PTG200toInf.root
2026-01-09 12:25:30,912 - INFO - [2023BPix] MISSING_CENTRAL: ZFake1E2Mu/Central/jets/1/energy in Skim_TriLep_DYJets10to50.root
2026-01-09 12:25:30,934 - INFO - [2023BPix] MISSING_CENTRAL: ZFake1E2Mu/Central/jets/1/energy in Skim_TriLep_TTG_PTG200toInf.root
2026-01-11 09:45:31,776 - INFO - [2023BPix] MISSING_CENTRAL: ZFake1E2Mu/Central/jets/1/energy in Skim_TriLep_DYJets10to50.root
2026-01-11 09:45:31,797 - INFO - [2023BPix] MISSING_CENTRAL: ZFake1E2Mu/Central/jets/1/energy in Skim_TriLep_TTG_PTG200toInf.root
2026-01-12 13:54:21,343 - INFO - [2023BPix] MISSING_FILE: /home/choij/Sync/workspace/ChargedHiggsAnalysisV3/SKNanoOutput/MatrixSelector/Run1E2Mu/2023BPix/Skim_TriLep_MuonEG_D_v1.root
2026-01-12 13:54:21,343 - INFO - [2023BPix] MISSING_FILE: /home/choij/Sync/workspace/ChargedHiggsAnalysisV3/SKNanoOutput/MatrixSelector/Run1E2Mu/2023BPix/Skim_TriLep_MuonEG_D_v2.root
2026-01-12 13:54:21,371 - INFO - [2023BPix] MISSING_CENTRAL: ZFake1E2Mu/Central/jets/1/energy in Skim_TriLep_DYJets10to50.root
2026-01-12 13:54:21,394 - INFO - [2023BPix] MISSING_CENTRAL: ZFake1E2Mu/Central/jets/1/energy in Skim_TriLep_TTG_PTG200toInf.root
