2025-09-24 16:04:11,939 - INFO - [2023BPix] MISSING_CENTRAL: ZFake1E2Mu/Central/jets/2/px in Skim_TriLep_DYJets.root
2025-09-24 16:04:11,939 - INFO - [2023BPix] MISSING_CENTRAL: ZFake1E2Mu/Central/jets/2/px in Skim_TriLep_DYJets10to50.root
2025-09-24 16:04:11,939 - INFO - [2023BPix] MISSING_CENTRAL: ZFake1E2Mu/Central/jets/2/px in Skim_TriLep_DYGTo2LG_MLL4to50_PTG10to100.root
2025-09-24 16:04:11,939 - INFO - [2023BPix] MISSING_CENTRAL: ZFake1E2Mu/Central/jets/2/px in Skim_TriLep_DYGTo2LG_MLL4to50_PTG100to200.root
2025-09-24 16:04:11,940 - INFO - [2023BPix] MISSING_CENTRAL: ZFake1E2Mu/Central/jets/2/px in Skim_TriLep_DYGTo2LG_MLL4to50_PTG200toInf.root
2025-09-24 16:04:12,539 - INFO - [2023BPix] MISSING_CENTRAL: ZFake1E2Mu/Central/jets/2/px in Skim_TriLep_TTG_PTG200toInf.root
2025-10-02 21:21:44,612 - INFO - [2023BPix] MISSING_CENTRAL: ZFake1E2Mu/Central/jets/2/px in Skim_TriLep_DYJets.root
2025-10-02 21:21:44,613 - INFO - [2023BPix] MISSING_CENTRAL: ZFake1E2Mu/Central/jets/2/px in Skim_TriLep_DYJets10to50.root
2025-10-02 21:21:44,614 - INFO - [2023BPix] MISSING_CENTRAL: ZFake1E2Mu/Central/jets/2/px in Skim_TriLep_DYGTo2LG_MLL4to50_PTG10to100.root
2025-10-02 21:21:44,614 - INFO - [2023BPix] MISSING_CENTRAL: ZFake1E2Mu/Central/jets/2/px in Skim_TriLep_DYGTo2LG_MLL4to50_PTG100to200.root
2025-10-02 21:21:44,615 - INFO - [2023BPix] MISSING_CENTRAL: ZFake1E2Mu/Central/jets/2/px in Skim_TriLep_DYGTo2LG_MLL4to50_PTG200toInf.root
2025-10-02 21:21:44,737 - INFO - [2023BPix] MISSING_CENTRAL: ZFake1E2Mu/Central/jets/2/px in Skim_TriLep_TTG_PTG200toInf.root
2025-10-03 00:34:24,237 - INFO - [2023BPix] MISSING_CENTRAL: ZFake1E2Mu/Central/jets/2/px in Skim_TriLep_DYJets.root
2025-10-03 00:34:24,238 - INFO - [2023BPix] MISSING_CENTRAL: ZFake1E2Mu/Central/jets/2/px in Skim_TriLep_DYJets10to50.root
2025-10-03 00:34:24,238 - INFO - [2023BPix] MISSING_CENTRAL: ZFake1E2Mu/Central/jets/2/px in Skim_TriLep_DYGTo2LG_MLL4to50_PTG10to100.root
2025-10-03 00:34:24,239 - INFO - [2023BPix] MISSING_CENTRAL: ZFake1E2Mu/Central/jets/2/px in Skim_TriLep_DYGTo2LG_MLL4to50_PTG100to200.root
2025-10-03 00:34:24,239 - INFO - [2023BPix] MISSING_CENTRAL: ZFake1E2Mu/Central/jets/2/px in Skim_TriLep_DYGTo2LG_MLL4to50_PTG200toInf.root
2025-10-03 00:34:24,493 - INFO - [2023BPix] MISSING_CENTRAL: ZFake1E2Mu/Central/jets/2/px in Skim_TriLep_TTG_PTG200toInf.root
2025-11-07 13:12:49,487 - INFO - [2023BPix] MISSING_FILE: /home/choij/Sync/workspace/ChargedHiggsAnalysisV3/SKNanoOutput/PromptSelector/Run1E2Mu/2023BPix/Skim_TriLep_MuonEG_D_v1.root
2025-11-07 13:12:49,487 - INFO - [2023BPix] MISSING_FILE: /home/choij/Sync/workspace/ChargedHiggsAnalysisV3/SKNanoOutput/PromptSelector/Run1E2Mu/2023BPix/Skim_TriLep_MuonEG_D_v2.root
2025-11-07 14:10:24,010 - INFO - [2023BPix] MISSING_FILE: /home/choij/Sync/workspace/ChargedHiggsAnalysisV3/SKNanoOutput/PromptSelector/Run1E2Mu/2023BPix/Skim_TriLep_MuonEG_D_v1.root
2025-11-07 14:10:24,011 - INFO - [2023BPix] MISSING_FILE: /home/choij/Sync/workspace/ChargedHiggsAnalysisV3/SKNanoOutput/PromptSelector/Run1E2Mu/2023BPix/Skim_TriLep_MuonEG_D_v2.root
2025-11-10 12:26:30,389 - INFO - [2023BPix] MISSING_CENTRAL: ZFake1E2Mu/Central/jets/2/px in Skim_TriLep_DYJets.root
2025-11-10 12:26:30,390 - INFO - [2023BPix] MISSING_CENTRAL: ZFake1E2Mu/Central/jets/2/px in Skim_TriLep_DYJets10to50.root
2025-11-10 12:26:30,390 - INFO - [2023BPix] MISSING_CENTRAL: ZFake1E2Mu/Central/jets/2/px in Skim_TriLep_DYGTo2LG_MLL4to50_PTG10to100.root
2025-11-10 12:26:30,391 - INFO - [2023BPix] MISSING_CENTRAL: ZFake1E2Mu/Central/jets/2/px in Skim_TriLep_DYGTo2LG_MLL4to50_PTG100to200.root
2025-11-10 12:26:30,391 - INFO - [2023BPix] MISSING_CENTRAL: ZFake1E2Mu/Central/jets/2/px in Skim_TriLep_DYGTo2LG_MLL4to50_PTG200toInf.root
2025-11-10 12:26:30,503 - INFO - [2023BPix] MISSING_CENTRAL: ZFake1E2Mu/Central/jets/2/px in Skim_TriLep_TTG_PTG200toInf.root
2025-11-13 11:16:42,923 - INFO - [2023BPix] MISSING_CENTRAL: ZFake1E2Mu/Central/jets/2/px in Skim_TriLep_DYJets.root
2025-11-13 11:16:42,932 - INFO - [2023BPix] MISSING_CENTRAL: ZFake1E2Mu/Central/jets/2/px in Skim_TriLep_DYJets10to50.root
2025-11-13 11:16:43,009 - INFO - [2023BPix] MISSING_CENTRAL: ZFake1E2Mu/Central/jets/2/px in Skim_TriLep_DYGTo2LG_MLL4to50_PTG10to100.root
2025-11-13 11:16:43,058 - INFO - [2023BPix] MISSING_CENTRAL: ZFake1E2Mu/Central/jets/2/px in Skim_TriLep_DYGTo2LG_MLL4to50_PTG100to200.root
2025-11-13 11:16:43,109 - INFO - [2023BPix] MISSING_CENTRAL: ZFake1E2Mu/Central/jets/2/px in Skim_TriLep_DYGTo2LG_MLL4to50_PTG200toInf.root
2025-11-13 11:16:44,821 - INFO - [2023BPix] MISSING_CENTRAL: ZFake1E2Mu/Central/jets/2/px in Skim_TriLep_TTG_PTG200toInf.root
2025-11-19 16:11:35,966 - INFO - [2023BPix] MISSING_CENTRAL: ZFake1E2Mu/Central/jets/2/px in Skim_TriLep_DYJets.root
2025-11-19 16:11:35,966 - INFO - [2023BPix] MISSING_CENTRAL: ZFake1E2Mu/Central/jets/2/px in Skim_TriLep_DYJets10to50.root
2025-11-19 16:11:35,967 - INFO - [2023BPix] MISSING_CENTRAL: ZFake1E2Mu/Central/jets/2/px in Skim_TriLep_DYGTo2LG_MLL4to50_PTG10to100.root
2025-11-19 16:11:35,967 - INFO - [2023BPix] MISSING_CENTRAL: ZFake1E2Mu/Central/jets/2/px in Skim_TriLep_DYGTo2LG_MLL4to50_PTG100to200.root
2025-11-19 16:11:35,968 - INFO - [2023BPix] MISSING_CENTRAL: ZFake1E2Mu/Central/jets/2/px in Skim_TriLep_DYGTo2LG_MLL4to50_PTG200toInf.root
2025-11-19 16:11:36,072 - INFO - [2023BPix] MISSING_CENTRAL: ZFake1E2Mu/Central/jets/2/px in Skim_TriLep_TTG_PTG200toInf.root
2025-11-19 16:28:58,040 - INFO - [2023BPix] MISSING_CENTRAL: ZFake1E2Mu/Central/jets/2/px in Skim_TriLep_DYJets.root
2025-11-19 16:28:58,041 - INFO - [2023BPix] MISSING_CENTRAL: ZFake1E2Mu/Central/jets/2/px in Skim_TriLep_DYJets10to50.root
2025-11-19 16:28:58,041 - INFO - [2023BPix] MISSING_CENTRAL: ZFake1E2Mu/Central/jets/2/px in Skim_TriLep_DYGTo2LG_MLL4to50_PTG10to100.root
2025-11-19 16:28:58,042 - INFO - [2023BPix] MISSING_CENTRAL: ZFake1E2Mu/Central/jets/2/px in Skim_TriLep_DYGTo2LG_MLL4to50_PTG100to200.root
2025-11-19 16:28:58,042 - INFO - [2023BPix] MISSING_CENTRAL: ZFake1E2Mu/Central/jets/2/px in Skim_TriLep_DYGTo2LG_MLL4to50_PTG200toInf.root
2025-11-19 16:28:58,155 - INFO - [2023BPix] MISSING_CENTRAL: ZFake1E2Mu/Central/jets/2/px in Skim_TriLep_TTG_PTG200toInf.root
2025-12-17 22:43:53,427 - INFO - [2023BPix] MISSING_CENTRAL: ZFake1E2Mu/Central/jets/2/px in Skim_TriLep_DYJets10to50.root
2025-12-17 22:43:53,816 - INFO - [2023BPix] MISSING_CENTRAL: ZFake1E2Mu/Central/jets/2/px in Skim_TriLep_TTG_PTG200toInf.root
2025-12-18 14:45:06,142 - INFO - [2023BPix] MISSING_CENTRAL: ZFake1E2Mu/Central/jets/2/px in Skim_TriLep_DYJets10to50.root
2025-12-18 14:45:06,193 - INFO - [2023BPix] MISSING_CENTRAL: ZFake1E2Mu/Central/jets/2/px in Skim_TriLep_TTG_PTG200toInf.root
2026-01-07 11:53:58,302 - INFO - [2023BPix] MISSING_CENTRAL: ZFake1E2Mu/Central/jets/2/px in Skim_TriLep_DYJets10to50.root
2026-01-07 11:53:58,860 - INFO - [2023BPix] MISSING_CENTRAL: ZFake1E2Mu/Central/jets/2/px in Skim_TriLep_TTG_PTG200toInf.root
2026-01-07 18:50:33,399 - INFO - [2023BPix] MISSING_CENTRAL: ZFake1E2Mu/Central/jets/2/px in Skim_TriLep_DYJets10to50.root
2026-01-07 18:50:33,450 - INFO - [2023BPix] MISSING_CENTRAL: ZFake1E2Mu/Central/jets/2/px in Skim_TriLep_TTG_PTG200toInf.root
2026-01-09 12:25:30,955 - INFO - [2023BPix] MISSING_CENTRAL: ZFake1E2Mu/Central/jets/2/px in Skim_TriLep_DYJets10to50.root
2026-01-09 12:25:30,985 - INFO - [2023BPix] MISSING_CENTRAL: ZFake1E2Mu/Central/jets/2/px in Skim_TriLep_TTG_PTG200toInf.root
2026-01-11 09:45:31,793 - INFO - [2023BPix] MISSING_CENTRAL: ZFake1E2Mu/Central/jets/2/px in Skim_TriLep_DYJets10to50.root
2026-01-11 09:45:31,825 - INFO - [2023BPix] MISSING_CENTRAL: ZFake1E2Mu/Central/jets/2/px in Skim_TriLep_TTG_PTG200toInf.root
2026-01-12 13:54:21,355 - INFO - [2023BPix] MISSING_FILE: /home/choij/Sync/workspace/ChargedHiggsAnalysisV3/SKNanoOutput/MatrixSelector/Run1E2Mu/2023BPix/Skim_TriLep_MuonEG_D_v1.root
2026-01-12 13:54:21,356 - INFO - [2023BPix] MISSING_FILE: /home/choij/Sync/workspace/ChargedHiggsAnalysisV3/SKNanoOutput/MatrixSelector/Run1E2Mu/2023BPix/Skim_TriLep_MuonEG_D_v2.root
2026-01-12 13:54:21,404 - INFO - [2023BPix] MISSING_CENTRAL: ZFake1E2Mu/Central/jets/2/px in Skim_TriLep_DYJets10to50.root
2026-01-12 13:54:21,433 - INFO - [2023BPix] MISSING_CENTRAL: ZFake1E2Mu/Central/jets/2/px in Skim_TriLep_TTG_PTG200toInf.root
