2025-09-24 16:04:09,955 - INFO - [2023BPix] MISSING_CENTRAL: ZFake1E2Mu/Central/jets/2/eta in Skim_TriLep_DYJets.root
2025-09-24 16:04:09,956 - INFO - [2023BPix] MISSING_CENTRAL: ZFake1E2Mu/Central/jets/2/eta in Skim_TriLep_DYJets10to50.root
2025-09-24 16:04:09,957 - INFO - [2023BPix] MISSING_CENTRAL: ZFake1E2Mu/Central/jets/2/eta in Skim_TriLep_DYGTo2LG_MLL4to50_PTG10to100.root
2025-09-24 16:04:09,957 - INFO - [2023BPix] MISSING_CENTRAL: ZFake1E2Mu/Central/jets/2/eta in Skim_TriLep_DYGTo2LG_MLL4to50_PTG100to200.root
2025-09-24 16:04:09,957 - INFO - [2023BPix] MISSING_CENTRAL: ZFake1E2Mu/Central/jets/2/eta in Skim_TriLep_DYGTo2LG_MLL4to50_PTG200toInf.root
2025-09-24 16:04:10,008 - INFO - [2023BPix] MISSING_CENTRAL: ZFake1E2Mu/Central/jets/2/eta in Skim_TriLep_TTG_PTG200toInf.root
2025-10-02 21:21:44,737 - INFO - [2023BPix] MISSING_CENTRAL: ZFake1E2Mu/Central/jets/2/eta in Skim_TriLep_DYJets.root
2025-10-02 21:21:44,737 - INFO - [2023BPix] MISSING_CENTRAL: ZFake1E2Mu/Central/jets/2/eta in Skim_TriLep_DYJets10to50.root
2025-10-02 21:21:44,739 - INFO - [2023BPix] MISSING_CENTRAL: ZFake1E2Mu/Central/jets/2/eta in Skim_TriLep_DYGTo2LG_MLL4to50_PTG10to100.root
2025-10-02 21:21:44,740 - INFO - [2023BPix] MISSING_CENTRAL: ZFake1E2Mu/Central/jets/2/eta in Skim_TriLep_DYGTo2LG_MLL4to50_PTG100to200.root
2025-10-02 21:21:44,748 - INFO - [2023BPix] MISSING_CENTRAL: ZFake1E2Mu/Central/jets/2/eta in Skim_TriLep_DYGTo2LG_MLL4to50_PTG200toInf.root
2025-10-02 21:21:44,814 - INFO - [2023BPix] MISSING_CENTRAL: ZFake1E2Mu/Central/jets/2/eta in Skim_TriLep_TTG_PTG200toInf.root
2025-10-03 00:34:19,993 - INFO - [2023BPix] MISSING_CENTRAL: ZFake1E2Mu/Central/jets/2/eta in Skim_TriLep_DYJets.root
2025-10-03 00:34:19,994 - INFO - [2023BPix] MISSING_CENTRAL: ZFake1E2Mu/Central/jets/2/eta in Skim_TriLep_DYJets10to50.root
2025-10-03 00:34:19,995 - INFO - [2023BPix] MISSING_CENTRAL: ZFake1E2Mu/Central/jets/2/eta in Skim_TriLep_DYGTo2LG_MLL4to50_PTG10to100.root
2025-10-03 00:34:19,995 - INFO - [2023BPix] MISSING_CENTRAL: ZFake1E2Mu/Central/jets/2/eta in Skim_TriLep_DYGTo2LG_MLL4to50_PTG100to200.root
2025-10-03 00:34:19,996 - INFO - [2023BPix] MISSING_CENTRAL: ZFake1E2Mu/Central/jets/2/eta in Skim_TriLep_DYGTo2LG_MLL4to50_PTG200toInf.root
2025-10-03 00:34:20,074 - INFO - [2023BPix] MISSING_CENTRAL: ZFake1E2Mu/Central/jets/2/eta in Skim_TriLep_TTG_PTG200toInf.root
2025-11-07 13:12:49,515 - INFO - [2023BPix] MISSING_FILE: /home/choij/Sync/workspace/ChargedHiggsAnalysisV3/SKNanoOutput/PromptSelector/Run1E2Mu/2023BPix/Skim_TriLep_MuonEG_D_v1.root
2025-11-07 13:12:49,515 - INFO - [2023BPix] MISSING_FILE: /home/choij/Sync/workspace/ChargedHiggsAnalysisV3/SKNanoOutput/PromptSelector/Run1E2Mu/2023BPix/Skim_TriLep_MuonEG_D_v2.root
2025-11-07 14:10:24,123 - INFO - [2023BPix] MISSING_FILE: /home/choij/Sync/workspace/ChargedHiggsAnalysisV3/SKNanoOutput/PromptSelector/Run1E2Mu/2023BPix/Skim_TriLep_MuonEG_D_v1.root
2025-11-07 14:10:24,123 - INFO - [2023BPix] MISSING_FILE: /home/choij/Sync/workspace/ChargedHiggsAnalysisV3/SKNanoOutput/PromptSelector/Run1E2Mu/2023BPix/Skim_TriLep_MuonEG_D_v2.root
2025-11-10 12:26:30,408 - INFO - [2023BPix] MISSING_CENTRAL: ZFake1E2Mu/Central/jets/2/eta in Skim_TriLep_DYJets.root
2025-11-10 12:26:30,409 - INFO - [2023BPix] MISSING_CENTRAL: ZFake1E2Mu/Central/jets/2/eta in Skim_TriLep_DYJets10to50.root
2025-11-10 12:26:30,409 - INFO - [2023BPix] MISSING_CENTRAL: ZFake1E2Mu/Central/jets/2/eta in Skim_TriLep_DYGTo2LG_MLL4to50_PTG10to100.root
2025-11-10 12:26:30,410 - INFO - [2023BPix] MISSING_CENTRAL: ZFake1E2Mu/Central/jets/2/eta in Skim_TriLep_DYGTo2LG_MLL4to50_PTG100to200.root
2025-11-10 12:26:30,410 - INFO - [2023BPix] MISSING_CENTRAL: ZFake1E2Mu/Central/jets/2/eta in Skim_TriLep_DYGTo2LG_MLL4to50_PTG200toInf.root
2025-11-10 12:26:30,461 - INFO - [2023BPix] MISSING_CENTRAL: ZFake1E2Mu/Central/jets/2/eta in Skim_TriLep_TTG_PTG200toInf.root
