2025-11-07 13:12:53,821 - INFO - [2023BPix] MISSING_FILE: /home/choij/Sync/workspace/ChargedHiggsAnalysisV3/SKNanoOutput/PromptSelector/Run1E2Mu/2023BPix/Skim_TriLep_MuonEG_D_v1.root
2025-11-07 13:12:53,824 - INFO - [2023BPix] MISSING_FILE: /home/choij/Sync/workspace/ChargedHiggsAnalysisV3/SKNanoOutput/PromptSelector/Run1E2Mu/2023BPix/Skim_TriLep_MuonEG_D_v2.root
2025-11-07 14:10:28,195 - INFO - [2023BPix] MISSING_FILE: /home/choij/Sync/workspace/ChargedHiggsAnalysisV3/SKNanoOutput/PromptSelector/Run1E2Mu/2023BPix/Skim_TriLep_MuonEG_D_v1.root
2025-11-07 14:10:28,195 - INFO - [2023BPix] MISSING_FILE: /home/choij/Sync/workspace/ChargedHiggsAnalysisV3/SKNanoOutput/PromptSelector/Run1E2Mu/2023BPix/Skim_TriLep_MuonEG_D_v2.root
2025-11-10 12:26:36,009 - INFO - [2023BPix] MISSING_CENTRAL: ZFake1E2Mu/Central/MHc100_MA95/score_signal in Skim_TriLep_DYJets.root
2025-11-10 12:26:36,010 - INFO - [2023BPix] MISSING_CENTRAL: ZFake1E2Mu/Central/MHc100_MA95/score_signal in Skim_TriLep_DYJets10to50.root
2025-11-10 12:26:36,010 - INFO - [2023BPix] MISSING_CENTRAL: ZFake1E2Mu/Central/MHc100_MA95/score_signal in Skim_TriLep_DYGTo2LG_MLL4to50_PTG10to100.root
2025-11-10 12:26:36,010 - INFO - [2023BPix] MISSING_CENTRAL: ZFake1E2Mu/Central/MHc100_MA95/score_signal in Skim_TriLep_DYGTo2LG_MLL4to50_PTG100to200.root
2025-11-10 12:26:36,011 - INFO - [2023BPix] MISSING_CENTRAL: ZFake1E2Mu/Central/MHc100_MA95/score_signal in Skim_TriLep_DYGTo2LG_MLL4to50_PTG200toInf.root
2025-11-10 12:26:36,060 - INFO - [2023BPix] MISSING_CENTRAL: ZFake1E2Mu/Central/MHc100_MA95/score_signal in Skim_TriLep_TTG_PTG200toInf.root
2025-11-13 11:16:52,919 - INFO - [2023BPix] MISSING_CENTRAL: ZFake1E2Mu/Central/MHc100_MA95/score_signal in Skim_TriLep_DYJets.root
2025-11-13 11:16:52,920 - INFO - [2023BPix] MISSING_CENTRAL: ZFake1E2Mu/Central/MHc100_MA95/score_signal in Skim_TriLep_DYJets10to50.root
2025-11-13 11:16:52,921 - INFO - [2023BPix] MISSING_CENTRAL: ZFake1E2Mu/Central/MHc100_MA95/score_signal in Skim_TriLep_DYGTo2LG_MLL4to50_PTG10to100.root
2025-11-13 11:16:52,922 - INFO - [2023BPix] MISSING_CENTRAL: ZFake1E2Mu/Central/MHc100_MA95/score_signal in Skim_TriLep_DYGTo2LG_MLL4to50_PTG100to200.root
2025-11-13 11:16:52,923 - INFO - [2023BPix] MISSING_CENTRAL: ZFake1E2Mu/Central/MHc100_MA95/score_signal in Skim_TriLep_DYGTo2LG_MLL4to50_PTG200toInf.root
2025-11-13 11:16:53,002 - INFO - [2023BPix] MISSING_CENTRAL: ZFake1E2Mu/Central/MHc100_MA95/score_signal in Skim_TriLep_TTG_PTG200toInf.root
2025-11-19 16:11:41,477 - INFO - [2023BPix] MISSING_CENTRAL: ZFake1E2Mu/Central/MHc100_MA95/score_signal in Skim_TriLep_DYJets.root
2025-11-19 16:11:41,477 - INFO - [2023BPix] MISSING_CENTRAL: ZFake1E2Mu/Central/MHc100_MA95/score_signal in Skim_TriLep_DYJets10to50.root
2025-11-19 16:11:41,478 - INFO - [2023BPix] MISSING_CENTRAL: ZFake1E2Mu/Central/MHc100_MA95/score_signal in Skim_TriLep_DYGTo2LG_MLL4to50_PTG10to100.root
2025-11-19 16:11:41,478 - INFO - [2023BPix] MISSING_CENTRAL: ZFake1E2Mu/Central/MHc100_MA95/score_signal in Skim_TriLep_DYGTo2LG_MLL4to50_PTG100to200.root
2025-11-19 16:11:41,479 - INFO - [2023BPix] MISSING_CENTRAL: ZFake1E2Mu/Central/MHc100_MA95/score_signal in Skim_TriLep_DYGTo2LG_MLL4to50_PTG200toInf.root
2025-11-19 16:11:41,526 - INFO - [2023BPix] MISSING_CENTRAL: ZFake1E2Mu/Central/MHc100_MA95/score_signal in Skim_TriLep_TTG_PTG200toInf.root
2025-11-19 16:29:03,863 - INFO - [2023BPix] MISSING_CENTRAL: ZFake1E2Mu/Central/MHc100_MA95/score_signal in Skim_TriLep_DYJets.root
2025-11-19 16:29:03,864 - INFO - [2023BPix] MISSING_CENTRAL: ZFake1E2Mu/Central/MHc100_MA95/score_signal in Skim_TriLep_DYJets10to50.root
2025-11-19 16:29:03,864 - INFO - [2023BPix] MISSING_CENTRAL: ZFake1E2Mu/Central/MHc100_MA95/score_signal in Skim_TriLep_DYGTo2LG_MLL4to50_PTG10to100.root
2025-11-19 16:29:03,865 - INFO - [2023BPix] MISSING_CENTRAL: ZFake1E2Mu/Central/MHc100_MA95/score_signal in Skim_TriLep_DYGTo2LG_MLL4to50_PTG100to200.root
2025-11-19 16:29:03,865 - INFO - [2023BPix] MISSING_CENTRAL: ZFake1E2Mu/Central/MHc100_MA95/score_signal in Skim_TriLep_DYGTo2LG_MLL4to50_PTG200toInf.root
2025-11-19 16:29:03,914 - INFO - [2023BPix] MISSING_CENTRAL: ZFake1E2Mu/Central/MHc100_MA95/score_signal in Skim_TriLep_TTG_PTG200toInf.root
2025-12-17 22:44:03,298 - INFO - [2023BPix] MISSING_CENTRAL: ZFake1E2Mu/Central/MHc100_MA95/score_signal in Skim_TriLep_DYJets10to50.root
2025-12-17 22:44:03,321 - INFO - [2023BPix] MISSING_CENTRAL: ZFake1E2Mu/Central/MHc100_MA95/score_signal in Skim_TriLep_TTG_PTG200toInf.root
2025-12-18 14:45:12,665 - INFO - [2023BPix] MISSING_CENTRAL: ZFake1E2Mu/Central/MHc100_MA95/score_signal in Skim_TriLep_DYJets10to50.root
2025-12-18 14:45:12,695 - INFO - [2023BPix] MISSING_CENTRAL: ZFake1E2Mu/Central/MHc100_MA95/score_signal in Skim_TriLep_TTG_PTG200toInf.root
2026-01-07 11:54:08,075 - INFO - [2023BPix] MISSING_CENTRAL: ZFake1E2Mu/Central/MHc100_MA95/score_signal in Skim_TriLep_DYJets10to50.root
2026-01-07 11:54:08,096 - INFO - [2023BPix] MISSING_CENTRAL: ZFake1E2Mu/Central/MHc100_MA95/score_signal in Skim_TriLep_TTG_PTG200toInf.root
2026-01-07 18:50:38,758 - INFO - [2023BPix] MISSING_CENTRAL: ZFake1E2Mu/Central/MHc100_MA95/score_signal in Skim_TriLep_DYJets10to50.root
2026-01-07 18:50:38,782 - INFO - [2023BPix] MISSING_CENTRAL: ZFake1E2Mu/Central/MHc100_MA95/score_signal in Skim_TriLep_TTG_PTG200toInf.root
2026-01-09 12:25:36,357 - INFO - [2023BPix] MISSING_CENTRAL: ZFake1E2Mu/Central/MHc100_MA95/score_signal in Skim_TriLep_DYJets10to50.root
2026-01-09 12:25:36,371 - INFO - [2023BPix] MISSING_CENTRAL: ZFake1E2Mu/Central/MHc100_MA95/score_signal in Skim_TriLep_TTG_PTG200toInf.root
2026-01-11 09:45:37,214 - INFO - [2023BPix] MISSING_CENTRAL: ZFake1E2Mu/Central/MHc100_MA95/score_signal in Skim_TriLep_DYJets10to50.root
2026-01-11 09:45:37,230 - INFO - [2023BPix] MISSING_CENTRAL: ZFake1E2Mu/Central/MHc100_MA95/score_signal in Skim_TriLep_TTG_PTG200toInf.root
2026-01-12 13:54:26,995 - INFO - [2023BPix] MISSING_FILE: /home/choij/Sync/workspace/ChargedHiggsAnalysisV3/SKNanoOutput/MatrixSelector/Run1E2Mu/2023BPix/Skim_TriLep_MuonEG_D_v1.root
2026-01-12 13:54:26,995 - INFO - [2023BPix] MISSING_FILE: /home/choij/Sync/workspace/ChargedHiggsAnalysisV3/SKNanoOutput/MatrixSelector/Run1E2Mu/2023BPix/Skim_TriLep_MuonEG_D_v2.root
2026-01-12 13:54:27,020 - INFO - [2023BPix] MISSING_CENTRAL: ZFake1E2Mu/Central/MHc100_MA95/score_signal in Skim_TriLep_DYJets10to50.root
2026-01-12 13:54:27,033 - INFO - [2023BPix] MISSING_CENTRAL: ZFake1E2Mu/Central/MHc100_MA95/score_signal in Skim_TriLep_TTG_PTG200toInf.root
2026-01-16 19:09:13,082 - INFO - [2023BPix] MISSING_CENTRAL: ZFake1E2Mu/Central/MHc100_MA95/score_signal in Skim_TriLep_DYJets10to50.root
2026-01-16 19:09:13,095 - INFO - [2023BPix] MISSING_CENTRAL: ZFake1E2Mu/Central/MHc100_MA95/score_signal in Skim_TriLep_TTG_PTG200toInf.root
