2025-11-07 13:12:53,635 - INFO - [2023BPix] MISSING_FILE: /home/choij/Sync/workspace/ChargedHiggsAnalysisV3/SKNanoOutput/PromptSelector/Run1E2Mu/2023BPix/Skim_TriLep_MuonEG_D_v1.root
2025-11-07 13:12:53,635 - INFO - [2023BPix] MISSING_FILE: /home/choij/Sync/workspace/ChargedHiggsAnalysisV3/SKNanoOutput/PromptSelector/Run1E2Mu/2023BPix/Skim_TriLep_MuonEG_D_v2.root
2025-11-07 14:10:28,198 - INFO - [2023BPix] MISSING_FILE: /home/choij/Sync/workspace/ChargedHiggsAnalysisV3/SKNanoOutput/PromptSelector/Run1E2Mu/2023BPix/Skim_TriLep_MuonEG_D_v1.root
2025-11-07 14:10:28,198 - INFO - [2023BPix] MISSING_FILE: /home/choij/Sync/workspace/ChargedHiggsAnalysisV3/SKNanoOutput/PromptSelector/Run1E2Mu/2023BPix/Skim_TriLep_MuonEG_D_v2.root
2025-11-10 12:26:36,560 - INFO - [2023BPix] MISSING_CENTRAL: ZFake1E2Mu/Central/MHc115_MA87/score_nonprompt in Skim_TriLep_DYJets.root
2025-11-10 12:26:36,561 - INFO - [2023BPix] MISSING_CENTRAL: ZFake1E2Mu/Central/MHc115_MA87/score_nonprompt in Skim_TriLep_DYJets10to50.root
2025-11-10 12:26:36,561 - INFO - [2023BPix] MISSING_CENTRAL: ZFake1E2Mu/Central/MHc115_MA87/score_nonprompt in Skim_TriLep_DYGTo2LG_MLL4to50_PTG10to100.root
2025-11-10 12:26:36,562 - INFO - [2023BPix] MISSING_CENTRAL: ZFake1E2Mu/Central/MHc115_MA87/score_nonprompt in Skim_TriLep_DYGTo2LG_MLL4to50_PTG100to200.root
2025-11-10 12:26:36,562 - INFO - [2023BPix] MISSING_CENTRAL: ZFake1E2Mu/Central/MHc115_MA87/score_nonprompt in Skim_TriLep_DYGTo2LG_MLL4to50_PTG200toInf.root
2025-11-10 12:26:36,605 - INFO - [2023BPix] MISSING_CENTRAL: ZFake1E2Mu/Central/MHc115_MA87/score_nonprompt in Skim_TriLep_TTG_PTG200toInf.root
2025-11-13 11:16:52,815 - INFO - [2023BPix] MISSING_CENTRAL: ZFake1E2Mu/Central/MHc115_MA87/score_nonprompt in Skim_TriLep_DYJets.root
2025-11-13 11:16:52,816 - INFO - [2023BPix] MISSING_CENTRAL: ZFake1E2Mu/Central/MHc115_MA87/score_nonprompt in Skim_TriLep_DYJets10to50.root
2025-11-13 11:16:52,817 - INFO - [2023BPix] MISSING_CENTRAL: ZFake1E2Mu/Central/MHc115_MA87/score_nonprompt in Skim_TriLep_DYGTo2LG_MLL4to50_PTG10to100.root
2025-11-13 11:16:52,818 - INFO - [2023BPix] MISSING_CENTRAL: ZFake1E2Mu/Central/MHc115_MA87/score_nonprompt in Skim_TriLep_DYGTo2LG_MLL4to50_PTG100to200.root
2025-11-13 11:16:52,820 - INFO - [2023BPix] MISSING_CENTRAL: ZFake1E2Mu/Central/MHc115_MA87/score_nonprompt in Skim_TriLep_DYGTo2LG_MLL4to50_PTG200toInf.root
2025-11-13 11:16:52,910 - INFO - [2023BPix] MISSING_CENTRAL: ZFake1E2Mu/Central/MHc115_MA87/score_nonprompt in Skim_TriLep_TTG_PTG200toInf.root
2025-11-19 16:11:41,523 - INFO - [2023BPix] MISSING_CENTRAL: ZFake1E2Mu/Central/MHc115_MA87/score_nonprompt in Skim_TriLep_DYJets.root
2025-11-19 16:11:41,524 - INFO - [2023BPix] MISSING_CENTRAL: ZFake1E2Mu/Central/MHc115_MA87/score_nonprompt in Skim_TriLep_DYJets10to50.root
2025-11-19 16:11:41,524 - INFO - [2023BPix] MISSING_CENTRAL: ZFake1E2Mu/Central/MHc115_MA87/score_nonprompt in Skim_TriLep_DYGTo2LG_MLL4to50_PTG10to100.root
2025-11-19 16:11:41,525 - INFO - [2023BPix] MISSING_CENTRAL: ZFake1E2Mu/Central/MHc115_MA87/score_nonprompt in Skim_TriLep_DYGTo2LG_MLL4to50_PTG100to200.root
2025-11-19 16:11:41,525 - INFO - [2023BPix] MISSING_CENTRAL: ZFake1E2Mu/Central/MHc115_MA87/score_nonprompt in Skim_TriLep_DYGTo2LG_MLL4to50_PTG200toInf.root
2025-11-19 16:11:41,573 - INFO - [2023BPix] MISSING_CENTRAL: ZFake1E2Mu/Central/MHc115_MA87/score_nonprompt in Skim_TriLep_TTG_PTG200toInf.root
2025-11-19 16:29:03,644 - INFO - [2023BPix] MISSING_CENTRAL: ZFake1E2Mu/Central/MHc115_MA87/score_nonprompt in Skim_TriLep_DYJets.root
2025-11-19 16:29:03,644 - INFO - [2023BPix] MISSING_CENTRAL: ZFake1E2Mu/Central/MHc115_MA87/score_nonprompt in Skim_TriLep_DYJets10to50.root
2025-11-19 16:29:03,645 - INFO - [2023BPix] MISSING_CENTRAL: ZFake1E2Mu/Central/MHc115_MA87/score_nonprompt in Skim_TriLep_DYGTo2LG_MLL4to50_PTG10to100.root
2025-11-19 16:29:03,645 - INFO - [2023BPix] MISSING_CENTRAL: ZFake1E2Mu/Central/MHc115_MA87/score_nonprompt in Skim_TriLep_DYGTo2LG_MLL4to50_PTG100to200.root
2025-11-19 16:29:03,646 - INFO - [2023BPix] MISSING_CENTRAL: ZFake1E2Mu/Central/MHc115_MA87/score_nonprompt in Skim_TriLep_DYGTo2LG_MLL4to50_PTG200toInf.root
2025-11-19 16:29:03,693 - INFO - [2023BPix] MISSING_CENTRAL: ZFake1E2Mu/Central/MHc115_MA87/score_nonprompt in Skim_TriLep_TTG_PTG200toInf.root
2025-12-17 22:44:03,258 - INFO - [2023BPix] MISSING_CENTRAL: ZFake1E2Mu/Central/MHc115_MA87/score_nonprompt in Skim_TriLep_DYJets10to50.root
2025-12-17 22:44:03,293 - INFO - [2023BPix] MISSING_CENTRAL: ZFake1E2Mu/Central/MHc115_MA87/score_nonprompt in Skim_TriLep_TTG_PTG200toInf.root
2025-12-18 14:45:13,027 - INFO - [2023BPix] MISSING_CENTRAL: ZFake1E2Mu/Central/MHc115_MA87/score_nonprompt in Skim_TriLep_DYJets10to50.root
2025-12-18 14:45:13,073 - INFO - [2023BPix] MISSING_CENTRAL: ZFake1E2Mu/Central/MHc115_MA87/score_nonprompt in Skim_TriLep_TTG_PTG200toInf.root
2026-01-07 11:54:08,066 - INFO - [2023BPix] MISSING_CENTRAL: ZFake1E2Mu/Central/MHc115_MA87/score_nonprompt in Skim_TriLep_DYJets10to50.root
2026-01-07 11:54:08,088 - INFO - [2023BPix] MISSING_CENTRAL: ZFake1E2Mu/Central/MHc115_MA87/score_nonprompt in Skim_TriLep_TTG_PTG200toInf.root
