2025-11-07 13:12:53,921 - INFO - [2023BPix] MISSING_FILE: /home/choij/Sync/workspace/ChargedHiggsAnalysisV3/SKNanoOutput/PromptSelector/Run1E2Mu/2023BPix/Skim_TriLep_MuonEG_D_v1.root
2025-11-07 13:12:53,924 - INFO - [2023BPix] MISSING_FILE: /home/choij/Sync/workspace/ChargedHiggsAnalysisV3/SKNanoOutput/PromptSelector/Run1E2Mu/2023BPix/Skim_TriLep_MuonEG_D_v2.root
2025-11-07 14:10:28,327 - INFO - [2023BPix] MISSING_FILE: /home/choij/Sync/workspace/ChargedHiggsAnalysisV3/SKNanoOutput/PromptSelector/Run1E2Mu/2023BPix/Skim_TriLep_MuonEG_D_v1.root
2025-11-07 14:10:28,334 - INFO - [2023BPix] MISSING_FILE: /home/choij/Sync/workspace/ChargedHiggsAnalysisV3/SKNanoOutput/PromptSelector/Run1E2Mu/2023BPix/Skim_TriLep_MuonEG_D_v2.root
2025-11-10 12:26:36,742 - INFO - [2023BPix] MISSING_CENTRAL: ZFake1E2Mu/Central/MHc130_MA90/score_nonprompt in Skim_TriLep_DYJets.root
2025-11-10 12:26:36,743 - INFO - [2023BPix] MISSING_CENTRAL: ZFake1E2Mu/Central/MHc130_MA90/score_nonprompt in Skim_TriLep_DYJets10to50.root
2025-11-10 12:26:36,744 - INFO - [2023BPix] MISSING_CENTRAL: ZFake1E2Mu/Central/MHc130_MA90/score_nonprompt in Skim_TriLep_DYGTo2LG_MLL4to50_PTG10to100.root
2025-11-10 12:26:36,744 - INFO - [2023BPix] MISSING_CENTRAL: ZFake1E2Mu/Central/MHc130_MA90/score_nonprompt in Skim_TriLep_DYGTo2LG_MLL4to50_PTG100to200.root
2025-11-10 12:26:36,745 - INFO - [2023BPix] MISSING_CENTRAL: ZFake1E2Mu/Central/MHc130_MA90/score_nonprompt in Skim_TriLep_DYGTo2LG_MLL4to50_PTG200toInf.root
2025-11-10 12:26:36,790 - INFO - [2023BPix] MISSING_CENTRAL: ZFake1E2Mu/Central/MHc130_MA90/score_nonprompt in Skim_TriLep_TTG_PTG200toInf.root
2025-11-13 11:16:53,043 - INFO - [2023BPix] MISSING_CENTRAL: ZFake1E2Mu/Central/MHc130_MA90/score_nonprompt in Skim_TriLep_DYJets.root
2025-11-13 11:16:53,044 - INFO - [2023BPix] MISSING_CENTRAL: ZFake1E2Mu/Central/MHc130_MA90/score_nonprompt in Skim_TriLep_DYJets10to50.root
2025-11-13 11:16:53,045 - INFO - [2023BPix] MISSING_CENTRAL: ZFake1E2Mu/Central/MHc130_MA90/score_nonprompt in Skim_TriLep_DYGTo2LG_MLL4to50_PTG10to100.root
2025-11-13 11:16:53,046 - INFO - [2023BPix] MISSING_CENTRAL: ZFake1E2Mu/Central/MHc130_MA90/score_nonprompt in Skim_TriLep_DYGTo2LG_MLL4to50_PTG100to200.root
2025-11-13 11:16:53,047 - INFO - [2023BPix] MISSING_CENTRAL: ZFake1E2Mu/Central/MHc130_MA90/score_nonprompt in Skim_TriLep_DYGTo2LG_MLL4to50_PTG200toInf.root
2025-11-13 11:16:53,122 - INFO - [2023BPix] MISSING_CENTRAL: ZFake1E2Mu/Central/MHc130_MA90/score_nonprompt in Skim_TriLep_TTG_PTG200toInf.root
2025-11-19 16:11:42,337 - INFO - [2023BPix] MISSING_CENTRAL: ZFake1E2Mu/Central/MHc130_MA90/score_nonprompt in Skim_TriLep_DYJets.root
2025-11-19 16:11:42,338 - INFO - [2023BPix] MISSING_CENTRAL: ZFake1E2Mu/Central/MHc130_MA90/score_nonprompt in Skim_TriLep_DYJets10to50.root
2025-11-19 16:11:42,338 - INFO - [2023BPix] MISSING_CENTRAL: ZFake1E2Mu/Central/MHc130_MA90/score_nonprompt in Skim_TriLep_DYGTo2LG_MLL4to50_PTG10to100.root
2025-11-19 16:11:42,339 - INFO - [2023BPix] MISSING_CENTRAL: ZFake1E2Mu/Central/MHc130_MA90/score_nonprompt in Skim_TriLep_DYGTo2LG_MLL4to50_PTG100to200.root
2025-11-19 16:11:42,339 - INFO - [2023BPix] MISSING_CENTRAL: ZFake1E2Mu/Central/MHc130_MA90/score_nonprompt in Skim_TriLep_DYGTo2LG_MLL4to50_PTG200toInf.root
2025-11-19 16:11:42,386 - INFO - [2023BPix] MISSING_CENTRAL: ZFake1E2Mu/Central/MHc130_MA90/score_nonprompt in Skim_TriLep_TTG_PTG200toInf.root
2025-11-19 16:29:04,149 - INFO - [2023BPix] MISSING_CENTRAL: ZFake1E2Mu/Central/MHc130_MA90/score_nonprompt in Skim_TriLep_DYJets.root
2025-11-19 16:29:04,149 - INFO - [2023BPix] MISSING_CENTRAL: ZFake1E2Mu/Central/MHc130_MA90/score_nonprompt in Skim_TriLep_DYJets10to50.root
2025-11-19 16:29:04,150 - INFO - [2023BPix] MISSING_CENTRAL: ZFake1E2Mu/Central/MHc130_MA90/score_nonprompt in Skim_TriLep_DYGTo2LG_MLL4to50_PTG10to100.root
2025-11-19 16:29:04,150 - INFO - [2023BPix] MISSING_CENTRAL: ZFake1E2Mu/Central/MHc130_MA90/score_nonprompt in Skim_TriLep_DYGTo2LG_MLL4to50_PTG100to200.root
2025-11-19 16:29:04,151 - INFO - [2023BPix] MISSING_CENTRAL: ZFake1E2Mu/Central/MHc130_MA90/score_nonprompt in Skim_TriLep_DYGTo2LG_MLL4to50_PTG200toInf.root
2025-11-19 16:29:04,218 - INFO - [2023BPix] MISSING_CENTRAL: ZFake1E2Mu/Central/MHc130_MA90/score_nonprompt in Skim_TriLep_TTG_PTG200toInf.root
