2025-09-24 16:04:21,659 - INFO - [2023BPix] MISSING_CENTRAL: ZFake1E2Mu/Central/nonprompt/pt in Skim_TriLep_DYJets.root
2025-09-24 16:04:21,660 - INFO - [2023BPix] MISSING_CENTRAL: ZFake1E2Mu/Central/nonprompt/pt in Skim_TriLep_DYJets10to50.root
2025-09-24 16:04:21,660 - INFO - [2023BPix] MISSING_CENTRAL: ZFake1E2Mu/Central/nonprompt/pt in Skim_TriLep_DYGTo2LG_MLL4to50_PTG10to100.root
2025-09-24 16:04:21,660 - INFO - [2023BPix] MISSING_CENTRAL: ZFake1E2Mu/Central/nonprompt/pt in Skim_TriLep_DYGTo2LG_MLL4to50_PTG100to200.root
2025-09-24 16:04:21,669 - INFO - [2023BPix] MISSING_CENTRAL: ZFake1E2Mu/Central/nonprompt/pt in Skim_TriLep_DYGTo2LG_MLL4to50_PTG200toInf.root
2025-09-24 16:04:21,764 - INFO - [2023BPix] MISSING_CENTRAL: ZFake1E2Mu/Central/nonprompt/pt in Skim_TriLep_TTG_PTG200toInf.root
2025-10-02 21:21:52,133 - INFO - [2023BPix] MISSING_CENTRAL: ZFake1E2Mu/Central/nonprompt/pt in Skim_TriLep_DYJets.root
2025-10-02 21:21:52,134 - INFO - [2023BPix] MISSING_CENTRAL: ZFake1E2Mu/Central/nonprompt/pt in Skim_TriLep_DYJets10to50.root
2025-10-02 21:21:52,135 - INFO - [2023BPix] MISSING_CENTRAL: ZFake1E2Mu/Central/nonprompt/pt in Skim_TriLep_DYGTo2LG_MLL4to50_PTG10to100.root
2025-10-02 21:21:52,136 - INFO - [2023BPix] MISSING_CENTRAL: ZFake1E2Mu/Central/nonprompt/pt in Skim_TriLep_DYGTo2LG_MLL4to50_PTG100to200.root
2025-10-02 21:21:52,137 - INFO - [2023BPix] MISSING_CENTRAL: ZFake1E2Mu/Central/nonprompt/pt in Skim_TriLep_DYGTo2LG_MLL4to50_PTG200toInf.root
2025-10-02 21:21:52,311 - INFO - [2023BPix] MISSING_CENTRAL: ZFake1E2Mu/Central/nonprompt/pt in Skim_TriLep_TTG_PTG200toInf.root
2025-10-03 00:34:36,228 - INFO - [2023BPix] MISSING_CENTRAL: ZFake1E2Mu/Central/nonprompt/pt in Skim_TriLep_DYJets.root
2025-10-03 00:34:36,229 - INFO - [2023BPix] MISSING_CENTRAL: ZFake1E2Mu/Central/nonprompt/pt in Skim_TriLep_DYJets10to50.root
2025-10-03 00:34:36,229 - INFO - [2023BPix] MISSING_CENTRAL: ZFake1E2Mu/Central/nonprompt/pt in Skim_TriLep_DYGTo2LG_MLL4to50_PTG10to100.root
2025-10-03 00:34:36,230 - INFO - [2023BPix] MISSING_CENTRAL: ZFake1E2Mu/Central/nonprompt/pt in Skim_TriLep_DYGTo2LG_MLL4to50_PTG100to200.root
2025-10-03 00:34:36,230 - INFO - [2023BPix] MISSING_CENTRAL: ZFake1E2Mu/Central/nonprompt/pt in Skim_TriLep_DYGTo2LG_MLL4to50_PTG200toInf.root
2025-10-03 00:34:36,391 - INFO - [2023BPix] MISSING_CENTRAL: ZFake1E2Mu/Central/nonprompt/pt in Skim_TriLep_TTG_PTG200toInf.root
2025-11-07 13:12:53,588 - INFO - [2023BPix] MISSING_FILE: /home/choij/Sync/workspace/ChargedHiggsAnalysisV3/SKNanoOutput/PromptSelector/Run1E2Mu/2023BPix/Skim_TriLep_MuonEG_D_v1.root
2025-11-07 13:12:53,594 - INFO - [2023BPix] MISSING_FILE: /home/choij/Sync/workspace/ChargedHiggsAnalysisV3/SKNanoOutput/PromptSelector/Run1E2Mu/2023BPix/Skim_TriLep_MuonEG_D_v2.root
2025-11-07 14:10:26,339 - INFO - [2023BPix] MISSING_FILE: /home/choij/Sync/workspace/ChargedHiggsAnalysisV3/SKNanoOutput/PromptSelector/Run1E2Mu/2023BPix/Skim_TriLep_MuonEG_D_v1.root
2025-11-07 14:10:26,339 - INFO - [2023BPix] MISSING_FILE: /home/choij/Sync/workspace/ChargedHiggsAnalysisV3/SKNanoOutput/PromptSelector/Run1E2Mu/2023BPix/Skim_TriLep_MuonEG_D_v2.root
