2025-09-24 15:53:21,858 - INFO - [2016postVFP] MISSING_CENTRAL: SR3Mu/Central/bjets/3/eta in Skim_TriLep_DoubleMuon_F.root
2025-09-24 15:53:21,861 - INFO - [2018] MISSING_CENTRAL: SR3Mu/Central/bjets/3/eta in Skim_TriLep_DoubleMuon_A.root
2025-09-24 15:53:21,874 - INFO - [2016preVFP] MISSING_CENTRAL: SR3Mu/Central/bjets/3/eta in Skim_TriLep_DoubleMuon_C.root
2025-09-24 15:53:21,875 - INFO - [2016preVFP] MISSING_CENTRAL: SR3Mu/Central/bjets/3/eta in Skim_TriLep_DoubleMuon_D.root
2025-09-24 15:53:21,876 - INFO - [2016preVFP] MISSING_CENTRAL: SR3Mu/Central/bjets/3/eta in Skim_TriLep_DYJets.root
2025-09-24 15:53:21,876 - INFO - [2016preVFP] MISSING_CENTRAL: SR3Mu/Central/bjets/3/eta in Skim_TriLep_DYJets10to50.root
2025-09-24 15:53:21,876 - INFO - [2016preVFP] MISSING_CENTRAL: SR3Mu/Central/bjets/3/eta in Skim_TriLep_ZGToLLG.root
2025-09-24 15:53:21,903 - INFO - [2016preVFP] MISSING_CENTRAL: SR3Mu/Central/bjets/3/eta in Skim_TriLep_WWG.root
2025-09-24 15:53:22,014 - INFO - [2016preVFP] MISSING_CENTRAL: SR3Mu/Central/bjets/3/eta in Skim_TriLep_ggHToZZTo4L.root
2025-09-24 15:53:22,014 - INFO - [2016postVFP] MISSING_CENTRAL: SR3Mu/Central/bjets/3/eta in Skim_TriLep_DoubleMuon_F.root
2025-09-24 15:53:22,015 - INFO - [2016postVFP] MISSING_CENTRAL: SR3Mu/Central/bjets/3/eta in Skim_TriLep_DYJets.root
2025-09-24 15:53:22,015 - INFO - [2016postVFP] MISSING_CENTRAL: SR3Mu/Central/bjets/3/eta in Skim_TriLep_DYJets10to50.root
2025-09-24 15:53:22,016 - INFO - [2016postVFP] MISSING_CENTRAL: SR3Mu/Central/bjets/3/eta in Skim_TriLep_ZGToLLG.root
2025-09-24 15:53:22,016 - INFO - [2016postVFP] MISSING_CENTRAL: SR3Mu/Central/bjets/3/eta in Skim_TriLep_TTG.root
2025-09-24 15:53:22,016 - INFO - [2016postVFP] MISSING_CENTRAL: SR3Mu/Central/bjets/3/eta in Skim_TriLep_WWG.root
2025-09-24 15:53:22,093 - INFO - [2016postVFP] MISSING_CENTRAL: SR3Mu/Central/bjets/3/eta in Skim_TriLep_WWW.root
2025-09-24 15:53:22,141 - INFO - [2017] MISSING_CENTRAL: SR3Mu/Central/bjets/3/eta in Skim_TriLep_DYJets.root
2025-09-24 15:53:22,141 - INFO - [2017] MISSING_CENTRAL: SR3Mu/Central/bjets/3/eta in Skim_TriLep_DYJets10to50.root
2025-09-24 15:53:22,141 - INFO - [2017] MISSING_CENTRAL: SR3Mu/Central/bjets/3/eta in Skim_TriLep_ZGToLLG.root
2025-09-24 15:53:22,142 - INFO - [2017] MISSING_CENTRAL: SR3Mu/Central/bjets/3/eta in Skim_TriLep_TTG.root
2025-09-24 15:53:22,142 - INFO - [2017] MISSING_CENTRAL: SR3Mu/Central/bjets/3/eta in Skim_TriLep_WWG.root
2025-09-24 15:53:22,184 - INFO - [2017] MISSING_CENTRAL: SR3Mu/Central/bjets/3/eta in Skim_TriLep_WWW.root
2025-09-24 15:53:22,215 - INFO - [2017] MISSING_CENTRAL: SR3Mu/Central/bjets/3/eta in Skim_TriLep_VBFHToZZTo4L.root
2025-09-24 15:53:22,215 - INFO - [2017] MISSING_CENTRAL: SR3Mu/Central/bjets/3/eta in Skim_TriLep_ggHToZZTo4L.root
2025-09-24 15:53:22,216 - INFO - [2018] MISSING_CENTRAL: SR3Mu/Central/bjets/3/eta in Skim_TriLep_DoubleMuon_B.root
2025-09-24 15:53:22,218 - INFO - [2018] MISSING_CENTRAL: SR3Mu/Central/bjets/3/eta in Skim_TriLep_DYJets.root
2025-09-24 15:53:22,218 - INFO - [2018] MISSING_CENTRAL: SR3Mu/Central/bjets/3/eta in Skim_TriLep_DYJets10to50.root
2025-09-24 15:53:22,218 - INFO - [2018] MISSING_CENTRAL: SR3Mu/Central/bjets/3/eta in Skim_TriLep_ZGToLLG.root
2025-09-24 15:53:22,218 - INFO - [2018] MISSING_FILE: /Users/choij/Sync/workspace/ChargedHiggsAnalysisV3/SKNanoOutput/PromptSelector/Run3Mu_RunSyst/2018/Skim_TriLep_TTG.root
2025-09-24 15:53:22,219 - INFO - [2018] MISSING_CENTRAL: SR3Mu/Central/bjets/3/eta in Skim_TriLep_WWG.root
2025-09-24 15:53:22,243 - INFO - [2018] MISSING_FILE: /Users/choij/Sync/workspace/ChargedHiggsAnalysisV3/SKNanoOutput/PromptSelector/Run3Mu_RunSyst/2018/Skim_TriLep_TTHToNonbb.root
2025-09-24 15:53:22,263 - INFO - [2018] MISSING_FILE: /Users/choij/Sync/workspace/ChargedHiggsAnalysisV3/SKNanoOutput/PromptSelector/Run3Mu_RunSyst/2018/Skim_TriLep_tHq.root
2025-09-24 15:53:22,265 - INFO - [2018] MISSING_CENTRAL: SR3Mu/Central/bjets/3/eta in Skim_TriLep_WWW.root
2025-09-24 15:53:22,297 - INFO - [2018] MISSING_FILE: /Users/choij/Sync/workspace/ChargedHiggsAnalysisV3/SKNanoOutput/PromptSelector/Run3Mu_RunSyst/2018/Skim_TriLep_VBFHToZZTo4L.root
2025-09-24 15:53:22,301 - INFO - [2018] MISSING_CENTRAL: SR3Mu/Central/bjets/3/eta in Skim_TriLep_ggHToZZTo4L.root
