2025-09-24 15:53:12,485 - INFO - [2016preVFP] MISSING_CENTRAL: SR3Mu/Central/jets/3/energy in Skim_TriLep_DYJets.root
2025-09-24 15:53:12,485 - INFO - [2016preVFP] MISSING_CENTRAL: SR3Mu/Central/jets/3/energy in Skim_TriLep_DYJets10to50.root
2025-09-24 15:53:12,505 - INFO - [2016preVFP] MISSING_CENTRAL: SR3Mu/Central/jets/3/energy in Skim_TriLep_WWG.root
2025-09-24 15:53:13,109 - INFO - [2016postVFP] MISSING_CENTRAL: SR3Mu/Central/jets/3/energy in Skim_TriLep_DYJets.root
2025-09-24 15:53:13,109 - INFO - [2016postVFP] MISSING_CENTRAL: SR3Mu/Central/jets/3/energy in Skim_TriLep_DYJets10to50.root
2025-09-24 15:53:13,231 - INFO - [2016postVFP] MISSING_CENTRAL: SR3Mu/Central/jets/3/energy in Skim_TriLep_WWG.root
2025-09-24 15:53:13,608 - INFO - [2017] MISSING_CENTRAL: SR3Mu/Central/jets/3/energy in Skim_TriLep_DYJets10to50.root
2025-09-24 15:53:13,633 - INFO - [2017] MISSING_CENTRAL: SR3Mu/Central/jets/3/energy in Skim_TriLep_WWG.root
2025-09-24 15:53:13,816 - INFO - [2018] MISSING_CENTRAL: SR3Mu/Central/jets/3/energy in Skim_TriLep_DYJets.root
2025-09-24 15:53:13,816 - INFO - [2018] MISSING_CENTRAL: SR3Mu/Central/jets/3/energy in Skim_TriLep_DYJets10to50.root
2025-09-24 15:53:13,831 - INFO - [2018] MISSING_FILE: /Users/choij/Sync/workspace/ChargedHiggsAnalysisV3/SKNanoOutput/PromptSelector/Run3Mu_RunSyst/2018/Skim_TriLep_TTG.root
2025-09-24 15:53:13,834 - INFO - [2018] MISSING_SYSTEMATIC: SR3Mu/JetEn_Down/jets/3/energy in Skim_TriLep_WWG.root
2025-09-24 15:53:13,874 - INFO - [2018] MISSING_FILE: /Users/choij/Sync/workspace/ChargedHiggsAnalysisV3/SKNanoOutput/PromptSelector/Run3Mu_RunSyst/2018/Skim_TriLep_TTHToNonbb.root
2025-09-24 15:53:13,923 - INFO - [2018] MISSING_FILE: /Users/choij/Sync/workspace/ChargedHiggsAnalysisV3/SKNanoOutput/PromptSelector/Run3Mu_RunSyst/2018/Skim_TriLep_tHq.root
2025-09-24 15:53:14,009 - INFO - [2018] MISSING_FILE: /Users/choij/Sync/workspace/ChargedHiggsAnalysisV3/SKNanoOutput/PromptSelector/Run3Mu_RunSyst/2018/Skim_TriLep_VBFHToZZTo4L.root
2025-10-02 21:15:45,543 - INFO - [2016preVFP] MISSING_CENTRAL: SR3Mu/Central/jets/3/energy in Skim_TriLep_DYJets.root
2025-10-02 21:15:45,550 - INFO - [2016preVFP] MISSING_CENTRAL: SR3Mu/Central/jets/3/energy in Skim_TriLep_DYJets10to50.root
2025-10-02 21:15:45,606 - INFO - [2016preVFP] MISSING_CENTRAL: SR3Mu/Central/jets/3/energy in Skim_TriLep_WWG.root
2025-10-02 21:15:46,040 - INFO - [2016postVFP] MISSING_CENTRAL: SR3Mu/Central/jets/3/energy in Skim_TriLep_DYJets.root
2025-10-02 21:15:46,046 - INFO - [2016postVFP] MISSING_CENTRAL: SR3Mu/Central/jets/3/energy in Skim_TriLep_DYJets10to50.root
2025-10-02 21:15:46,090 - INFO - [2016postVFP] MISSING_CENTRAL: SR3Mu/Central/jets/3/energy in Skim_TriLep_WWG.root
2025-10-02 21:15:46,670 - INFO - [2017] MISSING_CENTRAL: SR3Mu/Central/jets/3/energy in Skim_TriLep_DYJets10to50.root
2025-10-02 21:15:46,768 - INFO - [2017] MISSING_CENTRAL: SR3Mu/Central/jets/3/energy in Skim_TriLep_WWG.root
2025-10-02 21:15:47,217 - INFO - [2018] MISSING_CENTRAL: SR3Mu/Central/jets/3/energy in Skim_TriLep_DYJets.root
2025-10-02 21:15:47,219 - INFO - [2018] MISSING_CENTRAL: SR3Mu/Central/jets/3/energy in Skim_TriLep_DYJets10to50.root
2025-10-02 21:15:47,243 - INFO - [2018] MISSING_FILE: /data9/Users/choij/Sync/workspace/ChargedHiggsAnalysisV3/SKNanoOutput/PromptSelector/Run3Mu_RunSyst/2018/Skim_TriLep_TTG.root
2025-10-02 21:15:47,260 - INFO - [2018] MISSING_SYSTEMATIC: SR3Mu/JetEn_Down/jets/3/energy in Skim_TriLep_WWG.root
2025-10-02 21:15:47,401 - INFO - [2018] MISSING_FILE: /data9/Users/choij/Sync/workspace/ChargedHiggsAnalysisV3/SKNanoOutput/PromptSelector/Run3Mu_RunSyst/2018/Skim_TriLep_TTHToNonbb.root
2025-10-02 21:15:47,495 - INFO - [2018] MISSING_FILE: /data9/Users/choij/Sync/workspace/ChargedHiggsAnalysisV3/SKNanoOutput/PromptSelector/Run3Mu_RunSyst/2018/Skim_TriLep_tHq.root
2025-10-02 21:15:47,638 - INFO - [2018] MISSING_FILE: /data9/Users/choij/Sync/workspace/ChargedHiggsAnalysisV3/SKNanoOutput/PromptSelector/Run3Mu_RunSyst/2018/Skim_TriLep_VBFHToZZTo4L.root
2025-10-03 00:05:23,199 - INFO - [2016preVFP] MISSING_CENTRAL: SR3Mu/Central/jets/3/energy in Skim_TriLep_DYJets.root
2025-10-03 00:05:23,199 - INFO - [2016preVFP] MISSING_CENTRAL: SR3Mu/Central/jets/3/energy in Skim_TriLep_DYJets10to50.root
2025-10-03 00:05:23,226 - INFO - [2016preVFP] MISSING_CENTRAL: SR3Mu/Central/jets/3/energy in Skim_TriLep_WWG.root
2025-10-03 00:05:23,789 - INFO - [2016postVFP] MISSING_CENTRAL: SR3Mu/Central/jets/3/energy in Skim_TriLep_DYJets.root
2025-10-03 00:05:23,790 - INFO - [2016postVFP] MISSING_CENTRAL: SR3Mu/Central/jets/3/energy in Skim_TriLep_DYJets10to50.root
2025-10-03 00:05:23,825 - INFO - [2016postVFP] MISSING_CENTRAL: SR3Mu/Central/jets/3/energy in Skim_TriLep_WWG.root
2025-10-03 00:05:24,221 - INFO - [2017] MISSING_CENTRAL: SR3Mu/Central/jets/3/energy in Skim_TriLep_DYJets10to50.root
2025-10-03 00:05:24,269 - INFO - [2017] MISSING_CENTRAL: SR3Mu/Central/jets/3/energy in Skim_TriLep_WWG.root
2025-10-03 00:05:24,649 - INFO - [2018] MISSING_CENTRAL: SR3Mu/Central/jets/3/energy in Skim_TriLep_DYJets.root
2025-10-03 00:05:24,649 - INFO - [2018] MISSING_CENTRAL: SR3Mu/Central/jets/3/energy in Skim_TriLep_DYJets10to50.root
2025-10-03 00:05:24,659 - INFO - [2018] MISSING_FILE: /Users/choij/Sync/workspace/ChargedHiggsAnalysisV3/SKNanoOutput/PromptSelector/Run3Mu_RunSyst/2018/Skim_TriLep_TTG.root
2025-10-03 00:05:24,661 - INFO - [2018] MISSING_SYSTEMATIC: SR3Mu/JetEn_Down/jets/3/energy in Skim_TriLep_WWG.root
2025-10-03 00:05:24,704 - INFO - [2018] MISSING_FILE: /Users/choij/Sync/workspace/ChargedHiggsAnalysisV3/SKNanoOutput/PromptSelector/Run3Mu_RunSyst/2018/Skim_TriLep_TTHToNonbb.root
2025-10-03 00:05:24,760 - INFO - [2018] MISSING_FILE: /Users/choij/Sync/workspace/ChargedHiggsAnalysisV3/SKNanoOutput/PromptSelector/Run3Mu_RunSyst/2018/Skim_TriLep_tHq.root
2025-10-03 00:05:24,853 - INFO - [2018] MISSING_FILE: /Users/choij/Sync/workspace/ChargedHiggsAnalysisV3/SKNanoOutput/PromptSelector/Run3Mu_RunSyst/2018/Skim_TriLep_VBFHToZZTo4L.root
