2025-09-24 15:53:29,407 - INFO - [2016preVFP] MISSING_CENTRAL: SR3Mu/Central/MHc-100_MA-95/score in Skim_TriLep_DoubleMuon_B.root
2025-09-24 15:53:29,407 - INFO - [2016preVFP] MISSING_CENTRAL: SR3Mu/Central/MHc-100_MA-95/score in Skim_TriLep_DoubleMuon_C.root
2025-09-24 15:53:29,408 - INFO - [2016preVFP] MISSING_CENTRAL: SR3Mu/Central/MHc-100_MA-95/score in Skim_TriLep_DoubleMuon_D.root
2025-09-24 15:53:29,408 - INFO - [2016preVFP] MISSING_CENTRAL: SR3Mu/Central/MHc-100_MA-95/score in Skim_TriLep_DoubleMuon_E.root
2025-09-24 15:53:29,408 - INFO - [2016preVFP] MISSING_CENTRAL: SR3Mu/Central/MHc-100_MA-95/score in Skim_TriLep_DoubleMuon_F.root
2025-09-24 15:53:29,408 - INFO - [2016postVFP] MISSING_CENTRAL: SR3Mu/Central/MHc-100_MA-95/score in Skim_TriLep_DoubleMuon_F.root
2025-09-24 15:53:29,409 - INFO - [2016postVFP] MISSING_CENTRAL: SR3Mu/Central/MHc-100_MA-95/score in Skim_TriLep_DoubleMuon_G.root
2025-09-24 15:53:29,409 - INFO - [2016postVFP] MISSING_CENTRAL: SR3Mu/Central/MHc-100_MA-95/score in Skim_TriLep_DoubleMuon_H.root
2025-09-24 15:53:29,409 - INFO - [2017] MISSING_CENTRAL: SR3Mu/Central/MHc-100_MA-95/score in Skim_TriLep_DoubleMuon_B.root
2025-09-24 15:53:29,409 - INFO - [2017] MISSING_CENTRAL: SR3Mu/Central/MHc-100_MA-95/score in Skim_TriLep_DoubleMuon_C.root
2025-09-24 15:53:29,409 - INFO - [2017] MISSING_CENTRAL: SR3Mu/Central/MHc-100_MA-95/score in Skim_TriLep_DoubleMuon_D.root
2025-09-24 15:53:29,410 - INFO - [2017] MISSING_CENTRAL: SR3Mu/Central/MHc-100_MA-95/score in Skim_TriLep_DoubleMuon_E.root
2025-09-24 15:53:29,410 - INFO - [2017] MISSING_CENTRAL: SR3Mu/Central/MHc-100_MA-95/score in Skim_TriLep_DoubleMuon_F.root
2025-09-24 15:53:29,410 - INFO - [2018] MISSING_CENTRAL: SR3Mu/Central/MHc-100_MA-95/score in Skim_TriLep_DoubleMuon_A.root
2025-09-24 15:53:29,410 - INFO - [2018] MISSING_CENTRAL: SR3Mu/Central/MHc-100_MA-95/score in Skim_TriLep_DoubleMuon_B.root
2025-09-24 15:53:29,410 - INFO - [2018] MISSING_CENTRAL: SR3Mu/Central/MHc-100_MA-95/score in Skim_TriLep_DoubleMuon_C.root
2025-09-24 15:53:29,411 - INFO - [2018] MISSING_CENTRAL: SR3Mu/Central/MHc-100_MA-95/score in Skim_TriLep_DoubleMuon_D.root
2025-10-02 21:15:50,091 - INFO - [2016preVFP] MISSING_CENTRAL: SR3Mu/Central/MHc-100_MA-95/score in Skim_TriLep_DoubleMuon_B.root
2025-10-02 21:15:50,092 - INFO - [2016preVFP] MISSING_CENTRAL: SR3Mu/Central/MHc-100_MA-95/score in Skim_TriLep_DoubleMuon_C.root
2025-10-02 21:15:50,094 - INFO - [2016preVFP] MISSING_CENTRAL: SR3Mu/Central/MHc-100_MA-95/score in Skim_TriLep_DoubleMuon_D.root
2025-10-02 21:15:50,095 - INFO - [2016preVFP] MISSING_CENTRAL: SR3Mu/Central/MHc-100_MA-95/score in Skim_TriLep_DoubleMuon_E.root
2025-10-02 21:15:50,096 - INFO - [2016preVFP] MISSING_CENTRAL: SR3Mu/Central/MHc-100_MA-95/score in Skim_TriLep_DoubleMuon_F.root
2025-10-02 21:15:50,097 - INFO - [2016postVFP] MISSING_CENTRAL: SR3Mu/Central/MHc-100_MA-95/score in Skim_TriLep_DoubleMuon_F.root
2025-10-02 21:15:50,098 - INFO - [2016postVFP] MISSING_CENTRAL: SR3Mu/Central/MHc-100_MA-95/score in Skim_TriLep_DoubleMuon_G.root
2025-10-02 21:15:50,099 - INFO - [2016postVFP] MISSING_CENTRAL: SR3Mu/Central/MHc-100_MA-95/score in Skim_TriLep_DoubleMuon_H.root
2025-10-02 21:15:50,101 - INFO - [2017] MISSING_CENTRAL: SR3Mu/Central/MHc-100_MA-95/score in Skim_TriLep_DoubleMuon_B.root
2025-10-02 21:15:50,102 - INFO - [2017] MISSING_CENTRAL: SR3Mu/Central/MHc-100_MA-95/score in Skim_TriLep_DoubleMuon_C.root
2025-10-02 21:15:50,103 - INFO - [2017] MISSING_CENTRAL: SR3Mu/Central/MHc-100_MA-95/score in Skim_TriLep_DoubleMuon_D.root
2025-10-02 21:15:50,104 - INFO - [2017] MISSING_CENTRAL: SR3Mu/Central/MHc-100_MA-95/score in Skim_TriLep_DoubleMuon_E.root
2025-10-02 21:15:50,105 - INFO - [2017] MISSING_CENTRAL: SR3Mu/Central/MHc-100_MA-95/score in Skim_TriLep_DoubleMuon_F.root
2025-10-02 21:15:50,106 - INFO - [2018] MISSING_CENTRAL: SR3Mu/Central/MHc-100_MA-95/score in Skim_TriLep_DoubleMuon_A.root
2025-10-02 21:15:50,107 - INFO - [2018] MISSING_CENTRAL: SR3Mu/Central/MHc-100_MA-95/score in Skim_TriLep_DoubleMuon_B.root
2025-10-02 21:15:50,108 - INFO - [2018] MISSING_CENTRAL: SR3Mu/Central/MHc-100_MA-95/score in Skim_TriLep_DoubleMuon_C.root
2025-10-02 21:15:50,108 - INFO - [2018] MISSING_CENTRAL: SR3Mu/Central/MHc-100_MA-95/score in Skim_TriLep_DoubleMuon_D.root
2025-10-03 00:05:37,027 - INFO - [2016preVFP] MISSING_CENTRAL: SR3Mu/Central/MHc-100_MA-95/score in Skim_TriLep_DoubleMuon_B.root
2025-10-03 00:05:37,027 - INFO - [2016preVFP] MISSING_CENTRAL: SR3Mu/Central/MHc-100_MA-95/score in Skim_TriLep_DoubleMuon_C.root
2025-10-03 00:05:37,027 - INFO - [2016preVFP] MISSING_CENTRAL: SR3Mu/Central/MHc-100_MA-95/score in Skim_TriLep_DoubleMuon_D.root
2025-10-03 00:05:37,028 - INFO - [2016preVFP] MISSING_CENTRAL: SR3Mu/Central/MHc-100_MA-95/score in Skim_TriLep_DoubleMuon_E.root
2025-10-03 00:05:37,028 - INFO - [2016preVFP] MISSING_CENTRAL: SR3Mu/Central/MHc-100_MA-95/score in Skim_TriLep_DoubleMuon_F.root
2025-10-03 00:05:37,028 - INFO - [2016postVFP] MISSING_CENTRAL: SR3Mu/Central/MHc-100_MA-95/score in Skim_TriLep_DoubleMuon_F.root
2025-10-03 00:05:37,028 - INFO - [2016postVFP] MISSING_CENTRAL: SR3Mu/Central/MHc-100_MA-95/score in Skim_TriLep_DoubleMuon_G.root
2025-10-03 00:05:37,029 - INFO - [2016postVFP] MISSING_CENTRAL: SR3Mu/Central/MHc-100_MA-95/score in Skim_TriLep_DoubleMuon_H.root
2025-10-03 00:05:37,029 - INFO - [2017] MISSING_CENTRAL: SR3Mu/Central/MHc-100_MA-95/score in Skim_TriLep_DoubleMuon_B.root
2025-10-03 00:05:37,029 - INFO - [2017] MISSING_CENTRAL: SR3Mu/Central/MHc-100_MA-95/score in Skim_TriLep_DoubleMuon_C.root
2025-10-03 00:05:37,029 - INFO - [2017] MISSING_CENTRAL: SR3Mu/Central/MHc-100_MA-95/score in Skim_TriLep_DoubleMuon_D.root
2025-10-03 00:05:37,029 - INFO - [2017] MISSING_CENTRAL: SR3Mu/Central/MHc-100_MA-95/score in Skim_TriLep_DoubleMuon_E.root
2025-10-03 00:05:37,030 - INFO - [2017] MISSING_CENTRAL: SR3Mu/Central/MHc-100_MA-95/score in Skim_TriLep_DoubleMuon_F.root
2025-10-03 00:05:37,030 - INFO - [2018] MISSING_CENTRAL: SR3Mu/Central/MHc-100_MA-95/score in Skim_TriLep_DoubleMuon_A.root
2025-10-03 00:05:37,030 - INFO - [2018] MISSING_CENTRAL: SR3Mu/Central/MHc-100_MA-95/score in Skim_TriLep_DoubleMuon_B.root
2025-10-03 00:05:37,030 - INFO - [2018] MISSING_CENTRAL: SR3Mu/Central/MHc-100_MA-95/score in Skim_TriLep_DoubleMuon_C.root
2025-10-03 00:05:37,030 - INFO - [2018] MISSING_CENTRAL: SR3Mu/Central/MHc-100_MA-95/score in Skim_TriLep_DoubleMuon_D.root
