2025-11-07 13:07:53,475 - INFO - [2016preVFP] MISSING_CENTRAL: SR3Mu/Central/MHc115_MA87/score_ttZ in Skim_TriLep_DYJets.root
2025-11-07 13:07:53,475 - INFO - [2016preVFP] MISSING_CENTRAL: SR3Mu/Central/MHc115_MA87/score_ttZ in Skim_TriLep_DYJets10to50.root
2025-11-07 13:07:53,491 - INFO - [2016preVFP] MISSING_CENTRAL: SR3Mu/Central/MHc115_MA87/score_ttZ in Skim_TriLep_WWG.root
2025-11-07 13:07:53,579 - INFO - [2016postVFP] MISSING_CENTRAL: SR3Mu/Central/MHc115_MA87/score_ttZ in Skim_TriLep_DYJets.root
2025-11-07 13:07:53,580 - INFO - [2016postVFP] MISSING_CENTRAL: SR3Mu/Central/MHc115_MA87/score_ttZ in Skim_TriLep_DYJets10to50.root
2025-11-07 13:07:53,594 - INFO - [2016postVFP] MISSING_CENTRAL: SR3Mu/Central/MHc115_MA87/score_ttZ in Skim_TriLep_WWG.root
2025-11-07 13:07:53,704 - INFO - [2017] MISSING_CENTRAL: SR3Mu/Central/MHc115_MA87/score_ttZ in Skim_TriLep_DYJets10to50.root
2025-11-07 13:07:53,718 - INFO - [2017] MISSING_CENTRAL: SR3Mu/Central/MHc115_MA87/score_ttZ in Skim_TriLep_WWG.root
2025-11-07 13:07:53,868 - INFO - [2018] MISSING_CENTRAL: SR3Mu/Central/MHc115_MA87/score_ttZ in Skim_TriLep_DYJets10to50.root
2025-11-07 14:06:11,287 - INFO - [2016preVFP] MISSING_CENTRAL: SR3Mu/Central/MHc115_MA87/score_ttZ in Skim_TriLep_DYJets.root
2025-11-07 14:06:11,288 - INFO - [2016preVFP] MISSING_CENTRAL: SR3Mu/Central/MHc115_MA87/score_ttZ in Skim_TriLep_DYJets10to50.root
2025-11-07 14:06:11,304 - INFO - [2016preVFP] MISSING_CENTRAL: SR3Mu/Central/MHc115_MA87/score_ttZ in Skim_TriLep_WWG.root
2025-11-07 14:06:11,411 - INFO - [2016postVFP] MISSING_CENTRAL: SR3Mu/Central/MHc115_MA87/score_ttZ in Skim_TriLep_DYJets.root
2025-11-07 14:06:11,411 - INFO - [2016postVFP] MISSING_CENTRAL: SR3Mu/Central/MHc115_MA87/score_ttZ in Skim_TriLep_DYJets10to50.root
2025-11-07 14:06:11,431 - INFO - [2016postVFP] MISSING_CENTRAL: SR3Mu/Central/MHc115_MA87/score_ttZ in Skim_TriLep_WWG.root
2025-11-07 14:06:11,531 - INFO - [2017] MISSING_CENTRAL: SR3Mu/Central/MHc115_MA87/score_ttZ in Skim_TriLep_DYJets10to50.root
2025-11-07 14:06:11,540 - INFO - [2017] MISSING_CENTRAL: SR3Mu/Central/MHc115_MA87/score_ttZ in Skim_TriLep_WWG.root
2025-11-07 14:06:11,664 - INFO - [2018] MISSING_CENTRAL: SR3Mu/Central/MHc115_MA87/score_ttZ in Skim_TriLep_DYJets10to50.root
2025-11-10 12:21:15,307 - INFO - [2016preVFP] MISSING_CENTRAL: SR3Mu/Central/MHc115_MA87/score_ttZ in Skim_TriLep_DYJets.root
2025-11-10 12:21:15,307 - INFO - [2016preVFP] MISSING_CENTRAL: SR3Mu/Central/MHc115_MA87/score_ttZ in Skim_TriLep_DYJets10to50.root
2025-11-10 12:21:15,325 - INFO - [2016preVFP] MISSING_CENTRAL: SR3Mu/Central/MHc115_MA87/score_ttZ in Skim_TriLep_WWG.root
2025-11-10 12:21:15,401 - INFO - [2016postVFP] MISSING_CENTRAL: SR3Mu/Central/MHc115_MA87/score_ttZ in Skim_TriLep_DYJets.root
2025-11-10 12:21:15,402 - INFO - [2016postVFP] MISSING_CENTRAL: SR3Mu/Central/MHc115_MA87/score_ttZ in Skim_TriLep_DYJets10to50.root
2025-11-10 12:21:15,413 - INFO - [2016postVFP] MISSING_CENTRAL: SR3Mu/Central/MHc115_MA87/score_ttZ in Skim_TriLep_WWG.root
2025-11-10 12:21:15,499 - INFO - [2017] MISSING_CENTRAL: SR3Mu/Central/MHc115_MA87/score_ttZ in Skim_TriLep_DYJets10to50.root
2025-11-10 12:21:15,508 - INFO - [2017] MISSING_CENTRAL: SR3Mu/Central/MHc115_MA87/score_ttZ in Skim_TriLep_WWG.root
2025-11-10 12:21:15,584 - INFO - [2018] MISSING_CENTRAL: SR3Mu/Central/MHc115_MA87/score_ttZ in Skim_TriLep_DYJets10to50.root
