2025-12-18 14:22:20,671 - INFO - [2016preVFP] MISSING_CENTRAL: SR3Mu/Central/MHc115_MA87/LR_nonprompt in Skim_TriLep_DYJets10to50.root
2025-12-18 14:22:20,671 - INFO - [2016preVFP] MISSING_FILE: /data9/Users/choij/Sync/workspace/ChargedHiggsAnalysisV3/SKNanoOutput/PromptSelector/Run3Mu_RunSyst/2016preVFP/Skim_TriLep_ZGToLLG.root
2025-12-18 14:22:20,684 - INFO - [2016preVFP] MISSING_CENTRAL: SR3Mu/Central/MHc115_MA87/LR_nonprompt in Skim_TriLep_WWG.root
2025-12-18 14:22:20,997 - INFO - [2016postVFP] MISSING_CENTRAL: SR3Mu/Central/MHc115_MA87/LR_nonprompt in Skim_TriLep_DYJets10to50.root
2025-12-18 14:22:21,014 - INFO - [2016postVFP] MISSING_CENTRAL: SR3Mu/Central/MHc115_MA87/LR_nonprompt in Skim_TriLep_WWG.root
2025-12-18 14:22:21,334 - INFO - [2017] MISSING_CENTRAL: SR3Mu/Central/MHc115_MA87/LR_nonprompt in Skim_TriLep_DYJets10to50.root
2025-12-18 14:22:21,357 - INFO - [2017] MISSING_CENTRAL: SR3Mu/Central/MHc115_MA87/LR_nonprompt in Skim_TriLep_WWG.root
2025-12-18 14:22:21,787 - INFO - [2018] MISSING_CENTRAL: SR3Mu/Central/MHc115_MA87/LR_nonprompt in Skim_TriLep_DYJets10to50.root
2025-12-18 14:37:45,414 - INFO - [2016preVFP] MISSING_CENTRAL: SR3Mu/Central/MHc115_MA87/LR_nonprompt in Skim_TriLep_DYJets10to50.root
2025-12-18 14:37:45,414 - INFO - [2016preVFP] MISSING_FILE: /data9/Users/choij/Sync/workspace/ChargedHiggsAnalysisV3/SKNanoOutput/PromptSelector/Run3Mu_RunSyst/2016preVFP/Skim_TriLep_ZGToLLG.root
2025-12-18 14:37:45,455 - INFO - [2016preVFP] MISSING_CENTRAL: SR3Mu/Central/MHc115_MA87/LR_nonprompt in Skim_TriLep_WWG.root
2025-12-18 14:37:45,906 - INFO - [2016postVFP] MISSING_CENTRAL: SR3Mu/Central/MHc115_MA87/LR_nonprompt in Skim_TriLep_DYJets10to50.root
2025-12-18 14:37:45,919 - INFO - [2016postVFP] MISSING_CENTRAL: SR3Mu/Central/MHc115_MA87/LR_nonprompt in Skim_TriLep_WWG.root
2025-12-18 14:37:46,147 - INFO - [2017] MISSING_CENTRAL: SR3Mu/Central/MHc115_MA87/LR_nonprompt in Skim_TriLep_DYJets10to50.root
2025-12-18 14:37:46,161 - INFO - [2017] MISSING_CENTRAL: SR3Mu/Central/MHc115_MA87/LR_nonprompt in Skim_TriLep_WWG.root
2025-12-18 14:37:46,530 - INFO - [2018] MISSING_CENTRAL: SR3Mu/Central/MHc115_MA87/LR_nonprompt in Skim_TriLep_DYJets10to50.root
2026-01-07 11:47:29,234 - INFO - [2016preVFP] MISSING_CENTRAL: SR3Mu/Central/MHc115_MA87/LR_nonprompt in Skim_TriLep_DYJets10to50.root
2026-01-07 11:47:29,235 - INFO - [2016preVFP] MISSING_FILE: /data9/Users/choij/Sync/workspace/ChargedHiggsAnalysisV3/SKNanoOutput/PromptSelector/Run3Mu_RunSyst/2016preVFP/Skim_TriLep_ZGToLLG.root
2026-01-07 11:47:29,259 - INFO - [2016preVFP] MISSING_CENTRAL: SR3Mu/Central/MHc115_MA87/LR_nonprompt in Skim_TriLep_WWG.root
2026-01-07 11:47:29,509 - INFO - [2016postVFP] MISSING_CENTRAL: SR3Mu/Central/MHc115_MA87/LR_nonprompt in Skim_TriLep_DYJets10to50.root
2026-01-07 11:47:29,537 - INFO - [2016postVFP] MISSING_CENTRAL: SR3Mu/Central/MHc115_MA87/LR_nonprompt in Skim_TriLep_WWG.root
2026-01-07 11:47:29,845 - INFO - [2017] MISSING_CENTRAL: SR3Mu/Central/MHc115_MA87/LR_nonprompt in Skim_TriLep_DYJets10to50.root
2026-01-07 11:47:29,901 - INFO - [2017] MISSING_CENTRAL: SR3Mu/Central/MHc115_MA87/LR_nonprompt in Skim_TriLep_WWG.root
2026-01-07 11:47:30,223 - INFO - [2018] MISSING_CENTRAL: SR3Mu/Central/MHc115_MA87/LR_nonprompt in Skim_TriLep_DYJets10to50.root
2026-01-07 18:44:14,533 - INFO - [2016preVFP] MISSING_CENTRAL: SR3Mu/Central/MHc115_MA87/LR_nonprompt in Skim_TriLep_DYJets10to50.root
2026-01-07 18:44:14,533 - INFO - [2016preVFP] MISSING_FILE: /data9/Users/choij/Sync/workspace/ChargedHiggsAnalysisV3/SKNanoOutput/PromptSelector/Run3Mu_RunSyst/2016preVFP/Skim_TriLep_ZGToLLG.root
2026-01-07 18:44:14,566 - INFO - [2016preVFP] MISSING_CENTRAL: SR3Mu/Central/MHc115_MA87/LR_nonprompt in Skim_TriLep_WWG.root
2026-01-07 18:44:14,878 - INFO - [2016postVFP] MISSING_CENTRAL: SR3Mu/Central/MHc115_MA87/LR_nonprompt in Skim_TriLep_DYJets10to50.root
2026-01-07 18:44:14,916 - INFO - [2016postVFP] MISSING_CENTRAL: SR3Mu/Central/MHc115_MA87/LR_nonprompt in Skim_TriLep_WWG.root
2026-01-07 18:44:15,325 - INFO - [2017] MISSING_CENTRAL: SR3Mu/Central/MHc115_MA87/LR_nonprompt in Skim_TriLep_DYJets10to50.root
2026-01-07 18:44:15,338 - INFO - [2017] MISSING_CENTRAL: SR3Mu/Central/MHc115_MA87/LR_nonprompt in Skim_TriLep_WWG.root
2026-01-07 18:44:15,595 - INFO - [2018] MISSING_CENTRAL: SR3Mu/Central/MHc115_MA87/LR_nonprompt in Skim_TriLep_DYJets10to50.root
2026-01-07 19:29:17,638 - INFO - [2016preVFP] MISSING_CENTRAL: SR3Mu/Central/MHc115_MA87/LR_nonprompt in Skim_TriLep_DYJets10to50.root
2026-01-07 19:29:17,638 - INFO - [2016preVFP] MISSING_FILE: /data9/Users/choij/Sync/workspace/ChargedHiggsAnalysisV3/SKNanoOutput/PromptSelector/Run3Mu_RunSyst/2016preVFP/Skim_TriLep_ZGToLLG.root
2026-01-07 19:29:17,690 - INFO - [2016preVFP] MISSING_CENTRAL: SR3Mu/Central/MHc115_MA87/LR_nonprompt in Skim_TriLep_WWG.root
2026-01-07 19:29:18,051 - INFO - [2016postVFP] MISSING_CENTRAL: SR3Mu/Central/MHc115_MA87/LR_nonprompt in Skim_TriLep_DYJets10to50.root
2026-01-07 19:29:18,099 - INFO - [2016postVFP] MISSING_CENTRAL: SR3Mu/Central/MHc115_MA87/LR_nonprompt in Skim_TriLep_WWG.root
2026-01-07 19:29:18,381 - INFO - [2017] MISSING_CENTRAL: SR3Mu/Central/MHc115_MA87/LR_nonprompt in Skim_TriLep_DYJets10to50.root
2026-01-07 19:29:18,395 - INFO - [2017] MISSING_CENTRAL: SR3Mu/Central/MHc115_MA87/LR_nonprompt in Skim_TriLep_WWG.root
2026-01-07 19:29:18,790 - INFO - [2018] MISSING_CENTRAL: SR3Mu/Central/MHc115_MA87/LR_nonprompt in Skim_TriLep_DYJets10to50.root
2026-01-09 12:18:21,332 - INFO - [2016preVFP] MISSING_CENTRAL: SR3Mu/Central/MHc115_MA87/LR_nonprompt in Skim_TriLep_DYJets10to50.root
2026-01-09 12:18:21,335 - INFO - [2016preVFP] MISSING_FILE: /home/choij/Sync/workspace/ChargedHiggsAnalysisV3/SKNanoOutput/PromptSelector/Run3Mu_RunSyst/2016preVFP/Skim_TriLep_ZGToLLG.root
2026-01-09 12:18:21,347 - INFO - [2016preVFP] MISSING_CENTRAL: SR3Mu/Central/MHc115_MA87/LR_nonprompt in Skim_TriLep_WWG.root
2026-01-09 12:18:21,520 - INFO - [2016postVFP] MISSING_CENTRAL: SR3Mu/Central/MHc115_MA87/LR_nonprompt in Skim_TriLep_DYJets10to50.root
2026-01-09 12:18:21,542 - INFO - [2016postVFP] MISSING_CENTRAL: SR3Mu/Central/MHc115_MA87/LR_nonprompt in Skim_TriLep_WWG.root
2026-01-09 12:18:21,694 - INFO - [2017] MISSING_CENTRAL: SR3Mu/Central/MHc115_MA87/LR_nonprompt in Skim_TriLep_DYJets10to50.root
2026-01-09 12:18:21,703 - INFO - [2017] MISSING_CENTRAL: SR3Mu/Central/MHc115_MA87/LR_nonprompt in Skim_TriLep_WWG.root
2026-01-09 12:18:21,866 - INFO - [2018] MISSING_CENTRAL: SR3Mu/Central/MHc115_MA87/LR_nonprompt in Skim_TriLep_DYJets10to50.root
