2025-11-07 13:07:53,735 - INFO - [2016preVFP] MISSING_CENTRAL: SR3Mu/Central/MHc145_MA92/score_nonprompt in Skim_TriLep_DYJets.root
2025-11-07 13:07:53,738 - INFO - [2016preVFP] MISSING_CENTRAL: SR3Mu/Central/MHc145_MA92/score_nonprompt in Skim_TriLep_DYJets10to50.root
2025-11-07 13:07:53,771 - INFO - [2016preVFP] MISSING_CENTRAL: SR3Mu/Central/MHc145_MA92/score_nonprompt in Skim_TriLep_WWG.root
2025-11-07 13:07:53,886 - INFO - [2016postVFP] MISSING_CENTRAL: SR3Mu/Central/MHc145_MA92/score_nonprompt in Skim_TriLep_DYJets.root
2025-11-07 13:07:53,887 - INFO - [2016postVFP] MISSING_CENTRAL: SR3Mu/Central/MHc145_MA92/score_nonprompt in Skim_TriLep_DYJets10to50.root
2025-11-07 13:07:53,901 - INFO - [2016postVFP] MISSING_CENTRAL: SR3Mu/Central/MHc145_MA92/score_nonprompt in Skim_TriLep_WWG.root
2025-11-07 13:07:54,017 - INFO - [2017] MISSING_CENTRAL: SR3Mu/Central/MHc145_MA92/score_nonprompt in Skim_TriLep_DYJets10to50.root
2025-11-07 13:07:54,036 - INFO - [2017] MISSING_CENTRAL: SR3Mu/Central/MHc145_MA92/score_nonprompt in Skim_TriLep_WWG.root
2025-11-07 13:07:54,161 - INFO - [2018] MISSING_CENTRAL: SR3Mu/Central/MHc145_MA92/score_nonprompt in Skim_TriLep_DYJets10to50.root
2025-11-07 14:06:11,972 - INFO - [2016preVFP] MISSING_CENTRAL: SR3Mu/Central/MHc145_MA92/score_nonprompt in Skim_TriLep_DYJets.root
2025-11-07 14:06:11,973 - INFO - [2016preVFP] MISSING_CENTRAL: SR3Mu/Central/MHc145_MA92/score_nonprompt in Skim_TriLep_DYJets10to50.root
2025-11-07 14:06:11,989 - INFO - [2016preVFP] MISSING_CENTRAL: SR3Mu/Central/MHc145_MA92/score_nonprompt in Skim_TriLep_WWG.root
2025-11-07 14:06:12,090 - INFO - [2016postVFP] MISSING_CENTRAL: SR3Mu/Central/MHc145_MA92/score_nonprompt in Skim_TriLep_DYJets.root
2025-11-07 14:06:12,090 - INFO - [2016postVFP] MISSING_CENTRAL: SR3Mu/Central/MHc145_MA92/score_nonprompt in Skim_TriLep_DYJets10to50.root
2025-11-07 14:06:12,104 - INFO - [2016postVFP] MISSING_CENTRAL: SR3Mu/Central/MHc145_MA92/score_nonprompt in Skim_TriLep_WWG.root
2025-11-07 14:06:12,248 - INFO - [2017] MISSING_CENTRAL: SR3Mu/Central/MHc145_MA92/score_nonprompt in Skim_TriLep_DYJets10to50.root
2025-11-07 14:06:12,280 - INFO - [2017] MISSING_CENTRAL: SR3Mu/Central/MHc145_MA92/score_nonprompt in Skim_TriLep_WWG.root
2025-11-07 14:06:12,442 - INFO - [2018] MISSING_CENTRAL: SR3Mu/Central/MHc145_MA92/score_nonprompt in Skim_TriLep_DYJets10to50.root
2025-11-10 12:21:16,328 - INFO - [2016preVFP] MISSING_CENTRAL: SR3Mu/Central/MHc145_MA92/score_nonprompt in Skim_TriLep_DYJets.root
2025-11-10 12:21:16,328 - INFO - [2016preVFP] MISSING_CENTRAL: SR3Mu/Central/MHc145_MA92/score_nonprompt in Skim_TriLep_DYJets10to50.root
2025-11-10 12:21:16,370 - INFO - [2016preVFP] MISSING_CENTRAL: SR3Mu/Central/MHc145_MA92/score_nonprompt in Skim_TriLep_WWG.root
2025-11-10 12:21:16,503 - INFO - [2016postVFP] MISSING_CENTRAL: SR3Mu/Central/MHc145_MA92/score_nonprompt in Skim_TriLep_DYJets.root
2025-11-10 12:21:16,504 - INFO - [2016postVFP] MISSING_CENTRAL: SR3Mu/Central/MHc145_MA92/score_nonprompt in Skim_TriLep_DYJets10to50.root
2025-11-10 12:21:16,516 - INFO - [2016postVFP] MISSING_CENTRAL: SR3Mu/Central/MHc145_MA92/score_nonprompt in Skim_TriLep_WWG.root
2025-11-10 12:21:16,664 - INFO - [2017] MISSING_CENTRAL: SR3Mu/Central/MHc145_MA92/score_nonprompt in Skim_TriLep_DYJets10to50.root
2025-11-10 12:21:16,680 - INFO - [2017] MISSING_CENTRAL: SR3Mu/Central/MHc145_MA92/score_nonprompt in Skim_TriLep_WWG.root
2025-11-10 12:21:16,818 - INFO - [2018] MISSING_CENTRAL: SR3Mu/Central/MHc145_MA92/score_nonprompt in Skim_TriLep_DYJets10to50.root
2025-11-13 11:10:44,169 - INFO - [2016preVFP] MISSING_CENTRAL: SR3Mu/Central/MHc145_MA92/score_nonprompt in Skim_TriLep_DYJets.root
2025-11-13 11:10:44,170 - INFO - [2016preVFP] MISSING_CENTRAL: SR3Mu/Central/MHc145_MA92/score_nonprompt in Skim_TriLep_DYJets10to50.root
2025-11-13 11:10:44,227 - INFO - [2016preVFP] MISSING_CENTRAL: SR3Mu/Central/MHc145_MA92/score_nonprompt in Skim_TriLep_WWG.root
2025-11-13 11:10:44,463 - INFO - [2016postVFP] MISSING_CENTRAL: SR3Mu/Central/MHc145_MA92/score_nonprompt in Skim_TriLep_DYJets.root
2025-11-13 11:10:44,464 - INFO - [2016postVFP] MISSING_CENTRAL: SR3Mu/Central/MHc145_MA92/score_nonprompt in Skim_TriLep_DYJets10to50.root
2025-11-13 11:10:44,489 - INFO - [2016postVFP] MISSING_CENTRAL: SR3Mu/Central/MHc145_MA92/score_nonprompt in Skim_TriLep_WWG.root
2025-11-13 11:10:44,808 - INFO - [2017] MISSING_CENTRAL: SR3Mu/Central/MHc145_MA92/score_nonprompt in Skim_TriLep_DYJets10to50.root
2025-11-13 11:10:44,824 - INFO - [2017] MISSING_CENTRAL: SR3Mu/Central/MHc145_MA92/score_nonprompt in Skim_TriLep_WWG.root
2025-11-13 11:10:45,024 - INFO - [2018] MISSING_CENTRAL: SR3Mu/Central/MHc145_MA92/score_nonprompt in Skim_TriLep_DYJets10to50.root
2025-11-13 19:55:01,537 - INFO - [2016preVFP] MISSING_CENTRAL: SR3Mu/Central/MHc145_MA92/score_nonprompt in Skim_TriLep_DYJets.root
2025-11-13 19:55:01,538 - INFO - [2016preVFP] MISSING_CENTRAL: SR3Mu/Central/MHc145_MA92/score_nonprompt in Skim_TriLep_DYJets10to50.root
2025-11-13 19:55:01,549 - INFO - [2016preVFP] MISSING_CENTRAL: SR3Mu/Central/MHc145_MA92/score_nonprompt in Skim_TriLep_WWG.root
2025-11-13 19:55:01,692 - INFO - [2016postVFP] MISSING_CENTRAL: SR3Mu/Central/MHc145_MA92/score_nonprompt in Skim_TriLep_DYJets.root
2025-11-13 19:55:01,693 - INFO - [2016postVFP] MISSING_CENTRAL: SR3Mu/Central/MHc145_MA92/score_nonprompt in Skim_TriLep_DYJets10to50.root
2025-11-13 19:55:01,706 - INFO - [2016postVFP] MISSING_CENTRAL: SR3Mu/Central/MHc145_MA92/score_nonprompt in Skim_TriLep_WWG.root
2025-11-13 19:55:01,818 - INFO - [2017] MISSING_CENTRAL: SR3Mu/Central/MHc145_MA92/score_nonprompt in Skim_TriLep_DYJets10to50.root
2025-11-13 19:55:01,833 - INFO - [2017] MISSING_CENTRAL: SR3Mu/Central/MHc145_MA92/score_nonprompt in Skim_TriLep_WWG.root
2025-11-13 19:55:01,946 - INFO - [2018] MISSING_CENTRAL: SR3Mu/Central/MHc145_MA92/score_nonprompt in Skim_TriLep_DYJets10to50.root
2025-11-13 20:01:56,320 - INFO - [2016preVFP] MISSING_CENTRAL: SR3Mu/Central/MHc145_MA92/score_nonprompt in Skim_TriLep_DYJets.root
2025-11-13 20:01:56,320 - INFO - [2016preVFP] MISSING_CENTRAL: SR3Mu/Central/MHc145_MA92/score_nonprompt in Skim_TriLep_DYJets10to50.root
2025-11-13 20:01:56,344 - INFO - [2016preVFP] MISSING_CENTRAL: SR3Mu/Central/MHc145_MA92/score_nonprompt in Skim_TriLep_WWG.root
2025-11-13 20:01:56,428 - INFO - [2016postVFP] MISSING_CENTRAL: SR3Mu/Central/MHc145_MA92/score_nonprompt in Skim_TriLep_DYJets.root
2025-11-13 20:01:56,428 - INFO - [2016postVFP] MISSING_CENTRAL: SR3Mu/Central/MHc145_MA92/score_nonprompt in Skim_TriLep_DYJets10to50.root
2025-11-13 20:01:56,442 - INFO - [2016postVFP] MISSING_CENTRAL: SR3Mu/Central/MHc145_MA92/score_nonprompt in Skim_TriLep_WWG.root
2025-11-13 20:01:56,534 - INFO - [2017] MISSING_CENTRAL: SR3Mu/Central/MHc145_MA92/score_nonprompt in Skim_TriLep_DYJets10to50.root
2025-11-13 20:01:56,544 - INFO - [2017] MISSING_CENTRAL: SR3Mu/Central/MHc145_MA92/score_nonprompt in Skim_TriLep_WWG.root
2025-11-13 20:01:56,619 - INFO - [2018] MISSING_CENTRAL: SR3Mu/Central/MHc145_MA92/score_nonprompt in Skim_TriLep_DYJets10to50.root
