2025-09-24 15:52:53,872 - INFO - [2016preVFP] MISSING_CENTRAL: SR3Mu/Central/muons/1/px in Skim_TriLep_DYJets10to50.root
2025-09-24 15:52:53,899 - INFO - [2016preVFP] MISSING_CENTRAL: SR3Mu/Central/muons/1/px in Skim_TriLep_WWG.root
2025-09-24 15:52:54,165 - INFO - [2016postVFP] MISSING_CENTRAL: SR3Mu/Central/muons/1/px in Skim_TriLep_DYJets.root
2025-09-24 15:52:54,166 - INFO - [2016postVFP] MISSING_CENTRAL: SR3Mu/Central/muons/1/px in Skim_TriLep_DYJets10to50.root
2025-09-24 15:52:54,204 - INFO - [2016postVFP] MISSING_CENTRAL: SR3Mu/Central/muons/1/px in Skim_TriLep_WWG.root
2025-09-24 15:52:54,462 - INFO - [2017] MISSING_CENTRAL: SR3Mu/Central/muons/1/px in Skim_TriLep_DYJets10to50.root
2025-09-24 15:52:54,493 - INFO - [2017] MISSING_CENTRAL: SR3Mu/Central/muons/1/px in Skim_TriLep_WWG.root
2025-09-24 15:52:54,767 - INFO - [2018] MISSING_CENTRAL: SR3Mu/Central/muons/1/px in Skim_TriLep_DYJets10to50.root
2025-09-24 15:52:54,784 - INFO - [2018] MISSING_FILE: /Users/choij/Sync/workspace/ChargedHiggsAnalysisV3/SKNanoOutput/PromptSelector/Run3Mu_RunSyst/2018/Skim_TriLep_TTG.root
2025-09-24 15:52:54,835 - INFO - [2018] MISSING_FILE: /Users/choij/Sync/workspace/ChargedHiggsAnalysisV3/SKNanoOutput/PromptSelector/Run3Mu_RunSyst/2018/Skim_TriLep_TTHToNonbb.root
2025-09-24 15:52:54,893 - INFO - [2018] MISSING_FILE: /Users/choij/Sync/workspace/ChargedHiggsAnalysisV3/SKNanoOutput/PromptSelector/Run3Mu_RunSyst/2018/Skim_TriLep_tHq.root
2025-09-24 15:52:55,010 - INFO - [2018] MISSING_FILE: /Users/choij/Sync/workspace/ChargedHiggsAnalysisV3/SKNanoOutput/PromptSelector/Run3Mu_RunSyst/2018/Skim_TriLep_VBFHToZZTo4L.root
2025-10-02 21:15:38,169 - INFO - [2016preVFP] MISSING_CENTRAL: SR3Mu/Central/muons/1/px in Skim_TriLep_DYJets10to50.root
2025-10-02 21:15:38,231 - INFO - [2016preVFP] MISSING_CENTRAL: SR3Mu/Central/muons/1/px in Skim_TriLep_WWG.root
2025-10-02 21:15:38,701 - INFO - [2016postVFP] MISSING_CENTRAL: SR3Mu/Central/muons/1/px in Skim_TriLep_DYJets.root
2025-10-02 21:15:38,703 - INFO - [2016postVFP] MISSING_CENTRAL: SR3Mu/Central/muons/1/px in Skim_TriLep_DYJets10to50.root
2025-10-02 21:15:38,760 - INFO - [2016postVFP] MISSING_CENTRAL: SR3Mu/Central/muons/1/px in Skim_TriLep_WWG.root
2025-10-02 21:15:39,370 - INFO - [2017] MISSING_CENTRAL: SR3Mu/Central/muons/1/px in Skim_TriLep_DYJets10to50.root
2025-10-02 21:15:39,489 - INFO - [2017] MISSING_CENTRAL: SR3Mu/Central/muons/1/px in Skim_TriLep_WWG.root
2025-10-02 21:15:40,011 - INFO - [2018] MISSING_CENTRAL: SR3Mu/Central/muons/1/px in Skim_TriLep_DYJets10to50.root
2025-10-02 21:15:40,075 - INFO - [2018] MISSING_FILE: /data9/Users/choij/Sync/workspace/ChargedHiggsAnalysisV3/SKNanoOutput/PromptSelector/Run3Mu_RunSyst/2018/Skim_TriLep_TTG.root
2025-10-02 21:15:40,232 - INFO - [2018] MISSING_FILE: /data9/Users/choij/Sync/workspace/ChargedHiggsAnalysisV3/SKNanoOutput/PromptSelector/Run3Mu_RunSyst/2018/Skim_TriLep_TTHToNonbb.root
2025-10-02 21:15:40,340 - INFO - [2018] MISSING_FILE: /data9/Users/choij/Sync/workspace/ChargedHiggsAnalysisV3/SKNanoOutput/PromptSelector/Run3Mu_RunSyst/2018/Skim_TriLep_tHq.root
2025-10-02 21:15:40,526 - INFO - [2018] MISSING_FILE: /data9/Users/choij/Sync/workspace/ChargedHiggsAnalysisV3/SKNanoOutput/PromptSelector/Run3Mu_RunSyst/2018/Skim_TriLep_VBFHToZZTo4L.root
2025-10-03 00:05:05,928 - INFO - [2016preVFP] MISSING_CENTRAL: SR3Mu/Central/muons/1/px in Skim_TriLep_DYJets10to50.root
2025-10-03 00:05:05,973 - INFO - [2016preVFP] MISSING_CENTRAL: SR3Mu/Central/muons/1/px in Skim_TriLep_WWG.root
2025-10-03 00:05:06,245 - INFO - [2016postVFP] MISSING_CENTRAL: SR3Mu/Central/muons/1/px in Skim_TriLep_DYJets.root
2025-10-03 00:05:06,246 - INFO - [2016postVFP] MISSING_CENTRAL: SR3Mu/Central/muons/1/px in Skim_TriLep_DYJets10to50.root
2025-10-03 00:05:06,276 - INFO - [2016postVFP] MISSING_CENTRAL: SR3Mu/Central/muons/1/px in Skim_TriLep_WWG.root
2025-10-03 00:05:06,509 - INFO - [2017] MISSING_CENTRAL: SR3Mu/Central/muons/1/px in Skim_TriLep_DYJets10to50.root
2025-10-03 00:05:06,541 - INFO - [2017] MISSING_CENTRAL: SR3Mu/Central/muons/1/px in Skim_TriLep_WWG.root
2025-10-03 00:05:06,822 - INFO - [2018] MISSING_CENTRAL: SR3Mu/Central/muons/1/px in Skim_TriLep_DYJets10to50.root
2025-10-03 00:05:06,846 - INFO - [2018] MISSING_FILE: /Users/choij/Sync/workspace/ChargedHiggsAnalysisV3/SKNanoOutput/PromptSelector/Run3Mu_RunSyst/2018/Skim_TriLep_TTG.root
2025-10-03 00:05:06,900 - INFO - [2018] MISSING_FILE: /Users/choij/Sync/workspace/ChargedHiggsAnalysisV3/SKNanoOutput/PromptSelector/Run3Mu_RunSyst/2018/Skim_TriLep_TTHToNonbb.root
2025-10-03 00:05:06,971 - INFO - [2018] MISSING_FILE: /Users/choij/Sync/workspace/ChargedHiggsAnalysisV3/SKNanoOutput/PromptSelector/Run3Mu_RunSyst/2018/Skim_TriLep_tHq.root
2025-10-03 00:05:07,056 - INFO - [2018] MISSING_FILE: /Users/choij/Sync/workspace/ChargedHiggsAnalysisV3/SKNanoOutput/PromptSelector/Run3Mu_RunSyst/2018/Skim_TriLep_VBFHToZZTo4L.root
