2025-09-24 15:42:35,214 - INFO - [2016postVFP] MISSING_CENTRAL: ZFake1E2Mu/Central/jets/3/py in Skim_TriLep_DYJets10to50.root
2025-09-24 15:42:35,240 - INFO - [2016postVFP] MISSING_CENTRAL: ZFake1E2Mu/Central/jets/3/py in Skim_TriLep_TTG.root
2025-10-02 21:10:00,797 - INFO - [2016postVFP] MISSING_CENTRAL: ZFake1E2Mu/Central/jets/3/py in Skim_TriLep_DYJets10to50.root
2025-10-02 21:10:00,827 - INFO - [2016postVFP] MISSING_CENTRAL: ZFake1E2Mu/Central/jets/3/py in Skim_TriLep_TTG.root
2025-10-02 23:55:52,206 - INFO - [2016postVFP] MISSING_CENTRAL: ZFake1E2Mu/Central/jets/3/py in Skim_TriLep_DYJets10to50.root
2025-10-02 23:55:52,328 - INFO - [2016postVFP] MISSING_CENTRAL: ZFake1E2Mu/Central/jets/3/py in Skim_TriLep_TTG.root
2025-11-05 22:01:01,835 - INFO - [2016postVFP] MISSING_CENTRAL: ZFake1E2Mu/Central/jets/3/py in Skim_TriLep_DYJets10to50.root
2025-11-05 22:16:47,592 - INFO - [2016postVFP] MISSING_CENTRAL: ZFake1E2Mu/Central/jets/3/py in Skim_TriLep_DYJets10to50.root
2025-11-05 23:21:21,619 - INFO - [2016postVFP] MISSING_CENTRAL: ZFake1E2Mu/Central/jets/3/py in Skim_TriLep_DYJets10to50.root
2025-11-07 12:24:36,735 - INFO - [2016postVFP] MISSING_CENTRAL: ZFake1E2Mu/Central/jets/3/py in Skim_TriLep_DYJets10to50.root
2025-11-07 13:04:50,513 - INFO - [2016postVFP] MISSING_CENTRAL: ZFake1E2Mu/Central/jets/3/py in Skim_TriLep_DYJets10to50.root
2025-11-07 13:25:31,055 - INFO - [2016postVFP] MISSING_CENTRAL: ZFake1E2Mu/Central/jets/3/py in Skim_TriLep_DYJets10to50.root
2025-11-07 13:27:59,088 - INFO - [2016postVFP] MISSING_CENTRAL: ZFake1E2Mu/Central/jets/3/py in Skim_TriLep_DYJets10to50.root
2025-11-07 13:44:21,969 - INFO - [2016postVFP] MISSING_CENTRAL: ZFake1E2Mu/Central/jets/3/py in Skim_TriLep_DYJets10to50.root
2025-11-07 14:00:44,608 - INFO - [2016postVFP] MISSING_CENTRAL: ZFake1E2Mu/Central/jets/3/py in Skim_TriLep_DYJets10to50.root
2025-11-10 05:50:45,032 - INFO - [2016postVFP] MISSING_CENTRAL: ZFake1E2Mu/Central/jets/3/py in Skim_TriLep_DYJets10to50.root
2025-11-10 12:15:45,951 - INFO - [2016postVFP] MISSING_CENTRAL: ZFake1E2Mu/Central/jets/3/py in Skim_TriLep_DYJets10to50.root
2025-11-13 11:04:20,080 - INFO - [2016postVFP] MISSING_CENTRAL: ZFake1E2Mu/Central/jets/3/py in Skim_TriLep_DYJets10to50.root
2025-11-19 16:08:10,054 - INFO - [2016postVFP] MISSING_CENTRAL: ZFake1E2Mu/Central/jets/3/py in Skim_TriLep_DYJets10to50.root
2025-11-19 16:18:04,900 - INFO - [2016postVFP] MISSING_CENTRAL: ZFake1E2Mu/Central/jets/3/py in Skim_TriLep_DYJets10to50.root
2025-12-17 22:31:35,721 - INFO - [2016postVFP] MISSING_CENTRAL: ZFake1E2Mu/Central/jets/3/py in Skim_TriLep_DYJets10to50.root
2025-12-18 14:10:43,753 - INFO - [2016postVFP] MISSING_CENTRAL: ZFake1E2Mu/Central/jets/3/py in Skim_TriLep_DYJets10to50.root
2025-12-18 14:14:50,114 - INFO - [2016postVFP] MISSING_CENTRAL: ZFake1E2Mu/Central/jets/3/py in Skim_TriLep_DYJets10to50.root
2025-12-18 14:30:19,868 - INFO - [2016postVFP] MISSING_CENTRAL: ZFake1E2Mu/Central/jets/3/py in Skim_TriLep_DYJets10to50.root
2026-01-07 11:40:33,474 - INFO - [2016postVFP] MISSING_CENTRAL: ZFake1E2Mu/Central/jets/3/py in Skim_TriLep_DYJets10to50.root
2026-01-07 18:37:51,819 - INFO - [2016postVFP] MISSING_CENTRAL: ZFake1E2Mu/Central/jets/3/py in Skim_TriLep_DYJets10to50.root
2026-01-09 12:11:05,821 - INFO - [2016postVFP] MISSING_CENTRAL: ZFake1E2Mu/Central/jets/3/py in Skim_TriLep_DYJets10to50.root
2026-01-11 09:31:10,252 - INFO - [2016postVFP] MISSING_CENTRAL: ZFake1E2Mu/Central/jets/3/py in Skim_TriLep_DYJets10to50.root
2026-01-12 13:39:42,433 - INFO - [2016postVFP] MISSING_FILE: /home/choij/Sync/workspace/ChargedHiggsAnalysisV3/SKNanoOutput/MatrixSelector/Run1E2Mu/2016postVFP/Skim_TriLep_MuonEG_F.root
2026-01-12 13:39:42,434 - INFO - [2016postVFP] MISSING_FILE: /home/choij/Sync/workspace/ChargedHiggsAnalysisV3/SKNanoOutput/MatrixSelector/Run1E2Mu/2016postVFP/Skim_TriLep_MuonEG_G.root
2026-01-12 13:39:42,434 - INFO - [2016postVFP] MISSING_FILE: /home/choij/Sync/workspace/ChargedHiggsAnalysisV3/SKNanoOutput/MatrixSelector/Run1E2Mu/2016postVFP/Skim_TriLep_MuonEG_H.root
2026-01-12 13:39:42,503 - INFO - [2016postVFP] MISSING_CENTRAL: ZFake1E2Mu/Central/jets/3/py in Skim_TriLep_DYJets10to50.root
2026-01-16 18:55:06,071 - INFO - [2016postVFP] MISSING_CENTRAL: ZFake1E2Mu/Central/jets/3/py in Skim_TriLep_DYJets10to50.root
