2025-11-05 22:17:04,387 - INFO - [2016postVFP] MISSING_CENTRAL: ZFake3Mu/Central/dR_pair_ss2_os in Skim_TriLep_DYJets.root
2025-11-05 22:17:04,388 - INFO - [2016postVFP] MISSING_CENTRAL: ZFake3Mu/Central/dR_pair_ss2_os in Skim_TriLep_DYJets10to50.root
2025-11-05 23:21:37,679 - INFO - [2016postVFP] MISSING_CENTRAL: ZFake3Mu/Central/dR_pair_ss2_os in Skim_TriLep_DYJets.root
2025-11-05 23:21:37,680 - INFO - [2016postVFP] MISSING_CENTRAL: ZFake3Mu/Central/dR_pair_ss2_os in Skim_TriLep_DYJets10to50.root
2025-11-07 12:24:52,530 - INFO - [2016postVFP] MISSING_CENTRAL: ZFake3Mu/Central/dR_pair_ss2_os in Skim_TriLep_DYJets.root
2025-11-07 12:24:52,533 - INFO - [2016postVFP] MISSING_CENTRAL: ZFake3Mu/Central/dR_pair_ss2_os in Skim_TriLep_DYJets10to50.root
2025-11-07 13:05:08,460 - INFO - [2016postVFP] MISSING_CENTRAL: ZFake3Mu/Central/dR_pair_ss2_os in Skim_TriLep_DYJets.root
2025-11-07 13:05:08,461 - INFO - [2016postVFP] MISSING_CENTRAL: ZFake3Mu/Central/dR_pair_ss2_os in Skim_TriLep_DYJets10to50.root
2025-11-07 13:25:49,017 - INFO - [2016postVFP] MISSING_CENTRAL: ZFake3Mu/Central/dR_pair_ss2_os in Skim_TriLep_DYJets.root
2025-11-07 13:25:49,018 - INFO - [2016postVFP] MISSING_CENTRAL: ZFake3Mu/Central/dR_pair_ss2_os in Skim_TriLep_DYJets10to50.root
2025-11-07 13:28:16,970 - INFO - [2016postVFP] MISSING_CENTRAL: ZFake3Mu/Central/dR_pair_ss2_os in Skim_TriLep_DYJets.root
2025-11-07 13:28:16,970 - INFO - [2016postVFP] MISSING_CENTRAL: ZFake3Mu/Central/dR_pair_ss2_os in Skim_TriLep_DYJets10to50.root
2025-11-07 13:44:40,240 - INFO - [2016postVFP] MISSING_CENTRAL: ZFake3Mu/Central/dR_pair_ss2_os in Skim_TriLep_DYJets.root
2025-11-07 13:44:40,241 - INFO - [2016postVFP] MISSING_CENTRAL: ZFake3Mu/Central/dR_pair_ss2_os in Skim_TriLep_DYJets10to50.root
2025-11-07 14:01:02,409 - INFO - [2016postVFP] MISSING_CENTRAL: ZFake3Mu/Central/dR_pair_ss2_os in Skim_TriLep_DYJets.root
2025-11-07 14:01:02,409 - INFO - [2016postVFP] MISSING_CENTRAL: ZFake3Mu/Central/dR_pair_ss2_os in Skim_TriLep_DYJets10to50.root
2025-11-10 05:51:06,308 - INFO - [2016postVFP] MISSING_CENTRAL: ZFake3Mu/Central/dR_pair_ss2_os in Skim_TriLep_DYJets.root
2025-11-10 05:51:06,308 - INFO - [2016postVFP] MISSING_CENTRAL: ZFake3Mu/Central/dR_pair_ss2_os in Skim_TriLep_DYJets10to50.root
2025-11-10 12:16:03,391 - INFO - [2016postVFP] MISSING_CENTRAL: ZFake3Mu/Central/dR_pair_ss2_os in Skim_TriLep_DYJets.root
2025-11-10 12:16:03,391 - INFO - [2016postVFP] MISSING_CENTRAL: ZFake3Mu/Central/dR_pair_ss2_os in Skim_TriLep_DYJets10to50.root
2025-11-13 11:04:46,488 - INFO - [2016postVFP] MISSING_CENTRAL: ZFake3Mu/Central/dR_pair_ss2_os in Skim_TriLep_DYJets.root
2025-11-13 11:04:46,504 - INFO - [2016postVFP] MISSING_CENTRAL: ZFake3Mu/Central/dR_pair_ss2_os in Skim_TriLep_DYJets10to50.root
2025-11-19 16:08:27,852 - INFO - [2016postVFP] MISSING_CENTRAL: ZFake3Mu/Central/dR_pair_ss2_os in Skim_TriLep_DYJets.root
2025-11-19 16:08:27,853 - INFO - [2016postVFP] MISSING_CENTRAL: ZFake3Mu/Central/dR_pair_ss2_os in Skim_TriLep_DYJets10to50.root
2025-11-19 16:18:22,923 - INFO - [2016postVFP] MISSING_CENTRAL: ZFake3Mu/Central/dR_pair_ss2_os in Skim_TriLep_DYJets.root
2025-11-19 16:18:22,926 - INFO - [2016postVFP] MISSING_CENTRAL: ZFake3Mu/Central/dR_pair_ss2_os in Skim_TriLep_DYJets10to50.root
2025-12-17 22:32:01,571 - INFO - [2016postVFP] MISSING_CENTRAL: ZFake3Mu/Central/dR_pair_ss2_os in Skim_TriLep_DYJets.root
2025-12-17 22:32:01,573 - INFO - [2016postVFP] MISSING_CENTRAL: ZFake3Mu/Central/dR_pair_ss2_os in Skim_TriLep_DYJets10to50.root
2025-12-17 22:32:01,575 - INFO - [2016postVFP] MISSING_CENTRAL: ZFake3Mu/Central/dR_pair_ss2_os in Skim_TriLep_TTG.root
2025-12-18 14:11:03,417 - INFO - [2016postVFP] MISSING_CENTRAL: ZFake3Mu/Central/dR_pair_ss2_os in Skim_TriLep_DYJets.root
2025-12-18 14:11:03,418 - INFO - [2016postVFP] MISSING_CENTRAL: ZFake3Mu/Central/dR_pair_ss2_os in Skim_TriLep_DYJets10to50.root
2025-12-18 14:11:03,419 - INFO - [2016postVFP] MISSING_CENTRAL: ZFake3Mu/Central/dR_pair_ss2_os in Skim_TriLep_TTG.root
2025-12-18 14:15:07,588 - INFO - [2016postVFP] MISSING_CENTRAL: ZFake3Mu/Central/dR_pair_ss2_os in Skim_TriLep_DYJets.root
2025-12-18 14:15:07,590 - INFO - [2016postVFP] MISSING_CENTRAL: ZFake3Mu/Central/dR_pair_ss2_os in Skim_TriLep_DYJets10to50.root
2025-12-18 14:15:07,608 - INFO - [2016postVFP] MISSING_CENTRAL: ZFake3Mu/Central/dR_pair_ss2_os in Skim_TriLep_TTG.root
2025-12-18 14:30:38,632 - INFO - [2016postVFP] MISSING_CENTRAL: ZFake3Mu/Central/dR_pair_ss2_os in Skim_TriLep_DYJets.root
2025-12-18 14:30:38,634 - INFO - [2016postVFP] MISSING_CENTRAL: ZFake3Mu/Central/dR_pair_ss2_os in Skim_TriLep_DYJets10to50.root
2025-12-18 14:30:38,644 - INFO - [2016postVFP] MISSING_CENTRAL: ZFake3Mu/Central/dR_pair_ss2_os in Skim_TriLep_TTG.root
2026-01-07 11:40:55,700 - INFO - [2016postVFP] MISSING_CENTRAL: ZFake3Mu/Central/dR_pair_ss2_os in Skim_TriLep_DYJets.root
2026-01-07 11:40:55,702 - INFO - [2016postVFP] MISSING_CENTRAL: ZFake3Mu/Central/dR_pair_ss2_os in Skim_TriLep_DYJets10to50.root
2026-01-07 11:40:55,704 - INFO - [2016postVFP] MISSING_CENTRAL: ZFake3Mu/Central/dR_pair_ss2_os in Skim_TriLep_TTG.root
2026-01-07 18:38:07,780 - INFO - [2016postVFP] MISSING_CENTRAL: ZFake3Mu/Central/dR_pair_ss2_os in Skim_TriLep_DYJets.root
2026-01-07 18:38:07,781 - INFO - [2016postVFP] MISSING_CENTRAL: ZFake3Mu/Central/dR_pair_ss2_os in Skim_TriLep_DYJets10to50.root
2026-01-07 18:38:07,782 - INFO - [2016postVFP] MISSING_CENTRAL: ZFake3Mu/Central/dR_pair_ss2_os in Skim_TriLep_TTG.root
2026-01-09 12:11:26,423 - INFO - [2016postVFP] MISSING_CENTRAL: ZFake3Mu/Central/dR_pair_ss2_os in Skim_TriLep_DYJets.root
2026-01-09 12:11:26,425 - INFO - [2016postVFP] MISSING_CENTRAL: ZFake3Mu/Central/dR_pair_ss2_os in Skim_TriLep_DYJets10to50.root
2026-01-09 12:11:26,425 - INFO - [2016postVFP] MISSING_CENTRAL: ZFake3Mu/Central/dR_pair_ss2_os in Skim_TriLep_TTG.root
2026-01-11 09:31:30,760 - INFO - [2016postVFP] MISSING_CENTRAL: ZFake3Mu/Central/dR_pair_ss2_os in Skim_TriLep_DYJets.root
2026-01-11 09:31:30,761 - INFO - [2016postVFP] MISSING_CENTRAL: ZFake3Mu/Central/dR_pair_ss2_os in Skim_TriLep_DYJets10to50.root
2026-01-11 09:31:30,762 - INFO - [2016postVFP] MISSING_CENTRAL: ZFake3Mu/Central/dR_pair_ss2_os in Skim_TriLep_TTG.root
2026-01-12 13:40:04,005 - INFO - [2016postVFP] MISSING_FILE: /home/choij/Sync/workspace/ChargedHiggsAnalysisV3/SKNanoOutput/MatrixSelector/Run3Mu/2016postVFP/Skim_TriLep_DoubleMuon_F.root
2026-01-12 13:40:04,006 - INFO - [2016postVFP] MISSING_FILE: /home/choij/Sync/workspace/ChargedHiggsAnalysisV3/SKNanoOutput/MatrixSelector/Run3Mu/2016postVFP/Skim_TriLep_DoubleMuon_G.root
2026-01-12 13:40:04,006 - INFO - [2016postVFP] MISSING_FILE: /home/choij/Sync/workspace/ChargedHiggsAnalysisV3/SKNanoOutput/MatrixSelector/Run3Mu/2016postVFP/Skim_TriLep_DoubleMuon_H.root
2026-01-12 13:40:04,007 - INFO - [2016postVFP] MISSING_CENTRAL: ZFake3Mu/Central/dR_pair_ss2_os in Skim_TriLep_DYJets.root
2026-01-12 13:40:04,008 - INFO - [2016postVFP] MISSING_CENTRAL: ZFake3Mu/Central/dR_pair_ss2_os in Skim_TriLep_DYJets10to50.root
2026-01-12 13:40:04,008 - INFO - [2016postVFP] MISSING_CENTRAL: ZFake3Mu/Central/dR_pair_ss2_os in Skim_TriLep_TTG.root
