2025-11-05 22:17:04,761 - INFO - [2016postVFP] MISSING_CENTRAL: ZFake3Mu/Central/dR_pair_ss1_os in Skim_TriLep_DYJets.root
2025-11-05 22:17:04,762 - INFO - [2016postVFP] MISSING_CENTRAL: ZFake3Mu/Central/dR_pair_ss1_os in Skim_TriLep_DYJets10to50.root
2025-11-05 23:21:38,168 - INFO - [2016postVFP] MISSING_CENTRAL: ZFake3Mu/Central/dR_pair_ss1_os in Skim_TriLep_DYJets.root
2025-11-05 23:21:38,169 - INFO - [2016postVFP] MISSING_CENTRAL: ZFake3Mu/Central/dR_pair_ss1_os in Skim_TriLep_DYJets10to50.root
2025-11-07 12:24:52,626 - INFO - [2016postVFP] MISSING_CENTRAL: ZFake3Mu/Central/dR_pair_ss1_os in Skim_TriLep_DYJets.root
2025-11-07 12:24:52,627 - INFO - [2016postVFP] MISSING_CENTRAL: ZFake3Mu/Central/dR_pair_ss1_os in Skim_TriLep_DYJets10to50.root
2025-11-07 13:05:08,347 - INFO - [2016postVFP] MISSING_CENTRAL: ZFake3Mu/Central/dR_pair_ss1_os in Skim_TriLep_DYJets.root
2025-11-07 13:05:08,347 - INFO - [2016postVFP] MISSING_CENTRAL: ZFake3Mu/Central/dR_pair_ss1_os in Skim_TriLep_DYJets10to50.root
2025-11-07 13:25:48,897 - INFO - [2016postVFP] MISSING_CENTRAL: ZFake3Mu/Central/dR_pair_ss1_os in Skim_TriLep_DYJets.root
2025-11-07 13:25:48,898 - INFO - [2016postVFP] MISSING_CENTRAL: ZFake3Mu/Central/dR_pair_ss1_os in Skim_TriLep_DYJets10to50.root
2025-11-07 13:28:16,770 - INFO - [2016postVFP] MISSING_CENTRAL: ZFake3Mu/Central/dR_pair_ss1_os in Skim_TriLep_DYJets.root
2025-11-07 13:28:16,778 - INFO - [2016postVFP] MISSING_CENTRAL: ZFake3Mu/Central/dR_pair_ss1_os in Skim_TriLep_DYJets10to50.root
2025-11-07 13:44:40,002 - INFO - [2016postVFP] MISSING_CENTRAL: ZFake3Mu/Central/dR_pair_ss1_os in Skim_TriLep_DYJets.root
2025-11-07 13:44:40,003 - INFO - [2016postVFP] MISSING_CENTRAL: ZFake3Mu/Central/dR_pair_ss1_os in Skim_TriLep_DYJets10to50.root
2025-11-07 14:01:02,013 - INFO - [2016postVFP] MISSING_CENTRAL: ZFake3Mu/Central/dR_pair_ss1_os in Skim_TriLep_DYJets.root
2025-11-07 14:01:02,014 - INFO - [2016postVFP] MISSING_CENTRAL: ZFake3Mu/Central/dR_pair_ss1_os in Skim_TriLep_DYJets10to50.root
2025-11-10 05:51:06,015 - INFO - [2016postVFP] MISSING_CENTRAL: ZFake3Mu/Central/dR_pair_ss1_os in Skim_TriLep_DYJets.root
2025-11-10 05:51:06,023 - INFO - [2016postVFP] MISSING_CENTRAL: ZFake3Mu/Central/dR_pair_ss1_os in Skim_TriLep_DYJets10to50.root
2025-11-10 12:16:03,331 - INFO - [2016postVFP] MISSING_CENTRAL: ZFake3Mu/Central/dR_pair_ss1_os in Skim_TriLep_DYJets.root
2025-11-10 12:16:03,332 - INFO - [2016postVFP] MISSING_CENTRAL: ZFake3Mu/Central/dR_pair_ss1_os in Skim_TriLep_DYJets10to50.root
2025-11-13 11:04:46,932 - INFO - [2016postVFP] MISSING_CENTRAL: ZFake3Mu/Central/dR_pair_ss1_os in Skim_TriLep_DYJets.root
2025-11-13 11:04:46,933 - INFO - [2016postVFP] MISSING_CENTRAL: ZFake3Mu/Central/dR_pair_ss1_os in Skim_TriLep_DYJets10to50.root
2025-11-19 16:08:27,690 - INFO - [2016postVFP] MISSING_CENTRAL: ZFake3Mu/Central/dR_pair_ss1_os in Skim_TriLep_DYJets.root
2025-11-19 16:08:27,691 - INFO - [2016postVFP] MISSING_CENTRAL: ZFake3Mu/Central/dR_pair_ss1_os in Skim_TriLep_DYJets10to50.root
2025-11-19 16:18:23,021 - INFO - [2016postVFP] MISSING_CENTRAL: ZFake3Mu/Central/dR_pair_ss1_os in Skim_TriLep_DYJets.root
2025-11-19 16:18:23,022 - INFO - [2016postVFP] MISSING_CENTRAL: ZFake3Mu/Central/dR_pair_ss1_os in Skim_TriLep_DYJets10to50.root
2025-12-17 22:32:01,842 - INFO - [2016postVFP] MISSING_CENTRAL: ZFake3Mu/Central/dR_pair_ss1_os in Skim_TriLep_DYJets.root
2025-12-17 22:32:01,849 - INFO - [2016postVFP] MISSING_CENTRAL: ZFake3Mu/Central/dR_pair_ss1_os in Skim_TriLep_DYJets10to50.root
2025-12-17 22:32:01,851 - INFO - [2016postVFP] MISSING_CENTRAL: ZFake3Mu/Central/dR_pair_ss1_os in Skim_TriLep_TTG.root
2025-12-18 14:11:03,436 - INFO - [2016postVFP] MISSING_CENTRAL: ZFake3Mu/Central/dR_pair_ss1_os in Skim_TriLep_DYJets.root
2025-12-18 14:11:03,438 - INFO - [2016postVFP] MISSING_CENTRAL: ZFake3Mu/Central/dR_pair_ss1_os in Skim_TriLep_DYJets10to50.root
2025-12-18 14:11:03,439 - INFO - [2016postVFP] MISSING_CENTRAL: ZFake3Mu/Central/dR_pair_ss1_os in Skim_TriLep_TTG.root
2025-12-18 14:15:07,799 - INFO - [2016postVFP] MISSING_CENTRAL: ZFake3Mu/Central/dR_pair_ss1_os in Skim_TriLep_DYJets.root
2025-12-18 14:15:07,801 - INFO - [2016postVFP] MISSING_CENTRAL: ZFake3Mu/Central/dR_pair_ss1_os in Skim_TriLep_DYJets10to50.root
2025-12-18 14:15:07,871 - INFO - [2016postVFP] MISSING_CENTRAL: ZFake3Mu/Central/dR_pair_ss1_os in Skim_TriLep_TTG.root
2025-12-18 14:30:38,506 - INFO - [2016postVFP] MISSING_CENTRAL: ZFake3Mu/Central/dR_pair_ss1_os in Skim_TriLep_DYJets.root
2025-12-18 14:30:38,517 - INFO - [2016postVFP] MISSING_CENTRAL: ZFake3Mu/Central/dR_pair_ss1_os in Skim_TriLep_DYJets10to50.root
2025-12-18 14:30:38,518 - INFO - [2016postVFP] MISSING_CENTRAL: ZFake3Mu/Central/dR_pair_ss1_os in Skim_TriLep_TTG.root
2026-01-07 11:40:55,658 - INFO - [2016postVFP] MISSING_CENTRAL: ZFake3Mu/Central/dR_pair_ss1_os in Skim_TriLep_DYJets.root
2026-01-07 11:40:55,660 - INFO - [2016postVFP] MISSING_CENTRAL: ZFake3Mu/Central/dR_pair_ss1_os in Skim_TriLep_DYJets10to50.root
2026-01-07 11:40:55,668 - INFO - [2016postVFP] MISSING_CENTRAL: ZFake3Mu/Central/dR_pair_ss1_os in Skim_TriLep_TTG.root
2026-01-07 18:38:07,649 - INFO - [2016postVFP] MISSING_CENTRAL: ZFake3Mu/Central/dR_pair_ss1_os in Skim_TriLep_DYJets.root
2026-01-07 18:38:07,650 - INFO - [2016postVFP] MISSING_CENTRAL: ZFake3Mu/Central/dR_pair_ss1_os in Skim_TriLep_DYJets10to50.root
2026-01-07 18:38:07,651 - INFO - [2016postVFP] MISSING_CENTRAL: ZFake3Mu/Central/dR_pair_ss1_os in Skim_TriLep_TTG.root
2026-01-09 12:11:26,443 - INFO - [2016postVFP] MISSING_CENTRAL: ZFake3Mu/Central/dR_pair_ss1_os in Skim_TriLep_DYJets.root
2026-01-09 12:11:26,444 - INFO - [2016postVFP] MISSING_CENTRAL: ZFake3Mu/Central/dR_pair_ss1_os in Skim_TriLep_DYJets10to50.root
2026-01-09 12:11:26,445 - INFO - [2016postVFP] MISSING_CENTRAL: ZFake3Mu/Central/dR_pair_ss1_os in Skim_TriLep_TTG.root
2026-01-11 09:31:30,770 - INFO - [2016postVFP] MISSING_CENTRAL: ZFake3Mu/Central/dR_pair_ss1_os in Skim_TriLep_DYJets.root
2026-01-11 09:31:30,771 - INFO - [2016postVFP] MISSING_CENTRAL: ZFake3Mu/Central/dR_pair_ss1_os in Skim_TriLep_DYJets10to50.root
2026-01-11 09:31:30,772 - INFO - [2016postVFP] MISSING_CENTRAL: ZFake3Mu/Central/dR_pair_ss1_os in Skim_TriLep_TTG.root
2026-01-12 13:40:03,757 - INFO - [2016postVFP] MISSING_FILE: /home/choij/Sync/workspace/ChargedHiggsAnalysisV3/SKNanoOutput/MatrixSelector/Run3Mu/2016postVFP/Skim_TriLep_DoubleMuon_F.root
2026-01-12 13:40:03,758 - INFO - [2016postVFP] MISSING_FILE: /home/choij/Sync/workspace/ChargedHiggsAnalysisV3/SKNanoOutput/MatrixSelector/Run3Mu/2016postVFP/Skim_TriLep_DoubleMuon_G.root
2026-01-12 13:40:03,758 - INFO - [2016postVFP] MISSING_FILE: /home/choij/Sync/workspace/ChargedHiggsAnalysisV3/SKNanoOutput/MatrixSelector/Run3Mu/2016postVFP/Skim_TriLep_DoubleMuon_H.root
2026-01-12 13:40:03,758 - INFO - [2016postVFP] MISSING_CENTRAL: ZFake3Mu/Central/dR_pair_ss1_os in Skim_TriLep_DYJets.root
2026-01-12 13:40:03,759 - INFO - [2016postVFP] MISSING_CENTRAL: ZFake3Mu/Central/dR_pair_ss1_os in Skim_TriLep_DYJets10to50.root
2026-01-12 13:40:03,759 - INFO - [2016postVFP] MISSING_CENTRAL: ZFake3Mu/Central/dR_pair_ss1_os in Skim_TriLep_TTG.root
2026-01-16 18:55:27,187 - INFO - [2016postVFP] MISSING_CENTRAL: ZFake3Mu/Central/dR_pair_ss1_os in Skim_TriLep_DYJets.root
2026-01-16 18:55:27,188 - INFO - [2016postVFP] MISSING_CENTRAL: ZFake3Mu/Central/dR_pair_ss1_os in Skim_TriLep_DYJets10to50.root
2026-01-16 18:55:27,188 - INFO - [2016postVFP] MISSING_CENTRAL: ZFake3Mu/Central/dR_pair_ss1_os in Skim_TriLep_TTG.root
