2025-09-24 15:42:59,268 - INFO - [2016postVFP] MISSING_CENTRAL: ZFake3Mu/Central/jets/3/pt in Skim_TriLep_DYJets.root
2025-09-24 15:42:59,268 - INFO - [2016postVFP] MISSING_CENTRAL: ZFake3Mu/Central/jets/3/pt in Skim_TriLep_DYJets10to50.root
2025-09-24 15:42:59,279 - INFO - [2016postVFP] MISSING_CENTRAL: ZFake3Mu/Central/jets/3/pt in Skim_TriLep_TTG.root
2025-09-24 15:42:59,279 - INFO - [2016postVFP] MISSING_CENTRAL: ZFake3Mu/Central/jets/3/pt in Skim_TriLep_WWG.root
2025-10-02 21:10:08,058 - INFO - [2016postVFP] MISSING_CENTRAL: ZFake3Mu/Central/jets/3/pt in Skim_TriLep_DYJets.root
2025-10-02 21:10:08,059 - INFO - [2016postVFP] MISSING_CENTRAL: ZFake3Mu/Central/jets/3/pt in Skim_TriLep_DYJets10to50.root
2025-10-02 21:10:08,121 - INFO - [2016postVFP] MISSING_CENTRAL: ZFake3Mu/Central/jets/3/pt in Skim_TriLep_TTG.root
2025-10-02 21:10:08,123 - INFO - [2016postVFP] MISSING_CENTRAL: ZFake3Mu/Central/jets/3/pt in Skim_TriLep_WWG.root
2025-10-02 23:56:15,780 - INFO - [2016postVFP] MISSING_CENTRAL: ZFake3Mu/Central/jets/3/pt in Skim_TriLep_DYJets.root
2025-10-02 23:56:15,781 - INFO - [2016postVFP] MISSING_CENTRAL: ZFake3Mu/Central/jets/3/pt in Skim_TriLep_DYJets10to50.root
2025-10-02 23:56:15,792 - INFO - [2016postVFP] MISSING_CENTRAL: ZFake3Mu/Central/jets/3/pt in Skim_TriLep_TTG.root
2025-10-02 23:56:15,792 - INFO - [2016postVFP] MISSING_CENTRAL: ZFake3Mu/Central/jets/3/pt in Skim_TriLep_WWG.root
2025-11-05 22:01:12,344 - INFO - [2016postVFP] MISSING_CENTRAL: ZFake3Mu/Central/jets/3/pt in Skim_TriLep_DYJets.root
2025-11-05 22:01:12,344 - INFO - [2016postVFP] MISSING_CENTRAL: ZFake3Mu/Central/jets/3/pt in Skim_TriLep_DYJets10to50.root
2025-11-05 22:01:12,362 - INFO - [2016postVFP] MISSING_CENTRAL: ZFake3Mu/Central/jets/3/pt in Skim_TriLep_TTG.root
2025-11-05 22:01:12,363 - INFO - [2016postVFP] MISSING_CENTRAL: ZFake3Mu/Central/jets/3/pt in Skim_TriLep_WWG.root
2025-11-05 22:17:00,007 - INFO - [2016postVFP] MISSING_CENTRAL: ZFake3Mu/Central/jets/3/pt in Skim_TriLep_DYJets.root
2025-11-05 22:17:00,008 - INFO - [2016postVFP] MISSING_CENTRAL: ZFake3Mu/Central/jets/3/pt in Skim_TriLep_DYJets10to50.root
2025-11-05 22:17:00,024 - INFO - [2016postVFP] MISSING_CENTRAL: ZFake3Mu/Central/jets/3/pt in Skim_TriLep_TTG.root
2025-11-05 22:17:00,025 - INFO - [2016postVFP] MISSING_CENTRAL: ZFake3Mu/Central/jets/3/pt in Skim_TriLep_WWG.root
2025-11-05 23:21:31,902 - INFO - [2016postVFP] MISSING_CENTRAL: ZFake3Mu/Central/jets/3/pt in Skim_TriLep_DYJets.root
2025-11-05 23:21:31,902 - INFO - [2016postVFP] MISSING_CENTRAL: ZFake3Mu/Central/jets/3/pt in Skim_TriLep_DYJets10to50.root
2025-11-05 23:21:31,919 - INFO - [2016postVFP] MISSING_CENTRAL: ZFake3Mu/Central/jets/3/pt in Skim_TriLep_TTG.root
2025-11-05 23:21:31,919 - INFO - [2016postVFP] MISSING_CENTRAL: ZFake3Mu/Central/jets/3/pt in Skim_TriLep_WWG.root
2025-11-07 12:24:46,443 - INFO - [2016postVFP] MISSING_CENTRAL: ZFake3Mu/Central/jets/3/pt in Skim_TriLep_DYJets.root
2025-11-07 12:24:46,443 - INFO - [2016postVFP] MISSING_CENTRAL: ZFake3Mu/Central/jets/3/pt in Skim_TriLep_DYJets10to50.root
2025-11-07 12:24:46,460 - INFO - [2016postVFP] MISSING_CENTRAL: ZFake3Mu/Central/jets/3/pt in Skim_TriLep_TTG.root
2025-11-07 12:24:46,460 - INFO - [2016postVFP] MISSING_CENTRAL: ZFake3Mu/Central/jets/3/pt in Skim_TriLep_WWG.root
2025-11-07 13:05:02,266 - INFO - [2016postVFP] MISSING_CENTRAL: ZFake3Mu/Central/jets/3/pt in Skim_TriLep_DYJets.root
2025-11-07 13:05:02,267 - INFO - [2016postVFP] MISSING_CENTRAL: ZFake3Mu/Central/jets/3/pt in Skim_TriLep_DYJets10to50.root
2025-11-07 13:05:02,284 - INFO - [2016postVFP] MISSING_CENTRAL: ZFake3Mu/Central/jets/3/pt in Skim_TriLep_TTG.root
2025-11-07 13:05:02,284 - INFO - [2016postVFP] MISSING_CENTRAL: ZFake3Mu/Central/jets/3/pt in Skim_TriLep_WWG.root
2025-11-07 13:25:42,825 - INFO - [2016postVFP] MISSING_CENTRAL: ZFake3Mu/Central/jets/3/pt in Skim_TriLep_DYJets.root
2025-11-07 13:25:42,826 - INFO - [2016postVFP] MISSING_CENTRAL: ZFake3Mu/Central/jets/3/pt in Skim_TriLep_DYJets10to50.root
2025-11-07 13:25:42,842 - INFO - [2016postVFP] MISSING_CENTRAL: ZFake3Mu/Central/jets/3/pt in Skim_TriLep_TTG.root
2025-11-07 13:25:42,843 - INFO - [2016postVFP] MISSING_CENTRAL: ZFake3Mu/Central/jets/3/pt in Skim_TriLep_WWG.root
2025-11-07 13:28:10,704 - INFO - [2016postVFP] MISSING_CENTRAL: ZFake3Mu/Central/jets/3/pt in Skim_TriLep_DYJets.root
2025-11-07 13:28:10,705 - INFO - [2016postVFP] MISSING_CENTRAL: ZFake3Mu/Central/jets/3/pt in Skim_TriLep_DYJets10to50.root
2025-11-07 13:28:10,720 - INFO - [2016postVFP] MISSING_CENTRAL: ZFake3Mu/Central/jets/3/pt in Skim_TriLep_TTG.root
2025-11-07 13:28:10,721 - INFO - [2016postVFP] MISSING_CENTRAL: ZFake3Mu/Central/jets/3/pt in Skim_TriLep_WWG.root
2025-11-07 13:44:34,550 - INFO - [2016postVFP] MISSING_CENTRAL: ZFake3Mu/Central/jets/3/pt in Skim_TriLep_DYJets.root
2025-11-07 13:44:34,551 - INFO - [2016postVFP] MISSING_CENTRAL: ZFake3Mu/Central/jets/3/pt in Skim_TriLep_DYJets10to50.root
2025-11-07 13:44:34,566 - INFO - [2016postVFP] MISSING_CENTRAL: ZFake3Mu/Central/jets/3/pt in Skim_TriLep_TTG.root
2025-11-07 13:44:34,567 - INFO - [2016postVFP] MISSING_CENTRAL: ZFake3Mu/Central/jets/3/pt in Skim_TriLep_WWG.root
2025-11-07 14:00:56,249 - INFO - [2016postVFP] MISSING_CENTRAL: ZFake3Mu/Central/jets/3/pt in Skim_TriLep_DYJets.root
2025-11-07 14:00:56,250 - INFO - [2016postVFP] MISSING_CENTRAL: ZFake3Mu/Central/jets/3/pt in Skim_TriLep_DYJets10to50.root
2025-11-07 14:00:56,266 - INFO - [2016postVFP] MISSING_CENTRAL: ZFake3Mu/Central/jets/3/pt in Skim_TriLep_TTG.root
2025-11-07 14:00:56,267 - INFO - [2016postVFP] MISSING_CENTRAL: ZFake3Mu/Central/jets/3/pt in Skim_TriLep_WWG.root
2025-11-10 05:50:59,140 - INFO - [2016postVFP] MISSING_CENTRAL: ZFake3Mu/Central/jets/3/pt in Skim_TriLep_DYJets.root
2025-11-10 05:50:59,144 - INFO - [2016postVFP] MISSING_CENTRAL: ZFake3Mu/Central/jets/3/pt in Skim_TriLep_DYJets10to50.root
2025-11-10 05:50:59,173 - INFO - [2016postVFP] MISSING_CENTRAL: ZFake3Mu/Central/jets/3/pt in Skim_TriLep_TTG.root
2025-11-10 05:50:59,177 - INFO - [2016postVFP] MISSING_CENTRAL: ZFake3Mu/Central/jets/3/pt in Skim_TriLep_WWG.root
2025-11-10 12:15:57,138 - INFO - [2016postVFP] MISSING_CENTRAL: ZFake3Mu/Central/jets/3/pt in Skim_TriLep_DYJets.root
2025-11-10 12:15:57,139 - INFO - [2016postVFP] MISSING_CENTRAL: ZFake3Mu/Central/jets/3/pt in Skim_TriLep_DYJets10to50.root
2025-11-10 12:15:57,152 - INFO - [2016postVFP] MISSING_CENTRAL: ZFake3Mu/Central/jets/3/pt in Skim_TriLep_TTG.root
2025-11-10 12:15:57,153 - INFO - [2016postVFP] MISSING_CENTRAL: ZFake3Mu/Central/jets/3/pt in Skim_TriLep_WWG.root
2025-11-13 11:04:36,162 - INFO - [2016postVFP] MISSING_CENTRAL: ZFake3Mu/Central/jets/3/pt in Skim_TriLep_DYJets.root
2025-11-13 11:04:36,163 - INFO - [2016postVFP] MISSING_CENTRAL: ZFake3Mu/Central/jets/3/pt in Skim_TriLep_DYJets10to50.root
2025-11-13 11:04:36,198 - INFO - [2016postVFP] MISSING_CENTRAL: ZFake3Mu/Central/jets/3/pt in Skim_TriLep_TTG.root
2025-11-13 11:04:36,288 - INFO - [2016postVFP] MISSING_CENTRAL: ZFake3Mu/Central/jets/3/pt in Skim_TriLep_WWG.root
2025-11-19 16:08:21,417 - INFO - [2016postVFP] MISSING_CENTRAL: ZFake3Mu/Central/jets/3/pt in Skim_TriLep_DYJets.root
2025-11-19 16:08:21,418 - INFO - [2016postVFP] MISSING_CENTRAL: ZFake3Mu/Central/jets/3/pt in Skim_TriLep_DYJets10to50.root
2025-11-19 16:08:21,431 - INFO - [2016postVFP] MISSING_CENTRAL: ZFake3Mu/Central/jets/3/pt in Skim_TriLep_TTG.root
2025-11-19 16:08:21,432 - INFO - [2016postVFP] MISSING_CENTRAL: ZFake3Mu/Central/jets/3/pt in Skim_TriLep_WWG.root
2025-11-19 16:18:16,721 - INFO - [2016postVFP] MISSING_CENTRAL: ZFake3Mu/Central/jets/3/pt in Skim_TriLep_DYJets.root
2025-11-19 16:18:16,722 - INFO - [2016postVFP] MISSING_CENTRAL: ZFake3Mu/Central/jets/3/pt in Skim_TriLep_DYJets10to50.root
2025-11-19 16:18:16,735 - INFO - [2016postVFP] MISSING_CENTRAL: ZFake3Mu/Central/jets/3/pt in Skim_TriLep_TTG.root
2025-11-19 16:18:16,736 - INFO - [2016postVFP] MISSING_CENTRAL: ZFake3Mu/Central/jets/3/pt in Skim_TriLep_WWG.root
2025-12-17 22:31:50,904 - INFO - [2016postVFP] MISSING_CENTRAL: ZFake3Mu/Central/jets/3/pt in Skim_TriLep_DYJets.root
2025-12-17 22:31:50,905 - INFO - [2016postVFP] MISSING_CENTRAL: ZFake3Mu/Central/jets/3/pt in Skim_TriLep_DYJets10to50.root
2025-12-17 22:31:50,906 - INFO - [2016postVFP] MISSING_CENTRAL: ZFake3Mu/Central/jets/3/pt in Skim_TriLep_TTG.root
2025-12-17 22:31:50,907 - INFO - [2016postVFP] MISSING_CENTRAL: ZFake3Mu/Central/jets/3/pt in Skim_TriLep_WWG.root
2025-12-18 14:10:57,483 - INFO - [2016postVFP] MISSING_CENTRAL: ZFake3Mu/Central/jets/3/pt in Skim_TriLep_DYJets.root
2025-12-18 14:10:57,484 - INFO - [2016postVFP] MISSING_CENTRAL: ZFake3Mu/Central/jets/3/pt in Skim_TriLep_DYJets10to50.root
2025-12-18 14:10:57,485 - INFO - [2016postVFP] MISSING_CENTRAL: ZFake3Mu/Central/jets/3/pt in Skim_TriLep_TTG.root
2025-12-18 14:10:57,486 - INFO - [2016postVFP] MISSING_CENTRAL: ZFake3Mu/Central/jets/3/pt in Skim_TriLep_WWG.root
2025-12-18 14:15:01,963 - INFO - [2016postVFP] MISSING_CENTRAL: ZFake3Mu/Central/jets/3/pt in Skim_TriLep_DYJets.root
2025-12-18 14:15:01,964 - INFO - [2016postVFP] MISSING_CENTRAL: ZFake3Mu/Central/jets/3/pt in Skim_TriLep_DYJets10to50.root
2025-12-18 14:15:01,971 - INFO - [2016postVFP] MISSING_CENTRAL: ZFake3Mu/Central/jets/3/pt in Skim_TriLep_TTG.root
2025-12-18 14:15:01,977 - INFO - [2016postVFP] MISSING_CENTRAL: ZFake3Mu/Central/jets/3/pt in Skim_TriLep_WWG.root
2025-12-18 14:30:32,342 - INFO - [2016postVFP] MISSING_CENTRAL: ZFake3Mu/Central/jets/3/pt in Skim_TriLep_DYJets.root
2025-12-18 14:30:32,349 - INFO - [2016postVFP] MISSING_CENTRAL: ZFake3Mu/Central/jets/3/pt in Skim_TriLep_DYJets10to50.root
2025-12-18 14:30:32,353 - INFO - [2016postVFP] MISSING_CENTRAL: ZFake3Mu/Central/jets/3/pt in Skim_TriLep_TTG.root
2025-12-18 14:30:32,358 - INFO - [2016postVFP] MISSING_CENTRAL: ZFake3Mu/Central/jets/3/pt in Skim_TriLep_WWG.root
2026-01-07 11:40:46,498 - INFO - [2016postVFP] MISSING_CENTRAL: ZFake3Mu/Central/jets/3/pt in Skim_TriLep_DYJets.root
2026-01-07 11:40:46,498 - INFO - [2016postVFP] MISSING_CENTRAL: ZFake3Mu/Central/jets/3/pt in Skim_TriLep_DYJets10to50.root
2026-01-07 11:40:46,499 - INFO - [2016postVFP] MISSING_CENTRAL: ZFake3Mu/Central/jets/3/pt in Skim_TriLep_TTG.root
2026-01-07 11:40:46,510 - INFO - [2016postVFP] MISSING_CENTRAL: ZFake3Mu/Central/jets/3/pt in Skim_TriLep_WWG.root
2026-01-07 18:38:02,257 - INFO - [2016postVFP] MISSING_CENTRAL: ZFake3Mu/Central/jets/3/pt in Skim_TriLep_DYJets.root
2026-01-07 18:38:02,258 - INFO - [2016postVFP] MISSING_CENTRAL: ZFake3Mu/Central/jets/3/pt in Skim_TriLep_DYJets10to50.root
2026-01-07 18:38:02,259 - INFO - [2016postVFP] MISSING_CENTRAL: ZFake3Mu/Central/jets/3/pt in Skim_TriLep_TTG.root
2026-01-07 18:38:02,260 - INFO - [2016postVFP] MISSING_CENTRAL: ZFake3Mu/Central/jets/3/pt in Skim_TriLep_WWG.root
2026-01-09 12:11:20,367 - INFO - [2016postVFP] MISSING_CENTRAL: ZFake3Mu/Central/jets/3/pt in Skim_TriLep_DYJets.root
2026-01-09 12:11:20,368 - INFO - [2016postVFP] MISSING_CENTRAL: ZFake3Mu/Central/jets/3/pt in Skim_TriLep_DYJets10to50.root
2026-01-09 12:11:20,368 - INFO - [2016postVFP] MISSING_CENTRAL: ZFake3Mu/Central/jets/3/pt in Skim_TriLep_TTG.root
2026-01-09 12:11:20,369 - INFO - [2016postVFP] MISSING_CENTRAL: ZFake3Mu/Central/jets/3/pt in Skim_TriLep_WWG.root
2026-01-11 09:31:24,382 - INFO - [2016postVFP] MISSING_CENTRAL: ZFake3Mu/Central/jets/3/pt in Skim_TriLep_DYJets.root
2026-01-11 09:31:24,382 - INFO - [2016postVFP] MISSING_CENTRAL: ZFake3Mu/Central/jets/3/pt in Skim_TriLep_DYJets10to50.root
2026-01-11 09:31:24,383 - INFO - [2016postVFP] MISSING_CENTRAL: ZFake3Mu/Central/jets/3/pt in Skim_TriLep_TTG.root
2026-01-11 09:31:24,384 - INFO - [2016postVFP] MISSING_CENTRAL: ZFake3Mu/Central/jets/3/pt in Skim_TriLep_WWG.root
2026-01-12 13:39:57,681 - INFO - [2016postVFP] MISSING_FILE: /home/choij/Sync/workspace/ChargedHiggsAnalysisV3/SKNanoOutput/MatrixSelector/Run3Mu/2016postVFP/Skim_TriLep_DoubleMuon_F.root
2026-01-12 13:39:57,681 - INFO - [2016postVFP] MISSING_FILE: /home/choij/Sync/workspace/ChargedHiggsAnalysisV3/SKNanoOutput/MatrixSelector/Run3Mu/2016postVFP/Skim_TriLep_DoubleMuon_G.root
2026-01-12 13:39:57,682 - INFO - [2016postVFP] MISSING_FILE: /home/choij/Sync/workspace/ChargedHiggsAnalysisV3/SKNanoOutput/MatrixSelector/Run3Mu/2016postVFP/Skim_TriLep_DoubleMuon_H.root
2026-01-12 13:39:57,682 - INFO - [2016postVFP] MISSING_CENTRAL: ZFake3Mu/Central/jets/3/pt in Skim_TriLep_DYJets.root
2026-01-12 13:39:57,683 - INFO - [2016postVFP] MISSING_CENTRAL: ZFake3Mu/Central/jets/3/pt in Skim_TriLep_DYJets10to50.root
2026-01-12 13:39:57,683 - INFO - [2016postVFP] MISSING_CENTRAL: ZFake3Mu/Central/jets/3/pt in Skim_TriLep_TTG.root
2026-01-12 13:39:57,683 - INFO - [2016postVFP] MISSING_CENTRAL: ZFake3Mu/Central/jets/3/pt in Skim_TriLep_WWG.root
