2025-09-24 15:42:52,266 - INFO - [2016postVFP] MISSING_CENTRAL: ZFake3Mu/Central/jets/size in Skim_TriLep_DYJets.root
2025-09-24 15:42:52,266 - INFO - [2016postVFP] MISSING_CENTRAL: ZFake3Mu/Central/jets/size in Skim_TriLep_DYJets10to50.root
2025-10-02 21:10:08,346 - INFO - [2016postVFP] MISSING_CENTRAL: ZFake3Mu/Central/jets/size in Skim_TriLep_DYJets.root
2025-10-02 21:10:08,347 - INFO - [2016postVFP] MISSING_CENTRAL: ZFake3Mu/Central/jets/size in Skim_TriLep_DYJets10to50.root
2025-10-02 23:56:08,715 - INFO - [2016postVFP] MISSING_CENTRAL: ZFake3Mu/Central/jets/size in Skim_TriLep_DYJets.root
2025-10-02 23:56:08,715 - INFO - [2016postVFP] MISSING_CENTRAL: ZFake3Mu/Central/jets/size in Skim_TriLep_DYJets10to50.root
2025-11-05 22:01:11,568 - INFO - [2016postVFP] MISSING_CENTRAL: ZFake3Mu/Central/jets/size in Skim_TriLep_DYJets.root
2025-11-05 22:01:11,571 - INFO - [2016postVFP] MISSING_CENTRAL: ZFake3Mu/Central/jets/size in Skim_TriLep_DYJets10to50.root
2025-11-05 22:16:57,694 - INFO - [2016postVFP] MISSING_CENTRAL: ZFake3Mu/Central/jets/size in Skim_TriLep_DYJets.root
2025-11-05 22:16:57,702 - INFO - [2016postVFP] MISSING_CENTRAL: ZFake3Mu/Central/jets/size in Skim_TriLep_DYJets10to50.root
2025-11-05 23:21:31,558 - INFO - [2016postVFP] MISSING_CENTRAL: ZFake3Mu/Central/jets/size in Skim_TriLep_DYJets.root
2025-11-05 23:21:31,559 - INFO - [2016postVFP] MISSING_CENTRAL: ZFake3Mu/Central/jets/size in Skim_TriLep_DYJets10to50.root
2025-11-07 12:24:46,061 - INFO - [2016postVFP] MISSING_CENTRAL: ZFake3Mu/Central/jets/size in Skim_TriLep_DYJets.root
2025-11-07 12:24:46,062 - INFO - [2016postVFP] MISSING_CENTRAL: ZFake3Mu/Central/jets/size in Skim_TriLep_DYJets10to50.root
2025-11-07 13:05:01,639 - INFO - [2016postVFP] MISSING_CENTRAL: ZFake3Mu/Central/jets/size in Skim_TriLep_DYJets.root
2025-11-07 13:05:01,639 - INFO - [2016postVFP] MISSING_CENTRAL: ZFake3Mu/Central/jets/size in Skim_TriLep_DYJets10to50.root
2025-11-07 13:25:42,571 - INFO - [2016postVFP] MISSING_CENTRAL: ZFake3Mu/Central/jets/size in Skim_TriLep_DYJets.root
2025-11-07 13:25:42,571 - INFO - [2016postVFP] MISSING_CENTRAL: ZFake3Mu/Central/jets/size in Skim_TriLep_DYJets10to50.root
2025-11-07 13:28:10,435 - INFO - [2016postVFP] MISSING_CENTRAL: ZFake3Mu/Central/jets/size in Skim_TriLep_DYJets.root
2025-11-07 13:28:10,435 - INFO - [2016postVFP] MISSING_CENTRAL: ZFake3Mu/Central/jets/size in Skim_TriLep_DYJets10to50.root
2025-11-07 13:44:33,641 - INFO - [2016postVFP] MISSING_CENTRAL: ZFake3Mu/Central/jets/size in Skim_TriLep_DYJets.root
2025-11-07 13:44:33,642 - INFO - [2016postVFP] MISSING_CENTRAL: ZFake3Mu/Central/jets/size in Skim_TriLep_DYJets10to50.root
2025-11-07 14:00:55,883 - INFO - [2016postVFP] MISSING_CENTRAL: ZFake3Mu/Central/jets/size in Skim_TriLep_DYJets.root
2025-11-07 14:00:55,887 - INFO - [2016postVFP] MISSING_CENTRAL: ZFake3Mu/Central/jets/size in Skim_TriLep_DYJets10to50.root
2025-11-10 05:50:59,367 - INFO - [2016postVFP] MISSING_CENTRAL: ZFake3Mu/Central/jets/size in Skim_TriLep_DYJets.root
2025-11-10 05:50:59,369 - INFO - [2016postVFP] MISSING_CENTRAL: ZFake3Mu/Central/jets/size in Skim_TriLep_DYJets10to50.root
2025-11-10 12:15:57,064 - INFO - [2016postVFP] MISSING_CENTRAL: ZFake3Mu/Central/jets/size in Skim_TriLep_DYJets.root
2025-11-10 12:15:57,065 - INFO - [2016postVFP] MISSING_CENTRAL: ZFake3Mu/Central/jets/size in Skim_TriLep_DYJets10to50.root
2025-11-13 11:04:36,352 - INFO - [2016postVFP] MISSING_CENTRAL: ZFake3Mu/Central/jets/size in Skim_TriLep_DYJets.root
2025-11-13 11:04:36,354 - INFO - [2016postVFP] MISSING_CENTRAL: ZFake3Mu/Central/jets/size in Skim_TriLep_DYJets10to50.root
2025-11-19 16:08:21,338 - INFO - [2016postVFP] MISSING_CENTRAL: ZFake3Mu/Central/jets/size in Skim_TriLep_DYJets.root
2025-11-19 16:08:21,339 - INFO - [2016postVFP] MISSING_CENTRAL: ZFake3Mu/Central/jets/size in Skim_TriLep_DYJets10to50.root
2025-11-19 16:18:16,383 - INFO - [2016postVFP] MISSING_CENTRAL: ZFake3Mu/Central/jets/size in Skim_TriLep_DYJets.root
2025-11-19 16:18:16,383 - INFO - [2016postVFP] MISSING_CENTRAL: ZFake3Mu/Central/jets/size in Skim_TriLep_DYJets10to50.root
2025-12-17 22:31:50,922 - INFO - [2016postVFP] MISSING_CENTRAL: ZFake3Mu/Central/jets/size in Skim_TriLep_DYJets.root
2025-12-17 22:31:50,923 - INFO - [2016postVFP] MISSING_CENTRAL: ZFake3Mu/Central/jets/size in Skim_TriLep_DYJets10to50.root
2025-12-17 22:31:50,924 - INFO - [2016postVFP] MISSING_CENTRAL: ZFake3Mu/Central/jets/size in Skim_TriLep_TTG.root
2025-12-18 14:10:56,773 - INFO - [2016postVFP] MISSING_CENTRAL: ZFake3Mu/Central/jets/size in Skim_TriLep_DYJets.root
2025-12-18 14:10:56,775 - INFO - [2016postVFP] MISSING_CENTRAL: ZFake3Mu/Central/jets/size in Skim_TriLep_DYJets10to50.root
2025-12-18 14:10:56,790 - INFO - [2016postVFP] MISSING_CENTRAL: ZFake3Mu/Central/jets/size in Skim_TriLep_TTG.root
2025-12-18 14:15:01,315 - INFO - [2016postVFP] MISSING_CENTRAL: ZFake3Mu/Central/jets/size in Skim_TriLep_DYJets.root
2025-12-18 14:15:01,317 - INFO - [2016postVFP] MISSING_CENTRAL: ZFake3Mu/Central/jets/size in Skim_TriLep_DYJets10to50.root
2025-12-18 14:15:01,318 - INFO - [2016postVFP] MISSING_CENTRAL: ZFake3Mu/Central/jets/size in Skim_TriLep_TTG.root
2025-12-18 14:30:32,617 - INFO - [2016postVFP] MISSING_CENTRAL: ZFake3Mu/Central/jets/size in Skim_TriLep_DYJets.root
2025-12-18 14:30:32,619 - INFO - [2016postVFP] MISSING_CENTRAL: ZFake3Mu/Central/jets/size in Skim_TriLep_DYJets10to50.root
2025-12-18 14:30:32,622 - INFO - [2016postVFP] MISSING_CENTRAL: ZFake3Mu/Central/jets/size in Skim_TriLep_TTG.root
2026-01-07 11:40:46,623 - INFO - [2016postVFP] MISSING_CENTRAL: ZFake3Mu/Central/jets/size in Skim_TriLep_DYJets.root
2026-01-07 11:40:46,630 - INFO - [2016postVFP] MISSING_CENTRAL: ZFake3Mu/Central/jets/size in Skim_TriLep_DYJets10to50.root
2026-01-07 11:40:46,631 - INFO - [2016postVFP] MISSING_CENTRAL: ZFake3Mu/Central/jets/size in Skim_TriLep_TTG.root
2026-01-07 18:38:02,236 - INFO - [2016postVFP] MISSING_CENTRAL: ZFake3Mu/Central/jets/size in Skim_TriLep_DYJets.root
2026-01-07 18:38:02,237 - INFO - [2016postVFP] MISSING_CENTRAL: ZFake3Mu/Central/jets/size in Skim_TriLep_DYJets10to50.root
2026-01-07 18:38:02,238 - INFO - [2016postVFP] MISSING_CENTRAL: ZFake3Mu/Central/jets/size in Skim_TriLep_TTG.root
2026-01-09 12:11:19,982 - INFO - [2016postVFP] MISSING_CENTRAL: ZFake3Mu/Central/jets/size in Skim_TriLep_DYJets.root
2026-01-09 12:11:19,983 - INFO - [2016postVFP] MISSING_CENTRAL: ZFake3Mu/Central/jets/size in Skim_TriLep_DYJets10to50.root
2026-01-09 12:11:19,983 - INFO - [2016postVFP] MISSING_CENTRAL: ZFake3Mu/Central/jets/size in Skim_TriLep_TTG.root
2026-01-11 09:31:24,605 - INFO - [2016postVFP] MISSING_CENTRAL: ZFake3Mu/Central/jets/size in Skim_TriLep_DYJets.root
2026-01-11 09:31:24,605 - INFO - [2016postVFP] MISSING_CENTRAL: ZFake3Mu/Central/jets/size in Skim_TriLep_DYJets10to50.root
2026-01-11 09:31:24,606 - INFO - [2016postVFP] MISSING_CENTRAL: ZFake3Mu/Central/jets/size in Skim_TriLep_TTG.root
2026-01-12 13:39:57,243 - INFO - [2016postVFP] MISSING_FILE: /home/choij/Sync/workspace/ChargedHiggsAnalysisV3/SKNanoOutput/MatrixSelector/Run3Mu/2016postVFP/Skim_TriLep_DoubleMuon_F.root
2026-01-12 13:39:57,244 - INFO - [2016postVFP] MISSING_FILE: /home/choij/Sync/workspace/ChargedHiggsAnalysisV3/SKNanoOutput/MatrixSelector/Run3Mu/2016postVFP/Skim_TriLep_DoubleMuon_G.root
2026-01-12 13:39:57,244 - INFO - [2016postVFP] MISSING_FILE: /home/choij/Sync/workspace/ChargedHiggsAnalysisV3/SKNanoOutput/MatrixSelector/Run3Mu/2016postVFP/Skim_TriLep_DoubleMuon_H.root
2026-01-12 13:39:57,245 - INFO - [2016postVFP] MISSING_CENTRAL: ZFake3Mu/Central/jets/size in Skim_TriLep_DYJets.root
2026-01-12 13:39:57,246 - INFO - [2016postVFP] MISSING_CENTRAL: ZFake3Mu/Central/jets/size in Skim_TriLep_DYJets10to50.root
2026-01-12 13:39:57,246 - INFO - [2016postVFP] MISSING_CENTRAL: ZFake3Mu/Central/jets/size in Skim_TriLep_TTG.root
