2025-12-18 14:15:08,169 - INFO - [2016postVFP] MISSING_CENTRAL: ZFake3Mu/Central/MHc100_MA95/LR_nonprompt in Skim_TriLep_DYJets.root
2025-12-18 14:15:08,178 - INFO - [2016postVFP] MISSING_CENTRAL: ZFake3Mu/Central/MHc100_MA95/LR_nonprompt in Skim_TriLep_DYJets10to50.root
2025-12-18 14:15:08,179 - INFO - [2016postVFP] MISSING_CENTRAL: ZFake3Mu/Central/MHc100_MA95/LR_nonprompt in Skim_TriLep_TTG.root
2025-12-18 14:30:38,682 - INFO - [2016postVFP] MISSING_CENTRAL: ZFake3Mu/Central/MHc100_MA95/LR_nonprompt in Skim_TriLep_DYJets.root
2025-12-18 14:30:38,683 - INFO - [2016postVFP] MISSING_CENTRAL: ZFake3Mu/Central/MHc100_MA95/LR_nonprompt in Skim_TriLep_DYJets10to50.root
2025-12-18 14:30:38,689 - INFO - [2016postVFP] MISSING_CENTRAL: ZFake3Mu/Central/MHc100_MA95/LR_nonprompt in Skim_TriLep_TTG.root
2026-01-07 11:40:55,589 - INFO - [2016postVFP] MISSING_CENTRAL: ZFake3Mu/Central/MHc100_MA95/LR_nonprompt in Skim_TriLep_DYJets.root
2026-01-07 11:40:55,592 - INFO - [2016postVFP] MISSING_CENTRAL: ZFake3Mu/Central/MHc100_MA95/LR_nonprompt in Skim_TriLep_DYJets10to50.root
2026-01-07 11:40:55,595 - INFO - [2016postVFP] MISSING_CENTRAL: ZFake3Mu/Central/MHc100_MA95/LR_nonprompt in Skim_TriLep_TTG.root
2026-01-07 18:38:07,636 - INFO - [2016postVFP] MISSING_CENTRAL: ZFake3Mu/Central/MHc100_MA95/LR_nonprompt in Skim_TriLep_DYJets.root
2026-01-07 18:38:07,637 - INFO - [2016postVFP] MISSING_CENTRAL: ZFake3Mu/Central/MHc100_MA95/LR_nonprompt in Skim_TriLep_DYJets10to50.root
2026-01-07 18:38:07,638 - INFO - [2016postVFP] MISSING_CENTRAL: ZFake3Mu/Central/MHc100_MA95/LR_nonprompt in Skim_TriLep_TTG.root
2026-01-09 12:11:26,814 - INFO - [2016postVFP] MISSING_CENTRAL: ZFake3Mu/Central/MHc100_MA95/LR_nonprompt in Skim_TriLep_DYJets.root
2026-01-09 12:11:26,815 - INFO - [2016postVFP] MISSING_CENTRAL: ZFake3Mu/Central/MHc100_MA95/LR_nonprompt in Skim_TriLep_DYJets10to50.root
2026-01-09 12:11:26,815 - INFO - [2016postVFP] MISSING_CENTRAL: ZFake3Mu/Central/MHc100_MA95/LR_nonprompt in Skim_TriLep_TTG.root
2026-01-11 09:31:31,121 - INFO - [2016postVFP] MISSING_CENTRAL: ZFake3Mu/Central/MHc100_MA95/LR_nonprompt in Skim_TriLep_DYJets.root
2026-01-11 09:31:31,121 - INFO - [2016postVFP] MISSING_CENTRAL: ZFake3Mu/Central/MHc100_MA95/LR_nonprompt in Skim_TriLep_DYJets10to50.root
2026-01-11 09:31:31,121 - INFO - [2016postVFP] MISSING_CENTRAL: ZFake3Mu/Central/MHc100_MA95/LR_nonprompt in Skim_TriLep_TTG.root
2026-01-12 13:40:03,957 - INFO - [2016postVFP] MISSING_FILE: /home/choij/Sync/workspace/ChargedHiggsAnalysisV3/SKNanoOutput/MatrixSelector/Run3Mu/2016postVFP/Skim_TriLep_DoubleMuon_F.root
2026-01-12 13:40:03,958 - INFO - [2016postVFP] MISSING_FILE: /home/choij/Sync/workspace/ChargedHiggsAnalysisV3/SKNanoOutput/MatrixSelector/Run3Mu/2016postVFP/Skim_TriLep_DoubleMuon_G.root
2026-01-12 13:40:03,958 - INFO - [2016postVFP] MISSING_FILE: /home/choij/Sync/workspace/ChargedHiggsAnalysisV3/SKNanoOutput/MatrixSelector/Run3Mu/2016postVFP/Skim_TriLep_DoubleMuon_H.root
2026-01-12 13:40:03,959 - INFO - [2016postVFP] MISSING_CENTRAL: ZFake3Mu/Central/MHc100_MA95/LR_nonprompt in Skim_TriLep_DYJets.root
2026-01-12 13:40:03,959 - INFO - [2016postVFP] MISSING_CENTRAL: ZFake3Mu/Central/MHc100_MA95/LR_nonprompt in Skim_TriLep_DYJets10to50.root
2026-01-12 13:40:03,960 - INFO - [2016postVFP] MISSING_CENTRAL: ZFake3Mu/Central/MHc100_MA95/LR_nonprompt in Skim_TriLep_TTG.root
