2025-12-18 14:15:09,234 - INFO - [2016postVFP] MISSING_CENTRAL: ZFake3Mu/Central/MHc115_MA87/LR_totalBkg in Skim_TriLep_DYJets.root
2025-12-18 14:15:09,235 - INFO - [2016postVFP] MISSING_CENTRAL: ZFake3Mu/Central/MHc115_MA87/LR_totalBkg in Skim_TriLep_DYJets10to50.root
2025-12-18 14:15:09,236 - INFO - [2016postVFP] MISSING_CENTRAL: ZFake3Mu/Central/MHc115_MA87/LR_totalBkg in Skim_TriLep_TTG.root
2025-12-18 14:30:39,972 - INFO - [2016postVFP] MISSING_CENTRAL: ZFake3Mu/Central/MHc115_MA87/LR_totalBkg in Skim_TriLep_DYJets.root
2025-12-18 14:30:39,981 - INFO - [2016postVFP] MISSING_CENTRAL: ZFake3Mu/Central/MHc115_MA87/LR_totalBkg in Skim_TriLep_DYJets10to50.root
2025-12-18 14:30:39,990 - INFO - [2016postVFP] MISSING_CENTRAL: ZFake3Mu/Central/MHc115_MA87/LR_totalBkg in Skim_TriLep_TTG.root
2026-01-07 11:40:55,742 - INFO - [2016postVFP] MISSING_CENTRAL: ZFake3Mu/Central/MHc115_MA87/LR_totalBkg in Skim_TriLep_DYJets.root
2026-01-07 11:40:55,743 - INFO - [2016postVFP] MISSING_CENTRAL: ZFake3Mu/Central/MHc115_MA87/LR_totalBkg in Skim_TriLep_DYJets10to50.root
2026-01-07 11:40:55,745 - INFO - [2016postVFP] MISSING_CENTRAL: ZFake3Mu/Central/MHc115_MA87/LR_totalBkg in Skim_TriLep_TTG.root
2026-01-07 18:38:07,905 - INFO - [2016postVFP] MISSING_CENTRAL: ZFake3Mu/Central/MHc115_MA87/LR_totalBkg in Skim_TriLep_DYJets.root
2026-01-07 18:38:07,906 - INFO - [2016postVFP] MISSING_CENTRAL: ZFake3Mu/Central/MHc115_MA87/LR_totalBkg in Skim_TriLep_DYJets10to50.root
2026-01-07 18:38:07,906 - INFO - [2016postVFP] MISSING_CENTRAL: ZFake3Mu/Central/MHc115_MA87/LR_totalBkg in Skim_TriLep_TTG.root
2026-01-09 12:11:27,093 - INFO - [2016postVFP] MISSING_CENTRAL: ZFake3Mu/Central/MHc115_MA87/LR_totalBkg in Skim_TriLep_DYJets.root
2026-01-09 12:11:27,094 - INFO - [2016postVFP] MISSING_CENTRAL: ZFake3Mu/Central/MHc115_MA87/LR_totalBkg in Skim_TriLep_DYJets10to50.root
2026-01-09 12:11:27,095 - INFO - [2016postVFP] MISSING_CENTRAL: ZFake3Mu/Central/MHc115_MA87/LR_totalBkg in Skim_TriLep_TTG.root
2026-01-11 09:31:31,496 - INFO - [2016postVFP] MISSING_CENTRAL: ZFake3Mu/Central/MHc115_MA87/LR_totalBkg in Skim_TriLep_DYJets.root
2026-01-11 09:31:31,497 - INFO - [2016postVFP] MISSING_CENTRAL: ZFake3Mu/Central/MHc115_MA87/LR_totalBkg in Skim_TriLep_DYJets10to50.root
2026-01-11 09:31:31,498 - INFO - [2016postVFP] MISSING_CENTRAL: ZFake3Mu/Central/MHc115_MA87/LR_totalBkg in Skim_TriLep_TTG.root
2026-01-12 13:40:04,365 - INFO - [2016postVFP] MISSING_FILE: /home/choij/Sync/workspace/ChargedHiggsAnalysisV3/SKNanoOutput/MatrixSelector/Run3Mu/2016postVFP/Skim_TriLep_DoubleMuon_F.root
2026-01-12 13:40:04,365 - INFO - [2016postVFP] MISSING_FILE: /home/choij/Sync/workspace/ChargedHiggsAnalysisV3/SKNanoOutput/MatrixSelector/Run3Mu/2016postVFP/Skim_TriLep_DoubleMuon_G.root
2026-01-12 13:40:04,365 - INFO - [2016postVFP] MISSING_FILE: /home/choij/Sync/workspace/ChargedHiggsAnalysisV3/SKNanoOutput/MatrixSelector/Run3Mu/2016postVFP/Skim_TriLep_DoubleMuon_H.root
2026-01-12 13:40:04,366 - INFO - [2016postVFP] MISSING_CENTRAL: ZFake3Mu/Central/MHc115_MA87/LR_totalBkg in Skim_TriLep_DYJets.root
2026-01-12 13:40:04,367 - INFO - [2016postVFP] MISSING_CENTRAL: ZFake3Mu/Central/MHc115_MA87/LR_totalBkg in Skim_TriLep_DYJets10to50.root
2026-01-12 13:40:04,367 - INFO - [2016postVFP] MISSING_CENTRAL: ZFake3Mu/Central/MHc115_MA87/LR_totalBkg in Skim_TriLep_TTG.root
2026-01-16 18:55:27,299 - INFO - [2016postVFP] MISSING_CENTRAL: ZFake3Mu/Central/MHc115_MA87/LR_totalBkg in Skim_TriLep_DYJets.root
2026-01-16 18:55:27,300 - INFO - [2016postVFP] MISSING_CENTRAL: ZFake3Mu/Central/MHc115_MA87/LR_totalBkg in Skim_TriLep_DYJets10to50.root
2026-01-16 18:55:27,300 - INFO - [2016postVFP] MISSING_CENTRAL: ZFake3Mu/Central/MHc115_MA87/LR_totalBkg in Skim_TriLep_TTG.root
