2025-09-24 15:42:49,294 - INFO - [2016postVFP] MISSING_CENTRAL: ZFake3Mu/Central/muons/3/pt in Skim_TriLep_DYJets.root
2025-09-24 15:42:49,294 - INFO - [2016postVFP] MISSING_CENTRAL: ZFake3Mu/Central/muons/3/pt in Skim_TriLep_DYJets10to50.root
2025-10-02 21:10:07,038 - INFO - [2016postVFP] MISSING_CENTRAL: ZFake3Mu/Central/muons/3/pt in Skim_TriLep_DYJets.root
2025-10-02 21:10:07,039 - INFO - [2016postVFP] MISSING_CENTRAL: ZFake3Mu/Central/muons/3/pt in Skim_TriLep_DYJets10to50.root
2025-10-02 23:56:06,158 - INFO - [2016postVFP] MISSING_CENTRAL: ZFake3Mu/Central/muons/3/pt in Skim_TriLep_DYJets.root
2025-10-02 23:56:06,159 - INFO - [2016postVFP] MISSING_CENTRAL: ZFake3Mu/Central/muons/3/pt in Skim_TriLep_DYJets10to50.root
2025-11-05 22:01:08,516 - INFO - [2016postVFP] MISSING_CENTRAL: ZFake3Mu/Central/muons/3/pt in Skim_TriLep_DYJets.root
2025-11-05 22:01:08,517 - INFO - [2016postVFP] MISSING_CENTRAL: ZFake3Mu/Central/muons/3/pt in Skim_TriLep_DYJets10to50.root
2025-11-05 22:16:54,767 - INFO - [2016postVFP] MISSING_CENTRAL: ZFake3Mu/Central/muons/3/pt in Skim_TriLep_DYJets.root
2025-11-05 22:16:54,768 - INFO - [2016postVFP] MISSING_CENTRAL: ZFake3Mu/Central/muons/3/pt in Skim_TriLep_DYJets10to50.root
2025-11-05 23:21:28,345 - INFO - [2016postVFP] MISSING_CENTRAL: ZFake3Mu/Central/muons/3/pt in Skim_TriLep_DYJets.root
2025-11-05 23:21:28,346 - INFO - [2016postVFP] MISSING_CENTRAL: ZFake3Mu/Central/muons/3/pt in Skim_TriLep_DYJets10to50.root
2025-11-07 12:24:43,159 - INFO - [2016postVFP] MISSING_CENTRAL: ZFake3Mu/Central/muons/3/pt in Skim_TriLep_DYJets.root
2025-11-07 12:24:43,159 - INFO - [2016postVFP] MISSING_CENTRAL: ZFake3Mu/Central/muons/3/pt in Skim_TriLep_DYJets10to50.root
2025-11-07 13:04:58,928 - INFO - [2016postVFP] MISSING_CENTRAL: ZFake3Mu/Central/muons/3/pt in Skim_TriLep_DYJets.root
2025-11-07 13:04:58,928 - INFO - [2016postVFP] MISSING_CENTRAL: ZFake3Mu/Central/muons/3/pt in Skim_TriLep_DYJets10to50.root
2025-11-07 13:25:39,470 - INFO - [2016postVFP] MISSING_CENTRAL: ZFake3Mu/Central/muons/3/pt in Skim_TriLep_DYJets.root
2025-11-07 13:25:39,470 - INFO - [2016postVFP] MISSING_CENTRAL: ZFake3Mu/Central/muons/3/pt in Skim_TriLep_DYJets10to50.root
2025-11-07 13:28:07,457 - INFO - [2016postVFP] MISSING_CENTRAL: ZFake3Mu/Central/muons/3/pt in Skim_TriLep_DYJets.root
2025-11-07 13:28:07,458 - INFO - [2016postVFP] MISSING_CENTRAL: ZFake3Mu/Central/muons/3/pt in Skim_TriLep_DYJets10to50.root
2025-11-07 13:44:30,669 - INFO - [2016postVFP] MISSING_CENTRAL: ZFake3Mu/Central/muons/3/pt in Skim_TriLep_DYJets.root
2025-11-07 13:44:30,675 - INFO - [2016postVFP] MISSING_CENTRAL: ZFake3Mu/Central/muons/3/pt in Skim_TriLep_DYJets10to50.root
2025-11-07 14:00:52,942 - INFO - [2016postVFP] MISSING_CENTRAL: ZFake3Mu/Central/muons/3/pt in Skim_TriLep_DYJets.root
2025-11-07 14:00:52,942 - INFO - [2016postVFP] MISSING_CENTRAL: ZFake3Mu/Central/muons/3/pt in Skim_TriLep_DYJets10to50.root
2025-11-10 05:50:55,256 - INFO - [2016postVFP] MISSING_CENTRAL: ZFake3Mu/Central/muons/3/pt in Skim_TriLep_DYJets.root
2025-11-10 05:50:55,259 - INFO - [2016postVFP] MISSING_CENTRAL: ZFake3Mu/Central/muons/3/pt in Skim_TriLep_DYJets10to50.root
2025-11-10 12:15:53,864 - INFO - [2016postVFP] MISSING_CENTRAL: ZFake3Mu/Central/muons/3/pt in Skim_TriLep_DYJets.root
2025-11-10 12:15:53,865 - INFO - [2016postVFP] MISSING_CENTRAL: ZFake3Mu/Central/muons/3/pt in Skim_TriLep_DYJets10to50.root
2025-11-13 11:04:35,818 - INFO - [2016postVFP] MISSING_CENTRAL: ZFake3Mu/Central/muons/3/pt in Skim_TriLep_DYJets.root
2025-11-13 11:04:35,823 - INFO - [2016postVFP] MISSING_CENTRAL: ZFake3Mu/Central/muons/3/pt in Skim_TriLep_DYJets10to50.root
2025-11-19 16:08:18,055 - INFO - [2016postVFP] MISSING_CENTRAL: ZFake3Mu/Central/muons/3/pt in Skim_TriLep_DYJets.root
2025-11-19 16:08:18,055 - INFO - [2016postVFP] MISSING_CENTRAL: ZFake3Mu/Central/muons/3/pt in Skim_TriLep_DYJets10to50.root
2025-11-19 16:18:13,462 - INFO - [2016postVFP] MISSING_CENTRAL: ZFake3Mu/Central/muons/3/pt in Skim_TriLep_DYJets.root
2025-11-19 16:18:13,462 - INFO - [2016postVFP] MISSING_CENTRAL: ZFake3Mu/Central/muons/3/pt in Skim_TriLep_DYJets10to50.root
2025-12-17 22:31:50,785 - INFO - [2016postVFP] MISSING_CENTRAL: ZFake3Mu/Central/muons/3/pt in Skim_TriLep_DYJets.root
2025-12-17 22:31:50,800 - INFO - [2016postVFP] MISSING_CENTRAL: ZFake3Mu/Central/muons/3/pt in Skim_TriLep_DYJets10to50.root
2025-12-17 22:31:50,837 - INFO - [2016postVFP] MISSING_CENTRAL: ZFake3Mu/Central/muons/3/pt in Skim_TriLep_TTG.root
2025-12-18 14:10:56,586 - INFO - [2016postVFP] MISSING_CENTRAL: ZFake3Mu/Central/muons/3/pt in Skim_TriLep_DYJets.root
2025-12-18 14:10:56,587 - INFO - [2016postVFP] MISSING_CENTRAL: ZFake3Mu/Central/muons/3/pt in Skim_TriLep_DYJets10to50.root
2025-12-18 14:10:56,588 - INFO - [2016postVFP] MISSING_CENTRAL: ZFake3Mu/Central/muons/3/pt in Skim_TriLep_TTG.root
2025-12-18 14:15:01,727 - INFO - [2016postVFP] MISSING_CENTRAL: ZFake3Mu/Central/muons/3/pt in Skim_TriLep_DYJets.root
2025-12-18 14:15:01,737 - INFO - [2016postVFP] MISSING_CENTRAL: ZFake3Mu/Central/muons/3/pt in Skim_TriLep_DYJets10to50.root
2025-12-18 14:15:01,747 - INFO - [2016postVFP] MISSING_CENTRAL: ZFake3Mu/Central/muons/3/pt in Skim_TriLep_TTG.root
2025-12-18 14:30:33,403 - INFO - [2016postVFP] MISSING_CENTRAL: ZFake3Mu/Central/muons/3/pt in Skim_TriLep_DYJets.root
2025-12-18 14:30:33,404 - INFO - [2016postVFP] MISSING_CENTRAL: ZFake3Mu/Central/muons/3/pt in Skim_TriLep_DYJets10to50.root
2025-12-18 14:30:33,405 - INFO - [2016postVFP] MISSING_CENTRAL: ZFake3Mu/Central/muons/3/pt in Skim_TriLep_TTG.root
2026-01-07 11:40:46,519 - INFO - [2016postVFP] MISSING_CENTRAL: ZFake3Mu/Central/muons/3/pt in Skim_TriLep_DYJets.root
2026-01-07 11:40:46,521 - INFO - [2016postVFP] MISSING_CENTRAL: ZFake3Mu/Central/muons/3/pt in Skim_TriLep_DYJets10to50.root
2026-01-07 11:40:46,522 - INFO - [2016postVFP] MISSING_CENTRAL: ZFake3Mu/Central/muons/3/pt in Skim_TriLep_TTG.root
2026-01-07 18:38:02,086 - INFO - [2016postVFP] MISSING_CENTRAL: ZFake3Mu/Central/muons/3/pt in Skim_TriLep_DYJets.root
2026-01-07 18:38:02,087 - INFO - [2016postVFP] MISSING_CENTRAL: ZFake3Mu/Central/muons/3/pt in Skim_TriLep_DYJets10to50.root
2026-01-07 18:38:02,096 - INFO - [2016postVFP] MISSING_CENTRAL: ZFake3Mu/Central/muons/3/pt in Skim_TriLep_TTG.root
2026-01-09 12:11:17,141 - INFO - [2016postVFP] MISSING_CENTRAL: ZFake3Mu/Central/muons/3/pt in Skim_TriLep_DYJets.root
2026-01-09 12:11:17,142 - INFO - [2016postVFP] MISSING_CENTRAL: ZFake3Mu/Central/muons/3/pt in Skim_TriLep_DYJets10to50.root
2026-01-09 12:11:17,143 - INFO - [2016postVFP] MISSING_CENTRAL: ZFake3Mu/Central/muons/3/pt in Skim_TriLep_TTG.root
2026-01-11 09:31:21,406 - INFO - [2016postVFP] MISSING_CENTRAL: ZFake3Mu/Central/muons/3/pt in Skim_TriLep_DYJets.root
2026-01-11 09:31:21,406 - INFO - [2016postVFP] MISSING_CENTRAL: ZFake3Mu/Central/muons/3/pt in Skim_TriLep_DYJets10to50.root
2026-01-11 09:31:21,407 - INFO - [2016postVFP] MISSING_CENTRAL: ZFake3Mu/Central/muons/3/pt in Skim_TriLep_TTG.root
2026-01-12 13:39:54,318 - INFO - [2016postVFP] MISSING_FILE: /home/choij/Sync/workspace/ChargedHiggsAnalysisV3/SKNanoOutput/MatrixSelector/Run3Mu/2016postVFP/Skim_TriLep_DoubleMuon_F.root
2026-01-12 13:39:54,318 - INFO - [2016postVFP] MISSING_FILE: /home/choij/Sync/workspace/ChargedHiggsAnalysisV3/SKNanoOutput/MatrixSelector/Run3Mu/2016postVFP/Skim_TriLep_DoubleMuon_G.root
2026-01-12 13:39:54,318 - INFO - [2016postVFP] MISSING_FILE: /home/choij/Sync/workspace/ChargedHiggsAnalysisV3/SKNanoOutput/MatrixSelector/Run3Mu/2016postVFP/Skim_TriLep_DoubleMuon_H.root
2026-01-12 13:39:54,319 - INFO - [2016postVFP] MISSING_CENTRAL: ZFake3Mu/Central/muons/3/pt in Skim_TriLep_DYJets.root
2026-01-12 13:39:54,320 - INFO - [2016postVFP] MISSING_CENTRAL: ZFake3Mu/Central/muons/3/pt in Skim_TriLep_DYJets10to50.root
2026-01-12 13:39:54,320 - INFO - [2016postVFP] MISSING_CENTRAL: ZFake3Mu/Central/muons/3/pt in Skim_TriLep_TTG.root
2026-01-16 18:55:18,068 - INFO - [2016postVFP] MISSING_CENTRAL: ZFake3Mu/Central/muons/3/pt in Skim_TriLep_DYJets.root
2026-01-16 18:55:18,069 - INFO - [2016postVFP] MISSING_CENTRAL: ZFake3Mu/Central/muons/3/pt in Skim_TriLep_DYJets10to50.root
2026-01-16 18:55:18,070 - INFO - [2016postVFP] MISSING_CENTRAL: ZFake3Mu/Central/muons/3/pt in Skim_TriLep_TTG.root
