2025-09-24 16:00:19,292 - INFO - [2022EE] MISSING_CENTRAL: SR3Mu/Central/bjets/3/btagScore in Skim_TriLep_Muon_G.root
2025-09-24 16:00:19,307 - INFO - [2022EE] MISSING_CENTRAL: SR3Mu/Central/bjets/3/btagScore in Skim_TriLep_Muon_E.root
2025-09-24 16:00:19,311 - INFO - [2022EE] MISSING_CENTRAL: SR3Mu/Central/bjets/3/btagScore in Skim_TriLep_DYJets.root
2025-09-24 16:00:19,311 - INFO - [2022EE] MISSING_CENTRAL: SR3Mu/Central/bjets/3/btagScore in Skim_TriLep_DYJets10to50.root
2025-09-24 16:00:19,311 - INFO - [2022EE] MISSING_CENTRAL: SR3Mu/Central/bjets/3/btagScore in Skim_TriLep_DYGTo2LG_MLL4to50_PTG10to100.root
2025-09-24 16:00:19,328 - INFO - [2022EE] MISSING_CENTRAL: SR3Mu/Central/bjets/3/btagScore in Skim_TriLep_DYGTo2LG_MLL4to50_PTG100to200.root
2025-09-24 16:00:19,329 - INFO - [2022EE] MISSING_CENTRAL: SR3Mu/Central/bjets/3/btagScore in Skim_TriLep_DYGTo2LG_MLL4to50_PTG200toInf.root
2025-09-24 16:00:19,461 - INFO - [2022EE] MISSING_CENTRAL: SR3Mu/Central/bjets/3/btagScore in Skim_TriLep_DYGTo2LG_MLL50_PTG10to100.root
2025-09-24 16:00:19,462 - INFO - [2022EE] MISSING_CENTRAL: SR3Mu/Central/bjets/3/btagScore in Skim_TriLep_DYGTo2LG_MLL50_PTG100to200.root
2025-09-24 16:00:19,462 - INFO - [2022EE] MISSING_CENTRAL: SR3Mu/Central/bjets/3/btagScore in Skim_TriLep_DYGTo2LG_MLL50_PTG200toInf.root
2025-09-24 16:00:19,462 - INFO - [2022EE] MISSING_CENTRAL: SR3Mu/Central/bjets/3/btagScore in Skim_TriLep_TTG_PTG10to100.root
2025-09-24 16:00:19,463 - INFO - [2022EE] MISSING_CENTRAL: SR3Mu/Central/bjets/3/btagScore in Skim_TriLep_TTG_PTG100to200.root
2025-09-24 16:00:19,463 - INFO - [2022EE] MISSING_CENTRAL: SR3Mu/Central/bjets/3/btagScore in Skim_TriLep_TTG_PTG200toInf.root
2025-09-24 16:00:19,625 - INFO - [2022EE] MISSING_CENTRAL: SR3Mu/Central/bjets/3/btagScore in Skim_TriLep_WZTo3LNu_powheg.root
2025-09-24 16:00:19,667 - INFO - [2022EE] MISSING_CENTRAL: SR3Mu/Central/bjets/3/btagScore in Skim_TriLep_WWW.root
2025-09-24 16:00:19,693 - INFO - [2022EE] MISSING_CENTRAL: SR3Mu/Central/bjets/3/btagScore in Skim_TriLep_WWZ.root
2025-09-24 16:00:19,744 - INFO - [2022EE] MISSING_CENTRAL: SR3Mu/Central/bjets/3/btagScore in Skim_TriLep_VBFHToZZTo4L.root
2025-09-24 16:00:19,745 - INFO - [2022EE] MISSING_CENTRAL: SR3Mu/Central/bjets/3/btagScore in Skim_TriLep_ggHToZZTo4L.root
2025-10-02 21:19:36,145 - INFO - [2022EE] MISSING_CENTRAL: SR3Mu/Central/bjets/3/btagScore in Skim_TriLep_Muon_G.root
2025-10-02 21:19:36,250 - INFO - [2022EE] MISSING_CENTRAL: SR3Mu/Central/bjets/3/btagScore in Skim_TriLep_Muon_E.root
2025-10-02 21:19:36,278 - INFO - [2022EE] MISSING_CENTRAL: SR3Mu/Central/bjets/3/btagScore in Skim_TriLep_DYJets.root
2025-10-02 21:19:36,284 - INFO - [2022EE] MISSING_CENTRAL: SR3Mu/Central/bjets/3/btagScore in Skim_TriLep_DYJets10to50.root
2025-10-02 21:19:36,289 - INFO - [2022EE] MISSING_CENTRAL: SR3Mu/Central/bjets/3/btagScore in Skim_TriLep_DYGTo2LG_MLL4to50_PTG10to100.root
2025-10-02 21:19:36,296 - INFO - [2022EE] MISSING_CENTRAL: SR3Mu/Central/bjets/3/btagScore in Skim_TriLep_DYGTo2LG_MLL4to50_PTG100to200.root
2025-10-02 21:19:36,309 - INFO - [2022EE] MISSING_CENTRAL: SR3Mu/Central/bjets/3/btagScore in Skim_TriLep_DYGTo2LG_MLL4to50_PTG200toInf.root
2025-10-02 21:19:36,324 - INFO - [2022EE] MISSING_CENTRAL: SR3Mu/Central/bjets/3/btagScore in Skim_TriLep_DYGTo2LG_MLL50_PTG10to100.root
2025-10-02 21:19:36,328 - INFO - [2022EE] MISSING_CENTRAL: SR3Mu/Central/bjets/3/btagScore in Skim_TriLep_DYGTo2LG_MLL50_PTG100to200.root
2025-10-02 21:19:36,334 - INFO - [2022EE] MISSING_CENTRAL: SR3Mu/Central/bjets/3/btagScore in Skim_TriLep_DYGTo2LG_MLL50_PTG200toInf.root
2025-10-02 21:19:36,339 - INFO - [2022EE] MISSING_CENTRAL: SR3Mu/Central/bjets/3/btagScore in Skim_TriLep_TTG_PTG10to100.root
2025-10-02 21:19:36,344 - INFO - [2022EE] MISSING_CENTRAL: SR3Mu/Central/bjets/3/btagScore in Skim_TriLep_TTG_PTG100to200.root
2025-10-02 21:19:36,349 - INFO - [2022EE] MISSING_CENTRAL: SR3Mu/Central/bjets/3/btagScore in Skim_TriLep_TTG_PTG200toInf.root
2025-10-02 21:19:36,570 - INFO - [2022EE] MISSING_CENTRAL: SR3Mu/Central/bjets/3/btagScore in Skim_TriLep_WZTo3LNu_powheg.root
2025-10-02 21:19:36,687 - INFO - [2022EE] MISSING_CENTRAL: SR3Mu/Central/bjets/3/btagScore in Skim_TriLep_WWW.root
2025-10-02 21:19:36,697 - INFO - [2022EE] MISSING_CENTRAL: SR3Mu/Central/bjets/3/btagScore in Skim_TriLep_WWZ.root
2025-10-02 21:19:36,798 - INFO - [2022EE] MISSING_CENTRAL: SR3Mu/Central/bjets/3/btagScore in Skim_TriLep_VBFHToZZTo4L.root
2025-10-02 21:19:36,799 - INFO - [2022EE] MISSING_CENTRAL: SR3Mu/Central/bjets/3/btagScore in Skim_TriLep_ggHToZZTo4L.root
2025-10-03 00:28:24,073 - INFO - [2022EE] MISSING_CENTRAL: SR3Mu/Central/bjets/3/btagScore in Skim_TriLep_Muon_G.root
2025-10-03 00:28:24,117 - INFO - [2022EE] MISSING_CENTRAL: SR3Mu/Central/bjets/3/btagScore in Skim_TriLep_Muon_E.root
2025-10-03 00:28:24,124 - INFO - [2022EE] MISSING_CENTRAL: SR3Mu/Central/bjets/3/btagScore in Skim_TriLep_DYJets.root
2025-10-03 00:28:24,125 - INFO - [2022EE] MISSING_CENTRAL: SR3Mu/Central/bjets/3/btagScore in Skim_TriLep_DYJets10to50.root
2025-10-03 00:28:24,125 - INFO - [2022EE] MISSING_CENTRAL: SR3Mu/Central/bjets/3/btagScore in Skim_TriLep_DYGTo2LG_MLL4to50_PTG10to100.root
2025-10-03 00:28:24,126 - INFO - [2022EE] MISSING_CENTRAL: SR3Mu/Central/bjets/3/btagScore in Skim_TriLep_DYGTo2LG_MLL4to50_PTG100to200.root
2025-10-03 00:28:24,126 - INFO - [2022EE] MISSING_CENTRAL: SR3Mu/Central/bjets/3/btagScore in Skim_TriLep_DYGTo2LG_MLL4to50_PTG200toInf.root
2025-10-03 00:28:24,127 - INFO - [2022EE] MISSING_CENTRAL: SR3Mu/Central/bjets/3/btagScore in Skim_TriLep_DYGTo2LG_MLL50_PTG10to100.root
2025-10-03 00:28:24,137 - INFO - [2022EE] MISSING_CENTRAL: SR3Mu/Central/bjets/3/btagScore in Skim_TriLep_DYGTo2LG_MLL50_PTG100to200.root
2025-10-03 00:28:24,138 - INFO - [2022EE] MISSING_CENTRAL: SR3Mu/Central/bjets/3/btagScore in Skim_TriLep_DYGTo2LG_MLL50_PTG200toInf.root
2025-10-03 00:28:24,139 - INFO - [2022EE] MISSING_CENTRAL: SR3Mu/Central/bjets/3/btagScore in Skim_TriLep_TTG_PTG10to100.root
2025-10-03 00:28:24,140 - INFO - [2022EE] MISSING_CENTRAL: SR3Mu/Central/bjets/3/btagScore in Skim_TriLep_TTG_PTG100to200.root
2025-10-03 00:28:24,140 - INFO - [2022EE] MISSING_CENTRAL: SR3Mu/Central/bjets/3/btagScore in Skim_TriLep_TTG_PTG200toInf.root
2025-10-03 00:28:24,193 - INFO - [2022EE] MISSING_CENTRAL: SR3Mu/Central/bjets/3/btagScore in Skim_TriLep_WZTo3LNu_powheg.root
2025-10-03 00:28:24,231 - INFO - [2022EE] MISSING_CENTRAL: SR3Mu/Central/bjets/3/btagScore in Skim_TriLep_WWW.root
2025-10-03 00:28:24,231 - INFO - [2022EE] MISSING_CENTRAL: SR3Mu/Central/bjets/3/btagScore in Skim_TriLep_WWZ.root
2025-10-03 00:28:24,261 - INFO - [2022EE] MISSING_CENTRAL: SR3Mu/Central/bjets/3/btagScore in Skim_TriLep_VBFHToZZTo4L.root
2025-10-03 00:28:24,262 - INFO - [2022EE] MISSING_CENTRAL: SR3Mu/Central/bjets/3/btagScore in Skim_TriLep_ggHToZZTo4L.root
