2025-09-24 16:00:13,503 - INFO - [2022EE] MISSING_CENTRAL: SR3Mu/Central/bjets/1/eta in Skim_TriLep_DYJets10to50.root
2025-09-24 16:00:13,519 - INFO - [2022EE] MISSING_CENTRAL: SR3Mu/Central/bjets/1/eta in Skim_TriLep_DYGTo2LG_MLL50_PTG100to200.root
2025-10-02 21:19:37,206 - INFO - [2022EE] MISSING_CENTRAL: SR3Mu/Central/bjets/1/eta in Skim_TriLep_DYJets10to50.root
2025-10-02 21:19:37,273 - INFO - [2022EE] MISSING_CENTRAL: SR3Mu/Central/bjets/1/eta in Skim_TriLep_DYGTo2LG_MLL50_PTG100to200.root
2025-10-03 00:28:16,844 - INFO - [2022EE] MISSING_CENTRAL: SR3Mu/Central/bjets/1/eta in Skim_TriLep_DYJets10to50.root
2025-10-03 00:28:16,880 - INFO - [2022EE] MISSING_CENTRAL: SR3Mu/Central/bjets/1/eta in Skim_TriLep_DYGTo2LG_MLL50_PTG100to200.root
2025-11-07 13:11:15,697 - INFO - [2022EE] MISSING_FILE: /home/choij/Sync/workspace/ChargedHiggsAnalysisV3/SKNanoOutput/PromptSelector/Run3Mu/2022EE/Skim_TriLep_Muon_E.root
2025-11-07 13:11:15,697 - INFO - [2022EE] MISSING_FILE: /home/choij/Sync/workspace/ChargedHiggsAnalysisV3/SKNanoOutput/PromptSelector/Run3Mu/2022EE/Skim_TriLep_Muon_F.root
2025-11-07 13:11:15,698 - INFO - [2022EE] MISSING_FILE: /home/choij/Sync/workspace/ChargedHiggsAnalysisV3/SKNanoOutput/PromptSelector/Run3Mu/2022EE/Skim_TriLep_Muon_G.root
2025-11-07 14:08:53,230 - INFO - [2022EE] MISSING_FILE: /home/choij/Sync/workspace/ChargedHiggsAnalysisV3/SKNanoOutput/PromptSelector/Run3Mu/2022EE/Skim_TriLep_Muon_E.root
2025-11-07 14:08:53,231 - INFO - [2022EE] MISSING_FILE: /home/choij/Sync/workspace/ChargedHiggsAnalysisV3/SKNanoOutput/PromptSelector/Run3Mu/2022EE/Skim_TriLep_Muon_F.root
2025-11-07 14:08:53,231 - INFO - [2022EE] MISSING_FILE: /home/choij/Sync/workspace/ChargedHiggsAnalysisV3/SKNanoOutput/PromptSelector/Run3Mu/2022EE/Skim_TriLep_Muon_G.root
2025-11-10 12:24:33,745 - INFO - [2022EE] MISSING_FILE: /home/choij/Sync/workspace/ChargedHiggsAnalysisV3/SKNanoOutput/PromptSelector/Run3Mu/2022EE/Skim_TriLep_Muon_F.root
2025-11-10 12:24:33,796 - INFO - [2022EE] MISSING_CENTRAL: SR3Mu/Central/bjets/1/eta in Skim_TriLep_DYJets10to50.root
2025-11-10 12:24:33,820 - INFO - [2022EE] MISSING_CENTRAL: SR3Mu/Central/bjets/1/eta in Skim_TriLep_DYGTo2LG_MLL50_PTG100to200.root
2025-11-13 11:14:30,865 - INFO - [2022EE] MISSING_CENTRAL: SR3Mu/Central/bjets/1/eta in Skim_TriLep_DYJets10to50.root
2025-11-13 11:14:30,934 - INFO - [2022EE] MISSING_CENTRAL: SR3Mu/Central/bjets/1/eta in Skim_TriLep_DYGTo2LG_MLL50_PTG100to200.root
2025-11-13 19:55:28,869 - INFO - [2022EE] MISSING_CENTRAL: SR3Mu/Central/bjets/1/eta in Skim_TriLep_DYJets10to50.root
2025-11-13 19:55:28,892 - INFO - [2022EE] MISSING_CENTRAL: SR3Mu/Central/bjets/1/eta in Skim_TriLep_DYGTo2LG_MLL50_PTG100to200.root
2025-11-13 20:02:23,613 - INFO - [2022EE] MISSING_CENTRAL: SR3Mu/Central/bjets/1/eta in Skim_TriLep_DYJets10to50.root
2025-11-13 20:02:23,638 - INFO - [2022EE] MISSING_CENTRAL: SR3Mu/Central/bjets/1/eta in Skim_TriLep_DYGTo2LG_MLL50_PTG100to200.root
2025-11-19 16:27:01,675 - INFO - [2022EE] MISSING_CENTRAL: SR3Mu/Central/bjets/1/eta in Skim_TriLep_DYJets10to50.root
2025-11-19 16:27:01,698 - INFO - [2022EE] MISSING_CENTRAL: SR3Mu/Central/bjets/1/eta in Skim_TriLep_DYGTo2LG_MLL50_PTG100to200.root
2025-12-17 22:41:47,432 - INFO - [2022EE] MISSING_CENTRAL: SR3Mu/Central/bjets/1/eta in Skim_TriLep_DYJets10to50.root
2025-12-18 14:26:54,736 - INFO - [2022EE] MISSING_CENTRAL: SR3Mu/Central/bjets/1/eta in Skim_TriLep_DYJets10to50.root
2025-12-18 14:42:15,850 - INFO - [2022EE] MISSING_CENTRAL: SR3Mu/Central/bjets/1/eta in Skim_TriLep_DYJets10to50.root
2026-01-07 11:51:30,396 - INFO - [2022EE] MISSING_CENTRAL: SR3Mu/Central/bjets/1/eta in Skim_TriLep_DYJets10to50.root
2026-01-07 18:48:09,419 - INFO - [2022EE] MISSING_CENTRAL: SR3Mu/Central/bjets/1/eta in Skim_TriLep_DYJets10to50.root
2026-01-07 19:30:20,355 - INFO - [2022EE] MISSING_CENTRAL: SR3Mu/Central/bjets/1/eta in Skim_TriLep_DYJets10to50.root
2026-01-09 12:22:43,677 - INFO - [2022EE] MISSING_CENTRAL: SR3Mu/Central/bjets/1/eta in Skim_TriLep_DYJets10to50.root
