2025-09-24 16:00:00,613 - INFO - [2022EE] MISSING_CENTRAL: SR3Mu/Central/jets/1/eta in Skim_TriLep_DYJets10to50.root
2025-09-24 16:00:00,644 - INFO - [2022EE] MISSING_CENTRAL: SR3Mu/Central/jets/1/eta in Skim_TriLep_DYGTo2LG_MLL50_PTG100to200.root
2025-10-02 21:19:27,953 - INFO - [2022EE] MISSING_CENTRAL: SR3Mu/Central/jets/1/eta in Skim_TriLep_DYJets10to50.root
2025-10-02 21:19:27,989 - INFO - [2022EE] MISSING_CENTRAL: SR3Mu/Central/jets/1/eta in Skim_TriLep_DYGTo2LG_MLL50_PTG100to200.root
2025-10-03 00:28:01,698 - INFO - [2022EE] MISSING_CENTRAL: SR3Mu/Central/jets/1/eta in Skim_TriLep_DYJets10to50.root
2025-10-03 00:28:01,725 - INFO - [2022EE] MISSING_CENTRAL: SR3Mu/Central/jets/1/eta in Skim_TriLep_DYGTo2LG_MLL50_PTG100to200.root
2025-11-07 13:11:13,343 - INFO - [2022EE] MISSING_FILE: /home/choij/Sync/workspace/ChargedHiggsAnalysisV3/SKNanoOutput/PromptSelector/Run3Mu/2022EE/Skim_TriLep_Muon_E.root
2025-11-07 13:11:13,343 - INFO - [2022EE] MISSING_FILE: /home/choij/Sync/workspace/ChargedHiggsAnalysisV3/SKNanoOutput/PromptSelector/Run3Mu/2022EE/Skim_TriLep_Muon_F.root
2025-11-07 13:11:13,343 - INFO - [2022EE] MISSING_FILE: /home/choij/Sync/workspace/ChargedHiggsAnalysisV3/SKNanoOutput/PromptSelector/Run3Mu/2022EE/Skim_TriLep_Muon_G.root
2025-11-07 14:08:50,863 - INFO - [2022EE] MISSING_FILE: /home/choij/Sync/workspace/ChargedHiggsAnalysisV3/SKNanoOutput/PromptSelector/Run3Mu/2022EE/Skim_TriLep_Muon_E.root
2025-11-07 14:08:50,865 - INFO - [2022EE] MISSING_FILE: /home/choij/Sync/workspace/ChargedHiggsAnalysisV3/SKNanoOutput/PromptSelector/Run3Mu/2022EE/Skim_TriLep_Muon_F.root
2025-11-07 14:08:50,865 - INFO - [2022EE] MISSING_FILE: /home/choij/Sync/workspace/ChargedHiggsAnalysisV3/SKNanoOutput/PromptSelector/Run3Mu/2022EE/Skim_TriLep_Muon_G.root
2025-11-10 12:24:30,238 - INFO - [2022EE] MISSING_FILE: /home/choij/Sync/workspace/ChargedHiggsAnalysisV3/SKNanoOutput/PromptSelector/Run3Mu/2022EE/Skim_TriLep_Muon_F.root
2025-11-10 12:24:30,289 - INFO - [2022EE] MISSING_CENTRAL: SR3Mu/Central/jets/1/eta in Skim_TriLep_DYJets10to50.root
2025-11-10 12:24:30,323 - INFO - [2022EE] MISSING_CENTRAL: SR3Mu/Central/jets/1/eta in Skim_TriLep_DYGTo2LG_MLL50_PTG100to200.root
2025-11-13 11:14:20,878 - INFO - [2022EE] MISSING_CENTRAL: SR3Mu/Central/jets/1/eta in Skim_TriLep_DYJets10to50.root
2025-11-13 11:14:21,530 - INFO - [2022EE] MISSING_CENTRAL: SR3Mu/Central/jets/1/eta in Skim_TriLep_DYGTo2LG_MLL50_PTG100to200.root
2025-11-13 19:55:25,252 - INFO - [2022EE] MISSING_CENTRAL: SR3Mu/Central/jets/1/eta in Skim_TriLep_DYJets10to50.root
2025-11-13 19:55:25,274 - INFO - [2022EE] MISSING_CENTRAL: SR3Mu/Central/jets/1/eta in Skim_TriLep_DYGTo2LG_MLL50_PTG100to200.root
2025-11-13 20:02:19,688 - INFO - [2022EE] MISSING_CENTRAL: SR3Mu/Central/jets/1/eta in Skim_TriLep_DYJets10to50.root
2025-11-13 20:02:19,712 - INFO - [2022EE] MISSING_CENTRAL: SR3Mu/Central/jets/1/eta in Skim_TriLep_DYGTo2LG_MLL50_PTG100to200.root
2025-11-19 16:26:58,032 - INFO - [2022EE] MISSING_CENTRAL: SR3Mu/Central/jets/1/eta in Skim_TriLep_DYJets10to50.root
2025-11-19 16:26:58,087 - INFO - [2022EE] MISSING_CENTRAL: SR3Mu/Central/jets/1/eta in Skim_TriLep_DYGTo2LG_MLL50_PTG100to200.root
2025-12-17 22:41:37,388 - INFO - [2022EE] MISSING_CENTRAL: SR3Mu/Central/jets/1/eta in Skim_TriLep_DYJets10to50.root
2025-12-18 14:26:48,897 - INFO - [2022EE] MISSING_CENTRAL: SR3Mu/Central/jets/1/eta in Skim_TriLep_DYJets10to50.root
2025-12-18 14:42:09,656 - INFO - [2022EE] MISSING_CENTRAL: SR3Mu/Central/jets/1/eta in Skim_TriLep_DYJets10to50.root
2026-01-07 11:51:20,986 - INFO - [2022EE] MISSING_CENTRAL: SR3Mu/Central/jets/1/eta in Skim_TriLep_DYJets10to50.root
2026-01-07 18:48:03,735 - INFO - [2022EE] MISSING_CENTRAL: SR3Mu/Central/jets/1/eta in Skim_TriLep_DYJets10to50.root
2026-01-07 19:30:14,942 - INFO - [2022EE] MISSING_CENTRAL: SR3Mu/Central/jets/1/eta in Skim_TriLep_DYJets10to50.root
2026-01-09 12:22:40,211 - INFO - [2022EE] MISSING_CENTRAL: SR3Mu/Central/jets/1/eta in Skim_TriLep_DYJets10to50.root
