2025-09-24 16:00:09,960 - INFO - [2022EE] MISSING_CENTRAL: SR3Mu/Central/jets/4/phi in Skim_TriLep_Muon_E.root
2025-09-24 16:00:10,020 - INFO - [2022EE] MISSING_CENTRAL: SR3Mu/Central/jets/4/phi in Skim_TriLep_Muon_E.root
2025-09-24 16:00:10,024 - INFO - [2022EE] MISSING_CENTRAL: SR3Mu/Central/jets/4/phi in Skim_TriLep_DYJets.root
2025-09-24 16:00:10,025 - INFO - [2022EE] MISSING_CENTRAL: SR3Mu/Central/jets/4/phi in Skim_TriLep_DYJets10to50.root
2025-09-24 16:00:10,025 - INFO - [2022EE] MISSING_CENTRAL: SR3Mu/Central/jets/4/phi in Skim_TriLep_DYGTo2LG_MLL4to50_PTG10to100.root
2025-09-24 16:00:10,025 - INFO - [2022EE] MISSING_CENTRAL: SR3Mu/Central/jets/4/phi in Skim_TriLep_DYGTo2LG_MLL4to50_PTG100to200.root
2025-09-24 16:00:10,026 - INFO - [2022EE] MISSING_CENTRAL: SR3Mu/Central/jets/4/phi in Skim_TriLep_DYGTo2LG_MLL4to50_PTG200toInf.root
2025-09-24 16:00:10,026 - INFO - [2022EE] MISSING_CENTRAL: SR3Mu/Central/jets/4/phi in Skim_TriLep_DYGTo2LG_MLL50_PTG10to100.root
2025-09-24 16:00:10,026 - INFO - [2022EE] MISSING_CENTRAL: SR3Mu/Central/jets/4/phi in Skim_TriLep_DYGTo2LG_MLL50_PTG100to200.root
2025-09-24 16:00:10,026 - INFO - [2022EE] MISSING_CENTRAL: SR3Mu/Central/jets/4/phi in Skim_TriLep_DYGTo2LG_MLL50_PTG200toInf.root
2025-09-24 16:00:10,032 - INFO - [2022EE] MISSING_CENTRAL: SR3Mu/Central/jets/4/phi in Skim_TriLep_TTG_PTG100to200.root
2025-09-24 16:00:10,032 - INFO - [2022EE] MISSING_CENTRAL: SR3Mu/Central/jets/4/phi in Skim_TriLep_TTG_PTG200toInf.root
2025-09-24 16:00:10,064 - INFO - [2022EE] MISSING_CENTRAL: SR3Mu/Central/jets/4/phi in Skim_TriLep_WZTo3LNu_powheg.root
2025-09-24 16:00:10,083 - INFO - [2022EE] MISSING_CENTRAL: SR3Mu/Central/jets/4/phi in Skim_TriLep_WWW.root
2025-10-02 21:19:36,564 - INFO - [2022EE] MISSING_CENTRAL: SR3Mu/Central/jets/4/phi in Skim_TriLep_Muon_E.root
2025-10-02 21:19:36,748 - INFO - [2022EE] MISSING_CENTRAL: SR3Mu/Central/jets/4/phi in Skim_TriLep_Muon_E.root
2025-10-02 21:19:36,859 - INFO - [2022EE] MISSING_CENTRAL: SR3Mu/Central/jets/4/phi in Skim_TriLep_DYJets.root
2025-10-02 21:19:36,863 - INFO - [2022EE] MISSING_CENTRAL: SR3Mu/Central/jets/4/phi in Skim_TriLep_DYJets10to50.root
2025-10-02 21:19:36,875 - INFO - [2022EE] MISSING_CENTRAL: SR3Mu/Central/jets/4/phi in Skim_TriLep_DYGTo2LG_MLL4to50_PTG10to100.root
2025-10-02 21:19:36,880 - INFO - [2022EE] MISSING_CENTRAL: SR3Mu/Central/jets/4/phi in Skim_TriLep_DYGTo2LG_MLL4to50_PTG100to200.root
2025-10-02 21:19:36,881 - INFO - [2022EE] MISSING_CENTRAL: SR3Mu/Central/jets/4/phi in Skim_TriLep_DYGTo2LG_MLL4to50_PTG200toInf.root
2025-10-02 21:19:36,885 - INFO - [2022EE] MISSING_CENTRAL: SR3Mu/Central/jets/4/phi in Skim_TriLep_DYGTo2LG_MLL50_PTG10to100.root
2025-10-02 21:19:36,898 - INFO - [2022EE] MISSING_CENTRAL: SR3Mu/Central/jets/4/phi in Skim_TriLep_DYGTo2LG_MLL50_PTG100to200.root
2025-10-02 21:19:36,899 - INFO - [2022EE] MISSING_CENTRAL: SR3Mu/Central/jets/4/phi in Skim_TriLep_DYGTo2LG_MLL50_PTG200toInf.root
2025-10-02 21:19:36,943 - INFO - [2022EE] MISSING_CENTRAL: SR3Mu/Central/jets/4/phi in Skim_TriLep_TTG_PTG100to200.root
2025-10-02 21:19:36,948 - INFO - [2022EE] MISSING_CENTRAL: SR3Mu/Central/jets/4/phi in Skim_TriLep_TTG_PTG200toInf.root
2025-10-02 21:19:37,049 - INFO - [2022EE] MISSING_CENTRAL: SR3Mu/Central/jets/4/phi in Skim_TriLep_WZTo3LNu_powheg.root
2025-10-02 21:19:37,123 - INFO - [2022EE] MISSING_CENTRAL: SR3Mu/Central/jets/4/phi in Skim_TriLep_WWW.root
2025-10-03 00:28:13,129 - INFO - [2022EE] MISSING_CENTRAL: SR3Mu/Central/jets/4/phi in Skim_TriLep_Muon_E.root
2025-10-03 00:28:13,218 - INFO - [2022EE] MISSING_CENTRAL: SR3Mu/Central/jets/4/phi in Skim_TriLep_Muon_E.root
2025-10-03 00:28:13,227 - INFO - [2022EE] MISSING_CENTRAL: SR3Mu/Central/jets/4/phi in Skim_TriLep_DYJets.root
2025-10-03 00:28:13,227 - INFO - [2022EE] MISSING_CENTRAL: SR3Mu/Central/jets/4/phi in Skim_TriLep_DYJets10to50.root
2025-10-03 00:28:13,228 - INFO - [2022EE] MISSING_CENTRAL: SR3Mu/Central/jets/4/phi in Skim_TriLep_DYGTo2LG_MLL4to50_PTG10to100.root
2025-10-03 00:28:13,228 - INFO - [2022EE] MISSING_CENTRAL: SR3Mu/Central/jets/4/phi in Skim_TriLep_DYGTo2LG_MLL4to50_PTG100to200.root
2025-10-03 00:28:13,229 - INFO - [2022EE] MISSING_CENTRAL: SR3Mu/Central/jets/4/phi in Skim_TriLep_DYGTo2LG_MLL4to50_PTG200toInf.root
2025-10-03 00:28:13,229 - INFO - [2022EE] MISSING_CENTRAL: SR3Mu/Central/jets/4/phi in Skim_TriLep_DYGTo2LG_MLL50_PTG10to100.root
2025-10-03 00:28:13,230 - INFO - [2022EE] MISSING_CENTRAL: SR3Mu/Central/jets/4/phi in Skim_TriLep_DYGTo2LG_MLL50_PTG100to200.root
2025-10-03 00:28:13,230 - INFO - [2022EE] MISSING_CENTRAL: SR3Mu/Central/jets/4/phi in Skim_TriLep_DYGTo2LG_MLL50_PTG200toInf.root
2025-10-03 00:28:13,245 - INFO - [2022EE] MISSING_CENTRAL: SR3Mu/Central/jets/4/phi in Skim_TriLep_TTG_PTG100to200.root
2025-10-03 00:28:13,246 - INFO - [2022EE] MISSING_CENTRAL: SR3Mu/Central/jets/4/phi in Skim_TriLep_TTG_PTG200toInf.root
2025-10-03 00:28:13,275 - INFO - [2022EE] MISSING_CENTRAL: SR3Mu/Central/jets/4/phi in Skim_TriLep_WZTo3LNu_powheg.root
2025-10-03 00:28:13,300 - INFO - [2022EE] MISSING_CENTRAL: SR3Mu/Central/jets/4/phi in Skim_TriLep_WWW.root
