2025-09-24 16:00:19,943 - INFO - [2022EE] MISSING_CENTRAL: SR3Mu/Central/METv/py in Skim_TriLep_DYJets10to50.root
2025-09-24 16:00:20,024 - INFO - [2022EE] MISSING_CENTRAL: SR3Mu/Central/METv/py in Skim_TriLep_DYGTo2LG_MLL50_PTG100to200.root
2025-10-02 21:19:38,378 - INFO - [2022EE] MISSING_CENTRAL: SR3Mu/Central/METv/py in Skim_TriLep_DYJets10to50.root
2025-10-02 21:19:38,468 - INFO - [2022EE] MISSING_CENTRAL: SR3Mu/Central/METv/py in Skim_TriLep_DYGTo2LG_MLL50_PTG100to200.root
2025-10-03 00:28:24,190 - INFO - [2022EE] MISSING_CENTRAL: SR3Mu/Central/METv/py in Skim_TriLep_DYJets10to50.root
2025-10-03 00:28:24,298 - INFO - [2022EE] MISSING_CENTRAL: SR3Mu/Central/METv/py in Skim_TriLep_DYGTo2LG_MLL50_PTG100to200.root
2025-11-07 13:11:17,707 - INFO - [2022EE] MISSING_FILE: /home/choij/Sync/workspace/ChargedHiggsAnalysisV3/SKNanoOutput/PromptSelector/Run3Mu/2022EE/Skim_TriLep_Muon_E.root
2025-11-07 13:11:17,707 - INFO - [2022EE] MISSING_FILE: /home/choij/Sync/workspace/ChargedHiggsAnalysisV3/SKNanoOutput/PromptSelector/Run3Mu/2022EE/Skim_TriLep_Muon_F.root
2025-11-07 13:11:17,708 - INFO - [2022EE] MISSING_FILE: /home/choij/Sync/workspace/ChargedHiggsAnalysisV3/SKNanoOutput/PromptSelector/Run3Mu/2022EE/Skim_TriLep_Muon_G.root
2025-11-07 14:08:55,236 - INFO - [2022EE] MISSING_FILE: /home/choij/Sync/workspace/ChargedHiggsAnalysisV3/SKNanoOutput/PromptSelector/Run3Mu/2022EE/Skim_TriLep_Muon_E.root
2025-11-07 14:08:55,240 - INFO - [2022EE] MISSING_FILE: /home/choij/Sync/workspace/ChargedHiggsAnalysisV3/SKNanoOutput/PromptSelector/Run3Mu/2022EE/Skim_TriLep_Muon_F.root
2025-11-07 14:08:55,241 - INFO - [2022EE] MISSING_FILE: /home/choij/Sync/workspace/ChargedHiggsAnalysisV3/SKNanoOutput/PromptSelector/Run3Mu/2022EE/Skim_TriLep_Muon_G.root
2025-11-10 12:24:36,503 - INFO - [2022EE] MISSING_FILE: /home/choij/Sync/workspace/ChargedHiggsAnalysisV3/SKNanoOutput/PromptSelector/Run3Mu/2022EE/Skim_TriLep_Muon_F.root
2025-11-10 12:24:36,570 - INFO - [2022EE] MISSING_CENTRAL: SR3Mu/Central/METv/py in Skim_TriLep_DYJets10to50.root
2025-11-10 12:24:36,637 - INFO - [2022EE] MISSING_CENTRAL: SR3Mu/Central/METv/py in Skim_TriLep_DYGTo2LG_MLL50_PTG100to200.root
2025-11-13 11:14:31,137 - INFO - [2022EE] MISSING_CENTRAL: SR3Mu/Central/METv/py in Skim_TriLep_DYJets10to50.root
2025-11-13 11:14:31,227 - INFO - [2022EE] MISSING_CENTRAL: SR3Mu/Central/METv/py in Skim_TriLep_DYGTo2LG_MLL50_PTG100to200.root
2025-11-13 19:55:31,987 - INFO - [2022EE] MISSING_CENTRAL: SR3Mu/Central/METv/py in Skim_TriLep_DYJets10to50.root
2025-11-13 19:55:32,049 - INFO - [2022EE] MISSING_CENTRAL: SR3Mu/Central/METv/py in Skim_TriLep_DYGTo2LG_MLL50_PTG100to200.root
2025-11-13 20:02:26,353 - INFO - [2022EE] MISSING_CENTRAL: SR3Mu/Central/METv/py in Skim_TriLep_DYJets10to50.root
2025-11-13 20:02:26,402 - INFO - [2022EE] MISSING_CENTRAL: SR3Mu/Central/METv/py in Skim_TriLep_DYGTo2LG_MLL50_PTG100to200.root
2025-11-19 16:27:04,487 - INFO - [2022EE] MISSING_CENTRAL: SR3Mu/Central/METv/py in Skim_TriLep_DYJets10to50.root
2025-11-19 16:27:04,598 - INFO - [2022EE] MISSING_CENTRAL: SR3Mu/Central/METv/py in Skim_TriLep_DYGTo2LG_MLL50_PTG100to200.root
2025-12-17 22:41:47,982 - INFO - [2022EE] MISSING_CENTRAL: SR3Mu/Central/METv/py in Skim_TriLep_DYJets10to50.root
2025-12-18 14:26:54,949 - INFO - [2022EE] MISSING_CENTRAL: SR3Mu/Central/METv/py in Skim_TriLep_DYJets10to50.root
2025-12-18 14:42:16,729 - INFO - [2022EE] MISSING_CENTRAL: SR3Mu/Central/METv/py in Skim_TriLep_DYJets10to50.root
2026-01-07 11:51:30,408 - INFO - [2022EE] MISSING_CENTRAL: SR3Mu/Central/METv/py in Skim_TriLep_DYJets10to50.root
2026-01-07 18:48:09,482 - INFO - [2022EE] MISSING_CENTRAL: SR3Mu/Central/METv/py in Skim_TriLep_DYJets10to50.root
2026-01-07 19:30:20,336 - INFO - [2022EE] MISSING_CENTRAL: SR3Mu/Central/METv/py in Skim_TriLep_DYJets10to50.root
2026-01-09 12:22:46,735 - INFO - [2022EE] MISSING_CENTRAL: SR3Mu/Central/METv/py in Skim_TriLep_DYJets10to50.root
2026-01-11 09:42:49,411 - INFO - [2022EE] MISSING_CENTRAL: SR3Mu/Central/METv/py in Skim_TriLep_DYJets10to50.root
2026-01-12 13:51:33,885 - INFO - [2022EE] MISSING_FILE: /home/choij/Sync/workspace/ChargedHiggsAnalysisV3/SKNanoOutput/MatrixSelector/Run3Mu/2022EE/Skim_TriLep_Muon_E.root
2026-01-12 13:51:33,885 - INFO - [2022EE] MISSING_FILE: /home/choij/Sync/workspace/ChargedHiggsAnalysisV3/SKNanoOutput/MatrixSelector/Run3Mu/2022EE/Skim_TriLep_Muon_F.root
2026-01-12 13:51:33,885 - INFO - [2022EE] MISSING_FILE: /home/choij/Sync/workspace/ChargedHiggsAnalysisV3/SKNanoOutput/MatrixSelector/Run3Mu/2022EE/Skim_TriLep_Muon_G.root
2026-01-12 13:51:33,916 - INFO - [2022EE] MISSING_CENTRAL: SR3Mu/Central/METv/py in Skim_TriLep_DYJets10to50.root
