2025-11-07 13:11:19,784 - INFO - [2022EE] MISSING_FILE: /home/choij/Sync/workspace/ChargedHiggsAnalysisV3/SKNanoOutput/PromptSelector/Run3Mu/2022EE/Skim_TriLep_Muon_E.root
2025-11-07 13:11:19,784 - INFO - [2022EE] MISSING_FILE: /home/choij/Sync/workspace/ChargedHiggsAnalysisV3/SKNanoOutput/PromptSelector/Run3Mu/2022EE/Skim_TriLep_Muon_F.root
2025-11-07 13:11:19,784 - INFO - [2022EE] MISSING_FILE: /home/choij/Sync/workspace/ChargedHiggsAnalysisV3/SKNanoOutput/PromptSelector/Run3Mu/2022EE/Skim_TriLep_Muon_G.root
2025-11-07 14:08:57,040 - INFO - [2022EE] MISSING_FILE: /home/choij/Sync/workspace/ChargedHiggsAnalysisV3/SKNanoOutput/PromptSelector/Run3Mu/2022EE/Skim_TriLep_Muon_E.root
2025-11-07 14:08:57,040 - INFO - [2022EE] MISSING_FILE: /home/choij/Sync/workspace/ChargedHiggsAnalysisV3/SKNanoOutput/PromptSelector/Run3Mu/2022EE/Skim_TriLep_Muon_F.root
2025-11-07 14:08:57,040 - INFO - [2022EE] MISSING_FILE: /home/choij/Sync/workspace/ChargedHiggsAnalysisV3/SKNanoOutput/PromptSelector/Run3Mu/2022EE/Skim_TriLep_Muon_G.root
2025-11-10 12:24:39,537 - INFO - [2022EE] MISSING_FILE: /home/choij/Sync/workspace/ChargedHiggsAnalysisV3/SKNanoOutput/PromptSelector/Run3Mu/2022EE/Skim_TriLep_Muon_F.root
2025-11-10 12:24:39,611 - INFO - [2022EE] MISSING_CENTRAL: SR3Mu/Central/MHc130_MA90/score_nonprompt in Skim_TriLep_DYJets10to50.root
2025-11-10 12:24:39,635 - INFO - [2022EE] MISSING_CENTRAL: SR3Mu/Central/MHc130_MA90/score_nonprompt in Skim_TriLep_DYGTo2LG_MLL50_PTG100to200.root
2025-11-13 11:14:33,478 - INFO - [2022EE] MISSING_CENTRAL: SR3Mu/Central/MHc130_MA90/score_nonprompt in Skim_TriLep_DYJets10to50.root
2025-11-13 11:14:33,553 - INFO - [2022EE] MISSING_CENTRAL: SR3Mu/Central/MHc130_MA90/score_nonprompt in Skim_TriLep_DYGTo2LG_MLL50_PTG100to200.root
2025-11-13 19:55:34,858 - INFO - [2022EE] MISSING_CENTRAL: SR3Mu/Central/MHc130_MA90/score_nonprompt in Skim_TriLep_DYJets10to50.root
2025-11-13 19:55:34,885 - INFO - [2022EE] MISSING_CENTRAL: SR3Mu/Central/MHc130_MA90/score_nonprompt in Skim_TriLep_DYGTo2LG_MLL50_PTG100to200.root
2025-11-13 20:02:29,440 - INFO - [2022EE] MISSING_CENTRAL: SR3Mu/Central/MHc130_MA90/score_nonprompt in Skim_TriLep_DYJets10to50.root
2025-11-13 20:02:29,463 - INFO - [2022EE] MISSING_CENTRAL: SR3Mu/Central/MHc130_MA90/score_nonprompt in Skim_TriLep_DYGTo2LG_MLL50_PTG100to200.root
2025-11-19 16:27:07,628 - INFO - [2022EE] MISSING_CENTRAL: SR3Mu/Central/MHc130_MA90/score_nonprompt in Skim_TriLep_DYJets10to50.root
2025-11-19 16:27:07,675 - INFO - [2022EE] MISSING_CENTRAL: SR3Mu/Central/MHc130_MA90/score_nonprompt in Skim_TriLep_DYGTo2LG_MLL50_PTG100to200.root
2025-12-17 22:41:51,427 - INFO - [2022EE] MISSING_CENTRAL: SR3Mu/Central/MHc130_MA90/score_nonprompt in Skim_TriLep_DYJets10to50.root
2025-12-18 14:27:00,409 - INFO - [2022EE] MISSING_CENTRAL: SR3Mu/Central/MHc130_MA90/score_nonprompt in Skim_TriLep_DYJets10to50.root
2025-12-18 14:42:22,096 - INFO - [2022EE] MISSING_CENTRAL: SR3Mu/Central/MHc130_MA90/score_nonprompt in Skim_TriLep_DYJets10to50.root
2026-01-07 11:51:36,322 - INFO - [2022EE] MISSING_CENTRAL: SR3Mu/Central/MHc130_MA90/score_nonprompt in Skim_TriLep_DYJets10to50.root
2026-01-07 18:48:14,724 - INFO - [2022EE] MISSING_CENTRAL: SR3Mu/Central/MHc130_MA90/score_nonprompt in Skim_TriLep_DYJets10to50.root
2026-01-07 19:30:25,717 - INFO - [2022EE] MISSING_CENTRAL: SR3Mu/Central/MHc130_MA90/score_nonprompt in Skim_TriLep_DYJets10to50.root
2026-01-09 12:22:50,284 - INFO - [2022EE] MISSING_CENTRAL: SR3Mu/Central/MHc130_MA90/score_nonprompt in Skim_TriLep_DYJets10to50.root
