2025-11-07 13:11:19,656 - INFO - [2022EE] MISSING_FILE: /home/choij/Sync/workspace/ChargedHiggsAnalysisV3/SKNanoOutput/PromptSelector/Run3Mu/2022EE/Skim_TriLep_Muon_E.root
2025-11-07 13:11:19,656 - INFO - [2022EE] MISSING_FILE: /home/choij/Sync/workspace/ChargedHiggsAnalysisV3/SKNanoOutput/PromptSelector/Run3Mu/2022EE/Skim_TriLep_Muon_F.root
2025-11-07 13:11:19,656 - INFO - [2022EE] MISSING_FILE: /home/choij/Sync/workspace/ChargedHiggsAnalysisV3/SKNanoOutput/PromptSelector/Run3Mu/2022EE/Skim_TriLep_Muon_G.root
2025-11-07 14:08:56,950 - INFO - [2022EE] MISSING_FILE: /home/choij/Sync/workspace/ChargedHiggsAnalysisV3/SKNanoOutput/PromptSelector/Run3Mu/2022EE/Skim_TriLep_Muon_E.root
2025-11-07 14:08:56,950 - INFO - [2022EE] MISSING_FILE: /home/choij/Sync/workspace/ChargedHiggsAnalysisV3/SKNanoOutput/PromptSelector/Run3Mu/2022EE/Skim_TriLep_Muon_F.root
2025-11-07 14:08:56,951 - INFO - [2022EE] MISSING_FILE: /home/choij/Sync/workspace/ChargedHiggsAnalysisV3/SKNanoOutput/PromptSelector/Run3Mu/2022EE/Skim_TriLep_Muon_G.root
2025-11-10 12:24:39,773 - INFO - [2022EE] MISSING_FILE: /home/choij/Sync/workspace/ChargedHiggsAnalysisV3/SKNanoOutput/PromptSelector/Run3Mu/2022EE/Skim_TriLep_Muon_F.root
2025-11-10 12:24:39,829 - INFO - [2022EE] MISSING_CENTRAL: SR3Mu/Central/MHc145_MA92/score_signal in Skim_TriLep_DYJets10to50.root
2025-11-10 12:24:39,881 - INFO - [2022EE] MISSING_CENTRAL: SR3Mu/Central/MHc145_MA92/score_signal in Skim_TriLep_DYGTo2LG_MLL50_PTG100to200.root
2025-11-13 11:14:34,350 - INFO - [2022EE] MISSING_CENTRAL: SR3Mu/Central/MHc145_MA92/score_signal in Skim_TriLep_DYJets10to50.root
2025-11-13 11:14:34,467 - INFO - [2022EE] MISSING_CENTRAL: SR3Mu/Central/MHc145_MA92/score_signal in Skim_TriLep_DYGTo2LG_MLL50_PTG100to200.root
2025-11-13 19:55:35,373 - INFO - [2022EE] MISSING_CENTRAL: SR3Mu/Central/MHc145_MA92/score_signal in Skim_TriLep_DYJets10to50.root
2025-11-13 19:55:35,413 - INFO - [2022EE] MISSING_CENTRAL: SR3Mu/Central/MHc145_MA92/score_signal in Skim_TriLep_DYGTo2LG_MLL50_PTG100to200.root
2025-11-13 20:02:29,888 - INFO - [2022EE] MISSING_CENTRAL: SR3Mu/Central/MHc145_MA92/score_signal in Skim_TriLep_DYJets10to50.root
2025-11-13 20:02:29,911 - INFO - [2022EE] MISSING_CENTRAL: SR3Mu/Central/MHc145_MA92/score_signal in Skim_TriLep_DYGTo2LG_MLL50_PTG100to200.root
2025-11-19 16:27:08,195 - INFO - [2022EE] MISSING_CENTRAL: SR3Mu/Central/MHc145_MA92/score_signal in Skim_TriLep_DYJets10to50.root
2025-11-19 16:27:08,219 - INFO - [2022EE] MISSING_CENTRAL: SR3Mu/Central/MHc145_MA92/score_signal in Skim_TriLep_DYGTo2LG_MLL50_PTG100to200.root
2025-12-17 22:41:51,685 - INFO - [2022EE] MISSING_CENTRAL: SR3Mu/Central/MHc145_MA92/score_signal in Skim_TriLep_DYJets10to50.root
2025-12-18 14:27:01,217 - INFO - [2022EE] MISSING_CENTRAL: SR3Mu/Central/MHc145_MA92/score_signal in Skim_TriLep_DYJets10to50.root
2025-12-18 14:42:22,228 - INFO - [2022EE] MISSING_CENTRAL: SR3Mu/Central/MHc145_MA92/score_signal in Skim_TriLep_DYJets10to50.root
2026-01-07 11:51:36,006 - INFO - [2022EE] MISSING_CENTRAL: SR3Mu/Central/MHc145_MA92/score_signal in Skim_TriLep_DYJets10to50.root
2026-01-07 18:48:14,972 - INFO - [2022EE] MISSING_CENTRAL: SR3Mu/Central/MHc145_MA92/score_signal in Skim_TriLep_DYJets10to50.root
2026-01-07 19:30:25,790 - INFO - [2022EE] MISSING_CENTRAL: SR3Mu/Central/MHc145_MA92/score_signal in Skim_TriLep_DYJets10to50.root
2026-01-09 12:22:52,252 - INFO - [2022EE] MISSING_CENTRAL: SR3Mu/Central/MHc145_MA92/score_signal in Skim_TriLep_DYJets10to50.root
2026-01-11 09:42:54,865 - INFO - [2022EE] MISSING_CENTRAL: SR3Mu/Central/MHc145_MA92/score_signal in Skim_TriLep_DYJets10to50.root
2026-01-12 13:51:39,789 - INFO - [2022EE] MISSING_FILE: /home/choij/Sync/workspace/ChargedHiggsAnalysisV3/SKNanoOutput/MatrixSelector/Run3Mu/2022EE/Skim_TriLep_Muon_E.root
2026-01-12 13:51:39,790 - INFO - [2022EE] MISSING_FILE: /home/choij/Sync/workspace/ChargedHiggsAnalysisV3/SKNanoOutput/MatrixSelector/Run3Mu/2022EE/Skim_TriLep_Muon_F.root
2026-01-12 13:51:39,790 - INFO - [2022EE] MISSING_FILE: /home/choij/Sync/workspace/ChargedHiggsAnalysisV3/SKNanoOutput/MatrixSelector/Run3Mu/2022EE/Skim_TriLep_Muon_G.root
2026-01-12 13:51:39,811 - INFO - [2022EE] MISSING_CENTRAL: SR3Mu/Central/MHc145_MA92/score_signal in Skim_TriLep_DYJets10to50.root
2026-01-16 19:06:34,068 - INFO - [2022EE] MISSING_CENTRAL: SR3Mu/Central/MHc145_MA92/score_signal in Skim_TriLep_DYJets10to50.root
