2025-11-07 13:11:19,434 - INFO - [2022EE] MISSING_FILE: /home/choij/Sync/workspace/ChargedHiggsAnalysisV3/SKNanoOutput/PromptSelector/Run3Mu/2022EE/Skim_TriLep_Muon_E.root
2025-11-07 13:11:19,434 - INFO - [2022EE] MISSING_FILE: /home/choij/Sync/workspace/ChargedHiggsAnalysisV3/SKNanoOutput/PromptSelector/Run3Mu/2022EE/Skim_TriLep_Muon_F.root
2025-11-07 13:11:19,434 - INFO - [2022EE] MISSING_FILE: /home/choij/Sync/workspace/ChargedHiggsAnalysisV3/SKNanoOutput/PromptSelector/Run3Mu/2022EE/Skim_TriLep_Muon_G.root
2025-11-07 14:08:57,480 - INFO - [2022EE] MISSING_FILE: /home/choij/Sync/workspace/ChargedHiggsAnalysisV3/SKNanoOutput/PromptSelector/Run3Mu/2022EE/Skim_TriLep_Muon_E.root
2025-11-07 14:08:57,480 - INFO - [2022EE] MISSING_FILE: /home/choij/Sync/workspace/ChargedHiggsAnalysisV3/SKNanoOutput/PromptSelector/Run3Mu/2022EE/Skim_TriLep_Muon_F.root
2025-11-07 14:08:57,480 - INFO - [2022EE] MISSING_FILE: /home/choij/Sync/workspace/ChargedHiggsAnalysisV3/SKNanoOutput/PromptSelector/Run3Mu/2022EE/Skim_TriLep_Muon_G.root
2025-11-10 12:24:39,728 - INFO - [2022EE] MISSING_FILE: /home/choij/Sync/workspace/ChargedHiggsAnalysisV3/SKNanoOutput/PromptSelector/Run3Mu/2022EE/Skim_TriLep_Muon_F.root
2025-11-10 12:24:39,769 - INFO - [2022EE] MISSING_CENTRAL: SR3Mu/Central/MHc145_MA92/score_nonprompt in Skim_TriLep_DYJets10to50.root
2025-11-10 12:24:39,784 - INFO - [2022EE] MISSING_CENTRAL: SR3Mu/Central/MHc145_MA92/score_nonprompt in Skim_TriLep_DYGTo2LG_MLL50_PTG100to200.root
2025-11-13 11:14:34,004 - INFO - [2022EE] MISSING_CENTRAL: SR3Mu/Central/MHc145_MA92/score_nonprompt in Skim_TriLep_DYJets10to50.root
2025-11-13 11:14:34,046 - INFO - [2022EE] MISSING_CENTRAL: SR3Mu/Central/MHc145_MA92/score_nonprompt in Skim_TriLep_DYGTo2LG_MLL50_PTG100to200.root
2025-11-13 19:55:35,266 - INFO - [2022EE] MISSING_CENTRAL: SR3Mu/Central/MHc145_MA92/score_nonprompt in Skim_TriLep_DYJets10to50.root
2025-11-13 19:55:35,290 - INFO - [2022EE] MISSING_CENTRAL: SR3Mu/Central/MHc145_MA92/score_nonprompt in Skim_TriLep_DYGTo2LG_MLL50_PTG100to200.root
2025-11-13 20:02:29,893 - INFO - [2022EE] MISSING_CENTRAL: SR3Mu/Central/MHc145_MA92/score_nonprompt in Skim_TriLep_DYJets10to50.root
2025-11-13 20:02:29,915 - INFO - [2022EE] MISSING_CENTRAL: SR3Mu/Central/MHc145_MA92/score_nonprompt in Skim_TriLep_DYGTo2LG_MLL50_PTG100to200.root
2025-11-19 16:27:08,120 - INFO - [2022EE] MISSING_CENTRAL: SR3Mu/Central/MHc145_MA92/score_nonprompt in Skim_TriLep_DYJets10to50.root
2025-11-19 16:27:08,145 - INFO - [2022EE] MISSING_CENTRAL: SR3Mu/Central/MHc145_MA92/score_nonprompt in Skim_TriLep_DYGTo2LG_MLL50_PTG100to200.root
2025-12-17 22:41:51,528 - INFO - [2022EE] MISSING_CENTRAL: SR3Mu/Central/MHc145_MA92/score_nonprompt in Skim_TriLep_DYJets10to50.root
2025-12-18 14:27:00,820 - INFO - [2022EE] MISSING_CENTRAL: SR3Mu/Central/MHc145_MA92/score_nonprompt in Skim_TriLep_DYJets10to50.root
2025-12-18 14:42:22,030 - INFO - [2022EE] MISSING_CENTRAL: SR3Mu/Central/MHc145_MA92/score_nonprompt in Skim_TriLep_DYJets10to50.root
