2025-12-16 14:50:23,735 - INFO - [2016preVFP] MISSING_CENTRAL: DIMU/Central/bjets/2/pt in WJets.root
2025-12-16 14:50:23,758 - INFO - [2016preVFP] MISSING_CENTRAL: DIMU/Central/bjets/2/pt in DYJets10to50.root
2025-12-16 14:50:23,822 - INFO - [2016preVFP] MISSING_CENTRAL: DIMU/L1Prefire_NotImplemented/bjets/2/pt in WJets.root
2025-12-16 14:50:23,824 - INFO - [2016preVFP] MISSING_CENTRAL: DIMU/L1Prefire_NotImplemented/bjets/2/pt in DYJets10to50.root
2025-12-16 14:50:23,832 - INFO - [2016postVFP] MISSING_CENTRAL: DIMU/L1Prefire_NotImplemented/bjets/2/pt in WJets.root
2025-12-16 14:50:23,833 - INFO - [2016postVFP] MISSING_CENTRAL: DIMU/L1Prefire_NotImplemented/bjets/2/pt in DYJets10to50.root
2025-12-16 14:50:23,842 - INFO - [2016postVFP] MISSING_CENTRAL: DIMU/Central/bjets/2/pt in WJets.root
2025-12-16 14:50:23,842 - INFO - [2017] MISSING_CENTRAL: DIMU/L1Prefire_NotImplemented/bjets/2/pt in WJets.root
2025-12-16 14:50:23,851 - INFO - [2016postVFP] MISSING_CENTRAL: DIMU/Central/bjets/2/pt in DYJets10to50.root
2025-12-16 14:50:23,852 - INFO - [2018] MISSING_CENTRAL: DIMU/L1Prefire_NotImplemented/bjets/2/pt in WJets.root
2025-12-16 14:50:23,938 - INFO - [2017] MISSING_CENTRAL: DIMU/Central/bjets/2/pt in WJets.root
2025-12-16 14:50:24,045 - INFO - [2018] MISSING_CENTRAL: DIMU/Central/bjets/2/pt in WJets.root
2025-12-16 14:50:24,479 - INFO - [2016preVFP] MISSING_CENTRAL: DIMU/PileupReweight_NotImplemented/bjets/2/pt in WJets.root
2025-12-16 14:50:24,480 - INFO - [2016preVFP] MISSING_CENTRAL: DIMU/PileupReweight_NotImplemented/bjets/2/pt in DYJets10to50.root
2025-12-16 14:50:24,488 - INFO - [2016postVFP] MISSING_CENTRAL: DIMU/PileupReweight_NotImplemented/bjets/2/pt in WJets.root
2025-12-16 14:50:24,490 - INFO - [2016postVFP] MISSING_CENTRAL: DIMU/PileupReweight_NotImplemented/bjets/2/pt in DYJets10to50.root
2025-12-16 14:50:24,499 - INFO - [2017] MISSING_CENTRAL: DIMU/PileupReweight_NotImplemented/bjets/2/pt in WJets.root
2025-12-16 14:50:24,509 - INFO - [2018] MISSING_CENTRAL: DIMU/PileupReweight_NotImplemented/bjets/2/pt in WJets.root
2025-12-16 14:50:24,573 - INFO - [2016preVFP] MISSING_CENTRAL: DIMU/MuonIDSF_NotImplemented/bjets/2/pt in WJets.root
2025-12-16 14:50:24,575 - INFO - [2016preVFP] MISSING_CENTRAL: DIMU/MuonIDSF_NotImplemented/bjets/2/pt in DYJets10to50.root
2025-12-16 14:50:24,583 - INFO - [2016postVFP] MISSING_CENTRAL: DIMU/MuonIDSF_NotImplemented/bjets/2/pt in WJets.root
2025-12-16 14:50:24,584 - INFO - [2016postVFP] MISSING_CENTRAL: DIMU/MuonIDSF_NotImplemented/bjets/2/pt in DYJets10to50.root
2025-12-16 14:50:24,594 - INFO - [2017] MISSING_CENTRAL: DIMU/MuonIDSF_NotImplemented/bjets/2/pt in WJets.root
2025-12-16 14:50:24,604 - INFO - [2018] MISSING_CENTRAL: DIMU/MuonIDSF_NotImplemented/bjets/2/pt in WJets.root
2025-12-16 14:50:24,801 - INFO - [2016preVFP] MISSING_CENTRAL: DIMU/DblMuTrigSF_NotImplemented/bjets/2/pt in WJets.root
2025-12-16 14:50:24,802 - INFO - [2016preVFP] MISSING_CENTRAL: DIMU/DblMuTrigSF_NotImplemented/bjets/2/pt in DYJets10to50.root
2025-12-16 14:50:24,811 - INFO - [2016postVFP] MISSING_CENTRAL: DIMU/DblMuTrigSF_NotImplemented/bjets/2/pt in WJets.root
2025-12-16 14:50:24,812 - INFO - [2016postVFP] MISSING_CENTRAL: DIMU/DblMuTrigSF_NotImplemented/bjets/2/pt in DYJets10to50.root
2025-12-16 14:50:24,821 - INFO - [2017] MISSING_CENTRAL: DIMU/DblMuTrigSF_NotImplemented/bjets/2/pt in WJets.root
2025-12-16 14:50:24,831 - INFO - [2018] MISSING_CENTRAL: DIMU/DblMuTrigSF_NotImplemented/bjets/2/pt in WJets.root
2026-01-09 12:47:33,857 - INFO - [2016preVFP] MISSING_CENTRAL: DIMU/L1Prefire_NotImplemented/bjets/2/pt in WJets.root
2026-01-09 12:47:33,858 - INFO - [2016preVFP] MISSING_CENTRAL: DIMU/L1Prefire_NotImplemented/bjets/2/pt in DYJets10to50.root
2026-01-09 12:47:33,863 - INFO - [2016postVFP] MISSING_CENTRAL: DIMU/L1Prefire_NotImplemented/bjets/2/pt in WJets.root
2026-01-09 12:47:33,864 - INFO - [2016postVFP] MISSING_CENTRAL: DIMU/L1Prefire_NotImplemented/bjets/2/pt in DYJets10to50.root
2026-01-09 12:47:33,869 - INFO - [2017] MISSING_CENTRAL: DIMU/L1Prefire_NotImplemented/bjets/2/pt in WJets.root
2026-01-09 12:47:33,875 - INFO - [2018] MISSING_CENTRAL: DIMU/L1Prefire_NotImplemented/bjets/2/pt in WJets.root
2026-01-09 12:47:33,881 - INFO - [2016preVFP] MISSING_CENTRAL: DIMU/Central/bjets/2/pt in WJets.root
2026-01-09 12:47:33,897 - INFO - [2016preVFP] MISSING_CENTRAL: DIMU/Central/bjets/2/pt in DYJets10to50.root
2026-01-09 12:47:33,952 - INFO - [2016postVFP] MISSING_CENTRAL: DIMU/Central/bjets/2/pt in WJets.root
2026-01-09 12:47:33,959 - INFO - [2016postVFP] MISSING_CENTRAL: DIMU/Central/bjets/2/pt in DYJets10to50.root
2026-01-09 12:47:34,016 - INFO - [2017] MISSING_CENTRAL: DIMU/Central/bjets/2/pt in WJets.root
2026-01-09 12:47:34,089 - INFO - [2018] MISSING_CENTRAL: DIMU/Central/bjets/2/pt in WJets.root
2026-01-09 12:47:34,520 - INFO - [2016preVFP] MISSING_CENTRAL: DIMU/PileupReweight_NotImplemented/bjets/2/pt in WJets.root
2026-01-09 12:47:34,520 - INFO - [2016preVFP] MISSING_CENTRAL: DIMU/PileupReweight_NotImplemented/bjets/2/pt in DYJets10to50.root
2026-01-09 12:47:34,525 - INFO - [2016postVFP] MISSING_CENTRAL: DIMU/PileupReweight_NotImplemented/bjets/2/pt in WJets.root
2026-01-09 12:47:34,526 - INFO - [2016postVFP] MISSING_CENTRAL: DIMU/PileupReweight_NotImplemented/bjets/2/pt in DYJets10to50.root
2026-01-09 12:47:34,531 - INFO - [2017] MISSING_CENTRAL: DIMU/PileupReweight_NotImplemented/bjets/2/pt in WJets.root
2026-01-09 12:47:34,536 - INFO - [2018] MISSING_CENTRAL: DIMU/PileupReweight_NotImplemented/bjets/2/pt in WJets.root
2026-01-09 12:47:34,683 - INFO - [2016preVFP] MISSING_CENTRAL: DIMU/MuonIDSF_NotImplemented/bjets/2/pt in WJets.root
2026-01-09 12:47:34,684 - INFO - [2016preVFP] MISSING_CENTRAL: DIMU/MuonIDSF_NotImplemented/bjets/2/pt in DYJets10to50.root
2026-01-09 12:47:34,688 - INFO - [2016postVFP] MISSING_CENTRAL: DIMU/MuonIDSF_NotImplemented/bjets/2/pt in WJets.root
2026-01-09 12:47:34,689 - INFO - [2016postVFP] MISSING_CENTRAL: DIMU/MuonIDSF_NotImplemented/bjets/2/pt in DYJets10to50.root
2026-01-09 12:47:34,694 - INFO - [2017] MISSING_CENTRAL: DIMU/MuonIDSF_NotImplemented/bjets/2/pt in WJets.root
2026-01-09 12:47:34,700 - INFO - [2018] MISSING_CENTRAL: DIMU/MuonIDSF_NotImplemented/bjets/2/pt in WJets.root
2026-01-09 12:47:34,733 - INFO - [2016preVFP] MISSING_CENTRAL: DIMU/DblMuTrigSF_NotImplemented/bjets/2/pt in WJets.root
2026-01-09 12:47:34,734 - INFO - [2016preVFP] MISSING_CENTRAL: DIMU/DblMuTrigSF_NotImplemented/bjets/2/pt in DYJets10to50.root
2026-01-09 12:47:34,739 - INFO - [2016postVFP] MISSING_CENTRAL: DIMU/DblMuTrigSF_NotImplemented/bjets/2/pt in WJets.root
2026-01-09 12:47:34,740 - INFO - [2016postVFP] MISSING_CENTRAL: DIMU/DblMuTrigSF_NotImplemented/bjets/2/pt in DYJets10to50.root
2026-01-09 12:47:34,745 - INFO - [2017] MISSING_CENTRAL: DIMU/DblMuTrigSF_NotImplemented/bjets/2/pt in WJets.root
2026-01-09 12:47:34,750 - INFO - [2018] MISSING_CENTRAL: DIMU/DblMuTrigSF_NotImplemented/bjets/2/pt in WJets.root
2026-01-21 09:32:01,919 - INFO - [2016preVFP] MISSING_CENTRAL: DIMU/Central/bjets/2/pt in WJets.root
2026-01-21 09:32:01,940 - INFO - [2016preVFP] MISSING_CENTRAL: DIMU/Central/bjets/2/pt in DYJets10to50.root
2026-01-21 09:32:02,035 - INFO - [2016postVFP] MISSING_CENTRAL: DIMU/Central/bjets/2/pt in WJets.root
2026-01-21 09:32:02,050 - INFO - [2016postVFP] MISSING_CENTRAL: DIMU/Central/bjets/2/pt in DYJets10to50.root
2026-01-21 09:32:02,178 - INFO - [2017] MISSING_CENTRAL: DIMU/Central/bjets/2/pt in WJets.root
2026-01-21 09:32:02,216 - INFO - [2016preVFP] MISSING_CENTRAL: DIMU/L1Prefire_NotImplemented/bjets/2/pt in WJets.root
2026-01-21 09:32:02,217 - INFO - [2016preVFP] MISSING_CENTRAL: DIMU/L1Prefire_NotImplemented/bjets/2/pt in DYJets10to50.root
2026-01-21 09:32:02,226 - INFO - [2016postVFP] MISSING_CENTRAL: DIMU/L1Prefire_NotImplemented/bjets/2/pt in WJets.root
2026-01-21 09:32:02,227 - INFO - [2016postVFP] MISSING_CENTRAL: DIMU/L1Prefire_NotImplemented/bjets/2/pt in DYJets10to50.root
2026-01-21 09:32:02,237 - INFO - [2017] MISSING_CENTRAL: DIMU/L1Prefire_NotImplemented/bjets/2/pt in WJets.root
2026-01-21 09:32:02,247 - INFO - [2018] MISSING_CENTRAL: DIMU/L1Prefire_NotImplemented/bjets/2/pt in WJets.root
2026-01-21 09:32:02,284 - INFO - [2018] MISSING_CENTRAL: DIMU/Central/bjets/2/pt in WJets.root
2026-01-21 09:32:02,619 - INFO - [2016preVFP] MISSING_CENTRAL: DIMU/PileupReweight_NotImplemented/bjets/2/pt in WJets.root
2026-01-21 09:32:02,621 - INFO - [2016preVFP] MISSING_CENTRAL: DIMU/PileupReweight_NotImplemented/bjets/2/pt in DYJets10to50.root
2026-01-21 09:32:02,629 - INFO - [2016postVFP] MISSING_CENTRAL: DIMU/PileupReweight_NotImplemented/bjets/2/pt in WJets.root
2026-01-21 09:32:02,630 - INFO - [2016postVFP] MISSING_CENTRAL: DIMU/PileupReweight_NotImplemented/bjets/2/pt in DYJets10to50.root
2026-01-21 09:32:02,640 - INFO - [2017] MISSING_CENTRAL: DIMU/PileupReweight_NotImplemented/bjets/2/pt in WJets.root
2026-01-21 09:32:02,650 - INFO - [2018] MISSING_CENTRAL: DIMU/PileupReweight_NotImplemented/bjets/2/pt in WJets.root
2026-01-21 09:32:03,177 - INFO - [2016preVFP] MISSING_CENTRAL: DIMU/MuonIDSF_NotImplemented/bjets/2/pt in WJets.root
2026-01-21 09:32:03,178 - INFO - [2016preVFP] MISSING_CENTRAL: DIMU/MuonIDSF_NotImplemented/bjets/2/pt in DYJets10to50.root
2026-01-21 09:32:03,186 - INFO - [2016postVFP] MISSING_CENTRAL: DIMU/MuonIDSF_NotImplemented/bjets/2/pt in WJets.root
2026-01-21 09:32:03,188 - INFO - [2016postVFP] MISSING_CENTRAL: DIMU/MuonIDSF_NotImplemented/bjets/2/pt in DYJets10to50.root
2026-01-21 09:32:03,197 - INFO - [2017] MISSING_CENTRAL: DIMU/MuonIDSF_NotImplemented/bjets/2/pt in WJets.root
2026-01-21 09:32:03,207 - INFO - [2018] MISSING_CENTRAL: DIMU/MuonIDSF_NotImplemented/bjets/2/pt in WJets.root
2026-01-21 09:32:03,549 - INFO - [2016preVFP] MISSING_CENTRAL: DIMU/DblMuTrigSF_NotImplemented/bjets/2/pt in WJets.root
2026-01-21 09:32:03,552 - INFO - [2016preVFP] MISSING_CENTRAL: DIMU/DblMuTrigSF_NotImplemented/bjets/2/pt in DYJets10to50.root
2026-01-21 09:32:03,564 - INFO - [2016postVFP] MISSING_CENTRAL: DIMU/DblMuTrigSF_NotImplemented/bjets/2/pt in WJets.root
2026-01-21 09:32:03,566 - INFO - [2016postVFP] MISSING_CENTRAL: DIMU/DblMuTrigSF_NotImplemented/bjets/2/pt in DYJets10to50.root
2026-01-21 09:32:03,581 - INFO - [2017] MISSING_CENTRAL: DIMU/DblMuTrigSF_NotImplemented/bjets/2/pt in WJets.root
2026-01-21 09:32:03,596 - INFO - [2018] MISSING_CENTRAL: DIMU/DblMuTrigSF_NotImplemented/bjets/2/pt in WJets.root
2026-01-28 14:40:24,104 - INFO - [2016preVFP] MISSING_CENTRAL: DIMU/Central/bjets/2/pt in WJets.root
2026-01-28 14:40:24,123 - INFO - [2016preVFP] MISSING_CENTRAL: DIMU/Central/bjets/2/pt in DYJets10to50.root
2026-01-28 14:40:24,216 - INFO - [2016postVFP] MISSING_CENTRAL: DIMU/Central/bjets/2/pt in WJets.root
2026-01-28 14:40:24,228 - INFO - [2016postVFP] MISSING_CENTRAL: DIMU/Central/bjets/2/pt in DYJets10to50.root
2026-01-28 14:40:24,333 - INFO - [2017] MISSING_CENTRAL: DIMU/Central/bjets/2/pt in WJets.root
2026-01-28 14:40:24,463 - INFO - [2018] MISSING_CENTRAL: DIMU/Central/bjets/2/pt in WJets.root
2026-01-28 14:40:24,508 - INFO - [2016preVFP] MISSING_CENTRAL: DIMU/L1Prefire_NotImplemented/bjets/2/pt in WJets.root
2026-01-28 14:40:24,509 - INFO - [2016preVFP] MISSING_CENTRAL: DIMU/L1Prefire_NotImplemented/bjets/2/pt in DYJets10to50.root
2026-01-28 14:40:24,515 - INFO - [2016postVFP] MISSING_CENTRAL: DIMU/L1Prefire_NotImplemented/bjets/2/pt in WJets.root
2026-01-28 14:40:24,515 - INFO - [2016postVFP] MISSING_CENTRAL: DIMU/L1Prefire_NotImplemented/bjets/2/pt in DYJets10to50.root
2026-01-28 14:40:24,521 - INFO - [2017] MISSING_CENTRAL: DIMU/L1Prefire_NotImplemented/bjets/2/pt in WJets.root
2026-01-28 14:40:24,527 - INFO - [2018] MISSING_CENTRAL: DIMU/L1Prefire_NotImplemented/bjets/2/pt in WJets.root
2026-01-28 14:40:24,714 - INFO - [2016preVFP] MISSING_CENTRAL: DIMU/PileupReweight_NotImplemented/bjets/2/pt in WJets.root
2026-01-28 14:40:24,715 - INFO - [2016preVFP] MISSING_CENTRAL: DIMU/PileupReweight_NotImplemented/bjets/2/pt in DYJets10to50.root
2026-01-28 14:40:24,720 - INFO - [2016postVFP] MISSING_CENTRAL: DIMU/PileupReweight_NotImplemented/bjets/2/pt in WJets.root
2026-01-28 14:40:24,721 - INFO - [2016postVFP] MISSING_CENTRAL: DIMU/PileupReweight_NotImplemented/bjets/2/pt in DYJets10to50.root
2026-01-28 14:40:24,727 - INFO - [2017] MISSING_CENTRAL: DIMU/PileupReweight_NotImplemented/bjets/2/pt in WJets.root
2026-01-28 14:40:24,736 - INFO - [2018] MISSING_CENTRAL: DIMU/PileupReweight_NotImplemented/bjets/2/pt in WJets.root
2026-01-28 14:40:24,946 - INFO - [2016preVFP] MISSING_CENTRAL: DIMU/MuonIDSF_NotImplemented/bjets/2/pt in WJets.root
2026-01-28 14:40:24,948 - INFO - [2016preVFP] MISSING_CENTRAL: DIMU/MuonIDSF_NotImplemented/bjets/2/pt in DYJets10to50.root
2026-01-28 14:40:24,954 - INFO - [2016postVFP] MISSING_CENTRAL: DIMU/MuonIDSF_NotImplemented/bjets/2/pt in WJets.root
2026-01-28 14:40:24,955 - INFO - [2016postVFP] MISSING_CENTRAL: DIMU/MuonIDSF_NotImplemented/bjets/2/pt in DYJets10to50.root
2026-01-28 14:40:24,963 - INFO - [2017] MISSING_CENTRAL: DIMU/MuonIDSF_NotImplemented/bjets/2/pt in WJets.root
2026-01-28 14:40:24,970 - INFO - [2018] MISSING_CENTRAL: DIMU/MuonIDSF_NotImplemented/bjets/2/pt in WJets.root
2026-01-28 14:40:25,015 - INFO - [2016preVFP] MISSING_CENTRAL: DIMU/DblMuTrigSF_NotImplemented/bjets/2/pt in WJets.root
2026-01-28 14:40:25,016 - INFO - [2016preVFP] MISSING_CENTRAL: DIMU/DblMuTrigSF_NotImplemented/bjets/2/pt in DYJets10to50.root
2026-01-28 14:40:25,023 - INFO - [2016postVFP] MISSING_CENTRAL: DIMU/DblMuTrigSF_NotImplemented/bjets/2/pt in WJets.root
2026-01-28 14:40:25,025 - INFO - [2016postVFP] MISSING_CENTRAL: DIMU/DblMuTrigSF_NotImplemented/bjets/2/pt in DYJets10to50.root
2026-01-28 14:40:25,033 - INFO - [2017] MISSING_CENTRAL: DIMU/DblMuTrigSF_NotImplemented/bjets/2/pt in WJets.root
2026-01-28 14:40:25,041 - INFO - [2018] MISSING_CENTRAL: DIMU/DblMuTrigSF_NotImplemented/bjets/2/pt in WJets.root
