2025-12-16 14:50:16,644 - INFO - [2016preVFP] MISSING_CENTRAL: DIMU/Central/jets/4/phi in WJets.root
2025-12-16 14:50:16,656 - INFO - [2016preVFP] MISSING_CENTRAL: DIMU/L1Prefire_NotImplemented/jets/4/phi in WJets.root
2025-12-16 14:50:16,666 - INFO - [2016postVFP] MISSING_CENTRAL: DIMU/L1Prefire_NotImplemented/jets/4/phi in WJets.root
2025-12-16 14:50:16,686 - INFO - [2018] MISSING_CENTRAL: DIMU/L1Prefire_NotImplemented/jets/4/phi in WJets.root
2025-12-16 14:50:16,719 - INFO - [2016postVFP] MISSING_CENTRAL: DIMU/Central/jets/4/phi in WJets.root
2025-12-16 14:50:16,783 - INFO - [2017] MISSING_SYSTEMATIC: DIMU/JetEn_Down/jets/4/phi in WJets.root
2025-12-16 14:50:16,849 - INFO - [2018] MISSING_CENTRAL: DIMU/Central/jets/4/phi in WJets.root
2025-12-16 14:50:17,551 - INFO - [2016preVFP] MISSING_CENTRAL: DIMU/MuonIDSF_NotImplemented/jets/4/phi in WJets.root
2025-12-16 14:50:17,561 - INFO - [2016postVFP] MISSING_CENTRAL: DIMU/MuonIDSF_NotImplemented/jets/4/phi in WJets.root
2025-12-16 14:50:17,564 - INFO - [2016preVFP] MISSING_CENTRAL: DIMU/PileupReweight_NotImplemented/jets/4/phi in WJets.root
2025-12-16 14:50:17,574 - INFO - [2016postVFP] MISSING_CENTRAL: DIMU/PileupReweight_NotImplemented/jets/4/phi in WJets.root
2025-12-16 14:50:17,581 - INFO - [2018] MISSING_CENTRAL: DIMU/MuonIDSF_NotImplemented/jets/4/phi in WJets.root
2025-12-16 14:50:17,595 - INFO - [2018] MISSING_CENTRAL: DIMU/PileupReweight_NotImplemented/jets/4/phi in WJets.root
2025-12-16 14:50:17,908 - INFO - [2016preVFP] MISSING_CENTRAL: DIMU/DblMuTrigSF_NotImplemented/jets/4/phi in WJets.root
2025-12-16 14:50:17,918 - INFO - [2016postVFP] MISSING_CENTRAL: DIMU/DblMuTrigSF_NotImplemented/jets/4/phi in WJets.root
2025-12-16 14:50:17,939 - INFO - [2018] MISSING_CENTRAL: DIMU/DblMuTrigSF_NotImplemented/jets/4/phi in WJets.root
2026-01-09 12:47:28,654 - INFO - [2016preVFP] MISSING_CENTRAL: DIMU/Central/jets/4/phi in WJets.root
2026-01-09 12:47:28,703 - INFO - [2016postVFP] MISSING_CENTRAL: DIMU/Central/jets/4/phi in WJets.root
2026-01-09 12:47:28,745 - INFO - [2017] MISSING_SYSTEMATIC: DIMU/JetEn_Down/jets/4/phi in WJets.root
2026-01-09 12:47:28,789 - INFO - [2018] MISSING_CENTRAL: DIMU/Central/jets/4/phi in WJets.root
2026-01-09 12:47:29,183 - INFO - [2016preVFP] MISSING_CENTRAL: DIMU/L1Prefire_NotImplemented/jets/4/phi in WJets.root
2026-01-09 12:47:29,188 - INFO - [2016postVFP] MISSING_CENTRAL: DIMU/L1Prefire_NotImplemented/jets/4/phi in WJets.root
2026-01-09 12:47:29,199 - INFO - [2018] MISSING_CENTRAL: DIMU/L1Prefire_NotImplemented/jets/4/phi in WJets.root
2026-01-09 12:47:29,531 - INFO - [2016preVFP] MISSING_CENTRAL: DIMU/PileupReweight_NotImplemented/jets/4/phi in WJets.root
2026-01-09 12:47:29,536 - INFO - [2016postVFP] MISSING_CENTRAL: DIMU/PileupReweight_NotImplemented/jets/4/phi in WJets.root
2026-01-09 12:47:29,547 - INFO - [2018] MISSING_CENTRAL: DIMU/PileupReweight_NotImplemented/jets/4/phi in WJets.root
2026-01-09 12:47:29,576 - INFO - [2016preVFP] MISSING_CENTRAL: DIMU/MuonIDSF_NotImplemented/jets/4/phi in WJets.root
2026-01-09 12:47:29,581 - INFO - [2016postVFP] MISSING_CENTRAL: DIMU/MuonIDSF_NotImplemented/jets/4/phi in WJets.root
2026-01-09 12:47:29,592 - INFO - [2018] MISSING_CENTRAL: DIMU/MuonIDSF_NotImplemented/jets/4/phi in WJets.root
2026-01-09 12:47:29,663 - INFO - [2016preVFP] MISSING_CENTRAL: DIMU/DblMuTrigSF_NotImplemented/jets/4/phi in WJets.root
2026-01-09 12:47:29,668 - INFO - [2016postVFP] MISSING_CENTRAL: DIMU/DblMuTrigSF_NotImplemented/jets/4/phi in WJets.root
2026-01-09 12:47:29,679 - INFO - [2018] MISSING_CENTRAL: DIMU/DblMuTrigSF_NotImplemented/jets/4/phi in WJets.root
2026-01-21 09:31:53,258 - INFO - [2016preVFP] MISSING_CENTRAL: DIMU/Central/jets/4/phi in WJets.root
2026-01-21 09:31:53,343 - INFO - [2016postVFP] MISSING_CENTRAL: DIMU/Central/jets/4/phi in WJets.root
2026-01-21 09:31:53,412 - INFO - [2017] MISSING_SYSTEMATIC: DIMU/JetEn_Down/jets/4/phi in WJets.root
2026-01-21 09:31:53,484 - INFO - [2018] MISSING_CENTRAL: DIMU/Central/jets/4/phi in WJets.root
2026-01-21 09:31:53,778 - INFO - [2016preVFP] MISSING_CENTRAL: DIMU/L1Prefire_NotImplemented/jets/4/phi in WJets.root
2026-01-21 09:31:53,793 - INFO - [2016postVFP] MISSING_CENTRAL: DIMU/L1Prefire_NotImplemented/jets/4/phi in WJets.root
2026-01-21 09:31:53,833 - INFO - [2018] MISSING_CENTRAL: DIMU/L1Prefire_NotImplemented/jets/4/phi in WJets.root
2026-01-21 09:31:54,369 - INFO - [2016preVFP] MISSING_CENTRAL: DIMU/PileupReweight_NotImplemented/jets/4/phi in WJets.root
2026-01-21 09:31:54,379 - INFO - [2016postVFP] MISSING_CENTRAL: DIMU/PileupReweight_NotImplemented/jets/4/phi in WJets.root
2026-01-21 09:31:54,400 - INFO - [2018] MISSING_CENTRAL: DIMU/PileupReweight_NotImplemented/jets/4/phi in WJets.root
2026-01-21 09:31:54,686 - INFO - [2016preVFP] MISSING_CENTRAL: DIMU/MuonIDSF_NotImplemented/jets/4/phi in WJets.root
2026-01-21 09:31:54,696 - INFO - [2016postVFP] MISSING_CENTRAL: DIMU/MuonIDSF_NotImplemented/jets/4/phi in WJets.root
2026-01-21 09:31:54,718 - INFO - [2018] MISSING_CENTRAL: DIMU/MuonIDSF_NotImplemented/jets/4/phi in WJets.root
2026-01-21 09:31:54,732 - INFO - [2016preVFP] MISSING_CENTRAL: DIMU/DblMuTrigSF_NotImplemented/jets/4/phi in WJets.root
2026-01-21 09:31:54,745 - INFO - [2016postVFP] MISSING_CENTRAL: DIMU/DblMuTrigSF_NotImplemented/jets/4/phi in WJets.root
2026-01-21 09:31:54,813 - INFO - [2018] MISSING_CENTRAL: DIMU/DblMuTrigSF_NotImplemented/jets/4/phi in WJets.root
