2025-09-24 15:55:37,918 - INFO - [2022] MISSING_CENTRAL: WZ3Mu/Central/jets/3/eta in Skim_TriLep_DYJets.root
2025-09-24 15:55:37,918 - INFO - [2022] MISSING_CENTRAL: WZ3Mu/Central/jets/3/eta in Skim_TriLep_DYJets10to50.root
2025-09-24 15:55:37,918 - INFO - [2022] MISSING_CENTRAL: WZ3Mu/Central/jets/3/eta in Skim_TriLep_DYGTo2LG_MLL4to50_PTG10to100.root
2025-09-24 15:55:37,920 - INFO - [2022] MISSING_CENTRAL: WZ3Mu/Central/jets/3/eta in Skim_TriLep_DYGTo2LG_MLL4to50_PTG100to200.root
2025-09-24 15:55:37,920 - INFO - [2022] MISSING_CENTRAL: WZ3Mu/Central/jets/3/eta in Skim_TriLep_DYGTo2LG_MLL4to50_PTG200toInf.root
2025-09-24 15:55:37,921 - INFO - [2022] MISSING_CENTRAL: WZ3Mu/Central/jets/3/eta in Skim_TriLep_DYGTo2LG_MLL50_PTG10to100.root
2025-09-24 15:55:37,930 - INFO - [2022] MISSING_CENTRAL: WZ3Mu/Central/jets/3/eta in Skim_TriLep_DYGTo2LG_MLL50_PTG100to200.root
2025-09-24 15:55:37,931 - INFO - [2022] MISSING_CENTRAL: WZ3Mu/Central/jets/3/eta in Skim_TriLep_DYGTo2LG_MLL50_PTG200toInf.root
2025-09-24 15:55:37,940 - INFO - [2022] MISSING_CENTRAL: WZ3Mu/Central/jets/3/eta in Skim_TriLep_TTG_PTG100to200.root
2025-09-24 15:55:37,941 - INFO - [2022] MISSING_CENTRAL: WZ3Mu/Central/jets/3/eta in Skim_TriLep_TTG_PTG200toInf.root
2025-09-24 15:55:37,941 - INFO - [2022] MISSING_CENTRAL: WZ3Mu/Central/jets/3/eta in Skim_TriLep_TTWToLNu.root
2025-09-24 15:55:38,016 - INFO - [2022] MISSING_CENTRAL: WZ3Mu/Central/jets/3/eta in Skim_TriLep_WWW.root
2025-09-24 15:55:49,752 - INFO - [2022] MISSING_CENTRAL: WZ3Mu/Central/jets/3/eta in Skim_TriLep_DYJets.root
2025-09-24 15:55:49,752 - INFO - [2022] MISSING_CENTRAL: WZ3Mu/Central/jets/3/eta in Skim_TriLep_DYJets10to50.root
2025-09-24 15:55:49,753 - INFO - [2022] MISSING_CENTRAL: WZ3Mu/Central/jets/3/eta in Skim_TriLep_DYGTo2LG_MLL4to50_PTG10to100.root
2025-09-24 15:55:49,753 - INFO - [2022] MISSING_CENTRAL: WZ3Mu/Central/jets/3/eta in Skim_TriLep_DYGTo2LG_MLL4to50_PTG100to200.root
2025-09-24 15:55:49,753 - INFO - [2022] MISSING_CENTRAL: WZ3Mu/Central/jets/3/eta in Skim_TriLep_DYGTo2LG_MLL4to50_PTG200toInf.root
2025-09-24 15:55:49,753 - INFO - [2022] MISSING_CENTRAL: WZ3Mu/Central/jets/3/eta in Skim_TriLep_DYGTo2LG_MLL50_PTG10to100.root
2025-09-24 15:55:49,754 - INFO - [2022] MISSING_CENTRAL: WZ3Mu/Central/jets/3/eta in Skim_TriLep_DYGTo2LG_MLL50_PTG100to200.root
2025-09-24 15:55:49,754 - INFO - [2022] MISSING_CENTRAL: WZ3Mu/Central/jets/3/eta in Skim_TriLep_DYGTo2LG_MLL50_PTG200toInf.root
2025-09-24 15:55:49,754 - INFO - [2022] MISSING_CENTRAL: WZ3Mu/Central/jets/3/eta in Skim_TriLep_TTG_PTG100to200.root
2025-09-24 15:55:49,755 - INFO - [2022] MISSING_CENTRAL: WZ3Mu/Central/jets/3/eta in Skim_TriLep_TTG_PTG200toInf.root
2025-09-24 15:55:49,755 - INFO - [2022] MISSING_CENTRAL: WZ3Mu/Central/jets/3/eta in Skim_TriLep_TTWToLNu.root
2025-09-24 15:55:49,756 - INFO - [2022] MISSING_FILE: /Users/choij/Sync/workspace/ChargedHiggsAnalysisV3/SKNanoOutput/CRPromptSelector/Run3Mu_RunNoWZSF_RunSyst/2022/Skim_TriLep_ZZTo4L_powheg.root
2025-09-24 15:55:49,757 - INFO - [2022] MISSING_CENTRAL: WZ3Mu/Central/jets/3/eta in Skim_TriLep_WWW.root
2025-09-24 15:55:49,758 - INFO - [2022] MISSING_FILE: /Users/choij/Sync/workspace/ChargedHiggsAnalysisV3/SKNanoOutput/CRPromptSelector/Run3Mu_RunNoWZSF_RunSyst/2022/Skim_TriLep_VBFHToZZTo4L.root
2025-09-24 15:55:49,759 - INFO - [2022] MISSING_FILE: /Users/choij/Sync/workspace/ChargedHiggsAnalysisV3/SKNanoOutput/CRPromptSelector/Run3Mu_RunNoWZSF_RunSyst/2022/Skim_TriLep_ggHToZZTo4L.root
