2025-09-24 15:55:38,051 - INFO - [2022] MISSING_CENTRAL: WZ3Mu/Central/jets/3/mass in Skim_TriLep_DYJets.root
2025-09-24 15:55:38,051 - INFO - [2022] MISSING_CENTRAL: WZ3Mu/Central/jets/3/mass in Skim_TriLep_DYJets10to50.root
2025-09-24 15:55:38,051 - INFO - [2022] MISSING_CENTRAL: WZ3Mu/Central/jets/3/mass in Skim_TriLep_DYGTo2LG_MLL4to50_PTG10to100.root
2025-09-24 15:55:38,052 - INFO - [2022] MISSING_CENTRAL: WZ3Mu/Central/jets/3/mass in Skim_TriLep_DYGTo2LG_MLL4to50_PTG100to200.root
2025-09-24 15:55:38,052 - INFO - [2022] MISSING_CENTRAL: WZ3Mu/Central/jets/3/mass in Skim_TriLep_DYGTo2LG_MLL4to50_PTG200toInf.root
2025-09-24 15:55:38,052 - INFO - [2022] MISSING_CENTRAL: WZ3Mu/Central/jets/3/mass in Skim_TriLep_DYGTo2LG_MLL50_PTG10to100.root
2025-09-24 15:55:38,052 - INFO - [2022] MISSING_CENTRAL: WZ3Mu/Central/jets/3/mass in Skim_TriLep_DYGTo2LG_MLL50_PTG100to200.root
2025-09-24 15:55:38,053 - INFO - [2022] MISSING_CENTRAL: WZ3Mu/Central/jets/3/mass in Skim_TriLep_DYGTo2LG_MLL50_PTG200toInf.root
2025-09-24 15:55:38,073 - INFO - [2022] MISSING_CENTRAL: WZ3Mu/Central/jets/3/mass in Skim_TriLep_TTG_PTG100to200.root
2025-09-24 15:55:38,073 - INFO - [2022] MISSING_CENTRAL: WZ3Mu/Central/jets/3/mass in Skim_TriLep_TTG_PTG200toInf.root
2025-09-24 15:55:38,074 - INFO - [2022] MISSING_CENTRAL: WZ3Mu/Central/jets/3/mass in Skim_TriLep_TTWToLNu.root
2025-09-24 15:55:38,104 - INFO - [2022] MISSING_CENTRAL: WZ3Mu/Central/jets/3/mass in Skim_TriLep_WWW.root
2025-09-24 15:55:49,178 - INFO - [2022] MISSING_CENTRAL: WZ3Mu/Central/jets/3/mass in Skim_TriLep_DYJets.root
2025-09-24 15:55:49,178 - INFO - [2022] MISSING_CENTRAL: WZ3Mu/Central/jets/3/mass in Skim_TriLep_DYJets10to50.root
2025-09-24 15:55:49,178 - INFO - [2022] MISSING_CENTRAL: WZ3Mu/Central/jets/3/mass in Skim_TriLep_DYGTo2LG_MLL4to50_PTG10to100.root
2025-09-24 15:55:49,178 - INFO - [2022] MISSING_CENTRAL: WZ3Mu/Central/jets/3/mass in Skim_TriLep_DYGTo2LG_MLL4to50_PTG100to200.root
2025-09-24 15:55:49,179 - INFO - [2022] MISSING_CENTRAL: WZ3Mu/Central/jets/3/mass in Skim_TriLep_DYGTo2LG_MLL4to50_PTG200toInf.root
2025-09-24 15:55:49,179 - INFO - [2022] MISSING_CENTRAL: WZ3Mu/Central/jets/3/mass in Skim_TriLep_DYGTo2LG_MLL50_PTG10to100.root
2025-09-24 15:55:49,179 - INFO - [2022] MISSING_CENTRAL: WZ3Mu/Central/jets/3/mass in Skim_TriLep_DYGTo2LG_MLL50_PTG100to200.root
2025-09-24 15:55:49,179 - INFO - [2022] MISSING_CENTRAL: WZ3Mu/Central/jets/3/mass in Skim_TriLep_DYGTo2LG_MLL50_PTG200toInf.root
2025-09-24 15:55:49,180 - INFO - [2022] MISSING_CENTRAL: WZ3Mu/Central/jets/3/mass in Skim_TriLep_TTG_PTG100to200.root
2025-09-24 15:55:49,180 - INFO - [2022] MISSING_CENTRAL: WZ3Mu/Central/jets/3/mass in Skim_TriLep_TTG_PTG200toInf.root
2025-09-24 15:55:49,180 - INFO - [2022] MISSING_CENTRAL: WZ3Mu/Central/jets/3/mass in Skim_TriLep_TTWToLNu.root
2025-09-24 15:55:49,181 - INFO - [2022] MISSING_FILE: /Users/choij/Sync/workspace/ChargedHiggsAnalysisV3/SKNanoOutput/CRPromptSelector/Run3Mu_RunNoWZSF_RunSyst/2022/Skim_TriLep_ZZTo4L_powheg.root
2025-09-24 15:55:49,182 - INFO - [2022] MISSING_CENTRAL: WZ3Mu/Central/jets/3/mass in Skim_TriLep_WWW.root
2025-09-24 15:55:49,183 - INFO - [2022] MISSING_FILE: /Users/choij/Sync/workspace/ChargedHiggsAnalysisV3/SKNanoOutput/CRPromptSelector/Run3Mu_RunNoWZSF_RunSyst/2022/Skim_TriLep_VBFHToZZTo4L.root
2025-09-24 15:55:49,183 - INFO - [2022] MISSING_FILE: /Users/choij/Sync/workspace/ChargedHiggsAnalysisV3/SKNanoOutput/CRPromptSelector/Run3Mu_RunNoWZSF_RunSyst/2022/Skim_TriLep_ggHToZZTo4L.root
