2025-09-24 15:55:41,155 - INFO - [2022] MISSING_CENTRAL: WZ3Mu/Central/nZCand/mass in Skim_TriLep_DYJets.root
2025-09-24 15:55:41,155 - INFO - [2022] MISSING_CENTRAL: WZ3Mu/Central/nZCand/mass in Skim_TriLep_DYJets10to50.root
2025-09-24 15:55:41,155 - INFO - [2022] MISSING_CENTRAL: WZ3Mu/Central/nZCand/mass in Skim_TriLep_DYGTo2LG_MLL4to50_PTG10to100.root
2025-09-24 15:55:41,156 - INFO - [2022] MISSING_CENTRAL: WZ3Mu/Central/nZCand/mass in Skim_TriLep_DYGTo2LG_MLL4to50_PTG100to200.root
2025-09-24 15:55:41,156 - INFO - [2022] MISSING_CENTRAL: WZ3Mu/Central/nZCand/mass in Skim_TriLep_DYGTo2LG_MLL4to50_PTG200toInf.root
2025-09-24 15:55:41,185 - INFO - [2022] MISSING_CENTRAL: WZ3Mu/Central/nZCand/mass in Skim_TriLep_TTG_PTG100to200.root
2025-09-24 15:55:41,185 - INFO - [2022] MISSING_CENTRAL: WZ3Mu/Central/nZCand/mass in Skim_TriLep_TTG_PTG200toInf.root
2025-09-24 15:55:51,971 - INFO - [2022] MISSING_CENTRAL: WZ3Mu/Central/nZCand/mass in Skim_TriLep_DYJets.root
2025-09-24 15:55:51,972 - INFO - [2022] MISSING_CENTRAL: WZ3Mu/Central/nZCand/mass in Skim_TriLep_DYJets10to50.root
2025-09-24 15:55:51,972 - INFO - [2022] MISSING_CENTRAL: WZ3Mu/Central/nZCand/mass in Skim_TriLep_DYGTo2LG_MLL4to50_PTG10to100.root
2025-09-24 15:55:51,972 - INFO - [2022] MISSING_CENTRAL: WZ3Mu/Central/nZCand/mass in Skim_TriLep_DYGTo2LG_MLL4to50_PTG100to200.root
2025-09-24 15:55:51,972 - INFO - [2022] MISSING_CENTRAL: WZ3Mu/Central/nZCand/mass in Skim_TriLep_DYGTo2LG_MLL4to50_PTG200toInf.root
2025-09-24 15:55:51,974 - INFO - [2022] MISSING_CENTRAL: WZ3Mu/Central/nZCand/mass in Skim_TriLep_TTG_PTG100to200.root
2025-09-24 15:55:51,974 - INFO - [2022] MISSING_CENTRAL: WZ3Mu/Central/nZCand/mass in Skim_TriLep_TTG_PTG200toInf.root
2025-09-24 15:55:51,975 - INFO - [2022] MISSING_FILE: /Users/choij/Sync/workspace/ChargedHiggsAnalysisV3/SKNanoOutput/CRPromptSelector/Run3Mu_RunNoWZSF_RunSyst/2022/Skim_TriLep_ZZTo4L_powheg.root
2025-09-24 15:55:51,977 - INFO - [2022] MISSING_FILE: /Users/choij/Sync/workspace/ChargedHiggsAnalysisV3/SKNanoOutput/CRPromptSelector/Run3Mu_RunNoWZSF_RunSyst/2022/Skim_TriLep_VBFHToZZTo4L.root
2025-09-24 15:55:51,979 - INFO - [2022] MISSING_FILE: /Users/choij/Sync/workspace/ChargedHiggsAnalysisV3/SKNanoOutput/CRPromptSelector/Run3Mu_RunNoWZSF_RunSyst/2022/Skim_TriLep_ggHToZZTo4L.root
2025-10-02 21:17:02,606 - INFO - [2022] MISSING_CENTRAL: WZ3Mu/Central/nZCand/mass in Skim_TriLep_DYJets.root
2025-10-02 21:17:02,610 - INFO - [2022] MISSING_CENTRAL: WZ3Mu/Central/nZCand/mass in Skim_TriLep_DYJets10to50.root
2025-10-02 21:17:02,611 - INFO - [2022] MISSING_CENTRAL: WZ3Mu/Central/nZCand/mass in Skim_TriLep_DYGTo2LG_MLL4to50_PTG10to100.root
2025-10-02 21:17:02,614 - INFO - [2022] MISSING_CENTRAL: WZ3Mu/Central/nZCand/mass in Skim_TriLep_DYGTo2LG_MLL4to50_PTG100to200.root
2025-10-02 21:17:02,621 - INFO - [2022] MISSING_CENTRAL: WZ3Mu/Central/nZCand/mass in Skim_TriLep_DYGTo2LG_MLL4to50_PTG200toInf.root
2025-10-02 21:17:02,862 - INFO - [2022] MISSING_CENTRAL: WZ3Mu/Central/nZCand/mass in Skim_TriLep_TTG_PTG100to200.root
2025-10-02 21:17:02,863 - INFO - [2022] MISSING_CENTRAL: WZ3Mu/Central/nZCand/mass in Skim_TriLep_TTG_PTG200toInf.root
2025-10-02 21:17:09,367 - INFO - [2022] MISSING_CENTRAL: WZ3Mu/Central/nZCand/mass in Skim_TriLep_DYJets.root
2025-10-02 21:17:09,368 - INFO - [2022] MISSING_CENTRAL: WZ3Mu/Central/nZCand/mass in Skim_TriLep_DYJets10to50.root
2025-10-02 21:17:09,370 - INFO - [2022] MISSING_CENTRAL: WZ3Mu/Central/nZCand/mass in Skim_TriLep_DYGTo2LG_MLL4to50_PTG10to100.root
2025-10-02 21:17:09,371 - INFO - [2022] MISSING_CENTRAL: WZ3Mu/Central/nZCand/mass in Skim_TriLep_DYGTo2LG_MLL4to50_PTG100to200.root
2025-10-02 21:17:09,372 - INFO - [2022] MISSING_CENTRAL: WZ3Mu/Central/nZCand/mass in Skim_TriLep_DYGTo2LG_MLL4to50_PTG200toInf.root
2025-10-02 21:17:09,379 - INFO - [2022] MISSING_CENTRAL: WZ3Mu/Central/nZCand/mass in Skim_TriLep_TTG_PTG100to200.root
2025-10-02 21:17:09,380 - INFO - [2022] MISSING_CENTRAL: WZ3Mu/Central/nZCand/mass in Skim_TriLep_TTG_PTG200toInf.root
2025-10-02 21:17:09,441 - INFO - [2022] MISSING_FILE: /data9/Users/choij/Sync/workspace/ChargedHiggsAnalysisV3/SKNanoOutput/CRPromptSelector/Run3Mu_RunNoWZSF_RunSyst/2022/Skim_TriLep_ZZTo4L_powheg.root
2025-10-02 21:17:09,453 - INFO - [2022] MISSING_FILE: /data9/Users/choij/Sync/workspace/ChargedHiggsAnalysisV3/SKNanoOutput/CRPromptSelector/Run3Mu_RunNoWZSF_RunSyst/2022/Skim_TriLep_VBFHToZZTo4L.root
2025-10-02 21:17:09,453 - INFO - [2022] MISSING_FILE: /data9/Users/choij/Sync/workspace/ChargedHiggsAnalysisV3/SKNanoOutput/CRPromptSelector/Run3Mu_RunNoWZSF_RunSyst/2022/Skim_TriLep_ggHToZZTo4L.root
2025-10-03 00:23:37,809 - INFO - [2022] MISSING_CENTRAL: WZ3Mu/Central/nZCand/mass in Skim_TriLep_DYJets.root
2025-10-03 00:23:37,810 - INFO - [2022] MISSING_CENTRAL: WZ3Mu/Central/nZCand/mass in Skim_TriLep_DYJets10to50.root
2025-10-03 00:23:37,810 - INFO - [2022] MISSING_CENTRAL: WZ3Mu/Central/nZCand/mass in Skim_TriLep_DYGTo2LG_MLL4to50_PTG10to100.root
2025-10-03 00:23:37,810 - INFO - [2022] MISSING_CENTRAL: WZ3Mu/Central/nZCand/mass in Skim_TriLep_DYGTo2LG_MLL4to50_PTG100to200.root
2025-10-03 00:23:37,811 - INFO - [2022] MISSING_CENTRAL: WZ3Mu/Central/nZCand/mass in Skim_TriLep_DYGTo2LG_MLL4to50_PTG200toInf.root
2025-10-03 00:23:37,835 - INFO - [2022] MISSING_CENTRAL: WZ3Mu/Central/nZCand/mass in Skim_TriLep_TTG_PTG100to200.root
2025-10-03 00:23:37,835 - INFO - [2022] MISSING_CENTRAL: WZ3Mu/Central/nZCand/mass in Skim_TriLep_TTG_PTG200toInf.root
2025-10-03 00:23:46,476 - INFO - [2022] MISSING_CENTRAL: WZ3Mu/Central/nZCand/mass in Skim_TriLep_DYJets.root
2025-10-03 00:23:46,476 - INFO - [2022] MISSING_CENTRAL: WZ3Mu/Central/nZCand/mass in Skim_TriLep_DYJets10to50.root
2025-10-03 00:23:46,476 - INFO - [2022] MISSING_CENTRAL: WZ3Mu/Central/nZCand/mass in Skim_TriLep_DYGTo2LG_MLL4to50_PTG10to100.root
2025-10-03 00:23:46,476 - INFO - [2022] MISSING_CENTRAL: WZ3Mu/Central/nZCand/mass in Skim_TriLep_DYGTo2LG_MLL4to50_PTG100to200.root
2025-10-03 00:23:46,477 - INFO - [2022] MISSING_CENTRAL: WZ3Mu/Central/nZCand/mass in Skim_TriLep_DYGTo2LG_MLL4to50_PTG200toInf.root
2025-10-03 00:23:46,478 - INFO - [2022] MISSING_CENTRAL: WZ3Mu/Central/nZCand/mass in Skim_TriLep_TTG_PTG100to200.root
2025-10-03 00:23:46,478 - INFO - [2022] MISSING_CENTRAL: WZ3Mu/Central/nZCand/mass in Skim_TriLep_TTG_PTG200toInf.root
2025-10-03 00:23:46,479 - INFO - [2022] MISSING_FILE: /Users/choij/Sync/workspace/ChargedHiggsAnalysisV3/SKNanoOutput/CRPromptSelector/Run3Mu_RunNoWZSF_RunSyst/2022/Skim_TriLep_ZZTo4L_powheg.root
2025-10-03 00:23:46,481 - INFO - [2022] MISSING_FILE: /Users/choij/Sync/workspace/ChargedHiggsAnalysisV3/SKNanoOutput/CRPromptSelector/Run3Mu_RunNoWZSF_RunSyst/2022/Skim_TriLep_VBFHToZZTo4L.root
2025-10-03 00:23:46,481 - INFO - [2022] MISSING_FILE: /Users/choij/Sync/workspace/ChargedHiggsAnalysisV3/SKNanoOutput/CRPromptSelector/Run3Mu_RunNoWZSF_RunSyst/2022/Skim_TriLep_ggHToZZTo4L.root
2025-11-07 13:09:26,996 - INFO - [2022] MISSING_CENTRAL: WZ3Mu/Central/nZCand/mass in Skim_TriLep_DYJets.root
2025-11-07 13:09:26,996 - INFO - [2022] MISSING_CENTRAL: WZ3Mu/Central/nZCand/mass in Skim_TriLep_DYJets10to50.root
2025-11-07 13:09:26,997 - INFO - [2022] MISSING_CENTRAL: WZ3Mu/Central/nZCand/mass in Skim_TriLep_DYGTo2LG_MLL4to50_PTG10to100.root
2025-11-07 13:09:26,998 - INFO - [2022] MISSING_CENTRAL: WZ3Mu/Central/nZCand/mass in Skim_TriLep_DYGTo2LG_MLL4to50_PTG100to200.root
2025-11-07 13:09:26,998 - INFO - [2022] MISSING_CENTRAL: WZ3Mu/Central/nZCand/mass in Skim_TriLep_DYGTo2LG_MLL4to50_PTG200toInf.root
2025-11-07 13:09:27,032 - INFO - [2022] MISSING_CENTRAL: WZ3Mu/Central/nZCand/mass in Skim_TriLep_TTG_PTG100to200.root
2025-11-07 13:09:27,032 - INFO - [2022] MISSING_CENTRAL: WZ3Mu/Central/nZCand/mass in Skim_TriLep_TTG_PTG200toInf.root
2025-11-07 13:09:32,387 - INFO - [2022] MISSING_CENTRAL: WZ3Mu/Central/nZCand/mass in Skim_TriLep_DYJets.root
2025-11-07 13:09:32,387 - INFO - [2022] MISSING_CENTRAL: WZ3Mu/Central/nZCand/mass in Skim_TriLep_DYJets10to50.root
2025-11-07 13:09:32,388 - INFO - [2022] MISSING_CENTRAL: WZ3Mu/Central/nZCand/mass in Skim_TriLep_DYGTo2LG_MLL4to50_PTG10to100.root
2025-11-07 13:09:32,388 - INFO - [2022] MISSING_CENTRAL: WZ3Mu/Central/nZCand/mass in Skim_TriLep_DYGTo2LG_MLL4to50_PTG100to200.root
2025-11-07 13:09:32,388 - INFO - [2022] MISSING_CENTRAL: WZ3Mu/Central/nZCand/mass in Skim_TriLep_DYGTo2LG_MLL4to50_PTG200toInf.root
2025-11-07 13:09:32,391 - INFO - [2022] MISSING_CENTRAL: WZ3Mu/Central/nZCand/mass in Skim_TriLep_TTG_PTG100to200.root
2025-11-07 13:09:32,391 - INFO - [2022] MISSING_CENTRAL: WZ3Mu/Central/nZCand/mass in Skim_TriLep_TTG_PTG200toInf.root
2025-11-07 13:09:32,393 - INFO - [2022] MISSING_FILE: /home/choij/Sync/workspace/ChargedHiggsAnalysisV3/SKNanoOutput/CRPromptSelector/Run3Mu_RunNoWZSF_RunSyst/2022/Skim_TriLep_ZZTo4L_powheg.root
2025-11-07 13:09:32,396 - INFO - [2022] MISSING_FILE: /home/choij/Sync/workspace/ChargedHiggsAnalysisV3/SKNanoOutput/CRPromptSelector/Run3Mu_RunNoWZSF_RunSyst/2022/Skim_TriLep_VBFHToZZTo4L.root
2025-11-07 13:09:32,396 - INFO - [2022] MISSING_FILE: /home/choij/Sync/workspace/ChargedHiggsAnalysisV3/SKNanoOutput/CRPromptSelector/Run3Mu_RunNoWZSF_RunSyst/2022/Skim_TriLep_ggHToZZTo4L.root
2025-11-07 14:07:07,959 - INFO - [2022] MISSING_CENTRAL: WZ3Mu/Central/nZCand/mass in Skim_TriLep_DYJets.root
2025-11-07 14:07:07,959 - INFO - [2022] MISSING_CENTRAL: WZ3Mu/Central/nZCand/mass in Skim_TriLep_DYJets10to50.root
2025-11-07 14:07:07,959 - INFO - [2022] MISSING_CENTRAL: WZ3Mu/Central/nZCand/mass in Skim_TriLep_DYGTo2LG_MLL4to50_PTG10to100.root
2025-11-07 14:07:07,960 - INFO - [2022] MISSING_CENTRAL: WZ3Mu/Central/nZCand/mass in Skim_TriLep_DYGTo2LG_MLL4to50_PTG100to200.root
2025-11-07 14:07:07,960 - INFO - [2022] MISSING_CENTRAL: WZ3Mu/Central/nZCand/mass in Skim_TriLep_DYGTo2LG_MLL4to50_PTG200toInf.root
2025-11-07 14:07:07,981 - INFO - [2022] MISSING_CENTRAL: WZ3Mu/Central/nZCand/mass in Skim_TriLep_TTG_PTG100to200.root
2025-11-07 14:07:07,981 - INFO - [2022] MISSING_CENTRAL: WZ3Mu/Central/nZCand/mass in Skim_TriLep_TTG_PTG200toInf.root
2025-11-07 14:07:12,928 - INFO - [2022] MISSING_CENTRAL: WZ3Mu/Central/nZCand/mass in Skim_TriLep_DYJets.root
2025-11-07 14:07:12,929 - INFO - [2022] MISSING_CENTRAL: WZ3Mu/Central/nZCand/mass in Skim_TriLep_DYJets10to50.root
2025-11-07 14:07:12,929 - INFO - [2022] MISSING_CENTRAL: WZ3Mu/Central/nZCand/mass in Skim_TriLep_DYGTo2LG_MLL4to50_PTG10to100.root
2025-11-07 14:07:12,929 - INFO - [2022] MISSING_CENTRAL: WZ3Mu/Central/nZCand/mass in Skim_TriLep_DYGTo2LG_MLL4to50_PTG100to200.root
2025-11-07 14:07:12,929 - INFO - [2022] MISSING_CENTRAL: WZ3Mu/Central/nZCand/mass in Skim_TriLep_DYGTo2LG_MLL4to50_PTG200toInf.root
2025-11-07 14:07:12,931 - INFO - [2022] MISSING_CENTRAL: WZ3Mu/Central/nZCand/mass in Skim_TriLep_TTG_PTG100to200.root
2025-11-07 14:07:12,931 - INFO - [2022] MISSING_CENTRAL: WZ3Mu/Central/nZCand/mass in Skim_TriLep_TTG_PTG200toInf.root
2025-11-07 14:07:12,933 - INFO - [2022] MISSING_FILE: /home/choij/Sync/workspace/ChargedHiggsAnalysisV3/SKNanoOutput/CRPromptSelector/Run3Mu_RunNoWZSF_RunSyst/2022/Skim_TriLep_ZZTo4L_powheg.root
2025-11-07 14:07:12,936 - INFO - [2022] MISSING_FILE: /home/choij/Sync/workspace/ChargedHiggsAnalysisV3/SKNanoOutput/CRPromptSelector/Run3Mu_RunNoWZSF_RunSyst/2022/Skim_TriLep_VBFHToZZTo4L.root
2025-11-07 14:07:12,936 - INFO - [2022] MISSING_FILE: /home/choij/Sync/workspace/ChargedHiggsAnalysisV3/SKNanoOutput/CRPromptSelector/Run3Mu_RunNoWZSF_RunSyst/2022/Skim_TriLep_ggHToZZTo4L.root
2025-11-10 12:22:20,377 - INFO - [2022] MISSING_CENTRAL: WZ3Mu/Central/nZCand/mass in Skim_TriLep_DYJets.root
2025-11-10 12:22:20,377 - INFO - [2022] MISSING_CENTRAL: WZ3Mu/Central/nZCand/mass in Skim_TriLep_DYJets10to50.root
2025-11-10 12:22:20,383 - INFO - [2022] MISSING_CENTRAL: WZ3Mu/Central/nZCand/mass in Skim_TriLep_DYGTo2LG_MLL4to50_PTG10to100.root
2025-11-10 12:22:20,384 - INFO - [2022] MISSING_CENTRAL: WZ3Mu/Central/nZCand/mass in Skim_TriLep_DYGTo2LG_MLL4to50_PTG100to200.root
2025-11-10 12:22:20,384 - INFO - [2022] MISSING_CENTRAL: WZ3Mu/Central/nZCand/mass in Skim_TriLep_DYGTo2LG_MLL4to50_PTG200toInf.root
2025-11-10 12:22:20,415 - INFO - [2022] MISSING_CENTRAL: WZ3Mu/Central/nZCand/mass in Skim_TriLep_TTG_PTG100to200.root
2025-11-10 12:22:20,415 - INFO - [2022] MISSING_CENTRAL: WZ3Mu/Central/nZCand/mass in Skim_TriLep_TTG_PTG200toInf.root
2025-11-10 12:22:25,499 - INFO - [2022] MISSING_CENTRAL: WZ3Mu/Central/nZCand/mass in Skim_TriLep_DYJets.root
2025-11-10 12:22:25,499 - INFO - [2022] MISSING_CENTRAL: WZ3Mu/Central/nZCand/mass in Skim_TriLep_DYJets10to50.root
2025-11-10 12:22:25,499 - INFO - [2022] MISSING_CENTRAL: WZ3Mu/Central/nZCand/mass in Skim_TriLep_DYGTo2LG_MLL4to50_PTG10to100.root
2025-11-10 12:22:25,500 - INFO - [2022] MISSING_CENTRAL: WZ3Mu/Central/nZCand/mass in Skim_TriLep_DYGTo2LG_MLL4to50_PTG100to200.root
2025-11-10 12:22:25,500 - INFO - [2022] MISSING_CENTRAL: WZ3Mu/Central/nZCand/mass in Skim_TriLep_DYGTo2LG_MLL4to50_PTG200toInf.root
2025-11-10 12:22:25,502 - INFO - [2022] MISSING_CENTRAL: WZ3Mu/Central/nZCand/mass in Skim_TriLep_TTG_PTG100to200.root
2025-11-10 12:22:25,502 - INFO - [2022] MISSING_CENTRAL: WZ3Mu/Central/nZCand/mass in Skim_TriLep_TTG_PTG200toInf.root
2025-11-10 12:22:25,504 - INFO - [2022] MISSING_FILE: /home/choij/Sync/workspace/ChargedHiggsAnalysisV3/SKNanoOutput/CRPromptSelector/Run3Mu_RunNoWZSF_RunSyst/2022/Skim_TriLep_ZZTo4L_powheg.root
2025-11-10 12:22:25,506 - INFO - [2022] MISSING_FILE: /home/choij/Sync/workspace/ChargedHiggsAnalysisV3/SKNanoOutput/CRPromptSelector/Run3Mu_RunNoWZSF_RunSyst/2022/Skim_TriLep_VBFHToZZTo4L.root
2025-11-10 12:22:25,506 - INFO - [2022] MISSING_FILE: /home/choij/Sync/workspace/ChargedHiggsAnalysisV3/SKNanoOutput/CRPromptSelector/Run3Mu_RunNoWZSF_RunSyst/2022/Skim_TriLep_ggHToZZTo4L.root
2025-11-13 11:11:55,778 - INFO - [2022] MISSING_CENTRAL: WZ3Mu/Central/nZCand/mass in Skim_TriLep_DYJets.root
2025-11-13 11:11:55,779 - INFO - [2022] MISSING_CENTRAL: WZ3Mu/Central/nZCand/mass in Skim_TriLep_DYJets10to50.root
2025-11-13 11:11:55,780 - INFO - [2022] MISSING_CENTRAL: WZ3Mu/Central/nZCand/mass in Skim_TriLep_DYGTo2LG_MLL4to50_PTG10to100.root
2025-11-13 11:11:55,781 - INFO - [2022] MISSING_CENTRAL: WZ3Mu/Central/nZCand/mass in Skim_TriLep_DYGTo2LG_MLL4to50_PTG100to200.root
2025-11-13 11:11:55,782 - INFO - [2022] MISSING_CENTRAL: WZ3Mu/Central/nZCand/mass in Skim_TriLep_DYGTo2LG_MLL4to50_PTG200toInf.root
2025-11-13 11:11:55,815 - INFO - [2022] MISSING_CENTRAL: WZ3Mu/Central/nZCand/mass in Skim_TriLep_TTG_PTG100to200.root
2025-11-13 11:11:55,816 - INFO - [2022] MISSING_CENTRAL: WZ3Mu/Central/nZCand/mass in Skim_TriLep_TTG_PTG200toInf.root
2025-11-13 11:12:01,823 - INFO - [2022] MISSING_CENTRAL: WZ3Mu/Central/nZCand/mass in Skim_TriLep_DYJets.root
2025-11-13 11:12:01,824 - INFO - [2022] MISSING_CENTRAL: WZ3Mu/Central/nZCand/mass in Skim_TriLep_DYJets10to50.root
2025-11-13 11:12:01,825 - INFO - [2022] MISSING_CENTRAL: WZ3Mu/Central/nZCand/mass in Skim_TriLep_DYGTo2LG_MLL4to50_PTG10to100.root
2025-11-13 11:12:01,826 - INFO - [2022] MISSING_CENTRAL: WZ3Mu/Central/nZCand/mass in Skim_TriLep_DYGTo2LG_MLL4to50_PTG100to200.root
2025-11-13 11:12:01,827 - INFO - [2022] MISSING_CENTRAL: WZ3Mu/Central/nZCand/mass in Skim_TriLep_DYGTo2LG_MLL4to50_PTG200toInf.root
2025-11-13 11:12:01,832 - INFO - [2022] MISSING_CENTRAL: WZ3Mu/Central/nZCand/mass in Skim_TriLep_TTG_PTG100to200.root
2025-11-13 11:12:01,833 - INFO - [2022] MISSING_CENTRAL: WZ3Mu/Central/nZCand/mass in Skim_TriLep_TTG_PTG200toInf.root
2025-11-13 11:12:01,838 - INFO - [2022] MISSING_FILE: /data9/Users/choij/Sync/workspace/ChargedHiggsAnalysisV3/SKNanoOutput/CRPromptSelector/Run3Mu_RunNoWZSF_RunSyst/2022/Skim_TriLep_ZZTo4L_powheg.root
2025-11-13 11:12:01,845 - INFO - [2022] MISSING_FILE: /data9/Users/choij/Sync/workspace/ChargedHiggsAnalysisV3/SKNanoOutput/CRPromptSelector/Run3Mu_RunNoWZSF_RunSyst/2022/Skim_TriLep_VBFHToZZTo4L.root
2025-11-13 11:12:01,845 - INFO - [2022] MISSING_FILE: /data9/Users/choij/Sync/workspace/ChargedHiggsAnalysisV3/SKNanoOutput/CRPromptSelector/Run3Mu_RunNoWZSF_RunSyst/2022/Skim_TriLep_ggHToZZTo4L.root
2025-11-19 00:18:20,359 - INFO - [2022] MISSING_CENTRAL: WZ3Mu/Central/nZCand/mass in Skim_TriLep_DYJets.root
2025-11-19 00:18:20,360 - INFO - [2022] MISSING_CENTRAL: WZ3Mu/Central/nZCand/mass in Skim_TriLep_DYJets10to50.root
2025-11-19 00:18:20,361 - INFO - [2022] MISSING_CENTRAL: WZ3Mu/Central/nZCand/mass in Skim_TriLep_DYGTo2LG_MLL4to50_PTG10to100.root
2025-11-19 00:18:20,362 - INFO - [2022] MISSING_CENTRAL: WZ3Mu/Central/nZCand/mass in Skim_TriLep_DYGTo2LG_MLL4to50_PTG100to200.root
2025-11-19 00:18:20,363 - INFO - [2022] MISSING_CENTRAL: WZ3Mu/Central/nZCand/mass in Skim_TriLep_DYGTo2LG_MLL4to50_PTG200toInf.root
2025-11-19 00:18:20,419 - INFO - [2022] MISSING_CENTRAL: WZ3Mu/Central/nZCand/mass in Skim_TriLep_TTG_PTG100to200.root
2025-11-19 00:18:20,420 - INFO - [2022] MISSING_CENTRAL: WZ3Mu/Central/nZCand/mass in Skim_TriLep_TTG_PTG200toInf.root
2025-11-19 00:18:24,942 - INFO - [2022] MISSING_CENTRAL: WZ3Mu/Central/nZCand/mass in Skim_TriLep_DYJets.root
2025-11-19 00:18:24,943 - INFO - [2022] MISSING_CENTRAL: WZ3Mu/Central/nZCand/mass in Skim_TriLep_DYJets10to50.root
2025-11-19 00:18:24,944 - INFO - [2022] MISSING_CENTRAL: WZ3Mu/Central/nZCand/mass in Skim_TriLep_DYGTo2LG_MLL4to50_PTG10to100.root
2025-11-19 00:18:24,945 - INFO - [2022] MISSING_CENTRAL: WZ3Mu/Central/nZCand/mass in Skim_TriLep_DYGTo2LG_MLL4to50_PTG100to200.root
2025-11-19 00:18:24,946 - INFO - [2022] MISSING_CENTRAL: WZ3Mu/Central/nZCand/mass in Skim_TriLep_DYGTo2LG_MLL4to50_PTG200toInf.root
2025-11-19 00:18:24,952 - INFO - [2022] MISSING_CENTRAL: WZ3Mu/Central/nZCand/mass in Skim_TriLep_TTG_PTG100to200.root
2025-11-19 00:18:24,954 - INFO - [2022] MISSING_CENTRAL: WZ3Mu/Central/nZCand/mass in Skim_TriLep_TTG_PTG200toInf.root
2025-11-19 00:18:24,965 - INFO - [2022] MISSING_FILE: /data9/Users/choij/Sync/workspace/ChargedHiggsAnalysisV3/SKNanoOutput/CRPromptSelector/Run3Mu_RunNoWZSF_RunSyst/2022/Skim_TriLep_ZZTo4L_powheg.root
2025-11-19 00:18:24,974 - INFO - [2022] MISSING_FILE: /data9/Users/choij/Sync/workspace/ChargedHiggsAnalysisV3/SKNanoOutput/CRPromptSelector/Run3Mu_RunNoWZSF_RunSyst/2022/Skim_TriLep_VBFHToZZTo4L.root
2025-11-19 00:18:24,974 - INFO - [2022] MISSING_FILE: /data9/Users/choij/Sync/workspace/ChargedHiggsAnalysisV3/SKNanoOutput/CRPromptSelector/Run3Mu_RunNoWZSF_RunSyst/2022/Skim_TriLep_ggHToZZTo4L.root
2025-11-19 15:43:33,114 - INFO - [2022] MISSING_CENTRAL: WZ3Mu/Central/nZCand/mass in Skim_TriLep_DYJets.root
2025-11-19 15:43:33,115 - INFO - [2022] MISSING_CENTRAL: WZ3Mu/Central/nZCand/mass in Skim_TriLep_DYJets10to50.root
2025-11-19 15:43:33,116 - INFO - [2022] MISSING_CENTRAL: WZ3Mu/Central/nZCand/mass in Skim_TriLep_DYGTo2LG_MLL4to50_PTG10to100.root
2025-11-19 15:43:33,116 - INFO - [2022] MISSING_CENTRAL: WZ3Mu/Central/nZCand/mass in Skim_TriLep_DYGTo2LG_MLL4to50_PTG100to200.root
2025-11-19 15:43:33,117 - INFO - [2022] MISSING_CENTRAL: WZ3Mu/Central/nZCand/mass in Skim_TriLep_DYGTo2LG_MLL4to50_PTG200toInf.root
2025-11-19 15:43:33,164 - INFO - [2022] MISSING_CENTRAL: WZ3Mu/Central/nZCand/mass in Skim_TriLep_TTG_PTG100to200.root
2025-11-19 15:43:33,164 - INFO - [2022] MISSING_CENTRAL: WZ3Mu/Central/nZCand/mass in Skim_TriLep_TTG_PTG200toInf.root
2025-11-19 15:43:38,281 - INFO - [2022] MISSING_CENTRAL: WZ3Mu/Central/nZCand/mass in Skim_TriLep_DYJets.root
2025-11-19 15:43:38,281 - INFO - [2022] MISSING_CENTRAL: WZ3Mu/Central/nZCand/mass in Skim_TriLep_DYJets10to50.root
2025-11-19 15:43:38,281 - INFO - [2022] MISSING_CENTRAL: WZ3Mu/Central/nZCand/mass in Skim_TriLep_DYGTo2LG_MLL4to50_PTG10to100.root
2025-11-19 15:43:38,282 - INFO - [2022] MISSING_CENTRAL: WZ3Mu/Central/nZCand/mass in Skim_TriLep_DYGTo2LG_MLL4to50_PTG100to200.root
2025-11-19 15:43:38,282 - INFO - [2022] MISSING_CENTRAL: WZ3Mu/Central/nZCand/mass in Skim_TriLep_DYGTo2LG_MLL4to50_PTG200toInf.root
2025-11-19 15:43:38,284 - INFO - [2022] MISSING_CENTRAL: WZ3Mu/Central/nZCand/mass in Skim_TriLep_TTG_PTG100to200.root
2025-11-19 15:43:38,284 - INFO - [2022] MISSING_CENTRAL: WZ3Mu/Central/nZCand/mass in Skim_TriLep_TTG_PTG200toInf.root
2025-11-19 15:43:38,286 - INFO - [2022] MISSING_FILE: /home/choij/Sync/workspace/ChargedHiggsAnalysisV3/SKNanoOutput/CRPromptSelector/Run3Mu_RunNoWZSF_RunSyst/2022/Skim_TriLep_ZZTo4L_powheg.root
2025-11-19 15:43:38,288 - INFO - [2022] MISSING_FILE: /home/choij/Sync/workspace/ChargedHiggsAnalysisV3/SKNanoOutput/CRPromptSelector/Run3Mu_RunNoWZSF_RunSyst/2022/Skim_TriLep_VBFHToZZTo4L.root
2025-11-19 15:43:38,288 - INFO - [2022] MISSING_FILE: /home/choij/Sync/workspace/ChargedHiggsAnalysisV3/SKNanoOutput/CRPromptSelector/Run3Mu_RunNoWZSF_RunSyst/2022/Skim_TriLep_ggHToZZTo4L.root
2025-11-19 16:24:43,466 - INFO - [2022] MISSING_CENTRAL: WZ3Mu/Central/nZCand/mass in Skim_TriLep_DYJets.root
2025-11-19 16:24:43,467 - INFO - [2022] MISSING_CENTRAL: WZ3Mu/Central/nZCand/mass in Skim_TriLep_DYJets10to50.root
2025-11-19 16:24:43,467 - INFO - [2022] MISSING_CENTRAL: WZ3Mu/Central/nZCand/mass in Skim_TriLep_DYGTo2LG_MLL4to50_PTG10to100.root
2025-11-19 16:24:43,467 - INFO - [2022] MISSING_CENTRAL: WZ3Mu/Central/nZCand/mass in Skim_TriLep_DYGTo2LG_MLL4to50_PTG100to200.root
2025-11-19 16:24:43,468 - INFO - [2022] MISSING_CENTRAL: WZ3Mu/Central/nZCand/mass in Skim_TriLep_DYGTo2LG_MLL4to50_PTG200toInf.root
2025-11-19 16:24:43,489 - INFO - [2022] MISSING_CENTRAL: WZ3Mu/Central/nZCand/mass in Skim_TriLep_TTG_PTG100to200.root
2025-11-19 16:24:43,489 - INFO - [2022] MISSING_CENTRAL: WZ3Mu/Central/nZCand/mass in Skim_TriLep_TTG_PTG200toInf.root
2025-11-19 16:24:48,838 - INFO - [2022] MISSING_CENTRAL: WZ3Mu/Central/nZCand/mass in Skim_TriLep_DYJets.root
2025-11-19 16:24:48,838 - INFO - [2022] MISSING_CENTRAL: WZ3Mu/Central/nZCand/mass in Skim_TriLep_DYJets10to50.root
2025-11-19 16:24:48,839 - INFO - [2022] MISSING_CENTRAL: WZ3Mu/Central/nZCand/mass in Skim_TriLep_DYGTo2LG_MLL4to50_PTG10to100.root
2025-11-19 16:24:48,839 - INFO - [2022] MISSING_CENTRAL: WZ3Mu/Central/nZCand/mass in Skim_TriLep_DYGTo2LG_MLL4to50_PTG100to200.root
2025-11-19 16:24:48,839 - INFO - [2022] MISSING_CENTRAL: WZ3Mu/Central/nZCand/mass in Skim_TriLep_DYGTo2LG_MLL4to50_PTG200toInf.root
2025-11-19 16:24:48,841 - INFO - [2022] MISSING_CENTRAL: WZ3Mu/Central/nZCand/mass in Skim_TriLep_TTG_PTG100to200.root
2025-11-19 16:24:48,841 - INFO - [2022] MISSING_CENTRAL: WZ3Mu/Central/nZCand/mass in Skim_TriLep_TTG_PTG200toInf.root
2025-11-19 16:24:48,843 - INFO - [2022] MISSING_FILE: /home/choij/Sync/workspace/ChargedHiggsAnalysisV3/SKNanoOutput/CRPromptSelector/Run3Mu_RunNoWZSF_RunSyst/2022/Skim_TriLep_ZZTo4L_powheg.root
2025-11-19 16:24:48,845 - INFO - [2022] MISSING_FILE: /home/choij/Sync/workspace/ChargedHiggsAnalysisV3/SKNanoOutput/CRPromptSelector/Run3Mu_RunNoWZSF_RunSyst/2022/Skim_TriLep_VBFHToZZTo4L.root
2025-11-19 16:24:48,846 - INFO - [2022] MISSING_FILE: /home/choij/Sync/workspace/ChargedHiggsAnalysisV3/SKNanoOutput/CRPromptSelector/Run3Mu_RunNoWZSF_RunSyst/2022/Skim_TriLep_ggHToZZTo4L.root
2025-12-17 12:26:46,130 - INFO - [2022] MISSING_CENTRAL: WZ3Mu/Central/nZCand/mass in Skim_TriLep_DYJets.root
2025-12-17 12:26:46,131 - INFO - [2022] MISSING_CENTRAL: WZ3Mu/Central/nZCand/mass in Skim_TriLep_DYJets10to50.root
2025-12-17 12:26:46,160 - INFO - [2022] MISSING_CENTRAL: WZ3Mu/Central/nZCand/mass in Skim_TriLep_TTG_PTG10to100.root
2025-12-17 12:26:46,160 - INFO - [2022] MISSING_CENTRAL: WZ3Mu/Central/nZCand/mass in Skim_TriLep_TTG_PTG100to200.root
2025-12-17 12:26:46,165 - INFO - [2022] MISSING_CENTRAL: WZ3Mu/Central/nZCand/mass in Skim_TriLep_TTG_PTG200toInf.root
2025-12-17 12:26:51,503 - INFO - [2022] MISSING_CENTRAL: WZ3Mu/Central/nZCand/mass in Skim_TriLep_DYJets.root
2025-12-17 12:26:51,504 - INFO - [2022] MISSING_CENTRAL: WZ3Mu/Central/nZCand/mass in Skim_TriLep_DYJets10to50.root
2025-12-17 12:26:51,505 - INFO - [2022] MISSING_CENTRAL: WZ3Mu/Central/nZCand/mass in Skim_TriLep_TTG_PTG10to100.root
2025-12-17 12:26:51,506 - INFO - [2022] MISSING_CENTRAL: WZ3Mu/Central/nZCand/mass in Skim_TriLep_TTG_PTG100to200.root
2025-12-17 12:26:51,507 - INFO - [2022] MISSING_CENTRAL: WZ3Mu/Central/nZCand/mass in Skim_TriLep_TTG_PTG200toInf.root
2025-12-17 12:26:51,514 - INFO - [2022] MISSING_FILE: /data9/Users/choij/Sync/workspace/ChargedHiggsAnalysisV3/SKNanoOutput/CRPromptSelector/Run3Mu_RunNoWZSF_RunSyst/2022/Skim_TriLep_ZZTo4L_powheg.root
2025-12-17 12:26:51,524 - INFO - [2022] MISSING_FILE: /data9/Users/choij/Sync/workspace/ChargedHiggsAnalysisV3/SKNanoOutput/CRPromptSelector/Run3Mu_RunNoWZSF_RunSyst/2022/Skim_TriLep_VBFHToZZTo4L.root
2025-12-17 12:26:51,524 - INFO - [2022] MISSING_FILE: /data9/Users/choij/Sync/workspace/ChargedHiggsAnalysisV3/SKNanoOutput/CRPromptSelector/Run3Mu_RunNoWZSF_RunSyst/2022/Skim_TriLep_ggHToZZTo4L.root
2025-12-17 16:08:28,498 - INFO - [2022] MISSING_CENTRAL: WZ3Mu/Central/nZCand/mass in Skim_TriLep_DYJets.root
2025-12-17 16:08:28,499 - INFO - [2022] MISSING_CENTRAL: WZ3Mu/Central/nZCand/mass in Skim_TriLep_DYJets10to50.root
2025-12-17 16:08:28,499 - INFO - [2022] MISSING_CENTRAL: WZ3Mu/Central/nZCand/mass in Skim_TriLep_TTG_PTG10to100.root
2025-12-17 16:08:28,500 - INFO - [2022] MISSING_CENTRAL: WZ3Mu/Central/nZCand/mass in Skim_TriLep_TTG_PTG100to200.root
2025-12-17 16:08:28,500 - INFO - [2022] MISSING_CENTRAL: WZ3Mu/Central/nZCand/mass in Skim_TriLep_TTG_PTG200toInf.root
2025-12-17 16:08:32,462 - INFO - [2022] MISSING_CENTRAL: WZ3Mu/Central/nZCand/mass in Skim_TriLep_DYJets.root
2025-12-17 16:08:32,463 - INFO - [2022] MISSING_CENTRAL: WZ3Mu/Central/nZCand/mass in Skim_TriLep_DYJets10to50.root
2025-12-17 16:08:32,464 - INFO - [2022] MISSING_CENTRAL: WZ3Mu/Central/nZCand/mass in Skim_TriLep_TTG_PTG10to100.root
2025-12-17 16:08:32,465 - INFO - [2022] MISSING_CENTRAL: WZ3Mu/Central/nZCand/mass in Skim_TriLep_TTG_PTG100to200.root
2025-12-17 16:08:32,465 - INFO - [2022] MISSING_CENTRAL: WZ3Mu/Central/nZCand/mass in Skim_TriLep_TTG_PTG200toInf.root
2025-12-17 16:08:32,470 - INFO - [2022] MISSING_FILE: /data9/Users/choij/Sync/workspace/ChargedHiggsAnalysisV3/SKNanoOutput/CRPromptSelector/Run3Mu_RunNoWZSF_RunSyst/2022/Skim_TriLep_WZTo3LNu_powheg.root
2025-12-17 16:08:32,470 - INFO - [2022] MISSING_FILE: /data9/Users/choij/Sync/workspace/ChargedHiggsAnalysisV3/SKNanoOutput/CRPromptSelector/Run3Mu_RunNoWZSF_RunSyst/2022/Skim_TriLep_ZZTo4L_powheg.root
2025-12-17 16:08:32,477 - INFO - [2022] MISSING_FILE: /data9/Users/choij/Sync/workspace/ChargedHiggsAnalysisV3/SKNanoOutput/CRPromptSelector/Run3Mu_RunNoWZSF_RunSyst/2022/Skim_TriLep_VBFHToZZTo4L.root
2025-12-17 16:08:32,477 - INFO - [2022] MISSING_FILE: /data9/Users/choij/Sync/workspace/ChargedHiggsAnalysisV3/SKNanoOutput/CRPromptSelector/Run3Mu_RunNoWZSF_RunSyst/2022/Skim_TriLep_ggHToZZTo4L.root
2025-12-17 22:39:11,485 - INFO - [2022] MISSING_CENTRAL: WZ3Mu/Central/nZCand/mass in Skim_TriLep_DYJets.root
2025-12-17 22:39:11,486 - INFO - [2022] MISSING_CENTRAL: WZ3Mu/Central/nZCand/mass in Skim_TriLep_DYJets10to50.root
2025-12-17 22:39:11,487 - INFO - [2022] MISSING_CENTRAL: WZ3Mu/Central/nZCand/mass in Skim_TriLep_TTG_PTG10to100.root
2025-12-17 22:39:11,488 - INFO - [2022] MISSING_CENTRAL: WZ3Mu/Central/nZCand/mass in Skim_TriLep_TTG_PTG100to200.root
2025-12-17 22:39:11,489 - INFO - [2022] MISSING_CENTRAL: WZ3Mu/Central/nZCand/mass in Skim_TriLep_TTG_PTG200toInf.root
2025-12-17 22:39:16,906 - INFO - [2022] MISSING_CENTRAL: WZ3Mu/Central/nZCand/mass in Skim_TriLep_DYJets.root
2025-12-17 22:39:16,908 - INFO - [2022] MISSING_CENTRAL: WZ3Mu/Central/nZCand/mass in Skim_TriLep_DYJets10to50.root
2025-12-17 22:39:16,909 - INFO - [2022] MISSING_CENTRAL: WZ3Mu/Central/nZCand/mass in Skim_TriLep_TTG_PTG10to100.root
2025-12-17 22:39:16,910 - INFO - [2022] MISSING_CENTRAL: WZ3Mu/Central/nZCand/mass in Skim_TriLep_TTG_PTG100to200.root
2025-12-17 22:39:16,911 - INFO - [2022] MISSING_CENTRAL: WZ3Mu/Central/nZCand/mass in Skim_TriLep_TTG_PTG200toInf.root
2025-12-17 22:39:16,917 - INFO - [2022] MISSING_FILE: /data9/Users/choij/Sync/workspace/ChargedHiggsAnalysisV3/SKNanoOutput/CRPromptSelector/Run3Mu_RunNoWZSF_RunSyst/2022/Skim_TriLep_WZTo3LNu_powheg.root
2025-12-17 22:39:16,917 - INFO - [2022] MISSING_FILE: /data9/Users/choij/Sync/workspace/ChargedHiggsAnalysisV3/SKNanoOutput/CRPromptSelector/Run3Mu_RunNoWZSF_RunSyst/2022/Skim_TriLep_ZZTo4L_powheg.root
2025-12-17 22:39:16,927 - INFO - [2022] MISSING_FILE: /data9/Users/choij/Sync/workspace/ChargedHiggsAnalysisV3/SKNanoOutput/CRPromptSelector/Run3Mu_RunNoWZSF_RunSyst/2022/Skim_TriLep_VBFHToZZTo4L.root
2025-12-17 22:39:16,927 - INFO - [2022] MISSING_FILE: /data9/Users/choij/Sync/workspace/ChargedHiggsAnalysisV3/SKNanoOutput/CRPromptSelector/Run3Mu_RunNoWZSF_RunSyst/2022/Skim_TriLep_ggHToZZTo4L.root
2025-12-18 14:23:58,017 - INFO - [2022] MISSING_CENTRAL: WZ3Mu/Central/nZCand/mass in Skim_TriLep_DYJets.root
2025-12-18 14:23:58,018 - INFO - [2022] MISSING_CENTRAL: WZ3Mu/Central/nZCand/mass in Skim_TriLep_DYJets10to50.root
2025-12-18 14:23:58,019 - INFO - [2022] MISSING_CENTRAL: WZ3Mu/Central/nZCand/mass in Skim_TriLep_TTG_PTG10to100.root
2025-12-18 14:23:58,020 - INFO - [2022] MISSING_CENTRAL: WZ3Mu/Central/nZCand/mass in Skim_TriLep_TTG_PTG100to200.root
2025-12-18 14:23:58,021 - INFO - [2022] MISSING_CENTRAL: WZ3Mu/Central/nZCand/mass in Skim_TriLep_TTG_PTG200toInf.root
2025-12-18 14:24:03,664 - INFO - [2022] MISSING_CENTRAL: WZ3Mu/Central/nZCand/mass in Skim_TriLep_DYJets.root
2025-12-18 14:24:03,665 - INFO - [2022] MISSING_CENTRAL: WZ3Mu/Central/nZCand/mass in Skim_TriLep_DYJets10to50.root
2025-12-18 14:24:03,666 - INFO - [2022] MISSING_CENTRAL: WZ3Mu/Central/nZCand/mass in Skim_TriLep_TTG_PTG10to100.root
2025-12-18 14:24:03,667 - INFO - [2022] MISSING_CENTRAL: WZ3Mu/Central/nZCand/mass in Skim_TriLep_TTG_PTG100to200.root
2025-12-18 14:24:03,668 - INFO - [2022] MISSING_CENTRAL: WZ3Mu/Central/nZCand/mass in Skim_TriLep_TTG_PTG200toInf.root
2025-12-18 14:24:03,673 - INFO - [2022] MISSING_FILE: /data9/Users/choij/Sync/workspace/ChargedHiggsAnalysisV3/SKNanoOutput/CRPromptSelector/Run3Mu_RunNoWZSF_RunSyst/2022/Skim_TriLep_WZTo3LNu_powheg.root
2025-12-18 14:24:03,673 - INFO - [2022] MISSING_FILE: /data9/Users/choij/Sync/workspace/ChargedHiggsAnalysisV3/SKNanoOutput/CRPromptSelector/Run3Mu_RunNoWZSF_RunSyst/2022/Skim_TriLep_ZZTo4L_powheg.root
2025-12-18 14:24:03,680 - INFO - [2022] MISSING_FILE: /data9/Users/choij/Sync/workspace/ChargedHiggsAnalysisV3/SKNanoOutput/CRPromptSelector/Run3Mu_RunNoWZSF_RunSyst/2022/Skim_TriLep_VBFHToZZTo4L.root
2025-12-18 14:24:03,680 - INFO - [2022] MISSING_FILE: /data9/Users/choij/Sync/workspace/ChargedHiggsAnalysisV3/SKNanoOutput/CRPromptSelector/Run3Mu_RunNoWZSF_RunSyst/2022/Skim_TriLep_ggHToZZTo4L.root
2025-12-18 14:39:23,142 - INFO - [2022] MISSING_CENTRAL: WZ3Mu/Central/nZCand/mass in Skim_TriLep_DYJets.root
2025-12-18 14:39:23,143 - INFO - [2022] MISSING_CENTRAL: WZ3Mu/Central/nZCand/mass in Skim_TriLep_DYJets10to50.root
2025-12-18 14:39:23,173 - INFO - [2022] MISSING_CENTRAL: WZ3Mu/Central/nZCand/mass in Skim_TriLep_TTG_PTG10to100.root
2025-12-18 14:39:23,174 - INFO - [2022] MISSING_CENTRAL: WZ3Mu/Central/nZCand/mass in Skim_TriLep_TTG_PTG100to200.root
2025-12-18 14:39:23,175 - INFO - [2022] MISSING_CENTRAL: WZ3Mu/Central/nZCand/mass in Skim_TriLep_TTG_PTG200toInf.root
2025-12-18 14:39:28,456 - INFO - [2022] MISSING_CENTRAL: WZ3Mu/Central/nZCand/mass in Skim_TriLep_DYJets.root
2025-12-18 14:39:28,458 - INFO - [2022] MISSING_CENTRAL: WZ3Mu/Central/nZCand/mass in Skim_TriLep_DYJets10to50.root
2025-12-18 14:39:28,461 - INFO - [2022] MISSING_CENTRAL: WZ3Mu/Central/nZCand/mass in Skim_TriLep_TTG_PTG10to100.root
2025-12-18 14:39:28,463 - INFO - [2022] MISSING_CENTRAL: WZ3Mu/Central/nZCand/mass in Skim_TriLep_TTG_PTG100to200.root
2025-12-18 14:39:28,465 - INFO - [2022] MISSING_CENTRAL: WZ3Mu/Central/nZCand/mass in Skim_TriLep_TTG_PTG200toInf.root
2025-12-18 14:39:28,473 - INFO - [2022] MISSING_FILE: /data9/Users/choij/Sync/workspace/ChargedHiggsAnalysisV3/SKNanoOutput/CRPromptSelector/Run3Mu_RunNoWZSF_RunSyst/2022/Skim_TriLep_WZTo3LNu_powheg.root
2025-12-18 14:39:28,474 - INFO - [2022] MISSING_FILE: /data9/Users/choij/Sync/workspace/ChargedHiggsAnalysisV3/SKNanoOutput/CRPromptSelector/Run3Mu_RunNoWZSF_RunSyst/2022/Skim_TriLep_ZZTo4L_powheg.root
2025-12-18 14:39:28,487 - INFO - [2022] MISSING_FILE: /data9/Users/choij/Sync/workspace/ChargedHiggsAnalysisV3/SKNanoOutput/CRPromptSelector/Run3Mu_RunNoWZSF_RunSyst/2022/Skim_TriLep_VBFHToZZTo4L.root
2025-12-18 14:39:28,488 - INFO - [2022] MISSING_FILE: /data9/Users/choij/Sync/workspace/ChargedHiggsAnalysisV3/SKNanoOutput/CRPromptSelector/Run3Mu_RunNoWZSF_RunSyst/2022/Skim_TriLep_ggHToZZTo4L.root
2025-12-18 22:07:31,801 - INFO - [2022] MISSING_CENTRAL: WZ3Mu/Central/nZCand/mass in Skim_TriLep_DYJets.root
2025-12-18 22:07:31,801 - INFO - [2022] MISSING_CENTRAL: WZ3Mu/Central/nZCand/mass in Skim_TriLep_DYJets10to50.root
2025-12-18 22:07:31,802 - INFO - [2022] MISSING_CENTRAL: WZ3Mu/Central/nZCand/mass in Skim_TriLep_TTG_PTG10to100.root
2025-12-18 22:07:31,802 - INFO - [2022] MISSING_CENTRAL: WZ3Mu/Central/nZCand/mass in Skim_TriLep_TTG_PTG100to200.root
2025-12-18 22:07:31,803 - INFO - [2022] MISSING_CENTRAL: WZ3Mu/Central/nZCand/mass in Skim_TriLep_TTG_PTG200toInf.root
2025-12-18 22:07:35,404 - INFO - [2022] MISSING_CENTRAL: WZ3Mu/Central/nZCand/mass in Skim_TriLep_DYJets.root
2025-12-18 22:07:35,405 - INFO - [2022] MISSING_CENTRAL: WZ3Mu/Central/nZCand/mass in Skim_TriLep_DYJets10to50.root
2025-12-18 22:07:35,406 - INFO - [2022] MISSING_CENTRAL: WZ3Mu/Central/nZCand/mass in Skim_TriLep_TTG_PTG10to100.root
2025-12-18 22:07:35,406 - INFO - [2022] MISSING_CENTRAL: WZ3Mu/Central/nZCand/mass in Skim_TriLep_TTG_PTG100to200.root
2025-12-18 22:07:35,407 - INFO - [2022] MISSING_CENTRAL: WZ3Mu/Central/nZCand/mass in Skim_TriLep_TTG_PTG200toInf.root
2025-12-18 22:07:35,413 - INFO - [2022] MISSING_FILE: /data9/Users/choij/Sync/workspace/ChargedHiggsAnalysisV3/SKNanoOutput/CRPromptSelector/Run3Mu_RunNoWZSF_RunSyst/2022/Skim_TriLep_ZZTo4L_powheg.root
2025-12-18 22:07:35,420 - INFO - [2022] MISSING_FILE: /data9/Users/choij/Sync/workspace/ChargedHiggsAnalysisV3/SKNanoOutput/CRPromptSelector/Run3Mu_RunNoWZSF_RunSyst/2022/Skim_TriLep_VBFHToZZTo4L.root
2025-12-18 22:07:35,420 - INFO - [2022] MISSING_FILE: /data9/Users/choij/Sync/workspace/ChargedHiggsAnalysisV3/SKNanoOutput/CRPromptSelector/Run3Mu_RunNoWZSF_RunSyst/2022/Skim_TriLep_ggHToZZTo4L.root
2026-01-07 11:48:54,398 - INFO - [2022] MISSING_FILE: /data9/Users/choij/Sync/workspace/ChargedHiggsAnalysisV3/SKNanoOutput/CRPromptSelector/Run3Mu/2022/Skim_TriLep_DoubleMuon_C.root
2026-01-07 11:48:54,398 - INFO - [2022] MISSING_FILE: /data9/Users/choij/Sync/workspace/ChargedHiggsAnalysisV3/SKNanoOutput/CRPromptSelector/Run3Mu/2022/Skim_TriLep_Muon_C.root
2026-01-07 11:48:54,398 - INFO - [2022] MISSING_FILE: /data9/Users/choij/Sync/workspace/ChargedHiggsAnalysisV3/SKNanoOutput/CRPromptSelector/Run3Mu/2022/Skim_TriLep_Muon_D.root
2026-01-07 11:48:56,990 - INFO - [2022] MISSING_FILE: /data9/Users/choij/Sync/workspace/ChargedHiggsAnalysisV3/SKNanoOutput/CRPromptSelector/Run3Mu/2022/Skim_TriLep_DoubleMuon_C.root
2026-01-07 11:48:56,990 - INFO - [2022] MISSING_FILE: /data9/Users/choij/Sync/workspace/ChargedHiggsAnalysisV3/SKNanoOutput/CRPromptSelector/Run3Mu/2022/Skim_TriLep_Muon_C.root
2026-01-07 11:48:56,990 - INFO - [2022] MISSING_FILE: /data9/Users/choij/Sync/workspace/ChargedHiggsAnalysisV3/SKNanoOutput/CRPromptSelector/Run3Mu/2022/Skim_TriLep_Muon_D.root
2026-01-07 18:45:40,274 - INFO - [2022] MISSING_CENTRAL: WZ3Mu/Central/nZCand/mass in Skim_TriLep_DYJets.root
2026-01-07 18:45:40,274 - INFO - [2022] MISSING_CENTRAL: WZ3Mu/Central/nZCand/mass in Skim_TriLep_DYJets10to50.root
2026-01-07 18:45:40,275 - INFO - [2022] MISSING_CENTRAL: WZ3Mu/Central/nZCand/mass in Skim_TriLep_TTG_PTG10to100.root
2026-01-07 18:45:40,275 - INFO - [2022] MISSING_CENTRAL: WZ3Mu/Central/nZCand/mass in Skim_TriLep_TTG_PTG100to200.root
2026-01-07 18:45:40,276 - INFO - [2022] MISSING_CENTRAL: WZ3Mu/Central/nZCand/mass in Skim_TriLep_TTG_PTG200toInf.root
2026-01-07 18:45:45,320 - INFO - [2022] MISSING_CENTRAL: WZ3Mu/Central/nZCand/mass in Skim_TriLep_DYJets.root
2026-01-07 18:45:45,320 - INFO - [2022] MISSING_CENTRAL: WZ3Mu/Central/nZCand/mass in Skim_TriLep_DYJets10to50.root
2026-01-07 18:45:45,321 - INFO - [2022] MISSING_CENTRAL: WZ3Mu/Central/nZCand/mass in Skim_TriLep_TTG_PTG10to100.root
2026-01-07 18:45:45,321 - INFO - [2022] MISSING_CENTRAL: WZ3Mu/Central/nZCand/mass in Skim_TriLep_TTG_PTG100to200.root
2026-01-07 18:45:45,322 - INFO - [2022] MISSING_CENTRAL: WZ3Mu/Central/nZCand/mass in Skim_TriLep_TTG_PTG200toInf.root
2026-01-07 18:45:45,325 - INFO - [2022] MISSING_FILE: /data9/Users/choij/Sync/workspace/ChargedHiggsAnalysisV3/SKNanoOutput/CRPromptSelector/Run3Mu_RunNoWZSF_RunSyst/2022/Skim_TriLep_ZZTo4L_powheg.root
2026-01-07 18:45:45,330 - INFO - [2022] MISSING_FILE: /data9/Users/choij/Sync/workspace/ChargedHiggsAnalysisV3/SKNanoOutput/CRPromptSelector/Run3Mu_RunNoWZSF_RunSyst/2022/Skim_TriLep_VBFHToZZTo4L.root
2026-01-07 18:45:45,330 - INFO - [2022] MISSING_FILE: /data9/Users/choij/Sync/workspace/ChargedHiggsAnalysisV3/SKNanoOutput/CRPromptSelector/Run3Mu_RunNoWZSF_RunSyst/2022/Skim_TriLep_ggHToZZTo4L.root
2026-01-09 12:19:57,457 - INFO - [2022] MISSING_CENTRAL: WZ3Mu/Central/nZCand/mass in Skim_TriLep_DYJets.root
2026-01-09 12:19:57,458 - INFO - [2022] MISSING_CENTRAL: WZ3Mu/Central/nZCand/mass in Skim_TriLep_DYJets10to50.root
2026-01-09 12:19:57,458 - INFO - [2022] MISSING_CENTRAL: WZ3Mu/Central/nZCand/mass in Skim_TriLep_TTG_PTG10to100.root
2026-01-09 12:19:57,459 - INFO - [2022] MISSING_CENTRAL: WZ3Mu/Central/nZCand/mass in Skim_TriLep_TTG_PTG100to200.root
2026-01-09 12:19:57,459 - INFO - [2022] MISSING_CENTRAL: WZ3Mu/Central/nZCand/mass in Skim_TriLep_TTG_PTG200toInf.root
2026-01-09 12:20:02,576 - INFO - [2022] MISSING_CENTRAL: WZ3Mu/Central/nZCand/mass in Skim_TriLep_DYJets.root
2026-01-09 12:20:02,577 - INFO - [2022] MISSING_CENTRAL: WZ3Mu/Central/nZCand/mass in Skim_TriLep_DYJets10to50.root
2026-01-09 12:20:02,577 - INFO - [2022] MISSING_CENTRAL: WZ3Mu/Central/nZCand/mass in Skim_TriLep_TTG_PTG10to100.root
2026-01-09 12:20:02,577 - INFO - [2022] MISSING_CENTRAL: WZ3Mu/Central/nZCand/mass in Skim_TriLep_TTG_PTG100to200.root
2026-01-09 12:20:02,577 - INFO - [2022] MISSING_CENTRAL: WZ3Mu/Central/nZCand/mass in Skim_TriLep_TTG_PTG200toInf.root
2026-01-09 12:20:02,580 - INFO - [2022] MISSING_FILE: /home/choij/Sync/workspace/ChargedHiggsAnalysisV3/SKNanoOutput/CRPromptSelector/Run3Mu_RunNoWZSF_RunSyst/2022/Skim_TriLep_ZZTo4L_powheg.root
2026-01-09 12:20:02,582 - INFO - [2022] MISSING_FILE: /home/choij/Sync/workspace/ChargedHiggsAnalysisV3/SKNanoOutput/CRPromptSelector/Run3Mu_RunNoWZSF_RunSyst/2022/Skim_TriLep_VBFHToZZTo4L.root
2026-01-09 12:20:02,582 - INFO - [2022] MISSING_FILE: /home/choij/Sync/workspace/ChargedHiggsAnalysisV3/SKNanoOutput/CRPromptSelector/Run3Mu_RunNoWZSF_RunSyst/2022/Skim_TriLep_ggHToZZTo4L.root
2026-01-11 09:40:00,927 - INFO - [2022] MISSING_CENTRAL: WZ3Mu/Central/nZCand/mass in Skim_TriLep_DYJets.root
2026-01-11 09:40:00,927 - INFO - [2022] MISSING_CENTRAL: WZ3Mu/Central/nZCand/mass in Skim_TriLep_DYJets10to50.root
2026-01-11 09:40:00,927 - INFO - [2022] MISSING_CENTRAL: WZ3Mu/Central/nZCand/mass in Skim_TriLep_TTG_PTG10to100.root
2026-01-11 09:40:00,928 - INFO - [2022] MISSING_CENTRAL: WZ3Mu/Central/nZCand/mass in Skim_TriLep_TTG_PTG100to200.root
2026-01-11 09:40:00,928 - INFO - [2022] MISSING_CENTRAL: WZ3Mu/Central/nZCand/mass in Skim_TriLep_TTG_PTG200toInf.root
2026-01-11 09:40:06,174 - INFO - [2022] MISSING_CENTRAL: WZ3Mu/Central/nZCand/mass in Skim_TriLep_DYJets.root
2026-01-11 09:40:06,174 - INFO - [2022] MISSING_CENTRAL: WZ3Mu/Central/nZCand/mass in Skim_TriLep_DYJets10to50.root
2026-01-11 09:40:06,174 - INFO - [2022] MISSING_CENTRAL: WZ3Mu/Central/nZCand/mass in Skim_TriLep_TTG_PTG10to100.root
2026-01-11 09:40:06,175 - INFO - [2022] MISSING_CENTRAL: WZ3Mu/Central/nZCand/mass in Skim_TriLep_TTG_PTG100to200.root
2026-01-11 09:40:06,175 - INFO - [2022] MISSING_CENTRAL: WZ3Mu/Central/nZCand/mass in Skim_TriLep_TTG_PTG200toInf.root
2026-01-11 09:40:06,176 - INFO - [2022] MISSING_FILE: /home/choij/Sync/workspace/ChargedHiggsAnalysisV3/SKNanoOutput/CRPromptSelector/Run3Mu_RunNoWZSF_RunSyst/2022/Skim_TriLep_ZZTo4L_powheg.root
2026-01-11 09:40:06,179 - INFO - [2022] MISSING_FILE: /home/choij/Sync/workspace/ChargedHiggsAnalysisV3/SKNanoOutput/CRPromptSelector/Run3Mu_RunNoWZSF_RunSyst/2022/Skim_TriLep_VBFHToZZTo4L.root
2026-01-11 09:40:06,179 - INFO - [2022] MISSING_FILE: /home/choij/Sync/workspace/ChargedHiggsAnalysisV3/SKNanoOutput/CRPromptSelector/Run3Mu_RunNoWZSF_RunSyst/2022/Skim_TriLep_ggHToZZTo4L.root
2026-01-12 13:48:42,955 - INFO - [2022] MISSING_CENTRAL: WZ3Mu/Central/nZCand/mass in Skim_TriLep_DYJets.root
2026-01-12 13:48:42,955 - INFO - [2022] MISSING_CENTRAL: WZ3Mu/Central/nZCand/mass in Skim_TriLep_DYJets10to50.root
2026-01-12 13:48:42,956 - INFO - [2022] MISSING_CENTRAL: WZ3Mu/Central/nZCand/mass in Skim_TriLep_TTG_PTG10to100.root
2026-01-12 13:48:42,956 - INFO - [2022] MISSING_CENTRAL: WZ3Mu/Central/nZCand/mass in Skim_TriLep_TTG_PTG100to200.root
2026-01-12 13:48:42,956 - INFO - [2022] MISSING_CENTRAL: WZ3Mu/Central/nZCand/mass in Skim_TriLep_TTG_PTG200toInf.root
2026-01-12 13:48:48,292 - INFO - [2022] MISSING_CENTRAL: WZ3Mu/Central/nZCand/mass in Skim_TriLep_DYJets.root
2026-01-12 13:48:48,292 - INFO - [2022] MISSING_CENTRAL: WZ3Mu/Central/nZCand/mass in Skim_TriLep_DYJets10to50.root
2026-01-12 13:48:48,292 - INFO - [2022] MISSING_CENTRAL: WZ3Mu/Central/nZCand/mass in Skim_TriLep_TTG_PTG10to100.root
2026-01-12 13:48:48,293 - INFO - [2022] MISSING_CENTRAL: WZ3Mu/Central/nZCand/mass in Skim_TriLep_TTG_PTG100to200.root
2026-01-12 13:48:48,293 - INFO - [2022] MISSING_CENTRAL: WZ3Mu/Central/nZCand/mass in Skim_TriLep_TTG_PTG200toInf.root
2026-01-12 13:48:48,295 - INFO - [2022] MISSING_FILE: /home/choij/Sync/workspace/ChargedHiggsAnalysisV3/SKNanoOutput/CRPromptSelector/Run3Mu_RunNoWZSF_RunSyst/2022/Skim_TriLep_ZZTo4L_powheg.root
2026-01-12 13:48:48,297 - INFO - [2022] MISSING_FILE: /home/choij/Sync/workspace/ChargedHiggsAnalysisV3/SKNanoOutput/CRPromptSelector/Run3Mu_RunNoWZSF_RunSyst/2022/Skim_TriLep_VBFHToZZTo4L.root
2026-01-12 13:48:48,297 - INFO - [2022] MISSING_FILE: /home/choij/Sync/workspace/ChargedHiggsAnalysisV3/SKNanoOutput/CRPromptSelector/Run3Mu_RunNoWZSF_RunSyst/2022/Skim_TriLep_ggHToZZTo4L.root
