2025-09-24 15:55:41,011 - INFO - [2022] MISSING_CENTRAL: WZ3Mu/Central/ZCand/eta in Skim_TriLep_DYJets.root
2025-09-24 15:55:41,012 - INFO - [2022] MISSING_CENTRAL: WZ3Mu/Central/ZCand/eta in Skim_TriLep_DYJets10to50.root
2025-09-24 15:55:41,012 - INFO - [2022] MISSING_CENTRAL: WZ3Mu/Central/ZCand/eta in Skim_TriLep_DYGTo2LG_MLL4to50_PTG10to100.root
2025-09-24 15:55:41,012 - INFO - [2022] MISSING_CENTRAL: WZ3Mu/Central/ZCand/eta in Skim_TriLep_DYGTo2LG_MLL4to50_PTG100to200.root
2025-09-24 15:55:41,012 - INFO - [2022] MISSING_CENTRAL: WZ3Mu/Central/ZCand/eta in Skim_TriLep_DYGTo2LG_MLL4to50_PTG200toInf.root
2025-09-24 15:55:41,086 - INFO - [2022] MISSING_CENTRAL: WZ3Mu/Central/ZCand/eta in Skim_TriLep_TTG_PTG100to200.root
2025-09-24 15:55:41,086 - INFO - [2022] MISSING_CENTRAL: WZ3Mu/Central/ZCand/eta in Skim_TriLep_TTG_PTG200toInf.root
2025-09-24 15:55:50,743 - INFO - [2022] MISSING_CENTRAL: WZ3Mu/Central/ZCand/eta in Skim_TriLep_DYJets.root
2025-09-24 15:55:50,744 - INFO - [2022] MISSING_CENTRAL: WZ3Mu/Central/ZCand/eta in Skim_TriLep_DYJets10to50.root
2025-09-24 15:55:50,744 - INFO - [2022] MISSING_CENTRAL: WZ3Mu/Central/ZCand/eta in Skim_TriLep_DYGTo2LG_MLL4to50_PTG10to100.root
2025-09-24 15:55:50,744 - INFO - [2022] MISSING_CENTRAL: WZ3Mu/Central/ZCand/eta in Skim_TriLep_DYGTo2LG_MLL4to50_PTG100to200.root
2025-09-24 15:55:50,744 - INFO - [2022] MISSING_CENTRAL: WZ3Mu/Central/ZCand/eta in Skim_TriLep_DYGTo2LG_MLL4to50_PTG200toInf.root
2025-09-24 15:55:50,828 - INFO - [2022] MISSING_CENTRAL: WZ3Mu/Central/ZCand/eta in Skim_TriLep_TTG_PTG100to200.root
2025-09-24 15:55:50,828 - INFO - [2022] MISSING_CENTRAL: WZ3Mu/Central/ZCand/eta in Skim_TriLep_TTG_PTG200toInf.root
2025-09-24 15:55:50,830 - INFO - [2022] MISSING_FILE: /Users/choij/Sync/workspace/ChargedHiggsAnalysisV3/SKNanoOutput/CRPromptSelector/Run3Mu_RunNoWZSF_RunSyst/2022/Skim_TriLep_ZZTo4L_powheg.root
2025-09-24 15:55:50,869 - INFO - [2022] MISSING_FILE: /Users/choij/Sync/workspace/ChargedHiggsAnalysisV3/SKNanoOutput/CRPromptSelector/Run3Mu_RunNoWZSF_RunSyst/2022/Skim_TriLep_VBFHToZZTo4L.root
2025-09-24 15:55:50,869 - INFO - [2022] MISSING_FILE: /Users/choij/Sync/workspace/ChargedHiggsAnalysisV3/SKNanoOutput/CRPromptSelector/Run3Mu_RunNoWZSF_RunSyst/2022/Skim_TriLep_ggHToZZTo4L.root
2025-10-02 21:17:02,716 - INFO - [2022] MISSING_CENTRAL: WZ3Mu/Central/ZCand/eta in Skim_TriLep_DYJets.root
2025-10-02 21:17:02,717 - INFO - [2022] MISSING_CENTRAL: WZ3Mu/Central/ZCand/eta in Skim_TriLep_DYJets10to50.root
2025-10-02 21:17:02,718 - INFO - [2022] MISSING_CENTRAL: WZ3Mu/Central/ZCand/eta in Skim_TriLep_DYGTo2LG_MLL4to50_PTG10to100.root
2025-10-02 21:17:02,719 - INFO - [2022] MISSING_CENTRAL: WZ3Mu/Central/ZCand/eta in Skim_TriLep_DYGTo2LG_MLL4to50_PTG100to200.root
2025-10-02 21:17:02,720 - INFO - [2022] MISSING_CENTRAL: WZ3Mu/Central/ZCand/eta in Skim_TriLep_DYGTo2LG_MLL4to50_PTG200toInf.root
2025-10-02 21:17:02,849 - INFO - [2022] MISSING_CENTRAL: WZ3Mu/Central/ZCand/eta in Skim_TriLep_TTG_PTG100to200.root
2025-10-02 21:17:02,850 - INFO - [2022] MISSING_CENTRAL: WZ3Mu/Central/ZCand/eta in Skim_TriLep_TTG_PTG200toInf.root
2025-10-02 21:17:09,484 - INFO - [2022] MISSING_CENTRAL: WZ3Mu/Central/ZCand/eta in Skim_TriLep_DYJets.root
2025-10-02 21:17:09,486 - INFO - [2022] MISSING_CENTRAL: WZ3Mu/Central/ZCand/eta in Skim_TriLep_DYJets10to50.root
2025-10-02 21:17:09,488 - INFO - [2022] MISSING_CENTRAL: WZ3Mu/Central/ZCand/eta in Skim_TriLep_DYGTo2LG_MLL4to50_PTG10to100.root
2025-10-02 21:17:09,489 - INFO - [2022] MISSING_CENTRAL: WZ3Mu/Central/ZCand/eta in Skim_TriLep_DYGTo2LG_MLL4to50_PTG100to200.root
2025-10-02 21:17:09,491 - INFO - [2022] MISSING_CENTRAL: WZ3Mu/Central/ZCand/eta in Skim_TriLep_DYGTo2LG_MLL4to50_PTG200toInf.root
2025-10-02 21:17:09,498 - INFO - [2022] MISSING_CENTRAL: WZ3Mu/Central/ZCand/eta in Skim_TriLep_TTG_PTG100to200.root
2025-10-02 21:17:09,500 - INFO - [2022] MISSING_CENTRAL: WZ3Mu/Central/ZCand/eta in Skim_TriLep_TTG_PTG200toInf.root
2025-10-02 21:17:09,509 - INFO - [2022] MISSING_FILE: /data9/Users/choij/Sync/workspace/ChargedHiggsAnalysisV3/SKNanoOutput/CRPromptSelector/Run3Mu_RunNoWZSF_RunSyst/2022/Skim_TriLep_ZZTo4L_powheg.root
2025-10-02 21:17:09,520 - INFO - [2022] MISSING_FILE: /data9/Users/choij/Sync/workspace/ChargedHiggsAnalysisV3/SKNanoOutput/CRPromptSelector/Run3Mu_RunNoWZSF_RunSyst/2022/Skim_TriLep_VBFHToZZTo4L.root
2025-10-02 21:17:09,521 - INFO - [2022] MISSING_FILE: /data9/Users/choij/Sync/workspace/ChargedHiggsAnalysisV3/SKNanoOutput/CRPromptSelector/Run3Mu_RunNoWZSF_RunSyst/2022/Skim_TriLep_ggHToZZTo4L.root
2025-10-03 00:23:36,676 - INFO - [2022] MISSING_CENTRAL: WZ3Mu/Central/ZCand/eta in Skim_TriLep_DYJets.root
2025-10-03 00:23:36,677 - INFO - [2022] MISSING_CENTRAL: WZ3Mu/Central/ZCand/eta in Skim_TriLep_DYJets10to50.root
2025-10-03 00:23:36,677 - INFO - [2022] MISSING_CENTRAL: WZ3Mu/Central/ZCand/eta in Skim_TriLep_DYGTo2LG_MLL4to50_PTG10to100.root
2025-10-03 00:23:36,677 - INFO - [2022] MISSING_CENTRAL: WZ3Mu/Central/ZCand/eta in Skim_TriLep_DYGTo2LG_MLL4to50_PTG100to200.root
2025-10-03 00:23:36,678 - INFO - [2022] MISSING_CENTRAL: WZ3Mu/Central/ZCand/eta in Skim_TriLep_DYGTo2LG_MLL4to50_PTG200toInf.root
2025-10-03 00:23:36,694 - INFO - [2022] MISSING_CENTRAL: WZ3Mu/Central/ZCand/eta in Skim_TriLep_TTG_PTG100to200.root
2025-10-03 00:23:36,694 - INFO - [2022] MISSING_CENTRAL: WZ3Mu/Central/ZCand/eta in Skim_TriLep_TTG_PTG200toInf.root
2025-10-03 00:23:45,815 - INFO - [2022] MISSING_CENTRAL: WZ3Mu/Central/ZCand/eta in Skim_TriLep_DYJets.root
2025-10-03 00:23:45,815 - INFO - [2022] MISSING_CENTRAL: WZ3Mu/Central/ZCand/eta in Skim_TriLep_DYJets10to50.root
2025-10-03 00:23:45,816 - INFO - [2022] MISSING_CENTRAL: WZ3Mu/Central/ZCand/eta in Skim_TriLep_DYGTo2LG_MLL4to50_PTG10to100.root
2025-10-03 00:23:45,816 - INFO - [2022] MISSING_CENTRAL: WZ3Mu/Central/ZCand/eta in Skim_TriLep_DYGTo2LG_MLL4to50_PTG100to200.root
2025-10-03 00:23:45,816 - INFO - [2022] MISSING_CENTRAL: WZ3Mu/Central/ZCand/eta in Skim_TriLep_DYGTo2LG_MLL4to50_PTG200toInf.root
2025-10-03 00:23:45,818 - INFO - [2022] MISSING_CENTRAL: WZ3Mu/Central/ZCand/eta in Skim_TriLep_TTG_PTG100to200.root
2025-10-03 00:23:45,818 - INFO - [2022] MISSING_CENTRAL: WZ3Mu/Central/ZCand/eta in Skim_TriLep_TTG_PTG200toInf.root
2025-10-03 00:23:45,819 - INFO - [2022] MISSING_FILE: /Users/choij/Sync/workspace/ChargedHiggsAnalysisV3/SKNanoOutput/CRPromptSelector/Run3Mu_RunNoWZSF_RunSyst/2022/Skim_TriLep_ZZTo4L_powheg.root
2025-10-03 00:23:45,821 - INFO - [2022] MISSING_FILE: /Users/choij/Sync/workspace/ChargedHiggsAnalysisV3/SKNanoOutput/CRPromptSelector/Run3Mu_RunNoWZSF_RunSyst/2022/Skim_TriLep_VBFHToZZTo4L.root
2025-10-03 00:23:45,821 - INFO - [2022] MISSING_FILE: /Users/choij/Sync/workspace/ChargedHiggsAnalysisV3/SKNanoOutput/CRPromptSelector/Run3Mu_RunNoWZSF_RunSyst/2022/Skim_TriLep_ggHToZZTo4L.root
2025-11-07 13:09:27,065 - INFO - [2022] MISSING_CENTRAL: WZ3Mu/Central/ZCand/eta in Skim_TriLep_DYJets.root
2025-11-07 13:09:27,066 - INFO - [2022] MISSING_CENTRAL: WZ3Mu/Central/ZCand/eta in Skim_TriLep_DYJets10to50.root
2025-11-07 13:09:27,066 - INFO - [2022] MISSING_CENTRAL: WZ3Mu/Central/ZCand/eta in Skim_TriLep_DYGTo2LG_MLL4to50_PTG10to100.root
2025-11-07 13:09:27,066 - INFO - [2022] MISSING_CENTRAL: WZ3Mu/Central/ZCand/eta in Skim_TriLep_DYGTo2LG_MLL4to50_PTG100to200.root
2025-11-07 13:09:27,067 - INFO - [2022] MISSING_CENTRAL: WZ3Mu/Central/ZCand/eta in Skim_TriLep_DYGTo2LG_MLL4to50_PTG200toInf.root
2025-11-07 13:09:27,083 - INFO - [2022] MISSING_CENTRAL: WZ3Mu/Central/ZCand/eta in Skim_TriLep_TTG_PTG100to200.root
2025-11-07 13:09:27,083 - INFO - [2022] MISSING_CENTRAL: WZ3Mu/Central/ZCand/eta in Skim_TriLep_TTG_PTG200toInf.root
2025-11-07 13:09:32,450 - INFO - [2022] MISSING_CENTRAL: WZ3Mu/Central/ZCand/eta in Skim_TriLep_DYJets.root
2025-11-07 13:09:32,450 - INFO - [2022] MISSING_CENTRAL: WZ3Mu/Central/ZCand/eta in Skim_TriLep_DYJets10to50.root
2025-11-07 13:09:32,450 - INFO - [2022] MISSING_CENTRAL: WZ3Mu/Central/ZCand/eta in Skim_TriLep_DYGTo2LG_MLL4to50_PTG10to100.root
2025-11-07 13:09:32,451 - INFO - [2022] MISSING_CENTRAL: WZ3Mu/Central/ZCand/eta in Skim_TriLep_DYGTo2LG_MLL4to50_PTG100to200.root
2025-11-07 13:09:32,451 - INFO - [2022] MISSING_CENTRAL: WZ3Mu/Central/ZCand/eta in Skim_TriLep_DYGTo2LG_MLL4to50_PTG200toInf.root
2025-11-07 13:09:32,452 - INFO - [2022] MISSING_CENTRAL: WZ3Mu/Central/ZCand/eta in Skim_TriLep_TTG_PTG100to200.root
2025-11-07 13:09:32,453 - INFO - [2022] MISSING_CENTRAL: WZ3Mu/Central/ZCand/eta in Skim_TriLep_TTG_PTG200toInf.root
2025-11-07 13:09:32,455 - INFO - [2022] MISSING_FILE: /home/choij/Sync/workspace/ChargedHiggsAnalysisV3/SKNanoOutput/CRPromptSelector/Run3Mu_RunNoWZSF_RunSyst/2022/Skim_TriLep_ZZTo4L_powheg.root
2025-11-07 13:09:32,457 - INFO - [2022] MISSING_FILE: /home/choij/Sync/workspace/ChargedHiggsAnalysisV3/SKNanoOutput/CRPromptSelector/Run3Mu_RunNoWZSF_RunSyst/2022/Skim_TriLep_VBFHToZZTo4L.root
2025-11-07 13:09:32,457 - INFO - [2022] MISSING_FILE: /home/choij/Sync/workspace/ChargedHiggsAnalysisV3/SKNanoOutput/CRPromptSelector/Run3Mu_RunNoWZSF_RunSyst/2022/Skim_TriLep_ggHToZZTo4L.root
2025-11-07 14:07:07,667 - INFO - [2022] MISSING_CENTRAL: WZ3Mu/Central/ZCand/eta in Skim_TriLep_DYJets.root
2025-11-07 14:07:07,668 - INFO - [2022] MISSING_CENTRAL: WZ3Mu/Central/ZCand/eta in Skim_TriLep_DYJets10to50.root
2025-11-07 14:07:07,668 - INFO - [2022] MISSING_CENTRAL: WZ3Mu/Central/ZCand/eta in Skim_TriLep_DYGTo2LG_MLL4to50_PTG10to100.root
2025-11-07 14:07:07,668 - INFO - [2022] MISSING_CENTRAL: WZ3Mu/Central/ZCand/eta in Skim_TriLep_DYGTo2LG_MLL4to50_PTG100to200.root
2025-11-07 14:07:07,668 - INFO - [2022] MISSING_CENTRAL: WZ3Mu/Central/ZCand/eta in Skim_TriLep_DYGTo2LG_MLL4to50_PTG200toInf.root
2025-11-07 14:07:07,690 - INFO - [2022] MISSING_CENTRAL: WZ3Mu/Central/ZCand/eta in Skim_TriLep_TTG_PTG100to200.root
2025-11-07 14:07:07,690 - INFO - [2022] MISSING_CENTRAL: WZ3Mu/Central/ZCand/eta in Skim_TriLep_TTG_PTG200toInf.root
2025-11-07 14:07:12,904 - INFO - [2022] MISSING_CENTRAL: WZ3Mu/Central/ZCand/eta in Skim_TriLep_DYJets.root
2025-11-07 14:07:12,904 - INFO - [2022] MISSING_CENTRAL: WZ3Mu/Central/ZCand/eta in Skim_TriLep_DYJets10to50.root
2025-11-07 14:07:12,904 - INFO - [2022] MISSING_CENTRAL: WZ3Mu/Central/ZCand/eta in Skim_TriLep_DYGTo2LG_MLL4to50_PTG10to100.root
2025-11-07 14:07:12,905 - INFO - [2022] MISSING_CENTRAL: WZ3Mu/Central/ZCand/eta in Skim_TriLep_DYGTo2LG_MLL4to50_PTG100to200.root
2025-11-07 14:07:12,905 - INFO - [2022] MISSING_CENTRAL: WZ3Mu/Central/ZCand/eta in Skim_TriLep_DYGTo2LG_MLL4to50_PTG200toInf.root
2025-11-07 14:07:12,906 - INFO - [2022] MISSING_CENTRAL: WZ3Mu/Central/ZCand/eta in Skim_TriLep_TTG_PTG100to200.root
2025-11-07 14:07:12,907 - INFO - [2022] MISSING_CENTRAL: WZ3Mu/Central/ZCand/eta in Skim_TriLep_TTG_PTG200toInf.root
2025-11-07 14:07:12,908 - INFO - [2022] MISSING_FILE: /home/choij/Sync/workspace/ChargedHiggsAnalysisV3/SKNanoOutput/CRPromptSelector/Run3Mu_RunNoWZSF_RunSyst/2022/Skim_TriLep_ZZTo4L_powheg.root
2025-11-07 14:07:12,911 - INFO - [2022] MISSING_FILE: /home/choij/Sync/workspace/ChargedHiggsAnalysisV3/SKNanoOutput/CRPromptSelector/Run3Mu_RunNoWZSF_RunSyst/2022/Skim_TriLep_VBFHToZZTo4L.root
2025-11-07 14:07:12,911 - INFO - [2022] MISSING_FILE: /home/choij/Sync/workspace/ChargedHiggsAnalysisV3/SKNanoOutput/CRPromptSelector/Run3Mu_RunNoWZSF_RunSyst/2022/Skim_TriLep_ggHToZZTo4L.root
2025-11-10 12:22:20,540 - INFO - [2022] MISSING_CENTRAL: WZ3Mu/Central/ZCand/eta in Skim_TriLep_DYJets.root
2025-11-10 12:22:20,541 - INFO - [2022] MISSING_CENTRAL: WZ3Mu/Central/ZCand/eta in Skim_TriLep_DYJets10to50.root
2025-11-10 12:22:20,541 - INFO - [2022] MISSING_CENTRAL: WZ3Mu/Central/ZCand/eta in Skim_TriLep_DYGTo2LG_MLL4to50_PTG10to100.root
2025-11-10 12:22:20,541 - INFO - [2022] MISSING_CENTRAL: WZ3Mu/Central/ZCand/eta in Skim_TriLep_DYGTo2LG_MLL4to50_PTG100to200.root
2025-11-10 12:22:20,541 - INFO - [2022] MISSING_CENTRAL: WZ3Mu/Central/ZCand/eta in Skim_TriLep_DYGTo2LG_MLL4to50_PTG200toInf.root
2025-11-10 12:22:20,558 - INFO - [2022] MISSING_CENTRAL: WZ3Mu/Central/ZCand/eta in Skim_TriLep_TTG_PTG100to200.root
2025-11-10 12:22:20,559 - INFO - [2022] MISSING_CENTRAL: WZ3Mu/Central/ZCand/eta in Skim_TriLep_TTG_PTG200toInf.root
2025-11-10 12:22:25,527 - INFO - [2022] MISSING_CENTRAL: WZ3Mu/Central/ZCand/eta in Skim_TriLep_DYJets.root
2025-11-10 12:22:25,527 - INFO - [2022] MISSING_CENTRAL: WZ3Mu/Central/ZCand/eta in Skim_TriLep_DYJets10to50.root
2025-11-10 12:22:25,527 - INFO - [2022] MISSING_CENTRAL: WZ3Mu/Central/ZCand/eta in Skim_TriLep_DYGTo2LG_MLL4to50_PTG10to100.root
2025-11-10 12:22:25,528 - INFO - [2022] MISSING_CENTRAL: WZ3Mu/Central/ZCand/eta in Skim_TriLep_DYGTo2LG_MLL4to50_PTG100to200.root
2025-11-10 12:22:25,528 - INFO - [2022] MISSING_CENTRAL: WZ3Mu/Central/ZCand/eta in Skim_TriLep_DYGTo2LG_MLL4to50_PTG200toInf.root
2025-11-10 12:22:25,530 - INFO - [2022] MISSING_CENTRAL: WZ3Mu/Central/ZCand/eta in Skim_TriLep_TTG_PTG100to200.root
2025-11-10 12:22:25,530 - INFO - [2022] MISSING_CENTRAL: WZ3Mu/Central/ZCand/eta in Skim_TriLep_TTG_PTG200toInf.root
2025-11-10 12:22:25,532 - INFO - [2022] MISSING_FILE: /home/choij/Sync/workspace/ChargedHiggsAnalysisV3/SKNanoOutput/CRPromptSelector/Run3Mu_RunNoWZSF_RunSyst/2022/Skim_TriLep_ZZTo4L_powheg.root
2025-11-10 12:22:25,535 - INFO - [2022] MISSING_FILE: /home/choij/Sync/workspace/ChargedHiggsAnalysisV3/SKNanoOutput/CRPromptSelector/Run3Mu_RunNoWZSF_RunSyst/2022/Skim_TriLep_VBFHToZZTo4L.root
2025-11-10 12:22:25,535 - INFO - [2022] MISSING_FILE: /home/choij/Sync/workspace/ChargedHiggsAnalysisV3/SKNanoOutput/CRPromptSelector/Run3Mu_RunNoWZSF_RunSyst/2022/Skim_TriLep_ggHToZZTo4L.root
2025-11-13 11:11:55,775 - INFO - [2022] MISSING_CENTRAL: WZ3Mu/Central/ZCand/eta in Skim_TriLep_DYJets.root
2025-11-13 11:11:55,776 - INFO - [2022] MISSING_CENTRAL: WZ3Mu/Central/ZCand/eta in Skim_TriLep_DYJets10to50.root
2025-11-13 11:11:55,777 - INFO - [2022] MISSING_CENTRAL: WZ3Mu/Central/ZCand/eta in Skim_TriLep_DYGTo2LG_MLL4to50_PTG10to100.root
2025-11-13 11:11:55,777 - INFO - [2022] MISSING_CENTRAL: WZ3Mu/Central/ZCand/eta in Skim_TriLep_DYGTo2LG_MLL4to50_PTG100to200.root
2025-11-13 11:11:55,778 - INFO - [2022] MISSING_CENTRAL: WZ3Mu/Central/ZCand/eta in Skim_TriLep_DYGTo2LG_MLL4to50_PTG200toInf.root
2025-11-13 11:11:55,805 - INFO - [2022] MISSING_CENTRAL: WZ3Mu/Central/ZCand/eta in Skim_TriLep_TTG_PTG100to200.root
2025-11-13 11:11:55,806 - INFO - [2022] MISSING_CENTRAL: WZ3Mu/Central/ZCand/eta in Skim_TriLep_TTG_PTG200toInf.root
2025-11-13 11:12:01,679 - INFO - [2022] MISSING_CENTRAL: WZ3Mu/Central/ZCand/eta in Skim_TriLep_DYJets.root
2025-11-13 11:12:01,680 - INFO - [2022] MISSING_CENTRAL: WZ3Mu/Central/ZCand/eta in Skim_TriLep_DYJets10to50.root
2025-11-13 11:12:01,681 - INFO - [2022] MISSING_CENTRAL: WZ3Mu/Central/ZCand/eta in Skim_TriLep_DYGTo2LG_MLL4to50_PTG10to100.root
2025-11-13 11:12:01,682 - INFO - [2022] MISSING_CENTRAL: WZ3Mu/Central/ZCand/eta in Skim_TriLep_DYGTo2LG_MLL4to50_PTG100to200.root
2025-11-13 11:12:01,683 - INFO - [2022] MISSING_CENTRAL: WZ3Mu/Central/ZCand/eta in Skim_TriLep_DYGTo2LG_MLL4to50_PTG200toInf.root
2025-11-13 11:12:01,689 - INFO - [2022] MISSING_CENTRAL: WZ3Mu/Central/ZCand/eta in Skim_TriLep_TTG_PTG100to200.root
2025-11-13 11:12:01,690 - INFO - [2022] MISSING_CENTRAL: WZ3Mu/Central/ZCand/eta in Skim_TriLep_TTG_PTG200toInf.root
2025-11-13 11:12:01,695 - INFO - [2022] MISSING_FILE: /data9/Users/choij/Sync/workspace/ChargedHiggsAnalysisV3/SKNanoOutput/CRPromptSelector/Run3Mu_RunNoWZSF_RunSyst/2022/Skim_TriLep_ZZTo4L_powheg.root
2025-11-13 11:12:01,703 - INFO - [2022] MISSING_FILE: /data9/Users/choij/Sync/workspace/ChargedHiggsAnalysisV3/SKNanoOutput/CRPromptSelector/Run3Mu_RunNoWZSF_RunSyst/2022/Skim_TriLep_VBFHToZZTo4L.root
2025-11-13 11:12:01,703 - INFO - [2022] MISSING_FILE: /data9/Users/choij/Sync/workspace/ChargedHiggsAnalysisV3/SKNanoOutput/CRPromptSelector/Run3Mu_RunNoWZSF_RunSyst/2022/Skim_TriLep_ggHToZZTo4L.root
2025-11-19 00:18:20,021 - INFO - [2022] MISSING_CENTRAL: WZ3Mu/Central/ZCand/eta in Skim_TriLep_DYJets.root
2025-11-19 00:18:20,022 - INFO - [2022] MISSING_CENTRAL: WZ3Mu/Central/ZCand/eta in Skim_TriLep_DYJets10to50.root
2025-11-19 00:18:20,023 - INFO - [2022] MISSING_CENTRAL: WZ3Mu/Central/ZCand/eta in Skim_TriLep_DYGTo2LG_MLL4to50_PTG10to100.root
2025-11-19 00:18:20,023 - INFO - [2022] MISSING_CENTRAL: WZ3Mu/Central/ZCand/eta in Skim_TriLep_DYGTo2LG_MLL4to50_PTG100to200.root
2025-11-19 00:18:20,024 - INFO - [2022] MISSING_CENTRAL: WZ3Mu/Central/ZCand/eta in Skim_TriLep_DYGTo2LG_MLL4to50_PTG200toInf.root
2025-11-19 00:18:20,067 - INFO - [2022] MISSING_CENTRAL: WZ3Mu/Central/ZCand/eta in Skim_TriLep_TTG_PTG100to200.root
2025-11-19 00:18:20,068 - INFO - [2022] MISSING_CENTRAL: WZ3Mu/Central/ZCand/eta in Skim_TriLep_TTG_PTG200toInf.root
2025-11-19 00:18:23,807 - INFO - [2022] MISSING_CENTRAL: WZ3Mu/Central/ZCand/eta in Skim_TriLep_DYJets.root
2025-11-19 00:18:23,808 - INFO - [2022] MISSING_CENTRAL: WZ3Mu/Central/ZCand/eta in Skim_TriLep_DYJets10to50.root
2025-11-19 00:18:23,809 - INFO - [2022] MISSING_CENTRAL: WZ3Mu/Central/ZCand/eta in Skim_TriLep_DYGTo2LG_MLL4to50_PTG10to100.root
2025-11-19 00:18:23,809 - INFO - [2022] MISSING_CENTRAL: WZ3Mu/Central/ZCand/eta in Skim_TriLep_DYGTo2LG_MLL4to50_PTG100to200.root
2025-11-19 00:18:23,810 - INFO - [2022] MISSING_CENTRAL: WZ3Mu/Central/ZCand/eta in Skim_TriLep_DYGTo2LG_MLL4to50_PTG200toInf.root
2025-11-19 00:18:23,813 - INFO - [2022] MISSING_CENTRAL: WZ3Mu/Central/ZCand/eta in Skim_TriLep_TTG_PTG100to200.root
2025-11-19 00:18:23,814 - INFO - [2022] MISSING_CENTRAL: WZ3Mu/Central/ZCand/eta in Skim_TriLep_TTG_PTG200toInf.root
2025-11-19 00:18:23,828 - INFO - [2022] MISSING_FILE: /data9/Users/choij/Sync/workspace/ChargedHiggsAnalysisV3/SKNanoOutput/CRPromptSelector/Run3Mu_RunNoWZSF_RunSyst/2022/Skim_TriLep_ZZTo4L_powheg.root
2025-11-19 00:18:23,832 - INFO - [2022] MISSING_FILE: /data9/Users/choij/Sync/workspace/ChargedHiggsAnalysisV3/SKNanoOutput/CRPromptSelector/Run3Mu_RunNoWZSF_RunSyst/2022/Skim_TriLep_VBFHToZZTo4L.root
2025-11-19 00:18:23,832 - INFO - [2022] MISSING_FILE: /data9/Users/choij/Sync/workspace/ChargedHiggsAnalysisV3/SKNanoOutput/CRPromptSelector/Run3Mu_RunNoWZSF_RunSyst/2022/Skim_TriLep_ggHToZZTo4L.root
2025-11-19 15:43:33,090 - INFO - [2022] MISSING_CENTRAL: WZ3Mu/Central/ZCand/eta in Skim_TriLep_DYJets.root
2025-11-19 15:43:33,090 - INFO - [2022] MISSING_CENTRAL: WZ3Mu/Central/ZCand/eta in Skim_TriLep_DYJets10to50.root
2025-11-19 15:43:33,091 - INFO - [2022] MISSING_CENTRAL: WZ3Mu/Central/ZCand/eta in Skim_TriLep_DYGTo2LG_MLL4to50_PTG10to100.root
2025-11-19 15:43:33,091 - INFO - [2022] MISSING_CENTRAL: WZ3Mu/Central/ZCand/eta in Skim_TriLep_DYGTo2LG_MLL4to50_PTG100to200.root
2025-11-19 15:43:33,092 - INFO - [2022] MISSING_CENTRAL: WZ3Mu/Central/ZCand/eta in Skim_TriLep_DYGTo2LG_MLL4to50_PTG200toInf.root
2025-11-19 15:43:33,116 - INFO - [2022] MISSING_CENTRAL: WZ3Mu/Central/ZCand/eta in Skim_TriLep_TTG_PTG100to200.root
2025-11-19 15:43:33,116 - INFO - [2022] MISSING_CENTRAL: WZ3Mu/Central/ZCand/eta in Skim_TriLep_TTG_PTG200toInf.root
2025-11-19 15:43:38,296 - INFO - [2022] MISSING_CENTRAL: WZ3Mu/Central/ZCand/eta in Skim_TriLep_DYJets.root
2025-11-19 15:43:38,297 - INFO - [2022] MISSING_CENTRAL: WZ3Mu/Central/ZCand/eta in Skim_TriLep_DYJets10to50.root
2025-11-19 15:43:38,298 - INFO - [2022] MISSING_CENTRAL: WZ3Mu/Central/ZCand/eta in Skim_TriLep_DYGTo2LG_MLL4to50_PTG10to100.root
2025-11-19 15:43:38,298 - INFO - [2022] MISSING_CENTRAL: WZ3Mu/Central/ZCand/eta in Skim_TriLep_DYGTo2LG_MLL4to50_PTG100to200.root
2025-11-19 15:43:38,299 - INFO - [2022] MISSING_CENTRAL: WZ3Mu/Central/ZCand/eta in Skim_TriLep_DYGTo2LG_MLL4to50_PTG200toInf.root
2025-11-19 15:43:38,301 - INFO - [2022] MISSING_CENTRAL: WZ3Mu/Central/ZCand/eta in Skim_TriLep_TTG_PTG100to200.root
2025-11-19 15:43:38,302 - INFO - [2022] MISSING_CENTRAL: WZ3Mu/Central/ZCand/eta in Skim_TriLep_TTG_PTG200toInf.root
2025-11-19 15:43:38,304 - INFO - [2022] MISSING_FILE: /home/choij/Sync/workspace/ChargedHiggsAnalysisV3/SKNanoOutput/CRPromptSelector/Run3Mu_RunNoWZSF_RunSyst/2022/Skim_TriLep_ZZTo4L_powheg.root
2025-11-19 15:43:38,307 - INFO - [2022] MISSING_FILE: /home/choij/Sync/workspace/ChargedHiggsAnalysisV3/SKNanoOutput/CRPromptSelector/Run3Mu_RunNoWZSF_RunSyst/2022/Skim_TriLep_VBFHToZZTo4L.root
2025-11-19 15:43:38,307 - INFO - [2022] MISSING_FILE: /home/choij/Sync/workspace/ChargedHiggsAnalysisV3/SKNanoOutput/CRPromptSelector/Run3Mu_RunNoWZSF_RunSyst/2022/Skim_TriLep_ggHToZZTo4L.root
2025-11-19 16:24:43,387 - INFO - [2022] MISSING_CENTRAL: WZ3Mu/Central/ZCand/eta in Skim_TriLep_DYJets.root
2025-11-19 16:24:43,387 - INFO - [2022] MISSING_CENTRAL: WZ3Mu/Central/ZCand/eta in Skim_TriLep_DYJets10to50.root
2025-11-19 16:24:43,387 - INFO - [2022] MISSING_CENTRAL: WZ3Mu/Central/ZCand/eta in Skim_TriLep_DYGTo2LG_MLL4to50_PTG10to100.root
2025-11-19 16:24:43,387 - INFO - [2022] MISSING_CENTRAL: WZ3Mu/Central/ZCand/eta in Skim_TriLep_DYGTo2LG_MLL4to50_PTG100to200.root
2025-11-19 16:24:43,388 - INFO - [2022] MISSING_CENTRAL: WZ3Mu/Central/ZCand/eta in Skim_TriLep_DYGTo2LG_MLL4to50_PTG200toInf.root
2025-11-19 16:24:43,405 - INFO - [2022] MISSING_CENTRAL: WZ3Mu/Central/ZCand/eta in Skim_TriLep_TTG_PTG100to200.root
2025-11-19 16:24:43,405 - INFO - [2022] MISSING_CENTRAL: WZ3Mu/Central/ZCand/eta in Skim_TriLep_TTG_PTG200toInf.root
2025-11-19 16:24:48,730 - INFO - [2022] MISSING_CENTRAL: WZ3Mu/Central/ZCand/eta in Skim_TriLep_DYJets.root
2025-11-19 16:24:48,730 - INFO - [2022] MISSING_CENTRAL: WZ3Mu/Central/ZCand/eta in Skim_TriLep_DYJets10to50.root
2025-11-19 16:24:48,731 - INFO - [2022] MISSING_CENTRAL: WZ3Mu/Central/ZCand/eta in Skim_TriLep_DYGTo2LG_MLL4to50_PTG10to100.root
2025-11-19 16:24:48,731 - INFO - [2022] MISSING_CENTRAL: WZ3Mu/Central/ZCand/eta in Skim_TriLep_DYGTo2LG_MLL4to50_PTG100to200.root
2025-11-19 16:24:48,731 - INFO - [2022] MISSING_CENTRAL: WZ3Mu/Central/ZCand/eta in Skim_TriLep_DYGTo2LG_MLL4to50_PTG200toInf.root
2025-11-19 16:24:48,733 - INFO - [2022] MISSING_CENTRAL: WZ3Mu/Central/ZCand/eta in Skim_TriLep_TTG_PTG100to200.root
2025-11-19 16:24:48,733 - INFO - [2022] MISSING_CENTRAL: WZ3Mu/Central/ZCand/eta in Skim_TriLep_TTG_PTG200toInf.root
2025-11-19 16:24:48,735 - INFO - [2022] MISSING_FILE: /home/choij/Sync/workspace/ChargedHiggsAnalysisV3/SKNanoOutput/CRPromptSelector/Run3Mu_RunNoWZSF_RunSyst/2022/Skim_TriLep_ZZTo4L_powheg.root
2025-11-19 16:24:48,737 - INFO - [2022] MISSING_FILE: /home/choij/Sync/workspace/ChargedHiggsAnalysisV3/SKNanoOutput/CRPromptSelector/Run3Mu_RunNoWZSF_RunSyst/2022/Skim_TriLep_VBFHToZZTo4L.root
2025-11-19 16:24:48,737 - INFO - [2022] MISSING_FILE: /home/choij/Sync/workspace/ChargedHiggsAnalysisV3/SKNanoOutput/CRPromptSelector/Run3Mu_RunNoWZSF_RunSyst/2022/Skim_TriLep_ggHToZZTo4L.root
2025-12-17 12:26:45,274 - INFO - [2022] MISSING_CENTRAL: WZ3Mu/Central/ZCand/eta in Skim_TriLep_DYJets.root
2025-12-17 12:26:45,282 - INFO - [2022] MISSING_CENTRAL: WZ3Mu/Central/ZCand/eta in Skim_TriLep_DYJets10to50.root
2025-12-17 12:26:45,306 - INFO - [2022] MISSING_CENTRAL: WZ3Mu/Central/ZCand/eta in Skim_TriLep_TTG_PTG10to100.root
2025-12-17 12:26:45,311 - INFO - [2022] MISSING_CENTRAL: WZ3Mu/Central/ZCand/eta in Skim_TriLep_TTG_PTG100to200.root
2025-12-17 12:26:45,313 - INFO - [2022] MISSING_CENTRAL: WZ3Mu/Central/ZCand/eta in Skim_TriLep_TTG_PTG200toInf.root
2025-12-17 12:26:51,547 - INFO - [2022] MISSING_CENTRAL: WZ3Mu/Central/ZCand/eta in Skim_TriLep_DYJets.root
2025-12-17 12:26:51,549 - INFO - [2022] MISSING_CENTRAL: WZ3Mu/Central/ZCand/eta in Skim_TriLep_DYJets10to50.root
2025-12-17 12:26:51,550 - INFO - [2022] MISSING_CENTRAL: WZ3Mu/Central/ZCand/eta in Skim_TriLep_TTG_PTG10to100.root
2025-12-17 12:26:51,551 - INFO - [2022] MISSING_CENTRAL: WZ3Mu/Central/ZCand/eta in Skim_TriLep_TTG_PTG100to200.root
2025-12-17 12:26:51,552 - INFO - [2022] MISSING_CENTRAL: WZ3Mu/Central/ZCand/eta in Skim_TriLep_TTG_PTG200toInf.root
2025-12-17 12:26:51,560 - INFO - [2022] MISSING_FILE: /data9/Users/choij/Sync/workspace/ChargedHiggsAnalysisV3/SKNanoOutput/CRPromptSelector/Run3Mu_RunNoWZSF_RunSyst/2022/Skim_TriLep_ZZTo4L_powheg.root
2025-12-17 12:26:51,569 - INFO - [2022] MISSING_FILE: /data9/Users/choij/Sync/workspace/ChargedHiggsAnalysisV3/SKNanoOutput/CRPromptSelector/Run3Mu_RunNoWZSF_RunSyst/2022/Skim_TriLep_VBFHToZZTo4L.root
2025-12-17 12:26:51,569 - INFO - [2022] MISSING_FILE: /data9/Users/choij/Sync/workspace/ChargedHiggsAnalysisV3/SKNanoOutput/CRPromptSelector/Run3Mu_RunNoWZSF_RunSyst/2022/Skim_TriLep_ggHToZZTo4L.root
2025-12-17 16:08:28,722 - INFO - [2022] MISSING_CENTRAL: WZ3Mu/Central/ZCand/eta in Skim_TriLep_DYJets.root
2025-12-17 16:08:28,723 - INFO - [2022] MISSING_CENTRAL: WZ3Mu/Central/ZCand/eta in Skim_TriLep_DYJets10to50.root
2025-12-17 16:08:28,723 - INFO - [2022] MISSING_CENTRAL: WZ3Mu/Central/ZCand/eta in Skim_TriLep_TTG_PTG10to100.root
2025-12-17 16:08:28,724 - INFO - [2022] MISSING_CENTRAL: WZ3Mu/Central/ZCand/eta in Skim_TriLep_TTG_PTG100to200.root
2025-12-17 16:08:28,725 - INFO - [2022] MISSING_CENTRAL: WZ3Mu/Central/ZCand/eta in Skim_TriLep_TTG_PTG200toInf.root
2025-12-17 16:08:32,962 - INFO - [2022] MISSING_CENTRAL: WZ3Mu/Central/ZCand/eta in Skim_TriLep_DYJets.root
2025-12-17 16:08:32,963 - INFO - [2022] MISSING_CENTRAL: WZ3Mu/Central/ZCand/eta in Skim_TriLep_DYJets10to50.root
2025-12-17 16:08:32,973 - INFO - [2022] MISSING_CENTRAL: WZ3Mu/Central/ZCand/eta in Skim_TriLep_TTG_PTG10to100.root
2025-12-17 16:08:32,983 - INFO - [2022] MISSING_CENTRAL: WZ3Mu/Central/ZCand/eta in Skim_TriLep_TTG_PTG100to200.root
2025-12-17 16:08:32,984 - INFO - [2022] MISSING_CENTRAL: WZ3Mu/Central/ZCand/eta in Skim_TriLep_TTG_PTG200toInf.root
2025-12-17 16:08:32,995 - INFO - [2022] MISSING_FILE: /data9/Users/choij/Sync/workspace/ChargedHiggsAnalysisV3/SKNanoOutput/CRPromptSelector/Run3Mu_RunNoWZSF_RunSyst/2022/Skim_TriLep_WZTo3LNu_powheg.root
2025-12-17 16:08:32,995 - INFO - [2022] MISSING_FILE: /data9/Users/choij/Sync/workspace/ChargedHiggsAnalysisV3/SKNanoOutput/CRPromptSelector/Run3Mu_RunNoWZSF_RunSyst/2022/Skim_TriLep_ZZTo4L_powheg.root
2025-12-17 16:08:33,020 - INFO - [2022] MISSING_FILE: /data9/Users/choij/Sync/workspace/ChargedHiggsAnalysisV3/SKNanoOutput/CRPromptSelector/Run3Mu_RunNoWZSF_RunSyst/2022/Skim_TriLep_VBFHToZZTo4L.root
2025-12-17 16:08:33,020 - INFO - [2022] MISSING_FILE: /data9/Users/choij/Sync/workspace/ChargedHiggsAnalysisV3/SKNanoOutput/CRPromptSelector/Run3Mu_RunNoWZSF_RunSyst/2022/Skim_TriLep_ggHToZZTo4L.root
2025-12-17 22:39:09,967 - INFO - [2022] MISSING_CENTRAL: WZ3Mu/Central/ZCand/eta in Skim_TriLep_DYJets.root
2025-12-17 22:39:09,968 - INFO - [2022] MISSING_CENTRAL: WZ3Mu/Central/ZCand/eta in Skim_TriLep_DYJets10to50.root
2025-12-17 22:39:09,969 - INFO - [2022] MISSING_CENTRAL: WZ3Mu/Central/ZCand/eta in Skim_TriLep_TTG_PTG10to100.root
2025-12-17 22:39:09,970 - INFO - [2022] MISSING_CENTRAL: WZ3Mu/Central/ZCand/eta in Skim_TriLep_TTG_PTG100to200.root
2025-12-17 22:39:09,971 - INFO - [2022] MISSING_CENTRAL: WZ3Mu/Central/ZCand/eta in Skim_TriLep_TTG_PTG200toInf.root
2025-12-17 22:39:15,125 - INFO - [2022] MISSING_CENTRAL: WZ3Mu/Central/ZCand/eta in Skim_TriLep_DYJets.root
2025-12-17 22:39:15,126 - INFO - [2022] MISSING_CENTRAL: WZ3Mu/Central/ZCand/eta in Skim_TriLep_DYJets10to50.root
2025-12-17 22:39:15,127 - INFO - [2022] MISSING_CENTRAL: WZ3Mu/Central/ZCand/eta in Skim_TriLep_TTG_PTG10to100.root
2025-12-17 22:39:15,128 - INFO - [2022] MISSING_CENTRAL: WZ3Mu/Central/ZCand/eta in Skim_TriLep_TTG_PTG100to200.root
2025-12-17 22:39:15,129 - INFO - [2022] MISSING_CENTRAL: WZ3Mu/Central/ZCand/eta in Skim_TriLep_TTG_PTG200toInf.root
2025-12-17 22:39:15,888 - INFO - [2022] MISSING_FILE: /data9/Users/choij/Sync/workspace/ChargedHiggsAnalysisV3/SKNanoOutput/CRPromptSelector/Run3Mu_RunNoWZSF_RunSyst/2022/Skim_TriLep_WZTo3LNu_powheg.root
2025-12-17 22:39:15,888 - INFO - [2022] MISSING_FILE: /data9/Users/choij/Sync/workspace/ChargedHiggsAnalysisV3/SKNanoOutput/CRPromptSelector/Run3Mu_RunNoWZSF_RunSyst/2022/Skim_TriLep_ZZTo4L_powheg.root
2025-12-17 22:39:15,917 - INFO - [2022] MISSING_FILE: /data9/Users/choij/Sync/workspace/ChargedHiggsAnalysisV3/SKNanoOutput/CRPromptSelector/Run3Mu_RunNoWZSF_RunSyst/2022/Skim_TriLep_VBFHToZZTo4L.root
2025-12-17 22:39:15,917 - INFO - [2022] MISSING_FILE: /data9/Users/choij/Sync/workspace/ChargedHiggsAnalysisV3/SKNanoOutput/CRPromptSelector/Run3Mu_RunNoWZSF_RunSyst/2022/Skim_TriLep_ggHToZZTo4L.root
2025-12-18 14:23:58,084 - INFO - [2022] MISSING_CENTRAL: WZ3Mu/Central/ZCand/eta in Skim_TriLep_DYJets.root
2025-12-18 14:23:58,085 - INFO - [2022] MISSING_CENTRAL: WZ3Mu/Central/ZCand/eta in Skim_TriLep_DYJets10to50.root
2025-12-18 14:23:58,086 - INFO - [2022] MISSING_CENTRAL: WZ3Mu/Central/ZCand/eta in Skim_TriLep_TTG_PTG10to100.root
2025-12-18 14:23:58,087 - INFO - [2022] MISSING_CENTRAL: WZ3Mu/Central/ZCand/eta in Skim_TriLep_TTG_PTG100to200.root
2025-12-18 14:23:58,088 - INFO - [2022] MISSING_CENTRAL: WZ3Mu/Central/ZCand/eta in Skim_TriLep_TTG_PTG200toInf.root
2025-12-18 14:24:03,551 - INFO - [2022] MISSING_CENTRAL: WZ3Mu/Central/ZCand/eta in Skim_TriLep_DYJets.root
2025-12-18 14:24:03,552 - INFO - [2022] MISSING_CENTRAL: WZ3Mu/Central/ZCand/eta in Skim_TriLep_DYJets10to50.root
2025-12-18 14:24:03,553 - INFO - [2022] MISSING_CENTRAL: WZ3Mu/Central/ZCand/eta in Skim_TriLep_TTG_PTG10to100.root
2025-12-18 14:24:03,553 - INFO - [2022] MISSING_CENTRAL: WZ3Mu/Central/ZCand/eta in Skim_TriLep_TTG_PTG100to200.root
2025-12-18 14:24:03,554 - INFO - [2022] MISSING_CENTRAL: WZ3Mu/Central/ZCand/eta in Skim_TriLep_TTG_PTG200toInf.root
2025-12-18 14:24:03,558 - INFO - [2022] MISSING_FILE: /data9/Users/choij/Sync/workspace/ChargedHiggsAnalysisV3/SKNanoOutput/CRPromptSelector/Run3Mu_RunNoWZSF_RunSyst/2022/Skim_TriLep_WZTo3LNu_powheg.root
2025-12-18 14:24:03,558 - INFO - [2022] MISSING_FILE: /data9/Users/choij/Sync/workspace/ChargedHiggsAnalysisV3/SKNanoOutput/CRPromptSelector/Run3Mu_RunNoWZSF_RunSyst/2022/Skim_TriLep_ZZTo4L_powheg.root
2025-12-18 14:24:03,563 - INFO - [2022] MISSING_FILE: /data9/Users/choij/Sync/workspace/ChargedHiggsAnalysisV3/SKNanoOutput/CRPromptSelector/Run3Mu_RunNoWZSF_RunSyst/2022/Skim_TriLep_VBFHToZZTo4L.root
2025-12-18 14:24:03,564 - INFO - [2022] MISSING_FILE: /data9/Users/choij/Sync/workspace/ChargedHiggsAnalysisV3/SKNanoOutput/CRPromptSelector/Run3Mu_RunNoWZSF_RunSyst/2022/Skim_TriLep_ggHToZZTo4L.root
2025-12-18 14:39:23,111 - INFO - [2022] MISSING_CENTRAL: WZ3Mu/Central/ZCand/eta in Skim_TriLep_DYJets.root
2025-12-18 14:39:23,112 - INFO - [2022] MISSING_CENTRAL: WZ3Mu/Central/ZCand/eta in Skim_TriLep_DYJets10to50.root
2025-12-18 14:39:23,113 - INFO - [2022] MISSING_CENTRAL: WZ3Mu/Central/ZCand/eta in Skim_TriLep_TTG_PTG10to100.root
2025-12-18 14:39:23,114 - INFO - [2022] MISSING_CENTRAL: WZ3Mu/Central/ZCand/eta in Skim_TriLep_TTG_PTG100to200.root
2025-12-18 14:39:23,114 - INFO - [2022] MISSING_CENTRAL: WZ3Mu/Central/ZCand/eta in Skim_TriLep_TTG_PTG200toInf.root
2025-12-18 14:39:28,238 - INFO - [2022] MISSING_CENTRAL: WZ3Mu/Central/ZCand/eta in Skim_TriLep_DYJets.root
2025-12-18 14:39:28,239 - INFO - [2022] MISSING_CENTRAL: WZ3Mu/Central/ZCand/eta in Skim_TriLep_DYJets10to50.root
2025-12-18 14:39:28,240 - INFO - [2022] MISSING_CENTRAL: WZ3Mu/Central/ZCand/eta in Skim_TriLep_TTG_PTG10to100.root
2025-12-18 14:39:28,241 - INFO - [2022] MISSING_CENTRAL: WZ3Mu/Central/ZCand/eta in Skim_TriLep_TTG_PTG100to200.root
2025-12-18 14:39:28,242 - INFO - [2022] MISSING_CENTRAL: WZ3Mu/Central/ZCand/eta in Skim_TriLep_TTG_PTG200toInf.root
2025-12-18 14:39:28,246 - INFO - [2022] MISSING_FILE: /data9/Users/choij/Sync/workspace/ChargedHiggsAnalysisV3/SKNanoOutput/CRPromptSelector/Run3Mu_RunNoWZSF_RunSyst/2022/Skim_TriLep_WZTo3LNu_powheg.root
2025-12-18 14:39:28,246 - INFO - [2022] MISSING_FILE: /data9/Users/choij/Sync/workspace/ChargedHiggsAnalysisV3/SKNanoOutput/CRPromptSelector/Run3Mu_RunNoWZSF_RunSyst/2022/Skim_TriLep_ZZTo4L_powheg.root
2025-12-18 14:39:28,253 - INFO - [2022] MISSING_FILE: /data9/Users/choij/Sync/workspace/ChargedHiggsAnalysisV3/SKNanoOutput/CRPromptSelector/Run3Mu_RunNoWZSF_RunSyst/2022/Skim_TriLep_VBFHToZZTo4L.root
2025-12-18 14:39:28,254 - INFO - [2022] MISSING_FILE: /data9/Users/choij/Sync/workspace/ChargedHiggsAnalysisV3/SKNanoOutput/CRPromptSelector/Run3Mu_RunNoWZSF_RunSyst/2022/Skim_TriLep_ggHToZZTo4L.root
2025-12-18 22:07:31,870 - INFO - [2022] MISSING_CENTRAL: WZ3Mu/Central/ZCand/eta in Skim_TriLep_DYJets.root
2025-12-18 22:07:31,871 - INFO - [2022] MISSING_CENTRAL: WZ3Mu/Central/ZCand/eta in Skim_TriLep_DYJets10to50.root
2025-12-18 22:07:31,872 - INFO - [2022] MISSING_CENTRAL: WZ3Mu/Central/ZCand/eta in Skim_TriLep_TTG_PTG10to100.root
2025-12-18 22:07:31,873 - INFO - [2022] MISSING_CENTRAL: WZ3Mu/Central/ZCand/eta in Skim_TriLep_TTG_PTG100to200.root
2025-12-18 22:07:31,874 - INFO - [2022] MISSING_CENTRAL: WZ3Mu/Central/ZCand/eta in Skim_TriLep_TTG_PTG200toInf.root
2025-12-18 22:07:36,813 - INFO - [2022] MISSING_CENTRAL: WZ3Mu/Central/ZCand/eta in Skim_TriLep_DYJets.root
2025-12-18 22:07:36,814 - INFO - [2022] MISSING_CENTRAL: WZ3Mu/Central/ZCand/eta in Skim_TriLep_DYJets10to50.root
2025-12-18 22:07:36,815 - INFO - [2022] MISSING_CENTRAL: WZ3Mu/Central/ZCand/eta in Skim_TriLep_TTG_PTG10to100.root
2025-12-18 22:07:36,816 - INFO - [2022] MISSING_CENTRAL: WZ3Mu/Central/ZCand/eta in Skim_TriLep_TTG_PTG100to200.root
2025-12-18 22:07:36,817 - INFO - [2022] MISSING_CENTRAL: WZ3Mu/Central/ZCand/eta in Skim_TriLep_TTG_PTG200toInf.root
2025-12-18 22:07:36,823 - INFO - [2022] MISSING_FILE: /data9/Users/choij/Sync/workspace/ChargedHiggsAnalysisV3/SKNanoOutput/CRPromptSelector/Run3Mu_RunNoWZSF_RunSyst/2022/Skim_TriLep_ZZTo4L_powheg.root
2025-12-18 22:07:36,830 - INFO - [2022] MISSING_FILE: /data9/Users/choij/Sync/workspace/ChargedHiggsAnalysisV3/SKNanoOutput/CRPromptSelector/Run3Mu_RunNoWZSF_RunSyst/2022/Skim_TriLep_VBFHToZZTo4L.root
2025-12-18 22:07:36,830 - INFO - [2022] MISSING_FILE: /data9/Users/choij/Sync/workspace/ChargedHiggsAnalysisV3/SKNanoOutput/CRPromptSelector/Run3Mu_RunNoWZSF_RunSyst/2022/Skim_TriLep_ggHToZZTo4L.root
2026-01-07 11:48:53,539 - INFO - [2022] MISSING_FILE: /data9/Users/choij/Sync/workspace/ChargedHiggsAnalysisV3/SKNanoOutput/CRPromptSelector/Run3Mu/2022/Skim_TriLep_DoubleMuon_C.root
2026-01-07 11:48:53,539 - INFO - [2022] MISSING_FILE: /data9/Users/choij/Sync/workspace/ChargedHiggsAnalysisV3/SKNanoOutput/CRPromptSelector/Run3Mu/2022/Skim_TriLep_Muon_C.root
2026-01-07 11:48:53,540 - INFO - [2022] MISSING_FILE: /data9/Users/choij/Sync/workspace/ChargedHiggsAnalysisV3/SKNanoOutput/CRPromptSelector/Run3Mu/2022/Skim_TriLep_Muon_D.root
2026-01-07 11:48:58,048 - INFO - [2022] MISSING_FILE: /data9/Users/choij/Sync/workspace/ChargedHiggsAnalysisV3/SKNanoOutput/CRPromptSelector/Run3Mu/2022/Skim_TriLep_DoubleMuon_C.root
2026-01-07 11:48:58,048 - INFO - [2022] MISSING_FILE: /data9/Users/choij/Sync/workspace/ChargedHiggsAnalysisV3/SKNanoOutput/CRPromptSelector/Run3Mu/2022/Skim_TriLep_Muon_C.root
2026-01-07 11:48:58,048 - INFO - [2022] MISSING_FILE: /data9/Users/choij/Sync/workspace/ChargedHiggsAnalysisV3/SKNanoOutput/CRPromptSelector/Run3Mu/2022/Skim_TriLep_Muon_D.root
2026-01-07 18:45:40,367 - INFO - [2022] MISSING_CENTRAL: WZ3Mu/Central/ZCand/eta in Skim_TriLep_DYJets.root
2026-01-07 18:45:40,368 - INFO - [2022] MISSING_CENTRAL: WZ3Mu/Central/ZCand/eta in Skim_TriLep_DYJets10to50.root
2026-01-07 18:45:40,369 - INFO - [2022] MISSING_CENTRAL: WZ3Mu/Central/ZCand/eta in Skim_TriLep_TTG_PTG10to100.root
2026-01-07 18:45:40,370 - INFO - [2022] MISSING_CENTRAL: WZ3Mu/Central/ZCand/eta in Skim_TriLep_TTG_PTG100to200.root
2026-01-07 18:45:40,371 - INFO - [2022] MISSING_CENTRAL: WZ3Mu/Central/ZCand/eta in Skim_TriLep_TTG_PTG200toInf.root
2026-01-07 18:45:45,099 - INFO - [2022] MISSING_CENTRAL: WZ3Mu/Central/ZCand/eta in Skim_TriLep_DYJets.root
2026-01-07 18:45:45,100 - INFO - [2022] MISSING_CENTRAL: WZ3Mu/Central/ZCand/eta in Skim_TriLep_DYJets10to50.root
2026-01-07 18:45:45,100 - INFO - [2022] MISSING_CENTRAL: WZ3Mu/Central/ZCand/eta in Skim_TriLep_TTG_PTG10to100.root
2026-01-07 18:45:45,101 - INFO - [2022] MISSING_CENTRAL: WZ3Mu/Central/ZCand/eta in Skim_TriLep_TTG_PTG100to200.root
2026-01-07 18:45:45,101 - INFO - [2022] MISSING_CENTRAL: WZ3Mu/Central/ZCand/eta in Skim_TriLep_TTG_PTG200toInf.root
2026-01-07 18:45:45,105 - INFO - [2022] MISSING_FILE: /data9/Users/choij/Sync/workspace/ChargedHiggsAnalysisV3/SKNanoOutput/CRPromptSelector/Run3Mu_RunNoWZSF_RunSyst/2022/Skim_TriLep_ZZTo4L_powheg.root
2026-01-07 18:45:45,109 - INFO - [2022] MISSING_FILE: /data9/Users/choij/Sync/workspace/ChargedHiggsAnalysisV3/SKNanoOutput/CRPromptSelector/Run3Mu_RunNoWZSF_RunSyst/2022/Skim_TriLep_VBFHToZZTo4L.root
2026-01-07 18:45:45,109 - INFO - [2022] MISSING_FILE: /data9/Users/choij/Sync/workspace/ChargedHiggsAnalysisV3/SKNanoOutput/CRPromptSelector/Run3Mu_RunNoWZSF_RunSyst/2022/Skim_TriLep_ggHToZZTo4L.root
2026-01-09 12:19:57,450 - INFO - [2022] MISSING_CENTRAL: WZ3Mu/Central/ZCand/eta in Skim_TriLep_DYJets.root
2026-01-09 12:19:57,451 - INFO - [2022] MISSING_CENTRAL: WZ3Mu/Central/ZCand/eta in Skim_TriLep_DYJets10to50.root
2026-01-09 12:19:57,451 - INFO - [2022] MISSING_CENTRAL: WZ3Mu/Central/ZCand/eta in Skim_TriLep_TTG_PTG10to100.root
2026-01-09 12:19:57,452 - INFO - [2022] MISSING_CENTRAL: WZ3Mu/Central/ZCand/eta in Skim_TriLep_TTG_PTG100to200.root
2026-01-09 12:19:57,452 - INFO - [2022] MISSING_CENTRAL: WZ3Mu/Central/ZCand/eta in Skim_TriLep_TTG_PTG200toInf.root
2026-01-09 12:20:02,536 - INFO - [2022] MISSING_CENTRAL: WZ3Mu/Central/ZCand/eta in Skim_TriLep_DYJets.root
2026-01-09 12:20:02,537 - INFO - [2022] MISSING_CENTRAL: WZ3Mu/Central/ZCand/eta in Skim_TriLep_DYJets10to50.root
2026-01-09 12:20:02,537 - INFO - [2022] MISSING_CENTRAL: WZ3Mu/Central/ZCand/eta in Skim_TriLep_TTG_PTG10to100.root
2026-01-09 12:20:02,537 - INFO - [2022] MISSING_CENTRAL: WZ3Mu/Central/ZCand/eta in Skim_TriLep_TTG_PTG100to200.root
2026-01-09 12:20:02,538 - INFO - [2022] MISSING_CENTRAL: WZ3Mu/Central/ZCand/eta in Skim_TriLep_TTG_PTG200toInf.root
2026-01-09 12:20:02,539 - INFO - [2022] MISSING_FILE: /home/choij/Sync/workspace/ChargedHiggsAnalysisV3/SKNanoOutput/CRPromptSelector/Run3Mu_RunNoWZSF_RunSyst/2022/Skim_TriLep_ZZTo4L_powheg.root
2026-01-09 12:20:02,542 - INFO - [2022] MISSING_FILE: /home/choij/Sync/workspace/ChargedHiggsAnalysisV3/SKNanoOutput/CRPromptSelector/Run3Mu_RunNoWZSF_RunSyst/2022/Skim_TriLep_VBFHToZZTo4L.root
2026-01-09 12:20:02,542 - INFO - [2022] MISSING_FILE: /home/choij/Sync/workspace/ChargedHiggsAnalysisV3/SKNanoOutput/CRPromptSelector/Run3Mu_RunNoWZSF_RunSyst/2022/Skim_TriLep_ggHToZZTo4L.root
2026-01-11 09:40:00,965 - INFO - [2022] MISSING_CENTRAL: WZ3Mu/Central/ZCand/eta in Skim_TriLep_DYJets.root
2026-01-11 09:40:00,966 - INFO - [2022] MISSING_CENTRAL: WZ3Mu/Central/ZCand/eta in Skim_TriLep_DYJets10to50.root
2026-01-11 09:40:00,966 - INFO - [2022] MISSING_CENTRAL: WZ3Mu/Central/ZCand/eta in Skim_TriLep_TTG_PTG10to100.root
2026-01-11 09:40:00,966 - INFO - [2022] MISSING_CENTRAL: WZ3Mu/Central/ZCand/eta in Skim_TriLep_TTG_PTG100to200.root
2026-01-11 09:40:00,967 - INFO - [2022] MISSING_CENTRAL: WZ3Mu/Central/ZCand/eta in Skim_TriLep_TTG_PTG200toInf.root
2026-01-11 09:40:06,228 - INFO - [2022] MISSING_CENTRAL: WZ3Mu/Central/ZCand/eta in Skim_TriLep_DYJets.root
2026-01-11 09:40:06,228 - INFO - [2022] MISSING_CENTRAL: WZ3Mu/Central/ZCand/eta in Skim_TriLep_DYJets10to50.root
2026-01-11 09:40:06,228 - INFO - [2022] MISSING_CENTRAL: WZ3Mu/Central/ZCand/eta in Skim_TriLep_TTG_PTG10to100.root
2026-01-11 09:40:06,229 - INFO - [2022] MISSING_CENTRAL: WZ3Mu/Central/ZCand/eta in Skim_TriLep_TTG_PTG100to200.root
2026-01-11 09:40:06,229 - INFO - [2022] MISSING_CENTRAL: WZ3Mu/Central/ZCand/eta in Skim_TriLep_TTG_PTG200toInf.root
2026-01-11 09:40:06,230 - INFO - [2022] MISSING_FILE: /home/choij/Sync/workspace/ChargedHiggsAnalysisV3/SKNanoOutput/CRPromptSelector/Run3Mu_RunNoWZSF_RunSyst/2022/Skim_TriLep_ZZTo4L_powheg.root
2026-01-11 09:40:06,233 - INFO - [2022] MISSING_FILE: /home/choij/Sync/workspace/ChargedHiggsAnalysisV3/SKNanoOutput/CRPromptSelector/Run3Mu_RunNoWZSF_RunSyst/2022/Skim_TriLep_VBFHToZZTo4L.root
2026-01-11 09:40:06,233 - INFO - [2022] MISSING_FILE: /home/choij/Sync/workspace/ChargedHiggsAnalysisV3/SKNanoOutput/CRPromptSelector/Run3Mu_RunNoWZSF_RunSyst/2022/Skim_TriLep_ggHToZZTo4L.root
2026-01-12 13:48:42,945 - INFO - [2022] MISSING_CENTRAL: WZ3Mu/Central/ZCand/eta in Skim_TriLep_DYJets.root
2026-01-12 13:48:42,946 - INFO - [2022] MISSING_CENTRAL: WZ3Mu/Central/ZCand/eta in Skim_TriLep_DYJets10to50.root
2026-01-12 13:48:42,946 - INFO - [2022] MISSING_CENTRAL: WZ3Mu/Central/ZCand/eta in Skim_TriLep_TTG_PTG10to100.root
2026-01-12 13:48:42,946 - INFO - [2022] MISSING_CENTRAL: WZ3Mu/Central/ZCand/eta in Skim_TriLep_TTG_PTG100to200.root
2026-01-12 13:48:42,947 - INFO - [2022] MISSING_CENTRAL: WZ3Mu/Central/ZCand/eta in Skim_TriLep_TTG_PTG200toInf.root
2026-01-12 13:48:48,236 - INFO - [2022] MISSING_CENTRAL: WZ3Mu/Central/ZCand/eta in Skim_TriLep_DYJets.root
2026-01-12 13:48:48,236 - INFO - [2022] MISSING_CENTRAL: WZ3Mu/Central/ZCand/eta in Skim_TriLep_DYJets10to50.root
2026-01-12 13:48:48,236 - INFO - [2022] MISSING_CENTRAL: WZ3Mu/Central/ZCand/eta in Skim_TriLep_TTG_PTG10to100.root
2026-01-12 13:48:48,237 - INFO - [2022] MISSING_CENTRAL: WZ3Mu/Central/ZCand/eta in Skim_TriLep_TTG_PTG100to200.root
2026-01-12 13:48:48,237 - INFO - [2022] MISSING_CENTRAL: WZ3Mu/Central/ZCand/eta in Skim_TriLep_TTG_PTG200toInf.root
2026-01-12 13:48:48,239 - INFO - [2022] MISSING_FILE: /home/choij/Sync/workspace/ChargedHiggsAnalysisV3/SKNanoOutput/CRPromptSelector/Run3Mu_RunNoWZSF_RunSyst/2022/Skim_TriLep_ZZTo4L_powheg.root
2026-01-12 13:48:48,241 - INFO - [2022] MISSING_FILE: /home/choij/Sync/workspace/ChargedHiggsAnalysisV3/SKNanoOutput/CRPromptSelector/Run3Mu_RunNoWZSF_RunSyst/2022/Skim_TriLep_VBFHToZZTo4L.root
2026-01-12 13:48:48,241 - INFO - [2022] MISSING_FILE: /home/choij/Sync/workspace/ChargedHiggsAnalysisV3/SKNanoOutput/CRPromptSelector/Run3Mu_RunNoWZSF_RunSyst/2022/Skim_TriLep_ggHToZZTo4L.root
