2025-09-24 15:55:41,004 - INFO - [2022] MISSING_CENTRAL: WZ3Mu/Central/ZCand/mass in Skim_TriLep_DYJets.root
2025-09-24 15:55:41,005 - INFO - [2022] MISSING_CENTRAL: WZ3Mu/Central/ZCand/mass in Skim_TriLep_DYJets10to50.root
2025-09-24 15:55:41,005 - INFO - [2022] MISSING_CENTRAL: WZ3Mu/Central/ZCand/mass in Skim_TriLep_DYGTo2LG_MLL4to50_PTG10to100.root
2025-09-24 15:55:41,005 - INFO - [2022] MISSING_CENTRAL: WZ3Mu/Central/ZCand/mass in Skim_TriLep_DYGTo2LG_MLL4to50_PTG100to200.root
2025-09-24 15:55:41,005 - INFO - [2022] MISSING_CENTRAL: WZ3Mu/Central/ZCand/mass in Skim_TriLep_DYGTo2LG_MLL4to50_PTG200toInf.root
2025-09-24 15:55:41,059 - INFO - [2022] MISSING_CENTRAL: WZ3Mu/Central/ZCand/mass in Skim_TriLep_TTG_PTG100to200.root
2025-09-24 15:55:41,059 - INFO - [2022] MISSING_CENTRAL: WZ3Mu/Central/ZCand/mass in Skim_TriLep_TTG_PTG200toInf.root
2025-09-24 15:55:51,309 - INFO - [2022] MISSING_CENTRAL: WZ3Mu/Central/ZCand/mass in Skim_TriLep_DYJets.root
2025-09-24 15:55:51,310 - INFO - [2022] MISSING_CENTRAL: WZ3Mu/Central/ZCand/mass in Skim_TriLep_DYJets10to50.root
2025-09-24 15:55:51,310 - INFO - [2022] MISSING_CENTRAL: WZ3Mu/Central/ZCand/mass in Skim_TriLep_DYGTo2LG_MLL4to50_PTG10to100.root
2025-09-24 15:55:51,310 - INFO - [2022] MISSING_CENTRAL: WZ3Mu/Central/ZCand/mass in Skim_TriLep_DYGTo2LG_MLL4to50_PTG100to200.root
2025-09-24 15:55:51,310 - INFO - [2022] MISSING_CENTRAL: WZ3Mu/Central/ZCand/mass in Skim_TriLep_DYGTo2LG_MLL4to50_PTG200toInf.root
2025-09-24 15:55:51,312 - INFO - [2022] MISSING_CENTRAL: WZ3Mu/Central/ZCand/mass in Skim_TriLep_TTG_PTG100to200.root
2025-09-24 15:55:51,312 - INFO - [2022] MISSING_CENTRAL: WZ3Mu/Central/ZCand/mass in Skim_TriLep_TTG_PTG200toInf.root
2025-09-24 15:55:51,313 - INFO - [2022] MISSING_FILE: /Users/choij/Sync/workspace/ChargedHiggsAnalysisV3/SKNanoOutput/CRPromptSelector/Run3Mu_RunNoWZSF_RunSyst/2022/Skim_TriLep_ZZTo4L_powheg.root
2025-09-24 15:55:51,316 - INFO - [2022] MISSING_FILE: /Users/choij/Sync/workspace/ChargedHiggsAnalysisV3/SKNanoOutput/CRPromptSelector/Run3Mu_RunNoWZSF_RunSyst/2022/Skim_TriLep_VBFHToZZTo4L.root
2025-09-24 15:55:51,316 - INFO - [2022] MISSING_FILE: /Users/choij/Sync/workspace/ChargedHiggsAnalysisV3/SKNanoOutput/CRPromptSelector/Run3Mu_RunNoWZSF_RunSyst/2022/Skim_TriLep_ggHToZZTo4L.root
2025-10-02 21:17:02,552 - INFO - [2022] MISSING_CENTRAL: WZ3Mu/Central/ZCand/mass in Skim_TriLep_DYJets.root
2025-10-02 21:17:02,553 - INFO - [2022] MISSING_CENTRAL: WZ3Mu/Central/ZCand/mass in Skim_TriLep_DYJets10to50.root
2025-10-02 21:17:02,555 - INFO - [2022] MISSING_CENTRAL: WZ3Mu/Central/ZCand/mass in Skim_TriLep_DYGTo2LG_MLL4to50_PTG10to100.root
2025-10-02 21:17:02,556 - INFO - [2022] MISSING_CENTRAL: WZ3Mu/Central/ZCand/mass in Skim_TriLep_DYGTo2LG_MLL4to50_PTG100to200.root
2025-10-02 21:17:02,558 - INFO - [2022] MISSING_CENTRAL: WZ3Mu/Central/ZCand/mass in Skim_TriLep_DYGTo2LG_MLL4to50_PTG200toInf.root
2025-10-02 21:17:02,860 - INFO - [2022] MISSING_CENTRAL: WZ3Mu/Central/ZCand/mass in Skim_TriLep_TTG_PTG100to200.root
2025-10-02 21:17:02,861 - INFO - [2022] MISSING_CENTRAL: WZ3Mu/Central/ZCand/mass in Skim_TriLep_TTG_PTG200toInf.root
2025-10-02 21:17:09,555 - INFO - [2022] MISSING_CENTRAL: WZ3Mu/Central/ZCand/mass in Skim_TriLep_DYJets.root
2025-10-02 21:17:09,556 - INFO - [2022] MISSING_CENTRAL: WZ3Mu/Central/ZCand/mass in Skim_TriLep_DYJets10to50.root
2025-10-02 21:17:09,557 - INFO - [2022] MISSING_CENTRAL: WZ3Mu/Central/ZCand/mass in Skim_TriLep_DYGTo2LG_MLL4to50_PTG10to100.root
2025-10-02 21:17:09,559 - INFO - [2022] MISSING_CENTRAL: WZ3Mu/Central/ZCand/mass in Skim_TriLep_DYGTo2LG_MLL4to50_PTG100to200.root
2025-10-02 21:17:09,560 - INFO - [2022] MISSING_CENTRAL: WZ3Mu/Central/ZCand/mass in Skim_TriLep_DYGTo2LG_MLL4to50_PTG200toInf.root
2025-10-02 21:17:09,566 - INFO - [2022] MISSING_CENTRAL: WZ3Mu/Central/ZCand/mass in Skim_TriLep_TTG_PTG100to200.root
2025-10-02 21:17:09,567 - INFO - [2022] MISSING_CENTRAL: WZ3Mu/Central/ZCand/mass in Skim_TriLep_TTG_PTG200toInf.root
2025-10-02 21:17:09,574 - INFO - [2022] MISSING_FILE: /data9/Users/choij/Sync/workspace/ChargedHiggsAnalysisV3/SKNanoOutput/CRPromptSelector/Run3Mu_RunNoWZSF_RunSyst/2022/Skim_TriLep_ZZTo4L_powheg.root
2025-10-02 21:17:09,585 - INFO - [2022] MISSING_FILE: /data9/Users/choij/Sync/workspace/ChargedHiggsAnalysisV3/SKNanoOutput/CRPromptSelector/Run3Mu_RunNoWZSF_RunSyst/2022/Skim_TriLep_VBFHToZZTo4L.root
2025-10-02 21:17:09,586 - INFO - [2022] MISSING_FILE: /data9/Users/choij/Sync/workspace/ChargedHiggsAnalysisV3/SKNanoOutput/CRPromptSelector/Run3Mu_RunNoWZSF_RunSyst/2022/Skim_TriLep_ggHToZZTo4L.root
2025-10-03 00:23:36,640 - INFO - [2022] MISSING_CENTRAL: WZ3Mu/Central/ZCand/mass in Skim_TriLep_DYJets.root
2025-10-03 00:23:36,641 - INFO - [2022] MISSING_CENTRAL: WZ3Mu/Central/ZCand/mass in Skim_TriLep_DYJets10to50.root
2025-10-03 00:23:36,642 - INFO - [2022] MISSING_CENTRAL: WZ3Mu/Central/ZCand/mass in Skim_TriLep_DYGTo2LG_MLL4to50_PTG10to100.root
2025-10-03 00:23:36,642 - INFO - [2022] MISSING_CENTRAL: WZ3Mu/Central/ZCand/mass in Skim_TriLep_DYGTo2LG_MLL4to50_PTG100to200.root
2025-10-03 00:23:36,642 - INFO - [2022] MISSING_CENTRAL: WZ3Mu/Central/ZCand/mass in Skim_TriLep_DYGTo2LG_MLL4to50_PTG200toInf.root
2025-10-03 00:23:36,665 - INFO - [2022] MISSING_CENTRAL: WZ3Mu/Central/ZCand/mass in Skim_TriLep_TTG_PTG100to200.root
2025-10-03 00:23:36,665 - INFO - [2022] MISSING_CENTRAL: WZ3Mu/Central/ZCand/mass in Skim_TriLep_TTG_PTG200toInf.root
2025-10-03 00:23:45,870 - INFO - [2022] MISSING_CENTRAL: WZ3Mu/Central/ZCand/mass in Skim_TriLep_DYJets.root
2025-10-03 00:23:45,870 - INFO - [2022] MISSING_CENTRAL: WZ3Mu/Central/ZCand/mass in Skim_TriLep_DYJets10to50.root
2025-10-03 00:23:45,870 - INFO - [2022] MISSING_CENTRAL: WZ3Mu/Central/ZCand/mass in Skim_TriLep_DYGTo2LG_MLL4to50_PTG10to100.root
2025-10-03 00:23:45,871 - INFO - [2022] MISSING_CENTRAL: WZ3Mu/Central/ZCand/mass in Skim_TriLep_DYGTo2LG_MLL4to50_PTG100to200.root
2025-10-03 00:23:45,871 - INFO - [2022] MISSING_CENTRAL: WZ3Mu/Central/ZCand/mass in Skim_TriLep_DYGTo2LG_MLL4to50_PTG200toInf.root
2025-10-03 00:23:45,872 - INFO - [2022] MISSING_CENTRAL: WZ3Mu/Central/ZCand/mass in Skim_TriLep_TTG_PTG100to200.root
2025-10-03 00:23:45,872 - INFO - [2022] MISSING_CENTRAL: WZ3Mu/Central/ZCand/mass in Skim_TriLep_TTG_PTG200toInf.root
2025-10-03 00:23:45,874 - INFO - [2022] MISSING_FILE: /Users/choij/Sync/workspace/ChargedHiggsAnalysisV3/SKNanoOutput/CRPromptSelector/Run3Mu_RunNoWZSF_RunSyst/2022/Skim_TriLep_ZZTo4L_powheg.root
2025-10-03 00:23:45,876 - INFO - [2022] MISSING_FILE: /Users/choij/Sync/workspace/ChargedHiggsAnalysisV3/SKNanoOutput/CRPromptSelector/Run3Mu_RunNoWZSF_RunSyst/2022/Skim_TriLep_VBFHToZZTo4L.root
2025-10-03 00:23:45,876 - INFO - [2022] MISSING_FILE: /Users/choij/Sync/workspace/ChargedHiggsAnalysisV3/SKNanoOutput/CRPromptSelector/Run3Mu_RunNoWZSF_RunSyst/2022/Skim_TriLep_ggHToZZTo4L.root
