2025-09-24 16:06:39,914 - INFO - [2023BPix] MISSING_CENTRAL: SR1E2Mu/Central/bjets/2/phi in Skim_TriLep_DYJets.root
2025-09-24 16:06:39,915 - INFO - [2023BPix] MISSING_CENTRAL: SR1E2Mu/Central/bjets/2/phi in Skim_TriLep_DYJets10to50.root
2025-09-24 16:06:39,971 - INFO - [2023BPix] MISSING_CENTRAL: SR1E2Mu/Central/bjets/2/phi in Skim_TriLep_DYGTo2LG_MLL50_PTG100to200.root
2025-09-24 16:06:39,971 - INFO - [2023BPix] MISSING_CENTRAL: SR1E2Mu/Central/bjets/2/phi in Skim_TriLep_DYGTo2LG_MLL50_PTG200to400.root
2025-09-24 16:06:39,972 - INFO - [2023BPix] MISSING_CENTRAL: SR1E2Mu/Central/bjets/2/phi in Skim_TriLep_DYGTo2LG_MLL50_PTG400to600.root
2025-09-24 16:06:40,022 - INFO - [2023BPix] MISSING_CENTRAL: SR1E2Mu/Central/bjets/2/phi in Skim_TriLep_WZTo3LNu_powheg.root
2025-09-24 16:06:40,040 - INFO - [2023BPix] MISSING_CENTRAL: SR1E2Mu/Central/bjets/2/phi in Skim_TriLep_WWW.root
2025-09-24 16:06:40,040 - INFO - [2023BPix] MISSING_CENTRAL: SR1E2Mu/Central/bjets/2/phi in Skim_TriLep_WWZ.root
2025-10-02 21:23:06,423 - INFO - [2023BPix] MISSING_CENTRAL: SR1E2Mu/Central/bjets/2/phi in Skim_TriLep_DYJets.root
2025-10-02 21:23:06,430 - INFO - [2023BPix] MISSING_CENTRAL: SR1E2Mu/Central/bjets/2/phi in Skim_TriLep_DYJets10to50.root
2025-10-02 21:23:06,487 - INFO - [2023BPix] MISSING_CENTRAL: SR1E2Mu/Central/bjets/2/phi in Skim_TriLep_DYGTo2LG_MLL50_PTG100to200.root
2025-10-02 21:23:06,488 - INFO - [2023BPix] MISSING_CENTRAL: SR1E2Mu/Central/bjets/2/phi in Skim_TriLep_DYGTo2LG_MLL50_PTG200to400.root
2025-10-02 21:23:06,489 - INFO - [2023BPix] MISSING_CENTRAL: SR1E2Mu/Central/bjets/2/phi in Skim_TriLep_DYGTo2LG_MLL50_PTG400to600.root
2025-10-02 21:23:06,652 - INFO - [2023BPix] MISSING_CENTRAL: SR1E2Mu/Central/bjets/2/phi in Skim_TriLep_WZTo3LNu_powheg.root
2025-10-02 21:23:06,709 - INFO - [2023BPix] MISSING_CENTRAL: SR1E2Mu/Central/bjets/2/phi in Skim_TriLep_WWW.root
2025-10-02 21:23:06,710 - INFO - [2023BPix] MISSING_CENTRAL: SR1E2Mu/Central/bjets/2/phi in Skim_TriLep_WWZ.root
2025-10-03 00:38:14,629 - INFO - [2023BPix] MISSING_CENTRAL: SR1E2Mu/Central/bjets/2/phi in Skim_TriLep_DYJets.root
2025-10-03 00:38:14,631 - INFO - [2023BPix] MISSING_CENTRAL: SR1E2Mu/Central/bjets/2/phi in Skim_TriLep_DYJets10to50.root
2025-10-03 00:38:14,681 - INFO - [2023BPix] MISSING_CENTRAL: SR1E2Mu/Central/bjets/2/phi in Skim_TriLep_DYGTo2LG_MLL50_PTG100to200.root
2025-10-03 00:38:14,682 - INFO - [2023BPix] MISSING_CENTRAL: SR1E2Mu/Central/bjets/2/phi in Skim_TriLep_DYGTo2LG_MLL50_PTG200to400.root
2025-10-03 00:38:14,683 - INFO - [2023BPix] MISSING_CENTRAL: SR1E2Mu/Central/bjets/2/phi in Skim_TriLep_DYGTo2LG_MLL50_PTG400to600.root
2025-10-03 00:38:14,788 - INFO - [2023BPix] MISSING_CENTRAL: SR1E2Mu/Central/bjets/2/phi in Skim_TriLep_WZTo3LNu_powheg.root
2025-10-03 00:38:14,826 - INFO - [2023BPix] MISSING_CENTRAL: SR1E2Mu/Central/bjets/2/phi in Skim_TriLep_WWW.root
2025-10-03 00:38:14,827 - INFO - [2023BPix] MISSING_CENTRAL: SR1E2Mu/Central/bjets/2/phi in Skim_TriLep_WWZ.root
2025-11-07 13:13:56,124 - INFO - [2023BPix] MISSING_FILE: /home/choij/Sync/workspace/ChargedHiggsAnalysisV3/SKNanoOutput/PromptSelector/Run1E2Mu/2023BPix/Skim_TriLep_MuonEG_D_v1.root
2025-11-07 13:13:56,124 - INFO - [2023BPix] MISSING_FILE: /home/choij/Sync/workspace/ChargedHiggsAnalysisV3/SKNanoOutput/PromptSelector/Run1E2Mu/2023BPix/Skim_TriLep_MuonEG_D_v2.root
2025-11-07 14:11:28,167 - INFO - [2023BPix] MISSING_FILE: /home/choij/Sync/workspace/ChargedHiggsAnalysisV3/SKNanoOutput/PromptSelector/Run1E2Mu/2023BPix/Skim_TriLep_MuonEG_D_v1.root
2025-11-07 14:11:28,167 - INFO - [2023BPix] MISSING_FILE: /home/choij/Sync/workspace/ChargedHiggsAnalysisV3/SKNanoOutput/PromptSelector/Run1E2Mu/2023BPix/Skim_TriLep_MuonEG_D_v2.root
2025-11-10 12:27:46,138 - INFO - [2023BPix] MISSING_CENTRAL: SR1E2Mu/Central/bjets/2/phi in Skim_TriLep_DYJets.root
2025-11-10 12:27:46,138 - INFO - [2023BPix] MISSING_CENTRAL: SR1E2Mu/Central/bjets/2/phi in Skim_TriLep_DYJets10to50.root
2025-11-10 12:27:46,170 - INFO - [2023BPix] MISSING_CENTRAL: SR1E2Mu/Central/bjets/2/phi in Skim_TriLep_DYGTo2LG_MLL50_PTG100to200.root
2025-11-10 12:27:46,171 - INFO - [2023BPix] MISSING_CENTRAL: SR1E2Mu/Central/bjets/2/phi in Skim_TriLep_DYGTo2LG_MLL50_PTG200to400.root
2025-11-10 12:27:46,171 - INFO - [2023BPix] MISSING_CENTRAL: SR1E2Mu/Central/bjets/2/phi in Skim_TriLep_DYGTo2LG_MLL50_PTG400to600.root
2025-11-10 12:27:46,304 - INFO - [2023BPix] MISSING_CENTRAL: SR1E2Mu/Central/bjets/2/phi in Skim_TriLep_WWW.root
2025-11-10 12:27:46,305 - INFO - [2023BPix] MISSING_CENTRAL: SR1E2Mu/Central/bjets/2/phi in Skim_TriLep_WWZ.root
2025-11-13 11:18:14,099 - INFO - [2023BPix] MISSING_CENTRAL: SR1E2Mu/Central/bjets/2/phi in Skim_TriLep_DYJets.root
2025-11-13 11:18:14,101 - INFO - [2023BPix] MISSING_CENTRAL: SR1E2Mu/Central/bjets/2/phi in Skim_TriLep_DYJets10to50.root
2025-11-13 11:18:14,160 - INFO - [2023BPix] MISSING_CENTRAL: SR1E2Mu/Central/bjets/2/phi in Skim_TriLep_DYGTo2LG_MLL50_PTG100to200.root
2025-11-13 11:18:14,162 - INFO - [2023BPix] MISSING_CENTRAL: SR1E2Mu/Central/bjets/2/phi in Skim_TriLep_DYGTo2LG_MLL50_PTG200to400.root
2025-11-13 11:18:14,164 - INFO - [2023BPix] MISSING_CENTRAL: SR1E2Mu/Central/bjets/2/phi in Skim_TriLep_DYGTo2LG_MLL50_PTG400to600.root
2025-11-13 11:18:14,493 - INFO - [2023BPix] MISSING_CENTRAL: SR1E2Mu/Central/bjets/2/phi in Skim_TriLep_WWW.root
2025-11-13 11:18:14,495 - INFO - [2023BPix] MISSING_CENTRAL: SR1E2Mu/Central/bjets/2/phi in Skim_TriLep_WWZ.root
2025-11-19 16:30:14,281 - INFO - [2023BPix] MISSING_CENTRAL: SR1E2Mu/Central/bjets/2/phi in Skim_TriLep_DYJets.root
2025-11-19 16:30:14,282 - INFO - [2023BPix] MISSING_CENTRAL: SR1E2Mu/Central/bjets/2/phi in Skim_TriLep_DYJets10to50.root
2025-11-19 16:30:14,310 - INFO - [2023BPix] MISSING_CENTRAL: SR1E2Mu/Central/bjets/2/phi in Skim_TriLep_DYGTo2LG_MLL50_PTG100to200.root
2025-11-19 16:30:14,311 - INFO - [2023BPix] MISSING_CENTRAL: SR1E2Mu/Central/bjets/2/phi in Skim_TriLep_DYGTo2LG_MLL50_PTG200to400.root
2025-11-19 16:30:14,311 - INFO - [2023BPix] MISSING_CENTRAL: SR1E2Mu/Central/bjets/2/phi in Skim_TriLep_DYGTo2LG_MLL50_PTG400to600.root
2025-11-19 16:30:14,388 - INFO - [2023BPix] MISSING_CENTRAL: SR1E2Mu/Central/bjets/2/phi in Skim_TriLep_WWW.root
2025-11-19 16:30:14,388 - INFO - [2023BPix] MISSING_CENTRAL: SR1E2Mu/Central/bjets/2/phi in Skim_TriLep_WWZ.root
2025-12-17 22:45:16,904 - INFO - [2023BPix] MISSING_CENTRAL: SR1E2Mu/Central/bjets/2/phi in Skim_TriLep_DYJets10to50.root
2025-12-17 22:45:17,159 - INFO - [2023BPix] MISSING_CENTRAL: SR1E2Mu/Central/bjets/2/phi in Skim_TriLep_WWW.root
2025-12-17 22:45:17,160 - INFO - [2023BPix] MISSING_CENTRAL: SR1E2Mu/Central/bjets/2/phi in Skim_TriLep_WWZ.root
2025-12-18 14:46:28,665 - INFO - [2023BPix] MISSING_CENTRAL: SR1E2Mu/Central/bjets/2/phi in Skim_TriLep_DYJets10to50.root
2025-12-18 14:46:28,986 - INFO - [2023BPix] MISSING_CENTRAL: SR1E2Mu/Central/bjets/2/phi in Skim_TriLep_WWW.root
2025-12-18 14:46:28,987 - INFO - [2023BPix] MISSING_CENTRAL: SR1E2Mu/Central/bjets/2/phi in Skim_TriLep_WWZ.root
2026-01-07 11:55:16,718 - INFO - [2023BPix] MISSING_CENTRAL: SR1E2Mu/Central/bjets/2/phi in Skim_TriLep_DYJets10to50.root
2026-01-07 11:55:16,851 - INFO - [2023BPix] MISSING_CENTRAL: SR1E2Mu/Central/bjets/2/phi in Skim_TriLep_WWW.root
2026-01-07 11:55:16,852 - INFO - [2023BPix] MISSING_CENTRAL: SR1E2Mu/Central/bjets/2/phi in Skim_TriLep_WWZ.root
2026-01-07 18:51:46,931 - INFO - [2023BPix] MISSING_CENTRAL: SR1E2Mu/Central/bjets/2/phi in Skim_TriLep_DYJets10to50.root
2026-01-07 18:51:47,094 - INFO - [2023BPix] MISSING_CENTRAL: SR1E2Mu/Central/bjets/2/phi in Skim_TriLep_WWW.root
2026-01-07 18:51:47,095 - INFO - [2023BPix] MISSING_CENTRAL: SR1E2Mu/Central/bjets/2/phi in Skim_TriLep_WWZ.root
2026-01-07 19:31:10,327 - INFO - [2023BPix] MISSING_CENTRAL: SR1E2Mu/Central/bjets/2/phi in Skim_TriLep_DYJets10to50.root
2026-01-07 19:31:10,452 - INFO - [2023BPix] MISSING_CENTRAL: SR1E2Mu/Central/bjets/2/phi in Skim_TriLep_WWW.root
2026-01-07 19:31:10,454 - INFO - [2023BPix] MISSING_CENTRAL: SR1E2Mu/Central/bjets/2/phi in Skim_TriLep_WWZ.root
2026-01-09 12:26:50,540 - INFO - [2023BPix] MISSING_CENTRAL: SR1E2Mu/Central/bjets/2/phi in Skim_TriLep_DYJets10to50.root
2026-01-09 12:26:50,664 - INFO - [2023BPix] MISSING_CENTRAL: SR1E2Mu/Central/bjets/2/phi in Skim_TriLep_WWW.root
2026-01-09 12:26:50,668 - INFO - [2023BPix] MISSING_CENTRAL: SR1E2Mu/Central/bjets/2/phi in Skim_TriLep_WWZ.root
2026-01-11 09:46:51,440 - INFO - [2023BPix] MISSING_CENTRAL: SR1E2Mu/Central/bjets/2/phi in Skim_TriLep_DYJets10to50.root
2026-01-11 09:46:51,564 - INFO - [2023BPix] MISSING_CENTRAL: SR1E2Mu/Central/bjets/2/phi in Skim_TriLep_WWW.root
2026-01-11 09:46:51,565 - INFO - [2023BPix] MISSING_CENTRAL: SR1E2Mu/Central/bjets/2/phi in Skim_TriLep_WWZ.root
2026-01-12 13:55:44,373 - INFO - [2023BPix] MISSING_FILE: /home/choij/Sync/workspace/ChargedHiggsAnalysisV3/SKNanoOutput/MatrixSelector/Run1E2Mu/2023BPix/Skim_TriLep_MuonEG_D_v1.root
2026-01-12 13:55:44,374 - INFO - [2023BPix] MISSING_FILE: /home/choij/Sync/workspace/ChargedHiggsAnalysisV3/SKNanoOutput/MatrixSelector/Run1E2Mu/2023BPix/Skim_TriLep_MuonEG_D_v2.root
2026-01-12 13:55:44,415 - INFO - [2023BPix] MISSING_CENTRAL: SR1E2Mu/Central/bjets/2/phi in Skim_TriLep_DYJets10to50.root
2026-01-12 13:55:44,511 - INFO - [2023BPix] MISSING_CENTRAL: SR1E2Mu/Central/bjets/2/phi in Skim_TriLep_WWW.root
2026-01-12 13:55:44,515 - INFO - [2023BPix] MISSING_CENTRAL: SR1E2Mu/Central/bjets/2/phi in Skim_TriLep_WWZ.root
2026-01-16 19:10:22,663 - INFO - [2023BPix] MISSING_CENTRAL: SR1E2Mu/Central/bjets/2/phi in Skim_TriLep_DYJets10to50.root
2026-01-16 19:10:22,740 - INFO - [2023BPix] MISSING_CENTRAL: SR1E2Mu/Central/bjets/2/phi in Skim_TriLep_WWW.root
2026-01-16 19:10:22,741 - INFO - [2023BPix] MISSING_CENTRAL: SR1E2Mu/Central/bjets/2/phi in Skim_TriLep_WWZ.root
2026-01-28 17:07:34,152 - INFO - [2023BPix] MISSING_CENTRAL: SR1E2Mu/Central/bjets/2/phi in Skim_TriLep_DYJets10to50.root
2026-01-28 17:07:34,204 - INFO - [2023BPix] MISSING_CENTRAL: SR1E2Mu/Central/bjets/2/phi in Skim_TriLep_WZTo3LNu_powheg.root
2026-01-28 17:07:34,215 - INFO - [2023BPix] MISSING_CENTRAL: SR1E2Mu/Central/bjets/2/phi in Skim_TriLep_WWW.root
2026-01-28 17:07:34,215 - INFO - [2023BPix] MISSING_CENTRAL: SR1E2Mu/Central/bjets/2/phi in Skim_TriLep_WWZ.root
2026-01-28 17:28:08,450 - INFO - [2023BPix] MISSING_CENTRAL: SR1E2Mu/Central/bjets/2/phi in Skim_TriLep_DYJets10to50.root
2026-01-28 17:28:08,515 - INFO - [2023BPix] MISSING_CENTRAL: SR1E2Mu/Central/bjets/2/phi in Skim_TriLep_WZTo3LNu_powheg.root
2026-01-28 17:28:08,531 - INFO - [2023BPix] MISSING_CENTRAL: SR1E2Mu/Central/bjets/2/phi in Skim_TriLep_WWW.root
2026-01-28 17:28:08,532 - INFO - [2023BPix] MISSING_CENTRAL: SR1E2Mu/Central/bjets/2/phi in Skim_TriLep_WWZ.root
2026-01-28 20:01:50,540 - INFO - [2023BPix] MISSING_CENTRAL: SR1E2Mu/Central/bjets/2/phi in Skim_TriLep_DYJets10to50.root
2026-01-28 20:01:50,602 - INFO - [2023BPix] MISSING_CENTRAL: SR1E2Mu/Central/bjets/2/phi in Skim_TriLep_WZTo3LNu_powheg.root
2026-01-28 20:01:50,621 - INFO - [2023BPix] MISSING_CENTRAL: SR1E2Mu/Central/bjets/2/phi in Skim_TriLep_WWW.root
2026-01-28 20:01:50,622 - INFO - [2023BPix] MISSING_CENTRAL: SR1E2Mu/Central/bjets/2/phi in Skim_TriLep_WWZ.root
2026-01-29 07:18:31,084 - INFO - [2023BPix] MISSING_CENTRAL: SR1E2Mu/Central/bjets/2/phi in Skim_TriLep_DYJets10to50.root
2026-01-29 07:18:31,137 - INFO - [2023BPix] MISSING_CENTRAL: SR1E2Mu/Central/bjets/2/phi in Skim_TriLep_WZTo3LNu_powheg.root
2026-01-29 07:18:31,151 - INFO - [2023BPix] MISSING_CENTRAL: SR1E2Mu/Central/bjets/2/phi in Skim_TriLep_WWW.root
2026-01-29 07:18:31,152 - INFO - [2023BPix] MISSING_CENTRAL: SR1E2Mu/Central/bjets/2/phi in Skim_TriLep_WWZ.root
2026-03-06 09:44:05,196 - INFO - [2023BPix] MISSING_CENTRAL: SR1E2Mu/Central/bjets/2/phi in Skim_TriLep_DYJets10to50.root
2026-03-06 09:44:05,253 - INFO - [2023BPix] MISSING_CENTRAL: SR1E2Mu/Central/bjets/2/phi in Skim_TriLep_WZTo3LNu_powheg.root
2026-03-06 09:44:05,268 - INFO - [2023BPix] MISSING_CENTRAL: SR1E2Mu/Central/bjets/2/phi in Skim_TriLep_WWW.root
2026-03-06 19:49:51,223 - INFO - [2023BPix] MISSING_CENTRAL: SR1E2Mu/Central/bjets/2/phi in Skim_TriLep_DYJets10to50.root
2026-03-06 19:49:51,276 - INFO - [2023BPix] MISSING_CENTRAL: SR1E2Mu/Central/bjets/2/phi in Skim_TriLep_WZTo3LNu_powheg.root
2026-03-06 19:49:51,289 - INFO - [2023BPix] MISSING_CENTRAL: SR1E2Mu/Central/bjets/2/phi in Skim_TriLep_WWW.root
