2025-09-24 15:58:17,645 - INFO - [2022EE] MISSING_CENTRAL: ZG3Mu/Central/jets/2/mass in Skim_TriLep_DYJets10to50.root
2025-09-24 15:58:17,663 - INFO - [2022EE] MISSING_CENTRAL: ZG3Mu/Central/jets/2/mass in Skim_TriLep_DYGTo2LG_MLL4to50_PTG200toInf.root
2025-09-24 15:58:17,669 - INFO - [2022EE] MISSING_CENTRAL: ZG3Mu/Central/jets/2/mass in Skim_TriLep_DYGTo2LG_MLL50_PTG100to200.root
2025-09-24 15:58:17,669 - INFO - [2022EE] MISSING_CENTRAL: ZG3Mu/Central/jets/2/mass in Skim_TriLep_DYGTo2LG_MLL50_PTG200toInf.root
2025-09-24 15:58:17,669 - INFO - [2022EE] MISSING_CENTRAL: ZG3Mu/Central/jets/2/mass in Skim_TriLep_TTG_PTG10to100.root
2025-09-24 15:58:17,670 - INFO - [2022EE] MISSING_CENTRAL: ZG3Mu/Central/jets/2/mass in Skim_TriLep_TTG_PTG100to200.root
2025-09-24 15:58:17,670 - INFO - [2022EE] MISSING_CENTRAL: ZG3Mu/Central/jets/2/mass in Skim_TriLep_TTG_PTG200toInf.root
2025-09-24 15:58:17,724 - INFO - [2022EE] MISSING_CENTRAL: ZG3Mu/Central/jets/2/mass in Skim_TriLep_WWW.root
2025-09-24 15:58:17,725 - INFO - [2022EE] MISSING_SYSTEMATIC: ZG3Mu/JetRes_Down/jets/2/mass in Skim_TriLep_WWZ.root
2025-09-24 15:58:17,726 - INFO - [2022EE] MISSING_SYSTEMATIC: ZG3Mu/UnclusteredEn_Up/jets/2/mass in Skim_TriLep_WWZ.root
2025-09-24 15:58:27,912 - INFO - [2022EE] MISSING_CENTRAL: ZG3Mu/Central/jets/2/mass in Skim_TriLep_DYJets10to50.root
2025-09-24 15:58:27,913 - INFO - [2022EE] MISSING_CENTRAL: ZG3Mu/Central/jets/2/mass in Skim_TriLep_DYGTo2LG_MLL4to50_PTG200toInf.root
2025-09-24 15:58:27,914 - INFO - [2022EE] MISSING_CENTRAL: ZG3Mu/Central/jets/2/mass in Skim_TriLep_DYGTo2LG_MLL50_PTG100to200.root
2025-09-24 15:58:27,914 - INFO - [2022EE] MISSING_CENTRAL: ZG3Mu/Central/jets/2/mass in Skim_TriLep_DYGTo2LG_MLL50_PTG200toInf.root
2025-09-24 15:58:27,915 - INFO - [2022EE] MISSING_CENTRAL: ZG3Mu/Central/jets/2/mass in Skim_TriLep_TTG_PTG10to100.root
2025-09-24 15:58:27,915 - INFO - [2022EE] MISSING_CENTRAL: ZG3Mu/Central/jets/2/mass in Skim_TriLep_TTG_PTG100to200.root
2025-09-24 15:58:27,915 - INFO - [2022EE] MISSING_CENTRAL: ZG3Mu/Central/jets/2/mass in Skim_TriLep_TTG_PTG200toInf.root
2025-09-24 15:58:27,920 - INFO - [2022EE] MISSING_CENTRAL: ZG3Mu/Central/jets/2/mass in Skim_TriLep_WWW.root
2025-10-02 21:18:34,132 - INFO - [2022EE] MISSING_CENTRAL: ZG3Mu/Central/jets/2/mass in Skim_TriLep_DYJets10to50.root
2025-10-02 21:18:34,414 - INFO - [2022EE] MISSING_CENTRAL: ZG3Mu/Central/jets/2/mass in Skim_TriLep_DYGTo2LG_MLL4to50_PTG200toInf.root
2025-10-02 21:18:34,543 - INFO - [2022EE] MISSING_CENTRAL: ZG3Mu/Central/jets/2/mass in Skim_TriLep_DYGTo2LG_MLL50_PTG100to200.root
2025-10-02 21:18:34,547 - INFO - [2022EE] MISSING_CENTRAL: ZG3Mu/Central/jets/2/mass in Skim_TriLep_DYGTo2LG_MLL50_PTG200toInf.root
2025-10-02 21:18:34,556 - INFO - [2022EE] MISSING_CENTRAL: ZG3Mu/Central/jets/2/mass in Skim_TriLep_TTG_PTG10to100.root
2025-10-02 21:18:34,558 - INFO - [2022EE] MISSING_CENTRAL: ZG3Mu/Central/jets/2/mass in Skim_TriLep_TTG_PTG100to200.root
2025-10-02 21:18:34,572 - INFO - [2022EE] MISSING_CENTRAL: ZG3Mu/Central/jets/2/mass in Skim_TriLep_TTG_PTG200toInf.root
2025-10-02 21:18:35,395 - INFO - [2022EE] MISSING_CENTRAL: ZG3Mu/Central/jets/2/mass in Skim_TriLep_WWW.root
2025-10-02 21:18:35,409 - INFO - [2022EE] MISSING_SYSTEMATIC: ZG3Mu/JetRes_Down/jets/2/mass in Skim_TriLep_WWZ.root
2025-10-02 21:18:35,416 - INFO - [2022EE] MISSING_SYSTEMATIC: ZG3Mu/UnclusteredEn_Up/jets/2/mass in Skim_TriLep_WWZ.root
2025-10-02 21:18:40,991 - INFO - [2022EE] MISSING_CENTRAL: ZG3Mu/Central/jets/2/mass in Skim_TriLep_DYJets10to50.root
2025-10-02 21:18:40,996 - INFO - [2022EE] MISSING_CENTRAL: ZG3Mu/Central/jets/2/mass in Skim_TriLep_DYGTo2LG_MLL4to50_PTG200toInf.root
2025-10-02 21:18:40,998 - INFO - [2022EE] MISSING_CENTRAL: ZG3Mu/Central/jets/2/mass in Skim_TriLep_DYGTo2LG_MLL50_PTG100to200.root
2025-10-02 21:18:40,999 - INFO - [2022EE] MISSING_CENTRAL: ZG3Mu/Central/jets/2/mass in Skim_TriLep_DYGTo2LG_MLL50_PTG200toInf.root
2025-10-02 21:18:41,000 - INFO - [2022EE] MISSING_CENTRAL: ZG3Mu/Central/jets/2/mass in Skim_TriLep_TTG_PTG10to100.root
2025-10-02 21:18:41,002 - INFO - [2022EE] MISSING_CENTRAL: ZG3Mu/Central/jets/2/mass in Skim_TriLep_TTG_PTG100to200.root
2025-10-02 21:18:41,003 - INFO - [2022EE] MISSING_CENTRAL: ZG3Mu/Central/jets/2/mass in Skim_TriLep_TTG_PTG200toInf.root
2025-10-02 21:18:41,019 - INFO - [2022EE] MISSING_CENTRAL: ZG3Mu/Central/jets/2/mass in Skim_TriLep_WWW.root
2025-10-03 00:26:14,050 - INFO - [2022EE] MISSING_CENTRAL: ZG3Mu/Central/jets/2/mass in Skim_TriLep_DYJets10to50.root
2025-10-03 00:26:14,063 - INFO - [2022EE] MISSING_CENTRAL: ZG3Mu/Central/jets/2/mass in Skim_TriLep_DYGTo2LG_MLL4to50_PTG200toInf.root
2025-10-03 00:26:14,070 - INFO - [2022EE] MISSING_CENTRAL: ZG3Mu/Central/jets/2/mass in Skim_TriLep_DYGTo2LG_MLL50_PTG100to200.root
2025-10-03 00:26:14,075 - INFO - [2022EE] MISSING_CENTRAL: ZG3Mu/Central/jets/2/mass in Skim_TriLep_DYGTo2LG_MLL50_PTG200toInf.root
2025-10-03 00:26:14,075 - INFO - [2022EE] MISSING_CENTRAL: ZG3Mu/Central/jets/2/mass in Skim_TriLep_TTG_PTG10to100.root
2025-10-03 00:26:14,075 - INFO - [2022EE] MISSING_CENTRAL: ZG3Mu/Central/jets/2/mass in Skim_TriLep_TTG_PTG100to200.root
2025-10-03 00:26:14,076 - INFO - [2022EE] MISSING_CENTRAL: ZG3Mu/Central/jets/2/mass in Skim_TriLep_TTG_PTG200toInf.root
2025-10-03 00:26:14,137 - INFO - [2022EE] MISSING_CENTRAL: ZG3Mu/Central/jets/2/mass in Skim_TriLep_WWW.root
2025-10-03 00:26:14,139 - INFO - [2022EE] MISSING_SYSTEMATIC: ZG3Mu/JetRes_Down/jets/2/mass in Skim_TriLep_WWZ.root
2025-10-03 00:26:14,139 - INFO - [2022EE] MISSING_SYSTEMATIC: ZG3Mu/UnclusteredEn_Up/jets/2/mass in Skim_TriLep_WWZ.root
2025-10-03 00:26:24,680 - INFO - [2022EE] MISSING_CENTRAL: ZG3Mu/Central/jets/2/mass in Skim_TriLep_DYJets10to50.root
2025-10-03 00:26:24,681 - INFO - [2022EE] MISSING_CENTRAL: ZG3Mu/Central/jets/2/mass in Skim_TriLep_DYGTo2LG_MLL4to50_PTG200toInf.root
2025-10-03 00:26:24,682 - INFO - [2022EE] MISSING_CENTRAL: ZG3Mu/Central/jets/2/mass in Skim_TriLep_DYGTo2LG_MLL50_PTG100to200.root
2025-10-03 00:26:24,683 - INFO - [2022EE] MISSING_CENTRAL: ZG3Mu/Central/jets/2/mass in Skim_TriLep_DYGTo2LG_MLL50_PTG200toInf.root
2025-10-03 00:26:24,683 - INFO - [2022EE] MISSING_CENTRAL: ZG3Mu/Central/jets/2/mass in Skim_TriLep_TTG_PTG10to100.root
2025-10-03 00:26:24,683 - INFO - [2022EE] MISSING_CENTRAL: ZG3Mu/Central/jets/2/mass in Skim_TriLep_TTG_PTG100to200.root
2025-10-03 00:26:24,683 - INFO - [2022EE] MISSING_CENTRAL: ZG3Mu/Central/jets/2/mass in Skim_TriLep_TTG_PTG200toInf.root
2025-10-03 00:26:24,689 - INFO - [2022EE] MISSING_CENTRAL: ZG3Mu/Central/jets/2/mass in Skim_TriLep_WWW.root
