2025-09-24 15:58:20,270 - INFO - [2022EE] MISSING_CENTRAL: ZG3Mu/Central/jets/4/pt in Skim_TriLep_Muon_E.root
2025-09-24 15:58:20,270 - INFO - [2022EE] MISSING_CENTRAL: ZG3Mu/Central/jets/4/pt in Skim_TriLep_Muon_F.root
2025-09-24 15:58:20,271 - INFO - [2022EE] MISSING_CENTRAL: ZG3Mu/Central/jets/4/pt in Skim_TriLep_Muon_G.root
2025-09-24 15:58:29,944 - INFO - [2022EE] MISSING_CENTRAL: ZG3Mu/Central/jets/4/pt in Skim_TriLep_Muon_E.root
2025-09-24 15:58:29,983 - INFO - [2022EE] MISSING_CENTRAL: ZG3Mu/Central/jets/4/pt in Skim_TriLep_Muon_F.root
2025-09-24 15:58:29,983 - INFO - [2022EE] MISSING_CENTRAL: ZG3Mu/Central/jets/4/pt in Skim_TriLep_Muon_G.root
2025-10-02 21:18:33,814 - INFO - [2022EE] MISSING_CENTRAL: ZG3Mu/Central/jets/4/pt in Skim_TriLep_Muon_E.root
2025-10-02 21:18:33,815 - INFO - [2022EE] MISSING_CENTRAL: ZG3Mu/Central/jets/4/pt in Skim_TriLep_Muon_F.root
2025-10-02 21:18:33,823 - INFO - [2022EE] MISSING_CENTRAL: ZG3Mu/Central/jets/4/pt in Skim_TriLep_Muon_G.root
2025-10-02 21:18:40,884 - INFO - [2022EE] MISSING_CENTRAL: ZG3Mu/Central/jets/4/pt in Skim_TriLep_Muon_E.root
2025-10-02 21:18:40,885 - INFO - [2022EE] MISSING_CENTRAL: ZG3Mu/Central/jets/4/pt in Skim_TriLep_Muon_F.root
2025-10-02 21:18:40,886 - INFO - [2022EE] MISSING_CENTRAL: ZG3Mu/Central/jets/4/pt in Skim_TriLep_Muon_G.root
2025-10-03 00:26:16,423 - INFO - [2022EE] MISSING_CENTRAL: ZG3Mu/Central/jets/4/pt in Skim_TriLep_Muon_E.root
2025-10-03 00:26:16,426 - INFO - [2022EE] MISSING_CENTRAL: ZG3Mu/Central/jets/4/pt in Skim_TriLep_Muon_F.root
2025-10-03 00:26:16,426 - INFO - [2022EE] MISSING_CENTRAL: ZG3Mu/Central/jets/4/pt in Skim_TriLep_Muon_G.root
2025-10-03 00:26:27,355 - INFO - [2022EE] MISSING_CENTRAL: ZG3Mu/Central/jets/4/pt in Skim_TriLep_Muon_E.root
2025-10-03 00:26:27,356 - INFO - [2022EE] MISSING_CENTRAL: ZG3Mu/Central/jets/4/pt in Skim_TriLep_Muon_F.root
2025-10-03 00:26:27,356 - INFO - [2022EE] MISSING_CENTRAL: ZG3Mu/Central/jets/4/pt in Skim_TriLep_Muon_G.root
2025-11-07 13:10:29,222 - INFO - [2022EE] MISSING_CENTRAL: ZG3Mu/Central/jets/4/pt in Skim_TriLep_Muon_E.root
2025-11-07 13:10:29,223 - INFO - [2022EE] MISSING_CENTRAL: ZG3Mu/Central/jets/4/pt in Skim_TriLep_Muon_F.root
2025-11-07 13:10:29,224 - INFO - [2022EE] MISSING_CENTRAL: ZG3Mu/Central/jets/4/pt in Skim_TriLep_Muon_G.root
2025-11-07 13:10:34,358 - INFO - [2022EE] MISSING_CENTRAL: ZG3Mu/Central/jets/4/pt in Skim_TriLep_Muon_E.root
2025-11-07 13:10:34,359 - INFO - [2022EE] MISSING_CENTRAL: ZG3Mu/Central/jets/4/pt in Skim_TriLep_Muon_F.root
2025-11-07 13:10:34,360 - INFO - [2022EE] MISSING_CENTRAL: ZG3Mu/Central/jets/4/pt in Skim_TriLep_Muon_G.root
2025-11-07 14:08:07,523 - INFO - [2022EE] MISSING_CENTRAL: ZG3Mu/Central/jets/4/pt in Skim_TriLep_Muon_E.root
2025-11-07 14:08:07,524 - INFO - [2022EE] MISSING_CENTRAL: ZG3Mu/Central/jets/4/pt in Skim_TriLep_Muon_F.root
2025-11-07 14:08:07,525 - INFO - [2022EE] MISSING_CENTRAL: ZG3Mu/Central/jets/4/pt in Skim_TriLep_Muon_G.root
2025-11-07 14:08:12,537 - INFO - [2022EE] MISSING_CENTRAL: ZG3Mu/Central/jets/4/pt in Skim_TriLep_Muon_E.root
2025-11-07 14:08:12,538 - INFO - [2022EE] MISSING_CENTRAL: ZG3Mu/Central/jets/4/pt in Skim_TriLep_Muon_F.root
2025-11-07 14:08:12,538 - INFO - [2022EE] MISSING_CENTRAL: ZG3Mu/Central/jets/4/pt in Skim_TriLep_Muon_G.root
2025-11-10 12:23:39,556 - INFO - [2022EE] MISSING_CENTRAL: ZG3Mu/Central/jets/4/pt in Skim_TriLep_Muon_E.root
2025-11-10 12:23:39,557 - INFO - [2022EE] MISSING_CENTRAL: ZG3Mu/Central/jets/4/pt in Skim_TriLep_Muon_F.root
2025-11-10 12:23:39,557 - INFO - [2022EE] MISSING_CENTRAL: ZG3Mu/Central/jets/4/pt in Skim_TriLep_Muon_G.root
2025-11-10 12:23:44,795 - INFO - [2022EE] MISSING_CENTRAL: ZG3Mu/Central/jets/4/pt in Skim_TriLep_Muon_E.root
2025-11-10 12:23:44,796 - INFO - [2022EE] MISSING_CENTRAL: ZG3Mu/Central/jets/4/pt in Skim_TriLep_Muon_F.root
2025-11-10 12:23:44,796 - INFO - [2022EE] MISSING_CENTRAL: ZG3Mu/Central/jets/4/pt in Skim_TriLep_Muon_G.root
2025-11-13 11:13:28,836 - INFO - [2022EE] MISSING_CENTRAL: ZG3Mu/Central/jets/4/pt in Skim_TriLep_Muon_E.root
2025-11-13 11:13:28,838 - INFO - [2022EE] MISSING_CENTRAL: ZG3Mu/Central/jets/4/pt in Skim_TriLep_Muon_F.root
2025-11-13 11:13:28,839 - INFO - [2022EE] MISSING_CENTRAL: ZG3Mu/Central/jets/4/pt in Skim_TriLep_Muon_G.root
2025-11-13 11:13:34,882 - INFO - [2022EE] MISSING_CENTRAL: ZG3Mu/Central/jets/4/pt in Skim_TriLep_Muon_E.root
2025-11-13 11:13:34,883 - INFO - [2022EE] MISSING_CENTRAL: ZG3Mu/Central/jets/4/pt in Skim_TriLep_Muon_F.root
2025-11-13 11:13:34,883 - INFO - [2022EE] MISSING_CENTRAL: ZG3Mu/Central/jets/4/pt in Skim_TriLep_Muon_G.root
2025-11-19 00:18:39,883 - INFO - [2022EE] MISSING_CENTRAL: ZG3Mu/Central/jets/4/pt in Skim_TriLep_Muon_E.root
2025-11-19 00:18:39,885 - INFO - [2022EE] MISSING_CENTRAL: ZG3Mu/Central/jets/4/pt in Skim_TriLep_Muon_F.root
2025-11-19 00:18:39,885 - INFO - [2022EE] MISSING_CENTRAL: ZG3Mu/Central/jets/4/pt in Skim_TriLep_Muon_G.root
2025-11-19 00:18:44,923 - INFO - [2022EE] MISSING_CENTRAL: ZG3Mu/Central/jets/4/pt in Skim_TriLep_Muon_E.root
2025-11-19 00:18:44,924 - INFO - [2022EE] MISSING_CENTRAL: ZG3Mu/Central/jets/4/pt in Skim_TriLep_Muon_F.root
2025-11-19 00:18:44,925 - INFO - [2022EE] MISSING_CENTRAL: ZG3Mu/Central/jets/4/pt in Skim_TriLep_Muon_G.root
2025-11-19 15:43:51,414 - INFO - [2022EE] MISSING_CENTRAL: ZG3Mu/Central/jets/4/pt in Skim_TriLep_Muon_E.root
2025-11-19 15:43:51,415 - INFO - [2022EE] MISSING_CENTRAL: ZG3Mu/Central/jets/4/pt in Skim_TriLep_Muon_F.root
2025-11-19 15:43:51,415 - INFO - [2022EE] MISSING_CENTRAL: ZG3Mu/Central/jets/4/pt in Skim_TriLep_Muon_G.root
2025-11-19 15:43:56,604 - INFO - [2022EE] MISSING_CENTRAL: ZG3Mu/Central/jets/4/pt in Skim_TriLep_Muon_E.root
2025-11-19 15:43:56,605 - INFO - [2022EE] MISSING_CENTRAL: ZG3Mu/Central/jets/4/pt in Skim_TriLep_Muon_F.root
2025-11-19 15:43:56,605 - INFO - [2022EE] MISSING_CENTRAL: ZG3Mu/Central/jets/4/pt in Skim_TriLep_Muon_G.root
2025-11-19 16:26:06,892 - INFO - [2022EE] MISSING_CENTRAL: ZG3Mu/Central/jets/4/pt in Skim_TriLep_Muon_E.root
2025-11-19 16:26:06,892 - INFO - [2022EE] MISSING_CENTRAL: ZG3Mu/Central/jets/4/pt in Skim_TriLep_Muon_F.root
2025-11-19 16:26:06,893 - INFO - [2022EE] MISSING_CENTRAL: ZG3Mu/Central/jets/4/pt in Skim_TriLep_Muon_G.root
2025-11-19 16:26:11,961 - INFO - [2022EE] MISSING_CENTRAL: ZG3Mu/Central/jets/4/pt in Skim_TriLep_Muon_E.root
2025-11-19 16:26:11,962 - INFO - [2022EE] MISSING_CENTRAL: ZG3Mu/Central/jets/4/pt in Skim_TriLep_Muon_F.root
2025-11-19 16:26:11,963 - INFO - [2022EE] MISSING_CENTRAL: ZG3Mu/Central/jets/4/pt in Skim_TriLep_Muon_G.root
2025-12-17 12:27:06,842 - INFO - [2022EE] MISSING_CENTRAL: ZG3Mu/Central/jets/4/pt in Skim_TriLep_Muon_E.root
2025-12-17 12:27:06,845 - INFO - [2022EE] MISSING_CENTRAL: ZG3Mu/Central/jets/4/pt in Skim_TriLep_Muon_F.root
2025-12-17 12:27:06,863 - INFO - [2022EE] MISSING_CENTRAL: ZG3Mu/Central/jets/4/pt in Skim_TriLep_Muon_G.root
2025-12-17 12:27:11,724 - INFO - [2022EE] MISSING_CENTRAL: ZG3Mu/Central/jets/4/pt in Skim_TriLep_Muon_E.root
2025-12-17 12:27:11,725 - INFO - [2022EE] MISSING_CENTRAL: ZG3Mu/Central/jets/4/pt in Skim_TriLep_Muon_F.root
2025-12-17 12:27:11,727 - INFO - [2022EE] MISSING_CENTRAL: ZG3Mu/Central/jets/4/pt in Skim_TriLep_Muon_G.root
2025-12-17 16:08:47,642 - INFO - [2022EE] MISSING_CENTRAL: ZG3Mu/Central/jets/4/pt in Skim_TriLep_Muon_E.root
2025-12-17 16:08:47,642 - INFO - [2022EE] MISSING_CENTRAL: ZG3Mu/Central/jets/4/pt in Skim_TriLep_Muon_F.root
2025-12-17 16:08:47,643 - INFO - [2022EE] MISSING_CENTRAL: ZG3Mu/Central/jets/4/pt in Skim_TriLep_Muon_G.root
2025-12-17 16:08:51,082 - INFO - [2022EE] MISSING_CENTRAL: ZG3Mu/Central/jets/4/pt in Skim_TriLep_Muon_E.root
2025-12-17 16:08:51,082 - INFO - [2022EE] MISSING_CENTRAL: ZG3Mu/Central/jets/4/pt in Skim_TriLep_Muon_F.root
2025-12-17 16:08:51,083 - INFO - [2022EE] MISSING_CENTRAL: ZG3Mu/Central/jets/4/pt in Skim_TriLep_Muon_G.root
2025-12-17 22:40:45,993 - INFO - [2022EE] MISSING_CENTRAL: ZG3Mu/Central/jets/4/pt in Skim_TriLep_Muon_E.root
2025-12-17 22:40:46,004 - INFO - [2022EE] MISSING_CENTRAL: ZG3Mu/Central/jets/4/pt in Skim_TriLep_Muon_F.root
2025-12-17 22:40:46,005 - INFO - [2022EE] MISSING_CENTRAL: ZG3Mu/Central/jets/4/pt in Skim_TriLep_Muon_G.root
2025-12-17 22:40:50,454 - INFO - [2022EE] MISSING_CENTRAL: ZG3Mu/Central/jets/4/pt in Skim_TriLep_Muon_E.root
2025-12-17 22:40:50,466 - INFO - [2022EE] MISSING_CENTRAL: ZG3Mu/Central/jets/4/pt in Skim_TriLep_Muon_F.root
2025-12-17 22:40:50,467 - INFO - [2022EE] MISSING_CENTRAL: ZG3Mu/Central/jets/4/pt in Skim_TriLep_Muon_G.root
2025-12-18 14:25:55,769 - INFO - [2022EE] MISSING_CENTRAL: ZG3Mu/Central/jets/4/pt in Skim_TriLep_Muon_E.root
2025-12-18 14:25:55,784 - INFO - [2022EE] MISSING_CENTRAL: ZG3Mu/Central/jets/4/pt in Skim_TriLep_Muon_F.root
2025-12-18 14:25:55,790 - INFO - [2022EE] MISSING_CENTRAL: ZG3Mu/Central/jets/4/pt in Skim_TriLep_Muon_G.root
2025-12-18 14:26:01,411 - INFO - [2022EE] MISSING_CENTRAL: ZG3Mu/Central/jets/4/pt in Skim_TriLep_Muon_E.root
2025-12-18 14:26:01,412 - INFO - [2022EE] MISSING_CENTRAL: ZG3Mu/Central/jets/4/pt in Skim_TriLep_Muon_F.root
2025-12-18 14:26:01,414 - INFO - [2022EE] MISSING_CENTRAL: ZG3Mu/Central/jets/4/pt in Skim_TriLep_Muon_G.root
2025-12-18 14:41:16,817 - INFO - [2022EE] MISSING_CENTRAL: ZG3Mu/Central/jets/4/pt in Skim_TriLep_Muon_E.root
2025-12-18 14:41:16,819 - INFO - [2022EE] MISSING_CENTRAL: ZG3Mu/Central/jets/4/pt in Skim_TriLep_Muon_F.root
2025-12-18 14:41:16,846 - INFO - [2022EE] MISSING_CENTRAL: ZG3Mu/Central/jets/4/pt in Skim_TriLep_Muon_G.root
2025-12-18 14:41:23,374 - INFO - [2022EE] MISSING_CENTRAL: ZG3Mu/Central/jets/4/pt in Skim_TriLep_Muon_E.root
2025-12-18 14:41:23,376 - INFO - [2022EE] MISSING_CENTRAL: ZG3Mu/Central/jets/4/pt in Skim_TriLep_Muon_F.root
2025-12-18 14:41:23,377 - INFO - [2022EE] MISSING_CENTRAL: ZG3Mu/Central/jets/4/pt in Skim_TriLep_Muon_G.root
2026-01-07 11:50:38,052 - INFO - [2022EE] MISSING_FILE: /data9/Users/choij/Sync/workspace/ChargedHiggsAnalysisV3/SKNanoOutput/CRPromptSelector/Run3Mu/2022EE/Skim_TriLep_Muon_E.root
2026-01-07 11:50:38,052 - INFO - [2022EE] MISSING_FILE: /data9/Users/choij/Sync/workspace/ChargedHiggsAnalysisV3/SKNanoOutput/CRPromptSelector/Run3Mu/2022EE/Skim_TriLep_Muon_F.root
2026-01-07 11:50:38,052 - INFO - [2022EE] MISSING_FILE: /data9/Users/choij/Sync/workspace/ChargedHiggsAnalysisV3/SKNanoOutput/CRPromptSelector/Run3Mu/2022EE/Skim_TriLep_Muon_G.root
2026-01-07 11:50:42,836 - INFO - [2022EE] MISSING_FILE: /data9/Users/choij/Sync/workspace/ChargedHiggsAnalysisV3/SKNanoOutput/CRPromptSelector/Run3Mu/2022EE/Skim_TriLep_Muon_E.root
2026-01-07 11:50:42,836 - INFO - [2022EE] MISSING_FILE: /data9/Users/choij/Sync/workspace/ChargedHiggsAnalysisV3/SKNanoOutput/CRPromptSelector/Run3Mu/2022EE/Skim_TriLep_Muon_F.root
2026-01-07 11:50:42,836 - INFO - [2022EE] MISSING_FILE: /data9/Users/choij/Sync/workspace/ChargedHiggsAnalysisV3/SKNanoOutput/CRPromptSelector/Run3Mu/2022EE/Skim_TriLep_Muon_G.root
2026-01-07 18:47:17,355 - INFO - [2022EE] MISSING_CENTRAL: ZG3Mu/Central/jets/4/pt in Skim_TriLep_Muon_E.root
2026-01-07 18:47:17,356 - INFO - [2022EE] MISSING_CENTRAL: ZG3Mu/Central/jets/4/pt in Skim_TriLep_Muon_F.root
2026-01-07 18:47:17,357 - INFO - [2022EE] MISSING_CENTRAL: ZG3Mu/Central/jets/4/pt in Skim_TriLep_Muon_G.root
2026-01-07 18:47:22,180 - INFO - [2022EE] MISSING_CENTRAL: ZG3Mu/Central/jets/4/pt in Skim_TriLep_Muon_E.root
2026-01-07 18:47:22,181 - INFO - [2022EE] MISSING_CENTRAL: ZG3Mu/Central/jets/4/pt in Skim_TriLep_Muon_F.root
2026-01-07 18:47:22,182 - INFO - [2022EE] MISSING_CENTRAL: ZG3Mu/Central/jets/4/pt in Skim_TriLep_Muon_G.root
2026-01-09 12:21:47,476 - INFO - [2022EE] MISSING_CENTRAL: ZG3Mu/Central/jets/4/pt in Skim_TriLep_Muon_E.root
2026-01-09 12:21:47,477 - INFO - [2022EE] MISSING_CENTRAL: ZG3Mu/Central/jets/4/pt in Skim_TriLep_Muon_F.root
2026-01-09 12:21:47,477 - INFO - [2022EE] MISSING_CENTRAL: ZG3Mu/Central/jets/4/pt in Skim_TriLep_Muon_G.root
2026-01-09 12:21:52,415 - INFO - [2022EE] MISSING_CENTRAL: ZG3Mu/Central/jets/4/pt in Skim_TriLep_Muon_E.root
2026-01-09 12:21:52,416 - INFO - [2022EE] MISSING_CENTRAL: ZG3Mu/Central/jets/4/pt in Skim_TriLep_Muon_F.root
2026-01-09 12:21:52,417 - INFO - [2022EE] MISSING_CENTRAL: ZG3Mu/Central/jets/4/pt in Skim_TriLep_Muon_G.root
2026-01-11 09:41:50,359 - INFO - [2022EE] MISSING_CENTRAL: ZG3Mu/Central/jets/4/pt in Skim_TriLep_Muon_E.root
2026-01-11 09:41:50,360 - INFO - [2022EE] MISSING_CENTRAL: ZG3Mu/Central/jets/4/pt in Skim_TriLep_Muon_F.root
2026-01-11 09:41:50,361 - INFO - [2022EE] MISSING_CENTRAL: ZG3Mu/Central/jets/4/pt in Skim_TriLep_Muon_G.root
2026-01-11 09:41:55,635 - INFO - [2022EE] MISSING_CENTRAL: ZG3Mu/Central/jets/4/pt in Skim_TriLep_Muon_E.root
2026-01-11 09:41:55,636 - INFO - [2022EE] MISSING_CENTRAL: ZG3Mu/Central/jets/4/pt in Skim_TriLep_Muon_F.root
2026-01-11 09:41:55,637 - INFO - [2022EE] MISSING_CENTRAL: ZG3Mu/Central/jets/4/pt in Skim_TriLep_Muon_G.root
2026-01-12 13:50:34,332 - INFO - [2022EE] MISSING_CENTRAL: ZG3Mu/Central/jets/4/pt in Skim_TriLep_Muon_E.root
2026-01-12 13:50:34,333 - INFO - [2022EE] MISSING_CENTRAL: ZG3Mu/Central/jets/4/pt in Skim_TriLep_Muon_F.root
2026-01-12 13:50:34,334 - INFO - [2022EE] MISSING_CENTRAL: ZG3Mu/Central/jets/4/pt in Skim_TriLep_Muon_G.root
2026-01-12 13:50:39,309 - INFO - [2022EE] MISSING_CENTRAL: ZG3Mu/Central/jets/4/pt in Skim_TriLep_Muon_E.root
2026-01-12 13:50:39,310 - INFO - [2022EE] MISSING_CENTRAL: ZG3Mu/Central/jets/4/pt in Skim_TriLep_Muon_F.root
2026-01-12 13:50:39,311 - INFO - [2022EE] MISSING_CENTRAL: ZG3Mu/Central/jets/4/pt in Skim_TriLep_Muon_G.root
