2025-09-24 15:58:17,576 - INFO - [2022EE] MISSING_CENTRAL: ZG3Mu/Central/jets/2/eta in Skim_TriLep_DYJets10to50.root
2025-09-24 15:58:17,612 - INFO - [2022EE] MISSING_CENTRAL: ZG3Mu/Central/jets/2/eta in Skim_TriLep_DYGTo2LG_MLL4to50_PTG200toInf.root
2025-09-24 15:58:17,616 - INFO - [2022EE] MISSING_CENTRAL: ZG3Mu/Central/jets/2/eta in Skim_TriLep_DYGTo2LG_MLL50_PTG100to200.root
2025-09-24 15:58:17,617 - INFO - [2022EE] MISSING_CENTRAL: ZG3Mu/Central/jets/2/eta in Skim_TriLep_DYGTo2LG_MLL50_PTG200toInf.root
2025-09-24 15:58:17,617 - INFO - [2022EE] MISSING_CENTRAL: ZG3Mu/Central/jets/2/eta in Skim_TriLep_TTG_PTG10to100.root
2025-09-24 15:58:17,617 - INFO - [2022EE] MISSING_CENTRAL: ZG3Mu/Central/jets/2/eta in Skim_TriLep_TTG_PTG100to200.root
2025-09-24 15:58:17,617 - INFO - [2022EE] MISSING_CENTRAL: ZG3Mu/Central/jets/2/eta in Skim_TriLep_TTG_PTG200toInf.root
2025-09-24 15:58:17,681 - INFO - [2022EE] MISSING_CENTRAL: ZG3Mu/Central/jets/2/eta in Skim_TriLep_WWW.root
2025-09-24 15:58:17,682 - INFO - [2022EE] MISSING_SYSTEMATIC: ZG3Mu/JetRes_Down/jets/2/eta in Skim_TriLep_WWZ.root
2025-09-24 15:58:17,682 - INFO - [2022EE] MISSING_SYSTEMATIC: ZG3Mu/UnclusteredEn_Up/jets/2/eta in Skim_TriLep_WWZ.root
2025-09-24 15:58:27,778 - INFO - [2022EE] MISSING_CENTRAL: ZG3Mu/Central/jets/2/eta in Skim_TriLep_DYJets10to50.root
2025-09-24 15:58:27,779 - INFO - [2022EE] MISSING_CENTRAL: ZG3Mu/Central/jets/2/eta in Skim_TriLep_DYGTo2LG_MLL4to50_PTG200toInf.root
2025-09-24 15:58:27,779 - INFO - [2022EE] MISSING_CENTRAL: ZG3Mu/Central/jets/2/eta in Skim_TriLep_DYGTo2LG_MLL50_PTG100to200.root
2025-09-24 15:58:27,780 - INFO - [2022EE] MISSING_CENTRAL: ZG3Mu/Central/jets/2/eta in Skim_TriLep_DYGTo2LG_MLL50_PTG200toInf.root
2025-09-24 15:58:27,780 - INFO - [2022EE] MISSING_CENTRAL: ZG3Mu/Central/jets/2/eta in Skim_TriLep_TTG_PTG10to100.root
2025-09-24 15:58:27,781 - INFO - [2022EE] MISSING_CENTRAL: ZG3Mu/Central/jets/2/eta in Skim_TriLep_TTG_PTG100to200.root
2025-09-24 15:58:27,782 - INFO - [2022EE] MISSING_CENTRAL: ZG3Mu/Central/jets/2/eta in Skim_TriLep_TTG_PTG200toInf.root
2025-09-24 15:58:27,788 - INFO - [2022EE] MISSING_CENTRAL: ZG3Mu/Central/jets/2/eta in Skim_TriLep_WWW.root
2025-10-02 21:18:34,132 - INFO - [2022EE] MISSING_CENTRAL: ZG3Mu/Central/jets/2/eta in Skim_TriLep_DYJets10to50.root
2025-10-02 21:18:34,412 - INFO - [2022EE] MISSING_CENTRAL: ZG3Mu/Central/jets/2/eta in Skim_TriLep_DYGTo2LG_MLL4to50_PTG200toInf.root
2025-10-02 21:18:34,543 - INFO - [2022EE] MISSING_CENTRAL: ZG3Mu/Central/jets/2/eta in Skim_TriLep_DYGTo2LG_MLL50_PTG100to200.root
2025-10-02 21:18:34,547 - INFO - [2022EE] MISSING_CENTRAL: ZG3Mu/Central/jets/2/eta in Skim_TriLep_DYGTo2LG_MLL50_PTG200toInf.root
2025-10-02 21:18:34,556 - INFO - [2022EE] MISSING_CENTRAL: ZG3Mu/Central/jets/2/eta in Skim_TriLep_TTG_PTG10to100.root
2025-10-02 21:18:34,559 - INFO - [2022EE] MISSING_CENTRAL: ZG3Mu/Central/jets/2/eta in Skim_TriLep_TTG_PTG100to200.root
2025-10-02 21:18:34,573 - INFO - [2022EE] MISSING_CENTRAL: ZG3Mu/Central/jets/2/eta in Skim_TriLep_TTG_PTG200toInf.root
2025-10-02 21:18:35,389 - INFO - [2022EE] MISSING_CENTRAL: ZG3Mu/Central/jets/2/eta in Skim_TriLep_WWW.root
2025-10-02 21:18:35,409 - INFO - [2022EE] MISSING_SYSTEMATIC: ZG3Mu/JetRes_Down/jets/2/eta in Skim_TriLep_WWZ.root
2025-10-02 21:18:35,416 - INFO - [2022EE] MISSING_SYSTEMATIC: ZG3Mu/UnclusteredEn_Up/jets/2/eta in Skim_TriLep_WWZ.root
2025-10-02 21:18:40,996 - INFO - [2022EE] MISSING_CENTRAL: ZG3Mu/Central/jets/2/eta in Skim_TriLep_DYJets10to50.root
2025-10-02 21:18:41,000 - INFO - [2022EE] MISSING_CENTRAL: ZG3Mu/Central/jets/2/eta in Skim_TriLep_DYGTo2LG_MLL4to50_PTG200toInf.root
2025-10-02 21:18:41,003 - INFO - [2022EE] MISSING_CENTRAL: ZG3Mu/Central/jets/2/eta in Skim_TriLep_DYGTo2LG_MLL50_PTG100to200.root
2025-10-02 21:18:41,004 - INFO - [2022EE] MISSING_CENTRAL: ZG3Mu/Central/jets/2/eta in Skim_TriLep_DYGTo2LG_MLL50_PTG200toInf.root
2025-10-02 21:18:41,005 - INFO - [2022EE] MISSING_CENTRAL: ZG3Mu/Central/jets/2/eta in Skim_TriLep_TTG_PTG10to100.root
2025-10-02 21:18:41,006 - INFO - [2022EE] MISSING_CENTRAL: ZG3Mu/Central/jets/2/eta in Skim_TriLep_TTG_PTG100to200.root
2025-10-02 21:18:41,007 - INFO - [2022EE] MISSING_CENTRAL: ZG3Mu/Central/jets/2/eta in Skim_TriLep_TTG_PTG200toInf.root
2025-10-02 21:18:41,024 - INFO - [2022EE] MISSING_CENTRAL: ZG3Mu/Central/jets/2/eta in Skim_TriLep_WWW.root
2025-10-03 00:26:14,037 - INFO - [2022EE] MISSING_CENTRAL: ZG3Mu/Central/jets/2/eta in Skim_TriLep_DYJets10to50.root
2025-10-03 00:26:14,049 - INFO - [2022EE] MISSING_CENTRAL: ZG3Mu/Central/jets/2/eta in Skim_TriLep_DYGTo2LG_MLL4to50_PTG200toInf.root
2025-10-03 00:26:14,070 - INFO - [2022EE] MISSING_CENTRAL: ZG3Mu/Central/jets/2/eta in Skim_TriLep_DYGTo2LG_MLL50_PTG100to200.root
2025-10-03 00:26:14,070 - INFO - [2022EE] MISSING_CENTRAL: ZG3Mu/Central/jets/2/eta in Skim_TriLep_DYGTo2LG_MLL50_PTG200toInf.root
2025-10-03 00:26:14,071 - INFO - [2022EE] MISSING_CENTRAL: ZG3Mu/Central/jets/2/eta in Skim_TriLep_TTG_PTG10to100.root
2025-10-03 00:26:14,071 - INFO - [2022EE] MISSING_CENTRAL: ZG3Mu/Central/jets/2/eta in Skim_TriLep_TTG_PTG100to200.root
2025-10-03 00:26:14,071 - INFO - [2022EE] MISSING_CENTRAL: ZG3Mu/Central/jets/2/eta in Skim_TriLep_TTG_PTG200toInf.root
2025-10-03 00:26:14,128 - INFO - [2022EE] MISSING_CENTRAL: ZG3Mu/Central/jets/2/eta in Skim_TriLep_WWW.root
2025-10-03 00:26:14,131 - INFO - [2022EE] MISSING_SYSTEMATIC: ZG3Mu/JetRes_Down/jets/2/eta in Skim_TriLep_WWZ.root
2025-10-03 00:26:14,133 - INFO - [2022EE] MISSING_SYSTEMATIC: ZG3Mu/UnclusteredEn_Up/jets/2/eta in Skim_TriLep_WWZ.root
2025-10-03 00:26:24,647 - INFO - [2022EE] MISSING_CENTRAL: ZG3Mu/Central/jets/2/eta in Skim_TriLep_DYJets10to50.root
2025-10-03 00:26:24,648 - INFO - [2022EE] MISSING_CENTRAL: ZG3Mu/Central/jets/2/eta in Skim_TriLep_DYGTo2LG_MLL4to50_PTG200toInf.root
2025-10-03 00:26:24,649 - INFO - [2022EE] MISSING_CENTRAL: ZG3Mu/Central/jets/2/eta in Skim_TriLep_DYGTo2LG_MLL50_PTG100to200.root
2025-10-03 00:26:24,649 - INFO - [2022EE] MISSING_CENTRAL: ZG3Mu/Central/jets/2/eta in Skim_TriLep_DYGTo2LG_MLL50_PTG200toInf.root
2025-10-03 00:26:24,650 - INFO - [2022EE] MISSING_CENTRAL: ZG3Mu/Central/jets/2/eta in Skim_TriLep_TTG_PTG10to100.root
2025-10-03 00:26:24,650 - INFO - [2022EE] MISSING_CENTRAL: ZG3Mu/Central/jets/2/eta in Skim_TriLep_TTG_PTG100to200.root
2025-10-03 00:26:24,650 - INFO - [2022EE] MISSING_CENTRAL: ZG3Mu/Central/jets/2/eta in Skim_TriLep_TTG_PTG200toInf.root
2025-10-03 00:26:24,668 - INFO - [2022EE] MISSING_CENTRAL: ZG3Mu/Central/jets/2/eta in Skim_TriLep_WWW.root
