2025-09-24 15:58:17,198 - INFO - [2022EE] MISSING_CENTRAL: ZG3Mu/Central/jets/1/phi in Skim_TriLep_DYJets10to50.root
2025-09-24 15:58:17,393 - INFO - [2022EE] MISSING_CENTRAL: ZG3Mu/Central/jets/1/phi in Skim_TriLep_DYGTo2LG_MLL50_PTG200toInf.root
2025-09-24 15:58:17,393 - INFO - [2022EE] MISSING_CENTRAL: ZG3Mu/Central/jets/1/phi in Skim_TriLep_TTG_PTG10to100.root
2025-09-24 15:58:17,394 - INFO - [2022EE] MISSING_CENTRAL: ZG3Mu/Central/jets/1/phi in Skim_TriLep_TTG_PTG100to200.root
2025-09-24 15:58:17,394 - INFO - [2022EE] MISSING_CENTRAL: ZG3Mu/Central/jets/1/phi in Skim_TriLep_TTG_PTG200toInf.root
2025-09-24 15:58:27,600 - INFO - [2022EE] MISSING_CENTRAL: ZG3Mu/Central/jets/1/phi in Skim_TriLep_DYJets10to50.root
2025-09-24 15:58:27,610 - INFO - [2022EE] MISSING_CENTRAL: ZG3Mu/Central/jets/1/phi in Skim_TriLep_DYGTo2LG_MLL50_PTG200toInf.root
2025-09-24 15:58:27,611 - INFO - [2022EE] MISSING_CENTRAL: ZG3Mu/Central/jets/1/phi in Skim_TriLep_TTG_PTG10to100.root
2025-09-24 15:58:27,611 - INFO - [2022EE] MISSING_CENTRAL: ZG3Mu/Central/jets/1/phi in Skim_TriLep_TTG_PTG100to200.root
2025-09-24 15:58:27,612 - INFO - [2022EE] MISSING_CENTRAL: ZG3Mu/Central/jets/1/phi in Skim_TriLep_TTG_PTG200toInf.root
2025-10-02 21:18:34,132 - INFO - [2022EE] MISSING_CENTRAL: ZG3Mu/Central/jets/1/phi in Skim_TriLep_DYJets10to50.root
2025-10-02 21:18:34,595 - INFO - [2022EE] MISSING_CENTRAL: ZG3Mu/Central/jets/1/phi in Skim_TriLep_DYGTo2LG_MLL50_PTG200toInf.root
2025-10-02 21:18:34,597 - INFO - [2022EE] MISSING_CENTRAL: ZG3Mu/Central/jets/1/phi in Skim_TriLep_TTG_PTG10to100.root
2025-10-02 21:18:34,597 - INFO - [2022EE] MISSING_CENTRAL: ZG3Mu/Central/jets/1/phi in Skim_TriLep_TTG_PTG100to200.root
2025-10-02 21:18:34,598 - INFO - [2022EE] MISSING_CENTRAL: ZG3Mu/Central/jets/1/phi in Skim_TriLep_TTG_PTG200toInf.root
2025-10-02 21:18:40,810 - INFO - [2022EE] MISSING_CENTRAL: ZG3Mu/Central/jets/1/phi in Skim_TriLep_DYJets10to50.root
2025-10-02 21:18:40,815 - INFO - [2022EE] MISSING_CENTRAL: ZG3Mu/Central/jets/1/phi in Skim_TriLep_DYGTo2LG_MLL50_PTG200toInf.root
2025-10-02 21:18:40,816 - INFO - [2022EE] MISSING_CENTRAL: ZG3Mu/Central/jets/1/phi in Skim_TriLep_TTG_PTG10to100.root
2025-10-02 21:18:40,817 - INFO - [2022EE] MISSING_CENTRAL: ZG3Mu/Central/jets/1/phi in Skim_TriLep_TTG_PTG100to200.root
2025-10-02 21:18:40,818 - INFO - [2022EE] MISSING_CENTRAL: ZG3Mu/Central/jets/1/phi in Skim_TriLep_TTG_PTG200toInf.root
2025-10-03 00:26:13,884 - INFO - [2022EE] MISSING_CENTRAL: ZG3Mu/Central/jets/1/phi in Skim_TriLep_DYJets10to50.root
2025-10-03 00:26:13,932 - INFO - [2022EE] MISSING_CENTRAL: ZG3Mu/Central/jets/1/phi in Skim_TriLep_DYGTo2LG_MLL50_PTG200toInf.root
2025-10-03 00:26:13,933 - INFO - [2022EE] MISSING_CENTRAL: ZG3Mu/Central/jets/1/phi in Skim_TriLep_TTG_PTG10to100.root
2025-10-03 00:26:13,933 - INFO - [2022EE] MISSING_CENTRAL: ZG3Mu/Central/jets/1/phi in Skim_TriLep_TTG_PTG100to200.root
2025-10-03 00:26:13,933 - INFO - [2022EE] MISSING_CENTRAL: ZG3Mu/Central/jets/1/phi in Skim_TriLep_TTG_PTG200toInf.root
2025-10-03 00:26:24,627 - INFO - [2022EE] MISSING_CENTRAL: ZG3Mu/Central/jets/1/phi in Skim_TriLep_DYJets10to50.root
2025-10-03 00:26:24,630 - INFO - [2022EE] MISSING_CENTRAL: ZG3Mu/Central/jets/1/phi in Skim_TriLep_DYGTo2LG_MLL50_PTG200toInf.root
2025-10-03 00:26:24,631 - INFO - [2022EE] MISSING_CENTRAL: ZG3Mu/Central/jets/1/phi in Skim_TriLep_TTG_PTG10to100.root
2025-10-03 00:26:24,631 - INFO - [2022EE] MISSING_CENTRAL: ZG3Mu/Central/jets/1/phi in Skim_TriLep_TTG_PTG100to200.root
2025-10-03 00:26:24,631 - INFO - [2022EE] MISSING_CENTRAL: ZG3Mu/Central/jets/1/phi in Skim_TriLep_TTG_PTG200toInf.root
2025-11-07 13:10:29,204 - INFO - [2022EE] MISSING_CENTRAL: ZG3Mu/Central/jets/1/phi in Skim_TriLep_DYJets10to50.root
2025-11-07 13:10:29,249 - INFO - [2022EE] MISSING_CENTRAL: ZG3Mu/Central/jets/1/phi in Skim_TriLep_DYGTo2LG_MLL50_PTG200toInf.root
2025-11-07 13:10:29,249 - INFO - [2022EE] MISSING_CENTRAL: ZG3Mu/Central/jets/1/phi in Skim_TriLep_TTG_PTG10to100.root
2025-11-07 13:10:29,250 - INFO - [2022EE] MISSING_CENTRAL: ZG3Mu/Central/jets/1/phi in Skim_TriLep_TTG_PTG100to200.root
2025-11-07 13:10:29,250 - INFO - [2022EE] MISSING_CENTRAL: ZG3Mu/Central/jets/1/phi in Skim_TriLep_TTG_PTG200toInf.root
2025-11-07 13:10:34,436 - INFO - [2022EE] MISSING_CENTRAL: ZG3Mu/Central/jets/1/phi in Skim_TriLep_DYJets10to50.root
2025-11-07 13:10:34,439 - INFO - [2022EE] MISSING_CENTRAL: ZG3Mu/Central/jets/1/phi in Skim_TriLep_DYGTo2LG_MLL50_PTG200toInf.root
2025-11-07 13:10:34,440 - INFO - [2022EE] MISSING_CENTRAL: ZG3Mu/Central/jets/1/phi in Skim_TriLep_TTG_PTG10to100.root
2025-11-07 13:10:34,440 - INFO - [2022EE] MISSING_CENTRAL: ZG3Mu/Central/jets/1/phi in Skim_TriLep_TTG_PTG100to200.root
2025-11-07 13:10:34,440 - INFO - [2022EE] MISSING_CENTRAL: ZG3Mu/Central/jets/1/phi in Skim_TriLep_TTG_PTG200toInf.root
2025-11-07 14:08:07,600 - INFO - [2022EE] MISSING_CENTRAL: ZG3Mu/Central/jets/1/phi in Skim_TriLep_DYJets10to50.root
2025-11-07 14:08:07,630 - INFO - [2022EE] MISSING_CENTRAL: ZG3Mu/Central/jets/1/phi in Skim_TriLep_DYGTo2LG_MLL50_PTG200toInf.root
2025-11-07 14:08:07,631 - INFO - [2022EE] MISSING_CENTRAL: ZG3Mu/Central/jets/1/phi in Skim_TriLep_TTG_PTG10to100.root
2025-11-07 14:08:07,631 - INFO - [2022EE] MISSING_CENTRAL: ZG3Mu/Central/jets/1/phi in Skim_TriLep_TTG_PTG100to200.root
2025-11-07 14:08:07,632 - INFO - [2022EE] MISSING_CENTRAL: ZG3Mu/Central/jets/1/phi in Skim_TriLep_TTG_PTG200toInf.root
2025-11-07 14:08:12,571 - INFO - [2022EE] MISSING_CENTRAL: ZG3Mu/Central/jets/1/phi in Skim_TriLep_DYJets10to50.root
2025-11-07 14:08:12,575 - INFO - [2022EE] MISSING_CENTRAL: ZG3Mu/Central/jets/1/phi in Skim_TriLep_DYGTo2LG_MLL50_PTG200toInf.root
2025-11-07 14:08:12,575 - INFO - [2022EE] MISSING_CENTRAL: ZG3Mu/Central/jets/1/phi in Skim_TriLep_TTG_PTG10to100.root
2025-11-07 14:08:12,576 - INFO - [2022EE] MISSING_CENTRAL: ZG3Mu/Central/jets/1/phi in Skim_TriLep_TTG_PTG100to200.root
2025-11-07 14:08:12,576 - INFO - [2022EE] MISSING_CENTRAL: ZG3Mu/Central/jets/1/phi in Skim_TriLep_TTG_PTG200toInf.root
2025-11-10 12:23:39,555 - INFO - [2022EE] MISSING_CENTRAL: ZG3Mu/Central/jets/1/phi in Skim_TriLep_DYJets10to50.root
2025-11-10 12:23:39,627 - INFO - [2022EE] MISSING_CENTRAL: ZG3Mu/Central/jets/1/phi in Skim_TriLep_DYGTo2LG_MLL50_PTG200toInf.root
2025-11-10 12:23:39,627 - INFO - [2022EE] MISSING_CENTRAL: ZG3Mu/Central/jets/1/phi in Skim_TriLep_TTG_PTG10to100.root
2025-11-10 12:23:39,628 - INFO - [2022EE] MISSING_CENTRAL: ZG3Mu/Central/jets/1/phi in Skim_TriLep_TTG_PTG100to200.root
2025-11-10 12:23:39,628 - INFO - [2022EE] MISSING_CENTRAL: ZG3Mu/Central/jets/1/phi in Skim_TriLep_TTG_PTG200toInf.root
2025-11-10 12:23:44,843 - INFO - [2022EE] MISSING_CENTRAL: ZG3Mu/Central/jets/1/phi in Skim_TriLep_DYJets10to50.root
2025-11-10 12:23:44,847 - INFO - [2022EE] MISSING_CENTRAL: ZG3Mu/Central/jets/1/phi in Skim_TriLep_DYGTo2LG_MLL50_PTG200toInf.root
2025-11-10 12:23:44,848 - INFO - [2022EE] MISSING_CENTRAL: ZG3Mu/Central/jets/1/phi in Skim_TriLep_TTG_PTG10to100.root
2025-11-10 12:23:44,848 - INFO - [2022EE] MISSING_CENTRAL: ZG3Mu/Central/jets/1/phi in Skim_TriLep_TTG_PTG100to200.root
2025-11-10 12:23:44,848 - INFO - [2022EE] MISSING_CENTRAL: ZG3Mu/Central/jets/1/phi in Skim_TriLep_TTG_PTG200toInf.root
2025-11-13 11:13:28,222 - INFO - [2022EE] MISSING_CENTRAL: ZG3Mu/Central/jets/1/phi in Skim_TriLep_DYJets10to50.root
2025-11-13 11:13:28,877 - INFO - [2022EE] MISSING_CENTRAL: ZG3Mu/Central/jets/1/phi in Skim_TriLep_DYGTo2LG_MLL50_PTG200toInf.root
2025-11-13 11:13:28,885 - INFO - [2022EE] MISSING_CENTRAL: ZG3Mu/Central/jets/1/phi in Skim_TriLep_TTG_PTG10to100.root
2025-11-13 11:13:28,899 - INFO - [2022EE] MISSING_CENTRAL: ZG3Mu/Central/jets/1/phi in Skim_TriLep_TTG_PTG100to200.root
2025-11-13 11:13:28,923 - INFO - [2022EE] MISSING_CENTRAL: ZG3Mu/Central/jets/1/phi in Skim_TriLep_TTG_PTG200toInf.root
2025-11-13 11:13:35,000 - INFO - [2022EE] MISSING_CENTRAL: ZG3Mu/Central/jets/1/phi in Skim_TriLep_DYJets10to50.root
2025-11-13 11:13:35,007 - INFO - [2022EE] MISSING_CENTRAL: ZG3Mu/Central/jets/1/phi in Skim_TriLep_DYGTo2LG_MLL50_PTG200toInf.root
2025-11-13 11:13:35,008 - INFO - [2022EE] MISSING_CENTRAL: ZG3Mu/Central/jets/1/phi in Skim_TriLep_TTG_PTG10to100.root
2025-11-13 11:13:35,009 - INFO - [2022EE] MISSING_CENTRAL: ZG3Mu/Central/jets/1/phi in Skim_TriLep_TTG_PTG100to200.root
2025-11-13 11:13:35,009 - INFO - [2022EE] MISSING_CENTRAL: ZG3Mu/Central/jets/1/phi in Skim_TriLep_TTG_PTG200toInf.root
2025-11-19 00:18:39,844 - INFO - [2022EE] MISSING_CENTRAL: ZG3Mu/Central/jets/1/phi in Skim_TriLep_DYJets10to50.root
2025-11-19 00:18:39,873 - INFO - [2022EE] MISSING_CENTRAL: ZG3Mu/Central/jets/1/phi in Skim_TriLep_DYGTo2LG_MLL50_PTG200toInf.root
2025-11-19 00:18:39,874 - INFO - [2022EE] MISSING_CENTRAL: ZG3Mu/Central/jets/1/phi in Skim_TriLep_TTG_PTG10to100.root
2025-11-19 00:18:39,874 - INFO - [2022EE] MISSING_CENTRAL: ZG3Mu/Central/jets/1/phi in Skim_TriLep_TTG_PTG100to200.root
2025-11-19 00:18:39,875 - INFO - [2022EE] MISSING_CENTRAL: ZG3Mu/Central/jets/1/phi in Skim_TriLep_TTG_PTG200toInf.root
2025-11-19 00:18:44,823 - INFO - [2022EE] MISSING_CENTRAL: ZG3Mu/Central/jets/1/phi in Skim_TriLep_DYJets10to50.root
2025-11-19 00:18:44,828 - INFO - [2022EE] MISSING_CENTRAL: ZG3Mu/Central/jets/1/phi in Skim_TriLep_DYGTo2LG_MLL50_PTG200toInf.root
2025-11-19 00:18:44,829 - INFO - [2022EE] MISSING_CENTRAL: ZG3Mu/Central/jets/1/phi in Skim_TriLep_TTG_PTG10to100.root
2025-11-19 00:18:44,829 - INFO - [2022EE] MISSING_CENTRAL: ZG3Mu/Central/jets/1/phi in Skim_TriLep_TTG_PTG100to200.root
2025-11-19 00:18:44,830 - INFO - [2022EE] MISSING_CENTRAL: ZG3Mu/Central/jets/1/phi in Skim_TriLep_TTG_PTG200toInf.root
2025-11-19 15:43:51,512 - INFO - [2022EE] MISSING_CENTRAL: ZG3Mu/Central/jets/1/phi in Skim_TriLep_DYJets10to50.root
2025-11-19 15:43:51,551 - INFO - [2022EE] MISSING_CENTRAL: ZG3Mu/Central/jets/1/phi in Skim_TriLep_DYGTo2LG_MLL50_PTG200toInf.root
2025-11-19 15:43:51,551 - INFO - [2022EE] MISSING_CENTRAL: ZG3Mu/Central/jets/1/phi in Skim_TriLep_TTG_PTG10to100.root
2025-11-19 15:43:51,551 - INFO - [2022EE] MISSING_CENTRAL: ZG3Mu/Central/jets/1/phi in Skim_TriLep_TTG_PTG100to200.root
2025-11-19 15:43:51,552 - INFO - [2022EE] MISSING_CENTRAL: ZG3Mu/Central/jets/1/phi in Skim_TriLep_TTG_PTG200toInf.root
2025-11-19 15:43:56,656 - INFO - [2022EE] MISSING_CENTRAL: ZG3Mu/Central/jets/1/phi in Skim_TriLep_DYJets10to50.root
2025-11-19 15:43:56,660 - INFO - [2022EE] MISSING_CENTRAL: ZG3Mu/Central/jets/1/phi in Skim_TriLep_DYGTo2LG_MLL50_PTG200toInf.root
2025-11-19 15:43:56,660 - INFO - [2022EE] MISSING_CENTRAL: ZG3Mu/Central/jets/1/phi in Skim_TriLep_TTG_PTG10to100.root
2025-11-19 15:43:56,661 - INFO - [2022EE] MISSING_CENTRAL: ZG3Mu/Central/jets/1/phi in Skim_TriLep_TTG_PTG100to200.root
2025-11-19 15:43:56,661 - INFO - [2022EE] MISSING_CENTRAL: ZG3Mu/Central/jets/1/phi in Skim_TriLep_TTG_PTG200toInf.root
2025-11-19 16:26:06,600 - INFO - [2022EE] MISSING_CENTRAL: ZG3Mu/Central/jets/1/phi in Skim_TriLep_DYJets10to50.root
2025-11-19 16:26:06,628 - INFO - [2022EE] MISSING_CENTRAL: ZG3Mu/Central/jets/1/phi in Skim_TriLep_DYGTo2LG_MLL50_PTG200toInf.root
2025-11-19 16:26:06,629 - INFO - [2022EE] MISSING_CENTRAL: ZG3Mu/Central/jets/1/phi in Skim_TriLep_TTG_PTG10to100.root
2025-11-19 16:26:06,629 - INFO - [2022EE] MISSING_CENTRAL: ZG3Mu/Central/jets/1/phi in Skim_TriLep_TTG_PTG100to200.root
2025-11-19 16:26:06,630 - INFO - [2022EE] MISSING_CENTRAL: ZG3Mu/Central/jets/1/phi in Skim_TriLep_TTG_PTG200toInf.root
2025-11-19 16:26:12,144 - INFO - [2022EE] MISSING_CENTRAL: ZG3Mu/Central/jets/1/phi in Skim_TriLep_DYJets10to50.root
2025-11-19 16:26:12,155 - INFO - [2022EE] MISSING_CENTRAL: ZG3Mu/Central/jets/1/phi in Skim_TriLep_DYGTo2LG_MLL50_PTG200toInf.root
2025-11-19 16:26:12,157 - INFO - [2022EE] MISSING_CENTRAL: ZG3Mu/Central/jets/1/phi in Skim_TriLep_TTG_PTG10to100.root
2025-11-19 16:26:12,158 - INFO - [2022EE] MISSING_CENTRAL: ZG3Mu/Central/jets/1/phi in Skim_TriLep_TTG_PTG100to200.root
2025-11-19 16:26:12,159 - INFO - [2022EE] MISSING_CENTRAL: ZG3Mu/Central/jets/1/phi in Skim_TriLep_TTG_PTG200toInf.root
2025-12-17 12:27:07,394 - INFO - [2022EE] MISSING_CENTRAL: ZG3Mu/Central/jets/1/phi in Skim_TriLep_DYJets10to50.root
2025-12-17 12:27:07,395 - INFO - [2022EE] MISSING_CENTRAL: ZG3Mu/Central/jets/1/phi in Skim_TriLep_TTG_PTG10to100.root
2025-12-17 12:27:07,417 - INFO - [2022EE] MISSING_CENTRAL: ZG3Mu/Central/jets/1/phi in Skim_TriLep_TTG_PTG100to200.root
2025-12-17 12:27:07,418 - INFO - [2022EE] MISSING_CENTRAL: ZG3Mu/Central/jets/1/phi in Skim_TriLep_TTG_PTG200toInf.root
2025-12-17 12:27:11,806 - INFO - [2022EE] MISSING_CENTRAL: ZG3Mu/Central/jets/1/phi in Skim_TriLep_DYJets10to50.root
2025-12-17 12:27:11,807 - INFO - [2022EE] MISSING_CENTRAL: ZG3Mu/Central/jets/1/phi in Skim_TriLep_TTG_PTG10to100.root
2025-12-17 12:27:11,809 - INFO - [2022EE] MISSING_CENTRAL: ZG3Mu/Central/jets/1/phi in Skim_TriLep_TTG_PTG100to200.root
2025-12-17 12:27:11,810 - INFO - [2022EE] MISSING_CENTRAL: ZG3Mu/Central/jets/1/phi in Skim_TriLep_TTG_PTG200toInf.root
2025-12-17 16:08:47,537 - INFO - [2022EE] MISSING_CENTRAL: ZG3Mu/Central/jets/1/phi in Skim_TriLep_DYJets10to50.root
2025-12-17 16:08:47,538 - INFO - [2022EE] MISSING_CENTRAL: ZG3Mu/Central/jets/1/phi in Skim_TriLep_TTG_PTG10to100.root
2025-12-17 16:08:47,539 - INFO - [2022EE] MISSING_CENTRAL: ZG3Mu/Central/jets/1/phi in Skim_TriLep_TTG_PTG100to200.root
2025-12-17 16:08:47,540 - INFO - [2022EE] MISSING_CENTRAL: ZG3Mu/Central/jets/1/phi in Skim_TriLep_TTG_PTG200toInf.root
2025-12-17 16:08:51,214 - INFO - [2022EE] MISSING_CENTRAL: ZG3Mu/Central/jets/1/phi in Skim_TriLep_DYJets10to50.root
2025-12-17 16:08:51,215 - INFO - [2022EE] MISSING_CENTRAL: ZG3Mu/Central/jets/1/phi in Skim_TriLep_TTG_PTG10to100.root
2025-12-17 16:08:51,215 - INFO - [2022EE] MISSING_CENTRAL: ZG3Mu/Central/jets/1/phi in Skim_TriLep_TTG_PTG100to200.root
2025-12-17 16:08:51,216 - INFO - [2022EE] MISSING_CENTRAL: ZG3Mu/Central/jets/1/phi in Skim_TriLep_TTG_PTG200toInf.root
2025-12-17 22:40:47,046 - INFO - [2022EE] MISSING_CENTRAL: ZG3Mu/Central/jets/1/phi in Skim_TriLep_DYJets10to50.root
2025-12-17 22:40:47,046 - INFO - [2022EE] MISSING_CENTRAL: ZG3Mu/Central/jets/1/phi in Skim_TriLep_TTG_PTG10to100.root
2025-12-17 22:40:47,047 - INFO - [2022EE] MISSING_CENTRAL: ZG3Mu/Central/jets/1/phi in Skim_TriLep_TTG_PTG100to200.root
2025-12-17 22:40:47,048 - INFO - [2022EE] MISSING_CENTRAL: ZG3Mu/Central/jets/1/phi in Skim_TriLep_TTG_PTG200toInf.root
2025-12-17 22:40:51,868 - INFO - [2022EE] MISSING_CENTRAL: ZG3Mu/Central/jets/1/phi in Skim_TriLep_DYJets10to50.root
2025-12-17 22:40:51,869 - INFO - [2022EE] MISSING_CENTRAL: ZG3Mu/Central/jets/1/phi in Skim_TriLep_TTG_PTG10to100.root
2025-12-17 22:40:51,870 - INFO - [2022EE] MISSING_CENTRAL: ZG3Mu/Central/jets/1/phi in Skim_TriLep_TTG_PTG100to200.root
2025-12-17 22:40:51,871 - INFO - [2022EE] MISSING_CENTRAL: ZG3Mu/Central/jets/1/phi in Skim_TriLep_TTG_PTG200toInf.root
2025-12-18 14:25:56,412 - INFO - [2022EE] MISSING_CENTRAL: ZG3Mu/Central/jets/1/phi in Skim_TriLep_DYJets10to50.root
2025-12-18 14:25:56,413 - INFO - [2022EE] MISSING_CENTRAL: ZG3Mu/Central/jets/1/phi in Skim_TriLep_TTG_PTG10to100.root
2025-12-18 14:25:56,414 - INFO - [2022EE] MISSING_CENTRAL: ZG3Mu/Central/jets/1/phi in Skim_TriLep_TTG_PTG100to200.root
2025-12-18 14:25:56,415 - INFO - [2022EE] MISSING_CENTRAL: ZG3Mu/Central/jets/1/phi in Skim_TriLep_TTG_PTG200toInf.root
2025-12-18 14:26:01,526 - INFO - [2022EE] MISSING_CENTRAL: ZG3Mu/Central/jets/1/phi in Skim_TriLep_DYJets10to50.root
2025-12-18 14:26:01,527 - INFO - [2022EE] MISSING_CENTRAL: ZG3Mu/Central/jets/1/phi in Skim_TriLep_TTG_PTG10to100.root
2025-12-18 14:26:01,528 - INFO - [2022EE] MISSING_CENTRAL: ZG3Mu/Central/jets/1/phi in Skim_TriLep_TTG_PTG100to200.root
2025-12-18 14:26:01,528 - INFO - [2022EE] MISSING_CENTRAL: ZG3Mu/Central/jets/1/phi in Skim_TriLep_TTG_PTG200toInf.root
2025-12-18 14:41:17,029 - INFO - [2022EE] MISSING_CENTRAL: ZG3Mu/Central/jets/1/phi in Skim_TriLep_DYJets10to50.root
2025-12-18 14:41:17,031 - INFO - [2022EE] MISSING_CENTRAL: ZG3Mu/Central/jets/1/phi in Skim_TriLep_TTG_PTG10to100.root
2025-12-18 14:41:17,032 - INFO - [2022EE] MISSING_CENTRAL: ZG3Mu/Central/jets/1/phi in Skim_TriLep_TTG_PTG100to200.root
2025-12-18 14:41:17,033 - INFO - [2022EE] MISSING_CENTRAL: ZG3Mu/Central/jets/1/phi in Skim_TriLep_TTG_PTG200toInf.root
2025-12-18 14:41:22,373 - INFO - [2022EE] MISSING_CENTRAL: ZG3Mu/Central/jets/1/phi in Skim_TriLep_DYJets10to50.root
2025-12-18 14:41:22,374 - INFO - [2022EE] MISSING_CENTRAL: ZG3Mu/Central/jets/1/phi in Skim_TriLep_TTG_PTG10to100.root
2025-12-18 14:41:22,375 - INFO - [2022EE] MISSING_CENTRAL: ZG3Mu/Central/jets/1/phi in Skim_TriLep_TTG_PTG100to200.root
2025-12-18 14:41:22,376 - INFO - [2022EE] MISSING_CENTRAL: ZG3Mu/Central/jets/1/phi in Skim_TriLep_TTG_PTG200toInf.root
2026-01-07 11:50:39,092 - INFO - [2022EE] MISSING_FILE: /data9/Users/choij/Sync/workspace/ChargedHiggsAnalysisV3/SKNanoOutput/CRPromptSelector/Run3Mu/2022EE/Skim_TriLep_Muon_E.root
2026-01-07 11:50:39,103 - INFO - [2022EE] MISSING_FILE: /data9/Users/choij/Sync/workspace/ChargedHiggsAnalysisV3/SKNanoOutput/CRPromptSelector/Run3Mu/2022EE/Skim_TriLep_Muon_F.root
2026-01-07 11:50:39,112 - INFO - [2022EE] MISSING_FILE: /data9/Users/choij/Sync/workspace/ChargedHiggsAnalysisV3/SKNanoOutput/CRPromptSelector/Run3Mu/2022EE/Skim_TriLep_Muon_G.root
2026-01-07 11:50:42,790 - INFO - [2022EE] MISSING_FILE: /data9/Users/choij/Sync/workspace/ChargedHiggsAnalysisV3/SKNanoOutput/CRPromptSelector/Run3Mu/2022EE/Skim_TriLep_Muon_E.root
2026-01-07 11:50:42,791 - INFO - [2022EE] MISSING_FILE: /data9/Users/choij/Sync/workspace/ChargedHiggsAnalysisV3/SKNanoOutput/CRPromptSelector/Run3Mu/2022EE/Skim_TriLep_Muon_F.root
2026-01-07 11:50:42,791 - INFO - [2022EE] MISSING_FILE: /data9/Users/choij/Sync/workspace/ChargedHiggsAnalysisV3/SKNanoOutput/CRPromptSelector/Run3Mu/2022EE/Skim_TriLep_Muon_G.root
2026-01-07 18:47:17,375 - INFO - [2022EE] MISSING_CENTRAL: ZG3Mu/Central/jets/1/phi in Skim_TriLep_DYJets10to50.root
2026-01-07 18:47:17,377 - INFO - [2022EE] MISSING_CENTRAL: ZG3Mu/Central/jets/1/phi in Skim_TriLep_TTG_PTG10to100.root
2026-01-07 18:47:17,379 - INFO - [2022EE] MISSING_CENTRAL: ZG3Mu/Central/jets/1/phi in Skim_TriLep_TTG_PTG100to200.root
2026-01-07 18:47:17,380 - INFO - [2022EE] MISSING_CENTRAL: ZG3Mu/Central/jets/1/phi in Skim_TriLep_TTG_PTG200toInf.root
2026-01-07 18:47:23,467 - INFO - [2022EE] MISSING_CENTRAL: ZG3Mu/Central/jets/1/phi in Skim_TriLep_DYJets10to50.root
2026-01-07 18:47:23,468 - INFO - [2022EE] MISSING_CENTRAL: ZG3Mu/Central/jets/1/phi in Skim_TriLep_TTG_PTG10to100.root
2026-01-07 18:47:23,468 - INFO - [2022EE] MISSING_CENTRAL: ZG3Mu/Central/jets/1/phi in Skim_TriLep_TTG_PTG100to200.root
2026-01-07 18:47:23,469 - INFO - [2022EE] MISSING_CENTRAL: ZG3Mu/Central/jets/1/phi in Skim_TriLep_TTG_PTG200toInf.root
2026-01-09 12:21:47,503 - INFO - [2022EE] MISSING_CENTRAL: ZG3Mu/Central/jets/1/phi in Skim_TriLep_DYJets10to50.root
2026-01-09 12:21:47,504 - INFO - [2022EE] MISSING_CENTRAL: ZG3Mu/Central/jets/1/phi in Skim_TriLep_TTG_PTG10to100.root
2026-01-09 12:21:47,504 - INFO - [2022EE] MISSING_CENTRAL: ZG3Mu/Central/jets/1/phi in Skim_TriLep_TTG_PTG100to200.root
2026-01-09 12:21:47,504 - INFO - [2022EE] MISSING_CENTRAL: ZG3Mu/Central/jets/1/phi in Skim_TriLep_TTG_PTG200toInf.root
2026-01-09 12:21:52,507 - INFO - [2022EE] MISSING_CENTRAL: ZG3Mu/Central/jets/1/phi in Skim_TriLep_DYJets10to50.root
2026-01-09 12:21:52,507 - INFO - [2022EE] MISSING_CENTRAL: ZG3Mu/Central/jets/1/phi in Skim_TriLep_TTG_PTG10to100.root
2026-01-09 12:21:52,508 - INFO - [2022EE] MISSING_CENTRAL: ZG3Mu/Central/jets/1/phi in Skim_TriLep_TTG_PTG100to200.root
2026-01-09 12:21:52,508 - INFO - [2022EE] MISSING_CENTRAL: ZG3Mu/Central/jets/1/phi in Skim_TriLep_TTG_PTG200toInf.root
2026-01-11 09:41:50,398 - INFO - [2022EE] MISSING_CENTRAL: ZG3Mu/Central/jets/1/phi in Skim_TriLep_DYJets10to50.root
2026-01-11 09:41:50,399 - INFO - [2022EE] MISSING_CENTRAL: ZG3Mu/Central/jets/1/phi in Skim_TriLep_TTG_PTG10to100.root
2026-01-11 09:41:50,400 - INFO - [2022EE] MISSING_CENTRAL: ZG3Mu/Central/jets/1/phi in Skim_TriLep_TTG_PTG100to200.root
2026-01-11 09:41:50,400 - INFO - [2022EE] MISSING_CENTRAL: ZG3Mu/Central/jets/1/phi in Skim_TriLep_TTG_PTG200toInf.root
2026-01-11 09:41:55,620 - INFO - [2022EE] MISSING_CENTRAL: ZG3Mu/Central/jets/1/phi in Skim_TriLep_DYJets10to50.root
2026-01-11 09:41:55,620 - INFO - [2022EE] MISSING_CENTRAL: ZG3Mu/Central/jets/1/phi in Skim_TriLep_TTG_PTG10to100.root
2026-01-11 09:41:55,621 - INFO - [2022EE] MISSING_CENTRAL: ZG3Mu/Central/jets/1/phi in Skim_TriLep_TTG_PTG100to200.root
2026-01-11 09:41:55,621 - INFO - [2022EE] MISSING_CENTRAL: ZG3Mu/Central/jets/1/phi in Skim_TriLep_TTG_PTG200toInf.root
2026-01-12 13:50:34,353 - INFO - [2022EE] MISSING_CENTRAL: ZG3Mu/Central/jets/1/phi in Skim_TriLep_DYJets10to50.root
2026-01-12 13:50:34,353 - INFO - [2022EE] MISSING_CENTRAL: ZG3Mu/Central/jets/1/phi in Skim_TriLep_TTG_PTG10to100.root
2026-01-12 13:50:34,354 - INFO - [2022EE] MISSING_CENTRAL: ZG3Mu/Central/jets/1/phi in Skim_TriLep_TTG_PTG100to200.root
2026-01-12 13:50:34,354 - INFO - [2022EE] MISSING_CENTRAL: ZG3Mu/Central/jets/1/phi in Skim_TriLep_TTG_PTG200toInf.root
2026-01-12 13:50:39,359 - INFO - [2022EE] MISSING_CENTRAL: ZG3Mu/Central/jets/1/phi in Skim_TriLep_DYJets10to50.root
2026-01-12 13:50:39,359 - INFO - [2022EE] MISSING_CENTRAL: ZG3Mu/Central/jets/1/phi in Skim_TriLep_TTG_PTG10to100.root
2026-01-12 13:50:39,360 - INFO - [2022EE] MISSING_CENTRAL: ZG3Mu/Central/jets/1/phi in Skim_TriLep_TTG_PTG100to200.root
2026-01-12 13:50:39,360 - INFO - [2022EE] MISSING_CENTRAL: ZG3Mu/Central/jets/1/phi in Skim_TriLep_TTG_PTG200toInf.root
2026-01-16 19:05:30,170 - INFO - [2022EE] MISSING_CENTRAL: ZG3Mu/Central/jets/1/phi in Skim_TriLep_DYJets10to50.root
2026-01-16 19:05:30,170 - INFO - [2022EE] MISSING_CENTRAL: ZG3Mu/Central/jets/1/phi in Skim_TriLep_TTG_PTG10to100.root
2026-01-16 19:05:30,172 - INFO - [2022EE] MISSING_CENTRAL: ZG3Mu/Central/jets/1/phi in Skim_TriLep_TTG_PTG100to200.root
2026-01-16 19:05:30,173 - INFO - [2022EE] MISSING_CENTRAL: ZG3Mu/Central/jets/1/phi in Skim_TriLep_TTG_PTG200toInf.root
2026-01-16 19:05:35,290 - INFO - [2022EE] MISSING_CENTRAL: ZG3Mu/Central/jets/1/phi in Skim_TriLep_DYJets10to50.root
2026-01-16 19:05:35,290 - INFO - [2022EE] MISSING_CENTRAL: ZG3Mu/Central/jets/1/phi in Skim_TriLep_TTG_PTG10to100.root
2026-01-16 19:05:35,291 - INFO - [2022EE] MISSING_CENTRAL: ZG3Mu/Central/jets/1/phi in Skim_TriLep_TTG_PTG100to200.root
2026-01-16 19:05:35,291 - INFO - [2022EE] MISSING_CENTRAL: ZG3Mu/Central/jets/1/phi in Skim_TriLep_TTG_PTG200toInf.root
