2025-09-24 15:40:08,501 - INFO - [2016preVFP] MISSING_CENTRAL: ZFake3Mu/Central/bjets/size in Skim_TriLep_DYJets.root
2025-09-24 15:40:08,501 - INFO - [2016preVFP] MISSING_CENTRAL: ZFake3Mu/Central/bjets/size in Skim_TriLep_DYJets10to50.root
2025-10-02 21:06:49,098 - INFO - [2016preVFP] MISSING_CENTRAL: ZFake3Mu/Central/bjets/size in Skim_TriLep_DYJets.root
2025-10-02 21:06:49,103 - INFO - [2016preVFP] MISSING_CENTRAL: ZFake3Mu/Central/bjets/size in Skim_TriLep_DYJets10to50.root
2025-10-02 21:08:42,941 - INFO - [2016preVFP] MISSING_CENTRAL: ZFake3Mu/Central/bjets/size in Skim_TriLep_DYJets.root
2025-10-02 21:08:42,942 - INFO - [2016preVFP] MISSING_CENTRAL: ZFake3Mu/Central/bjets/size in Skim_TriLep_DYJets10to50.root
2025-10-02 23:53:37,082 - INFO - [2016preVFP] MISSING_CENTRAL: ZFake3Mu/Central/bjets/size in Skim_TriLep_DYJets.root
2025-10-02 23:53:37,082 - INFO - [2016preVFP] MISSING_CENTRAL: ZFake3Mu/Central/bjets/size in Skim_TriLep_DYJets10to50.root
2025-11-05 22:00:14,648 - INFO - [2016preVFP] MISSING_CENTRAL: ZFake3Mu/Central/bjets/size in Skim_TriLep_DYJets.root
2025-11-05 22:00:14,649 - INFO - [2016preVFP] MISSING_CENTRAL: ZFake3Mu/Central/bjets/size in Skim_TriLep_DYJets10to50.root
2025-11-05 22:15:59,715 - INFO - [2016preVFP] MISSING_CENTRAL: ZFake3Mu/Central/bjets/size in Skim_TriLep_DYJets.root
2025-11-05 22:15:59,723 - INFO - [2016preVFP] MISSING_CENTRAL: ZFake3Mu/Central/bjets/size in Skim_TriLep_DYJets10to50.root
2025-11-05 23:20:36,098 - INFO - [2016preVFP] MISSING_CENTRAL: ZFake3Mu/Central/bjets/size in Skim_TriLep_DYJets.root
2025-11-05 23:20:36,099 - INFO - [2016preVFP] MISSING_CENTRAL: ZFake3Mu/Central/bjets/size in Skim_TriLep_DYJets10to50.root
2025-11-07 12:23:51,753 - INFO - [2016preVFP] MISSING_CENTRAL: ZFake3Mu/Central/bjets/size in Skim_TriLep_DYJets.root
2025-11-07 12:23:51,753 - INFO - [2016preVFP] MISSING_CENTRAL: ZFake3Mu/Central/bjets/size in Skim_TriLep_DYJets10to50.root
2025-11-07 13:03:59,884 - INFO - [2016preVFP] MISSING_CENTRAL: ZFake3Mu/Central/bjets/size in Skim_TriLep_DYJets.root
2025-11-07 13:03:59,886 - INFO - [2016preVFP] MISSING_CENTRAL: ZFake3Mu/Central/bjets/size in Skim_TriLep_DYJets10to50.root
2025-11-07 13:24:21,618 - INFO - [2016preVFP] MISSING_CENTRAL: ZFake3Mu/Central/bjets/size in Skim_TriLep_DYJets.root
2025-11-07 13:24:21,618 - INFO - [2016preVFP] MISSING_CENTRAL: ZFake3Mu/Central/bjets/size in Skim_TriLep_DYJets10to50.root
2025-11-07 13:26:50,183 - INFO - [2016preVFP] MISSING_CENTRAL: ZFake3Mu/Central/bjets/size in Skim_TriLep_DYJets.root
2025-11-07 13:26:50,183 - INFO - [2016preVFP] MISSING_CENTRAL: ZFake3Mu/Central/bjets/size in Skim_TriLep_DYJets10to50.root
2025-11-07 13:43:13,542 - INFO - [2016preVFP] MISSING_CENTRAL: ZFake3Mu/Central/bjets/size in Skim_TriLep_DYJets.root
2025-11-07 13:43:13,543 - INFO - [2016preVFP] MISSING_CENTRAL: ZFake3Mu/Central/bjets/size in Skim_TriLep_DYJets10to50.root
2025-11-07 13:51:10,691 - INFO - [2016preVFP] MISSING_CENTRAL: ZFake3Mu/Central/bjets/size in Skim_TriLep_DYJets.root
2025-11-07 13:51:10,692 - INFO - [2016preVFP] MISSING_CENTRAL: ZFake3Mu/Central/bjets/size in Skim_TriLep_DYJets10to50.root
2025-11-07 13:59:36,200 - INFO - [2016preVFP] MISSING_CENTRAL: ZFake3Mu/Central/bjets/size in Skim_TriLep_DYJets.root
2025-11-07 13:59:36,201 - INFO - [2016preVFP] MISSING_CENTRAL: ZFake3Mu/Central/bjets/size in Skim_TriLep_DYJets10to50.root
2025-11-10 05:49:17,063 - INFO - [2016preVFP] MISSING_CENTRAL: ZFake3Mu/Central/bjets/size in Skim_TriLep_DYJets.root
2025-11-10 05:49:17,064 - INFO - [2016preVFP] MISSING_CENTRAL: ZFake3Mu/Central/bjets/size in Skim_TriLep_DYJets10to50.root
2025-11-10 12:14:34,281 - INFO - [2016preVFP] MISSING_CENTRAL: ZFake3Mu/Central/bjets/size in Skim_TriLep_DYJets.root
2025-11-10 12:14:34,281 - INFO - [2016preVFP] MISSING_CENTRAL: ZFake3Mu/Central/bjets/size in Skim_TriLep_DYJets10to50.root
2025-11-13 11:02:59,875 - INFO - [2016preVFP] MISSING_CENTRAL: ZFake3Mu/Central/bjets/size in Skim_TriLep_DYJets.root
2025-11-13 11:02:59,892 - INFO - [2016preVFP] MISSING_CENTRAL: ZFake3Mu/Central/bjets/size in Skim_TriLep_DYJets10to50.root
2025-11-19 16:07:52,115 - INFO - [2016preVFP] MISSING_CENTRAL: ZFake3Mu/Central/bjets/size in Skim_TriLep_DYJets.root
2025-11-19 16:07:52,116 - INFO - [2016preVFP] MISSING_CENTRAL: ZFake3Mu/Central/bjets/size in Skim_TriLep_DYJets10to50.root
2025-11-19 16:16:55,194 - INFO - [2016preVFP] MISSING_CENTRAL: ZFake3Mu/Central/bjets/size in Skim_TriLep_DYJets.root
2025-11-19 16:16:55,195 - INFO - [2016preVFP] MISSING_CENTRAL: ZFake3Mu/Central/bjets/size in Skim_TriLep_DYJets10to50.root
2025-12-17 22:30:10,500 - INFO - [2016preVFP] MISSING_CENTRAL: ZFake3Mu/Central/bjets/size in Skim_TriLep_DYJets.root
2025-12-17 22:30:10,510 - INFO - [2016preVFP] MISSING_CENTRAL: ZFake3Mu/Central/bjets/size in Skim_TriLep_DYJets10to50.root
2025-12-17 22:30:10,511 - INFO - [2016preVFP] MISSING_FILE: /data9/Users/choij/Sync/workspace/ChargedHiggsAnalysisV3/SKNanoOutput/PromptSelector/Run3Mu_RunSyst/2016preVFP/Skim_TriLep_ZGToLLG.root
2025-12-18 14:08:59,245 - INFO - [2016preVFP] MISSING_CENTRAL: ZFake3Mu/Central/bjets/size in Skim_TriLep_DYJets.root
2025-12-18 14:08:59,247 - INFO - [2016preVFP] MISSING_CENTRAL: ZFake3Mu/Central/bjets/size in Skim_TriLep_DYJets10to50.root
2025-12-18 14:08:59,247 - INFO - [2016preVFP] MISSING_FILE: /data9/Users/choij/Sync/workspace/ChargedHiggsAnalysisV3/SKNanoOutput/PromptSelector/Run3Mu_RunSyst/2016preVFP/Skim_TriLep_ZGToLLG.root
2025-12-18 14:13:04,811 - INFO - [2016preVFP] MISSING_CENTRAL: ZFake3Mu/Central/bjets/size in Skim_TriLep_DYJets.root
2025-12-18 14:13:04,816 - INFO - [2016preVFP] MISSING_CENTRAL: ZFake3Mu/Central/bjets/size in Skim_TriLep_DYJets10to50.root
2025-12-18 14:13:04,816 - INFO - [2016preVFP] MISSING_FILE: /data9/Users/choij/Sync/workspace/ChargedHiggsAnalysisV3/SKNanoOutput/PromptSelector/Run3Mu_RunSyst/2016preVFP/Skim_TriLep_ZGToLLG.root
2025-12-18 14:28:36,534 - INFO - [2016preVFP] MISSING_CENTRAL: ZFake3Mu/Central/bjets/size in Skim_TriLep_DYJets.root
2025-12-18 14:28:36,535 - INFO - [2016preVFP] MISSING_CENTRAL: ZFake3Mu/Central/bjets/size in Skim_TriLep_DYJets10to50.root
2025-12-18 14:28:36,535 - INFO - [2016preVFP] MISSING_FILE: /data9/Users/choij/Sync/workspace/ChargedHiggsAnalysisV3/SKNanoOutput/PromptSelector/Run3Mu_RunSyst/2016preVFP/Skim_TriLep_ZGToLLG.root
2026-01-07 11:38:53,826 - INFO - [2016preVFP] MISSING_CENTRAL: ZFake3Mu/Central/bjets/size in Skim_TriLep_DYJets.root
2026-01-07 11:38:53,828 - INFO - [2016preVFP] MISSING_CENTRAL: ZFake3Mu/Central/bjets/size in Skim_TriLep_DYJets10to50.root
2026-01-07 11:38:53,828 - INFO - [2016preVFP] MISSING_FILE: /data9/Users/choij/Sync/workspace/ChargedHiggsAnalysisV3/SKNanoOutput/PromptSelector/Run3Mu_RunSyst/2016preVFP/Skim_TriLep_ZGToLLG.root
2026-01-07 18:36:22,838 - INFO - [2016preVFP] MISSING_CENTRAL: ZFake3Mu/Central/bjets/size in Skim_TriLep_DYJets.root
2026-01-07 18:36:22,840 - INFO - [2016preVFP] MISSING_CENTRAL: ZFake3Mu/Central/bjets/size in Skim_TriLep_DYJets10to50.root
2026-01-07 18:36:22,840 - INFO - [2016preVFP] MISSING_FILE: /data9/Users/choij/Sync/workspace/ChargedHiggsAnalysisV3/SKNanoOutput/PromptSelector/Run3Mu_RunSyst/2016preVFP/Skim_TriLep_ZGToLLG.root
2026-01-09 12:09:28,130 - INFO - [2016preVFP] MISSING_CENTRAL: ZFake3Mu/Central/bjets/size in Skim_TriLep_DYJets.root
2026-01-09 12:09:28,131 - INFO - [2016preVFP] MISSING_CENTRAL: ZFake3Mu/Central/bjets/size in Skim_TriLep_DYJets10to50.root
2026-01-09 12:09:28,131 - INFO - [2016preVFP] MISSING_FILE: /home/choij/Sync/workspace/ChargedHiggsAnalysisV3/SKNanoOutput/PromptSelector/Run3Mu_RunSyst/2016preVFP/Skim_TriLep_ZGToLLG.root
2026-01-11 09:29:32,206 - INFO - [2016preVFP] MISSING_CENTRAL: ZFake3Mu/Central/bjets/size in Skim_TriLep_DYJets.root
2026-01-11 09:29:32,207 - INFO - [2016preVFP] MISSING_CENTRAL: ZFake3Mu/Central/bjets/size in Skim_TriLep_DYJets10to50.root
2026-01-11 09:29:32,207 - INFO - [2016preVFP] MISSING_FILE: /home/choij/Sync/workspace/ChargedHiggsAnalysisV3/SKNanoOutput/PromptSelector/Run3Mu_RunSyst/2016preVFP/Skim_TriLep_ZGToLLG.root
2026-01-12 13:38:01,965 - INFO - [2016preVFP] MISSING_FILE: /home/choij/Sync/workspace/ChargedHiggsAnalysisV3/SKNanoOutput/MatrixSelector/Run3Mu/2016preVFP/Skim_TriLep_DoubleMuon_B.root
2026-01-12 13:38:01,966 - INFO - [2016preVFP] MISSING_FILE: /home/choij/Sync/workspace/ChargedHiggsAnalysisV3/SKNanoOutput/MatrixSelector/Run3Mu/2016preVFP/Skim_TriLep_DoubleMuon_C.root
2026-01-12 13:38:01,966 - INFO - [2016preVFP] MISSING_FILE: /home/choij/Sync/workspace/ChargedHiggsAnalysisV3/SKNanoOutput/MatrixSelector/Run3Mu/2016preVFP/Skim_TriLep_DoubleMuon_D.root
2026-01-12 13:38:01,966 - INFO - [2016preVFP] MISSING_FILE: /home/choij/Sync/workspace/ChargedHiggsAnalysisV3/SKNanoOutput/MatrixSelector/Run3Mu/2016preVFP/Skim_TriLep_DoubleMuon_E.root
2026-01-12 13:38:01,966 - INFO - [2016preVFP] MISSING_FILE: /home/choij/Sync/workspace/ChargedHiggsAnalysisV3/SKNanoOutput/MatrixSelector/Run3Mu/2016preVFP/Skim_TriLep_DoubleMuon_F.root
2026-01-12 13:38:01,967 - INFO - [2016preVFP] MISSING_CENTRAL: ZFake3Mu/Central/bjets/size in Skim_TriLep_DYJets.root
2026-01-12 13:38:01,967 - INFO - [2016preVFP] MISSING_CENTRAL: ZFake3Mu/Central/bjets/size in Skim_TriLep_DYJets10to50.root
2026-01-12 13:38:01,967 - INFO - [2016preVFP] MISSING_FILE: /home/choij/Sync/workspace/ChargedHiggsAnalysisV3/SKNanoOutput/PromptSelector/Run3Mu_RunSyst/2016preVFP/Skim_TriLep_ZGToLLG.root
2026-01-16 18:53:32,314 - INFO - [2016preVFP] MISSING_CENTRAL: ZFake3Mu/Central/bjets/size in Skim_TriLep_DYJets.root
2026-01-16 18:53:32,314 - INFO - [2016preVFP] MISSING_CENTRAL: ZFake3Mu/Central/bjets/size in Skim_TriLep_DYJets10to50.root
2026-01-16 18:53:32,315 - INFO - [2016preVFP] MISSING_FILE: /home/choij/Sync/workspace/ChargedHiggsAnalysisV3/SKNanoOutput/PromptSelector/Run3Mu_RunSyst/2016preVFP/Skim_TriLep_ZGToLLG.root
2026-01-19 22:05:59,377 - INFO - [2016preVFP] MISSING_CENTRAL: ZFake3Mu/Central/bjets/size in Skim_TriLep_DYJets.root
2026-01-19 22:05:59,378 - INFO - [2016preVFP] MISSING_CENTRAL: ZFake3Mu/Central/bjets/size in Skim_TriLep_DYJets10to50.root
2026-01-19 22:05:59,378 - INFO - [2016preVFP] MISSING_FILE: /home/choij/Sync/workspace/ChargedHiggsAnalysisV3/SKNanoOutput/PromptSelector/Run3Mu_RunSyst/2016preVFP/Skim_TriLep_ZGToLLG.root
