2025-09-24 15:40:11,559 - INFO - [2016preVFP] MISSING_CENTRAL: ZFake3Mu/Central/jets/1/pz in Skim_TriLep_DYJets.root
2025-09-24 15:40:11,560 - INFO - [2016preVFP] MISSING_CENTRAL: ZFake3Mu/Central/jets/1/pz in Skim_TriLep_DYJets10to50.root
2025-10-02 21:06:48,706 - INFO - [2016preVFP] MISSING_CENTRAL: ZFake3Mu/Central/jets/1/pz in Skim_TriLep_DYJets.root
2025-10-02 21:06:48,713 - INFO - [2016preVFP] MISSING_CENTRAL: ZFake3Mu/Central/jets/1/pz in Skim_TriLep_DYJets10to50.root
2025-10-02 21:08:43,145 - INFO - [2016preVFP] MISSING_CENTRAL: ZFake3Mu/Central/jets/1/pz in Skim_TriLep_DYJets.root
2025-10-02 21:08:43,147 - INFO - [2016preVFP] MISSING_CENTRAL: ZFake3Mu/Central/jets/1/pz in Skim_TriLep_DYJets10to50.root
2025-10-02 23:53:39,537 - INFO - [2016preVFP] MISSING_CENTRAL: ZFake3Mu/Central/jets/1/pz in Skim_TriLep_DYJets.root
2025-10-02 23:53:39,538 - INFO - [2016preVFP] MISSING_CENTRAL: ZFake3Mu/Central/jets/1/pz in Skim_TriLep_DYJets10to50.root
2025-11-05 22:00:15,421 - INFO - [2016preVFP] MISSING_CENTRAL: ZFake3Mu/Central/jets/1/pz in Skim_TriLep_DYJets.root
2025-11-05 22:00:15,422 - INFO - [2016preVFP] MISSING_CENTRAL: ZFake3Mu/Central/jets/1/pz in Skim_TriLep_DYJets10to50.root
2025-11-05 22:16:00,120 - INFO - [2016preVFP] MISSING_CENTRAL: ZFake3Mu/Central/jets/1/pz in Skim_TriLep_DYJets.root
2025-11-05 22:16:00,121 - INFO - [2016preVFP] MISSING_CENTRAL: ZFake3Mu/Central/jets/1/pz in Skim_TriLep_DYJets10to50.root
2025-11-05 23:20:36,353 - INFO - [2016preVFP] MISSING_CENTRAL: ZFake3Mu/Central/jets/1/pz in Skim_TriLep_DYJets.root
2025-11-05 23:20:36,354 - INFO - [2016preVFP] MISSING_CENTRAL: ZFake3Mu/Central/jets/1/pz in Skim_TriLep_DYJets10to50.root
2025-11-07 12:23:51,780 - INFO - [2016preVFP] MISSING_CENTRAL: ZFake3Mu/Central/jets/1/pz in Skim_TriLep_DYJets.root
2025-11-07 12:23:51,781 - INFO - [2016preVFP] MISSING_CENTRAL: ZFake3Mu/Central/jets/1/pz in Skim_TriLep_DYJets10to50.root
2025-11-07 13:03:59,913 - INFO - [2016preVFP] MISSING_CENTRAL: ZFake3Mu/Central/jets/1/pz in Skim_TriLep_DYJets.root
2025-11-07 13:03:59,914 - INFO - [2016preVFP] MISSING_CENTRAL: ZFake3Mu/Central/jets/1/pz in Skim_TriLep_DYJets10to50.root
2025-11-07 13:24:21,621 - INFO - [2016preVFP] MISSING_CENTRAL: ZFake3Mu/Central/jets/1/pz in Skim_TriLep_DYJets.root
2025-11-07 13:24:21,621 - INFO - [2016preVFP] MISSING_CENTRAL: ZFake3Mu/Central/jets/1/pz in Skim_TriLep_DYJets10to50.root
2025-11-07 13:26:50,301 - INFO - [2016preVFP] MISSING_CENTRAL: ZFake3Mu/Central/jets/1/pz in Skim_TriLep_DYJets.root
2025-11-07 13:26:50,301 - INFO - [2016preVFP] MISSING_CENTRAL: ZFake3Mu/Central/jets/1/pz in Skim_TriLep_DYJets10to50.root
2025-11-07 13:43:13,737 - INFO - [2016preVFP] MISSING_CENTRAL: ZFake3Mu/Central/jets/1/pz in Skim_TriLep_DYJets.root
2025-11-07 13:43:13,738 - INFO - [2016preVFP] MISSING_CENTRAL: ZFake3Mu/Central/jets/1/pz in Skim_TriLep_DYJets10to50.root
2025-11-07 13:51:10,785 - INFO - [2016preVFP] MISSING_CENTRAL: ZFake3Mu/Central/jets/1/pz in Skim_TriLep_DYJets.root
2025-11-07 13:51:10,786 - INFO - [2016preVFP] MISSING_CENTRAL: ZFake3Mu/Central/jets/1/pz in Skim_TriLep_DYJets10to50.root
2025-11-07 13:59:36,306 - INFO - [2016preVFP] MISSING_CENTRAL: ZFake3Mu/Central/jets/1/pz in Skim_TriLep_DYJets.root
2025-11-07 13:59:36,306 - INFO - [2016preVFP] MISSING_CENTRAL: ZFake3Mu/Central/jets/1/pz in Skim_TriLep_DYJets10to50.root
2025-11-10 05:49:18,106 - INFO - [2016preVFP] MISSING_CENTRAL: ZFake3Mu/Central/jets/1/pz in Skim_TriLep_DYJets.root
2025-11-10 05:49:18,107 - INFO - [2016preVFP] MISSING_CENTRAL: ZFake3Mu/Central/jets/1/pz in Skim_TriLep_DYJets10to50.root
2025-11-10 12:14:34,263 - INFO - [2016preVFP] MISSING_CENTRAL: ZFake3Mu/Central/jets/1/pz in Skim_TriLep_DYJets.root
2025-11-10 12:14:34,264 - INFO - [2016preVFP] MISSING_CENTRAL: ZFake3Mu/Central/jets/1/pz in Skim_TriLep_DYJets10to50.root
2025-11-13 11:02:59,874 - INFO - [2016preVFP] MISSING_CENTRAL: ZFake3Mu/Central/jets/1/pz in Skim_TriLep_DYJets.root
2025-11-13 11:02:59,892 - INFO - [2016preVFP] MISSING_CENTRAL: ZFake3Mu/Central/jets/1/pz in Skim_TriLep_DYJets10to50.root
2025-11-19 16:07:52,517 - INFO - [2016preVFP] MISSING_CENTRAL: ZFake3Mu/Central/jets/1/pz in Skim_TriLep_DYJets.root
2025-11-19 16:07:52,518 - INFO - [2016preVFP] MISSING_CENTRAL: ZFake3Mu/Central/jets/1/pz in Skim_TriLep_DYJets10to50.root
2025-11-19 16:16:55,362 - INFO - [2016preVFP] MISSING_CENTRAL: ZFake3Mu/Central/jets/1/pz in Skim_TriLep_DYJets.root
2025-11-19 16:16:55,362 - INFO - [2016preVFP] MISSING_CENTRAL: ZFake3Mu/Central/jets/1/pz in Skim_TriLep_DYJets10to50.root
2025-12-17 22:30:10,778 - INFO - [2016preVFP] MISSING_CENTRAL: ZFake3Mu/Central/jets/1/pz in Skim_TriLep_DYJets.root
2025-12-17 22:30:10,778 - INFO - [2016preVFP] MISSING_CENTRAL: ZFake3Mu/Central/jets/1/pz in Skim_TriLep_DYJets10to50.root
2025-12-17 22:30:10,779 - INFO - [2016preVFP] MISSING_FILE: /data9/Users/choij/Sync/workspace/ChargedHiggsAnalysisV3/SKNanoOutput/PromptSelector/Run3Mu_RunSyst/2016preVFP/Skim_TriLep_ZGToLLG.root
2025-12-18 14:08:59,712 - INFO - [2016preVFP] MISSING_CENTRAL: ZFake3Mu/Central/jets/1/pz in Skim_TriLep_DYJets.root
2025-12-18 14:08:59,714 - INFO - [2016preVFP] MISSING_CENTRAL: ZFake3Mu/Central/jets/1/pz in Skim_TriLep_DYJets10to50.root
2025-12-18 14:08:59,722 - INFO - [2016preVFP] MISSING_FILE: /data9/Users/choij/Sync/workspace/ChargedHiggsAnalysisV3/SKNanoOutput/PromptSelector/Run3Mu_RunSyst/2016preVFP/Skim_TriLep_ZGToLLG.root
2025-12-18 14:13:05,644 - INFO - [2016preVFP] MISSING_CENTRAL: ZFake3Mu/Central/jets/1/pz in Skim_TriLep_DYJets.root
2025-12-18 14:13:05,645 - INFO - [2016preVFP] MISSING_CENTRAL: ZFake3Mu/Central/jets/1/pz in Skim_TriLep_DYJets10to50.root
2025-12-18 14:13:05,646 - INFO - [2016preVFP] MISSING_FILE: /data9/Users/choij/Sync/workspace/ChargedHiggsAnalysisV3/SKNanoOutput/PromptSelector/Run3Mu_RunSyst/2016preVFP/Skim_TriLep_ZGToLLG.root
2025-12-18 14:28:36,368 - INFO - [2016preVFP] MISSING_CENTRAL: ZFake3Mu/Central/jets/1/pz in Skim_TriLep_DYJets.root
2025-12-18 14:28:36,369 - INFO - [2016preVFP] MISSING_CENTRAL: ZFake3Mu/Central/jets/1/pz in Skim_TriLep_DYJets10to50.root
2025-12-18 14:28:36,369 - INFO - [2016preVFP] MISSING_FILE: /data9/Users/choij/Sync/workspace/ChargedHiggsAnalysisV3/SKNanoOutput/PromptSelector/Run3Mu_RunSyst/2016preVFP/Skim_TriLep_ZGToLLG.root
2026-01-07 11:38:53,734 - INFO - [2016preVFP] MISSING_CENTRAL: ZFake3Mu/Central/jets/1/pz in Skim_TriLep_DYJets.root
2026-01-07 11:38:53,749 - INFO - [2016preVFP] MISSING_CENTRAL: ZFake3Mu/Central/jets/1/pz in Skim_TriLep_DYJets10to50.root
2026-01-07 11:38:53,787 - INFO - [2016preVFP] MISSING_FILE: /data9/Users/choij/Sync/workspace/ChargedHiggsAnalysisV3/SKNanoOutput/PromptSelector/Run3Mu_RunSyst/2016preVFP/Skim_TriLep_ZGToLLG.root
2026-01-07 18:36:22,793 - INFO - [2016preVFP] MISSING_CENTRAL: ZFake3Mu/Central/jets/1/pz in Skim_TriLep_DYJets.root
2026-01-07 18:36:22,794 - INFO - [2016preVFP] MISSING_CENTRAL: ZFake3Mu/Central/jets/1/pz in Skim_TriLep_DYJets10to50.root
2026-01-07 18:36:22,795 - INFO - [2016preVFP] MISSING_FILE: /data9/Users/choij/Sync/workspace/ChargedHiggsAnalysisV3/SKNanoOutput/PromptSelector/Run3Mu_RunSyst/2016preVFP/Skim_TriLep_ZGToLLG.root
2026-01-09 12:09:27,979 - INFO - [2016preVFP] MISSING_CENTRAL: ZFake3Mu/Central/jets/1/pz in Skim_TriLep_DYJets.root
2026-01-09 12:09:27,982 - INFO - [2016preVFP] MISSING_CENTRAL: ZFake3Mu/Central/jets/1/pz in Skim_TriLep_DYJets10to50.root
2026-01-09 12:09:27,982 - INFO - [2016preVFP] MISSING_FILE: /home/choij/Sync/workspace/ChargedHiggsAnalysisV3/SKNanoOutput/PromptSelector/Run3Mu_RunSyst/2016preVFP/Skim_TriLep_ZGToLLG.root
2026-01-11 09:29:32,247 - INFO - [2016preVFP] MISSING_CENTRAL: ZFake3Mu/Central/jets/1/pz in Skim_TriLep_DYJets.root
2026-01-11 09:29:32,248 - INFO - [2016preVFP] MISSING_CENTRAL: ZFake3Mu/Central/jets/1/pz in Skim_TriLep_DYJets10to50.root
2026-01-11 09:29:32,248 - INFO - [2016preVFP] MISSING_FILE: /home/choij/Sync/workspace/ChargedHiggsAnalysisV3/SKNanoOutput/PromptSelector/Run3Mu_RunSyst/2016preVFP/Skim_TriLep_ZGToLLG.root
2026-01-12 13:38:02,027 - INFO - [2016preVFP] MISSING_FILE: /home/choij/Sync/workspace/ChargedHiggsAnalysisV3/SKNanoOutput/MatrixSelector/Run3Mu/2016preVFP/Skim_TriLep_DoubleMuon_B.root
2026-01-12 13:38:02,030 - INFO - [2016preVFP] MISSING_FILE: /home/choij/Sync/workspace/ChargedHiggsAnalysisV3/SKNanoOutput/MatrixSelector/Run3Mu/2016preVFP/Skim_TriLep_DoubleMuon_C.root
2026-01-12 13:38:02,030 - INFO - [2016preVFP] MISSING_FILE: /home/choij/Sync/workspace/ChargedHiggsAnalysisV3/SKNanoOutput/MatrixSelector/Run3Mu/2016preVFP/Skim_TriLep_DoubleMuon_D.root
2026-01-12 13:38:02,030 - INFO - [2016preVFP] MISSING_FILE: /home/choij/Sync/workspace/ChargedHiggsAnalysisV3/SKNanoOutput/MatrixSelector/Run3Mu/2016preVFP/Skim_TriLep_DoubleMuon_E.root
2026-01-12 13:38:02,030 - INFO - [2016preVFP] MISSING_FILE: /home/choij/Sync/workspace/ChargedHiggsAnalysisV3/SKNanoOutput/MatrixSelector/Run3Mu/2016preVFP/Skim_TriLep_DoubleMuon_F.root
2026-01-12 13:38:02,031 - INFO - [2016preVFP] MISSING_CENTRAL: ZFake3Mu/Central/jets/1/pz in Skim_TriLep_DYJets.root
2026-01-12 13:38:02,032 - INFO - [2016preVFP] MISSING_CENTRAL: ZFake3Mu/Central/jets/1/pz in Skim_TriLep_DYJets10to50.root
2026-01-12 13:38:02,032 - INFO - [2016preVFP] MISSING_FILE: /home/choij/Sync/workspace/ChargedHiggsAnalysisV3/SKNanoOutput/PromptSelector/Run3Mu_RunSyst/2016preVFP/Skim_TriLep_ZGToLLG.root
