2025-09-24 15:40:15,004 - INFO - [2016preVFP] MISSING_CENTRAL: ZFake3Mu/Central/jets/2/py in Skim_TriLep_DYJets.root
2025-09-24 15:40:15,004 - INFO - [2016preVFP] MISSING_CENTRAL: ZFake3Mu/Central/jets/2/py in Skim_TriLep_DYJets10to50.root
2025-10-02 21:06:49,657 - INFO - [2016preVFP] MISSING_CENTRAL: ZFake3Mu/Central/jets/2/py in Skim_TriLep_DYJets.root
2025-10-02 21:06:49,658 - INFO - [2016preVFP] MISSING_CENTRAL: ZFake3Mu/Central/jets/2/py in Skim_TriLep_DYJets10to50.root
2025-10-02 21:08:43,039 - INFO - [2016preVFP] MISSING_CENTRAL: ZFake3Mu/Central/jets/2/py in Skim_TriLep_DYJets.root
2025-10-02 21:08:43,040 - INFO - [2016preVFP] MISSING_CENTRAL: ZFake3Mu/Central/jets/2/py in Skim_TriLep_DYJets10to50.root
2025-10-02 23:53:42,700 - INFO - [2016preVFP] MISSING_CENTRAL: ZFake3Mu/Central/jets/2/py in Skim_TriLep_DYJets.root
2025-10-02 23:53:42,701 - INFO - [2016preVFP] MISSING_CENTRAL: ZFake3Mu/Central/jets/2/py in Skim_TriLep_DYJets10to50.root
2025-11-05 22:00:15,739 - INFO - [2016preVFP] MISSING_CENTRAL: ZFake3Mu/Central/jets/2/py in Skim_TriLep_DYJets.root
2025-11-05 22:00:15,740 - INFO - [2016preVFP] MISSING_CENTRAL: ZFake3Mu/Central/jets/2/py in Skim_TriLep_DYJets10to50.root
2025-11-05 22:16:00,470 - INFO - [2016preVFP] MISSING_CENTRAL: ZFake3Mu/Central/jets/2/py in Skim_TriLep_DYJets.root
2025-11-05 22:16:00,470 - INFO - [2016preVFP] MISSING_CENTRAL: ZFake3Mu/Central/jets/2/py in Skim_TriLep_DYJets10to50.root
2025-11-05 23:20:36,494 - INFO - [2016preVFP] MISSING_CENTRAL: ZFake3Mu/Central/jets/2/py in Skim_TriLep_DYJets.root
2025-11-05 23:20:36,495 - INFO - [2016preVFP] MISSING_CENTRAL: ZFake3Mu/Central/jets/2/py in Skim_TriLep_DYJets10to50.root
2025-11-07 12:23:51,883 - INFO - [2016preVFP] MISSING_CENTRAL: ZFake3Mu/Central/jets/2/py in Skim_TriLep_DYJets.root
2025-11-07 12:23:51,883 - INFO - [2016preVFP] MISSING_CENTRAL: ZFake3Mu/Central/jets/2/py in Skim_TriLep_DYJets10to50.root
2025-11-07 13:04:00,099 - INFO - [2016preVFP] MISSING_CENTRAL: ZFake3Mu/Central/jets/2/py in Skim_TriLep_DYJets.root
2025-11-07 13:04:00,100 - INFO - [2016preVFP] MISSING_CENTRAL: ZFake3Mu/Central/jets/2/py in Skim_TriLep_DYJets10to50.root
2025-11-07 13:24:21,940 - INFO - [2016preVFP] MISSING_CENTRAL: ZFake3Mu/Central/jets/2/py in Skim_TriLep_DYJets.root
2025-11-07 13:24:21,941 - INFO - [2016preVFP] MISSING_CENTRAL: ZFake3Mu/Central/jets/2/py in Skim_TriLep_DYJets10to50.root
2025-11-07 13:26:50,466 - INFO - [2016preVFP] MISSING_CENTRAL: ZFake3Mu/Central/jets/2/py in Skim_TriLep_DYJets.root
2025-11-07 13:26:50,467 - INFO - [2016preVFP] MISSING_CENTRAL: ZFake3Mu/Central/jets/2/py in Skim_TriLep_DYJets10to50.root
2025-11-07 13:43:13,818 - INFO - [2016preVFP] MISSING_CENTRAL: ZFake3Mu/Central/jets/2/py in Skim_TriLep_DYJets.root
2025-11-07 13:43:13,819 - INFO - [2016preVFP] MISSING_CENTRAL: ZFake3Mu/Central/jets/2/py in Skim_TriLep_DYJets10to50.root
2025-11-07 13:51:10,855 - INFO - [2016preVFP] MISSING_CENTRAL: ZFake3Mu/Central/jets/2/py in Skim_TriLep_DYJets.root
2025-11-07 13:51:10,855 - INFO - [2016preVFP] MISSING_CENTRAL: ZFake3Mu/Central/jets/2/py in Skim_TriLep_DYJets10to50.root
2025-11-07 13:59:36,476 - INFO - [2016preVFP] MISSING_CENTRAL: ZFake3Mu/Central/jets/2/py in Skim_TriLep_DYJets.root
2025-11-07 13:59:36,476 - INFO - [2016preVFP] MISSING_CENTRAL: ZFake3Mu/Central/jets/2/py in Skim_TriLep_DYJets10to50.root
2025-11-10 05:49:18,706 - INFO - [2016preVFP] MISSING_CENTRAL: ZFake3Mu/Central/jets/2/py in Skim_TriLep_DYJets.root
2025-11-10 05:49:18,707 - INFO - [2016preVFP] MISSING_CENTRAL: ZFake3Mu/Central/jets/2/py in Skim_TriLep_DYJets10to50.root
2025-11-10 12:14:34,108 - INFO - [2016preVFP] MISSING_CENTRAL: ZFake3Mu/Central/jets/2/py in Skim_TriLep_DYJets.root
2025-11-10 12:14:34,109 - INFO - [2016preVFP] MISSING_CENTRAL: ZFake3Mu/Central/jets/2/py in Skim_TriLep_DYJets10to50.root
2025-11-13 11:02:59,875 - INFO - [2016preVFP] MISSING_CENTRAL: ZFake3Mu/Central/jets/2/py in Skim_TriLep_DYJets.root
2025-11-13 11:02:59,892 - INFO - [2016preVFP] MISSING_CENTRAL: ZFake3Mu/Central/jets/2/py in Skim_TriLep_DYJets10to50.root
2025-11-19 16:07:52,587 - INFO - [2016preVFP] MISSING_CENTRAL: ZFake3Mu/Central/jets/2/py in Skim_TriLep_DYJets.root
2025-11-19 16:07:52,588 - INFO - [2016preVFP] MISSING_CENTRAL: ZFake3Mu/Central/jets/2/py in Skim_TriLep_DYJets10to50.root
2025-11-19 16:16:55,373 - INFO - [2016preVFP] MISSING_CENTRAL: ZFake3Mu/Central/jets/2/py in Skim_TriLep_DYJets.root
2025-11-19 16:16:55,374 - INFO - [2016preVFP] MISSING_CENTRAL: ZFake3Mu/Central/jets/2/py in Skim_TriLep_DYJets10to50.root
2025-12-17 22:30:10,834 - INFO - [2016preVFP] MISSING_CENTRAL: ZFake3Mu/Central/jets/2/py in Skim_TriLep_DYJets.root
2025-12-17 22:30:10,834 - INFO - [2016preVFP] MISSING_CENTRAL: ZFake3Mu/Central/jets/2/py in Skim_TriLep_DYJets10to50.root
2025-12-17 22:30:10,835 - INFO - [2016preVFP] MISSING_FILE: /data9/Users/choij/Sync/workspace/ChargedHiggsAnalysisV3/SKNanoOutput/PromptSelector/Run3Mu_RunSyst/2016preVFP/Skim_TriLep_ZGToLLG.root
2025-12-18 14:08:59,894 - INFO - [2016preVFP] MISSING_CENTRAL: ZFake3Mu/Central/jets/2/py in Skim_TriLep_DYJets.root
2025-12-18 14:08:59,899 - INFO - [2016preVFP] MISSING_CENTRAL: ZFake3Mu/Central/jets/2/py in Skim_TriLep_DYJets10to50.root
2025-12-18 14:08:59,902 - INFO - [2016preVFP] MISSING_FILE: /data9/Users/choij/Sync/workspace/ChargedHiggsAnalysisV3/SKNanoOutput/PromptSelector/Run3Mu_RunSyst/2016preVFP/Skim_TriLep_ZGToLLG.root
2025-12-18 14:13:04,849 - INFO - [2016preVFP] MISSING_CENTRAL: ZFake3Mu/Central/jets/2/py in Skim_TriLep_DYJets.root
2025-12-18 14:13:04,854 - INFO - [2016preVFP] MISSING_CENTRAL: ZFake3Mu/Central/jets/2/py in Skim_TriLep_DYJets10to50.root
2025-12-18 14:13:04,854 - INFO - [2016preVFP] MISSING_FILE: /data9/Users/choij/Sync/workspace/ChargedHiggsAnalysisV3/SKNanoOutput/PromptSelector/Run3Mu_RunSyst/2016preVFP/Skim_TriLep_ZGToLLG.root
2025-12-18 14:28:36,645 - INFO - [2016preVFP] MISSING_CENTRAL: ZFake3Mu/Central/jets/2/py in Skim_TriLep_DYJets.root
2025-12-18 14:28:36,650 - INFO - [2016preVFP] MISSING_CENTRAL: ZFake3Mu/Central/jets/2/py in Skim_TriLep_DYJets10to50.root
2025-12-18 14:28:36,650 - INFO - [2016preVFP] MISSING_FILE: /data9/Users/choij/Sync/workspace/ChargedHiggsAnalysisV3/SKNanoOutput/PromptSelector/Run3Mu_RunSyst/2016preVFP/Skim_TriLep_ZGToLLG.root
2026-01-07 11:38:53,738 - INFO - [2016preVFP] MISSING_CENTRAL: ZFake3Mu/Central/jets/2/py in Skim_TriLep_DYJets.root
2026-01-07 11:38:53,750 - INFO - [2016preVFP] MISSING_CENTRAL: ZFake3Mu/Central/jets/2/py in Skim_TriLep_DYJets10to50.root
2026-01-07 11:38:53,788 - INFO - [2016preVFP] MISSING_FILE: /data9/Users/choij/Sync/workspace/ChargedHiggsAnalysisV3/SKNanoOutput/PromptSelector/Run3Mu_RunSyst/2016preVFP/Skim_TriLep_ZGToLLG.root
2026-01-07 18:36:22,903 - INFO - [2016preVFP] MISSING_CENTRAL: ZFake3Mu/Central/jets/2/py in Skim_TriLep_DYJets.root
2026-01-07 18:36:22,904 - INFO - [2016preVFP] MISSING_CENTRAL: ZFake3Mu/Central/jets/2/py in Skim_TriLep_DYJets10to50.root
2026-01-07 18:36:22,904 - INFO - [2016preVFP] MISSING_FILE: /data9/Users/choij/Sync/workspace/ChargedHiggsAnalysisV3/SKNanoOutput/PromptSelector/Run3Mu_RunSyst/2016preVFP/Skim_TriLep_ZGToLLG.root
2026-01-09 12:09:28,166 - INFO - [2016preVFP] MISSING_CENTRAL: ZFake3Mu/Central/jets/2/py in Skim_TriLep_DYJets.root
2026-01-09 12:09:28,166 - INFO - [2016preVFP] MISSING_CENTRAL: ZFake3Mu/Central/jets/2/py in Skim_TriLep_DYJets10to50.root
2026-01-09 12:09:28,166 - INFO - [2016preVFP] MISSING_FILE: /home/choij/Sync/workspace/ChargedHiggsAnalysisV3/SKNanoOutput/PromptSelector/Run3Mu_RunSyst/2016preVFP/Skim_TriLep_ZGToLLG.root
2026-01-11 09:29:32,332 - INFO - [2016preVFP] MISSING_CENTRAL: ZFake3Mu/Central/jets/2/py in Skim_TriLep_DYJets.root
2026-01-11 09:29:32,333 - INFO - [2016preVFP] MISSING_CENTRAL: ZFake3Mu/Central/jets/2/py in Skim_TriLep_DYJets10to50.root
2026-01-11 09:29:32,333 - INFO - [2016preVFP] MISSING_FILE: /home/choij/Sync/workspace/ChargedHiggsAnalysisV3/SKNanoOutput/PromptSelector/Run3Mu_RunSyst/2016preVFP/Skim_TriLep_ZGToLLG.root
2026-01-12 13:38:02,196 - INFO - [2016preVFP] MISSING_FILE: /home/choij/Sync/workspace/ChargedHiggsAnalysisV3/SKNanoOutput/MatrixSelector/Run3Mu/2016preVFP/Skim_TriLep_DoubleMuon_B.root
2026-01-12 13:38:02,197 - INFO - [2016preVFP] MISSING_FILE: /home/choij/Sync/workspace/ChargedHiggsAnalysisV3/SKNanoOutput/MatrixSelector/Run3Mu/2016preVFP/Skim_TriLep_DoubleMuon_C.root
2026-01-12 13:38:02,197 - INFO - [2016preVFP] MISSING_FILE: /home/choij/Sync/workspace/ChargedHiggsAnalysisV3/SKNanoOutput/MatrixSelector/Run3Mu/2016preVFP/Skim_TriLep_DoubleMuon_D.root
2026-01-12 13:38:02,197 - INFO - [2016preVFP] MISSING_FILE: /home/choij/Sync/workspace/ChargedHiggsAnalysisV3/SKNanoOutput/MatrixSelector/Run3Mu/2016preVFP/Skim_TriLep_DoubleMuon_E.root
2026-01-12 13:38:02,197 - INFO - [2016preVFP] MISSING_FILE: /home/choij/Sync/workspace/ChargedHiggsAnalysisV3/SKNanoOutput/MatrixSelector/Run3Mu/2016preVFP/Skim_TriLep_DoubleMuon_F.root
2026-01-12 13:38:02,198 - INFO - [2016preVFP] MISSING_CENTRAL: ZFake3Mu/Central/jets/2/py in Skim_TriLep_DYJets.root
2026-01-12 13:38:02,198 - INFO - [2016preVFP] MISSING_CENTRAL: ZFake3Mu/Central/jets/2/py in Skim_TriLep_DYJets10to50.root
2026-01-12 13:38:02,198 - INFO - [2016preVFP] MISSING_FILE: /home/choij/Sync/workspace/ChargedHiggsAnalysisV3/SKNanoOutput/PromptSelector/Run3Mu_RunSyst/2016preVFP/Skim_TriLep_ZGToLLG.root
2026-01-16 18:53:32,450 - INFO - [2016preVFP] MISSING_CENTRAL: ZFake3Mu/Central/jets/2/py in Skim_TriLep_DYJets.root
2026-01-16 18:53:32,451 - INFO - [2016preVFP] MISSING_CENTRAL: ZFake3Mu/Central/jets/2/py in Skim_TriLep_DYJets10to50.root
2026-01-16 18:53:32,451 - INFO - [2016preVFP] MISSING_FILE: /home/choij/Sync/workspace/ChargedHiggsAnalysisV3/SKNanoOutput/PromptSelector/Run3Mu_RunSyst/2016preVFP/Skim_TriLep_ZGToLLG.root
2026-01-19 22:05:59,451 - INFO - [2016preVFP] MISSING_CENTRAL: ZFake3Mu/Central/jets/2/py in Skim_TriLep_DYJets.root
2026-01-19 22:05:59,452 - INFO - [2016preVFP] MISSING_CENTRAL: ZFake3Mu/Central/jets/2/py in Skim_TriLep_DYJets10to50.root
2026-01-19 22:05:59,452 - INFO - [2016preVFP] MISSING_FILE: /home/choij/Sync/workspace/ChargedHiggsAnalysisV3/SKNanoOutput/PromptSelector/Run3Mu_RunSyst/2016preVFP/Skim_TriLep_ZGToLLG.root
