2025-09-24 15:40:15,429 - INFO - [2016preVFP] MISSING_CENTRAL: ZFake3Mu/Central/jets/3/mass in Skim_TriLep_DYJets.root
2025-09-24 15:40:15,430 - INFO - [2016preVFP] MISSING_CENTRAL: ZFake3Mu/Central/jets/3/mass in Skim_TriLep_DYJets10to50.root
2025-10-02 21:06:57,450 - INFO - [2016preVFP] MISSING_CENTRAL: ZFake3Mu/Central/jets/3/mass in Skim_TriLep_DYJets.root
2025-10-02 21:06:57,462 - INFO - [2016preVFP] MISSING_CENTRAL: ZFake3Mu/Central/jets/3/mass in Skim_TriLep_DYJets10to50.root
2025-10-02 21:08:47,178 - INFO - [2016preVFP] MISSING_CENTRAL: ZFake3Mu/Central/jets/3/mass in Skim_TriLep_DYJets.root
2025-10-02 21:08:47,180 - INFO - [2016preVFP] MISSING_CENTRAL: ZFake3Mu/Central/jets/3/mass in Skim_TriLep_DYJets10to50.root
2025-10-02 23:53:42,887 - INFO - [2016preVFP] MISSING_CENTRAL: ZFake3Mu/Central/jets/3/mass in Skim_TriLep_DYJets.root
2025-10-02 23:53:42,888 - INFO - [2016preVFP] MISSING_CENTRAL: ZFake3Mu/Central/jets/3/mass in Skim_TriLep_DYJets10to50.root
2025-11-05 22:00:17,969 - INFO - [2016preVFP] MISSING_CENTRAL: ZFake3Mu/Central/jets/3/mass in Skim_TriLep_DYJets.root
2025-11-05 22:00:17,969 - INFO - [2016preVFP] MISSING_CENTRAL: ZFake3Mu/Central/jets/3/mass in Skim_TriLep_DYJets10to50.root
2025-11-05 22:16:02,655 - INFO - [2016preVFP] MISSING_CENTRAL: ZFake3Mu/Central/jets/3/mass in Skim_TriLep_DYJets.root
2025-11-05 22:16:02,656 - INFO - [2016preVFP] MISSING_CENTRAL: ZFake3Mu/Central/jets/3/mass in Skim_TriLep_DYJets10to50.root
2025-11-05 23:20:38,652 - INFO - [2016preVFP] MISSING_CENTRAL: ZFake3Mu/Central/jets/3/mass in Skim_TriLep_DYJets.root
2025-11-05 23:20:38,652 - INFO - [2016preVFP] MISSING_CENTRAL: ZFake3Mu/Central/jets/3/mass in Skim_TriLep_DYJets10to50.root
2025-11-07 12:23:54,049 - INFO - [2016preVFP] MISSING_CENTRAL: ZFake3Mu/Central/jets/3/mass in Skim_TriLep_DYJets.root
2025-11-07 12:23:54,052 - INFO - [2016preVFP] MISSING_CENTRAL: ZFake3Mu/Central/jets/3/mass in Skim_TriLep_DYJets10to50.root
2025-11-07 13:04:02,297 - INFO - [2016preVFP] MISSING_CENTRAL: ZFake3Mu/Central/jets/3/mass in Skim_TriLep_DYJets.root
2025-11-07 13:04:02,297 - INFO - [2016preVFP] MISSING_CENTRAL: ZFake3Mu/Central/jets/3/mass in Skim_TriLep_DYJets10to50.root
2025-11-07 13:24:24,015 - INFO - [2016preVFP] MISSING_CENTRAL: ZFake3Mu/Central/jets/3/mass in Skim_TriLep_DYJets.root
2025-11-07 13:24:24,017 - INFO - [2016preVFP] MISSING_CENTRAL: ZFake3Mu/Central/jets/3/mass in Skim_TriLep_DYJets10to50.root
2025-11-07 13:26:50,460 - INFO - [2016preVFP] MISSING_CENTRAL: ZFake3Mu/Central/jets/3/mass in Skim_TriLep_DYJets.root
2025-11-07 13:26:50,460 - INFO - [2016preVFP] MISSING_CENTRAL: ZFake3Mu/Central/jets/3/mass in Skim_TriLep_DYJets10to50.root
2025-11-07 13:43:13,963 - INFO - [2016preVFP] MISSING_CENTRAL: ZFake3Mu/Central/jets/3/mass in Skim_TriLep_DYJets.root
2025-11-07 13:43:13,964 - INFO - [2016preVFP] MISSING_CENTRAL: ZFake3Mu/Central/jets/3/mass in Skim_TriLep_DYJets10to50.root
2025-11-07 13:51:10,944 - INFO - [2016preVFP] MISSING_CENTRAL: ZFake3Mu/Central/jets/3/mass in Skim_TriLep_DYJets.root
2025-11-07 13:51:10,944 - INFO - [2016preVFP] MISSING_CENTRAL: ZFake3Mu/Central/jets/3/mass in Skim_TriLep_DYJets10to50.root
2025-11-07 13:59:36,512 - INFO - [2016preVFP] MISSING_CENTRAL: ZFake3Mu/Central/jets/3/mass in Skim_TriLep_DYJets.root
2025-11-07 13:59:36,513 - INFO - [2016preVFP] MISSING_CENTRAL: ZFake3Mu/Central/jets/3/mass in Skim_TriLep_DYJets10to50.root
2025-11-10 05:49:19,548 - INFO - [2016preVFP] MISSING_CENTRAL: ZFake3Mu/Central/jets/3/mass in Skim_TriLep_DYJets.root
2025-11-10 05:49:19,549 - INFO - [2016preVFP] MISSING_CENTRAL: ZFake3Mu/Central/jets/3/mass in Skim_TriLep_DYJets10to50.root
2025-11-10 12:14:34,351 - INFO - [2016preVFP] MISSING_CENTRAL: ZFake3Mu/Central/jets/3/mass in Skim_TriLep_DYJets.root
2025-11-10 12:14:34,352 - INFO - [2016preVFP] MISSING_CENTRAL: ZFake3Mu/Central/jets/3/mass in Skim_TriLep_DYJets10to50.root
2025-11-13 11:02:59,874 - INFO - [2016preVFP] MISSING_CENTRAL: ZFake3Mu/Central/jets/3/mass in Skim_TriLep_DYJets.root
2025-11-13 11:02:59,892 - INFO - [2016preVFP] MISSING_CENTRAL: ZFake3Mu/Central/jets/3/mass in Skim_TriLep_DYJets10to50.root
2025-11-19 16:07:52,656 - INFO - [2016preVFP] MISSING_CENTRAL: ZFake3Mu/Central/jets/3/mass in Skim_TriLep_DYJets.root
2025-11-19 16:07:52,657 - INFO - [2016preVFP] MISSING_CENTRAL: ZFake3Mu/Central/jets/3/mass in Skim_TriLep_DYJets10to50.root
2025-11-19 16:16:55,553 - INFO - [2016preVFP] MISSING_CENTRAL: ZFake3Mu/Central/jets/3/mass in Skim_TriLep_DYJets.root
2025-11-19 16:16:55,554 - INFO - [2016preVFP] MISSING_CENTRAL: ZFake3Mu/Central/jets/3/mass in Skim_TriLep_DYJets10to50.root
2025-12-17 22:30:10,841 - INFO - [2016preVFP] MISSING_CENTRAL: ZFake3Mu/Central/jets/3/mass in Skim_TriLep_DYJets.root
2025-12-17 22:30:10,842 - INFO - [2016preVFP] MISSING_CENTRAL: ZFake3Mu/Central/jets/3/mass in Skim_TriLep_DYJets10to50.root
2025-12-17 22:30:10,842 - INFO - [2016preVFP] MISSING_FILE: /data9/Users/choij/Sync/workspace/ChargedHiggsAnalysisV3/SKNanoOutput/PromptSelector/Run3Mu_RunSyst/2016preVFP/Skim_TriLep_ZGToLLG.root
2025-12-18 14:08:59,391 - INFO - [2016preVFP] MISSING_CENTRAL: ZFake3Mu/Central/jets/3/mass in Skim_TriLep_DYJets.root
2025-12-18 14:08:59,393 - INFO - [2016preVFP] MISSING_CENTRAL: ZFake3Mu/Central/jets/3/mass in Skim_TriLep_DYJets10to50.root
2025-12-18 14:08:59,393 - INFO - [2016preVFP] MISSING_FILE: /data9/Users/choij/Sync/workspace/ChargedHiggsAnalysisV3/SKNanoOutput/PromptSelector/Run3Mu_RunSyst/2016preVFP/Skim_TriLep_ZGToLLG.root
2025-12-18 14:13:05,530 - INFO - [2016preVFP] MISSING_CENTRAL: ZFake3Mu/Central/jets/3/mass in Skim_TriLep_DYJets.root
2025-12-18 14:13:05,531 - INFO - [2016preVFP] MISSING_CENTRAL: ZFake3Mu/Central/jets/3/mass in Skim_TriLep_DYJets10to50.root
2025-12-18 14:13:05,531 - INFO - [2016preVFP] MISSING_FILE: /data9/Users/choij/Sync/workspace/ChargedHiggsAnalysisV3/SKNanoOutput/PromptSelector/Run3Mu_RunSyst/2016preVFP/Skim_TriLep_ZGToLLG.root
2025-12-18 14:28:37,211 - INFO - [2016preVFP] MISSING_CENTRAL: ZFake3Mu/Central/jets/3/mass in Skim_TriLep_DYJets.root
2025-12-18 14:28:37,212 - INFO - [2016preVFP] MISSING_CENTRAL: ZFake3Mu/Central/jets/3/mass in Skim_TriLep_DYJets10to50.root
2025-12-18 14:28:37,214 - INFO - [2016preVFP] MISSING_FILE: /data9/Users/choij/Sync/workspace/ChargedHiggsAnalysisV3/SKNanoOutput/PromptSelector/Run3Mu_RunSyst/2016preVFP/Skim_TriLep_ZGToLLG.root
2026-01-07 11:38:53,853 - INFO - [2016preVFP] MISSING_CENTRAL: ZFake3Mu/Central/jets/3/mass in Skim_TriLep_DYJets.root
2026-01-07 11:38:53,854 - INFO - [2016preVFP] MISSING_CENTRAL: ZFake3Mu/Central/jets/3/mass in Skim_TriLep_DYJets10to50.root
2026-01-07 11:38:53,854 - INFO - [2016preVFP] MISSING_FILE: /data9/Users/choij/Sync/workspace/ChargedHiggsAnalysisV3/SKNanoOutput/PromptSelector/Run3Mu_RunSyst/2016preVFP/Skim_TriLep_ZGToLLG.root
2026-01-07 18:36:22,978 - INFO - [2016preVFP] MISSING_CENTRAL: ZFake3Mu/Central/jets/3/mass in Skim_TriLep_DYJets.root
2026-01-07 18:36:22,979 - INFO - [2016preVFP] MISSING_CENTRAL: ZFake3Mu/Central/jets/3/mass in Skim_TriLep_DYJets10to50.root
2026-01-07 18:36:22,979 - INFO - [2016preVFP] MISSING_FILE: /data9/Users/choij/Sync/workspace/ChargedHiggsAnalysisV3/SKNanoOutput/PromptSelector/Run3Mu_RunSyst/2016preVFP/Skim_TriLep_ZGToLLG.root
2026-01-09 12:09:28,070 - INFO - [2016preVFP] MISSING_CENTRAL: ZFake3Mu/Central/jets/3/mass in Skim_TriLep_DYJets.root
2026-01-09 12:09:28,072 - INFO - [2016preVFP] MISSING_CENTRAL: ZFake3Mu/Central/jets/3/mass in Skim_TriLep_DYJets10to50.root
2026-01-09 12:09:28,072 - INFO - [2016preVFP] MISSING_FILE: /home/choij/Sync/workspace/ChargedHiggsAnalysisV3/SKNanoOutput/PromptSelector/Run3Mu_RunSyst/2016preVFP/Skim_TriLep_ZGToLLG.root
2026-01-11 09:29:32,486 - INFO - [2016preVFP] MISSING_CENTRAL: ZFake3Mu/Central/jets/3/mass in Skim_TriLep_DYJets.root
2026-01-11 09:29:32,487 - INFO - [2016preVFP] MISSING_CENTRAL: ZFake3Mu/Central/jets/3/mass in Skim_TriLep_DYJets10to50.root
2026-01-11 09:29:32,487 - INFO - [2016preVFP] MISSING_FILE: /home/choij/Sync/workspace/ChargedHiggsAnalysisV3/SKNanoOutput/PromptSelector/Run3Mu_RunSyst/2016preVFP/Skim_TriLep_ZGToLLG.root
2026-01-12 13:38:02,185 - INFO - [2016preVFP] MISSING_FILE: /home/choij/Sync/workspace/ChargedHiggsAnalysisV3/SKNanoOutput/MatrixSelector/Run3Mu/2016preVFP/Skim_TriLep_DoubleMuon_B.root
2026-01-12 13:38:02,186 - INFO - [2016preVFP] MISSING_FILE: /home/choij/Sync/workspace/ChargedHiggsAnalysisV3/SKNanoOutput/MatrixSelector/Run3Mu/2016preVFP/Skim_TriLep_DoubleMuon_C.root
2026-01-12 13:38:02,186 - INFO - [2016preVFP] MISSING_FILE: /home/choij/Sync/workspace/ChargedHiggsAnalysisV3/SKNanoOutput/MatrixSelector/Run3Mu/2016preVFP/Skim_TriLep_DoubleMuon_D.root
2026-01-12 13:38:02,186 - INFO - [2016preVFP] MISSING_FILE: /home/choij/Sync/workspace/ChargedHiggsAnalysisV3/SKNanoOutput/MatrixSelector/Run3Mu/2016preVFP/Skim_TriLep_DoubleMuon_E.root
2026-01-12 13:38:02,186 - INFO - [2016preVFP] MISSING_FILE: /home/choij/Sync/workspace/ChargedHiggsAnalysisV3/SKNanoOutput/MatrixSelector/Run3Mu/2016preVFP/Skim_TriLep_DoubleMuon_F.root
2026-01-12 13:38:02,186 - INFO - [2016preVFP] MISSING_CENTRAL: ZFake3Mu/Central/jets/3/mass in Skim_TriLep_DYJets.root
2026-01-12 13:38:02,187 - INFO - [2016preVFP] MISSING_CENTRAL: ZFake3Mu/Central/jets/3/mass in Skim_TriLep_DYJets10to50.root
2026-01-12 13:38:02,187 - INFO - [2016preVFP] MISSING_FILE: /home/choij/Sync/workspace/ChargedHiggsAnalysisV3/SKNanoOutput/PromptSelector/Run3Mu_RunSyst/2016preVFP/Skim_TriLep_ZGToLLG.root
2026-01-16 18:53:32,813 - INFO - [2016preVFP] MISSING_CENTRAL: ZFake3Mu/Central/jets/3/mass in Skim_TriLep_DYJets.root
2026-01-16 18:53:32,814 - INFO - [2016preVFP] MISSING_CENTRAL: ZFake3Mu/Central/jets/3/mass in Skim_TriLep_DYJets10to50.root
2026-01-16 18:53:32,814 - INFO - [2016preVFP] MISSING_FILE: /home/choij/Sync/workspace/ChargedHiggsAnalysisV3/SKNanoOutput/PromptSelector/Run3Mu_RunSyst/2016preVFP/Skim_TriLep_ZGToLLG.root
2026-01-19 22:05:59,501 - INFO - [2016preVFP] MISSING_CENTRAL: ZFake3Mu/Central/jets/3/mass in Skim_TriLep_DYJets.root
2026-01-19 22:05:59,502 - INFO - [2016preVFP] MISSING_CENTRAL: ZFake3Mu/Central/jets/3/mass in Skim_TriLep_DYJets10to50.root
2026-01-19 22:05:59,502 - INFO - [2016preVFP] MISSING_FILE: /home/choij/Sync/workspace/ChargedHiggsAnalysisV3/SKNanoOutput/PromptSelector/Run3Mu_RunSyst/2016preVFP/Skim_TriLep_ZGToLLG.root
2026-01-28 16:04:36,283 - INFO - [2016preVFP] MISSING_CENTRAL: ZFake3Mu/Central/jets/3/mass in Skim_TriLep_DYJets.root
2026-01-28 16:04:36,284 - INFO - [2016preVFP] MISSING_CENTRAL: ZFake3Mu/Central/jets/3/mass in Skim_TriLep_DYJets10to50.root
