2025-09-24 15:40:27,917 - INFO - [2016preVFP] MISSING_CENTRAL: ZFake3Mu/Central/MHc-130_MA-90/score_diboson in Skim_TriLep_DoubleMuon_B.root
2025-09-24 15:40:27,918 - INFO - [2016preVFP] MISSING_CENTRAL: ZFake3Mu/Central/MHc-130_MA-90/score_diboson in Skim_TriLep_DoubleMuon_C.root
2025-09-24 15:40:27,918 - INFO - [2016preVFP] MISSING_CENTRAL: ZFake3Mu/Central/MHc-130_MA-90/score_diboson in Skim_TriLep_DoubleMuon_D.root
2025-09-24 15:40:27,918 - INFO - [2016preVFP] MISSING_CENTRAL: ZFake3Mu/Central/MHc-130_MA-90/score_diboson in Skim_TriLep_DoubleMuon_E.root
2025-09-24 15:40:27,918 - INFO - [2016preVFP] MISSING_CENTRAL: ZFake3Mu/Central/MHc-130_MA-90/score_diboson in Skim_TriLep_DoubleMuon_F.root
2025-10-02 21:06:57,636 - INFO - [2016preVFP] MISSING_CENTRAL: ZFake3Mu/Central/MHc-130_MA-90/score_diboson in Skim_TriLep_DoubleMuon_B.root
2025-10-02 21:06:57,662 - INFO - [2016preVFP] MISSING_CENTRAL: ZFake3Mu/Central/MHc-130_MA-90/score_diboson in Skim_TriLep_DoubleMuon_C.root
2025-10-02 21:06:57,671 - INFO - [2016preVFP] MISSING_CENTRAL: ZFake3Mu/Central/MHc-130_MA-90/score_diboson in Skim_TriLep_DoubleMuon_D.root
2025-10-02 21:06:57,681 - INFO - [2016preVFP] MISSING_CENTRAL: ZFake3Mu/Central/MHc-130_MA-90/score_diboson in Skim_TriLep_DoubleMuon_E.root
2025-10-02 21:06:57,698 - INFO - [2016preVFP] MISSING_CENTRAL: ZFake3Mu/Central/MHc-130_MA-90/score_diboson in Skim_TriLep_DoubleMuon_F.root
2025-10-02 21:08:49,148 - INFO - [2016preVFP] MISSING_CENTRAL: ZFake3Mu/Central/MHc-130_MA-90/score_diboson in Skim_TriLep_DoubleMuon_B.root
2025-10-02 21:08:49,155 - INFO - [2016preVFP] MISSING_CENTRAL: ZFake3Mu/Central/MHc-130_MA-90/score_diboson in Skim_TriLep_DoubleMuon_C.root
2025-10-02 21:08:49,165 - INFO - [2016preVFP] MISSING_CENTRAL: ZFake3Mu/Central/MHc-130_MA-90/score_diboson in Skim_TriLep_DoubleMuon_D.root
2025-10-02 21:08:49,166 - INFO - [2016preVFP] MISSING_CENTRAL: ZFake3Mu/Central/MHc-130_MA-90/score_diboson in Skim_TriLep_DoubleMuon_E.root
2025-10-02 21:08:49,167 - INFO - [2016preVFP] MISSING_CENTRAL: ZFake3Mu/Central/MHc-130_MA-90/score_diboson in Skim_TriLep_DoubleMuon_F.root
2025-10-02 23:53:54,436 - INFO - [2016preVFP] MISSING_CENTRAL: ZFake3Mu/Central/MHc-130_MA-90/score_diboson in Skim_TriLep_DoubleMuon_B.root
2025-10-02 23:53:54,437 - INFO - [2016preVFP] MISSING_CENTRAL: ZFake3Mu/Central/MHc-130_MA-90/score_diboson in Skim_TriLep_DoubleMuon_C.root
2025-10-02 23:53:54,438 - INFO - [2016preVFP] MISSING_CENTRAL: ZFake3Mu/Central/MHc-130_MA-90/score_diboson in Skim_TriLep_DoubleMuon_D.root
2025-10-02 23:53:54,438 - INFO - [2016preVFP] MISSING_CENTRAL: ZFake3Mu/Central/MHc-130_MA-90/score_diboson in Skim_TriLep_DoubleMuon_E.root
2025-10-02 23:53:54,438 - INFO - [2016preVFP] MISSING_CENTRAL: ZFake3Mu/Central/MHc-130_MA-90/score_diboson in Skim_TriLep_DoubleMuon_F.root
