2025-12-18 14:13:12,134 - INFO - [2016preVFP] MISSING_CENTRAL: ZFake3Mu/Central/MHc115_MA87/LR_nonprompt in Skim_TriLep_DYJets.root
2025-12-18 14:13:12,135 - INFO - [2016preVFP] MISSING_CENTRAL: ZFake3Mu/Central/MHc115_MA87/LR_nonprompt in Skim_TriLep_DYJets10to50.root
2025-12-18 14:13:12,136 - INFO - [2016preVFP] MISSING_FILE: /data9/Users/choij/Sync/workspace/ChargedHiggsAnalysisV3/SKNanoOutput/PromptSelector/Run3Mu_RunSyst/2016preVFP/Skim_TriLep_ZGToLLG.root
2025-12-18 14:28:43,601 - INFO - [2016preVFP] MISSING_CENTRAL: ZFake3Mu/Central/MHc115_MA87/LR_nonprompt in Skim_TriLep_DYJets.root
2025-12-18 14:28:43,602 - INFO - [2016preVFP] MISSING_CENTRAL: ZFake3Mu/Central/MHc115_MA87/LR_nonprompt in Skim_TriLep_DYJets10to50.root
2025-12-18 14:28:43,603 - INFO - [2016preVFP] MISSING_FILE: /data9/Users/choij/Sync/workspace/ChargedHiggsAnalysisV3/SKNanoOutput/PromptSelector/Run3Mu_RunSyst/2016preVFP/Skim_TriLep_ZGToLLG.root
2026-01-07 11:39:03,868 - INFO - [2016preVFP] MISSING_CENTRAL: ZFake3Mu/Central/MHc115_MA87/LR_nonprompt in Skim_TriLep_DYJets.root
2026-01-07 11:39:03,869 - INFO - [2016preVFP] MISSING_CENTRAL: ZFake3Mu/Central/MHc115_MA87/LR_nonprompt in Skim_TriLep_DYJets10to50.root
2026-01-07 11:39:03,870 - INFO - [2016preVFP] MISSING_FILE: /data9/Users/choij/Sync/workspace/ChargedHiggsAnalysisV3/SKNanoOutput/PromptSelector/Run3Mu_RunSyst/2016preVFP/Skim_TriLep_ZGToLLG.root
2026-01-07 18:36:28,695 - INFO - [2016preVFP] MISSING_CENTRAL: ZFake3Mu/Central/MHc115_MA87/LR_nonprompt in Skim_TriLep_DYJets.root
2026-01-07 18:36:28,697 - INFO - [2016preVFP] MISSING_CENTRAL: ZFake3Mu/Central/MHc115_MA87/LR_nonprompt in Skim_TriLep_DYJets10to50.root
2026-01-07 18:36:28,697 - INFO - [2016preVFP] MISSING_FILE: /data9/Users/choij/Sync/workspace/ChargedHiggsAnalysisV3/SKNanoOutput/PromptSelector/Run3Mu_RunSyst/2016preVFP/Skim_TriLep_ZGToLLG.root
2026-01-09 12:09:34,768 - INFO - [2016preVFP] MISSING_CENTRAL: ZFake3Mu/Central/MHc115_MA87/LR_nonprompt in Skim_TriLep_DYJets.root
2026-01-09 12:09:34,768 - INFO - [2016preVFP] MISSING_CENTRAL: ZFake3Mu/Central/MHc115_MA87/LR_nonprompt in Skim_TriLep_DYJets10to50.root
2026-01-09 12:09:34,768 - INFO - [2016preVFP] MISSING_FILE: /home/choij/Sync/workspace/ChargedHiggsAnalysisV3/SKNanoOutput/PromptSelector/Run3Mu_RunSyst/2016preVFP/Skim_TriLep_ZGToLLG.root
2026-01-11 09:29:39,277 - INFO - [2016preVFP] MISSING_CENTRAL: ZFake3Mu/Central/MHc115_MA87/LR_nonprompt in Skim_TriLep_DYJets.root
2026-01-11 09:29:39,278 - INFO - [2016preVFP] MISSING_CENTRAL: ZFake3Mu/Central/MHc115_MA87/LR_nonprompt in Skim_TriLep_DYJets10to50.root
2026-01-11 09:29:39,278 - INFO - [2016preVFP] MISSING_FILE: /home/choij/Sync/workspace/ChargedHiggsAnalysisV3/SKNanoOutput/PromptSelector/Run3Mu_RunSyst/2016preVFP/Skim_TriLep_ZGToLLG.root
2026-01-12 13:38:08,834 - INFO - [2016preVFP] MISSING_FILE: /home/choij/Sync/workspace/ChargedHiggsAnalysisV3/SKNanoOutput/MatrixSelector/Run3Mu/2016preVFP/Skim_TriLep_DoubleMuon_B.root
2026-01-12 13:38:08,834 - INFO - [2016preVFP] MISSING_FILE: /home/choij/Sync/workspace/ChargedHiggsAnalysisV3/SKNanoOutput/MatrixSelector/Run3Mu/2016preVFP/Skim_TriLep_DoubleMuon_C.root
2026-01-12 13:38:08,834 - INFO - [2016preVFP] MISSING_FILE: /home/choij/Sync/workspace/ChargedHiggsAnalysisV3/SKNanoOutput/MatrixSelector/Run3Mu/2016preVFP/Skim_TriLep_DoubleMuon_D.root
2026-01-12 13:38:08,834 - INFO - [2016preVFP] MISSING_FILE: /home/choij/Sync/workspace/ChargedHiggsAnalysisV3/SKNanoOutput/MatrixSelector/Run3Mu/2016preVFP/Skim_TriLep_DoubleMuon_E.root
2026-01-12 13:38:08,835 - INFO - [2016preVFP] MISSING_FILE: /home/choij/Sync/workspace/ChargedHiggsAnalysisV3/SKNanoOutput/MatrixSelector/Run3Mu/2016preVFP/Skim_TriLep_DoubleMuon_F.root
2026-01-12 13:38:08,836 - INFO - [2016preVFP] MISSING_CENTRAL: ZFake3Mu/Central/MHc115_MA87/LR_nonprompt in Skim_TriLep_DYJets.root
2026-01-12 13:38:08,836 - INFO - [2016preVFP] MISSING_CENTRAL: ZFake3Mu/Central/MHc115_MA87/LR_nonprompt in Skim_TriLep_DYJets10to50.root
2026-01-12 13:38:08,836 - INFO - [2016preVFP] MISSING_FILE: /home/choij/Sync/workspace/ChargedHiggsAnalysisV3/SKNanoOutput/PromptSelector/Run3Mu_RunSyst/2016preVFP/Skim_TriLep_ZGToLLG.root
2026-01-16 18:53:39,100 - INFO - [2016preVFP] MISSING_CENTRAL: ZFake3Mu/Central/MHc115_MA87/LR_nonprompt in Skim_TriLep_DYJets.root
2026-01-16 18:53:39,100 - INFO - [2016preVFP] MISSING_CENTRAL: ZFake3Mu/Central/MHc115_MA87/LR_nonprompt in Skim_TriLep_DYJets10to50.root
2026-01-16 18:53:39,100 - INFO - [2016preVFP] MISSING_FILE: /home/choij/Sync/workspace/ChargedHiggsAnalysisV3/SKNanoOutput/PromptSelector/Run3Mu_RunSyst/2016preVFP/Skim_TriLep_ZGToLLG.root
