2025-11-07 13:04:08,646 - INFO - [2016preVFP] MISSING_CENTRAL: ZFake3Mu/Central/MHc160_MA98/score_ttZ in Skim_TriLep_DYJets.root
2025-11-07 13:04:08,646 - INFO - [2016preVFP] MISSING_CENTRAL: ZFake3Mu/Central/MHc160_MA98/score_ttZ in Skim_TriLep_DYJets10to50.root
2025-11-07 13:24:30,427 - INFO - [2016preVFP] MISSING_CENTRAL: ZFake3Mu/Central/MHc160_MA98/score_ttZ in Skim_TriLep_DYJets.root
2025-11-07 13:24:30,427 - INFO - [2016preVFP] MISSING_CENTRAL: ZFake3Mu/Central/MHc160_MA98/score_ttZ in Skim_TriLep_DYJets10to50.root
2025-11-07 13:26:58,757 - INFO - [2016preVFP] MISSING_CENTRAL: ZFake3Mu/Central/MHc160_MA98/score_ttZ in Skim_TriLep_DYJets.root
2025-11-07 13:26:58,757 - INFO - [2016preVFP] MISSING_CENTRAL: ZFake3Mu/Central/MHc160_MA98/score_ttZ in Skim_TriLep_DYJets10to50.root
2025-11-07 13:43:22,004 - INFO - [2016preVFP] MISSING_CENTRAL: ZFake3Mu/Central/MHc160_MA98/score_ttZ in Skim_TriLep_DYJets.root
2025-11-07 13:43:22,004 - INFO - [2016preVFP] MISSING_CENTRAL: ZFake3Mu/Central/MHc160_MA98/score_ttZ in Skim_TriLep_DYJets10to50.root
2025-11-07 13:51:19,137 - INFO - [2016preVFP] MISSING_CENTRAL: ZFake3Mu/Central/MHc160_MA98/score_ttZ in Skim_TriLep_DYJets.root
2025-11-07 13:51:19,138 - INFO - [2016preVFP] MISSING_CENTRAL: ZFake3Mu/Central/MHc160_MA98/score_ttZ in Skim_TriLep_DYJets10to50.root
2025-11-07 13:59:44,772 - INFO - [2016preVFP] MISSING_CENTRAL: ZFake3Mu/Central/MHc160_MA98/score_ttZ in Skim_TriLep_DYJets.root
2025-11-07 13:59:44,773 - INFO - [2016preVFP] MISSING_CENTRAL: ZFake3Mu/Central/MHc160_MA98/score_ttZ in Skim_TriLep_DYJets10to50.root
2025-11-10 05:49:28,717 - INFO - [2016preVFP] MISSING_CENTRAL: ZFake3Mu/Central/MHc160_MA98/score_ttZ in Skim_TriLep_DYJets.root
2025-11-10 05:49:28,717 - INFO - [2016preVFP] MISSING_CENTRAL: ZFake3Mu/Central/MHc160_MA98/score_ttZ in Skim_TriLep_DYJets10to50.root
2025-11-10 12:14:42,954 - INFO - [2016preVFP] MISSING_CENTRAL: ZFake3Mu/Central/MHc160_MA98/score_ttZ in Skim_TriLep_DYJets.root
2025-11-10 12:14:42,954 - INFO - [2016preVFP] MISSING_CENTRAL: ZFake3Mu/Central/MHc160_MA98/score_ttZ in Skim_TriLep_DYJets10to50.root
2025-11-13 11:03:12,493 - INFO - [2016preVFP] MISSING_CENTRAL: ZFake3Mu/Central/MHc160_MA98/score_ttZ in Skim_TriLep_DYJets.root
2025-11-13 11:03:12,494 - INFO - [2016preVFP] MISSING_CENTRAL: ZFake3Mu/Central/MHc160_MA98/score_ttZ in Skim_TriLep_DYJets10to50.root
2025-11-19 16:08:00,859 - INFO - [2016preVFP] MISSING_CENTRAL: ZFake3Mu/Central/MHc160_MA98/score_ttZ in Skim_TriLep_DYJets.root
2025-11-19 16:08:00,859 - INFO - [2016preVFP] MISSING_CENTRAL: ZFake3Mu/Central/MHc160_MA98/score_ttZ in Skim_TriLep_DYJets10to50.root
2025-11-19 16:17:03,698 - INFO - [2016preVFP] MISSING_CENTRAL: ZFake3Mu/Central/MHc160_MA98/score_ttZ in Skim_TriLep_DYJets.root
2025-11-19 16:17:03,698 - INFO - [2016preVFP] MISSING_CENTRAL: ZFake3Mu/Central/MHc160_MA98/score_ttZ in Skim_TriLep_DYJets10to50.root
2025-12-17 22:30:25,120 - INFO - [2016preVFP] MISSING_CENTRAL: ZFake3Mu/Central/MHc160_MA98/score_ttZ in Skim_TriLep_DYJets.root
2025-12-17 22:30:25,121 - INFO - [2016preVFP] MISSING_CENTRAL: ZFake3Mu/Central/MHc160_MA98/score_ttZ in Skim_TriLep_DYJets10to50.root
2025-12-17 22:30:25,121 - INFO - [2016preVFP] MISSING_FILE: /data9/Users/choij/Sync/workspace/ChargedHiggsAnalysisV3/SKNanoOutput/PromptSelector/Run3Mu_RunSyst/2016preVFP/Skim_TriLep_ZGToLLG.root
2025-12-18 14:09:12,308 - INFO - [2016preVFP] MISSING_CENTRAL: ZFake3Mu/Central/MHc160_MA98/score_ttZ in Skim_TriLep_DYJets.root
2025-12-18 14:09:12,309 - INFO - [2016preVFP] MISSING_CENTRAL: ZFake3Mu/Central/MHc160_MA98/score_ttZ in Skim_TriLep_DYJets10to50.root
2025-12-18 14:09:12,309 - INFO - [2016preVFP] MISSING_FILE: /data9/Users/choij/Sync/workspace/ChargedHiggsAnalysisV3/SKNanoOutput/PromptSelector/Run3Mu_RunSyst/2016preVFP/Skim_TriLep_ZGToLLG.root
2025-12-18 14:13:17,069 - INFO - [2016preVFP] MISSING_CENTRAL: ZFake3Mu/Central/MHc160_MA98/score_ttZ in Skim_TriLep_DYJets.root
2025-12-18 14:13:17,070 - INFO - [2016preVFP] MISSING_CENTRAL: ZFake3Mu/Central/MHc160_MA98/score_ttZ in Skim_TriLep_DYJets10to50.root
2025-12-18 14:13:17,070 - INFO - [2016preVFP] MISSING_FILE: /data9/Users/choij/Sync/workspace/ChargedHiggsAnalysisV3/SKNanoOutput/PromptSelector/Run3Mu_RunSyst/2016preVFP/Skim_TriLep_ZGToLLG.root
2025-12-18 14:28:48,558 - INFO - [2016preVFP] MISSING_CENTRAL: ZFake3Mu/Central/MHc160_MA98/score_ttZ in Skim_TriLep_DYJets.root
2025-12-18 14:28:48,559 - INFO - [2016preVFP] MISSING_CENTRAL: ZFake3Mu/Central/MHc160_MA98/score_ttZ in Skim_TriLep_DYJets10to50.root
2025-12-18 14:28:48,559 - INFO - [2016preVFP] MISSING_FILE: /data9/Users/choij/Sync/workspace/ChargedHiggsAnalysisV3/SKNanoOutput/PromptSelector/Run3Mu_RunSyst/2016preVFP/Skim_TriLep_ZGToLLG.root
2026-01-07 11:39:08,270 - INFO - [2016preVFP] MISSING_CENTRAL: ZFake3Mu/Central/MHc160_MA98/score_ttZ in Skim_TriLep_DYJets.root
2026-01-07 11:39:08,271 - INFO - [2016preVFP] MISSING_CENTRAL: ZFake3Mu/Central/MHc160_MA98/score_ttZ in Skim_TriLep_DYJets10to50.root
2026-01-07 11:39:08,271 - INFO - [2016preVFP] MISSING_FILE: /data9/Users/choij/Sync/workspace/ChargedHiggsAnalysisV3/SKNanoOutput/PromptSelector/Run3Mu_RunSyst/2016preVFP/Skim_TriLep_ZGToLLG.root
2026-01-07 18:36:33,396 - INFO - [2016preVFP] MISSING_CENTRAL: ZFake3Mu/Central/MHc160_MA98/score_ttZ in Skim_TriLep_DYJets.root
2026-01-07 18:36:33,397 - INFO - [2016preVFP] MISSING_CENTRAL: ZFake3Mu/Central/MHc160_MA98/score_ttZ in Skim_TriLep_DYJets10to50.root
2026-01-07 18:36:33,398 - INFO - [2016preVFP] MISSING_FILE: /data9/Users/choij/Sync/workspace/ChargedHiggsAnalysisV3/SKNanoOutput/PromptSelector/Run3Mu_RunSyst/2016preVFP/Skim_TriLep_ZGToLLG.root
2026-01-09 12:09:39,593 - INFO - [2016preVFP] MISSING_CENTRAL: ZFake3Mu/Central/MHc160_MA98/score_ttZ in Skim_TriLep_DYJets.root
2026-01-09 12:09:39,593 - INFO - [2016preVFP] MISSING_CENTRAL: ZFake3Mu/Central/MHc160_MA98/score_ttZ in Skim_TriLep_DYJets10to50.root
2026-01-09 12:09:39,593 - INFO - [2016preVFP] MISSING_FILE: /home/choij/Sync/workspace/ChargedHiggsAnalysisV3/SKNanoOutput/PromptSelector/Run3Mu_RunSyst/2016preVFP/Skim_TriLep_ZGToLLG.root
2026-01-11 09:29:43,942 - INFO - [2016preVFP] MISSING_CENTRAL: ZFake3Mu/Central/MHc160_MA98/score_ttZ in Skim_TriLep_DYJets.root
2026-01-11 09:29:43,942 - INFO - [2016preVFP] MISSING_CENTRAL: ZFake3Mu/Central/MHc160_MA98/score_ttZ in Skim_TriLep_DYJets10to50.root
2026-01-11 09:29:43,942 - INFO - [2016preVFP] MISSING_FILE: /home/choij/Sync/workspace/ChargedHiggsAnalysisV3/SKNanoOutput/PromptSelector/Run3Mu_RunSyst/2016preVFP/Skim_TriLep_ZGToLLG.root
2026-01-12 13:38:13,610 - INFO - [2016preVFP] MISSING_FILE: /home/choij/Sync/workspace/ChargedHiggsAnalysisV3/SKNanoOutput/MatrixSelector/Run3Mu/2016preVFP/Skim_TriLep_DoubleMuon_B.root
2026-01-12 13:38:13,610 - INFO - [2016preVFP] MISSING_FILE: /home/choij/Sync/workspace/ChargedHiggsAnalysisV3/SKNanoOutput/MatrixSelector/Run3Mu/2016preVFP/Skim_TriLep_DoubleMuon_C.root
2026-01-12 13:38:13,610 - INFO - [2016preVFP] MISSING_FILE: /home/choij/Sync/workspace/ChargedHiggsAnalysisV3/SKNanoOutput/MatrixSelector/Run3Mu/2016preVFP/Skim_TriLep_DoubleMuon_D.root
2026-01-12 13:38:13,610 - INFO - [2016preVFP] MISSING_FILE: /home/choij/Sync/workspace/ChargedHiggsAnalysisV3/SKNanoOutput/MatrixSelector/Run3Mu/2016preVFP/Skim_TriLep_DoubleMuon_E.root
2026-01-12 13:38:13,610 - INFO - [2016preVFP] MISSING_FILE: /home/choij/Sync/workspace/ChargedHiggsAnalysisV3/SKNanoOutput/MatrixSelector/Run3Mu/2016preVFP/Skim_TriLep_DoubleMuon_F.root
2026-01-12 13:38:13,611 - INFO - [2016preVFP] MISSING_CENTRAL: ZFake3Mu/Central/MHc160_MA98/score_ttZ in Skim_TriLep_DYJets.root
2026-01-12 13:38:13,611 - INFO - [2016preVFP] MISSING_CENTRAL: ZFake3Mu/Central/MHc160_MA98/score_ttZ in Skim_TriLep_DYJets10to50.root
2026-01-12 13:38:13,611 - INFO - [2016preVFP] MISSING_FILE: /home/choij/Sync/workspace/ChargedHiggsAnalysisV3/SKNanoOutput/PromptSelector/Run3Mu_RunSyst/2016preVFP/Skim_TriLep_ZGToLLG.root
2026-01-16 18:53:42,584 - INFO - [2016preVFP] MISSING_CENTRAL: ZFake3Mu/Central/MHc160_MA98/score_ttZ in Skim_TriLep_DYJets.root
2026-01-16 18:53:42,584 - INFO - [2016preVFP] MISSING_CENTRAL: ZFake3Mu/Central/MHc160_MA98/score_ttZ in Skim_TriLep_DYJets10to50.root
2026-01-16 18:53:42,584 - INFO - [2016preVFP] MISSING_FILE: /home/choij/Sync/workspace/ChargedHiggsAnalysisV3/SKNanoOutput/PromptSelector/Run3Mu_RunSyst/2016preVFP/Skim_TriLep_ZGToLLG.root
