2025-09-24 15:53:43,046 - INFO - [2022] MISSING_CENTRAL: ZFake1E2Mu/Central/jets/2/phi in Skim_TriLep_DYJets.root
2025-09-24 15:53:43,047 - INFO - [2022] MISSING_CENTRAL: ZFake1E2Mu/Central/jets/2/phi in Skim_TriLep_DYJets10to50.root
2025-09-24 15:53:43,047 - INFO - [2022] MISSING_CENTRAL: ZFake1E2Mu/Central/jets/2/phi in Skim_TriLep_DYGTo2LG_MLL4to50_PTG10to100.root
2025-09-24 15:53:43,047 - INFO - [2022] MISSING_CENTRAL: ZFake1E2Mu/Central/jets/2/phi in Skim_TriLep_DYGTo2LG_MLL4to50_PTG100to200.root
2025-09-24 15:53:43,047 - INFO - [2022] MISSING_CENTRAL: ZFake1E2Mu/Central/jets/2/phi in Skim_TriLep_DYGTo2LG_MLL4to50_PTG200toInf.root
2025-09-24 15:53:43,062 - INFO - [2022] MISSING_CENTRAL: ZFake1E2Mu/Central/jets/2/phi in Skim_TriLep_TTG_PTG10to100.root
2025-09-24 15:53:43,062 - INFO - [2022] MISSING_CENTRAL: ZFake1E2Mu/Central/jets/2/phi in Skim_TriLep_TTG_PTG100to200.root
2025-10-02 21:15:57,073 - INFO - [2022] MISSING_CENTRAL: ZFake1E2Mu/Central/jets/2/phi in Skim_TriLep_DYJets.root
2025-10-02 21:15:57,083 - INFO - [2022] MISSING_CENTRAL: ZFake1E2Mu/Central/jets/2/phi in Skim_TriLep_DYJets10to50.root
2025-10-02 21:15:57,088 - INFO - [2022] MISSING_CENTRAL: ZFake1E2Mu/Central/jets/2/phi in Skim_TriLep_DYGTo2LG_MLL4to50_PTG10to100.root
2025-10-02 21:15:57,094 - INFO - [2022] MISSING_CENTRAL: ZFake1E2Mu/Central/jets/2/phi in Skim_TriLep_DYGTo2LG_MLL4to50_PTG100to200.root
2025-10-02 21:15:57,097 - INFO - [2022] MISSING_CENTRAL: ZFake1E2Mu/Central/jets/2/phi in Skim_TriLep_DYGTo2LG_MLL4to50_PTG200toInf.root
2025-10-02 21:15:57,198 - INFO - [2022] MISSING_CENTRAL: ZFake1E2Mu/Central/jets/2/phi in Skim_TriLep_TTG_PTG10to100.root
2025-10-02 21:15:57,213 - INFO - [2022] MISSING_CENTRAL: ZFake1E2Mu/Central/jets/2/phi in Skim_TriLep_TTG_PTG100to200.root
2025-10-03 00:05:48,579 - INFO - [2022] MISSING_CENTRAL: ZFake1E2Mu/Central/jets/2/phi in Skim_TriLep_DYJets.root
2025-10-03 00:05:48,579 - INFO - [2022] MISSING_CENTRAL: ZFake1E2Mu/Central/jets/2/phi in Skim_TriLep_DYJets10to50.root
2025-10-03 00:05:48,579 - INFO - [2022] MISSING_CENTRAL: ZFake1E2Mu/Central/jets/2/phi in Skim_TriLep_DYGTo2LG_MLL4to50_PTG10to100.root
2025-10-03 00:05:48,580 - INFO - [2022] MISSING_CENTRAL: ZFake1E2Mu/Central/jets/2/phi in Skim_TriLep_DYGTo2LG_MLL4to50_PTG100to200.root
2025-10-03 00:05:48,580 - INFO - [2022] MISSING_CENTRAL: ZFake1E2Mu/Central/jets/2/phi in Skim_TriLep_DYGTo2LG_MLL4to50_PTG200toInf.root
2025-10-03 00:05:48,593 - INFO - [2022] MISSING_CENTRAL: ZFake1E2Mu/Central/jets/2/phi in Skim_TriLep_TTG_PTG10to100.root
2025-10-03 00:05:48,593 - INFO - [2022] MISSING_CENTRAL: ZFake1E2Mu/Central/jets/2/phi in Skim_TriLep_TTG_PTG100to200.root
2025-11-07 13:08:35,246 - INFO - [2022] MISSING_FILE: /home/choij/Sync/workspace/ChargedHiggsAnalysisV3/SKNanoOutput/PromptSelector/Run1E2Mu/2022/Skim_TriLep_MuonEG_C.root
2025-11-07 13:08:35,247 - INFO - [2022] MISSING_FILE: /home/choij/Sync/workspace/ChargedHiggsAnalysisV3/SKNanoOutput/PromptSelector/Run1E2Mu/2022/Skim_TriLep_MuonEG_D.root
2025-11-07 14:06:18,188 - INFO - [2022] MISSING_FILE: /home/choij/Sync/workspace/ChargedHiggsAnalysisV3/SKNanoOutput/PromptSelector/Run1E2Mu/2022/Skim_TriLep_MuonEG_C.root
2025-11-07 14:06:18,188 - INFO - [2022] MISSING_FILE: /home/choij/Sync/workspace/ChargedHiggsAnalysisV3/SKNanoOutput/PromptSelector/Run1E2Mu/2022/Skim_TriLep_MuonEG_D.root
2025-11-10 12:21:23,433 - INFO - [2022] MISSING_CENTRAL: ZFake1E2Mu/Central/jets/2/phi in Skim_TriLep_DYJets.root
2025-11-10 12:21:23,433 - INFO - [2022] MISSING_CENTRAL: ZFake1E2Mu/Central/jets/2/phi in Skim_TriLep_DYJets10to50.root
2025-11-10 12:21:23,434 - INFO - [2022] MISSING_CENTRAL: ZFake1E2Mu/Central/jets/2/phi in Skim_TriLep_DYGTo2LG_MLL4to50_PTG10to100.root
2025-11-10 12:21:23,434 - INFO - [2022] MISSING_CENTRAL: ZFake1E2Mu/Central/jets/2/phi in Skim_TriLep_DYGTo2LG_MLL4to50_PTG100to200.root
2025-11-10 12:21:23,435 - INFO - [2022] MISSING_CENTRAL: ZFake1E2Mu/Central/jets/2/phi in Skim_TriLep_DYGTo2LG_MLL4to50_PTG200toInf.root
2025-11-10 12:21:23,458 - INFO - [2022] MISSING_CENTRAL: ZFake1E2Mu/Central/jets/2/phi in Skim_TriLep_TTG_PTG10to100.root
2025-11-10 12:21:23,458 - INFO - [2022] MISSING_CENTRAL: ZFake1E2Mu/Central/jets/2/phi in Skim_TriLep_TTG_PTG100to200.root
2025-11-13 11:10:50,722 - INFO - [2022] MISSING_CENTRAL: ZFake1E2Mu/Central/jets/2/phi in Skim_TriLep_DYJets.root
2025-11-13 11:10:50,723 - INFO - [2022] MISSING_CENTRAL: ZFake1E2Mu/Central/jets/2/phi in Skim_TriLep_DYJets10to50.root
2025-11-13 11:10:50,724 - INFO - [2022] MISSING_CENTRAL: ZFake1E2Mu/Central/jets/2/phi in Skim_TriLep_DYGTo2LG_MLL4to50_PTG10to100.root
2025-11-13 11:10:50,750 - INFO - [2022] MISSING_CENTRAL: ZFake1E2Mu/Central/jets/2/phi in Skim_TriLep_DYGTo2LG_MLL4to50_PTG100to200.root
2025-11-13 11:10:50,751 - INFO - [2022] MISSING_CENTRAL: ZFake1E2Mu/Central/jets/2/phi in Skim_TriLep_DYGTo2LG_MLL4to50_PTG200toInf.root
2025-11-13 11:10:51,382 - INFO - [2022] MISSING_CENTRAL: ZFake1E2Mu/Central/jets/2/phi in Skim_TriLep_TTG_PTG10to100.root
2025-11-13 11:10:51,399 - INFO - [2022] MISSING_CENTRAL: ZFake1E2Mu/Central/jets/2/phi in Skim_TriLep_TTG_PTG100to200.root
2025-11-19 16:10:08,801 - INFO - [2022] MISSING_CENTRAL: ZFake1E2Mu/Central/jets/2/phi in Skim_TriLep_DYJets.root
2025-11-19 16:10:08,801 - INFO - [2022] MISSING_CENTRAL: ZFake1E2Mu/Central/jets/2/phi in Skim_TriLep_DYJets10to50.root
2025-11-19 16:10:08,802 - INFO - [2022] MISSING_CENTRAL: ZFake1E2Mu/Central/jets/2/phi in Skim_TriLep_DYGTo2LG_MLL4to50_PTG10to100.root
2025-11-19 16:10:08,802 - INFO - [2022] MISSING_CENTRAL: ZFake1E2Mu/Central/jets/2/phi in Skim_TriLep_DYGTo2LG_MLL4to50_PTG100to200.root
2025-11-19 16:10:08,803 - INFO - [2022] MISSING_CENTRAL: ZFake1E2Mu/Central/jets/2/phi in Skim_TriLep_DYGTo2LG_MLL4to50_PTG200toInf.root
2025-11-19 16:10:08,826 - INFO - [2022] MISSING_CENTRAL: ZFake1E2Mu/Central/jets/2/phi in Skim_TriLep_TTG_PTG10to100.root
2025-11-19 16:10:08,827 - INFO - [2022] MISSING_CENTRAL: ZFake1E2Mu/Central/jets/2/phi in Skim_TriLep_TTG_PTG100to200.root
2025-11-19 16:23:46,575 - INFO - [2022] MISSING_CENTRAL: ZFake1E2Mu/Central/jets/2/phi in Skim_TriLep_DYJets.root
2025-11-19 16:23:46,576 - INFO - [2022] MISSING_CENTRAL: ZFake1E2Mu/Central/jets/2/phi in Skim_TriLep_DYJets10to50.root
2025-11-19 16:23:46,576 - INFO - [2022] MISSING_CENTRAL: ZFake1E2Mu/Central/jets/2/phi in Skim_TriLep_DYGTo2LG_MLL4to50_PTG10to100.root
2025-11-19 16:23:46,576 - INFO - [2022] MISSING_CENTRAL: ZFake1E2Mu/Central/jets/2/phi in Skim_TriLep_DYGTo2LG_MLL4to50_PTG100to200.root
2025-11-19 16:23:46,577 - INFO - [2022] MISSING_CENTRAL: ZFake1E2Mu/Central/jets/2/phi in Skim_TriLep_DYGTo2LG_MLL4to50_PTG200toInf.root
2025-11-19 16:23:46,600 - INFO - [2022] MISSING_CENTRAL: ZFake1E2Mu/Central/jets/2/phi in Skim_TriLep_TTG_PTG10to100.root
2025-11-19 16:23:46,601 - INFO - [2022] MISSING_CENTRAL: ZFake1E2Mu/Central/jets/2/phi in Skim_TriLep_TTG_PTG100to200.root
2025-12-17 22:38:08,731 - INFO - [2022] MISSING_CENTRAL: ZFake1E2Mu/Central/jets/2/phi in Skim_TriLep_DYJets10to50.root
2025-12-17 22:38:08,765 - INFO - [2022] MISSING_CENTRAL: ZFake1E2Mu/Central/jets/2/phi in Skim_TriLep_TTG_PTG10to100.root
2025-12-17 22:38:08,808 - INFO - [2022] MISSING_CENTRAL: ZFake1E2Mu/Central/jets/2/phi in Skim_TriLep_TTG_PTG100to200.root
2025-12-18 14:22:53,088 - INFO - [2022] MISSING_CENTRAL: ZFake1E2Mu/Central/jets/2/phi in Skim_TriLep_DYJets10to50.root
2025-12-18 14:22:53,089 - INFO - [2022] MISSING_CENTRAL: ZFake1E2Mu/Central/jets/2/phi in Skim_TriLep_TTG_PTG10to100.root
2025-12-18 14:22:53,091 - INFO - [2022] MISSING_CENTRAL: ZFake1E2Mu/Central/jets/2/phi in Skim_TriLep_TTG_PTG100to200.root
2025-12-18 14:38:17,486 - INFO - [2022] MISSING_CENTRAL: ZFake1E2Mu/Central/jets/2/phi in Skim_TriLep_DYJets10to50.root
2025-12-18 14:38:17,487 - INFO - [2022] MISSING_CENTRAL: ZFake1E2Mu/Central/jets/2/phi in Skim_TriLep_TTG_PTG10to100.root
2025-12-18 14:38:17,487 - INFO - [2022] MISSING_CENTRAL: ZFake1E2Mu/Central/jets/2/phi in Skim_TriLep_TTG_PTG100to200.root
2026-01-07 11:47:58,201 - INFO - [2022] MISSING_CENTRAL: ZFake1E2Mu/Central/jets/2/phi in Skim_TriLep_DYJets10to50.root
2026-01-07 11:47:58,228 - INFO - [2022] MISSING_CENTRAL: ZFake1E2Mu/Central/jets/2/phi in Skim_TriLep_TTG_PTG10to100.root
2026-01-07 11:47:58,243 - INFO - [2022] MISSING_CENTRAL: ZFake1E2Mu/Central/jets/2/phi in Skim_TriLep_TTG_PTG100to200.root
2026-01-07 18:44:42,264 - INFO - [2022] MISSING_CENTRAL: ZFake1E2Mu/Central/jets/2/phi in Skim_TriLep_DYJets10to50.root
2026-01-07 18:44:42,265 - INFO - [2022] MISSING_CENTRAL: ZFake1E2Mu/Central/jets/2/phi in Skim_TriLep_TTG_PTG10to100.root
2026-01-07 18:44:42,266 - INFO - [2022] MISSING_CENTRAL: ZFake1E2Mu/Central/jets/2/phi in Skim_TriLep_TTG_PTG100to200.root
2026-01-09 12:18:54,297 - INFO - [2022] MISSING_CENTRAL: ZFake1E2Mu/Central/jets/2/phi in Skim_TriLep_DYJets10to50.root
2026-01-09 12:18:54,298 - INFO - [2022] MISSING_CENTRAL: ZFake1E2Mu/Central/jets/2/phi in Skim_TriLep_TTG_PTG10to100.root
2026-01-09 12:18:54,298 - INFO - [2022] MISSING_CENTRAL: ZFake1E2Mu/Central/jets/2/phi in Skim_TriLep_TTG_PTG100to200.root
2026-01-11 09:38:58,147 - INFO - [2022] MISSING_CENTRAL: ZFake1E2Mu/Central/jets/2/phi in Skim_TriLep_DYJets10to50.root
2026-01-11 09:38:58,148 - INFO - [2022] MISSING_CENTRAL: ZFake1E2Mu/Central/jets/2/phi in Skim_TriLep_TTG_PTG10to100.root
2026-01-11 09:38:58,149 - INFO - [2022] MISSING_CENTRAL: ZFake1E2Mu/Central/jets/2/phi in Skim_TriLep_TTG_PTG100to200.root
2026-01-12 13:47:38,413 - INFO - [2022] MISSING_FILE: /home/choij/Sync/workspace/ChargedHiggsAnalysisV3/SKNanoOutput/MatrixSelector/Run1E2Mu/2022/Skim_TriLep_MuonEG_C.root
2026-01-12 13:47:38,414 - INFO - [2022] MISSING_FILE: /home/choij/Sync/workspace/ChargedHiggsAnalysisV3/SKNanoOutput/MatrixSelector/Run1E2Mu/2022/Skim_TriLep_MuonEG_D.root
2026-01-12 13:47:38,437 - INFO - [2022] MISSING_CENTRAL: ZFake1E2Mu/Central/jets/2/phi in Skim_TriLep_DYJets10to50.root
2026-01-12 13:47:38,438 - INFO - [2022] MISSING_CENTRAL: ZFake1E2Mu/Central/jets/2/phi in Skim_TriLep_TTG_PTG10to100.root
2026-01-12 13:47:38,438 - INFO - [2022] MISSING_CENTRAL: ZFake1E2Mu/Central/jets/2/phi in Skim_TriLep_TTG_PTG100to200.root
