2025-09-24 15:53:48,983 - INFO - [2022] MISSING_CENTRAL: ZFake1E2Mu/Central/jets/3/px in Skim_TriLep_DYJets.root
2025-09-24 15:53:48,984 - INFO - [2022] MISSING_CENTRAL: ZFake1E2Mu/Central/jets/3/px in Skim_TriLep_DYJets10to50.root
2025-09-24 15:53:48,984 - INFO - [2022] MISSING_CENTRAL: ZFake1E2Mu/Central/jets/3/px in Skim_TriLep_DYGTo2LG_MLL4to50_PTG10to100.root
2025-09-24 15:53:48,984 - INFO - [2022] MISSING_CENTRAL: ZFake1E2Mu/Central/jets/3/px in Skim_TriLep_DYGTo2LG_MLL4to50_PTG100to200.root
2025-09-24 15:53:48,985 - INFO - [2022] MISSING_CENTRAL: ZFake1E2Mu/Central/jets/3/px in Skim_TriLep_DYGTo2LG_MLL4to50_PTG200toInf.root
2025-09-24 15:53:49,032 - INFO - [2022] MISSING_CENTRAL: ZFake1E2Mu/Central/jets/3/px in Skim_TriLep_DYGTo2LG_MLL50_PTG100to200.root
2025-09-24 15:53:49,065 - INFO - [2022] MISSING_CENTRAL: ZFake1E2Mu/Central/jets/3/px in Skim_TriLep_TTG_PTG10to100.root
2025-09-24 15:53:49,066 - INFO - [2022] MISSING_CENTRAL: ZFake1E2Mu/Central/jets/3/px in Skim_TriLep_TTG_PTG100to200.root
2025-09-24 15:53:49,066 - INFO - [2022] MISSING_CENTRAL: ZFake1E2Mu/Central/jets/3/px in Skim_TriLep_TTG_PTG200toInf.root
2025-09-24 15:53:49,066 - INFO - [2022] MISSING_CENTRAL: ZFake1E2Mu/Central/jets/3/px in Skim_TriLep_TTWToLNu.root
2025-09-24 15:53:49,066 - INFO - [2022] MISSING_CENTRAL: ZFake1E2Mu/Central/jets/3/px in Skim_TriLep_TTZ_M4to50.root
2025-09-24 15:53:49,163 - INFO - [2022] MISSING_CENTRAL: ZFake1E2Mu/Central/jets/3/px in Skim_TriLep_WWW.root
2025-10-02 21:16:04,581 - INFO - [2022] MISSING_CENTRAL: ZFake1E2Mu/Central/jets/3/px in Skim_TriLep_DYJets.root
2025-10-02 21:16:04,582 - INFO - [2022] MISSING_CENTRAL: ZFake1E2Mu/Central/jets/3/px in Skim_TriLep_DYJets10to50.root
2025-10-02 21:16:04,591 - INFO - [2022] MISSING_CENTRAL: ZFake1E2Mu/Central/jets/3/px in Skim_TriLep_DYGTo2LG_MLL4to50_PTG10to100.root
2025-10-02 21:16:04,592 - INFO - [2022] MISSING_CENTRAL: ZFake1E2Mu/Central/jets/3/px in Skim_TriLep_DYGTo2LG_MLL4to50_PTG100to200.root
2025-10-02 21:16:04,593 - INFO - [2022] MISSING_CENTRAL: ZFake1E2Mu/Central/jets/3/px in Skim_TriLep_DYGTo2LG_MLL4to50_PTG200toInf.root
2025-10-02 21:16:04,648 - INFO - [2022] MISSING_CENTRAL: ZFake1E2Mu/Central/jets/3/px in Skim_TriLep_DYGTo2LG_MLL50_PTG100to200.root
2025-10-02 21:16:04,674 - INFO - [2022] MISSING_CENTRAL: ZFake1E2Mu/Central/jets/3/px in Skim_TriLep_TTG_PTG10to100.root
2025-10-02 21:16:04,675 - INFO - [2022] MISSING_CENTRAL: ZFake1E2Mu/Central/jets/3/px in Skim_TriLep_TTG_PTG100to200.root
2025-10-02 21:16:04,677 - INFO - [2022] MISSING_CENTRAL: ZFake1E2Mu/Central/jets/3/px in Skim_TriLep_TTG_PTG200toInf.root
2025-10-02 21:16:04,678 - INFO - [2022] MISSING_CENTRAL: ZFake1E2Mu/Central/jets/3/px in Skim_TriLep_TTWToLNu.root
2025-10-02 21:16:04,679 - INFO - [2022] MISSING_CENTRAL: ZFake1E2Mu/Central/jets/3/px in Skim_TriLep_TTZ_M4to50.root
2025-10-02 21:16:05,070 - INFO - [2022] MISSING_CENTRAL: ZFake1E2Mu/Central/jets/3/px in Skim_TriLep_WWW.root
2025-10-03 00:05:53,288 - INFO - [2022] MISSING_CENTRAL: ZFake1E2Mu/Central/jets/3/px in Skim_TriLep_DYJets.root
2025-10-03 00:05:53,290 - INFO - [2022] MISSING_CENTRAL: ZFake1E2Mu/Central/jets/3/px in Skim_TriLep_DYJets10to50.root
2025-10-03 00:05:53,290 - INFO - [2022] MISSING_CENTRAL: ZFake1E2Mu/Central/jets/3/px in Skim_TriLep_DYGTo2LG_MLL4to50_PTG10to100.root
2025-10-03 00:05:53,290 - INFO - [2022] MISSING_CENTRAL: ZFake1E2Mu/Central/jets/3/px in Skim_TriLep_DYGTo2LG_MLL4to50_PTG100to200.root
2025-10-03 00:05:53,290 - INFO - [2022] MISSING_CENTRAL: ZFake1E2Mu/Central/jets/3/px in Skim_TriLep_DYGTo2LG_MLL4to50_PTG200toInf.root
2025-10-03 00:05:53,328 - INFO - [2022] MISSING_CENTRAL: ZFake1E2Mu/Central/jets/3/px in Skim_TriLep_DYGTo2LG_MLL50_PTG100to200.root
2025-10-03 00:05:53,353 - INFO - [2022] MISSING_CENTRAL: ZFake1E2Mu/Central/jets/3/px in Skim_TriLep_TTG_PTG10to100.root
2025-10-03 00:05:53,412 - INFO - [2022] MISSING_CENTRAL: ZFake1E2Mu/Central/jets/3/px in Skim_TriLep_TTG_PTG100to200.root
2025-10-03 00:05:53,412 - INFO - [2022] MISSING_CENTRAL: ZFake1E2Mu/Central/jets/3/px in Skim_TriLep_TTG_PTG200toInf.root
2025-10-03 00:05:53,412 - INFO - [2022] MISSING_CENTRAL: ZFake1E2Mu/Central/jets/3/px in Skim_TriLep_TTWToLNu.root
2025-10-03 00:05:53,413 - INFO - [2022] MISSING_CENTRAL: ZFake1E2Mu/Central/jets/3/px in Skim_TriLep_TTZ_M4to50.root
2025-10-03 00:05:53,687 - INFO - [2022] MISSING_CENTRAL: ZFake1E2Mu/Central/jets/3/px in Skim_TriLep_WWW.root
