2025-09-24 15:53:45,910 - INFO - [2022] MISSING_CENTRAL: ZFake1E2Mu/Central/jets/3/pt in Skim_TriLep_DYJets.root
2025-09-24 15:53:45,911 - INFO - [2022] MISSING_CENTRAL: ZFake1E2Mu/Central/jets/3/pt in Skim_TriLep_DYJets10to50.root
2025-09-24 15:53:45,911 - INFO - [2022] MISSING_CENTRAL: ZFake1E2Mu/Central/jets/3/pt in Skim_TriLep_DYGTo2LG_MLL4to50_PTG10to100.root
2025-09-24 15:53:45,911 - INFO - [2022] MISSING_CENTRAL: ZFake1E2Mu/Central/jets/3/pt in Skim_TriLep_DYGTo2LG_MLL4to50_PTG100to200.root
2025-09-24 15:53:45,911 - INFO - [2022] MISSING_CENTRAL: ZFake1E2Mu/Central/jets/3/pt in Skim_TriLep_DYGTo2LG_MLL4to50_PTG200toInf.root
2025-09-24 15:53:45,922 - INFO - [2022] MISSING_CENTRAL: ZFake1E2Mu/Central/jets/3/pt in Skim_TriLep_DYGTo2LG_MLL50_PTG100to200.root
2025-09-24 15:53:45,930 - INFO - [2022] MISSING_CENTRAL: ZFake1E2Mu/Central/jets/3/pt in Skim_TriLep_TTG_PTG10to100.root
2025-09-24 15:53:45,931 - INFO - [2022] MISSING_CENTRAL: ZFake1E2Mu/Central/jets/3/pt in Skim_TriLep_TTG_PTG100to200.root
2025-09-24 15:53:45,931 - INFO - [2022] MISSING_CENTRAL: ZFake1E2Mu/Central/jets/3/pt in Skim_TriLep_TTG_PTG200toInf.root
2025-09-24 15:53:45,931 - INFO - [2022] MISSING_CENTRAL: ZFake1E2Mu/Central/jets/3/pt in Skim_TriLep_TTWToLNu.root
2025-09-24 15:53:45,931 - INFO - [2022] MISSING_CENTRAL: ZFake1E2Mu/Central/jets/3/pt in Skim_TriLep_TTZ_M4to50.root
2025-09-24 15:53:46,021 - INFO - [2022] MISSING_CENTRAL: ZFake1E2Mu/Central/jets/3/pt in Skim_TriLep_WWW.root
2025-10-02 21:15:58,474 - INFO - [2022] MISSING_CENTRAL: ZFake1E2Mu/Central/jets/3/pt in Skim_TriLep_DYJets.root
2025-10-02 21:15:58,474 - INFO - [2022] MISSING_CENTRAL: ZFake1E2Mu/Central/jets/3/pt in Skim_TriLep_DYJets10to50.root
2025-10-02 21:15:58,475 - INFO - [2022] MISSING_CENTRAL: ZFake1E2Mu/Central/jets/3/pt in Skim_TriLep_DYGTo2LG_MLL4to50_PTG10to100.root
2025-10-02 21:15:58,475 - INFO - [2022] MISSING_CENTRAL: ZFake1E2Mu/Central/jets/3/pt in Skim_TriLep_DYGTo2LG_MLL4to50_PTG100to200.root
2025-10-02 21:15:58,476 - INFO - [2022] MISSING_CENTRAL: ZFake1E2Mu/Central/jets/3/pt in Skim_TriLep_DYGTo2LG_MLL4to50_PTG200toInf.root
2025-10-02 21:15:58,493 - INFO - [2022] MISSING_CENTRAL: ZFake1E2Mu/Central/jets/3/pt in Skim_TriLep_DYGTo2LG_MLL50_PTG100to200.root
2025-10-02 21:15:58,505 - INFO - [2022] MISSING_CENTRAL: ZFake1E2Mu/Central/jets/3/pt in Skim_TriLep_TTG_PTG10to100.root
2025-10-02 21:15:58,505 - INFO - [2022] MISSING_CENTRAL: ZFake1E2Mu/Central/jets/3/pt in Skim_TriLep_TTG_PTG100to200.root
2025-10-02 21:15:58,506 - INFO - [2022] MISSING_CENTRAL: ZFake1E2Mu/Central/jets/3/pt in Skim_TriLep_TTG_PTG200toInf.root
2025-10-02 21:15:58,506 - INFO - [2022] MISSING_CENTRAL: ZFake1E2Mu/Central/jets/3/pt in Skim_TriLep_TTWToLNu.root
2025-10-02 21:15:58,507 - INFO - [2022] MISSING_CENTRAL: ZFake1E2Mu/Central/jets/3/pt in Skim_TriLep_TTZ_M4to50.root
2025-10-02 21:15:58,938 - INFO - [2022] MISSING_CENTRAL: ZFake1E2Mu/Central/jets/3/pt in Skim_TriLep_WWW.root
2025-10-03 00:05:51,156 - INFO - [2022] MISSING_CENTRAL: ZFake1E2Mu/Central/jets/3/pt in Skim_TriLep_DYJets.root
2025-10-03 00:05:51,156 - INFO - [2022] MISSING_CENTRAL: ZFake1E2Mu/Central/jets/3/pt in Skim_TriLep_DYJets10to50.root
2025-10-03 00:05:51,156 - INFO - [2022] MISSING_CENTRAL: ZFake1E2Mu/Central/jets/3/pt in Skim_TriLep_DYGTo2LG_MLL4to50_PTG10to100.root
2025-10-03 00:05:51,157 - INFO - [2022] MISSING_CENTRAL: ZFake1E2Mu/Central/jets/3/pt in Skim_TriLep_DYGTo2LG_MLL4to50_PTG100to200.root
2025-10-03 00:05:51,157 - INFO - [2022] MISSING_CENTRAL: ZFake1E2Mu/Central/jets/3/pt in Skim_TriLep_DYGTo2LG_MLL4to50_PTG200toInf.root
2025-10-03 00:05:51,182 - INFO - [2022] MISSING_CENTRAL: ZFake1E2Mu/Central/jets/3/pt in Skim_TriLep_DYGTo2LG_MLL50_PTG100to200.root
2025-10-03 00:05:51,190 - INFO - [2022] MISSING_CENTRAL: ZFake1E2Mu/Central/jets/3/pt in Skim_TriLep_TTG_PTG10to100.root
2025-10-03 00:05:51,190 - INFO - [2022] MISSING_CENTRAL: ZFake1E2Mu/Central/jets/3/pt in Skim_TriLep_TTG_PTG100to200.root
2025-10-03 00:05:51,190 - INFO - [2022] MISSING_CENTRAL: ZFake1E2Mu/Central/jets/3/pt in Skim_TriLep_TTG_PTG200toInf.root
2025-10-03 00:05:51,191 - INFO - [2022] MISSING_CENTRAL: ZFake1E2Mu/Central/jets/3/pt in Skim_TriLep_TTWToLNu.root
2025-10-03 00:05:51,191 - INFO - [2022] MISSING_CENTRAL: ZFake1E2Mu/Central/jets/3/pt in Skim_TriLep_TTZ_M4to50.root
2025-10-03 00:05:51,312 - INFO - [2022] MISSING_CENTRAL: ZFake1E2Mu/Central/jets/3/pt in Skim_TriLep_WWW.root
2025-11-07 13:08:35,262 - INFO - [2022] MISSING_FILE: /home/choij/Sync/workspace/ChargedHiggsAnalysisV3/SKNanoOutput/PromptSelector/Run1E2Mu/2022/Skim_TriLep_MuonEG_C.root
2025-11-07 13:08:35,263 - INFO - [2022] MISSING_FILE: /home/choij/Sync/workspace/ChargedHiggsAnalysisV3/SKNanoOutput/PromptSelector/Run1E2Mu/2022/Skim_TriLep_MuonEG_D.root
2025-11-07 14:06:18,199 - INFO - [2022] MISSING_FILE: /home/choij/Sync/workspace/ChargedHiggsAnalysisV3/SKNanoOutput/PromptSelector/Run1E2Mu/2022/Skim_TriLep_MuonEG_C.root
2025-11-07 14:06:18,199 - INFO - [2022] MISSING_FILE: /home/choij/Sync/workspace/ChargedHiggsAnalysisV3/SKNanoOutput/PromptSelector/Run1E2Mu/2022/Skim_TriLep_MuonEG_D.root
2025-11-10 12:21:23,486 - INFO - [2022] MISSING_CENTRAL: ZFake1E2Mu/Central/jets/3/pt in Skim_TriLep_DYJets.root
2025-11-10 12:21:23,487 - INFO - [2022] MISSING_CENTRAL: ZFake1E2Mu/Central/jets/3/pt in Skim_TriLep_DYJets10to50.root
2025-11-10 12:21:23,488 - INFO - [2022] MISSING_CENTRAL: ZFake1E2Mu/Central/jets/3/pt in Skim_TriLep_DYGTo2LG_MLL4to50_PTG10to100.root
2025-11-10 12:21:23,488 - INFO - [2022] MISSING_CENTRAL: ZFake1E2Mu/Central/jets/3/pt in Skim_TriLep_DYGTo2LG_MLL4to50_PTG100to200.root
2025-11-10 12:21:23,489 - INFO - [2022] MISSING_CENTRAL: ZFake1E2Mu/Central/jets/3/pt in Skim_TriLep_DYGTo2LG_MLL4to50_PTG200toInf.root
2025-11-10 12:21:23,504 - INFO - [2022] MISSING_CENTRAL: ZFake1E2Mu/Central/jets/3/pt in Skim_TriLep_DYGTo2LG_MLL50_PTG100to200.root
2025-11-10 12:21:23,517 - INFO - [2022] MISSING_CENTRAL: ZFake1E2Mu/Central/jets/3/pt in Skim_TriLep_TTG_PTG10to100.root
2025-11-10 12:21:23,517 - INFO - [2022] MISSING_CENTRAL: ZFake1E2Mu/Central/jets/3/pt in Skim_TriLep_TTG_PTG100to200.root
2025-11-10 12:21:23,518 - INFO - [2022] MISSING_CENTRAL: ZFake1E2Mu/Central/jets/3/pt in Skim_TriLep_TTG_PTG200toInf.root
2025-11-10 12:21:23,519 - INFO - [2022] MISSING_CENTRAL: ZFake1E2Mu/Central/jets/3/pt in Skim_TriLep_TTWToLNu.root
2025-11-10 12:21:23,519 - INFO - [2022] MISSING_CENTRAL: ZFake1E2Mu/Central/jets/3/pt in Skim_TriLep_TTZ_M4to50.root
2025-11-10 12:21:23,589 - INFO - [2022] MISSING_CENTRAL: ZFake1E2Mu/Central/jets/3/pt in Skim_TriLep_WWW.root
2025-11-13 11:10:50,913 - INFO - [2022] MISSING_CENTRAL: ZFake1E2Mu/Central/jets/3/pt in Skim_TriLep_DYJets.root
2025-11-13 11:10:50,914 - INFO - [2022] MISSING_CENTRAL: ZFake1E2Mu/Central/jets/3/pt in Skim_TriLep_DYJets10to50.root
2025-11-13 11:10:50,915 - INFO - [2022] MISSING_CENTRAL: ZFake1E2Mu/Central/jets/3/pt in Skim_TriLep_DYGTo2LG_MLL4to50_PTG10to100.root
2025-11-13 11:10:50,916 - INFO - [2022] MISSING_CENTRAL: ZFake1E2Mu/Central/jets/3/pt in Skim_TriLep_DYGTo2LG_MLL4to50_PTG100to200.root
2025-11-13 11:10:50,917 - INFO - [2022] MISSING_CENTRAL: ZFake1E2Mu/Central/jets/3/pt in Skim_TriLep_DYGTo2LG_MLL4to50_PTG200toInf.root
2025-11-13 11:10:51,203 - INFO - [2022] MISSING_CENTRAL: ZFake1E2Mu/Central/jets/3/pt in Skim_TriLep_DYGTo2LG_MLL50_PTG100to200.root
2025-11-13 11:10:51,390 - INFO - [2022] MISSING_CENTRAL: ZFake1E2Mu/Central/jets/3/pt in Skim_TriLep_TTG_PTG10to100.root
2025-11-13 11:10:51,399 - INFO - [2022] MISSING_CENTRAL: ZFake1E2Mu/Central/jets/3/pt in Skim_TriLep_TTG_PTG100to200.root
2025-11-13 11:10:51,414 - INFO - [2022] MISSING_CENTRAL: ZFake1E2Mu/Central/jets/3/pt in Skim_TriLep_TTG_PTG200toInf.root
2025-11-13 11:10:51,461 - INFO - [2022] MISSING_CENTRAL: ZFake1E2Mu/Central/jets/3/pt in Skim_TriLep_TTWToLNu.root
2025-11-13 11:10:51,521 - INFO - [2022] MISSING_CENTRAL: ZFake1E2Mu/Central/jets/3/pt in Skim_TriLep_TTZ_M4to50.root
2025-11-13 11:10:52,796 - INFO - [2022] MISSING_CENTRAL: ZFake1E2Mu/Central/jets/3/pt in Skim_TriLep_WWW.root
2025-11-19 16:10:08,829 - INFO - [2022] MISSING_CENTRAL: ZFake1E2Mu/Central/jets/3/pt in Skim_TriLep_DYJets.root
2025-11-19 16:10:08,830 - INFO - [2022] MISSING_CENTRAL: ZFake1E2Mu/Central/jets/3/pt in Skim_TriLep_DYJets10to50.root
2025-11-19 16:10:08,830 - INFO - [2022] MISSING_CENTRAL: ZFake1E2Mu/Central/jets/3/pt in Skim_TriLep_DYGTo2LG_MLL4to50_PTG10to100.root
2025-11-19 16:10:08,831 - INFO - [2022] MISSING_CENTRAL: ZFake1E2Mu/Central/jets/3/pt in Skim_TriLep_DYGTo2LG_MLL4to50_PTG100to200.root
2025-11-19 16:10:08,831 - INFO - [2022] MISSING_CENTRAL: ZFake1E2Mu/Central/jets/3/pt in Skim_TriLep_DYGTo2LG_MLL4to50_PTG200toInf.root
2025-11-19 16:10:08,847 - INFO - [2022] MISSING_CENTRAL: ZFake1E2Mu/Central/jets/3/pt in Skim_TriLep_DYGTo2LG_MLL50_PTG100to200.root
2025-11-19 16:10:08,859 - INFO - [2022] MISSING_CENTRAL: ZFake1E2Mu/Central/jets/3/pt in Skim_TriLep_TTG_PTG10to100.root
2025-11-19 16:10:08,860 - INFO - [2022] MISSING_CENTRAL: ZFake1E2Mu/Central/jets/3/pt in Skim_TriLep_TTG_PTG100to200.root
2025-11-19 16:10:08,860 - INFO - [2022] MISSING_CENTRAL: ZFake1E2Mu/Central/jets/3/pt in Skim_TriLep_TTG_PTG200toInf.root
2025-11-19 16:10:08,861 - INFO - [2022] MISSING_CENTRAL: ZFake1E2Mu/Central/jets/3/pt in Skim_TriLep_TTWToLNu.root
2025-11-19 16:10:08,862 - INFO - [2022] MISSING_CENTRAL: ZFake1E2Mu/Central/jets/3/pt in Skim_TriLep_TTZ_M4to50.root
2025-11-19 16:10:08,927 - INFO - [2022] MISSING_CENTRAL: ZFake1E2Mu/Central/jets/3/pt in Skim_TriLep_WWW.root
2025-11-19 16:23:46,576 - INFO - [2022] MISSING_CENTRAL: ZFake1E2Mu/Central/jets/3/pt in Skim_TriLep_DYJets.root
2025-11-19 16:23:46,577 - INFO - [2022] MISSING_CENTRAL: ZFake1E2Mu/Central/jets/3/pt in Skim_TriLep_DYJets10to50.root
2025-11-19 16:23:46,577 - INFO - [2022] MISSING_CENTRAL: ZFake1E2Mu/Central/jets/3/pt in Skim_TriLep_DYGTo2LG_MLL4to50_PTG10to100.root
2025-11-19 16:23:46,577 - INFO - [2022] MISSING_CENTRAL: ZFake1E2Mu/Central/jets/3/pt in Skim_TriLep_DYGTo2LG_MLL4to50_PTG100to200.root
2025-11-19 16:23:46,578 - INFO - [2022] MISSING_CENTRAL: ZFake1E2Mu/Central/jets/3/pt in Skim_TriLep_DYGTo2LG_MLL4to50_PTG200toInf.root
2025-11-19 16:23:46,594 - INFO - [2022] MISSING_CENTRAL: ZFake1E2Mu/Central/jets/3/pt in Skim_TriLep_DYGTo2LG_MLL50_PTG100to200.root
2025-11-19 16:23:46,606 - INFO - [2022] MISSING_CENTRAL: ZFake1E2Mu/Central/jets/3/pt in Skim_TriLep_TTG_PTG10to100.root
2025-11-19 16:23:46,607 - INFO - [2022] MISSING_CENTRAL: ZFake1E2Mu/Central/jets/3/pt in Skim_TriLep_TTG_PTG100to200.root
2025-11-19 16:23:46,608 - INFO - [2022] MISSING_CENTRAL: ZFake1E2Mu/Central/jets/3/pt in Skim_TriLep_TTG_PTG200toInf.root
2025-11-19 16:23:46,608 - INFO - [2022] MISSING_CENTRAL: ZFake1E2Mu/Central/jets/3/pt in Skim_TriLep_TTWToLNu.root
2025-11-19 16:23:46,609 - INFO - [2022] MISSING_CENTRAL: ZFake1E2Mu/Central/jets/3/pt in Skim_TriLep_TTZ_M4to50.root
2025-11-19 16:23:46,678 - INFO - [2022] MISSING_CENTRAL: ZFake1E2Mu/Central/jets/3/pt in Skim_TriLep_WWW.root
2025-12-17 22:38:08,657 - INFO - [2022] MISSING_SYSTEMATIC: ZFake1E2Mu/JetEn_Down/jets/3/pt in Skim_TriLep_DYJets.root
2025-12-17 22:38:08,731 - INFO - [2022] MISSING_CENTRAL: ZFake1E2Mu/Central/jets/3/pt in Skim_TriLep_DYJets10to50.root
2025-12-17 22:38:08,765 - INFO - [2022] MISSING_CENTRAL: ZFake1E2Mu/Central/jets/3/pt in Skim_TriLep_TTG_PTG10to100.root
2025-12-17 22:38:08,808 - INFO - [2022] MISSING_CENTRAL: ZFake1E2Mu/Central/jets/3/pt in Skim_TriLep_TTG_PTG100to200.root
2025-12-17 22:38:08,887 - INFO - [2022] MISSING_CENTRAL: ZFake1E2Mu/Central/jets/3/pt in Skim_TriLep_TTG_PTG200toInf.root
2025-12-17 22:38:09,037 - INFO - [2022] MISSING_CENTRAL: ZFake1E2Mu/Central/jets/3/pt in Skim_TriLep_TTWToLNu.root
2025-12-17 22:38:09,180 - INFO - [2022] MISSING_CENTRAL: ZFake1E2Mu/Central/jets/3/pt in Skim_TriLep_TTZ_M4to50.root
2025-12-17 22:38:11,457 - INFO - [2022] MISSING_CENTRAL: ZFake1E2Mu/Central/jets/3/pt in Skim_TriLep_WWW.root
2025-12-18 14:22:54,100 - INFO - [2022] MISSING_SYSTEMATIC: ZFake1E2Mu/JetEn_Down/jets/3/pt in Skim_TriLep_DYJets.root
2025-12-18 14:22:54,149 - INFO - [2022] MISSING_CENTRAL: ZFake1E2Mu/Central/jets/3/pt in Skim_TriLep_DYJets10to50.root
2025-12-18 14:22:54,150 - INFO - [2022] MISSING_CENTRAL: ZFake1E2Mu/Central/jets/3/pt in Skim_TriLep_TTG_PTG10to100.root
2025-12-18 14:22:54,151 - INFO - [2022] MISSING_CENTRAL: ZFake1E2Mu/Central/jets/3/pt in Skim_TriLep_TTG_PTG100to200.root
2025-12-18 14:22:54,153 - INFO - [2022] MISSING_CENTRAL: ZFake1E2Mu/Central/jets/3/pt in Skim_TriLep_TTG_PTG200toInf.root
2025-12-18 14:22:54,154 - INFO - [2022] MISSING_CENTRAL: ZFake1E2Mu/Central/jets/3/pt in Skim_TriLep_TTWToLNu.root
2025-12-18 14:22:54,155 - INFO - [2022] MISSING_CENTRAL: ZFake1E2Mu/Central/jets/3/pt in Skim_TriLep_TTZ_M4to50.root
2025-12-18 14:22:54,362 - INFO - [2022] MISSING_CENTRAL: ZFake1E2Mu/Central/jets/3/pt in Skim_TriLep_WWW.root
2025-12-18 14:38:17,809 - INFO - [2022] MISSING_SYSTEMATIC: ZFake1E2Mu/JetEn_Down/jets/3/pt in Skim_TriLep_DYJets.root
2025-12-18 14:38:17,836 - INFO - [2022] MISSING_CENTRAL: ZFake1E2Mu/Central/jets/3/pt in Skim_TriLep_DYJets10to50.root
2025-12-18 14:38:17,851 - INFO - [2022] MISSING_CENTRAL: ZFake1E2Mu/Central/jets/3/pt in Skim_TriLep_TTG_PTG10to100.root
2025-12-18 14:38:17,853 - INFO - [2022] MISSING_CENTRAL: ZFake1E2Mu/Central/jets/3/pt in Skim_TriLep_TTG_PTG100to200.root
2025-12-18 14:38:17,857 - INFO - [2022] MISSING_CENTRAL: ZFake1E2Mu/Central/jets/3/pt in Skim_TriLep_TTG_PTG200toInf.root
2025-12-18 14:38:17,862 - INFO - [2022] MISSING_CENTRAL: ZFake1E2Mu/Central/jets/3/pt in Skim_TriLep_TTWToLNu.root
2025-12-18 14:38:17,870 - INFO - [2022] MISSING_CENTRAL: ZFake1E2Mu/Central/jets/3/pt in Skim_TriLep_TTZ_M4to50.root
2025-12-18 14:38:18,102 - INFO - [2022] MISSING_CENTRAL: ZFake1E2Mu/Central/jets/3/pt in Skim_TriLep_WWW.root
2026-01-07 11:47:58,141 - INFO - [2022] MISSING_SYSTEMATIC: ZFake1E2Mu/JetEn_Down/jets/3/pt in Skim_TriLep_DYJets.root
2026-01-07 11:47:58,204 - INFO - [2022] MISSING_CENTRAL: ZFake1E2Mu/Central/jets/3/pt in Skim_TriLep_DYJets10to50.root
2026-01-07 11:47:58,228 - INFO - [2022] MISSING_CENTRAL: ZFake1E2Mu/Central/jets/3/pt in Skim_TriLep_TTG_PTG10to100.root
2026-01-07 11:47:58,243 - INFO - [2022] MISSING_CENTRAL: ZFake1E2Mu/Central/jets/3/pt in Skim_TriLep_TTG_PTG100to200.root
2026-01-07 11:47:58,328 - INFO - [2022] MISSING_CENTRAL: ZFake1E2Mu/Central/jets/3/pt in Skim_TriLep_TTG_PTG200toInf.root
2026-01-07 11:47:58,401 - INFO - [2022] MISSING_CENTRAL: ZFake1E2Mu/Central/jets/3/pt in Skim_TriLep_TTWToLNu.root
2026-01-07 11:47:58,445 - INFO - [2022] MISSING_CENTRAL: ZFake1E2Mu/Central/jets/3/pt in Skim_TriLep_TTZ_M4to50.root
2026-01-07 11:47:59,947 - INFO - [2022] MISSING_CENTRAL: ZFake1E2Mu/Central/jets/3/pt in Skim_TriLep_WWW.root
2026-01-07 18:44:42,287 - INFO - [2022] MISSING_SYSTEMATIC: ZFake1E2Mu/JetEn_Down/jets/3/pt in Skim_TriLep_DYJets.root
2026-01-07 18:44:42,312 - INFO - [2022] MISSING_CENTRAL: ZFake1E2Mu/Central/jets/3/pt in Skim_TriLep_DYJets10to50.root
2026-01-07 18:44:42,312 - INFO - [2022] MISSING_CENTRAL: ZFake1E2Mu/Central/jets/3/pt in Skim_TriLep_TTG_PTG10to100.root
2026-01-07 18:44:42,313 - INFO - [2022] MISSING_CENTRAL: ZFake1E2Mu/Central/jets/3/pt in Skim_TriLep_TTG_PTG100to200.root
2026-01-07 18:44:42,314 - INFO - [2022] MISSING_CENTRAL: ZFake1E2Mu/Central/jets/3/pt in Skim_TriLep_TTG_PTG200toInf.root
2026-01-07 18:44:42,315 - INFO - [2022] MISSING_CENTRAL: ZFake1E2Mu/Central/jets/3/pt in Skim_TriLep_TTWToLNu.root
2026-01-07 18:44:42,316 - INFO - [2022] MISSING_CENTRAL: ZFake1E2Mu/Central/jets/3/pt in Skim_TriLep_TTZ_M4to50.root
2026-01-07 18:44:42,430 - INFO - [2022] MISSING_CENTRAL: ZFake1E2Mu/Central/jets/3/pt in Skim_TriLep_WWW.root
2026-01-09 12:18:54,332 - INFO - [2022] MISSING_SYSTEMATIC: ZFake1E2Mu/JetEn_Down/jets/3/pt in Skim_TriLep_DYJets.root
2026-01-09 12:18:54,349 - INFO - [2022] MISSING_CENTRAL: ZFake1E2Mu/Central/jets/3/pt in Skim_TriLep_DYJets10to50.root
2026-01-09 12:18:54,349 - INFO - [2022] MISSING_CENTRAL: ZFake1E2Mu/Central/jets/3/pt in Skim_TriLep_TTG_PTG10to100.root
2026-01-09 12:18:54,350 - INFO - [2022] MISSING_CENTRAL: ZFake1E2Mu/Central/jets/3/pt in Skim_TriLep_TTG_PTG100to200.root
2026-01-09 12:18:54,351 - INFO - [2022] MISSING_CENTRAL: ZFake1E2Mu/Central/jets/3/pt in Skim_TriLep_TTG_PTG200toInf.root
2026-01-09 12:18:54,351 - INFO - [2022] MISSING_CENTRAL: ZFake1E2Mu/Central/jets/3/pt in Skim_TriLep_TTWToLNu.root
2026-01-09 12:18:54,352 - INFO - [2022] MISSING_CENTRAL: ZFake1E2Mu/Central/jets/3/pt in Skim_TriLep_TTZ_M4to50.root
2026-01-09 12:18:54,424 - INFO - [2022] MISSING_CENTRAL: ZFake1E2Mu/Central/jets/3/pt in Skim_TriLep_WWW.root
2026-01-11 09:38:58,137 - INFO - [2022] MISSING_SYSTEMATIC: ZFake1E2Mu/JetEn_Down/jets/3/pt in Skim_TriLep_DYJets.root
2026-01-11 09:38:58,155 - INFO - [2022] MISSING_CENTRAL: ZFake1E2Mu/Central/jets/3/pt in Skim_TriLep_DYJets10to50.root
2026-01-11 09:38:58,155 - INFO - [2022] MISSING_CENTRAL: ZFake1E2Mu/Central/jets/3/pt in Skim_TriLep_TTG_PTG10to100.root
2026-01-11 09:38:58,156 - INFO - [2022] MISSING_CENTRAL: ZFake1E2Mu/Central/jets/3/pt in Skim_TriLep_TTG_PTG100to200.root
2026-01-11 09:38:58,157 - INFO - [2022] MISSING_CENTRAL: ZFake1E2Mu/Central/jets/3/pt in Skim_TriLep_TTG_PTG200toInf.root
2026-01-11 09:38:58,157 - INFO - [2022] MISSING_CENTRAL: ZFake1E2Mu/Central/jets/3/pt in Skim_TriLep_TTWToLNu.root
2026-01-11 09:38:58,158 - INFO - [2022] MISSING_CENTRAL: ZFake1E2Mu/Central/jets/3/pt in Skim_TriLep_TTZ_M4to50.root
2026-01-11 09:38:58,229 - INFO - [2022] MISSING_CENTRAL: ZFake1E2Mu/Central/jets/3/pt in Skim_TriLep_WWW.root
2026-01-12 13:47:38,523 - INFO - [2022] MISSING_FILE: /home/choij/Sync/workspace/ChargedHiggsAnalysisV3/SKNanoOutput/MatrixSelector/Run1E2Mu/2022/Skim_TriLep_MuonEG_C.root
2026-01-12 13:47:38,523 - INFO - [2022] MISSING_FILE: /home/choij/Sync/workspace/ChargedHiggsAnalysisV3/SKNanoOutput/MatrixSelector/Run1E2Mu/2022/Skim_TriLep_MuonEG_D.root
2026-01-12 13:47:38,526 - INFO - [2022] MISSING_SYSTEMATIC: ZFake1E2Mu/JetEn_Down/jets/3/pt in Skim_TriLep_DYJets.root
2026-01-12 13:47:38,550 - INFO - [2022] MISSING_CENTRAL: ZFake1E2Mu/Central/jets/3/pt in Skim_TriLep_DYJets10to50.root
2026-01-12 13:47:38,550 - INFO - [2022] MISSING_CENTRAL: ZFake1E2Mu/Central/jets/3/pt in Skim_TriLep_TTG_PTG10to100.root
2026-01-12 13:47:38,551 - INFO - [2022] MISSING_CENTRAL: ZFake1E2Mu/Central/jets/3/pt in Skim_TriLep_TTG_PTG100to200.root
2026-01-12 13:47:38,551 - INFO - [2022] MISSING_CENTRAL: ZFake1E2Mu/Central/jets/3/pt in Skim_TriLep_TTG_PTG200toInf.root
2026-01-12 13:47:38,552 - INFO - [2022] MISSING_CENTRAL: ZFake1E2Mu/Central/jets/3/pt in Skim_TriLep_TTWToLNu.root
2026-01-12 13:47:38,552 - INFO - [2022] MISSING_CENTRAL: ZFake1E2Mu/Central/jets/3/pt in Skim_TriLep_TTZ_M4to50.root
2026-01-12 13:47:38,619 - INFO - [2022] MISSING_CENTRAL: ZFake1E2Mu/Central/jets/3/pt in Skim_TriLep_WWW.root
2026-01-16 19:02:44,307 - INFO - [2022] MISSING_SYSTEMATIC: ZFake1E2Mu/JetEn_Down/jets/3/pt in Skim_TriLep_DYJets.root
2026-01-16 19:02:44,324 - INFO - [2022] MISSING_CENTRAL: ZFake1E2Mu/Central/jets/3/pt in Skim_TriLep_DYJets10to50.root
2026-01-16 19:02:44,325 - INFO - [2022] MISSING_CENTRAL: ZFake1E2Mu/Central/jets/3/pt in Skim_TriLep_TTG_PTG10to100.root
2026-01-16 19:02:44,325 - INFO - [2022] MISSING_CENTRAL: ZFake1E2Mu/Central/jets/3/pt in Skim_TriLep_TTG_PTG100to200.root
2026-01-16 19:02:44,326 - INFO - [2022] MISSING_CENTRAL: ZFake1E2Mu/Central/jets/3/pt in Skim_TriLep_TTG_PTG200toInf.root
2026-01-16 19:02:44,326 - INFO - [2022] MISSING_CENTRAL: ZFake1E2Mu/Central/jets/3/pt in Skim_TriLep_TTWToLNu.root
2026-01-16 19:02:44,327 - INFO - [2022] MISSING_CENTRAL: ZFake1E2Mu/Central/jets/3/pt in Skim_TriLep_TTZ_M4to50.root
2026-01-16 19:02:44,405 - INFO - [2022] MISSING_CENTRAL: ZFake1E2Mu/Central/jets/3/pt in Skim_TriLep_WWW.root
