2025-09-24 15:53:42,454 - INFO - [2022] MISSING_CENTRAL: ZFake1E2Mu/Central/jets/1/pz in Skim_TriLep_DYJets.root
2025-09-24 15:53:42,454 - INFO - [2022] MISSING_CENTRAL: ZFake1E2Mu/Central/jets/1/pz in Skim_TriLep_DYJets10to50.root
2025-09-24 15:53:42,455 - INFO - [2022] MISSING_CENTRAL: ZFake1E2Mu/Central/jets/1/pz in Skim_TriLep_DYGTo2LG_MLL4to50_PTG10to100.root
2025-09-24 15:53:42,455 - INFO - [2022] MISSING_CENTRAL: ZFake1E2Mu/Central/jets/1/pz in Skim_TriLep_DYGTo2LG_MLL4to50_PTG100to200.root
2025-09-24 15:53:42,455 - INFO - [2022] MISSING_CENTRAL: ZFake1E2Mu/Central/jets/1/pz in Skim_TriLep_DYGTo2LG_MLL4to50_PTG200toInf.root
2025-09-24 15:53:42,726 - INFO - [2022] MISSING_CENTRAL: ZFake1E2Mu/Central/jets/1/pz in Skim_TriLep_TTG_PTG10to100.root
2025-09-24 15:53:42,726 - INFO - [2022] MISSING_CENTRAL: ZFake1E2Mu/Central/jets/1/pz in Skim_TriLep_TTG_PTG100to200.root
2025-10-02 21:15:56,729 - INFO - [2022] MISSING_CENTRAL: ZFake1E2Mu/Central/jets/1/pz in Skim_TriLep_DYJets.root
2025-10-02 21:15:56,730 - INFO - [2022] MISSING_CENTRAL: ZFake1E2Mu/Central/jets/1/pz in Skim_TriLep_DYJets10to50.root
2025-10-02 21:15:56,732 - INFO - [2022] MISSING_CENTRAL: ZFake1E2Mu/Central/jets/1/pz in Skim_TriLep_DYGTo2LG_MLL4to50_PTG10to100.root
2025-10-02 21:15:56,733 - INFO - [2022] MISSING_CENTRAL: ZFake1E2Mu/Central/jets/1/pz in Skim_TriLep_DYGTo2LG_MLL4to50_PTG100to200.root
2025-10-02 21:15:56,734 - INFO - [2022] MISSING_CENTRAL: ZFake1E2Mu/Central/jets/1/pz in Skim_TriLep_DYGTo2LG_MLL4to50_PTG200toInf.root
2025-10-02 21:15:57,194 - INFO - [2022] MISSING_CENTRAL: ZFake1E2Mu/Central/jets/1/pz in Skim_TriLep_TTG_PTG10to100.root
2025-10-02 21:15:57,214 - INFO - [2022] MISSING_CENTRAL: ZFake1E2Mu/Central/jets/1/pz in Skim_TriLep_TTG_PTG100to200.root
2025-10-03 00:05:48,071 - INFO - [2022] MISSING_CENTRAL: ZFake1E2Mu/Central/jets/1/pz in Skim_TriLep_DYJets.root
2025-10-03 00:05:48,071 - INFO - [2022] MISSING_CENTRAL: ZFake1E2Mu/Central/jets/1/pz in Skim_TriLep_DYJets10to50.root
2025-10-03 00:05:48,071 - INFO - [2022] MISSING_CENTRAL: ZFake1E2Mu/Central/jets/1/pz in Skim_TriLep_DYGTo2LG_MLL4to50_PTG10to100.root
2025-10-03 00:05:48,072 - INFO - [2022] MISSING_CENTRAL: ZFake1E2Mu/Central/jets/1/pz in Skim_TriLep_DYGTo2LG_MLL4to50_PTG100to200.root
2025-10-03 00:05:48,072 - INFO - [2022] MISSING_CENTRAL: ZFake1E2Mu/Central/jets/1/pz in Skim_TriLep_DYGTo2LG_MLL4to50_PTG200toInf.root
2025-10-03 00:05:48,343 - INFO - [2022] MISSING_CENTRAL: ZFake1E2Mu/Central/jets/1/pz in Skim_TriLep_TTG_PTG10to100.root
2025-10-03 00:05:48,343 - INFO - [2022] MISSING_CENTRAL: ZFake1E2Mu/Central/jets/1/pz in Skim_TriLep_TTG_PTG100to200.root
