2025-11-07 13:08:39,567 - INFO - [2022] MISSING_FILE: /home/choij/Sync/workspace/ChargedHiggsAnalysisV3/SKNanoOutput/PromptSelector/Run1E2Mu/2022/Skim_TriLep_MuonEG_C.root
2025-11-07 13:08:39,567 - INFO - [2022] MISSING_FILE: /home/choij/Sync/workspace/ChargedHiggsAnalysisV3/SKNanoOutput/PromptSelector/Run1E2Mu/2022/Skim_TriLep_MuonEG_D.root
2025-11-07 14:06:22,336 - INFO - [2022] MISSING_FILE: /home/choij/Sync/workspace/ChargedHiggsAnalysisV3/SKNanoOutput/PromptSelector/Run1E2Mu/2022/Skim_TriLep_MuonEG_C.root
2025-11-07 14:06:22,336 - INFO - [2022] MISSING_FILE: /home/choij/Sync/workspace/ChargedHiggsAnalysisV3/SKNanoOutput/PromptSelector/Run1E2Mu/2022/Skim_TriLep_MuonEG_D.root
2025-11-10 12:21:29,548 - INFO - [2022] MISSING_CENTRAL: ZFake1E2Mu/Central/MHc115_MA87/score_ttZ in Skim_TriLep_DYJets.root
2025-11-10 12:21:29,548 - INFO - [2022] MISSING_CENTRAL: ZFake1E2Mu/Central/MHc115_MA87/score_ttZ in Skim_TriLep_DYJets10to50.root
2025-11-10 12:21:29,549 - INFO - [2022] MISSING_CENTRAL: ZFake1E2Mu/Central/MHc115_MA87/score_ttZ in Skim_TriLep_DYGTo2LG_MLL4to50_PTG10to100.root
2025-11-10 12:21:29,552 - INFO - [2022] MISSING_CENTRAL: ZFake1E2Mu/Central/MHc115_MA87/score_ttZ in Skim_TriLep_DYGTo2LG_MLL4to50_PTG100to200.root
2025-11-10 12:21:29,554 - INFO - [2022] MISSING_CENTRAL: ZFake1E2Mu/Central/MHc115_MA87/score_ttZ in Skim_TriLep_DYGTo2LG_MLL4to50_PTG200toInf.root
2025-11-10 12:21:29,595 - INFO - [2022] MISSING_CENTRAL: ZFake1E2Mu/Central/MHc115_MA87/score_ttZ in Skim_TriLep_TTG_PTG10to100.root
2025-11-10 12:21:29,599 - INFO - [2022] MISSING_CENTRAL: ZFake1E2Mu/Central/MHc115_MA87/score_ttZ in Skim_TriLep_TTG_PTG100to200.root
2025-11-13 11:10:58,872 - INFO - [2022] MISSING_CENTRAL: ZFake1E2Mu/Central/MHc115_MA87/score_ttZ in Skim_TriLep_DYJets.root
2025-11-13 11:10:58,873 - INFO - [2022] MISSING_CENTRAL: ZFake1E2Mu/Central/MHc115_MA87/score_ttZ in Skim_TriLep_DYJets10to50.root
2025-11-13 11:10:58,874 - INFO - [2022] MISSING_CENTRAL: ZFake1E2Mu/Central/MHc115_MA87/score_ttZ in Skim_TriLep_DYGTo2LG_MLL4to50_PTG10to100.root
2025-11-13 11:10:58,875 - INFO - [2022] MISSING_CENTRAL: ZFake1E2Mu/Central/MHc115_MA87/score_ttZ in Skim_TriLep_DYGTo2LG_MLL4to50_PTG100to200.root
2025-11-13 11:10:58,876 - INFO - [2022] MISSING_CENTRAL: ZFake1E2Mu/Central/MHc115_MA87/score_ttZ in Skim_TriLep_DYGTo2LG_MLL4to50_PTG200toInf.root
2025-11-13 11:10:58,912 - INFO - [2022] MISSING_CENTRAL: ZFake1E2Mu/Central/MHc115_MA87/score_ttZ in Skim_TriLep_TTG_PTG10to100.root
2025-11-13 11:10:58,913 - INFO - [2022] MISSING_CENTRAL: ZFake1E2Mu/Central/MHc115_MA87/score_ttZ in Skim_TriLep_TTG_PTG100to200.root
2025-11-19 16:10:14,963 - INFO - [2022] MISSING_CENTRAL: ZFake1E2Mu/Central/MHc115_MA87/score_ttZ in Skim_TriLep_DYJets.root
2025-11-19 16:10:14,963 - INFO - [2022] MISSING_CENTRAL: ZFake1E2Mu/Central/MHc115_MA87/score_ttZ in Skim_TriLep_DYJets10to50.root
2025-11-19 16:10:14,964 - INFO - [2022] MISSING_CENTRAL: ZFake1E2Mu/Central/MHc115_MA87/score_ttZ in Skim_TriLep_DYGTo2LG_MLL4to50_PTG10to100.root
2025-11-19 16:10:14,964 - INFO - [2022] MISSING_CENTRAL: ZFake1E2Mu/Central/MHc115_MA87/score_ttZ in Skim_TriLep_DYGTo2LG_MLL4to50_PTG100to200.root
2025-11-19 16:10:14,965 - INFO - [2022] MISSING_CENTRAL: ZFake1E2Mu/Central/MHc115_MA87/score_ttZ in Skim_TriLep_DYGTo2LG_MLL4to50_PTG200toInf.root
2025-11-19 16:10:14,992 - INFO - [2022] MISSING_CENTRAL: ZFake1E2Mu/Central/MHc115_MA87/score_ttZ in Skim_TriLep_TTG_PTG10to100.root
2025-11-19 16:10:14,996 - INFO - [2022] MISSING_CENTRAL: ZFake1E2Mu/Central/MHc115_MA87/score_ttZ in Skim_TriLep_TTG_PTG100to200.root
2025-11-19 16:23:52,648 - INFO - [2022] MISSING_CENTRAL: ZFake1E2Mu/Central/MHc115_MA87/score_ttZ in Skim_TriLep_DYJets.root
2025-11-19 16:23:52,648 - INFO - [2022] MISSING_CENTRAL: ZFake1E2Mu/Central/MHc115_MA87/score_ttZ in Skim_TriLep_DYJets10to50.root
2025-11-19 16:23:52,649 - INFO - [2022] MISSING_CENTRAL: ZFake1E2Mu/Central/MHc115_MA87/score_ttZ in Skim_TriLep_DYGTo2LG_MLL4to50_PTG10to100.root
2025-11-19 16:23:52,649 - INFO - [2022] MISSING_CENTRAL: ZFake1E2Mu/Central/MHc115_MA87/score_ttZ in Skim_TriLep_DYGTo2LG_MLL4to50_PTG100to200.root
2025-11-19 16:23:52,650 - INFO - [2022] MISSING_CENTRAL: ZFake1E2Mu/Central/MHc115_MA87/score_ttZ in Skim_TriLep_DYGTo2LG_MLL4to50_PTG200toInf.root
2025-11-19 16:23:52,673 - INFO - [2022] MISSING_CENTRAL: ZFake1E2Mu/Central/MHc115_MA87/score_ttZ in Skim_TriLep_TTG_PTG10to100.root
2025-11-19 16:23:52,674 - INFO - [2022] MISSING_CENTRAL: ZFake1E2Mu/Central/MHc115_MA87/score_ttZ in Skim_TriLep_TTG_PTG100to200.root
2025-12-17 22:38:18,132 - INFO - [2022] MISSING_CENTRAL: ZFake1E2Mu/Central/MHc115_MA87/score_ttZ in Skim_TriLep_DYJets10to50.root
2025-12-17 22:38:18,133 - INFO - [2022] MISSING_CENTRAL: ZFake1E2Mu/Central/MHc115_MA87/score_ttZ in Skim_TriLep_TTG_PTG10to100.root
2025-12-17 22:38:18,134 - INFO - [2022] MISSING_CENTRAL: ZFake1E2Mu/Central/MHc115_MA87/score_ttZ in Skim_TriLep_TTG_PTG100to200.root
2025-12-18 14:22:59,892 - INFO - [2022] MISSING_CENTRAL: ZFake1E2Mu/Central/MHc115_MA87/score_ttZ in Skim_TriLep_DYJets10to50.root
2025-12-18 14:22:59,893 - INFO - [2022] MISSING_CENTRAL: ZFake1E2Mu/Central/MHc115_MA87/score_ttZ in Skim_TriLep_TTG_PTG10to100.root
2025-12-18 14:22:59,897 - INFO - [2022] MISSING_CENTRAL: ZFake1E2Mu/Central/MHc115_MA87/score_ttZ in Skim_TriLep_TTG_PTG100to200.root
2025-12-18 14:38:24,503 - INFO - [2022] MISSING_CENTRAL: ZFake1E2Mu/Central/MHc115_MA87/score_ttZ in Skim_TriLep_DYJets10to50.root
2025-12-18 14:38:24,504 - INFO - [2022] MISSING_CENTRAL: ZFake1E2Mu/Central/MHc115_MA87/score_ttZ in Skim_TriLep_TTG_PTG10to100.root
2025-12-18 14:38:24,505 - INFO - [2022] MISSING_CENTRAL: ZFake1E2Mu/Central/MHc115_MA87/score_ttZ in Skim_TriLep_TTG_PTG100to200.root
2026-01-07 11:48:06,154 - INFO - [2022] MISSING_CENTRAL: ZFake1E2Mu/Central/MHc115_MA87/score_ttZ in Skim_TriLep_DYJets10to50.root
2026-01-07 11:48:06,155 - INFO - [2022] MISSING_CENTRAL: ZFake1E2Mu/Central/MHc115_MA87/score_ttZ in Skim_TriLep_TTG_PTG10to100.root
2026-01-07 11:48:06,156 - INFO - [2022] MISSING_CENTRAL: ZFake1E2Mu/Central/MHc115_MA87/score_ttZ in Skim_TriLep_TTG_PTG100to200.root
