2025-11-07 13:08:39,407 - INFO - [2022] MISSING_FILE: /home/choij/Sync/workspace/ChargedHiggsAnalysisV3/SKNanoOutput/PromptSelector/Run1E2Mu/2022/Skim_TriLep_MuonEG_C.root
2025-11-07 13:08:39,414 - INFO - [2022] MISSING_FILE: /home/choij/Sync/workspace/ChargedHiggsAnalysisV3/SKNanoOutput/PromptSelector/Run1E2Mu/2022/Skim_TriLep_MuonEG_D.root
2025-11-07 14:06:22,285 - INFO - [2022] MISSING_FILE: /home/choij/Sync/workspace/ChargedHiggsAnalysisV3/SKNanoOutput/PromptSelector/Run1E2Mu/2022/Skim_TriLep_MuonEG_C.root
2025-11-07 14:06:22,285 - INFO - [2022] MISSING_FILE: /home/choij/Sync/workspace/ChargedHiggsAnalysisV3/SKNanoOutput/PromptSelector/Run1E2Mu/2022/Skim_TriLep_MuonEG_D.root
2025-11-10 12:21:28,849 - INFO - [2022] MISSING_CENTRAL: ZFake1E2Mu/Central/MHc100_MA95/score_signal in Skim_TriLep_DYJets.root
2025-11-10 12:21:28,849 - INFO - [2022] MISSING_CENTRAL: ZFake1E2Mu/Central/MHc100_MA95/score_signal in Skim_TriLep_DYJets10to50.root
2025-11-10 12:21:28,850 - INFO - [2022] MISSING_CENTRAL: ZFake1E2Mu/Central/MHc100_MA95/score_signal in Skim_TriLep_DYGTo2LG_MLL4to50_PTG10to100.root
2025-11-10 12:21:28,850 - INFO - [2022] MISSING_CENTRAL: ZFake1E2Mu/Central/MHc100_MA95/score_signal in Skim_TriLep_DYGTo2LG_MLL4to50_PTG100to200.root
2025-11-10 12:21:28,851 - INFO - [2022] MISSING_CENTRAL: ZFake1E2Mu/Central/MHc100_MA95/score_signal in Skim_TriLep_DYGTo2LG_MLL4to50_PTG200toInf.root
2025-11-10 12:21:28,874 - INFO - [2022] MISSING_CENTRAL: ZFake1E2Mu/Central/MHc100_MA95/score_signal in Skim_TriLep_TTG_PTG10to100.root
2025-11-10 12:21:28,875 - INFO - [2022] MISSING_CENTRAL: ZFake1E2Mu/Central/MHc100_MA95/score_signal in Skim_TriLep_TTG_PTG100to200.root
2025-11-13 11:10:58,863 - INFO - [2022] MISSING_CENTRAL: ZFake1E2Mu/Central/MHc100_MA95/score_signal in Skim_TriLep_DYJets.root
2025-11-13 11:10:58,864 - INFO - [2022] MISSING_CENTRAL: ZFake1E2Mu/Central/MHc100_MA95/score_signal in Skim_TriLep_DYJets10to50.root
2025-11-13 11:10:58,865 - INFO - [2022] MISSING_CENTRAL: ZFake1E2Mu/Central/MHc100_MA95/score_signal in Skim_TriLep_DYGTo2LG_MLL4to50_PTG10to100.root
2025-11-13 11:10:58,866 - INFO - [2022] MISSING_CENTRAL: ZFake1E2Mu/Central/MHc100_MA95/score_signal in Skim_TriLep_DYGTo2LG_MLL4to50_PTG100to200.root
2025-11-13 11:10:58,866 - INFO - [2022] MISSING_CENTRAL: ZFake1E2Mu/Central/MHc100_MA95/score_signal in Skim_TriLep_DYGTo2LG_MLL4to50_PTG200toInf.root
2025-11-13 11:10:58,903 - INFO - [2022] MISSING_CENTRAL: ZFake1E2Mu/Central/MHc100_MA95/score_signal in Skim_TriLep_TTG_PTG10to100.root
2025-11-13 11:10:58,905 - INFO - [2022] MISSING_CENTRAL: ZFake1E2Mu/Central/MHc100_MA95/score_signal in Skim_TriLep_TTG_PTG100to200.root
2025-11-19 16:10:14,436 - INFO - [2022] MISSING_CENTRAL: ZFake1E2Mu/Central/MHc100_MA95/score_signal in Skim_TriLep_DYJets.root
2025-11-19 16:10:14,436 - INFO - [2022] MISSING_CENTRAL: ZFake1E2Mu/Central/MHc100_MA95/score_signal in Skim_TriLep_DYJets10to50.root
2025-11-19 16:10:14,437 - INFO - [2022] MISSING_CENTRAL: ZFake1E2Mu/Central/MHc100_MA95/score_signal in Skim_TriLep_DYGTo2LG_MLL4to50_PTG10to100.root
2025-11-19 16:10:14,437 - INFO - [2022] MISSING_CENTRAL: ZFake1E2Mu/Central/MHc100_MA95/score_signal in Skim_TriLep_DYGTo2LG_MLL4to50_PTG100to200.root
2025-11-19 16:10:14,438 - INFO - [2022] MISSING_CENTRAL: ZFake1E2Mu/Central/MHc100_MA95/score_signal in Skim_TriLep_DYGTo2LG_MLL4to50_PTG200toInf.root
2025-11-19 16:10:14,460 - INFO - [2022] MISSING_CENTRAL: ZFake1E2Mu/Central/MHc100_MA95/score_signal in Skim_TriLep_TTG_PTG10to100.root
2025-11-19 16:10:14,461 - INFO - [2022] MISSING_CENTRAL: ZFake1E2Mu/Central/MHc100_MA95/score_signal in Skim_TriLep_TTG_PTG100to200.root
2025-11-19 16:23:52,093 - INFO - [2022] MISSING_CENTRAL: ZFake1E2Mu/Central/MHc100_MA95/score_signal in Skim_TriLep_DYJets.root
2025-11-19 16:23:52,093 - INFO - [2022] MISSING_CENTRAL: ZFake1E2Mu/Central/MHc100_MA95/score_signal in Skim_TriLep_DYJets10to50.root
2025-11-19 16:23:52,093 - INFO - [2022] MISSING_CENTRAL: ZFake1E2Mu/Central/MHc100_MA95/score_signal in Skim_TriLep_DYGTo2LG_MLL4to50_PTG10to100.root
2025-11-19 16:23:52,094 - INFO - [2022] MISSING_CENTRAL: ZFake1E2Mu/Central/MHc100_MA95/score_signal in Skim_TriLep_DYGTo2LG_MLL4to50_PTG100to200.root
2025-11-19 16:23:52,094 - INFO - [2022] MISSING_CENTRAL: ZFake1E2Mu/Central/MHc100_MA95/score_signal in Skim_TriLep_DYGTo2LG_MLL4to50_PTG200toInf.root
2025-11-19 16:23:52,118 - INFO - [2022] MISSING_CENTRAL: ZFake1E2Mu/Central/MHc100_MA95/score_signal in Skim_TriLep_TTG_PTG10to100.root
2025-11-19 16:23:52,119 - INFO - [2022] MISSING_CENTRAL: ZFake1E2Mu/Central/MHc100_MA95/score_signal in Skim_TriLep_TTG_PTG100to200.root
