2025-09-24 15:53:35,737 - INFO - [2022] MISSING_CENTRAL: ZFake1E2Mu/Central/muons/2/charge in Skim_TriLep_DYJets.root
2025-09-24 15:53:35,738 - INFO - [2022] MISSING_CENTRAL: ZFake1E2Mu/Central/muons/2/charge in Skim_TriLep_DYJets10to50.root
2025-09-24 15:53:35,738 - INFO - [2022] MISSING_CENTRAL: ZFake1E2Mu/Central/muons/2/charge in Skim_TriLep_DYGTo2LG_MLL4to50_PTG10to100.root
2025-09-24 15:53:35,738 - INFO - [2022] MISSING_CENTRAL: ZFake1E2Mu/Central/muons/2/charge in Skim_TriLep_DYGTo2LG_MLL4to50_PTG100to200.root
2025-09-24 15:53:35,738 - INFO - [2022] MISSING_CENTRAL: ZFake1E2Mu/Central/muons/2/charge in Skim_TriLep_DYGTo2LG_MLL4to50_PTG200toInf.root
2025-09-24 15:53:35,784 - INFO - [2022] MISSING_CENTRAL: ZFake1E2Mu/Central/muons/2/charge in Skim_TriLep_TTG_PTG10to100.root
2025-09-24 15:53:35,784 - INFO - [2022] MISSING_CENTRAL: ZFake1E2Mu/Central/muons/2/charge in Skim_TriLep_TTG_PTG100to200.root
2025-10-02 21:15:57,262 - INFO - [2022] MISSING_CENTRAL: ZFake1E2Mu/Central/muons/2/charge in Skim_TriLep_DYJets.root
2025-10-02 21:15:57,263 - INFO - [2022] MISSING_CENTRAL: ZFake1E2Mu/Central/muons/2/charge in Skim_TriLep_DYJets10to50.root
2025-10-02 21:15:57,264 - INFO - [2022] MISSING_CENTRAL: ZFake1E2Mu/Central/muons/2/charge in Skim_TriLep_DYGTo2LG_MLL4to50_PTG10to100.root
2025-10-02 21:15:57,266 - INFO - [2022] MISSING_CENTRAL: ZFake1E2Mu/Central/muons/2/charge in Skim_TriLep_DYGTo2LG_MLL4to50_PTG100to200.root
2025-10-02 21:15:57,269 - INFO - [2022] MISSING_CENTRAL: ZFake1E2Mu/Central/muons/2/charge in Skim_TriLep_DYGTo2LG_MLL4to50_PTG200toInf.root
2025-10-02 21:15:57,306 - INFO - [2022] MISSING_CENTRAL: ZFake1E2Mu/Central/muons/2/charge in Skim_TriLep_TTG_PTG10to100.root
2025-10-02 21:15:57,307 - INFO - [2022] MISSING_CENTRAL: ZFake1E2Mu/Central/muons/2/charge in Skim_TriLep_TTG_PTG100to200.root
2025-10-03 00:05:42,603 - INFO - [2022] MISSING_CENTRAL: ZFake1E2Mu/Central/muons/2/charge in Skim_TriLep_DYJets.root
2025-10-03 00:05:42,605 - INFO - [2022] MISSING_CENTRAL: ZFake1E2Mu/Central/muons/2/charge in Skim_TriLep_DYJets10to50.root
2025-10-03 00:05:42,605 - INFO - [2022] MISSING_CENTRAL: ZFake1E2Mu/Central/muons/2/charge in Skim_TriLep_DYGTo2LG_MLL4to50_PTG10to100.root
2025-10-03 00:05:42,605 - INFO - [2022] MISSING_CENTRAL: ZFake1E2Mu/Central/muons/2/charge in Skim_TriLep_DYGTo2LG_MLL4to50_PTG100to200.root
2025-10-03 00:05:42,605 - INFO - [2022] MISSING_CENTRAL: ZFake1E2Mu/Central/muons/2/charge in Skim_TriLep_DYGTo2LG_MLL4to50_PTG200toInf.root
2025-10-03 00:05:42,704 - INFO - [2022] MISSING_CENTRAL: ZFake1E2Mu/Central/muons/2/charge in Skim_TriLep_TTG_PTG10to100.root
2025-10-03 00:05:42,705 - INFO - [2022] MISSING_CENTRAL: ZFake1E2Mu/Central/muons/2/charge in Skim_TriLep_TTG_PTG100to200.root
2025-11-07 13:08:33,044 - INFO - [2022] MISSING_FILE: /home/choij/Sync/workspace/ChargedHiggsAnalysisV3/SKNanoOutput/PromptSelector/Run1E2Mu/2022/Skim_TriLep_MuonEG_C.root
2025-11-07 13:08:33,045 - INFO - [2022] MISSING_FILE: /home/choij/Sync/workspace/ChargedHiggsAnalysisV3/SKNanoOutput/PromptSelector/Run1E2Mu/2022/Skim_TriLep_MuonEG_D.root
2025-11-07 14:06:15,920 - INFO - [2022] MISSING_FILE: /home/choij/Sync/workspace/ChargedHiggsAnalysisV3/SKNanoOutput/PromptSelector/Run1E2Mu/2022/Skim_TriLep_MuonEG_C.root
2025-11-07 14:06:15,920 - INFO - [2022] MISSING_FILE: /home/choij/Sync/workspace/ChargedHiggsAnalysisV3/SKNanoOutput/PromptSelector/Run1E2Mu/2022/Skim_TriLep_MuonEG_D.root
