2025-09-24 15:53:33,195 - INFO - [2022] MISSING_CENTRAL: ZFake1E2Mu/Central/muons/1/eta in Skim_TriLep_DYJets.root
2025-09-24 15:53:33,197 - INFO - [2022] MISSING_CENTRAL: ZFake1E2Mu/Central/muons/1/eta in Skim_TriLep_DYJets10to50.root
2025-09-24 15:53:33,197 - INFO - [2022] MISSING_CENTRAL: ZFake1E2Mu/Central/muons/1/eta in Skim_TriLep_DYGTo2LG_MLL4to50_PTG10to100.root
2025-09-24 15:53:33,198 - INFO - [2022] MISSING_CENTRAL: ZFake1E2Mu/Central/muons/1/eta in Skim_TriLep_DYGTo2LG_MLL4to50_PTG100to200.root
2025-09-24 15:53:33,199 - INFO - [2022] MISSING_CENTRAL: ZFake1E2Mu/Central/muons/1/eta in Skim_TriLep_DYGTo2LG_MLL4to50_PTG200toInf.root
2025-09-24 15:53:33,224 - INFO - [2022] MISSING_CENTRAL: ZFake1E2Mu/Central/muons/1/eta in Skim_TriLep_TTG_PTG10to100.root
2025-09-24 15:53:33,224 - INFO - [2022] MISSING_CENTRAL: ZFake1E2Mu/Central/muons/1/eta in Skim_TriLep_TTG_PTG100to200.root
2025-10-02 21:15:56,534 - INFO - [2022] MISSING_CENTRAL: ZFake1E2Mu/Central/muons/1/eta in Skim_TriLep_DYJets.root
2025-10-02 21:15:56,561 - INFO - [2022] MISSING_CENTRAL: ZFake1E2Mu/Central/muons/1/eta in Skim_TriLep_DYJets10to50.root
2025-10-02 21:15:56,591 - INFO - [2022] MISSING_CENTRAL: ZFake1E2Mu/Central/muons/1/eta in Skim_TriLep_DYGTo2LG_MLL4to50_PTG10to100.root
2025-10-02 21:15:56,619 - INFO - [2022] MISSING_CENTRAL: ZFake1E2Mu/Central/muons/1/eta in Skim_TriLep_DYGTo2LG_MLL4to50_PTG100to200.root
2025-10-02 21:15:56,629 - INFO - [2022] MISSING_CENTRAL: ZFake1E2Mu/Central/muons/1/eta in Skim_TriLep_DYGTo2LG_MLL4to50_PTG200toInf.root
2025-10-02 21:15:57,195 - INFO - [2022] MISSING_CENTRAL: ZFake1E2Mu/Central/muons/1/eta in Skim_TriLep_TTG_PTG10to100.root
2025-10-02 21:15:57,214 - INFO - [2022] MISSING_CENTRAL: ZFake1E2Mu/Central/muons/1/eta in Skim_TriLep_TTG_PTG100to200.root
2025-10-03 00:05:40,502 - INFO - [2022] MISSING_CENTRAL: ZFake1E2Mu/Central/muons/1/eta in Skim_TriLep_DYJets.root
2025-10-03 00:05:40,503 - INFO - [2022] MISSING_CENTRAL: ZFake1E2Mu/Central/muons/1/eta in Skim_TriLep_DYJets10to50.root
2025-10-03 00:05:40,503 - INFO - [2022] MISSING_CENTRAL: ZFake1E2Mu/Central/muons/1/eta in Skim_TriLep_DYGTo2LG_MLL4to50_PTG10to100.root
2025-10-03 00:05:40,504 - INFO - [2022] MISSING_CENTRAL: ZFake1E2Mu/Central/muons/1/eta in Skim_TriLep_DYGTo2LG_MLL4to50_PTG100to200.root
2025-10-03 00:05:40,504 - INFO - [2022] MISSING_CENTRAL: ZFake1E2Mu/Central/muons/1/eta in Skim_TriLep_DYGTo2LG_MLL4to50_PTG200toInf.root
2025-10-03 00:05:40,531 - INFO - [2022] MISSING_CENTRAL: ZFake1E2Mu/Central/muons/1/eta in Skim_TriLep_TTG_PTG10to100.root
2025-10-03 00:05:40,531 - INFO - [2022] MISSING_CENTRAL: ZFake1E2Mu/Central/muons/1/eta in Skim_TriLep_TTG_PTG100to200.root
