2025-12-18 14:16:20,227 - INFO - [2016postVFP] MISSING_CENTRAL: TTZ2E1Mu/Central/electrons/1/px in Skim_TriLep_DYJets.root
2025-12-18 14:16:20,228 - INFO - [2016postVFP] MISSING_CENTRAL: TTZ2E1Mu/Central/electrons/1/px in Skim_TriLep_DYJets10to50.root
2025-12-18 14:31:50,535 - INFO - [2016postVFP] MISSING_CENTRAL: TTZ2E1Mu/Central/electrons/1/px in Skim_TriLep_DYJets.root
2025-12-18 14:31:50,536 - INFO - [2016postVFP] MISSING_CENTRAL: TTZ2E1Mu/Central/electrons/1/px in Skim_TriLep_DYJets10to50.root
2025-12-18 21:33:36,367 - INFO - [2016postVFP] MISSING_CENTRAL: TTZ2E1Mu/Central/electrons/1/px in Skim_TriLep_DYJets.root
2025-12-18 21:33:36,368 - INFO - [2016postVFP] MISSING_CENTRAL: TTZ2E1Mu/Central/electrons/1/px in Skim_TriLep_DYJets10to50.root
2025-12-18 23:42:20,273 - INFO - [2016postVFP] MISSING_CENTRAL: TTZ2E1Mu/Central/electrons/1/px in Skim_TriLep_DYJets.root
2025-12-18 23:42:20,274 - INFO - [2016postVFP] MISSING_CENTRAL: TTZ2E1Mu/Central/electrons/1/px in Skim_TriLep_DYJets10to50.root
2026-01-07 11:17:17,312 - INFO - [2016postVFP] MISSING_FILE: /home/choij/Sync/workspace/ChargedHiggsAnalysisV3/SKNanoOutput/PromptSelector/Run2E1Mu/2016postVFP/Skim_TriLep_MuonEG_F.root
2026-01-07 11:17:17,313 - INFO - [2016postVFP] MISSING_FILE: /home/choij/Sync/workspace/ChargedHiggsAnalysisV3/SKNanoOutput/PromptSelector/Run2E1Mu/2016postVFP/Skim_TriLep_MuonEG_G.root
2026-01-07 11:17:17,313 - INFO - [2016postVFP] MISSING_FILE: /home/choij/Sync/workspace/ChargedHiggsAnalysisV3/SKNanoOutput/PromptSelector/Run2E1Mu/2016postVFP/Skim_TriLep_MuonEG_H.root
2026-01-07 11:22:05,511 - INFO - [2016postVFP] MISSING_CENTRAL: TTZ2E1Mu/Central/electrons/1/px in Skim_TriLep_DYJets.root
2026-01-07 11:22:05,520 - INFO - [2016postVFP] MISSING_CENTRAL: TTZ2E1Mu/Central/electrons/1/px in Skim_TriLep_DYJets10to50.root
2026-01-07 11:42:01,167 - INFO - [2016postVFP] MISSING_CENTRAL: TTZ2E1Mu/Central/electrons/1/px in Skim_TriLep_DYJets.root
2026-01-07 11:42:01,168 - INFO - [2016postVFP] MISSING_CENTRAL: TTZ2E1Mu/Central/electrons/1/px in Skim_TriLep_DYJets10to50.root
2026-01-07 18:39:09,804 - INFO - [2016postVFP] MISSING_CENTRAL: TTZ2E1Mu/Central/electrons/1/px in Skim_TriLep_DYJets.root
2026-01-07 18:39:09,805 - INFO - [2016postVFP] MISSING_CENTRAL: TTZ2E1Mu/Central/electrons/1/px in Skim_TriLep_DYJets10to50.root
2026-01-09 12:12:33,656 - INFO - [2016postVFP] MISSING_CENTRAL: TTZ2E1Mu/Central/electrons/1/px in Skim_TriLep_DYJets.root
2026-01-09 12:12:33,657 - INFO - [2016postVFP] MISSING_CENTRAL: TTZ2E1Mu/Central/electrons/1/px in Skim_TriLep_DYJets10to50.root
2026-01-11 09:32:37,665 - INFO - [2016postVFP] MISSING_CENTRAL: TTZ2E1Mu/Central/electrons/1/px in Skim_TriLep_DYJets.root
2026-01-11 09:32:37,666 - INFO - [2016postVFP] MISSING_CENTRAL: TTZ2E1Mu/Central/electrons/1/px in Skim_TriLep_DYJets10to50.root
2026-01-12 13:41:11,917 - INFO - [2016postVFP] MISSING_CENTRAL: TTZ2E1Mu/Central/electrons/1/px in Skim_TriLep_DYJets.root
2026-01-12 13:41:11,918 - INFO - [2016postVFP] MISSING_CENTRAL: TTZ2E1Mu/Central/electrons/1/px in Skim_TriLep_DYJets10to50.root
2026-01-12 21:59:10,780 - INFO - [2016postVFP] MISSING_CENTRAL: TTZ2E1Mu/Central/electrons/1/px in Skim_TriLep_DYJets.root
2026-01-12 21:59:10,781 - INFO - [2016postVFP] MISSING_CENTRAL: TTZ2E1Mu/Central/electrons/1/px in Skim_TriLep_DYJets10to50.root
2026-01-12 23:04:26,868 - INFO - [2016postVFP] MISSING_CENTRAL: TTZ2E1Mu/Central/electrons/1/px in Skim_TriLep_DYJets.root
2026-01-12 23:04:26,870 - INFO - [2016postVFP] MISSING_CENTRAL: TTZ2E1Mu/Central/electrons/1/px in Skim_TriLep_DYJets10to50.root
2026-01-13 14:57:29,783 - INFO - [2016postVFP] MISSING_CENTRAL: TTZ2E1Mu/Central/electrons/1/px in Skim_TriLep_DYJets.root
2026-01-13 14:57:29,785 - INFO - [2016postVFP] MISSING_CENTRAL: TTZ2E1Mu/Central/electrons/1/px in Skim_TriLep_DYJets10to50.root
2026-01-16 18:56:33,744 - INFO - [2016postVFP] MISSING_CENTRAL: TTZ2E1Mu/Central/electrons/1/px in Skim_TriLep_DYJets.root
2026-01-16 18:56:33,744 - INFO - [2016postVFP] MISSING_CENTRAL: TTZ2E1Mu/Central/electrons/1/px in Skim_TriLep_DYJets10to50.root
2026-01-28 16:06:13,171 - INFO - [2016postVFP] MISSING_CENTRAL: TTZ2E1Mu/Central/electrons/1/px in Skim_TriLep_DYJets.root
2026-01-28 16:06:13,171 - INFO - [2016postVFP] MISSING_CENTRAL: TTZ2E1Mu/Central/electrons/1/px in Skim_TriLep_DYJets10to50.root
