2025-09-24 15:52:01,463 - INFO - [2016preVFP] MISSING_CENTRAL: ZG3Mu/Central/convLep/phi in Skim_TriLep_DYJets10to50.root
2025-09-24 15:52:01,467 - INFO - [2016preVFP] MISSING_CENTRAL: ZG3Mu/Central/convLep/phi in Skim_TriLep_TTG.root
2025-09-24 15:52:01,484 - INFO - [2016preVFP] MISSING_FILE: /Users/choij/Sync/workspace/ChargedHiggsAnalysisV3/SKNanoOutput/CRPromptSelector/Run3Mu_RunSyst/2016preVFP/Skim_TriLep_WZTo3LNu_amcatnlo.root
2025-09-24 15:52:01,528 - INFO - [2016postVFP] MISSING_CENTRAL: ZG3Mu/Central/convLep/phi in Skim_TriLep_DYJets10to50.root
2025-09-24 15:52:01,533 - INFO - [2016postVFP] MISSING_CENTRAL: ZG3Mu/Central/convLep/phi in Skim_TriLep_TTG.root
2025-09-24 15:52:01,547 - INFO - [2016postVFP] MISSING_FILE: /Users/choij/Sync/workspace/ChargedHiggsAnalysisV3/SKNanoOutput/CRPromptSelector/Run3Mu_RunSyst/2016postVFP/Skim_TriLep_WZTo3LNu_amcatnlo.root
2025-09-24 15:52:01,597 - INFO - [2017] MISSING_CENTRAL: ZG3Mu/Central/convLep/phi in Skim_TriLep_DYJets10to50.root
2025-09-24 15:52:01,602 - INFO - [2017] MISSING_CENTRAL: ZG3Mu/Central/convLep/phi in Skim_TriLep_TTG.root
2025-09-24 15:52:01,619 - INFO - [2017] MISSING_FILE: /Users/choij/Sync/workspace/ChargedHiggsAnalysisV3/SKNanoOutput/CRPromptSelector/Run3Mu_RunSyst/2017/Skim_TriLep_WZTo3LNu_amcatnlo.root
2025-09-24 15:52:01,637 - INFO - [2017] MISSING_SYSTEMATIC: ZG3Mu/JetEn_Up/convLep/phi in Skim_TriLep_WWZ.root
2025-09-24 15:52:01,647 - INFO - [2017] MISSING_CENTRAL: ZG3Mu/Central/convLep/phi in Skim_TriLep_TTTT.root
2025-09-24 15:52:01,662 - INFO - [2018] MISSING_CENTRAL: ZG3Mu/Central/convLep/phi in Skim_TriLep_DYJets10to50.root
2025-09-24 15:52:01,667 - INFO - [2018] MISSING_SYSTEMATIC: ZG3Mu/JetEn_Up/convLep/phi in Skim_TriLep_TTG.root
2025-09-24 15:52:01,670 - INFO - [2018] MISSING_CENTRAL: ZG3Mu/Central/convLep/phi in Skim_TriLep_WWG.root
2025-09-24 15:52:01,684 - INFO - [2018] MISSING_FILE: /Users/choij/Sync/workspace/ChargedHiggsAnalysisV3/SKNanoOutput/CRPromptSelector/Run3Mu_RunSyst/2018/Skim_TriLep_WZTo3LNu_amcatnlo.root
2025-09-24 15:52:11,660 - INFO - [2016preVFP] MISSING_CENTRAL: ZG3Mu/Central/convLep/phi in Skim_TriLep_DYJets10to50.root
2025-09-24 15:52:11,660 - INFO - [2016preVFP] MISSING_CENTRAL: ZG3Mu/Central/convLep/phi in Skim_TriLep_TTG.root
2025-09-24 15:52:11,661 - INFO - [2016preVFP] MISSING_FILE: /Users/choij/Sync/workspace/ChargedHiggsAnalysisV3/SKNanoOutput/CRPromptSelector/Run3Mu_RunSyst/2016preVFP/Skim_TriLep_WZTo3LNu_amcatnlo.root
2025-09-24 15:52:11,697 - INFO - [2016postVFP] MISSING_CENTRAL: ZG3Mu/Central/convLep/phi in Skim_TriLep_DYJets10to50.root
2025-09-24 15:52:11,698 - INFO - [2016postVFP] MISSING_CENTRAL: ZG3Mu/Central/convLep/phi in Skim_TriLep_TTG.root
2025-09-24 15:52:11,700 - INFO - [2016postVFP] MISSING_FILE: /Users/choij/Sync/workspace/ChargedHiggsAnalysisV3/SKNanoOutput/CRPromptSelector/Run3Mu_RunSyst/2016postVFP/Skim_TriLep_WZTo3LNu_amcatnlo.root
2025-09-24 15:52:11,705 - INFO - [2017] MISSING_CENTRAL: ZG3Mu/Central/convLep/phi in Skim_TriLep_DYJets10to50.root
2025-09-24 15:52:11,706 - INFO - [2017] MISSING_CENTRAL: ZG3Mu/Central/convLep/phi in Skim_TriLep_TTG.root
2025-09-24 15:52:11,707 - INFO - [2017] MISSING_FILE: /Users/choij/Sync/workspace/ChargedHiggsAnalysisV3/SKNanoOutput/CRPromptSelector/Run3Mu_RunSyst/2017/Skim_TriLep_WZTo3LNu_amcatnlo.root
2025-09-24 15:52:11,710 - INFO - [2017] MISSING_CENTRAL: ZG3Mu/Central/convLep/phi in Skim_TriLep_TTTT.root
2025-09-24 15:52:11,713 - INFO - [2018] MISSING_CENTRAL: ZG3Mu/Central/convLep/phi in Skim_TriLep_DYJets10to50.root
2025-09-24 15:52:11,714 - INFO - [2018] MISSING_CENTRAL: ZG3Mu/Central/convLep/phi in Skim_TriLep_WWG.root
2025-09-24 15:52:11,715 - INFO - [2018] MISSING_FILE: /Users/choij/Sync/workspace/ChargedHiggsAnalysisV3/SKNanoOutput/CRPromptSelector/Run3Mu_RunSyst/2018/Skim_TriLep_WZTo3LNu_amcatnlo.root
