2025-09-24 15:51:55,001 - INFO - [2016postVFP] MISSING_CENTRAL: ZG3Mu/Central/jets/2/pt in Skim_TriLep_DoubleMuon_F.root
2025-09-24 15:51:55,068 - INFO - [2016preVFP] MISSING_CENTRAL: ZG3Mu/Central/jets/2/pt in Skim_TriLep_DYJets10to50.root
2025-09-24 15:51:55,158 - INFO - [2016preVFP] MISSING_CENTRAL: ZG3Mu/Central/jets/2/pt in Skim_TriLep_TTG.root
2025-09-24 15:51:55,159 - INFO - [2016preVFP] MISSING_CENTRAL: ZG3Mu/Central/jets/2/pt in Skim_TriLep_WWG.root
2025-09-24 15:51:55,324 - INFO - [2016preVFP] MISSING_FILE: /Users/choij/Sync/workspace/ChargedHiggsAnalysisV3/SKNanoOutput/CRPromptSelector/Run3Mu_RunSyst/2016preVFP/Skim_TriLep_WZTo3LNu_amcatnlo.root
2025-09-24 15:51:55,408 - INFO - [2016preVFP] MISSING_CENTRAL: ZG3Mu/Central/jets/2/pt in Skim_TriLep_WWW.root
2025-09-24 15:51:55,633 - INFO - [2016postVFP] MISSING_CENTRAL: ZG3Mu/Central/jets/2/pt in Skim_TriLep_DoubleMuon_F.root
2025-09-24 15:51:55,644 - INFO - [2016postVFP] MISSING_CENTRAL: ZG3Mu/Central/jets/2/pt in Skim_TriLep_DYJets10to50.root
2025-09-24 15:51:55,669 - INFO - [2016postVFP] MISSING_CENTRAL: ZG3Mu/Central/jets/2/pt in Skim_TriLep_TTG.root
2025-09-24 15:51:55,672 - INFO - [2016postVFP] MISSING_CENTRAL: ZG3Mu/Central/jets/2/pt in Skim_TriLep_WWG.root
2025-09-24 15:51:55,755 - INFO - [2016postVFP] MISSING_FILE: /Users/choij/Sync/workspace/ChargedHiggsAnalysisV3/SKNanoOutput/CRPromptSelector/Run3Mu_RunSyst/2016postVFP/Skim_TriLep_WZTo3LNu_amcatnlo.root
2025-09-24 15:51:55,884 - INFO - [2017] MISSING_CENTRAL: ZG3Mu/Central/jets/2/pt in Skim_TriLep_DYJets10to50.root
2025-09-24 15:51:55,895 - INFO - [2017] MISSING_CENTRAL: ZG3Mu/Central/jets/2/pt in Skim_TriLep_TTG.root
2025-09-24 15:51:55,895 - INFO - [2017] MISSING_CENTRAL: ZG3Mu/Central/jets/2/pt in Skim_TriLep_WWG.root
2025-09-24 15:51:55,944 - INFO - [2017] MISSING_FILE: /Users/choij/Sync/workspace/ChargedHiggsAnalysisV3/SKNanoOutput/CRPromptSelector/Run3Mu_RunSyst/2017/Skim_TriLep_WZTo3LNu_amcatnlo.root
2025-09-24 15:51:55,987 - INFO - [2017] MISSING_CENTRAL: ZG3Mu/Central/jets/2/pt in Skim_TriLep_WWZ.root
2025-09-24 15:51:56,012 - INFO - [2017] MISSING_CENTRAL: ZG3Mu/Central/jets/2/pt in Skim_TriLep_TTTT.root
2025-09-24 15:51:56,059 - INFO - [2018] MISSING_CENTRAL: ZG3Mu/Central/jets/2/pt in Skim_TriLep_DYJets10to50.root
2025-09-24 15:51:56,080 - INFO - [2018] MISSING_SYSTEMATIC: ZG3Mu/JetEn_Up/jets/2/pt in Skim_TriLep_TTG.root
2025-09-24 15:51:56,089 - INFO - [2018] MISSING_CENTRAL: ZG3Mu/Central/jets/2/pt in Skim_TriLep_WWG.root
2025-09-24 15:51:56,129 - INFO - [2018] MISSING_FILE: /Users/choij/Sync/workspace/ChargedHiggsAnalysisV3/SKNanoOutput/CRPromptSelector/Run3Mu_RunSyst/2018/Skim_TriLep_WZTo3LNu_amcatnlo.root
2025-09-24 15:52:07,050 - INFO - [2016postVFP] MISSING_CENTRAL: ZG3Mu/Central/jets/2/pt in Skim_TriLep_DoubleMuon_F.root
2025-09-24 15:52:07,098 - INFO - [2016preVFP] MISSING_CENTRAL: ZG3Mu/Central/jets/2/pt in Skim_TriLep_DYJets10to50.root
2025-09-24 15:52:07,099 - INFO - [2016preVFP] MISSING_CENTRAL: ZG3Mu/Central/jets/2/pt in Skim_TriLep_TTG.root
2025-09-24 15:52:07,099 - INFO - [2016preVFP] MISSING_CENTRAL: ZG3Mu/Central/jets/2/pt in Skim_TriLep_WWG.root
2025-09-24 15:52:07,100 - INFO - [2016preVFP] MISSING_FILE: /Users/choij/Sync/workspace/ChargedHiggsAnalysisV3/SKNanoOutput/CRPromptSelector/Run3Mu_RunSyst/2016preVFP/Skim_TriLep_WZTo3LNu_amcatnlo.root
2025-09-24 15:52:07,106 - INFO - [2016preVFP] MISSING_CENTRAL: ZG3Mu/Central/jets/2/pt in Skim_TriLep_WWW.root
2025-09-24 15:52:07,111 - INFO - [2016postVFP] MISSING_CENTRAL: ZG3Mu/Central/jets/2/pt in Skim_TriLep_DoubleMuon_F.root
2025-09-24 15:52:07,113 - INFO - [2016postVFP] MISSING_CENTRAL: ZG3Mu/Central/jets/2/pt in Skim_TriLep_DYJets10to50.root
2025-09-24 15:52:07,114 - INFO - [2016postVFP] MISSING_CENTRAL: ZG3Mu/Central/jets/2/pt in Skim_TriLep_TTG.root
2025-09-24 15:52:07,114 - INFO - [2016postVFP] MISSING_CENTRAL: ZG3Mu/Central/jets/2/pt in Skim_TriLep_WWG.root
2025-09-24 15:52:07,115 - INFO - [2016postVFP] MISSING_FILE: /Users/choij/Sync/workspace/ChargedHiggsAnalysisV3/SKNanoOutput/CRPromptSelector/Run3Mu_RunSyst/2016postVFP/Skim_TriLep_WZTo3LNu_amcatnlo.root
2025-09-24 15:52:07,134 - INFO - [2017] MISSING_CENTRAL: ZG3Mu/Central/jets/2/pt in Skim_TriLep_DYJets10to50.root
2025-09-24 15:52:07,135 - INFO - [2017] MISSING_CENTRAL: ZG3Mu/Central/jets/2/pt in Skim_TriLep_TTG.root
2025-09-24 15:52:07,135 - INFO - [2017] MISSING_CENTRAL: ZG3Mu/Central/jets/2/pt in Skim_TriLep_WWG.root
2025-09-24 15:52:07,136 - INFO - [2017] MISSING_FILE: /Users/choij/Sync/workspace/ChargedHiggsAnalysisV3/SKNanoOutput/CRPromptSelector/Run3Mu_RunSyst/2017/Skim_TriLep_WZTo3LNu_amcatnlo.root
2025-09-24 15:52:07,138 - INFO - [2017] MISSING_CENTRAL: ZG3Mu/Central/jets/2/pt in Skim_TriLep_WWZ.root
2025-09-24 15:52:07,139 - INFO - [2017] MISSING_CENTRAL: ZG3Mu/Central/jets/2/pt in Skim_TriLep_TTTT.root
2025-09-24 15:52:07,142 - INFO - [2018] MISSING_CENTRAL: ZG3Mu/Central/jets/2/pt in Skim_TriLep_DYJets10to50.root
2025-09-24 15:52:07,143 - INFO - [2018] MISSING_CENTRAL: ZG3Mu/Central/jets/2/pt in Skim_TriLep_WWG.root
2025-09-24 15:52:07,144 - INFO - [2018] MISSING_FILE: /Users/choij/Sync/workspace/ChargedHiggsAnalysisV3/SKNanoOutput/CRPromptSelector/Run3Mu_RunSyst/2018/Skim_TriLep_WZTo3LNu_amcatnlo.root
