2025-09-24 15:51:59,241 - INFO - [2016preVFP] MISSING_CENTRAL: ZG3Mu/Central/METv/pt in Skim_TriLep_DYJets10to50.root
2025-09-24 15:51:59,277 - INFO - [2016preVFP] MISSING_CENTRAL: ZG3Mu/Central/METv/pt in Skim_TriLep_TTG.root
2025-09-24 15:51:59,391 - INFO - [2016preVFP] MISSING_FILE: /Users/choij/Sync/workspace/ChargedHiggsAnalysisV3/SKNanoOutput/CRPromptSelector/Run3Mu_RunSyst/2016preVFP/Skim_TriLep_WZTo3LNu_amcatnlo.root
2025-09-24 15:51:59,555 - INFO - [2016postVFP] MISSING_CENTRAL: ZG3Mu/Central/METv/pt in Skim_TriLep_DYJets10to50.root
2025-09-24 15:51:59,577 - INFO - [2016postVFP] MISSING_CENTRAL: ZG3Mu/Central/METv/pt in Skim_TriLep_TTG.root
2025-09-24 15:51:59,629 - INFO - [2016postVFP] MISSING_FILE: /Users/choij/Sync/workspace/ChargedHiggsAnalysisV3/SKNanoOutput/CRPromptSelector/Run3Mu_RunSyst/2016postVFP/Skim_TriLep_WZTo3LNu_amcatnlo.root
2025-09-24 15:51:59,757 - INFO - [2017] MISSING_CENTRAL: ZG3Mu/Central/METv/pt in Skim_TriLep_DYJets10to50.root
2025-09-24 15:51:59,771 - INFO - [2017] MISSING_CENTRAL: ZG3Mu/Central/METv/pt in Skim_TriLep_TTG.root
2025-09-24 15:51:59,824 - INFO - [2017] MISSING_FILE: /Users/choij/Sync/workspace/ChargedHiggsAnalysisV3/SKNanoOutput/CRPromptSelector/Run3Mu_RunSyst/2017/Skim_TriLep_WZTo3LNu_amcatnlo.root
2025-09-24 15:51:59,914 - INFO - [2017] MISSING_SYSTEMATIC: ZG3Mu/JetEn_Up/METv/pt in Skim_TriLep_WWZ.root
2025-09-24 15:51:59,958 - INFO - [2017] MISSING_CENTRAL: ZG3Mu/Central/METv/pt in Skim_TriLep_TTTT.root
2025-09-24 15:51:59,994 - INFO - [2018] MISSING_CENTRAL: ZG3Mu/Central/METv/pt in Skim_TriLep_DYJets10to50.root
2025-09-24 15:52:00,007 - INFO - [2018] MISSING_SYSTEMATIC: ZG3Mu/JetEn_Up/METv/pt in Skim_TriLep_TTG.root
2025-09-24 15:52:00,017 - INFO - [2018] MISSING_CENTRAL: ZG3Mu/Central/METv/pt in Skim_TriLep_WWG.root
2025-09-24 15:52:00,052 - INFO - [2018] MISSING_FILE: /Users/choij/Sync/workspace/ChargedHiggsAnalysisV3/SKNanoOutput/CRPromptSelector/Run3Mu_RunSyst/2018/Skim_TriLep_WZTo3LNu_amcatnlo.root
2025-09-24 15:52:09,979 - INFO - [2016preVFP] MISSING_CENTRAL: ZG3Mu/Central/METv/pt in Skim_TriLep_DYJets10to50.root
2025-09-24 15:52:09,979 - INFO - [2016preVFP] MISSING_CENTRAL: ZG3Mu/Central/METv/pt in Skim_TriLep_TTG.root
2025-09-24 15:52:09,980 - INFO - [2016preVFP] MISSING_FILE: /Users/choij/Sync/workspace/ChargedHiggsAnalysisV3/SKNanoOutput/CRPromptSelector/Run3Mu_RunSyst/2016preVFP/Skim_TriLep_WZTo3LNu_amcatnlo.root
2025-09-24 15:52:09,988 - INFO - [2016postVFP] MISSING_CENTRAL: ZG3Mu/Central/METv/pt in Skim_TriLep_DYJets10to50.root
2025-09-24 15:52:09,988 - INFO - [2016postVFP] MISSING_CENTRAL: ZG3Mu/Central/METv/pt in Skim_TriLep_TTG.root
2025-09-24 15:52:09,990 - INFO - [2016postVFP] MISSING_FILE: /Users/choij/Sync/workspace/ChargedHiggsAnalysisV3/SKNanoOutput/CRPromptSelector/Run3Mu_RunSyst/2016postVFP/Skim_TriLep_WZTo3LNu_amcatnlo.root
2025-09-24 15:52:10,005 - INFO - [2017] MISSING_CENTRAL: ZG3Mu/Central/METv/pt in Skim_TriLep_DYJets10to50.root
2025-09-24 15:52:10,007 - INFO - [2017] MISSING_CENTRAL: ZG3Mu/Central/METv/pt in Skim_TriLep_TTG.root
2025-09-24 15:52:10,010 - INFO - [2017] MISSING_FILE: /Users/choij/Sync/workspace/ChargedHiggsAnalysisV3/SKNanoOutput/CRPromptSelector/Run3Mu_RunSyst/2017/Skim_TriLep_WZTo3LNu_amcatnlo.root
2025-09-24 15:52:10,013 - INFO - [2017] MISSING_CENTRAL: ZG3Mu/Central/METv/pt in Skim_TriLep_TTTT.root
2025-09-24 15:52:10,016 - INFO - [2018] MISSING_CENTRAL: ZG3Mu/Central/METv/pt in Skim_TriLep_DYJets10to50.root
2025-09-24 15:52:10,017 - INFO - [2018] MISSING_CENTRAL: ZG3Mu/Central/METv/pt in Skim_TriLep_WWG.root
2025-09-24 15:52:10,018 - INFO - [2018] MISSING_FILE: /Users/choij/Sync/workspace/ChargedHiggsAnalysisV3/SKNanoOutput/CRPromptSelector/Run3Mu_RunSyst/2018/Skim_TriLep_WZTo3LNu_amcatnlo.root
