2025-09-24 15:52:01,013 - INFO - [2016preVFP] MISSING_CENTRAL: ZG3Mu/Central/ZCand/mass in Skim_TriLep_DYJets10to50.root
2025-09-24 15:52:01,020 - INFO - [2016preVFP] MISSING_CENTRAL: ZG3Mu/Central/ZCand/mass in Skim_TriLep_TTG.root
2025-09-24 15:52:01,049 - INFO - [2016preVFP] MISSING_FILE: /Users/choij/Sync/workspace/ChargedHiggsAnalysisV3/SKNanoOutput/CRPromptSelector/Run3Mu_RunSyst/2016preVFP/Skim_TriLep_WZTo3LNu_amcatnlo.root
2025-09-24 15:52:01,128 - INFO - [2016postVFP] MISSING_CENTRAL: ZG3Mu/Central/ZCand/mass in Skim_TriLep_DYJets10to50.root
2025-09-24 15:52:01,135 - INFO - [2016postVFP] MISSING_CENTRAL: ZG3Mu/Central/ZCand/mass in Skim_TriLep_TTG.root
2025-09-24 15:52:01,204 - INFO - [2016postVFP] MISSING_FILE: /Users/choij/Sync/workspace/ChargedHiggsAnalysisV3/SKNanoOutput/CRPromptSelector/Run3Mu_RunSyst/2016postVFP/Skim_TriLep_WZTo3LNu_amcatnlo.root
2025-09-24 15:52:01,405 - INFO - [2017] MISSING_CENTRAL: ZG3Mu/Central/ZCand/mass in Skim_TriLep_DYJets10to50.root
2025-09-24 15:52:01,412 - INFO - [2017] MISSING_CENTRAL: ZG3Mu/Central/ZCand/mass in Skim_TriLep_TTG.root
2025-09-24 15:52:01,439 - INFO - [2017] MISSING_FILE: /Users/choij/Sync/workspace/ChargedHiggsAnalysisV3/SKNanoOutput/CRPromptSelector/Run3Mu_RunSyst/2017/Skim_TriLep_WZTo3LNu_amcatnlo.root
2025-09-24 15:52:01,466 - INFO - [2017] MISSING_SYSTEMATIC: ZG3Mu/JetEn_Up/ZCand/mass in Skim_TriLep_WWZ.root
2025-09-24 15:52:01,485 - INFO - [2017] MISSING_CENTRAL: ZG3Mu/Central/ZCand/mass in Skim_TriLep_TTTT.root
2025-09-24 15:52:01,508 - INFO - [2018] MISSING_CENTRAL: ZG3Mu/Central/ZCand/mass in Skim_TriLep_DYJets10to50.root
2025-09-24 15:52:01,517 - INFO - [2018] MISSING_SYSTEMATIC: ZG3Mu/JetEn_Up/ZCand/mass in Skim_TriLep_TTG.root
2025-09-24 15:52:01,523 - INFO - [2018] MISSING_CENTRAL: ZG3Mu/Central/ZCand/mass in Skim_TriLep_WWG.root
2025-09-24 15:52:01,543 - INFO - [2018] MISSING_FILE: /Users/choij/Sync/workspace/ChargedHiggsAnalysisV3/SKNanoOutput/CRPromptSelector/Run3Mu_RunSyst/2018/Skim_TriLep_WZTo3LNu_amcatnlo.root
2025-09-24 15:52:11,586 - INFO - [2016preVFP] MISSING_CENTRAL: ZG3Mu/Central/ZCand/mass in Skim_TriLep_DYJets10to50.root
2025-09-24 15:52:11,587 - INFO - [2016preVFP] MISSING_CENTRAL: ZG3Mu/Central/ZCand/mass in Skim_TriLep_TTG.root
2025-09-24 15:52:11,588 - INFO - [2016preVFP] MISSING_FILE: /Users/choij/Sync/workspace/ChargedHiggsAnalysisV3/SKNanoOutput/CRPromptSelector/Run3Mu_RunSyst/2016preVFP/Skim_TriLep_WZTo3LNu_amcatnlo.root
2025-09-24 15:52:11,597 - INFO - [2016postVFP] MISSING_CENTRAL: ZG3Mu/Central/ZCand/mass in Skim_TriLep_DYJets10to50.root
2025-09-24 15:52:11,597 - INFO - [2016postVFP] MISSING_CENTRAL: ZG3Mu/Central/ZCand/mass in Skim_TriLep_TTG.root
2025-09-24 15:52:11,598 - INFO - [2016postVFP] MISSING_FILE: /Users/choij/Sync/workspace/ChargedHiggsAnalysisV3/SKNanoOutput/CRPromptSelector/Run3Mu_RunSyst/2016postVFP/Skim_TriLep_WZTo3LNu_amcatnlo.root
2025-09-24 15:52:11,603 - INFO - [2017] MISSING_CENTRAL: ZG3Mu/Central/ZCand/mass in Skim_TriLep_DYJets10to50.root
2025-09-24 15:52:11,604 - INFO - [2017] MISSING_CENTRAL: ZG3Mu/Central/ZCand/mass in Skim_TriLep_TTG.root
2025-09-24 15:52:11,605 - INFO - [2017] MISSING_FILE: /Users/choij/Sync/workspace/ChargedHiggsAnalysisV3/SKNanoOutput/CRPromptSelector/Run3Mu_RunSyst/2017/Skim_TriLep_WZTo3LNu_amcatnlo.root
2025-09-24 15:52:11,607 - INFO - [2017] MISSING_CENTRAL: ZG3Mu/Central/ZCand/mass in Skim_TriLep_TTTT.root
2025-09-24 15:52:11,610 - INFO - [2018] MISSING_CENTRAL: ZG3Mu/Central/ZCand/mass in Skim_TriLep_DYJets10to50.root
2025-09-24 15:52:11,610 - INFO - [2018] MISSING_CENTRAL: ZG3Mu/Central/ZCand/mass in Skim_TriLep_WWG.root
2025-09-24 15:52:11,611 - INFO - [2018] MISSING_FILE: /Users/choij/Sync/workspace/ChargedHiggsAnalysisV3/SKNanoOutput/CRPromptSelector/Run3Mu_RunSyst/2018/Skim_TriLep_WZTo3LNu_amcatnlo.root
