2025-09-24 15:52:01,048 - INFO - [2016preVFP] MISSING_CENTRAL: ZG3Mu/Central/ZCand/phi in Skim_TriLep_DYJets10to50.root
2025-09-24 15:52:01,053 - INFO - [2016preVFP] MISSING_CENTRAL: ZG3Mu/Central/ZCand/phi in Skim_TriLep_TTG.root
2025-09-24 15:52:01,067 - INFO - [2016preVFP] MISSING_FILE: /Users/choij/Sync/workspace/ChargedHiggsAnalysisV3/SKNanoOutput/CRPromptSelector/Run3Mu_RunSyst/2016preVFP/Skim_TriLep_WZTo3LNu_amcatnlo.root
2025-09-24 15:52:01,112 - INFO - [2016postVFP] MISSING_CENTRAL: ZG3Mu/Central/ZCand/phi in Skim_TriLep_DYJets10to50.root
2025-09-24 15:52:01,116 - INFO - [2016postVFP] MISSING_CENTRAL: ZG3Mu/Central/ZCand/phi in Skim_TriLep_TTG.root
2025-09-24 15:52:01,130 - INFO - [2016postVFP] MISSING_FILE: /Users/choij/Sync/workspace/ChargedHiggsAnalysisV3/SKNanoOutput/CRPromptSelector/Run3Mu_RunSyst/2016postVFP/Skim_TriLep_WZTo3LNu_amcatnlo.root
2025-09-24 15:52:01,170 - INFO - [2017] MISSING_CENTRAL: ZG3Mu/Central/ZCand/phi in Skim_TriLep_DYJets10to50.root
2025-09-24 15:52:01,175 - INFO - [2017] MISSING_CENTRAL: ZG3Mu/Central/ZCand/phi in Skim_TriLep_TTG.root
2025-09-24 15:52:01,191 - INFO - [2017] MISSING_FILE: /Users/choij/Sync/workspace/ChargedHiggsAnalysisV3/SKNanoOutput/CRPromptSelector/Run3Mu_RunSyst/2017/Skim_TriLep_WZTo3LNu_amcatnlo.root
2025-09-24 15:52:01,206 - INFO - [2017] MISSING_SYSTEMATIC: ZG3Mu/JetEn_Up/ZCand/phi in Skim_TriLep_WWZ.root
2025-09-24 15:52:01,216 - INFO - [2017] MISSING_CENTRAL: ZG3Mu/Central/ZCand/phi in Skim_TriLep_TTTT.root
2025-09-24 15:52:01,320 - INFO - [2018] MISSING_CENTRAL: ZG3Mu/Central/ZCand/phi in Skim_TriLep_DYJets10to50.root
2025-09-24 15:52:01,325 - INFO - [2018] MISSING_SYSTEMATIC: ZG3Mu/JetEn_Up/ZCand/phi in Skim_TriLep_TTG.root
2025-09-24 15:52:01,328 - INFO - [2018] MISSING_CENTRAL: ZG3Mu/Central/ZCand/phi in Skim_TriLep_WWG.root
2025-09-24 15:52:01,340 - INFO - [2018] MISSING_FILE: /Users/choij/Sync/workspace/ChargedHiggsAnalysisV3/SKNanoOutput/CRPromptSelector/Run3Mu_RunSyst/2018/Skim_TriLep_WZTo3LNu_amcatnlo.root
2025-09-24 15:52:11,432 - INFO - [2016preVFP] MISSING_CENTRAL: ZG3Mu/Central/ZCand/phi in Skim_TriLep_DYJets10to50.root
2025-09-24 15:52:11,432 - INFO - [2016preVFP] MISSING_CENTRAL: ZG3Mu/Central/ZCand/phi in Skim_TriLep_TTG.root
2025-09-24 15:52:11,434 - INFO - [2016preVFP] MISSING_FILE: /Users/choij/Sync/workspace/ChargedHiggsAnalysisV3/SKNanoOutput/CRPromptSelector/Run3Mu_RunSyst/2016preVFP/Skim_TriLep_WZTo3LNu_amcatnlo.root
2025-09-24 15:52:11,439 - INFO - [2016postVFP] MISSING_CENTRAL: ZG3Mu/Central/ZCand/phi in Skim_TriLep_DYJets10to50.root
2025-09-24 15:52:11,440 - INFO - [2016postVFP] MISSING_CENTRAL: ZG3Mu/Central/ZCand/phi in Skim_TriLep_TTG.root
2025-09-24 15:52:11,441 - INFO - [2016postVFP] MISSING_FILE: /Users/choij/Sync/workspace/ChargedHiggsAnalysisV3/SKNanoOutput/CRPromptSelector/Run3Mu_RunSyst/2016postVFP/Skim_TriLep_WZTo3LNu_amcatnlo.root
2025-09-24 15:52:11,565 - INFO - [2017] MISSING_CENTRAL: ZG3Mu/Central/ZCand/phi in Skim_TriLep_DYJets10to50.root
2025-09-24 15:52:11,566 - INFO - [2017] MISSING_CENTRAL: ZG3Mu/Central/ZCand/phi in Skim_TriLep_TTG.root
2025-09-24 15:52:11,567 - INFO - [2017] MISSING_FILE: /Users/choij/Sync/workspace/ChargedHiggsAnalysisV3/SKNanoOutput/CRPromptSelector/Run3Mu_RunSyst/2017/Skim_TriLep_WZTo3LNu_amcatnlo.root
2025-09-24 15:52:11,569 - INFO - [2017] MISSING_CENTRAL: ZG3Mu/Central/ZCand/phi in Skim_TriLep_TTTT.root
2025-09-24 15:52:11,578 - INFO - [2018] MISSING_CENTRAL: ZG3Mu/Central/ZCand/phi in Skim_TriLep_DYJets10to50.root
2025-09-24 15:52:11,580 - INFO - [2018] MISSING_CENTRAL: ZG3Mu/Central/ZCand/phi in Skim_TriLep_WWG.root
2025-09-24 15:52:11,582 - INFO - [2018] MISSING_FILE: /Users/choij/Sync/workspace/ChargedHiggsAnalysisV3/SKNanoOutput/CRPromptSelector/Run3Mu_RunSyst/2018/Skim_TriLep_WZTo3LNu_amcatnlo.root
