2025-09-24 15:58:59,276 - INFO - [2022EE] MISSING_CENTRAL: WZ3Mu/Central/bjets/size in Skim_TriLep_DYJets.root
2025-09-24 15:58:59,276 - INFO - [2022EE] MISSING_CENTRAL: WZ3Mu/Central/bjets/size in Skim_TriLep_DYJets10to50.root
2025-09-24 15:59:11,588 - INFO - [2022EE] MISSING_CENTRAL: WZ3Mu/Central/bjets/size in Skim_TriLep_DYJets.root
2025-09-24 15:59:11,588 - INFO - [2022EE] MISSING_CENTRAL: WZ3Mu/Central/bjets/size in Skim_TriLep_DYJets10to50.root
2025-09-24 15:59:11,595 - INFO - [2022EE] MISSING_FILE: /Users/choij/Sync/workspace/ChargedHiggsAnalysisV3/SKNanoOutput/CRPromptSelector/Run3Mu_RunNoWZSF_RunSyst/2022EE/Skim_TriLep_ZZTo4L_powheg.root
2025-09-24 15:59:11,596 - INFO - [2022EE] MISSING_FILE: /Users/choij/Sync/workspace/ChargedHiggsAnalysisV3/SKNanoOutput/CRPromptSelector/Run3Mu_RunNoWZSF_RunSyst/2022EE/Skim_TriLep_VBFHToZZTo4L.root
2025-09-24 15:59:11,596 - INFO - [2022EE] MISSING_FILE: /Users/choij/Sync/workspace/ChargedHiggsAnalysisV3/SKNanoOutput/CRPromptSelector/Run3Mu_RunNoWZSF_RunSyst/2022EE/Skim_TriLep_ggHToZZTo4L.root
2025-10-02 21:18:57,289 - INFO - [2022EE] MISSING_CENTRAL: WZ3Mu/Central/bjets/size in Skim_TriLep_DYJets.root
2025-10-02 21:18:57,289 - INFO - [2022EE] MISSING_CENTRAL: WZ3Mu/Central/bjets/size in Skim_TriLep_DYJets10to50.root
2025-10-02 21:19:03,336 - INFO - [2022EE] MISSING_CENTRAL: WZ3Mu/Central/bjets/size in Skim_TriLep_DYJets.root
2025-10-02 21:19:03,337 - INFO - [2022EE] MISSING_CENTRAL: WZ3Mu/Central/bjets/size in Skim_TriLep_DYJets10to50.root
2025-10-02 21:19:03,351 - INFO - [2022EE] MISSING_FILE: /data9/Users/choij/Sync/workspace/ChargedHiggsAnalysisV3/SKNanoOutput/CRPromptSelector/Run3Mu_RunNoWZSF_RunSyst/2022EE/Skim_TriLep_ZZTo4L_powheg.root
2025-10-02 21:19:03,361 - INFO - [2022EE] MISSING_FILE: /data9/Users/choij/Sync/workspace/ChargedHiggsAnalysisV3/SKNanoOutput/CRPromptSelector/Run3Mu_RunNoWZSF_RunSyst/2022EE/Skim_TriLep_VBFHToZZTo4L.root
2025-10-02 21:19:03,361 - INFO - [2022EE] MISSING_FILE: /data9/Users/choij/Sync/workspace/ChargedHiggsAnalysisV3/SKNanoOutput/CRPromptSelector/Run3Mu_RunNoWZSF_RunSyst/2022EE/Skim_TriLep_ggHToZZTo4L.root
2025-10-03 00:26:56,774 - INFO - [2022EE] MISSING_CENTRAL: WZ3Mu/Central/bjets/size in Skim_TriLep_DYJets.root
2025-10-03 00:26:56,774 - INFO - [2022EE] MISSING_CENTRAL: WZ3Mu/Central/bjets/size in Skim_TriLep_DYJets10to50.root
2025-10-03 00:27:09,025 - INFO - [2022EE] MISSING_CENTRAL: WZ3Mu/Central/bjets/size in Skim_TriLep_DYJets.root
2025-10-03 00:27:09,025 - INFO - [2022EE] MISSING_CENTRAL: WZ3Mu/Central/bjets/size in Skim_TriLep_DYJets10to50.root
2025-10-03 00:27:09,032 - INFO - [2022EE] MISSING_FILE: /Users/choij/Sync/workspace/ChargedHiggsAnalysisV3/SKNanoOutput/CRPromptSelector/Run3Mu_RunNoWZSF_RunSyst/2022EE/Skim_TriLep_ZZTo4L_powheg.root
2025-10-03 00:27:09,035 - INFO - [2022EE] MISSING_FILE: /Users/choij/Sync/workspace/ChargedHiggsAnalysisV3/SKNanoOutput/CRPromptSelector/Run3Mu_RunNoWZSF_RunSyst/2022EE/Skim_TriLep_VBFHToZZTo4L.root
2025-10-03 00:27:09,035 - INFO - [2022EE] MISSING_FILE: /Users/choij/Sync/workspace/ChargedHiggsAnalysisV3/SKNanoOutput/CRPromptSelector/Run3Mu_RunNoWZSF_RunSyst/2022EE/Skim_TriLep_ggHToZZTo4L.root
