2025-09-24 15:59:00,218 - INFO - [2022EE] MISSING_CENTRAL: WZ3Mu/Central/jets/2/eta in Skim_TriLep_DYJets.root
2025-09-24 15:59:00,218 - INFO - [2022EE] MISSING_CENTRAL: WZ3Mu/Central/jets/2/eta in Skim_TriLep_DYJets10to50.root
2025-09-24 15:59:00,218 - INFO - [2022EE] MISSING_CENTRAL: WZ3Mu/Central/jets/2/eta in Skim_TriLep_DYGTo2LG_MLL4to50_PTG10to100.root
2025-09-24 15:59:00,219 - INFO - [2022EE] MISSING_CENTRAL: WZ3Mu/Central/jets/2/eta in Skim_TriLep_DYGTo2LG_MLL4to50_PTG100to200.root
2025-09-24 15:59:00,219 - INFO - [2022EE] MISSING_CENTRAL: WZ3Mu/Central/jets/2/eta in Skim_TriLep_DYGTo2LG_MLL4to50_PTG200toInf.root
2025-09-24 15:59:11,410 - INFO - [2022EE] MISSING_CENTRAL: WZ3Mu/Central/jets/2/eta in Skim_TriLep_DYJets.root
2025-09-24 15:59:11,411 - INFO - [2022EE] MISSING_CENTRAL: WZ3Mu/Central/jets/2/eta in Skim_TriLep_DYJets10to50.root
2025-09-24 15:59:11,418 - INFO - [2022EE] MISSING_CENTRAL: WZ3Mu/Central/jets/2/eta in Skim_TriLep_DYGTo2LG_MLL4to50_PTG10to100.root
2025-09-24 15:59:11,419 - INFO - [2022EE] MISSING_CENTRAL: WZ3Mu/Central/jets/2/eta in Skim_TriLep_DYGTo2LG_MLL4to50_PTG100to200.root
2025-09-24 15:59:11,419 - INFO - [2022EE] MISSING_CENTRAL: WZ3Mu/Central/jets/2/eta in Skim_TriLep_DYGTo2LG_MLL4to50_PTG200toInf.root
2025-09-24 15:59:11,423 - INFO - [2022EE] MISSING_FILE: /Users/choij/Sync/workspace/ChargedHiggsAnalysisV3/SKNanoOutput/CRPromptSelector/Run3Mu_RunNoWZSF_RunSyst/2022EE/Skim_TriLep_ZZTo4L_powheg.root
2025-09-24 15:59:11,428 - INFO - [2022EE] MISSING_FILE: /Users/choij/Sync/workspace/ChargedHiggsAnalysisV3/SKNanoOutput/CRPromptSelector/Run3Mu_RunNoWZSF_RunSyst/2022EE/Skim_TriLep_VBFHToZZTo4L.root
2025-09-24 15:59:11,428 - INFO - [2022EE] MISSING_FILE: /Users/choij/Sync/workspace/ChargedHiggsAnalysisV3/SKNanoOutput/CRPromptSelector/Run3Mu_RunNoWZSF_RunSyst/2022EE/Skim_TriLep_ggHToZZTo4L.root
2025-10-02 21:18:56,973 - INFO - [2022EE] MISSING_CENTRAL: WZ3Mu/Central/jets/2/eta in Skim_TriLep_DYJets.root
2025-10-02 21:18:56,974 - INFO - [2022EE] MISSING_CENTRAL: WZ3Mu/Central/jets/2/eta in Skim_TriLep_DYJets10to50.root
2025-10-02 21:18:56,976 - INFO - [2022EE] MISSING_CENTRAL: WZ3Mu/Central/jets/2/eta in Skim_TriLep_DYGTo2LG_MLL4to50_PTG10to100.root
2025-10-02 21:18:56,977 - INFO - [2022EE] MISSING_CENTRAL: WZ3Mu/Central/jets/2/eta in Skim_TriLep_DYGTo2LG_MLL4to50_PTG100to200.root
2025-10-02 21:18:56,979 - INFO - [2022EE] MISSING_CENTRAL: WZ3Mu/Central/jets/2/eta in Skim_TriLep_DYGTo2LG_MLL4to50_PTG200toInf.root
2025-10-02 21:19:03,324 - INFO - [2022EE] MISSING_CENTRAL: WZ3Mu/Central/jets/2/eta in Skim_TriLep_DYJets.root
2025-10-02 21:19:03,325 - INFO - [2022EE] MISSING_CENTRAL: WZ3Mu/Central/jets/2/eta in Skim_TriLep_DYJets10to50.root
2025-10-02 21:19:03,327 - INFO - [2022EE] MISSING_CENTRAL: WZ3Mu/Central/jets/2/eta in Skim_TriLep_DYGTo2LG_MLL4to50_PTG10to100.root
2025-10-02 21:19:03,328 - INFO - [2022EE] MISSING_CENTRAL: WZ3Mu/Central/jets/2/eta in Skim_TriLep_DYGTo2LG_MLL4to50_PTG100to200.root
2025-10-02 21:19:03,330 - INFO - [2022EE] MISSING_CENTRAL: WZ3Mu/Central/jets/2/eta in Skim_TriLep_DYGTo2LG_MLL4to50_PTG200toInf.root
2025-10-02 21:19:03,344 - INFO - [2022EE] MISSING_FILE: /data9/Users/choij/Sync/workspace/ChargedHiggsAnalysisV3/SKNanoOutput/CRPromptSelector/Run3Mu_RunNoWZSF_RunSyst/2022EE/Skim_TriLep_ZZTo4L_powheg.root
2025-10-02 21:19:03,352 - INFO - [2022EE] MISSING_FILE: /data9/Users/choij/Sync/workspace/ChargedHiggsAnalysisV3/SKNanoOutput/CRPromptSelector/Run3Mu_RunNoWZSF_RunSyst/2022EE/Skim_TriLep_VBFHToZZTo4L.root
2025-10-02 21:19:03,352 - INFO - [2022EE] MISSING_FILE: /data9/Users/choij/Sync/workspace/ChargedHiggsAnalysisV3/SKNanoOutput/CRPromptSelector/Run3Mu_RunNoWZSF_RunSyst/2022EE/Skim_TriLep_ggHToZZTo4L.root
2025-10-03 00:26:56,804 - INFO - [2022EE] MISSING_CENTRAL: WZ3Mu/Central/jets/2/eta in Skim_TriLep_DYJets.root
2025-10-03 00:26:56,804 - INFO - [2022EE] MISSING_CENTRAL: WZ3Mu/Central/jets/2/eta in Skim_TriLep_DYJets10to50.root
2025-10-03 00:26:56,805 - INFO - [2022EE] MISSING_CENTRAL: WZ3Mu/Central/jets/2/eta in Skim_TriLep_DYGTo2LG_MLL4to50_PTG10to100.root
2025-10-03 00:26:56,805 - INFO - [2022EE] MISSING_CENTRAL: WZ3Mu/Central/jets/2/eta in Skim_TriLep_DYGTo2LG_MLL4to50_PTG100to200.root
2025-10-03 00:26:56,806 - INFO - [2022EE] MISSING_CENTRAL: WZ3Mu/Central/jets/2/eta in Skim_TriLep_DYGTo2LG_MLL4to50_PTG200toInf.root
2025-10-03 00:27:09,107 - INFO - [2022EE] MISSING_CENTRAL: WZ3Mu/Central/jets/2/eta in Skim_TriLep_DYJets.root
2025-10-03 00:27:09,107 - INFO - [2022EE] MISSING_CENTRAL: WZ3Mu/Central/jets/2/eta in Skim_TriLep_DYJets10to50.root
2025-10-03 00:27:09,108 - INFO - [2022EE] MISSING_CENTRAL: WZ3Mu/Central/jets/2/eta in Skim_TriLep_DYGTo2LG_MLL4to50_PTG10to100.root
2025-10-03 00:27:09,108 - INFO - [2022EE] MISSING_CENTRAL: WZ3Mu/Central/jets/2/eta in Skim_TriLep_DYGTo2LG_MLL4to50_PTG100to200.root
2025-10-03 00:27:09,109 - INFO - [2022EE] MISSING_CENTRAL: WZ3Mu/Central/jets/2/eta in Skim_TriLep_DYGTo2LG_MLL4to50_PTG200toInf.root
2025-10-03 00:27:09,118 - INFO - [2022EE] MISSING_FILE: /Users/choij/Sync/workspace/ChargedHiggsAnalysisV3/SKNanoOutput/CRPromptSelector/Run3Mu_RunNoWZSF_RunSyst/2022EE/Skim_TriLep_ZZTo4L_powheg.root
2025-10-03 00:27:09,121 - INFO - [2022EE] MISSING_FILE: /Users/choij/Sync/workspace/ChargedHiggsAnalysisV3/SKNanoOutput/CRPromptSelector/Run3Mu_RunNoWZSF_RunSyst/2022EE/Skim_TriLep_VBFHToZZTo4L.root
2025-10-03 00:27:09,121 - INFO - [2022EE] MISSING_FILE: /Users/choij/Sync/workspace/ChargedHiggsAnalysisV3/SKNanoOutput/CRPromptSelector/Run3Mu_RunNoWZSF_RunSyst/2022EE/Skim_TriLep_ggHToZZTo4L.root
2025-11-07 13:10:49,401 - INFO - [2022EE] MISSING_CENTRAL: WZ3Mu/Central/jets/2/eta in Skim_TriLep_DYJets.root
2025-11-07 13:10:49,401 - INFO - [2022EE] MISSING_CENTRAL: WZ3Mu/Central/jets/2/eta in Skim_TriLep_DYJets10to50.root
2025-11-07 13:10:49,402 - INFO - [2022EE] MISSING_CENTRAL: WZ3Mu/Central/jets/2/eta in Skim_TriLep_DYGTo2LG_MLL4to50_PTG10to100.root
2025-11-07 13:10:49,403 - INFO - [2022EE] MISSING_CENTRAL: WZ3Mu/Central/jets/2/eta in Skim_TriLep_DYGTo2LG_MLL4to50_PTG100to200.root
2025-11-07 13:10:49,403 - INFO - [2022EE] MISSING_CENTRAL: WZ3Mu/Central/jets/2/eta in Skim_TriLep_DYGTo2LG_MLL4to50_PTG200toInf.root
2025-11-07 13:10:55,045 - INFO - [2022EE] MISSING_CENTRAL: WZ3Mu/Central/jets/2/eta in Skim_TriLep_DYJets.root
2025-11-07 13:10:55,045 - INFO - [2022EE] MISSING_CENTRAL: WZ3Mu/Central/jets/2/eta in Skim_TriLep_DYJets10to50.root
2025-11-07 13:10:55,046 - INFO - [2022EE] MISSING_CENTRAL: WZ3Mu/Central/jets/2/eta in Skim_TriLep_DYGTo2LG_MLL4to50_PTG10to100.root
2025-11-07 13:10:55,046 - INFO - [2022EE] MISSING_CENTRAL: WZ3Mu/Central/jets/2/eta in Skim_TriLep_DYGTo2LG_MLL4to50_PTG100to200.root
2025-11-07 13:10:55,047 - INFO - [2022EE] MISSING_CENTRAL: WZ3Mu/Central/jets/2/eta in Skim_TriLep_DYGTo2LG_MLL4to50_PTG200toInf.root
2025-11-07 13:10:55,053 - INFO - [2022EE] MISSING_FILE: /home/choij/Sync/workspace/ChargedHiggsAnalysisV3/SKNanoOutput/CRPromptSelector/Run3Mu_RunNoWZSF_RunSyst/2022EE/Skim_TriLep_ZZTo4L_powheg.root
2025-11-07 13:10:55,057 - INFO - [2022EE] MISSING_FILE: /home/choij/Sync/workspace/ChargedHiggsAnalysisV3/SKNanoOutput/CRPromptSelector/Run3Mu_RunNoWZSF_RunSyst/2022EE/Skim_TriLep_VBFHToZZTo4L.root
2025-11-07 13:10:55,057 - INFO - [2022EE] MISSING_FILE: /home/choij/Sync/workspace/ChargedHiggsAnalysisV3/SKNanoOutput/CRPromptSelector/Run3Mu_RunNoWZSF_RunSyst/2022EE/Skim_TriLep_ggHToZZTo4L.root
2025-11-07 14:08:27,205 - INFO - [2022EE] MISSING_CENTRAL: WZ3Mu/Central/jets/2/eta in Skim_TriLep_DYJets.root
2025-11-07 14:08:27,206 - INFO - [2022EE] MISSING_CENTRAL: WZ3Mu/Central/jets/2/eta in Skim_TriLep_DYJets10to50.root
2025-11-07 14:08:27,207 - INFO - [2022EE] MISSING_CENTRAL: WZ3Mu/Central/jets/2/eta in Skim_TriLep_DYGTo2LG_MLL4to50_PTG10to100.root
2025-11-07 14:08:27,208 - INFO - [2022EE] MISSING_CENTRAL: WZ3Mu/Central/jets/2/eta in Skim_TriLep_DYGTo2LG_MLL4to50_PTG100to200.root
2025-11-07 14:08:27,208 - INFO - [2022EE] MISSING_CENTRAL: WZ3Mu/Central/jets/2/eta in Skim_TriLep_DYGTo2LG_MLL4to50_PTG200toInf.root
2025-11-07 14:08:32,748 - INFO - [2022EE] MISSING_CENTRAL: WZ3Mu/Central/jets/2/eta in Skim_TriLep_DYJets.root
2025-11-07 14:08:32,749 - INFO - [2022EE] MISSING_CENTRAL: WZ3Mu/Central/jets/2/eta in Skim_TriLep_DYJets10to50.root
2025-11-07 14:08:32,749 - INFO - [2022EE] MISSING_CENTRAL: WZ3Mu/Central/jets/2/eta in Skim_TriLep_DYGTo2LG_MLL4to50_PTG10to100.root
2025-11-07 14:08:32,750 - INFO - [2022EE] MISSING_CENTRAL: WZ3Mu/Central/jets/2/eta in Skim_TriLep_DYGTo2LG_MLL4to50_PTG100to200.root
2025-11-07 14:08:32,751 - INFO - [2022EE] MISSING_CENTRAL: WZ3Mu/Central/jets/2/eta in Skim_TriLep_DYGTo2LG_MLL4to50_PTG200toInf.root
2025-11-07 14:08:32,757 - INFO - [2022EE] MISSING_FILE: /home/choij/Sync/workspace/ChargedHiggsAnalysisV3/SKNanoOutput/CRPromptSelector/Run3Mu_RunNoWZSF_RunSyst/2022EE/Skim_TriLep_ZZTo4L_powheg.root
2025-11-07 14:08:32,761 - INFO - [2022EE] MISSING_FILE: /home/choij/Sync/workspace/ChargedHiggsAnalysisV3/SKNanoOutput/CRPromptSelector/Run3Mu_RunNoWZSF_RunSyst/2022EE/Skim_TriLep_VBFHToZZTo4L.root
2025-11-07 14:08:32,761 - INFO - [2022EE] MISSING_FILE: /home/choij/Sync/workspace/ChargedHiggsAnalysisV3/SKNanoOutput/CRPromptSelector/Run3Mu_RunNoWZSF_RunSyst/2022EE/Skim_TriLep_ggHToZZTo4L.root
2025-11-10 12:23:59,831 - INFO - [2022EE] MISSING_CENTRAL: WZ3Mu/Central/jets/2/eta in Skim_TriLep_DYJets.root
2025-11-10 12:23:59,831 - INFO - [2022EE] MISSING_CENTRAL: WZ3Mu/Central/jets/2/eta in Skim_TriLep_DYJets10to50.root
2025-11-10 12:23:59,832 - INFO - [2022EE] MISSING_CENTRAL: WZ3Mu/Central/jets/2/eta in Skim_TriLep_DYGTo2LG_MLL4to50_PTG10to100.root
2025-11-10 12:23:59,833 - INFO - [2022EE] MISSING_CENTRAL: WZ3Mu/Central/jets/2/eta in Skim_TriLep_DYGTo2LG_MLL4to50_PTG100to200.root
2025-11-10 12:23:59,833 - INFO - [2022EE] MISSING_CENTRAL: WZ3Mu/Central/jets/2/eta in Skim_TriLep_DYGTo2LG_MLL4to50_PTG200toInf.root
2025-11-10 12:24:05,507 - INFO - [2022EE] MISSING_CENTRAL: WZ3Mu/Central/jets/2/eta in Skim_TriLep_DYJets.root
2025-11-10 12:24:05,507 - INFO - [2022EE] MISSING_CENTRAL: WZ3Mu/Central/jets/2/eta in Skim_TriLep_DYJets10to50.root
2025-11-10 12:24:05,508 - INFO - [2022EE] MISSING_CENTRAL: WZ3Mu/Central/jets/2/eta in Skim_TriLep_DYGTo2LG_MLL4to50_PTG10to100.root
2025-11-10 12:24:05,508 - INFO - [2022EE] MISSING_CENTRAL: WZ3Mu/Central/jets/2/eta in Skim_TriLep_DYGTo2LG_MLL4to50_PTG100to200.root
2025-11-10 12:24:05,509 - INFO - [2022EE] MISSING_CENTRAL: WZ3Mu/Central/jets/2/eta in Skim_TriLep_DYGTo2LG_MLL4to50_PTG200toInf.root
2025-11-10 12:24:05,515 - INFO - [2022EE] MISSING_FILE: /home/choij/Sync/workspace/ChargedHiggsAnalysisV3/SKNanoOutput/CRPromptSelector/Run3Mu_RunNoWZSF_RunSyst/2022EE/Skim_TriLep_ZZTo4L_powheg.root
2025-11-10 12:24:05,518 - INFO - [2022EE] MISSING_FILE: /home/choij/Sync/workspace/ChargedHiggsAnalysisV3/SKNanoOutput/CRPromptSelector/Run3Mu_RunNoWZSF_RunSyst/2022EE/Skim_TriLep_VBFHToZZTo4L.root
2025-11-10 12:24:05,518 - INFO - [2022EE] MISSING_FILE: /home/choij/Sync/workspace/ChargedHiggsAnalysisV3/SKNanoOutput/CRPromptSelector/Run3Mu_RunNoWZSF_RunSyst/2022EE/Skim_TriLep_ggHToZZTo4L.root
