2025-09-24 15:59:00,365 - INFO - [2022EE] MISSING_CENTRAL: WZ3Mu/Central/jets/2/pt in Skim_TriLep_DYJets.root
2025-09-24 15:59:00,366 - INFO - [2022EE] MISSING_CENTRAL: WZ3Mu/Central/jets/2/pt in Skim_TriLep_DYJets10to50.root
2025-09-24 15:59:00,366 - INFO - [2022EE] MISSING_CENTRAL: WZ3Mu/Central/jets/2/pt in Skim_TriLep_DYGTo2LG_MLL4to50_PTG10to100.root
2025-09-24 15:59:00,366 - INFO - [2022EE] MISSING_CENTRAL: WZ3Mu/Central/jets/2/pt in Skim_TriLep_DYGTo2LG_MLL4to50_PTG100to200.root
2025-09-24 15:59:00,367 - INFO - [2022EE] MISSING_CENTRAL: WZ3Mu/Central/jets/2/pt in Skim_TriLep_DYGTo2LG_MLL4to50_PTG200toInf.root
2025-09-24 15:59:11,499 - INFO - [2022EE] MISSING_CENTRAL: WZ3Mu/Central/jets/2/pt in Skim_TriLep_DYJets.root
2025-09-24 15:59:11,500 - INFO - [2022EE] MISSING_CENTRAL: WZ3Mu/Central/jets/2/pt in Skim_TriLep_DYJets10to50.root
2025-09-24 15:59:11,500 - INFO - [2022EE] MISSING_CENTRAL: WZ3Mu/Central/jets/2/pt in Skim_TriLep_DYGTo2LG_MLL4to50_PTG10to100.root
2025-09-24 15:59:11,500 - INFO - [2022EE] MISSING_CENTRAL: WZ3Mu/Central/jets/2/pt in Skim_TriLep_DYGTo2LG_MLL4to50_PTG100to200.root
2025-09-24 15:59:11,501 - INFO - [2022EE] MISSING_CENTRAL: WZ3Mu/Central/jets/2/pt in Skim_TriLep_DYGTo2LG_MLL4to50_PTG200toInf.root
2025-09-24 15:59:11,504 - INFO - [2022EE] MISSING_FILE: /Users/choij/Sync/workspace/ChargedHiggsAnalysisV3/SKNanoOutput/CRPromptSelector/Run3Mu_RunNoWZSF_RunSyst/2022EE/Skim_TriLep_ZZTo4L_powheg.root
2025-09-24 15:59:11,536 - INFO - [2022EE] MISSING_FILE: /Users/choij/Sync/workspace/ChargedHiggsAnalysisV3/SKNanoOutput/CRPromptSelector/Run3Mu_RunNoWZSF_RunSyst/2022EE/Skim_TriLep_VBFHToZZTo4L.root
2025-09-24 15:59:11,536 - INFO - [2022EE] MISSING_FILE: /Users/choij/Sync/workspace/ChargedHiggsAnalysisV3/SKNanoOutput/CRPromptSelector/Run3Mu_RunNoWZSF_RunSyst/2022EE/Skim_TriLep_ggHToZZTo4L.root
2025-10-02 21:18:56,953 - INFO - [2022EE] MISSING_CENTRAL: WZ3Mu/Central/jets/2/pt in Skim_TriLep_DYJets.root
2025-10-02 21:18:56,962 - INFO - [2022EE] MISSING_CENTRAL: WZ3Mu/Central/jets/2/pt in Skim_TriLep_DYJets10to50.root
2025-10-02 21:18:56,964 - INFO - [2022EE] MISSING_CENTRAL: WZ3Mu/Central/jets/2/pt in Skim_TriLep_DYGTo2LG_MLL4to50_PTG10to100.root
2025-10-02 21:18:56,965 - INFO - [2022EE] MISSING_CENTRAL: WZ3Mu/Central/jets/2/pt in Skim_TriLep_DYGTo2LG_MLL4to50_PTG100to200.root
2025-10-02 21:18:56,967 - INFO - [2022EE] MISSING_CENTRAL: WZ3Mu/Central/jets/2/pt in Skim_TriLep_DYGTo2LG_MLL4to50_PTG200toInf.root
2025-10-02 21:19:03,380 - INFO - [2022EE] MISSING_CENTRAL: WZ3Mu/Central/jets/2/pt in Skim_TriLep_DYJets.root
2025-10-02 21:19:03,381 - INFO - [2022EE] MISSING_CENTRAL: WZ3Mu/Central/jets/2/pt in Skim_TriLep_DYJets10to50.root
2025-10-02 21:19:03,382 - INFO - [2022EE] MISSING_CENTRAL: WZ3Mu/Central/jets/2/pt in Skim_TriLep_DYGTo2LG_MLL4to50_PTG10to100.root
2025-10-02 21:19:03,385 - INFO - [2022EE] MISSING_CENTRAL: WZ3Mu/Central/jets/2/pt in Skim_TriLep_DYGTo2LG_MLL4to50_PTG100to200.root
2025-10-02 21:19:03,386 - INFO - [2022EE] MISSING_CENTRAL: WZ3Mu/Central/jets/2/pt in Skim_TriLep_DYGTo2LG_MLL4to50_PTG200toInf.root
2025-10-02 21:19:03,411 - INFO - [2022EE] MISSING_FILE: /data9/Users/choij/Sync/workspace/ChargedHiggsAnalysisV3/SKNanoOutput/CRPromptSelector/Run3Mu_RunNoWZSF_RunSyst/2022EE/Skim_TriLep_ZZTo4L_powheg.root
2025-10-02 21:19:03,420 - INFO - [2022EE] MISSING_FILE: /data9/Users/choij/Sync/workspace/ChargedHiggsAnalysisV3/SKNanoOutput/CRPromptSelector/Run3Mu_RunNoWZSF_RunSyst/2022EE/Skim_TriLep_VBFHToZZTo4L.root
2025-10-02 21:19:03,420 - INFO - [2022EE] MISSING_FILE: /data9/Users/choij/Sync/workspace/ChargedHiggsAnalysisV3/SKNanoOutput/CRPromptSelector/Run3Mu_RunNoWZSF_RunSyst/2022EE/Skim_TriLep_ggHToZZTo4L.root
2025-10-03 00:26:56,807 - INFO - [2022EE] MISSING_CENTRAL: WZ3Mu/Central/jets/2/pt in Skim_TriLep_DYJets.root
2025-10-03 00:26:56,808 - INFO - [2022EE] MISSING_CENTRAL: WZ3Mu/Central/jets/2/pt in Skim_TriLep_DYJets10to50.root
2025-10-03 00:26:56,808 - INFO - [2022EE] MISSING_CENTRAL: WZ3Mu/Central/jets/2/pt in Skim_TriLep_DYGTo2LG_MLL4to50_PTG10to100.root
2025-10-03 00:26:56,809 - INFO - [2022EE] MISSING_CENTRAL: WZ3Mu/Central/jets/2/pt in Skim_TriLep_DYGTo2LG_MLL4to50_PTG100to200.root
2025-10-03 00:26:56,809 - INFO - [2022EE] MISSING_CENTRAL: WZ3Mu/Central/jets/2/pt in Skim_TriLep_DYGTo2LG_MLL4to50_PTG200toInf.root
2025-10-03 00:27:09,076 - INFO - [2022EE] MISSING_CENTRAL: WZ3Mu/Central/jets/2/pt in Skim_TriLep_DYJets.root
2025-10-03 00:27:09,077 - INFO - [2022EE] MISSING_CENTRAL: WZ3Mu/Central/jets/2/pt in Skim_TriLep_DYJets10to50.root
2025-10-03 00:27:09,077 - INFO - [2022EE] MISSING_CENTRAL: WZ3Mu/Central/jets/2/pt in Skim_TriLep_DYGTo2LG_MLL4to50_PTG10to100.root
2025-10-03 00:27:09,078 - INFO - [2022EE] MISSING_CENTRAL: WZ3Mu/Central/jets/2/pt in Skim_TriLep_DYGTo2LG_MLL4to50_PTG100to200.root
2025-10-03 00:27:09,078 - INFO - [2022EE] MISSING_CENTRAL: WZ3Mu/Central/jets/2/pt in Skim_TriLep_DYGTo2LG_MLL4to50_PTG200toInf.root
2025-10-03 00:27:09,083 - INFO - [2022EE] MISSING_FILE: /Users/choij/Sync/workspace/ChargedHiggsAnalysisV3/SKNanoOutput/CRPromptSelector/Run3Mu_RunNoWZSF_RunSyst/2022EE/Skim_TriLep_ZZTo4L_powheg.root
2025-10-03 00:27:09,086 - INFO - [2022EE] MISSING_FILE: /Users/choij/Sync/workspace/ChargedHiggsAnalysisV3/SKNanoOutput/CRPromptSelector/Run3Mu_RunNoWZSF_RunSyst/2022EE/Skim_TriLep_VBFHToZZTo4L.root
2025-10-03 00:27:09,087 - INFO - [2022EE] MISSING_FILE: /Users/choij/Sync/workspace/ChargedHiggsAnalysisV3/SKNanoOutput/CRPromptSelector/Run3Mu_RunNoWZSF_RunSyst/2022EE/Skim_TriLep_ggHToZZTo4L.root
