2025-09-24 15:58:57,168 - INFO - [2022EE] MISSING_CENTRAL: WZ3Mu/Central/muons/1/eta in Skim_TriLep_DYJets.root
2025-09-24 15:58:57,168 - INFO - [2022EE] MISSING_CENTRAL: WZ3Mu/Central/muons/1/eta in Skim_TriLep_DYJets10to50.root
2025-09-24 15:59:08,381 - INFO - [2022EE] MISSING_CENTRAL: WZ3Mu/Central/muons/1/eta in Skim_TriLep_DYJets.root
2025-09-24 15:59:08,382 - INFO - [2022EE] MISSING_CENTRAL: WZ3Mu/Central/muons/1/eta in Skim_TriLep_DYJets10to50.root
2025-09-24 15:59:08,403 - INFO - [2022EE] MISSING_FILE: /Users/choij/Sync/workspace/ChargedHiggsAnalysisV3/SKNanoOutput/CRPromptSelector/Run3Mu_RunNoWZSF_RunSyst/2022EE/Skim_TriLep_ZZTo4L_powheg.root
2025-09-24 15:59:08,405 - INFO - [2022EE] MISSING_FILE: /Users/choij/Sync/workspace/ChargedHiggsAnalysisV3/SKNanoOutput/CRPromptSelector/Run3Mu_RunNoWZSF_RunSyst/2022EE/Skim_TriLep_VBFHToZZTo4L.root
2025-09-24 15:59:08,405 - INFO - [2022EE] MISSING_FILE: /Users/choij/Sync/workspace/ChargedHiggsAnalysisV3/SKNanoOutput/CRPromptSelector/Run3Mu_RunNoWZSF_RunSyst/2022EE/Skim_TriLep_ggHToZZTo4L.root
2025-10-02 21:18:56,923 - INFO - [2022EE] MISSING_CENTRAL: WZ3Mu/Central/muons/1/eta in Skim_TriLep_DYJets.root
2025-10-02 21:18:56,924 - INFO - [2022EE] MISSING_CENTRAL: WZ3Mu/Central/muons/1/eta in Skim_TriLep_DYJets10to50.root
2025-10-02 21:19:03,282 - INFO - [2022EE] MISSING_CENTRAL: WZ3Mu/Central/muons/1/eta in Skim_TriLep_DYJets.root
2025-10-02 21:19:03,287 - INFO - [2022EE] MISSING_CENTRAL: WZ3Mu/Central/muons/1/eta in Skim_TriLep_DYJets10to50.root
2025-10-02 21:19:03,316 - INFO - [2022EE] MISSING_FILE: /data9/Users/choij/Sync/workspace/ChargedHiggsAnalysisV3/SKNanoOutput/CRPromptSelector/Run3Mu_RunNoWZSF_RunSyst/2022EE/Skim_TriLep_ZZTo4L_powheg.root
2025-10-02 21:19:03,333 - INFO - [2022EE] MISSING_FILE: /data9/Users/choij/Sync/workspace/ChargedHiggsAnalysisV3/SKNanoOutput/CRPromptSelector/Run3Mu_RunNoWZSF_RunSyst/2022EE/Skim_TriLep_VBFHToZZTo4L.root
2025-10-02 21:19:03,333 - INFO - [2022EE] MISSING_FILE: /data9/Users/choij/Sync/workspace/ChargedHiggsAnalysisV3/SKNanoOutput/CRPromptSelector/Run3Mu_RunNoWZSF_RunSyst/2022EE/Skim_TriLep_ggHToZZTo4L.root
2025-10-03 00:26:53,770 - INFO - [2022EE] MISSING_CENTRAL: WZ3Mu/Central/muons/1/eta in Skim_TriLep_DYJets.root
2025-10-03 00:26:53,771 - INFO - [2022EE] MISSING_CENTRAL: WZ3Mu/Central/muons/1/eta in Skim_TriLep_DYJets10to50.root
2025-10-03 00:27:06,295 - INFO - [2022EE] MISSING_CENTRAL: WZ3Mu/Central/muons/1/eta in Skim_TriLep_DYJets.root
2025-10-03 00:27:06,295 - INFO - [2022EE] MISSING_CENTRAL: WZ3Mu/Central/muons/1/eta in Skim_TriLep_DYJets10to50.root
2025-10-03 00:27:06,301 - INFO - [2022EE] MISSING_FILE: /Users/choij/Sync/workspace/ChargedHiggsAnalysisV3/SKNanoOutput/CRPromptSelector/Run3Mu_RunNoWZSF_RunSyst/2022EE/Skim_TriLep_ZZTo4L_powheg.root
2025-10-03 00:27:06,304 - INFO - [2022EE] MISSING_FILE: /Users/choij/Sync/workspace/ChargedHiggsAnalysisV3/SKNanoOutput/CRPromptSelector/Run3Mu_RunNoWZSF_RunSyst/2022EE/Skim_TriLep_VBFHToZZTo4L.root
2025-10-03 00:27:06,304 - INFO - [2022EE] MISSING_FILE: /Users/choij/Sync/workspace/ChargedHiggsAnalysisV3/SKNanoOutput/CRPromptSelector/Run3Mu_RunNoWZSF_RunSyst/2022EE/Skim_TriLep_ggHToZZTo4L.root
2025-11-07 13:10:49,368 - INFO - [2022EE] MISSING_CENTRAL: WZ3Mu/Central/muons/1/eta in Skim_TriLep_DYJets.root
2025-11-07 13:10:49,368 - INFO - [2022EE] MISSING_CENTRAL: WZ3Mu/Central/muons/1/eta in Skim_TriLep_DYJets10to50.root
2025-11-07 13:10:54,981 - INFO - [2022EE] MISSING_CENTRAL: WZ3Mu/Central/muons/1/eta in Skim_TriLep_DYJets.root
2025-11-07 13:10:54,982 - INFO - [2022EE] MISSING_CENTRAL: WZ3Mu/Central/muons/1/eta in Skim_TriLep_DYJets10to50.root
2025-11-07 13:10:54,989 - INFO - [2022EE] MISSING_FILE: /home/choij/Sync/workspace/ChargedHiggsAnalysisV3/SKNanoOutput/CRPromptSelector/Run3Mu_RunNoWZSF_RunSyst/2022EE/Skim_TriLep_ZZTo4L_powheg.root
2025-11-07 13:10:54,993 - INFO - [2022EE] MISSING_FILE: /home/choij/Sync/workspace/ChargedHiggsAnalysisV3/SKNanoOutput/CRPromptSelector/Run3Mu_RunNoWZSF_RunSyst/2022EE/Skim_TriLep_VBFHToZZTo4L.root
2025-11-07 13:10:54,994 - INFO - [2022EE] MISSING_FILE: /home/choij/Sync/workspace/ChargedHiggsAnalysisV3/SKNanoOutput/CRPromptSelector/Run3Mu_RunNoWZSF_RunSyst/2022EE/Skim_TriLep_ggHToZZTo4L.root
2025-11-07 14:08:27,236 - INFO - [2022EE] MISSING_CENTRAL: WZ3Mu/Central/muons/1/eta in Skim_TriLep_DYJets.root
2025-11-07 14:08:27,237 - INFO - [2022EE] MISSING_CENTRAL: WZ3Mu/Central/muons/1/eta in Skim_TriLep_DYJets10to50.root
2025-11-07 14:08:32,688 - INFO - [2022EE] MISSING_CENTRAL: WZ3Mu/Central/muons/1/eta in Skim_TriLep_DYJets.root
2025-11-07 14:08:32,689 - INFO - [2022EE] MISSING_CENTRAL: WZ3Mu/Central/muons/1/eta in Skim_TriLep_DYJets10to50.root
2025-11-07 14:08:32,697 - INFO - [2022EE] MISSING_FILE: /home/choij/Sync/workspace/ChargedHiggsAnalysisV3/SKNanoOutput/CRPromptSelector/Run3Mu_RunNoWZSF_RunSyst/2022EE/Skim_TriLep_ZZTo4L_powheg.root
2025-11-07 14:08:32,701 - INFO - [2022EE] MISSING_FILE: /home/choij/Sync/workspace/ChargedHiggsAnalysisV3/SKNanoOutput/CRPromptSelector/Run3Mu_RunNoWZSF_RunSyst/2022EE/Skim_TriLep_VBFHToZZTo4L.root
2025-11-07 14:08:32,701 - INFO - [2022EE] MISSING_FILE: /home/choij/Sync/workspace/ChargedHiggsAnalysisV3/SKNanoOutput/CRPromptSelector/Run3Mu_RunNoWZSF_RunSyst/2022EE/Skim_TriLep_ggHToZZTo4L.root
2025-11-10 12:23:59,818 - INFO - [2022EE] MISSING_CENTRAL: WZ3Mu/Central/muons/1/eta in Skim_TriLep_DYJets.root
2025-11-10 12:23:59,818 - INFO - [2022EE] MISSING_CENTRAL: WZ3Mu/Central/muons/1/eta in Skim_TriLep_DYJets10to50.root
2025-11-10 12:24:05,461 - INFO - [2022EE] MISSING_CENTRAL: WZ3Mu/Central/muons/1/eta in Skim_TriLep_DYJets.root
2025-11-10 12:24:05,461 - INFO - [2022EE] MISSING_CENTRAL: WZ3Mu/Central/muons/1/eta in Skim_TriLep_DYJets10to50.root
2025-11-10 12:24:05,469 - INFO - [2022EE] MISSING_FILE: /home/choij/Sync/workspace/ChargedHiggsAnalysisV3/SKNanoOutput/CRPromptSelector/Run3Mu_RunNoWZSF_RunSyst/2022EE/Skim_TriLep_ZZTo4L_powheg.root
2025-11-10 12:24:05,473 - INFO - [2022EE] MISSING_FILE: /home/choij/Sync/workspace/ChargedHiggsAnalysisV3/SKNanoOutput/CRPromptSelector/Run3Mu_RunNoWZSF_RunSyst/2022EE/Skim_TriLep_VBFHToZZTo4L.root
2025-11-10 12:24:05,474 - INFO - [2022EE] MISSING_FILE: /home/choij/Sync/workspace/ChargedHiggsAnalysisV3/SKNanoOutput/CRPromptSelector/Run3Mu_RunNoWZSF_RunSyst/2022EE/Skim_TriLep_ggHToZZTo4L.root
2025-11-13 11:13:48,632 - INFO - [2022EE] MISSING_CENTRAL: WZ3Mu/Central/muons/1/eta in Skim_TriLep_DYJets.root
2025-11-13 11:13:48,643 - INFO - [2022EE] MISSING_CENTRAL: WZ3Mu/Central/muons/1/eta in Skim_TriLep_DYJets10to50.root
2025-11-13 11:13:54,968 - INFO - [2022EE] MISSING_CENTRAL: WZ3Mu/Central/muons/1/eta in Skim_TriLep_DYJets.root
2025-11-13 11:13:54,970 - INFO - [2022EE] MISSING_CENTRAL: WZ3Mu/Central/muons/1/eta in Skim_TriLep_DYJets10to50.root
2025-11-13 11:13:55,005 - INFO - [2022EE] MISSING_FILE: /data9/Users/choij/Sync/workspace/ChargedHiggsAnalysisV3/SKNanoOutput/CRPromptSelector/Run3Mu_RunNoWZSF_RunSyst/2022EE/Skim_TriLep_ZZTo4L_powheg.root
2025-11-13 11:13:55,015 - INFO - [2022EE] MISSING_FILE: /data9/Users/choij/Sync/workspace/ChargedHiggsAnalysisV3/SKNanoOutput/CRPromptSelector/Run3Mu_RunNoWZSF_RunSyst/2022EE/Skim_TriLep_VBFHToZZTo4L.root
2025-11-13 11:13:55,015 - INFO - [2022EE] MISSING_FILE: /data9/Users/choij/Sync/workspace/ChargedHiggsAnalysisV3/SKNanoOutput/CRPromptSelector/Run3Mu_RunNoWZSF_RunSyst/2022EE/Skim_TriLep_ggHToZZTo4L.root
2025-11-19 00:18:58,556 - INFO - [2022EE] MISSING_CENTRAL: WZ3Mu/Central/muons/1/eta in Skim_TriLep_DYJets.root
2025-11-19 00:18:58,562 - INFO - [2022EE] MISSING_CENTRAL: WZ3Mu/Central/muons/1/eta in Skim_TriLep_DYJets10to50.root
2025-11-19 00:18:58,749 - INFO - [2022EE] MISSING_FILE: /data9/Users/choij/Sync/workspace/ChargedHiggsAnalysisV3/SKNanoOutput/CRPromptSelector/Run3Mu_RunSyst/2022EE/Skim_TriLep_WZTo3LNu_powheg.root
2025-11-19 00:19:03,983 - INFO - [2022EE] MISSING_CENTRAL: WZ3Mu/Central/muons/1/eta in Skim_TriLep_DYJets.root
2025-11-19 00:19:03,986 - INFO - [2022EE] MISSING_CENTRAL: WZ3Mu/Central/muons/1/eta in Skim_TriLep_DYJets10to50.root
2025-11-19 00:19:04,001 - INFO - [2022EE] MISSING_FILE: /data9/Users/choij/Sync/workspace/ChargedHiggsAnalysisV3/SKNanoOutput/CRPromptSelector/Run3Mu_RunNoWZSF_RunSyst/2022EE/Skim_TriLep_ZZTo4L_powheg.root
2025-11-19 00:19:04,007 - INFO - [2022EE] MISSING_FILE: /data9/Users/choij/Sync/workspace/ChargedHiggsAnalysisV3/SKNanoOutput/CRPromptSelector/Run3Mu_RunNoWZSF_RunSyst/2022EE/Skim_TriLep_VBFHToZZTo4L.root
2025-11-19 00:19:04,008 - INFO - [2022EE] MISSING_FILE: /data9/Users/choij/Sync/workspace/ChargedHiggsAnalysisV3/SKNanoOutput/CRPromptSelector/Run3Mu_RunNoWZSF_RunSyst/2022EE/Skim_TriLep_ggHToZZTo4L.root
2025-11-19 15:44:11,598 - INFO - [2022EE] MISSING_CENTRAL: WZ3Mu/Central/muons/1/eta in Skim_TriLep_DYJets.root
2025-11-19 15:44:11,599 - INFO - [2022EE] MISSING_CENTRAL: WZ3Mu/Central/muons/1/eta in Skim_TriLep_DYJets10to50.root
2025-11-19 15:44:17,229 - INFO - [2022EE] MISSING_CENTRAL: WZ3Mu/Central/muons/1/eta in Skim_TriLep_DYJets.root
2025-11-19 15:44:17,229 - INFO - [2022EE] MISSING_CENTRAL: WZ3Mu/Central/muons/1/eta in Skim_TriLep_DYJets10to50.root
2025-11-19 15:44:17,237 - INFO - [2022EE] MISSING_FILE: /home/choij/Sync/workspace/ChargedHiggsAnalysisV3/SKNanoOutput/CRPromptSelector/Run3Mu_RunNoWZSF_RunSyst/2022EE/Skim_TriLep_ZZTo4L_powheg.root
2025-11-19 15:44:17,240 - INFO - [2022EE] MISSING_FILE: /home/choij/Sync/workspace/ChargedHiggsAnalysisV3/SKNanoOutput/CRPromptSelector/Run3Mu_RunNoWZSF_RunSyst/2022EE/Skim_TriLep_VBFHToZZTo4L.root
2025-11-19 15:44:17,240 - INFO - [2022EE] MISSING_FILE: /home/choij/Sync/workspace/ChargedHiggsAnalysisV3/SKNanoOutput/CRPromptSelector/Run3Mu_RunNoWZSF_RunSyst/2022EE/Skim_TriLep_ggHToZZTo4L.root
2025-11-19 16:26:27,657 - INFO - [2022EE] MISSING_CENTRAL: WZ3Mu/Central/muons/1/eta in Skim_TriLep_DYJets.root
2025-11-19 16:26:27,658 - INFO - [2022EE] MISSING_CENTRAL: WZ3Mu/Central/muons/1/eta in Skim_TriLep_DYJets10to50.root
2025-11-19 16:26:32,937 - INFO - [2022EE] MISSING_CENTRAL: WZ3Mu/Central/muons/1/eta in Skim_TriLep_DYJets.root
2025-11-19 16:26:32,937 - INFO - [2022EE] MISSING_CENTRAL: WZ3Mu/Central/muons/1/eta in Skim_TriLep_DYJets10to50.root
2025-11-19 16:26:32,945 - INFO - [2022EE] MISSING_FILE: /home/choij/Sync/workspace/ChargedHiggsAnalysisV3/SKNanoOutput/CRPromptSelector/Run3Mu_RunNoWZSF_RunSyst/2022EE/Skim_TriLep_ZZTo4L_powheg.root
2025-11-19 16:26:32,949 - INFO - [2022EE] MISSING_FILE: /home/choij/Sync/workspace/ChargedHiggsAnalysisV3/SKNanoOutput/CRPromptSelector/Run3Mu_RunNoWZSF_RunSyst/2022EE/Skim_TriLep_VBFHToZZTo4L.root
2025-11-19 16:26:32,949 - INFO - [2022EE] MISSING_FILE: /home/choij/Sync/workspace/ChargedHiggsAnalysisV3/SKNanoOutput/CRPromptSelector/Run3Mu_RunNoWZSF_RunSyst/2022EE/Skim_TriLep_ggHToZZTo4L.root
2025-12-17 12:27:26,979 - INFO - [2022EE] MISSING_CENTRAL: WZ3Mu/Central/muons/1/eta in Skim_TriLep_DYJets.root
2025-12-17 12:27:26,989 - INFO - [2022EE] MISSING_CENTRAL: WZ3Mu/Central/muons/1/eta in Skim_TriLep_DYJets10to50.root
2025-12-17 12:27:33,428 - INFO - [2022EE] MISSING_CENTRAL: WZ3Mu/Central/muons/1/eta in Skim_TriLep_DYJets.root
2025-12-17 12:27:33,429 - INFO - [2022EE] MISSING_CENTRAL: WZ3Mu/Central/muons/1/eta in Skim_TriLep_DYJets10to50.root
2025-12-17 12:27:33,441 - INFO - [2022EE] MISSING_FILE: /data9/Users/choij/Sync/workspace/ChargedHiggsAnalysisV3/SKNanoOutput/CRPromptSelector/Run3Mu_RunNoWZSF_RunSyst/2022EE/Skim_TriLep_ZZTo4L_powheg.root
2025-12-17 12:27:33,451 - INFO - [2022EE] MISSING_FILE: /data9/Users/choij/Sync/workspace/ChargedHiggsAnalysisV3/SKNanoOutput/CRPromptSelector/Run3Mu_RunNoWZSF_RunSyst/2022EE/Skim_TriLep_VBFHToZZTo4L.root
2025-12-17 12:27:33,452 - INFO - [2022EE] MISSING_FILE: /data9/Users/choij/Sync/workspace/ChargedHiggsAnalysisV3/SKNanoOutput/CRPromptSelector/Run3Mu_RunNoWZSF_RunSyst/2022EE/Skim_TriLep_ggHToZZTo4L.root
2025-12-17 16:09:06,328 - INFO - [2022EE] MISSING_CENTRAL: WZ3Mu/Central/muons/1/eta in Skim_TriLep_DYJets.root
2025-12-17 16:09:06,329 - INFO - [2022EE] MISSING_CENTRAL: WZ3Mu/Central/muons/1/eta in Skim_TriLep_DYJets10to50.root
2025-12-17 16:09:11,413 - INFO - [2022EE] MISSING_CENTRAL: WZ3Mu/Central/muons/1/eta in Skim_TriLep_DYJets.root
2025-12-17 16:09:11,414 - INFO - [2022EE] MISSING_CENTRAL: WZ3Mu/Central/muons/1/eta in Skim_TriLep_DYJets10to50.root
2025-12-17 16:09:11,418 - INFO - [2022EE] MISSING_FILE: /data9/Users/choij/Sync/workspace/ChargedHiggsAnalysisV3/SKNanoOutput/CRPromptSelector/Run3Mu_RunNoWZSF_RunSyst/2022EE/Skim_TriLep_WZTo3LNu_powheg.root
2025-12-17 16:09:11,419 - INFO - [2022EE] MISSING_FILE: /data9/Users/choij/Sync/workspace/ChargedHiggsAnalysisV3/SKNanoOutput/CRPromptSelector/Run3Mu_RunNoWZSF_RunSyst/2022EE/Skim_TriLep_ZZTo4L_powheg.root
2025-12-17 16:09:11,423 - INFO - [2022EE] MISSING_FILE: /data9/Users/choij/Sync/workspace/ChargedHiggsAnalysisV3/SKNanoOutput/CRPromptSelector/Run3Mu_RunNoWZSF_RunSyst/2022EE/Skim_TriLep_VBFHToZZTo4L.root
2025-12-17 16:09:11,423 - INFO - [2022EE] MISSING_FILE: /data9/Users/choij/Sync/workspace/ChargedHiggsAnalysisV3/SKNanoOutput/CRPromptSelector/Run3Mu_RunNoWZSF_RunSyst/2022EE/Skim_TriLep_ggHToZZTo4L.root
2025-12-17 22:41:04,982 - INFO - [2022EE] MISSING_CENTRAL: WZ3Mu/Central/muons/1/eta in Skim_TriLep_DYJets.root
2025-12-17 22:41:04,983 - INFO - [2022EE] MISSING_CENTRAL: WZ3Mu/Central/muons/1/eta in Skim_TriLep_DYJets10to50.root
2025-12-17 22:41:11,480 - INFO - [2022EE] MISSING_CENTRAL: WZ3Mu/Central/muons/1/eta in Skim_TriLep_DYJets.root
2025-12-17 22:41:11,481 - INFO - [2022EE] MISSING_CENTRAL: WZ3Mu/Central/muons/1/eta in Skim_TriLep_DYJets10to50.root
2025-12-17 22:41:11,490 - INFO - [2022EE] MISSING_FILE: /data9/Users/choij/Sync/workspace/ChargedHiggsAnalysisV3/SKNanoOutput/CRPromptSelector/Run3Mu_RunNoWZSF_RunSyst/2022EE/Skim_TriLep_WZTo3LNu_powheg.root
2025-12-17 22:41:11,491 - INFO - [2022EE] MISSING_FILE: /data9/Users/choij/Sync/workspace/ChargedHiggsAnalysisV3/SKNanoOutput/CRPromptSelector/Run3Mu_RunNoWZSF_RunSyst/2022EE/Skim_TriLep_ZZTo4L_powheg.root
2025-12-17 22:41:11,508 - INFO - [2022EE] MISSING_FILE: /data9/Users/choij/Sync/workspace/ChargedHiggsAnalysisV3/SKNanoOutput/CRPromptSelector/Run3Mu_RunNoWZSF_RunSyst/2022EE/Skim_TriLep_VBFHToZZTo4L.root
2025-12-17 22:41:11,508 - INFO - [2022EE] MISSING_FILE: /data9/Users/choij/Sync/workspace/ChargedHiggsAnalysisV3/SKNanoOutput/CRPromptSelector/Run3Mu_RunNoWZSF_RunSyst/2022EE/Skim_TriLep_ggHToZZTo4L.root
2025-12-18 14:26:16,512 - INFO - [2022EE] MISSING_CENTRAL: WZ3Mu/Central/muons/1/eta in Skim_TriLep_DYJets.root
2025-12-18 14:26:16,513 - INFO - [2022EE] MISSING_CENTRAL: WZ3Mu/Central/muons/1/eta in Skim_TriLep_DYJets10to50.root
2025-12-18 14:26:21,719 - INFO - [2022EE] MISSING_CENTRAL: WZ3Mu/Central/muons/1/eta in Skim_TriLep_DYJets.root
2025-12-18 14:26:21,720 - INFO - [2022EE] MISSING_CENTRAL: WZ3Mu/Central/muons/1/eta in Skim_TriLep_DYJets10to50.root
2025-12-18 14:26:21,739 - INFO - [2022EE] MISSING_FILE: /data9/Users/choij/Sync/workspace/ChargedHiggsAnalysisV3/SKNanoOutput/CRPromptSelector/Run3Mu_RunNoWZSF_RunSyst/2022EE/Skim_TriLep_WZTo3LNu_powheg.root
2025-12-18 14:26:21,739 - INFO - [2022EE] MISSING_FILE: /data9/Users/choij/Sync/workspace/ChargedHiggsAnalysisV3/SKNanoOutput/CRPromptSelector/Run3Mu_RunNoWZSF_RunSyst/2022EE/Skim_TriLep_ZZTo4L_powheg.root
2025-12-18 14:26:21,746 - INFO - [2022EE] MISSING_FILE: /data9/Users/choij/Sync/workspace/ChargedHiggsAnalysisV3/SKNanoOutput/CRPromptSelector/Run3Mu_RunNoWZSF_RunSyst/2022EE/Skim_TriLep_VBFHToZZTo4L.root
2025-12-18 14:26:21,746 - INFO - [2022EE] MISSING_FILE: /data9/Users/choij/Sync/workspace/ChargedHiggsAnalysisV3/SKNanoOutput/CRPromptSelector/Run3Mu_RunNoWZSF_RunSyst/2022EE/Skim_TriLep_ggHToZZTo4L.root
2025-12-18 14:41:38,751 - INFO - [2022EE] MISSING_CENTRAL: WZ3Mu/Central/muons/1/eta in Skim_TriLep_DYJets.root
2025-12-18 14:41:38,752 - INFO - [2022EE] MISSING_CENTRAL: WZ3Mu/Central/muons/1/eta in Skim_TriLep_DYJets10to50.root
2025-12-18 14:41:44,172 - INFO - [2022EE] MISSING_CENTRAL: WZ3Mu/Central/muons/1/eta in Skim_TriLep_DYJets.root
2025-12-18 14:41:44,173 - INFO - [2022EE] MISSING_CENTRAL: WZ3Mu/Central/muons/1/eta in Skim_TriLep_DYJets10to50.root
2025-12-18 14:41:44,193 - INFO - [2022EE] MISSING_FILE: /data9/Users/choij/Sync/workspace/ChargedHiggsAnalysisV3/SKNanoOutput/CRPromptSelector/Run3Mu_RunNoWZSF_RunSyst/2022EE/Skim_TriLep_WZTo3LNu_powheg.root
2025-12-18 14:41:44,193 - INFO - [2022EE] MISSING_FILE: /data9/Users/choij/Sync/workspace/ChargedHiggsAnalysisV3/SKNanoOutput/CRPromptSelector/Run3Mu_RunNoWZSF_RunSyst/2022EE/Skim_TriLep_ZZTo4L_powheg.root
2025-12-18 14:41:44,200 - INFO - [2022EE] MISSING_FILE: /data9/Users/choij/Sync/workspace/ChargedHiggsAnalysisV3/SKNanoOutput/CRPromptSelector/Run3Mu_RunNoWZSF_RunSyst/2022EE/Skim_TriLep_VBFHToZZTo4L.root
2025-12-18 14:41:44,200 - INFO - [2022EE] MISSING_FILE: /data9/Users/choij/Sync/workspace/ChargedHiggsAnalysisV3/SKNanoOutput/CRPromptSelector/Run3Mu_RunNoWZSF_RunSyst/2022EE/Skim_TriLep_ggHToZZTo4L.root
2025-12-18 22:07:50,739 - INFO - [2022EE] MISSING_CENTRAL: WZ3Mu/Central/muons/1/eta in Skim_TriLep_DYJets.root
2025-12-18 22:07:50,740 - INFO - [2022EE] MISSING_CENTRAL: WZ3Mu/Central/muons/1/eta in Skim_TriLep_DYJets10to50.root
2025-12-18 22:07:55,799 - INFO - [2022EE] MISSING_CENTRAL: WZ3Mu/Central/muons/1/eta in Skim_TriLep_DYJets.root
2025-12-18 22:07:55,800 - INFO - [2022EE] MISSING_CENTRAL: WZ3Mu/Central/muons/1/eta in Skim_TriLep_DYJets10to50.root
2025-12-18 22:07:55,814 - INFO - [2022EE] MISSING_FILE: /data9/Users/choij/Sync/workspace/ChargedHiggsAnalysisV3/SKNanoOutput/CRPromptSelector/Run3Mu_RunNoWZSF_RunSyst/2022EE/Skim_TriLep_ZZTo4L_powheg.root
2025-12-18 22:07:55,818 - INFO - [2022EE] MISSING_FILE: /data9/Users/choij/Sync/workspace/ChargedHiggsAnalysisV3/SKNanoOutput/CRPromptSelector/Run3Mu_RunNoWZSF_RunSyst/2022EE/Skim_TriLep_VBFHToZZTo4L.root
2025-12-18 22:07:55,818 - INFO - [2022EE] MISSING_FILE: /data9/Users/choij/Sync/workspace/ChargedHiggsAnalysisV3/SKNanoOutput/CRPromptSelector/Run3Mu_RunNoWZSF_RunSyst/2022EE/Skim_TriLep_ggHToZZTo4L.root
2026-01-07 11:50:53,709 - INFO - [2022EE] MISSING_FILE: /data9/Users/choij/Sync/workspace/ChargedHiggsAnalysisV3/SKNanoOutput/CRPromptSelector/Run3Mu/2022EE/Skim_TriLep_Muon_E.root
2026-01-07 11:50:53,709 - INFO - [2022EE] MISSING_FILE: /data9/Users/choij/Sync/workspace/ChargedHiggsAnalysisV3/SKNanoOutput/CRPromptSelector/Run3Mu/2022EE/Skim_TriLep_Muon_F.root
2026-01-07 11:50:53,709 - INFO - [2022EE] MISSING_FILE: /data9/Users/choij/Sync/workspace/ChargedHiggsAnalysisV3/SKNanoOutput/CRPromptSelector/Run3Mu/2022EE/Skim_TriLep_Muon_G.root
2026-01-07 11:50:57,180 - INFO - [2022EE] MISSING_FILE: /data9/Users/choij/Sync/workspace/ChargedHiggsAnalysisV3/SKNanoOutput/CRPromptSelector/Run3Mu/2022EE/Skim_TriLep_Muon_E.root
2026-01-07 11:50:57,180 - INFO - [2022EE] MISSING_FILE: /data9/Users/choij/Sync/workspace/ChargedHiggsAnalysisV3/SKNanoOutput/CRPromptSelector/Run3Mu/2022EE/Skim_TriLep_Muon_F.root
2026-01-07 11:50:57,181 - INFO - [2022EE] MISSING_FILE: /data9/Users/choij/Sync/workspace/ChargedHiggsAnalysisV3/SKNanoOutput/CRPromptSelector/Run3Mu/2022EE/Skim_TriLep_Muon_G.root
2026-01-07 18:47:37,063 - INFO - [2022EE] MISSING_CENTRAL: WZ3Mu/Central/muons/1/eta in Skim_TriLep_DYJets.root
2026-01-07 18:47:37,068 - INFO - [2022EE] MISSING_CENTRAL: WZ3Mu/Central/muons/1/eta in Skim_TriLep_DYJets10to50.root
2026-01-07 18:47:42,544 - INFO - [2022EE] MISSING_CENTRAL: WZ3Mu/Central/muons/1/eta in Skim_TriLep_DYJets.root
2026-01-07 18:47:42,545 - INFO - [2022EE] MISSING_CENTRAL: WZ3Mu/Central/muons/1/eta in Skim_TriLep_DYJets10to50.root
2026-01-07 18:47:42,565 - INFO - [2022EE] MISSING_FILE: /data9/Users/choij/Sync/workspace/ChargedHiggsAnalysisV3/SKNanoOutput/CRPromptSelector/Run3Mu_RunNoWZSF_RunSyst/2022EE/Skim_TriLep_ZZTo4L_powheg.root
2026-01-07 18:47:42,572 - INFO - [2022EE] MISSING_FILE: /data9/Users/choij/Sync/workspace/ChargedHiggsAnalysisV3/SKNanoOutput/CRPromptSelector/Run3Mu_RunNoWZSF_RunSyst/2022EE/Skim_TriLep_VBFHToZZTo4L.root
2026-01-07 18:47:42,572 - INFO - [2022EE] MISSING_FILE: /data9/Users/choij/Sync/workspace/ChargedHiggsAnalysisV3/SKNanoOutput/CRPromptSelector/Run3Mu_RunNoWZSF_RunSyst/2022EE/Skim_TriLep_ggHToZZTo4L.root
2026-01-09 12:22:07,363 - INFO - [2022EE] MISSING_CENTRAL: WZ3Mu/Central/muons/1/eta in Skim_TriLep_DYJets.root
2026-01-09 12:22:07,364 - INFO - [2022EE] MISSING_CENTRAL: WZ3Mu/Central/muons/1/eta in Skim_TriLep_DYJets10to50.root
2026-01-09 12:22:12,783 - INFO - [2022EE] MISSING_CENTRAL: WZ3Mu/Central/muons/1/eta in Skim_TriLep_DYJets.root
2026-01-09 12:22:12,784 - INFO - [2022EE] MISSING_CENTRAL: WZ3Mu/Central/muons/1/eta in Skim_TriLep_DYJets10to50.root
2026-01-09 12:22:12,796 - INFO - [2022EE] MISSING_FILE: /home/choij/Sync/workspace/ChargedHiggsAnalysisV3/SKNanoOutput/CRPromptSelector/Run3Mu_RunNoWZSF_RunSyst/2022EE/Skim_TriLep_ZZTo4L_powheg.root
2026-01-09 12:22:12,800 - INFO - [2022EE] MISSING_FILE: /home/choij/Sync/workspace/ChargedHiggsAnalysisV3/SKNanoOutput/CRPromptSelector/Run3Mu_RunNoWZSF_RunSyst/2022EE/Skim_TriLep_VBFHToZZTo4L.root
2026-01-09 12:22:12,800 - INFO - [2022EE] MISSING_FILE: /home/choij/Sync/workspace/ChargedHiggsAnalysisV3/SKNanoOutput/CRPromptSelector/Run3Mu_RunNoWZSF_RunSyst/2022EE/Skim_TriLep_ggHToZZTo4L.root
2026-01-11 09:42:10,291 - INFO - [2022EE] MISSING_CENTRAL: WZ3Mu/Central/muons/1/eta in Skim_TriLep_DYJets.root
2026-01-11 09:42:10,292 - INFO - [2022EE] MISSING_CENTRAL: WZ3Mu/Central/muons/1/eta in Skim_TriLep_DYJets10to50.root
2026-01-11 09:42:15,801 - INFO - [2022EE] MISSING_CENTRAL: WZ3Mu/Central/muons/1/eta in Skim_TriLep_DYJets.root
2026-01-11 09:42:15,801 - INFO - [2022EE] MISSING_CENTRAL: WZ3Mu/Central/muons/1/eta in Skim_TriLep_DYJets10to50.root
2026-01-11 09:42:15,812 - INFO - [2022EE] MISSING_FILE: /home/choij/Sync/workspace/ChargedHiggsAnalysisV3/SKNanoOutput/CRPromptSelector/Run3Mu_RunNoWZSF_RunSyst/2022EE/Skim_TriLep_ZZTo4L_powheg.root
2026-01-11 09:42:15,816 - INFO - [2022EE] MISSING_FILE: /home/choij/Sync/workspace/ChargedHiggsAnalysisV3/SKNanoOutput/CRPromptSelector/Run3Mu_RunNoWZSF_RunSyst/2022EE/Skim_TriLep_VBFHToZZTo4L.root
2026-01-11 09:42:15,816 - INFO - [2022EE] MISSING_FILE: /home/choij/Sync/workspace/ChargedHiggsAnalysisV3/SKNanoOutput/CRPromptSelector/Run3Mu_RunNoWZSF_RunSyst/2022EE/Skim_TriLep_ggHToZZTo4L.root
2026-01-12 13:50:53,985 - INFO - [2022EE] MISSING_CENTRAL: WZ3Mu/Central/muons/1/eta in Skim_TriLep_DYJets.root
2026-01-12 13:50:53,986 - INFO - [2022EE] MISSING_CENTRAL: WZ3Mu/Central/muons/1/eta in Skim_TriLep_DYJets10to50.root
2026-01-12 13:50:59,440 - INFO - [2022EE] MISSING_CENTRAL: WZ3Mu/Central/muons/1/eta in Skim_TriLep_DYJets.root
2026-01-12 13:50:59,441 - INFO - [2022EE] MISSING_CENTRAL: WZ3Mu/Central/muons/1/eta in Skim_TriLep_DYJets10to50.root
2026-01-12 13:50:59,453 - INFO - [2022EE] MISSING_FILE: /home/choij/Sync/workspace/ChargedHiggsAnalysisV3/SKNanoOutput/CRPromptSelector/Run3Mu_RunNoWZSF_RunSyst/2022EE/Skim_TriLep_ZZTo4L_powheg.root
2026-01-12 13:50:59,457 - INFO - [2022EE] MISSING_FILE: /home/choij/Sync/workspace/ChargedHiggsAnalysisV3/SKNanoOutput/CRPromptSelector/Run3Mu_RunNoWZSF_RunSyst/2022EE/Skim_TriLep_VBFHToZZTo4L.root
2026-01-12 13:50:59,457 - INFO - [2022EE] MISSING_FILE: /home/choij/Sync/workspace/ChargedHiggsAnalysisV3/SKNanoOutput/CRPromptSelector/Run3Mu_RunNoWZSF_RunSyst/2022EE/Skim_TriLep_ggHToZZTo4L.root
2026-01-16 19:05:49,687 - INFO - [2022EE] MISSING_CENTRAL: WZ3Mu/Central/muons/1/eta in Skim_TriLep_DYJets.root
2026-01-16 19:05:49,688 - INFO - [2022EE] MISSING_CENTRAL: WZ3Mu/Central/muons/1/eta in Skim_TriLep_DYJets10to50.root
2026-01-16 19:05:54,914 - INFO - [2022EE] MISSING_CENTRAL: WZ3Mu/Central/muons/1/eta in Skim_TriLep_DYJets.root
2026-01-16 19:05:54,914 - INFO - [2022EE] MISSING_CENTRAL: WZ3Mu/Central/muons/1/eta in Skim_TriLep_DYJets10to50.root
2026-01-16 19:05:54,926 - INFO - [2022EE] MISSING_FILE: /home/choij/Sync/workspace/ChargedHiggsAnalysisV3/SKNanoOutput/CRPromptSelector/Run3Mu_RunNoWZSF_RunSyst/2022EE/Skim_TriLep_ZZTo4L_powheg.root
2026-01-16 19:05:54,930 - INFO - [2022EE] MISSING_FILE: /home/choij/Sync/workspace/ChargedHiggsAnalysisV3/SKNanoOutput/CRPromptSelector/Run3Mu_RunNoWZSF_RunSyst/2022EE/Skim_TriLep_VBFHToZZTo4L.root
2026-01-16 19:05:54,930 - INFO - [2022EE] MISSING_FILE: /home/choij/Sync/workspace/ChargedHiggsAnalysisV3/SKNanoOutput/CRPromptSelector/Run3Mu_RunNoWZSF_RunSyst/2022EE/Skim_TriLep_ggHToZZTo4L.root
2026-01-28 15:00:51,876 - INFO - [2022EE] MISSING_CENTRAL: WZ3Mu/Central/muons/1/eta in Skim_TriLep_DYJets.root
2026-01-28 15:00:51,877 - INFO - [2022EE] MISSING_CENTRAL: WZ3Mu/Central/muons/1/eta in Skim_TriLep_DYJets10to50.root
2026-01-28 15:00:57,154 - INFO - [2022EE] MISSING_CENTRAL: WZ3Mu/Central/muons/1/eta in Skim_TriLep_DYJets.root
2026-01-28 15:00:57,155 - INFO - [2022EE] MISSING_CENTRAL: WZ3Mu/Central/muons/1/eta in Skim_TriLep_DYJets10to50.root
2026-01-28 15:00:57,168 - INFO - [2022EE] MISSING_FILE: /home/choij/Sync/workspace/ChargedHiggsAnalysisV3/SKNanoOutput/PromptAnalyzer/Run3Mu_RunNoWZSF_RunSyst_RunCR_NoTreeMode/2022EE/Skim_TriLep_ZZTo4L_powheg.root
2026-01-28 15:00:57,171 - INFO - [2022EE] MISSING_FILE: /home/choij/Sync/workspace/ChargedHiggsAnalysisV3/SKNanoOutput/PromptAnalyzer/Run3Mu_RunNoWZSF_RunSyst_RunCR_NoTreeMode/2022EE/Skim_TriLep_VBFHToZZTo4L.root
2026-01-28 15:00:57,172 - INFO - [2022EE] MISSING_FILE: /home/choij/Sync/workspace/ChargedHiggsAnalysisV3/SKNanoOutput/PromptAnalyzer/Run3Mu_RunNoWZSF_RunSyst_RunCR_NoTreeMode/2022EE/Skim_TriLep_ggHToZZTo4L.root
2026-01-28 15:13:27,670 - INFO - [2022EE] MISSING_CENTRAL: WZ3Mu/Central/muons/1/eta in Skim_TriLep_DYJets.root
2026-01-28 15:13:27,671 - INFO - [2022EE] MISSING_CENTRAL: WZ3Mu/Central/muons/1/eta in Skim_TriLep_DYJets10to50.root
2026-01-28 15:13:33,110 - INFO - [2022EE] MISSING_CENTRAL: WZ3Mu/Central/muons/1/eta in Skim_TriLep_DYJets.root
2026-01-28 15:13:33,111 - INFO - [2022EE] MISSING_CENTRAL: WZ3Mu/Central/muons/1/eta in Skim_TriLep_DYJets10to50.root
2026-01-28 15:13:33,124 - INFO - [2022EE] MISSING_FILE: /home/choij/Sync/workspace/ChargedHiggsAnalysisV3/SKNanoOutput/PromptAnalyzer/Run3Mu_RunNoWZSF_RunSyst_RunCR_NoTreeMode/2022EE/Skim_TriLep_ZZTo4L_powheg.root
2026-01-28 15:13:33,128 - INFO - [2022EE] MISSING_FILE: /home/choij/Sync/workspace/ChargedHiggsAnalysisV3/SKNanoOutput/PromptAnalyzer/Run3Mu_RunNoWZSF_RunSyst_RunCR_NoTreeMode/2022EE/Skim_TriLep_VBFHToZZTo4L.root
2026-01-28 15:13:33,128 - INFO - [2022EE] MISSING_FILE: /home/choij/Sync/workspace/ChargedHiggsAnalysisV3/SKNanoOutput/PromptAnalyzer/Run3Mu_RunNoWZSF_RunSyst_RunCR_NoTreeMode/2022EE/Skim_TriLep_ggHToZZTo4L.root
