2025-09-24 15:59:03,378 - INFO - [2022EE] MISSING_CENTRAL: WZ3Mu/Central/ZCand/pt in Skim_TriLep_DYJets.root
2025-09-24 15:59:03,378 - INFO - [2022EE] MISSING_CENTRAL: WZ3Mu/Central/ZCand/pt in Skim_TriLep_DYJets10to50.root
2025-09-24 15:59:14,707 - INFO - [2022EE] MISSING_CENTRAL: WZ3Mu/Central/ZCand/pt in Skim_TriLep_DYJets.root
2025-09-24 15:59:14,709 - INFO - [2022EE] MISSING_CENTRAL: WZ3Mu/Central/ZCand/pt in Skim_TriLep_DYJets10to50.root
2025-09-24 15:59:14,713 - INFO - [2022EE] MISSING_FILE: /Users/choij/Sync/workspace/ChargedHiggsAnalysisV3/SKNanoOutput/CRPromptSelector/Run3Mu_RunNoWZSF_RunSyst/2022EE/Skim_TriLep_ZZTo4L_powheg.root
2025-09-24 15:59:14,716 - INFO - [2022EE] MISSING_FILE: /Users/choij/Sync/workspace/ChargedHiggsAnalysisV3/SKNanoOutput/CRPromptSelector/Run3Mu_RunNoWZSF_RunSyst/2022EE/Skim_TriLep_VBFHToZZTo4L.root
2025-09-24 15:59:14,716 - INFO - [2022EE] MISSING_FILE: /Users/choij/Sync/workspace/ChargedHiggsAnalysisV3/SKNanoOutput/CRPromptSelector/Run3Mu_RunNoWZSF_RunSyst/2022EE/Skim_TriLep_ggHToZZTo4L.root
2025-10-02 21:18:57,070 - INFO - [2022EE] MISSING_CENTRAL: WZ3Mu/Central/ZCand/pt in Skim_TriLep_DYJets.root
2025-10-02 21:18:57,071 - INFO - [2022EE] MISSING_CENTRAL: WZ3Mu/Central/ZCand/pt in Skim_TriLep_DYJets10to50.root
2025-10-02 21:19:03,347 - INFO - [2022EE] MISSING_CENTRAL: WZ3Mu/Central/ZCand/pt in Skim_TriLep_DYJets.root
2025-10-02 21:19:03,347 - INFO - [2022EE] MISSING_CENTRAL: WZ3Mu/Central/ZCand/pt in Skim_TriLep_DYJets10to50.root
2025-10-02 21:19:03,367 - INFO - [2022EE] MISSING_FILE: /data9/Users/choij/Sync/workspace/ChargedHiggsAnalysisV3/SKNanoOutput/CRPromptSelector/Run3Mu_RunNoWZSF_RunSyst/2022EE/Skim_TriLep_ZZTo4L_powheg.root
2025-10-02 21:19:03,376 - INFO - [2022EE] MISSING_FILE: /data9/Users/choij/Sync/workspace/ChargedHiggsAnalysisV3/SKNanoOutput/CRPromptSelector/Run3Mu_RunNoWZSF_RunSyst/2022EE/Skim_TriLep_VBFHToZZTo4L.root
2025-10-02 21:19:03,376 - INFO - [2022EE] MISSING_FILE: /data9/Users/choij/Sync/workspace/ChargedHiggsAnalysisV3/SKNanoOutput/CRPromptSelector/Run3Mu_RunNoWZSF_RunSyst/2022EE/Skim_TriLep_ggHToZZTo4L.root
2025-10-03 00:27:00,725 - INFO - [2022EE] MISSING_CENTRAL: WZ3Mu/Central/ZCand/pt in Skim_TriLep_DYJets.root
2025-10-03 00:27:00,725 - INFO - [2022EE] MISSING_CENTRAL: WZ3Mu/Central/ZCand/pt in Skim_TriLep_DYJets10to50.root
2025-10-03 00:27:12,145 - INFO - [2022EE] MISSING_CENTRAL: WZ3Mu/Central/ZCand/pt in Skim_TriLep_DYJets.root
2025-10-03 00:27:12,146 - INFO - [2022EE] MISSING_CENTRAL: WZ3Mu/Central/ZCand/pt in Skim_TriLep_DYJets10to50.root
2025-10-03 00:27:12,152 - INFO - [2022EE] MISSING_FILE: /Users/choij/Sync/workspace/ChargedHiggsAnalysisV3/SKNanoOutput/CRPromptSelector/Run3Mu_RunNoWZSF_RunSyst/2022EE/Skim_TriLep_ZZTo4L_powheg.root
2025-10-03 00:27:12,155 - INFO - [2022EE] MISSING_FILE: /Users/choij/Sync/workspace/ChargedHiggsAnalysisV3/SKNanoOutput/CRPromptSelector/Run3Mu_RunNoWZSF_RunSyst/2022EE/Skim_TriLep_VBFHToZZTo4L.root
2025-10-03 00:27:12,155 - INFO - [2022EE] MISSING_FILE: /Users/choij/Sync/workspace/ChargedHiggsAnalysisV3/SKNanoOutput/CRPromptSelector/Run3Mu_RunNoWZSF_RunSyst/2022EE/Skim_TriLep_ggHToZZTo4L.root
2025-11-07 13:10:51,872 - INFO - [2022EE] MISSING_CENTRAL: WZ3Mu/Central/ZCand/pt in Skim_TriLep_DYJets.root
2025-11-07 13:10:51,872 - INFO - [2022EE] MISSING_CENTRAL: WZ3Mu/Central/ZCand/pt in Skim_TriLep_DYJets10to50.root
2025-11-07 13:10:57,169 - INFO - [2022EE] MISSING_CENTRAL: WZ3Mu/Central/ZCand/pt in Skim_TriLep_DYJets.root
2025-11-07 13:10:57,169 - INFO - [2022EE] MISSING_CENTRAL: WZ3Mu/Central/ZCand/pt in Skim_TriLep_DYJets10to50.root
2025-11-07 13:10:57,174 - INFO - [2022EE] MISSING_FILE: /home/choij/Sync/workspace/ChargedHiggsAnalysisV3/SKNanoOutput/CRPromptSelector/Run3Mu_RunNoWZSF_RunSyst/2022EE/Skim_TriLep_ZZTo4L_powheg.root
2025-11-07 13:10:57,176 - INFO - [2022EE] MISSING_FILE: /home/choij/Sync/workspace/ChargedHiggsAnalysisV3/SKNanoOutput/CRPromptSelector/Run3Mu_RunNoWZSF_RunSyst/2022EE/Skim_TriLep_VBFHToZZTo4L.root
2025-11-07 13:10:57,176 - INFO - [2022EE] MISSING_FILE: /home/choij/Sync/workspace/ChargedHiggsAnalysisV3/SKNanoOutput/CRPromptSelector/Run3Mu_RunNoWZSF_RunSyst/2022EE/Skim_TriLep_ggHToZZTo4L.root
2025-11-07 14:08:29,444 - INFO - [2022EE] MISSING_CENTRAL: WZ3Mu/Central/ZCand/pt in Skim_TriLep_DYJets.root
2025-11-07 14:08:29,444 - INFO - [2022EE] MISSING_CENTRAL: WZ3Mu/Central/ZCand/pt in Skim_TriLep_DYJets10to50.root
2025-11-07 14:08:34,813 - INFO - [2022EE] MISSING_CENTRAL: WZ3Mu/Central/ZCand/pt in Skim_TriLep_DYJets.root
2025-11-07 14:08:34,814 - INFO - [2022EE] MISSING_CENTRAL: WZ3Mu/Central/ZCand/pt in Skim_TriLep_DYJets10to50.root
2025-11-07 14:08:34,819 - INFO - [2022EE] MISSING_FILE: /home/choij/Sync/workspace/ChargedHiggsAnalysisV3/SKNanoOutput/CRPromptSelector/Run3Mu_RunNoWZSF_RunSyst/2022EE/Skim_TriLep_ZZTo4L_powheg.root
2025-11-07 14:08:34,821 - INFO - [2022EE] MISSING_FILE: /home/choij/Sync/workspace/ChargedHiggsAnalysisV3/SKNanoOutput/CRPromptSelector/Run3Mu_RunNoWZSF_RunSyst/2022EE/Skim_TriLep_VBFHToZZTo4L.root
2025-11-07 14:08:34,821 - INFO - [2022EE] MISSING_FILE: /home/choij/Sync/workspace/ChargedHiggsAnalysisV3/SKNanoOutput/CRPromptSelector/Run3Mu_RunNoWZSF_RunSyst/2022EE/Skim_TriLep_ggHToZZTo4L.root
