2025-09-24 15:59:05,308 - INFO - [2022EE] MISSING_CENTRAL: WZ3Mu/Central/ZCand/mass in Skim_TriLep_DYJets.root
2025-09-24 15:59:05,309 - INFO - [2022EE] MISSING_CENTRAL: WZ3Mu/Central/ZCand/mass in Skim_TriLep_DYJets10to50.root
2025-09-24 15:59:16,736 - INFO - [2022EE] MISSING_CENTRAL: WZ3Mu/Central/ZCand/mass in Skim_TriLep_DYJets.root
2025-09-24 15:59:16,736 - INFO - [2022EE] MISSING_CENTRAL: WZ3Mu/Central/ZCand/mass in Skim_TriLep_DYJets10to50.root
2025-09-24 15:59:16,762 - INFO - [2022EE] MISSING_FILE: /Users/choij/Sync/workspace/ChargedHiggsAnalysisV3/SKNanoOutput/CRPromptSelector/Run3Mu_RunNoWZSF_RunSyst/2022EE/Skim_TriLep_ZZTo4L_powheg.root
2025-09-24 15:59:16,766 - INFO - [2022EE] MISSING_FILE: /Users/choij/Sync/workspace/ChargedHiggsAnalysisV3/SKNanoOutput/CRPromptSelector/Run3Mu_RunNoWZSF_RunSyst/2022EE/Skim_TriLep_VBFHToZZTo4L.root
2025-09-24 15:59:16,766 - INFO - [2022EE] MISSING_FILE: /Users/choij/Sync/workspace/ChargedHiggsAnalysisV3/SKNanoOutput/CRPromptSelector/Run3Mu_RunNoWZSF_RunSyst/2022EE/Skim_TriLep_ggHToZZTo4L.root
2025-10-02 21:18:57,242 - INFO - [2022EE] MISSING_CENTRAL: WZ3Mu/Central/ZCand/mass in Skim_TriLep_DYJets.root
2025-10-02 21:18:57,243 - INFO - [2022EE] MISSING_CENTRAL: WZ3Mu/Central/ZCand/mass in Skim_TriLep_DYJets10to50.root
2025-10-02 21:19:03,603 - INFO - [2022EE] MISSING_CENTRAL: WZ3Mu/Central/ZCand/mass in Skim_TriLep_DYJets.root
2025-10-02 21:19:03,604 - INFO - [2022EE] MISSING_CENTRAL: WZ3Mu/Central/ZCand/mass in Skim_TriLep_DYJets10to50.root
2025-10-02 21:19:03,620 - INFO - [2022EE] MISSING_FILE: /data9/Users/choij/Sync/workspace/ChargedHiggsAnalysisV3/SKNanoOutput/CRPromptSelector/Run3Mu_RunNoWZSF_RunSyst/2022EE/Skim_TriLep_ZZTo4L_powheg.root
2025-10-02 21:19:03,628 - INFO - [2022EE] MISSING_FILE: /data9/Users/choij/Sync/workspace/ChargedHiggsAnalysisV3/SKNanoOutput/CRPromptSelector/Run3Mu_RunNoWZSF_RunSyst/2022EE/Skim_TriLep_VBFHToZZTo4L.root
2025-10-02 21:19:03,628 - INFO - [2022EE] MISSING_FILE: /data9/Users/choij/Sync/workspace/ChargedHiggsAnalysisV3/SKNanoOutput/CRPromptSelector/Run3Mu_RunNoWZSF_RunSyst/2022EE/Skim_TriLep_ggHToZZTo4L.root
2025-10-03 00:27:03,174 - INFO - [2022EE] MISSING_CENTRAL: WZ3Mu/Central/ZCand/mass in Skim_TriLep_DYJets.root
2025-10-03 00:27:03,174 - INFO - [2022EE] MISSING_CENTRAL: WZ3Mu/Central/ZCand/mass in Skim_TriLep_DYJets10to50.root
2025-10-03 00:27:14,387 - INFO - [2022EE] MISSING_CENTRAL: WZ3Mu/Central/ZCand/mass in Skim_TriLep_DYJets.root
2025-10-03 00:27:14,387 - INFO - [2022EE] MISSING_CENTRAL: WZ3Mu/Central/ZCand/mass in Skim_TriLep_DYJets10to50.root
2025-10-03 00:27:14,399 - INFO - [2022EE] MISSING_FILE: /Users/choij/Sync/workspace/ChargedHiggsAnalysisV3/SKNanoOutput/CRPromptSelector/Run3Mu_RunNoWZSF_RunSyst/2022EE/Skim_TriLep_ZZTo4L_powheg.root
2025-10-03 00:27:14,412 - INFO - [2022EE] MISSING_FILE: /Users/choij/Sync/workspace/ChargedHiggsAnalysisV3/SKNanoOutput/CRPromptSelector/Run3Mu_RunNoWZSF_RunSyst/2022EE/Skim_TriLep_VBFHToZZTo4L.root
2025-10-03 00:27:14,412 - INFO - [2022EE] MISSING_FILE: /Users/choij/Sync/workspace/ChargedHiggsAnalysisV3/SKNanoOutput/CRPromptSelector/Run3Mu_RunNoWZSF_RunSyst/2022EE/Skim_TriLep_ggHToZZTo4L.root
2025-11-07 13:10:51,739 - INFO - [2022EE] MISSING_CENTRAL: WZ3Mu/Central/ZCand/mass in Skim_TriLep_DYJets.root
2025-11-07 13:10:51,739 - INFO - [2022EE] MISSING_CENTRAL: WZ3Mu/Central/ZCand/mass in Skim_TriLep_DYJets10to50.root
2025-11-07 13:10:57,108 - INFO - [2022EE] MISSING_CENTRAL: WZ3Mu/Central/ZCand/mass in Skim_TriLep_DYJets.root
2025-11-07 13:10:57,109 - INFO - [2022EE] MISSING_CENTRAL: WZ3Mu/Central/ZCand/mass in Skim_TriLep_DYJets10to50.root
2025-11-07 13:10:57,116 - INFO - [2022EE] MISSING_FILE: /home/choij/Sync/workspace/ChargedHiggsAnalysisV3/SKNanoOutput/CRPromptSelector/Run3Mu_RunNoWZSF_RunSyst/2022EE/Skim_TriLep_ZZTo4L_powheg.root
2025-11-07 13:10:57,120 - INFO - [2022EE] MISSING_FILE: /home/choij/Sync/workspace/ChargedHiggsAnalysisV3/SKNanoOutput/CRPromptSelector/Run3Mu_RunNoWZSF_RunSyst/2022EE/Skim_TriLep_VBFHToZZTo4L.root
2025-11-07 13:10:57,120 - INFO - [2022EE] MISSING_FILE: /home/choij/Sync/workspace/ChargedHiggsAnalysisV3/SKNanoOutput/CRPromptSelector/Run3Mu_RunNoWZSF_RunSyst/2022EE/Skim_TriLep_ggHToZZTo4L.root
2025-11-07 14:08:29,872 - INFO - [2022EE] MISSING_CENTRAL: WZ3Mu/Central/ZCand/mass in Skim_TriLep_DYJets.root
2025-11-07 14:08:29,872 - INFO - [2022EE] MISSING_CENTRAL: WZ3Mu/Central/ZCand/mass in Skim_TriLep_DYJets10to50.root
2025-11-07 14:08:34,799 - INFO - [2022EE] MISSING_CENTRAL: WZ3Mu/Central/ZCand/mass in Skim_TriLep_DYJets.root
2025-11-07 14:08:34,800 - INFO - [2022EE] MISSING_CENTRAL: WZ3Mu/Central/ZCand/mass in Skim_TriLep_DYJets10to50.root
2025-11-07 14:08:34,805 - INFO - [2022EE] MISSING_FILE: /home/choij/Sync/workspace/ChargedHiggsAnalysisV3/SKNanoOutput/CRPromptSelector/Run3Mu_RunNoWZSF_RunSyst/2022EE/Skim_TriLep_ZZTo4L_powheg.root
2025-11-07 14:08:34,807 - INFO - [2022EE] MISSING_FILE: /home/choij/Sync/workspace/ChargedHiggsAnalysisV3/SKNanoOutput/CRPromptSelector/Run3Mu_RunNoWZSF_RunSyst/2022EE/Skim_TriLep_VBFHToZZTo4L.root
2025-11-07 14:08:34,807 - INFO - [2022EE] MISSING_FILE: /home/choij/Sync/workspace/ChargedHiggsAnalysisV3/SKNanoOutput/CRPromptSelector/Run3Mu_RunNoWZSF_RunSyst/2022EE/Skim_TriLep_ggHToZZTo4L.root
2025-11-10 12:24:02,156 - INFO - [2022EE] MISSING_CENTRAL: WZ3Mu/Central/ZCand/mass in Skim_TriLep_DYJets.root
2025-11-10 12:24:02,156 - INFO - [2022EE] MISSING_CENTRAL: WZ3Mu/Central/ZCand/mass in Skim_TriLep_DYJets10to50.root
2025-11-10 12:24:07,585 - INFO - [2022EE] MISSING_CENTRAL: WZ3Mu/Central/ZCand/mass in Skim_TriLep_DYJets.root
2025-11-10 12:24:07,585 - INFO - [2022EE] MISSING_CENTRAL: WZ3Mu/Central/ZCand/mass in Skim_TriLep_DYJets10to50.root
2025-11-10 12:24:07,590 - INFO - [2022EE] MISSING_FILE: /home/choij/Sync/workspace/ChargedHiggsAnalysisV3/SKNanoOutput/CRPromptSelector/Run3Mu_RunNoWZSF_RunSyst/2022EE/Skim_TriLep_ZZTo4L_powheg.root
2025-11-10 12:24:07,593 - INFO - [2022EE] MISSING_FILE: /home/choij/Sync/workspace/ChargedHiggsAnalysisV3/SKNanoOutput/CRPromptSelector/Run3Mu_RunNoWZSF_RunSyst/2022EE/Skim_TriLep_VBFHToZZTo4L.root
2025-11-10 12:24:07,593 - INFO - [2022EE] MISSING_FILE: /home/choij/Sync/workspace/ChargedHiggsAnalysisV3/SKNanoOutput/CRPromptSelector/Run3Mu_RunNoWZSF_RunSyst/2022EE/Skim_TriLep_ggHToZZTo4L.root
2025-11-13 11:13:49,631 - INFO - [2022EE] MISSING_CENTRAL: WZ3Mu/Central/ZCand/mass in Skim_TriLep_DYJets.root
2025-11-13 11:13:49,632 - INFO - [2022EE] MISSING_CENTRAL: WZ3Mu/Central/ZCand/mass in Skim_TriLep_DYJets10to50.root
2025-11-13 11:13:55,165 - INFO - [2022EE] MISSING_CENTRAL: WZ3Mu/Central/ZCand/mass in Skim_TriLep_DYJets.root
2025-11-13 11:13:55,167 - INFO - [2022EE] MISSING_CENTRAL: WZ3Mu/Central/ZCand/mass in Skim_TriLep_DYJets10to50.root
2025-11-13 11:13:55,185 - INFO - [2022EE] MISSING_FILE: /data9/Users/choij/Sync/workspace/ChargedHiggsAnalysisV3/SKNanoOutput/CRPromptSelector/Run3Mu_RunNoWZSF_RunSyst/2022EE/Skim_TriLep_ZZTo4L_powheg.root
2025-11-13 11:13:55,191 - INFO - [2022EE] MISSING_FILE: /data9/Users/choij/Sync/workspace/ChargedHiggsAnalysisV3/SKNanoOutput/CRPromptSelector/Run3Mu_RunNoWZSF_RunSyst/2022EE/Skim_TriLep_VBFHToZZTo4L.root
2025-11-13 11:13:55,191 - INFO - [2022EE] MISSING_FILE: /data9/Users/choij/Sync/workspace/ChargedHiggsAnalysisV3/SKNanoOutput/CRPromptSelector/Run3Mu_RunNoWZSF_RunSyst/2022EE/Skim_TriLep_ggHToZZTo4L.root
2025-11-19 00:18:58,989 - INFO - [2022EE] MISSING_CENTRAL: WZ3Mu/Central/ZCand/mass in Skim_TriLep_DYJets.root
2025-11-19 00:18:58,990 - INFO - [2022EE] MISSING_CENTRAL: WZ3Mu/Central/ZCand/mass in Skim_TriLep_DYJets10to50.root
2025-11-19 00:18:59,083 - INFO - [2022EE] MISSING_FILE: /data9/Users/choij/Sync/workspace/ChargedHiggsAnalysisV3/SKNanoOutput/CRPromptSelector/Run3Mu_RunSyst/2022EE/Skim_TriLep_WZTo3LNu_powheg.root
2025-11-19 00:19:04,223 - INFO - [2022EE] MISSING_CENTRAL: WZ3Mu/Central/ZCand/mass in Skim_TriLep_DYJets.root
2025-11-19 00:19:04,223 - INFO - [2022EE] MISSING_CENTRAL: WZ3Mu/Central/ZCand/mass in Skim_TriLep_DYJets10to50.root
2025-11-19 00:19:04,234 - INFO - [2022EE] MISSING_FILE: /data9/Users/choij/Sync/workspace/ChargedHiggsAnalysisV3/SKNanoOutput/CRPromptSelector/Run3Mu_RunNoWZSF_RunSyst/2022EE/Skim_TriLep_ZZTo4L_powheg.root
2025-11-19 00:19:04,238 - INFO - [2022EE] MISSING_FILE: /data9/Users/choij/Sync/workspace/ChargedHiggsAnalysisV3/SKNanoOutput/CRPromptSelector/Run3Mu_RunNoWZSF_RunSyst/2022EE/Skim_TriLep_VBFHToZZTo4L.root
2025-11-19 00:19:04,238 - INFO - [2022EE] MISSING_FILE: /data9/Users/choij/Sync/workspace/ChargedHiggsAnalysisV3/SKNanoOutput/CRPromptSelector/Run3Mu_RunNoWZSF_RunSyst/2022EE/Skim_TriLep_ggHToZZTo4L.root
2025-11-19 15:44:14,056 - INFO - [2022EE] MISSING_CENTRAL: WZ3Mu/Central/ZCand/mass in Skim_TriLep_DYJets.root
2025-11-19 15:44:14,057 - INFO - [2022EE] MISSING_CENTRAL: WZ3Mu/Central/ZCand/mass in Skim_TriLep_DYJets10to50.root
2025-11-19 15:44:19,391 - INFO - [2022EE] MISSING_CENTRAL: WZ3Mu/Central/ZCand/mass in Skim_TriLep_DYJets.root
2025-11-19 15:44:19,392 - INFO - [2022EE] MISSING_CENTRAL: WZ3Mu/Central/ZCand/mass in Skim_TriLep_DYJets10to50.root
2025-11-19 15:44:19,398 - INFO - [2022EE] MISSING_FILE: /home/choij/Sync/workspace/ChargedHiggsAnalysisV3/SKNanoOutput/CRPromptSelector/Run3Mu_RunNoWZSF_RunSyst/2022EE/Skim_TriLep_ZZTo4L_powheg.root
2025-11-19 15:44:19,401 - INFO - [2022EE] MISSING_FILE: /home/choij/Sync/workspace/ChargedHiggsAnalysisV3/SKNanoOutput/CRPromptSelector/Run3Mu_RunNoWZSF_RunSyst/2022EE/Skim_TriLep_VBFHToZZTo4L.root
2025-11-19 15:44:19,401 - INFO - [2022EE] MISSING_FILE: /home/choij/Sync/workspace/ChargedHiggsAnalysisV3/SKNanoOutput/CRPromptSelector/Run3Mu_RunNoWZSF_RunSyst/2022EE/Skim_TriLep_ggHToZZTo4L.root
2025-11-19 16:26:29,825 - INFO - [2022EE] MISSING_CENTRAL: WZ3Mu/Central/ZCand/mass in Skim_TriLep_DYJets.root
2025-11-19 16:26:29,825 - INFO - [2022EE] MISSING_CENTRAL: WZ3Mu/Central/ZCand/mass in Skim_TriLep_DYJets10to50.root
2025-11-19 16:26:35,264 - INFO - [2022EE] MISSING_CENTRAL: WZ3Mu/Central/ZCand/mass in Skim_TriLep_DYJets.root
2025-11-19 16:26:35,265 - INFO - [2022EE] MISSING_CENTRAL: WZ3Mu/Central/ZCand/mass in Skim_TriLep_DYJets10to50.root
2025-11-19 16:26:35,276 - INFO - [2022EE] MISSING_FILE: /home/choij/Sync/workspace/ChargedHiggsAnalysisV3/SKNanoOutput/CRPromptSelector/Run3Mu_RunNoWZSF_RunSyst/2022EE/Skim_TriLep_ZZTo4L_powheg.root
2025-11-19 16:26:35,283 - INFO - [2022EE] MISSING_FILE: /home/choij/Sync/workspace/ChargedHiggsAnalysisV3/SKNanoOutput/CRPromptSelector/Run3Mu_RunNoWZSF_RunSyst/2022EE/Skim_TriLep_VBFHToZZTo4L.root
2025-11-19 16:26:35,283 - INFO - [2022EE] MISSING_FILE: /home/choij/Sync/workspace/ChargedHiggsAnalysisV3/SKNanoOutput/CRPromptSelector/Run3Mu_RunNoWZSF_RunSyst/2022EE/Skim_TriLep_ggHToZZTo4L.root
2025-12-17 12:27:27,939 - INFO - [2022EE] MISSING_CENTRAL: WZ3Mu/Central/ZCand/mass in Skim_TriLep_DYJets.root
2025-12-17 12:27:27,940 - INFO - [2022EE] MISSING_CENTRAL: WZ3Mu/Central/ZCand/mass in Skim_TriLep_DYJets10to50.root
2025-12-17 12:27:33,441 - INFO - [2022EE] MISSING_CENTRAL: WZ3Mu/Central/ZCand/mass in Skim_TriLep_DYJets.root
2025-12-17 12:27:33,442 - INFO - [2022EE] MISSING_CENTRAL: WZ3Mu/Central/ZCand/mass in Skim_TriLep_DYJets10to50.root
2025-12-17 12:27:33,454 - INFO - [2022EE] MISSING_FILE: /data9/Users/choij/Sync/workspace/ChargedHiggsAnalysisV3/SKNanoOutput/CRPromptSelector/Run3Mu_RunNoWZSF_RunSyst/2022EE/Skim_TriLep_ZZTo4L_powheg.root
2025-12-17 12:27:33,464 - INFO - [2022EE] MISSING_FILE: /data9/Users/choij/Sync/workspace/ChargedHiggsAnalysisV3/SKNanoOutput/CRPromptSelector/Run3Mu_RunNoWZSF_RunSyst/2022EE/Skim_TriLep_VBFHToZZTo4L.root
2025-12-17 12:27:33,464 - INFO - [2022EE] MISSING_FILE: /data9/Users/choij/Sync/workspace/ChargedHiggsAnalysisV3/SKNanoOutput/CRPromptSelector/Run3Mu_RunNoWZSF_RunSyst/2022EE/Skim_TriLep_ggHToZZTo4L.root
2025-12-17 16:09:06,334 - INFO - [2022EE] MISSING_CENTRAL: WZ3Mu/Central/ZCand/mass in Skim_TriLep_DYJets.root
2025-12-17 16:09:06,335 - INFO - [2022EE] MISSING_CENTRAL: WZ3Mu/Central/ZCand/mass in Skim_TriLep_DYJets10to50.root
2025-12-17 16:09:10,065 - INFO - [2022EE] MISSING_CENTRAL: WZ3Mu/Central/ZCand/mass in Skim_TriLep_DYJets.root
2025-12-17 16:09:10,066 - INFO - [2022EE] MISSING_CENTRAL: WZ3Mu/Central/ZCand/mass in Skim_TriLep_DYJets10to50.root
2025-12-17 16:09:10,073 - INFO - [2022EE] MISSING_FILE: /data9/Users/choij/Sync/workspace/ChargedHiggsAnalysisV3/SKNanoOutput/CRPromptSelector/Run3Mu_RunNoWZSF_RunSyst/2022EE/Skim_TriLep_WZTo3LNu_powheg.root
2025-12-17 16:09:10,074 - INFO - [2022EE] MISSING_FILE: /data9/Users/choij/Sync/workspace/ChargedHiggsAnalysisV3/SKNanoOutput/CRPromptSelector/Run3Mu_RunNoWZSF_RunSyst/2022EE/Skim_TriLep_ZZTo4L_powheg.root
2025-12-17 16:09:10,081 - INFO - [2022EE] MISSING_FILE: /data9/Users/choij/Sync/workspace/ChargedHiggsAnalysisV3/SKNanoOutput/CRPromptSelector/Run3Mu_RunNoWZSF_RunSyst/2022EE/Skim_TriLep_VBFHToZZTo4L.root
2025-12-17 16:09:10,081 - INFO - [2022EE] MISSING_FILE: /data9/Users/choij/Sync/workspace/ChargedHiggsAnalysisV3/SKNanoOutput/CRPromptSelector/Run3Mu_RunNoWZSF_RunSyst/2022EE/Skim_TriLep_ggHToZZTo4L.root
2025-12-17 22:41:05,103 - INFO - [2022EE] MISSING_CENTRAL: WZ3Mu/Central/ZCand/mass in Skim_TriLep_DYJets.root
2025-12-17 22:41:05,104 - INFO - [2022EE] MISSING_CENTRAL: WZ3Mu/Central/ZCand/mass in Skim_TriLep_DYJets10to50.root
2025-12-17 22:41:11,129 - INFO - [2022EE] MISSING_CENTRAL: WZ3Mu/Central/ZCand/mass in Skim_TriLep_DYJets.root
2025-12-17 22:41:11,130 - INFO - [2022EE] MISSING_CENTRAL: WZ3Mu/Central/ZCand/mass in Skim_TriLep_DYJets10to50.root
2025-12-17 22:41:11,138 - INFO - [2022EE] MISSING_FILE: /data9/Users/choij/Sync/workspace/ChargedHiggsAnalysisV3/SKNanoOutput/CRPromptSelector/Run3Mu_RunNoWZSF_RunSyst/2022EE/Skim_TriLep_WZTo3LNu_powheg.root
2025-12-17 22:41:11,138 - INFO - [2022EE] MISSING_FILE: /data9/Users/choij/Sync/workspace/ChargedHiggsAnalysisV3/SKNanoOutput/CRPromptSelector/Run3Mu_RunNoWZSF_RunSyst/2022EE/Skim_TriLep_ZZTo4L_powheg.root
2025-12-17 22:41:11,156 - INFO - [2022EE] MISSING_FILE: /data9/Users/choij/Sync/workspace/ChargedHiggsAnalysisV3/SKNanoOutput/CRPromptSelector/Run3Mu_RunNoWZSF_RunSyst/2022EE/Skim_TriLep_VBFHToZZTo4L.root
2025-12-17 22:41:11,156 - INFO - [2022EE] MISSING_FILE: /data9/Users/choij/Sync/workspace/ChargedHiggsAnalysisV3/SKNanoOutput/CRPromptSelector/Run3Mu_RunNoWZSF_RunSyst/2022EE/Skim_TriLep_ggHToZZTo4L.root
2025-12-18 14:26:16,635 - INFO - [2022EE] MISSING_CENTRAL: WZ3Mu/Central/ZCand/mass in Skim_TriLep_DYJets.root
2025-12-18 14:26:16,636 - INFO - [2022EE] MISSING_CENTRAL: WZ3Mu/Central/ZCand/mass in Skim_TriLep_DYJets10to50.root
2025-12-18 14:26:22,103 - INFO - [2022EE] MISSING_CENTRAL: WZ3Mu/Central/ZCand/mass in Skim_TriLep_DYJets.root
2025-12-18 14:26:22,104 - INFO - [2022EE] MISSING_CENTRAL: WZ3Mu/Central/ZCand/mass in Skim_TriLep_DYJets10to50.root
2025-12-18 14:26:22,124 - INFO - [2022EE] MISSING_FILE: /data9/Users/choij/Sync/workspace/ChargedHiggsAnalysisV3/SKNanoOutput/CRPromptSelector/Run3Mu_RunNoWZSF_RunSyst/2022EE/Skim_TriLep_WZTo3LNu_powheg.root
2025-12-18 14:26:22,124 - INFO - [2022EE] MISSING_FILE: /data9/Users/choij/Sync/workspace/ChargedHiggsAnalysisV3/SKNanoOutput/CRPromptSelector/Run3Mu_RunNoWZSF_RunSyst/2022EE/Skim_TriLep_ZZTo4L_powheg.root
2025-12-18 14:26:22,131 - INFO - [2022EE] MISSING_FILE: /data9/Users/choij/Sync/workspace/ChargedHiggsAnalysisV3/SKNanoOutput/CRPromptSelector/Run3Mu_RunNoWZSF_RunSyst/2022EE/Skim_TriLep_VBFHToZZTo4L.root
2025-12-18 14:26:22,131 - INFO - [2022EE] MISSING_FILE: /data9/Users/choij/Sync/workspace/ChargedHiggsAnalysisV3/SKNanoOutput/CRPromptSelector/Run3Mu_RunNoWZSF_RunSyst/2022EE/Skim_TriLep_ggHToZZTo4L.root
2025-12-18 14:41:38,787 - INFO - [2022EE] MISSING_CENTRAL: WZ3Mu/Central/ZCand/mass in Skim_TriLep_DYJets.root
2025-12-18 14:41:38,788 - INFO - [2022EE] MISSING_CENTRAL: WZ3Mu/Central/ZCand/mass in Skim_TriLep_DYJets10to50.root
2025-12-18 14:41:44,289 - INFO - [2022EE] MISSING_CENTRAL: WZ3Mu/Central/ZCand/mass in Skim_TriLep_DYJets.root
2025-12-18 14:41:44,291 - INFO - [2022EE] MISSING_CENTRAL: WZ3Mu/Central/ZCand/mass in Skim_TriLep_DYJets10to50.root
2025-12-18 14:41:44,313 - INFO - [2022EE] MISSING_FILE: /data9/Users/choij/Sync/workspace/ChargedHiggsAnalysisV3/SKNanoOutput/CRPromptSelector/Run3Mu_RunNoWZSF_RunSyst/2022EE/Skim_TriLep_WZTo3LNu_powheg.root
2025-12-18 14:41:44,313 - INFO - [2022EE] MISSING_FILE: /data9/Users/choij/Sync/workspace/ChargedHiggsAnalysisV3/SKNanoOutput/CRPromptSelector/Run3Mu_RunNoWZSF_RunSyst/2022EE/Skim_TriLep_ZZTo4L_powheg.root
2025-12-18 14:41:44,319 - INFO - [2022EE] MISSING_FILE: /data9/Users/choij/Sync/workspace/ChargedHiggsAnalysisV3/SKNanoOutput/CRPromptSelector/Run3Mu_RunNoWZSF_RunSyst/2022EE/Skim_TriLep_VBFHToZZTo4L.root
2025-12-18 14:41:44,319 - INFO - [2022EE] MISSING_FILE: /data9/Users/choij/Sync/workspace/ChargedHiggsAnalysisV3/SKNanoOutput/CRPromptSelector/Run3Mu_RunNoWZSF_RunSyst/2022EE/Skim_TriLep_ggHToZZTo4L.root
2025-12-18 22:07:49,320 - INFO - [2022EE] MISSING_CENTRAL: WZ3Mu/Central/ZCand/mass in Skim_TriLep_DYJets.root
2025-12-18 22:07:49,320 - INFO - [2022EE] MISSING_CENTRAL: WZ3Mu/Central/ZCand/mass in Skim_TriLep_DYJets10to50.root
2025-12-18 22:07:55,865 - INFO - [2022EE] MISSING_CENTRAL: WZ3Mu/Central/ZCand/mass in Skim_TriLep_DYJets.root
2025-12-18 22:07:55,866 - INFO - [2022EE] MISSING_CENTRAL: WZ3Mu/Central/ZCand/mass in Skim_TriLep_DYJets10to50.root
2025-12-18 22:07:55,886 - INFO - [2022EE] MISSING_FILE: /data9/Users/choij/Sync/workspace/ChargedHiggsAnalysisV3/SKNanoOutput/CRPromptSelector/Run3Mu_RunNoWZSF_RunSyst/2022EE/Skim_TriLep_ZZTo4L_powheg.root
2025-12-18 22:07:55,892 - INFO - [2022EE] MISSING_FILE: /data9/Users/choij/Sync/workspace/ChargedHiggsAnalysisV3/SKNanoOutput/CRPromptSelector/Run3Mu_RunNoWZSF_RunSyst/2022EE/Skim_TriLep_VBFHToZZTo4L.root
2025-12-18 22:07:55,893 - INFO - [2022EE] MISSING_FILE: /data9/Users/choij/Sync/workspace/ChargedHiggsAnalysisV3/SKNanoOutput/CRPromptSelector/Run3Mu_RunNoWZSF_RunSyst/2022EE/Skim_TriLep_ggHToZZTo4L.root
2026-01-07 11:50:53,686 - INFO - [2022EE] MISSING_FILE: /data9/Users/choij/Sync/workspace/ChargedHiggsAnalysisV3/SKNanoOutput/CRPromptSelector/Run3Mu/2022EE/Skim_TriLep_Muon_E.root
2026-01-07 11:50:53,686 - INFO - [2022EE] MISSING_FILE: /data9/Users/choij/Sync/workspace/ChargedHiggsAnalysisV3/SKNanoOutput/CRPromptSelector/Run3Mu/2022EE/Skim_TriLep_Muon_F.root
2026-01-07 11:50:53,686 - INFO - [2022EE] MISSING_FILE: /data9/Users/choij/Sync/workspace/ChargedHiggsAnalysisV3/SKNanoOutput/CRPromptSelector/Run3Mu/2022EE/Skim_TriLep_Muon_G.root
2026-01-07 11:50:57,146 - INFO - [2022EE] MISSING_FILE: /data9/Users/choij/Sync/workspace/ChargedHiggsAnalysisV3/SKNanoOutput/CRPromptSelector/Run3Mu/2022EE/Skim_TriLep_Muon_E.root
2026-01-07 11:50:57,146 - INFO - [2022EE] MISSING_FILE: /data9/Users/choij/Sync/workspace/ChargedHiggsAnalysisV3/SKNanoOutput/CRPromptSelector/Run3Mu/2022EE/Skim_TriLep_Muon_F.root
2026-01-07 11:50:57,147 - INFO - [2022EE] MISSING_FILE: /data9/Users/choij/Sync/workspace/ChargedHiggsAnalysisV3/SKNanoOutput/CRPromptSelector/Run3Mu/2022EE/Skim_TriLep_Muon_G.root
2026-01-07 18:47:37,694 - INFO - [2022EE] MISSING_CENTRAL: WZ3Mu/Central/ZCand/mass in Skim_TriLep_DYJets.root
2026-01-07 18:47:37,695 - INFO - [2022EE] MISSING_CENTRAL: WZ3Mu/Central/ZCand/mass in Skim_TriLep_DYJets10to50.root
2026-01-07 18:47:42,497 - INFO - [2022EE] MISSING_CENTRAL: WZ3Mu/Central/ZCand/mass in Skim_TriLep_DYJets.root
2026-01-07 18:47:42,497 - INFO - [2022EE] MISSING_CENTRAL: WZ3Mu/Central/ZCand/mass in Skim_TriLep_DYJets10to50.root
2026-01-07 18:47:42,511 - INFO - [2022EE] MISSING_FILE: /data9/Users/choij/Sync/workspace/ChargedHiggsAnalysisV3/SKNanoOutput/CRPromptSelector/Run3Mu_RunNoWZSF_RunSyst/2022EE/Skim_TriLep_ZZTo4L_powheg.root
2026-01-07 18:47:42,515 - INFO - [2022EE] MISSING_FILE: /data9/Users/choij/Sync/workspace/ChargedHiggsAnalysisV3/SKNanoOutput/CRPromptSelector/Run3Mu_RunNoWZSF_RunSyst/2022EE/Skim_TriLep_VBFHToZZTo4L.root
2026-01-07 18:47:42,516 - INFO - [2022EE] MISSING_FILE: /data9/Users/choij/Sync/workspace/ChargedHiggsAnalysisV3/SKNanoOutput/CRPromptSelector/Run3Mu_RunNoWZSF_RunSyst/2022EE/Skim_TriLep_ggHToZZTo4L.root
2026-01-09 12:22:09,969 - INFO - [2022EE] MISSING_CENTRAL: WZ3Mu/Central/ZCand/mass in Skim_TriLep_DYJets.root
2026-01-09 12:22:09,970 - INFO - [2022EE] MISSING_CENTRAL: WZ3Mu/Central/ZCand/mass in Skim_TriLep_DYJets10to50.root
2026-01-09 12:22:14,946 - INFO - [2022EE] MISSING_CENTRAL: WZ3Mu/Central/ZCand/mass in Skim_TriLep_DYJets.root
2026-01-09 12:22:14,946 - INFO - [2022EE] MISSING_CENTRAL: WZ3Mu/Central/ZCand/mass in Skim_TriLep_DYJets10to50.root
2026-01-09 12:22:14,955 - INFO - [2022EE] MISSING_FILE: /home/choij/Sync/workspace/ChargedHiggsAnalysisV3/SKNanoOutput/CRPromptSelector/Run3Mu_RunNoWZSF_RunSyst/2022EE/Skim_TriLep_ZZTo4L_powheg.root
2026-01-09 12:22:14,958 - INFO - [2022EE] MISSING_FILE: /home/choij/Sync/workspace/ChargedHiggsAnalysisV3/SKNanoOutput/CRPromptSelector/Run3Mu_RunNoWZSF_RunSyst/2022EE/Skim_TriLep_VBFHToZZTo4L.root
2026-01-09 12:22:14,958 - INFO - [2022EE] MISSING_FILE: /home/choij/Sync/workspace/ChargedHiggsAnalysisV3/SKNanoOutput/CRPromptSelector/Run3Mu_RunNoWZSF_RunSyst/2022EE/Skim_TriLep_ggHToZZTo4L.root
2026-01-11 09:42:12,684 - INFO - [2022EE] MISSING_CENTRAL: WZ3Mu/Central/ZCand/mass in Skim_TriLep_DYJets.root
2026-01-11 09:42:12,685 - INFO - [2022EE] MISSING_CENTRAL: WZ3Mu/Central/ZCand/mass in Skim_TriLep_DYJets10to50.root
2026-01-11 09:42:17,933 - INFO - [2022EE] MISSING_CENTRAL: WZ3Mu/Central/ZCand/mass in Skim_TriLep_DYJets.root
2026-01-11 09:42:17,933 - INFO - [2022EE] MISSING_CENTRAL: WZ3Mu/Central/ZCand/mass in Skim_TriLep_DYJets10to50.root
2026-01-11 09:42:17,941 - INFO - [2022EE] MISSING_FILE: /home/choij/Sync/workspace/ChargedHiggsAnalysisV3/SKNanoOutput/CRPromptSelector/Run3Mu_RunNoWZSF_RunSyst/2022EE/Skim_TriLep_ZZTo4L_powheg.root
2026-01-11 09:42:17,943 - INFO - [2022EE] MISSING_FILE: /home/choij/Sync/workspace/ChargedHiggsAnalysisV3/SKNanoOutput/CRPromptSelector/Run3Mu_RunNoWZSF_RunSyst/2022EE/Skim_TriLep_VBFHToZZTo4L.root
2026-01-11 09:42:17,944 - INFO - [2022EE] MISSING_FILE: /home/choij/Sync/workspace/ChargedHiggsAnalysisV3/SKNanoOutput/CRPromptSelector/Run3Mu_RunNoWZSF_RunSyst/2022EE/Skim_TriLep_ggHToZZTo4L.root
2026-01-12 13:50:56,411 - INFO - [2022EE] MISSING_CENTRAL: WZ3Mu/Central/ZCand/mass in Skim_TriLep_DYJets.root
2026-01-12 13:50:56,412 - INFO - [2022EE] MISSING_CENTRAL: WZ3Mu/Central/ZCand/mass in Skim_TriLep_DYJets10to50.root
2026-01-12 13:51:01,746 - INFO - [2022EE] MISSING_CENTRAL: WZ3Mu/Central/ZCand/mass in Skim_TriLep_DYJets.root
2026-01-12 13:51:01,746 - INFO - [2022EE] MISSING_CENTRAL: WZ3Mu/Central/ZCand/mass in Skim_TriLep_DYJets10to50.root
2026-01-12 13:51:01,758 - INFO - [2022EE] MISSING_FILE: /home/choij/Sync/workspace/ChargedHiggsAnalysisV3/SKNanoOutput/CRPromptSelector/Run3Mu_RunNoWZSF_RunSyst/2022EE/Skim_TriLep_ZZTo4L_powheg.root
2026-01-12 13:51:01,761 - INFO - [2022EE] MISSING_FILE: /home/choij/Sync/workspace/ChargedHiggsAnalysisV3/SKNanoOutput/CRPromptSelector/Run3Mu_RunNoWZSF_RunSyst/2022EE/Skim_TriLep_VBFHToZZTo4L.root
2026-01-12 13:51:01,761 - INFO - [2022EE] MISSING_FILE: /home/choij/Sync/workspace/ChargedHiggsAnalysisV3/SKNanoOutput/CRPromptSelector/Run3Mu_RunNoWZSF_RunSyst/2022EE/Skim_TriLep_ggHToZZTo4L.root
2026-01-16 19:05:51,938 - INFO - [2022EE] MISSING_CENTRAL: WZ3Mu/Central/ZCand/mass in Skim_TriLep_DYJets.root
2026-01-16 19:05:51,939 - INFO - [2022EE] MISSING_CENTRAL: WZ3Mu/Central/ZCand/mass in Skim_TriLep_DYJets10to50.root
2026-01-16 19:05:57,114 - INFO - [2022EE] MISSING_CENTRAL: WZ3Mu/Central/ZCand/mass in Skim_TriLep_DYJets.root
2026-01-16 19:05:57,114 - INFO - [2022EE] MISSING_CENTRAL: WZ3Mu/Central/ZCand/mass in Skim_TriLep_DYJets10to50.root
2026-01-16 19:05:57,122 - INFO - [2022EE] MISSING_FILE: /home/choij/Sync/workspace/ChargedHiggsAnalysisV3/SKNanoOutput/CRPromptSelector/Run3Mu_RunNoWZSF_RunSyst/2022EE/Skim_TriLep_ZZTo4L_powheg.root
2026-01-16 19:05:57,125 - INFO - [2022EE] MISSING_FILE: /home/choij/Sync/workspace/ChargedHiggsAnalysisV3/SKNanoOutput/CRPromptSelector/Run3Mu_RunNoWZSF_RunSyst/2022EE/Skim_TriLep_VBFHToZZTo4L.root
2026-01-16 19:05:57,125 - INFO - [2022EE] MISSING_FILE: /home/choij/Sync/workspace/ChargedHiggsAnalysisV3/SKNanoOutput/CRPromptSelector/Run3Mu_RunNoWZSF_RunSyst/2022EE/Skim_TriLep_ggHToZZTo4L.root
2026-01-28 15:00:54,234 - INFO - [2022EE] MISSING_CENTRAL: WZ3Mu/Central/ZCand/mass in Skim_TriLep_DYJets.root
2026-01-28 15:00:54,234 - INFO - [2022EE] MISSING_CENTRAL: WZ3Mu/Central/ZCand/mass in Skim_TriLep_DYJets10to50.root
2026-01-28 15:00:59,387 - INFO - [2022EE] MISSING_CENTRAL: WZ3Mu/Central/ZCand/mass in Skim_TriLep_DYJets.root
2026-01-28 15:00:59,388 - INFO - [2022EE] MISSING_CENTRAL: WZ3Mu/Central/ZCand/mass in Skim_TriLep_DYJets10to50.root
2026-01-28 15:00:59,402 - INFO - [2022EE] MISSING_FILE: /home/choij/Sync/workspace/ChargedHiggsAnalysisV3/SKNanoOutput/PromptAnalyzer/Run3Mu_RunNoWZSF_RunSyst_RunCR_NoTreeMode/2022EE/Skim_TriLep_ZZTo4L_powheg.root
2026-01-28 15:00:59,406 - INFO - [2022EE] MISSING_FILE: /home/choij/Sync/workspace/ChargedHiggsAnalysisV3/SKNanoOutput/PromptAnalyzer/Run3Mu_RunNoWZSF_RunSyst_RunCR_NoTreeMode/2022EE/Skim_TriLep_VBFHToZZTo4L.root
2026-01-28 15:00:59,406 - INFO - [2022EE] MISSING_FILE: /home/choij/Sync/workspace/ChargedHiggsAnalysisV3/SKNanoOutput/PromptAnalyzer/Run3Mu_RunNoWZSF_RunSyst_RunCR_NoTreeMode/2022EE/Skim_TriLep_ggHToZZTo4L.root
2026-01-28 15:13:30,055 - INFO - [2022EE] MISSING_CENTRAL: WZ3Mu/Central/ZCand/mass in Skim_TriLep_DYJets.root
2026-01-28 15:13:30,056 - INFO - [2022EE] MISSING_CENTRAL: WZ3Mu/Central/ZCand/mass in Skim_TriLep_DYJets10to50.root
2026-01-28 15:13:35,192 - INFO - [2022EE] MISSING_CENTRAL: WZ3Mu/Central/ZCand/mass in Skim_TriLep_DYJets.root
2026-01-28 15:13:35,193 - INFO - [2022EE] MISSING_CENTRAL: WZ3Mu/Central/ZCand/mass in Skim_TriLep_DYJets10to50.root
2026-01-28 15:13:35,204 - INFO - [2022EE] MISSING_FILE: /home/choij/Sync/workspace/ChargedHiggsAnalysisV3/SKNanoOutput/PromptAnalyzer/Run3Mu_RunNoWZSF_RunSyst_RunCR_NoTreeMode/2022EE/Skim_TriLep_ZZTo4L_powheg.root
2026-01-28 15:13:35,206 - INFO - [2022EE] MISSING_FILE: /home/choij/Sync/workspace/ChargedHiggsAnalysisV3/SKNanoOutput/PromptAnalyzer/Run3Mu_RunNoWZSF_RunSyst_RunCR_NoTreeMode/2022EE/Skim_TriLep_VBFHToZZTo4L.root
2026-01-28 15:13:35,206 - INFO - [2022EE] MISSING_FILE: /home/choij/Sync/workspace/ChargedHiggsAnalysisV3/SKNanoOutput/PromptAnalyzer/Run3Mu_RunNoWZSF_RunSyst_RunCR_NoTreeMode/2022EE/Skim_TriLep_ggHToZZTo4L.root
