2025-09-24 15:45:39,063 - INFO - [2017] MISSING_CENTRAL: ZFake3Mu/Central/jets/1/pz in Skim_TriLep_DYJets10to50.root
2025-10-02 21:11:39,502 - INFO - [2017] MISSING_CENTRAL: ZFake3Mu/Central/jets/1/pz in Skim_TriLep_DYJets10to50.root
2025-10-02 23:58:34,839 - INFO - [2017] MISSING_CENTRAL: ZFake3Mu/Central/jets/1/pz in Skim_TriLep_DYJets10to50.root
2025-11-05 22:02:08,226 - INFO - [2017] MISSING_CENTRAL: ZFake3Mu/Central/jets/1/pz in Skim_TriLep_DYJets10to50.root
2025-11-05 22:17:55,268 - INFO - [2017] MISSING_CENTRAL: ZFake3Mu/Central/jets/1/pz in Skim_TriLep_DYJets10to50.root
2025-11-05 23:22:27,883 - INFO - [2017] MISSING_CENTRAL: ZFake3Mu/Central/jets/1/pz in Skim_TriLep_DYJets10to50.root
2025-11-07 12:25:40,830 - INFO - [2017] MISSING_CENTRAL: ZFake3Mu/Central/jets/1/pz in Skim_TriLep_DYJets10to50.root
2025-11-07 13:06:04,587 - INFO - [2017] MISSING_CENTRAL: ZFake3Mu/Central/jets/1/pz in Skim_TriLep_DYJets10to50.root
2025-11-07 13:29:31,013 - INFO - [2017] MISSING_CENTRAL: ZFake3Mu/Central/jets/1/pz in Skim_TriLep_DYJets10to50.root
2025-11-07 14:02:16,441 - INFO - [2017] MISSING_CENTRAL: ZFake3Mu/Central/jets/1/pz in Skim_TriLep_DYJets10to50.root
2025-11-10 05:52:38,011 - INFO - [2017] MISSING_CENTRAL: ZFake3Mu/Central/jets/1/pz in Skim_TriLep_DYJets10to50.root
2025-11-10 12:17:17,861 - INFO - [2017] MISSING_CENTRAL: ZFake3Mu/Central/jets/1/pz in Skim_TriLep_DYJets10to50.root
2025-11-13 11:06:13,509 - INFO - [2017] MISSING_CENTRAL: ZFake3Mu/Central/jets/1/pz in Skim_TriLep_DYJets10to50.root
2025-11-19 16:08:50,416 - INFO - [2017] MISSING_CENTRAL: ZFake3Mu/Central/jets/1/pz in Skim_TriLep_DYJets10to50.root
2025-11-19 16:19:37,986 - INFO - [2017] MISSING_CENTRAL: ZFake3Mu/Central/jets/1/pz in Skim_TriLep_DYJets10to50.root
2025-12-17 22:33:32,312 - INFO - [2017] MISSING_CENTRAL: ZFake3Mu/Central/jets/1/pz in Skim_TriLep_DYJets10to50.root
2025-12-18 14:17:00,838 - INFO - [2017] MISSING_CENTRAL: ZFake3Mu/Central/jets/1/pz in Skim_TriLep_DYJets10to50.root
2025-12-18 14:32:29,753 - INFO - [2017] MISSING_CENTRAL: ZFake3Mu/Central/jets/1/pz in Skim_TriLep_DYJets10to50.root
2026-01-07 11:42:37,531 - INFO - [2017] MISSING_CENTRAL: ZFake3Mu/Central/jets/1/pz in Skim_TriLep_DYJets10to50.root
2026-01-07 18:39:40,738 - INFO - [2017] MISSING_CENTRAL: ZFake3Mu/Central/jets/1/pz in Skim_TriLep_DYJets10to50.root
2026-01-09 12:13:12,701 - INFO - [2017] MISSING_CENTRAL: ZFake3Mu/Central/jets/1/pz in Skim_TriLep_DYJets10to50.root
2026-01-11 09:33:16,872 - INFO - [2017] MISSING_CENTRAL: ZFake3Mu/Central/jets/1/pz in Skim_TriLep_DYJets10to50.root
2026-01-12 13:41:52,003 - INFO - [2017] MISSING_FILE: /home/choij/Sync/workspace/ChargedHiggsAnalysisV3/SKNanoOutput/MatrixSelector/Run3Mu/2017/Skim_TriLep_DoubleMuon_B.root
2026-01-12 13:41:52,003 - INFO - [2017] MISSING_FILE: /home/choij/Sync/workspace/ChargedHiggsAnalysisV3/SKNanoOutput/MatrixSelector/Run3Mu/2017/Skim_TriLep_DoubleMuon_C.root
2026-01-12 13:41:52,003 - INFO - [2017] MISSING_FILE: /home/choij/Sync/workspace/ChargedHiggsAnalysisV3/SKNanoOutput/MatrixSelector/Run3Mu/2017/Skim_TriLep_DoubleMuon_D.root
2026-01-12 13:41:52,003 - INFO - [2017] MISSING_FILE: /home/choij/Sync/workspace/ChargedHiggsAnalysisV3/SKNanoOutput/MatrixSelector/Run3Mu/2017/Skim_TriLep_DoubleMuon_E.root
2026-01-12 13:41:52,004 - INFO - [2017] MISSING_FILE: /home/choij/Sync/workspace/ChargedHiggsAnalysisV3/SKNanoOutput/MatrixSelector/Run3Mu/2017/Skim_TriLep_DoubleMuon_F.root
2026-01-12 13:41:52,037 - INFO - [2017] MISSING_CENTRAL: ZFake3Mu/Central/jets/1/pz in Skim_TriLep_DYJets10to50.root
2026-01-16 18:57:10,893 - INFO - [2017] MISSING_CENTRAL: ZFake3Mu/Central/jets/1/pz in Skim_TriLep_DYJets10to50.root
2026-01-28 16:06:39,295 - INFO - [2017] MISSING_CENTRAL: ZFake3Mu/Central/jets/1/pz in Skim_TriLep_DYJets10to50.root
