2025-09-24 15:45:45,369 - INFO - [2017] MISSING_CENTRAL: ZFake3Mu/Central/jets/3/energy in Skim_TriLep_DYJets10to50.root
2025-10-02 21:11:47,857 - INFO - [2017] MISSING_CENTRAL: ZFake3Mu/Central/jets/3/energy in Skim_TriLep_DYJets10to50.root
2025-10-02 23:58:40,515 - INFO - [2017] MISSING_CENTRAL: ZFake3Mu/Central/jets/3/energy in Skim_TriLep_DYJets10to50.root
2025-11-05 22:02:11,350 - INFO - [2017] MISSING_CENTRAL: ZFake3Mu/Central/jets/3/energy in Skim_TriLep_DYJets10to50.root
2025-11-05 22:02:11,429 - INFO - [2017] MISSING_CENTRAL: ZFake3Mu/Central/jets/3/energy in Skim_TriLep_WWG.root
2025-11-05 22:17:58,268 - INFO - [2017] MISSING_CENTRAL: ZFake3Mu/Central/jets/3/energy in Skim_TriLep_DYJets10to50.root
2025-11-05 22:17:58,294 - INFO - [2017] MISSING_CENTRAL: ZFake3Mu/Central/jets/3/energy in Skim_TriLep_WWG.root
2025-11-05 23:22:31,085 - INFO - [2017] MISSING_CENTRAL: ZFake3Mu/Central/jets/3/energy in Skim_TriLep_DYJets10to50.root
2025-11-05 23:22:31,128 - INFO - [2017] MISSING_CENTRAL: ZFake3Mu/Central/jets/3/energy in Skim_TriLep_WWG.root
2025-11-07 12:25:43,982 - INFO - [2017] MISSING_CENTRAL: ZFake3Mu/Central/jets/3/energy in Skim_TriLep_DYJets10to50.root
2025-11-07 12:25:44,007 - INFO - [2017] MISSING_CENTRAL: ZFake3Mu/Central/jets/3/energy in Skim_TriLep_WWG.root
2025-11-07 13:06:07,718 - INFO - [2017] MISSING_CENTRAL: ZFake3Mu/Central/jets/3/energy in Skim_TriLep_DYJets10to50.root
2025-11-07 13:06:07,741 - INFO - [2017] MISSING_CENTRAL: ZFake3Mu/Central/jets/3/energy in Skim_TriLep_WWG.root
2025-11-07 13:29:34,104 - INFO - [2017] MISSING_CENTRAL: ZFake3Mu/Central/jets/3/energy in Skim_TriLep_DYJets10to50.root
2025-11-07 13:29:34,131 - INFO - [2017] MISSING_CENTRAL: ZFake3Mu/Central/jets/3/energy in Skim_TriLep_WWG.root
2025-11-07 14:02:19,481 - INFO - [2017] MISSING_CENTRAL: ZFake3Mu/Central/jets/3/energy in Skim_TriLep_DYJets10to50.root
2025-11-07 14:02:19,506 - INFO - [2017] MISSING_CENTRAL: ZFake3Mu/Central/jets/3/energy in Skim_TriLep_WWG.root
2025-11-10 05:52:41,535 - INFO - [2017] MISSING_CENTRAL: ZFake3Mu/Central/jets/3/energy in Skim_TriLep_DYJets10to50.root
2025-11-10 05:52:41,554 - INFO - [2017] MISSING_CENTRAL: ZFake3Mu/Central/jets/3/energy in Skim_TriLep_WWG.root
2025-11-10 12:17:20,890 - INFO - [2017] MISSING_CENTRAL: ZFake3Mu/Central/jets/3/energy in Skim_TriLep_DYJets10to50.root
2025-11-10 12:17:20,916 - INFO - [2017] MISSING_CENTRAL: ZFake3Mu/Central/jets/3/energy in Skim_TriLep_WWG.root
2025-11-13 11:06:24,364 - INFO - [2017] MISSING_CENTRAL: ZFake3Mu/Central/jets/3/energy in Skim_TriLep_DYJets10to50.root
2025-11-13 11:06:24,404 - INFO - [2017] MISSING_CENTRAL: ZFake3Mu/Central/jets/3/energy in Skim_TriLep_WWG.root
2025-11-19 16:08:53,084 - INFO - [2017] MISSING_CENTRAL: ZFake3Mu/Central/jets/3/energy in Skim_TriLep_DYJets10to50.root
2025-11-19 16:08:53,138 - INFO - [2017] MISSING_CENTRAL: ZFake3Mu/Central/jets/3/energy in Skim_TriLep_WWG.root
2025-11-19 16:19:40,918 - INFO - [2017] MISSING_CENTRAL: ZFake3Mu/Central/jets/3/energy in Skim_TriLep_DYJets10to50.root
2025-11-19 16:19:40,967 - INFO - [2017] MISSING_CENTRAL: ZFake3Mu/Central/jets/3/energy in Skim_TriLep_WWG.root
2025-12-17 22:33:42,690 - INFO - [2017] MISSING_CENTRAL: ZFake3Mu/Central/jets/3/energy in Skim_TriLep_DYJets10to50.root
2025-12-17 22:33:42,723 - INFO - [2017] MISSING_CENTRAL: ZFake3Mu/Central/jets/3/energy in Skim_TriLep_WWG.root
2025-12-18 14:17:06,467 - INFO - [2017] MISSING_CENTRAL: ZFake3Mu/Central/jets/3/energy in Skim_TriLep_DYJets10to50.root
2025-12-18 14:17:06,495 - INFO - [2017] MISSING_CENTRAL: ZFake3Mu/Central/jets/3/energy in Skim_TriLep_WWG.root
2025-12-18 14:32:34,940 - INFO - [2017] MISSING_CENTRAL: ZFake3Mu/Central/jets/3/energy in Skim_TriLep_DYJets10to50.root
2025-12-18 14:32:35,019 - INFO - [2017] MISSING_CENTRAL: ZFake3Mu/Central/jets/3/energy in Skim_TriLep_WWG.root
2026-01-07 11:42:47,217 - INFO - [2017] MISSING_CENTRAL: ZFake3Mu/Central/jets/3/energy in Skim_TriLep_DYJets10to50.root
2026-01-07 11:42:47,245 - INFO - [2017] MISSING_CENTRAL: ZFake3Mu/Central/jets/3/energy in Skim_TriLep_WWG.root
2026-01-07 18:39:46,133 - INFO - [2017] MISSING_CENTRAL: ZFake3Mu/Central/jets/3/energy in Skim_TriLep_DYJets10to50.root
2026-01-07 18:39:46,153 - INFO - [2017] MISSING_CENTRAL: ZFake3Mu/Central/jets/3/energy in Skim_TriLep_WWG.root
2026-01-09 12:13:15,759 - INFO - [2017] MISSING_CENTRAL: ZFake3Mu/Central/jets/3/energy in Skim_TriLep_DYJets10to50.root
2026-01-09 12:13:15,772 - INFO - [2017] MISSING_CENTRAL: ZFake3Mu/Central/jets/3/energy in Skim_TriLep_WWG.root
2026-01-11 09:33:20,008 - INFO - [2017] MISSING_CENTRAL: ZFake3Mu/Central/jets/3/energy in Skim_TriLep_DYJets10to50.root
2026-01-11 09:33:20,021 - INFO - [2017] MISSING_CENTRAL: ZFake3Mu/Central/jets/3/energy in Skim_TriLep_WWG.root
2026-01-12 13:41:55,042 - INFO - [2017] MISSING_FILE: /home/choij/Sync/workspace/ChargedHiggsAnalysisV3/SKNanoOutput/MatrixSelector/Run3Mu/2017/Skim_TriLep_DoubleMuon_B.root
2026-01-12 13:41:55,046 - INFO - [2017] MISSING_FILE: /home/choij/Sync/workspace/ChargedHiggsAnalysisV3/SKNanoOutput/MatrixSelector/Run3Mu/2017/Skim_TriLep_DoubleMuon_C.root
2026-01-12 13:41:55,046 - INFO - [2017] MISSING_FILE: /home/choij/Sync/workspace/ChargedHiggsAnalysisV3/SKNanoOutput/MatrixSelector/Run3Mu/2017/Skim_TriLep_DoubleMuon_D.root
2026-01-12 13:41:55,047 - INFO - [2017] MISSING_FILE: /home/choij/Sync/workspace/ChargedHiggsAnalysisV3/SKNanoOutput/MatrixSelector/Run3Mu/2017/Skim_TriLep_DoubleMuon_E.root
2026-01-12 13:41:55,047 - INFO - [2017] MISSING_FILE: /home/choij/Sync/workspace/ChargedHiggsAnalysisV3/SKNanoOutput/MatrixSelector/Run3Mu/2017/Skim_TriLep_DoubleMuon_F.root
2026-01-12 13:41:55,090 - INFO - [2017] MISSING_CENTRAL: ZFake3Mu/Central/jets/3/energy in Skim_TriLep_DYJets10to50.root
2026-01-12 13:41:55,126 - INFO - [2017] MISSING_CENTRAL: ZFake3Mu/Central/jets/3/energy in Skim_TriLep_WWG.root
2026-01-16 18:57:13,850 - INFO - [2017] MISSING_CENTRAL: ZFake3Mu/Central/jets/3/energy in Skim_TriLep_DYJets10to50.root
2026-01-16 18:57:13,862 - INFO - [2017] MISSING_CENTRAL: ZFake3Mu/Central/jets/3/energy in Skim_TriLep_WWG.root
