2025-11-05 22:02:15,089 - INFO - [2017] MISSING_CENTRAL: ZFake3Mu/Central/MHc160_MA85/score_nonprompt in Skim_TriLep_DYJets10to50.root
2025-11-05 22:18:01,994 - INFO - [2017] MISSING_CENTRAL: ZFake3Mu/Central/MHc160_MA85/score_nonprompt in Skim_TriLep_DYJets10to50.root
2025-11-05 23:22:34,835 - INFO - [2017] MISSING_CENTRAL: ZFake3Mu/Central/MHc160_MA85/score_nonprompt in Skim_TriLep_DYJets10to50.root
2025-11-07 12:25:47,491 - INFO - [2017] MISSING_CENTRAL: ZFake3Mu/Central/MHc160_MA85/score_nonprompt in Skim_TriLep_DYJets10to50.root
2025-11-07 13:06:13,131 - INFO - [2017] MISSING_CENTRAL: ZFake3Mu/Central/MHc160_MA85/score_nonprompt in Skim_TriLep_DYJets10to50.root
2025-11-07 13:29:39,280 - INFO - [2017] MISSING_CENTRAL: ZFake3Mu/Central/MHc160_MA85/score_nonprompt in Skim_TriLep_DYJets10to50.root
2025-11-07 14:02:24,585 - INFO - [2017] MISSING_CENTRAL: ZFake3Mu/Central/MHc160_MA85/score_nonprompt in Skim_TriLep_DYJets10to50.root
2025-11-10 05:52:48,052 - INFO - [2017] MISSING_CENTRAL: ZFake3Mu/Central/MHc160_MA85/score_nonprompt in Skim_TriLep_DYJets10to50.root
2025-11-10 12:17:26,119 - INFO - [2017] MISSING_CENTRAL: ZFake3Mu/Central/MHc160_MA85/score_nonprompt in Skim_TriLep_DYJets10to50.root
2025-11-13 11:06:24,468 - INFO - [2017] MISSING_CENTRAL: ZFake3Mu/Central/MHc160_MA85/score_nonprompt in Skim_TriLep_DYJets10to50.root
2025-11-19 16:08:58,137 - INFO - [2017] MISSING_CENTRAL: ZFake3Mu/Central/MHc160_MA85/score_nonprompt in Skim_TriLep_DYJets10to50.root
2025-11-19 16:19:45,698 - INFO - [2017] MISSING_CENTRAL: ZFake3Mu/Central/MHc160_MA85/score_nonprompt in Skim_TriLep_DYJets10to50.root
2025-12-17 22:33:43,023 - INFO - [2017] MISSING_CENTRAL: ZFake3Mu/Central/MHc160_MA85/score_nonprompt in Skim_TriLep_DYJets10to50.root
2025-12-18 14:17:12,406 - INFO - [2017] MISSING_CENTRAL: ZFake3Mu/Central/MHc160_MA85/score_nonprompt in Skim_TriLep_DYJets10to50.root
2025-12-18 14:32:40,244 - INFO - [2017] MISSING_CENTRAL: ZFake3Mu/Central/MHc160_MA85/score_nonprompt in Skim_TriLep_DYJets10to50.root
2026-01-07 11:42:51,419 - INFO - [2017] MISSING_CENTRAL: ZFake3Mu/Central/MHc160_MA85/score_nonprompt in Skim_TriLep_DYJets10to50.root
2026-01-07 18:39:49,900 - INFO - [2017] MISSING_CENTRAL: ZFake3Mu/Central/MHc160_MA85/score_nonprompt in Skim_TriLep_DYJets10to50.root
2026-01-09 12:13:22,581 - INFO - [2017] MISSING_CENTRAL: ZFake3Mu/Central/MHc160_MA85/score_nonprompt in Skim_TriLep_DYJets10to50.root
2026-01-11 09:33:26,632 - INFO - [2017] MISSING_CENTRAL: ZFake3Mu/Central/MHc160_MA85/score_nonprompt in Skim_TriLep_DYJets10to50.root
2026-01-12 13:42:01,917 - INFO - [2017] MISSING_FILE: /home/choij/Sync/workspace/ChargedHiggsAnalysisV3/SKNanoOutput/MatrixSelector/Run3Mu/2017/Skim_TriLep_DoubleMuon_B.root
2026-01-12 13:42:01,917 - INFO - [2017] MISSING_FILE: /home/choij/Sync/workspace/ChargedHiggsAnalysisV3/SKNanoOutput/MatrixSelector/Run3Mu/2017/Skim_TriLep_DoubleMuon_C.root
2026-01-12 13:42:01,917 - INFO - [2017] MISSING_FILE: /home/choij/Sync/workspace/ChargedHiggsAnalysisV3/SKNanoOutput/MatrixSelector/Run3Mu/2017/Skim_TriLep_DoubleMuon_D.root
2026-01-12 13:42:01,917 - INFO - [2017] MISSING_FILE: /home/choij/Sync/workspace/ChargedHiggsAnalysisV3/SKNanoOutput/MatrixSelector/Run3Mu/2017/Skim_TriLep_DoubleMuon_E.root
2026-01-12 13:42:01,917 - INFO - [2017] MISSING_FILE: /home/choij/Sync/workspace/ChargedHiggsAnalysisV3/SKNanoOutput/MatrixSelector/Run3Mu/2017/Skim_TriLep_DoubleMuon_F.root
2026-01-12 13:42:01,939 - INFO - [2017] MISSING_CENTRAL: ZFake3Mu/Central/MHc160_MA85/score_nonprompt in Skim_TriLep_DYJets10to50.root
