2025-11-07 13:06:13,575 - INFO - [2017] MISSING_CENTRAL: ZFake3Mu/Central/MHc160_MA98/score_ttZ in Skim_TriLep_DYJets10to50.root
2025-11-07 13:29:39,472 - INFO - [2017] MISSING_CENTRAL: ZFake3Mu/Central/MHc160_MA98/score_ttZ in Skim_TriLep_DYJets10to50.root
2025-11-07 14:02:24,934 - INFO - [2017] MISSING_CENTRAL: ZFake3Mu/Central/MHc160_MA98/score_ttZ in Skim_TriLep_DYJets10to50.root
2025-11-10 05:52:48,543 - INFO - [2017] MISSING_CENTRAL: ZFake3Mu/Central/MHc160_MA98/score_ttZ in Skim_TriLep_DYJets10to50.root
2025-11-10 12:17:26,197 - INFO - [2017] MISSING_CENTRAL: ZFake3Mu/Central/MHc160_MA98/score_ttZ in Skim_TriLep_DYJets10to50.root
2025-11-13 11:06:27,286 - INFO - [2017] MISSING_CENTRAL: ZFake3Mu/Central/MHc160_MA98/score_ttZ in Skim_TriLep_DYJets10to50.root
2025-11-19 16:08:58,927 - INFO - [2017] MISSING_CENTRAL: ZFake3Mu/Central/MHc160_MA98/score_ttZ in Skim_TriLep_DYJets10to50.root
2025-11-19 16:19:46,525 - INFO - [2017] MISSING_CENTRAL: ZFake3Mu/Central/MHc160_MA98/score_ttZ in Skim_TriLep_DYJets10to50.root
2025-12-17 22:33:46,298 - INFO - [2017] MISSING_CENTRAL: ZFake3Mu/Central/MHc160_MA98/score_ttZ in Skim_TriLep_DYJets10to50.root
2025-12-18 14:17:12,296 - INFO - [2017] MISSING_CENTRAL: ZFake3Mu/Central/MHc160_MA98/score_ttZ in Skim_TriLep_DYJets10to50.root
2025-12-18 14:32:40,990 - INFO - [2017] MISSING_CENTRAL: ZFake3Mu/Central/MHc160_MA98/score_ttZ in Skim_TriLep_DYJets10to50.root
2026-01-07 11:42:51,224 - INFO - [2017] MISSING_CENTRAL: ZFake3Mu/Central/MHc160_MA98/score_ttZ in Skim_TriLep_DYJets10to50.root
2026-01-07 18:39:50,382 - INFO - [2017] MISSING_CENTRAL: ZFake3Mu/Central/MHc160_MA98/score_ttZ in Skim_TriLep_DYJets10to50.root
2026-01-09 12:13:24,520 - INFO - [2017] MISSING_CENTRAL: ZFake3Mu/Central/MHc160_MA98/score_ttZ in Skim_TriLep_DYJets10to50.root
2026-01-11 09:33:28,400 - INFO - [2017] MISSING_CENTRAL: ZFake3Mu/Central/MHc160_MA98/score_ttZ in Skim_TriLep_DYJets10to50.root
2026-01-12 13:42:03,683 - INFO - [2017] MISSING_FILE: /home/choij/Sync/workspace/ChargedHiggsAnalysisV3/SKNanoOutput/MatrixSelector/Run3Mu/2017/Skim_TriLep_DoubleMuon_B.root
2026-01-12 13:42:03,683 - INFO - [2017] MISSING_FILE: /home/choij/Sync/workspace/ChargedHiggsAnalysisV3/SKNanoOutput/MatrixSelector/Run3Mu/2017/Skim_TriLep_DoubleMuon_C.root
2026-01-12 13:42:03,683 - INFO - [2017] MISSING_FILE: /home/choij/Sync/workspace/ChargedHiggsAnalysisV3/SKNanoOutput/MatrixSelector/Run3Mu/2017/Skim_TriLep_DoubleMuon_D.root
2026-01-12 13:42:03,683 - INFO - [2017] MISSING_FILE: /home/choij/Sync/workspace/ChargedHiggsAnalysisV3/SKNanoOutput/MatrixSelector/Run3Mu/2017/Skim_TriLep_DoubleMuon_E.root
2026-01-12 13:42:03,683 - INFO - [2017] MISSING_FILE: /home/choij/Sync/workspace/ChargedHiggsAnalysisV3/SKNanoOutput/MatrixSelector/Run3Mu/2017/Skim_TriLep_DoubleMuon_F.root
2026-01-12 13:42:03,697 - INFO - [2017] MISSING_CENTRAL: ZFake3Mu/Central/MHc160_MA98/score_ttZ in Skim_TriLep_DYJets10to50.root
