2025-09-24 15:45:33,565 - INFO - [2017] MISSING_CENTRAL: ZFake3Mu/Central/muons/3/phi in Skim_TriLep_DYJets10to50.root
2025-10-02 21:11:40,770 - INFO - [2017] MISSING_CENTRAL: ZFake3Mu/Central/muons/3/phi in Skim_TriLep_DYJets10to50.root
2025-10-02 23:58:29,632 - INFO - [2017] MISSING_CENTRAL: ZFake3Mu/Central/muons/3/phi in Skim_TriLep_DYJets10to50.root
2025-11-05 22:02:04,712 - INFO - [2017] MISSING_CENTRAL: ZFake3Mu/Central/muons/3/phi in Skim_TriLep_DYJets10to50.root
2025-11-05 22:17:51,992 - INFO - [2017] MISSING_CENTRAL: ZFake3Mu/Central/muons/3/phi in Skim_TriLep_DYJets10to50.root
2025-11-05 23:22:24,698 - INFO - [2017] MISSING_CENTRAL: ZFake3Mu/Central/muons/3/phi in Skim_TriLep_DYJets10to50.root
2025-11-07 12:25:37,781 - INFO - [2017] MISSING_CENTRAL: ZFake3Mu/Central/muons/3/phi in Skim_TriLep_DYJets10to50.root
2025-11-07 13:06:01,403 - INFO - [2017] MISSING_CENTRAL: ZFake3Mu/Central/muons/3/phi in Skim_TriLep_DYJets10to50.root
2025-11-07 13:29:27,831 - INFO - [2017] MISSING_CENTRAL: ZFake3Mu/Central/muons/3/phi in Skim_TriLep_DYJets10to50.root
2025-11-07 14:02:13,309 - INFO - [2017] MISSING_CENTRAL: ZFake3Mu/Central/muons/3/phi in Skim_TriLep_DYJets10to50.root
2025-11-10 05:52:34,594 - INFO - [2017] MISSING_CENTRAL: ZFake3Mu/Central/muons/3/phi in Skim_TriLep_DYJets10to50.root
2025-11-10 12:17:14,610 - INFO - [2017] MISSING_CENTRAL: ZFake3Mu/Central/muons/3/phi in Skim_TriLep_DYJets10to50.root
2025-11-13 11:06:13,507 - INFO - [2017] MISSING_CENTRAL: ZFake3Mu/Central/muons/3/phi in Skim_TriLep_DYJets10to50.root
2025-11-19 16:08:47,286 - INFO - [2017] MISSING_CENTRAL: ZFake3Mu/Central/muons/3/phi in Skim_TriLep_DYJets10to50.root
2025-11-19 16:19:34,735 - INFO - [2017] MISSING_CENTRAL: ZFake3Mu/Central/muons/3/phi in Skim_TriLep_DYJets10to50.root
2025-12-17 22:33:32,312 - INFO - [2017] MISSING_CENTRAL: ZFake3Mu/Central/muons/3/phi in Skim_TriLep_DYJets10to50.root
2025-12-18 14:17:00,624 - INFO - [2017] MISSING_CENTRAL: ZFake3Mu/Central/muons/3/phi in Skim_TriLep_DYJets10to50.root
2025-12-18 14:32:29,215 - INFO - [2017] MISSING_CENTRAL: ZFake3Mu/Central/muons/3/phi in Skim_TriLep_DYJets10to50.root
2026-01-07 11:42:37,531 - INFO - [2017] MISSING_CENTRAL: ZFake3Mu/Central/muons/3/phi in Skim_TriLep_DYJets10to50.root
2026-01-07 18:39:40,747 - INFO - [2017] MISSING_CENTRAL: ZFake3Mu/Central/muons/3/phi in Skim_TriLep_DYJets10to50.root
2026-01-09 12:13:09,574 - INFO - [2017] MISSING_CENTRAL: ZFake3Mu/Central/muons/3/phi in Skim_TriLep_DYJets10to50.root
2026-01-11 09:33:13,752 - INFO - [2017] MISSING_CENTRAL: ZFake3Mu/Central/muons/3/phi in Skim_TriLep_DYJets10to50.root
2026-01-12 13:41:48,941 - INFO - [2017] MISSING_FILE: /home/choij/Sync/workspace/ChargedHiggsAnalysisV3/SKNanoOutput/MatrixSelector/Run3Mu/2017/Skim_TriLep_DoubleMuon_B.root
2026-01-12 13:41:48,941 - INFO - [2017] MISSING_FILE: /home/choij/Sync/workspace/ChargedHiggsAnalysisV3/SKNanoOutput/MatrixSelector/Run3Mu/2017/Skim_TriLep_DoubleMuon_C.root
2026-01-12 13:41:48,941 - INFO - [2017] MISSING_FILE: /home/choij/Sync/workspace/ChargedHiggsAnalysisV3/SKNanoOutput/MatrixSelector/Run3Mu/2017/Skim_TriLep_DoubleMuon_D.root
2026-01-12 13:41:48,941 - INFO - [2017] MISSING_FILE: /home/choij/Sync/workspace/ChargedHiggsAnalysisV3/SKNanoOutput/MatrixSelector/Run3Mu/2017/Skim_TriLep_DoubleMuon_E.root
2026-01-12 13:41:48,942 - INFO - [2017] MISSING_FILE: /home/choij/Sync/workspace/ChargedHiggsAnalysisV3/SKNanoOutput/MatrixSelector/Run3Mu/2017/Skim_TriLep_DoubleMuon_F.root
2026-01-12 13:41:48,966 - INFO - [2017] MISSING_CENTRAL: ZFake3Mu/Central/muons/3/phi in Skim_TriLep_DYJets10to50.root
2026-01-16 18:57:07,984 - INFO - [2017] MISSING_CENTRAL: ZFake3Mu/Central/muons/3/phi in Skim_TriLep_DYJets10to50.root
