2025-09-24 15:45:32,680 - INFO - [2017] MISSING_CENTRAL: ZFake3Mu/Central/muons/2/py in Skim_TriLep_DYJets10to50.root
2025-10-02 21:11:39,299 - INFO - [2017] MISSING_CENTRAL: ZFake3Mu/Central/muons/2/py in Skim_TriLep_DYJets10to50.root
2025-10-02 23:58:29,118 - INFO - [2017] MISSING_CENTRAL: ZFake3Mu/Central/muons/2/py in Skim_TriLep_DYJets10to50.root
2025-11-05 22:02:05,003 - INFO - [2017] MISSING_CENTRAL: ZFake3Mu/Central/muons/2/py in Skim_TriLep_DYJets10to50.root
2025-11-05 22:17:51,968 - INFO - [2017] MISSING_CENTRAL: ZFake3Mu/Central/muons/2/py in Skim_TriLep_DYJets10to50.root
2025-11-05 23:22:24,651 - INFO - [2017] MISSING_CENTRAL: ZFake3Mu/Central/muons/2/py in Skim_TriLep_DYJets10to50.root
2025-11-07 12:25:37,672 - INFO - [2017] MISSING_CENTRAL: ZFake3Mu/Central/muons/2/py in Skim_TriLep_DYJets10to50.root
2025-11-07 13:06:01,323 - INFO - [2017] MISSING_CENTRAL: ZFake3Mu/Central/muons/2/py in Skim_TriLep_DYJets10to50.root
2025-11-07 13:29:27,824 - INFO - [2017] MISSING_CENTRAL: ZFake3Mu/Central/muons/2/py in Skim_TriLep_DYJets10to50.root
2025-11-07 14:02:13,332 - INFO - [2017] MISSING_CENTRAL: ZFake3Mu/Central/muons/2/py in Skim_TriLep_DYJets10to50.root
2025-11-10 05:52:34,505 - INFO - [2017] MISSING_CENTRAL: ZFake3Mu/Central/muons/2/py in Skim_TriLep_DYJets10to50.root
2025-11-10 12:17:14,589 - INFO - [2017] MISSING_CENTRAL: ZFake3Mu/Central/muons/2/py in Skim_TriLep_DYJets10to50.root
2025-11-13 11:06:13,513 - INFO - [2017] MISSING_CENTRAL: ZFake3Mu/Central/muons/2/py in Skim_TriLep_DYJets10to50.root
2025-11-19 16:08:47,233 - INFO - [2017] MISSING_CENTRAL: ZFake3Mu/Central/muons/2/py in Skim_TriLep_DYJets10to50.root
2025-11-19 16:19:34,720 - INFO - [2017] MISSING_CENTRAL: ZFake3Mu/Central/muons/2/py in Skim_TriLep_DYJets10to50.root
2025-12-17 22:33:32,312 - INFO - [2017] MISSING_CENTRAL: ZFake3Mu/Central/muons/2/py in Skim_TriLep_DYJets10to50.root
2025-12-18 14:17:00,659 - INFO - [2017] MISSING_CENTRAL: ZFake3Mu/Central/muons/2/py in Skim_TriLep_DYJets10to50.root
2025-12-18 14:32:28,308 - INFO - [2017] MISSING_CENTRAL: ZFake3Mu/Central/muons/2/py in Skim_TriLep_DYJets10to50.root
2026-01-07 11:42:37,531 - INFO - [2017] MISSING_CENTRAL: ZFake3Mu/Central/muons/2/py in Skim_TriLep_DYJets10to50.root
2026-01-07 18:39:40,723 - INFO - [2017] MISSING_CENTRAL: ZFake3Mu/Central/muons/2/py in Skim_TriLep_DYJets10to50.root
2026-01-09 12:13:09,601 - INFO - [2017] MISSING_CENTRAL: ZFake3Mu/Central/muons/2/py in Skim_TriLep_DYJets10to50.root
2026-01-11 09:33:13,748 - INFO - [2017] MISSING_CENTRAL: ZFake3Mu/Central/muons/2/py in Skim_TriLep_DYJets10to50.root
2026-01-12 13:41:48,797 - INFO - [2017] MISSING_FILE: /home/choij/Sync/workspace/ChargedHiggsAnalysisV3/SKNanoOutput/MatrixSelector/Run3Mu/2017/Skim_TriLep_DoubleMuon_B.root
2026-01-12 13:41:48,797 - INFO - [2017] MISSING_FILE: /home/choij/Sync/workspace/ChargedHiggsAnalysisV3/SKNanoOutput/MatrixSelector/Run3Mu/2017/Skim_TriLep_DoubleMuon_C.root
2026-01-12 13:41:48,797 - INFO - [2017] MISSING_FILE: /home/choij/Sync/workspace/ChargedHiggsAnalysisV3/SKNanoOutput/MatrixSelector/Run3Mu/2017/Skim_TriLep_DoubleMuon_D.root
2026-01-12 13:41:48,797 - INFO - [2017] MISSING_FILE: /home/choij/Sync/workspace/ChargedHiggsAnalysisV3/SKNanoOutput/MatrixSelector/Run3Mu/2017/Skim_TriLep_DoubleMuon_E.root
2026-01-12 13:41:48,797 - INFO - [2017] MISSING_FILE: /home/choij/Sync/workspace/ChargedHiggsAnalysisV3/SKNanoOutput/MatrixSelector/Run3Mu/2017/Skim_TriLep_DoubleMuon_F.root
2026-01-12 13:41:48,831 - INFO - [2017] MISSING_CENTRAL: ZFake3Mu/Central/muons/2/py in Skim_TriLep_DYJets10to50.root
2026-01-16 18:57:07,717 - INFO - [2017] MISSING_CENTRAL: ZFake3Mu/Central/muons/2/py in Skim_TriLep_DYJets10to50.root
