2025-09-24 15:45:33,116 - INFO - [2017] MISSING_CENTRAL: ZFake3Mu/Central/muons/3/pt in Skim_TriLep_DYJets10to50.root
2025-10-02 21:11:40,090 - INFO - [2017] MISSING_CENTRAL: ZFake3Mu/Central/muons/3/pt in Skim_TriLep_DYJets10to50.root
2025-10-02 23:58:29,436 - INFO - [2017] MISSING_CENTRAL: ZFake3Mu/Central/muons/3/pt in Skim_TriLep_DYJets10to50.root
2025-11-05 22:02:05,159 - INFO - [2017] MISSING_CENTRAL: ZFake3Mu/Central/muons/3/pt in Skim_TriLep_DYJets10to50.root
2025-11-05 22:17:51,844 - INFO - [2017] MISSING_CENTRAL: ZFake3Mu/Central/muons/3/pt in Skim_TriLep_DYJets10to50.root
2025-11-05 23:22:24,494 - INFO - [2017] MISSING_CENTRAL: ZFake3Mu/Central/muons/3/pt in Skim_TriLep_DYJets10to50.root
2025-11-07 12:25:37,706 - INFO - [2017] MISSING_CENTRAL: ZFake3Mu/Central/muons/3/pt in Skim_TriLep_DYJets10to50.root
2025-11-07 13:06:01,468 - INFO - [2017] MISSING_CENTRAL: ZFake3Mu/Central/muons/3/pt in Skim_TriLep_DYJets10to50.root
2025-11-07 13:29:27,834 - INFO - [2017] MISSING_CENTRAL: ZFake3Mu/Central/muons/3/pt in Skim_TriLep_DYJets10to50.root
2025-11-07 14:02:13,332 - INFO - [2017] MISSING_CENTRAL: ZFake3Mu/Central/muons/3/pt in Skim_TriLep_DYJets10to50.root
2025-11-10 05:52:34,280 - INFO - [2017] MISSING_CENTRAL: ZFake3Mu/Central/muons/3/pt in Skim_TriLep_DYJets10to50.root
2025-11-10 12:17:14,555 - INFO - [2017] MISSING_CENTRAL: ZFake3Mu/Central/muons/3/pt in Skim_TriLep_DYJets10to50.root
2025-11-13 11:06:13,509 - INFO - [2017] MISSING_CENTRAL: ZFake3Mu/Central/muons/3/pt in Skim_TriLep_DYJets10to50.root
2025-11-19 16:08:47,347 - INFO - [2017] MISSING_CENTRAL: ZFake3Mu/Central/muons/3/pt in Skim_TriLep_DYJets10to50.root
2025-11-19 16:19:34,726 - INFO - [2017] MISSING_CENTRAL: ZFake3Mu/Central/muons/3/pt in Skim_TriLep_DYJets10to50.root
2025-12-17 22:33:32,312 - INFO - [2017] MISSING_CENTRAL: ZFake3Mu/Central/muons/3/pt in Skim_TriLep_DYJets10to50.root
2025-12-18 14:17:01,923 - INFO - [2017] MISSING_CENTRAL: ZFake3Mu/Central/muons/3/pt in Skim_TriLep_DYJets10to50.root
2025-12-18 14:32:29,025 - INFO - [2017] MISSING_CENTRAL: ZFake3Mu/Central/muons/3/pt in Skim_TriLep_DYJets10to50.root
2026-01-07 11:42:37,531 - INFO - [2017] MISSING_CENTRAL: ZFake3Mu/Central/muons/3/pt in Skim_TriLep_DYJets10to50.root
2026-01-07 18:39:40,801 - INFO - [2017] MISSING_CENTRAL: ZFake3Mu/Central/muons/3/pt in Skim_TriLep_DYJets10to50.root
2026-01-09 12:13:09,620 - INFO - [2017] MISSING_CENTRAL: ZFake3Mu/Central/muons/3/pt in Skim_TriLep_DYJets10to50.root
2026-01-11 09:33:13,786 - INFO - [2017] MISSING_CENTRAL: ZFake3Mu/Central/muons/3/pt in Skim_TriLep_DYJets10to50.root
2026-01-12 13:41:48,862 - INFO - [2017] MISSING_FILE: /home/choij/Sync/workspace/ChargedHiggsAnalysisV3/SKNanoOutput/MatrixSelector/Run3Mu/2017/Skim_TriLep_DoubleMuon_B.root
2026-01-12 13:41:48,862 - INFO - [2017] MISSING_FILE: /home/choij/Sync/workspace/ChargedHiggsAnalysisV3/SKNanoOutput/MatrixSelector/Run3Mu/2017/Skim_TriLep_DoubleMuon_C.root
2026-01-12 13:41:48,863 - INFO - [2017] MISSING_FILE: /home/choij/Sync/workspace/ChargedHiggsAnalysisV3/SKNanoOutput/MatrixSelector/Run3Mu/2017/Skim_TriLep_DoubleMuon_D.root
2026-01-12 13:41:48,863 - INFO - [2017] MISSING_FILE: /home/choij/Sync/workspace/ChargedHiggsAnalysisV3/SKNanoOutput/MatrixSelector/Run3Mu/2017/Skim_TriLep_DoubleMuon_E.root
2026-01-12 13:41:48,863 - INFO - [2017] MISSING_FILE: /home/choij/Sync/workspace/ChargedHiggsAnalysisV3/SKNanoOutput/MatrixSelector/Run3Mu/2017/Skim_TriLep_DoubleMuon_F.root
2026-01-12 13:41:48,893 - INFO - [2017] MISSING_CENTRAL: ZFake3Mu/Central/muons/3/pt in Skim_TriLep_DYJets10to50.root
