2025-09-24 15:45:51,594 - INFO - [2017] MISSING_CENTRAL: ZFake3Mu/Central/nZCand/phi in Skim_TriLep_DYJets10to50.root
2025-10-02 21:11:49,476 - INFO - [2017] MISSING_CENTRAL: ZFake3Mu/Central/nZCand/phi in Skim_TriLep_DYJets10to50.root
2025-10-02 23:58:47,024 - INFO - [2017] MISSING_CENTRAL: ZFake3Mu/Central/nZCand/phi in Skim_TriLep_DYJets10to50.root
2025-11-05 22:02:14,612 - INFO - [2017] MISSING_CENTRAL: ZFake3Mu/Central/nZCand/phi in Skim_TriLep_DYJets10to50.root
2025-11-05 22:18:01,380 - INFO - [2017] MISSING_CENTRAL: ZFake3Mu/Central/nZCand/phi in Skim_TriLep_DYJets10to50.root
2025-11-05 23:22:33,994 - INFO - [2017] MISSING_CENTRAL: ZFake3Mu/Central/nZCand/phi in Skim_TriLep_DYJets10to50.root
2025-11-07 12:25:46,803 - INFO - [2017] MISSING_CENTRAL: ZFake3Mu/Central/nZCand/phi in Skim_TriLep_DYJets10to50.root
2025-11-07 13:06:10,676 - INFO - [2017] MISSING_CENTRAL: ZFake3Mu/Central/nZCand/phi in Skim_TriLep_DYJets10to50.root
2025-11-07 13:29:37,095 - INFO - [2017] MISSING_CENTRAL: ZFake3Mu/Central/nZCand/phi in Skim_TriLep_DYJets10to50.root
2025-11-07 14:02:22,376 - INFO - [2017] MISSING_CENTRAL: ZFake3Mu/Central/nZCand/phi in Skim_TriLep_DYJets10to50.root
2025-11-10 05:52:44,806 - INFO - [2017] MISSING_CENTRAL: ZFake3Mu/Central/nZCand/phi in Skim_TriLep_DYJets10to50.root
2025-11-10 12:17:24,043 - INFO - [2017] MISSING_CENTRAL: ZFake3Mu/Central/nZCand/phi in Skim_TriLep_DYJets10to50.root
2025-11-13 11:06:24,387 - INFO - [2017] MISSING_CENTRAL: ZFake3Mu/Central/nZCand/phi in Skim_TriLep_DYJets10to50.root
2025-11-19 16:08:55,839 - INFO - [2017] MISSING_CENTRAL: ZFake3Mu/Central/nZCand/phi in Skim_TriLep_DYJets10to50.root
2025-11-19 16:19:43,407 - INFO - [2017] MISSING_CENTRAL: ZFake3Mu/Central/nZCand/phi in Skim_TriLep_DYJets10to50.root
2025-12-17 22:33:43,370 - INFO - [2017] MISSING_CENTRAL: ZFake3Mu/Central/nZCand/phi in Skim_TriLep_DYJets10to50.root
2025-12-18 14:17:06,691 - INFO - [2017] MISSING_CENTRAL: ZFake3Mu/Central/nZCand/phi in Skim_TriLep_DYJets10to50.root
2025-12-18 14:32:35,367 - INFO - [2017] MISSING_CENTRAL: ZFake3Mu/Central/nZCand/phi in Skim_TriLep_DYJets10to50.root
2026-01-07 11:42:47,342 - INFO - [2017] MISSING_CENTRAL: ZFake3Mu/Central/nZCand/phi in Skim_TriLep_DYJets10to50.root
2026-01-07 18:39:46,217 - INFO - [2017] MISSING_CENTRAL: ZFake3Mu/Central/nZCand/phi in Skim_TriLep_DYJets10to50.root
2026-01-09 12:13:18,167 - INFO - [2017] MISSING_CENTRAL: ZFake3Mu/Central/nZCand/phi in Skim_TriLep_DYJets10to50.root
2026-01-11 09:33:22,159 - INFO - [2017] MISSING_CENTRAL: ZFake3Mu/Central/nZCand/phi in Skim_TriLep_DYJets10to50.root
2026-01-12 13:41:57,620 - INFO - [2017] MISSING_FILE: /home/choij/Sync/workspace/ChargedHiggsAnalysisV3/SKNanoOutput/MatrixSelector/Run3Mu/2017/Skim_TriLep_DoubleMuon_B.root
2026-01-12 13:41:57,620 - INFO - [2017] MISSING_FILE: /home/choij/Sync/workspace/ChargedHiggsAnalysisV3/SKNanoOutput/MatrixSelector/Run3Mu/2017/Skim_TriLep_DoubleMuon_C.root
2026-01-12 13:41:57,620 - INFO - [2017] MISSING_FILE: /home/choij/Sync/workspace/ChargedHiggsAnalysisV3/SKNanoOutput/MatrixSelector/Run3Mu/2017/Skim_TriLep_DoubleMuon_D.root
2026-01-12 13:41:57,620 - INFO - [2017] MISSING_FILE: /home/choij/Sync/workspace/ChargedHiggsAnalysisV3/SKNanoOutput/MatrixSelector/Run3Mu/2017/Skim_TriLep_DoubleMuon_E.root
2026-01-12 13:41:57,620 - INFO - [2017] MISSING_FILE: /home/choij/Sync/workspace/ChargedHiggsAnalysisV3/SKNanoOutput/MatrixSelector/Run3Mu/2017/Skim_TriLep_DoubleMuon_F.root
2026-01-12 13:41:57,644 - INFO - [2017] MISSING_CENTRAL: ZFake3Mu/Central/nZCand/phi in Skim_TriLep_DYJets10to50.root
2026-01-16 18:57:14,363 - INFO - [2017] MISSING_CENTRAL: ZFake3Mu/Central/nZCand/phi in Skim_TriLep_DYJets10to50.root
