2025-11-05 22:20:02,565 - INFO - [2016preVFP] MISSING_CENTRAL: ZFake3Mu/Central/dR_pair_ss1_os in Skim_TriLep_DYJets.root
2025-11-05 22:20:02,565 - INFO - [2016preVFP] MISSING_CENTRAL: ZFake3Mu/Central/dR_pair_ss1_os in Skim_TriLep_DYJets10to50.root
2025-11-05 22:20:02,666 - INFO - [2016postVFP] MISSING_CENTRAL: ZFake3Mu/Central/dR_pair_ss1_os in Skim_TriLep_DYJets.root
2025-11-05 22:20:02,666 - INFO - [2016postVFP] MISSING_CENTRAL: ZFake3Mu/Central/dR_pair_ss1_os in Skim_TriLep_DYJets10to50.root
2025-11-05 22:20:02,784 - INFO - [2017] MISSING_CENTRAL: ZFake3Mu/Central/dR_pair_ss1_os in Skim_TriLep_DYJets10to50.root
2025-11-05 22:20:02,932 - INFO - [2018] MISSING_CENTRAL: ZFake3Mu/Central/dR_pair_ss1_os in Skim_TriLep_DYJets10to50.root
2025-11-05 23:24:36,853 - INFO - [2016preVFP] MISSING_CENTRAL: ZFake3Mu/Central/dR_pair_ss1_os in Skim_TriLep_DYJets.root
2025-11-05 23:24:36,853 - INFO - [2016preVFP] MISSING_CENTRAL: ZFake3Mu/Central/dR_pair_ss1_os in Skim_TriLep_DYJets10to50.root
2025-11-05 23:24:36,948 - INFO - [2016postVFP] MISSING_CENTRAL: ZFake3Mu/Central/dR_pair_ss1_os in Skim_TriLep_DYJets.root
2025-11-05 23:24:36,949 - INFO - [2016postVFP] MISSING_CENTRAL: ZFake3Mu/Central/dR_pair_ss1_os in Skim_TriLep_DYJets10to50.root
2025-11-05 23:24:37,050 - INFO - [2017] MISSING_CENTRAL: ZFake3Mu/Central/dR_pair_ss1_os in Skim_TriLep_DYJets10to50.root
2025-11-05 23:24:37,156 - INFO - [2018] MISSING_CENTRAL: ZFake3Mu/Central/dR_pair_ss1_os in Skim_TriLep_DYJets10to50.root
2025-11-07 12:27:47,524 - INFO - [2016preVFP] MISSING_CENTRAL: ZFake3Mu/Central/dR_pair_ss1_os in Skim_TriLep_DYJets.root
2025-11-07 12:27:47,524 - INFO - [2016preVFP] MISSING_CENTRAL: ZFake3Mu/Central/dR_pair_ss1_os in Skim_TriLep_DYJets10to50.root
2025-11-07 12:27:47,605 - INFO - [2016postVFP] MISSING_CENTRAL: ZFake3Mu/Central/dR_pair_ss1_os in Skim_TriLep_DYJets.root
2025-11-07 12:27:47,605 - INFO - [2016postVFP] MISSING_CENTRAL: ZFake3Mu/Central/dR_pair_ss1_os in Skim_TriLep_DYJets10to50.root
2025-11-07 12:27:47,704 - INFO - [2017] MISSING_CENTRAL: ZFake3Mu/Central/dR_pair_ss1_os in Skim_TriLep_DYJets10to50.root
2025-11-07 12:27:47,838 - INFO - [2018] MISSING_CENTRAL: ZFake3Mu/Central/dR_pair_ss1_os in Skim_TriLep_DYJets10to50.root
2025-11-07 13:08:26,697 - INFO - [2016preVFP] MISSING_CENTRAL: ZFake3Mu/Central/dR_pair_ss1_os in Skim_TriLep_DYJets.root
2025-11-07 13:08:26,698 - INFO - [2016preVFP] MISSING_CENTRAL: ZFake3Mu/Central/dR_pair_ss1_os in Skim_TriLep_DYJets10to50.root
2025-11-07 13:08:26,799 - INFO - [2016postVFP] MISSING_CENTRAL: ZFake3Mu/Central/dR_pair_ss1_os in Skim_TriLep_DYJets.root
2025-11-07 13:08:26,800 - INFO - [2016postVFP] MISSING_CENTRAL: ZFake3Mu/Central/dR_pair_ss1_os in Skim_TriLep_DYJets10to50.root
2025-11-07 13:08:26,901 - INFO - [2017] MISSING_CENTRAL: ZFake3Mu/Central/dR_pair_ss1_os in Skim_TriLep_DYJets10to50.root
2025-11-07 13:08:27,044 - INFO - [2018] MISSING_CENTRAL: ZFake3Mu/Central/dR_pair_ss1_os in Skim_TriLep_DYJets10to50.root
2025-11-07 14:05:09,166 - INFO - [2016preVFP] MISSING_CENTRAL: ZFake3Mu/Central/dR_pair_ss1_os in Skim_TriLep_DYJets.root
2025-11-07 14:05:09,166 - INFO - [2016preVFP] MISSING_CENTRAL: ZFake3Mu/Central/dR_pair_ss1_os in Skim_TriLep_DYJets10to50.root
2025-11-07 14:05:09,273 - INFO - [2016postVFP] MISSING_CENTRAL: ZFake3Mu/Central/dR_pair_ss1_os in Skim_TriLep_DYJets.root
2025-11-07 14:05:09,273 - INFO - [2016postVFP] MISSING_CENTRAL: ZFake3Mu/Central/dR_pair_ss1_os in Skim_TriLep_DYJets10to50.root
2025-11-07 14:05:09,388 - INFO - [2017] MISSING_CENTRAL: ZFake3Mu/Central/dR_pair_ss1_os in Skim_TriLep_DYJets10to50.root
2025-11-07 14:05:09,556 - INFO - [2018] MISSING_CENTRAL: ZFake3Mu/Central/dR_pair_ss1_os in Skim_TriLep_DYJets10to50.root
2025-11-10 05:56:25,785 - INFO - [2016preVFP] MISSING_CENTRAL: ZFake3Mu/Central/dR_pair_ss1_os in Skim_TriLep_DYJets.root
2025-11-10 05:56:25,786 - INFO - [2016preVFP] MISSING_CENTRAL: ZFake3Mu/Central/dR_pair_ss1_os in Skim_TriLep_DYJets10to50.root
2025-11-10 05:56:25,989 - INFO - [2016postVFP] MISSING_CENTRAL: ZFake3Mu/Central/dR_pair_ss1_os in Skim_TriLep_DYJets.root
2025-11-10 05:56:25,990 - INFO - [2016postVFP] MISSING_CENTRAL: ZFake3Mu/Central/dR_pair_ss1_os in Skim_TriLep_DYJets10to50.root
2025-11-10 05:56:26,238 - INFO - [2017] MISSING_CENTRAL: ZFake3Mu/Central/dR_pair_ss1_os in Skim_TriLep_DYJets10to50.root
2025-11-10 05:56:26,422 - INFO - [2018] MISSING_CENTRAL: ZFake3Mu/Central/dR_pair_ss1_os in Skim_TriLep_DYJets10to50.root
2025-11-10 12:20:12,946 - INFO - [2016preVFP] MISSING_CENTRAL: ZFake3Mu/Central/dR_pair_ss1_os in Skim_TriLep_DYJets.root
2025-11-10 12:20:12,947 - INFO - [2016preVFP] MISSING_CENTRAL: ZFake3Mu/Central/dR_pair_ss1_os in Skim_TriLep_DYJets10to50.root
2025-11-10 12:20:13,041 - INFO - [2016postVFP] MISSING_CENTRAL: ZFake3Mu/Central/dR_pair_ss1_os in Skim_TriLep_DYJets.root
2025-11-10 12:20:13,042 - INFO - [2016postVFP] MISSING_CENTRAL: ZFake3Mu/Central/dR_pair_ss1_os in Skim_TriLep_DYJets10to50.root
2025-11-10 12:20:13,216 - INFO - [2017] MISSING_CENTRAL: ZFake3Mu/Central/dR_pair_ss1_os in Skim_TriLep_DYJets10to50.root
2025-11-10 12:20:13,342 - INFO - [2018] MISSING_CENTRAL: ZFake3Mu/Central/dR_pair_ss1_os in Skim_TriLep_DYJets10to50.root
2025-11-13 11:09:40,697 - INFO - [2016preVFP] MISSING_CENTRAL: ZFake3Mu/Central/dR_pair_ss1_os in Skim_TriLep_DYJets.root
2025-11-13 11:09:40,699 - INFO - [2016preVFP] MISSING_CENTRAL: ZFake3Mu/Central/dR_pair_ss1_os in Skim_TriLep_DYJets10to50.root
2025-11-13 11:09:40,987 - INFO - [2016postVFP] MISSING_CENTRAL: ZFake3Mu/Central/dR_pair_ss1_os in Skim_TriLep_DYJets.root
2025-11-13 11:09:40,990 - INFO - [2016postVFP] MISSING_CENTRAL: ZFake3Mu/Central/dR_pair_ss1_os in Skim_TriLep_DYJets10to50.root
2025-11-13 11:09:41,239 - INFO - [2017] MISSING_CENTRAL: ZFake3Mu/Central/dR_pair_ss1_os in Skim_TriLep_DYJets10to50.root
2025-11-13 11:09:41,469 - INFO - [2018] MISSING_CENTRAL: ZFake3Mu/Central/dR_pair_ss1_os in Skim_TriLep_DYJets10to50.root
2025-11-19 16:09:59,049 - INFO - [2016preVFP] MISSING_CENTRAL: ZFake3Mu/Central/dR_pair_ss1_os in Skim_TriLep_DYJets.root
2025-11-19 16:09:59,050 - INFO - [2016preVFP] MISSING_CENTRAL: ZFake3Mu/Central/dR_pair_ss1_os in Skim_TriLep_DYJets10to50.root
2025-11-19 16:09:59,151 - INFO - [2016postVFP] MISSING_CENTRAL: ZFake3Mu/Central/dR_pair_ss1_os in Skim_TriLep_DYJets.root
2025-11-19 16:09:59,152 - INFO - [2016postVFP] MISSING_CENTRAL: ZFake3Mu/Central/dR_pair_ss1_os in Skim_TriLep_DYJets10to50.root
2025-11-19 16:09:59,260 - INFO - [2017] MISSING_CENTRAL: ZFake3Mu/Central/dR_pair_ss1_os in Skim_TriLep_DYJets10to50.root
2025-11-19 16:09:59,376 - INFO - [2018] MISSING_CENTRAL: ZFake3Mu/Central/dR_pair_ss1_os in Skim_TriLep_DYJets10to50.root
2025-11-19 16:22:35,179 - INFO - [2016preVFP] MISSING_CENTRAL: ZFake3Mu/Central/dR_pair_ss1_os in Skim_TriLep_DYJets.root
2025-11-19 16:22:35,180 - INFO - [2016preVFP] MISSING_CENTRAL: ZFake3Mu/Central/dR_pair_ss1_os in Skim_TriLep_DYJets10to50.root
2025-11-19 16:22:35,284 - INFO - [2016postVFP] MISSING_CENTRAL: ZFake3Mu/Central/dR_pair_ss1_os in Skim_TriLep_DYJets.root
2025-11-19 16:22:35,285 - INFO - [2016postVFP] MISSING_CENTRAL: ZFake3Mu/Central/dR_pair_ss1_os in Skim_TriLep_DYJets10to50.root
2025-11-19 16:22:35,463 - INFO - [2017] MISSING_CENTRAL: ZFake3Mu/Central/dR_pair_ss1_os in Skim_TriLep_DYJets10to50.root
2025-11-19 16:22:35,586 - INFO - [2018] MISSING_CENTRAL: ZFake3Mu/Central/dR_pair_ss1_os in Skim_TriLep_DYJets10to50.root
2025-12-17 22:36:59,394 - INFO - [2016preVFP] MISSING_CENTRAL: ZFake3Mu/Central/dR_pair_ss1_os in Skim_TriLep_DYJets.root
2025-12-17 22:36:59,395 - INFO - [2016preVFP] MISSING_CENTRAL: ZFake3Mu/Central/dR_pair_ss1_os in Skim_TriLep_DYJets10to50.root
2025-12-17 22:36:59,410 - INFO - [2016preVFP] MISSING_FILE: /data9/Users/choij/Sync/workspace/ChargedHiggsAnalysisV3/SKNanoOutput/PromptSelector/Run3Mu_RunSyst/2016preVFP/Skim_TriLep_ZGToLLG.root
2025-12-17 22:36:59,796 - INFO - [2016postVFP] MISSING_CENTRAL: ZFake3Mu/Central/dR_pair_ss1_os in Skim_TriLep_DYJets.root
2025-12-17 22:36:59,798 - INFO - [2016postVFP] MISSING_CENTRAL: ZFake3Mu/Central/dR_pair_ss1_os in Skim_TriLep_DYJets10to50.root
2025-12-17 22:36:59,801 - INFO - [2016postVFP] MISSING_CENTRAL: ZFake3Mu/Central/dR_pair_ss1_os in Skim_TriLep_TTG.root
2025-12-17 22:37:00,122 - INFO - [2017] MISSING_CENTRAL: ZFake3Mu/Central/dR_pair_ss1_os in Skim_TriLep_DYJets10to50.root
2025-12-17 22:37:00,383 - INFO - [2018] MISSING_CENTRAL: ZFake3Mu/Central/dR_pair_ss1_os in Skim_TriLep_DYJets10to50.root
2025-12-18 14:21:07,292 - INFO - [2016preVFP] MISSING_CENTRAL: ZFake3Mu/Central/dR_pair_ss1_os in Skim_TriLep_DYJets.root
2025-12-18 14:21:07,293 - INFO - [2016preVFP] MISSING_CENTRAL: ZFake3Mu/Central/dR_pair_ss1_os in Skim_TriLep_DYJets10to50.root
2025-12-18 14:21:07,293 - INFO - [2016preVFP] MISSING_FILE: /data9/Users/choij/Sync/workspace/ChargedHiggsAnalysisV3/SKNanoOutput/PromptSelector/Run3Mu_RunSyst/2016preVFP/Skim_TriLep_ZGToLLG.root
2025-12-18 14:21:07,639 - INFO - [2016postVFP] MISSING_CENTRAL: ZFake3Mu/Central/dR_pair_ss1_os in Skim_TriLep_DYJets.root
2025-12-18 14:21:07,642 - INFO - [2016postVFP] MISSING_CENTRAL: ZFake3Mu/Central/dR_pair_ss1_os in Skim_TriLep_DYJets10to50.root
2025-12-18 14:21:07,650 - INFO - [2016postVFP] MISSING_CENTRAL: ZFake3Mu/Central/dR_pair_ss1_os in Skim_TriLep_TTG.root
2025-12-18 14:21:08,093 - INFO - [2017] MISSING_CENTRAL: ZFake3Mu/Central/dR_pair_ss1_os in Skim_TriLep_DYJets10to50.root
2025-12-18 14:21:08,332 - INFO - [2018] MISSING_CENTRAL: ZFake3Mu/Central/dR_pair_ss1_os in Skim_TriLep_DYJets10to50.root
2025-12-18 14:36:31,449 - INFO - [2016preVFP] MISSING_CENTRAL: ZFake3Mu/Central/dR_pair_ss1_os in Skim_TriLep_DYJets.root
2025-12-18 14:36:31,457 - INFO - [2016preVFP] MISSING_CENTRAL: ZFake3Mu/Central/dR_pair_ss1_os in Skim_TriLep_DYJets10to50.root
2025-12-18 14:36:31,457 - INFO - [2016preVFP] MISSING_FILE: /data9/Users/choij/Sync/workspace/ChargedHiggsAnalysisV3/SKNanoOutput/PromptSelector/Run3Mu_RunSyst/2016preVFP/Skim_TriLep_ZGToLLG.root
2025-12-18 14:36:31,868 - INFO - [2016postVFP] MISSING_CENTRAL: ZFake3Mu/Central/dR_pair_ss1_os in Skim_TriLep_DYJets.root
2025-12-18 14:36:31,869 - INFO - [2016postVFP] MISSING_CENTRAL: ZFake3Mu/Central/dR_pair_ss1_os in Skim_TriLep_DYJets10to50.root
2025-12-18 14:36:31,870 - INFO - [2016postVFP] MISSING_CENTRAL: ZFake3Mu/Central/dR_pair_ss1_os in Skim_TriLep_TTG.root
2025-12-18 14:36:32,331 - INFO - [2017] MISSING_CENTRAL: ZFake3Mu/Central/dR_pair_ss1_os in Skim_TriLep_DYJets10to50.root
2025-12-18 14:36:32,633 - INFO - [2018] MISSING_CENTRAL: ZFake3Mu/Central/dR_pair_ss1_os in Skim_TriLep_DYJets10to50.root
