2025-11-05 22:20:02,745 - INFO - [2016preVFP] MISSING_CENTRAL: ZFake3Mu/Central/dR_pair_ss1_ss2 in Skim_TriLep_DYJets.root
2025-11-05 22:20:02,746 - INFO - [2016preVFP] MISSING_CENTRAL: ZFake3Mu/Central/dR_pair_ss1_ss2 in Skim_TriLep_DYJets10to50.root
2025-11-05 22:20:02,899 - INFO - [2016postVFP] MISSING_CENTRAL: ZFake3Mu/Central/dR_pair_ss1_ss2 in Skim_TriLep_DYJets.root
2025-11-05 22:20:02,899 - INFO - [2016postVFP] MISSING_CENTRAL: ZFake3Mu/Central/dR_pair_ss1_ss2 in Skim_TriLep_DYJets10to50.root
2025-11-05 22:20:03,012 - INFO - [2017] MISSING_CENTRAL: ZFake3Mu/Central/dR_pair_ss1_ss2 in Skim_TriLep_DYJets10to50.root
2025-11-05 22:20:03,155 - INFO - [2018] MISSING_CENTRAL: ZFake3Mu/Central/dR_pair_ss1_ss2 in Skim_TriLep_DYJets10to50.root
2025-11-05 23:24:36,775 - INFO - [2016preVFP] MISSING_CENTRAL: ZFake3Mu/Central/dR_pair_ss1_ss2 in Skim_TriLep_DYJets.root
2025-11-05 23:24:36,775 - INFO - [2016preVFP] MISSING_CENTRAL: ZFake3Mu/Central/dR_pair_ss1_ss2 in Skim_TriLep_DYJets10to50.root
2025-11-05 23:24:36,913 - INFO - [2016postVFP] MISSING_CENTRAL: ZFake3Mu/Central/dR_pair_ss1_ss2 in Skim_TriLep_DYJets.root
2025-11-05 23:24:36,914 - INFO - [2016postVFP] MISSING_CENTRAL: ZFake3Mu/Central/dR_pair_ss1_ss2 in Skim_TriLep_DYJets10to50.root
2025-11-05 23:24:37,024 - INFO - [2017] MISSING_CENTRAL: ZFake3Mu/Central/dR_pair_ss1_ss2 in Skim_TriLep_DYJets10to50.root
2025-11-05 23:24:37,125 - INFO - [2018] MISSING_CENTRAL: ZFake3Mu/Central/dR_pair_ss1_ss2 in Skim_TriLep_DYJets10to50.root
2025-11-07 12:27:47,830 - INFO - [2016preVFP] MISSING_CENTRAL: ZFake3Mu/Central/dR_pair_ss1_ss2 in Skim_TriLep_DYJets.root
2025-11-07 12:27:47,830 - INFO - [2016preVFP] MISSING_CENTRAL: ZFake3Mu/Central/dR_pair_ss1_ss2 in Skim_TriLep_DYJets10to50.root
2025-11-07 12:27:47,902 - INFO - [2016postVFP] MISSING_CENTRAL: ZFake3Mu/Central/dR_pair_ss1_ss2 in Skim_TriLep_DYJets.root
2025-11-07 12:27:47,902 - INFO - [2016postVFP] MISSING_CENTRAL: ZFake3Mu/Central/dR_pair_ss1_ss2 in Skim_TriLep_DYJets10to50.root
2025-11-07 12:27:47,972 - INFO - [2017] MISSING_CENTRAL: ZFake3Mu/Central/dR_pair_ss1_ss2 in Skim_TriLep_DYJets10to50.root
2025-11-07 12:27:48,044 - INFO - [2018] MISSING_CENTRAL: ZFake3Mu/Central/dR_pair_ss1_ss2 in Skim_TriLep_DYJets10to50.root
2025-11-07 13:08:26,971 - INFO - [2016preVFP] MISSING_CENTRAL: ZFake3Mu/Central/dR_pair_ss1_ss2 in Skim_TriLep_DYJets.root
2025-11-07 13:08:26,971 - INFO - [2016preVFP] MISSING_CENTRAL: ZFake3Mu/Central/dR_pair_ss1_ss2 in Skim_TriLep_DYJets10to50.root
2025-11-07 13:08:27,074 - INFO - [2016postVFP] MISSING_CENTRAL: ZFake3Mu/Central/dR_pair_ss1_ss2 in Skim_TriLep_DYJets.root
2025-11-07 13:08:27,075 - INFO - [2016postVFP] MISSING_CENTRAL: ZFake3Mu/Central/dR_pair_ss1_ss2 in Skim_TriLep_DYJets10to50.root
2025-11-07 13:08:27,189 - INFO - [2017] MISSING_CENTRAL: ZFake3Mu/Central/dR_pair_ss1_ss2 in Skim_TriLep_DYJets10to50.root
2025-11-07 13:08:27,302 - INFO - [2018] MISSING_CENTRAL: ZFake3Mu/Central/dR_pair_ss1_ss2 in Skim_TriLep_DYJets10to50.root
2025-11-07 14:05:09,240 - INFO - [2016preVFP] MISSING_CENTRAL: ZFake3Mu/Central/dR_pair_ss1_ss2 in Skim_TriLep_DYJets.root
2025-11-07 14:05:09,241 - INFO - [2016preVFP] MISSING_CENTRAL: ZFake3Mu/Central/dR_pair_ss1_ss2 in Skim_TriLep_DYJets10to50.root
2025-11-07 14:05:09,340 - INFO - [2016postVFP] MISSING_CENTRAL: ZFake3Mu/Central/dR_pair_ss1_ss2 in Skim_TriLep_DYJets.root
2025-11-07 14:05:09,341 - INFO - [2016postVFP] MISSING_CENTRAL: ZFake3Mu/Central/dR_pair_ss1_ss2 in Skim_TriLep_DYJets10to50.root
2025-11-07 14:05:09,481 - INFO - [2017] MISSING_CENTRAL: ZFake3Mu/Central/dR_pair_ss1_ss2 in Skim_TriLep_DYJets10to50.root
2025-11-07 14:05:09,586 - INFO - [2018] MISSING_CENTRAL: ZFake3Mu/Central/dR_pair_ss1_ss2 in Skim_TriLep_DYJets10to50.root
2025-11-10 05:56:26,832 - INFO - [2016preVFP] MISSING_CENTRAL: ZFake3Mu/Central/dR_pair_ss1_ss2 in Skim_TriLep_DYJets.root
2025-11-10 05:56:26,832 - INFO - [2016preVFP] MISSING_CENTRAL: ZFake3Mu/Central/dR_pair_ss1_ss2 in Skim_TriLep_DYJets10to50.root
2025-11-10 05:56:26,974 - INFO - [2016postVFP] MISSING_CENTRAL: ZFake3Mu/Central/dR_pair_ss1_ss2 in Skim_TriLep_DYJets.root
2025-11-10 05:56:26,975 - INFO - [2016postVFP] MISSING_CENTRAL: ZFake3Mu/Central/dR_pair_ss1_ss2 in Skim_TriLep_DYJets10to50.root
2025-11-10 05:56:27,166 - INFO - [2017] MISSING_CENTRAL: ZFake3Mu/Central/dR_pair_ss1_ss2 in Skim_TriLep_DYJets10to50.root
2025-11-10 05:56:27,387 - INFO - [2018] MISSING_CENTRAL: ZFake3Mu/Central/dR_pair_ss1_ss2 in Skim_TriLep_DYJets10to50.root
