2025-09-24 15:51:03,824 - INFO - [2016preVFP] MISSING_CENTRAL: ZFake3Mu/Central/jets/1/btagScore in Skim_TriLep_DYJets.root
2025-09-24 15:51:03,824 - INFO - [2016preVFP] MISSING_CENTRAL: ZFake3Mu/Central/jets/1/btagScore in Skim_TriLep_DYJets10to50.root
2025-09-24 15:51:03,946 - INFO - [2016postVFP] MISSING_CENTRAL: ZFake3Mu/Central/jets/1/btagScore in Skim_TriLep_DYJets.root
2025-09-24 15:51:03,946 - INFO - [2016postVFP] MISSING_CENTRAL: ZFake3Mu/Central/jets/1/btagScore in Skim_TriLep_DYJets10to50.root
2025-09-24 15:51:04,125 - INFO - [2017] MISSING_CENTRAL: ZFake3Mu/Central/jets/1/btagScore in Skim_TriLep_DYJets10to50.root
2025-09-24 15:51:04,787 - INFO - [2018] MISSING_CENTRAL: ZFake3Mu/Central/jets/1/btagScore in Skim_TriLep_DYJets10to50.root
2025-09-24 15:51:04,804 - INFO - [2018] MISSING_FILE: /Users/choij/Sync/workspace/ChargedHiggsAnalysisV3/SKNanoOutput/PromptSelector/Run3Mu_RunSyst/2018/Skim_TriLep_TTG.root
2025-09-24 15:51:04,869 - INFO - [2018] MISSING_FILE: /Users/choij/Sync/workspace/ChargedHiggsAnalysisV3/SKNanoOutput/PromptSelector/Run3Mu_RunSyst/2018/Skim_TriLep_TTHToNonbb.root
2025-09-24 15:51:04,886 - INFO - [2018] MISSING_FILE: /Users/choij/Sync/workspace/ChargedHiggsAnalysisV3/SKNanoOutput/PromptSelector/Run3Mu_RunSyst/2018/Skim_TriLep_tHq.root
2025-09-24 15:51:04,913 - INFO - [2018] MISSING_FILE: /Users/choij/Sync/workspace/ChargedHiggsAnalysisV3/SKNanoOutput/PromptSelector/Run3Mu_RunSyst/2018/Skim_TriLep_VBFHToZZTo4L.root
2025-10-02 21:14:39,668 - INFO - [2016preVFP] MISSING_CENTRAL: ZFake3Mu/Central/jets/1/btagScore in Skim_TriLep_DYJets.root
2025-10-02 21:14:39,676 - INFO - [2016preVFP] MISSING_CENTRAL: ZFake3Mu/Central/jets/1/btagScore in Skim_TriLep_DYJets10to50.root
2025-10-02 21:14:40,204 - INFO - [2016postVFP] MISSING_CENTRAL: ZFake3Mu/Central/jets/1/btagScore in Skim_TriLep_DYJets.root
2025-10-02 21:14:40,207 - INFO - [2016postVFP] MISSING_CENTRAL: ZFake3Mu/Central/jets/1/btagScore in Skim_TriLep_DYJets10to50.root
2025-10-02 21:14:40,826 - INFO - [2017] MISSING_CENTRAL: ZFake3Mu/Central/jets/1/btagScore in Skim_TriLep_DYJets10to50.root
2025-10-02 21:14:41,155 - INFO - [2018] MISSING_CENTRAL: ZFake3Mu/Central/jets/1/btagScore in Skim_TriLep_DYJets10to50.root
2025-10-02 21:14:41,177 - INFO - [2018] MISSING_FILE: /data9/Users/choij/Sync/workspace/ChargedHiggsAnalysisV3/SKNanoOutput/PromptSelector/Run3Mu_RunSyst/2018/Skim_TriLep_TTG.root
2025-10-02 21:14:41,231 - INFO - [2018] MISSING_FILE: /data9/Users/choij/Sync/workspace/ChargedHiggsAnalysisV3/SKNanoOutput/PromptSelector/Run3Mu_RunSyst/2018/Skim_TriLep_TTHToNonbb.root
2025-10-02 21:14:41,288 - INFO - [2018] MISSING_FILE: /data9/Users/choij/Sync/workspace/ChargedHiggsAnalysisV3/SKNanoOutput/PromptSelector/Run3Mu_RunSyst/2018/Skim_TriLep_tHq.root
2025-10-02 21:14:41,405 - INFO - [2018] MISSING_FILE: /data9/Users/choij/Sync/workspace/ChargedHiggsAnalysisV3/SKNanoOutput/PromptSelector/Run3Mu_RunSyst/2018/Skim_TriLep_VBFHToZZTo4L.root
2025-10-03 00:03:28,281 - INFO - [2016preVFP] MISSING_CENTRAL: ZFake3Mu/Central/jets/1/btagScore in Skim_TriLep_DYJets.root
2025-10-03 00:03:28,282 - INFO - [2016preVFP] MISSING_CENTRAL: ZFake3Mu/Central/jets/1/btagScore in Skim_TriLep_DYJets10to50.root
2025-10-03 00:03:28,408 - INFO - [2016postVFP] MISSING_CENTRAL: ZFake3Mu/Central/jets/1/btagScore in Skim_TriLep_DYJets.root
2025-10-03 00:03:28,409 - INFO - [2016postVFP] MISSING_CENTRAL: ZFake3Mu/Central/jets/1/btagScore in Skim_TriLep_DYJets10to50.root
2025-10-03 00:03:28,737 - INFO - [2017] MISSING_CENTRAL: ZFake3Mu/Central/jets/1/btagScore in Skim_TriLep_DYJets10to50.root
2025-10-03 00:03:29,004 - INFO - [2018] MISSING_CENTRAL: ZFake3Mu/Central/jets/1/btagScore in Skim_TriLep_DYJets10to50.root
2025-10-03 00:03:29,048 - INFO - [2018] MISSING_FILE: /Users/choij/Sync/workspace/ChargedHiggsAnalysisV3/SKNanoOutput/PromptSelector/Run3Mu_RunSyst/2018/Skim_TriLep_TTG.root
2025-10-03 00:03:29,065 - INFO - [2018] MISSING_FILE: /Users/choij/Sync/workspace/ChargedHiggsAnalysisV3/SKNanoOutput/PromptSelector/Run3Mu_RunSyst/2018/Skim_TriLep_TTHToNonbb.root
2025-10-03 00:03:29,079 - INFO - [2018] MISSING_FILE: /Users/choij/Sync/workspace/ChargedHiggsAnalysisV3/SKNanoOutput/PromptSelector/Run3Mu_RunSyst/2018/Skim_TriLep_tHq.root
2025-10-03 00:03:29,150 - INFO - [2018] MISSING_FILE: /Users/choij/Sync/workspace/ChargedHiggsAnalysisV3/SKNanoOutput/PromptSelector/Run3Mu_RunSyst/2018/Skim_TriLep_VBFHToZZTo4L.root
