2025-09-24 15:51:14,546 - INFO - [2016preVFP] MISSING_CENTRAL: ZFake3Mu/Central/jets/4/btagScore in Skim_TriLep_DoubleMuon_C.root
2025-09-24 15:51:14,554 - INFO - [2016preVFP] MISSING_CENTRAL: ZFake3Mu/Central/jets/4/btagScore in Skim_TriLep_DYJets.root
2025-09-24 15:51:14,554 - INFO - [2016preVFP] MISSING_CENTRAL: ZFake3Mu/Central/jets/4/btagScore in Skim_TriLep_DYJets10to50.root
2025-09-24 15:51:14,668 - INFO - [2016postVFP] MISSING_CENTRAL: ZFake3Mu/Central/jets/4/btagScore in Skim_TriLep_DYJets.root
2025-09-24 15:51:14,669 - INFO - [2016postVFP] MISSING_CENTRAL: ZFake3Mu/Central/jets/4/btagScore in Skim_TriLep_DYJets10to50.root
2025-09-24 15:51:14,674 - INFO - [2016postVFP] MISSING_CENTRAL: ZFake3Mu/Central/jets/4/btagScore in Skim_TriLep_TTG.root
2025-09-24 15:51:14,675 - INFO - [2016postVFP] MISSING_CENTRAL: ZFake3Mu/Central/jets/4/btagScore in Skim_TriLep_WWG.root
2025-09-24 15:51:14,769 - INFO - [2017] MISSING_CENTRAL: ZFake3Mu/Central/jets/4/btagScore in Skim_TriLep_DYJets10to50.root
2025-09-24 15:51:14,783 - INFO - [2017] MISSING_CENTRAL: ZFake3Mu/Central/jets/4/btagScore in Skim_TriLep_WWG.root
2025-09-24 15:51:14,904 - INFO - [2018] MISSING_CENTRAL: ZFake3Mu/Central/jets/4/btagScore in Skim_TriLep_DYJets.root
2025-09-24 15:51:14,904 - INFO - [2018] MISSING_CENTRAL: ZFake3Mu/Central/jets/4/btagScore in Skim_TriLep_DYJets10to50.root
2025-09-24 15:51:14,910 - INFO - [2018] MISSING_FILE: /Users/choij/Sync/workspace/ChargedHiggsAnalysisV3/SKNanoOutput/PromptSelector/Run3Mu_RunSyst/2018/Skim_TriLep_TTG.root
2025-09-24 15:51:14,911 - INFO - [2018] MISSING_CENTRAL: ZFake3Mu/Central/jets/4/btagScore in Skim_TriLep_WWG.root
2025-09-24 15:51:14,923 - INFO - [2018] MISSING_FILE: /Users/choij/Sync/workspace/ChargedHiggsAnalysisV3/SKNanoOutput/PromptSelector/Run3Mu_RunSyst/2018/Skim_TriLep_TTHToNonbb.root
2025-09-24 15:51:14,951 - INFO - [2018] MISSING_FILE: /Users/choij/Sync/workspace/ChargedHiggsAnalysisV3/SKNanoOutput/PromptSelector/Run3Mu_RunSyst/2018/Skim_TriLep_tHq.root
2025-09-24 15:51:14,999 - INFO - [2018] MISSING_FILE: /Users/choij/Sync/workspace/ChargedHiggsAnalysisV3/SKNanoOutput/PromptSelector/Run3Mu_RunSyst/2018/Skim_TriLep_VBFHToZZTo4L.root
2025-10-02 21:14:46,714 - INFO - [2016preVFP] MISSING_CENTRAL: ZFake3Mu/Central/jets/4/btagScore in Skim_TriLep_DoubleMuon_C.root
2025-10-02 21:14:46,719 - INFO - [2016preVFP] MISSING_CENTRAL: ZFake3Mu/Central/jets/4/btagScore in Skim_TriLep_DYJets.root
2025-10-02 21:14:46,720 - INFO - [2016preVFP] MISSING_CENTRAL: ZFake3Mu/Central/jets/4/btagScore in Skim_TriLep_DYJets10to50.root
2025-10-02 21:14:47,154 - INFO - [2016postVFP] MISSING_CENTRAL: ZFake3Mu/Central/jets/4/btagScore in Skim_TriLep_DYJets.root
2025-10-02 21:14:47,155 - INFO - [2016postVFP] MISSING_CENTRAL: ZFake3Mu/Central/jets/4/btagScore in Skim_TriLep_DYJets10to50.root
2025-10-02 21:14:47,210 - INFO - [2016postVFP] MISSING_CENTRAL: ZFake3Mu/Central/jets/4/btagScore in Skim_TriLep_TTG.root
2025-10-02 21:14:47,211 - INFO - [2016postVFP] MISSING_CENTRAL: ZFake3Mu/Central/jets/4/btagScore in Skim_TriLep_WWG.root
2025-10-02 21:14:47,764 - INFO - [2017] MISSING_CENTRAL: ZFake3Mu/Central/jets/4/btagScore in Skim_TriLep_DYJets10to50.root
2025-10-02 21:14:47,836 - INFO - [2017] MISSING_CENTRAL: ZFake3Mu/Central/jets/4/btagScore in Skim_TriLep_WWG.root
2025-10-02 21:14:48,283 - INFO - [2018] MISSING_CENTRAL: ZFake3Mu/Central/jets/4/btagScore in Skim_TriLep_DYJets.root
2025-10-02 21:14:48,290 - INFO - [2018] MISSING_CENTRAL: ZFake3Mu/Central/jets/4/btagScore in Skim_TriLep_DYJets10to50.root
2025-10-02 21:14:48,333 - INFO - [2018] MISSING_FILE: /data9/Users/choij/Sync/workspace/ChargedHiggsAnalysisV3/SKNanoOutput/PromptSelector/Run3Mu_RunSyst/2018/Skim_TriLep_TTG.root
2025-10-02 21:14:48,341 - INFO - [2018] MISSING_CENTRAL: ZFake3Mu/Central/jets/4/btagScore in Skim_TriLep_WWG.root
2025-10-02 21:14:48,384 - INFO - [2018] MISSING_FILE: /data9/Users/choij/Sync/workspace/ChargedHiggsAnalysisV3/SKNanoOutput/PromptSelector/Run3Mu_RunSyst/2018/Skim_TriLep_TTHToNonbb.root
2025-10-02 21:14:48,476 - INFO - [2018] MISSING_FILE: /data9/Users/choij/Sync/workspace/ChargedHiggsAnalysisV3/SKNanoOutput/PromptSelector/Run3Mu_RunSyst/2018/Skim_TriLep_tHq.root
2025-10-02 21:14:48,655 - INFO - [2018] MISSING_FILE: /data9/Users/choij/Sync/workspace/ChargedHiggsAnalysisV3/SKNanoOutput/PromptSelector/Run3Mu_RunSyst/2018/Skim_TriLep_VBFHToZZTo4L.root
2025-10-03 00:03:37,561 - INFO - [2016preVFP] MISSING_CENTRAL: ZFake3Mu/Central/jets/4/btagScore in Skim_TriLep_DoubleMuon_C.root
2025-10-03 00:03:37,563 - INFO - [2016preVFP] MISSING_CENTRAL: ZFake3Mu/Central/jets/4/btagScore in Skim_TriLep_DYJets.root
2025-10-03 00:03:37,563 - INFO - [2016preVFP] MISSING_CENTRAL: ZFake3Mu/Central/jets/4/btagScore in Skim_TriLep_DYJets10to50.root
2025-10-03 00:03:37,736 - INFO - [2016postVFP] MISSING_CENTRAL: ZFake3Mu/Central/jets/4/btagScore in Skim_TriLep_DYJets.root
2025-10-03 00:03:37,736 - INFO - [2016postVFP] MISSING_CENTRAL: ZFake3Mu/Central/jets/4/btagScore in Skim_TriLep_DYJets10to50.root
2025-10-03 00:03:37,743 - INFO - [2016postVFP] MISSING_CENTRAL: ZFake3Mu/Central/jets/4/btagScore in Skim_TriLep_TTG.root
2025-10-03 00:03:37,743 - INFO - [2016postVFP] MISSING_CENTRAL: ZFake3Mu/Central/jets/4/btagScore in Skim_TriLep_WWG.root
2025-10-03 00:03:37,851 - INFO - [2017] MISSING_CENTRAL: ZFake3Mu/Central/jets/4/btagScore in Skim_TriLep_DYJets10to50.root
2025-10-03 00:03:37,867 - INFO - [2017] MISSING_CENTRAL: ZFake3Mu/Central/jets/4/btagScore in Skim_TriLep_WWG.root
2025-10-03 00:03:37,979 - INFO - [2018] MISSING_CENTRAL: ZFake3Mu/Central/jets/4/btagScore in Skim_TriLep_DYJets.root
2025-10-03 00:03:37,979 - INFO - [2018] MISSING_CENTRAL: ZFake3Mu/Central/jets/4/btagScore in Skim_TriLep_DYJets10to50.root
2025-10-03 00:03:37,987 - INFO - [2018] MISSING_FILE: /Users/choij/Sync/workspace/ChargedHiggsAnalysisV3/SKNanoOutput/PromptSelector/Run3Mu_RunSyst/2018/Skim_TriLep_TTG.root
2025-10-03 00:03:37,988 - INFO - [2018] MISSING_CENTRAL: ZFake3Mu/Central/jets/4/btagScore in Skim_TriLep_WWG.root
2025-10-03 00:03:38,006 - INFO - [2018] MISSING_FILE: /Users/choij/Sync/workspace/ChargedHiggsAnalysisV3/SKNanoOutput/PromptSelector/Run3Mu_RunSyst/2018/Skim_TriLep_TTHToNonbb.root
2025-10-03 00:03:38,034 - INFO - [2018] MISSING_FILE: /Users/choij/Sync/workspace/ChargedHiggsAnalysisV3/SKNanoOutput/PromptSelector/Run3Mu_RunSyst/2018/Skim_TriLep_tHq.root
2025-10-03 00:03:38,069 - INFO - [2018] MISSING_FILE: /Users/choij/Sync/workspace/ChargedHiggsAnalysisV3/SKNanoOutput/PromptSelector/Run3Mu_RunSyst/2018/Skim_TriLep_VBFHToZZTo4L.root
2025-11-05 22:04:16,017 - INFO - [2016preVFP] MISSING_CENTRAL: ZFake3Mu/Central/jets/4/btagScore in Skim_TriLep_DoubleMuon_C.root
2025-11-05 22:04:16,020 - INFO - [2016preVFP] MISSING_CENTRAL: ZFake3Mu/Central/jets/4/btagScore in Skim_TriLep_DYJets.root
2025-11-05 22:04:16,021 - INFO - [2016preVFP] MISSING_CENTRAL: ZFake3Mu/Central/jets/4/btagScore in Skim_TriLep_DYJets10to50.root
2025-11-05 22:04:16,167 - INFO - [2016postVFP] MISSING_CENTRAL: ZFake3Mu/Central/jets/4/btagScore in Skim_TriLep_DYJets.root
2025-11-05 22:04:16,168 - INFO - [2016postVFP] MISSING_CENTRAL: ZFake3Mu/Central/jets/4/btagScore in Skim_TriLep_DYJets10to50.root
2025-11-05 22:04:16,184 - INFO - [2016postVFP] MISSING_CENTRAL: ZFake3Mu/Central/jets/4/btagScore in Skim_TriLep_TTG.root
2025-11-05 22:04:16,186 - INFO - [2016postVFP] MISSING_CENTRAL: ZFake3Mu/Central/jets/4/btagScore in Skim_TriLep_WWG.root
2025-11-05 22:04:16,401 - INFO - [2017] MISSING_CENTRAL: ZFake3Mu/Central/jets/4/btagScore in Skim_TriLep_DYJets10to50.root
2025-11-05 22:04:16,434 - INFO - [2017] MISSING_CENTRAL: ZFake3Mu/Central/jets/4/btagScore in Skim_TriLep_WWG.root
2025-11-05 22:04:16,608 - INFO - [2018] MISSING_CENTRAL: ZFake3Mu/Central/jets/4/btagScore in Skim_TriLep_DYJets.root
2025-11-05 22:04:16,610 - INFO - [2018] MISSING_CENTRAL: ZFake3Mu/Central/jets/4/btagScore in Skim_TriLep_DYJets10to50.root
2025-11-05 22:04:16,632 - INFO - [2018] MISSING_CENTRAL: ZFake3Mu/Central/jets/4/btagScore in Skim_TriLep_WWG.root
