2025-09-24 15:51:01,653 - INFO - [2016preVFP] MISSING_CENTRAL: ZFake3Mu/Central/jets/1/phi in Skim_TriLep_DYJets.root
2025-09-24 15:51:01,653 - INFO - [2016preVFP] MISSING_CENTRAL: ZFake3Mu/Central/jets/1/phi in Skim_TriLep_DYJets10to50.root
2025-09-24 15:51:01,796 - INFO - [2016postVFP] MISSING_CENTRAL: ZFake3Mu/Central/jets/1/phi in Skim_TriLep_DYJets.root
2025-09-24 15:51:01,796 - INFO - [2016postVFP] MISSING_CENTRAL: ZFake3Mu/Central/jets/1/phi in Skim_TriLep_DYJets10to50.root
2025-09-24 15:51:01,936 - INFO - [2017] MISSING_CENTRAL: ZFake3Mu/Central/jets/1/phi in Skim_TriLep_DYJets10to50.root
2025-09-24 15:51:02,086 - INFO - [2018] MISSING_CENTRAL: ZFake3Mu/Central/jets/1/phi in Skim_TriLep_DYJets10to50.root
2025-09-24 15:51:02,098 - INFO - [2018] MISSING_FILE: /Users/choij/Sync/workspace/ChargedHiggsAnalysisV3/SKNanoOutput/PromptSelector/Run3Mu_RunSyst/2018/Skim_TriLep_TTG.root
2025-09-24 15:51:02,137 - INFO - [2018] MISSING_FILE: /Users/choij/Sync/workspace/ChargedHiggsAnalysisV3/SKNanoOutput/PromptSelector/Run3Mu_RunSyst/2018/Skim_TriLep_TTHToNonbb.root
2025-09-24 15:51:02,211 - INFO - [2018] MISSING_FILE: /Users/choij/Sync/workspace/ChargedHiggsAnalysisV3/SKNanoOutput/PromptSelector/Run3Mu_RunSyst/2018/Skim_TriLep_tHq.root
2025-09-24 15:51:02,280 - INFO - [2018] MISSING_FILE: /Users/choij/Sync/workspace/ChargedHiggsAnalysisV3/SKNanoOutput/PromptSelector/Run3Mu_RunSyst/2018/Skim_TriLep_VBFHToZZTo4L.root
2025-10-02 21:14:39,703 - INFO - [2016preVFP] MISSING_CENTRAL: ZFake3Mu/Central/jets/1/phi in Skim_TriLep_DYJets.root
2025-10-02 21:14:39,704 - INFO - [2016preVFP] MISSING_CENTRAL: ZFake3Mu/Central/jets/1/phi in Skim_TriLep_DYJets10to50.root
2025-10-02 21:14:40,221 - INFO - [2016postVFP] MISSING_CENTRAL: ZFake3Mu/Central/jets/1/phi in Skim_TriLep_DYJets.root
2025-10-02 21:14:40,222 - INFO - [2016postVFP] MISSING_CENTRAL: ZFake3Mu/Central/jets/1/phi in Skim_TriLep_DYJets10to50.root
2025-10-02 21:14:40,763 - INFO - [2017] MISSING_CENTRAL: ZFake3Mu/Central/jets/1/phi in Skim_TriLep_DYJets10to50.root
2025-10-02 21:14:41,126 - INFO - [2018] MISSING_CENTRAL: ZFake3Mu/Central/jets/1/phi in Skim_TriLep_DYJets10to50.root
2025-10-02 21:14:41,140 - INFO - [2018] MISSING_FILE: /data9/Users/choij/Sync/workspace/ChargedHiggsAnalysisV3/SKNanoOutput/PromptSelector/Run3Mu_RunSyst/2018/Skim_TriLep_TTG.root
2025-10-02 21:14:41,182 - INFO - [2018] MISSING_FILE: /data9/Users/choij/Sync/workspace/ChargedHiggsAnalysisV3/SKNanoOutput/PromptSelector/Run3Mu_RunSyst/2018/Skim_TriLep_TTHToNonbb.root
2025-10-02 21:14:41,221 - INFO - [2018] MISSING_FILE: /data9/Users/choij/Sync/workspace/ChargedHiggsAnalysisV3/SKNanoOutput/PromptSelector/Run3Mu_RunSyst/2018/Skim_TriLep_tHq.root
2025-10-02 21:14:41,297 - INFO - [2018] MISSING_FILE: /data9/Users/choij/Sync/workspace/ChargedHiggsAnalysisV3/SKNanoOutput/PromptSelector/Run3Mu_RunSyst/2018/Skim_TriLep_VBFHToZZTo4L.root
2025-10-03 00:03:25,776 - INFO - [2016preVFP] MISSING_CENTRAL: ZFake3Mu/Central/jets/1/phi in Skim_TriLep_DYJets.root
2025-10-03 00:03:25,777 - INFO - [2016preVFP] MISSING_CENTRAL: ZFake3Mu/Central/jets/1/phi in Skim_TriLep_DYJets10to50.root
2025-10-03 00:03:25,879 - INFO - [2016postVFP] MISSING_CENTRAL: ZFake3Mu/Central/jets/1/phi in Skim_TriLep_DYJets.root
2025-10-03 00:03:25,879 - INFO - [2016postVFP] MISSING_CENTRAL: ZFake3Mu/Central/jets/1/phi in Skim_TriLep_DYJets10to50.root
2025-10-03 00:03:25,989 - INFO - [2017] MISSING_CENTRAL: ZFake3Mu/Central/jets/1/phi in Skim_TriLep_DYJets10to50.root
2025-10-03 00:03:26,221 - INFO - [2018] MISSING_CENTRAL: ZFake3Mu/Central/jets/1/phi in Skim_TriLep_DYJets10to50.root
2025-10-03 00:03:26,227 - INFO - [2018] MISSING_FILE: /Users/choij/Sync/workspace/ChargedHiggsAnalysisV3/SKNanoOutput/PromptSelector/Run3Mu_RunSyst/2018/Skim_TriLep_TTG.root
2025-10-03 00:03:26,257 - INFO - [2018] MISSING_FILE: /Users/choij/Sync/workspace/ChargedHiggsAnalysisV3/SKNanoOutput/PromptSelector/Run3Mu_RunSyst/2018/Skim_TriLep_TTHToNonbb.root
2025-10-03 00:03:26,291 - INFO - [2018] MISSING_FILE: /Users/choij/Sync/workspace/ChargedHiggsAnalysisV3/SKNanoOutput/PromptSelector/Run3Mu_RunSyst/2018/Skim_TriLep_tHq.root
2025-10-03 00:03:26,332 - INFO - [2018] MISSING_FILE: /Users/choij/Sync/workspace/ChargedHiggsAnalysisV3/SKNanoOutput/PromptSelector/Run3Mu_RunSyst/2018/Skim_TriLep_VBFHToZZTo4L.root
