2025-09-24 15:51:13,314 - INFO - [2016preVFP] MISSING_CENTRAL: ZFake3Mu/Central/jets/4/eta in Skim_TriLep_DoubleMuon_C.root
2025-09-24 15:51:13,315 - INFO - [2016preVFP] MISSING_CENTRAL: ZFake3Mu/Central/jets/4/eta in Skim_TriLep_DYJets.root
2025-09-24 15:51:13,315 - INFO - [2016preVFP] MISSING_CENTRAL: ZFake3Mu/Central/jets/4/eta in Skim_TriLep_DYJets10to50.root
2025-09-24 15:51:13,521 - INFO - [2016postVFP] MISSING_CENTRAL: ZFake3Mu/Central/jets/4/eta in Skim_TriLep_DYJets.root
2025-09-24 15:51:13,521 - INFO - [2016postVFP] MISSING_CENTRAL: ZFake3Mu/Central/jets/4/eta in Skim_TriLep_DYJets10to50.root
2025-09-24 15:51:13,525 - INFO - [2016postVFP] MISSING_CENTRAL: ZFake3Mu/Central/jets/4/eta in Skim_TriLep_TTG.root
2025-09-24 15:51:13,525 - INFO - [2016postVFP] MISSING_CENTRAL: ZFake3Mu/Central/jets/4/eta in Skim_TriLep_WWG.root
2025-09-24 15:51:13,641 - INFO - [2017] MISSING_CENTRAL: ZFake3Mu/Central/jets/4/eta in Skim_TriLep_DYJets10to50.root
2025-09-24 15:51:13,761 - INFO - [2017] MISSING_CENTRAL: ZFake3Mu/Central/jets/4/eta in Skim_TriLep_WWG.root
2025-09-24 15:51:13,902 - INFO - [2018] MISSING_CENTRAL: ZFake3Mu/Central/jets/4/eta in Skim_TriLep_DYJets.root
2025-09-24 15:51:13,903 - INFO - [2018] MISSING_CENTRAL: ZFake3Mu/Central/jets/4/eta in Skim_TriLep_DYJets10to50.root
2025-09-24 15:51:13,907 - INFO - [2018] MISSING_FILE: /Users/choij/Sync/workspace/ChargedHiggsAnalysisV3/SKNanoOutput/PromptSelector/Run3Mu_RunSyst/2018/Skim_TriLep_TTG.root
2025-09-24 15:51:13,908 - INFO - [2018] MISSING_CENTRAL: ZFake3Mu/Central/jets/4/eta in Skim_TriLep_WWG.root
2025-09-24 15:51:13,926 - INFO - [2018] MISSING_FILE: /Users/choij/Sync/workspace/ChargedHiggsAnalysisV3/SKNanoOutput/PromptSelector/Run3Mu_RunSyst/2018/Skim_TriLep_TTHToNonbb.root
2025-09-24 15:51:13,958 - INFO - [2018] MISSING_FILE: /Users/choij/Sync/workspace/ChargedHiggsAnalysisV3/SKNanoOutput/PromptSelector/Run3Mu_RunSyst/2018/Skim_TriLep_tHq.root
2025-09-24 15:51:14,029 - INFO - [2018] MISSING_FILE: /Users/choij/Sync/workspace/ChargedHiggsAnalysisV3/SKNanoOutput/PromptSelector/Run3Mu_RunSyst/2018/Skim_TriLep_VBFHToZZTo4L.root
2025-10-02 21:14:47,481 - INFO - [2016preVFP] MISSING_CENTRAL: ZFake3Mu/Central/jets/4/eta in Skim_TriLep_DoubleMuon_C.root
2025-10-02 21:14:47,504 - INFO - [2016preVFP] MISSING_CENTRAL: ZFake3Mu/Central/jets/4/eta in Skim_TriLep_DYJets.root
2025-10-02 21:14:47,507 - INFO - [2016preVFP] MISSING_CENTRAL: ZFake3Mu/Central/jets/4/eta in Skim_TriLep_DYJets10to50.root
2025-10-02 21:14:48,047 - INFO - [2016postVFP] MISSING_CENTRAL: ZFake3Mu/Central/jets/4/eta in Skim_TriLep_DYJets.root
2025-10-02 21:14:48,055 - INFO - [2016postVFP] MISSING_CENTRAL: ZFake3Mu/Central/jets/4/eta in Skim_TriLep_DYJets10to50.root
2025-10-02 21:14:48,087 - INFO - [2016postVFP] MISSING_CENTRAL: ZFake3Mu/Central/jets/4/eta in Skim_TriLep_TTG.root
2025-10-02 21:14:48,098 - INFO - [2016postVFP] MISSING_CENTRAL: ZFake3Mu/Central/jets/4/eta in Skim_TriLep_WWG.root
2025-10-02 21:14:48,400 - INFO - [2017] MISSING_CENTRAL: ZFake3Mu/Central/jets/4/eta in Skim_TriLep_DYJets10to50.root
2025-10-02 21:14:48,457 - INFO - [2017] MISSING_CENTRAL: ZFake3Mu/Central/jets/4/eta in Skim_TriLep_WWG.root
2025-10-02 21:14:48,917 - INFO - [2018] MISSING_CENTRAL: ZFake3Mu/Central/jets/4/eta in Skim_TriLep_DYJets.root
2025-10-02 21:14:48,923 - INFO - [2018] MISSING_CENTRAL: ZFake3Mu/Central/jets/4/eta in Skim_TriLep_DYJets10to50.root
2025-10-02 21:14:48,935 - INFO - [2018] MISSING_FILE: /data9/Users/choij/Sync/workspace/ChargedHiggsAnalysisV3/SKNanoOutput/PromptSelector/Run3Mu_RunSyst/2018/Skim_TriLep_TTG.root
2025-10-02 21:14:48,952 - INFO - [2018] MISSING_CENTRAL: ZFake3Mu/Central/jets/4/eta in Skim_TriLep_WWG.root
2025-10-02 21:14:48,982 - INFO - [2018] MISSING_FILE: /data9/Users/choij/Sync/workspace/ChargedHiggsAnalysisV3/SKNanoOutput/PromptSelector/Run3Mu_RunSyst/2018/Skim_TriLep_TTHToNonbb.root
2025-10-02 21:14:49,021 - INFO - [2018] MISSING_FILE: /data9/Users/choij/Sync/workspace/ChargedHiggsAnalysisV3/SKNanoOutput/PromptSelector/Run3Mu_RunSyst/2018/Skim_TriLep_tHq.root
2025-10-02 21:14:49,125 - INFO - [2018] MISSING_FILE: /data9/Users/choij/Sync/workspace/ChargedHiggsAnalysisV3/SKNanoOutput/PromptSelector/Run3Mu_RunSyst/2018/Skim_TriLep_VBFHToZZTo4L.root
2025-10-03 00:03:37,051 - INFO - [2016preVFP] MISSING_CENTRAL: ZFake3Mu/Central/jets/4/eta in Skim_TriLep_DoubleMuon_C.root
2025-10-03 00:03:37,052 - INFO - [2016preVFP] MISSING_CENTRAL: ZFake3Mu/Central/jets/4/eta in Skim_TriLep_DYJets.root
2025-10-03 00:03:37,052 - INFO - [2016preVFP] MISSING_CENTRAL: ZFake3Mu/Central/jets/4/eta in Skim_TriLep_DYJets10to50.root
2025-10-03 00:03:37,333 - INFO - [2016postVFP] MISSING_CENTRAL: ZFake3Mu/Central/jets/4/eta in Skim_TriLep_DYJets.root
2025-10-03 00:03:37,333 - INFO - [2016postVFP] MISSING_CENTRAL: ZFake3Mu/Central/jets/4/eta in Skim_TriLep_DYJets10to50.root
2025-10-03 00:03:37,345 - INFO - [2016postVFP] MISSING_CENTRAL: ZFake3Mu/Central/jets/4/eta in Skim_TriLep_TTG.root
2025-10-03 00:03:37,346 - INFO - [2016postVFP] MISSING_CENTRAL: ZFake3Mu/Central/jets/4/eta in Skim_TriLep_WWG.root
2025-10-03 00:03:37,466 - INFO - [2017] MISSING_CENTRAL: ZFake3Mu/Central/jets/4/eta in Skim_TriLep_DYJets10to50.root
2025-10-03 00:03:37,480 - INFO - [2017] MISSING_CENTRAL: ZFake3Mu/Central/jets/4/eta in Skim_TriLep_WWG.root
2025-10-03 00:03:37,595 - INFO - [2018] MISSING_CENTRAL: ZFake3Mu/Central/jets/4/eta in Skim_TriLep_DYJets.root
2025-10-03 00:03:37,597 - INFO - [2018] MISSING_CENTRAL: ZFake3Mu/Central/jets/4/eta in Skim_TriLep_DYJets10to50.root
2025-10-03 00:03:37,608 - INFO - [2018] MISSING_FILE: /Users/choij/Sync/workspace/ChargedHiggsAnalysisV3/SKNanoOutput/PromptSelector/Run3Mu_RunSyst/2018/Skim_TriLep_TTG.root
2025-10-03 00:03:37,608 - INFO - [2018] MISSING_CENTRAL: ZFake3Mu/Central/jets/4/eta in Skim_TriLep_WWG.root
2025-10-03 00:03:37,617 - INFO - [2018] MISSING_FILE: /Users/choij/Sync/workspace/ChargedHiggsAnalysisV3/SKNanoOutput/PromptSelector/Run3Mu_RunSyst/2018/Skim_TriLep_TTHToNonbb.root
2025-10-03 00:03:37,646 - INFO - [2018] MISSING_FILE: /Users/choij/Sync/workspace/ChargedHiggsAnalysisV3/SKNanoOutput/PromptSelector/Run3Mu_RunSyst/2018/Skim_TriLep_tHq.root
2025-10-03 00:03:37,672 - INFO - [2018] MISSING_FILE: /Users/choij/Sync/workspace/ChargedHiggsAnalysisV3/SKNanoOutput/PromptSelector/Run3Mu_RunSyst/2018/Skim_TriLep_VBFHToZZTo4L.root
