2025-09-24 15:51:08,295 - INFO - [2016preVFP] MISSING_CENTRAL: ZFake3Mu/Central/jets/2/pz in Skim_TriLep_DYJets.root
2025-09-24 15:51:08,295 - INFO - [2016preVFP] MISSING_CENTRAL: ZFake3Mu/Central/jets/2/pz in Skim_TriLep_DYJets10to50.root
2025-09-24 15:51:09,338 - INFO - [2016postVFP] MISSING_CENTRAL: ZFake3Mu/Central/jets/2/pz in Skim_TriLep_DYJets.root
2025-09-24 15:51:09,338 - INFO - [2016postVFP] MISSING_CENTRAL: ZFake3Mu/Central/jets/2/pz in Skim_TriLep_DYJets10to50.root
2025-09-24 15:51:09,839 - INFO - [2017] MISSING_CENTRAL: ZFake3Mu/Central/jets/2/pz in Skim_TriLep_DYJets10to50.root
2025-09-24 15:51:10,222 - INFO - [2018] MISSING_CENTRAL: ZFake3Mu/Central/jets/2/pz in Skim_TriLep_DYJets10to50.root
2025-09-24 15:51:10,238 - INFO - [2018] MISSING_FILE: /Users/choij/Sync/workspace/ChargedHiggsAnalysisV3/SKNanoOutput/PromptSelector/Run3Mu_RunSyst/2018/Skim_TriLep_TTG.root
2025-09-24 15:51:10,309 - INFO - [2018] MISSING_FILE: /Users/choij/Sync/workspace/ChargedHiggsAnalysisV3/SKNanoOutput/PromptSelector/Run3Mu_RunSyst/2018/Skim_TriLep_TTHToNonbb.root
2025-09-24 15:51:10,465 - INFO - [2018] MISSING_FILE: /Users/choij/Sync/workspace/ChargedHiggsAnalysisV3/SKNanoOutput/PromptSelector/Run3Mu_RunSyst/2018/Skim_TriLep_tHq.root
2025-09-24 15:51:10,727 - INFO - [2018] MISSING_FILE: /Users/choij/Sync/workspace/ChargedHiggsAnalysisV3/SKNanoOutput/PromptSelector/Run3Mu_RunSyst/2018/Skim_TriLep_VBFHToZZTo4L.root
2025-10-02 21:14:41,161 - INFO - [2016preVFP] MISSING_CENTRAL: ZFake3Mu/Central/jets/2/pz in Skim_TriLep_DYJets.root
2025-10-02 21:14:41,162 - INFO - [2016preVFP] MISSING_CENTRAL: ZFake3Mu/Central/jets/2/pz in Skim_TriLep_DYJets10to50.root
2025-10-02 21:14:41,667 - INFO - [2016postVFP] MISSING_CENTRAL: ZFake3Mu/Central/jets/2/pz in Skim_TriLep_DYJets.root
2025-10-02 21:14:41,668 - INFO - [2016postVFP] MISSING_CENTRAL: ZFake3Mu/Central/jets/2/pz in Skim_TriLep_DYJets10to50.root
2025-10-02 21:14:42,323 - INFO - [2017] MISSING_CENTRAL: ZFake3Mu/Central/jets/2/pz in Skim_TriLep_DYJets10to50.root
2025-10-02 21:14:42,946 - INFO - [2018] MISSING_CENTRAL: ZFake3Mu/Central/jets/2/pz in Skim_TriLep_DYJets10to50.root
2025-10-02 21:14:42,976 - INFO - [2018] MISSING_FILE: /data9/Users/choij/Sync/workspace/ChargedHiggsAnalysisV3/SKNanoOutput/PromptSelector/Run3Mu_RunSyst/2018/Skim_TriLep_TTG.root
2025-10-02 21:14:43,074 - INFO - [2018] MISSING_FILE: /data9/Users/choij/Sync/workspace/ChargedHiggsAnalysisV3/SKNanoOutput/PromptSelector/Run3Mu_RunSyst/2018/Skim_TriLep_TTHToNonbb.root
2025-10-02 21:14:43,178 - INFO - [2018] MISSING_FILE: /data9/Users/choij/Sync/workspace/ChargedHiggsAnalysisV3/SKNanoOutput/PromptSelector/Run3Mu_RunSyst/2018/Skim_TriLep_tHq.root
2025-10-02 21:14:43,362 - INFO - [2018] MISSING_FILE: /data9/Users/choij/Sync/workspace/ChargedHiggsAnalysisV3/SKNanoOutput/PromptSelector/Run3Mu_RunSyst/2018/Skim_TriLep_VBFHToZZTo4L.root
2025-10-03 00:03:32,716 - INFO - [2016preVFP] MISSING_CENTRAL: ZFake3Mu/Central/jets/2/pz in Skim_TriLep_DYJets.root
2025-10-03 00:03:32,717 - INFO - [2016preVFP] MISSING_CENTRAL: ZFake3Mu/Central/jets/2/pz in Skim_TriLep_DYJets10to50.root
2025-10-03 00:03:33,280 - INFO - [2016postVFP] MISSING_CENTRAL: ZFake3Mu/Central/jets/2/pz in Skim_TriLep_DYJets.root
2025-10-03 00:03:33,281 - INFO - [2016postVFP] MISSING_CENTRAL: ZFake3Mu/Central/jets/2/pz in Skim_TriLep_DYJets10to50.root
2025-10-03 00:03:33,616 - INFO - [2017] MISSING_CENTRAL: ZFake3Mu/Central/jets/2/pz in Skim_TriLep_DYJets10to50.root
2025-10-03 00:03:33,980 - INFO - [2018] MISSING_CENTRAL: ZFake3Mu/Central/jets/2/pz in Skim_TriLep_DYJets10to50.root
2025-10-03 00:03:34,050 - INFO - [2018] MISSING_FILE: /Users/choij/Sync/workspace/ChargedHiggsAnalysisV3/SKNanoOutput/PromptSelector/Run3Mu_RunSyst/2018/Skim_TriLep_TTG.root
2025-10-03 00:03:34,187 - INFO - [2018] MISSING_FILE: /Users/choij/Sync/workspace/ChargedHiggsAnalysisV3/SKNanoOutput/PromptSelector/Run3Mu_RunSyst/2018/Skim_TriLep_TTHToNonbb.root
2025-10-03 00:03:34,275 - INFO - [2018] MISSING_FILE: /Users/choij/Sync/workspace/ChargedHiggsAnalysisV3/SKNanoOutput/PromptSelector/Run3Mu_RunSyst/2018/Skim_TriLep_tHq.root
2025-10-03 00:03:34,387 - INFO - [2018] MISSING_FILE: /Users/choij/Sync/workspace/ChargedHiggsAnalysisV3/SKNanoOutput/PromptSelector/Run3Mu_RunSyst/2018/Skim_TriLep_VBFHToZZTo4L.root
2025-11-05 22:04:12,474 - INFO - [2016preVFP] MISSING_CENTRAL: ZFake3Mu/Central/jets/2/pz in Skim_TriLep_DYJets.root
2025-11-05 22:04:12,475 - INFO - [2016preVFP] MISSING_CENTRAL: ZFake3Mu/Central/jets/2/pz in Skim_TriLep_DYJets10to50.root
2025-11-05 22:04:12,768 - INFO - [2016postVFP] MISSING_CENTRAL: ZFake3Mu/Central/jets/2/pz in Skim_TriLep_DYJets.root
2025-11-05 22:04:12,768 - INFO - [2016postVFP] MISSING_CENTRAL: ZFake3Mu/Central/jets/2/pz in Skim_TriLep_DYJets10to50.root
2025-11-05 22:04:13,080 - INFO - [2017] MISSING_CENTRAL: ZFake3Mu/Central/jets/2/pz in Skim_TriLep_DYJets10to50.root
2025-11-05 22:04:13,415 - INFO - [2018] MISSING_CENTRAL: ZFake3Mu/Central/jets/2/pz in Skim_TriLep_DYJets10to50.root
2025-11-05 22:19:55,691 - INFO - [2016preVFP] MISSING_CENTRAL: ZFake3Mu/Central/jets/2/pz in Skim_TriLep_DYJets.root
2025-11-05 22:19:55,692 - INFO - [2016preVFP] MISSING_CENTRAL: ZFake3Mu/Central/jets/2/pz in Skim_TriLep_DYJets10to50.root
2025-11-05 22:19:55,999 - INFO - [2016postVFP] MISSING_CENTRAL: ZFake3Mu/Central/jets/2/pz in Skim_TriLep_DYJets.root
2025-11-05 22:19:55,999 - INFO - [2016postVFP] MISSING_CENTRAL: ZFake3Mu/Central/jets/2/pz in Skim_TriLep_DYJets10to50.root
2025-11-05 22:19:56,329 - INFO - [2017] MISSING_CENTRAL: ZFake3Mu/Central/jets/2/pz in Skim_TriLep_DYJets10to50.root
2025-11-05 22:19:56,713 - INFO - [2018] MISSING_CENTRAL: ZFake3Mu/Central/jets/2/pz in Skim_TriLep_DYJets10to50.root
2025-11-05 23:24:30,081 - INFO - [2016preVFP] MISSING_CENTRAL: ZFake3Mu/Central/jets/2/pz in Skim_TriLep_DYJets.root
2025-11-05 23:24:30,082 - INFO - [2016preVFP] MISSING_CENTRAL: ZFake3Mu/Central/jets/2/pz in Skim_TriLep_DYJets10to50.root
2025-11-05 23:24:30,388 - INFO - [2016postVFP] MISSING_CENTRAL: ZFake3Mu/Central/jets/2/pz in Skim_TriLep_DYJets.root
2025-11-05 23:24:30,389 - INFO - [2016postVFP] MISSING_CENTRAL: ZFake3Mu/Central/jets/2/pz in Skim_TriLep_DYJets10to50.root
2025-11-05 23:24:30,755 - INFO - [2017] MISSING_CENTRAL: ZFake3Mu/Central/jets/2/pz in Skim_TriLep_DYJets10to50.root
2025-11-05 23:24:31,090 - INFO - [2018] MISSING_CENTRAL: ZFake3Mu/Central/jets/2/pz in Skim_TriLep_DYJets10to50.root
2025-11-07 12:27:40,793 - INFO - [2016preVFP] MISSING_CENTRAL: ZFake3Mu/Central/jets/2/pz in Skim_TriLep_DYJets.root
2025-11-07 12:27:40,795 - INFO - [2016preVFP] MISSING_CENTRAL: ZFake3Mu/Central/jets/2/pz in Skim_TriLep_DYJets10to50.root
2025-11-07 12:27:41,098 - INFO - [2016postVFP] MISSING_CENTRAL: ZFake3Mu/Central/jets/2/pz in Skim_TriLep_DYJets.root
2025-11-07 12:27:41,098 - INFO - [2016postVFP] MISSING_CENTRAL: ZFake3Mu/Central/jets/2/pz in Skim_TriLep_DYJets10to50.root
2025-11-07 12:27:41,453 - INFO - [2017] MISSING_CENTRAL: ZFake3Mu/Central/jets/2/pz in Skim_TriLep_DYJets10to50.root
2025-11-07 12:27:41,770 - INFO - [2018] MISSING_CENTRAL: ZFake3Mu/Central/jets/2/pz in Skim_TriLep_DYJets10to50.root
2025-11-07 13:08:19,879 - INFO - [2016preVFP] MISSING_CENTRAL: ZFake3Mu/Central/jets/2/pz in Skim_TriLep_DYJets.root
2025-11-07 13:08:19,880 - INFO - [2016preVFP] MISSING_CENTRAL: ZFake3Mu/Central/jets/2/pz in Skim_TriLep_DYJets10to50.root
2025-11-07 13:08:20,156 - INFO - [2016postVFP] MISSING_CENTRAL: ZFake3Mu/Central/jets/2/pz in Skim_TriLep_DYJets.root
2025-11-07 13:08:20,157 - INFO - [2016postVFP] MISSING_CENTRAL: ZFake3Mu/Central/jets/2/pz in Skim_TriLep_DYJets10to50.root
2025-11-07 13:08:20,473 - INFO - [2017] MISSING_CENTRAL: ZFake3Mu/Central/jets/2/pz in Skim_TriLep_DYJets10to50.root
2025-11-07 13:08:20,852 - INFO - [2018] MISSING_CENTRAL: ZFake3Mu/Central/jets/2/pz in Skim_TriLep_DYJets10to50.root
2025-11-07 14:05:02,492 - INFO - [2016preVFP] MISSING_CENTRAL: ZFake3Mu/Central/jets/2/pz in Skim_TriLep_DYJets.root
2025-11-07 14:05:02,493 - INFO - [2016preVFP] MISSING_CENTRAL: ZFake3Mu/Central/jets/2/pz in Skim_TriLep_DYJets10to50.root
2025-11-07 14:05:02,794 - INFO - [2016postVFP] MISSING_CENTRAL: ZFake3Mu/Central/jets/2/pz in Skim_TriLep_DYJets.root
2025-11-07 14:05:02,794 - INFO - [2016postVFP] MISSING_CENTRAL: ZFake3Mu/Central/jets/2/pz in Skim_TriLep_DYJets10to50.root
2025-11-07 14:05:03,121 - INFO - [2017] MISSING_CENTRAL: ZFake3Mu/Central/jets/2/pz in Skim_TriLep_DYJets10to50.root
2025-11-07 14:05:03,455 - INFO - [2018] MISSING_CENTRAL: ZFake3Mu/Central/jets/2/pz in Skim_TriLep_DYJets10to50.root
2025-11-10 05:56:13,815 - INFO - [2016preVFP] MISSING_CENTRAL: ZFake3Mu/Central/jets/2/pz in Skim_TriLep_DYJets.root
2025-11-10 05:56:13,816 - INFO - [2016preVFP] MISSING_CENTRAL: ZFake3Mu/Central/jets/2/pz in Skim_TriLep_DYJets10to50.root
2025-11-10 05:56:14,436 - INFO - [2016postVFP] MISSING_CENTRAL: ZFake3Mu/Central/jets/2/pz in Skim_TriLep_DYJets.root
2025-11-10 05:56:14,437 - INFO - [2016postVFP] MISSING_CENTRAL: ZFake3Mu/Central/jets/2/pz in Skim_TriLep_DYJets10to50.root
2025-11-10 05:56:15,009 - INFO - [2017] MISSING_CENTRAL: ZFake3Mu/Central/jets/2/pz in Skim_TriLep_DYJets10to50.root
2025-11-10 05:56:15,514 - INFO - [2018] MISSING_CENTRAL: ZFake3Mu/Central/jets/2/pz in Skim_TriLep_DYJets10to50.root
2025-11-10 12:20:05,958 - INFO - [2016preVFP] MISSING_CENTRAL: ZFake3Mu/Central/jets/2/pz in Skim_TriLep_DYJets.root
2025-11-10 12:20:05,959 - INFO - [2016preVFP] MISSING_CENTRAL: ZFake3Mu/Central/jets/2/pz in Skim_TriLep_DYJets10to50.root
2025-11-10 12:20:06,260 - INFO - [2016postVFP] MISSING_CENTRAL: ZFake3Mu/Central/jets/2/pz in Skim_TriLep_DYJets.root
2025-11-10 12:20:06,260 - INFO - [2016postVFP] MISSING_CENTRAL: ZFake3Mu/Central/jets/2/pz in Skim_TriLep_DYJets10to50.root
2025-11-10 12:20:06,589 - INFO - [2017] MISSING_CENTRAL: ZFake3Mu/Central/jets/2/pz in Skim_TriLep_DYJets10to50.root
2025-11-10 12:20:06,924 - INFO - [2018] MISSING_CENTRAL: ZFake3Mu/Central/jets/2/pz in Skim_TriLep_DYJets10to50.root
2025-11-13 11:09:33,506 - INFO - [2016preVFP] MISSING_CENTRAL: ZFake3Mu/Central/jets/2/pz in Skim_TriLep_DYJets.root
2025-11-13 11:09:33,516 - INFO - [2016preVFP] MISSING_CENTRAL: ZFake3Mu/Central/jets/2/pz in Skim_TriLep_DYJets10to50.root
2025-11-13 11:09:34,046 - INFO - [2016postVFP] MISSING_CENTRAL: ZFake3Mu/Central/jets/2/pz in Skim_TriLep_DYJets.root
2025-11-13 11:09:34,049 - INFO - [2016postVFP] MISSING_CENTRAL: ZFake3Mu/Central/jets/2/pz in Skim_TriLep_DYJets10to50.root
2025-11-13 11:09:34,741 - INFO - [2017] MISSING_CENTRAL: ZFake3Mu/Central/jets/2/pz in Skim_TriLep_DYJets10to50.root
2025-11-13 11:09:35,360 - INFO - [2018] MISSING_CENTRAL: ZFake3Mu/Central/jets/2/pz in Skim_TriLep_DYJets10to50.root
2025-11-19 16:09:52,648 - INFO - [2016preVFP] MISSING_CENTRAL: ZFake3Mu/Central/jets/2/pz in Skim_TriLep_DYJets.root
2025-11-19 16:09:52,648 - INFO - [2016preVFP] MISSING_CENTRAL: ZFake3Mu/Central/jets/2/pz in Skim_TriLep_DYJets10to50.root
2025-11-19 16:09:52,944 - INFO - [2016postVFP] MISSING_CENTRAL: ZFake3Mu/Central/jets/2/pz in Skim_TriLep_DYJets.root
2025-11-19 16:09:52,945 - INFO - [2016postVFP] MISSING_CENTRAL: ZFake3Mu/Central/jets/2/pz in Skim_TriLep_DYJets10to50.root
2025-11-19 16:09:53,267 - INFO - [2017] MISSING_CENTRAL: ZFake3Mu/Central/jets/2/pz in Skim_TriLep_DYJets10to50.root
2025-11-19 16:09:53,631 - INFO - [2018] MISSING_CENTRAL: ZFake3Mu/Central/jets/2/pz in Skim_TriLep_DYJets10to50.root
2025-11-19 16:22:28,544 - INFO - [2016preVFP] MISSING_CENTRAL: ZFake3Mu/Central/jets/2/pz in Skim_TriLep_DYJets.root
2025-11-19 16:22:28,544 - INFO - [2016preVFP] MISSING_CENTRAL: ZFake3Mu/Central/jets/2/pz in Skim_TriLep_DYJets10to50.root
2025-11-19 16:22:28,883 - INFO - [2016postVFP] MISSING_CENTRAL: ZFake3Mu/Central/jets/2/pz in Skim_TriLep_DYJets.root
2025-11-19 16:22:28,883 - INFO - [2016postVFP] MISSING_CENTRAL: ZFake3Mu/Central/jets/2/pz in Skim_TriLep_DYJets10to50.root
2025-11-19 16:22:29,191 - INFO - [2017] MISSING_CENTRAL: ZFake3Mu/Central/jets/2/pz in Skim_TriLep_DYJets10to50.root
2025-11-19 16:22:29,497 - INFO - [2018] MISSING_CENTRAL: ZFake3Mu/Central/jets/2/pz in Skim_TriLep_DYJets10to50.root
