2025-09-24 15:51:05,007 - INFO - [2016preVFP] MISSING_CENTRAL: ZFake3Mu/Central/jets/2/pt in Skim_TriLep_DYJets.root
2025-09-24 15:51:05,007 - INFO - [2016preVFP] MISSING_CENTRAL: ZFake3Mu/Central/jets/2/pt in Skim_TriLep_DYJets10to50.root
2025-09-24 15:51:05,361 - INFO - [2016postVFP] MISSING_CENTRAL: ZFake3Mu/Central/jets/2/pt in Skim_TriLep_DYJets.root
2025-09-24 15:51:05,361 - INFO - [2016postVFP] MISSING_CENTRAL: ZFake3Mu/Central/jets/2/pt in Skim_TriLep_DYJets10to50.root
2025-09-24 15:51:05,774 - INFO - [2017] MISSING_CENTRAL: ZFake3Mu/Central/jets/2/pt in Skim_TriLep_DYJets10to50.root
2025-09-24 15:51:06,054 - INFO - [2018] MISSING_CENTRAL: ZFake3Mu/Central/jets/2/pt in Skim_TriLep_DYJets10to50.root
2025-09-24 15:51:06,074 - INFO - [2018] MISSING_FILE: /Users/choij/Sync/workspace/ChargedHiggsAnalysisV3/SKNanoOutput/PromptSelector/Run3Mu_RunSyst/2018/Skim_TriLep_TTG.root
2025-09-24 15:51:06,128 - INFO - [2018] MISSING_FILE: /Users/choij/Sync/workspace/ChargedHiggsAnalysisV3/SKNanoOutput/PromptSelector/Run3Mu_RunSyst/2018/Skim_TriLep_TTHToNonbb.root
2025-09-24 15:51:06,199 - INFO - [2018] MISSING_FILE: /Users/choij/Sync/workspace/ChargedHiggsAnalysisV3/SKNanoOutput/PromptSelector/Run3Mu_RunSyst/2018/Skim_TriLep_tHq.root
2025-09-24 15:51:06,293 - INFO - [2018] MISSING_FILE: /Users/choij/Sync/workspace/ChargedHiggsAnalysisV3/SKNanoOutput/PromptSelector/Run3Mu_RunSyst/2018/Skim_TriLep_VBFHToZZTo4L.root
2025-10-02 21:14:40,982 - INFO - [2016preVFP] MISSING_CENTRAL: ZFake3Mu/Central/jets/2/pt in Skim_TriLep_DYJets.root
2025-10-02 21:14:40,983 - INFO - [2016preVFP] MISSING_CENTRAL: ZFake3Mu/Central/jets/2/pt in Skim_TriLep_DYJets10to50.root
2025-10-02 21:14:41,414 - INFO - [2016postVFP] MISSING_CENTRAL: ZFake3Mu/Central/jets/2/pt in Skim_TriLep_DYJets.root
2025-10-02 21:14:41,415 - INFO - [2016postVFP] MISSING_CENTRAL: ZFake3Mu/Central/jets/2/pt in Skim_TriLep_DYJets10to50.root
2025-10-02 21:14:42,110 - INFO - [2017] MISSING_CENTRAL: ZFake3Mu/Central/jets/2/pt in Skim_TriLep_DYJets10to50.root
2025-10-02 21:14:42,739 - INFO - [2018] MISSING_CENTRAL: ZFake3Mu/Central/jets/2/pt in Skim_TriLep_DYJets10to50.root
2025-10-02 21:14:42,789 - INFO - [2018] MISSING_FILE: /data9/Users/choij/Sync/workspace/ChargedHiggsAnalysisV3/SKNanoOutput/PromptSelector/Run3Mu_RunSyst/2018/Skim_TriLep_TTG.root
2025-10-02 21:14:42,933 - INFO - [2018] MISSING_FILE: /data9/Users/choij/Sync/workspace/ChargedHiggsAnalysisV3/SKNanoOutput/PromptSelector/Run3Mu_RunSyst/2018/Skim_TriLep_TTHToNonbb.root
2025-10-02 21:14:43,049 - INFO - [2018] MISSING_FILE: /data9/Users/choij/Sync/workspace/ChargedHiggsAnalysisV3/SKNanoOutput/PromptSelector/Run3Mu_RunSyst/2018/Skim_TriLep_tHq.root
2025-10-02 21:14:43,255 - INFO - [2018] MISSING_FILE: /data9/Users/choij/Sync/workspace/ChargedHiggsAnalysisV3/SKNanoOutput/PromptSelector/Run3Mu_RunSyst/2018/Skim_TriLep_VBFHToZZTo4L.root
2025-10-03 00:03:28,948 - INFO - [2016preVFP] MISSING_CENTRAL: ZFake3Mu/Central/jets/2/pt in Skim_TriLep_DYJets.root
2025-10-03 00:03:28,948 - INFO - [2016preVFP] MISSING_CENTRAL: ZFake3Mu/Central/jets/2/pt in Skim_TriLep_DYJets10to50.root
2025-10-03 00:03:29,281 - INFO - [2016postVFP] MISSING_CENTRAL: ZFake3Mu/Central/jets/2/pt in Skim_TriLep_DYJets.root
2025-10-03 00:03:29,281 - INFO - [2016postVFP] MISSING_CENTRAL: ZFake3Mu/Central/jets/2/pt in Skim_TriLep_DYJets10to50.root
2025-10-03 00:03:29,769 - INFO - [2017] MISSING_CENTRAL: ZFake3Mu/Central/jets/2/pt in Skim_TriLep_DYJets10to50.root
2025-10-03 00:03:30,013 - INFO - [2018] MISSING_CENTRAL: ZFake3Mu/Central/jets/2/pt in Skim_TriLep_DYJets10to50.root
2025-10-03 00:03:30,023 - INFO - [2018] MISSING_FILE: /Users/choij/Sync/workspace/ChargedHiggsAnalysisV3/SKNanoOutput/PromptSelector/Run3Mu_RunSyst/2018/Skim_TriLep_TTG.root
2025-10-03 00:03:30,061 - INFO - [2018] MISSING_FILE: /Users/choij/Sync/workspace/ChargedHiggsAnalysisV3/SKNanoOutput/PromptSelector/Run3Mu_RunSyst/2018/Skim_TriLep_TTHToNonbb.root
2025-10-03 00:03:30,101 - INFO - [2018] MISSING_FILE: /Users/choij/Sync/workspace/ChargedHiggsAnalysisV3/SKNanoOutput/PromptSelector/Run3Mu_RunSyst/2018/Skim_TriLep_tHq.root
2025-10-03 00:03:30,165 - INFO - [2018] MISSING_FILE: /Users/choij/Sync/workspace/ChargedHiggsAnalysisV3/SKNanoOutput/PromptSelector/Run3Mu_RunSyst/2018/Skim_TriLep_VBFHToZZTo4L.root
2025-11-05 22:04:12,112 - INFO - [2016preVFP] MISSING_CENTRAL: ZFake3Mu/Central/jets/2/pt in Skim_TriLep_DYJets.root
2025-11-05 22:04:12,113 - INFO - [2016preVFP] MISSING_CENTRAL: ZFake3Mu/Central/jets/2/pt in Skim_TriLep_DYJets10to50.root
2025-11-05 22:04:12,383 - INFO - [2016postVFP] MISSING_CENTRAL: ZFake3Mu/Central/jets/2/pt in Skim_TriLep_DYJets.root
2025-11-05 22:04:12,384 - INFO - [2016postVFP] MISSING_CENTRAL: ZFake3Mu/Central/jets/2/pt in Skim_TriLep_DYJets10to50.root
2025-11-05 22:04:12,630 - INFO - [2017] MISSING_CENTRAL: ZFake3Mu/Central/jets/2/pt in Skim_TriLep_DYJets10to50.root
2025-11-05 22:04:12,882 - INFO - [2018] MISSING_CENTRAL: ZFake3Mu/Central/jets/2/pt in Skim_TriLep_DYJets10to50.root
2025-11-05 22:19:55,299 - INFO - [2016preVFP] MISSING_CENTRAL: ZFake3Mu/Central/jets/2/pt in Skim_TriLep_DYJets.root
2025-11-05 22:19:55,300 - INFO - [2016preVFP] MISSING_CENTRAL: ZFake3Mu/Central/jets/2/pt in Skim_TriLep_DYJets10to50.root
2025-11-05 22:19:55,614 - INFO - [2016postVFP] MISSING_CENTRAL: ZFake3Mu/Central/jets/2/pt in Skim_TriLep_DYJets.root
2025-11-05 22:19:55,615 - INFO - [2016postVFP] MISSING_CENTRAL: ZFake3Mu/Central/jets/2/pt in Skim_TriLep_DYJets10to50.root
2025-11-05 22:19:55,848 - INFO - [2017] MISSING_CENTRAL: ZFake3Mu/Central/jets/2/pt in Skim_TriLep_DYJets10to50.root
2025-11-05 22:19:56,090 - INFO - [2018] MISSING_CENTRAL: ZFake3Mu/Central/jets/2/pt in Skim_TriLep_DYJets10to50.root
2025-11-05 23:24:29,504 - INFO - [2016preVFP] MISSING_CENTRAL: ZFake3Mu/Central/jets/2/pt in Skim_TriLep_DYJets.root
2025-11-05 23:24:29,505 - INFO - [2016preVFP] MISSING_CENTRAL: ZFake3Mu/Central/jets/2/pt in Skim_TriLep_DYJets10to50.root
2025-11-05 23:24:29,812 - INFO - [2016postVFP] MISSING_CENTRAL: ZFake3Mu/Central/jets/2/pt in Skim_TriLep_DYJets.root
2025-11-05 23:24:29,812 - INFO - [2016postVFP] MISSING_CENTRAL: ZFake3Mu/Central/jets/2/pt in Skim_TriLep_DYJets10to50.root
2025-11-05 23:24:30,053 - INFO - [2017] MISSING_CENTRAL: ZFake3Mu/Central/jets/2/pt in Skim_TriLep_DYJets10to50.root
2025-11-05 23:24:30,300 - INFO - [2018] MISSING_CENTRAL: ZFake3Mu/Central/jets/2/pt in Skim_TriLep_DYJets10to50.root
2025-11-07 12:27:40,395 - INFO - [2016preVFP] MISSING_CENTRAL: ZFake3Mu/Central/jets/2/pt in Skim_TriLep_DYJets.root
2025-11-07 12:27:40,398 - INFO - [2016preVFP] MISSING_CENTRAL: ZFake3Mu/Central/jets/2/pt in Skim_TriLep_DYJets10to50.root
2025-11-07 12:27:40,674 - INFO - [2016postVFP] MISSING_CENTRAL: ZFake3Mu/Central/jets/2/pt in Skim_TriLep_DYJets.root
2025-11-07 12:27:40,674 - INFO - [2016postVFP] MISSING_CENTRAL: ZFake3Mu/Central/jets/2/pt in Skim_TriLep_DYJets10to50.root
2025-11-07 12:27:40,911 - INFO - [2017] MISSING_CENTRAL: ZFake3Mu/Central/jets/2/pt in Skim_TriLep_DYJets10to50.root
2025-11-07 12:27:41,141 - INFO - [2018] MISSING_CENTRAL: ZFake3Mu/Central/jets/2/pt in Skim_TriLep_DYJets10to50.root
2025-11-07 13:08:19,427 - INFO - [2016preVFP] MISSING_CENTRAL: ZFake3Mu/Central/jets/2/pt in Skim_TriLep_DYJets.root
2025-11-07 13:08:19,428 - INFO - [2016preVFP] MISSING_CENTRAL: ZFake3Mu/Central/jets/2/pt in Skim_TriLep_DYJets10to50.root
2025-11-07 13:08:19,704 - INFO - [2016postVFP] MISSING_CENTRAL: ZFake3Mu/Central/jets/2/pt in Skim_TriLep_DYJets.root
2025-11-07 13:08:19,705 - INFO - [2016postVFP] MISSING_CENTRAL: ZFake3Mu/Central/jets/2/pt in Skim_TriLep_DYJets10to50.root
2025-11-07 13:08:19,947 - INFO - [2017] MISSING_CENTRAL: ZFake3Mu/Central/jets/2/pt in Skim_TriLep_DYJets10to50.root
2025-11-07 13:08:20,186 - INFO - [2018] MISSING_CENTRAL: ZFake3Mu/Central/jets/2/pt in Skim_TriLep_DYJets10to50.root
2025-11-07 14:05:02,134 - INFO - [2016preVFP] MISSING_CENTRAL: ZFake3Mu/Central/jets/2/pt in Skim_TriLep_DYJets.root
2025-11-07 14:05:02,135 - INFO - [2016preVFP] MISSING_CENTRAL: ZFake3Mu/Central/jets/2/pt in Skim_TriLep_DYJets10to50.root
2025-11-07 14:05:02,419 - INFO - [2016postVFP] MISSING_CENTRAL: ZFake3Mu/Central/jets/2/pt in Skim_TriLep_DYJets.root
2025-11-07 14:05:02,420 - INFO - [2016postVFP] MISSING_CENTRAL: ZFake3Mu/Central/jets/2/pt in Skim_TriLep_DYJets10to50.root
2025-11-07 14:05:02,662 - INFO - [2017] MISSING_CENTRAL: ZFake3Mu/Central/jets/2/pt in Skim_TriLep_DYJets10to50.root
2025-11-07 14:05:02,902 - INFO - [2018] MISSING_CENTRAL: ZFake3Mu/Central/jets/2/pt in Skim_TriLep_DYJets10to50.root
