2025-09-24 15:51:25,367 - INFO - [2016preVFP] MISSING_CENTRAL: ZFake3Mu/Central/MHc-130_MA-90/score in Skim_TriLep_DoubleMuon_B.root
2025-09-24 15:51:25,367 - INFO - [2016preVFP] MISSING_CENTRAL: ZFake3Mu/Central/MHc-130_MA-90/score in Skim_TriLep_DoubleMuon_C.root
2025-09-24 15:51:25,368 - INFO - [2016preVFP] MISSING_CENTRAL: ZFake3Mu/Central/MHc-130_MA-90/score in Skim_TriLep_DoubleMuon_D.root
2025-09-24 15:51:25,368 - INFO - [2016preVFP] MISSING_CENTRAL: ZFake3Mu/Central/MHc-130_MA-90/score in Skim_TriLep_DoubleMuon_E.root
2025-09-24 15:51:25,368 - INFO - [2016preVFP] MISSING_CENTRAL: ZFake3Mu/Central/MHc-130_MA-90/score in Skim_TriLep_DoubleMuon_F.root
2025-09-24 15:51:25,368 - INFO - [2016postVFP] MISSING_CENTRAL: ZFake3Mu/Central/MHc-130_MA-90/score in Skim_TriLep_DoubleMuon_F.root
2025-09-24 15:51:25,369 - INFO - [2016postVFP] MISSING_CENTRAL: ZFake3Mu/Central/MHc-130_MA-90/score in Skim_TriLep_DoubleMuon_G.root
2025-09-24 15:51:25,369 - INFO - [2016postVFP] MISSING_CENTRAL: ZFake3Mu/Central/MHc-130_MA-90/score in Skim_TriLep_DoubleMuon_H.root
2025-09-24 15:51:25,369 - INFO - [2017] MISSING_CENTRAL: ZFake3Mu/Central/MHc-130_MA-90/score in Skim_TriLep_DoubleMuon_B.root
2025-09-24 15:51:25,369 - INFO - [2017] MISSING_CENTRAL: ZFake3Mu/Central/MHc-130_MA-90/score in Skim_TriLep_DoubleMuon_C.root
2025-09-24 15:51:25,370 - INFO - [2017] MISSING_CENTRAL: ZFake3Mu/Central/MHc-130_MA-90/score in Skim_TriLep_DoubleMuon_D.root
2025-09-24 15:51:25,370 - INFO - [2017] MISSING_CENTRAL: ZFake3Mu/Central/MHc-130_MA-90/score in Skim_TriLep_DoubleMuon_E.root
2025-09-24 15:51:25,370 - INFO - [2017] MISSING_CENTRAL: ZFake3Mu/Central/MHc-130_MA-90/score in Skim_TriLep_DoubleMuon_F.root
2025-09-24 15:51:25,370 - INFO - [2018] MISSING_CENTRAL: ZFake3Mu/Central/MHc-130_MA-90/score in Skim_TriLep_DoubleMuon_A.root
2025-09-24 15:51:25,370 - INFO - [2018] MISSING_CENTRAL: ZFake3Mu/Central/MHc-130_MA-90/score in Skim_TriLep_DoubleMuon_B.root
2025-09-24 15:51:25,371 - INFO - [2018] MISSING_CENTRAL: ZFake3Mu/Central/MHc-130_MA-90/score in Skim_TriLep_DoubleMuon_C.root
2025-09-24 15:51:25,371 - INFO - [2018] MISSING_CENTRAL: ZFake3Mu/Central/MHc-130_MA-90/score in Skim_TriLep_DoubleMuon_D.root
2025-10-02 21:14:49,300 - INFO - [2016preVFP] MISSING_CENTRAL: ZFake3Mu/Central/MHc-130_MA-90/score in Skim_TriLep_DoubleMuon_B.root
2025-10-02 21:14:49,301 - INFO - [2016preVFP] MISSING_CENTRAL: ZFake3Mu/Central/MHc-130_MA-90/score in Skim_TriLep_DoubleMuon_C.root
2025-10-02 21:14:49,303 - INFO - [2016preVFP] MISSING_CENTRAL: ZFake3Mu/Central/MHc-130_MA-90/score in Skim_TriLep_DoubleMuon_D.root
2025-10-02 21:14:49,304 - INFO - [2016preVFP] MISSING_CENTRAL: ZFake3Mu/Central/MHc-130_MA-90/score in Skim_TriLep_DoubleMuon_E.root
2025-10-02 21:14:49,305 - INFO - [2016preVFP] MISSING_CENTRAL: ZFake3Mu/Central/MHc-130_MA-90/score in Skim_TriLep_DoubleMuon_F.root
2025-10-02 21:14:49,307 - INFO - [2016postVFP] MISSING_CENTRAL: ZFake3Mu/Central/MHc-130_MA-90/score in Skim_TriLep_DoubleMuon_F.root
2025-10-02 21:14:49,308 - INFO - [2016postVFP] MISSING_CENTRAL: ZFake3Mu/Central/MHc-130_MA-90/score in Skim_TriLep_DoubleMuon_G.root
2025-10-02 21:14:49,309 - INFO - [2016postVFP] MISSING_CENTRAL: ZFake3Mu/Central/MHc-130_MA-90/score in Skim_TriLep_DoubleMuon_H.root
2025-10-02 21:14:49,311 - INFO - [2017] MISSING_CENTRAL: ZFake3Mu/Central/MHc-130_MA-90/score in Skim_TriLep_DoubleMuon_B.root
2025-10-02 21:14:49,312 - INFO - [2017] MISSING_CENTRAL: ZFake3Mu/Central/MHc-130_MA-90/score in Skim_TriLep_DoubleMuon_C.root
2025-10-02 21:14:49,313 - INFO - [2017] MISSING_CENTRAL: ZFake3Mu/Central/MHc-130_MA-90/score in Skim_TriLep_DoubleMuon_D.root
2025-10-02 21:14:49,314 - INFO - [2017] MISSING_CENTRAL: ZFake3Mu/Central/MHc-130_MA-90/score in Skim_TriLep_DoubleMuon_E.root
2025-10-02 21:14:49,315 - INFO - [2017] MISSING_CENTRAL: ZFake3Mu/Central/MHc-130_MA-90/score in Skim_TriLep_DoubleMuon_F.root
2025-10-02 21:14:49,316 - INFO - [2018] MISSING_CENTRAL: ZFake3Mu/Central/MHc-130_MA-90/score in Skim_TriLep_DoubleMuon_A.root
2025-10-02 21:14:49,317 - INFO - [2018] MISSING_CENTRAL: ZFake3Mu/Central/MHc-130_MA-90/score in Skim_TriLep_DoubleMuon_B.root
2025-10-02 21:14:49,319 - INFO - [2018] MISSING_CENTRAL: ZFake3Mu/Central/MHc-130_MA-90/score in Skim_TriLep_DoubleMuon_C.root
2025-10-02 21:14:49,320 - INFO - [2018] MISSING_CENTRAL: ZFake3Mu/Central/MHc-130_MA-90/score in Skim_TriLep_DoubleMuon_D.root
2025-10-03 00:03:46,797 - INFO - [2016preVFP] MISSING_CENTRAL: ZFake3Mu/Central/MHc-130_MA-90/score in Skim_TriLep_DoubleMuon_B.root
2025-10-03 00:03:46,799 - INFO - [2016preVFP] MISSING_CENTRAL: ZFake3Mu/Central/MHc-130_MA-90/score in Skim_TriLep_DoubleMuon_C.root
2025-10-03 00:03:46,799 - INFO - [2016preVFP] MISSING_CENTRAL: ZFake3Mu/Central/MHc-130_MA-90/score in Skim_TriLep_DoubleMuon_D.root
2025-10-03 00:03:46,799 - INFO - [2016preVFP] MISSING_CENTRAL: ZFake3Mu/Central/MHc-130_MA-90/score in Skim_TriLep_DoubleMuon_E.root
2025-10-03 00:03:46,799 - INFO - [2016preVFP] MISSING_CENTRAL: ZFake3Mu/Central/MHc-130_MA-90/score in Skim_TriLep_DoubleMuon_F.root
2025-10-03 00:03:46,800 - INFO - [2016postVFP] MISSING_CENTRAL: ZFake3Mu/Central/MHc-130_MA-90/score in Skim_TriLep_DoubleMuon_F.root
2025-10-03 00:03:46,800 - INFO - [2016postVFP] MISSING_CENTRAL: ZFake3Mu/Central/MHc-130_MA-90/score in Skim_TriLep_DoubleMuon_G.root
2025-10-03 00:03:46,800 - INFO - [2016postVFP] MISSING_CENTRAL: ZFake3Mu/Central/MHc-130_MA-90/score in Skim_TriLep_DoubleMuon_H.root
2025-10-03 00:03:46,800 - INFO - [2017] MISSING_CENTRAL: ZFake3Mu/Central/MHc-130_MA-90/score in Skim_TriLep_DoubleMuon_B.root
2025-10-03 00:03:46,801 - INFO - [2017] MISSING_CENTRAL: ZFake3Mu/Central/MHc-130_MA-90/score in Skim_TriLep_DoubleMuon_C.root
2025-10-03 00:03:46,801 - INFO - [2017] MISSING_CENTRAL: ZFake3Mu/Central/MHc-130_MA-90/score in Skim_TriLep_DoubleMuon_D.root
2025-10-03 00:03:46,801 - INFO - [2017] MISSING_CENTRAL: ZFake3Mu/Central/MHc-130_MA-90/score in Skim_TriLep_DoubleMuon_E.root
2025-10-03 00:03:46,801 - INFO - [2017] MISSING_CENTRAL: ZFake3Mu/Central/MHc-130_MA-90/score in Skim_TriLep_DoubleMuon_F.root
2025-10-03 00:03:46,801 - INFO - [2018] MISSING_CENTRAL: ZFake3Mu/Central/MHc-130_MA-90/score in Skim_TriLep_DoubleMuon_A.root
2025-10-03 00:03:46,802 - INFO - [2018] MISSING_CENTRAL: ZFake3Mu/Central/MHc-130_MA-90/score in Skim_TriLep_DoubleMuon_B.root
2025-10-03 00:03:46,802 - INFO - [2018] MISSING_CENTRAL: ZFake3Mu/Central/MHc-130_MA-90/score in Skim_TriLep_DoubleMuon_C.root
2025-10-03 00:03:46,802 - INFO - [2018] MISSING_CENTRAL: ZFake3Mu/Central/MHc-130_MA-90/score in Skim_TriLep_DoubleMuon_D.root
