2025-11-05 22:04:19,563 - INFO - [2016preVFP] MISSING_CENTRAL: ZFake3Mu/Central/MHc100_MA95/score_nonprompt in Skim_TriLep_DYJets.root
2025-11-05 22:04:19,564 - INFO - [2016preVFP] MISSING_CENTRAL: ZFake3Mu/Central/MHc100_MA95/score_nonprompt in Skim_TriLep_DYJets10to50.root
2025-11-05 22:04:19,652 - INFO - [2016postVFP] MISSING_CENTRAL: ZFake3Mu/Central/MHc100_MA95/score_nonprompt in Skim_TriLep_DYJets.root
2025-11-05 22:04:19,653 - INFO - [2016postVFP] MISSING_CENTRAL: ZFake3Mu/Central/MHc100_MA95/score_nonprompt in Skim_TriLep_DYJets10to50.root
2025-11-05 22:04:19,770 - INFO - [2017] MISSING_CENTRAL: ZFake3Mu/Central/MHc100_MA95/score_nonprompt in Skim_TriLep_DYJets10to50.root
2025-11-05 22:04:19,896 - INFO - [2018] MISSING_CENTRAL: ZFake3Mu/Central/MHc100_MA95/score_nonprompt in Skim_TriLep_DYJets10to50.root
2025-11-05 22:20:02,834 - INFO - [2016preVFP] MISSING_CENTRAL: ZFake3Mu/Central/MHc100_MA95/score_nonprompt in Skim_TriLep_DYJets.root
2025-11-05 22:20:02,835 - INFO - [2016preVFP] MISSING_CENTRAL: ZFake3Mu/Central/MHc100_MA95/score_nonprompt in Skim_TriLep_DYJets10to50.root
2025-11-05 22:20:02,983 - INFO - [2016postVFP] MISSING_CENTRAL: ZFake3Mu/Central/MHc100_MA95/score_nonprompt in Skim_TriLep_DYJets.root
2025-11-05 22:20:02,983 - INFO - [2016postVFP] MISSING_CENTRAL: ZFake3Mu/Central/MHc100_MA95/score_nonprompt in Skim_TriLep_DYJets10to50.root
2025-11-05 22:20:03,155 - INFO - [2017] MISSING_CENTRAL: ZFake3Mu/Central/MHc100_MA95/score_nonprompt in Skim_TriLep_DYJets10to50.root
2025-11-05 22:20:03,318 - INFO - [2018] MISSING_CENTRAL: ZFake3Mu/Central/MHc100_MA95/score_nonprompt in Skim_TriLep_DYJets10to50.root
2025-11-05 23:24:37,034 - INFO - [2016preVFP] MISSING_CENTRAL: ZFake3Mu/Central/MHc100_MA95/score_nonprompt in Skim_TriLep_DYJets.root
2025-11-05 23:24:37,034 - INFO - [2016preVFP] MISSING_CENTRAL: ZFake3Mu/Central/MHc100_MA95/score_nonprompt in Skim_TriLep_DYJets10to50.root
2025-11-05 23:24:37,158 - INFO - [2016postVFP] MISSING_CENTRAL: ZFake3Mu/Central/MHc100_MA95/score_nonprompt in Skim_TriLep_DYJets.root
2025-11-05 23:24:37,159 - INFO - [2016postVFP] MISSING_CENTRAL: ZFake3Mu/Central/MHc100_MA95/score_nonprompt in Skim_TriLep_DYJets10to50.root
2025-11-05 23:24:37,334 - INFO - [2017] MISSING_CENTRAL: ZFake3Mu/Central/MHc100_MA95/score_nonprompt in Skim_TriLep_DYJets10to50.root
2025-11-05 23:24:37,473 - INFO - [2018] MISSING_CENTRAL: ZFake3Mu/Central/MHc100_MA95/score_nonprompt in Skim_TriLep_DYJets10to50.root
2025-11-07 12:27:47,748 - INFO - [2016preVFP] MISSING_CENTRAL: ZFake3Mu/Central/MHc100_MA95/score_nonprompt in Skim_TriLep_DYJets.root
2025-11-07 12:27:47,749 - INFO - [2016preVFP] MISSING_CENTRAL: ZFake3Mu/Central/MHc100_MA95/score_nonprompt in Skim_TriLep_DYJets10to50.root
2025-11-07 12:27:47,862 - INFO - [2016postVFP] MISSING_CENTRAL: ZFake3Mu/Central/MHc100_MA95/score_nonprompt in Skim_TriLep_DYJets.root
2025-11-07 12:27:47,863 - INFO - [2016postVFP] MISSING_CENTRAL: ZFake3Mu/Central/MHc100_MA95/score_nonprompt in Skim_TriLep_DYJets10to50.root
2025-11-07 12:27:47,996 - INFO - [2017] MISSING_CENTRAL: ZFake3Mu/Central/MHc100_MA95/score_nonprompt in Skim_TriLep_DYJets10to50.root
2025-11-07 12:27:48,130 - INFO - [2018] MISSING_CENTRAL: ZFake3Mu/Central/MHc100_MA95/score_nonprompt in Skim_TriLep_DYJets10to50.root
2025-11-07 13:08:27,026 - INFO - [2016preVFP] MISSING_CENTRAL: ZFake3Mu/Central/MHc100_MA95/score_nonprompt in Skim_TriLep_DYJets.root
2025-11-07 13:08:27,026 - INFO - [2016preVFP] MISSING_CENTRAL: ZFake3Mu/Central/MHc100_MA95/score_nonprompt in Skim_TriLep_DYJets10to50.root
2025-11-07 13:08:27,149 - INFO - [2016postVFP] MISSING_CENTRAL: ZFake3Mu/Central/MHc100_MA95/score_nonprompt in Skim_TriLep_DYJets.root
2025-11-07 13:08:27,150 - INFO - [2016postVFP] MISSING_CENTRAL: ZFake3Mu/Central/MHc100_MA95/score_nonprompt in Skim_TriLep_DYJets10to50.root
2025-11-07 13:08:27,280 - INFO - [2017] MISSING_CENTRAL: ZFake3Mu/Central/MHc100_MA95/score_nonprompt in Skim_TriLep_DYJets10to50.root
2025-11-07 13:08:27,469 - INFO - [2018] MISSING_CENTRAL: ZFake3Mu/Central/MHc100_MA95/score_nonprompt in Skim_TriLep_DYJets10to50.root
2025-11-07 14:05:09,308 - INFO - [2016preVFP] MISSING_CENTRAL: ZFake3Mu/Central/MHc100_MA95/score_nonprompt in Skim_TriLep_DYJets.root
2025-11-07 14:05:09,308 - INFO - [2016preVFP] MISSING_CENTRAL: ZFake3Mu/Central/MHc100_MA95/score_nonprompt in Skim_TriLep_DYJets10to50.root
2025-11-07 14:05:09,475 - INFO - [2016postVFP] MISSING_CENTRAL: ZFake3Mu/Central/MHc100_MA95/score_nonprompt in Skim_TriLep_DYJets.root
2025-11-07 14:05:09,475 - INFO - [2016postVFP] MISSING_CENTRAL: ZFake3Mu/Central/MHc100_MA95/score_nonprompt in Skim_TriLep_DYJets10to50.root
2025-11-07 14:05:09,604 - INFO - [2017] MISSING_CENTRAL: ZFake3Mu/Central/MHc100_MA95/score_nonprompt in Skim_TriLep_DYJets10to50.root
2025-11-07 14:05:09,775 - INFO - [2018] MISSING_CENTRAL: ZFake3Mu/Central/MHc100_MA95/score_nonprompt in Skim_TriLep_DYJets10to50.root
2025-11-10 05:56:25,312 - INFO - [2016preVFP] MISSING_CENTRAL: ZFake3Mu/Central/MHc100_MA95/score_nonprompt in Skim_TriLep_DYJets.root
2025-11-10 05:56:25,317 - INFO - [2016preVFP] MISSING_CENTRAL: ZFake3Mu/Central/MHc100_MA95/score_nonprompt in Skim_TriLep_DYJets10to50.root
2025-11-10 05:56:25,632 - INFO - [2016postVFP] MISSING_CENTRAL: ZFake3Mu/Central/MHc100_MA95/score_nonprompt in Skim_TriLep_DYJets.root
2025-11-10 05:56:25,635 - INFO - [2016postVFP] MISSING_CENTRAL: ZFake3Mu/Central/MHc100_MA95/score_nonprompt in Skim_TriLep_DYJets10to50.root
2025-11-10 05:56:25,993 - INFO - [2017] MISSING_CENTRAL: ZFake3Mu/Central/MHc100_MA95/score_nonprompt in Skim_TriLep_DYJets10to50.root
2025-11-10 05:56:26,356 - INFO - [2018] MISSING_CENTRAL: ZFake3Mu/Central/MHc100_MA95/score_nonprompt in Skim_TriLep_DYJets10to50.root
2025-11-10 12:20:13,047 - INFO - [2016preVFP] MISSING_CENTRAL: ZFake3Mu/Central/MHc100_MA95/score_nonprompt in Skim_TriLep_DYJets.root
2025-11-10 12:20:13,047 - INFO - [2016preVFP] MISSING_CENTRAL: ZFake3Mu/Central/MHc100_MA95/score_nonprompt in Skim_TriLep_DYJets10to50.root
2025-11-10 12:20:13,250 - INFO - [2016postVFP] MISSING_CENTRAL: ZFake3Mu/Central/MHc100_MA95/score_nonprompt in Skim_TriLep_DYJets.root
2025-11-10 12:20:13,251 - INFO - [2016postVFP] MISSING_CENTRAL: ZFake3Mu/Central/MHc100_MA95/score_nonprompt in Skim_TriLep_DYJets10to50.root
2025-11-10 12:20:13,385 - INFO - [2017] MISSING_CENTRAL: ZFake3Mu/Central/MHc100_MA95/score_nonprompt in Skim_TriLep_DYJets10to50.root
2025-11-10 12:20:13,581 - INFO - [2018] MISSING_CENTRAL: ZFake3Mu/Central/MHc100_MA95/score_nonprompt in Skim_TriLep_DYJets10to50.root
2025-11-13 11:09:40,464 - INFO - [2016preVFP] MISSING_CENTRAL: ZFake3Mu/Central/MHc100_MA95/score_nonprompt in Skim_TriLep_DYJets.root
2025-11-13 11:09:40,465 - INFO - [2016preVFP] MISSING_CENTRAL: ZFake3Mu/Central/MHc100_MA95/score_nonprompt in Skim_TriLep_DYJets10to50.root
2025-11-13 11:09:40,733 - INFO - [2016postVFP] MISSING_CENTRAL: ZFake3Mu/Central/MHc100_MA95/score_nonprompt in Skim_TriLep_DYJets.root
2025-11-13 11:09:40,734 - INFO - [2016postVFP] MISSING_CENTRAL: ZFake3Mu/Central/MHc100_MA95/score_nonprompt in Skim_TriLep_DYJets10to50.root
2025-11-13 11:09:41,099 - INFO - [2017] MISSING_CENTRAL: ZFake3Mu/Central/MHc100_MA95/score_nonprompt in Skim_TriLep_DYJets10to50.root
2025-11-13 11:09:41,465 - INFO - [2018] MISSING_CENTRAL: ZFake3Mu/Central/MHc100_MA95/score_nonprompt in Skim_TriLep_DYJets10to50.root
2025-11-19 16:09:59,180 - INFO - [2016preVFP] MISSING_CENTRAL: ZFake3Mu/Central/MHc100_MA95/score_nonprompt in Skim_TriLep_DYJets.root
2025-11-19 16:09:59,181 - INFO - [2016preVFP] MISSING_CENTRAL: ZFake3Mu/Central/MHc100_MA95/score_nonprompt in Skim_TriLep_DYJets10to50.root
2025-11-19 16:09:59,306 - INFO - [2016postVFP] MISSING_CENTRAL: ZFake3Mu/Central/MHc100_MA95/score_nonprompt in Skim_TriLep_DYJets.root
2025-11-19 16:09:59,306 - INFO - [2016postVFP] MISSING_CENTRAL: ZFake3Mu/Central/MHc100_MA95/score_nonprompt in Skim_TriLep_DYJets10to50.root
2025-11-19 16:09:59,476 - INFO - [2017] MISSING_CENTRAL: ZFake3Mu/Central/MHc100_MA95/score_nonprompt in Skim_TriLep_DYJets10to50.root
2025-11-19 16:09:59,621 - INFO - [2018] MISSING_CENTRAL: ZFake3Mu/Central/MHc100_MA95/score_nonprompt in Skim_TriLep_DYJets10to50.root
2025-11-19 16:22:35,750 - INFO - [2016preVFP] MISSING_CENTRAL: ZFake3Mu/Central/MHc100_MA95/score_nonprompt in Skim_TriLep_DYJets.root
2025-11-19 16:22:35,750 - INFO - [2016preVFP] MISSING_CENTRAL: ZFake3Mu/Central/MHc100_MA95/score_nonprompt in Skim_TriLep_DYJets10to50.root
2025-11-19 16:22:35,870 - INFO - [2016postVFP] MISSING_CENTRAL: ZFake3Mu/Central/MHc100_MA95/score_nonprompt in Skim_TriLep_DYJets.root
2025-11-19 16:22:35,871 - INFO - [2016postVFP] MISSING_CENTRAL: ZFake3Mu/Central/MHc100_MA95/score_nonprompt in Skim_TriLep_DYJets10to50.root
2025-11-19 16:22:36,003 - INFO - [2017] MISSING_CENTRAL: ZFake3Mu/Central/MHc100_MA95/score_nonprompt in Skim_TriLep_DYJets10to50.root
2025-11-19 16:22:36,138 - INFO - [2018] MISSING_CENTRAL: ZFake3Mu/Central/MHc100_MA95/score_nonprompt in Skim_TriLep_DYJets10to50.root
2025-12-17 22:37:00,236 - INFO - [2016preVFP] MISSING_CENTRAL: ZFake3Mu/Central/MHc100_MA95/score_nonprompt in Skim_TriLep_DYJets.root
2025-12-17 22:37:00,238 - INFO - [2016preVFP] MISSING_CENTRAL: ZFake3Mu/Central/MHc100_MA95/score_nonprompt in Skim_TriLep_DYJets10to50.root
2025-12-17 22:37:00,267 - INFO - [2016preVFP] MISSING_FILE: /data9/Users/choij/Sync/workspace/ChargedHiggsAnalysisV3/SKNanoOutput/PromptSelector/Run3Mu_RunSyst/2016preVFP/Skim_TriLep_ZGToLLG.root
2025-12-17 22:37:00,531 - INFO - [2016postVFP] MISSING_CENTRAL: ZFake3Mu/Central/MHc100_MA95/score_nonprompt in Skim_TriLep_DYJets.root
2025-12-17 22:37:00,533 - INFO - [2016postVFP] MISSING_CENTRAL: ZFake3Mu/Central/MHc100_MA95/score_nonprompt in Skim_TriLep_DYJets10to50.root
2025-12-17 22:37:00,535 - INFO - [2016postVFP] MISSING_CENTRAL: ZFake3Mu/Central/MHc100_MA95/score_nonprompt in Skim_TriLep_TTG.root
2025-12-17 22:37:00,765 - INFO - [2017] MISSING_CENTRAL: ZFake3Mu/Central/MHc100_MA95/score_nonprompt in Skim_TriLep_DYJets10to50.root
2025-12-17 22:37:01,012 - INFO - [2018] MISSING_CENTRAL: ZFake3Mu/Central/MHc100_MA95/score_nonprompt in Skim_TriLep_DYJets10to50.root
2025-12-18 14:21:07,162 - INFO - [2016preVFP] MISSING_CENTRAL: ZFake3Mu/Central/MHc100_MA95/score_nonprompt in Skim_TriLep_DYJets.root
2025-12-18 14:21:07,164 - INFO - [2016preVFP] MISSING_CENTRAL: ZFake3Mu/Central/MHc100_MA95/score_nonprompt in Skim_TriLep_DYJets10to50.root
2025-12-18 14:21:07,175 - INFO - [2016preVFP] MISSING_FILE: /data9/Users/choij/Sync/workspace/ChargedHiggsAnalysisV3/SKNanoOutput/PromptSelector/Run3Mu_RunSyst/2016preVFP/Skim_TriLep_ZGToLLG.root
2025-12-18 14:21:07,436 - INFO - [2016postVFP] MISSING_CENTRAL: ZFake3Mu/Central/MHc100_MA95/score_nonprompt in Skim_TriLep_DYJets.root
2025-12-18 14:21:07,441 - INFO - [2016postVFP] MISSING_CENTRAL: ZFake3Mu/Central/MHc100_MA95/score_nonprompt in Skim_TriLep_DYJets10to50.root
2025-12-18 14:21:07,442 - INFO - [2016postVFP] MISSING_CENTRAL: ZFake3Mu/Central/MHc100_MA95/score_nonprompt in Skim_TriLep_TTG.root
2025-12-18 14:21:07,889 - INFO - [2017] MISSING_CENTRAL: ZFake3Mu/Central/MHc100_MA95/score_nonprompt in Skim_TriLep_DYJets10to50.root
2025-12-18 14:21:08,359 - INFO - [2018] MISSING_CENTRAL: ZFake3Mu/Central/MHc100_MA95/score_nonprompt in Skim_TriLep_DYJets10to50.root
2025-12-18 14:36:31,533 - INFO - [2016preVFP] MISSING_CENTRAL: ZFake3Mu/Central/MHc100_MA95/score_nonprompt in Skim_TriLep_DYJets.root
2025-12-18 14:36:31,538 - INFO - [2016preVFP] MISSING_CENTRAL: ZFake3Mu/Central/MHc100_MA95/score_nonprompt in Skim_TriLep_DYJets10to50.root
2025-12-18 14:36:31,538 - INFO - [2016preVFP] MISSING_FILE: /data9/Users/choij/Sync/workspace/ChargedHiggsAnalysisV3/SKNanoOutput/PromptSelector/Run3Mu_RunSyst/2016preVFP/Skim_TriLep_ZGToLLG.root
2025-12-18 14:36:31,914 - INFO - [2016postVFP] MISSING_CENTRAL: ZFake3Mu/Central/MHc100_MA95/score_nonprompt in Skim_TriLep_DYJets.root
2025-12-18 14:36:31,915 - INFO - [2016postVFP] MISSING_CENTRAL: ZFake3Mu/Central/MHc100_MA95/score_nonprompt in Skim_TriLep_DYJets10to50.root
2025-12-18 14:36:31,916 - INFO - [2016postVFP] MISSING_CENTRAL: ZFake3Mu/Central/MHc100_MA95/score_nonprompt in Skim_TriLep_TTG.root
2025-12-18 14:36:32,149 - INFO - [2017] MISSING_CENTRAL: ZFake3Mu/Central/MHc100_MA95/score_nonprompt in Skim_TriLep_DYJets10to50.root
2025-12-18 14:36:32,442 - INFO - [2018] MISSING_CENTRAL: ZFake3Mu/Central/MHc100_MA95/score_nonprompt in Skim_TriLep_DYJets10to50.root
2026-01-07 11:46:30,026 - INFO - [2016preVFP] MISSING_CENTRAL: ZFake3Mu/Central/MHc100_MA95/score_nonprompt in Skim_TriLep_DYJets.root
2026-01-07 11:46:30,028 - INFO - [2016preVFP] MISSING_CENTRAL: ZFake3Mu/Central/MHc100_MA95/score_nonprompt in Skim_TriLep_DYJets10to50.root
2026-01-07 11:46:30,054 - INFO - [2016preVFP] MISSING_FILE: /data9/Users/choij/Sync/workspace/ChargedHiggsAnalysisV3/SKNanoOutput/PromptSelector/Run3Mu_RunSyst/2016preVFP/Skim_TriLep_ZGToLLG.root
2026-01-07 11:46:30,490 - INFO - [2016postVFP] MISSING_CENTRAL: ZFake3Mu/Central/MHc100_MA95/score_nonprompt in Skim_TriLep_DYJets.root
2026-01-07 11:46:30,491 - INFO - [2016postVFP] MISSING_CENTRAL: ZFake3Mu/Central/MHc100_MA95/score_nonprompt in Skim_TriLep_DYJets10to50.root
2026-01-07 11:46:30,492 - INFO - [2016postVFP] MISSING_CENTRAL: ZFake3Mu/Central/MHc100_MA95/score_nonprompt in Skim_TriLep_TTG.root
2026-01-07 11:46:30,698 - INFO - [2017] MISSING_CENTRAL: ZFake3Mu/Central/MHc100_MA95/score_nonprompt in Skim_TriLep_DYJets10to50.root
2026-01-07 11:46:30,908 - INFO - [2018] MISSING_CENTRAL: ZFake3Mu/Central/MHc100_MA95/score_nonprompt in Skim_TriLep_DYJets10to50.root
2026-01-07 18:43:09,229 - INFO - [2016preVFP] MISSING_CENTRAL: ZFake3Mu/Central/MHc100_MA95/score_nonprompt in Skim_TriLep_DYJets.root
2026-01-07 18:43:09,235 - INFO - [2016preVFP] MISSING_CENTRAL: ZFake3Mu/Central/MHc100_MA95/score_nonprompt in Skim_TriLep_DYJets10to50.root
2026-01-07 18:43:09,235 - INFO - [2016preVFP] MISSING_FILE: /data9/Users/choij/Sync/workspace/ChargedHiggsAnalysisV3/SKNanoOutput/PromptSelector/Run3Mu_RunSyst/2016preVFP/Skim_TriLep_ZGToLLG.root
2026-01-07 18:43:09,680 - INFO - [2016postVFP] MISSING_CENTRAL: ZFake3Mu/Central/MHc100_MA95/score_nonprompt in Skim_TriLep_DYJets.root
2026-01-07 18:43:09,681 - INFO - [2016postVFP] MISSING_CENTRAL: ZFake3Mu/Central/MHc100_MA95/score_nonprompt in Skim_TriLep_DYJets10to50.root
2026-01-07 18:43:09,682 - INFO - [2016postVFP] MISSING_CENTRAL: ZFake3Mu/Central/MHc100_MA95/score_nonprompt in Skim_TriLep_TTG.root
2026-01-07 18:43:09,975 - INFO - [2017] MISSING_CENTRAL: ZFake3Mu/Central/MHc100_MA95/score_nonprompt in Skim_TriLep_DYJets10to50.root
2026-01-07 18:43:10,195 - INFO - [2018] MISSING_CENTRAL: ZFake3Mu/Central/MHc100_MA95/score_nonprompt in Skim_TriLep_DYJets10to50.root
2026-01-09 12:17:10,534 - INFO - [2016preVFP] MISSING_CENTRAL: ZFake3Mu/Central/MHc100_MA95/score_nonprompt in Skim_TriLep_DYJets.root
2026-01-09 12:17:10,535 - INFO - [2016preVFP] MISSING_CENTRAL: ZFake3Mu/Central/MHc100_MA95/score_nonprompt in Skim_TriLep_DYJets10to50.root
2026-01-09 12:17:10,535 - INFO - [2016preVFP] MISSING_FILE: /home/choij/Sync/workspace/ChargedHiggsAnalysisV3/SKNanoOutput/PromptSelector/Run3Mu_RunSyst/2016preVFP/Skim_TriLep_ZGToLLG.root
2026-01-09 12:17:10,642 - INFO - [2016postVFP] MISSING_CENTRAL: ZFake3Mu/Central/MHc100_MA95/score_nonprompt in Skim_TriLep_DYJets.root
2026-01-09 12:17:10,643 - INFO - [2016postVFP] MISSING_CENTRAL: ZFake3Mu/Central/MHc100_MA95/score_nonprompt in Skim_TriLep_DYJets10to50.root
2026-01-09 12:17:10,643 - INFO - [2016postVFP] MISSING_CENTRAL: ZFake3Mu/Central/MHc100_MA95/score_nonprompt in Skim_TriLep_TTG.root
2026-01-09 12:17:10,757 - INFO - [2017] MISSING_CENTRAL: ZFake3Mu/Central/MHc100_MA95/score_nonprompt in Skim_TriLep_DYJets10to50.root
2026-01-09 12:17:10,914 - INFO - [2018] MISSING_CENTRAL: ZFake3Mu/Central/MHc100_MA95/score_nonprompt in Skim_TriLep_DYJets10to50.root
2026-01-11 09:37:15,046 - INFO - [2016preVFP] MISSING_CENTRAL: ZFake3Mu/Central/MHc100_MA95/score_nonprompt in Skim_TriLep_DYJets.root
2026-01-11 09:37:15,049 - INFO - [2016preVFP] MISSING_CENTRAL: ZFake3Mu/Central/MHc100_MA95/score_nonprompt in Skim_TriLep_DYJets10to50.root
2026-01-11 09:37:15,049 - INFO - [2016preVFP] MISSING_FILE: /home/choij/Sync/workspace/ChargedHiggsAnalysisV3/SKNanoOutput/PromptSelector/Run3Mu_RunSyst/2016preVFP/Skim_TriLep_ZGToLLG.root
2026-01-11 09:37:15,261 - INFO - [2016postVFP] MISSING_CENTRAL: ZFake3Mu/Central/MHc100_MA95/score_nonprompt in Skim_TriLep_DYJets.root
2026-01-11 09:37:15,261 - INFO - [2016postVFP] MISSING_CENTRAL: ZFake3Mu/Central/MHc100_MA95/score_nonprompt in Skim_TriLep_DYJets10to50.root
2026-01-11 09:37:15,262 - INFO - [2016postVFP] MISSING_CENTRAL: ZFake3Mu/Central/MHc100_MA95/score_nonprompt in Skim_TriLep_TTG.root
2026-01-11 09:37:15,386 - INFO - [2017] MISSING_CENTRAL: ZFake3Mu/Central/MHc100_MA95/score_nonprompt in Skim_TriLep_DYJets10to50.root
2026-01-11 09:37:15,577 - INFO - [2018] MISSING_CENTRAL: ZFake3Mu/Central/MHc100_MA95/score_nonprompt in Skim_TriLep_DYJets10to50.root
2026-01-12 13:45:53,283 - INFO - [2016preVFP] MISSING_FILE: /home/choij/Sync/workspace/ChargedHiggsAnalysisV3/SKNanoOutput/MatrixSelector/Run3Mu/2016preVFP/Skim_TriLep_DoubleMuon_B.root
2026-01-12 13:45:53,283 - INFO - [2016preVFP] MISSING_FILE: /home/choij/Sync/workspace/ChargedHiggsAnalysisV3/SKNanoOutput/MatrixSelector/Run3Mu/2016preVFP/Skim_TriLep_DoubleMuon_C.root
2026-01-12 13:45:53,283 - INFO - [2016preVFP] MISSING_FILE: /home/choij/Sync/workspace/ChargedHiggsAnalysisV3/SKNanoOutput/MatrixSelector/Run3Mu/2016preVFP/Skim_TriLep_DoubleMuon_D.root
2026-01-12 13:45:53,283 - INFO - [2016preVFP] MISSING_FILE: /home/choij/Sync/workspace/ChargedHiggsAnalysisV3/SKNanoOutput/MatrixSelector/Run3Mu/2016preVFP/Skim_TriLep_DoubleMuon_E.root
2026-01-12 13:45:53,283 - INFO - [2016preVFP] MISSING_FILE: /home/choij/Sync/workspace/ChargedHiggsAnalysisV3/SKNanoOutput/MatrixSelector/Run3Mu/2016preVFP/Skim_TriLep_DoubleMuon_F.root
2026-01-12 13:45:53,284 - INFO - [2016preVFP] MISSING_CENTRAL: ZFake3Mu/Central/MHc100_MA95/score_nonprompt in Skim_TriLep_DYJets.root
2026-01-12 13:45:53,284 - INFO - [2016preVFP] MISSING_CENTRAL: ZFake3Mu/Central/MHc100_MA95/score_nonprompt in Skim_TriLep_DYJets10to50.root
2026-01-12 13:45:53,284 - INFO - [2016preVFP] MISSING_FILE: /home/choij/Sync/workspace/ChargedHiggsAnalysisV3/SKNanoOutput/PromptSelector/Run3Mu_RunSyst/2016preVFP/Skim_TriLep_ZGToLLG.root
2026-01-12 13:45:53,450 - INFO - [2016postVFP] MISSING_FILE: /home/choij/Sync/workspace/ChargedHiggsAnalysisV3/SKNanoOutput/MatrixSelector/Run3Mu/2016postVFP/Skim_TriLep_DoubleMuon_F.root
2026-01-12 13:45:53,451 - INFO - [2016postVFP] MISSING_FILE: /home/choij/Sync/workspace/ChargedHiggsAnalysisV3/SKNanoOutput/MatrixSelector/Run3Mu/2016postVFP/Skim_TriLep_DoubleMuon_G.root
2026-01-12 13:45:53,451 - INFO - [2016postVFP] MISSING_FILE: /home/choij/Sync/workspace/ChargedHiggsAnalysisV3/SKNanoOutput/MatrixSelector/Run3Mu/2016postVFP/Skim_TriLep_DoubleMuon_H.root
2026-01-12 13:45:53,451 - INFO - [2016postVFP] MISSING_CENTRAL: ZFake3Mu/Central/MHc100_MA95/score_nonprompt in Skim_TriLep_DYJets.root
2026-01-12 13:45:53,451 - INFO - [2016postVFP] MISSING_CENTRAL: ZFake3Mu/Central/MHc100_MA95/score_nonprompt in Skim_TriLep_DYJets10to50.root
2026-01-12 13:45:53,452 - INFO - [2016postVFP] MISSING_CENTRAL: ZFake3Mu/Central/MHc100_MA95/score_nonprompt in Skim_TriLep_TTG.root
2026-01-12 13:45:53,558 - INFO - [2017] MISSING_FILE: /home/choij/Sync/workspace/ChargedHiggsAnalysisV3/SKNanoOutput/MatrixSelector/Run3Mu/2017/Skim_TriLep_DoubleMuon_B.root
2026-01-12 13:45:53,558 - INFO - [2017] MISSING_FILE: /home/choij/Sync/workspace/ChargedHiggsAnalysisV3/SKNanoOutput/MatrixSelector/Run3Mu/2017/Skim_TriLep_DoubleMuon_C.root
2026-01-12 13:45:53,558 - INFO - [2017] MISSING_FILE: /home/choij/Sync/workspace/ChargedHiggsAnalysisV3/SKNanoOutput/MatrixSelector/Run3Mu/2017/Skim_TriLep_DoubleMuon_D.root
2026-01-12 13:45:53,558 - INFO - [2017] MISSING_FILE: /home/choij/Sync/workspace/ChargedHiggsAnalysisV3/SKNanoOutput/MatrixSelector/Run3Mu/2017/Skim_TriLep_DoubleMuon_E.root
2026-01-12 13:45:53,558 - INFO - [2017] MISSING_FILE: /home/choij/Sync/workspace/ChargedHiggsAnalysisV3/SKNanoOutput/MatrixSelector/Run3Mu/2017/Skim_TriLep_DoubleMuon_F.root
2026-01-12 13:45:53,566 - INFO - [2017] MISSING_CENTRAL: ZFake3Mu/Central/MHc100_MA95/score_nonprompt in Skim_TriLep_DYJets10to50.root
2026-01-12 13:45:53,766 - INFO - [2018] MISSING_FILE: /home/choij/Sync/workspace/ChargedHiggsAnalysisV3/SKNanoOutput/MatrixSelector/Run3Mu/2018/Skim_TriLep_DoubleMuon_A.root
2026-01-12 13:45:53,766 - INFO - [2018] MISSING_FILE: /home/choij/Sync/workspace/ChargedHiggsAnalysisV3/SKNanoOutput/MatrixSelector/Run3Mu/2018/Skim_TriLep_DoubleMuon_B.root
2026-01-12 13:45:53,766 - INFO - [2018] MISSING_FILE: /home/choij/Sync/workspace/ChargedHiggsAnalysisV3/SKNanoOutput/MatrixSelector/Run3Mu/2018/Skim_TriLep_DoubleMuon_C.root
2026-01-12 13:45:53,766 - INFO - [2018] MISSING_FILE: /home/choij/Sync/workspace/ChargedHiggsAnalysisV3/SKNanoOutput/MatrixSelector/Run3Mu/2018/Skim_TriLep_DoubleMuon_D.root
2026-01-12 13:45:53,793 - INFO - [2018] MISSING_CENTRAL: ZFake3Mu/Central/MHc100_MA95/score_nonprompt in Skim_TriLep_DYJets10to50.root
2026-01-16 19:01:01,937 - INFO - [2016preVFP] MISSING_CENTRAL: ZFake3Mu/Central/MHc100_MA95/score_nonprompt in Skim_TriLep_DYJets.root
2026-01-16 19:01:01,938 - INFO - [2016preVFP] MISSING_CENTRAL: ZFake3Mu/Central/MHc100_MA95/score_nonprompt in Skim_TriLep_DYJets10to50.root
2026-01-16 19:01:01,938 - INFO - [2016preVFP] MISSING_FILE: /home/choij/Sync/workspace/ChargedHiggsAnalysisV3/SKNanoOutput/PromptSelector/Run3Mu_RunSyst/2016preVFP/Skim_TriLep_ZGToLLG.root
2026-01-16 19:01:02,166 - INFO - [2016postVFP] MISSING_CENTRAL: ZFake3Mu/Central/MHc100_MA95/score_nonprompt in Skim_TriLep_DYJets.root
2026-01-16 19:01:02,170 - INFO - [2016postVFP] MISSING_CENTRAL: ZFake3Mu/Central/MHc100_MA95/score_nonprompt in Skim_TriLep_DYJets10to50.root
2026-01-16 19:01:02,170 - INFO - [2016postVFP] MISSING_CENTRAL: ZFake3Mu/Central/MHc100_MA95/score_nonprompt in Skim_TriLep_TTG.root
2026-01-16 19:01:02,365 - INFO - [2017] MISSING_CENTRAL: ZFake3Mu/Central/MHc100_MA95/score_nonprompt in Skim_TriLep_DYJets10to50.root
2026-01-16 19:01:02,503 - INFO - [2018] MISSING_CENTRAL: ZFake3Mu/Central/MHc100_MA95/score_nonprompt in Skim_TriLep_DYJets10to50.root
