2025-12-18 14:21:13,446 - INFO - [2016preVFP] MISSING_CENTRAL: ZFake3Mu/Central/MHc160_MA85/LR_diboson in Skim_TriLep_DYJets.root
2025-12-18 14:21:13,447 - INFO - [2016preVFP] MISSING_CENTRAL: ZFake3Mu/Central/MHc160_MA85/LR_diboson in Skim_TriLep_DYJets10to50.root
2025-12-18 14:21:13,447 - INFO - [2016preVFP] MISSING_FILE: /data9/Users/choij/Sync/workspace/ChargedHiggsAnalysisV3/SKNanoOutput/PromptSelector/Run3Mu_RunSyst/2016preVFP/Skim_TriLep_ZGToLLG.root
2025-12-18 14:21:13,649 - INFO - [2016postVFP] MISSING_CENTRAL: ZFake3Mu/Central/MHc160_MA85/LR_diboson in Skim_TriLep_DYJets.root
2025-12-18 14:21:13,650 - INFO - [2016postVFP] MISSING_CENTRAL: ZFake3Mu/Central/MHc160_MA85/LR_diboson in Skim_TriLep_DYJets10to50.root
2025-12-18 14:21:13,651 - INFO - [2016postVFP] MISSING_CENTRAL: ZFake3Mu/Central/MHc160_MA85/LR_diboson in Skim_TriLep_TTG.root
2025-12-18 14:21:13,852 - INFO - [2017] MISSING_CENTRAL: ZFake3Mu/Central/MHc160_MA85/LR_diboson in Skim_TriLep_DYJets10to50.root
2025-12-18 14:21:14,083 - INFO - [2018] MISSING_CENTRAL: ZFake3Mu/Central/MHc160_MA85/LR_diboson in Skim_TriLep_DYJets10to50.root
2025-12-18 14:36:37,834 - INFO - [2016preVFP] MISSING_CENTRAL: ZFake3Mu/Central/MHc160_MA85/LR_diboson in Skim_TriLep_DYJets.root
2025-12-18 14:36:37,835 - INFO - [2016preVFP] MISSING_CENTRAL: ZFake3Mu/Central/MHc160_MA85/LR_diboson in Skim_TriLep_DYJets10to50.root
2025-12-18 14:36:37,835 - INFO - [2016preVFP] MISSING_FILE: /data9/Users/choij/Sync/workspace/ChargedHiggsAnalysisV3/SKNanoOutput/PromptSelector/Run3Mu_RunSyst/2016preVFP/Skim_TriLep_ZGToLLG.root
2025-12-18 14:36:37,985 - INFO - [2016postVFP] MISSING_CENTRAL: ZFake3Mu/Central/MHc160_MA85/LR_diboson in Skim_TriLep_DYJets.root
2025-12-18 14:36:37,986 - INFO - [2016postVFP] MISSING_CENTRAL: ZFake3Mu/Central/MHc160_MA85/LR_diboson in Skim_TriLep_DYJets10to50.root
2025-12-18 14:36:37,987 - INFO - [2016postVFP] MISSING_CENTRAL: ZFake3Mu/Central/MHc160_MA85/LR_diboson in Skim_TriLep_TTG.root
2025-12-18 14:36:38,135 - INFO - [2017] MISSING_CENTRAL: ZFake3Mu/Central/MHc160_MA85/LR_diboson in Skim_TriLep_DYJets10to50.root
2025-12-18 14:36:38,289 - INFO - [2018] MISSING_CENTRAL: ZFake3Mu/Central/MHc160_MA85/LR_diboson in Skim_TriLep_DYJets10to50.root
2026-01-07 11:46:35,707 - INFO - [2016preVFP] MISSING_CENTRAL: ZFake3Mu/Central/MHc160_MA85/LR_diboson in Skim_TriLep_DYJets.root
2026-01-07 11:46:35,709 - INFO - [2016preVFP] MISSING_CENTRAL: ZFake3Mu/Central/MHc160_MA85/LR_diboson in Skim_TriLep_DYJets10to50.root
2026-01-07 11:46:35,709 - INFO - [2016preVFP] MISSING_FILE: /data9/Users/choij/Sync/workspace/ChargedHiggsAnalysisV3/SKNanoOutput/PromptSelector/Run3Mu_RunSyst/2016preVFP/Skim_TriLep_ZGToLLG.root
2026-01-07 11:46:35,919 - INFO - [2016postVFP] MISSING_CENTRAL: ZFake3Mu/Central/MHc160_MA85/LR_diboson in Skim_TriLep_DYJets.root
2026-01-07 11:46:35,919 - INFO - [2016postVFP] MISSING_CENTRAL: ZFake3Mu/Central/MHc160_MA85/LR_diboson in Skim_TriLep_DYJets10to50.root
2026-01-07 11:46:35,920 - INFO - [2016postVFP] MISSING_CENTRAL: ZFake3Mu/Central/MHc160_MA85/LR_diboson in Skim_TriLep_TTG.root
2026-01-07 11:46:36,125 - INFO - [2017] MISSING_CENTRAL: ZFake3Mu/Central/MHc160_MA85/LR_diboson in Skim_TriLep_DYJets10to50.root
2026-01-07 11:46:36,361 - INFO - [2018] MISSING_CENTRAL: ZFake3Mu/Central/MHc160_MA85/LR_diboson in Skim_TriLep_DYJets10to50.root
2026-01-07 18:43:14,363 - INFO - [2016preVFP] MISSING_CENTRAL: ZFake3Mu/Central/MHc160_MA85/LR_diboson in Skim_TriLep_DYJets.root
2026-01-07 18:43:14,364 - INFO - [2016preVFP] MISSING_CENTRAL: ZFake3Mu/Central/MHc160_MA85/LR_diboson in Skim_TriLep_DYJets10to50.root
2026-01-07 18:43:14,364 - INFO - [2016preVFP] MISSING_FILE: /data9/Users/choij/Sync/workspace/ChargedHiggsAnalysisV3/SKNanoOutput/PromptSelector/Run3Mu_RunSyst/2016preVFP/Skim_TriLep_ZGToLLG.root
2026-01-07 18:43:14,734 - INFO - [2016postVFP] MISSING_CENTRAL: ZFake3Mu/Central/MHc160_MA85/LR_diboson in Skim_TriLep_DYJets.root
2026-01-07 18:43:14,735 - INFO - [2016postVFP] MISSING_CENTRAL: ZFake3Mu/Central/MHc160_MA85/LR_diboson in Skim_TriLep_DYJets10to50.root
2026-01-07 18:43:14,736 - INFO - [2016postVFP] MISSING_CENTRAL: ZFake3Mu/Central/MHc160_MA85/LR_diboson in Skim_TriLep_TTG.root
2026-01-07 18:43:14,980 - INFO - [2017] MISSING_CENTRAL: ZFake3Mu/Central/MHc160_MA85/LR_diboson in Skim_TriLep_DYJets10to50.root
2026-01-07 18:43:15,196 - INFO - [2018] MISSING_CENTRAL: ZFake3Mu/Central/MHc160_MA85/LR_diboson in Skim_TriLep_DYJets10to50.root
2026-01-09 12:17:15,831 - INFO - [2016preVFP] MISSING_CENTRAL: ZFake3Mu/Central/MHc160_MA85/LR_diboson in Skim_TriLep_DYJets.root
2026-01-09 12:17:15,832 - INFO - [2016preVFP] MISSING_CENTRAL: ZFake3Mu/Central/MHc160_MA85/LR_diboson in Skim_TriLep_DYJets10to50.root
2026-01-09 12:17:15,832 - INFO - [2016preVFP] MISSING_FILE: /home/choij/Sync/workspace/ChargedHiggsAnalysisV3/SKNanoOutput/PromptSelector/Run3Mu_RunSyst/2016preVFP/Skim_TriLep_ZGToLLG.root
2026-01-09 12:17:15,958 - INFO - [2016postVFP] MISSING_CENTRAL: ZFake3Mu/Central/MHc160_MA85/LR_diboson in Skim_TriLep_DYJets.root
2026-01-09 12:17:15,958 - INFO - [2016postVFP] MISSING_CENTRAL: ZFake3Mu/Central/MHc160_MA85/LR_diboson in Skim_TriLep_DYJets10to50.root
2026-01-09 12:17:15,959 - INFO - [2016postVFP] MISSING_CENTRAL: ZFake3Mu/Central/MHc160_MA85/LR_diboson in Skim_TriLep_TTG.root
2026-01-09 12:17:16,082 - INFO - [2017] MISSING_CENTRAL: ZFake3Mu/Central/MHc160_MA85/LR_diboson in Skim_TriLep_DYJets10to50.root
2026-01-09 12:17:16,213 - INFO - [2018] MISSING_CENTRAL: ZFake3Mu/Central/MHc160_MA85/LR_diboson in Skim_TriLep_DYJets10to50.root
