2025-12-18 14:21:12,294 - INFO - [2016preVFP] MISSING_CENTRAL: ZFake3Mu/Central/MHc145_MA92/LR_diboson in Skim_TriLep_DYJets.root
2025-12-18 14:21:12,295 - INFO - [2016preVFP] MISSING_CENTRAL: ZFake3Mu/Central/MHc145_MA92/LR_diboson in Skim_TriLep_DYJets10to50.root
2025-12-18 14:21:12,296 - INFO - [2016preVFP] MISSING_FILE: /data9/Users/choij/Sync/workspace/ChargedHiggsAnalysisV3/SKNanoOutput/PromptSelector/Run3Mu_RunSyst/2016preVFP/Skim_TriLep_ZGToLLG.root
2025-12-18 14:21:12,615 - INFO - [2016postVFP] MISSING_CENTRAL: ZFake3Mu/Central/MHc145_MA92/LR_diboson in Skim_TriLep_DYJets.root
2025-12-18 14:21:12,619 - INFO - [2016postVFP] MISSING_CENTRAL: ZFake3Mu/Central/MHc145_MA92/LR_diboson in Skim_TriLep_DYJets10to50.root
2025-12-18 14:21:12,622 - INFO - [2016postVFP] MISSING_CENTRAL: ZFake3Mu/Central/MHc145_MA92/LR_diboson in Skim_TriLep_TTG.root
2025-12-18 14:21:12,998 - INFO - [2017] MISSING_CENTRAL: ZFake3Mu/Central/MHc145_MA92/LR_diboson in Skim_TriLep_DYJets10to50.root
2025-12-18 14:21:13,288 - INFO - [2018] MISSING_CENTRAL: ZFake3Mu/Central/MHc145_MA92/LR_diboson in Skim_TriLep_DYJets10to50.root
2025-12-18 14:36:37,757 - INFO - [2016preVFP] MISSING_CENTRAL: ZFake3Mu/Central/MHc145_MA92/LR_diboson in Skim_TriLep_DYJets.root
2025-12-18 14:36:37,758 - INFO - [2016preVFP] MISSING_CENTRAL: ZFake3Mu/Central/MHc145_MA92/LR_diboson in Skim_TriLep_DYJets10to50.root
2025-12-18 14:36:37,758 - INFO - [2016preVFP] MISSING_FILE: /data9/Users/choij/Sync/workspace/ChargedHiggsAnalysisV3/SKNanoOutput/PromptSelector/Run3Mu_RunSyst/2016preVFP/Skim_TriLep_ZGToLLG.root
2025-12-18 14:36:37,958 - INFO - [2016postVFP] MISSING_CENTRAL: ZFake3Mu/Central/MHc145_MA92/LR_diboson in Skim_TriLep_DYJets.root
2025-12-18 14:36:37,959 - INFO - [2016postVFP] MISSING_CENTRAL: ZFake3Mu/Central/MHc145_MA92/LR_diboson in Skim_TriLep_DYJets10to50.root
2025-12-18 14:36:37,960 - INFO - [2016postVFP] MISSING_CENTRAL: ZFake3Mu/Central/MHc145_MA92/LR_diboson in Skim_TriLep_TTG.root
2025-12-18 14:36:38,153 - INFO - [2017] MISSING_CENTRAL: ZFake3Mu/Central/MHc145_MA92/LR_diboson in Skim_TriLep_DYJets10to50.root
2025-12-18 14:36:38,370 - INFO - [2018] MISSING_CENTRAL: ZFake3Mu/Central/MHc145_MA92/LR_diboson in Skim_TriLep_DYJets10to50.root
2026-01-07 11:46:35,495 - INFO - [2016preVFP] MISSING_CENTRAL: ZFake3Mu/Central/MHc145_MA92/LR_diboson in Skim_TriLep_DYJets.root
2026-01-07 11:46:35,496 - INFO - [2016preVFP] MISSING_CENTRAL: ZFake3Mu/Central/MHc145_MA92/LR_diboson in Skim_TriLep_DYJets10to50.root
2026-01-07 11:46:35,501 - INFO - [2016preVFP] MISSING_FILE: /data9/Users/choij/Sync/workspace/ChargedHiggsAnalysisV3/SKNanoOutput/PromptSelector/Run3Mu_RunSyst/2016preVFP/Skim_TriLep_ZGToLLG.root
2026-01-07 11:46:35,717 - INFO - [2016postVFP] MISSING_CENTRAL: ZFake3Mu/Central/MHc145_MA92/LR_diboson in Skim_TriLep_DYJets.root
2026-01-07 11:46:35,718 - INFO - [2016postVFP] MISSING_CENTRAL: ZFake3Mu/Central/MHc145_MA92/LR_diboson in Skim_TriLep_DYJets10to50.root
2026-01-07 11:46:35,719 - INFO - [2016postVFP] MISSING_CENTRAL: ZFake3Mu/Central/MHc145_MA92/LR_diboson in Skim_TriLep_TTG.root
2026-01-07 11:46:35,854 - INFO - [2017] MISSING_CENTRAL: ZFake3Mu/Central/MHc145_MA92/LR_diboson in Skim_TriLep_DYJets10to50.root
2026-01-07 11:46:35,994 - INFO - [2018] MISSING_CENTRAL: ZFake3Mu/Central/MHc145_MA92/LR_diboson in Skim_TriLep_DYJets10to50.root
2026-01-07 18:43:14,877 - INFO - [2016preVFP] MISSING_CENTRAL: ZFake3Mu/Central/MHc145_MA92/LR_diboson in Skim_TriLep_DYJets.root
2026-01-07 18:43:14,878 - INFO - [2016preVFP] MISSING_CENTRAL: ZFake3Mu/Central/MHc145_MA92/LR_diboson in Skim_TriLep_DYJets10to50.root
2026-01-07 18:43:14,878 - INFO - [2016preVFP] MISSING_FILE: /data9/Users/choij/Sync/workspace/ChargedHiggsAnalysisV3/SKNanoOutput/PromptSelector/Run3Mu_RunSyst/2016preVFP/Skim_TriLep_ZGToLLG.root
2026-01-07 18:43:15,002 - INFO - [2016postVFP] MISSING_CENTRAL: ZFake3Mu/Central/MHc145_MA92/LR_diboson in Skim_TriLep_DYJets.root
2026-01-07 18:43:15,003 - INFO - [2016postVFP] MISSING_CENTRAL: ZFake3Mu/Central/MHc145_MA92/LR_diboson in Skim_TriLep_DYJets10to50.root
2026-01-07 18:43:15,004 - INFO - [2016postVFP] MISSING_CENTRAL: ZFake3Mu/Central/MHc145_MA92/LR_diboson in Skim_TriLep_TTG.root
2026-01-07 18:43:15,224 - INFO - [2017] MISSING_CENTRAL: ZFake3Mu/Central/MHc145_MA92/LR_diboson in Skim_TriLep_DYJets10to50.root
2026-01-07 18:43:15,361 - INFO - [2018] MISSING_CENTRAL: ZFake3Mu/Central/MHc145_MA92/LR_diboson in Skim_TriLep_DYJets10to50.root
2026-01-09 12:17:14,898 - INFO - [2016preVFP] MISSING_CENTRAL: ZFake3Mu/Central/MHc145_MA92/LR_diboson in Skim_TriLep_DYJets.root
2026-01-09 12:17:14,899 - INFO - [2016preVFP] MISSING_CENTRAL: ZFake3Mu/Central/MHc145_MA92/LR_diboson in Skim_TriLep_DYJets10to50.root
2026-01-09 12:17:14,899 - INFO - [2016preVFP] MISSING_FILE: /home/choij/Sync/workspace/ChargedHiggsAnalysisV3/SKNanoOutput/PromptSelector/Run3Mu_RunSyst/2016preVFP/Skim_TriLep_ZGToLLG.root
2026-01-09 12:17:15,097 - INFO - [2016postVFP] MISSING_CENTRAL: ZFake3Mu/Central/MHc145_MA92/LR_diboson in Skim_TriLep_DYJets.root
2026-01-09 12:17:15,099 - INFO - [2016postVFP] MISSING_CENTRAL: ZFake3Mu/Central/MHc145_MA92/LR_diboson in Skim_TriLep_DYJets10to50.root
2026-01-09 12:17:15,100 - INFO - [2016postVFP] MISSING_CENTRAL: ZFake3Mu/Central/MHc145_MA92/LR_diboson in Skim_TriLep_TTG.root
2026-01-09 12:17:15,282 - INFO - [2017] MISSING_CENTRAL: ZFake3Mu/Central/MHc145_MA92/LR_diboson in Skim_TriLep_DYJets10to50.root
2026-01-09 12:17:15,431 - INFO - [2018] MISSING_CENTRAL: ZFake3Mu/Central/MHc145_MA92/LR_diboson in Skim_TriLep_DYJets10to50.root
