2025-11-07 13:08:29,493 - INFO - [2016preVFP] MISSING_CENTRAL: ZFake3Mu/Central/MHc145_MA92/score_signal in Skim_TriLep_DYJets.root
2025-11-07 13:08:29,494 - INFO - [2016preVFP] MISSING_CENTRAL: ZFake3Mu/Central/MHc145_MA92/score_signal in Skim_TriLep_DYJets10to50.root
2025-11-07 13:08:29,633 - INFO - [2016postVFP] MISSING_CENTRAL: ZFake3Mu/Central/MHc145_MA92/score_signal in Skim_TriLep_DYJets.root
2025-11-07 13:08:29,634 - INFO - [2016postVFP] MISSING_CENTRAL: ZFake3Mu/Central/MHc145_MA92/score_signal in Skim_TriLep_DYJets10to50.root
2025-11-07 13:08:29,761 - INFO - [2017] MISSING_CENTRAL: ZFake3Mu/Central/MHc145_MA92/score_signal in Skim_TriLep_DYJets10to50.root
2025-11-07 13:08:29,842 - INFO - [2018] MISSING_CENTRAL: ZFake3Mu/Central/MHc145_MA92/score_signal in Skim_TriLep_DYJets10to50.root
2025-11-07 14:05:11,011 - INFO - [2016preVFP] MISSING_CENTRAL: ZFake3Mu/Central/MHc145_MA92/score_signal in Skim_TriLep_DYJets.root
2025-11-07 14:05:11,011 - INFO - [2016preVFP] MISSING_CENTRAL: ZFake3Mu/Central/MHc145_MA92/score_signal in Skim_TriLep_DYJets10to50.root
2025-11-07 14:05:11,108 - INFO - [2016postVFP] MISSING_CENTRAL: ZFake3Mu/Central/MHc145_MA92/score_signal in Skim_TriLep_DYJets.root
2025-11-07 14:05:11,109 - INFO - [2016postVFP] MISSING_CENTRAL: ZFake3Mu/Central/MHc145_MA92/score_signal in Skim_TriLep_DYJets10to50.root
2025-11-07 14:05:11,194 - INFO - [2017] MISSING_CENTRAL: ZFake3Mu/Central/MHc145_MA92/score_signal in Skim_TriLep_DYJets10to50.root
2025-11-07 14:05:11,278 - INFO - [2018] MISSING_CENTRAL: ZFake3Mu/Central/MHc145_MA92/score_signal in Skim_TriLep_DYJets10to50.root
2025-11-10 05:56:27,194 - INFO - [2016preVFP] MISSING_CENTRAL: ZFake3Mu/Central/MHc145_MA92/score_signal in Skim_TriLep_DYJets.root
2025-11-10 05:56:27,198 - INFO - [2016preVFP] MISSING_CENTRAL: ZFake3Mu/Central/MHc145_MA92/score_signal in Skim_TriLep_DYJets10to50.root
2025-11-10 05:56:27,515 - INFO - [2016postVFP] MISSING_CENTRAL: ZFake3Mu/Central/MHc145_MA92/score_signal in Skim_TriLep_DYJets.root
2025-11-10 05:56:27,515 - INFO - [2016postVFP] MISSING_CENTRAL: ZFake3Mu/Central/MHc145_MA92/score_signal in Skim_TriLep_DYJets10to50.root
2025-11-10 05:56:27,850 - INFO - [2017] MISSING_CENTRAL: ZFake3Mu/Central/MHc145_MA92/score_signal in Skim_TriLep_DYJets10to50.root
2025-11-10 05:56:28,003 - INFO - [2018] MISSING_CENTRAL: ZFake3Mu/Central/MHc145_MA92/score_signal in Skim_TriLep_DYJets10to50.root
2025-11-10 12:20:14,718 - INFO - [2016preVFP] MISSING_CENTRAL: ZFake3Mu/Central/MHc145_MA92/score_signal in Skim_TriLep_DYJets.root
2025-11-10 12:20:14,718 - INFO - [2016preVFP] MISSING_CENTRAL: ZFake3Mu/Central/MHc145_MA92/score_signal in Skim_TriLep_DYJets10to50.root
2025-11-10 12:20:14,840 - INFO - [2016postVFP] MISSING_CENTRAL: ZFake3Mu/Central/MHc145_MA92/score_signal in Skim_TriLep_DYJets.root
2025-11-10 12:20:14,840 - INFO - [2016postVFP] MISSING_CENTRAL: ZFake3Mu/Central/MHc145_MA92/score_signal in Skim_TriLep_DYJets10to50.root
2025-11-10 12:20:14,969 - INFO - [2017] MISSING_CENTRAL: ZFake3Mu/Central/MHc145_MA92/score_signal in Skim_TriLep_DYJets10to50.root
2025-11-10 12:20:15,097 - INFO - [2018] MISSING_CENTRAL: ZFake3Mu/Central/MHc145_MA92/score_signal in Skim_TriLep_DYJets10to50.root
2025-11-13 11:09:42,123 - INFO - [2016preVFP] MISSING_CENTRAL: ZFake3Mu/Central/MHc145_MA92/score_signal in Skim_TriLep_DYJets.root
2025-11-13 11:09:42,124 - INFO - [2016preVFP] MISSING_CENTRAL: ZFake3Mu/Central/MHc145_MA92/score_signal in Skim_TriLep_DYJets10to50.root
2025-11-13 11:09:42,384 - INFO - [2016postVFP] MISSING_CENTRAL: ZFake3Mu/Central/MHc145_MA92/score_signal in Skim_TriLep_DYJets.root
2025-11-13 11:09:42,387 - INFO - [2016postVFP] MISSING_CENTRAL: ZFake3Mu/Central/MHc145_MA92/score_signal in Skim_TriLep_DYJets10to50.root
2025-11-13 11:09:42,736 - INFO - [2017] MISSING_CENTRAL: ZFake3Mu/Central/MHc145_MA92/score_signal in Skim_TriLep_DYJets10to50.root
2025-11-13 11:09:42,994 - INFO - [2018] MISSING_CENTRAL: ZFake3Mu/Central/MHc145_MA92/score_signal in Skim_TriLep_DYJets10to50.root
2025-11-19 16:10:01,176 - INFO - [2016preVFP] MISSING_CENTRAL: ZFake3Mu/Central/MHc145_MA92/score_signal in Skim_TriLep_DYJets.root
2025-11-19 16:10:01,176 - INFO - [2016preVFP] MISSING_CENTRAL: ZFake3Mu/Central/MHc145_MA92/score_signal in Skim_TriLep_DYJets10to50.root
2025-11-19 16:10:01,303 - INFO - [2016postVFP] MISSING_CENTRAL: ZFake3Mu/Central/MHc145_MA92/score_signal in Skim_TriLep_DYJets.root
2025-11-19 16:10:01,303 - INFO - [2016postVFP] MISSING_CENTRAL: ZFake3Mu/Central/MHc145_MA92/score_signal in Skim_TriLep_DYJets10to50.root
2025-11-19 16:10:01,477 - INFO - [2017] MISSING_CENTRAL: ZFake3Mu/Central/MHc145_MA92/score_signal in Skim_TriLep_DYJets10to50.root
2025-11-19 16:10:01,572 - INFO - [2018] MISSING_CENTRAL: ZFake3Mu/Central/MHc145_MA92/score_signal in Skim_TriLep_DYJets10to50.root
2025-11-19 16:22:37,294 - INFO - [2016preVFP] MISSING_CENTRAL: ZFake3Mu/Central/MHc145_MA92/score_signal in Skim_TriLep_DYJets.root
2025-11-19 16:22:37,295 - INFO - [2016preVFP] MISSING_CENTRAL: ZFake3Mu/Central/MHc145_MA92/score_signal in Skim_TriLep_DYJets10to50.root
2025-11-19 16:22:37,418 - INFO - [2016postVFP] MISSING_CENTRAL: ZFake3Mu/Central/MHc145_MA92/score_signal in Skim_TriLep_DYJets.root
2025-11-19 16:22:37,418 - INFO - [2016postVFP] MISSING_CENTRAL: ZFake3Mu/Central/MHc145_MA92/score_signal in Skim_TriLep_DYJets10to50.root
2025-11-19 16:22:37,553 - INFO - [2017] MISSING_CENTRAL: ZFake3Mu/Central/MHc145_MA92/score_signal in Skim_TriLep_DYJets10to50.root
2025-11-19 16:22:37,699 - INFO - [2018] MISSING_CENTRAL: ZFake3Mu/Central/MHc145_MA92/score_signal in Skim_TriLep_DYJets10to50.root
2025-12-17 22:37:00,903 - INFO - [2016preVFP] MISSING_CENTRAL: ZFake3Mu/Central/MHc145_MA92/score_signal in Skim_TriLep_DYJets.root
2025-12-17 22:37:00,905 - INFO - [2016preVFP] MISSING_CENTRAL: ZFake3Mu/Central/MHc145_MA92/score_signal in Skim_TriLep_DYJets10to50.root
2025-12-17 22:37:00,914 - INFO - [2016preVFP] MISSING_FILE: /data9/Users/choij/Sync/workspace/ChargedHiggsAnalysisV3/SKNanoOutput/PromptSelector/Run3Mu_RunSyst/2016preVFP/Skim_TriLep_ZGToLLG.root
2025-12-17 22:37:01,188 - INFO - [2016postVFP] MISSING_CENTRAL: ZFake3Mu/Central/MHc145_MA92/score_signal in Skim_TriLep_DYJets.root
2025-12-17 22:37:01,189 - INFO - [2016postVFP] MISSING_CENTRAL: ZFake3Mu/Central/MHc145_MA92/score_signal in Skim_TriLep_DYJets10to50.root
2025-12-17 22:37:01,190 - INFO - [2016postVFP] MISSING_CENTRAL: ZFake3Mu/Central/MHc145_MA92/score_signal in Skim_TriLep_TTG.root
2025-12-17 22:37:02,593 - INFO - [2017] MISSING_CENTRAL: ZFake3Mu/Central/MHc145_MA92/score_signal in Skim_TriLep_DYJets10to50.root
2025-12-17 22:37:02,851 - INFO - [2018] MISSING_CENTRAL: ZFake3Mu/Central/MHc145_MA92/score_signal in Skim_TriLep_DYJets10to50.root
2025-12-18 14:21:12,334 - INFO - [2016preVFP] MISSING_CENTRAL: ZFake3Mu/Central/MHc145_MA92/score_signal in Skim_TriLep_DYJets.root
2025-12-18 14:21:12,335 - INFO - [2016preVFP] MISSING_CENTRAL: ZFake3Mu/Central/MHc145_MA92/score_signal in Skim_TriLep_DYJets10to50.root
2025-12-18 14:21:12,359 - INFO - [2016preVFP] MISSING_FILE: /data9/Users/choij/Sync/workspace/ChargedHiggsAnalysisV3/SKNanoOutput/PromptSelector/Run3Mu_RunSyst/2016preVFP/Skim_TriLep_ZGToLLG.root
2025-12-18 14:21:12,763 - INFO - [2016postVFP] MISSING_CENTRAL: ZFake3Mu/Central/MHc145_MA92/score_signal in Skim_TriLep_DYJets.root
2025-12-18 14:21:12,767 - INFO - [2016postVFP] MISSING_CENTRAL: ZFake3Mu/Central/MHc145_MA92/score_signal in Skim_TriLep_DYJets10to50.root
2025-12-18 14:21:12,768 - INFO - [2016postVFP] MISSING_CENTRAL: ZFake3Mu/Central/MHc145_MA92/score_signal in Skim_TriLep_TTG.root
2025-12-18 14:21:13,223 - INFO - [2017] MISSING_CENTRAL: ZFake3Mu/Central/MHc145_MA92/score_signal in Skim_TriLep_DYJets10to50.root
2025-12-18 14:21:13,512 - INFO - [2018] MISSING_CENTRAL: ZFake3Mu/Central/MHc145_MA92/score_signal in Skim_TriLep_DYJets10to50.root
2025-12-18 14:36:37,726 - INFO - [2016preVFP] MISSING_CENTRAL: ZFake3Mu/Central/MHc145_MA92/score_signal in Skim_TriLep_DYJets.root
2025-12-18 14:36:37,726 - INFO - [2016preVFP] MISSING_CENTRAL: ZFake3Mu/Central/MHc145_MA92/score_signal in Skim_TriLep_DYJets10to50.root
2025-12-18 14:36:37,727 - INFO - [2016preVFP] MISSING_FILE: /data9/Users/choij/Sync/workspace/ChargedHiggsAnalysisV3/SKNanoOutput/PromptSelector/Run3Mu_RunSyst/2016preVFP/Skim_TriLep_ZGToLLG.root
2025-12-18 14:36:37,890 - INFO - [2016postVFP] MISSING_CENTRAL: ZFake3Mu/Central/MHc145_MA92/score_signal in Skim_TriLep_DYJets.root
2025-12-18 14:36:37,891 - INFO - [2016postVFP] MISSING_CENTRAL: ZFake3Mu/Central/MHc145_MA92/score_signal in Skim_TriLep_DYJets10to50.root
2025-12-18 14:36:37,891 - INFO - [2016postVFP] MISSING_CENTRAL: ZFake3Mu/Central/MHc145_MA92/score_signal in Skim_TriLep_TTG.root
2025-12-18 14:36:38,045 - INFO - [2017] MISSING_CENTRAL: ZFake3Mu/Central/MHc145_MA92/score_signal in Skim_TriLep_DYJets10to50.root
2025-12-18 14:36:38,211 - INFO - [2018] MISSING_CENTRAL: ZFake3Mu/Central/MHc145_MA92/score_signal in Skim_TriLep_DYJets10to50.root
2026-01-07 11:46:34,675 - INFO - [2016preVFP] MISSING_CENTRAL: ZFake3Mu/Central/MHc145_MA92/score_signal in Skim_TriLep_DYJets.root
2026-01-07 11:46:34,676 - INFO - [2016preVFP] MISSING_CENTRAL: ZFake3Mu/Central/MHc145_MA92/score_signal in Skim_TriLep_DYJets10to50.root
2026-01-07 11:46:34,690 - INFO - [2016preVFP] MISSING_FILE: /data9/Users/choij/Sync/workspace/ChargedHiggsAnalysisV3/SKNanoOutput/PromptSelector/Run3Mu_RunSyst/2016preVFP/Skim_TriLep_ZGToLLG.root
2026-01-07 11:46:34,942 - INFO - [2016postVFP] MISSING_CENTRAL: ZFake3Mu/Central/MHc145_MA92/score_signal in Skim_TriLep_DYJets.root
2026-01-07 11:46:34,943 - INFO - [2016postVFP] MISSING_CENTRAL: ZFake3Mu/Central/MHc145_MA92/score_signal in Skim_TriLep_DYJets10to50.root
2026-01-07 11:46:34,944 - INFO - [2016postVFP] MISSING_CENTRAL: ZFake3Mu/Central/MHc145_MA92/score_signal in Skim_TriLep_TTG.root
2026-01-07 11:46:35,245 - INFO - [2017] MISSING_CENTRAL: ZFake3Mu/Central/MHc145_MA92/score_signal in Skim_TriLep_DYJets10to50.root
2026-01-07 11:46:35,577 - INFO - [2018] MISSING_CENTRAL: ZFake3Mu/Central/MHc145_MA92/score_signal in Skim_TriLep_DYJets10to50.root
2026-01-07 18:43:14,729 - INFO - [2016preVFP] MISSING_CENTRAL: ZFake3Mu/Central/MHc145_MA92/score_signal in Skim_TriLep_DYJets.root
2026-01-07 18:43:14,730 - INFO - [2016preVFP] MISSING_CENTRAL: ZFake3Mu/Central/MHc145_MA92/score_signal in Skim_TriLep_DYJets10to50.root
2026-01-07 18:43:14,730 - INFO - [2016preVFP] MISSING_FILE: /data9/Users/choij/Sync/workspace/ChargedHiggsAnalysisV3/SKNanoOutput/PromptSelector/Run3Mu_RunSyst/2016preVFP/Skim_TriLep_ZGToLLG.root
2026-01-07 18:43:14,990 - INFO - [2016postVFP] MISSING_CENTRAL: ZFake3Mu/Central/MHc145_MA92/score_signal in Skim_TriLep_DYJets.root
2026-01-07 18:43:14,991 - INFO - [2016postVFP] MISSING_CENTRAL: ZFake3Mu/Central/MHc145_MA92/score_signal in Skim_TriLep_DYJets10to50.root
2026-01-07 18:43:14,991 - INFO - [2016postVFP] MISSING_CENTRAL: ZFake3Mu/Central/MHc145_MA92/score_signal in Skim_TriLep_TTG.root
2026-01-07 18:43:15,219 - INFO - [2017] MISSING_CENTRAL: ZFake3Mu/Central/MHc145_MA92/score_signal in Skim_TriLep_DYJets10to50.root
2026-01-07 18:43:15,432 - INFO - [2018] MISSING_CENTRAL: ZFake3Mu/Central/MHc145_MA92/score_signal in Skim_TriLep_DYJets10to50.root
2026-01-09 12:17:14,898 - INFO - [2016preVFP] MISSING_CENTRAL: ZFake3Mu/Central/MHc145_MA92/score_signal in Skim_TriLep_DYJets.root
2026-01-09 12:17:14,899 - INFO - [2016preVFP] MISSING_CENTRAL: ZFake3Mu/Central/MHc145_MA92/score_signal in Skim_TriLep_DYJets10to50.root
2026-01-09 12:17:14,899 - INFO - [2016preVFP] MISSING_FILE: /home/choij/Sync/workspace/ChargedHiggsAnalysisV3/SKNanoOutput/PromptSelector/Run3Mu_RunSyst/2016preVFP/Skim_TriLep_ZGToLLG.root
2026-01-09 12:17:15,044 - INFO - [2016postVFP] MISSING_CENTRAL: ZFake3Mu/Central/MHc145_MA92/score_signal in Skim_TriLep_DYJets.root
2026-01-09 12:17:15,044 - INFO - [2016postVFP] MISSING_CENTRAL: ZFake3Mu/Central/MHc145_MA92/score_signal in Skim_TriLep_DYJets10to50.root
2026-01-09 12:17:15,045 - INFO - [2016postVFP] MISSING_CENTRAL: ZFake3Mu/Central/MHc145_MA92/score_signal in Skim_TriLep_TTG.root
2026-01-09 12:17:15,185 - INFO - [2017] MISSING_CENTRAL: ZFake3Mu/Central/MHc145_MA92/score_signal in Skim_TriLep_DYJets10to50.root
2026-01-09 12:17:15,350 - INFO - [2018] MISSING_CENTRAL: ZFake3Mu/Central/MHc145_MA92/score_signal in Skim_TriLep_DYJets10to50.root
2026-01-11 09:37:19,276 - INFO - [2016preVFP] MISSING_CENTRAL: ZFake3Mu/Central/MHc145_MA92/score_signal in Skim_TriLep_DYJets.root
2026-01-11 09:37:19,276 - INFO - [2016preVFP] MISSING_CENTRAL: ZFake3Mu/Central/MHc145_MA92/score_signal in Skim_TriLep_DYJets10to50.root
2026-01-11 09:37:19,276 - INFO - [2016preVFP] MISSING_FILE: /home/choij/Sync/workspace/ChargedHiggsAnalysisV3/SKNanoOutput/PromptSelector/Run3Mu_RunSyst/2016preVFP/Skim_TriLep_ZGToLLG.root
2026-01-11 09:37:19,397 - INFO - [2016postVFP] MISSING_CENTRAL: ZFake3Mu/Central/MHc145_MA92/score_signal in Skim_TriLep_DYJets.root
2026-01-11 09:37:19,398 - INFO - [2016postVFP] MISSING_CENTRAL: ZFake3Mu/Central/MHc145_MA92/score_signal in Skim_TriLep_DYJets10to50.root
2026-01-11 09:37:19,398 - INFO - [2016postVFP] MISSING_CENTRAL: ZFake3Mu/Central/MHc145_MA92/score_signal in Skim_TriLep_TTG.root
2026-01-11 09:37:19,511 - INFO - [2017] MISSING_CENTRAL: ZFake3Mu/Central/MHc145_MA92/score_signal in Skim_TriLep_DYJets10to50.root
2026-01-11 09:37:19,697 - INFO - [2018] MISSING_CENTRAL: ZFake3Mu/Central/MHc145_MA92/score_signal in Skim_TriLep_DYJets10to50.root
2026-01-12 13:45:57,914 - INFO - [2016preVFP] MISSING_FILE: /home/choij/Sync/workspace/ChargedHiggsAnalysisV3/SKNanoOutput/MatrixSelector/Run3Mu/2016preVFP/Skim_TriLep_DoubleMuon_B.root
2026-01-12 13:45:57,914 - INFO - [2016preVFP] MISSING_FILE: /home/choij/Sync/workspace/ChargedHiggsAnalysisV3/SKNanoOutput/MatrixSelector/Run3Mu/2016preVFP/Skim_TriLep_DoubleMuon_C.root
2026-01-12 13:45:57,915 - INFO - [2016preVFP] MISSING_FILE: /home/choij/Sync/workspace/ChargedHiggsAnalysisV3/SKNanoOutput/MatrixSelector/Run3Mu/2016preVFP/Skim_TriLep_DoubleMuon_D.root
2026-01-12 13:45:57,915 - INFO - [2016preVFP] MISSING_FILE: /home/choij/Sync/workspace/ChargedHiggsAnalysisV3/SKNanoOutput/MatrixSelector/Run3Mu/2016preVFP/Skim_TriLep_DoubleMuon_E.root
2026-01-12 13:45:57,915 - INFO - [2016preVFP] MISSING_FILE: /home/choij/Sync/workspace/ChargedHiggsAnalysisV3/SKNanoOutput/MatrixSelector/Run3Mu/2016preVFP/Skim_TriLep_DoubleMuon_F.root
2026-01-12 13:45:57,916 - INFO - [2016preVFP] MISSING_CENTRAL: ZFake3Mu/Central/MHc145_MA92/score_signal in Skim_TriLep_DYJets.root
2026-01-12 13:45:57,916 - INFO - [2016preVFP] MISSING_CENTRAL: ZFake3Mu/Central/MHc145_MA92/score_signal in Skim_TriLep_DYJets10to50.root
2026-01-12 13:45:57,916 - INFO - [2016preVFP] MISSING_FILE: /home/choij/Sync/workspace/ChargedHiggsAnalysisV3/SKNanoOutput/PromptSelector/Run3Mu_RunSyst/2016preVFP/Skim_TriLep_ZGToLLG.root
2026-01-12 13:45:58,091 - INFO - [2016postVFP] MISSING_FILE: /home/choij/Sync/workspace/ChargedHiggsAnalysisV3/SKNanoOutput/MatrixSelector/Run3Mu/2016postVFP/Skim_TriLep_DoubleMuon_F.root
2026-01-12 13:45:58,091 - INFO - [2016postVFP] MISSING_FILE: /home/choij/Sync/workspace/ChargedHiggsAnalysisV3/SKNanoOutput/MatrixSelector/Run3Mu/2016postVFP/Skim_TriLep_DoubleMuon_G.root
2026-01-12 13:45:58,091 - INFO - [2016postVFP] MISSING_FILE: /home/choij/Sync/workspace/ChargedHiggsAnalysisV3/SKNanoOutput/MatrixSelector/Run3Mu/2016postVFP/Skim_TriLep_DoubleMuon_H.root
2026-01-12 13:45:58,092 - INFO - [2016postVFP] MISSING_CENTRAL: ZFake3Mu/Central/MHc145_MA92/score_signal in Skim_TriLep_DYJets.root
2026-01-12 13:45:58,093 - INFO - [2016postVFP] MISSING_CENTRAL: ZFake3Mu/Central/MHc145_MA92/score_signal in Skim_TriLep_DYJets10to50.root
2026-01-12 13:45:58,093 - INFO - [2016postVFP] MISSING_CENTRAL: ZFake3Mu/Central/MHc145_MA92/score_signal in Skim_TriLep_TTG.root
2026-01-12 13:45:58,215 - INFO - [2017] MISSING_FILE: /home/choij/Sync/workspace/ChargedHiggsAnalysisV3/SKNanoOutput/MatrixSelector/Run3Mu/2017/Skim_TriLep_DoubleMuon_B.root
2026-01-12 13:45:58,216 - INFO - [2017] MISSING_FILE: /home/choij/Sync/workspace/ChargedHiggsAnalysisV3/SKNanoOutput/MatrixSelector/Run3Mu/2017/Skim_TriLep_DoubleMuon_C.root
2026-01-12 13:45:58,216 - INFO - [2017] MISSING_FILE: /home/choij/Sync/workspace/ChargedHiggsAnalysisV3/SKNanoOutput/MatrixSelector/Run3Mu/2017/Skim_TriLep_DoubleMuon_D.root
2026-01-12 13:45:58,216 - INFO - [2017] MISSING_FILE: /home/choij/Sync/workspace/ChargedHiggsAnalysisV3/SKNanoOutput/MatrixSelector/Run3Mu/2017/Skim_TriLep_DoubleMuon_E.root
2026-01-12 13:45:58,216 - INFO - [2017] MISSING_FILE: /home/choij/Sync/workspace/ChargedHiggsAnalysisV3/SKNanoOutput/MatrixSelector/Run3Mu/2017/Skim_TriLep_DoubleMuon_F.root
2026-01-12 13:45:58,226 - INFO - [2017] MISSING_CENTRAL: ZFake3Mu/Central/MHc145_MA92/score_signal in Skim_TriLep_DYJets10to50.root
2026-01-12 13:45:58,355 - INFO - [2018] MISSING_FILE: /home/choij/Sync/workspace/ChargedHiggsAnalysisV3/SKNanoOutput/MatrixSelector/Run3Mu/2018/Skim_TriLep_DoubleMuon_A.root
2026-01-12 13:45:58,356 - INFO - [2018] MISSING_FILE: /home/choij/Sync/workspace/ChargedHiggsAnalysisV3/SKNanoOutput/MatrixSelector/Run3Mu/2018/Skim_TriLep_DoubleMuon_B.root
2026-01-12 13:45:58,356 - INFO - [2018] MISSING_FILE: /home/choij/Sync/workspace/ChargedHiggsAnalysisV3/SKNanoOutput/MatrixSelector/Run3Mu/2018/Skim_TriLep_DoubleMuon_C.root
2026-01-12 13:45:58,356 - INFO - [2018] MISSING_FILE: /home/choij/Sync/workspace/ChargedHiggsAnalysisV3/SKNanoOutput/MatrixSelector/Run3Mu/2018/Skim_TriLep_DoubleMuon_D.root
2026-01-12 13:45:58,364 - INFO - [2018] MISSING_CENTRAL: ZFake3Mu/Central/MHc145_MA92/score_signal in Skim_TriLep_DYJets10to50.root
2026-01-16 19:01:05,722 - INFO - [2016preVFP] MISSING_CENTRAL: ZFake3Mu/Central/MHc145_MA92/score_signal in Skim_TriLep_DYJets.root
2026-01-16 19:01:05,723 - INFO - [2016preVFP] MISSING_CENTRAL: ZFake3Mu/Central/MHc145_MA92/score_signal in Skim_TriLep_DYJets10to50.root
2026-01-16 19:01:05,723 - INFO - [2016preVFP] MISSING_FILE: /home/choij/Sync/workspace/ChargedHiggsAnalysisV3/SKNanoOutput/PromptSelector/Run3Mu_RunSyst/2016preVFP/Skim_TriLep_ZGToLLG.root
2026-01-16 19:01:05,864 - INFO - [2016postVFP] MISSING_CENTRAL: ZFake3Mu/Central/MHc145_MA92/score_signal in Skim_TriLep_DYJets.root
2026-01-16 19:01:05,864 - INFO - [2016postVFP] MISSING_CENTRAL: ZFake3Mu/Central/MHc145_MA92/score_signal in Skim_TriLep_DYJets10to50.root
2026-01-16 19:01:05,865 - INFO - [2016postVFP] MISSING_CENTRAL: ZFake3Mu/Central/MHc145_MA92/score_signal in Skim_TriLep_TTG.root
2026-01-16 19:01:05,992 - INFO - [2017] MISSING_CENTRAL: ZFake3Mu/Central/MHc145_MA92/score_signal in Skim_TriLep_DYJets10to50.root
2026-01-16 19:01:06,144 - INFO - [2018] MISSING_CENTRAL: ZFake3Mu/Central/MHc145_MA92/score_signal in Skim_TriLep_DYJets10to50.root
