2025-12-18 14:21:11,978 - INFO - [2016preVFP] MISSING_CENTRAL: ZFake3Mu/Central/MHc130_MA90/LR_nonprompt in Skim_TriLep_DYJets.root
2025-12-18 14:21:11,980 - INFO - [2016preVFP] MISSING_CENTRAL: ZFake3Mu/Central/MHc130_MA90/LR_nonprompt in Skim_TriLep_DYJets10to50.root
2025-12-18 14:21:11,980 - INFO - [2016preVFP] MISSING_FILE: /data9/Users/choij/Sync/workspace/ChargedHiggsAnalysisV3/SKNanoOutput/PromptSelector/Run3Mu_RunSyst/2016preVFP/Skim_TriLep_ZGToLLG.root
2025-12-18 14:21:12,352 - INFO - [2016postVFP] MISSING_CENTRAL: ZFake3Mu/Central/MHc130_MA90/LR_nonprompt in Skim_TriLep_DYJets.root
2025-12-18 14:21:12,353 - INFO - [2016postVFP] MISSING_CENTRAL: ZFake3Mu/Central/MHc130_MA90/LR_nonprompt in Skim_TriLep_DYJets10to50.root
2025-12-18 14:21:12,354 - INFO - [2016postVFP] MISSING_CENTRAL: ZFake3Mu/Central/MHc130_MA90/LR_nonprompt in Skim_TriLep_TTG.root
2025-12-18 14:21:12,749 - INFO - [2017] MISSING_CENTRAL: ZFake3Mu/Central/MHc130_MA90/LR_nonprompt in Skim_TriLep_DYJets10to50.root
2025-12-18 14:21:13,136 - INFO - [2018] MISSING_CENTRAL: ZFake3Mu/Central/MHc130_MA90/LR_nonprompt in Skim_TriLep_DYJets10to50.root
2025-12-18 14:36:36,270 - INFO - [2016preVFP] MISSING_CENTRAL: ZFake3Mu/Central/MHc130_MA90/LR_nonprompt in Skim_TriLep_DYJets.root
2025-12-18 14:36:36,271 - INFO - [2016preVFP] MISSING_CENTRAL: ZFake3Mu/Central/MHc130_MA90/LR_nonprompt in Skim_TriLep_DYJets10to50.root
2025-12-18 14:36:36,271 - INFO - [2016preVFP] MISSING_FILE: /data9/Users/choij/Sync/workspace/ChargedHiggsAnalysisV3/SKNanoOutput/PromptSelector/Run3Mu_RunSyst/2016preVFP/Skim_TriLep_ZGToLLG.root
2025-12-18 14:36:36,651 - INFO - [2016postVFP] MISSING_CENTRAL: ZFake3Mu/Central/MHc130_MA90/LR_nonprompt in Skim_TriLep_DYJets.root
2025-12-18 14:36:36,653 - INFO - [2016postVFP] MISSING_CENTRAL: ZFake3Mu/Central/MHc130_MA90/LR_nonprompt in Skim_TriLep_DYJets10to50.root
2025-12-18 14:36:36,654 - INFO - [2016postVFP] MISSING_CENTRAL: ZFake3Mu/Central/MHc130_MA90/LR_nonprompt in Skim_TriLep_TTG.root
2025-12-18 14:36:37,024 - INFO - [2017] MISSING_CENTRAL: ZFake3Mu/Central/MHc130_MA90/LR_nonprompt in Skim_TriLep_DYJets10to50.root
2025-12-18 14:36:37,361 - INFO - [2018] MISSING_CENTRAL: ZFake3Mu/Central/MHc130_MA90/LR_nonprompt in Skim_TriLep_DYJets10to50.root
2026-01-07 11:46:34,710 - INFO - [2016preVFP] MISSING_CENTRAL: ZFake3Mu/Central/MHc130_MA90/LR_nonprompt in Skim_TriLep_DYJets.root
2026-01-07 11:46:34,711 - INFO - [2016preVFP] MISSING_CENTRAL: ZFake3Mu/Central/MHc130_MA90/LR_nonprompt in Skim_TriLep_DYJets10to50.root
2026-01-07 11:46:34,711 - INFO - [2016preVFP] MISSING_FILE: /data9/Users/choij/Sync/workspace/ChargedHiggsAnalysisV3/SKNanoOutput/PromptSelector/Run3Mu_RunSyst/2016preVFP/Skim_TriLep_ZGToLLG.root
2026-01-07 11:46:35,231 - INFO - [2016postVFP] MISSING_CENTRAL: ZFake3Mu/Central/MHc130_MA90/LR_nonprompt in Skim_TriLep_DYJets.root
2026-01-07 11:46:35,237 - INFO - [2016postVFP] MISSING_CENTRAL: ZFake3Mu/Central/MHc130_MA90/LR_nonprompt in Skim_TriLep_DYJets10to50.root
2026-01-07 11:46:35,238 - INFO - [2016postVFP] MISSING_CENTRAL: ZFake3Mu/Central/MHc130_MA90/LR_nonprompt in Skim_TriLep_TTG.root
2026-01-07 11:46:35,665 - INFO - [2017] MISSING_CENTRAL: ZFake3Mu/Central/MHc130_MA90/LR_nonprompt in Skim_TriLep_DYJets10to50.root
2026-01-07 11:46:35,847 - INFO - [2018] MISSING_CENTRAL: ZFake3Mu/Central/MHc130_MA90/LR_nonprompt in Skim_TriLep_DYJets10to50.root
2026-01-07 18:43:14,763 - INFO - [2016preVFP] MISSING_CENTRAL: ZFake3Mu/Central/MHc130_MA90/LR_nonprompt in Skim_TriLep_DYJets.root
2026-01-07 18:43:14,768 - INFO - [2016preVFP] MISSING_CENTRAL: ZFake3Mu/Central/MHc130_MA90/LR_nonprompt in Skim_TriLep_DYJets10to50.root
2026-01-07 18:43:14,768 - INFO - [2016preVFP] MISSING_FILE: /data9/Users/choij/Sync/workspace/ChargedHiggsAnalysisV3/SKNanoOutput/PromptSelector/Run3Mu_RunSyst/2016preVFP/Skim_TriLep_ZGToLLG.root
2026-01-07 18:43:15,047 - INFO - [2016postVFP] MISSING_CENTRAL: ZFake3Mu/Central/MHc130_MA90/LR_nonprompt in Skim_TriLep_DYJets.root
2026-01-07 18:43:15,048 - INFO - [2016postVFP] MISSING_CENTRAL: ZFake3Mu/Central/MHc130_MA90/LR_nonprompt in Skim_TriLep_DYJets10to50.root
2026-01-07 18:43:15,049 - INFO - [2016postVFP] MISSING_CENTRAL: ZFake3Mu/Central/MHc130_MA90/LR_nonprompt in Skim_TriLep_TTG.root
2026-01-07 18:43:15,281 - INFO - [2017] MISSING_CENTRAL: ZFake3Mu/Central/MHc130_MA90/LR_nonprompt in Skim_TriLep_DYJets10to50.root
2026-01-07 18:43:15,502 - INFO - [2018] MISSING_CENTRAL: ZFake3Mu/Central/MHc130_MA90/LR_nonprompt in Skim_TriLep_DYJets10to50.root
2026-01-09 12:17:14,094 - INFO - [2016preVFP] MISSING_CENTRAL: ZFake3Mu/Central/MHc130_MA90/LR_nonprompt in Skim_TriLep_DYJets.root
2026-01-09 12:17:14,095 - INFO - [2016preVFP] MISSING_CENTRAL: ZFake3Mu/Central/MHc130_MA90/LR_nonprompt in Skim_TriLep_DYJets10to50.root
2026-01-09 12:17:14,095 - INFO - [2016preVFP] MISSING_FILE: /home/choij/Sync/workspace/ChargedHiggsAnalysisV3/SKNanoOutput/PromptSelector/Run3Mu_RunSyst/2016preVFP/Skim_TriLep_ZGToLLG.root
2026-01-09 12:17:14,217 - INFO - [2016postVFP] MISSING_CENTRAL: ZFake3Mu/Central/MHc130_MA90/LR_nonprompt in Skim_TriLep_DYJets.root
2026-01-09 12:17:14,218 - INFO - [2016postVFP] MISSING_CENTRAL: ZFake3Mu/Central/MHc130_MA90/LR_nonprompt in Skim_TriLep_DYJets10to50.root
2026-01-09 12:17:14,218 - INFO - [2016postVFP] MISSING_CENTRAL: ZFake3Mu/Central/MHc130_MA90/LR_nonprompt in Skim_TriLep_TTG.root
2026-01-09 12:17:14,341 - INFO - [2017] MISSING_CENTRAL: ZFake3Mu/Central/MHc130_MA90/LR_nonprompt in Skim_TriLep_DYJets10to50.root
2026-01-09 12:17:14,475 - INFO - [2018] MISSING_CENTRAL: ZFake3Mu/Central/MHc130_MA90/LR_nonprompt in Skim_TriLep_DYJets10to50.root
2026-01-11 09:37:18,279 - INFO - [2016preVFP] MISSING_CENTRAL: ZFake3Mu/Central/MHc130_MA90/LR_nonprompt in Skim_TriLep_DYJets.root
2026-01-11 09:37:18,280 - INFO - [2016preVFP] MISSING_CENTRAL: ZFake3Mu/Central/MHc130_MA90/LR_nonprompt in Skim_TriLep_DYJets10to50.root
2026-01-11 09:37:18,280 - INFO - [2016preVFP] MISSING_FILE: /home/choij/Sync/workspace/ChargedHiggsAnalysisV3/SKNanoOutput/PromptSelector/Run3Mu_RunSyst/2016preVFP/Skim_TriLep_ZGToLLG.root
2026-01-11 09:37:18,442 - INFO - [2016postVFP] MISSING_CENTRAL: ZFake3Mu/Central/MHc130_MA90/LR_nonprompt in Skim_TriLep_DYJets.root
2026-01-11 09:37:18,443 - INFO - [2016postVFP] MISSING_CENTRAL: ZFake3Mu/Central/MHc130_MA90/LR_nonprompt in Skim_TriLep_DYJets10to50.root
2026-01-11 09:37:18,443 - INFO - [2016postVFP] MISSING_CENTRAL: ZFake3Mu/Central/MHc130_MA90/LR_nonprompt in Skim_TriLep_TTG.root
2026-01-11 09:37:18,571 - INFO - [2017] MISSING_CENTRAL: ZFake3Mu/Central/MHc130_MA90/LR_nonprompt in Skim_TriLep_DYJets10to50.root
2026-01-11 09:37:18,768 - INFO - [2018] MISSING_CENTRAL: ZFake3Mu/Central/MHc130_MA90/LR_nonprompt in Skim_TriLep_DYJets10to50.root
2026-01-12 13:45:56,611 - INFO - [2016preVFP] MISSING_FILE: /home/choij/Sync/workspace/ChargedHiggsAnalysisV3/SKNanoOutput/MatrixSelector/Run3Mu/2016preVFP/Skim_TriLep_DoubleMuon_B.root
2026-01-12 13:45:56,612 - INFO - [2016preVFP] MISSING_FILE: /home/choij/Sync/workspace/ChargedHiggsAnalysisV3/SKNanoOutput/MatrixSelector/Run3Mu/2016preVFP/Skim_TriLep_DoubleMuon_C.root
2026-01-12 13:45:56,612 - INFO - [2016preVFP] MISSING_FILE: /home/choij/Sync/workspace/ChargedHiggsAnalysisV3/SKNanoOutput/MatrixSelector/Run3Mu/2016preVFP/Skim_TriLep_DoubleMuon_D.root
2026-01-12 13:45:56,612 - INFO - [2016preVFP] MISSING_FILE: /home/choij/Sync/workspace/ChargedHiggsAnalysisV3/SKNanoOutput/MatrixSelector/Run3Mu/2016preVFP/Skim_TriLep_DoubleMuon_E.root
2026-01-12 13:45:56,612 - INFO - [2016preVFP] MISSING_FILE: /home/choij/Sync/workspace/ChargedHiggsAnalysisV3/SKNanoOutput/MatrixSelector/Run3Mu/2016preVFP/Skim_TriLep_DoubleMuon_F.root
2026-01-12 13:45:56,612 - INFO - [2016preVFP] MISSING_CENTRAL: ZFake3Mu/Central/MHc130_MA90/LR_nonprompt in Skim_TriLep_DYJets.root
2026-01-12 13:45:56,613 - INFO - [2016preVFP] MISSING_CENTRAL: ZFake3Mu/Central/MHc130_MA90/LR_nonprompt in Skim_TriLep_DYJets10to50.root
2026-01-12 13:45:56,613 - INFO - [2016preVFP] MISSING_FILE: /home/choij/Sync/workspace/ChargedHiggsAnalysisV3/SKNanoOutput/PromptSelector/Run3Mu_RunSyst/2016preVFP/Skim_TriLep_ZGToLLG.root
2026-01-12 13:45:56,745 - INFO - [2016postVFP] MISSING_FILE: /home/choij/Sync/workspace/ChargedHiggsAnalysisV3/SKNanoOutput/MatrixSelector/Run3Mu/2016postVFP/Skim_TriLep_DoubleMuon_F.root
2026-01-12 13:45:56,745 - INFO - [2016postVFP] MISSING_FILE: /home/choij/Sync/workspace/ChargedHiggsAnalysisV3/SKNanoOutput/MatrixSelector/Run3Mu/2016postVFP/Skim_TriLep_DoubleMuon_G.root
2026-01-12 13:45:56,745 - INFO - [2016postVFP] MISSING_FILE: /home/choij/Sync/workspace/ChargedHiggsAnalysisV3/SKNanoOutput/MatrixSelector/Run3Mu/2016postVFP/Skim_TriLep_DoubleMuon_H.root
2026-01-12 13:45:56,746 - INFO - [2016postVFP] MISSING_CENTRAL: ZFake3Mu/Central/MHc130_MA90/LR_nonprompt in Skim_TriLep_DYJets.root
2026-01-12 13:45:56,746 - INFO - [2016postVFP] MISSING_CENTRAL: ZFake3Mu/Central/MHc130_MA90/LR_nonprompt in Skim_TriLep_DYJets10to50.root
2026-01-12 13:45:56,747 - INFO - [2016postVFP] MISSING_CENTRAL: ZFake3Mu/Central/MHc130_MA90/LR_nonprompt in Skim_TriLep_TTG.root
2026-01-12 13:45:56,855 - INFO - [2017] MISSING_FILE: /home/choij/Sync/workspace/ChargedHiggsAnalysisV3/SKNanoOutput/MatrixSelector/Run3Mu/2017/Skim_TriLep_DoubleMuon_B.root
2026-01-12 13:45:56,855 - INFO - [2017] MISSING_FILE: /home/choij/Sync/workspace/ChargedHiggsAnalysisV3/SKNanoOutput/MatrixSelector/Run3Mu/2017/Skim_TriLep_DoubleMuon_C.root
2026-01-12 13:45:56,855 - INFO - [2017] MISSING_FILE: /home/choij/Sync/workspace/ChargedHiggsAnalysisV3/SKNanoOutput/MatrixSelector/Run3Mu/2017/Skim_TriLep_DoubleMuon_D.root
2026-01-12 13:45:56,855 - INFO - [2017] MISSING_FILE: /home/choij/Sync/workspace/ChargedHiggsAnalysisV3/SKNanoOutput/MatrixSelector/Run3Mu/2017/Skim_TriLep_DoubleMuon_E.root
2026-01-12 13:45:56,855 - INFO - [2017] MISSING_FILE: /home/choij/Sync/workspace/ChargedHiggsAnalysisV3/SKNanoOutput/MatrixSelector/Run3Mu/2017/Skim_TriLep_DoubleMuon_F.root
2026-01-12 13:45:56,863 - INFO - [2017] MISSING_CENTRAL: ZFake3Mu/Central/MHc130_MA90/LR_nonprompt in Skim_TriLep_DYJets10to50.root
2026-01-12 13:45:57,016 - INFO - [2018] MISSING_FILE: /home/choij/Sync/workspace/ChargedHiggsAnalysisV3/SKNanoOutput/MatrixSelector/Run3Mu/2018/Skim_TriLep_DoubleMuon_A.root
2026-01-12 13:45:57,016 - INFO - [2018] MISSING_FILE: /home/choij/Sync/workspace/ChargedHiggsAnalysisV3/SKNanoOutput/MatrixSelector/Run3Mu/2018/Skim_TriLep_DoubleMuon_B.root
2026-01-12 13:45:57,016 - INFO - [2018] MISSING_FILE: /home/choij/Sync/workspace/ChargedHiggsAnalysisV3/SKNanoOutput/MatrixSelector/Run3Mu/2018/Skim_TriLep_DoubleMuon_C.root
2026-01-12 13:45:57,016 - INFO - [2018] MISSING_FILE: /home/choij/Sync/workspace/ChargedHiggsAnalysisV3/SKNanoOutput/MatrixSelector/Run3Mu/2018/Skim_TriLep_DoubleMuon_D.root
2026-01-12 13:45:57,025 - INFO - [2018] MISSING_CENTRAL: ZFake3Mu/Central/MHc130_MA90/LR_nonprompt in Skim_TriLep_DYJets10to50.root
2026-01-16 19:01:03,490 - INFO - [2016preVFP] MISSING_CENTRAL: ZFake3Mu/Central/MHc130_MA90/LR_nonprompt in Skim_TriLep_DYJets.root
2026-01-16 19:01:03,491 - INFO - [2016preVFP] MISSING_CENTRAL: ZFake3Mu/Central/MHc130_MA90/LR_nonprompt in Skim_TriLep_DYJets10to50.root
2026-01-16 19:01:03,491 - INFO - [2016preVFP] MISSING_FILE: /home/choij/Sync/workspace/ChargedHiggsAnalysisV3/SKNanoOutput/PromptSelector/Run3Mu_RunSyst/2016preVFP/Skim_TriLep_ZGToLLG.root
2026-01-16 19:01:03,615 - INFO - [2016postVFP] MISSING_CENTRAL: ZFake3Mu/Central/MHc130_MA90/LR_nonprompt in Skim_TriLep_DYJets.root
2026-01-16 19:01:03,616 - INFO - [2016postVFP] MISSING_CENTRAL: ZFake3Mu/Central/MHc130_MA90/LR_nonprompt in Skim_TriLep_DYJets10to50.root
2026-01-16 19:01:03,616 - INFO - [2016postVFP] MISSING_CENTRAL: ZFake3Mu/Central/MHc130_MA90/LR_nonprompt in Skim_TriLep_TTG.root
2026-01-16 19:01:03,742 - INFO - [2017] MISSING_CENTRAL: ZFake3Mu/Central/MHc130_MA90/LR_nonprompt in Skim_TriLep_DYJets10to50.root
2026-01-16 19:01:03,893 - INFO - [2018] MISSING_CENTRAL: ZFake3Mu/Central/MHc130_MA90/LR_nonprompt in Skim_TriLep_DYJets10to50.root
