2025-11-05 22:19:54,398 - INFO - [2016preVFP] MISSING_CENTRAL: ZFake3Mu/Central/muons/3/min_dR_bjets in Skim_TriLep_DoubleMuon_B.root
2025-11-05 22:19:54,399 - INFO - [2016preVFP] MISSING_CENTRAL: ZFake3Mu/Central/muons/3/min_dR_bjets in Skim_TriLep_DoubleMuon_C.root
2025-11-05 22:19:54,399 - INFO - [2016preVFP] MISSING_CENTRAL: ZFake3Mu/Central/muons/3/min_dR_bjets in Skim_TriLep_DoubleMuon_D.root
2025-11-05 22:19:54,400 - INFO - [2016preVFP] MISSING_CENTRAL: ZFake3Mu/Central/muons/3/min_dR_bjets in Skim_TriLep_DoubleMuon_E.root
2025-11-05 22:19:54,401 - INFO - [2016preVFP] MISSING_CENTRAL: ZFake3Mu/Central/muons/3/min_dR_bjets in Skim_TriLep_DoubleMuon_F.root
2025-11-05 22:19:54,401 - INFO - [2016postVFP] MISSING_CENTRAL: ZFake3Mu/Central/muons/3/min_dR_bjets in Skim_TriLep_DoubleMuon_F.root
2025-11-05 22:19:54,402 - INFO - [2016postVFP] MISSING_CENTRAL: ZFake3Mu/Central/muons/3/min_dR_bjets in Skim_TriLep_DoubleMuon_G.root
2025-11-05 22:19:54,402 - INFO - [2016postVFP] MISSING_CENTRAL: ZFake3Mu/Central/muons/3/min_dR_bjets in Skim_TriLep_DoubleMuon_H.root
2025-11-05 22:19:54,403 - INFO - [2017] MISSING_CENTRAL: ZFake3Mu/Central/muons/3/min_dR_bjets in Skim_TriLep_DoubleMuon_B.root
2025-11-05 22:19:54,404 - INFO - [2017] MISSING_CENTRAL: ZFake3Mu/Central/muons/3/min_dR_bjets in Skim_TriLep_DoubleMuon_C.root
2025-11-05 22:19:54,404 - INFO - [2017] MISSING_CENTRAL: ZFake3Mu/Central/muons/3/min_dR_bjets in Skim_TriLep_DoubleMuon_D.root
2025-11-05 22:19:54,405 - INFO - [2017] MISSING_CENTRAL: ZFake3Mu/Central/muons/3/min_dR_bjets in Skim_TriLep_DoubleMuon_E.root
2025-11-05 22:19:54,405 - INFO - [2017] MISSING_CENTRAL: ZFake3Mu/Central/muons/3/min_dR_bjets in Skim_TriLep_DoubleMuon_F.root
2025-11-05 22:19:54,406 - INFO - [2018] MISSING_CENTRAL: ZFake3Mu/Central/muons/3/min_dR_bjets in Skim_TriLep_DoubleMuon_A.root
2025-11-05 22:19:54,407 - INFO - [2018] MISSING_CENTRAL: ZFake3Mu/Central/muons/3/min_dR_bjets in Skim_TriLep_DoubleMuon_B.root
2025-11-05 22:19:54,407 - INFO - [2018] MISSING_CENTRAL: ZFake3Mu/Central/muons/3/min_dR_bjets in Skim_TriLep_DoubleMuon_C.root
2025-11-05 22:19:54,408 - INFO - [2018] MISSING_CENTRAL: ZFake3Mu/Central/muons/3/min_dR_bjets in Skim_TriLep_DoubleMuon_D.root
2025-11-05 23:24:28,323 - INFO - [2016preVFP] MISSING_CENTRAL: ZFake3Mu/Central/muons/3/min_dR_bjets in Skim_TriLep_DoubleMuon_B.root
2025-11-05 23:24:28,328 - INFO - [2016preVFP] MISSING_CENTRAL: ZFake3Mu/Central/muons/3/min_dR_bjets in Skim_TriLep_DoubleMuon_C.root
2025-11-05 23:24:28,330 - INFO - [2016preVFP] MISSING_CENTRAL: ZFake3Mu/Central/muons/3/min_dR_bjets in Skim_TriLep_DoubleMuon_D.root
2025-11-05 23:24:28,331 - INFO - [2016preVFP] MISSING_CENTRAL: ZFake3Mu/Central/muons/3/min_dR_bjets in Skim_TriLep_DoubleMuon_E.root
2025-11-05 23:24:28,333 - INFO - [2016preVFP] MISSING_CENTRAL: ZFake3Mu/Central/muons/3/min_dR_bjets in Skim_TriLep_DoubleMuon_F.root
2025-11-05 23:24:28,334 - INFO - [2016postVFP] MISSING_CENTRAL: ZFake3Mu/Central/muons/3/min_dR_bjets in Skim_TriLep_DoubleMuon_F.root
2025-11-05 23:24:28,336 - INFO - [2016postVFP] MISSING_CENTRAL: ZFake3Mu/Central/muons/3/min_dR_bjets in Skim_TriLep_DoubleMuon_G.root
2025-11-05 23:24:28,337 - INFO - [2016postVFP] MISSING_CENTRAL: ZFake3Mu/Central/muons/3/min_dR_bjets in Skim_TriLep_DoubleMuon_H.root
2025-11-05 23:24:28,339 - INFO - [2017] MISSING_CENTRAL: ZFake3Mu/Central/muons/3/min_dR_bjets in Skim_TriLep_DoubleMuon_B.root
2025-11-05 23:24:28,341 - INFO - [2017] MISSING_CENTRAL: ZFake3Mu/Central/muons/3/min_dR_bjets in Skim_TriLep_DoubleMuon_C.root
2025-11-05 23:24:28,342 - INFO - [2017] MISSING_CENTRAL: ZFake3Mu/Central/muons/3/min_dR_bjets in Skim_TriLep_DoubleMuon_D.root
2025-11-05 23:24:28,342 - INFO - [2017] MISSING_CENTRAL: ZFake3Mu/Central/muons/3/min_dR_bjets in Skim_TriLep_DoubleMuon_E.root
2025-11-05 23:24:28,343 - INFO - [2017] MISSING_CENTRAL: ZFake3Mu/Central/muons/3/min_dR_bjets in Skim_TriLep_DoubleMuon_F.root
2025-11-05 23:24:28,343 - INFO - [2018] MISSING_CENTRAL: ZFake3Mu/Central/muons/3/min_dR_bjets in Skim_TriLep_DoubleMuon_A.root
2025-11-05 23:24:28,344 - INFO - [2018] MISSING_CENTRAL: ZFake3Mu/Central/muons/3/min_dR_bjets in Skim_TriLep_DoubleMuon_B.root
2025-11-05 23:24:28,345 - INFO - [2018] MISSING_CENTRAL: ZFake3Mu/Central/muons/3/min_dR_bjets in Skim_TriLep_DoubleMuon_C.root
2025-11-05 23:24:28,345 - INFO - [2018] MISSING_CENTRAL: ZFake3Mu/Central/muons/3/min_dR_bjets in Skim_TriLep_DoubleMuon_D.root
2025-11-07 12:27:39,297 - INFO - [2016preVFP] MISSING_CENTRAL: ZFake3Mu/Central/muons/3/min_dR_bjets in Skim_TriLep_DoubleMuon_B.root
2025-11-07 12:27:39,298 - INFO - [2016preVFP] MISSING_CENTRAL: ZFake3Mu/Central/muons/3/min_dR_bjets in Skim_TriLep_DoubleMuon_C.root
2025-11-07 12:27:39,298 - INFO - [2016preVFP] MISSING_CENTRAL: ZFake3Mu/Central/muons/3/min_dR_bjets in Skim_TriLep_DoubleMuon_D.root
2025-11-07 12:27:39,299 - INFO - [2016preVFP] MISSING_CENTRAL: ZFake3Mu/Central/muons/3/min_dR_bjets in Skim_TriLep_DoubleMuon_E.root
2025-11-07 12:27:39,299 - INFO - [2016preVFP] MISSING_CENTRAL: ZFake3Mu/Central/muons/3/min_dR_bjets in Skim_TriLep_DoubleMuon_F.root
2025-11-07 12:27:39,300 - INFO - [2016postVFP] MISSING_CENTRAL: ZFake3Mu/Central/muons/3/min_dR_bjets in Skim_TriLep_DoubleMuon_F.root
2025-11-07 12:27:39,300 - INFO - [2016postVFP] MISSING_CENTRAL: ZFake3Mu/Central/muons/3/min_dR_bjets in Skim_TriLep_DoubleMuon_G.root
2025-11-07 12:27:39,301 - INFO - [2016postVFP] MISSING_CENTRAL: ZFake3Mu/Central/muons/3/min_dR_bjets in Skim_TriLep_DoubleMuon_H.root
2025-11-07 12:27:39,302 - INFO - [2017] MISSING_CENTRAL: ZFake3Mu/Central/muons/3/min_dR_bjets in Skim_TriLep_DoubleMuon_B.root
2025-11-07 12:27:39,302 - INFO - [2017] MISSING_CENTRAL: ZFake3Mu/Central/muons/3/min_dR_bjets in Skim_TriLep_DoubleMuon_C.root
2025-11-07 12:27:39,303 - INFO - [2017] MISSING_CENTRAL: ZFake3Mu/Central/muons/3/min_dR_bjets in Skim_TriLep_DoubleMuon_D.root
2025-11-07 12:27:39,303 - INFO - [2017] MISSING_CENTRAL: ZFake3Mu/Central/muons/3/min_dR_bjets in Skim_TriLep_DoubleMuon_E.root
2025-11-07 12:27:39,304 - INFO - [2017] MISSING_CENTRAL: ZFake3Mu/Central/muons/3/min_dR_bjets in Skim_TriLep_DoubleMuon_F.root
2025-11-07 12:27:39,304 - INFO - [2018] MISSING_CENTRAL: ZFake3Mu/Central/muons/3/min_dR_bjets in Skim_TriLep_DoubleMuon_A.root
2025-11-07 12:27:39,305 - INFO - [2018] MISSING_CENTRAL: ZFake3Mu/Central/muons/3/min_dR_bjets in Skim_TriLep_DoubleMuon_B.root
2025-11-07 12:27:39,305 - INFO - [2018] MISSING_CENTRAL: ZFake3Mu/Central/muons/3/min_dR_bjets in Skim_TriLep_DoubleMuon_C.root
2025-11-07 12:27:39,306 - INFO - [2018] MISSING_CENTRAL: ZFake3Mu/Central/muons/3/min_dR_bjets in Skim_TriLep_DoubleMuon_D.root
2025-11-07 13:08:18,522 - INFO - [2016preVFP] MISSING_CENTRAL: ZFake3Mu/Central/muons/3/min_dR_bjets in Skim_TriLep_DoubleMuon_B.root
2025-11-07 13:08:18,526 - INFO - [2016preVFP] MISSING_CENTRAL: ZFake3Mu/Central/muons/3/min_dR_bjets in Skim_TriLep_DoubleMuon_C.root
2025-11-07 13:08:18,526 - INFO - [2016preVFP] MISSING_CENTRAL: ZFake3Mu/Central/muons/3/min_dR_bjets in Skim_TriLep_DoubleMuon_D.root
2025-11-07 13:08:18,527 - INFO - [2016preVFP] MISSING_CENTRAL: ZFake3Mu/Central/muons/3/min_dR_bjets in Skim_TriLep_DoubleMuon_E.root
2025-11-07 13:08:18,527 - INFO - [2016preVFP] MISSING_CENTRAL: ZFake3Mu/Central/muons/3/min_dR_bjets in Skim_TriLep_DoubleMuon_F.root
2025-11-07 13:08:18,528 - INFO - [2016postVFP] MISSING_CENTRAL: ZFake3Mu/Central/muons/3/min_dR_bjets in Skim_TriLep_DoubleMuon_F.root
2025-11-07 13:08:18,528 - INFO - [2016postVFP] MISSING_CENTRAL: ZFake3Mu/Central/muons/3/min_dR_bjets in Skim_TriLep_DoubleMuon_G.root
2025-11-07 13:08:18,532 - INFO - [2016postVFP] MISSING_CENTRAL: ZFake3Mu/Central/muons/3/min_dR_bjets in Skim_TriLep_DoubleMuon_H.root
2025-11-07 13:08:18,532 - INFO - [2017] MISSING_CENTRAL: ZFake3Mu/Central/muons/3/min_dR_bjets in Skim_TriLep_DoubleMuon_B.root
2025-11-07 13:08:18,533 - INFO - [2017] MISSING_CENTRAL: ZFake3Mu/Central/muons/3/min_dR_bjets in Skim_TriLep_DoubleMuon_C.root
2025-11-07 13:08:18,533 - INFO - [2017] MISSING_CENTRAL: ZFake3Mu/Central/muons/3/min_dR_bjets in Skim_TriLep_DoubleMuon_D.root
2025-11-07 13:08:18,534 - INFO - [2017] MISSING_CENTRAL: ZFake3Mu/Central/muons/3/min_dR_bjets in Skim_TriLep_DoubleMuon_E.root
2025-11-07 13:08:18,534 - INFO - [2017] MISSING_CENTRAL: ZFake3Mu/Central/muons/3/min_dR_bjets in Skim_TriLep_DoubleMuon_F.root
2025-11-07 13:08:18,538 - INFO - [2018] MISSING_CENTRAL: ZFake3Mu/Central/muons/3/min_dR_bjets in Skim_TriLep_DoubleMuon_A.root
2025-11-07 13:08:18,539 - INFO - [2018] MISSING_CENTRAL: ZFake3Mu/Central/muons/3/min_dR_bjets in Skim_TriLep_DoubleMuon_B.root
2025-11-07 13:08:18,539 - INFO - [2018] MISSING_CENTRAL: ZFake3Mu/Central/muons/3/min_dR_bjets in Skim_TriLep_DoubleMuon_C.root
2025-11-07 13:08:18,539 - INFO - [2018] MISSING_CENTRAL: ZFake3Mu/Central/muons/3/min_dR_bjets in Skim_TriLep_DoubleMuon_D.root
