2025-09-24 15:51:20,754 - INFO - [2016preVFP] MISSING_CENTRAL: ZFake3Mu/Central/ZCand/eta in Skim_TriLep_DYJets.root
2025-09-24 15:51:20,756 - INFO - [2016preVFP] MISSING_CENTRAL: ZFake3Mu/Central/ZCand/eta in Skim_TriLep_DYJets10to50.root
2025-09-24 15:51:20,878 - INFO - [2016postVFP] MISSING_CENTRAL: ZFake3Mu/Central/ZCand/eta in Skim_TriLep_DYJets.root
2025-09-24 15:51:20,878 - INFO - [2016postVFP] MISSING_CENTRAL: ZFake3Mu/Central/ZCand/eta in Skim_TriLep_DYJets10to50.root
2025-09-24 15:51:21,219 - INFO - [2017] MISSING_CENTRAL: ZFake3Mu/Central/ZCand/eta in Skim_TriLep_DYJets10to50.root
2025-09-24 15:51:21,371 - INFO - [2018] MISSING_CENTRAL: ZFake3Mu/Central/ZCand/eta in Skim_TriLep_DYJets10to50.root
2025-09-24 15:51:21,375 - INFO - [2018] MISSING_FILE: /Users/choij/Sync/workspace/ChargedHiggsAnalysisV3/SKNanoOutput/PromptSelector/Run3Mu_RunSyst/2018/Skim_TriLep_TTG.root
2025-09-24 15:51:21,520 - INFO - [2018] MISSING_FILE: /Users/choij/Sync/workspace/ChargedHiggsAnalysisV3/SKNanoOutput/PromptSelector/Run3Mu_RunSyst/2018/Skim_TriLep_TTHToNonbb.root
2025-09-24 15:51:21,546 - INFO - [2018] MISSING_FILE: /Users/choij/Sync/workspace/ChargedHiggsAnalysisV3/SKNanoOutput/PromptSelector/Run3Mu_RunSyst/2018/Skim_TriLep_tHq.root
2025-09-24 15:51:21,583 - INFO - [2018] MISSING_FILE: /Users/choij/Sync/workspace/ChargedHiggsAnalysisV3/SKNanoOutput/PromptSelector/Run3Mu_RunSyst/2018/Skim_TriLep_VBFHToZZTo4L.root
2025-10-02 21:14:48,025 - INFO - [2016preVFP] MISSING_CENTRAL: ZFake3Mu/Central/ZCand/eta in Skim_TriLep_DYJets.root
2025-10-02 21:14:48,026 - INFO - [2016preVFP] MISSING_CENTRAL: ZFake3Mu/Central/ZCand/eta in Skim_TriLep_DYJets10to50.root
2025-10-02 21:14:48,456 - INFO - [2016postVFP] MISSING_CENTRAL: ZFake3Mu/Central/ZCand/eta in Skim_TriLep_DYJets.root
2025-10-02 21:14:48,457 - INFO - [2016postVFP] MISSING_CENTRAL: ZFake3Mu/Central/ZCand/eta in Skim_TriLep_DYJets10to50.root
2025-10-02 21:14:48,829 - INFO - [2017] MISSING_CENTRAL: ZFake3Mu/Central/ZCand/eta in Skim_TriLep_DYJets10to50.root
2025-10-02 21:14:49,234 - INFO - [2018] MISSING_CENTRAL: ZFake3Mu/Central/ZCand/eta in Skim_TriLep_DYJets10to50.root
2025-10-02 21:14:49,247 - INFO - [2018] MISSING_FILE: /data9/Users/choij/Sync/workspace/ChargedHiggsAnalysisV3/SKNanoOutput/PromptSelector/Run3Mu_RunSyst/2018/Skim_TriLep_TTG.root
2025-10-02 21:14:49,306 - INFO - [2018] MISSING_FILE: /data9/Users/choij/Sync/workspace/ChargedHiggsAnalysisV3/SKNanoOutput/PromptSelector/Run3Mu_RunSyst/2018/Skim_TriLep_TTHToNonbb.root
2025-10-02 21:14:49,368 - INFO - [2018] MISSING_FILE: /data9/Users/choij/Sync/workspace/ChargedHiggsAnalysisV3/SKNanoOutput/PromptSelector/Run3Mu_RunSyst/2018/Skim_TriLep_tHq.root
2025-10-02 21:14:49,443 - INFO - [2018] MISSING_FILE: /data9/Users/choij/Sync/workspace/ChargedHiggsAnalysisV3/SKNanoOutput/PromptSelector/Run3Mu_RunSyst/2018/Skim_TriLep_VBFHToZZTo4L.root
2025-10-03 00:03:42,425 - INFO - [2016preVFP] MISSING_CENTRAL: ZFake3Mu/Central/ZCand/eta in Skim_TriLep_DYJets.root
2025-10-03 00:03:42,427 - INFO - [2016preVFP] MISSING_CENTRAL: ZFake3Mu/Central/ZCand/eta in Skim_TriLep_DYJets10to50.root
2025-10-03 00:03:42,516 - INFO - [2016postVFP] MISSING_CENTRAL: ZFake3Mu/Central/ZCand/eta in Skim_TriLep_DYJets.root
2025-10-03 00:03:42,516 - INFO - [2016postVFP] MISSING_CENTRAL: ZFake3Mu/Central/ZCand/eta in Skim_TriLep_DYJets10to50.root
2025-10-03 00:03:42,603 - INFO - [2017] MISSING_CENTRAL: ZFake3Mu/Central/ZCand/eta in Skim_TriLep_DYJets10to50.root
2025-10-03 00:03:42,832 - INFO - [2018] MISSING_CENTRAL: ZFake3Mu/Central/ZCand/eta in Skim_TriLep_DYJets10to50.root
2025-10-03 00:03:42,837 - INFO - [2018] MISSING_FILE: /Users/choij/Sync/workspace/ChargedHiggsAnalysisV3/SKNanoOutput/PromptSelector/Run3Mu_RunSyst/2018/Skim_TriLep_TTG.root
2025-10-03 00:03:42,850 - INFO - [2018] MISSING_FILE: /Users/choij/Sync/workspace/ChargedHiggsAnalysisV3/SKNanoOutput/PromptSelector/Run3Mu_RunSyst/2018/Skim_TriLep_TTHToNonbb.root
2025-10-03 00:03:42,883 - INFO - [2018] MISSING_FILE: /Users/choij/Sync/workspace/ChargedHiggsAnalysisV3/SKNanoOutput/PromptSelector/Run3Mu_RunSyst/2018/Skim_TriLep_tHq.root
2025-10-03 00:03:42,917 - INFO - [2018] MISSING_FILE: /Users/choij/Sync/workspace/ChargedHiggsAnalysisV3/SKNanoOutput/PromptSelector/Run3Mu_RunSyst/2018/Skim_TriLep_VBFHToZZTo4L.root
