2025-11-05 22:15:53,266 - INFO - [2016preVFP] MISSING_CENTRAL: ZFake1E2Mu/Central/dR_mu1_mu2 in Skim_TriLep_DYJets.root
2025-11-05 22:15:53,267 - INFO - [2016preVFP] MISSING_CENTRAL: ZFake1E2Mu/Central/dR_mu1_mu2 in Skim_TriLep_DYJets10to50.root
2025-11-05 23:20:29,888 - INFO - [2016preVFP] MISSING_CENTRAL: ZFake1E2Mu/Central/dR_mu1_mu2 in Skim_TriLep_DYJets.root
2025-11-05 23:20:29,888 - INFO - [2016preVFP] MISSING_CENTRAL: ZFake1E2Mu/Central/dR_mu1_mu2 in Skim_TriLep_DYJets10to50.root
2025-11-07 12:23:45,677 - INFO - [2016preVFP] MISSING_CENTRAL: ZFake1E2Mu/Central/dR_mu1_mu2 in Skim_TriLep_DYJets.root
2025-11-07 12:23:45,678 - INFO - [2016preVFP] MISSING_CENTRAL: ZFake1E2Mu/Central/dR_mu1_mu2 in Skim_TriLep_DYJets10to50.root
2025-11-07 13:03:51,444 - INFO - [2016preVFP] MISSING_CENTRAL: ZFake1E2Mu/Central/dR_mu1_mu2 in Skim_TriLep_DYJets.root
2025-11-07 13:03:51,444 - INFO - [2016preVFP] MISSING_CENTRAL: ZFake1E2Mu/Central/dR_mu1_mu2 in Skim_TriLep_DYJets10to50.root
2025-11-07 13:24:13,606 - INFO - [2016preVFP] MISSING_CENTRAL: ZFake1E2Mu/Central/dR_mu1_mu2 in Skim_TriLep_DYJets.root
2025-11-07 13:24:13,609 - INFO - [2016preVFP] MISSING_CENTRAL: ZFake1E2Mu/Central/dR_mu1_mu2 in Skim_TriLep_DYJets10to50.root
2025-11-07 13:26:42,344 - INFO - [2016preVFP] MISSING_CENTRAL: ZFake1E2Mu/Central/dR_mu1_mu2 in Skim_TriLep_DYJets.root
2025-11-07 13:26:42,345 - INFO - [2016preVFP] MISSING_CENTRAL: ZFake1E2Mu/Central/dR_mu1_mu2 in Skim_TriLep_DYJets10to50.root
2025-11-07 13:43:05,813 - INFO - [2016preVFP] MISSING_CENTRAL: ZFake1E2Mu/Central/dR_mu1_mu2 in Skim_TriLep_DYJets.root
2025-11-07 13:43:05,821 - INFO - [2016preVFP] MISSING_CENTRAL: ZFake1E2Mu/Central/dR_mu1_mu2 in Skim_TriLep_DYJets10to50.root
2025-11-07 13:51:02,907 - INFO - [2016preVFP] MISSING_CENTRAL: ZFake1E2Mu/Central/dR_mu1_mu2 in Skim_TriLep_DYJets.root
2025-11-07 13:51:02,907 - INFO - [2016preVFP] MISSING_CENTRAL: ZFake1E2Mu/Central/dR_mu1_mu2 in Skim_TriLep_DYJets10to50.root
2025-11-07 13:59:28,465 - INFO - [2016preVFP] MISSING_CENTRAL: ZFake1E2Mu/Central/dR_mu1_mu2 in Skim_TriLep_DYJets.root
2025-11-07 13:59:28,476 - INFO - [2016preVFP] MISSING_CENTRAL: ZFake1E2Mu/Central/dR_mu1_mu2 in Skim_TriLep_DYJets10to50.root
2025-11-10 05:49:08,083 - INFO - [2016preVFP] MISSING_CENTRAL: ZFake1E2Mu/Central/dR_mu1_mu2 in Skim_TriLep_DYJets.root
2025-11-10 05:49:08,087 - INFO - [2016preVFP] MISSING_CENTRAL: ZFake1E2Mu/Central/dR_mu1_mu2 in Skim_TriLep_DYJets10to50.root
2025-11-10 12:14:26,162 - INFO - [2016preVFP] MISSING_CENTRAL: ZFake1E2Mu/Central/dR_mu1_mu2 in Skim_TriLep_DYJets.root
2025-11-10 12:14:26,163 - INFO - [2016preVFP] MISSING_CENTRAL: ZFake1E2Mu/Central/dR_mu1_mu2 in Skim_TriLep_DYJets10to50.root
2025-11-13 11:02:51,971 - INFO - [2016preVFP] MISSING_CENTRAL: ZFake1E2Mu/Central/dR_mu1_mu2 in Skim_TriLep_DYJets.root
2025-11-13 11:02:51,984 - INFO - [2016preVFP] MISSING_CENTRAL: ZFake1E2Mu/Central/dR_mu1_mu2 in Skim_TriLep_DYJets10to50.root
2025-11-19 16:07:44,553 - INFO - [2016preVFP] MISSING_CENTRAL: ZFake1E2Mu/Central/dR_mu1_mu2 in Skim_TriLep_DYJets.root
2025-11-19 16:07:44,554 - INFO - [2016preVFP] MISSING_CENTRAL: ZFake1E2Mu/Central/dR_mu1_mu2 in Skim_TriLep_DYJets10to50.root
2025-11-19 16:16:47,355 - INFO - [2016preVFP] MISSING_CENTRAL: ZFake1E2Mu/Central/dR_mu1_mu2 in Skim_TriLep_DYJets.root
2025-11-19 16:16:47,356 - INFO - [2016preVFP] MISSING_CENTRAL: ZFake1E2Mu/Central/dR_mu1_mu2 in Skim_TriLep_DYJets10to50.root
2025-12-17 22:30:02,822 - INFO - [2016preVFP] MISSING_CENTRAL: ZFake1E2Mu/Central/dR_mu1_mu2 in Skim_TriLep_DYJets10to50.root
2025-12-18 14:08:48,338 - INFO - [2016preVFP] MISSING_CENTRAL: ZFake1E2Mu/Central/dR_mu1_mu2 in Skim_TriLep_DYJets10to50.root
2025-12-18 14:12:53,610 - INFO - [2016preVFP] MISSING_CENTRAL: ZFake1E2Mu/Central/dR_mu1_mu2 in Skim_TriLep_DYJets10to50.root
2025-12-18 14:28:25,864 - INFO - [2016preVFP] MISSING_CENTRAL: ZFake1E2Mu/Central/dR_mu1_mu2 in Skim_TriLep_DYJets10to50.root
2026-01-07 11:38:43,589 - INFO - [2016preVFP] MISSING_CENTRAL: ZFake1E2Mu/Central/dR_mu1_mu2 in Skim_TriLep_DYJets10to50.root
2026-01-07 18:36:13,290 - INFO - [2016preVFP] MISSING_CENTRAL: ZFake1E2Mu/Central/dR_mu1_mu2 in Skim_TriLep_DYJets10to50.root
2026-01-09 12:09:16,460 - INFO - [2016preVFP] MISSING_CENTRAL: ZFake1E2Mu/Central/dR_mu1_mu2 in Skim_TriLep_DYJets10to50.root
2026-01-11 09:29:21,206 - INFO - [2016preVFP] MISSING_CENTRAL: ZFake1E2Mu/Central/dR_mu1_mu2 in Skim_TriLep_DYJets10to50.root
2026-01-12 13:37:50,433 - INFO - [2016preVFP] MISSING_FILE: /home/choij/Sync/workspace/ChargedHiggsAnalysisV3/SKNanoOutput/MatrixSelector/Run1E2Mu/2016preVFP/Skim_TriLep_MuonEG_B.root
2026-01-12 13:37:50,434 - INFO - [2016preVFP] MISSING_FILE: /home/choij/Sync/workspace/ChargedHiggsAnalysisV3/SKNanoOutput/MatrixSelector/Run1E2Mu/2016preVFP/Skim_TriLep_MuonEG_C.root
2026-01-12 13:37:50,434 - INFO - [2016preVFP] MISSING_FILE: /home/choij/Sync/workspace/ChargedHiggsAnalysisV3/SKNanoOutput/MatrixSelector/Run1E2Mu/2016preVFP/Skim_TriLep_MuonEG_D.root
2026-01-12 13:37:50,434 - INFO - [2016preVFP] MISSING_FILE: /home/choij/Sync/workspace/ChargedHiggsAnalysisV3/SKNanoOutput/MatrixSelector/Run1E2Mu/2016preVFP/Skim_TriLep_MuonEG_E.root
2026-01-12 13:37:50,434 - INFO - [2016preVFP] MISSING_FILE: /home/choij/Sync/workspace/ChargedHiggsAnalysisV3/SKNanoOutput/MatrixSelector/Run1E2Mu/2016preVFP/Skim_TriLep_MuonEG_F.root
2026-01-12 13:37:50,504 - INFO - [2016preVFP] MISSING_CENTRAL: ZFake1E2Mu/Central/dR_mu1_mu2 in Skim_TriLep_DYJets10to50.root
2026-01-16 18:53:20,661 - INFO - [2016preVFP] MISSING_CENTRAL: ZFake1E2Mu/Central/dR_mu1_mu2 in Skim_TriLep_DYJets10to50.root
2026-01-19 22:05:47,854 - INFO - [2016preVFP] MISSING_CENTRAL: ZFake1E2Mu/Central/dR_mu1_mu2 in Skim_TriLep_DYJets10to50.root
