2025-09-24 15:38:30,777 - INFO - [2022] MISSING_CENTRAL: EMU/Central/jets/3/eta in DYJets10to50.root
2025-09-24 15:38:30,971 - INFO - [2022] MISSING_CENTRAL: EMU/L1Prefire_NotImplemented/jets/3/eta in DYJets10to50.root
2025-09-24 15:38:31,478 - INFO - [2022] MISSING_CENTRAL: EMU/PileupReweight_NotImplemented/jets/3/eta in DYJets10to50.root
2025-09-24 15:38:31,490 - INFO - [2022] MISSING_CENTRAL: EMU/MuonIDSF_NotImplemented/jets/3/eta in DYJets10to50.root
2025-09-24 15:38:31,590 - INFO - [2022] MISSING_CENTRAL: EMU/EMuTrigSF_NotImplemented/jets/3/eta in DYJets10to50.root
2025-09-24 15:38:31,622 - INFO - [2022] MISSING_CENTRAL: EMU/ElectronIDSF_NotImplemented/jets/3/eta in DYJets10to50.root
2025-09-24 15:38:32,241 - INFO - [2022] MISSING_CENTRAL: EMU/BtagSF_HFcorr_NotImplemented/jets/3/eta in DYJets10to50.root
2025-10-02 21:21:15,662 - INFO - [2022] MISSING_CENTRAL: EMU/PileupReweight_NotImplemented/jets/3/eta in DYJets10to50.root
2025-10-02 21:21:15,693 - INFO - [2022] MISSING_CENTRAL: EMU/L1Prefire_NotImplemented/jets/3/eta in DYJets10to50.root
2025-10-02 21:21:15,770 - INFO - [2022] MISSING_CENTRAL: EMU/Central/jets/3/eta in DYJets10to50.root
2025-10-02 21:21:16,700 - INFO - [2022] MISSING_CENTRAL: EMU/MuonIDSF_NotImplemented/jets/3/eta in DYJets10to50.root
2025-10-02 21:21:17,947 - INFO - [2022] MISSING_CENTRAL: EMU/ElectronIDSF_NotImplemented/jets/3/eta in DYJets10to50.root
2025-10-02 21:21:18,293 - INFO - [2022] MISSING_CENTRAL: EMU/EMuTrigSF_NotImplemented/jets/3/eta in DYJets10to50.root
2025-10-02 21:21:18,770 - INFO - [2022] MISSING_CENTRAL: EMU/BtagSF_HFcorr_NotImplemented/jets/3/eta in DYJets10to50.root
2025-10-02 21:29:05,259 - INFO - [2022] MISSING_CENTRAL: EMU/Central/jets/3/eta in DYJets10to50.root
2025-10-02 21:29:05,331 - INFO - [2022] MISSING_CENTRAL: EMU/L1Prefire_NotImplemented/jets/3/eta in DYJets10to50.root
2025-10-02 21:29:05,673 - INFO - [2022] MISSING_CENTRAL: EMU/PileupReweight_NotImplemented/jets/3/eta in DYJets10to50.root
2025-10-02 21:29:05,813 - INFO - [2022] MISSING_CENTRAL: EMU/MuonIDSF_NotImplemented/jets/3/eta in DYJets10to50.root
2025-10-02 21:29:05,945 - INFO - [2022] MISSING_CENTRAL: EMU/ElectronIDSF_NotImplemented/jets/3/eta in DYJets10to50.root
2025-10-02 21:29:06,626 - INFO - [2022] MISSING_CENTRAL: EMU/EMuTrigSF_NotImplemented/jets/3/eta in DYJets10to50.root
2025-10-02 21:29:06,634 - INFO - [2022] MISSING_CENTRAL: EMU/BtagSF_HFcorr_NotImplemented/jets/3/eta in DYJets10to50.root
