2025-12-16 12:52:19,792 - INFO - [2022EE] MISSING_FILE: /home/choij/Sync/workspace/ChargedHiggsAnalysisV3/SKNanoOutput/DiLepton/RunEMu_RunSyst/2022EE/DYJets10to50.root
2025-12-16 12:52:19,792 - INFO - [2022EE] MISSING_FILE: /home/choij/Sync/workspace/ChargedHiggsAnalysisV3/SKNanoOutput/DiLepton/RunEMu_RunSyst/2022EE/TTLJ_powheg.root
2025-12-16 12:52:19,797 - INFO - [2023] MISSING_FILE: /home/choij/Sync/workspace/ChargedHiggsAnalysisV3/SKNanoOutput/DiLepton/RunEMu_RunSyst/2023/WJets.root
2025-12-16 12:52:19,797 - INFO - [2023] MISSING_FILE: /home/choij/Sync/workspace/ChargedHiggsAnalysisV3/SKNanoOutput/DiLepton/RunEMu_RunSyst/2023/DYJets.root
2025-12-16 12:52:19,797 - INFO - [2023] MISSING_FILE: /home/choij/Sync/workspace/ChargedHiggsAnalysisV3/SKNanoOutput/DiLepton/RunEMu_RunSyst/2023/DYJets10to50.root
2025-12-16 12:52:19,797 - INFO - [2023] MISSING_FILE: /home/choij/Sync/workspace/ChargedHiggsAnalysisV3/SKNanoOutput/DiLepton/RunEMu_RunSyst/2023/TTLL_powheg.root
2025-12-16 12:52:19,797 - INFO - [2023] MISSING_FILE: /home/choij/Sync/workspace/ChargedHiggsAnalysisV3/SKNanoOutput/DiLepton/RunEMu_RunSyst/2023/TTLJ_powheg.root
2025-12-16 12:52:19,797 - INFO - [2023] MISSING_FILE: /home/choij/Sync/workspace/ChargedHiggsAnalysisV3/SKNanoOutput/DiLepton/RunEMu_RunSyst/2023/ST_sch_top_Lep.root
2025-12-16 12:52:19,797 - INFO - [2023] MISSING_FILE: /home/choij/Sync/workspace/ChargedHiggsAnalysisV3/SKNanoOutput/DiLepton/RunEMu_RunSyst/2023/ST_sch_antitop_Lep.root
2025-12-16 12:52:19,797 - INFO - [2023] MISSING_FILE: /home/choij/Sync/workspace/ChargedHiggsAnalysisV3/SKNanoOutput/DiLepton/RunEMu_RunSyst/2023/ST_tch_top.root
2025-12-16 12:52:19,797 - INFO - [2023] MISSING_FILE: /home/choij/Sync/workspace/ChargedHiggsAnalysisV3/SKNanoOutput/DiLepton/RunEMu_RunSyst/2023/ST_tch_antitop.root
2025-12-16 12:52:19,797 - INFO - [2023] MISSING_FILE: /home/choij/Sync/workspace/ChargedHiggsAnalysisV3/SKNanoOutput/DiLepton/RunEMu_RunSyst/2023/ST_tW_top_Lep.root
2025-12-16 12:52:19,797 - INFO - [2023] MISSING_FILE: /home/choij/Sync/workspace/ChargedHiggsAnalysisV3/SKNanoOutput/DiLepton/RunEMu_RunSyst/2023/ST_tW_antitop_Lep.root
2025-12-16 12:52:19,798 - INFO - [2023] MISSING_FILE: /home/choij/Sync/workspace/ChargedHiggsAnalysisV3/SKNanoOutput/DiLepton/RunEMu_RunSyst/2023/ST_tW_top_Semilep.root
2025-12-16 12:52:19,798 - INFO - [2023] MISSING_FILE: /home/choij/Sync/workspace/ChargedHiggsAnalysisV3/SKNanoOutput/DiLepton/RunEMu_RunSyst/2023/ST_tW_antitop_Semilep.root
2025-12-16 12:52:19,798 - INFO - [2023] MISSING_FILE: /home/choij/Sync/workspace/ChargedHiggsAnalysisV3/SKNanoOutput/DiLepton/RunEMu_RunSyst/2023/WW_pythia.root
2025-12-16 12:52:19,798 - INFO - [2023] MISSING_FILE: /home/choij/Sync/workspace/ChargedHiggsAnalysisV3/SKNanoOutput/DiLepton/RunEMu_RunSyst/2023/WZ_pythia.root
2025-12-16 12:52:19,798 - INFO - [2023] MISSING_FILE: /home/choij/Sync/workspace/ChargedHiggsAnalysisV3/SKNanoOutput/DiLepton/RunEMu_RunSyst/2023/ZZ_pythia.root
2025-12-16 12:52:19,798 - INFO - [2023BPix] MISSING_FILE: /home/choij/Sync/workspace/ChargedHiggsAnalysisV3/SKNanoOutput/DiLepton/RunEMu_RunSyst/2023BPix/WJets.root
2025-12-16 12:52:19,798 - INFO - [2023BPix] MISSING_FILE: /home/choij/Sync/workspace/ChargedHiggsAnalysisV3/SKNanoOutput/DiLepton/RunEMu_RunSyst/2023BPix/DYJets.root
2025-12-16 12:52:19,798 - INFO - [2023BPix] MISSING_FILE: /home/choij/Sync/workspace/ChargedHiggsAnalysisV3/SKNanoOutput/DiLepton/RunEMu_RunSyst/2023BPix/DYJets10to50.root
2025-12-16 12:52:19,798 - INFO - [2023BPix] MISSING_FILE: /home/choij/Sync/workspace/ChargedHiggsAnalysisV3/SKNanoOutput/DiLepton/RunEMu_RunSyst/2023BPix/TTLL_powheg.root
2025-12-16 12:52:19,798 - INFO - [2023BPix] MISSING_FILE: /home/choij/Sync/workspace/ChargedHiggsAnalysisV3/SKNanoOutput/DiLepton/RunEMu_RunSyst/2023BPix/TTLJ_powheg.root
2025-12-16 12:52:19,798 - INFO - [2023BPix] MISSING_FILE: /home/choij/Sync/workspace/ChargedHiggsAnalysisV3/SKNanoOutput/DiLepton/RunEMu_RunSyst/2023BPix/ST_sch_top_Lep.root
2025-12-16 12:52:19,798 - INFO - [2023BPix] MISSING_FILE: /home/choij/Sync/workspace/ChargedHiggsAnalysisV3/SKNanoOutput/DiLepton/RunEMu_RunSyst/2023BPix/ST_sch_antitop_Lep.root
2025-12-16 12:52:19,798 - INFO - [2023BPix] MISSING_FILE: /home/choij/Sync/workspace/ChargedHiggsAnalysisV3/SKNanoOutput/DiLepton/RunEMu_RunSyst/2023BPix/ST_tch_top.root
2025-12-16 12:52:19,798 - INFO - [2023BPix] MISSING_FILE: /home/choij/Sync/workspace/ChargedHiggsAnalysisV3/SKNanoOutput/DiLepton/RunEMu_RunSyst/2023BPix/ST_tch_antitop.root
2025-12-16 12:52:19,799 - INFO - [2023BPix] MISSING_FILE: /home/choij/Sync/workspace/ChargedHiggsAnalysisV3/SKNanoOutput/DiLepton/RunEMu_RunSyst/2023BPix/ST_tW_top_Lep.root
2025-12-16 12:52:19,799 - INFO - [2023BPix] MISSING_FILE: /home/choij/Sync/workspace/ChargedHiggsAnalysisV3/SKNanoOutput/DiLepton/RunEMu_RunSyst/2023BPix/ST_tW_antitop_Lep.root
2025-12-16 12:52:19,799 - INFO - [2023BPix] MISSING_FILE: /home/choij/Sync/workspace/ChargedHiggsAnalysisV3/SKNanoOutput/DiLepton/RunEMu_RunSyst/2023BPix/ST_tW_top_Semilep.root
2025-12-16 12:52:19,799 - INFO - [2023BPix] MISSING_FILE: /home/choij/Sync/workspace/ChargedHiggsAnalysisV3/SKNanoOutput/DiLepton/RunEMu_RunSyst/2023BPix/ST_tW_antitop_Semilep.root
2025-12-16 12:52:19,799 - INFO - [2023BPix] MISSING_FILE: /home/choij/Sync/workspace/ChargedHiggsAnalysisV3/SKNanoOutput/DiLepton/RunEMu_RunSyst/2023BPix/WW_pythia.root
2025-12-16 12:52:19,799 - INFO - [2023BPix] MISSING_FILE: /home/choij/Sync/workspace/ChargedHiggsAnalysisV3/SKNanoOutput/DiLepton/RunEMu_RunSyst/2023BPix/WZ_pythia.root
2025-12-16 12:52:19,799 - INFO - [2023BPix] MISSING_FILE: /home/choij/Sync/workspace/ChargedHiggsAnalysisV3/SKNanoOutput/DiLepton/RunEMu_RunSyst/2023BPix/ZZ_pythia.root
2025-12-16 12:52:19,860 - INFO - [2022EE] MISSING_FILE: /home/choij/Sync/workspace/ChargedHiggsAnalysisV3/SKNanoOutput/DiLepton/RunEMu_RunSyst/2022EE/DYJets10to50.root
2025-12-16 12:52:19,861 - INFO - [2022EE] MISSING_FILE: /home/choij/Sync/workspace/ChargedHiggsAnalysisV3/SKNanoOutput/DiLepton/RunEMu_RunSyst/2022EE/TTLJ_powheg.root
2025-12-16 12:52:19,869 - INFO - [2023] MISSING_FILE: /home/choij/Sync/workspace/ChargedHiggsAnalysisV3/SKNanoOutput/DiLepton/RunEMu_RunSyst/2023/WJets.root
2025-12-16 12:52:19,869 - INFO - [2023] MISSING_FILE: /home/choij/Sync/workspace/ChargedHiggsAnalysisV3/SKNanoOutput/DiLepton/RunEMu_RunSyst/2023/DYJets.root
2025-12-16 12:52:19,869 - INFO - [2023] MISSING_FILE: /home/choij/Sync/workspace/ChargedHiggsAnalysisV3/SKNanoOutput/DiLepton/RunEMu_RunSyst/2023/DYJets10to50.root
2025-12-16 12:52:19,869 - INFO - [2023] MISSING_FILE: /home/choij/Sync/workspace/ChargedHiggsAnalysisV3/SKNanoOutput/DiLepton/RunEMu_RunSyst/2023/TTLL_powheg.root
2025-12-16 12:52:19,869 - INFO - [2023] MISSING_FILE: /home/choij/Sync/workspace/ChargedHiggsAnalysisV3/SKNanoOutput/DiLepton/RunEMu_RunSyst/2023/TTLJ_powheg.root
2025-12-16 12:52:19,869 - INFO - [2023] MISSING_FILE: /home/choij/Sync/workspace/ChargedHiggsAnalysisV3/SKNanoOutput/DiLepton/RunEMu_RunSyst/2023/ST_sch_top_Lep.root
2025-12-16 12:52:19,869 - INFO - [2023] MISSING_FILE: /home/choij/Sync/workspace/ChargedHiggsAnalysisV3/SKNanoOutput/DiLepton/RunEMu_RunSyst/2023/ST_sch_antitop_Lep.root
2025-12-16 12:52:19,869 - INFO - [2023] MISSING_FILE: /home/choij/Sync/workspace/ChargedHiggsAnalysisV3/SKNanoOutput/DiLepton/RunEMu_RunSyst/2023/ST_tch_top.root
2025-12-16 12:52:19,869 - INFO - [2023] MISSING_FILE: /home/choij/Sync/workspace/ChargedHiggsAnalysisV3/SKNanoOutput/DiLepton/RunEMu_RunSyst/2023/ST_tch_antitop.root
2025-12-16 12:52:19,869 - INFO - [2023] MISSING_FILE: /home/choij/Sync/workspace/ChargedHiggsAnalysisV3/SKNanoOutput/DiLepton/RunEMu_RunSyst/2023/ST_tW_top_Lep.root
2025-12-16 12:52:19,869 - INFO - [2023] MISSING_FILE: /home/choij/Sync/workspace/ChargedHiggsAnalysisV3/SKNanoOutput/DiLepton/RunEMu_RunSyst/2023/ST_tW_antitop_Lep.root
2025-12-16 12:52:19,869 - INFO - [2023] MISSING_FILE: /home/choij/Sync/workspace/ChargedHiggsAnalysisV3/SKNanoOutput/DiLepton/RunEMu_RunSyst/2023/ST_tW_top_Semilep.root
2025-12-16 12:52:19,869 - INFO - [2023] MISSING_FILE: /home/choij/Sync/workspace/ChargedHiggsAnalysisV3/SKNanoOutput/DiLepton/RunEMu_RunSyst/2023/ST_tW_antitop_Semilep.root
2025-12-16 12:52:19,869 - INFO - [2023] MISSING_FILE: /home/choij/Sync/workspace/ChargedHiggsAnalysisV3/SKNanoOutput/DiLepton/RunEMu_RunSyst/2023/WW_pythia.root
2025-12-16 12:52:19,869 - INFO - [2023] MISSING_FILE: /home/choij/Sync/workspace/ChargedHiggsAnalysisV3/SKNanoOutput/DiLepton/RunEMu_RunSyst/2023/WZ_pythia.root
2025-12-16 12:52:19,869 - INFO - [2023] MISSING_FILE: /home/choij/Sync/workspace/ChargedHiggsAnalysisV3/SKNanoOutput/DiLepton/RunEMu_RunSyst/2023/ZZ_pythia.root
2025-12-16 12:52:19,870 - INFO - [2023BPix] MISSING_FILE: /home/choij/Sync/workspace/ChargedHiggsAnalysisV3/SKNanoOutput/DiLepton/RunEMu_RunSyst/2023BPix/WJets.root
2025-12-16 12:52:19,870 - INFO - [2023BPix] MISSING_FILE: /home/choij/Sync/workspace/ChargedHiggsAnalysisV3/SKNanoOutput/DiLepton/RunEMu_RunSyst/2023BPix/DYJets.root
2025-12-16 12:52:19,870 - INFO - [2023BPix] MISSING_FILE: /home/choij/Sync/workspace/ChargedHiggsAnalysisV3/SKNanoOutput/DiLepton/RunEMu_RunSyst/2023BPix/DYJets10to50.root
2025-12-16 12:52:19,870 - INFO - [2023BPix] MISSING_FILE: /home/choij/Sync/workspace/ChargedHiggsAnalysisV3/SKNanoOutput/DiLepton/RunEMu_RunSyst/2023BPix/TTLL_powheg.root
2025-12-16 12:52:19,871 - INFO - [2023BPix] MISSING_FILE: /home/choij/Sync/workspace/ChargedHiggsAnalysisV3/SKNanoOutput/DiLepton/RunEMu_RunSyst/2023BPix/TTLJ_powheg.root
2025-12-16 12:52:19,871 - INFO - [2023BPix] MISSING_FILE: /home/choij/Sync/workspace/ChargedHiggsAnalysisV3/SKNanoOutput/DiLepton/RunEMu_RunSyst/2023BPix/ST_sch_top_Lep.root
2025-12-16 12:52:19,871 - INFO - [2023BPix] MISSING_FILE: /home/choij/Sync/workspace/ChargedHiggsAnalysisV3/SKNanoOutput/DiLepton/RunEMu_RunSyst/2023BPix/ST_sch_antitop_Lep.root
2025-12-16 12:52:19,871 - INFO - [2023BPix] MISSING_FILE: /home/choij/Sync/workspace/ChargedHiggsAnalysisV3/SKNanoOutput/DiLepton/RunEMu_RunSyst/2023BPix/ST_tch_top.root
2025-12-16 12:52:19,871 - INFO - [2023BPix] MISSING_FILE: /home/choij/Sync/workspace/ChargedHiggsAnalysisV3/SKNanoOutput/DiLepton/RunEMu_RunSyst/2023BPix/ST_tch_antitop.root
2025-12-16 12:52:19,871 - INFO - [2023BPix] MISSING_FILE: /home/choij/Sync/workspace/ChargedHiggsAnalysisV3/SKNanoOutput/DiLepton/RunEMu_RunSyst/2023BPix/ST_tW_top_Lep.root
2025-12-16 12:52:19,871 - INFO - [2023BPix] MISSING_FILE: /home/choij/Sync/workspace/ChargedHiggsAnalysisV3/SKNanoOutput/DiLepton/RunEMu_RunSyst/2023BPix/ST_tW_antitop_Lep.root
2025-12-16 12:52:19,871 - INFO - [2023BPix] MISSING_FILE: /home/choij/Sync/workspace/ChargedHiggsAnalysisV3/SKNanoOutput/DiLepton/RunEMu_RunSyst/2023BPix/ST_tW_top_Semilep.root
2025-12-16 12:52:19,871 - INFO - [2023BPix] MISSING_FILE: /home/choij/Sync/workspace/ChargedHiggsAnalysisV3/SKNanoOutput/DiLepton/RunEMu_RunSyst/2023BPix/ST_tW_antitop_Semilep.root
2025-12-16 12:52:19,871 - INFO - [2023BPix] MISSING_FILE: /home/choij/Sync/workspace/ChargedHiggsAnalysisV3/SKNanoOutput/DiLepton/RunEMu_RunSyst/2023BPix/WW_pythia.root
2025-12-16 12:52:19,871 - INFO - [2023BPix] MISSING_FILE: /home/choij/Sync/workspace/ChargedHiggsAnalysisV3/SKNanoOutput/DiLepton/RunEMu_RunSyst/2023BPix/WZ_pythia.root
2025-12-16 12:52:19,871 - INFO - [2023BPix] MISSING_FILE: /home/choij/Sync/workspace/ChargedHiggsAnalysisV3/SKNanoOutput/DiLepton/RunEMu_RunSyst/2023BPix/ZZ_pythia.root
2025-12-16 12:52:19,918 - INFO - [2022EE] MISSING_FILE: /home/choij/Sync/workspace/ChargedHiggsAnalysisV3/SKNanoOutput/DiLepton/RunEMu_RunSyst/2022EE/DYJets10to50.root
2025-12-16 12:52:19,931 - INFO - [2022EE] MISSING_FILE: /home/choij/Sync/workspace/ChargedHiggsAnalysisV3/SKNanoOutput/DiLepton/RunEMu_RunSyst/2022EE/TTLJ_powheg.root
2025-12-16 12:52:19,941 - INFO - [2022EE] MISSING_FILE: /home/choij/Sync/workspace/ChargedHiggsAnalysisV3/SKNanoOutput/DiLepton/RunEMu_RunSyst/2022EE/DYJets10to50.root
2025-12-16 12:52:19,942 - INFO - [2022EE] MISSING_FILE: /home/choij/Sync/workspace/ChargedHiggsAnalysisV3/SKNanoOutput/DiLepton/RunEMu_RunSyst/2022EE/TTLJ_powheg.root
2025-12-16 12:52:19,947 - INFO - [2023] MISSING_FILE: /home/choij/Sync/workspace/ChargedHiggsAnalysisV3/SKNanoOutput/DiLepton/RunEMu_RunSyst/2023/WJets.root
2025-12-16 12:52:19,947 - INFO - [2023] MISSING_FILE: /home/choij/Sync/workspace/ChargedHiggsAnalysisV3/SKNanoOutput/DiLepton/RunEMu_RunSyst/2023/DYJets.root
2025-12-16 12:52:19,947 - INFO - [2023] MISSING_FILE: /home/choij/Sync/workspace/ChargedHiggsAnalysisV3/SKNanoOutput/DiLepton/RunEMu_RunSyst/2023/DYJets10to50.root
2025-12-16 12:52:19,947 - INFO - [2023] MISSING_FILE: /home/choij/Sync/workspace/ChargedHiggsAnalysisV3/SKNanoOutput/DiLepton/RunEMu_RunSyst/2023/TTLL_powheg.root
2025-12-16 12:52:19,947 - INFO - [2023] MISSING_FILE: /home/choij/Sync/workspace/ChargedHiggsAnalysisV3/SKNanoOutput/DiLepton/RunEMu_RunSyst/2023/TTLJ_powheg.root
2025-12-16 12:52:19,947 - INFO - [2023] MISSING_FILE: /home/choij/Sync/workspace/ChargedHiggsAnalysisV3/SKNanoOutput/DiLepton/RunEMu_RunSyst/2023/ST_sch_top_Lep.root
2025-12-16 12:52:19,947 - INFO - [2023] MISSING_FILE: /home/choij/Sync/workspace/ChargedHiggsAnalysisV3/SKNanoOutput/DiLepton/RunEMu_RunSyst/2023/ST_sch_antitop_Lep.root
2025-12-16 12:52:19,947 - INFO - [2023] MISSING_FILE: /home/choij/Sync/workspace/ChargedHiggsAnalysisV3/SKNanoOutput/DiLepton/RunEMu_RunSyst/2023/ST_tch_top.root
2025-12-16 12:52:19,947 - INFO - [2023] MISSING_FILE: /home/choij/Sync/workspace/ChargedHiggsAnalysisV3/SKNanoOutput/DiLepton/RunEMu_RunSyst/2023/ST_tch_antitop.root
2025-12-16 12:52:19,947 - INFO - [2023] MISSING_FILE: /home/choij/Sync/workspace/ChargedHiggsAnalysisV3/SKNanoOutput/DiLepton/RunEMu_RunSyst/2023/ST_tW_top_Lep.root
2025-12-16 12:52:19,948 - INFO - [2023] MISSING_FILE: /home/choij/Sync/workspace/ChargedHiggsAnalysisV3/SKNanoOutput/DiLepton/RunEMu_RunSyst/2023/ST_tW_antitop_Lep.root
2025-12-16 12:52:19,948 - INFO - [2023] MISSING_FILE: /home/choij/Sync/workspace/ChargedHiggsAnalysisV3/SKNanoOutput/DiLepton/RunEMu_RunSyst/2023/ST_tW_top_Semilep.root
2025-12-16 12:52:19,948 - INFO - [2023] MISSING_FILE: /home/choij/Sync/workspace/ChargedHiggsAnalysisV3/SKNanoOutput/DiLepton/RunEMu_RunSyst/2023/ST_tW_antitop_Semilep.root
2025-12-16 12:52:19,948 - INFO - [2023] MISSING_FILE: /home/choij/Sync/workspace/ChargedHiggsAnalysisV3/SKNanoOutput/DiLepton/RunEMu_RunSyst/2023/WW_pythia.root
2025-12-16 12:52:19,948 - INFO - [2023] MISSING_FILE: /home/choij/Sync/workspace/ChargedHiggsAnalysisV3/SKNanoOutput/DiLepton/RunEMu_RunSyst/2023/WZ_pythia.root
2025-12-16 12:52:19,948 - INFO - [2023] MISSING_FILE: /home/choij/Sync/workspace/ChargedHiggsAnalysisV3/SKNanoOutput/DiLepton/RunEMu_RunSyst/2023/ZZ_pythia.root
2025-12-16 12:52:19,949 - INFO - [2023BPix] MISSING_FILE: /home/choij/Sync/workspace/ChargedHiggsAnalysisV3/SKNanoOutput/DiLepton/RunEMu_RunSyst/2023BPix/WJets.root
2025-12-16 12:52:19,949 - INFO - [2023BPix] MISSING_FILE: /home/choij/Sync/workspace/ChargedHiggsAnalysisV3/SKNanoOutput/DiLepton/RunEMu_RunSyst/2023BPix/DYJets.root
2025-12-16 12:52:19,949 - INFO - [2023BPix] MISSING_FILE: /home/choij/Sync/workspace/ChargedHiggsAnalysisV3/SKNanoOutput/DiLepton/RunEMu_RunSyst/2023BPix/DYJets10to50.root
2025-12-16 12:52:19,949 - INFO - [2023BPix] MISSING_FILE: /home/choij/Sync/workspace/ChargedHiggsAnalysisV3/SKNanoOutput/DiLepton/RunEMu_RunSyst/2023BPix/TTLL_powheg.root
2025-12-16 12:52:19,949 - INFO - [2023BPix] MISSING_FILE: /home/choij/Sync/workspace/ChargedHiggsAnalysisV3/SKNanoOutput/DiLepton/RunEMu_RunSyst/2023BPix/TTLJ_powheg.root
2025-12-16 12:52:19,949 - INFO - [2023BPix] MISSING_FILE: /home/choij/Sync/workspace/ChargedHiggsAnalysisV3/SKNanoOutput/DiLepton/RunEMu_RunSyst/2023BPix/ST_sch_top_Lep.root
2025-12-16 12:52:19,949 - INFO - [2023BPix] MISSING_FILE: /home/choij/Sync/workspace/ChargedHiggsAnalysisV3/SKNanoOutput/DiLepton/RunEMu_RunSyst/2023BPix/ST_sch_antitop_Lep.root
2025-12-16 12:52:19,949 - INFO - [2023BPix] MISSING_FILE: /home/choij/Sync/workspace/ChargedHiggsAnalysisV3/SKNanoOutput/DiLepton/RunEMu_RunSyst/2023BPix/ST_tch_top.root
2025-12-16 12:52:19,949 - INFO - [2023BPix] MISSING_FILE: /home/choij/Sync/workspace/ChargedHiggsAnalysisV3/SKNanoOutput/DiLepton/RunEMu_RunSyst/2023BPix/ST_tch_antitop.root
2025-12-16 12:52:19,949 - INFO - [2023BPix] MISSING_FILE: /home/choij/Sync/workspace/ChargedHiggsAnalysisV3/SKNanoOutput/DiLepton/RunEMu_RunSyst/2023BPix/ST_tW_top_Lep.root
2025-12-16 12:52:19,949 - INFO - [2023BPix] MISSING_FILE: /home/choij/Sync/workspace/ChargedHiggsAnalysisV3/SKNanoOutput/DiLepton/RunEMu_RunSyst/2023BPix/ST_tW_antitop_Lep.root
2025-12-16 12:52:19,949 - INFO - [2023BPix] MISSING_FILE: /home/choij/Sync/workspace/ChargedHiggsAnalysisV3/SKNanoOutput/DiLepton/RunEMu_RunSyst/2023BPix/ST_tW_top_Semilep.root
2025-12-16 12:52:19,949 - INFO - [2023BPix] MISSING_FILE: /home/choij/Sync/workspace/ChargedHiggsAnalysisV3/SKNanoOutput/DiLepton/RunEMu_RunSyst/2023BPix/ST_tW_antitop_Semilep.root
2025-12-16 12:52:19,949 - INFO - [2023BPix] MISSING_FILE: /home/choij/Sync/workspace/ChargedHiggsAnalysisV3/SKNanoOutput/DiLepton/RunEMu_RunSyst/2023BPix/WW_pythia.root
2025-12-16 12:52:19,949 - INFO - [2023BPix] MISSING_FILE: /home/choij/Sync/workspace/ChargedHiggsAnalysisV3/SKNanoOutput/DiLepton/RunEMu_RunSyst/2023BPix/WZ_pythia.root
2025-12-16 12:52:19,949 - INFO - [2023BPix] MISSING_FILE: /home/choij/Sync/workspace/ChargedHiggsAnalysisV3/SKNanoOutput/DiLepton/RunEMu_RunSyst/2023BPix/ZZ_pythia.root
2025-12-16 12:52:19,970 - INFO - [2022EE] MISSING_FILE: /home/choij/Sync/workspace/ChargedHiggsAnalysisV3/SKNanoOutput/DiLepton/RunEMu_RunSyst/2022EE/DYJets10to50.root
2025-12-16 12:52:19,970 - INFO - [2022EE] MISSING_FILE: /home/choij/Sync/workspace/ChargedHiggsAnalysisV3/SKNanoOutput/DiLepton/RunEMu_RunSyst/2022EE/TTLJ_powheg.root
2025-12-16 12:52:19,974 - INFO - [2022EE] MISSING_FILE: /home/choij/Sync/workspace/ChargedHiggsAnalysisV3/SKNanoOutput/DiLepton/RunEMu_RunSyst/2022EE/DYJets10to50.root
2025-12-16 12:52:19,975 - INFO - [2022EE] MISSING_FILE: /home/choij/Sync/workspace/ChargedHiggsAnalysisV3/SKNanoOutput/DiLepton/RunEMu_RunSyst/2022EE/TTLJ_powheg.root
2025-12-16 12:52:19,975 - INFO - [2023] MISSING_FILE: /home/choij/Sync/workspace/ChargedHiggsAnalysisV3/SKNanoOutput/DiLepton/RunEMu_RunSyst/2023/WJets.root
2025-12-16 12:52:19,975 - INFO - [2023] MISSING_FILE: /home/choij/Sync/workspace/ChargedHiggsAnalysisV3/SKNanoOutput/DiLepton/RunEMu_RunSyst/2023/DYJets.root
2025-12-16 12:52:19,975 - INFO - [2023] MISSING_FILE: /home/choij/Sync/workspace/ChargedHiggsAnalysisV3/SKNanoOutput/DiLepton/RunEMu_RunSyst/2023/DYJets10to50.root
2025-12-16 12:52:19,975 - INFO - [2023] MISSING_FILE: /home/choij/Sync/workspace/ChargedHiggsAnalysisV3/SKNanoOutput/DiLepton/RunEMu_RunSyst/2023/TTLL_powheg.root
2025-12-16 12:52:19,975 - INFO - [2023] MISSING_FILE: /home/choij/Sync/workspace/ChargedHiggsAnalysisV3/SKNanoOutput/DiLepton/RunEMu_RunSyst/2023/TTLJ_powheg.root
2025-12-16 12:52:19,975 - INFO - [2023] MISSING_FILE: /home/choij/Sync/workspace/ChargedHiggsAnalysisV3/SKNanoOutput/DiLepton/RunEMu_RunSyst/2023/ST_sch_top_Lep.root
2025-12-16 12:52:19,975 - INFO - [2023] MISSING_FILE: /home/choij/Sync/workspace/ChargedHiggsAnalysisV3/SKNanoOutput/DiLepton/RunEMu_RunSyst/2023/ST_sch_antitop_Lep.root
2025-12-16 12:52:19,976 - INFO - [2023] MISSING_FILE: /home/choij/Sync/workspace/ChargedHiggsAnalysisV3/SKNanoOutput/DiLepton/RunEMu_RunSyst/2023/ST_tch_top.root
2025-12-16 12:52:19,976 - INFO - [2023] MISSING_FILE: /home/choij/Sync/workspace/ChargedHiggsAnalysisV3/SKNanoOutput/DiLepton/RunEMu_RunSyst/2023/ST_tch_antitop.root
2025-12-16 12:52:19,976 - INFO - [2023] MISSING_FILE: /home/choij/Sync/workspace/ChargedHiggsAnalysisV3/SKNanoOutput/DiLepton/RunEMu_RunSyst/2023/ST_tW_top_Lep.root
2025-12-16 12:52:19,976 - INFO - [2023] MISSING_FILE: /home/choij/Sync/workspace/ChargedHiggsAnalysisV3/SKNanoOutput/DiLepton/RunEMu_RunSyst/2023/ST_tW_antitop_Lep.root
2025-12-16 12:52:19,976 - INFO - [2023] MISSING_FILE: /home/choij/Sync/workspace/ChargedHiggsAnalysisV3/SKNanoOutput/DiLepton/RunEMu_RunSyst/2023/ST_tW_top_Semilep.root
2025-12-16 12:52:19,976 - INFO - [2023] MISSING_FILE: /home/choij/Sync/workspace/ChargedHiggsAnalysisV3/SKNanoOutput/DiLepton/RunEMu_RunSyst/2023/ST_tW_antitop_Semilep.root
2025-12-16 12:52:19,976 - INFO - [2023] MISSING_FILE: /home/choij/Sync/workspace/ChargedHiggsAnalysisV3/SKNanoOutput/DiLepton/RunEMu_RunSyst/2023/WW_pythia.root
2025-12-16 12:52:19,976 - INFO - [2023] MISSING_FILE: /home/choij/Sync/workspace/ChargedHiggsAnalysisV3/SKNanoOutput/DiLepton/RunEMu_RunSyst/2023/WZ_pythia.root
2025-12-16 12:52:19,976 - INFO - [2023] MISSING_FILE: /home/choij/Sync/workspace/ChargedHiggsAnalysisV3/SKNanoOutput/DiLepton/RunEMu_RunSyst/2023/ZZ_pythia.root
2025-12-16 12:52:19,976 - INFO - [2023BPix] MISSING_FILE: /home/choij/Sync/workspace/ChargedHiggsAnalysisV3/SKNanoOutput/DiLepton/RunEMu_RunSyst/2023BPix/WJets.root
2025-12-16 12:52:19,976 - INFO - [2023BPix] MISSING_FILE: /home/choij/Sync/workspace/ChargedHiggsAnalysisV3/SKNanoOutput/DiLepton/RunEMu_RunSyst/2023BPix/DYJets.root
2025-12-16 12:52:19,976 - INFO - [2023BPix] MISSING_FILE: /home/choij/Sync/workspace/ChargedHiggsAnalysisV3/SKNanoOutput/DiLepton/RunEMu_RunSyst/2023BPix/DYJets10to50.root
2025-12-16 12:52:19,977 - INFO - [2023BPix] MISSING_FILE: /home/choij/Sync/workspace/ChargedHiggsAnalysisV3/SKNanoOutput/DiLepton/RunEMu_RunSyst/2023BPix/TTLL_powheg.root
2025-12-16 12:52:19,977 - INFO - [2023BPix] MISSING_FILE: /home/choij/Sync/workspace/ChargedHiggsAnalysisV3/SKNanoOutput/DiLepton/RunEMu_RunSyst/2023BPix/TTLJ_powheg.root
2025-12-16 12:52:19,977 - INFO - [2023BPix] MISSING_FILE: /home/choij/Sync/workspace/ChargedHiggsAnalysisV3/SKNanoOutput/DiLepton/RunEMu_RunSyst/2023BPix/ST_sch_top_Lep.root
2025-12-16 12:52:19,977 - INFO - [2023BPix] MISSING_FILE: /home/choij/Sync/workspace/ChargedHiggsAnalysisV3/SKNanoOutput/DiLepton/RunEMu_RunSyst/2023BPix/ST_sch_antitop_Lep.root
2025-12-16 12:52:19,977 - INFO - [2023BPix] MISSING_FILE: /home/choij/Sync/workspace/ChargedHiggsAnalysisV3/SKNanoOutput/DiLepton/RunEMu_RunSyst/2023BPix/ST_tch_top.root
2025-12-16 12:52:19,977 - INFO - [2023BPix] MISSING_FILE: /home/choij/Sync/workspace/ChargedHiggsAnalysisV3/SKNanoOutput/DiLepton/RunEMu_RunSyst/2023BPix/ST_tch_antitop.root
2025-12-16 12:52:19,977 - INFO - [2023BPix] MISSING_FILE: /home/choij/Sync/workspace/ChargedHiggsAnalysisV3/SKNanoOutput/DiLepton/RunEMu_RunSyst/2023BPix/ST_tW_top_Lep.root
2025-12-16 12:52:19,977 - INFO - [2023BPix] MISSING_FILE: /home/choij/Sync/workspace/ChargedHiggsAnalysisV3/SKNanoOutput/DiLepton/RunEMu_RunSyst/2023BPix/ST_tW_antitop_Lep.root
2025-12-16 12:52:19,977 - INFO - [2023BPix] MISSING_FILE: /home/choij/Sync/workspace/ChargedHiggsAnalysisV3/SKNanoOutput/DiLepton/RunEMu_RunSyst/2023BPix/ST_tW_top_Semilep.root
2025-12-16 12:52:19,977 - INFO - [2023BPix] MISSING_FILE: /home/choij/Sync/workspace/ChargedHiggsAnalysisV3/SKNanoOutput/DiLepton/RunEMu_RunSyst/2023BPix/ST_tW_antitop_Semilep.root
2025-12-16 12:52:19,977 - INFO - [2023BPix] MISSING_FILE: /home/choij/Sync/workspace/ChargedHiggsAnalysisV3/SKNanoOutput/DiLepton/RunEMu_RunSyst/2023BPix/WW_pythia.root
2025-12-16 12:52:19,977 - INFO - [2023BPix] MISSING_FILE: /home/choij/Sync/workspace/ChargedHiggsAnalysisV3/SKNanoOutput/DiLepton/RunEMu_RunSyst/2023BPix/WZ_pythia.root
2025-12-16 12:52:19,977 - INFO - [2023BPix] MISSING_FILE: /home/choij/Sync/workspace/ChargedHiggsAnalysisV3/SKNanoOutput/DiLepton/RunEMu_RunSyst/2023BPix/ZZ_pythia.root
2025-12-16 12:52:19,980 - INFO - [2023] MISSING_FILE: /home/choij/Sync/workspace/ChargedHiggsAnalysisV3/SKNanoOutput/DiLepton/RunEMu_RunSyst/2023/WJets.root
2025-12-16 12:52:19,980 - INFO - [2023] MISSING_FILE: /home/choij/Sync/workspace/ChargedHiggsAnalysisV3/SKNanoOutput/DiLepton/RunEMu_RunSyst/2023/DYJets.root
2025-12-16 12:52:19,980 - INFO - [2023] MISSING_FILE: /home/choij/Sync/workspace/ChargedHiggsAnalysisV3/SKNanoOutput/DiLepton/RunEMu_RunSyst/2023/DYJets10to50.root
2025-12-16 12:52:19,980 - INFO - [2023] MISSING_FILE: /home/choij/Sync/workspace/ChargedHiggsAnalysisV3/SKNanoOutput/DiLepton/RunEMu_RunSyst/2023/TTLL_powheg.root
2025-12-16 12:52:19,980 - INFO - [2023] MISSING_FILE: /home/choij/Sync/workspace/ChargedHiggsAnalysisV3/SKNanoOutput/DiLepton/RunEMu_RunSyst/2023/TTLJ_powheg.root
2025-12-16 12:52:19,980 - INFO - [2023] MISSING_FILE: /home/choij/Sync/workspace/ChargedHiggsAnalysisV3/SKNanoOutput/DiLepton/RunEMu_RunSyst/2023/ST_sch_top_Lep.root
2025-12-16 12:52:19,980 - INFO - [2023] MISSING_FILE: /home/choij/Sync/workspace/ChargedHiggsAnalysisV3/SKNanoOutput/DiLepton/RunEMu_RunSyst/2023/ST_sch_antitop_Lep.root
2025-12-16 12:52:19,980 - INFO - [2023] MISSING_FILE: /home/choij/Sync/workspace/ChargedHiggsAnalysisV3/SKNanoOutput/DiLepton/RunEMu_RunSyst/2023/ST_tch_top.root
2025-12-16 12:52:19,980 - INFO - [2023] MISSING_FILE: /home/choij/Sync/workspace/ChargedHiggsAnalysisV3/SKNanoOutput/DiLepton/RunEMu_RunSyst/2023/ST_tch_antitop.root
2025-12-16 12:52:19,980 - INFO - [2023] MISSING_FILE: /home/choij/Sync/workspace/ChargedHiggsAnalysisV3/SKNanoOutput/DiLepton/RunEMu_RunSyst/2023/ST_tW_top_Lep.root
2025-12-16 12:52:19,980 - INFO - [2023] MISSING_FILE: /home/choij/Sync/workspace/ChargedHiggsAnalysisV3/SKNanoOutput/DiLepton/RunEMu_RunSyst/2023/ST_tW_antitop_Lep.root
2025-12-16 12:52:19,980 - INFO - [2023] MISSING_FILE: /home/choij/Sync/workspace/ChargedHiggsAnalysisV3/SKNanoOutput/DiLepton/RunEMu_RunSyst/2023/ST_tW_top_Semilep.root
2025-12-16 12:52:19,980 - INFO - [2023] MISSING_FILE: /home/choij/Sync/workspace/ChargedHiggsAnalysisV3/SKNanoOutput/DiLepton/RunEMu_RunSyst/2023/ST_tW_antitop_Semilep.root
2025-12-16 12:52:19,980 - INFO - [2023] MISSING_FILE: /home/choij/Sync/workspace/ChargedHiggsAnalysisV3/SKNanoOutput/DiLepton/RunEMu_RunSyst/2023/WW_pythia.root
2025-12-16 12:52:19,980 - INFO - [2023] MISSING_FILE: /home/choij/Sync/workspace/ChargedHiggsAnalysisV3/SKNanoOutput/DiLepton/RunEMu_RunSyst/2023/WZ_pythia.root
2025-12-16 12:52:19,981 - INFO - [2023] MISSING_FILE: /home/choij/Sync/workspace/ChargedHiggsAnalysisV3/SKNanoOutput/DiLepton/RunEMu_RunSyst/2023/ZZ_pythia.root
2025-12-16 12:52:19,981 - INFO - [2023BPix] MISSING_FILE: /home/choij/Sync/workspace/ChargedHiggsAnalysisV3/SKNanoOutput/DiLepton/RunEMu_RunSyst/2023BPix/WJets.root
2025-12-16 12:52:19,981 - INFO - [2023BPix] MISSING_FILE: /home/choij/Sync/workspace/ChargedHiggsAnalysisV3/SKNanoOutput/DiLepton/RunEMu_RunSyst/2023BPix/DYJets.root
2025-12-16 12:52:19,981 - INFO - [2023BPix] MISSING_FILE: /home/choij/Sync/workspace/ChargedHiggsAnalysisV3/SKNanoOutput/DiLepton/RunEMu_RunSyst/2023BPix/DYJets10to50.root
2025-12-16 12:52:19,981 - INFO - [2023BPix] MISSING_FILE: /home/choij/Sync/workspace/ChargedHiggsAnalysisV3/SKNanoOutput/DiLepton/RunEMu_RunSyst/2023BPix/TTLL_powheg.root
2025-12-16 12:52:19,981 - INFO - [2023BPix] MISSING_FILE: /home/choij/Sync/workspace/ChargedHiggsAnalysisV3/SKNanoOutput/DiLepton/RunEMu_RunSyst/2023BPix/TTLJ_powheg.root
2025-12-16 12:52:19,981 - INFO - [2023BPix] MISSING_FILE: /home/choij/Sync/workspace/ChargedHiggsAnalysisV3/SKNanoOutput/DiLepton/RunEMu_RunSyst/2023BPix/ST_sch_top_Lep.root
2025-12-16 12:52:19,981 - INFO - [2023BPix] MISSING_FILE: /home/choij/Sync/workspace/ChargedHiggsAnalysisV3/SKNanoOutput/DiLepton/RunEMu_RunSyst/2023BPix/ST_sch_antitop_Lep.root
2025-12-16 12:52:19,981 - INFO - [2023BPix] MISSING_FILE: /home/choij/Sync/workspace/ChargedHiggsAnalysisV3/SKNanoOutput/DiLepton/RunEMu_RunSyst/2023BPix/ST_tch_top.root
2025-12-16 12:52:19,981 - INFO - [2023BPix] MISSING_FILE: /home/choij/Sync/workspace/ChargedHiggsAnalysisV3/SKNanoOutput/DiLepton/RunEMu_RunSyst/2023BPix/ST_tch_antitop.root
2025-12-16 12:52:19,981 - INFO - [2023BPix] MISSING_FILE: /home/choij/Sync/workspace/ChargedHiggsAnalysisV3/SKNanoOutput/DiLepton/RunEMu_RunSyst/2023BPix/ST_tW_top_Lep.root
2025-12-16 12:52:19,981 - INFO - [2023BPix] MISSING_FILE: /home/choij/Sync/workspace/ChargedHiggsAnalysisV3/SKNanoOutput/DiLepton/RunEMu_RunSyst/2023BPix/ST_tW_antitop_Lep.root
2025-12-16 12:52:19,981 - INFO - [2023BPix] MISSING_FILE: /home/choij/Sync/workspace/ChargedHiggsAnalysisV3/SKNanoOutput/DiLepton/RunEMu_RunSyst/2023BPix/ST_tW_top_Semilep.root
2025-12-16 12:52:19,981 - INFO - [2023BPix] MISSING_FILE: /home/choij/Sync/workspace/ChargedHiggsAnalysisV3/SKNanoOutput/DiLepton/RunEMu_RunSyst/2023BPix/ST_tW_antitop_Semilep.root
2025-12-16 12:52:19,981 - INFO - [2023BPix] MISSING_FILE: /home/choij/Sync/workspace/ChargedHiggsAnalysisV3/SKNanoOutput/DiLepton/RunEMu_RunSyst/2023BPix/WW_pythia.root
2025-12-16 12:52:19,982 - INFO - [2023BPix] MISSING_FILE: /home/choij/Sync/workspace/ChargedHiggsAnalysisV3/SKNanoOutput/DiLepton/RunEMu_RunSyst/2023BPix/WZ_pythia.root
2025-12-16 12:52:19,982 - INFO - [2023BPix] MISSING_FILE: /home/choij/Sync/workspace/ChargedHiggsAnalysisV3/SKNanoOutput/DiLepton/RunEMu_RunSyst/2023BPix/ZZ_pythia.root
2025-12-16 12:52:20,035 - INFO - [2022EE] MISSING_FILE: /home/choij/Sync/workspace/ChargedHiggsAnalysisV3/SKNanoOutput/DiLepton/RunEMu_RunSyst/2022EE/DYJets10to50.root
2025-12-16 12:52:20,036 - INFO - [2022EE] MISSING_FILE: /home/choij/Sync/workspace/ChargedHiggsAnalysisV3/SKNanoOutput/DiLepton/RunEMu_RunSyst/2022EE/TTLJ_powheg.root
2025-12-16 12:52:20,043 - INFO - [2023] MISSING_FILE: /home/choij/Sync/workspace/ChargedHiggsAnalysisV3/SKNanoOutput/DiLepton/RunEMu_RunSyst/2023/WJets.root
2025-12-16 12:52:20,043 - INFO - [2023] MISSING_FILE: /home/choij/Sync/workspace/ChargedHiggsAnalysisV3/SKNanoOutput/DiLepton/RunEMu_RunSyst/2023/DYJets.root
2025-12-16 12:52:20,043 - INFO - [2023] MISSING_FILE: /home/choij/Sync/workspace/ChargedHiggsAnalysisV3/SKNanoOutput/DiLepton/RunEMu_RunSyst/2023/DYJets10to50.root
2025-12-16 12:52:20,043 - INFO - [2023] MISSING_FILE: /home/choij/Sync/workspace/ChargedHiggsAnalysisV3/SKNanoOutput/DiLepton/RunEMu_RunSyst/2023/TTLL_powheg.root
2025-12-16 12:52:20,043 - INFO - [2023] MISSING_FILE: /home/choij/Sync/workspace/ChargedHiggsAnalysisV3/SKNanoOutput/DiLepton/RunEMu_RunSyst/2023/TTLJ_powheg.root
2025-12-16 12:52:20,043 - INFO - [2023] MISSING_FILE: /home/choij/Sync/workspace/ChargedHiggsAnalysisV3/SKNanoOutput/DiLepton/RunEMu_RunSyst/2023/ST_sch_top_Lep.root
2025-12-16 12:52:20,044 - INFO - [2023] MISSING_FILE: /home/choij/Sync/workspace/ChargedHiggsAnalysisV3/SKNanoOutput/DiLepton/RunEMu_RunSyst/2023/ST_sch_antitop_Lep.root
2025-12-16 12:52:20,044 - INFO - [2023] MISSING_FILE: /home/choij/Sync/workspace/ChargedHiggsAnalysisV3/SKNanoOutput/DiLepton/RunEMu_RunSyst/2023/ST_tch_top.root
2025-12-16 12:52:20,044 - INFO - [2023] MISSING_FILE: /home/choij/Sync/workspace/ChargedHiggsAnalysisV3/SKNanoOutput/DiLepton/RunEMu_RunSyst/2023/ST_tch_antitop.root
2025-12-16 12:52:20,044 - INFO - [2023] MISSING_FILE: /home/choij/Sync/workspace/ChargedHiggsAnalysisV3/SKNanoOutput/DiLepton/RunEMu_RunSyst/2023/ST_tW_top_Lep.root
2025-12-16 12:52:20,044 - INFO - [2023] MISSING_FILE: /home/choij/Sync/workspace/ChargedHiggsAnalysisV3/SKNanoOutput/DiLepton/RunEMu_RunSyst/2023/ST_tW_antitop_Lep.root
2025-12-16 12:52:20,044 - INFO - [2023] MISSING_FILE: /home/choij/Sync/workspace/ChargedHiggsAnalysisV3/SKNanoOutput/DiLepton/RunEMu_RunSyst/2023/ST_tW_top_Semilep.root
2025-12-16 12:52:20,044 - INFO - [2023] MISSING_FILE: /home/choij/Sync/workspace/ChargedHiggsAnalysisV3/SKNanoOutput/DiLepton/RunEMu_RunSyst/2023/ST_tW_antitop_Semilep.root
2025-12-16 12:52:20,044 - INFO - [2023] MISSING_FILE: /home/choij/Sync/workspace/ChargedHiggsAnalysisV3/SKNanoOutput/DiLepton/RunEMu_RunSyst/2023/WW_pythia.root
2025-12-16 12:52:20,044 - INFO - [2023] MISSING_FILE: /home/choij/Sync/workspace/ChargedHiggsAnalysisV3/SKNanoOutput/DiLepton/RunEMu_RunSyst/2023/WZ_pythia.root
2025-12-16 12:52:20,044 - INFO - [2023] MISSING_FILE: /home/choij/Sync/workspace/ChargedHiggsAnalysisV3/SKNanoOutput/DiLepton/RunEMu_RunSyst/2023/ZZ_pythia.root
2025-12-16 12:52:20,045 - INFO - [2023BPix] MISSING_FILE: /home/choij/Sync/workspace/ChargedHiggsAnalysisV3/SKNanoOutput/DiLepton/RunEMu_RunSyst/2023BPix/WJets.root
2025-12-16 12:52:20,045 - INFO - [2023BPix] MISSING_FILE: /home/choij/Sync/workspace/ChargedHiggsAnalysisV3/SKNanoOutput/DiLepton/RunEMu_RunSyst/2023BPix/DYJets.root
2025-12-16 12:52:20,045 - INFO - [2023BPix] MISSING_FILE: /home/choij/Sync/workspace/ChargedHiggsAnalysisV3/SKNanoOutput/DiLepton/RunEMu_RunSyst/2023BPix/DYJets10to50.root
2025-12-16 12:52:20,045 - INFO - [2023BPix] MISSING_FILE: /home/choij/Sync/workspace/ChargedHiggsAnalysisV3/SKNanoOutput/DiLepton/RunEMu_RunSyst/2023BPix/TTLL_powheg.root
2025-12-16 12:52:20,045 - INFO - [2023BPix] MISSING_FILE: /home/choij/Sync/workspace/ChargedHiggsAnalysisV3/SKNanoOutput/DiLepton/RunEMu_RunSyst/2023BPix/TTLJ_powheg.root
2025-12-16 12:52:20,045 - INFO - [2023BPix] MISSING_FILE: /home/choij/Sync/workspace/ChargedHiggsAnalysisV3/SKNanoOutput/DiLepton/RunEMu_RunSyst/2023BPix/ST_sch_top_Lep.root
2025-12-16 12:52:20,045 - INFO - [2023BPix] MISSING_FILE: /home/choij/Sync/workspace/ChargedHiggsAnalysisV3/SKNanoOutput/DiLepton/RunEMu_RunSyst/2023BPix/ST_sch_antitop_Lep.root
2025-12-16 12:52:20,045 - INFO - [2023BPix] MISSING_FILE: /home/choij/Sync/workspace/ChargedHiggsAnalysisV3/SKNanoOutput/DiLepton/RunEMu_RunSyst/2023BPix/ST_tch_top.root
2025-12-16 12:52:20,045 - INFO - [2023BPix] MISSING_FILE: /home/choij/Sync/workspace/ChargedHiggsAnalysisV3/SKNanoOutput/DiLepton/RunEMu_RunSyst/2023BPix/ST_tch_antitop.root
2025-12-16 12:52:20,045 - INFO - [2023BPix] MISSING_FILE: /home/choij/Sync/workspace/ChargedHiggsAnalysisV3/SKNanoOutput/DiLepton/RunEMu_RunSyst/2023BPix/ST_tW_top_Lep.root
2025-12-16 12:52:20,045 - INFO - [2023BPix] MISSING_FILE: /home/choij/Sync/workspace/ChargedHiggsAnalysisV3/SKNanoOutput/DiLepton/RunEMu_RunSyst/2023BPix/ST_tW_antitop_Lep.root
2025-12-16 12:52:20,045 - INFO - [2023BPix] MISSING_FILE: /home/choij/Sync/workspace/ChargedHiggsAnalysisV3/SKNanoOutput/DiLepton/RunEMu_RunSyst/2023BPix/ST_tW_top_Semilep.root
2025-12-16 12:52:20,045 - INFO - [2023BPix] MISSING_FILE: /home/choij/Sync/workspace/ChargedHiggsAnalysisV3/SKNanoOutput/DiLepton/RunEMu_RunSyst/2023BPix/ST_tW_antitop_Semilep.root
2025-12-16 12:52:20,045 - INFO - [2023BPix] MISSING_FILE: /home/choij/Sync/workspace/ChargedHiggsAnalysisV3/SKNanoOutput/DiLepton/RunEMu_RunSyst/2023BPix/WW_pythia.root
2025-12-16 12:52:20,045 - INFO - [2023BPix] MISSING_FILE: /home/choij/Sync/workspace/ChargedHiggsAnalysisV3/SKNanoOutput/DiLepton/RunEMu_RunSyst/2023BPix/WZ_pythia.root
2025-12-16 12:52:20,046 - INFO - [2023BPix] MISSING_FILE: /home/choij/Sync/workspace/ChargedHiggsAnalysisV3/SKNanoOutput/DiLepton/RunEMu_RunSyst/2023BPix/ZZ_pythia.root
2025-12-16 12:52:20,061 - INFO - [2023] MISSING_FILE: /home/choij/Sync/workspace/ChargedHiggsAnalysisV3/SKNanoOutput/DiLepton/RunEMu_RunSyst/2023/WJets.root
2025-12-16 12:52:20,061 - INFO - [2023] MISSING_FILE: /home/choij/Sync/workspace/ChargedHiggsAnalysisV3/SKNanoOutput/DiLepton/RunEMu_RunSyst/2023/DYJets.root
2025-12-16 12:52:20,061 - INFO - [2023] MISSING_FILE: /home/choij/Sync/workspace/ChargedHiggsAnalysisV3/SKNanoOutput/DiLepton/RunEMu_RunSyst/2023/DYJets10to50.root
2025-12-16 12:52:20,061 - INFO - [2023] MISSING_FILE: /home/choij/Sync/workspace/ChargedHiggsAnalysisV3/SKNanoOutput/DiLepton/RunEMu_RunSyst/2023/TTLL_powheg.root
2025-12-16 12:52:20,061 - INFO - [2023] MISSING_FILE: /home/choij/Sync/workspace/ChargedHiggsAnalysisV3/SKNanoOutput/DiLepton/RunEMu_RunSyst/2023/TTLJ_powheg.root
2025-12-16 12:52:20,061 - INFO - [2023] MISSING_FILE: /home/choij/Sync/workspace/ChargedHiggsAnalysisV3/SKNanoOutput/DiLepton/RunEMu_RunSyst/2023/ST_sch_top_Lep.root
2025-12-16 12:52:20,061 - INFO - [2023] MISSING_FILE: /home/choij/Sync/workspace/ChargedHiggsAnalysisV3/SKNanoOutput/DiLepton/RunEMu_RunSyst/2023/ST_sch_antitop_Lep.root
2025-12-16 12:52:20,061 - INFO - [2023] MISSING_FILE: /home/choij/Sync/workspace/ChargedHiggsAnalysisV3/SKNanoOutput/DiLepton/RunEMu_RunSyst/2023/ST_tch_top.root
2025-12-16 12:52:20,061 - INFO - [2023] MISSING_FILE: /home/choij/Sync/workspace/ChargedHiggsAnalysisV3/SKNanoOutput/DiLepton/RunEMu_RunSyst/2023/ST_tch_antitop.root
2025-12-16 12:52:20,061 - INFO - [2023] MISSING_FILE: /home/choij/Sync/workspace/ChargedHiggsAnalysisV3/SKNanoOutput/DiLepton/RunEMu_RunSyst/2023/ST_tW_top_Lep.root
2025-12-16 12:52:20,061 - INFO - [2023] MISSING_FILE: /home/choij/Sync/workspace/ChargedHiggsAnalysisV3/SKNanoOutput/DiLepton/RunEMu_RunSyst/2023/ST_tW_antitop_Lep.root
2025-12-16 12:52:20,061 - INFO - [2023] MISSING_FILE: /home/choij/Sync/workspace/ChargedHiggsAnalysisV3/SKNanoOutput/DiLepton/RunEMu_RunSyst/2023/ST_tW_top_Semilep.root
2025-12-16 12:52:20,061 - INFO - [2023] MISSING_FILE: /home/choij/Sync/workspace/ChargedHiggsAnalysisV3/SKNanoOutput/DiLepton/RunEMu_RunSyst/2023/ST_tW_antitop_Semilep.root
2025-12-16 12:52:20,061 - INFO - [2023] MISSING_FILE: /home/choij/Sync/workspace/ChargedHiggsAnalysisV3/SKNanoOutput/DiLepton/RunEMu_RunSyst/2023/WW_pythia.root
2025-12-16 12:52:20,061 - INFO - [2023] MISSING_FILE: /home/choij/Sync/workspace/ChargedHiggsAnalysisV3/SKNanoOutput/DiLepton/RunEMu_RunSyst/2023/WZ_pythia.root
2025-12-16 12:52:20,061 - INFO - [2023] MISSING_FILE: /home/choij/Sync/workspace/ChargedHiggsAnalysisV3/SKNanoOutput/DiLepton/RunEMu_RunSyst/2023/ZZ_pythia.root
2025-12-16 12:52:20,063 - INFO - [2023BPix] MISSING_FILE: /home/choij/Sync/workspace/ChargedHiggsAnalysisV3/SKNanoOutput/DiLepton/RunEMu_RunSyst/2023BPix/WJets.root
2025-12-16 12:52:20,063 - INFO - [2023BPix] MISSING_FILE: /home/choij/Sync/workspace/ChargedHiggsAnalysisV3/SKNanoOutput/DiLepton/RunEMu_RunSyst/2023BPix/DYJets.root
2025-12-16 12:52:20,063 - INFO - [2023BPix] MISSING_FILE: /home/choij/Sync/workspace/ChargedHiggsAnalysisV3/SKNanoOutput/DiLepton/RunEMu_RunSyst/2023BPix/DYJets10to50.root
2025-12-16 12:52:20,063 - INFO - [2023BPix] MISSING_FILE: /home/choij/Sync/workspace/ChargedHiggsAnalysisV3/SKNanoOutput/DiLepton/RunEMu_RunSyst/2023BPix/TTLL_powheg.root
2025-12-16 12:52:20,063 - INFO - [2023BPix] MISSING_FILE: /home/choij/Sync/workspace/ChargedHiggsAnalysisV3/SKNanoOutput/DiLepton/RunEMu_RunSyst/2023BPix/TTLJ_powheg.root
2025-12-16 12:52:20,063 - INFO - [2023BPix] MISSING_FILE: /home/choij/Sync/workspace/ChargedHiggsAnalysisV3/SKNanoOutput/DiLepton/RunEMu_RunSyst/2023BPix/ST_sch_top_Lep.root
2025-12-16 12:52:20,063 - INFO - [2023BPix] MISSING_FILE: /home/choij/Sync/workspace/ChargedHiggsAnalysisV3/SKNanoOutput/DiLepton/RunEMu_RunSyst/2023BPix/ST_sch_antitop_Lep.root
2025-12-16 12:52:20,063 - INFO - [2023BPix] MISSING_FILE: /home/choij/Sync/workspace/ChargedHiggsAnalysisV3/SKNanoOutput/DiLepton/RunEMu_RunSyst/2023BPix/ST_tch_top.root
2025-12-16 12:52:20,063 - INFO - [2023BPix] MISSING_FILE: /home/choij/Sync/workspace/ChargedHiggsAnalysisV3/SKNanoOutput/DiLepton/RunEMu_RunSyst/2023BPix/ST_tch_antitop.root
2025-12-16 12:52:20,063 - INFO - [2023BPix] MISSING_FILE: /home/choij/Sync/workspace/ChargedHiggsAnalysisV3/SKNanoOutput/DiLepton/RunEMu_RunSyst/2023BPix/ST_tW_top_Lep.root
2025-12-16 12:52:20,063 - INFO - [2023BPix] MISSING_FILE: /home/choij/Sync/workspace/ChargedHiggsAnalysisV3/SKNanoOutput/DiLepton/RunEMu_RunSyst/2023BPix/ST_tW_antitop_Lep.root
2025-12-16 12:52:20,063 - INFO - [2023BPix] MISSING_FILE: /home/choij/Sync/workspace/ChargedHiggsAnalysisV3/SKNanoOutput/DiLepton/RunEMu_RunSyst/2023BPix/ST_tW_top_Semilep.root
2025-12-16 12:52:20,063 - INFO - [2023BPix] MISSING_FILE: /home/choij/Sync/workspace/ChargedHiggsAnalysisV3/SKNanoOutput/DiLepton/RunEMu_RunSyst/2023BPix/ST_tW_antitop_Semilep.root
2025-12-16 12:52:20,063 - INFO - [2023BPix] MISSING_FILE: /home/choij/Sync/workspace/ChargedHiggsAnalysisV3/SKNanoOutput/DiLepton/RunEMu_RunSyst/2023BPix/WW_pythia.root
2025-12-16 12:52:20,063 - INFO - [2023BPix] MISSING_FILE: /home/choij/Sync/workspace/ChargedHiggsAnalysisV3/SKNanoOutput/DiLepton/RunEMu_RunSyst/2023BPix/WZ_pythia.root
2025-12-16 12:52:20,063 - INFO - [2023BPix] MISSING_FILE: /home/choij/Sync/workspace/ChargedHiggsAnalysisV3/SKNanoOutput/DiLepton/RunEMu_RunSyst/2023BPix/ZZ_pythia.root
