2025-12-16 12:52:13,174 - INFO - [2022EE] MISSING_FILE: /home/choij/Sync/workspace/ChargedHiggsAnalysisV3/SKNanoOutput/DiLepton/RunEMu_RunSyst/2022EE/DYJets10to50.root
2025-12-16 12:52:13,174 - INFO - [2022EE] MISSING_FILE: /home/choij/Sync/workspace/ChargedHiggsAnalysisV3/SKNanoOutput/DiLepton/RunEMu_RunSyst/2022EE/DYJets10to50.root
2025-12-16 12:52:13,175 - INFO - [2022EE] MISSING_FILE: /home/choij/Sync/workspace/ChargedHiggsAnalysisV3/SKNanoOutput/DiLepton/RunEMu_RunSyst/2022EE/TTLJ_powheg.root
2025-12-16 12:52:13,175 - INFO - [2022EE] MISSING_FILE: /home/choij/Sync/workspace/ChargedHiggsAnalysisV3/SKNanoOutput/DiLepton/RunEMu_RunSyst/2022EE/TTLJ_powheg.root
2025-12-16 12:52:13,182 - INFO - [2023] MISSING_FILE: /home/choij/Sync/workspace/ChargedHiggsAnalysisV3/SKNanoOutput/DiLepton/RunEMu_RunSyst/2023/WJets.root
2025-12-16 12:52:13,182 - INFO - [2023] MISSING_FILE: /home/choij/Sync/workspace/ChargedHiggsAnalysisV3/SKNanoOutput/DiLepton/RunEMu_RunSyst/2023/DYJets.root
2025-12-16 12:52:13,182 - INFO - [2023] MISSING_FILE: /home/choij/Sync/workspace/ChargedHiggsAnalysisV3/SKNanoOutput/DiLepton/RunEMu_RunSyst/2023/DYJets10to50.root
2025-12-16 12:52:13,182 - INFO - [2023] MISSING_FILE: /home/choij/Sync/workspace/ChargedHiggsAnalysisV3/SKNanoOutput/DiLepton/RunEMu_RunSyst/2023/TTLL_powheg.root
2025-12-16 12:52:13,182 - INFO - [2023] MISSING_FILE: /home/choij/Sync/workspace/ChargedHiggsAnalysisV3/SKNanoOutput/DiLepton/RunEMu_RunSyst/2023/TTLJ_powheg.root
2025-12-16 12:52:13,182 - INFO - [2023] MISSING_FILE: /home/choij/Sync/workspace/ChargedHiggsAnalysisV3/SKNanoOutput/DiLepton/RunEMu_RunSyst/2023/ST_sch_top_Lep.root
2025-12-16 12:52:13,182 - INFO - [2023] MISSING_FILE: /home/choij/Sync/workspace/ChargedHiggsAnalysisV3/SKNanoOutput/DiLepton/RunEMu_RunSyst/2023/ST_sch_antitop_Lep.root
2025-12-16 12:52:13,182 - INFO - [2023] MISSING_FILE: /home/choij/Sync/workspace/ChargedHiggsAnalysisV3/SKNanoOutput/DiLepton/RunEMu_RunSyst/2023/ST_tch_top.root
2025-12-16 12:52:13,182 - INFO - [2023] MISSING_FILE: /home/choij/Sync/workspace/ChargedHiggsAnalysisV3/SKNanoOutput/DiLepton/RunEMu_RunSyst/2023/ST_tch_antitop.root
2025-12-16 12:52:13,182 - INFO - [2023] MISSING_FILE: /home/choij/Sync/workspace/ChargedHiggsAnalysisV3/SKNanoOutput/DiLepton/RunEMu_RunSyst/2023/ST_tW_top_Lep.root
2025-12-16 12:52:13,182 - INFO - [2023] MISSING_FILE: /home/choij/Sync/workspace/ChargedHiggsAnalysisV3/SKNanoOutput/DiLepton/RunEMu_RunSyst/2023/ST_tW_antitop_Lep.root
2025-12-16 12:52:13,182 - INFO - [2023] MISSING_FILE: /home/choij/Sync/workspace/ChargedHiggsAnalysisV3/SKNanoOutput/DiLepton/RunEMu_RunSyst/2023/ST_tW_top_Semilep.root
2025-12-16 12:52:13,182 - INFO - [2023] MISSING_FILE: /home/choij/Sync/workspace/ChargedHiggsAnalysisV3/SKNanoOutput/DiLepton/RunEMu_RunSyst/2023/ST_tW_antitop_Semilep.root
2025-12-16 12:52:13,182 - INFO - [2023] MISSING_FILE: /home/choij/Sync/workspace/ChargedHiggsAnalysisV3/SKNanoOutput/DiLepton/RunEMu_RunSyst/2023/WW_pythia.root
2025-12-16 12:52:13,182 - INFO - [2023] MISSING_FILE: /home/choij/Sync/workspace/ChargedHiggsAnalysisV3/SKNanoOutput/DiLepton/RunEMu_RunSyst/2023/WZ_pythia.root
2025-12-16 12:52:13,182 - INFO - [2023] MISSING_FILE: /home/choij/Sync/workspace/ChargedHiggsAnalysisV3/SKNanoOutput/DiLepton/RunEMu_RunSyst/2023/ZZ_pythia.root
2025-12-16 12:52:13,182 - INFO - [2023] MISSING_FILE: /home/choij/Sync/workspace/ChargedHiggsAnalysisV3/SKNanoOutput/DiLepton/RunEMu_RunSyst/2023/WJets.root
2025-12-16 12:52:13,182 - INFO - [2023] MISSING_FILE: /home/choij/Sync/workspace/ChargedHiggsAnalysisV3/SKNanoOutput/DiLepton/RunEMu_RunSyst/2023/DYJets.root
2025-12-16 12:52:13,183 - INFO - [2023] MISSING_FILE: /home/choij/Sync/workspace/ChargedHiggsAnalysisV3/SKNanoOutput/DiLepton/RunEMu_RunSyst/2023/DYJets10to50.root
2025-12-16 12:52:13,183 - INFO - [2023] MISSING_FILE: /home/choij/Sync/workspace/ChargedHiggsAnalysisV3/SKNanoOutput/DiLepton/RunEMu_RunSyst/2023/TTLL_powheg.root
2025-12-16 12:52:13,183 - INFO - [2023] MISSING_FILE: /home/choij/Sync/workspace/ChargedHiggsAnalysisV3/SKNanoOutput/DiLepton/RunEMu_RunSyst/2023/TTLJ_powheg.root
2025-12-16 12:52:13,183 - INFO - [2023] MISSING_FILE: /home/choij/Sync/workspace/ChargedHiggsAnalysisV3/SKNanoOutput/DiLepton/RunEMu_RunSyst/2023/ST_sch_top_Lep.root
2025-12-16 12:52:13,183 - INFO - [2023] MISSING_FILE: /home/choij/Sync/workspace/ChargedHiggsAnalysisV3/SKNanoOutput/DiLepton/RunEMu_RunSyst/2023/ST_sch_antitop_Lep.root
2025-12-16 12:52:13,183 - INFO - [2023] MISSING_FILE: /home/choij/Sync/workspace/ChargedHiggsAnalysisV3/SKNanoOutput/DiLepton/RunEMu_RunSyst/2023/ST_tch_top.root
2025-12-16 12:52:13,183 - INFO - [2023] MISSING_FILE: /home/choij/Sync/workspace/ChargedHiggsAnalysisV3/SKNanoOutput/DiLepton/RunEMu_RunSyst/2023/ST_tch_antitop.root
2025-12-16 12:52:13,183 - INFO - [2023] MISSING_FILE: /home/choij/Sync/workspace/ChargedHiggsAnalysisV3/SKNanoOutput/DiLepton/RunEMu_RunSyst/2023/ST_tW_top_Lep.root
2025-12-16 12:52:13,183 - INFO - [2023] MISSING_FILE: /home/choij/Sync/workspace/ChargedHiggsAnalysisV3/SKNanoOutput/DiLepton/RunEMu_RunSyst/2023/ST_tW_antitop_Lep.root
2025-12-16 12:52:13,183 - INFO - [2023] MISSING_FILE: /home/choij/Sync/workspace/ChargedHiggsAnalysisV3/SKNanoOutput/DiLepton/RunEMu_RunSyst/2023/ST_tW_top_Semilep.root
2025-12-16 12:52:13,183 - INFO - [2023] MISSING_FILE: /home/choij/Sync/workspace/ChargedHiggsAnalysisV3/SKNanoOutput/DiLepton/RunEMu_RunSyst/2023/ST_tW_antitop_Semilep.root
2025-12-16 12:52:13,183 - INFO - [2023] MISSING_FILE: /home/choij/Sync/workspace/ChargedHiggsAnalysisV3/SKNanoOutput/DiLepton/RunEMu_RunSyst/2023/WW_pythia.root
2025-12-16 12:52:13,183 - INFO - [2023] MISSING_FILE: /home/choij/Sync/workspace/ChargedHiggsAnalysisV3/SKNanoOutput/DiLepton/RunEMu_RunSyst/2023/WZ_pythia.root
2025-12-16 12:52:13,183 - INFO - [2023BPix] MISSING_FILE: /home/choij/Sync/workspace/ChargedHiggsAnalysisV3/SKNanoOutput/DiLepton/RunEMu_RunSyst/2023BPix/WJets.root
2025-12-16 12:52:13,183 - INFO - [2023] MISSING_FILE: /home/choij/Sync/workspace/ChargedHiggsAnalysisV3/SKNanoOutput/DiLepton/RunEMu_RunSyst/2023/ZZ_pythia.root
2025-12-16 12:52:13,183 - INFO - [2023BPix] MISSING_FILE: /home/choij/Sync/workspace/ChargedHiggsAnalysisV3/SKNanoOutput/DiLepton/RunEMu_RunSyst/2023BPix/DYJets.root
2025-12-16 12:52:13,183 - INFO - [2023BPix] MISSING_FILE: /home/choij/Sync/workspace/ChargedHiggsAnalysisV3/SKNanoOutput/DiLepton/RunEMu_RunSyst/2023BPix/DYJets10to50.root
2025-12-16 12:52:13,183 - INFO - [2023BPix] MISSING_FILE: /home/choij/Sync/workspace/ChargedHiggsAnalysisV3/SKNanoOutput/DiLepton/RunEMu_RunSyst/2023BPix/TTLL_powheg.root
2025-12-16 12:52:13,183 - INFO - [2023BPix] MISSING_FILE: /home/choij/Sync/workspace/ChargedHiggsAnalysisV3/SKNanoOutput/DiLepton/RunEMu_RunSyst/2023BPix/TTLJ_powheg.root
2025-12-16 12:52:13,183 - INFO - [2023BPix] MISSING_FILE: /home/choij/Sync/workspace/ChargedHiggsAnalysisV3/SKNanoOutput/DiLepton/RunEMu_RunSyst/2023BPix/ST_sch_top_Lep.root
2025-12-16 12:52:13,183 - INFO - [2023BPix] MISSING_FILE: /home/choij/Sync/workspace/ChargedHiggsAnalysisV3/SKNanoOutput/DiLepton/RunEMu_RunSyst/2023BPix/ST_sch_antitop_Lep.root
2025-12-16 12:52:13,183 - INFO - [2023BPix] MISSING_FILE: /home/choij/Sync/workspace/ChargedHiggsAnalysisV3/SKNanoOutput/DiLepton/RunEMu_RunSyst/2023BPix/ST_tch_top.root
2025-12-16 12:52:13,183 - INFO - [2023BPix] MISSING_FILE: /home/choij/Sync/workspace/ChargedHiggsAnalysisV3/SKNanoOutput/DiLepton/RunEMu_RunSyst/2023BPix/ST_tch_antitop.root
2025-12-16 12:52:13,183 - INFO - [2023BPix] MISSING_FILE: /home/choij/Sync/workspace/ChargedHiggsAnalysisV3/SKNanoOutput/DiLepton/RunEMu_RunSyst/2023BPix/ST_tW_top_Lep.root
2025-12-16 12:52:13,183 - INFO - [2023BPix] MISSING_FILE: /home/choij/Sync/workspace/ChargedHiggsAnalysisV3/SKNanoOutput/DiLepton/RunEMu_RunSyst/2023BPix/ST_tW_antitop_Lep.root
2025-12-16 12:52:13,183 - INFO - [2023BPix] MISSING_FILE: /home/choij/Sync/workspace/ChargedHiggsAnalysisV3/SKNanoOutput/DiLepton/RunEMu_RunSyst/2023BPix/ST_tW_top_Semilep.root
2025-12-16 12:52:13,183 - INFO - [2023BPix] MISSING_FILE: /home/choij/Sync/workspace/ChargedHiggsAnalysisV3/SKNanoOutput/DiLepton/RunEMu_RunSyst/2023BPix/ST_tW_antitop_Semilep.root
2025-12-16 12:52:13,183 - INFO - [2023BPix] MISSING_FILE: /home/choij/Sync/workspace/ChargedHiggsAnalysisV3/SKNanoOutput/DiLepton/RunEMu_RunSyst/2023BPix/WW_pythia.root
2025-12-16 12:52:13,183 - INFO - [2023BPix] MISSING_FILE: /home/choij/Sync/workspace/ChargedHiggsAnalysisV3/SKNanoOutput/DiLepton/RunEMu_RunSyst/2023BPix/WZ_pythia.root
2025-12-16 12:52:13,183 - INFO - [2023BPix] MISSING_FILE: /home/choij/Sync/workspace/ChargedHiggsAnalysisV3/SKNanoOutput/DiLepton/RunEMu_RunSyst/2023BPix/ZZ_pythia.root
2025-12-16 12:52:13,184 - INFO - [2023BPix] MISSING_FILE: /home/choij/Sync/workspace/ChargedHiggsAnalysisV3/SKNanoOutput/DiLepton/RunEMu_RunSyst/2023BPix/WJets.root
2025-12-16 12:52:13,184 - INFO - [2023BPix] MISSING_FILE: /home/choij/Sync/workspace/ChargedHiggsAnalysisV3/SKNanoOutput/DiLepton/RunEMu_RunSyst/2023BPix/DYJets.root
2025-12-16 12:52:13,184 - INFO - [2023BPix] MISSING_FILE: /home/choij/Sync/workspace/ChargedHiggsAnalysisV3/SKNanoOutput/DiLepton/RunEMu_RunSyst/2023BPix/DYJets10to50.root
2025-12-16 12:52:13,184 - INFO - [2023BPix] MISSING_FILE: /home/choij/Sync/workspace/ChargedHiggsAnalysisV3/SKNanoOutput/DiLepton/RunEMu_RunSyst/2023BPix/TTLL_powheg.root
2025-12-16 12:52:13,184 - INFO - [2023BPix] MISSING_FILE: /home/choij/Sync/workspace/ChargedHiggsAnalysisV3/SKNanoOutput/DiLepton/RunEMu_RunSyst/2023BPix/TTLJ_powheg.root
2025-12-16 12:52:13,184 - INFO - [2023BPix] MISSING_FILE: /home/choij/Sync/workspace/ChargedHiggsAnalysisV3/SKNanoOutput/DiLepton/RunEMu_RunSyst/2023BPix/ST_sch_top_Lep.root
2025-12-16 12:52:13,184 - INFO - [2023BPix] MISSING_FILE: /home/choij/Sync/workspace/ChargedHiggsAnalysisV3/SKNanoOutput/DiLepton/RunEMu_RunSyst/2023BPix/ST_sch_antitop_Lep.root
2025-12-16 12:52:13,184 - INFO - [2023BPix] MISSING_FILE: /home/choij/Sync/workspace/ChargedHiggsAnalysisV3/SKNanoOutput/DiLepton/RunEMu_RunSyst/2023BPix/ST_tch_top.root
2025-12-16 12:52:13,184 - INFO - [2023BPix] MISSING_FILE: /home/choij/Sync/workspace/ChargedHiggsAnalysisV3/SKNanoOutput/DiLepton/RunEMu_RunSyst/2023BPix/ST_tch_antitop.root
2025-12-16 12:52:13,184 - INFO - [2023BPix] MISSING_FILE: /home/choij/Sync/workspace/ChargedHiggsAnalysisV3/SKNanoOutput/DiLepton/RunEMu_RunSyst/2023BPix/ST_tW_top_Lep.root
2025-12-16 12:52:13,184 - INFO - [2023BPix] MISSING_FILE: /home/choij/Sync/workspace/ChargedHiggsAnalysisV3/SKNanoOutput/DiLepton/RunEMu_RunSyst/2023BPix/ST_tW_antitop_Lep.root
2025-12-16 12:52:13,184 - INFO - [2023BPix] MISSING_FILE: /home/choij/Sync/workspace/ChargedHiggsAnalysisV3/SKNanoOutput/DiLepton/RunEMu_RunSyst/2023BPix/ST_tW_top_Semilep.root
2025-12-16 12:52:13,184 - INFO - [2023BPix] MISSING_FILE: /home/choij/Sync/workspace/ChargedHiggsAnalysisV3/SKNanoOutput/DiLepton/RunEMu_RunSyst/2023BPix/ST_tW_antitop_Semilep.root
2025-12-16 12:52:13,184 - INFO - [2023BPix] MISSING_FILE: /home/choij/Sync/workspace/ChargedHiggsAnalysisV3/SKNanoOutput/DiLepton/RunEMu_RunSyst/2023BPix/WW_pythia.root
2025-12-16 12:52:13,184 - INFO - [2023BPix] MISSING_FILE: /home/choij/Sync/workspace/ChargedHiggsAnalysisV3/SKNanoOutput/DiLepton/RunEMu_RunSyst/2023BPix/WZ_pythia.root
2025-12-16 12:52:13,184 - INFO - [2023BPix] MISSING_FILE: /home/choij/Sync/workspace/ChargedHiggsAnalysisV3/SKNanoOutput/DiLepton/RunEMu_RunSyst/2023BPix/ZZ_pythia.root
2025-12-16 12:52:13,265 - INFO - [2022EE] MISSING_FILE: /home/choij/Sync/workspace/ChargedHiggsAnalysisV3/SKNanoOutput/DiLepton/RunEMu_RunSyst/2022EE/DYJets10to50.root
2025-12-16 12:52:13,280 - INFO - [2022EE] MISSING_FILE: /home/choij/Sync/workspace/ChargedHiggsAnalysisV3/SKNanoOutput/DiLepton/RunEMu_RunSyst/2022EE/TTLJ_powheg.root
2025-12-16 12:52:13,377 - INFO - [2023] MISSING_FILE: /home/choij/Sync/workspace/ChargedHiggsAnalysisV3/SKNanoOutput/DiLepton/RunEMu_RunSyst/2023/WJets.root
2025-12-16 12:52:13,377 - INFO - [2023] MISSING_FILE: /home/choij/Sync/workspace/ChargedHiggsAnalysisV3/SKNanoOutput/DiLepton/RunEMu_RunSyst/2023/DYJets.root
2025-12-16 12:52:13,377 - INFO - [2023] MISSING_FILE: /home/choij/Sync/workspace/ChargedHiggsAnalysisV3/SKNanoOutput/DiLepton/RunEMu_RunSyst/2023/DYJets10to50.root
2025-12-16 12:52:13,377 - INFO - [2023] MISSING_FILE: /home/choij/Sync/workspace/ChargedHiggsAnalysisV3/SKNanoOutput/DiLepton/RunEMu_RunSyst/2023/TTLL_powheg.root
2025-12-16 12:52:13,377 - INFO - [2023] MISSING_FILE: /home/choij/Sync/workspace/ChargedHiggsAnalysisV3/SKNanoOutput/DiLepton/RunEMu_RunSyst/2023/TTLJ_powheg.root
2025-12-16 12:52:13,377 - INFO - [2023] MISSING_FILE: /home/choij/Sync/workspace/ChargedHiggsAnalysisV3/SKNanoOutput/DiLepton/RunEMu_RunSyst/2023/ST_sch_top_Lep.root
2025-12-16 12:52:13,377 - INFO - [2023] MISSING_FILE: /home/choij/Sync/workspace/ChargedHiggsAnalysisV3/SKNanoOutput/DiLepton/RunEMu_RunSyst/2023/ST_sch_antitop_Lep.root
2025-12-16 12:52:13,377 - INFO - [2023] MISSING_FILE: /home/choij/Sync/workspace/ChargedHiggsAnalysisV3/SKNanoOutput/DiLepton/RunEMu_RunSyst/2023/ST_tch_top.root
2025-12-16 12:52:13,377 - INFO - [2023] MISSING_FILE: /home/choij/Sync/workspace/ChargedHiggsAnalysisV3/SKNanoOutput/DiLepton/RunEMu_RunSyst/2023/ST_tch_antitop.root
2025-12-16 12:52:13,377 - INFO - [2023] MISSING_FILE: /home/choij/Sync/workspace/ChargedHiggsAnalysisV3/SKNanoOutput/DiLepton/RunEMu_RunSyst/2023/ST_tW_top_Lep.root
2025-12-16 12:52:13,377 - INFO - [2023] MISSING_FILE: /home/choij/Sync/workspace/ChargedHiggsAnalysisV3/SKNanoOutput/DiLepton/RunEMu_RunSyst/2023/ST_tW_antitop_Lep.root
2025-12-16 12:52:13,377 - INFO - [2023] MISSING_FILE: /home/choij/Sync/workspace/ChargedHiggsAnalysisV3/SKNanoOutput/DiLepton/RunEMu_RunSyst/2023/ST_tW_top_Semilep.root
2025-12-16 12:52:13,377 - INFO - [2023] MISSING_FILE: /home/choij/Sync/workspace/ChargedHiggsAnalysisV3/SKNanoOutput/DiLepton/RunEMu_RunSyst/2023/ST_tW_antitop_Semilep.root
2025-12-16 12:52:13,377 - INFO - [2023] MISSING_FILE: /home/choij/Sync/workspace/ChargedHiggsAnalysisV3/SKNanoOutput/DiLepton/RunEMu_RunSyst/2023/WW_pythia.root
2025-12-16 12:52:13,378 - INFO - [2023] MISSING_FILE: /home/choij/Sync/workspace/ChargedHiggsAnalysisV3/SKNanoOutput/DiLepton/RunEMu_RunSyst/2023/WZ_pythia.root
2025-12-16 12:52:13,378 - INFO - [2023] MISSING_FILE: /home/choij/Sync/workspace/ChargedHiggsAnalysisV3/SKNanoOutput/DiLepton/RunEMu_RunSyst/2023/ZZ_pythia.root
2025-12-16 12:52:13,378 - INFO - [2023BPix] MISSING_FILE: /home/choij/Sync/workspace/ChargedHiggsAnalysisV3/SKNanoOutput/DiLepton/RunEMu_RunSyst/2023BPix/WJets.root
2025-12-16 12:52:13,378 - INFO - [2023BPix] MISSING_FILE: /home/choij/Sync/workspace/ChargedHiggsAnalysisV3/SKNanoOutput/DiLepton/RunEMu_RunSyst/2023BPix/DYJets.root
2025-12-16 12:52:13,378 - INFO - [2023BPix] MISSING_FILE: /home/choij/Sync/workspace/ChargedHiggsAnalysisV3/SKNanoOutput/DiLepton/RunEMu_RunSyst/2023BPix/DYJets10to50.root
2025-12-16 12:52:13,378 - INFO - [2023BPix] MISSING_FILE: /home/choij/Sync/workspace/ChargedHiggsAnalysisV3/SKNanoOutput/DiLepton/RunEMu_RunSyst/2023BPix/TTLL_powheg.root
2025-12-16 12:52:13,378 - INFO - [2023BPix] MISSING_FILE: /home/choij/Sync/workspace/ChargedHiggsAnalysisV3/SKNanoOutput/DiLepton/RunEMu_RunSyst/2023BPix/TTLJ_powheg.root
2025-12-16 12:52:13,378 - INFO - [2023BPix] MISSING_FILE: /home/choij/Sync/workspace/ChargedHiggsAnalysisV3/SKNanoOutput/DiLepton/RunEMu_RunSyst/2023BPix/ST_sch_top_Lep.root
2025-12-16 12:52:13,378 - INFO - [2023BPix] MISSING_FILE: /home/choij/Sync/workspace/ChargedHiggsAnalysisV3/SKNanoOutput/DiLepton/RunEMu_RunSyst/2023BPix/ST_sch_antitop_Lep.root
2025-12-16 12:52:13,378 - INFO - [2023BPix] MISSING_FILE: /home/choij/Sync/workspace/ChargedHiggsAnalysisV3/SKNanoOutput/DiLepton/RunEMu_RunSyst/2023BPix/ST_tch_top.root
2025-12-16 12:52:13,379 - INFO - [2023BPix] MISSING_FILE: /home/choij/Sync/workspace/ChargedHiggsAnalysisV3/SKNanoOutput/DiLepton/RunEMu_RunSyst/2023BPix/ST_tch_antitop.root
2025-12-16 12:52:13,379 - INFO - [2023BPix] MISSING_FILE: /home/choij/Sync/workspace/ChargedHiggsAnalysisV3/SKNanoOutput/DiLepton/RunEMu_RunSyst/2023BPix/ST_tW_top_Lep.root
2025-12-16 12:52:13,379 - INFO - [2023BPix] MISSING_FILE: /home/choij/Sync/workspace/ChargedHiggsAnalysisV3/SKNanoOutput/DiLepton/RunEMu_RunSyst/2023BPix/ST_tW_antitop_Lep.root
2025-12-16 12:52:13,379 - INFO - [2023BPix] MISSING_FILE: /home/choij/Sync/workspace/ChargedHiggsAnalysisV3/SKNanoOutput/DiLepton/RunEMu_RunSyst/2023BPix/ST_tW_top_Semilep.root
2025-12-16 12:52:13,379 - INFO - [2023BPix] MISSING_FILE: /home/choij/Sync/workspace/ChargedHiggsAnalysisV3/SKNanoOutput/DiLepton/RunEMu_RunSyst/2023BPix/ST_tW_antitop_Semilep.root
2025-12-16 12:52:13,379 - INFO - [2023BPix] MISSING_FILE: /home/choij/Sync/workspace/ChargedHiggsAnalysisV3/SKNanoOutput/DiLepton/RunEMu_RunSyst/2023BPix/WW_pythia.root
2025-12-16 12:52:13,379 - INFO - [2023BPix] MISSING_FILE: /home/choij/Sync/workspace/ChargedHiggsAnalysisV3/SKNanoOutput/DiLepton/RunEMu_RunSyst/2023BPix/WZ_pythia.root
2025-12-16 12:52:13,379 - INFO - [2023BPix] MISSING_FILE: /home/choij/Sync/workspace/ChargedHiggsAnalysisV3/SKNanoOutput/DiLepton/RunEMu_RunSyst/2023BPix/ZZ_pythia.root
2025-12-16 12:52:13,483 - INFO - [2022EE] MISSING_FILE: /home/choij/Sync/workspace/ChargedHiggsAnalysisV3/SKNanoOutput/DiLepton/RunEMu_RunSyst/2022EE/DYJets10to50.root
2025-12-16 12:52:13,484 - INFO - [2022EE] MISSING_FILE: /home/choij/Sync/workspace/ChargedHiggsAnalysisV3/SKNanoOutput/DiLepton/RunEMu_RunSyst/2022EE/TTLJ_powheg.root
2025-12-16 12:52:13,489 - INFO - [2023] MISSING_FILE: /home/choij/Sync/workspace/ChargedHiggsAnalysisV3/SKNanoOutput/DiLepton/RunEMu_RunSyst/2023/WJets.root
2025-12-16 12:52:13,489 - INFO - [2023] MISSING_FILE: /home/choij/Sync/workspace/ChargedHiggsAnalysisV3/SKNanoOutput/DiLepton/RunEMu_RunSyst/2023/DYJets.root
2025-12-16 12:52:13,489 - INFO - [2023] MISSING_FILE: /home/choij/Sync/workspace/ChargedHiggsAnalysisV3/SKNanoOutput/DiLepton/RunEMu_RunSyst/2023/DYJets10to50.root
2025-12-16 12:52:13,489 - INFO - [2023] MISSING_FILE: /home/choij/Sync/workspace/ChargedHiggsAnalysisV3/SKNanoOutput/DiLepton/RunEMu_RunSyst/2023/TTLL_powheg.root
2025-12-16 12:52:13,490 - INFO - [2023] MISSING_FILE: /home/choij/Sync/workspace/ChargedHiggsAnalysisV3/SKNanoOutput/DiLepton/RunEMu_RunSyst/2023/TTLJ_powheg.root
2025-12-16 12:52:13,490 - INFO - [2023] MISSING_FILE: /home/choij/Sync/workspace/ChargedHiggsAnalysisV3/SKNanoOutput/DiLepton/RunEMu_RunSyst/2023/ST_sch_top_Lep.root
2025-12-16 12:52:13,490 - INFO - [2023] MISSING_FILE: /home/choij/Sync/workspace/ChargedHiggsAnalysisV3/SKNanoOutput/DiLepton/RunEMu_RunSyst/2023/ST_sch_antitop_Lep.root
2025-12-16 12:52:13,490 - INFO - [2023] MISSING_FILE: /home/choij/Sync/workspace/ChargedHiggsAnalysisV3/SKNanoOutput/DiLepton/RunEMu_RunSyst/2023/ST_tch_top.root
2025-12-16 12:52:13,490 - INFO - [2023] MISSING_FILE: /home/choij/Sync/workspace/ChargedHiggsAnalysisV3/SKNanoOutput/DiLepton/RunEMu_RunSyst/2023/ST_tch_antitop.root
2025-12-16 12:52:13,490 - INFO - [2023] MISSING_FILE: /home/choij/Sync/workspace/ChargedHiggsAnalysisV3/SKNanoOutput/DiLepton/RunEMu_RunSyst/2023/ST_tW_top_Lep.root
2025-12-16 12:52:13,490 - INFO - [2023] MISSING_FILE: /home/choij/Sync/workspace/ChargedHiggsAnalysisV3/SKNanoOutput/DiLepton/RunEMu_RunSyst/2023/ST_tW_antitop_Lep.root
2025-12-16 12:52:13,490 - INFO - [2023] MISSING_FILE: /home/choij/Sync/workspace/ChargedHiggsAnalysisV3/SKNanoOutput/DiLepton/RunEMu_RunSyst/2023/ST_tW_top_Semilep.root
2025-12-16 12:52:13,490 - INFO - [2023] MISSING_FILE: /home/choij/Sync/workspace/ChargedHiggsAnalysisV3/SKNanoOutput/DiLepton/RunEMu_RunSyst/2023/ST_tW_antitop_Semilep.root
2025-12-16 12:52:13,490 - INFO - [2023] MISSING_FILE: /home/choij/Sync/workspace/ChargedHiggsAnalysisV3/SKNanoOutput/DiLepton/RunEMu_RunSyst/2023/WW_pythia.root
2025-12-16 12:52:13,490 - INFO - [2023] MISSING_FILE: /home/choij/Sync/workspace/ChargedHiggsAnalysisV3/SKNanoOutput/DiLepton/RunEMu_RunSyst/2023/WZ_pythia.root
2025-12-16 12:52:13,490 - INFO - [2023] MISSING_FILE: /home/choij/Sync/workspace/ChargedHiggsAnalysisV3/SKNanoOutput/DiLepton/RunEMu_RunSyst/2023/ZZ_pythia.root
2025-12-16 12:52:13,491 - INFO - [2023BPix] MISSING_FILE: /home/choij/Sync/workspace/ChargedHiggsAnalysisV3/SKNanoOutput/DiLepton/RunEMu_RunSyst/2023BPix/WJets.root
2025-12-16 12:52:13,491 - INFO - [2023BPix] MISSING_FILE: /home/choij/Sync/workspace/ChargedHiggsAnalysisV3/SKNanoOutput/DiLepton/RunEMu_RunSyst/2023BPix/DYJets.root
2025-12-16 12:52:13,491 - INFO - [2023BPix] MISSING_FILE: /home/choij/Sync/workspace/ChargedHiggsAnalysisV3/SKNanoOutput/DiLepton/RunEMu_RunSyst/2023BPix/DYJets10to50.root
2025-12-16 12:52:13,491 - INFO - [2023BPix] MISSING_FILE: /home/choij/Sync/workspace/ChargedHiggsAnalysisV3/SKNanoOutput/DiLepton/RunEMu_RunSyst/2023BPix/TTLL_powheg.root
2025-12-16 12:52:13,491 - INFO - [2023BPix] MISSING_FILE: /home/choij/Sync/workspace/ChargedHiggsAnalysisV3/SKNanoOutput/DiLepton/RunEMu_RunSyst/2023BPix/TTLJ_powheg.root
2025-12-16 12:52:13,491 - INFO - [2023BPix] MISSING_FILE: /home/choij/Sync/workspace/ChargedHiggsAnalysisV3/SKNanoOutput/DiLepton/RunEMu_RunSyst/2023BPix/ST_sch_top_Lep.root
2025-12-16 12:52:13,491 - INFO - [2023BPix] MISSING_FILE: /home/choij/Sync/workspace/ChargedHiggsAnalysisV3/SKNanoOutput/DiLepton/RunEMu_RunSyst/2023BPix/ST_sch_antitop_Lep.root
2025-12-16 12:52:13,491 - INFO - [2023BPix] MISSING_FILE: /home/choij/Sync/workspace/ChargedHiggsAnalysisV3/SKNanoOutput/DiLepton/RunEMu_RunSyst/2023BPix/ST_tch_top.root
2025-12-16 12:52:13,491 - INFO - [2023BPix] MISSING_FILE: /home/choij/Sync/workspace/ChargedHiggsAnalysisV3/SKNanoOutput/DiLepton/RunEMu_RunSyst/2023BPix/ST_tch_antitop.root
2025-12-16 12:52:13,491 - INFO - [2023BPix] MISSING_FILE: /home/choij/Sync/workspace/ChargedHiggsAnalysisV3/SKNanoOutput/DiLepton/RunEMu_RunSyst/2023BPix/ST_tW_top_Lep.root
2025-12-16 12:52:13,491 - INFO - [2023BPix] MISSING_FILE: /home/choij/Sync/workspace/ChargedHiggsAnalysisV3/SKNanoOutput/DiLepton/RunEMu_RunSyst/2023BPix/ST_tW_antitop_Lep.root
2025-12-16 12:52:13,491 - INFO - [2023BPix] MISSING_FILE: /home/choij/Sync/workspace/ChargedHiggsAnalysisV3/SKNanoOutput/DiLepton/RunEMu_RunSyst/2023BPix/ST_tW_top_Semilep.root
2025-12-16 12:52:13,491 - INFO - [2023BPix] MISSING_FILE: /home/choij/Sync/workspace/ChargedHiggsAnalysisV3/SKNanoOutput/DiLepton/RunEMu_RunSyst/2023BPix/ST_tW_antitop_Semilep.root
2025-12-16 12:52:13,491 - INFO - [2023BPix] MISSING_FILE: /home/choij/Sync/workspace/ChargedHiggsAnalysisV3/SKNanoOutput/DiLepton/RunEMu_RunSyst/2023BPix/WW_pythia.root
2025-12-16 12:52:13,491 - INFO - [2023BPix] MISSING_FILE: /home/choij/Sync/workspace/ChargedHiggsAnalysisV3/SKNanoOutput/DiLepton/RunEMu_RunSyst/2023BPix/WZ_pythia.root
2025-12-16 12:52:13,491 - INFO - [2023BPix] MISSING_FILE: /home/choij/Sync/workspace/ChargedHiggsAnalysisV3/SKNanoOutput/DiLepton/RunEMu_RunSyst/2023BPix/ZZ_pythia.root
2025-12-16 12:52:13,529 - INFO - [2022EE] MISSING_FILE: /home/choij/Sync/workspace/ChargedHiggsAnalysisV3/SKNanoOutput/DiLepton/RunEMu_RunSyst/2022EE/DYJets10to50.root
2025-12-16 12:52:13,530 - INFO - [2022EE] MISSING_FILE: /home/choij/Sync/workspace/ChargedHiggsAnalysisV3/SKNanoOutput/DiLepton/RunEMu_RunSyst/2022EE/TTLJ_powheg.root
2025-12-16 12:52:13,535 - INFO - [2023] MISSING_FILE: /home/choij/Sync/workspace/ChargedHiggsAnalysisV3/SKNanoOutput/DiLepton/RunEMu_RunSyst/2023/WJets.root
2025-12-16 12:52:13,535 - INFO - [2023] MISSING_FILE: /home/choij/Sync/workspace/ChargedHiggsAnalysisV3/SKNanoOutput/DiLepton/RunEMu_RunSyst/2023/DYJets.root
2025-12-16 12:52:13,535 - INFO - [2023] MISSING_FILE: /home/choij/Sync/workspace/ChargedHiggsAnalysisV3/SKNanoOutput/DiLepton/RunEMu_RunSyst/2023/DYJets10to50.root
2025-12-16 12:52:13,535 - INFO - [2023] MISSING_FILE: /home/choij/Sync/workspace/ChargedHiggsAnalysisV3/SKNanoOutput/DiLepton/RunEMu_RunSyst/2023/TTLL_powheg.root
2025-12-16 12:52:13,535 - INFO - [2023] MISSING_FILE: /home/choij/Sync/workspace/ChargedHiggsAnalysisV3/SKNanoOutput/DiLepton/RunEMu_RunSyst/2023/TTLJ_powheg.root
2025-12-16 12:52:13,535 - INFO - [2023] MISSING_FILE: /home/choij/Sync/workspace/ChargedHiggsAnalysisV3/SKNanoOutput/DiLepton/RunEMu_RunSyst/2023/ST_sch_top_Lep.root
2025-12-16 12:52:13,535 - INFO - [2023] MISSING_FILE: /home/choij/Sync/workspace/ChargedHiggsAnalysisV3/SKNanoOutput/DiLepton/RunEMu_RunSyst/2023/ST_sch_antitop_Lep.root
2025-12-16 12:52:13,535 - INFO - [2023] MISSING_FILE: /home/choij/Sync/workspace/ChargedHiggsAnalysisV3/SKNanoOutput/DiLepton/RunEMu_RunSyst/2023/ST_tch_top.root
2025-12-16 12:52:13,535 - INFO - [2023] MISSING_FILE: /home/choij/Sync/workspace/ChargedHiggsAnalysisV3/SKNanoOutput/DiLepton/RunEMu_RunSyst/2023/ST_tch_antitop.root
2025-12-16 12:52:13,535 - INFO - [2023] MISSING_FILE: /home/choij/Sync/workspace/ChargedHiggsAnalysisV3/SKNanoOutput/DiLepton/RunEMu_RunSyst/2023/ST_tW_top_Lep.root
2025-12-16 12:52:13,535 - INFO - [2023] MISSING_FILE: /home/choij/Sync/workspace/ChargedHiggsAnalysisV3/SKNanoOutput/DiLepton/RunEMu_RunSyst/2023/ST_tW_antitop_Lep.root
2025-12-16 12:52:13,535 - INFO - [2023] MISSING_FILE: /home/choij/Sync/workspace/ChargedHiggsAnalysisV3/SKNanoOutput/DiLepton/RunEMu_RunSyst/2023/ST_tW_top_Semilep.root
2025-12-16 12:52:13,535 - INFO - [2023] MISSING_FILE: /home/choij/Sync/workspace/ChargedHiggsAnalysisV3/SKNanoOutput/DiLepton/RunEMu_RunSyst/2023/ST_tW_antitop_Semilep.root
2025-12-16 12:52:13,535 - INFO - [2023] MISSING_FILE: /home/choij/Sync/workspace/ChargedHiggsAnalysisV3/SKNanoOutput/DiLepton/RunEMu_RunSyst/2023/WW_pythia.root
2025-12-16 12:52:13,535 - INFO - [2023] MISSING_FILE: /home/choij/Sync/workspace/ChargedHiggsAnalysisV3/SKNanoOutput/DiLepton/RunEMu_RunSyst/2023/WZ_pythia.root
2025-12-16 12:52:13,535 - INFO - [2023] MISSING_FILE: /home/choij/Sync/workspace/ChargedHiggsAnalysisV3/SKNanoOutput/DiLepton/RunEMu_RunSyst/2023/ZZ_pythia.root
2025-12-16 12:52:13,536 - INFO - [2023BPix] MISSING_FILE: /home/choij/Sync/workspace/ChargedHiggsAnalysisV3/SKNanoOutput/DiLepton/RunEMu_RunSyst/2023BPix/WJets.root
2025-12-16 12:52:13,536 - INFO - [2023BPix] MISSING_FILE: /home/choij/Sync/workspace/ChargedHiggsAnalysisV3/SKNanoOutput/DiLepton/RunEMu_RunSyst/2023BPix/DYJets.root
2025-12-16 12:52:13,536 - INFO - [2023BPix] MISSING_FILE: /home/choij/Sync/workspace/ChargedHiggsAnalysisV3/SKNanoOutput/DiLepton/RunEMu_RunSyst/2023BPix/DYJets10to50.root
2025-12-16 12:52:13,536 - INFO - [2023BPix] MISSING_FILE: /home/choij/Sync/workspace/ChargedHiggsAnalysisV3/SKNanoOutput/DiLepton/RunEMu_RunSyst/2023BPix/TTLL_powheg.root
2025-12-16 12:52:13,536 - INFO - [2023BPix] MISSING_FILE: /home/choij/Sync/workspace/ChargedHiggsAnalysisV3/SKNanoOutput/DiLepton/RunEMu_RunSyst/2023BPix/TTLJ_powheg.root
2025-12-16 12:52:13,536 - INFO - [2023BPix] MISSING_FILE: /home/choij/Sync/workspace/ChargedHiggsAnalysisV3/SKNanoOutput/DiLepton/RunEMu_RunSyst/2023BPix/ST_sch_top_Lep.root
2025-12-16 12:52:13,536 - INFO - [2023BPix] MISSING_FILE: /home/choij/Sync/workspace/ChargedHiggsAnalysisV3/SKNanoOutput/DiLepton/RunEMu_RunSyst/2023BPix/ST_sch_antitop_Lep.root
2025-12-16 12:52:13,536 - INFO - [2023BPix] MISSING_FILE: /home/choij/Sync/workspace/ChargedHiggsAnalysisV3/SKNanoOutput/DiLepton/RunEMu_RunSyst/2023BPix/ST_tch_top.root
2025-12-16 12:52:13,536 - INFO - [2023BPix] MISSING_FILE: /home/choij/Sync/workspace/ChargedHiggsAnalysisV3/SKNanoOutput/DiLepton/RunEMu_RunSyst/2023BPix/ST_tch_antitop.root
2025-12-16 12:52:13,536 - INFO - [2023BPix] MISSING_FILE: /home/choij/Sync/workspace/ChargedHiggsAnalysisV3/SKNanoOutput/DiLepton/RunEMu_RunSyst/2023BPix/ST_tW_top_Lep.root
2025-12-16 12:52:13,536 - INFO - [2023BPix] MISSING_FILE: /home/choij/Sync/workspace/ChargedHiggsAnalysisV3/SKNanoOutput/DiLepton/RunEMu_RunSyst/2023BPix/ST_tW_antitop_Lep.root
2025-12-16 12:52:13,536 - INFO - [2023BPix] MISSING_FILE: /home/choij/Sync/workspace/ChargedHiggsAnalysisV3/SKNanoOutput/DiLepton/RunEMu_RunSyst/2023BPix/ST_tW_top_Semilep.root
2025-12-16 12:52:13,536 - INFO - [2023BPix] MISSING_FILE: /home/choij/Sync/workspace/ChargedHiggsAnalysisV3/SKNanoOutput/DiLepton/RunEMu_RunSyst/2023BPix/ST_tW_antitop_Semilep.root
2025-12-16 12:52:13,536 - INFO - [2023BPix] MISSING_FILE: /home/choij/Sync/workspace/ChargedHiggsAnalysisV3/SKNanoOutput/DiLepton/RunEMu_RunSyst/2023BPix/WW_pythia.root
2025-12-16 12:52:13,536 - INFO - [2023BPix] MISSING_FILE: /home/choij/Sync/workspace/ChargedHiggsAnalysisV3/SKNanoOutput/DiLepton/RunEMu_RunSyst/2023BPix/WZ_pythia.root
2025-12-16 12:52:13,536 - INFO - [2023BPix] MISSING_FILE: /home/choij/Sync/workspace/ChargedHiggsAnalysisV3/SKNanoOutput/DiLepton/RunEMu_RunSyst/2023BPix/ZZ_pythia.root
2025-12-16 12:52:13,818 - INFO - [2022EE] MISSING_FILE: /home/choij/Sync/workspace/ChargedHiggsAnalysisV3/SKNanoOutput/DiLepton/RunEMu_RunSyst/2022EE/DYJets10to50.root
2025-12-16 12:52:13,819 - INFO - [2022EE] MISSING_FILE: /home/choij/Sync/workspace/ChargedHiggsAnalysisV3/SKNanoOutput/DiLepton/RunEMu_RunSyst/2022EE/TTLJ_powheg.root
2025-12-16 12:52:13,824 - INFO - [2023] MISSING_FILE: /home/choij/Sync/workspace/ChargedHiggsAnalysisV3/SKNanoOutput/DiLepton/RunEMu_RunSyst/2023/WJets.root
2025-12-16 12:52:13,824 - INFO - [2023] MISSING_FILE: /home/choij/Sync/workspace/ChargedHiggsAnalysisV3/SKNanoOutput/DiLepton/RunEMu_RunSyst/2023/DYJets.root
2025-12-16 12:52:13,824 - INFO - [2023] MISSING_FILE: /home/choij/Sync/workspace/ChargedHiggsAnalysisV3/SKNanoOutput/DiLepton/RunEMu_RunSyst/2023/DYJets10to50.root
2025-12-16 12:52:13,825 - INFO - [2023] MISSING_FILE: /home/choij/Sync/workspace/ChargedHiggsAnalysisV3/SKNanoOutput/DiLepton/RunEMu_RunSyst/2023/TTLL_powheg.root
2025-12-16 12:52:13,825 - INFO - [2023] MISSING_FILE: /home/choij/Sync/workspace/ChargedHiggsAnalysisV3/SKNanoOutput/DiLepton/RunEMu_RunSyst/2023/TTLJ_powheg.root
2025-12-16 12:52:13,825 - INFO - [2023] MISSING_FILE: /home/choij/Sync/workspace/ChargedHiggsAnalysisV3/SKNanoOutput/DiLepton/RunEMu_RunSyst/2023/ST_sch_top_Lep.root
2025-12-16 12:52:13,825 - INFO - [2023] MISSING_FILE: /home/choij/Sync/workspace/ChargedHiggsAnalysisV3/SKNanoOutput/DiLepton/RunEMu_RunSyst/2023/ST_sch_antitop_Lep.root
2025-12-16 12:52:13,825 - INFO - [2023] MISSING_FILE: /home/choij/Sync/workspace/ChargedHiggsAnalysisV3/SKNanoOutput/DiLepton/RunEMu_RunSyst/2023/ST_tch_top.root
2025-12-16 12:52:13,825 - INFO - [2023] MISSING_FILE: /home/choij/Sync/workspace/ChargedHiggsAnalysisV3/SKNanoOutput/DiLepton/RunEMu_RunSyst/2023/ST_tch_antitop.root
2025-12-16 12:52:13,825 - INFO - [2023] MISSING_FILE: /home/choij/Sync/workspace/ChargedHiggsAnalysisV3/SKNanoOutput/DiLepton/RunEMu_RunSyst/2023/ST_tW_top_Lep.root
2025-12-16 12:52:13,825 - INFO - [2023] MISSING_FILE: /home/choij/Sync/workspace/ChargedHiggsAnalysisV3/SKNanoOutput/DiLepton/RunEMu_RunSyst/2023/ST_tW_antitop_Lep.root
2025-12-16 12:52:13,825 - INFO - [2023] MISSING_FILE: /home/choij/Sync/workspace/ChargedHiggsAnalysisV3/SKNanoOutput/DiLepton/RunEMu_RunSyst/2023/ST_tW_top_Semilep.root
2025-12-16 12:52:13,825 - INFO - [2023] MISSING_FILE: /home/choij/Sync/workspace/ChargedHiggsAnalysisV3/SKNanoOutput/DiLepton/RunEMu_RunSyst/2023/ST_tW_antitop_Semilep.root
2025-12-16 12:52:13,825 - INFO - [2023] MISSING_FILE: /home/choij/Sync/workspace/ChargedHiggsAnalysisV3/SKNanoOutput/DiLepton/RunEMu_RunSyst/2023/WW_pythia.root
2025-12-16 12:52:13,825 - INFO - [2023] MISSING_FILE: /home/choij/Sync/workspace/ChargedHiggsAnalysisV3/SKNanoOutput/DiLepton/RunEMu_RunSyst/2023/WZ_pythia.root
2025-12-16 12:52:13,825 - INFO - [2023] MISSING_FILE: /home/choij/Sync/workspace/ChargedHiggsAnalysisV3/SKNanoOutput/DiLepton/RunEMu_RunSyst/2023/ZZ_pythia.root
2025-12-16 12:52:13,825 - INFO - [2023BPix] MISSING_FILE: /home/choij/Sync/workspace/ChargedHiggsAnalysisV3/SKNanoOutput/DiLepton/RunEMu_RunSyst/2023BPix/WJets.root
2025-12-16 12:52:13,826 - INFO - [2023BPix] MISSING_FILE: /home/choij/Sync/workspace/ChargedHiggsAnalysisV3/SKNanoOutput/DiLepton/RunEMu_RunSyst/2023BPix/DYJets.root
2025-12-16 12:52:13,826 - INFO - [2023BPix] MISSING_FILE: /home/choij/Sync/workspace/ChargedHiggsAnalysisV3/SKNanoOutput/DiLepton/RunEMu_RunSyst/2023BPix/DYJets10to50.root
2025-12-16 12:52:13,826 - INFO - [2023BPix] MISSING_FILE: /home/choij/Sync/workspace/ChargedHiggsAnalysisV3/SKNanoOutput/DiLepton/RunEMu_RunSyst/2023BPix/TTLL_powheg.root
2025-12-16 12:52:13,826 - INFO - [2023BPix] MISSING_FILE: /home/choij/Sync/workspace/ChargedHiggsAnalysisV3/SKNanoOutput/DiLepton/RunEMu_RunSyst/2023BPix/TTLJ_powheg.root
2025-12-16 12:52:13,826 - INFO - [2023BPix] MISSING_FILE: /home/choij/Sync/workspace/ChargedHiggsAnalysisV3/SKNanoOutput/DiLepton/RunEMu_RunSyst/2023BPix/ST_sch_top_Lep.root
2025-12-16 12:52:13,826 - INFO - [2023BPix] MISSING_FILE: /home/choij/Sync/workspace/ChargedHiggsAnalysisV3/SKNanoOutput/DiLepton/RunEMu_RunSyst/2023BPix/ST_sch_antitop_Lep.root
2025-12-16 12:52:13,826 - INFO - [2023BPix] MISSING_FILE: /home/choij/Sync/workspace/ChargedHiggsAnalysisV3/SKNanoOutput/DiLepton/RunEMu_RunSyst/2023BPix/ST_tch_top.root
2025-12-16 12:52:13,826 - INFO - [2023BPix] MISSING_FILE: /home/choij/Sync/workspace/ChargedHiggsAnalysisV3/SKNanoOutput/DiLepton/RunEMu_RunSyst/2023BPix/ST_tch_antitop.root
2025-12-16 12:52:13,826 - INFO - [2023BPix] MISSING_FILE: /home/choij/Sync/workspace/ChargedHiggsAnalysisV3/SKNanoOutput/DiLepton/RunEMu_RunSyst/2023BPix/ST_tW_top_Lep.root
2025-12-16 12:52:13,826 - INFO - [2023BPix] MISSING_FILE: /home/choij/Sync/workspace/ChargedHiggsAnalysisV3/SKNanoOutput/DiLepton/RunEMu_RunSyst/2023BPix/ST_tW_antitop_Lep.root
2025-12-16 12:52:13,826 - INFO - [2023BPix] MISSING_FILE: /home/choij/Sync/workspace/ChargedHiggsAnalysisV3/SKNanoOutput/DiLepton/RunEMu_RunSyst/2023BPix/ST_tW_top_Semilep.root
2025-12-16 12:52:13,826 - INFO - [2023BPix] MISSING_FILE: /home/choij/Sync/workspace/ChargedHiggsAnalysisV3/SKNanoOutput/DiLepton/RunEMu_RunSyst/2023BPix/ST_tW_antitop_Semilep.root
2025-12-16 12:52:13,826 - INFO - [2023BPix] MISSING_FILE: /home/choij/Sync/workspace/ChargedHiggsAnalysisV3/SKNanoOutput/DiLepton/RunEMu_RunSyst/2023BPix/WW_pythia.root
2025-12-16 12:52:13,826 - INFO - [2023BPix] MISSING_FILE: /home/choij/Sync/workspace/ChargedHiggsAnalysisV3/SKNanoOutput/DiLepton/RunEMu_RunSyst/2023BPix/WZ_pythia.root
2025-12-16 12:52:13,826 - INFO - [2023BPix] MISSING_FILE: /home/choij/Sync/workspace/ChargedHiggsAnalysisV3/SKNanoOutput/DiLepton/RunEMu_RunSyst/2023BPix/ZZ_pythia.root
2025-12-16 12:52:14,643 - INFO - [2022EE] MISSING_FILE: /home/choij/Sync/workspace/ChargedHiggsAnalysisV3/SKNanoOutput/DiLepton/RunEMu_RunSyst/2022EE/DYJets10to50.root
2025-12-16 12:52:14,644 - INFO - [2022EE] MISSING_FILE: /home/choij/Sync/workspace/ChargedHiggsAnalysisV3/SKNanoOutput/DiLepton/RunEMu_RunSyst/2022EE/TTLJ_powheg.root
2025-12-16 12:52:14,649 - INFO - [2023] MISSING_FILE: /home/choij/Sync/workspace/ChargedHiggsAnalysisV3/SKNanoOutput/DiLepton/RunEMu_RunSyst/2023/WJets.root
2025-12-16 12:52:14,649 - INFO - [2023] MISSING_FILE: /home/choij/Sync/workspace/ChargedHiggsAnalysisV3/SKNanoOutput/DiLepton/RunEMu_RunSyst/2023/DYJets.root
2025-12-16 12:52:14,649 - INFO - [2023] MISSING_FILE: /home/choij/Sync/workspace/ChargedHiggsAnalysisV3/SKNanoOutput/DiLepton/RunEMu_RunSyst/2023/DYJets10to50.root
2025-12-16 12:52:14,650 - INFO - [2023] MISSING_FILE: /home/choij/Sync/workspace/ChargedHiggsAnalysisV3/SKNanoOutput/DiLepton/RunEMu_RunSyst/2023/TTLL_powheg.root
2025-12-16 12:52:14,650 - INFO - [2023] MISSING_FILE: /home/choij/Sync/workspace/ChargedHiggsAnalysisV3/SKNanoOutput/DiLepton/RunEMu_RunSyst/2023/TTLJ_powheg.root
2025-12-16 12:52:14,650 - INFO - [2023] MISSING_FILE: /home/choij/Sync/workspace/ChargedHiggsAnalysisV3/SKNanoOutput/DiLepton/RunEMu_RunSyst/2023/ST_sch_top_Lep.root
2025-12-16 12:52:14,650 - INFO - [2023] MISSING_FILE: /home/choij/Sync/workspace/ChargedHiggsAnalysisV3/SKNanoOutput/DiLepton/RunEMu_RunSyst/2023/ST_sch_antitop_Lep.root
2025-12-16 12:52:14,650 - INFO - [2023] MISSING_FILE: /home/choij/Sync/workspace/ChargedHiggsAnalysisV3/SKNanoOutput/DiLepton/RunEMu_RunSyst/2023/ST_tch_top.root
2025-12-16 12:52:14,650 - INFO - [2023] MISSING_FILE: /home/choij/Sync/workspace/ChargedHiggsAnalysisV3/SKNanoOutput/DiLepton/RunEMu_RunSyst/2023/ST_tch_antitop.root
2025-12-16 12:52:14,650 - INFO - [2023] MISSING_FILE: /home/choij/Sync/workspace/ChargedHiggsAnalysisV3/SKNanoOutput/DiLepton/RunEMu_RunSyst/2023/ST_tW_top_Lep.root
2025-12-16 12:52:14,650 - INFO - [2023] MISSING_FILE: /home/choij/Sync/workspace/ChargedHiggsAnalysisV3/SKNanoOutput/DiLepton/RunEMu_RunSyst/2023/ST_tW_antitop_Lep.root
2025-12-16 12:52:14,650 - INFO - [2023] MISSING_FILE: /home/choij/Sync/workspace/ChargedHiggsAnalysisV3/SKNanoOutput/DiLepton/RunEMu_RunSyst/2023/ST_tW_top_Semilep.root
2025-12-16 12:52:14,650 - INFO - [2023] MISSING_FILE: /home/choij/Sync/workspace/ChargedHiggsAnalysisV3/SKNanoOutput/DiLepton/RunEMu_RunSyst/2023/ST_tW_antitop_Semilep.root
2025-12-16 12:52:14,650 - INFO - [2023] MISSING_FILE: /home/choij/Sync/workspace/ChargedHiggsAnalysisV3/SKNanoOutput/DiLepton/RunEMu_RunSyst/2023/WW_pythia.root
2025-12-16 12:52:14,650 - INFO - [2023] MISSING_FILE: /home/choij/Sync/workspace/ChargedHiggsAnalysisV3/SKNanoOutput/DiLepton/RunEMu_RunSyst/2023/WZ_pythia.root
2025-12-16 12:52:14,650 - INFO - [2023] MISSING_FILE: /home/choij/Sync/workspace/ChargedHiggsAnalysisV3/SKNanoOutput/DiLepton/RunEMu_RunSyst/2023/ZZ_pythia.root
2025-12-16 12:52:14,651 - INFO - [2023BPix] MISSING_FILE: /home/choij/Sync/workspace/ChargedHiggsAnalysisV3/SKNanoOutput/DiLepton/RunEMu_RunSyst/2023BPix/WJets.root
2025-12-16 12:52:14,651 - INFO - [2023BPix] MISSING_FILE: /home/choij/Sync/workspace/ChargedHiggsAnalysisV3/SKNanoOutput/DiLepton/RunEMu_RunSyst/2023BPix/DYJets.root
2025-12-16 12:52:14,651 - INFO - [2023BPix] MISSING_FILE: /home/choij/Sync/workspace/ChargedHiggsAnalysisV3/SKNanoOutput/DiLepton/RunEMu_RunSyst/2023BPix/DYJets10to50.root
2025-12-16 12:52:14,651 - INFO - [2023BPix] MISSING_FILE: /home/choij/Sync/workspace/ChargedHiggsAnalysisV3/SKNanoOutput/DiLepton/RunEMu_RunSyst/2023BPix/TTLL_powheg.root
2025-12-16 12:52:14,651 - INFO - [2023BPix] MISSING_FILE: /home/choij/Sync/workspace/ChargedHiggsAnalysisV3/SKNanoOutput/DiLepton/RunEMu_RunSyst/2023BPix/TTLJ_powheg.root
2025-12-16 12:52:14,651 - INFO - [2023BPix] MISSING_FILE: /home/choij/Sync/workspace/ChargedHiggsAnalysisV3/SKNanoOutput/DiLepton/RunEMu_RunSyst/2023BPix/ST_sch_top_Lep.root
2025-12-16 12:52:14,651 - INFO - [2023BPix] MISSING_FILE: /home/choij/Sync/workspace/ChargedHiggsAnalysisV3/SKNanoOutput/DiLepton/RunEMu_RunSyst/2023BPix/ST_sch_antitop_Lep.root
2025-12-16 12:52:14,651 - INFO - [2023BPix] MISSING_FILE: /home/choij/Sync/workspace/ChargedHiggsAnalysisV3/SKNanoOutput/DiLepton/RunEMu_RunSyst/2023BPix/ST_tch_top.root
2025-12-16 12:52:14,651 - INFO - [2023BPix] MISSING_FILE: /home/choij/Sync/workspace/ChargedHiggsAnalysisV3/SKNanoOutput/DiLepton/RunEMu_RunSyst/2023BPix/ST_tch_antitop.root
2025-12-16 12:52:14,651 - INFO - [2023BPix] MISSING_FILE: /home/choij/Sync/workspace/ChargedHiggsAnalysisV3/SKNanoOutput/DiLepton/RunEMu_RunSyst/2023BPix/ST_tW_top_Lep.root
2025-12-16 12:52:14,651 - INFO - [2023BPix] MISSING_FILE: /home/choij/Sync/workspace/ChargedHiggsAnalysisV3/SKNanoOutput/DiLepton/RunEMu_RunSyst/2023BPix/ST_tW_antitop_Lep.root
2025-12-16 12:52:14,651 - INFO - [2023BPix] MISSING_FILE: /home/choij/Sync/workspace/ChargedHiggsAnalysisV3/SKNanoOutput/DiLepton/RunEMu_RunSyst/2023BPix/ST_tW_top_Semilep.root
2025-12-16 12:52:14,651 - INFO - [2023BPix] MISSING_FILE: /home/choij/Sync/workspace/ChargedHiggsAnalysisV3/SKNanoOutput/DiLepton/RunEMu_RunSyst/2023BPix/ST_tW_antitop_Semilep.root
2025-12-16 12:52:14,651 - INFO - [2023BPix] MISSING_FILE: /home/choij/Sync/workspace/ChargedHiggsAnalysisV3/SKNanoOutput/DiLepton/RunEMu_RunSyst/2023BPix/WW_pythia.root
2025-12-16 12:52:14,651 - INFO - [2023BPix] MISSING_FILE: /home/choij/Sync/workspace/ChargedHiggsAnalysisV3/SKNanoOutput/DiLepton/RunEMu_RunSyst/2023BPix/WZ_pythia.root
2025-12-16 12:52:14,651 - INFO - [2023BPix] MISSING_FILE: /home/choij/Sync/workspace/ChargedHiggsAnalysisV3/SKNanoOutput/DiLepton/RunEMu_RunSyst/2023BPix/ZZ_pythia.root
