2025-09-24 15:36:21,848 - INFO - [2023] MISSING_CENTRAL: EMU/Central/bjets/3/eta in WJets.root
2025-09-24 15:36:21,849 - INFO - [2023] MISSING_CENTRAL: EMU/Central/bjets/3/eta in DYJets.root
2025-09-24 15:36:21,849 - INFO - [2023] MISSING_CENTRAL: EMU/Central/bjets/3/eta in DYJets10to50.root
2025-09-24 15:36:21,889 - INFO - [2023] MISSING_CENTRAL: EMU/Central/bjets/3/eta in ST_sch_top_Lep.root
2025-09-24 15:36:21,889 - INFO - [2023] MISSING_CENTRAL: EMU/Central/bjets/3/eta in ST_sch_antitop_Lep.root
2025-09-24 15:36:21,890 - INFO - [2023] MISSING_CENTRAL: EMU/Central/bjets/3/eta in ST_tch_top.root
2025-09-24 15:36:21,891 - INFO - [2023] MISSING_CENTRAL: EMU/Central/bjets/3/eta in ST_tch_antitop.root
2025-09-24 15:36:21,899 - INFO - [2023] MISSING_CENTRAL: EMU/Central/bjets/3/eta in ST_tW_top_Semilep.root
2025-09-24 15:36:21,910 - INFO - [2023] MISSING_CENTRAL: EMU/Central/bjets/3/eta in WZ_pythia.root
2025-09-24 15:36:21,910 - INFO - [2023] MISSING_CENTRAL: EMU/Central/bjets/3/eta in ZZ_pythia.root
2025-09-24 15:36:21,962 - INFO - [2023] MISSING_CENTRAL: EMU/L1Prefire_NotImplemented/bjets/3/eta in WJets.root
2025-09-24 15:36:21,962 - INFO - [2023] MISSING_CENTRAL: EMU/L1Prefire_NotImplemented/bjets/3/eta in DYJets.root
2025-09-24 15:36:21,963 - INFO - [2023] MISSING_CENTRAL: EMU/L1Prefire_NotImplemented/bjets/3/eta in DYJets10to50.root
2025-09-24 15:36:21,964 - INFO - [2023] MISSING_CENTRAL: EMU/L1Prefire_NotImplemented/bjets/3/eta in ST_sch_top_Lep.root
2025-09-24 15:36:21,964 - INFO - [2023] MISSING_CENTRAL: EMU/L1Prefire_NotImplemented/bjets/3/eta in ST_sch_antitop_Lep.root
2025-09-24 15:36:21,964 - INFO - [2023] MISSING_CENTRAL: EMU/L1Prefire_NotImplemented/bjets/3/eta in ST_tch_top.root
2025-09-24 15:36:21,964 - INFO - [2023] MISSING_CENTRAL: EMU/L1Prefire_NotImplemented/bjets/3/eta in ST_tch_antitop.root
2025-09-24 15:36:21,965 - INFO - [2023] MISSING_CENTRAL: EMU/L1Prefire_NotImplemented/bjets/3/eta in ST_tW_top_Semilep.root
2025-09-24 15:36:21,966 - INFO - [2023] MISSING_CENTRAL: EMU/L1Prefire_NotImplemented/bjets/3/eta in WZ_pythia.root
2025-09-24 15:36:21,966 - INFO - [2023] MISSING_CENTRAL: EMU/L1Prefire_NotImplemented/bjets/3/eta in ZZ_pythia.root
2025-09-24 15:36:21,971 - INFO - [2023] MISSING_CENTRAL: EMU/PileupReweight_NotImplemented/bjets/3/eta in WJets.root
2025-09-24 15:36:21,972 - INFO - [2023] MISSING_CENTRAL: EMU/PileupReweight_NotImplemented/bjets/3/eta in DYJets.root
2025-09-24 15:36:21,974 - INFO - [2023] MISSING_CENTRAL: EMU/PileupReweight_NotImplemented/bjets/3/eta in DYJets10to50.root
2025-09-24 15:36:21,977 - INFO - [2023] MISSING_CENTRAL: EMU/PileupReweight_NotImplemented/bjets/3/eta in ST_sch_top_Lep.root
2025-09-24 15:36:21,977 - INFO - [2023] MISSING_CENTRAL: EMU/PileupReweight_NotImplemented/bjets/3/eta in ST_sch_antitop_Lep.root
2025-09-24 15:36:21,978 - INFO - [2023] MISSING_CENTRAL: EMU/PileupReweight_NotImplemented/bjets/3/eta in ST_tch_top.root
2025-09-24 15:36:21,978 - INFO - [2023] MISSING_CENTRAL: EMU/PileupReweight_NotImplemented/bjets/3/eta in ST_tch_antitop.root
2025-09-24 15:36:21,979 - INFO - [2023] MISSING_CENTRAL: EMU/PileupReweight_NotImplemented/bjets/3/eta in ST_tW_top_Semilep.root
2025-09-24 15:36:21,982 - INFO - [2023] MISSING_CENTRAL: EMU/PileupReweight_NotImplemented/bjets/3/eta in WZ_pythia.root
2025-09-24 15:36:21,982 - INFO - [2023] MISSING_CENTRAL: EMU/PileupReweight_NotImplemented/bjets/3/eta in ZZ_pythia.root
2025-09-24 15:36:22,405 - INFO - [2023] MISSING_CENTRAL: EMU/MuonIDSF_NotImplemented/bjets/3/eta in WJets.root
2025-09-24 15:36:22,405 - INFO - [2023] MISSING_CENTRAL: EMU/MuonIDSF_NotImplemented/bjets/3/eta in DYJets.root
2025-09-24 15:36:22,406 - INFO - [2023] MISSING_CENTRAL: EMU/MuonIDSF_NotImplemented/bjets/3/eta in DYJets10to50.root
2025-09-24 15:36:22,407 - INFO - [2023] MISSING_CENTRAL: EMU/MuonIDSF_NotImplemented/bjets/3/eta in ST_sch_top_Lep.root
2025-09-24 15:36:22,407 - INFO - [2023] MISSING_CENTRAL: EMU/MuonIDSF_NotImplemented/bjets/3/eta in ST_sch_antitop_Lep.root
2025-09-24 15:36:22,407 - INFO - [2023] MISSING_CENTRAL: EMU/MuonIDSF_NotImplemented/bjets/3/eta in ST_tch_top.root
2025-09-24 15:36:22,408 - INFO - [2023] MISSING_CENTRAL: EMU/MuonIDSF_NotImplemented/bjets/3/eta in ST_tch_antitop.root
2025-09-24 15:36:22,409 - INFO - [2023] MISSING_CENTRAL: EMU/MuonIDSF_NotImplemented/bjets/3/eta in ST_tW_top_Semilep.root
2025-09-24 15:36:22,411 - INFO - [2023] MISSING_CENTRAL: EMU/MuonIDSF_NotImplemented/bjets/3/eta in WZ_pythia.root
2025-09-24 15:36:22,411 - INFO - [2023] MISSING_CENTRAL: EMU/MuonIDSF_NotImplemented/bjets/3/eta in ZZ_pythia.root
2025-09-24 15:36:22,472 - INFO - [2023] MISSING_CENTRAL: EMU/ElectronIDSF_NotImplemented/bjets/3/eta in WJets.root
2025-09-24 15:36:22,477 - INFO - [2023] MISSING_CENTRAL: EMU/ElectronIDSF_NotImplemented/bjets/3/eta in DYJets.root
2025-09-24 15:36:22,477 - INFO - [2023] MISSING_CENTRAL: EMU/ElectronIDSF_NotImplemented/bjets/3/eta in DYJets10to50.root
2025-09-24 15:36:22,478 - INFO - [2023] MISSING_CENTRAL: EMU/ElectronIDSF_NotImplemented/bjets/3/eta in ST_sch_top_Lep.root
2025-09-24 15:36:22,479 - INFO - [2023] MISSING_CENTRAL: EMU/ElectronIDSF_NotImplemented/bjets/3/eta in ST_sch_antitop_Lep.root
2025-09-24 15:36:22,479 - INFO - [2023] MISSING_CENTRAL: EMU/ElectronIDSF_NotImplemented/bjets/3/eta in ST_tch_top.root
2025-09-24 15:36:22,479 - INFO - [2023] MISSING_CENTRAL: EMU/ElectronIDSF_NotImplemented/bjets/3/eta in ST_tch_antitop.root
2025-09-24 15:36:22,483 - INFO - [2023] MISSING_CENTRAL: EMU/ElectronIDSF_NotImplemented/bjets/3/eta in ST_tW_top_Semilep.root
2025-09-24 15:36:22,483 - INFO - [2023] MISSING_CENTRAL: EMU/ElectronIDSF_NotImplemented/bjets/3/eta in WZ_pythia.root
2025-09-24 15:36:22,484 - INFO - [2023] MISSING_CENTRAL: EMU/ElectronIDSF_NotImplemented/bjets/3/eta in ZZ_pythia.root
2025-09-24 15:36:22,822 - INFO - [2023] MISSING_CENTRAL: EMU/EMuTrigSF_NotImplemented/bjets/3/eta in WJets.root
2025-09-24 15:36:22,823 - INFO - [2023] MISSING_CENTRAL: EMU/EMuTrigSF_NotImplemented/bjets/3/eta in DYJets.root
2025-09-24 15:36:22,823 - INFO - [2023] MISSING_CENTRAL: EMU/EMuTrigSF_NotImplemented/bjets/3/eta in DYJets10to50.root
2025-09-24 15:36:22,824 - INFO - [2023] MISSING_CENTRAL: EMU/EMuTrigSF_NotImplemented/bjets/3/eta in ST_sch_top_Lep.root
2025-09-24 15:36:22,824 - INFO - [2023] MISSING_CENTRAL: EMU/EMuTrigSF_NotImplemented/bjets/3/eta in ST_sch_antitop_Lep.root
2025-09-24 15:36:22,825 - INFO - [2023] MISSING_CENTRAL: EMU/EMuTrigSF_NotImplemented/bjets/3/eta in ST_tch_top.root
2025-09-24 15:36:22,825 - INFO - [2023] MISSING_CENTRAL: EMU/EMuTrigSF_NotImplemented/bjets/3/eta in ST_tch_antitop.root
2025-09-24 15:36:22,826 - INFO - [2023] MISSING_CENTRAL: EMU/EMuTrigSF_NotImplemented/bjets/3/eta in ST_tW_top_Semilep.root
2025-09-24 15:36:22,827 - INFO - [2023] MISSING_CENTRAL: EMU/EMuTrigSF_NotImplemented/bjets/3/eta in WZ_pythia.root
2025-09-24 15:36:22,827 - INFO - [2023] MISSING_CENTRAL: EMU/EMuTrigSF_NotImplemented/bjets/3/eta in ZZ_pythia.root
2025-09-24 15:36:23,064 - INFO - [2023] MISSING_CENTRAL: EMU/BtagSF_HFcorr_NotImplemented/bjets/3/eta in WJets.root
2025-09-24 15:36:23,064 - INFO - [2023] MISSING_CENTRAL: EMU/BtagSF_HFcorr_NotImplemented/bjets/3/eta in DYJets.root
2025-09-24 15:36:23,065 - INFO - [2023] MISSING_CENTRAL: EMU/BtagSF_HFcorr_NotImplemented/bjets/3/eta in DYJets10to50.root
2025-09-24 15:36:23,066 - INFO - [2023] MISSING_CENTRAL: EMU/BtagSF_HFcorr_NotImplemented/bjets/3/eta in ST_sch_top_Lep.root
2025-09-24 15:36:23,066 - INFO - [2023] MISSING_CENTRAL: EMU/BtagSF_HFcorr_NotImplemented/bjets/3/eta in ST_sch_antitop_Lep.root
2025-09-24 15:36:23,067 - INFO - [2023] MISSING_CENTRAL: EMU/BtagSF_HFcorr_NotImplemented/bjets/3/eta in ST_tch_top.root
2025-09-24 15:36:23,067 - INFO - [2023] MISSING_CENTRAL: EMU/BtagSF_HFcorr_NotImplemented/bjets/3/eta in ST_tch_antitop.root
2025-09-24 15:36:23,072 - INFO - [2023] MISSING_CENTRAL: EMU/BtagSF_HFcorr_NotImplemented/bjets/3/eta in ST_tW_top_Semilep.root
2025-09-24 15:36:23,074 - INFO - [2023] MISSING_CENTRAL: EMU/BtagSF_HFcorr_NotImplemented/bjets/3/eta in WZ_pythia.root
2025-09-24 15:36:23,074 - INFO - [2023] MISSING_CENTRAL: EMU/BtagSF_HFcorr_NotImplemented/bjets/3/eta in ZZ_pythia.root
