2025-12-16 12:48:32,180 - INFO - [2023] MISSING_FILE: /home/choij/Sync/workspace/ChargedHiggsAnalysisV3/SKNanoOutput/DiLepton/RunEMu_RunSyst/2023/WJets.root
2025-12-16 12:48:32,181 - INFO - [2023] MISSING_FILE: /home/choij/Sync/workspace/ChargedHiggsAnalysisV3/SKNanoOutput/DiLepton/RunEMu_RunSyst/2023/DYJets.root
2025-12-16 12:48:32,181 - INFO - [2023] MISSING_FILE: /home/choij/Sync/workspace/ChargedHiggsAnalysisV3/SKNanoOutput/DiLepton/RunEMu_RunSyst/2023/DYJets10to50.root
2025-12-16 12:48:32,181 - INFO - [2023] MISSING_FILE: /home/choij/Sync/workspace/ChargedHiggsAnalysisV3/SKNanoOutput/DiLepton/RunEMu_RunSyst/2023/TTLL_powheg.root
2025-12-16 12:48:32,181 - INFO - [2023] MISSING_FILE: /home/choij/Sync/workspace/ChargedHiggsAnalysisV3/SKNanoOutput/DiLepton/RunEMu_RunSyst/2023/TTLJ_powheg.root
2025-12-16 12:48:32,181 - INFO - [2023] MISSING_FILE: /home/choij/Sync/workspace/ChargedHiggsAnalysisV3/SKNanoOutput/DiLepton/RunEMu_RunSyst/2023/ST_sch_top_Lep.root
2025-12-16 12:48:32,181 - INFO - [2023] MISSING_FILE: /home/choij/Sync/workspace/ChargedHiggsAnalysisV3/SKNanoOutput/DiLepton/RunEMu_RunSyst/2023/ST_sch_antitop_Lep.root
2025-12-16 12:48:32,181 - INFO - [2023] MISSING_FILE: /home/choij/Sync/workspace/ChargedHiggsAnalysisV3/SKNanoOutput/DiLepton/RunEMu_RunSyst/2023/ST_tch_top.root
2025-12-16 12:48:32,181 - INFO - [2023] MISSING_FILE: /home/choij/Sync/workspace/ChargedHiggsAnalysisV3/SKNanoOutput/DiLepton/RunEMu_RunSyst/2023/ST_tch_antitop.root
2025-12-16 12:48:32,181 - INFO - [2023] MISSING_FILE: /home/choij/Sync/workspace/ChargedHiggsAnalysisV3/SKNanoOutput/DiLepton/RunEMu_RunSyst/2023/ST_tW_top_Lep.root
2025-12-16 12:48:32,181 - INFO - [2023] MISSING_FILE: /home/choij/Sync/workspace/ChargedHiggsAnalysisV3/SKNanoOutput/DiLepton/RunEMu_RunSyst/2023/ST_tW_antitop_Lep.root
2025-12-16 12:48:32,181 - INFO - [2023] MISSING_FILE: /home/choij/Sync/workspace/ChargedHiggsAnalysisV3/SKNanoOutput/DiLepton/RunEMu_RunSyst/2023/ST_tW_top_Semilep.root
2025-12-16 12:48:32,181 - INFO - [2023] MISSING_FILE: /home/choij/Sync/workspace/ChargedHiggsAnalysisV3/SKNanoOutput/DiLepton/RunEMu_RunSyst/2023/ST_tW_antitop_Semilep.root
2025-12-16 12:48:32,181 - INFO - [2023] MISSING_FILE: /home/choij/Sync/workspace/ChargedHiggsAnalysisV3/SKNanoOutput/DiLepton/RunEMu_RunSyst/2023/WW_pythia.root
2025-12-16 12:48:32,181 - INFO - [2023] MISSING_FILE: /home/choij/Sync/workspace/ChargedHiggsAnalysisV3/SKNanoOutput/DiLepton/RunEMu_RunSyst/2023/WZ_pythia.root
2025-12-16 12:48:32,181 - INFO - [2023] MISSING_FILE: /home/choij/Sync/workspace/ChargedHiggsAnalysisV3/SKNanoOutput/DiLepton/RunEMu_RunSyst/2023/ZZ_pythia.root
2025-12-16 12:48:32,182 - INFO - [2023] MISSING_FILE: /home/choij/Sync/workspace/ChargedHiggsAnalysisV3/SKNanoOutput/DiLepton/RunEMu_RunSyst/2023/WJets.root
2025-12-16 12:48:32,182 - INFO - [2023] MISSING_FILE: /home/choij/Sync/workspace/ChargedHiggsAnalysisV3/SKNanoOutput/DiLepton/RunEMu_RunSyst/2023/DYJets.root
2025-12-16 12:48:32,182 - INFO - [2023] MISSING_FILE: /home/choij/Sync/workspace/ChargedHiggsAnalysisV3/SKNanoOutput/DiLepton/RunEMu_RunSyst/2023/DYJets10to50.root
2025-12-16 12:48:32,183 - INFO - [2023] MISSING_FILE: /home/choij/Sync/workspace/ChargedHiggsAnalysisV3/SKNanoOutput/DiLepton/RunEMu_RunSyst/2023/TTLL_powheg.root
2025-12-16 12:48:32,183 - INFO - [2023] MISSING_FILE: /home/choij/Sync/workspace/ChargedHiggsAnalysisV3/SKNanoOutput/DiLepton/RunEMu_RunSyst/2023/TTLJ_powheg.root
2025-12-16 12:48:32,183 - INFO - [2023] MISSING_FILE: /home/choij/Sync/workspace/ChargedHiggsAnalysisV3/SKNanoOutput/DiLepton/RunEMu_RunSyst/2023/ST_sch_top_Lep.root
2025-12-16 12:48:32,183 - INFO - [2023] MISSING_FILE: /home/choij/Sync/workspace/ChargedHiggsAnalysisV3/SKNanoOutput/DiLepton/RunEMu_RunSyst/2023/ST_sch_antitop_Lep.root
2025-12-16 12:48:32,183 - INFO - [2023] MISSING_FILE: /home/choij/Sync/workspace/ChargedHiggsAnalysisV3/SKNanoOutput/DiLepton/RunEMu_RunSyst/2023/ST_tch_top.root
2025-12-16 12:48:32,183 - INFO - [2023] MISSING_FILE: /home/choij/Sync/workspace/ChargedHiggsAnalysisV3/SKNanoOutput/DiLepton/RunEMu_RunSyst/2023/ST_tch_antitop.root
2025-12-16 12:48:32,183 - INFO - [2023] MISSING_FILE: /home/choij/Sync/workspace/ChargedHiggsAnalysisV3/SKNanoOutput/DiLepton/RunEMu_RunSyst/2023/ST_tW_top_Lep.root
2025-12-16 12:48:32,183 - INFO - [2023] MISSING_FILE: /home/choij/Sync/workspace/ChargedHiggsAnalysisV3/SKNanoOutput/DiLepton/RunEMu_RunSyst/2023/ST_tW_antitop_Lep.root
2025-12-16 12:48:32,183 - INFO - [2023] MISSING_FILE: /home/choij/Sync/workspace/ChargedHiggsAnalysisV3/SKNanoOutput/DiLepton/RunEMu_RunSyst/2023/ST_tW_top_Semilep.root
2025-12-16 12:48:32,183 - INFO - [2023] MISSING_FILE: /home/choij/Sync/workspace/ChargedHiggsAnalysisV3/SKNanoOutput/DiLepton/RunEMu_RunSyst/2023/ST_tW_antitop_Semilep.root
2025-12-16 12:48:32,183 - INFO - [2023] MISSING_FILE: /home/choij/Sync/workspace/ChargedHiggsAnalysisV3/SKNanoOutput/DiLepton/RunEMu_RunSyst/2023/WW_pythia.root
2025-12-16 12:48:32,183 - INFO - [2023] MISSING_FILE: /home/choij/Sync/workspace/ChargedHiggsAnalysisV3/SKNanoOutput/DiLepton/RunEMu_RunSyst/2023/WZ_pythia.root
2025-12-16 12:48:32,183 - INFO - [2023] MISSING_FILE: /home/choij/Sync/workspace/ChargedHiggsAnalysisV3/SKNanoOutput/DiLepton/RunEMu_RunSyst/2023/ZZ_pythia.root
2025-12-16 12:48:32,199 - INFO - [2023] MISSING_FILE: /home/choij/Sync/workspace/ChargedHiggsAnalysisV3/SKNanoOutput/DiLepton/RunEMu_RunSyst/2023/WJets.root
2025-12-16 12:48:32,199 - INFO - [2023] MISSING_FILE: /home/choij/Sync/workspace/ChargedHiggsAnalysisV3/SKNanoOutput/DiLepton/RunEMu_RunSyst/2023/DYJets.root
2025-12-16 12:48:32,199 - INFO - [2023] MISSING_FILE: /home/choij/Sync/workspace/ChargedHiggsAnalysisV3/SKNanoOutput/DiLepton/RunEMu_RunSyst/2023/DYJets10to50.root
2025-12-16 12:48:32,199 - INFO - [2023] MISSING_FILE: /home/choij/Sync/workspace/ChargedHiggsAnalysisV3/SKNanoOutput/DiLepton/RunEMu_RunSyst/2023/TTLL_powheg.root
2025-12-16 12:48:32,199 - INFO - [2023] MISSING_FILE: /home/choij/Sync/workspace/ChargedHiggsAnalysisV3/SKNanoOutput/DiLepton/RunEMu_RunSyst/2023/TTLJ_powheg.root
2025-12-16 12:48:32,199 - INFO - [2023] MISSING_FILE: /home/choij/Sync/workspace/ChargedHiggsAnalysisV3/SKNanoOutput/DiLepton/RunEMu_RunSyst/2023/ST_sch_top_Lep.root
2025-12-16 12:48:32,199 - INFO - [2023] MISSING_FILE: /home/choij/Sync/workspace/ChargedHiggsAnalysisV3/SKNanoOutput/DiLepton/RunEMu_RunSyst/2023/ST_sch_antitop_Lep.root
2025-12-16 12:48:32,199 - INFO - [2023] MISSING_FILE: /home/choij/Sync/workspace/ChargedHiggsAnalysisV3/SKNanoOutput/DiLepton/RunEMu_RunSyst/2023/ST_tch_top.root
2025-12-16 12:48:32,199 - INFO - [2023] MISSING_FILE: /home/choij/Sync/workspace/ChargedHiggsAnalysisV3/SKNanoOutput/DiLepton/RunEMu_RunSyst/2023/ST_tch_antitop.root
2025-12-16 12:48:32,199 - INFO - [2023] MISSING_FILE: /home/choij/Sync/workspace/ChargedHiggsAnalysisV3/SKNanoOutput/DiLepton/RunEMu_RunSyst/2023/ST_tW_top_Lep.root
2025-12-16 12:48:32,199 - INFO - [2023] MISSING_FILE: /home/choij/Sync/workspace/ChargedHiggsAnalysisV3/SKNanoOutput/DiLepton/RunEMu_RunSyst/2023/ST_tW_antitop_Lep.root
2025-12-16 12:48:32,199 - INFO - [2023] MISSING_FILE: /home/choij/Sync/workspace/ChargedHiggsAnalysisV3/SKNanoOutput/DiLepton/RunEMu_RunSyst/2023/ST_tW_top_Semilep.root
2025-12-16 12:48:32,199 - INFO - [2023] MISSING_FILE: /home/choij/Sync/workspace/ChargedHiggsAnalysisV3/SKNanoOutput/DiLepton/RunEMu_RunSyst/2023/ST_tW_antitop_Semilep.root
2025-12-16 12:48:32,199 - INFO - [2023] MISSING_FILE: /home/choij/Sync/workspace/ChargedHiggsAnalysisV3/SKNanoOutput/DiLepton/RunEMu_RunSyst/2023/WW_pythia.root
2025-12-16 12:48:32,199 - INFO - [2023] MISSING_FILE: /home/choij/Sync/workspace/ChargedHiggsAnalysisV3/SKNanoOutput/DiLepton/RunEMu_RunSyst/2023/WZ_pythia.root
2025-12-16 12:48:32,199 - INFO - [2023] MISSING_FILE: /home/choij/Sync/workspace/ChargedHiggsAnalysisV3/SKNanoOutput/DiLepton/RunEMu_RunSyst/2023/ZZ_pythia.root
2025-12-16 12:48:32,247 - INFO - [2023] MISSING_FILE: /home/choij/Sync/workspace/ChargedHiggsAnalysisV3/SKNanoOutput/DiLepton/RunEMu_RunSyst/2023/WJets.root
2025-12-16 12:48:32,247 - INFO - [2023] MISSING_FILE: /home/choij/Sync/workspace/ChargedHiggsAnalysisV3/SKNanoOutput/DiLepton/RunEMu_RunSyst/2023/DYJets.root
2025-12-16 12:48:32,247 - INFO - [2023] MISSING_FILE: /home/choij/Sync/workspace/ChargedHiggsAnalysisV3/SKNanoOutput/DiLepton/RunEMu_RunSyst/2023/DYJets10to50.root
2025-12-16 12:48:32,247 - INFO - [2023] MISSING_FILE: /home/choij/Sync/workspace/ChargedHiggsAnalysisV3/SKNanoOutput/DiLepton/RunEMu_RunSyst/2023/TTLL_powheg.root
2025-12-16 12:48:32,247 - INFO - [2023] MISSING_FILE: /home/choij/Sync/workspace/ChargedHiggsAnalysisV3/SKNanoOutput/DiLepton/RunEMu_RunSyst/2023/TTLJ_powheg.root
2025-12-16 12:48:32,247 - INFO - [2023] MISSING_FILE: /home/choij/Sync/workspace/ChargedHiggsAnalysisV3/SKNanoOutput/DiLepton/RunEMu_RunSyst/2023/ST_sch_top_Lep.root
2025-12-16 12:48:32,247 - INFO - [2023] MISSING_FILE: /home/choij/Sync/workspace/ChargedHiggsAnalysisV3/SKNanoOutput/DiLepton/RunEMu_RunSyst/2023/ST_sch_antitop_Lep.root
2025-12-16 12:48:32,247 - INFO - [2023] MISSING_FILE: /home/choij/Sync/workspace/ChargedHiggsAnalysisV3/SKNanoOutput/DiLepton/RunEMu_RunSyst/2023/ST_tch_top.root
2025-12-16 12:48:32,248 - INFO - [2023] MISSING_FILE: /home/choij/Sync/workspace/ChargedHiggsAnalysisV3/SKNanoOutput/DiLepton/RunEMu_RunSyst/2023/ST_tch_antitop.root
2025-12-16 12:48:32,248 - INFO - [2023] MISSING_FILE: /home/choij/Sync/workspace/ChargedHiggsAnalysisV3/SKNanoOutput/DiLepton/RunEMu_RunSyst/2023/ST_tW_top_Lep.root
2025-12-16 12:48:32,248 - INFO - [2023] MISSING_FILE: /home/choij/Sync/workspace/ChargedHiggsAnalysisV3/SKNanoOutput/DiLepton/RunEMu_RunSyst/2023/ST_tW_antitop_Lep.root
2025-12-16 12:48:32,248 - INFO - [2023] MISSING_FILE: /home/choij/Sync/workspace/ChargedHiggsAnalysisV3/SKNanoOutput/DiLepton/RunEMu_RunSyst/2023/ST_tW_top_Semilep.root
2025-12-16 12:48:32,248 - INFO - [2023] MISSING_FILE: /home/choij/Sync/workspace/ChargedHiggsAnalysisV3/SKNanoOutput/DiLepton/RunEMu_RunSyst/2023/ST_tW_antitop_Semilep.root
2025-12-16 12:48:32,248 - INFO - [2023] MISSING_FILE: /home/choij/Sync/workspace/ChargedHiggsAnalysisV3/SKNanoOutput/DiLepton/RunEMu_RunSyst/2023/WW_pythia.root
2025-12-16 12:48:32,248 - INFO - [2023] MISSING_FILE: /home/choij/Sync/workspace/ChargedHiggsAnalysisV3/SKNanoOutput/DiLepton/RunEMu_RunSyst/2023/WZ_pythia.root
2025-12-16 12:48:32,248 - INFO - [2023] MISSING_FILE: /home/choij/Sync/workspace/ChargedHiggsAnalysisV3/SKNanoOutput/DiLepton/RunEMu_RunSyst/2023/ZZ_pythia.root
2025-12-16 12:48:32,449 - INFO - [2023] MISSING_FILE: /home/choij/Sync/workspace/ChargedHiggsAnalysisV3/SKNanoOutput/DiLepton/RunEMu_RunSyst/2023/WJets.root
2025-12-16 12:48:32,449 - INFO - [2023] MISSING_FILE: /home/choij/Sync/workspace/ChargedHiggsAnalysisV3/SKNanoOutput/DiLepton/RunEMu_RunSyst/2023/DYJets.root
2025-12-16 12:48:32,449 - INFO - [2023] MISSING_FILE: /home/choij/Sync/workspace/ChargedHiggsAnalysisV3/SKNanoOutput/DiLepton/RunEMu_RunSyst/2023/DYJets10to50.root
2025-12-16 12:48:32,449 - INFO - [2023] MISSING_FILE: /home/choij/Sync/workspace/ChargedHiggsAnalysisV3/SKNanoOutput/DiLepton/RunEMu_RunSyst/2023/TTLL_powheg.root
2025-12-16 12:48:32,449 - INFO - [2023] MISSING_FILE: /home/choij/Sync/workspace/ChargedHiggsAnalysisV3/SKNanoOutput/DiLepton/RunEMu_RunSyst/2023/TTLJ_powheg.root
2025-12-16 12:48:32,449 - INFO - [2023] MISSING_FILE: /home/choij/Sync/workspace/ChargedHiggsAnalysisV3/SKNanoOutput/DiLepton/RunEMu_RunSyst/2023/ST_sch_top_Lep.root
2025-12-16 12:48:32,449 - INFO - [2023] MISSING_FILE: /home/choij/Sync/workspace/ChargedHiggsAnalysisV3/SKNanoOutput/DiLepton/RunEMu_RunSyst/2023/ST_sch_antitop_Lep.root
2025-12-16 12:48:32,449 - INFO - [2023] MISSING_FILE: /home/choij/Sync/workspace/ChargedHiggsAnalysisV3/SKNanoOutput/DiLepton/RunEMu_RunSyst/2023/ST_tch_top.root
2025-12-16 12:48:32,449 - INFO - [2023] MISSING_FILE: /home/choij/Sync/workspace/ChargedHiggsAnalysisV3/SKNanoOutput/DiLepton/RunEMu_RunSyst/2023/ST_tch_antitop.root
2025-12-16 12:48:32,449 - INFO - [2023] MISSING_FILE: /home/choij/Sync/workspace/ChargedHiggsAnalysisV3/SKNanoOutput/DiLepton/RunEMu_RunSyst/2023/ST_tW_top_Lep.root
2025-12-16 12:48:32,449 - INFO - [2023] MISSING_FILE: /home/choij/Sync/workspace/ChargedHiggsAnalysisV3/SKNanoOutput/DiLepton/RunEMu_RunSyst/2023/ST_tW_antitop_Lep.root
2025-12-16 12:48:32,449 - INFO - [2023] MISSING_FILE: /home/choij/Sync/workspace/ChargedHiggsAnalysisV3/SKNanoOutput/DiLepton/RunEMu_RunSyst/2023/ST_tW_top_Semilep.root
2025-12-16 12:48:32,449 - INFO - [2023] MISSING_FILE: /home/choij/Sync/workspace/ChargedHiggsAnalysisV3/SKNanoOutput/DiLepton/RunEMu_RunSyst/2023/ST_tW_antitop_Semilep.root
2025-12-16 12:48:32,449 - INFO - [2023] MISSING_FILE: /home/choij/Sync/workspace/ChargedHiggsAnalysisV3/SKNanoOutput/DiLepton/RunEMu_RunSyst/2023/WW_pythia.root
2025-12-16 12:48:32,449 - INFO - [2023] MISSING_FILE: /home/choij/Sync/workspace/ChargedHiggsAnalysisV3/SKNanoOutput/DiLepton/RunEMu_RunSyst/2023/WZ_pythia.root
2025-12-16 12:48:32,449 - INFO - [2023] MISSING_FILE: /home/choij/Sync/workspace/ChargedHiggsAnalysisV3/SKNanoOutput/DiLepton/RunEMu_RunSyst/2023/ZZ_pythia.root
2025-12-16 12:48:32,517 - INFO - [2023] MISSING_FILE: /home/choij/Sync/workspace/ChargedHiggsAnalysisV3/SKNanoOutput/DiLepton/RunEMu_RunSyst/2023/WJets.root
2025-12-16 12:48:32,518 - INFO - [2023] MISSING_FILE: /home/choij/Sync/workspace/ChargedHiggsAnalysisV3/SKNanoOutput/DiLepton/RunEMu_RunSyst/2023/DYJets.root
2025-12-16 12:48:32,518 - INFO - [2023] MISSING_FILE: /home/choij/Sync/workspace/ChargedHiggsAnalysisV3/SKNanoOutput/DiLepton/RunEMu_RunSyst/2023/DYJets10to50.root
2025-12-16 12:48:32,518 - INFO - [2023] MISSING_FILE: /home/choij/Sync/workspace/ChargedHiggsAnalysisV3/SKNanoOutput/DiLepton/RunEMu_RunSyst/2023/TTLL_powheg.root
2025-12-16 12:48:32,518 - INFO - [2023] MISSING_FILE: /home/choij/Sync/workspace/ChargedHiggsAnalysisV3/SKNanoOutput/DiLepton/RunEMu_RunSyst/2023/TTLJ_powheg.root
2025-12-16 12:48:32,518 - INFO - [2023] MISSING_FILE: /home/choij/Sync/workspace/ChargedHiggsAnalysisV3/SKNanoOutput/DiLepton/RunEMu_RunSyst/2023/ST_sch_top_Lep.root
2025-12-16 12:48:32,518 - INFO - [2023] MISSING_FILE: /home/choij/Sync/workspace/ChargedHiggsAnalysisV3/SKNanoOutput/DiLepton/RunEMu_RunSyst/2023/ST_sch_antitop_Lep.root
2025-12-16 12:48:32,518 - INFO - [2023] MISSING_FILE: /home/choij/Sync/workspace/ChargedHiggsAnalysisV3/SKNanoOutput/DiLepton/RunEMu_RunSyst/2023/ST_tch_top.root
2025-12-16 12:48:32,518 - INFO - [2023] MISSING_FILE: /home/choij/Sync/workspace/ChargedHiggsAnalysisV3/SKNanoOutput/DiLepton/RunEMu_RunSyst/2023/ST_tch_antitop.root
2025-12-16 12:48:32,518 - INFO - [2023] MISSING_FILE: /home/choij/Sync/workspace/ChargedHiggsAnalysisV3/SKNanoOutput/DiLepton/RunEMu_RunSyst/2023/ST_tW_top_Lep.root
2025-12-16 12:48:32,518 - INFO - [2023] MISSING_FILE: /home/choij/Sync/workspace/ChargedHiggsAnalysisV3/SKNanoOutput/DiLepton/RunEMu_RunSyst/2023/ST_tW_antitop_Lep.root
2025-12-16 12:48:32,518 - INFO - [2023] MISSING_FILE: /home/choij/Sync/workspace/ChargedHiggsAnalysisV3/SKNanoOutput/DiLepton/RunEMu_RunSyst/2023/ST_tW_top_Semilep.root
2025-12-16 12:48:32,518 - INFO - [2023] MISSING_FILE: /home/choij/Sync/workspace/ChargedHiggsAnalysisV3/SKNanoOutput/DiLepton/RunEMu_RunSyst/2023/ST_tW_antitop_Semilep.root
2025-12-16 12:48:32,518 - INFO - [2023] MISSING_FILE: /home/choij/Sync/workspace/ChargedHiggsAnalysisV3/SKNanoOutput/DiLepton/RunEMu_RunSyst/2023/WW_pythia.root
2025-12-16 12:48:32,518 - INFO - [2023] MISSING_FILE: /home/choij/Sync/workspace/ChargedHiggsAnalysisV3/SKNanoOutput/DiLepton/RunEMu_RunSyst/2023/WZ_pythia.root
2025-12-16 12:48:32,518 - INFO - [2023] MISSING_FILE: /home/choij/Sync/workspace/ChargedHiggsAnalysisV3/SKNanoOutput/DiLepton/RunEMu_RunSyst/2023/ZZ_pythia.root
2025-12-16 12:48:32,605 - INFO - [2023] MISSING_FILE: /home/choij/Sync/workspace/ChargedHiggsAnalysisV3/SKNanoOutput/DiLepton/RunEMu_RunSyst/2023/WJets.root
2025-12-16 12:48:32,605 - INFO - [2023] MISSING_FILE: /home/choij/Sync/workspace/ChargedHiggsAnalysisV3/SKNanoOutput/DiLepton/RunEMu_RunSyst/2023/DYJets.root
2025-12-16 12:48:32,605 - INFO - [2023] MISSING_FILE: /home/choij/Sync/workspace/ChargedHiggsAnalysisV3/SKNanoOutput/DiLepton/RunEMu_RunSyst/2023/DYJets10to50.root
2025-12-16 12:48:32,605 - INFO - [2023] MISSING_FILE: /home/choij/Sync/workspace/ChargedHiggsAnalysisV3/SKNanoOutput/DiLepton/RunEMu_RunSyst/2023/TTLL_powheg.root
2025-12-16 12:48:32,606 - INFO - [2023] MISSING_FILE: /home/choij/Sync/workspace/ChargedHiggsAnalysisV3/SKNanoOutput/DiLepton/RunEMu_RunSyst/2023/TTLJ_powheg.root
2025-12-16 12:48:32,606 - INFO - [2023] MISSING_FILE: /home/choij/Sync/workspace/ChargedHiggsAnalysisV3/SKNanoOutput/DiLepton/RunEMu_RunSyst/2023/ST_sch_top_Lep.root
2025-12-16 12:48:32,606 - INFO - [2023] MISSING_FILE: /home/choij/Sync/workspace/ChargedHiggsAnalysisV3/SKNanoOutput/DiLepton/RunEMu_RunSyst/2023/ST_sch_antitop_Lep.root
2025-12-16 12:48:32,606 - INFO - [2023] MISSING_FILE: /home/choij/Sync/workspace/ChargedHiggsAnalysisV3/SKNanoOutput/DiLepton/RunEMu_RunSyst/2023/ST_tch_top.root
2025-12-16 12:48:32,606 - INFO - [2023] MISSING_FILE: /home/choij/Sync/workspace/ChargedHiggsAnalysisV3/SKNanoOutput/DiLepton/RunEMu_RunSyst/2023/ST_tch_antitop.root
2025-12-16 12:48:32,606 - INFO - [2023] MISSING_FILE: /home/choij/Sync/workspace/ChargedHiggsAnalysisV3/SKNanoOutput/DiLepton/RunEMu_RunSyst/2023/ST_tW_top_Lep.root
2025-12-16 12:48:32,606 - INFO - [2023] MISSING_FILE: /home/choij/Sync/workspace/ChargedHiggsAnalysisV3/SKNanoOutput/DiLepton/RunEMu_RunSyst/2023/ST_tW_antitop_Lep.root
2025-12-16 12:48:32,606 - INFO - [2023] MISSING_FILE: /home/choij/Sync/workspace/ChargedHiggsAnalysisV3/SKNanoOutput/DiLepton/RunEMu_RunSyst/2023/ST_tW_top_Semilep.root
2025-12-16 12:48:32,606 - INFO - [2023] MISSING_FILE: /home/choij/Sync/workspace/ChargedHiggsAnalysisV3/SKNanoOutput/DiLepton/RunEMu_RunSyst/2023/ST_tW_antitop_Semilep.root
2025-12-16 12:48:32,606 - INFO - [2023] MISSING_FILE: /home/choij/Sync/workspace/ChargedHiggsAnalysisV3/SKNanoOutput/DiLepton/RunEMu_RunSyst/2023/WW_pythia.root
2025-12-16 12:48:32,606 - INFO - [2023] MISSING_FILE: /home/choij/Sync/workspace/ChargedHiggsAnalysisV3/SKNanoOutput/DiLepton/RunEMu_RunSyst/2023/WZ_pythia.root
2025-12-16 12:48:32,606 - INFO - [2023] MISSING_FILE: /home/choij/Sync/workspace/ChargedHiggsAnalysisV3/SKNanoOutput/DiLepton/RunEMu_RunSyst/2023/ZZ_pythia.root
