2025-12-16 12:48:29,640 - INFO - [2023] MISSING_FILE: /home/choij/Sync/workspace/ChargedHiggsAnalysisV3/SKNanoOutput/DiLepton/RunEMu_RunSyst/2023/WJets.root
2025-12-16 12:48:29,641 - INFO - [2023] MISSING_FILE: /home/choij/Sync/workspace/ChargedHiggsAnalysisV3/SKNanoOutput/DiLepton/RunEMu_RunSyst/2023/DYJets.root
2025-12-16 12:48:29,641 - INFO - [2023] MISSING_FILE: /home/choij/Sync/workspace/ChargedHiggsAnalysisV3/SKNanoOutput/DiLepton/RunEMu_RunSyst/2023/DYJets10to50.root
2025-12-16 12:48:29,641 - INFO - [2023] MISSING_FILE: /home/choij/Sync/workspace/ChargedHiggsAnalysisV3/SKNanoOutput/DiLepton/RunEMu_RunSyst/2023/TTLL_powheg.root
2025-12-16 12:48:29,641 - INFO - [2023] MISSING_FILE: /home/choij/Sync/workspace/ChargedHiggsAnalysisV3/SKNanoOutput/DiLepton/RunEMu_RunSyst/2023/TTLJ_powheg.root
2025-12-16 12:48:29,641 - INFO - [2023] MISSING_FILE: /home/choij/Sync/workspace/ChargedHiggsAnalysisV3/SKNanoOutput/DiLepton/RunEMu_RunSyst/2023/ST_sch_top_Lep.root
2025-12-16 12:48:29,641 - INFO - [2023] MISSING_FILE: /home/choij/Sync/workspace/ChargedHiggsAnalysisV3/SKNanoOutput/DiLepton/RunEMu_RunSyst/2023/ST_sch_antitop_Lep.root
2025-12-16 12:48:29,641 - INFO - [2023] MISSING_FILE: /home/choij/Sync/workspace/ChargedHiggsAnalysisV3/SKNanoOutput/DiLepton/RunEMu_RunSyst/2023/ST_tch_top.root
2025-12-16 12:48:29,641 - INFO - [2023] MISSING_FILE: /home/choij/Sync/workspace/ChargedHiggsAnalysisV3/SKNanoOutput/DiLepton/RunEMu_RunSyst/2023/ST_tch_antitop.root
2025-12-16 12:48:29,641 - INFO - [2023] MISSING_FILE: /home/choij/Sync/workspace/ChargedHiggsAnalysisV3/SKNanoOutput/DiLepton/RunEMu_RunSyst/2023/ST_tW_top_Lep.root
2025-12-16 12:48:29,641 - INFO - [2023] MISSING_FILE: /home/choij/Sync/workspace/ChargedHiggsAnalysisV3/SKNanoOutput/DiLepton/RunEMu_RunSyst/2023/ST_tW_antitop_Lep.root
2025-12-16 12:48:29,641 - INFO - [2023] MISSING_FILE: /home/choij/Sync/workspace/ChargedHiggsAnalysisV3/SKNanoOutput/DiLepton/RunEMu_RunSyst/2023/ST_tW_top_Semilep.root
2025-12-16 12:48:29,641 - INFO - [2023] MISSING_FILE: /home/choij/Sync/workspace/ChargedHiggsAnalysisV3/SKNanoOutput/DiLepton/RunEMu_RunSyst/2023/ST_tW_antitop_Semilep.root
2025-12-16 12:48:29,641 - INFO - [2023] MISSING_FILE: /home/choij/Sync/workspace/ChargedHiggsAnalysisV3/SKNanoOutput/DiLepton/RunEMu_RunSyst/2023/WW_pythia.root
2025-12-16 12:48:29,641 - INFO - [2023] MISSING_FILE: /home/choij/Sync/workspace/ChargedHiggsAnalysisV3/SKNanoOutput/DiLepton/RunEMu_RunSyst/2023/WZ_pythia.root
2025-12-16 12:48:29,641 - INFO - [2023] MISSING_FILE: /home/choij/Sync/workspace/ChargedHiggsAnalysisV3/SKNanoOutput/DiLepton/RunEMu_RunSyst/2023/ZZ_pythia.root
2025-12-16 12:48:29,864 - INFO - [2023] MISSING_FILE: /home/choij/Sync/workspace/ChargedHiggsAnalysisV3/SKNanoOutput/DiLepton/RunEMu_RunSyst/2023/WJets.root
2025-12-16 12:48:29,864 - INFO - [2023] MISSING_FILE: /home/choij/Sync/workspace/ChargedHiggsAnalysisV3/SKNanoOutput/DiLepton/RunEMu_RunSyst/2023/DYJets.root
2025-12-16 12:48:29,864 - INFO - [2023] MISSING_FILE: /home/choij/Sync/workspace/ChargedHiggsAnalysisV3/SKNanoOutput/DiLepton/RunEMu_RunSyst/2023/DYJets10to50.root
2025-12-16 12:48:29,864 - INFO - [2023] MISSING_FILE: /home/choij/Sync/workspace/ChargedHiggsAnalysisV3/SKNanoOutput/DiLepton/RunEMu_RunSyst/2023/TTLL_powheg.root
2025-12-16 12:48:29,864 - INFO - [2023] MISSING_FILE: /home/choij/Sync/workspace/ChargedHiggsAnalysisV3/SKNanoOutput/DiLepton/RunEMu_RunSyst/2023/TTLJ_powheg.root
2025-12-16 12:48:29,864 - INFO - [2023] MISSING_FILE: /home/choij/Sync/workspace/ChargedHiggsAnalysisV3/SKNanoOutput/DiLepton/RunEMu_RunSyst/2023/ST_sch_top_Lep.root
2025-12-16 12:48:29,864 - INFO - [2023] MISSING_FILE: /home/choij/Sync/workspace/ChargedHiggsAnalysisV3/SKNanoOutput/DiLepton/RunEMu_RunSyst/2023/ST_sch_antitop_Lep.root
2025-12-16 12:48:29,864 - INFO - [2023] MISSING_FILE: /home/choij/Sync/workspace/ChargedHiggsAnalysisV3/SKNanoOutput/DiLepton/RunEMu_RunSyst/2023/ST_tch_top.root
2025-12-16 12:48:29,864 - INFO - [2023] MISSING_FILE: /home/choij/Sync/workspace/ChargedHiggsAnalysisV3/SKNanoOutput/DiLepton/RunEMu_RunSyst/2023/ST_tch_antitop.root
2025-12-16 12:48:29,864 - INFO - [2023] MISSING_FILE: /home/choij/Sync/workspace/ChargedHiggsAnalysisV3/SKNanoOutput/DiLepton/RunEMu_RunSyst/2023/ST_tW_top_Lep.root
2025-12-16 12:48:29,864 - INFO - [2023] MISSING_FILE: /home/choij/Sync/workspace/ChargedHiggsAnalysisV3/SKNanoOutput/DiLepton/RunEMu_RunSyst/2023/ST_tW_antitop_Lep.root
2025-12-16 12:48:29,864 - INFO - [2023] MISSING_FILE: /home/choij/Sync/workspace/ChargedHiggsAnalysisV3/SKNanoOutput/DiLepton/RunEMu_RunSyst/2023/ST_tW_top_Semilep.root
2025-12-16 12:48:29,864 - INFO - [2023] MISSING_FILE: /home/choij/Sync/workspace/ChargedHiggsAnalysisV3/SKNanoOutput/DiLepton/RunEMu_RunSyst/2023/ST_tW_antitop_Semilep.root
2025-12-16 12:48:29,864 - INFO - [2023] MISSING_FILE: /home/choij/Sync/workspace/ChargedHiggsAnalysisV3/SKNanoOutput/DiLepton/RunEMu_RunSyst/2023/WW_pythia.root
2025-12-16 12:48:29,864 - INFO - [2023] MISSING_FILE: /home/choij/Sync/workspace/ChargedHiggsAnalysisV3/SKNanoOutput/DiLepton/RunEMu_RunSyst/2023/WZ_pythia.root
2025-12-16 12:48:29,864 - INFO - [2023] MISSING_FILE: /home/choij/Sync/workspace/ChargedHiggsAnalysisV3/SKNanoOutput/DiLepton/RunEMu_RunSyst/2023/ZZ_pythia.root
2025-12-16 12:48:29,881 - INFO - [2023] MISSING_FILE: /home/choij/Sync/workspace/ChargedHiggsAnalysisV3/SKNanoOutput/DiLepton/RunEMu_RunSyst/2023/WJets.root
2025-12-16 12:48:29,881 - INFO - [2023] MISSING_FILE: /home/choij/Sync/workspace/ChargedHiggsAnalysisV3/SKNanoOutput/DiLepton/RunEMu_RunSyst/2023/DYJets.root
2025-12-16 12:48:29,882 - INFO - [2023] MISSING_FILE: /home/choij/Sync/workspace/ChargedHiggsAnalysisV3/SKNanoOutput/DiLepton/RunEMu_RunSyst/2023/DYJets10to50.root
2025-12-16 12:48:29,882 - INFO - [2023] MISSING_FILE: /home/choij/Sync/workspace/ChargedHiggsAnalysisV3/SKNanoOutput/DiLepton/RunEMu_RunSyst/2023/TTLL_powheg.root
2025-12-16 12:48:29,882 - INFO - [2023] MISSING_FILE: /home/choij/Sync/workspace/ChargedHiggsAnalysisV3/SKNanoOutput/DiLepton/RunEMu_RunSyst/2023/TTLJ_powheg.root
2025-12-16 12:48:29,882 - INFO - [2023] MISSING_FILE: /home/choij/Sync/workspace/ChargedHiggsAnalysisV3/SKNanoOutput/DiLepton/RunEMu_RunSyst/2023/ST_sch_top_Lep.root
2025-12-16 12:48:29,882 - INFO - [2023] MISSING_FILE: /home/choij/Sync/workspace/ChargedHiggsAnalysisV3/SKNanoOutput/DiLepton/RunEMu_RunSyst/2023/ST_sch_antitop_Lep.root
2025-12-16 12:48:29,882 - INFO - [2023] MISSING_FILE: /home/choij/Sync/workspace/ChargedHiggsAnalysisV3/SKNanoOutput/DiLepton/RunEMu_RunSyst/2023/ST_tch_top.root
2025-12-16 12:48:29,882 - INFO - [2023] MISSING_FILE: /home/choij/Sync/workspace/ChargedHiggsAnalysisV3/SKNanoOutput/DiLepton/RunEMu_RunSyst/2023/ST_tch_antitop.root
2025-12-16 12:48:29,882 - INFO - [2023] MISSING_FILE: /home/choij/Sync/workspace/ChargedHiggsAnalysisV3/SKNanoOutput/DiLepton/RunEMu_RunSyst/2023/ST_tW_top_Lep.root
2025-12-16 12:48:29,882 - INFO - [2023] MISSING_FILE: /home/choij/Sync/workspace/ChargedHiggsAnalysisV3/SKNanoOutput/DiLepton/RunEMu_RunSyst/2023/ST_tW_antitop_Lep.root
2025-12-16 12:48:29,882 - INFO - [2023] MISSING_FILE: /home/choij/Sync/workspace/ChargedHiggsAnalysisV3/SKNanoOutput/DiLepton/RunEMu_RunSyst/2023/ST_tW_top_Semilep.root
2025-12-16 12:48:29,882 - INFO - [2023] MISSING_FILE: /home/choij/Sync/workspace/ChargedHiggsAnalysisV3/SKNanoOutput/DiLepton/RunEMu_RunSyst/2023/ST_tW_antitop_Semilep.root
2025-12-16 12:48:29,882 - INFO - [2023] MISSING_FILE: /home/choij/Sync/workspace/ChargedHiggsAnalysisV3/SKNanoOutput/DiLepton/RunEMu_RunSyst/2023/WW_pythia.root
2025-12-16 12:48:29,882 - INFO - [2023] MISSING_FILE: /home/choij/Sync/workspace/ChargedHiggsAnalysisV3/SKNanoOutput/DiLepton/RunEMu_RunSyst/2023/WZ_pythia.root
2025-12-16 12:48:29,882 - INFO - [2023] MISSING_FILE: /home/choij/Sync/workspace/ChargedHiggsAnalysisV3/SKNanoOutput/DiLepton/RunEMu_RunSyst/2023/ZZ_pythia.root
2025-12-16 12:48:30,010 - INFO - [2023] MISSING_FILE: /home/choij/Sync/workspace/ChargedHiggsAnalysisV3/SKNanoOutput/DiLepton/RunEMu_RunSyst/2023/WJets.root
2025-12-16 12:48:30,010 - INFO - [2023] MISSING_FILE: /home/choij/Sync/workspace/ChargedHiggsAnalysisV3/SKNanoOutput/DiLepton/RunEMu_RunSyst/2023/DYJets.root
2025-12-16 12:48:30,010 - INFO - [2023] MISSING_FILE: /home/choij/Sync/workspace/ChargedHiggsAnalysisV3/SKNanoOutput/DiLepton/RunEMu_RunSyst/2023/DYJets10to50.root
2025-12-16 12:48:30,010 - INFO - [2023] MISSING_FILE: /home/choij/Sync/workspace/ChargedHiggsAnalysisV3/SKNanoOutput/DiLepton/RunEMu_RunSyst/2023/TTLL_powheg.root
2025-12-16 12:48:30,010 - INFO - [2023] MISSING_FILE: /home/choij/Sync/workspace/ChargedHiggsAnalysisV3/SKNanoOutput/DiLepton/RunEMu_RunSyst/2023/TTLJ_powheg.root
2025-12-16 12:48:30,010 - INFO - [2023] MISSING_FILE: /home/choij/Sync/workspace/ChargedHiggsAnalysisV3/SKNanoOutput/DiLepton/RunEMu_RunSyst/2023/ST_sch_top_Lep.root
2025-12-16 12:48:30,010 - INFO - [2023] MISSING_FILE: /home/choij/Sync/workspace/ChargedHiggsAnalysisV3/SKNanoOutput/DiLepton/RunEMu_RunSyst/2023/ST_sch_antitop_Lep.root
2025-12-16 12:48:30,010 - INFO - [2023] MISSING_FILE: /home/choij/Sync/workspace/ChargedHiggsAnalysisV3/SKNanoOutput/DiLepton/RunEMu_RunSyst/2023/ST_tch_top.root
2025-12-16 12:48:30,010 - INFO - [2023] MISSING_FILE: /home/choij/Sync/workspace/ChargedHiggsAnalysisV3/SKNanoOutput/DiLepton/RunEMu_RunSyst/2023/ST_tch_antitop.root
2025-12-16 12:48:30,010 - INFO - [2023] MISSING_FILE: /home/choij/Sync/workspace/ChargedHiggsAnalysisV3/SKNanoOutput/DiLepton/RunEMu_RunSyst/2023/ST_tW_top_Lep.root
2025-12-16 12:48:30,010 - INFO - [2023] MISSING_FILE: /home/choij/Sync/workspace/ChargedHiggsAnalysisV3/SKNanoOutput/DiLepton/RunEMu_RunSyst/2023/ST_tW_antitop_Lep.root
2025-12-16 12:48:30,010 - INFO - [2023] MISSING_FILE: /home/choij/Sync/workspace/ChargedHiggsAnalysisV3/SKNanoOutput/DiLepton/RunEMu_RunSyst/2023/ST_tW_top_Semilep.root
2025-12-16 12:48:30,010 - INFO - [2023] MISSING_FILE: /home/choij/Sync/workspace/ChargedHiggsAnalysisV3/SKNanoOutput/DiLepton/RunEMu_RunSyst/2023/ST_tW_antitop_Semilep.root
2025-12-16 12:48:30,010 - INFO - [2023] MISSING_FILE: /home/choij/Sync/workspace/ChargedHiggsAnalysisV3/SKNanoOutput/DiLepton/RunEMu_RunSyst/2023/WW_pythia.root
2025-12-16 12:48:30,010 - INFO - [2023] MISSING_FILE: /home/choij/Sync/workspace/ChargedHiggsAnalysisV3/SKNanoOutput/DiLepton/RunEMu_RunSyst/2023/WZ_pythia.root
2025-12-16 12:48:30,010 - INFO - [2023] MISSING_FILE: /home/choij/Sync/workspace/ChargedHiggsAnalysisV3/SKNanoOutput/DiLepton/RunEMu_RunSyst/2023/ZZ_pythia.root
2025-12-16 12:48:30,817 - INFO - [2023] MISSING_FILE: /home/choij/Sync/workspace/ChargedHiggsAnalysisV3/SKNanoOutput/DiLepton/RunEMu_RunSyst/2023/WJets.root
2025-12-16 12:48:30,817 - INFO - [2023] MISSING_FILE: /home/choij/Sync/workspace/ChargedHiggsAnalysisV3/SKNanoOutput/DiLepton/RunEMu_RunSyst/2023/WJets.root
2025-12-16 12:48:30,818 - INFO - [2023] MISSING_FILE: /home/choij/Sync/workspace/ChargedHiggsAnalysisV3/SKNanoOutput/DiLepton/RunEMu_RunSyst/2023/DYJets.root
2025-12-16 12:48:30,818 - INFO - [2023] MISSING_FILE: /home/choij/Sync/workspace/ChargedHiggsAnalysisV3/SKNanoOutput/DiLepton/RunEMu_RunSyst/2023/DYJets.root
2025-12-16 12:48:30,818 - INFO - [2023] MISSING_FILE: /home/choij/Sync/workspace/ChargedHiggsAnalysisV3/SKNanoOutput/DiLepton/RunEMu_RunSyst/2023/DYJets10to50.root
2025-12-16 12:48:30,818 - INFO - [2023] MISSING_FILE: /home/choij/Sync/workspace/ChargedHiggsAnalysisV3/SKNanoOutput/DiLepton/RunEMu_RunSyst/2023/DYJets10to50.root
2025-12-16 12:48:30,818 - INFO - [2023] MISSING_FILE: /home/choij/Sync/workspace/ChargedHiggsAnalysisV3/SKNanoOutput/DiLepton/RunEMu_RunSyst/2023/TTLL_powheg.root
2025-12-16 12:48:30,818 - INFO - [2023] MISSING_FILE: /home/choij/Sync/workspace/ChargedHiggsAnalysisV3/SKNanoOutput/DiLepton/RunEMu_RunSyst/2023/TTLL_powheg.root
2025-12-16 12:48:30,818 - INFO - [2023] MISSING_FILE: /home/choij/Sync/workspace/ChargedHiggsAnalysisV3/SKNanoOutput/DiLepton/RunEMu_RunSyst/2023/TTLJ_powheg.root
2025-12-16 12:48:30,818 - INFO - [2023] MISSING_FILE: /home/choij/Sync/workspace/ChargedHiggsAnalysisV3/SKNanoOutput/DiLepton/RunEMu_RunSyst/2023/TTLJ_powheg.root
2025-12-16 12:48:30,818 - INFO - [2023] MISSING_FILE: /home/choij/Sync/workspace/ChargedHiggsAnalysisV3/SKNanoOutput/DiLepton/RunEMu_RunSyst/2023/ST_sch_top_Lep.root
2025-12-16 12:48:30,818 - INFO - [2023] MISSING_FILE: /home/choij/Sync/workspace/ChargedHiggsAnalysisV3/SKNanoOutput/DiLepton/RunEMu_RunSyst/2023/ST_sch_top_Lep.root
2025-12-16 12:48:30,818 - INFO - [2023] MISSING_FILE: /home/choij/Sync/workspace/ChargedHiggsAnalysisV3/SKNanoOutput/DiLepton/RunEMu_RunSyst/2023/ST_sch_antitop_Lep.root
2025-12-16 12:48:30,818 - INFO - [2023] MISSING_FILE: /home/choij/Sync/workspace/ChargedHiggsAnalysisV3/SKNanoOutput/DiLepton/RunEMu_RunSyst/2023/ST_sch_antitop_Lep.root
2025-12-16 12:48:30,818 - INFO - [2023] MISSING_FILE: /home/choij/Sync/workspace/ChargedHiggsAnalysisV3/SKNanoOutput/DiLepton/RunEMu_RunSyst/2023/ST_tch_top.root
2025-12-16 12:48:30,818 - INFO - [2023] MISSING_FILE: /home/choij/Sync/workspace/ChargedHiggsAnalysisV3/SKNanoOutput/DiLepton/RunEMu_RunSyst/2023/ST_tch_top.root
2025-12-16 12:48:30,818 - INFO - [2023] MISSING_FILE: /home/choij/Sync/workspace/ChargedHiggsAnalysisV3/SKNanoOutput/DiLepton/RunEMu_RunSyst/2023/ST_tch_antitop.root
2025-12-16 12:48:30,818 - INFO - [2023] MISSING_FILE: /home/choij/Sync/workspace/ChargedHiggsAnalysisV3/SKNanoOutput/DiLepton/RunEMu_RunSyst/2023/ST_tch_antitop.root
2025-12-16 12:48:30,818 - INFO - [2023] MISSING_FILE: /home/choij/Sync/workspace/ChargedHiggsAnalysisV3/SKNanoOutput/DiLepton/RunEMu_RunSyst/2023/ST_tW_top_Lep.root
2025-12-16 12:48:30,818 - INFO - [2023] MISSING_FILE: /home/choij/Sync/workspace/ChargedHiggsAnalysisV3/SKNanoOutput/DiLepton/RunEMu_RunSyst/2023/ST_tW_top_Lep.root
2025-12-16 12:48:30,818 - INFO - [2023] MISSING_FILE: /home/choij/Sync/workspace/ChargedHiggsAnalysisV3/SKNanoOutput/DiLepton/RunEMu_RunSyst/2023/ST_tW_antitop_Lep.root
2025-12-16 12:48:30,818 - INFO - [2023] MISSING_FILE: /home/choij/Sync/workspace/ChargedHiggsAnalysisV3/SKNanoOutput/DiLepton/RunEMu_RunSyst/2023/ST_tW_antitop_Lep.root
2025-12-16 12:48:30,818 - INFO - [2023] MISSING_FILE: /home/choij/Sync/workspace/ChargedHiggsAnalysisV3/SKNanoOutput/DiLepton/RunEMu_RunSyst/2023/ST_tW_top_Semilep.root
2025-12-16 12:48:30,818 - INFO - [2023] MISSING_FILE: /home/choij/Sync/workspace/ChargedHiggsAnalysisV3/SKNanoOutput/DiLepton/RunEMu_RunSyst/2023/ST_tW_top_Semilep.root
2025-12-16 12:48:30,818 - INFO - [2023] MISSING_FILE: /home/choij/Sync/workspace/ChargedHiggsAnalysisV3/SKNanoOutput/DiLepton/RunEMu_RunSyst/2023/ST_tW_antitop_Semilep.root
2025-12-16 12:48:30,818 - INFO - [2023] MISSING_FILE: /home/choij/Sync/workspace/ChargedHiggsAnalysisV3/SKNanoOutput/DiLepton/RunEMu_RunSyst/2023/ST_tW_antitop_Semilep.root
2025-12-16 12:48:30,818 - INFO - [2023] MISSING_FILE: /home/choij/Sync/workspace/ChargedHiggsAnalysisV3/SKNanoOutput/DiLepton/RunEMu_RunSyst/2023/WW_pythia.root
2025-12-16 12:48:30,818 - INFO - [2023] MISSING_FILE: /home/choij/Sync/workspace/ChargedHiggsAnalysisV3/SKNanoOutput/DiLepton/RunEMu_RunSyst/2023/WW_pythia.root
2025-12-16 12:48:30,818 - INFO - [2023] MISSING_FILE: /home/choij/Sync/workspace/ChargedHiggsAnalysisV3/SKNanoOutput/DiLepton/RunEMu_RunSyst/2023/WZ_pythia.root
2025-12-16 12:48:30,818 - INFO - [2023] MISSING_FILE: /home/choij/Sync/workspace/ChargedHiggsAnalysisV3/SKNanoOutput/DiLepton/RunEMu_RunSyst/2023/WZ_pythia.root
2025-12-16 12:48:30,818 - INFO - [2023] MISSING_FILE: /home/choij/Sync/workspace/ChargedHiggsAnalysisV3/SKNanoOutput/DiLepton/RunEMu_RunSyst/2023/ZZ_pythia.root
2025-12-16 12:48:30,818 - INFO - [2023] MISSING_FILE: /home/choij/Sync/workspace/ChargedHiggsAnalysisV3/SKNanoOutput/DiLepton/RunEMu_RunSyst/2023/ZZ_pythia.root
2025-12-16 12:48:30,860 - INFO - [2023] MISSING_FILE: /home/choij/Sync/workspace/ChargedHiggsAnalysisV3/SKNanoOutput/DiLepton/RunEMu_RunSyst/2023/WJets.root
2025-12-16 12:48:30,860 - INFO - [2023] MISSING_FILE: /home/choij/Sync/workspace/ChargedHiggsAnalysisV3/SKNanoOutput/DiLepton/RunEMu_RunSyst/2023/DYJets.root
2025-12-16 12:48:30,860 - INFO - [2023] MISSING_FILE: /home/choij/Sync/workspace/ChargedHiggsAnalysisV3/SKNanoOutput/DiLepton/RunEMu_RunSyst/2023/DYJets10to50.root
2025-12-16 12:48:30,860 - INFO - [2023] MISSING_FILE: /home/choij/Sync/workspace/ChargedHiggsAnalysisV3/SKNanoOutput/DiLepton/RunEMu_RunSyst/2023/TTLL_powheg.root
2025-12-16 12:48:30,860 - INFO - [2023] MISSING_FILE: /home/choij/Sync/workspace/ChargedHiggsAnalysisV3/SKNanoOutput/DiLepton/RunEMu_RunSyst/2023/TTLJ_powheg.root
2025-12-16 12:48:30,860 - INFO - [2023] MISSING_FILE: /home/choij/Sync/workspace/ChargedHiggsAnalysisV3/SKNanoOutput/DiLepton/RunEMu_RunSyst/2023/ST_sch_top_Lep.root
2025-12-16 12:48:30,860 - INFO - [2023] MISSING_FILE: /home/choij/Sync/workspace/ChargedHiggsAnalysisV3/SKNanoOutput/DiLepton/RunEMu_RunSyst/2023/ST_sch_antitop_Lep.root
2025-12-16 12:48:30,860 - INFO - [2023] MISSING_FILE: /home/choij/Sync/workspace/ChargedHiggsAnalysisV3/SKNanoOutput/DiLepton/RunEMu_RunSyst/2023/ST_tch_top.root
2025-12-16 12:48:30,860 - INFO - [2023] MISSING_FILE: /home/choij/Sync/workspace/ChargedHiggsAnalysisV3/SKNanoOutput/DiLepton/RunEMu_RunSyst/2023/ST_tch_antitop.root
2025-12-16 12:48:30,860 - INFO - [2023] MISSING_FILE: /home/choij/Sync/workspace/ChargedHiggsAnalysisV3/SKNanoOutput/DiLepton/RunEMu_RunSyst/2023/ST_tW_top_Lep.root
2025-12-16 12:48:30,860 - INFO - [2023] MISSING_FILE: /home/choij/Sync/workspace/ChargedHiggsAnalysisV3/SKNanoOutput/DiLepton/RunEMu_RunSyst/2023/ST_tW_antitop_Lep.root
2025-12-16 12:48:30,860 - INFO - [2023] MISSING_FILE: /home/choij/Sync/workspace/ChargedHiggsAnalysisV3/SKNanoOutput/DiLepton/RunEMu_RunSyst/2023/ST_tW_top_Semilep.root
2025-12-16 12:48:30,860 - INFO - [2023] MISSING_FILE: /home/choij/Sync/workspace/ChargedHiggsAnalysisV3/SKNanoOutput/DiLepton/RunEMu_RunSyst/2023/ST_tW_antitop_Semilep.root
2025-12-16 12:48:30,861 - INFO - [2023] MISSING_FILE: /home/choij/Sync/workspace/ChargedHiggsAnalysisV3/SKNanoOutput/DiLepton/RunEMu_RunSyst/2023/WW_pythia.root
2025-12-16 12:48:30,861 - INFO - [2023] MISSING_FILE: /home/choij/Sync/workspace/ChargedHiggsAnalysisV3/SKNanoOutput/DiLepton/RunEMu_RunSyst/2023/WZ_pythia.root
2025-12-16 12:48:30,861 - INFO - [2023] MISSING_FILE: /home/choij/Sync/workspace/ChargedHiggsAnalysisV3/SKNanoOutput/DiLepton/RunEMu_RunSyst/2023/ZZ_pythia.root
