2025-09-24 15:46:22,943 - INFO - [2017] MISSING_CENTRAL: ZG3Mu/Central/jets/3/phi in Skim_TriLep_DYJets10to50.root
2025-09-24 15:46:22,952 - INFO - [2017] MISSING_CENTRAL: ZG3Mu/Central/jets/3/phi in Skim_TriLep_TTG.root
2025-09-24 15:46:22,952 - INFO - [2017] MISSING_CENTRAL: ZG3Mu/Central/jets/3/phi in Skim_TriLep_WWG.root
2025-09-24 15:46:22,974 - INFO - [2017] MISSING_FILE: /Users/choij/Sync/workspace/ChargedHiggsAnalysisV3/SKNanoOutput/CRPromptSelector/Run3Mu_RunSyst/2017/Skim_TriLep_WZTo3LNu_amcatnlo.root
2025-09-24 15:46:22,988 - INFO - [2017] MISSING_SYSTEMATIC: ZG3Mu/JetEn_Up/jets/3/phi in Skim_TriLep_tHq.root
2025-09-24 15:46:23,001 - INFO - [2017] MISSING_CENTRAL: ZG3Mu/Central/jets/3/phi in Skim_TriLep_WWZ.root
2025-09-24 15:46:23,012 - INFO - [2017] MISSING_CENTRAL: ZG3Mu/Central/jets/3/phi in Skim_TriLep_TTTT.root
2025-09-24 15:46:32,391 - INFO - [2017] MISSING_CENTRAL: ZG3Mu/Central/jets/3/phi in Skim_TriLep_DYJets10to50.root
2025-09-24 15:46:32,406 - INFO - [2017] MISSING_CENTRAL: ZG3Mu/Central/jets/3/phi in Skim_TriLep_TTG.root
2025-09-24 15:46:32,406 - INFO - [2017] MISSING_CENTRAL: ZG3Mu/Central/jets/3/phi in Skim_TriLep_WWG.root
2025-09-24 15:46:32,407 - INFO - [2017] MISSING_FILE: /Users/choij/Sync/workspace/ChargedHiggsAnalysisV3/SKNanoOutput/CRPromptSelector/Run3Mu_RunSyst/2017/Skim_TriLep_WZTo3LNu_amcatnlo.root
2025-09-24 15:46:32,412 - INFO - [2017] MISSING_CENTRAL: ZG3Mu/Central/jets/3/phi in Skim_TriLep_WWZ.root
2025-09-24 15:46:32,413 - INFO - [2017] MISSING_CENTRAL: ZG3Mu/Central/jets/3/phi in Skim_TriLep_TTTT.root
2025-10-02 21:12:06,718 - INFO - [2017] MISSING_CENTRAL: ZG3Mu/Central/jets/3/phi in Skim_TriLep_DYJets10to50.root
2025-10-02 21:12:06,819 - INFO - [2017] MISSING_CENTRAL: ZG3Mu/Central/jets/3/phi in Skim_TriLep_TTG.root
2025-10-02 21:12:06,820 - INFO - [2017] MISSING_CENTRAL: ZG3Mu/Central/jets/3/phi in Skim_TriLep_WWG.root
2025-10-02 21:12:07,081 - INFO - [2017] MISSING_FILE: /data9/Users/choij/Sync/workspace/ChargedHiggsAnalysisV3/SKNanoOutput/CRPromptSelector/Run3Mu_RunSyst/2017/Skim_TriLep_WZTo3LNu_amcatnlo.root
2025-10-02 21:12:07,400 - INFO - [2017] MISSING_SYSTEMATIC: ZG3Mu/JetEn_Up/jets/3/phi in Skim_TriLep_tHq.root
2025-10-02 21:12:07,594 - INFO - [2017] MISSING_CENTRAL: ZG3Mu/Central/jets/3/phi in Skim_TriLep_WWZ.root
2025-10-02 21:12:07,820 - INFO - [2017] MISSING_CENTRAL: ZG3Mu/Central/jets/3/phi in Skim_TriLep_TTTT.root
2025-10-02 21:12:13,481 - INFO - [2017] MISSING_CENTRAL: ZG3Mu/Central/jets/3/phi in Skim_TriLep_DYJets10to50.root
2025-10-02 21:12:13,484 - INFO - [2017] MISSING_CENTRAL: ZG3Mu/Central/jets/3/phi in Skim_TriLep_TTG.root
2025-10-02 21:12:13,485 - INFO - [2017] MISSING_CENTRAL: ZG3Mu/Central/jets/3/phi in Skim_TriLep_WWG.root
2025-10-02 21:12:13,489 - INFO - [2017] MISSING_FILE: /data9/Users/choij/Sync/workspace/ChargedHiggsAnalysisV3/SKNanoOutput/CRPromptSelector/Run3Mu_RunSyst/2017/Skim_TriLep_WZTo3LNu_amcatnlo.root
2025-10-02 21:12:13,501 - INFO - [2017] MISSING_CENTRAL: ZG3Mu/Central/jets/3/phi in Skim_TriLep_WWZ.root
2025-10-02 21:12:13,505 - INFO - [2017] MISSING_CENTRAL: ZG3Mu/Central/jets/3/phi in Skim_TriLep_TTTT.root
2025-10-02 23:59:16,199 - INFO - [2017] MISSING_CENTRAL: ZG3Mu/Central/jets/3/phi in Skim_TriLep_DYJets10to50.root
2025-10-02 23:59:16,204 - INFO - [2017] MISSING_CENTRAL: ZG3Mu/Central/jets/3/phi in Skim_TriLep_TTG.root
2025-10-02 23:59:16,205 - INFO - [2017] MISSING_CENTRAL: ZG3Mu/Central/jets/3/phi in Skim_TriLep_WWG.root
2025-10-02 23:59:16,248 - INFO - [2017] MISSING_FILE: /Users/choij/Sync/workspace/ChargedHiggsAnalysisV3/SKNanoOutput/CRPromptSelector/Run3Mu_RunSyst/2017/Skim_TriLep_WZTo3LNu_amcatnlo.root
2025-10-02 23:59:16,256 - INFO - [2017] MISSING_SYSTEMATIC: ZG3Mu/JetEn_Up/jets/3/phi in Skim_TriLep_tHq.root
2025-10-02 23:59:16,262 - INFO - [2017] MISSING_CENTRAL: ZG3Mu/Central/jets/3/phi in Skim_TriLep_WWZ.root
2025-10-02 23:59:16,269 - INFO - [2017] MISSING_CENTRAL: ZG3Mu/Central/jets/3/phi in Skim_TriLep_TTTT.root
2025-10-02 23:59:25,242 - INFO - [2017] MISSING_CENTRAL: ZG3Mu/Central/jets/3/phi in Skim_TriLep_DYJets10to50.root
2025-10-02 23:59:25,242 - INFO - [2017] MISSING_CENTRAL: ZG3Mu/Central/jets/3/phi in Skim_TriLep_TTG.root
2025-10-02 23:59:25,243 - INFO - [2017] MISSING_CENTRAL: ZG3Mu/Central/jets/3/phi in Skim_TriLep_WWG.root
2025-10-02 23:59:25,243 - INFO - [2017] MISSING_FILE: /Users/choij/Sync/workspace/ChargedHiggsAnalysisV3/SKNanoOutput/CRPromptSelector/Run3Mu_RunSyst/2017/Skim_TriLep_WZTo3LNu_amcatnlo.root
2025-10-02 23:59:25,246 - INFO - [2017] MISSING_CENTRAL: ZG3Mu/Central/jets/3/phi in Skim_TriLep_WWZ.root
2025-10-02 23:59:25,247 - INFO - [2017] MISSING_CENTRAL: ZG3Mu/Central/jets/3/phi in Skim_TriLep_TTTT.root
