2025-09-24 15:46:20,323 - INFO - [2017] MISSING_CENTRAL: ZG3Mu/Central/jets/3/pt in Skim_TriLep_DYJets10to50.root
2025-09-24 15:46:20,343 - INFO - [2017] MISSING_CENTRAL: ZG3Mu/Central/jets/3/pt in Skim_TriLep_TTG.root
2025-09-24 15:46:20,344 - INFO - [2017] MISSING_CENTRAL: ZG3Mu/Central/jets/3/pt in Skim_TriLep_WWG.root
2025-09-24 15:46:20,390 - INFO - [2017] MISSING_FILE: /Users/choij/Sync/workspace/ChargedHiggsAnalysisV3/SKNanoOutput/CRPromptSelector/Run3Mu_RunSyst/2017/Skim_TriLep_WZTo3LNu_amcatnlo.root
2025-09-24 15:46:20,442 - INFO - [2017] MISSING_SYSTEMATIC: ZG3Mu/JetEn_Up/jets/3/pt in Skim_TriLep_tHq.root
2025-09-24 15:46:20,465 - INFO - [2017] MISSING_CENTRAL: ZG3Mu/Central/jets/3/pt in Skim_TriLep_WWZ.root
2025-09-24 15:46:20,490 - INFO - [2017] MISSING_CENTRAL: ZG3Mu/Central/jets/3/pt in Skim_TriLep_TTTT.root
2025-09-24 15:46:30,292 - INFO - [2017] MISSING_CENTRAL: ZG3Mu/Central/jets/3/pt in Skim_TriLep_DYJets10to50.root
2025-09-24 15:46:30,292 - INFO - [2017] MISSING_CENTRAL: ZG3Mu/Central/jets/3/pt in Skim_TriLep_TTG.root
2025-09-24 15:46:30,293 - INFO - [2017] MISSING_CENTRAL: ZG3Mu/Central/jets/3/pt in Skim_TriLep_WWG.root
2025-09-24 15:46:30,294 - INFO - [2017] MISSING_FILE: /Users/choij/Sync/workspace/ChargedHiggsAnalysisV3/SKNanoOutput/CRPromptSelector/Run3Mu_RunSyst/2017/Skim_TriLep_WZTo3LNu_amcatnlo.root
2025-09-24 15:46:30,297 - INFO - [2017] MISSING_CENTRAL: ZG3Mu/Central/jets/3/pt in Skim_TriLep_WWZ.root
2025-09-24 15:46:30,298 - INFO - [2017] MISSING_CENTRAL: ZG3Mu/Central/jets/3/pt in Skim_TriLep_TTTT.root
2025-10-02 21:12:06,730 - INFO - [2017] MISSING_CENTRAL: ZG3Mu/Central/jets/3/pt in Skim_TriLep_DYJets10to50.root
2025-10-02 21:12:06,829 - INFO - [2017] MISSING_CENTRAL: ZG3Mu/Central/jets/3/pt in Skim_TriLep_TTG.root
2025-10-02 21:12:06,831 - INFO - [2017] MISSING_CENTRAL: ZG3Mu/Central/jets/3/pt in Skim_TriLep_WWG.root
2025-10-02 21:12:07,092 - INFO - [2017] MISSING_FILE: /data9/Users/choij/Sync/workspace/ChargedHiggsAnalysisV3/SKNanoOutput/CRPromptSelector/Run3Mu_RunSyst/2017/Skim_TriLep_WZTo3LNu_amcatnlo.root
2025-10-02 21:12:07,400 - INFO - [2017] MISSING_SYSTEMATIC: ZG3Mu/JetEn_Up/jets/3/pt in Skim_TriLep_tHq.root
2025-10-02 21:12:07,594 - INFO - [2017] MISSING_CENTRAL: ZG3Mu/Central/jets/3/pt in Skim_TriLep_WWZ.root
2025-10-02 21:12:07,821 - INFO - [2017] MISSING_CENTRAL: ZG3Mu/Central/jets/3/pt in Skim_TriLep_TTTT.root
2025-10-02 21:12:13,042 - INFO - [2017] MISSING_CENTRAL: ZG3Mu/Central/jets/3/pt in Skim_TriLep_DYJets10to50.root
2025-10-02 21:12:13,045 - INFO - [2017] MISSING_CENTRAL: ZG3Mu/Central/jets/3/pt in Skim_TriLep_TTG.root
2025-10-02 21:12:13,046 - INFO - [2017] MISSING_CENTRAL: ZG3Mu/Central/jets/3/pt in Skim_TriLep_WWG.root
2025-10-02 21:12:13,090 - INFO - [2017] MISSING_FILE: /data9/Users/choij/Sync/workspace/ChargedHiggsAnalysisV3/SKNanoOutput/CRPromptSelector/Run3Mu_RunSyst/2017/Skim_TriLep_WZTo3LNu_amcatnlo.root
2025-10-02 21:12:13,108 - INFO - [2017] MISSING_CENTRAL: ZG3Mu/Central/jets/3/pt in Skim_TriLep_WWZ.root
2025-10-02 21:12:13,114 - INFO - [2017] MISSING_CENTRAL: ZG3Mu/Central/jets/3/pt in Skim_TriLep_TTTT.root
2025-10-02 23:59:13,915 - INFO - [2017] MISSING_CENTRAL: ZG3Mu/Central/jets/3/pt in Skim_TriLep_DYJets10to50.root
2025-10-02 23:59:13,972 - INFO - [2017] MISSING_CENTRAL: ZG3Mu/Central/jets/3/pt in Skim_TriLep_TTG.root
2025-10-02 23:59:13,973 - INFO - [2017] MISSING_CENTRAL: ZG3Mu/Central/jets/3/pt in Skim_TriLep_WWG.root
2025-10-02 23:59:14,036 - INFO - [2017] MISSING_FILE: /Users/choij/Sync/workspace/ChargedHiggsAnalysisV3/SKNanoOutput/CRPromptSelector/Run3Mu_RunSyst/2017/Skim_TriLep_WZTo3LNu_amcatnlo.root
2025-10-02 23:59:14,055 - INFO - [2017] MISSING_SYSTEMATIC: ZG3Mu/JetEn_Up/jets/3/pt in Skim_TriLep_tHq.root
2025-10-02 23:59:14,082 - INFO - [2017] MISSING_CENTRAL: ZG3Mu/Central/jets/3/pt in Skim_TriLep_WWZ.root
2025-10-02 23:59:14,119 - INFO - [2017] MISSING_CENTRAL: ZG3Mu/Central/jets/3/pt in Skim_TriLep_TTTT.root
2025-10-02 23:59:23,166 - INFO - [2017] MISSING_CENTRAL: ZG3Mu/Central/jets/3/pt in Skim_TriLep_DYJets10to50.root
2025-10-02 23:59:23,167 - INFO - [2017] MISSING_CENTRAL: ZG3Mu/Central/jets/3/pt in Skim_TriLep_TTG.root
2025-10-02 23:59:23,167 - INFO - [2017] MISSING_CENTRAL: ZG3Mu/Central/jets/3/pt in Skim_TriLep_WWG.root
2025-10-02 23:59:23,168 - INFO - [2017] MISSING_FILE: /Users/choij/Sync/workspace/ChargedHiggsAnalysisV3/SKNanoOutput/CRPromptSelector/Run3Mu_RunSyst/2017/Skim_TriLep_WZTo3LNu_amcatnlo.root
2025-10-02 23:59:23,181 - INFO - [2017] MISSING_CENTRAL: ZG3Mu/Central/jets/3/pt in Skim_TriLep_WWZ.root
2025-10-02 23:59:23,183 - INFO - [2017] MISSING_CENTRAL: ZG3Mu/Central/jets/3/pt in Skim_TriLep_TTTT.root
