2025-09-24 15:46:17,427 - INFO - [2017] MISSING_CENTRAL: ZG3Mu/Central/muons/3/pt in Skim_TriLep_DYJets10to50.root
2025-09-24 15:46:17,437 - INFO - [2017] MISSING_CENTRAL: ZG3Mu/Central/muons/3/pt in Skim_TriLep_TTG.root
2025-09-24 15:46:17,487 - INFO - [2017] MISSING_FILE: /Users/choij/Sync/workspace/ChargedHiggsAnalysisV3/SKNanoOutput/CRPromptSelector/Run3Mu_RunSyst/2017/Skim_TriLep_WZTo3LNu_amcatnlo.root
2025-09-24 15:46:17,542 - INFO - [2017] MISSING_SYSTEMATIC: ZG3Mu/JetEn_Up/muons/3/pt in Skim_TriLep_WWZ.root
2025-09-24 15:46:17,587 - INFO - [2017] MISSING_CENTRAL: ZG3Mu/Central/muons/3/pt in Skim_TriLep_TTTT.root
2025-09-24 15:46:27,782 - INFO - [2017] MISSING_CENTRAL: ZG3Mu/Central/muons/3/pt in Skim_TriLep_DYJets10to50.root
2025-09-24 15:46:27,782 - INFO - [2017] MISSING_CENTRAL: ZG3Mu/Central/muons/3/pt in Skim_TriLep_TTG.root
2025-09-24 15:46:27,784 - INFO - [2017] MISSING_FILE: /Users/choij/Sync/workspace/ChargedHiggsAnalysisV3/SKNanoOutput/CRPromptSelector/Run3Mu_RunSyst/2017/Skim_TriLep_WZTo3LNu_amcatnlo.root
2025-09-24 15:46:27,788 - INFO - [2017] MISSING_CENTRAL: ZG3Mu/Central/muons/3/pt in Skim_TriLep_TTTT.root
2025-10-02 21:12:06,730 - INFO - [2017] MISSING_CENTRAL: ZG3Mu/Central/muons/3/pt in Skim_TriLep_DYJets10to50.root
2025-10-02 21:12:06,828 - INFO - [2017] MISSING_CENTRAL: ZG3Mu/Central/muons/3/pt in Skim_TriLep_TTG.root
2025-10-02 21:12:07,089 - INFO - [2017] MISSING_FILE: /data9/Users/choij/Sync/workspace/ChargedHiggsAnalysisV3/SKNanoOutput/CRPromptSelector/Run3Mu_RunSyst/2017/Skim_TriLep_WZTo3LNu_amcatnlo.root
2025-10-02 21:12:07,612 - INFO - [2017] MISSING_SYSTEMATIC: ZG3Mu/JetEn_Up/muons/3/pt in Skim_TriLep_WWZ.root
2025-10-02 21:12:07,820 - INFO - [2017] MISSING_CENTRAL: ZG3Mu/Central/muons/3/pt in Skim_TriLep_TTTT.root
2025-10-02 21:12:13,281 - INFO - [2017] MISSING_CENTRAL: ZG3Mu/Central/muons/3/pt in Skim_TriLep_DYJets10to50.root
2025-10-02 21:12:13,283 - INFO - [2017] MISSING_CENTRAL: ZG3Mu/Central/muons/3/pt in Skim_TriLep_TTG.root
2025-10-02 21:12:13,289 - INFO - [2017] MISSING_FILE: /data9/Users/choij/Sync/workspace/ChargedHiggsAnalysisV3/SKNanoOutput/CRPromptSelector/Run3Mu_RunSyst/2017/Skim_TriLep_WZTo3LNu_amcatnlo.root
2025-10-02 21:12:13,305 - INFO - [2017] MISSING_CENTRAL: ZG3Mu/Central/muons/3/pt in Skim_TriLep_TTTT.root
2025-10-02 23:59:11,540 - INFO - [2017] MISSING_CENTRAL: ZG3Mu/Central/muons/3/pt in Skim_TriLep_DYJets10to50.root
2025-10-02 23:59:11,551 - INFO - [2017] MISSING_CENTRAL: ZG3Mu/Central/muons/3/pt in Skim_TriLep_TTG.root
2025-10-02 23:59:11,593 - INFO - [2017] MISSING_FILE: /Users/choij/Sync/workspace/ChargedHiggsAnalysisV3/SKNanoOutput/CRPromptSelector/Run3Mu_RunSyst/2017/Skim_TriLep_WZTo3LNu_amcatnlo.root
2025-10-02 23:59:11,642 - INFO - [2017] MISSING_SYSTEMATIC: ZG3Mu/JetEn_Up/muons/3/pt in Skim_TriLep_WWZ.root
2025-10-02 23:59:11,672 - INFO - [2017] MISSING_CENTRAL: ZG3Mu/Central/muons/3/pt in Skim_TriLep_TTTT.root
2025-10-02 23:59:20,819 - INFO - [2017] MISSING_CENTRAL: ZG3Mu/Central/muons/3/pt in Skim_TriLep_DYJets10to50.root
2025-10-02 23:59:20,820 - INFO - [2017] MISSING_CENTRAL: ZG3Mu/Central/muons/3/pt in Skim_TriLep_TTG.root
2025-10-02 23:59:20,821 - INFO - [2017] MISSING_FILE: /Users/choij/Sync/workspace/ChargedHiggsAnalysisV3/SKNanoOutput/CRPromptSelector/Run3Mu_RunSyst/2017/Skim_TriLep_WZTo3LNu_amcatnlo.root
2025-10-02 23:59:20,825 - INFO - [2017] MISSING_CENTRAL: ZG3Mu/Central/muons/3/pt in Skim_TriLep_TTTT.root
