2025-09-24 15:46:17,507 - INFO - [2017] MISSING_CENTRAL: ZG3Mu/Central/muons/2/phi in Skim_TriLep_DYJets10to50.root
2025-09-24 15:46:17,512 - INFO - [2017] MISSING_CENTRAL: ZG3Mu/Central/muons/2/phi in Skim_TriLep_TTG.root
2025-09-24 15:46:17,542 - INFO - [2017] MISSING_FILE: /Users/choij/Sync/workspace/ChargedHiggsAnalysisV3/SKNanoOutput/CRPromptSelector/Run3Mu_RunSyst/2017/Skim_TriLep_WZTo3LNu_amcatnlo.root
2025-09-24 15:46:17,567 - INFO - [2017] MISSING_SYSTEMATIC: ZG3Mu/JetEn_Up/muons/2/phi in Skim_TriLep_WWZ.root
2025-09-24 15:46:17,579 - INFO - [2017] MISSING_CENTRAL: ZG3Mu/Central/muons/2/phi in Skim_TriLep_TTTT.root
2025-09-24 15:46:27,565 - INFO - [2017] MISSING_CENTRAL: ZG3Mu/Central/muons/2/phi in Skim_TriLep_DYJets10to50.root
2025-09-24 15:46:27,565 - INFO - [2017] MISSING_CENTRAL: ZG3Mu/Central/muons/2/phi in Skim_TriLep_TTG.root
2025-09-24 15:46:27,566 - INFO - [2017] MISSING_FILE: /Users/choij/Sync/workspace/ChargedHiggsAnalysisV3/SKNanoOutput/CRPromptSelector/Run3Mu_RunSyst/2017/Skim_TriLep_WZTo3LNu_amcatnlo.root
2025-09-24 15:46:27,570 - INFO - [2017] MISSING_CENTRAL: ZG3Mu/Central/muons/2/phi in Skim_TriLep_TTTT.root
2025-10-02 21:12:06,719 - INFO - [2017] MISSING_CENTRAL: ZG3Mu/Central/muons/2/phi in Skim_TriLep_DYJets10to50.root
2025-10-02 21:12:06,819 - INFO - [2017] MISSING_CENTRAL: ZG3Mu/Central/muons/2/phi in Skim_TriLep_TTG.root
2025-10-02 21:12:07,082 - INFO - [2017] MISSING_FILE: /data9/Users/choij/Sync/workspace/ChargedHiggsAnalysisV3/SKNanoOutput/CRPromptSelector/Run3Mu_RunSyst/2017/Skim_TriLep_WZTo3LNu_amcatnlo.root
2025-10-02 21:12:07,612 - INFO - [2017] MISSING_SYSTEMATIC: ZG3Mu/JetEn_Up/muons/2/phi in Skim_TriLep_WWZ.root
2025-10-02 21:12:07,820 - INFO - [2017] MISSING_CENTRAL: ZG3Mu/Central/muons/2/phi in Skim_TriLep_TTTT.root
2025-10-02 21:12:13,310 - INFO - [2017] MISSING_CENTRAL: ZG3Mu/Central/muons/2/phi in Skim_TriLep_DYJets10to50.root
2025-10-02 21:12:13,313 - INFO - [2017] MISSING_CENTRAL: ZG3Mu/Central/muons/2/phi in Skim_TriLep_TTG.root
2025-10-02 21:12:13,319 - INFO - [2017] MISSING_FILE: /data9/Users/choij/Sync/workspace/ChargedHiggsAnalysisV3/SKNanoOutput/CRPromptSelector/Run3Mu_RunSyst/2017/Skim_TriLep_WZTo3LNu_amcatnlo.root
2025-10-02 21:12:13,336 - INFO - [2017] MISSING_CENTRAL: ZG3Mu/Central/muons/2/phi in Skim_TriLep_TTTT.root
2025-10-02 23:59:11,460 - INFO - [2017] MISSING_CENTRAL: ZG3Mu/Central/muons/2/phi in Skim_TriLep_DYJets10to50.root
2025-10-02 23:59:11,465 - INFO - [2017] MISSING_CENTRAL: ZG3Mu/Central/muons/2/phi in Skim_TriLep_TTG.root
2025-10-02 23:59:11,491 - INFO - [2017] MISSING_FILE: /Users/choij/Sync/workspace/ChargedHiggsAnalysisV3/SKNanoOutput/CRPromptSelector/Run3Mu_RunSyst/2017/Skim_TriLep_WZTo3LNu_amcatnlo.root
2025-10-02 23:59:11,533 - INFO - [2017] MISSING_SYSTEMATIC: ZG3Mu/JetEn_Up/muons/2/phi in Skim_TriLep_WWZ.root
2025-10-02 23:59:11,554 - INFO - [2017] MISSING_CENTRAL: ZG3Mu/Central/muons/2/phi in Skim_TriLep_TTTT.root
2025-10-02 23:59:20,569 - INFO - [2017] MISSING_CENTRAL: ZG3Mu/Central/muons/2/phi in Skim_TriLep_DYJets10to50.root
2025-10-02 23:59:20,569 - INFO - [2017] MISSING_CENTRAL: ZG3Mu/Central/muons/2/phi in Skim_TriLep_TTG.root
2025-10-02 23:59:20,570 - INFO - [2017] MISSING_FILE: /Users/choij/Sync/workspace/ChargedHiggsAnalysisV3/SKNanoOutput/CRPromptSelector/Run3Mu_RunSyst/2017/Skim_TriLep_WZTo3LNu_amcatnlo.root
2025-10-02 23:59:20,573 - INFO - [2017] MISSING_CENTRAL: ZG3Mu/Central/muons/2/phi in Skim_TriLep_TTTT.root
