2025-09-24 15:46:17,226 - INFO - [2017] MISSING_CENTRAL: ZG3Mu/Central/muons/1/phi in Skim_TriLep_DYJets10to50.root
2025-09-24 15:46:17,230 - INFO - [2017] MISSING_CENTRAL: ZG3Mu/Central/muons/1/phi in Skim_TriLep_TTG.root
2025-09-24 15:46:17,246 - INFO - [2017] MISSING_FILE: /Users/choij/Sync/workspace/ChargedHiggsAnalysisV3/SKNanoOutput/CRPromptSelector/Run3Mu_RunSyst/2017/Skim_TriLep_WZTo3LNu_amcatnlo.root
2025-09-24 15:46:17,263 - INFO - [2017] MISSING_SYSTEMATIC: ZG3Mu/JetEn_Up/muons/1/phi in Skim_TriLep_WWZ.root
2025-09-24 15:46:17,283 - INFO - [2017] MISSING_CENTRAL: ZG3Mu/Central/muons/1/phi in Skim_TriLep_TTTT.root
2025-09-24 15:46:27,527 - INFO - [2017] MISSING_CENTRAL: ZG3Mu/Central/muons/1/phi in Skim_TriLep_DYJets10to50.root
2025-09-24 15:46:27,527 - INFO - [2017] MISSING_CENTRAL: ZG3Mu/Central/muons/1/phi in Skim_TriLep_TTG.root
2025-09-24 15:46:27,528 - INFO - [2017] MISSING_FILE: /Users/choij/Sync/workspace/ChargedHiggsAnalysisV3/SKNanoOutput/CRPromptSelector/Run3Mu_RunSyst/2017/Skim_TriLep_WZTo3LNu_amcatnlo.root
2025-09-24 15:46:27,532 - INFO - [2017] MISSING_CENTRAL: ZG3Mu/Central/muons/1/phi in Skim_TriLep_TTTT.root
2025-10-02 21:12:06,721 - INFO - [2017] MISSING_CENTRAL: ZG3Mu/Central/muons/1/phi in Skim_TriLep_DYJets10to50.root
2025-10-02 21:12:06,819 - INFO - [2017] MISSING_CENTRAL: ZG3Mu/Central/muons/1/phi in Skim_TriLep_TTG.root
2025-10-02 21:12:07,081 - INFO - [2017] MISSING_FILE: /data9/Users/choij/Sync/workspace/ChargedHiggsAnalysisV3/SKNanoOutput/CRPromptSelector/Run3Mu_RunSyst/2017/Skim_TriLep_WZTo3LNu_amcatnlo.root
2025-10-02 21:12:07,612 - INFO - [2017] MISSING_SYSTEMATIC: ZG3Mu/JetEn_Up/muons/1/phi in Skim_TriLep_WWZ.root
2025-10-02 21:12:07,820 - INFO - [2017] MISSING_CENTRAL: ZG3Mu/Central/muons/1/phi in Skim_TriLep_TTTT.root
2025-10-02 21:12:13,280 - INFO - [2017] MISSING_CENTRAL: ZG3Mu/Central/muons/1/phi in Skim_TriLep_DYJets10to50.root
2025-10-02 21:12:13,283 - INFO - [2017] MISSING_CENTRAL: ZG3Mu/Central/muons/1/phi in Skim_TriLep_TTG.root
2025-10-02 21:12:13,291 - INFO - [2017] MISSING_FILE: /data9/Users/choij/Sync/workspace/ChargedHiggsAnalysisV3/SKNanoOutput/CRPromptSelector/Run3Mu_RunSyst/2017/Skim_TriLep_WZTo3LNu_amcatnlo.root
2025-10-02 21:12:13,306 - INFO - [2017] MISSING_CENTRAL: ZG3Mu/Central/muons/1/phi in Skim_TriLep_TTTT.root
2025-10-02 23:59:11,549 - INFO - [2017] MISSING_CENTRAL: ZG3Mu/Central/muons/1/phi in Skim_TriLep_DYJets10to50.root
2025-10-02 23:59:11,559 - INFO - [2017] MISSING_CENTRAL: ZG3Mu/Central/muons/1/phi in Skim_TriLep_TTG.root
2025-10-02 23:59:11,587 - INFO - [2017] MISSING_FILE: /Users/choij/Sync/workspace/ChargedHiggsAnalysisV3/SKNanoOutput/CRPromptSelector/Run3Mu_RunSyst/2017/Skim_TriLep_WZTo3LNu_amcatnlo.root
2025-10-02 23:59:11,620 - INFO - [2017] MISSING_SYSTEMATIC: ZG3Mu/JetEn_Up/muons/1/phi in Skim_TriLep_WWZ.root
2025-10-02 23:59:11,632 - INFO - [2017] MISSING_CENTRAL: ZG3Mu/Central/muons/1/phi in Skim_TriLep_TTTT.root
2025-10-02 23:59:20,715 - INFO - [2017] MISSING_CENTRAL: ZG3Mu/Central/muons/1/phi in Skim_TriLep_DYJets10to50.root
2025-10-02 23:59:20,716 - INFO - [2017] MISSING_CENTRAL: ZG3Mu/Central/muons/1/phi in Skim_TriLep_TTG.root
2025-10-02 23:59:20,717 - INFO - [2017] MISSING_FILE: /Users/choij/Sync/workspace/ChargedHiggsAnalysisV3/SKNanoOutput/CRPromptSelector/Run3Mu_RunSyst/2017/Skim_TriLep_WZTo3LNu_amcatnlo.root
2025-10-02 23:59:20,720 - INFO - [2017] MISSING_CENTRAL: ZG3Mu/Central/muons/1/phi in Skim_TriLep_TTTT.root
2025-11-07 13:29:52,418 - INFO - [2017] MISSING_CENTRAL: ZG3Mu/Central/muons/1/phi in Skim_TriLep_DYJets10to50.root
2025-11-07 13:29:52,426 - INFO - [2017] MISSING_CENTRAL: ZG3Mu/Central/muons/1/phi in Skim_TriLep_TTG.root
2025-11-07 13:29:52,484 - INFO - [2017] MISSING_FILE: /home/choij/Sync/workspace/ChargedHiggsAnalysisV3/SKNanoOutput/CRPromptSelector/Run3Mu_RunSyst/2017/Skim_TriLep_WZTo3LNu_amcatnlo.root
2025-11-07 13:29:52,568 - INFO - [2017] MISSING_SYSTEMATIC: ZG3Mu/JetEn_Up/muons/1/phi in Skim_TriLep_WWZ.root
2025-11-07 13:29:52,604 - INFO - [2017] MISSING_CENTRAL: ZG3Mu/Central/muons/1/phi in Skim_TriLep_TTTT.root
2025-11-07 13:29:57,579 - INFO - [2017] MISSING_CENTRAL: ZG3Mu/Central/muons/1/phi in Skim_TriLep_DYJets10to50.root
2025-11-07 13:29:57,580 - INFO - [2017] MISSING_CENTRAL: ZG3Mu/Central/muons/1/phi in Skim_TriLep_TTG.root
2025-11-07 13:29:57,582 - INFO - [2017] MISSING_FILE: /home/choij/Sync/workspace/ChargedHiggsAnalysisV3/SKNanoOutput/CRPromptSelector/Run3Mu_RunSyst/2017/Skim_TriLep_WZTo3LNu_amcatnlo.root
2025-11-07 13:29:57,589 - INFO - [2017] MISSING_CENTRAL: ZG3Mu/Central/muons/1/phi in Skim_TriLep_TTTT.root
2025-11-07 14:02:37,679 - INFO - [2017] MISSING_CENTRAL: ZG3Mu/Central/muons/1/phi in Skim_TriLep_DYJets10to50.root
2025-11-07 14:02:37,686 - INFO - [2017] MISSING_CENTRAL: ZG3Mu/Central/muons/1/phi in Skim_TriLep_TTG.root
2025-11-07 14:02:37,713 - INFO - [2017] MISSING_FILE: /home/choij/Sync/workspace/ChargedHiggsAnalysisV3/SKNanoOutput/CRPromptSelector/Run3Mu_RunSyst/2017/Skim_TriLep_WZTo3LNu_amcatnlo.root
2025-11-07 14:02:37,745 - INFO - [2017] MISSING_SYSTEMATIC: ZG3Mu/JetEn_Up/muons/1/phi in Skim_TriLep_WWZ.root
2025-11-07 14:02:37,763 - INFO - [2017] MISSING_CENTRAL: ZG3Mu/Central/muons/1/phi in Skim_TriLep_TTTT.root
2025-11-07 14:02:42,703 - INFO - [2017] MISSING_CENTRAL: ZG3Mu/Central/muons/1/phi in Skim_TriLep_DYJets10to50.root
2025-11-07 14:02:42,703 - INFO - [2017] MISSING_CENTRAL: ZG3Mu/Central/muons/1/phi in Skim_TriLep_TTG.root
2025-11-07 14:02:42,706 - INFO - [2017] MISSING_FILE: /home/choij/Sync/workspace/ChargedHiggsAnalysisV3/SKNanoOutput/CRPromptSelector/Run3Mu_RunSyst/2017/Skim_TriLep_WZTo3LNu_amcatnlo.root
2025-11-07 14:02:42,713 - INFO - [2017] MISSING_CENTRAL: ZG3Mu/Central/muons/1/phi in Skim_TriLep_TTTT.root
2025-11-10 05:53:05,747 - INFO - [2017] MISSING_CENTRAL: ZG3Mu/Central/muons/1/phi in Skim_TriLep_DYJets10to50.root
2025-11-10 05:53:05,772 - INFO - [2017] MISSING_CENTRAL: ZG3Mu/Central/muons/1/phi in Skim_TriLep_TTG.root
2025-11-10 05:53:05,832 - INFO - [2017] MISSING_FILE: /home/choij/Sync/workspace/ChargedHiggsAnalysisV3/SKNanoOutput/CRPromptSelector/Run3Mu_RunSyst/2017/Skim_TriLep_WZTo3LNu_amcatnlo.root
2025-11-10 05:53:05,862 - INFO - [2017] MISSING_SYSTEMATIC: ZG3Mu/JetEn_Up/muons/1/phi in Skim_TriLep_WWZ.root
2025-11-10 05:53:05,879 - INFO - [2017] MISSING_CENTRAL: ZG3Mu/Central/muons/1/phi in Skim_TriLep_TTTT.root
2025-11-10 05:53:11,174 - INFO - [2017] MISSING_CENTRAL: ZG3Mu/Central/muons/1/phi in Skim_TriLep_DYJets10to50.root
2025-11-10 05:53:11,175 - INFO - [2017] MISSING_CENTRAL: ZG3Mu/Central/muons/1/phi in Skim_TriLep_TTG.root
2025-11-10 05:53:11,181 - INFO - [2017] MISSING_FILE: /home/choij/Sync/workspace/ChargedHiggsAnalysisV3/SKNanoOutput/CRPromptSelector/Run3Mu_RunSyst/2017/Skim_TriLep_WZTo3LNu_amcatnlo.root
2025-11-10 05:53:11,206 - INFO - [2017] MISSING_CENTRAL: ZG3Mu/Central/muons/1/phi in Skim_TriLep_TTTT.root
2025-11-10 12:17:39,172 - INFO - [2017] MISSING_CENTRAL: ZG3Mu/Central/muons/1/phi in Skim_TriLep_DYJets10to50.root
2025-11-10 12:17:39,205 - INFO - [2017] MISSING_CENTRAL: ZG3Mu/Central/muons/1/phi in Skim_TriLep_TTG.root
2025-11-10 12:17:39,264 - INFO - [2017] MISSING_FILE: /home/choij/Sync/workspace/ChargedHiggsAnalysisV3/SKNanoOutput/CRPromptSelector/Run3Mu_RunSyst/2017/Skim_TriLep_WZTo3LNu_amcatnlo.root
2025-11-10 12:17:39,346 - INFO - [2017] MISSING_SYSTEMATIC: ZG3Mu/JetEn_Up/muons/1/phi in Skim_TriLep_WWZ.root
2025-11-10 12:17:39,380 - INFO - [2017] MISSING_CENTRAL: ZG3Mu/Central/muons/1/phi in Skim_TriLep_TTTT.root
2025-11-10 12:17:44,372 - INFO - [2017] MISSING_CENTRAL: ZG3Mu/Central/muons/1/phi in Skim_TriLep_DYJets10to50.root
2025-11-10 12:17:44,373 - INFO - [2017] MISSING_CENTRAL: ZG3Mu/Central/muons/1/phi in Skim_TriLep_TTG.root
2025-11-10 12:17:44,375 - INFO - [2017] MISSING_FILE: /home/choij/Sync/workspace/ChargedHiggsAnalysisV3/SKNanoOutput/CRPromptSelector/Run3Mu_RunSyst/2017/Skim_TriLep_WZTo3LNu_amcatnlo.root
2025-11-10 12:17:44,383 - INFO - [2017] MISSING_CENTRAL: ZG3Mu/Central/muons/1/phi in Skim_TriLep_TTTT.root
2025-11-13 11:06:41,934 - INFO - [2017] MISSING_CENTRAL: ZG3Mu/Central/muons/1/phi in Skim_TriLep_DYJets10to50.root
2025-11-13 11:06:42,021 - INFO - [2017] MISSING_CENTRAL: ZG3Mu/Central/muons/1/phi in Skim_TriLep_TTG.root
2025-11-13 11:06:42,582 - INFO - [2017] MISSING_FILE: /data9/Users/choij/Sync/workspace/ChargedHiggsAnalysisV3/SKNanoOutput/CRPromptSelector/Run3Mu_RunSyst/2017/Skim_TriLep_WZTo3LNu_amcatnlo.root
2025-11-13 11:06:43,349 - INFO - [2017] MISSING_SYSTEMATIC: ZG3Mu/JetEn_Up/muons/1/phi in Skim_TriLep_WWZ.root
2025-11-13 11:06:43,722 - INFO - [2017] MISSING_CENTRAL: ZG3Mu/Central/muons/1/phi in Skim_TriLep_TTTT.root
2025-11-13 11:06:48,068 - INFO - [2017] MISSING_CENTRAL: ZG3Mu/Central/muons/1/phi in Skim_TriLep_DYJets10to50.root
2025-11-13 11:06:48,069 - INFO - [2017] MISSING_CENTRAL: ZG3Mu/Central/muons/1/phi in Skim_TriLep_TTG.root
2025-11-13 11:06:48,072 - INFO - [2017] MISSING_FILE: /data9/Users/choij/Sync/workspace/ChargedHiggsAnalysisV3/SKNanoOutput/CRPromptSelector/Run3Mu_RunSyst/2017/Skim_TriLep_WZTo3LNu_amcatnlo.root
2025-11-13 11:06:48,081 - INFO - [2017] MISSING_CENTRAL: ZG3Mu/Central/muons/1/phi in Skim_TriLep_TTTT.root
