2025-09-24 15:46:25,028 - INFO - [2017] MISSING_CENTRAL: ZG3Mu/Central/ZCand/phi in Skim_TriLep_DYJets10to50.root
2025-09-24 15:46:25,036 - INFO - [2017] MISSING_CENTRAL: ZG3Mu/Central/ZCand/phi in Skim_TriLep_TTG.root
2025-09-24 15:46:25,063 - INFO - [2017] MISSING_FILE: /Users/choij/Sync/workspace/ChargedHiggsAnalysisV3/SKNanoOutput/CRPromptSelector/Run3Mu_RunSyst/2017/Skim_TriLep_WZTo3LNu_amcatnlo.root
2025-09-24 15:46:25,078 - INFO - [2017] MISSING_SYSTEMATIC: ZG3Mu/JetEn_Up/ZCand/phi in Skim_TriLep_WWZ.root
2025-09-24 15:46:25,089 - INFO - [2017] MISSING_CENTRAL: ZG3Mu/Central/ZCand/phi in Skim_TriLep_TTTT.root
2025-09-24 15:46:34,325 - INFO - [2017] MISSING_CENTRAL: ZG3Mu/Central/ZCand/phi in Skim_TriLep_DYJets10to50.root
2025-09-24 15:46:34,326 - INFO - [2017] MISSING_CENTRAL: ZG3Mu/Central/ZCand/phi in Skim_TriLep_TTG.root
2025-09-24 15:46:34,327 - INFO - [2017] MISSING_FILE: /Users/choij/Sync/workspace/ChargedHiggsAnalysisV3/SKNanoOutput/CRPromptSelector/Run3Mu_RunSyst/2017/Skim_TriLep_WZTo3LNu_amcatnlo.root
2025-09-24 15:46:34,330 - INFO - [2017] MISSING_CENTRAL: ZG3Mu/Central/ZCand/phi in Skim_TriLep_TTTT.root
2025-10-02 21:12:06,721 - INFO - [2017] MISSING_CENTRAL: ZG3Mu/Central/ZCand/phi in Skim_TriLep_DYJets10to50.root
2025-10-02 21:12:06,818 - INFO - [2017] MISSING_CENTRAL: ZG3Mu/Central/ZCand/phi in Skim_TriLep_TTG.root
2025-10-02 21:12:07,079 - INFO - [2017] MISSING_FILE: /data9/Users/choij/Sync/workspace/ChargedHiggsAnalysisV3/SKNanoOutput/CRPromptSelector/Run3Mu_RunSyst/2017/Skim_TriLep_WZTo3LNu_amcatnlo.root
2025-10-02 21:12:07,611 - INFO - [2017] MISSING_SYSTEMATIC: ZG3Mu/JetEn_Up/ZCand/phi in Skim_TriLep_WWZ.root
2025-10-02 21:12:07,820 - INFO - [2017] MISSING_CENTRAL: ZG3Mu/Central/ZCand/phi in Skim_TriLep_TTTT.root
2025-10-02 21:12:13,051 - INFO - [2017] MISSING_CENTRAL: ZG3Mu/Central/ZCand/phi in Skim_TriLep_DYJets10to50.root
2025-10-02 21:12:13,053 - INFO - [2017] MISSING_CENTRAL: ZG3Mu/Central/ZCand/phi in Skim_TriLep_TTG.root
2025-10-02 21:12:13,078 - INFO - [2017] MISSING_FILE: /data9/Users/choij/Sync/workspace/ChargedHiggsAnalysisV3/SKNanoOutput/CRPromptSelector/Run3Mu_RunSyst/2017/Skim_TriLep_WZTo3LNu_amcatnlo.root
2025-10-02 21:12:13,103 - INFO - [2017] MISSING_CENTRAL: ZG3Mu/Central/ZCand/phi in Skim_TriLep_TTTT.root
2025-10-02 23:59:18,197 - INFO - [2017] MISSING_CENTRAL: ZG3Mu/Central/ZCand/phi in Skim_TriLep_DYJets10to50.root
2025-10-02 23:59:18,201 - INFO - [2017] MISSING_CENTRAL: ZG3Mu/Central/ZCand/phi in Skim_TriLep_TTG.root
2025-10-02 23:59:18,213 - INFO - [2017] MISSING_FILE: /Users/choij/Sync/workspace/ChargedHiggsAnalysisV3/SKNanoOutput/CRPromptSelector/Run3Mu_RunSyst/2017/Skim_TriLep_WZTo3LNu_amcatnlo.root
2025-10-02 23:59:18,231 - INFO - [2017] MISSING_SYSTEMATIC: ZG3Mu/JetEn_Up/ZCand/phi in Skim_TriLep_WWZ.root
2025-10-02 23:59:18,244 - INFO - [2017] MISSING_CENTRAL: ZG3Mu/Central/ZCand/phi in Skim_TriLep_TTTT.root
2025-10-02 23:59:26,952 - INFO - [2017] MISSING_CENTRAL: ZG3Mu/Central/ZCand/phi in Skim_TriLep_DYJets10to50.root
2025-10-02 23:59:26,953 - INFO - [2017] MISSING_CENTRAL: ZG3Mu/Central/ZCand/phi in Skim_TriLep_TTG.root
2025-10-02 23:59:26,954 - INFO - [2017] MISSING_FILE: /Users/choij/Sync/workspace/ChargedHiggsAnalysisV3/SKNanoOutput/CRPromptSelector/Run3Mu_RunSyst/2017/Skim_TriLep_WZTo3LNu_amcatnlo.root
2025-10-02 23:59:26,957 - INFO - [2017] MISSING_CENTRAL: ZG3Mu/Central/ZCand/phi in Skim_TriLep_TTTT.root
