2025-09-24 15:46:23,402 - INFO - [2017] MISSING_CENTRAL: ZG3Mu/Central/ZCand/eta in Skim_TriLep_DYJets10to50.root
2025-09-24 15:46:23,408 - INFO - [2017] MISSING_CENTRAL: ZG3Mu/Central/ZCand/eta in Skim_TriLep_TTG.root
2025-09-24 15:46:23,444 - INFO - [2017] MISSING_FILE: /Users/choij/Sync/workspace/ChargedHiggsAnalysisV3/SKNanoOutput/CRPromptSelector/Run3Mu_RunSyst/2017/Skim_TriLep_WZTo3LNu_amcatnlo.root
2025-09-24 15:46:23,463 - INFO - [2017] MISSING_SYSTEMATIC: ZG3Mu/JetEn_Up/ZCand/eta in Skim_TriLep_WWZ.root
2025-09-24 15:46:23,475 - INFO - [2017] MISSING_CENTRAL: ZG3Mu/Central/ZCand/eta in Skim_TriLep_TTTT.root
2025-09-24 15:46:32,925 - INFO - [2017] MISSING_CENTRAL: ZG3Mu/Central/ZCand/eta in Skim_TriLep_DYJets10to50.root
2025-09-24 15:46:32,926 - INFO - [2017] MISSING_CENTRAL: ZG3Mu/Central/ZCand/eta in Skim_TriLep_TTG.root
2025-09-24 15:46:32,927 - INFO - [2017] MISSING_FILE: /Users/choij/Sync/workspace/ChargedHiggsAnalysisV3/SKNanoOutput/CRPromptSelector/Run3Mu_RunSyst/2017/Skim_TriLep_WZTo3LNu_amcatnlo.root
2025-09-24 15:46:32,931 - INFO - [2017] MISSING_CENTRAL: ZG3Mu/Central/ZCand/eta in Skim_TriLep_TTTT.root
2025-10-02 21:12:06,722 - INFO - [2017] MISSING_CENTRAL: ZG3Mu/Central/ZCand/eta in Skim_TriLep_DYJets10to50.root
2025-10-02 21:12:06,820 - INFO - [2017] MISSING_CENTRAL: ZG3Mu/Central/ZCand/eta in Skim_TriLep_TTG.root
2025-10-02 21:12:07,082 - INFO - [2017] MISSING_FILE: /data9/Users/choij/Sync/workspace/ChargedHiggsAnalysisV3/SKNanoOutput/CRPromptSelector/Run3Mu_RunSyst/2017/Skim_TriLep_WZTo3LNu_amcatnlo.root
2025-10-02 21:12:07,611 - INFO - [2017] MISSING_SYSTEMATIC: ZG3Mu/JetEn_Up/ZCand/eta in Skim_TriLep_WWZ.root
2025-10-02 21:12:07,820 - INFO - [2017] MISSING_CENTRAL: ZG3Mu/Central/ZCand/eta in Skim_TriLep_TTTT.root
2025-10-02 21:12:13,313 - INFO - [2017] MISSING_CENTRAL: ZG3Mu/Central/ZCand/eta in Skim_TriLep_DYJets10to50.root
2025-10-02 21:12:13,315 - INFO - [2017] MISSING_CENTRAL: ZG3Mu/Central/ZCand/eta in Skim_TriLep_TTG.root
2025-10-02 21:12:13,321 - INFO - [2017] MISSING_FILE: /data9/Users/choij/Sync/workspace/ChargedHiggsAnalysisV3/SKNanoOutput/CRPromptSelector/Run3Mu_RunSyst/2017/Skim_TriLep_WZTo3LNu_amcatnlo.root
2025-10-02 21:12:13,337 - INFO - [2017] MISSING_CENTRAL: ZG3Mu/Central/ZCand/eta in Skim_TriLep_TTTT.root
2025-10-02 23:59:16,789 - INFO - [2017] MISSING_CENTRAL: ZG3Mu/Central/ZCand/eta in Skim_TriLep_DYJets10to50.root
2025-10-02 23:59:16,795 - INFO - [2017] MISSING_CENTRAL: ZG3Mu/Central/ZCand/eta in Skim_TriLep_TTG.root
2025-10-02 23:59:16,824 - INFO - [2017] MISSING_FILE: /Users/choij/Sync/workspace/ChargedHiggsAnalysisV3/SKNanoOutput/CRPromptSelector/Run3Mu_RunSyst/2017/Skim_TriLep_WZTo3LNu_amcatnlo.root
2025-10-02 23:59:16,849 - INFO - [2017] MISSING_SYSTEMATIC: ZG3Mu/JetEn_Up/ZCand/eta in Skim_TriLep_WWZ.root
2025-10-02 23:59:16,861 - INFO - [2017] MISSING_CENTRAL: ZG3Mu/Central/ZCand/eta in Skim_TriLep_TTTT.root
2025-10-02 23:59:25,485 - INFO - [2017] MISSING_CENTRAL: ZG3Mu/Central/ZCand/eta in Skim_TriLep_DYJets10to50.root
2025-10-02 23:59:25,486 - INFO - [2017] MISSING_CENTRAL: ZG3Mu/Central/ZCand/eta in Skim_TriLep_TTG.root
2025-10-02 23:59:25,487 - INFO - [2017] MISSING_FILE: /Users/choij/Sync/workspace/ChargedHiggsAnalysisV3/SKNanoOutput/CRPromptSelector/Run3Mu_RunSyst/2017/Skim_TriLep_WZTo3LNu_amcatnlo.root
2025-10-02 23:59:25,499 - INFO - [2017] MISSING_CENTRAL: ZG3Mu/Central/ZCand/eta in Skim_TriLep_TTTT.root
