2026-01-16 19:01:43,506 - INFO - [2016preVFP] MISSING_CENTRAL: SR1E2Mu/Central/bjets/2/pz in Skim_TriLep_DYJets10to50.root
2026-01-16 19:01:43,525 - INFO - [2016preVFP] MISSING_CENTRAL: SR1E2Mu/Central/bjets/2/pz in Skim_TriLep_WWG.root
2026-01-16 19:01:43,808 - INFO - [2016postVFP] MISSING_CENTRAL: SR1E2Mu/Central/bjets/2/pz in Skim_TriLep_DYJets10to50.root
2026-01-16 19:01:44,129 - INFO - [2017] MISSING_CENTRAL: SR1E2Mu/Central/bjets/2/pz in Skim_TriLep_DYJets10to50.root
2026-01-16 19:01:44,149 - INFO - [2017] MISSING_CENTRAL: SR1E2Mu/Central/bjets/2/pz in Skim_TriLep_WWG.root
2026-01-16 19:01:44,435 - INFO - [2018] MISSING_CENTRAL: SR1E2Mu/Central/bjets/2/pz in Skim_TriLep_DYJets10to50.root
2026-01-16 19:01:44,455 - INFO - [2018] MISSING_CENTRAL: SR1E2Mu/Central/bjets/2/pz in Skim_TriLep_WWG.root
2026-01-21 13:01:12,883 - INFO - [2016preVFP] MISSING_CENTRAL: SR1E2Mu/Central/bjets/2/pz in Skim_TriLep_DYJets10to50.root
2026-01-21 13:01:12,901 - INFO - [2016preVFP] MISSING_CENTRAL: SR1E2Mu/Central/bjets/2/pz in Skim_TriLep_WWG.root
2026-01-21 13:01:13,181 - INFO - [2016postVFP] MISSING_CENTRAL: SR1E2Mu/Central/bjets/2/pz in Skim_TriLep_DYJets10to50.root
2026-01-21 13:01:13,507 - INFO - [2017] MISSING_CENTRAL: SR1E2Mu/Central/bjets/2/pz in Skim_TriLep_DYJets10to50.root
2026-01-21 13:01:13,527 - INFO - [2017] MISSING_CENTRAL: SR1E2Mu/Central/bjets/2/pz in Skim_TriLep_WWG.root
2026-01-21 13:01:13,816 - INFO - [2018] MISSING_CENTRAL: SR1E2Mu/Central/bjets/2/pz in Skim_TriLep_DYJets10to50.root
2026-01-21 13:01:13,838 - INFO - [2018] MISSING_CENTRAL: SR1E2Mu/Central/bjets/2/pz in Skim_TriLep_WWG.root
2026-01-21 14:49:44,421 - INFO - [2016preVFP] MISSING_CENTRAL: SR1E2Mu/Central/bjets/2/pz in Skim_TriLep_DYJets10to50.root
2026-01-21 14:49:44,438 - INFO - [2016preVFP] MISSING_CENTRAL: SR1E2Mu/Central/bjets/2/pz in Skim_TriLep_WWG.root
2026-01-21 14:49:44,700 - INFO - [2016postVFP] MISSING_CENTRAL: SR1E2Mu/Central/bjets/2/pz in Skim_TriLep_DYJets10to50.root
2026-01-21 14:49:45,013 - INFO - [2017] MISSING_CENTRAL: SR1E2Mu/Central/bjets/2/pz in Skim_TriLep_DYJets10to50.root
2026-01-21 14:49:45,031 - INFO - [2017] MISSING_CENTRAL: SR1E2Mu/Central/bjets/2/pz in Skim_TriLep_WWG.root
2026-01-21 14:49:45,315 - INFO - [2018] MISSING_CENTRAL: SR1E2Mu/Central/bjets/2/pz in Skim_TriLep_DYJets10to50.root
2026-01-21 14:49:45,335 - INFO - [2018] MISSING_CENTRAL: SR1E2Mu/Central/bjets/2/pz in Skim_TriLep_WWG.root
2026-01-28 16:09:08,864 - INFO - [2016preVFP] MISSING_CENTRAL: SR1E2Mu/Central/bjets/2/pz in Skim_TriLep_DYJets10to50.root
2026-01-28 16:09:08,896 - INFO - [2016preVFP] MISSING_CENTRAL: SR1E2Mu/Central/bjets/2/pz in Skim_TriLep_WWG.root
2026-01-28 16:09:09,406 - INFO - [2016postVFP] MISSING_CENTRAL: SR1E2Mu/Central/bjets/2/pz in Skim_TriLep_DYJets10to50.root
2026-01-28 16:09:10,077 - INFO - [2017] MISSING_CENTRAL: SR1E2Mu/Central/bjets/2/pz in Skim_TriLep_DYJets10to50.root
2026-01-28 16:09:10,113 - INFO - [2017] MISSING_CENTRAL: SR1E2Mu/Central/bjets/2/pz in Skim_TriLep_WWG.root
2026-01-28 16:09:10,671 - INFO - [2018] MISSING_CENTRAL: SR1E2Mu/Central/bjets/2/pz in Skim_TriLep_DYJets10to50.root
2026-01-28 16:09:10,704 - INFO - [2018] MISSING_CENTRAL: SR1E2Mu/Central/bjets/2/pz in Skim_TriLep_WWG.root
2026-01-28 17:21:24,221 - INFO - [2016preVFP] MISSING_CENTRAL: SR1E2Mu/Central/bjets/2/pz in Skim_TriLep_DYJets10to50.root
2026-01-28 17:21:24,254 - INFO - [2016preVFP] MISSING_CENTRAL: SR1E2Mu/Central/bjets/2/pz in Skim_TriLep_WWG.root
2026-01-28 17:21:24,721 - INFO - [2016postVFP] MISSING_CENTRAL: SR1E2Mu/Central/bjets/2/pz in Skim_TriLep_DYJets10to50.root
2026-01-28 17:21:25,263 - INFO - [2017] MISSING_CENTRAL: SR1E2Mu/Central/bjets/2/pz in Skim_TriLep_DYJets10to50.root
2026-01-28 17:21:25,297 - INFO - [2017] MISSING_CENTRAL: SR1E2Mu/Central/bjets/2/pz in Skim_TriLep_WWG.root
2026-01-28 17:21:25,816 - INFO - [2018] MISSING_CENTRAL: SR1E2Mu/Central/bjets/2/pz in Skim_TriLep_DYJets10to50.root
2026-01-28 17:21:25,847 - INFO - [2018] MISSING_CENTRAL: SR1E2Mu/Central/bjets/2/pz in Skim_TriLep_WWG.root
2026-01-28 19:54:54,597 - INFO - [2016preVFP] MISSING_CENTRAL: SR1E2Mu/Central/bjets/2/pz in Skim_TriLep_DYJets10to50.root
2026-01-28 19:54:54,629 - INFO - [2016preVFP] MISSING_CENTRAL: SR1E2Mu/Central/bjets/2/pz in Skim_TriLep_WWG.root
2026-01-28 19:54:55,089 - INFO - [2016postVFP] MISSING_CENTRAL: SR1E2Mu/Central/bjets/2/pz in Skim_TriLep_DYJets10to50.root
2026-01-28 19:54:55,627 - INFO - [2017] MISSING_CENTRAL: SR1E2Mu/Central/bjets/2/pz in Skim_TriLep_DYJets10to50.root
2026-01-28 19:54:55,657 - INFO - [2017] MISSING_CENTRAL: SR1E2Mu/Central/bjets/2/pz in Skim_TriLep_WWG.root
2026-01-28 19:54:56,143 - INFO - [2018] MISSING_CENTRAL: SR1E2Mu/Central/bjets/2/pz in Skim_TriLep_DYJets10to50.root
2026-01-28 19:54:56,178 - INFO - [2018] MISSING_CENTRAL: SR1E2Mu/Central/bjets/2/pz in Skim_TriLep_WWG.root
2026-01-29 07:12:09,075 - INFO - [2016preVFP] MISSING_CENTRAL: SR1E2Mu/Central/bjets/2/pz in Skim_TriLep_DYJets10to50.root
2026-01-29 07:12:09,097 - INFO - [2016preVFP] MISSING_CENTRAL: SR1E2Mu/Central/bjets/2/pz in Skim_TriLep_WWG.root
2026-01-29 07:12:09,404 - INFO - [2016postVFP] MISSING_CENTRAL: SR1E2Mu/Central/bjets/2/pz in Skim_TriLep_DYJets10to50.root
2026-01-29 07:12:09,736 - INFO - [2017] MISSING_CENTRAL: SR1E2Mu/Central/bjets/2/pz in Skim_TriLep_DYJets10to50.root
2026-01-29 07:12:09,758 - INFO - [2017] MISSING_CENTRAL: SR1E2Mu/Central/bjets/2/pz in Skim_TriLep_WWG.root
2026-01-29 07:12:10,091 - INFO - [2018] MISSING_CENTRAL: SR1E2Mu/Central/bjets/2/pz in Skim_TriLep_DYJets10to50.root
2026-01-29 07:12:10,114 - INFO - [2018] MISSING_CENTRAL: SR1E2Mu/Central/bjets/2/pz in Skim_TriLep_WWG.root
