2025-09-24 15:52:20,707 - INFO - [2016preVFP] MISSING_CENTRAL: SR1E2Mu/Central/electrons/1/py in Skim_TriLep_DYJets10to50.root
2025-09-24 15:52:21,015 - INFO - [2016postVFP] MISSING_CENTRAL: SR1E2Mu/Central/electrons/1/py in Skim_TriLep_DYJets10to50.root
2025-09-24 15:52:22,090 - INFO - [2017] MISSING_CENTRAL: SR1E2Mu/Central/electrons/1/py in Skim_TriLep_DYJets10to50.root
2025-09-24 15:52:22,710 - INFO - [2018] MISSING_CENTRAL: SR1E2Mu/Central/electrons/1/py in Skim_TriLep_DYJets10to50.root
2025-09-24 15:52:22,735 - INFO - [2018] MISSING_FILE: /Users/choij/Sync/workspace/ChargedHiggsAnalysisV3/SKNanoOutput/PromptSelector/Run1E2Mu_RunSyst/2018/Skim_TriLep_TTG.root
2025-09-24 15:52:22,822 - INFO - [2018] MISSING_FILE: /Users/choij/Sync/workspace/ChargedHiggsAnalysisV3/SKNanoOutput/PromptSelector/Run1E2Mu_RunSyst/2018/Skim_TriLep_TTHToNonbb.root
2025-09-24 15:52:22,896 - INFO - [2018] MISSING_FILE: /Users/choij/Sync/workspace/ChargedHiggsAnalysisV3/SKNanoOutput/PromptSelector/Run1E2Mu_RunSyst/2018/Skim_TriLep_tHq.root
2025-09-24 15:52:22,999 - INFO - [2018] MISSING_FILE: /Users/choij/Sync/workspace/ChargedHiggsAnalysisV3/SKNanoOutput/PromptSelector/Run1E2Mu_RunSyst/2018/Skim_TriLep_VBFHToZZTo4L.root
2025-10-02 21:15:19,660 - INFO - [2016preVFP] MISSING_CENTRAL: SR1E2Mu/Central/electrons/1/py in Skim_TriLep_DYJets10to50.root
2025-10-02 21:15:20,959 - INFO - [2016postVFP] MISSING_CENTRAL: SR1E2Mu/Central/electrons/1/py in Skim_TriLep_DYJets10to50.root
2025-10-02 21:15:21,961 - INFO - [2017] MISSING_CENTRAL: SR1E2Mu/Central/electrons/1/py in Skim_TriLep_DYJets10to50.root
2025-10-02 21:15:22,711 - INFO - [2018] MISSING_CENTRAL: SR1E2Mu/Central/electrons/1/py in Skim_TriLep_DYJets10to50.root
2025-10-02 21:15:22,762 - INFO - [2018] MISSING_FILE: /data9/Users/choij/Sync/workspace/ChargedHiggsAnalysisV3/SKNanoOutput/PromptSelector/Run1E2Mu_RunSyst/2018/Skim_TriLep_TTG.root
2025-10-02 21:15:22,886 - INFO - [2018] MISSING_FILE: /data9/Users/choij/Sync/workspace/ChargedHiggsAnalysisV3/SKNanoOutput/PromptSelector/Run1E2Mu_RunSyst/2018/Skim_TriLep_TTHToNonbb.root
2025-10-02 21:15:23,046 - INFO - [2018] MISSING_FILE: /data9/Users/choij/Sync/workspace/ChargedHiggsAnalysisV3/SKNanoOutput/PromptSelector/Run1E2Mu_RunSyst/2018/Skim_TriLep_tHq.root
2025-10-02 21:15:23,359 - INFO - [2018] MISSING_FILE: /data9/Users/choij/Sync/workspace/ChargedHiggsAnalysisV3/SKNanoOutput/PromptSelector/Run1E2Mu_RunSyst/2018/Skim_TriLep_VBFHToZZTo4L.root
2025-10-03 00:04:34,576 - INFO - [2016preVFP] MISSING_CENTRAL: SR1E2Mu/Central/electrons/1/py in Skim_TriLep_DYJets10to50.root
2025-10-03 00:04:34,942 - INFO - [2016postVFP] MISSING_CENTRAL: SR1E2Mu/Central/electrons/1/py in Skim_TriLep_DYJets10to50.root
2025-10-03 00:04:35,869 - INFO - [2017] MISSING_CENTRAL: SR1E2Mu/Central/electrons/1/py in Skim_TriLep_DYJets10to50.root
2025-10-03 00:04:36,673 - INFO - [2018] MISSING_CENTRAL: SR1E2Mu/Central/electrons/1/py in Skim_TriLep_DYJets10to50.root
2025-10-03 00:04:36,714 - INFO - [2018] MISSING_FILE: /Users/choij/Sync/workspace/ChargedHiggsAnalysisV3/SKNanoOutput/PromptSelector/Run1E2Mu_RunSyst/2018/Skim_TriLep_TTG.root
2025-10-03 00:04:36,778 - INFO - [2018] MISSING_FILE: /Users/choij/Sync/workspace/ChargedHiggsAnalysisV3/SKNanoOutput/PromptSelector/Run1E2Mu_RunSyst/2018/Skim_TriLep_TTHToNonbb.root
2025-10-03 00:04:36,839 - INFO - [2018] MISSING_FILE: /Users/choij/Sync/workspace/ChargedHiggsAnalysisV3/SKNanoOutput/PromptSelector/Run1E2Mu_RunSyst/2018/Skim_TriLep_tHq.root
2025-10-03 00:04:36,943 - INFO - [2018] MISSING_FILE: /Users/choij/Sync/workspace/ChargedHiggsAnalysisV3/SKNanoOutput/PromptSelector/Run1E2Mu_RunSyst/2018/Skim_TriLep_VBFHToZZTo4L.root
2025-11-05 20:29:05,211 - INFO - [2016preVFP] MISSING_CENTRAL: SR1E2Mu/Central/electrons/1/py in Skim_TriLep_DYJets10to50.root
2025-11-05 20:29:05,544 - INFO - [2016postVFP] MISSING_CENTRAL: SR1E2Mu/Central/electrons/1/py in Skim_TriLep_DYJets10to50.root
2025-11-05 20:29:05,885 - INFO - [2017] MISSING_CENTRAL: SR1E2Mu/Central/electrons/1/py in Skim_TriLep_DYJets10to50.root
2025-11-05 20:29:06,238 - INFO - [2018] MISSING_CENTRAL: SR1E2Mu/Central/electrons/1/py in Skim_TriLep_DYJets10to50.root
2025-11-05 21:39:25,852 - INFO - [2016preVFP] MISSING_CENTRAL: SR1E2Mu/Central/electrons/1/py in Skim_TriLep_DYJets10to50.root
2025-11-05 21:39:26,185 - INFO - [2016postVFP] MISSING_CENTRAL: SR1E2Mu/Central/electrons/1/py in Skim_TriLep_DYJets10to50.root
2025-11-05 21:39:26,529 - INFO - [2017] MISSING_CENTRAL: SR1E2Mu/Central/electrons/1/py in Skim_TriLep_DYJets10to50.root
2025-11-05 21:39:26,881 - INFO - [2018] MISSING_CENTRAL: SR1E2Mu/Central/electrons/1/py in Skim_TriLep_DYJets10to50.root
2025-11-05 22:03:15,234 - INFO - [2016preVFP] MISSING_CENTRAL: SR1E2Mu/Central/electrons/1/py in Skim_TriLep_DYJets10to50.root
2025-11-05 22:03:15,566 - INFO - [2016postVFP] MISSING_CENTRAL: SR1E2Mu/Central/electrons/1/py in Skim_TriLep_DYJets10to50.root
2025-11-05 22:03:15,913 - INFO - [2017] MISSING_CENTRAL: SR1E2Mu/Central/electrons/1/py in Skim_TriLep_DYJets10to50.root
2025-11-05 22:03:16,265 - INFO - [2018] MISSING_CENTRAL: SR1E2Mu/Central/electrons/1/py in Skim_TriLep_DYJets10to50.root
2025-11-05 22:19:00,415 - INFO - [2016preVFP] MISSING_CENTRAL: SR1E2Mu/Central/electrons/1/py in Skim_TriLep_DYJets10to50.root
2025-11-05 22:19:00,749 - INFO - [2016postVFP] MISSING_CENTRAL: SR1E2Mu/Central/electrons/1/py in Skim_TriLep_DYJets10to50.root
2025-11-05 22:19:01,091 - INFO - [2017] MISSING_CENTRAL: SR1E2Mu/Central/electrons/1/py in Skim_TriLep_DYJets10to50.root
2025-11-05 22:19:01,425 - INFO - [2018] MISSING_CENTRAL: SR1E2Mu/Central/electrons/1/py in Skim_TriLep_DYJets10to50.root
2025-11-05 23:23:33,741 - INFO - [2016preVFP] MISSING_CENTRAL: SR1E2Mu/Central/electrons/1/py in Skim_TriLep_DYJets10to50.root
2025-11-05 23:23:34,076 - INFO - [2016postVFP] MISSING_CENTRAL: SR1E2Mu/Central/electrons/1/py in Skim_TriLep_DYJets10to50.root
2025-11-05 23:23:34,413 - INFO - [2017] MISSING_CENTRAL: SR1E2Mu/Central/electrons/1/py in Skim_TriLep_DYJets10to50.root
2025-11-05 23:23:34,749 - INFO - [2018] MISSING_CENTRAL: SR1E2Mu/Central/electrons/1/py in Skim_TriLep_DYJets10to50.root
2025-11-07 12:26:45,166 - INFO - [2016preVFP] MISSING_CENTRAL: SR1E2Mu/Central/electrons/1/py in Skim_TriLep_DYJets10to50.root
2025-11-07 12:26:45,495 - INFO - [2016postVFP] MISSING_CENTRAL: SR1E2Mu/Central/electrons/1/py in Skim_TriLep_DYJets10to50.root
2025-11-07 12:26:45,828 - INFO - [2017] MISSING_CENTRAL: SR1E2Mu/Central/electrons/1/py in Skim_TriLep_DYJets10to50.root
2025-11-07 12:26:46,177 - INFO - [2018] MISSING_CENTRAL: SR1E2Mu/Central/electrons/1/py in Skim_TriLep_DYJets10to50.root
2025-11-07 13:07:18,960 - INFO - [2016preVFP] MISSING_CENTRAL: SR1E2Mu/Central/electrons/1/py in Skim_TriLep_DYJets10to50.root
2025-11-07 13:07:19,301 - INFO - [2016postVFP] MISSING_CENTRAL: SR1E2Mu/Central/electrons/1/py in Skim_TriLep_DYJets10to50.root
2025-11-07 13:07:19,627 - INFO - [2017] MISSING_CENTRAL: SR1E2Mu/Central/electrons/1/py in Skim_TriLep_DYJets10to50.root
2025-11-07 13:07:19,952 - INFO - [2018] MISSING_CENTRAL: SR1E2Mu/Central/electrons/1/py in Skim_TriLep_DYJets10to50.root
2025-11-07 14:05:37,095 - INFO - [2016preVFP] MISSING_CENTRAL: SR1E2Mu/Central/electrons/1/py in Skim_TriLep_DYJets10to50.root
2025-11-07 14:05:37,420 - INFO - [2016postVFP] MISSING_CENTRAL: SR1E2Mu/Central/electrons/1/py in Skim_TriLep_DYJets10to50.root
2025-11-07 14:05:37,749 - INFO - [2017] MISSING_CENTRAL: SR1E2Mu/Central/electrons/1/py in Skim_TriLep_DYJets10to50.root
2025-11-07 14:05:38,081 - INFO - [2018] MISSING_CENTRAL: SR1E2Mu/Central/electrons/1/py in Skim_TriLep_DYJets10to50.root
2025-11-10 05:57:21,019 - INFO - [2016preVFP] MISSING_CENTRAL: SR1E2Mu/Central/electrons/1/py in Skim_TriLep_DYJets10to50.root
2025-11-10 05:57:21,417 - INFO - [2016postVFP] MISSING_CENTRAL: SR1E2Mu/Central/electrons/1/py in Skim_TriLep_DYJets10to50.root
2025-11-10 05:57:21,769 - INFO - [2017] MISSING_CENTRAL: SR1E2Mu/Central/electrons/1/py in Skim_TriLep_DYJets10to50.root
2025-11-10 05:57:22,214 - INFO - [2018] MISSING_CENTRAL: SR1E2Mu/Central/electrons/1/py in Skim_TriLep_DYJets10to50.root
2025-11-10 12:20:40,721 - INFO - [2016preVFP] MISSING_CENTRAL: SR1E2Mu/Central/electrons/1/py in Skim_TriLep_DYJets10to50.root
2025-11-10 12:20:41,050 - INFO - [2016postVFP] MISSING_CENTRAL: SR1E2Mu/Central/electrons/1/py in Skim_TriLep_DYJets10to50.root
2025-11-10 12:20:41,387 - INFO - [2017] MISSING_CENTRAL: SR1E2Mu/Central/electrons/1/py in Skim_TriLep_DYJets10to50.root
2025-11-10 12:20:41,727 - INFO - [2018] MISSING_CENTRAL: SR1E2Mu/Central/electrons/1/py in Skim_TriLep_DYJets10to50.root
2025-11-13 11:10:12,279 - INFO - [2016preVFP] MISSING_CENTRAL: SR1E2Mu/Central/electrons/1/py in Skim_TriLep_DYJets10to50.root
2025-11-13 11:10:12,860 - INFO - [2016postVFP] MISSING_CENTRAL: SR1E2Mu/Central/electrons/1/py in Skim_TriLep_DYJets10to50.root
2025-11-13 11:10:13,545 - INFO - [2017] MISSING_CENTRAL: SR1E2Mu/Central/electrons/1/py in Skim_TriLep_DYJets10to50.root
2025-11-13 11:10:14,423 - INFO - [2018] MISSING_CENTRAL: SR1E2Mu/Central/electrons/1/py in Skim_TriLep_DYJets10to50.root
2025-11-19 16:23:04,019 - INFO - [2016preVFP] MISSING_CENTRAL: SR1E2Mu/Central/electrons/1/py in Skim_TriLep_DYJets10to50.root
2025-11-19 16:23:04,351 - INFO - [2016postVFP] MISSING_CENTRAL: SR1E2Mu/Central/electrons/1/py in Skim_TriLep_DYJets10to50.root
2025-11-19 16:23:04,695 - INFO - [2017] MISSING_CENTRAL: SR1E2Mu/Central/electrons/1/py in Skim_TriLep_DYJets10to50.root
2025-11-19 16:23:05,044 - INFO - [2018] MISSING_CENTRAL: SR1E2Mu/Central/electrons/1/py in Skim_TriLep_DYJets10to50.root
2025-12-17 22:37:31,079 - INFO - [2016preVFP] MISSING_CENTRAL: SR1E2Mu/Central/electrons/1/py in Skim_TriLep_DYJets10to50.root
2025-12-17 22:37:31,601 - INFO - [2016postVFP] MISSING_CENTRAL: SR1E2Mu/Central/electrons/1/py in Skim_TriLep_DYJets10to50.root
2025-12-17 22:37:32,132 - INFO - [2017] MISSING_CENTRAL: SR1E2Mu/Central/electrons/1/py in Skim_TriLep_DYJets10to50.root
2025-12-17 22:37:32,659 - INFO - [2018] MISSING_CENTRAL: SR1E2Mu/Central/electrons/1/py in Skim_TriLep_DYJets10to50.root
2025-12-18 14:21:42,462 - INFO - [2016preVFP] MISSING_CENTRAL: SR1E2Mu/Central/electrons/1/py in Skim_TriLep_DYJets10to50.root
2025-12-18 14:21:43,350 - INFO - [2016postVFP] MISSING_CENTRAL: SR1E2Mu/Central/electrons/1/py in Skim_TriLep_DYJets10to50.root
2025-12-18 14:21:43,888 - INFO - [2017] MISSING_CENTRAL: SR1E2Mu/Central/electrons/1/py in Skim_TriLep_DYJets10to50.root
2025-12-18 14:21:44,519 - INFO - [2018] MISSING_CENTRAL: SR1E2Mu/Central/electrons/1/py in Skim_TriLep_DYJets10to50.root
2025-12-18 14:37:06,900 - INFO - [2016preVFP] MISSING_CENTRAL: SR1E2Mu/Central/electrons/1/py in Skim_TriLep_DYJets10to50.root
2025-12-18 14:37:07,857 - INFO - [2016postVFP] MISSING_CENTRAL: SR1E2Mu/Central/electrons/1/py in Skim_TriLep_DYJets10to50.root
2025-12-18 14:37:08,625 - INFO - [2017] MISSING_CENTRAL: SR1E2Mu/Central/electrons/1/py in Skim_TriLep_DYJets10to50.root
2025-12-18 14:37:09,420 - INFO - [2018] MISSING_CENTRAL: SR1E2Mu/Central/electrons/1/py in Skim_TriLep_DYJets10to50.root
2026-01-07 11:46:56,484 - INFO - [2016preVFP] MISSING_CENTRAL: SR1E2Mu/Central/electrons/1/py in Skim_TriLep_DYJets10to50.root
2026-01-07 11:46:56,992 - INFO - [2016postVFP] MISSING_CENTRAL: SR1E2Mu/Central/electrons/1/py in Skim_TriLep_DYJets10to50.root
2026-01-07 11:46:57,515 - INFO - [2017] MISSING_CENTRAL: SR1E2Mu/Central/electrons/1/py in Skim_TriLep_DYJets10to50.root
2026-01-07 11:46:58,048 - INFO - [2018] MISSING_CENTRAL: SR1E2Mu/Central/electrons/1/py in Skim_TriLep_DYJets10to50.root
2026-01-07 18:43:42,036 - INFO - [2016preVFP] MISSING_CENTRAL: SR1E2Mu/Central/electrons/1/py in Skim_TriLep_DYJets10to50.root
2026-01-07 18:43:42,546 - INFO - [2016postVFP] MISSING_CENTRAL: SR1E2Mu/Central/electrons/1/py in Skim_TriLep_DYJets10to50.root
2026-01-07 18:43:43,069 - INFO - [2017] MISSING_CENTRAL: SR1E2Mu/Central/electrons/1/py in Skim_TriLep_DYJets10to50.root
2026-01-07 18:43:43,608 - INFO - [2018] MISSING_CENTRAL: SR1E2Mu/Central/electrons/1/py in Skim_TriLep_DYJets10to50.root
2026-01-07 19:28:45,006 - INFO - [2016preVFP] MISSING_CENTRAL: SR1E2Mu/Central/electrons/1/py in Skim_TriLep_DYJets10to50.root
2026-01-07 19:28:45,506 - INFO - [2016postVFP] MISSING_CENTRAL: SR1E2Mu/Central/electrons/1/py in Skim_TriLep_DYJets10to50.root
2026-01-07 19:28:46,019 - INFO - [2017] MISSING_CENTRAL: SR1E2Mu/Central/electrons/1/py in Skim_TriLep_DYJets10to50.root
2026-01-07 19:28:46,523 - INFO - [2018] MISSING_CENTRAL: SR1E2Mu/Central/electrons/1/py in Skim_TriLep_DYJets10to50.root
2026-01-09 12:17:42,380 - INFO - [2016preVFP] MISSING_CENTRAL: SR1E2Mu/Central/electrons/1/py in Skim_TriLep_DYJets10to50.root
2026-01-09 12:17:42,691 - INFO - [2016postVFP] MISSING_CENTRAL: SR1E2Mu/Central/electrons/1/py in Skim_TriLep_DYJets10to50.root
2026-01-09 12:17:43,011 - INFO - [2017] MISSING_CENTRAL: SR1E2Mu/Central/electrons/1/py in Skim_TriLep_DYJets10to50.root
2026-01-09 12:17:43,329 - INFO - [2018] MISSING_CENTRAL: SR1E2Mu/Central/electrons/1/py in Skim_TriLep_DYJets10to50.root
2026-01-11 09:37:46,483 - INFO - [2016preVFP] MISSING_CENTRAL: SR1E2Mu/Central/electrons/1/py in Skim_TriLep_DYJets10to50.root
2026-01-11 09:37:46,806 - INFO - [2016postVFP] MISSING_CENTRAL: SR1E2Mu/Central/electrons/1/py in Skim_TriLep_DYJets10to50.root
2026-01-11 09:37:47,122 - INFO - [2017] MISSING_CENTRAL: SR1E2Mu/Central/electrons/1/py in Skim_TriLep_DYJets10to50.root
2026-01-11 09:37:47,443 - INFO - [2018] MISSING_CENTRAL: SR1E2Mu/Central/electrons/1/py in Skim_TriLep_DYJets10to50.root
2026-01-12 13:46:25,497 - INFO - [2016preVFP] MISSING_FILE: /home/choij/Sync/workspace/ChargedHiggsAnalysisV3/SKNanoOutput/MatrixSelector/Run1E2Mu/2016preVFP/Skim_TriLep_MuonEG_B.root
2026-01-12 13:46:25,497 - INFO - [2016preVFP] MISSING_FILE: /home/choij/Sync/workspace/ChargedHiggsAnalysisV3/SKNanoOutput/MatrixSelector/Run1E2Mu/2016preVFP/Skim_TriLep_MuonEG_C.root
2026-01-12 13:46:25,497 - INFO - [2016preVFP] MISSING_FILE: /home/choij/Sync/workspace/ChargedHiggsAnalysisV3/SKNanoOutput/MatrixSelector/Run1E2Mu/2016preVFP/Skim_TriLep_MuonEG_D.root
2026-01-12 13:46:25,497 - INFO - [2016preVFP] MISSING_FILE: /home/choij/Sync/workspace/ChargedHiggsAnalysisV3/SKNanoOutput/MatrixSelector/Run1E2Mu/2016preVFP/Skim_TriLep_MuonEG_E.root
2026-01-12 13:46:25,498 - INFO - [2016preVFP] MISSING_FILE: /home/choij/Sync/workspace/ChargedHiggsAnalysisV3/SKNanoOutput/MatrixSelector/Run1E2Mu/2016preVFP/Skim_TriLep_MuonEG_F.root
2026-01-12 13:46:25,533 - INFO - [2016preVFP] MISSING_CENTRAL: SR1E2Mu/Central/electrons/1/py in Skim_TriLep_DYJets10to50.root
2026-01-12 13:46:25,828 - INFO - [2016postVFP] MISSING_FILE: /home/choij/Sync/workspace/ChargedHiggsAnalysisV3/SKNanoOutput/MatrixSelector/Run1E2Mu/2016postVFP/Skim_TriLep_MuonEG_F.root
2026-01-12 13:46:25,829 - INFO - [2016postVFP] MISSING_FILE: /home/choij/Sync/workspace/ChargedHiggsAnalysisV3/SKNanoOutput/MatrixSelector/Run1E2Mu/2016postVFP/Skim_TriLep_MuonEG_G.root
2026-01-12 13:46:25,829 - INFO - [2016postVFP] MISSING_FILE: /home/choij/Sync/workspace/ChargedHiggsAnalysisV3/SKNanoOutput/MatrixSelector/Run1E2Mu/2016postVFP/Skim_TriLep_MuonEG_H.root
2026-01-12 13:46:25,848 - INFO - [2016postVFP] MISSING_CENTRAL: SR1E2Mu/Central/electrons/1/py in Skim_TriLep_DYJets10to50.root
2026-01-12 13:46:26,143 - INFO - [2017] MISSING_FILE: /home/choij/Sync/workspace/ChargedHiggsAnalysisV3/SKNanoOutput/MatrixSelector/Run1E2Mu/2017/Skim_TriLep_MuonEG_B.root
2026-01-12 13:46:26,143 - INFO - [2017] MISSING_FILE: /home/choij/Sync/workspace/ChargedHiggsAnalysisV3/SKNanoOutput/MatrixSelector/Run1E2Mu/2017/Skim_TriLep_MuonEG_C.root
2026-01-12 13:46:26,143 - INFO - [2017] MISSING_FILE: /home/choij/Sync/workspace/ChargedHiggsAnalysisV3/SKNanoOutput/MatrixSelector/Run1E2Mu/2017/Skim_TriLep_MuonEG_D.root
2026-01-12 13:46:26,144 - INFO - [2017] MISSING_FILE: /home/choij/Sync/workspace/ChargedHiggsAnalysisV3/SKNanoOutput/MatrixSelector/Run1E2Mu/2017/Skim_TriLep_MuonEG_E.root
2026-01-12 13:46:26,144 - INFO - [2017] MISSING_FILE: /home/choij/Sync/workspace/ChargedHiggsAnalysisV3/SKNanoOutput/MatrixSelector/Run1E2Mu/2017/Skim_TriLep_MuonEG_F.root
2026-01-12 13:46:26,163 - INFO - [2017] MISSING_CENTRAL: SR1E2Mu/Central/electrons/1/py in Skim_TriLep_DYJets10to50.root
2026-01-12 13:46:26,464 - INFO - [2018] MISSING_FILE: /home/choij/Sync/workspace/ChargedHiggsAnalysisV3/SKNanoOutput/MatrixSelector/Run1E2Mu/2018/Skim_TriLep_MuonEG_A.root
2026-01-12 13:46:26,464 - INFO - [2018] MISSING_FILE: /home/choij/Sync/workspace/ChargedHiggsAnalysisV3/SKNanoOutput/MatrixSelector/Run1E2Mu/2018/Skim_TriLep_MuonEG_B.root
2026-01-12 13:46:26,465 - INFO - [2018] MISSING_FILE: /home/choij/Sync/workspace/ChargedHiggsAnalysisV3/SKNanoOutput/MatrixSelector/Run1E2Mu/2018/Skim_TriLep_MuonEG_C.root
2026-01-12 13:46:26,465 - INFO - [2018] MISSING_FILE: /home/choij/Sync/workspace/ChargedHiggsAnalysisV3/SKNanoOutput/MatrixSelector/Run1E2Mu/2018/Skim_TriLep_MuonEG_D.root
2026-01-12 13:46:26,484 - INFO - [2018] MISSING_CENTRAL: SR1E2Mu/Central/electrons/1/py in Skim_TriLep_DYJets10to50.root
2026-01-16 19:01:32,793 - INFO - [2016preVFP] MISSING_CENTRAL: SR1E2Mu/Central/electrons/1/py in Skim_TriLep_DYJets10to50.root
2026-01-16 19:01:33,114 - INFO - [2016postVFP] MISSING_CENTRAL: SR1E2Mu/Central/electrons/1/py in Skim_TriLep_DYJets10to50.root
2026-01-16 19:01:33,454 - INFO - [2017] MISSING_CENTRAL: SR1E2Mu/Central/electrons/1/py in Skim_TriLep_DYJets10to50.root
2026-01-16 19:01:33,795 - INFO - [2018] MISSING_CENTRAL: SR1E2Mu/Central/electrons/1/py in Skim_TriLep_DYJets10to50.root
2026-01-21 13:01:00,383 - INFO - [2016preVFP] MISSING_CENTRAL: SR1E2Mu/Central/electrons/1/py in Skim_TriLep_DYJets10to50.root
2026-01-21 13:01:00,978 - INFO - [2016postVFP] MISSING_CENTRAL: SR1E2Mu/Central/electrons/1/py in Skim_TriLep_DYJets10to50.root
2026-01-21 13:01:01,561 - INFO - [2017] MISSING_CENTRAL: SR1E2Mu/Central/electrons/1/py in Skim_TriLep_DYJets10to50.root
2026-01-21 13:01:02,163 - INFO - [2018] MISSING_CENTRAL: SR1E2Mu/Central/electrons/1/py in Skim_TriLep_DYJets10to50.root
2026-01-21 14:49:34,005 - INFO - [2016preVFP] MISSING_CENTRAL: SR1E2Mu/Central/electrons/1/py in Skim_TriLep_DYJets10to50.root
2026-01-21 14:49:34,341 - INFO - [2016postVFP] MISSING_CENTRAL: SR1E2Mu/Central/electrons/1/py in Skim_TriLep_DYJets10to50.root
2026-01-21 14:49:34,682 - INFO - [2017] MISSING_CENTRAL: SR1E2Mu/Central/electrons/1/py in Skim_TriLep_DYJets10to50.root
2026-01-21 14:49:35,071 - INFO - [2018] MISSING_CENTRAL: SR1E2Mu/Central/electrons/1/py in Skim_TriLep_DYJets10to50.root
2026-01-28 16:08:57,420 - INFO - [2016preVFP] MISSING_CENTRAL: SR1E2Mu/Central/electrons/1/py in Skim_TriLep_DYJets10to50.root
2026-01-28 16:08:57,889 - INFO - [2016postVFP] MISSING_CENTRAL: SR1E2Mu/Central/electrons/1/py in Skim_TriLep_DYJets10to50.root
2026-01-28 16:08:58,387 - INFO - [2017] MISSING_CENTRAL: SR1E2Mu/Central/electrons/1/py in Skim_TriLep_DYJets10to50.root
2026-01-28 16:08:58,854 - INFO - [2018] MISSING_CENTRAL: SR1E2Mu/Central/electrons/1/py in Skim_TriLep_DYJets10to50.root
