2025-09-24 15:52:38,529 - INFO - [2016preVFP] MISSING_CENTRAL: SR1E2Mu/Central/jets/4/energy in Skim_TriLep_MuonEG_E.root
2025-09-24 15:52:38,611 - INFO - [2016preVFP] MISSING_CENTRAL: SR1E2Mu/Central/jets/4/energy in Skim_TriLep_DYJets.root
2025-09-24 15:52:38,611 - INFO - [2016preVFP] MISSING_CENTRAL: SR1E2Mu/Central/jets/4/energy in Skim_TriLep_DYJets10to50.root
2025-09-24 15:52:38,711 - INFO - [2016preVFP] MISSING_CENTRAL: SR1E2Mu/Central/jets/4/energy in Skim_TriLep_WWG.root
2025-09-24 15:52:39,222 - INFO - [2016postVFP] MISSING_CENTRAL: SR1E2Mu/Central/jets/4/energy in Skim_TriLep_DYJets.root
2025-09-24 15:52:39,222 - INFO - [2016postVFP] MISSING_CENTRAL: SR1E2Mu/Central/jets/4/energy in Skim_TriLep_DYJets10to50.root
2025-09-24 15:52:39,266 - INFO - [2016postVFP] MISSING_CENTRAL: SR1E2Mu/Central/jets/4/energy in Skim_TriLep_WWG.root
2025-09-24 15:52:39,778 - INFO - [2017] MISSING_CENTRAL: SR1E2Mu/Central/jets/4/energy in Skim_TriLep_DYJets.root
2025-09-24 15:52:39,778 - INFO - [2017] MISSING_CENTRAL: SR1E2Mu/Central/jets/4/energy in Skim_TriLep_DYJets10to50.root
2025-09-24 15:52:39,982 - INFO - [2018] MISSING_CENTRAL: SR1E2Mu/Central/jets/4/energy in Skim_TriLep_DYJets.root
2025-09-24 15:52:39,982 - INFO - [2018] MISSING_CENTRAL: SR1E2Mu/Central/jets/4/energy in Skim_TriLep_DYJets10to50.root
2025-09-24 15:52:39,997 - INFO - [2018] MISSING_FILE: /Users/choij/Sync/workspace/ChargedHiggsAnalysisV3/SKNanoOutput/PromptSelector/Run1E2Mu_RunSyst/2018/Skim_TriLep_TTG.root
2025-09-24 15:52:40,049 - INFO - [2018] MISSING_FILE: /Users/choij/Sync/workspace/ChargedHiggsAnalysisV3/SKNanoOutput/PromptSelector/Run1E2Mu_RunSyst/2018/Skim_TriLep_TTHToNonbb.root
2025-09-24 15:52:40,120 - INFO - [2018] MISSING_FILE: /Users/choij/Sync/workspace/ChargedHiggsAnalysisV3/SKNanoOutput/PromptSelector/Run1E2Mu_RunSyst/2018/Skim_TriLep_tHq.root
2025-09-24 15:52:40,224 - INFO - [2018] MISSING_FILE: /Users/choij/Sync/workspace/ChargedHiggsAnalysisV3/SKNanoOutput/PromptSelector/Run1E2Mu_RunSyst/2018/Skim_TriLep_VBFHToZZTo4L.root
2025-10-02 21:15:27,809 - INFO - [2016preVFP] MISSING_CENTRAL: SR1E2Mu/Central/jets/4/energy in Skim_TriLep_MuonEG_E.root
2025-10-02 21:15:28,059 - INFO - [2016preVFP] MISSING_CENTRAL: SR1E2Mu/Central/jets/4/energy in Skim_TriLep_DYJets.root
2025-10-02 21:15:28,064 - INFO - [2016preVFP] MISSING_CENTRAL: SR1E2Mu/Central/jets/4/energy in Skim_TriLep_DYJets10to50.root
2025-10-02 21:15:28,141 - INFO - [2016preVFP] MISSING_CENTRAL: SR1E2Mu/Central/jets/4/energy in Skim_TriLep_WWG.root
2025-10-02 21:15:28,636 - INFO - [2016postVFP] MISSING_CENTRAL: SR1E2Mu/Central/jets/4/energy in Skim_TriLep_DYJets.root
2025-10-02 21:15:28,637 - INFO - [2016postVFP] MISSING_CENTRAL: SR1E2Mu/Central/jets/4/energy in Skim_TriLep_DYJets10to50.root
2025-10-02 21:15:28,679 - INFO - [2016postVFP] MISSING_CENTRAL: SR1E2Mu/Central/jets/4/energy in Skim_TriLep_WWG.root
2025-10-02 21:15:29,257 - INFO - [2017] MISSING_CENTRAL: SR1E2Mu/Central/jets/4/energy in Skim_TriLep_DYJets.root
2025-10-02 21:15:29,258 - INFO - [2017] MISSING_CENTRAL: SR1E2Mu/Central/jets/4/energy in Skim_TriLep_DYJets10to50.root
2025-10-02 21:15:29,829 - INFO - [2018] MISSING_CENTRAL: SR1E2Mu/Central/jets/4/energy in Skim_TriLep_DYJets.root
2025-10-02 21:15:29,832 - INFO - [2018] MISSING_CENTRAL: SR1E2Mu/Central/jets/4/energy in Skim_TriLep_DYJets10to50.root
2025-10-02 21:15:29,860 - INFO - [2018] MISSING_FILE: /data9/Users/choij/Sync/workspace/ChargedHiggsAnalysisV3/SKNanoOutput/PromptSelector/Run1E2Mu_RunSyst/2018/Skim_TriLep_TTG.root
2025-10-02 21:15:29,936 - INFO - [2018] MISSING_FILE: /data9/Users/choij/Sync/workspace/ChargedHiggsAnalysisV3/SKNanoOutput/PromptSelector/Run1E2Mu_RunSyst/2018/Skim_TriLep_TTHToNonbb.root
2025-10-02 21:15:30,009 - INFO - [2018] MISSING_FILE: /data9/Users/choij/Sync/workspace/ChargedHiggsAnalysisV3/SKNanoOutput/PromptSelector/Run1E2Mu_RunSyst/2018/Skim_TriLep_tHq.root
2025-10-02 21:15:30,133 - INFO - [2018] MISSING_FILE: /data9/Users/choij/Sync/workspace/ChargedHiggsAnalysisV3/SKNanoOutput/PromptSelector/Run1E2Mu_RunSyst/2018/Skim_TriLep_VBFHToZZTo4L.root
2025-10-03 00:04:51,574 - INFO - [2016preVFP] MISSING_CENTRAL: SR1E2Mu/Central/jets/4/energy in Skim_TriLep_MuonEG_E.root
2025-10-03 00:04:51,642 - INFO - [2016preVFP] MISSING_CENTRAL: SR1E2Mu/Central/jets/4/energy in Skim_TriLep_DYJets.root
2025-10-03 00:04:51,642 - INFO - [2016preVFP] MISSING_CENTRAL: SR1E2Mu/Central/jets/4/energy in Skim_TriLep_DYJets10to50.root
2025-10-03 00:04:51,663 - INFO - [2016preVFP] MISSING_CENTRAL: SR1E2Mu/Central/jets/4/energy in Skim_TriLep_WWG.root
2025-10-03 00:04:52,206 - INFO - [2016postVFP] MISSING_CENTRAL: SR1E2Mu/Central/jets/4/energy in Skim_TriLep_DYJets.root
2025-10-03 00:04:52,206 - INFO - [2016postVFP] MISSING_CENTRAL: SR1E2Mu/Central/jets/4/energy in Skim_TriLep_DYJets10to50.root
2025-10-03 00:04:52,226 - INFO - [2016postVFP] MISSING_CENTRAL: SR1E2Mu/Central/jets/4/energy in Skim_TriLep_WWG.root
2025-10-03 00:04:52,466 - INFO - [2017] MISSING_CENTRAL: SR1E2Mu/Central/jets/4/energy in Skim_TriLep_DYJets.root
2025-10-03 00:04:52,466 - INFO - [2017] MISSING_CENTRAL: SR1E2Mu/Central/jets/4/energy in Skim_TriLep_DYJets10to50.root
2025-10-03 00:04:52,679 - INFO - [2018] MISSING_CENTRAL: SR1E2Mu/Central/jets/4/energy in Skim_TriLep_DYJets.root
2025-10-03 00:04:52,679 - INFO - [2018] MISSING_CENTRAL: SR1E2Mu/Central/jets/4/energy in Skim_TriLep_DYJets10to50.root
2025-10-03 00:04:52,690 - INFO - [2018] MISSING_FILE: /Users/choij/Sync/workspace/ChargedHiggsAnalysisV3/SKNanoOutput/PromptSelector/Run1E2Mu_RunSyst/2018/Skim_TriLep_TTG.root
2025-10-03 00:04:52,722 - INFO - [2018] MISSING_FILE: /Users/choij/Sync/workspace/ChargedHiggsAnalysisV3/SKNanoOutput/PromptSelector/Run1E2Mu_RunSyst/2018/Skim_TriLep_TTHToNonbb.root
2025-10-03 00:04:52,759 - INFO - [2018] MISSING_FILE: /Users/choij/Sync/workspace/ChargedHiggsAnalysisV3/SKNanoOutput/PromptSelector/Run1E2Mu_RunSyst/2018/Skim_TriLep_tHq.root
2025-10-03 00:04:52,833 - INFO - [2018] MISSING_FILE: /Users/choij/Sync/workspace/ChargedHiggsAnalysisV3/SKNanoOutput/PromptSelector/Run1E2Mu_RunSyst/2018/Skim_TriLep_VBFHToZZTo4L.root
