2025-09-24 15:52:37,623 - INFO - [2016preVFP] MISSING_CENTRAL: SR1E2Mu/Central/jets/4/px in Skim_TriLep_MuonEG_E.root
2025-09-24 15:52:37,708 - INFO - [2016preVFP] MISSING_CENTRAL: SR1E2Mu/Central/jets/4/px in Skim_TriLep_DYJets.root
2025-09-24 15:52:37,709 - INFO - [2016preVFP] MISSING_CENTRAL: SR1E2Mu/Central/jets/4/px in Skim_TriLep_DYJets10to50.root
2025-09-24 15:52:37,877 - INFO - [2016preVFP] MISSING_CENTRAL: SR1E2Mu/Central/jets/4/px in Skim_TriLep_WWG.root
2025-09-24 15:52:38,457 - INFO - [2016postVFP] MISSING_CENTRAL: SR1E2Mu/Central/jets/4/px in Skim_TriLep_DYJets.root
2025-09-24 15:52:38,457 - INFO - [2016postVFP] MISSING_CENTRAL: SR1E2Mu/Central/jets/4/px in Skim_TriLep_DYJets10to50.root
2025-09-24 15:52:38,657 - INFO - [2016postVFP] MISSING_CENTRAL: SR1E2Mu/Central/jets/4/px in Skim_TriLep_WWG.root
2025-09-24 15:52:39,280 - INFO - [2017] MISSING_CENTRAL: SR1E2Mu/Central/jets/4/px in Skim_TriLep_DYJets.root
2025-09-24 15:52:39,280 - INFO - [2017] MISSING_CENTRAL: SR1E2Mu/Central/jets/4/px in Skim_TriLep_DYJets10to50.root
2025-09-24 15:52:39,969 - INFO - [2018] MISSING_CENTRAL: SR1E2Mu/Central/jets/4/px in Skim_TriLep_DYJets.root
2025-09-24 15:52:39,970 - INFO - [2018] MISSING_CENTRAL: SR1E2Mu/Central/jets/4/px in Skim_TriLep_DYJets10to50.root
2025-09-24 15:52:39,988 - INFO - [2018] MISSING_FILE: /Users/choij/Sync/workspace/ChargedHiggsAnalysisV3/SKNanoOutput/PromptSelector/Run1E2Mu_RunSyst/2018/Skim_TriLep_TTG.root
2025-09-24 15:52:40,056 - INFO - [2018] MISSING_FILE: /Users/choij/Sync/workspace/ChargedHiggsAnalysisV3/SKNanoOutput/PromptSelector/Run1E2Mu_RunSyst/2018/Skim_TriLep_TTHToNonbb.root
2025-09-24 15:52:40,121 - INFO - [2018] MISSING_FILE: /Users/choij/Sync/workspace/ChargedHiggsAnalysisV3/SKNanoOutput/PromptSelector/Run1E2Mu_RunSyst/2018/Skim_TriLep_tHq.root
2025-09-24 15:52:40,228 - INFO - [2018] MISSING_FILE: /Users/choij/Sync/workspace/ChargedHiggsAnalysisV3/SKNanoOutput/PromptSelector/Run1E2Mu_RunSyst/2018/Skim_TriLep_VBFHToZZTo4L.root
2025-10-02 21:15:27,689 - INFO - [2016preVFP] MISSING_CENTRAL: SR1E2Mu/Central/jets/4/px in Skim_TriLep_MuonEG_E.root
2025-10-02 21:15:27,781 - INFO - [2016preVFP] MISSING_CENTRAL: SR1E2Mu/Central/jets/4/px in Skim_TriLep_DYJets.root
2025-10-02 21:15:27,784 - INFO - [2016preVFP] MISSING_CENTRAL: SR1E2Mu/Central/jets/4/px in Skim_TriLep_DYJets10to50.root
2025-10-02 21:15:27,962 - INFO - [2016preVFP] MISSING_CENTRAL: SR1E2Mu/Central/jets/4/px in Skim_TriLep_WWG.root
2025-10-02 21:15:28,612 - INFO - [2016postVFP] MISSING_CENTRAL: SR1E2Mu/Central/jets/4/px in Skim_TriLep_DYJets.root
2025-10-02 21:15:28,613 - INFO - [2016postVFP] MISSING_CENTRAL: SR1E2Mu/Central/jets/4/px in Skim_TriLep_DYJets10to50.root
2025-10-02 21:15:28,670 - INFO - [2016postVFP] MISSING_CENTRAL: SR1E2Mu/Central/jets/4/px in Skim_TriLep_WWG.root
2025-10-02 21:15:29,430 - INFO - [2017] MISSING_CENTRAL: SR1E2Mu/Central/jets/4/px in Skim_TriLep_DYJets.root
2025-10-02 21:15:29,435 - INFO - [2017] MISSING_CENTRAL: SR1E2Mu/Central/jets/4/px in Skim_TriLep_DYJets10to50.root
2025-10-02 21:15:30,139 - INFO - [2018] MISSING_CENTRAL: SR1E2Mu/Central/jets/4/px in Skim_TriLep_DYJets.root
2025-10-02 21:15:30,141 - INFO - [2018] MISSING_CENTRAL: SR1E2Mu/Central/jets/4/px in Skim_TriLep_DYJets10to50.root
2025-10-02 21:15:30,179 - INFO - [2018] MISSING_FILE: /data9/Users/choij/Sync/workspace/ChargedHiggsAnalysisV3/SKNanoOutput/PromptSelector/Run1E2Mu_RunSyst/2018/Skim_TriLep_TTG.root
2025-10-02 21:15:30,279 - INFO - [2018] MISSING_FILE: /data9/Users/choij/Sync/workspace/ChargedHiggsAnalysisV3/SKNanoOutput/PromptSelector/Run1E2Mu_RunSyst/2018/Skim_TriLep_TTHToNonbb.root
2025-10-02 21:15:30,384 - INFO - [2018] MISSING_FILE: /data9/Users/choij/Sync/workspace/ChargedHiggsAnalysisV3/SKNanoOutput/PromptSelector/Run1E2Mu_RunSyst/2018/Skim_TriLep_tHq.root
2025-10-02 21:15:30,563 - INFO - [2018] MISSING_FILE: /data9/Users/choij/Sync/workspace/ChargedHiggsAnalysisV3/SKNanoOutput/PromptSelector/Run1E2Mu_RunSyst/2018/Skim_TriLep_VBFHToZZTo4L.root
2025-10-03 00:04:50,487 - INFO - [2016preVFP] MISSING_CENTRAL: SR1E2Mu/Central/jets/4/px in Skim_TriLep_MuonEG_E.root
2025-10-03 00:04:50,534 - INFO - [2016preVFP] MISSING_CENTRAL: SR1E2Mu/Central/jets/4/px in Skim_TriLep_DYJets.root
2025-10-03 00:04:50,535 - INFO - [2016preVFP] MISSING_CENTRAL: SR1E2Mu/Central/jets/4/px in Skim_TriLep_DYJets10to50.root
2025-10-03 00:04:50,585 - INFO - [2016preVFP] MISSING_CENTRAL: SR1E2Mu/Central/jets/4/px in Skim_TriLep_WWG.root
2025-10-03 00:04:51,541 - INFO - [2016postVFP] MISSING_CENTRAL: SR1E2Mu/Central/jets/4/px in Skim_TriLep_DYJets.root
2025-10-03 00:04:51,541 - INFO - [2016postVFP] MISSING_CENTRAL: SR1E2Mu/Central/jets/4/px in Skim_TriLep_DYJets10to50.root
2025-10-03 00:04:51,680 - INFO - [2016postVFP] MISSING_CENTRAL: SR1E2Mu/Central/jets/4/px in Skim_TriLep_WWG.root
2025-10-03 00:04:52,322 - INFO - [2017] MISSING_CENTRAL: SR1E2Mu/Central/jets/4/px in Skim_TriLep_DYJets.root
2025-10-03 00:04:52,327 - INFO - [2017] MISSING_CENTRAL: SR1E2Mu/Central/jets/4/px in Skim_TriLep_DYJets10to50.root
2025-10-03 00:04:52,633 - INFO - [2018] MISSING_CENTRAL: SR1E2Mu/Central/jets/4/px in Skim_TriLep_DYJets.root
2025-10-03 00:04:52,634 - INFO - [2018] MISSING_CENTRAL: SR1E2Mu/Central/jets/4/px in Skim_TriLep_DYJets10to50.root
2025-10-03 00:04:52,655 - INFO - [2018] MISSING_FILE: /Users/choij/Sync/workspace/ChargedHiggsAnalysisV3/SKNanoOutput/PromptSelector/Run1E2Mu_RunSyst/2018/Skim_TriLep_TTG.root
2025-10-03 00:04:52,713 - INFO - [2018] MISSING_FILE: /Users/choij/Sync/workspace/ChargedHiggsAnalysisV3/SKNanoOutput/PromptSelector/Run1E2Mu_RunSyst/2018/Skim_TriLep_TTHToNonbb.root
2025-10-03 00:04:52,770 - INFO - [2018] MISSING_FILE: /Users/choij/Sync/workspace/ChargedHiggsAnalysisV3/SKNanoOutput/PromptSelector/Run1E2Mu_RunSyst/2018/Skim_TriLep_tHq.root
2025-10-03 00:04:52,850 - INFO - [2018] MISSING_FILE: /Users/choij/Sync/workspace/ChargedHiggsAnalysisV3/SKNanoOutput/PromptSelector/Run1E2Mu_RunSyst/2018/Skim_TriLep_VBFHToZZTo4L.root
2025-11-05 20:29:13,176 - INFO - [2016preVFP] MISSING_CENTRAL: SR1E2Mu/Central/jets/4/px in Skim_TriLep_MuonEG_E.root
2025-11-05 20:29:13,245 - INFO - [2016preVFP] MISSING_CENTRAL: SR1E2Mu/Central/jets/4/px in Skim_TriLep_DYJets.root
2025-11-05 20:29:13,245 - INFO - [2016preVFP] MISSING_CENTRAL: SR1E2Mu/Central/jets/4/px in Skim_TriLep_DYJets10to50.root
2025-11-05 20:29:13,284 - INFO - [2016preVFP] MISSING_CENTRAL: SR1E2Mu/Central/jets/4/px in Skim_TriLep_WWG.root
2025-11-05 20:29:13,610 - INFO - [2016postVFP] MISSING_CENTRAL: SR1E2Mu/Central/jets/4/px in Skim_TriLep_DYJets.root
2025-11-05 20:29:13,611 - INFO - [2016postVFP] MISSING_CENTRAL: SR1E2Mu/Central/jets/4/px in Skim_TriLep_DYJets10to50.root
2025-11-05 20:29:13,648 - INFO - [2016postVFP] MISSING_CENTRAL: SR1E2Mu/Central/jets/4/px in Skim_TriLep_WWG.root
2025-11-05 20:29:14,010 - INFO - [2017] MISSING_CENTRAL: SR1E2Mu/Central/jets/4/px in Skim_TriLep_DYJets.root
2025-11-05 20:29:14,011 - INFO - [2017] MISSING_CENTRAL: SR1E2Mu/Central/jets/4/px in Skim_TriLep_DYJets10to50.root
2025-11-05 20:29:14,340 - INFO - [2018] MISSING_CENTRAL: SR1E2Mu/Central/jets/4/px in Skim_TriLep_DYJets.root
2025-11-05 20:29:14,341 - INFO - [2018] MISSING_CENTRAL: SR1E2Mu/Central/jets/4/px in Skim_TriLep_DYJets10to50.root
2025-11-05 21:39:33,907 - INFO - [2016preVFP] MISSING_CENTRAL: SR1E2Mu/Central/jets/4/px in Skim_TriLep_MuonEG_E.root
2025-11-05 21:39:33,976 - INFO - [2016preVFP] MISSING_CENTRAL: SR1E2Mu/Central/jets/4/px in Skim_TriLep_DYJets.root
2025-11-05 21:39:33,976 - INFO - [2016preVFP] MISSING_CENTRAL: SR1E2Mu/Central/jets/4/px in Skim_TriLep_DYJets10to50.root
2025-11-05 21:39:34,022 - INFO - [2016preVFP] MISSING_CENTRAL: SR1E2Mu/Central/jets/4/px in Skim_TriLep_WWG.root
2025-11-05 21:39:34,360 - INFO - [2016postVFP] MISSING_CENTRAL: SR1E2Mu/Central/jets/4/px in Skim_TriLep_DYJets.root
2025-11-05 21:39:34,361 - INFO - [2016postVFP] MISSING_CENTRAL: SR1E2Mu/Central/jets/4/px in Skim_TriLep_DYJets10to50.root
2025-11-05 21:39:34,399 - INFO - [2016postVFP] MISSING_CENTRAL: SR1E2Mu/Central/jets/4/px in Skim_TriLep_WWG.root
2025-11-05 21:39:34,736 - INFO - [2017] MISSING_CENTRAL: SR1E2Mu/Central/jets/4/px in Skim_TriLep_DYJets.root
2025-11-05 21:39:34,736 - INFO - [2017] MISSING_CENTRAL: SR1E2Mu/Central/jets/4/px in Skim_TriLep_DYJets10to50.root
2025-11-05 21:39:35,066 - INFO - [2018] MISSING_CENTRAL: SR1E2Mu/Central/jets/4/px in Skim_TriLep_DYJets.root
2025-11-05 21:39:35,067 - INFO - [2018] MISSING_CENTRAL: SR1E2Mu/Central/jets/4/px in Skim_TriLep_DYJets10to50.root
2025-11-05 22:03:23,469 - INFO - [2016preVFP] MISSING_CENTRAL: SR1E2Mu/Central/jets/4/px in Skim_TriLep_MuonEG_E.root
2025-11-05 22:03:23,529 - INFO - [2016preVFP] MISSING_CENTRAL: SR1E2Mu/Central/jets/4/px in Skim_TriLep_DYJets.root
2025-11-05 22:03:23,529 - INFO - [2016preVFP] MISSING_CENTRAL: SR1E2Mu/Central/jets/4/px in Skim_TriLep_DYJets10to50.root
2025-11-05 22:03:23,565 - INFO - [2016preVFP] MISSING_CENTRAL: SR1E2Mu/Central/jets/4/px in Skim_TriLep_WWG.root
2025-11-05 22:03:23,821 - INFO - [2016postVFP] MISSING_CENTRAL: SR1E2Mu/Central/jets/4/px in Skim_TriLep_DYJets.root
2025-11-05 22:03:23,821 - INFO - [2016postVFP] MISSING_CENTRAL: SR1E2Mu/Central/jets/4/px in Skim_TriLep_DYJets10to50.root
2025-11-05 22:03:23,858 - INFO - [2016postVFP] MISSING_CENTRAL: SR1E2Mu/Central/jets/4/px in Skim_TriLep_WWG.root
2025-11-05 22:03:24,118 - INFO - [2017] MISSING_CENTRAL: SR1E2Mu/Central/jets/4/px in Skim_TriLep_DYJets.root
2025-11-05 22:03:24,118 - INFO - [2017] MISSING_CENTRAL: SR1E2Mu/Central/jets/4/px in Skim_TriLep_DYJets10to50.root
2025-11-05 22:03:24,474 - INFO - [2018] MISSING_CENTRAL: SR1E2Mu/Central/jets/4/px in Skim_TriLep_DYJets.root
2025-11-05 22:03:24,475 - INFO - [2018] MISSING_CENTRAL: SR1E2Mu/Central/jets/4/px in Skim_TriLep_DYJets10to50.root
2025-11-05 22:19:08,474 - INFO - [2016preVFP] MISSING_CENTRAL: SR1E2Mu/Central/jets/4/px in Skim_TriLep_MuonEG_E.root
2025-11-05 22:19:08,522 - INFO - [2016preVFP] MISSING_CENTRAL: SR1E2Mu/Central/jets/4/px in Skim_TriLep_DYJets.root
2025-11-05 22:19:08,523 - INFO - [2016preVFP] MISSING_CENTRAL: SR1E2Mu/Central/jets/4/px in Skim_TriLep_DYJets10to50.root
2025-11-05 22:19:08,557 - INFO - [2016preVFP] MISSING_CENTRAL: SR1E2Mu/Central/jets/4/px in Skim_TriLep_WWG.root
2025-11-05 22:19:08,864 - INFO - [2016postVFP] MISSING_CENTRAL: SR1E2Mu/Central/jets/4/px in Skim_TriLep_DYJets.root
2025-11-05 22:19:08,865 - INFO - [2016postVFP] MISSING_CENTRAL: SR1E2Mu/Central/jets/4/px in Skim_TriLep_DYJets10to50.root
2025-11-05 22:19:08,900 - INFO - [2016postVFP] MISSING_CENTRAL: SR1E2Mu/Central/jets/4/px in Skim_TriLep_WWG.root
2025-11-05 22:19:09,225 - INFO - [2017] MISSING_CENTRAL: SR1E2Mu/Central/jets/4/px in Skim_TriLep_DYJets.root
2025-11-05 22:19:09,226 - INFO - [2017] MISSING_CENTRAL: SR1E2Mu/Central/jets/4/px in Skim_TriLep_DYJets10to50.root
2025-11-05 22:19:09,554 - INFO - [2018] MISSING_CENTRAL: SR1E2Mu/Central/jets/4/px in Skim_TriLep_DYJets.root
2025-11-05 22:19:09,554 - INFO - [2018] MISSING_CENTRAL: SR1E2Mu/Central/jets/4/px in Skim_TriLep_DYJets10to50.root
2025-11-05 23:23:41,931 - INFO - [2016preVFP] MISSING_CENTRAL: SR1E2Mu/Central/jets/4/px in Skim_TriLep_MuonEG_E.root
2025-11-05 23:23:41,983 - INFO - [2016preVFP] MISSING_CENTRAL: SR1E2Mu/Central/jets/4/px in Skim_TriLep_DYJets.root
2025-11-05 23:23:41,984 - INFO - [2016preVFP] MISSING_CENTRAL: SR1E2Mu/Central/jets/4/px in Skim_TriLep_DYJets10to50.root
2025-11-05 23:23:42,023 - INFO - [2016preVFP] MISSING_CENTRAL: SR1E2Mu/Central/jets/4/px in Skim_TriLep_WWG.root
2025-11-05 23:23:42,343 - INFO - [2016postVFP] MISSING_CENTRAL: SR1E2Mu/Central/jets/4/px in Skim_TriLep_DYJets.root
2025-11-05 23:23:42,343 - INFO - [2016postVFP] MISSING_CENTRAL: SR1E2Mu/Central/jets/4/px in Skim_TriLep_DYJets10to50.root
2025-11-05 23:23:42,399 - INFO - [2016postVFP] MISSING_CENTRAL: SR1E2Mu/Central/jets/4/px in Skim_TriLep_WWG.root
2025-11-05 23:23:42,769 - INFO - [2017] MISSING_CENTRAL: SR1E2Mu/Central/jets/4/px in Skim_TriLep_DYJets.root
2025-11-05 23:23:42,770 - INFO - [2017] MISSING_CENTRAL: SR1E2Mu/Central/jets/4/px in Skim_TriLep_DYJets10to50.root
2025-11-05 23:23:43,100 - INFO - [2018] MISSING_CENTRAL: SR1E2Mu/Central/jets/4/px in Skim_TriLep_DYJets.root
2025-11-05 23:23:43,101 - INFO - [2018] MISSING_CENTRAL: SR1E2Mu/Central/jets/4/px in Skim_TriLep_DYJets10to50.root
2025-11-07 12:26:53,443 - INFO - [2016preVFP] MISSING_CENTRAL: SR1E2Mu/Central/jets/4/px in Skim_TriLep_MuonEG_E.root
2025-11-07 12:26:53,530 - INFO - [2016preVFP] MISSING_CENTRAL: SR1E2Mu/Central/jets/4/px in Skim_TriLep_DYJets.root
2025-11-07 12:26:53,530 - INFO - [2016preVFP] MISSING_CENTRAL: SR1E2Mu/Central/jets/4/px in Skim_TriLep_DYJets10to50.root
2025-11-07 12:26:53,602 - INFO - [2016preVFP] MISSING_CENTRAL: SR1E2Mu/Central/jets/4/px in Skim_TriLep_WWG.root
2025-11-07 12:26:53,886 - INFO - [2016postVFP] MISSING_CENTRAL: SR1E2Mu/Central/jets/4/px in Skim_TriLep_DYJets.root
2025-11-07 12:26:53,887 - INFO - [2016postVFP] MISSING_CENTRAL: SR1E2Mu/Central/jets/4/px in Skim_TriLep_DYJets10to50.root
2025-11-07 12:26:53,921 - INFO - [2016postVFP] MISSING_CENTRAL: SR1E2Mu/Central/jets/4/px in Skim_TriLep_WWG.root
2025-11-07 12:26:54,268 - INFO - [2017] MISSING_CENTRAL: SR1E2Mu/Central/jets/4/px in Skim_TriLep_DYJets.root
2025-11-07 12:26:54,268 - INFO - [2017] MISSING_CENTRAL: SR1E2Mu/Central/jets/4/px in Skim_TriLep_DYJets10to50.root
2025-11-07 12:26:54,596 - INFO - [2018] MISSING_CENTRAL: SR1E2Mu/Central/jets/4/px in Skim_TriLep_DYJets.root
2025-11-07 12:26:54,597 - INFO - [2018] MISSING_CENTRAL: SR1E2Mu/Central/jets/4/px in Skim_TriLep_DYJets10to50.root
2025-11-07 13:07:27,258 - INFO - [2016preVFP] MISSING_CENTRAL: SR1E2Mu/Central/jets/4/px in Skim_TriLep_MuonEG_E.root
2025-11-07 13:07:27,314 - INFO - [2016preVFP] MISSING_CENTRAL: SR1E2Mu/Central/jets/4/px in Skim_TriLep_DYJets.root
2025-11-07 13:07:27,314 - INFO - [2016preVFP] MISSING_CENTRAL: SR1E2Mu/Central/jets/4/px in Skim_TriLep_DYJets10to50.root
2025-11-07 13:07:27,348 - INFO - [2016preVFP] MISSING_CENTRAL: SR1E2Mu/Central/jets/4/px in Skim_TriLep_WWG.root
2025-11-07 13:07:27,630 - INFO - [2016postVFP] MISSING_CENTRAL: SR1E2Mu/Central/jets/4/px in Skim_TriLep_DYJets.root
2025-11-07 13:07:27,630 - INFO - [2016postVFP] MISSING_CENTRAL: SR1E2Mu/Central/jets/4/px in Skim_TriLep_DYJets10to50.root
2025-11-07 13:07:27,666 - INFO - [2016postVFP] MISSING_CENTRAL: SR1E2Mu/Central/jets/4/px in Skim_TriLep_WWG.root
2025-11-07 13:07:28,125 - INFO - [2017] MISSING_CENTRAL: SR1E2Mu/Central/jets/4/px in Skim_TriLep_DYJets.root
2025-11-07 13:07:28,125 - INFO - [2017] MISSING_CENTRAL: SR1E2Mu/Central/jets/4/px in Skim_TriLep_DYJets10to50.root
2025-11-07 13:07:28,441 - INFO - [2018] MISSING_CENTRAL: SR1E2Mu/Central/jets/4/px in Skim_TriLep_DYJets.root
2025-11-07 13:07:28,442 - INFO - [2018] MISSING_CENTRAL: SR1E2Mu/Central/jets/4/px in Skim_TriLep_DYJets10to50.root
2025-11-07 14:05:45,396 - INFO - [2016preVFP] MISSING_CENTRAL: SR1E2Mu/Central/jets/4/px in Skim_TriLep_MuonEG_E.root
2025-11-07 14:05:45,451 - INFO - [2016preVFP] MISSING_CENTRAL: SR1E2Mu/Central/jets/4/px in Skim_TriLep_DYJets.root
2025-11-07 14:05:45,451 - INFO - [2016preVFP] MISSING_CENTRAL: SR1E2Mu/Central/jets/4/px in Skim_TriLep_DYJets10to50.root
2025-11-07 14:05:45,488 - INFO - [2016preVFP] MISSING_CENTRAL: SR1E2Mu/Central/jets/4/px in Skim_TriLep_WWG.root
2025-11-07 14:05:45,793 - INFO - [2016postVFP] MISSING_CENTRAL: SR1E2Mu/Central/jets/4/px in Skim_TriLep_DYJets.root
2025-11-07 14:05:45,793 - INFO - [2016postVFP] MISSING_CENTRAL: SR1E2Mu/Central/jets/4/px in Skim_TriLep_DYJets10to50.root
2025-11-07 14:05:45,828 - INFO - [2016postVFP] MISSING_CENTRAL: SR1E2Mu/Central/jets/4/px in Skim_TriLep_WWG.root
2025-11-07 14:05:46,159 - INFO - [2017] MISSING_CENTRAL: SR1E2Mu/Central/jets/4/px in Skim_TriLep_DYJets.root
2025-11-07 14:05:46,160 - INFO - [2017] MISSING_CENTRAL: SR1E2Mu/Central/jets/4/px in Skim_TriLep_DYJets10to50.root
2025-11-07 14:05:46,481 - INFO - [2018] MISSING_CENTRAL: SR1E2Mu/Central/jets/4/px in Skim_TriLep_DYJets.root
2025-11-07 14:05:46,482 - INFO - [2018] MISSING_CENTRAL: SR1E2Mu/Central/jets/4/px in Skim_TriLep_DYJets10to50.root
2025-11-10 05:58:12,151 - INFO - [2016preVFP] MISSING_CENTRAL: SR1E2Mu/Central/jets/4/px in Skim_TriLep_MuonEG_E.root
2025-11-10 05:58:12,237 - INFO - [2016preVFP] MISSING_CENTRAL: SR1E2Mu/Central/jets/4/px in Skim_TriLep_DYJets.root
2025-11-10 05:58:12,239 - INFO - [2016preVFP] MISSING_CENTRAL: SR1E2Mu/Central/jets/4/px in Skim_TriLep_DYJets10to50.root
2025-11-10 05:58:12,320 - INFO - [2016preVFP] MISSING_CENTRAL: SR1E2Mu/Central/jets/4/px in Skim_TriLep_WWG.root
2025-11-10 05:58:12,596 - INFO - [2016postVFP] MISSING_CENTRAL: SR1E2Mu/Central/jets/4/px in Skim_TriLep_DYJets.root
2025-11-10 05:58:12,601 - INFO - [2016postVFP] MISSING_CENTRAL: SR1E2Mu/Central/jets/4/px in Skim_TriLep_DYJets10to50.root
2025-11-10 05:58:12,640 - INFO - [2016postVFP] MISSING_CENTRAL: SR1E2Mu/Central/jets/4/px in Skim_TriLep_WWG.root
2025-11-10 05:58:13,206 - INFO - [2017] MISSING_CENTRAL: SR1E2Mu/Central/jets/4/px in Skim_TriLep_DYJets.root
2025-11-10 05:58:13,207 - INFO - [2017] MISSING_CENTRAL: SR1E2Mu/Central/jets/4/px in Skim_TriLep_DYJets10to50.root
2025-11-10 05:58:13,907 - INFO - [2018] MISSING_CENTRAL: SR1E2Mu/Central/jets/4/px in Skim_TriLep_DYJets.root
2025-11-10 05:58:13,908 - INFO - [2018] MISSING_CENTRAL: SR1E2Mu/Central/jets/4/px in Skim_TriLep_DYJets10to50.root
2025-11-10 12:20:48,842 - INFO - [2016preVFP] MISSING_CENTRAL: SR1E2Mu/Central/jets/4/px in Skim_TriLep_MuonEG_E.root
2025-11-10 12:20:48,901 - INFO - [2016preVFP] MISSING_CENTRAL: SR1E2Mu/Central/jets/4/px in Skim_TriLep_DYJets.root
2025-11-10 12:20:48,903 - INFO - [2016preVFP] MISSING_CENTRAL: SR1E2Mu/Central/jets/4/px in Skim_TriLep_DYJets10to50.root
2025-11-10 12:20:48,962 - INFO - [2016preVFP] MISSING_CENTRAL: SR1E2Mu/Central/jets/4/px in Skim_TriLep_WWG.root
2025-11-10 12:20:49,208 - INFO - [2016postVFP] MISSING_CENTRAL: SR1E2Mu/Central/jets/4/px in Skim_TriLep_DYJets.root
2025-11-10 12:20:49,209 - INFO - [2016postVFP] MISSING_CENTRAL: SR1E2Mu/Central/jets/4/px in Skim_TriLep_DYJets10to50.root
2025-11-10 12:20:49,245 - INFO - [2016postVFP] MISSING_CENTRAL: SR1E2Mu/Central/jets/4/px in Skim_TriLep_WWG.root
2025-11-10 12:20:49,606 - INFO - [2017] MISSING_CENTRAL: SR1E2Mu/Central/jets/4/px in Skim_TriLep_DYJets.root
2025-11-10 12:20:49,607 - INFO - [2017] MISSING_CENTRAL: SR1E2Mu/Central/jets/4/px in Skim_TriLep_DYJets10to50.root
2025-11-10 12:20:50,012 - INFO - [2018] MISSING_CENTRAL: SR1E2Mu/Central/jets/4/px in Skim_TriLep_DYJets.root
2025-11-10 12:20:50,012 - INFO - [2018] MISSING_CENTRAL: SR1E2Mu/Central/jets/4/px in Skim_TriLep_DYJets10to50.root
2025-11-13 11:10:18,366 - INFO - [2016preVFP] MISSING_CENTRAL: SR1E2Mu/Central/jets/4/px in Skim_TriLep_MuonEG_E.root
2025-11-13 11:10:18,497 - INFO - [2016preVFP] MISSING_CENTRAL: SR1E2Mu/Central/jets/4/px in Skim_TriLep_DYJets.root
2025-11-13 11:10:18,498 - INFO - [2016preVFP] MISSING_CENTRAL: SR1E2Mu/Central/jets/4/px in Skim_TriLep_DYJets10to50.root
2025-11-13 11:10:18,568 - INFO - [2016preVFP] MISSING_CENTRAL: SR1E2Mu/Central/jets/4/px in Skim_TriLep_WWG.root
2025-11-13 11:10:19,253 - INFO - [2016postVFP] MISSING_CENTRAL: SR1E2Mu/Central/jets/4/px in Skim_TriLep_DYJets.root
2025-11-13 11:10:19,255 - INFO - [2016postVFP] MISSING_CENTRAL: SR1E2Mu/Central/jets/4/px in Skim_TriLep_DYJets10to50.root
2025-11-13 11:10:19,320 - INFO - [2016postVFP] MISSING_CENTRAL: SR1E2Mu/Central/jets/4/px in Skim_TriLep_WWG.root
2025-11-13 11:10:20,128 - INFO - [2017] MISSING_CENTRAL: SR1E2Mu/Central/jets/4/px in Skim_TriLep_DYJets.root
2025-11-13 11:10:20,129 - INFO - [2017] MISSING_CENTRAL: SR1E2Mu/Central/jets/4/px in Skim_TriLep_DYJets10to50.root
2025-11-13 11:10:21,154 - INFO - [2018] MISSING_CENTRAL: SR1E2Mu/Central/jets/4/px in Skim_TriLep_DYJets.root
2025-11-13 11:10:21,155 - INFO - [2018] MISSING_CENTRAL: SR1E2Mu/Central/jets/4/px in Skim_TriLep_DYJets10to50.root
2025-11-19 16:23:12,077 - INFO - [2016preVFP] MISSING_CENTRAL: SR1E2Mu/Central/jets/4/px in Skim_TriLep_MuonEG_E.root
2025-11-19 16:23:12,147 - INFO - [2016preVFP] MISSING_CENTRAL: SR1E2Mu/Central/jets/4/px in Skim_TriLep_DYJets.root
2025-11-19 16:23:12,147 - INFO - [2016preVFP] MISSING_CENTRAL: SR1E2Mu/Central/jets/4/px in Skim_TriLep_DYJets10to50.root
2025-11-19 16:23:12,183 - INFO - [2016preVFP] MISSING_CENTRAL: SR1E2Mu/Central/jets/4/px in Skim_TriLep_WWG.root
2025-11-19 16:23:12,563 - INFO - [2016postVFP] MISSING_CENTRAL: SR1E2Mu/Central/jets/4/px in Skim_TriLep_DYJets.root
2025-11-19 16:23:12,564 - INFO - [2016postVFP] MISSING_CENTRAL: SR1E2Mu/Central/jets/4/px in Skim_TriLep_DYJets10to50.root
2025-11-19 16:23:12,598 - INFO - [2016postVFP] MISSING_CENTRAL: SR1E2Mu/Central/jets/4/px in Skim_TriLep_WWG.root
2025-11-19 16:23:12,905 - INFO - [2017] MISSING_CENTRAL: SR1E2Mu/Central/jets/4/px in Skim_TriLep_DYJets.root
2025-11-19 16:23:12,905 - INFO - [2017] MISSING_CENTRAL: SR1E2Mu/Central/jets/4/px in Skim_TriLep_DYJets10to50.root
2025-11-19 16:23:13,259 - INFO - [2018] MISSING_CENTRAL: SR1E2Mu/Central/jets/4/px in Skim_TriLep_DYJets.root
2025-11-19 16:23:13,260 - INFO - [2018] MISSING_CENTRAL: SR1E2Mu/Central/jets/4/px in Skim_TriLep_DYJets10to50.root
