2025-09-24 15:52:33,678 - INFO - [2016preVFP] MISSING_CENTRAL: SR1E2Mu/Central/jets/3/pz in Skim_TriLep_DYJets.root
2025-09-24 15:52:33,679 - INFO - [2016preVFP] MISSING_CENTRAL: SR1E2Mu/Central/jets/3/pz in Skim_TriLep_DYJets10to50.root
2025-09-24 15:52:33,750 - INFO - [2016preVFP] MISSING_CENTRAL: SR1E2Mu/Central/jets/3/pz in Skim_TriLep_WWG.root
2025-09-24 15:52:34,532 - INFO - [2016postVFP] MISSING_CENTRAL: SR1E2Mu/Central/jets/3/pz in Skim_TriLep_DYJets10to50.root
2025-09-24 15:52:35,050 - INFO - [2017] MISSING_CENTRAL: SR1E2Mu/Central/jets/3/pz in Skim_TriLep_DYJets.root
2025-09-24 15:52:35,050 - INFO - [2017] MISSING_CENTRAL: SR1E2Mu/Central/jets/3/pz in Skim_TriLep_DYJets10to50.root
2025-09-24 15:52:35,619 - INFO - [2018] MISSING_CENTRAL: SR1E2Mu/Central/jets/3/pz in Skim_TriLep_DYJets10to50.root
2025-09-24 15:52:35,732 - INFO - [2018] MISSING_FILE: /Users/choij/Sync/workspace/ChargedHiggsAnalysisV3/SKNanoOutput/PromptSelector/Run1E2Mu_RunSyst/2018/Skim_TriLep_TTG.root
2025-09-24 15:52:35,856 - INFO - [2018] MISSING_FILE: /Users/choij/Sync/workspace/ChargedHiggsAnalysisV3/SKNanoOutput/PromptSelector/Run1E2Mu_RunSyst/2018/Skim_TriLep_TTHToNonbb.root
2025-09-24 15:52:35,939 - INFO - [2018] MISSING_FILE: /Users/choij/Sync/workspace/ChargedHiggsAnalysisV3/SKNanoOutput/PromptSelector/Run1E2Mu_RunSyst/2018/Skim_TriLep_tHq.root
2025-09-24 15:52:36,062 - INFO - [2018] MISSING_FILE: /Users/choij/Sync/workspace/ChargedHiggsAnalysisV3/SKNanoOutput/PromptSelector/Run1E2Mu_RunSyst/2018/Skim_TriLep_VBFHToZZTo4L.root
2025-10-02 21:15:27,034 - INFO - [2016preVFP] MISSING_CENTRAL: SR1E2Mu/Central/jets/3/pz in Skim_TriLep_DYJets.root
2025-10-02 21:15:27,045 - INFO - [2016preVFP] MISSING_CENTRAL: SR1E2Mu/Central/jets/3/pz in Skim_TriLep_DYJets10to50.root
2025-10-02 21:15:27,188 - INFO - [2016preVFP] MISSING_CENTRAL: SR1E2Mu/Central/jets/3/pz in Skim_TriLep_WWG.root
2025-10-02 21:15:28,263 - INFO - [2016postVFP] MISSING_CENTRAL: SR1E2Mu/Central/jets/3/pz in Skim_TriLep_DYJets10to50.root
2025-10-02 21:15:29,267 - INFO - [2017] MISSING_CENTRAL: SR1E2Mu/Central/jets/3/pz in Skim_TriLep_DYJets.root
2025-10-02 21:15:29,270 - INFO - [2017] MISSING_CENTRAL: SR1E2Mu/Central/jets/3/pz in Skim_TriLep_DYJets10to50.root
2025-10-02 21:15:30,169 - INFO - [2018] MISSING_CENTRAL: SR1E2Mu/Central/jets/3/pz in Skim_TriLep_DYJets10to50.root
2025-10-02 21:15:30,248 - INFO - [2018] MISSING_FILE: /data9/Users/choij/Sync/workspace/ChargedHiggsAnalysisV3/SKNanoOutput/PromptSelector/Run1E2Mu_RunSyst/2018/Skim_TriLep_TTG.root
2025-10-02 21:15:30,478 - INFO - [2018] MISSING_FILE: /data9/Users/choij/Sync/workspace/ChargedHiggsAnalysisV3/SKNanoOutput/PromptSelector/Run1E2Mu_RunSyst/2018/Skim_TriLep_TTHToNonbb.root
2025-10-02 21:15:30,795 - INFO - [2018] MISSING_FILE: /data9/Users/choij/Sync/workspace/ChargedHiggsAnalysisV3/SKNanoOutput/PromptSelector/Run1E2Mu_RunSyst/2018/Skim_TriLep_tHq.root
2025-10-02 21:15:31,103 - INFO - [2018] MISSING_FILE: /data9/Users/choij/Sync/workspace/ChargedHiggsAnalysisV3/SKNanoOutput/PromptSelector/Run1E2Mu_RunSyst/2018/Skim_TriLep_VBFHToZZTo4L.root
2025-10-03 00:04:47,066 - INFO - [2016preVFP] MISSING_CENTRAL: SR1E2Mu/Central/jets/3/pz in Skim_TriLep_DYJets.root
2025-10-03 00:04:47,067 - INFO - [2016preVFP] MISSING_CENTRAL: SR1E2Mu/Central/jets/3/pz in Skim_TriLep_DYJets10to50.root
2025-10-03 00:04:47,255 - INFO - [2016preVFP] MISSING_CENTRAL: SR1E2Mu/Central/jets/3/pz in Skim_TriLep_WWG.root
2025-10-03 00:04:48,026 - INFO - [2016postVFP] MISSING_CENTRAL: SR1E2Mu/Central/jets/3/pz in Skim_TriLep_DYJets10to50.root
2025-10-03 00:04:48,747 - INFO - [2017] MISSING_CENTRAL: SR1E2Mu/Central/jets/3/pz in Skim_TriLep_DYJets.root
2025-10-03 00:04:48,747 - INFO - [2017] MISSING_CENTRAL: SR1E2Mu/Central/jets/3/pz in Skim_TriLep_DYJets10to50.root
2025-10-03 00:04:49,088 - INFO - [2018] MISSING_CENTRAL: SR1E2Mu/Central/jets/3/pz in Skim_TriLep_DYJets10to50.root
2025-10-03 00:04:49,103 - INFO - [2018] MISSING_FILE: /Users/choij/Sync/workspace/ChargedHiggsAnalysisV3/SKNanoOutput/PromptSelector/Run1E2Mu_RunSyst/2018/Skim_TriLep_TTG.root
2025-10-03 00:04:49,167 - INFO - [2018] MISSING_FILE: /Users/choij/Sync/workspace/ChargedHiggsAnalysisV3/SKNanoOutput/PromptSelector/Run1E2Mu_RunSyst/2018/Skim_TriLep_TTHToNonbb.root
2025-10-03 00:04:49,235 - INFO - [2018] MISSING_FILE: /Users/choij/Sync/workspace/ChargedHiggsAnalysisV3/SKNanoOutput/PromptSelector/Run1E2Mu_RunSyst/2018/Skim_TriLep_tHq.root
2025-10-03 00:04:49,329 - INFO - [2018] MISSING_FILE: /Users/choij/Sync/workspace/ChargedHiggsAnalysisV3/SKNanoOutput/PromptSelector/Run1E2Mu_RunSyst/2018/Skim_TriLep_VBFHToZZTo4L.root
