2025-09-24 15:52:30,580 - INFO - [2016preVFP] MISSING_CENTRAL: SR1E2Mu/Central/jets/3/pt in Skim_TriLep_DYJets.root
2025-09-24 15:52:30,581 - INFO - [2016preVFP] MISSING_CENTRAL: SR1E2Mu/Central/jets/3/pt in Skim_TriLep_DYJets10to50.root
2025-09-24 15:52:30,602 - INFO - [2016preVFP] MISSING_CENTRAL: SR1E2Mu/Central/jets/3/pt in Skim_TriLep_WWG.root
2025-09-24 15:52:30,939 - INFO - [2016postVFP] MISSING_CENTRAL: SR1E2Mu/Central/jets/3/pt in Skim_TriLep_DYJets10to50.root
2025-09-24 15:52:31,164 - INFO - [2017] MISSING_CENTRAL: SR1E2Mu/Central/jets/3/pt in Skim_TriLep_DYJets.root
2025-09-24 15:52:31,165 - INFO - [2017] MISSING_CENTRAL: SR1E2Mu/Central/jets/3/pt in Skim_TriLep_DYJets10to50.root
2025-09-24 15:52:31,425 - INFO - [2018] MISSING_CENTRAL: SR1E2Mu/Central/jets/3/pt in Skim_TriLep_DYJets10to50.root
2025-09-24 15:52:31,440 - INFO - [2018] MISSING_FILE: /Users/choij/Sync/workspace/ChargedHiggsAnalysisV3/SKNanoOutput/PromptSelector/Run1E2Mu_RunSyst/2018/Skim_TriLep_TTG.root
2025-09-24 15:52:31,502 - INFO - [2018] MISSING_FILE: /Users/choij/Sync/workspace/ChargedHiggsAnalysisV3/SKNanoOutput/PromptSelector/Run1E2Mu_RunSyst/2018/Skim_TriLep_TTHToNonbb.root
2025-09-24 15:52:31,554 - INFO - [2018] MISSING_FILE: /Users/choij/Sync/workspace/ChargedHiggsAnalysisV3/SKNanoOutput/PromptSelector/Run1E2Mu_RunSyst/2018/Skim_TriLep_tHq.root
2025-09-24 15:52:31,635 - INFO - [2018] MISSING_FILE: /Users/choij/Sync/workspace/ChargedHiggsAnalysisV3/SKNanoOutput/PromptSelector/Run1E2Mu_RunSyst/2018/Skim_TriLep_VBFHToZZTo4L.root
2025-10-02 21:15:20,209 - INFO - [2016preVFP] MISSING_CENTRAL: SR1E2Mu/Central/jets/3/pt in Skim_TriLep_DYJets.root
2025-10-02 21:15:20,218 - INFO - [2016preVFP] MISSING_CENTRAL: SR1E2Mu/Central/jets/3/pt in Skim_TriLep_DYJets10to50.root
2025-10-02 21:15:20,354 - INFO - [2016preVFP] MISSING_CENTRAL: SR1E2Mu/Central/jets/3/pt in Skim_TriLep_WWG.root
2025-10-02 21:15:21,019 - INFO - [2016postVFP] MISSING_CENTRAL: SR1E2Mu/Central/jets/3/pt in Skim_TriLep_DYJets10to50.root
2025-10-02 21:15:21,545 - INFO - [2017] MISSING_CENTRAL: SR1E2Mu/Central/jets/3/pt in Skim_TriLep_DYJets.root
2025-10-02 21:15:21,561 - INFO - [2017] MISSING_CENTRAL: SR1E2Mu/Central/jets/3/pt in Skim_TriLep_DYJets10to50.root
2025-10-02 21:15:22,200 - INFO - [2018] MISSING_CENTRAL: SR1E2Mu/Central/jets/3/pt in Skim_TriLep_DYJets10to50.root
2025-10-02 21:15:22,224 - INFO - [2018] MISSING_FILE: /data9/Users/choij/Sync/workspace/ChargedHiggsAnalysisV3/SKNanoOutput/PromptSelector/Run1E2Mu_RunSyst/2018/Skim_TriLep_TTG.root
2025-10-02 21:15:22,308 - INFO - [2018] MISSING_FILE: /data9/Users/choij/Sync/workspace/ChargedHiggsAnalysisV3/SKNanoOutput/PromptSelector/Run1E2Mu_RunSyst/2018/Skim_TriLep_TTHToNonbb.root
2025-10-02 21:15:22,411 - INFO - [2018] MISSING_FILE: /data9/Users/choij/Sync/workspace/ChargedHiggsAnalysisV3/SKNanoOutput/PromptSelector/Run1E2Mu_RunSyst/2018/Skim_TriLep_tHq.root
2025-10-02 21:15:22,589 - INFO - [2018] MISSING_FILE: /data9/Users/choij/Sync/workspace/ChargedHiggsAnalysisV3/SKNanoOutput/PromptSelector/Run1E2Mu_RunSyst/2018/Skim_TriLep_VBFHToZZTo4L.root
2025-10-03 00:04:43,699 - INFO - [2016preVFP] MISSING_CENTRAL: SR1E2Mu/Central/jets/3/pt in Skim_TriLep_DYJets.root
2025-10-03 00:04:43,700 - INFO - [2016preVFP] MISSING_CENTRAL: SR1E2Mu/Central/jets/3/pt in Skim_TriLep_DYJets10to50.root
2025-10-03 00:04:43,724 - INFO - [2016preVFP] MISSING_CENTRAL: SR1E2Mu/Central/jets/3/pt in Skim_TriLep_WWG.root
2025-10-03 00:04:44,159 - INFO - [2016postVFP] MISSING_CENTRAL: SR1E2Mu/Central/jets/3/pt in Skim_TriLep_DYJets10to50.root
2025-10-03 00:04:44,409 - INFO - [2017] MISSING_CENTRAL: SR1E2Mu/Central/jets/3/pt in Skim_TriLep_DYJets.root
2025-10-03 00:04:44,409 - INFO - [2017] MISSING_CENTRAL: SR1E2Mu/Central/jets/3/pt in Skim_TriLep_DYJets10to50.root
2025-10-03 00:04:44,650 - INFO - [2018] MISSING_CENTRAL: SR1E2Mu/Central/jets/3/pt in Skim_TriLep_DYJets10to50.root
2025-10-03 00:04:44,660 - INFO - [2018] MISSING_FILE: /Users/choij/Sync/workspace/ChargedHiggsAnalysisV3/SKNanoOutput/PromptSelector/Run1E2Mu_RunSyst/2018/Skim_TriLep_TTG.root
2025-10-03 00:04:44,701 - INFO - [2018] MISSING_FILE: /Users/choij/Sync/workspace/ChargedHiggsAnalysisV3/SKNanoOutput/PromptSelector/Run1E2Mu_RunSyst/2018/Skim_TriLep_TTHToNonbb.root
2025-10-03 00:04:44,754 - INFO - [2018] MISSING_FILE: /Users/choij/Sync/workspace/ChargedHiggsAnalysisV3/SKNanoOutput/PromptSelector/Run1E2Mu_RunSyst/2018/Skim_TriLep_tHq.root
2025-10-03 00:04:44,903 - INFO - [2018] MISSING_FILE: /Users/choij/Sync/workspace/ChargedHiggsAnalysisV3/SKNanoOutput/PromptSelector/Run1E2Mu_RunSyst/2018/Skim_TriLep_VBFHToZZTo4L.root
