2025-09-24 15:52:30,705 - INFO - [2016preVFP] MISSING_CENTRAL: SR1E2Mu/Central/jets/2/pz in Skim_TriLep_DYJets10to50.root
2025-09-24 15:52:31,075 - INFO - [2016postVFP] MISSING_CENTRAL: SR1E2Mu/Central/jets/2/pz in Skim_TriLep_DYJets10to50.root
2025-09-24 15:52:31,421 - INFO - [2017] MISSING_CENTRAL: SR1E2Mu/Central/jets/2/pz in Skim_TriLep_DYJets10to50.root
2025-09-24 15:52:31,772 - INFO - [2018] MISSING_CENTRAL: SR1E2Mu/Central/jets/2/pz in Skim_TriLep_DYJets10to50.root
2025-09-24 15:52:31,805 - INFO - [2018] MISSING_FILE: /Users/choij/Sync/workspace/ChargedHiggsAnalysisV3/SKNanoOutput/PromptSelector/Run1E2Mu_RunSyst/2018/Skim_TriLep_TTG.root
2025-09-24 15:52:31,954 - INFO - [2018] MISSING_FILE: /Users/choij/Sync/workspace/ChargedHiggsAnalysisV3/SKNanoOutput/PromptSelector/Run1E2Mu_RunSyst/2018/Skim_TriLep_TTHToNonbb.root
2025-09-24 15:52:32,186 - INFO - [2018] MISSING_FILE: /Users/choij/Sync/workspace/ChargedHiggsAnalysisV3/SKNanoOutput/PromptSelector/Run1E2Mu_RunSyst/2018/Skim_TriLep_tHq.root
2025-09-24 15:52:32,384 - INFO - [2018] MISSING_FILE: /Users/choij/Sync/workspace/ChargedHiggsAnalysisV3/SKNanoOutput/PromptSelector/Run1E2Mu_RunSyst/2018/Skim_TriLep_VBFHToZZTo4L.root
2025-10-02 21:15:21,990 - INFO - [2016preVFP] MISSING_CENTRAL: SR1E2Mu/Central/jets/2/pz in Skim_TriLep_DYJets10to50.root
2025-10-02 21:15:22,824 - INFO - [2016postVFP] MISSING_CENTRAL: SR1E2Mu/Central/jets/2/pz in Skim_TriLep_DYJets10to50.root
2025-10-02 21:15:23,473 - INFO - [2017] MISSING_CENTRAL: SR1E2Mu/Central/jets/2/pz in Skim_TriLep_DYJets10to50.root
2025-10-02 21:15:24,146 - INFO - [2018] MISSING_CENTRAL: SR1E2Mu/Central/jets/2/pz in Skim_TriLep_DYJets10to50.root
2025-10-02 21:15:24,178 - INFO - [2018] MISSING_FILE: /data9/Users/choij/Sync/workspace/ChargedHiggsAnalysisV3/SKNanoOutput/PromptSelector/Run1E2Mu_RunSyst/2018/Skim_TriLep_TTG.root
2025-10-02 21:15:24,281 - INFO - [2018] MISSING_FILE: /data9/Users/choij/Sync/workspace/ChargedHiggsAnalysisV3/SKNanoOutput/PromptSelector/Run1E2Mu_RunSyst/2018/Skim_TriLep_TTHToNonbb.root
2025-10-02 21:15:24,408 - INFO - [2018] MISSING_FILE: /data9/Users/choij/Sync/workspace/ChargedHiggsAnalysisV3/SKNanoOutput/PromptSelector/Run1E2Mu_RunSyst/2018/Skim_TriLep_tHq.root
2025-10-02 21:15:24,571 - INFO - [2018] MISSING_FILE: /data9/Users/choij/Sync/workspace/ChargedHiggsAnalysisV3/SKNanoOutput/PromptSelector/Run1E2Mu_RunSyst/2018/Skim_TriLep_VBFHToZZTo4L.root
2025-10-03 00:04:43,212 - INFO - [2016preVFP] MISSING_CENTRAL: SR1E2Mu/Central/jets/2/pz in Skim_TriLep_DYJets10to50.root
2025-10-03 00:04:44,083 - INFO - [2016postVFP] MISSING_CENTRAL: SR1E2Mu/Central/jets/2/pz in Skim_TriLep_DYJets10to50.root
2025-10-03 00:04:44,540 - INFO - [2017] MISSING_CENTRAL: SR1E2Mu/Central/jets/2/pz in Skim_TriLep_DYJets10to50.root
2025-10-03 00:04:45,113 - INFO - [2018] MISSING_CENTRAL: SR1E2Mu/Central/jets/2/pz in Skim_TriLep_DYJets10to50.root
2025-10-03 00:04:45,144 - INFO - [2018] MISSING_FILE: /Users/choij/Sync/workspace/ChargedHiggsAnalysisV3/SKNanoOutput/PromptSelector/Run1E2Mu_RunSyst/2018/Skim_TriLep_TTG.root
2025-10-03 00:04:45,238 - INFO - [2018] MISSING_FILE: /Users/choij/Sync/workspace/ChargedHiggsAnalysisV3/SKNanoOutput/PromptSelector/Run1E2Mu_RunSyst/2018/Skim_TriLep_TTHToNonbb.root
2025-10-03 00:04:45,308 - INFO - [2018] MISSING_FILE: /Users/choij/Sync/workspace/ChargedHiggsAnalysisV3/SKNanoOutput/PromptSelector/Run1E2Mu_RunSyst/2018/Skim_TriLep_tHq.root
2025-10-03 00:04:45,388 - INFO - [2018] MISSING_FILE: /Users/choij/Sync/workspace/ChargedHiggsAnalysisV3/SKNanoOutput/PromptSelector/Run1E2Mu_RunSyst/2018/Skim_TriLep_VBFHToZZTo4L.root
