2025-09-24 15:52:51,043 - INFO - [2016preVFP] MISSING_CENTRAL: SR1E2Mu/Central/MHc-160_MA-85/score_diboson in Skim_TriLep_MuonEG_B.root
2025-09-24 15:52:51,043 - INFO - [2016preVFP] MISSING_CENTRAL: SR1E2Mu/Central/MHc-160_MA-85/score_diboson in Skim_TriLep_MuonEG_C.root
2025-09-24 15:52:51,044 - INFO - [2016preVFP] MISSING_CENTRAL: SR1E2Mu/Central/MHc-160_MA-85/score_diboson in Skim_TriLep_MuonEG_D.root
2025-09-24 15:52:51,044 - INFO - [2016preVFP] MISSING_CENTRAL: SR1E2Mu/Central/MHc-160_MA-85/score_diboson in Skim_TriLep_MuonEG_E.root
2025-09-24 15:52:51,044 - INFO - [2016preVFP] MISSING_CENTRAL: SR1E2Mu/Central/MHc-160_MA-85/score_diboson in Skim_TriLep_MuonEG_F.root
2025-09-24 15:52:51,044 - INFO - [2016postVFP] MISSING_CENTRAL: SR1E2Mu/Central/MHc-160_MA-85/score_diboson in Skim_TriLep_MuonEG_F.root
2025-09-24 15:52:51,045 - INFO - [2016postVFP] MISSING_CENTRAL: SR1E2Mu/Central/MHc-160_MA-85/score_diboson in Skim_TriLep_MuonEG_G.root
2025-09-24 15:52:51,045 - INFO - [2016postVFP] MISSING_CENTRAL: SR1E2Mu/Central/MHc-160_MA-85/score_diboson in Skim_TriLep_MuonEG_H.root
2025-09-24 15:52:51,045 - INFO - [2017] MISSING_CENTRAL: SR1E2Mu/Central/MHc-160_MA-85/score_diboson in Skim_TriLep_MuonEG_B.root
2025-09-24 15:52:51,045 - INFO - [2017] MISSING_CENTRAL: SR1E2Mu/Central/MHc-160_MA-85/score_diboson in Skim_TriLep_MuonEG_C.root
2025-09-24 15:52:51,046 - INFO - [2017] MISSING_CENTRAL: SR1E2Mu/Central/MHc-160_MA-85/score_diboson in Skim_TriLep_MuonEG_D.root
2025-09-24 15:52:51,046 - INFO - [2017] MISSING_CENTRAL: SR1E2Mu/Central/MHc-160_MA-85/score_diboson in Skim_TriLep_MuonEG_E.root
2025-09-24 15:52:51,046 - INFO - [2017] MISSING_CENTRAL: SR1E2Mu/Central/MHc-160_MA-85/score_diboson in Skim_TriLep_MuonEG_F.root
2025-09-24 15:52:51,046 - INFO - [2018] MISSING_CENTRAL: SR1E2Mu/Central/MHc-160_MA-85/score_diboson in Skim_TriLep_MuonEG_A.root
2025-09-24 15:52:51,046 - INFO - [2018] MISSING_CENTRAL: SR1E2Mu/Central/MHc-160_MA-85/score_diboson in Skim_TriLep_MuonEG_B.root
2025-09-24 15:52:51,047 - INFO - [2018] MISSING_CENTRAL: SR1E2Mu/Central/MHc-160_MA-85/score_diboson in Skim_TriLep_MuonEG_C.root
2025-09-24 15:52:51,047 - INFO - [2018] MISSING_CENTRAL: SR1E2Mu/Central/MHc-160_MA-85/score_diboson in Skim_TriLep_MuonEG_D.root
2025-10-02 21:15:33,613 - INFO - [2016preVFP] MISSING_CENTRAL: SR1E2Mu/Central/MHc-160_MA-85/score_diboson in Skim_TriLep_MuonEG_B.root
2025-10-02 21:15:33,613 - INFO - [2016preVFP] MISSING_CENTRAL: SR1E2Mu/Central/MHc-160_MA-85/score_diboson in Skim_TriLep_MuonEG_C.root
2025-10-02 21:15:33,614 - INFO - [2016preVFP] MISSING_CENTRAL: SR1E2Mu/Central/MHc-160_MA-85/score_diboson in Skim_TriLep_MuonEG_D.root
2025-10-02 21:15:33,615 - INFO - [2016preVFP] MISSING_CENTRAL: SR1E2Mu/Central/MHc-160_MA-85/score_diboson in Skim_TriLep_MuonEG_E.root
2025-10-02 21:15:33,615 - INFO - [2016preVFP] MISSING_CENTRAL: SR1E2Mu/Central/MHc-160_MA-85/score_diboson in Skim_TriLep_MuonEG_F.root
2025-10-02 21:15:33,616 - INFO - [2016postVFP] MISSING_CENTRAL: SR1E2Mu/Central/MHc-160_MA-85/score_diboson in Skim_TriLep_MuonEG_F.root
2025-10-02 21:15:33,616 - INFO - [2016postVFP] MISSING_CENTRAL: SR1E2Mu/Central/MHc-160_MA-85/score_diboson in Skim_TriLep_MuonEG_G.root
2025-10-02 21:15:33,617 - INFO - [2016postVFP] MISSING_CENTRAL: SR1E2Mu/Central/MHc-160_MA-85/score_diboson in Skim_TriLep_MuonEG_H.root
2025-10-02 21:15:33,618 - INFO - [2017] MISSING_CENTRAL: SR1E2Mu/Central/MHc-160_MA-85/score_diboson in Skim_TriLep_MuonEG_B.root
2025-10-02 21:15:33,618 - INFO - [2017] MISSING_CENTRAL: SR1E2Mu/Central/MHc-160_MA-85/score_diboson in Skim_TriLep_MuonEG_C.root
2025-10-02 21:15:33,619 - INFO - [2017] MISSING_CENTRAL: SR1E2Mu/Central/MHc-160_MA-85/score_diboson in Skim_TriLep_MuonEG_D.root
2025-10-02 21:15:33,619 - INFO - [2017] MISSING_CENTRAL: SR1E2Mu/Central/MHc-160_MA-85/score_diboson in Skim_TriLep_MuonEG_E.root
2025-10-02 21:15:33,620 - INFO - [2017] MISSING_CENTRAL: SR1E2Mu/Central/MHc-160_MA-85/score_diboson in Skim_TriLep_MuonEG_F.root
2025-10-02 21:15:33,620 - INFO - [2018] MISSING_CENTRAL: SR1E2Mu/Central/MHc-160_MA-85/score_diboson in Skim_TriLep_MuonEG_A.root
2025-10-02 21:15:33,621 - INFO - [2018] MISSING_CENTRAL: SR1E2Mu/Central/MHc-160_MA-85/score_diboson in Skim_TriLep_MuonEG_B.root
2025-10-02 21:15:33,621 - INFO - [2018] MISSING_CENTRAL: SR1E2Mu/Central/MHc-160_MA-85/score_diboson in Skim_TriLep_MuonEG_C.root
2025-10-02 21:15:33,622 - INFO - [2018] MISSING_CENTRAL: SR1E2Mu/Central/MHc-160_MA-85/score_diboson in Skim_TriLep_MuonEG_D.root
2025-10-03 00:05:03,234 - INFO - [2016preVFP] MISSING_CENTRAL: SR1E2Mu/Central/MHc-160_MA-85/score_diboson in Skim_TriLep_MuonEG_B.root
2025-10-03 00:05:03,235 - INFO - [2016preVFP] MISSING_CENTRAL: SR1E2Mu/Central/MHc-160_MA-85/score_diboson in Skim_TriLep_MuonEG_C.root
2025-10-03 00:05:03,235 - INFO - [2016preVFP] MISSING_CENTRAL: SR1E2Mu/Central/MHc-160_MA-85/score_diboson in Skim_TriLep_MuonEG_D.root
2025-10-03 00:05:03,235 - INFO - [2016preVFP] MISSING_CENTRAL: SR1E2Mu/Central/MHc-160_MA-85/score_diboson in Skim_TriLep_MuonEG_E.root
2025-10-03 00:05:03,235 - INFO - [2016preVFP] MISSING_CENTRAL: SR1E2Mu/Central/MHc-160_MA-85/score_diboson in Skim_TriLep_MuonEG_F.root
2025-10-03 00:05:03,235 - INFO - [2016postVFP] MISSING_CENTRAL: SR1E2Mu/Central/MHc-160_MA-85/score_diboson in Skim_TriLep_MuonEG_F.root
2025-10-03 00:05:03,236 - INFO - [2016postVFP] MISSING_CENTRAL: SR1E2Mu/Central/MHc-160_MA-85/score_diboson in Skim_TriLep_MuonEG_G.root
2025-10-03 00:05:03,236 - INFO - [2016postVFP] MISSING_CENTRAL: SR1E2Mu/Central/MHc-160_MA-85/score_diboson in Skim_TriLep_MuonEG_H.root
2025-10-03 00:05:03,236 - INFO - [2017] MISSING_CENTRAL: SR1E2Mu/Central/MHc-160_MA-85/score_diboson in Skim_TriLep_MuonEG_B.root
2025-10-03 00:05:03,236 - INFO - [2017] MISSING_CENTRAL: SR1E2Mu/Central/MHc-160_MA-85/score_diboson in Skim_TriLep_MuonEG_C.root
2025-10-03 00:05:03,237 - INFO - [2017] MISSING_CENTRAL: SR1E2Mu/Central/MHc-160_MA-85/score_diboson in Skim_TriLep_MuonEG_D.root
2025-10-03 00:05:03,237 - INFO - [2017] MISSING_CENTRAL: SR1E2Mu/Central/MHc-160_MA-85/score_diboson in Skim_TriLep_MuonEG_E.root
2025-10-03 00:05:03,237 - INFO - [2017] MISSING_CENTRAL: SR1E2Mu/Central/MHc-160_MA-85/score_diboson in Skim_TriLep_MuonEG_F.root
2025-10-03 00:05:03,237 - INFO - [2018] MISSING_CENTRAL: SR1E2Mu/Central/MHc-160_MA-85/score_diboson in Skim_TriLep_MuonEG_A.root
2025-10-03 00:05:03,237 - INFO - [2018] MISSING_CENTRAL: SR1E2Mu/Central/MHc-160_MA-85/score_diboson in Skim_TriLep_MuonEG_B.root
2025-10-03 00:05:03,238 - INFO - [2018] MISSING_CENTRAL: SR1E2Mu/Central/MHc-160_MA-85/score_diboson in Skim_TriLep_MuonEG_C.root
2025-10-03 00:05:03,238 - INFO - [2018] MISSING_CENTRAL: SR1E2Mu/Central/MHc-160_MA-85/score_diboson in Skim_TriLep_MuonEG_D.root
2025-11-05 20:29:19,614 - INFO - [2016preVFP] MISSING_CENTRAL: SR1E2Mu/Central/MHc-160_MA-85/score_diboson in Skim_TriLep_MuonEG_B.root
2025-11-05 20:29:19,615 - INFO - [2016preVFP] MISSING_CENTRAL: SR1E2Mu/Central/MHc-160_MA-85/score_diboson in Skim_TriLep_MuonEG_C.root
2025-11-05 20:29:19,615 - INFO - [2016preVFP] MISSING_CENTRAL: SR1E2Mu/Central/MHc-160_MA-85/score_diboson in Skim_TriLep_MuonEG_D.root
2025-11-05 20:29:19,615 - INFO - [2016preVFP] MISSING_CENTRAL: SR1E2Mu/Central/MHc-160_MA-85/score_diboson in Skim_TriLep_MuonEG_E.root
2025-11-05 20:29:19,616 - INFO - [2016preVFP] MISSING_CENTRAL: SR1E2Mu/Central/MHc-160_MA-85/score_diboson in Skim_TriLep_MuonEG_F.root
2025-11-05 20:29:19,616 - INFO - [2016postVFP] MISSING_CENTRAL: SR1E2Mu/Central/MHc-160_MA-85/score_diboson in Skim_TriLep_MuonEG_F.root
2025-11-05 20:29:19,616 - INFO - [2016postVFP] MISSING_CENTRAL: SR1E2Mu/Central/MHc-160_MA-85/score_diboson in Skim_TriLep_MuonEG_G.root
2025-11-05 20:29:19,617 - INFO - [2016postVFP] MISSING_CENTRAL: SR1E2Mu/Central/MHc-160_MA-85/score_diboson in Skim_TriLep_MuonEG_H.root
2025-11-05 20:29:19,617 - INFO - [2017] MISSING_CENTRAL: SR1E2Mu/Central/MHc-160_MA-85/score_diboson in Skim_TriLep_MuonEG_B.root
2025-11-05 20:29:19,617 - INFO - [2017] MISSING_CENTRAL: SR1E2Mu/Central/MHc-160_MA-85/score_diboson in Skim_TriLep_MuonEG_C.root
2025-11-05 20:29:19,618 - INFO - [2017] MISSING_CENTRAL: SR1E2Mu/Central/MHc-160_MA-85/score_diboson in Skim_TriLep_MuonEG_D.root
2025-11-05 20:29:19,618 - INFO - [2017] MISSING_CENTRAL: SR1E2Mu/Central/MHc-160_MA-85/score_diboson in Skim_TriLep_MuonEG_E.root
2025-11-05 20:29:19,618 - INFO - [2017] MISSING_CENTRAL: SR1E2Mu/Central/MHc-160_MA-85/score_diboson in Skim_TriLep_MuonEG_F.root
2025-11-05 20:29:19,618 - INFO - [2018] MISSING_CENTRAL: SR1E2Mu/Central/MHc-160_MA-85/score_diboson in Skim_TriLep_MuonEG_A.root
2025-11-05 20:29:19,619 - INFO - [2018] MISSING_CENTRAL: SR1E2Mu/Central/MHc-160_MA-85/score_diboson in Skim_TriLep_MuonEG_B.root
2025-11-05 20:29:19,619 - INFO - [2018] MISSING_CENTRAL: SR1E2Mu/Central/MHc-160_MA-85/score_diboson in Skim_TriLep_MuonEG_C.root
2025-11-05 20:29:19,619 - INFO - [2018] MISSING_CENTRAL: SR1E2Mu/Central/MHc-160_MA-85/score_diboson in Skim_TriLep_MuonEG_D.root
