2025-09-24 15:52:49,313 - INFO - [2016preVFP] MISSING_CENTRAL: SR1E2Mu/Central/MHc-100_MA-95/score in Skim_TriLep_MuonEG_B.root
2025-09-24 15:52:49,313 - INFO - [2016preVFP] MISSING_CENTRAL: SR1E2Mu/Central/MHc-100_MA-95/score in Skim_TriLep_MuonEG_C.root
2025-09-24 15:52:49,314 - INFO - [2016preVFP] MISSING_CENTRAL: SR1E2Mu/Central/MHc-100_MA-95/score in Skim_TriLep_MuonEG_D.root
2025-09-24 15:52:49,314 - INFO - [2016preVFP] MISSING_CENTRAL: SR1E2Mu/Central/MHc-100_MA-95/score in Skim_TriLep_MuonEG_E.root
2025-09-24 15:52:49,314 - INFO - [2016preVFP] MISSING_CENTRAL: SR1E2Mu/Central/MHc-100_MA-95/score in Skim_TriLep_MuonEG_F.root
2025-09-24 15:52:49,314 - INFO - [2016postVFP] MISSING_CENTRAL: SR1E2Mu/Central/MHc-100_MA-95/score in Skim_TriLep_MuonEG_F.root
2025-09-24 15:52:49,314 - INFO - [2016postVFP] MISSING_CENTRAL: SR1E2Mu/Central/MHc-100_MA-95/score in Skim_TriLep_MuonEG_G.root
2025-09-24 15:52:49,315 - INFO - [2016postVFP] MISSING_CENTRAL: SR1E2Mu/Central/MHc-100_MA-95/score in Skim_TriLep_MuonEG_H.root
2025-09-24 15:52:49,315 - INFO - [2017] MISSING_CENTRAL: SR1E2Mu/Central/MHc-100_MA-95/score in Skim_TriLep_MuonEG_B.root
2025-09-24 15:52:49,315 - INFO - [2017] MISSING_CENTRAL: SR1E2Mu/Central/MHc-100_MA-95/score in Skim_TriLep_MuonEG_C.root
2025-09-24 15:52:49,315 - INFO - [2017] MISSING_CENTRAL: SR1E2Mu/Central/MHc-100_MA-95/score in Skim_TriLep_MuonEG_D.root
2025-09-24 15:52:49,316 - INFO - [2017] MISSING_CENTRAL: SR1E2Mu/Central/MHc-100_MA-95/score in Skim_TriLep_MuonEG_E.root
2025-09-24 15:52:49,316 - INFO - [2017] MISSING_CENTRAL: SR1E2Mu/Central/MHc-100_MA-95/score in Skim_TriLep_MuonEG_F.root
2025-09-24 15:52:49,316 - INFO - [2018] MISSING_CENTRAL: SR1E2Mu/Central/MHc-100_MA-95/score in Skim_TriLep_MuonEG_A.root
2025-09-24 15:52:49,316 - INFO - [2018] MISSING_CENTRAL: SR1E2Mu/Central/MHc-100_MA-95/score in Skim_TriLep_MuonEG_B.root
2025-09-24 15:52:49,316 - INFO - [2018] MISSING_CENTRAL: SR1E2Mu/Central/MHc-100_MA-95/score in Skim_TriLep_MuonEG_C.root
2025-09-24 15:52:49,317 - INFO - [2018] MISSING_CENTRAL: SR1E2Mu/Central/MHc-100_MA-95/score in Skim_TriLep_MuonEG_D.root
2025-10-02 21:15:32,603 - INFO - [2016preVFP] MISSING_CENTRAL: SR1E2Mu/Central/MHc-100_MA-95/score in Skim_TriLep_MuonEG_B.root
2025-10-02 21:15:32,604 - INFO - [2016preVFP] MISSING_CENTRAL: SR1E2Mu/Central/MHc-100_MA-95/score in Skim_TriLep_MuonEG_C.root
2025-10-02 21:15:32,606 - INFO - [2016preVFP] MISSING_CENTRAL: SR1E2Mu/Central/MHc-100_MA-95/score in Skim_TriLep_MuonEG_D.root
2025-10-02 21:15:32,607 - INFO - [2016preVFP] MISSING_CENTRAL: SR1E2Mu/Central/MHc-100_MA-95/score in Skim_TriLep_MuonEG_E.root
2025-10-02 21:15:32,608 - INFO - [2016preVFP] MISSING_CENTRAL: SR1E2Mu/Central/MHc-100_MA-95/score in Skim_TriLep_MuonEG_F.root
2025-10-02 21:15:32,609 - INFO - [2016postVFP] MISSING_CENTRAL: SR1E2Mu/Central/MHc-100_MA-95/score in Skim_TriLep_MuonEG_F.root
2025-10-02 21:15:32,610 - INFO - [2016postVFP] MISSING_CENTRAL: SR1E2Mu/Central/MHc-100_MA-95/score in Skim_TriLep_MuonEG_G.root
2025-10-02 21:15:32,611 - INFO - [2016postVFP] MISSING_CENTRAL: SR1E2Mu/Central/MHc-100_MA-95/score in Skim_TriLep_MuonEG_H.root
2025-10-02 21:15:32,613 - INFO - [2017] MISSING_CENTRAL: SR1E2Mu/Central/MHc-100_MA-95/score in Skim_TriLep_MuonEG_B.root
2025-10-02 21:15:32,614 - INFO - [2017] MISSING_CENTRAL: SR1E2Mu/Central/MHc-100_MA-95/score in Skim_TriLep_MuonEG_C.root
2025-10-02 21:15:32,628 - INFO - [2017] MISSING_CENTRAL: SR1E2Mu/Central/MHc-100_MA-95/score in Skim_TriLep_MuonEG_D.root
2025-10-02 21:15:32,629 - INFO - [2017] MISSING_CENTRAL: SR1E2Mu/Central/MHc-100_MA-95/score in Skim_TriLep_MuonEG_E.root
2025-10-02 21:15:32,629 - INFO - [2017] MISSING_CENTRAL: SR1E2Mu/Central/MHc-100_MA-95/score in Skim_TriLep_MuonEG_F.root
2025-10-02 21:15:32,630 - INFO - [2018] MISSING_CENTRAL: SR1E2Mu/Central/MHc-100_MA-95/score in Skim_TriLep_MuonEG_A.root
2025-10-02 21:15:32,631 - INFO - [2018] MISSING_CENTRAL: SR1E2Mu/Central/MHc-100_MA-95/score in Skim_TriLep_MuonEG_B.root
2025-10-02 21:15:32,632 - INFO - [2018] MISSING_CENTRAL: SR1E2Mu/Central/MHc-100_MA-95/score in Skim_TriLep_MuonEG_C.root
2025-10-02 21:15:32,633 - INFO - [2018] MISSING_CENTRAL: SR1E2Mu/Central/MHc-100_MA-95/score in Skim_TriLep_MuonEG_D.root
2025-10-03 00:05:02,002 - INFO - [2016preVFP] MISSING_CENTRAL: SR1E2Mu/Central/MHc-100_MA-95/score in Skim_TriLep_MuonEG_B.root
2025-10-03 00:05:02,002 - INFO - [2016preVFP] MISSING_CENTRAL: SR1E2Mu/Central/MHc-100_MA-95/score in Skim_TriLep_MuonEG_C.root
2025-10-03 00:05:02,003 - INFO - [2016preVFP] MISSING_CENTRAL: SR1E2Mu/Central/MHc-100_MA-95/score in Skim_TriLep_MuonEG_D.root
2025-10-03 00:05:02,003 - INFO - [2016preVFP] MISSING_CENTRAL: SR1E2Mu/Central/MHc-100_MA-95/score in Skim_TriLep_MuonEG_E.root
2025-10-03 00:05:02,003 - INFO - [2016preVFP] MISSING_CENTRAL: SR1E2Mu/Central/MHc-100_MA-95/score in Skim_TriLep_MuonEG_F.root
2025-10-03 00:05:02,003 - INFO - [2016postVFP] MISSING_CENTRAL: SR1E2Mu/Central/MHc-100_MA-95/score in Skim_TriLep_MuonEG_F.root
2025-10-03 00:05:02,004 - INFO - [2016postVFP] MISSING_CENTRAL: SR1E2Mu/Central/MHc-100_MA-95/score in Skim_TriLep_MuonEG_G.root
2025-10-03 00:05:02,004 - INFO - [2016postVFP] MISSING_CENTRAL: SR1E2Mu/Central/MHc-100_MA-95/score in Skim_TriLep_MuonEG_H.root
2025-10-03 00:05:02,004 - INFO - [2017] MISSING_CENTRAL: SR1E2Mu/Central/MHc-100_MA-95/score in Skim_TriLep_MuonEG_B.root
2025-10-03 00:05:02,004 - INFO - [2017] MISSING_CENTRAL: SR1E2Mu/Central/MHc-100_MA-95/score in Skim_TriLep_MuonEG_C.root
2025-10-03 00:05:02,005 - INFO - [2017] MISSING_CENTRAL: SR1E2Mu/Central/MHc-100_MA-95/score in Skim_TriLep_MuonEG_D.root
2025-10-03 00:05:02,005 - INFO - [2017] MISSING_CENTRAL: SR1E2Mu/Central/MHc-100_MA-95/score in Skim_TriLep_MuonEG_E.root
2025-10-03 00:05:02,005 - INFO - [2017] MISSING_CENTRAL: SR1E2Mu/Central/MHc-100_MA-95/score in Skim_TriLep_MuonEG_F.root
2025-10-03 00:05:02,005 - INFO - [2018] MISSING_CENTRAL: SR1E2Mu/Central/MHc-100_MA-95/score in Skim_TriLep_MuonEG_A.root
2025-10-03 00:05:02,006 - INFO - [2018] MISSING_CENTRAL: SR1E2Mu/Central/MHc-100_MA-95/score in Skim_TriLep_MuonEG_B.root
2025-10-03 00:05:02,006 - INFO - [2018] MISSING_CENTRAL: SR1E2Mu/Central/MHc-100_MA-95/score in Skim_TriLep_MuonEG_C.root
2025-10-03 00:05:02,006 - INFO - [2018] MISSING_CENTRAL: SR1E2Mu/Central/MHc-100_MA-95/score in Skim_TriLep_MuonEG_D.root
