2025-09-24 15:52:51,511 - INFO - [2016preVFP] MISSING_CENTRAL: SR1E2Mu/Central/MHc-160_MA-85/score in Skim_TriLep_MuonEG_B.root
2025-09-24 15:52:51,512 - INFO - [2016preVFP] MISSING_CENTRAL: SR1E2Mu/Central/MHc-160_MA-85/score in Skim_TriLep_MuonEG_C.root
2025-09-24 15:52:51,512 - INFO - [2016preVFP] MISSING_CENTRAL: SR1E2Mu/Central/MHc-160_MA-85/score in Skim_TriLep_MuonEG_D.root
2025-09-24 15:52:51,513 - INFO - [2016preVFP] MISSING_CENTRAL: SR1E2Mu/Central/MHc-160_MA-85/score in Skim_TriLep_MuonEG_E.root
2025-09-24 15:52:51,513 - INFO - [2016preVFP] MISSING_CENTRAL: SR1E2Mu/Central/MHc-160_MA-85/score in Skim_TriLep_MuonEG_F.root
2025-09-24 15:52:51,513 - INFO - [2016postVFP] MISSING_CENTRAL: SR1E2Mu/Central/MHc-160_MA-85/score in Skim_TriLep_MuonEG_F.root
2025-09-24 15:52:51,513 - INFO - [2016postVFP] MISSING_CENTRAL: SR1E2Mu/Central/MHc-160_MA-85/score in Skim_TriLep_MuonEG_G.root
2025-09-24 15:52:51,513 - INFO - [2016postVFP] MISSING_CENTRAL: SR1E2Mu/Central/MHc-160_MA-85/score in Skim_TriLep_MuonEG_H.root
2025-09-24 15:52:51,514 - INFO - [2017] MISSING_CENTRAL: SR1E2Mu/Central/MHc-160_MA-85/score in Skim_TriLep_MuonEG_B.root
2025-09-24 15:52:51,514 - INFO - [2017] MISSING_CENTRAL: SR1E2Mu/Central/MHc-160_MA-85/score in Skim_TriLep_MuonEG_C.root
2025-09-24 15:52:51,514 - INFO - [2017] MISSING_CENTRAL: SR1E2Mu/Central/MHc-160_MA-85/score in Skim_TriLep_MuonEG_D.root
2025-09-24 15:52:51,514 - INFO - [2017] MISSING_CENTRAL: SR1E2Mu/Central/MHc-160_MA-85/score in Skim_TriLep_MuonEG_E.root
2025-09-24 15:52:51,514 - INFO - [2017] MISSING_CENTRAL: SR1E2Mu/Central/MHc-160_MA-85/score in Skim_TriLep_MuonEG_F.root
2025-09-24 15:52:51,515 - INFO - [2018] MISSING_CENTRAL: SR1E2Mu/Central/MHc-160_MA-85/score in Skim_TriLep_MuonEG_A.root
2025-09-24 15:52:51,515 - INFO - [2018] MISSING_CENTRAL: SR1E2Mu/Central/MHc-160_MA-85/score in Skim_TriLep_MuonEG_B.root
2025-09-24 15:52:51,515 - INFO - [2018] MISSING_CENTRAL: SR1E2Mu/Central/MHc-160_MA-85/score in Skim_TriLep_MuonEG_C.root
2025-09-24 15:52:51,515 - INFO - [2018] MISSING_CENTRAL: SR1E2Mu/Central/MHc-160_MA-85/score in Skim_TriLep_MuonEG_D.root
2025-10-02 21:15:33,632 - INFO - [2016preVFP] MISSING_CENTRAL: SR1E2Mu/Central/MHc-160_MA-85/score in Skim_TriLep_MuonEG_B.root
2025-10-02 21:15:33,633 - INFO - [2016preVFP] MISSING_CENTRAL: SR1E2Mu/Central/MHc-160_MA-85/score in Skim_TriLep_MuonEG_C.root
2025-10-02 21:15:33,634 - INFO - [2016preVFP] MISSING_CENTRAL: SR1E2Mu/Central/MHc-160_MA-85/score in Skim_TriLep_MuonEG_D.root
2025-10-02 21:15:33,634 - INFO - [2016preVFP] MISSING_CENTRAL: SR1E2Mu/Central/MHc-160_MA-85/score in Skim_TriLep_MuonEG_E.root
2025-10-02 21:15:33,635 - INFO - [2016preVFP] MISSING_CENTRAL: SR1E2Mu/Central/MHc-160_MA-85/score in Skim_TriLep_MuonEG_F.root
2025-10-02 21:15:33,635 - INFO - [2016postVFP] MISSING_CENTRAL: SR1E2Mu/Central/MHc-160_MA-85/score in Skim_TriLep_MuonEG_F.root
2025-10-02 21:15:33,636 - INFO - [2016postVFP] MISSING_CENTRAL: SR1E2Mu/Central/MHc-160_MA-85/score in Skim_TriLep_MuonEG_G.root
2025-10-02 21:15:33,636 - INFO - [2016postVFP] MISSING_CENTRAL: SR1E2Mu/Central/MHc-160_MA-85/score in Skim_TriLep_MuonEG_H.root
2025-10-02 21:15:33,637 - INFO - [2017] MISSING_CENTRAL: SR1E2Mu/Central/MHc-160_MA-85/score in Skim_TriLep_MuonEG_B.root
2025-10-02 21:15:33,638 - INFO - [2017] MISSING_CENTRAL: SR1E2Mu/Central/MHc-160_MA-85/score in Skim_TriLep_MuonEG_C.root
2025-10-02 21:15:33,638 - INFO - [2017] MISSING_CENTRAL: SR1E2Mu/Central/MHc-160_MA-85/score in Skim_TriLep_MuonEG_D.root
2025-10-02 21:15:33,639 - INFO - [2017] MISSING_CENTRAL: SR1E2Mu/Central/MHc-160_MA-85/score in Skim_TriLep_MuonEG_E.root
2025-10-02 21:15:33,639 - INFO - [2017] MISSING_CENTRAL: SR1E2Mu/Central/MHc-160_MA-85/score in Skim_TriLep_MuonEG_F.root
2025-10-02 21:15:33,640 - INFO - [2018] MISSING_CENTRAL: SR1E2Mu/Central/MHc-160_MA-85/score in Skim_TriLep_MuonEG_A.root
2025-10-02 21:15:33,640 - INFO - [2018] MISSING_CENTRAL: SR1E2Mu/Central/MHc-160_MA-85/score in Skim_TriLep_MuonEG_B.root
2025-10-02 21:15:33,641 - INFO - [2018] MISSING_CENTRAL: SR1E2Mu/Central/MHc-160_MA-85/score in Skim_TriLep_MuonEG_C.root
2025-10-02 21:15:33,641 - INFO - [2018] MISSING_CENTRAL: SR1E2Mu/Central/MHc-160_MA-85/score in Skim_TriLep_MuonEG_D.root
2025-10-03 00:05:03,642 - INFO - [2016preVFP] MISSING_CENTRAL: SR1E2Mu/Central/MHc-160_MA-85/score in Skim_TriLep_MuonEG_B.root
2025-10-03 00:05:03,643 - INFO - [2016preVFP] MISSING_CENTRAL: SR1E2Mu/Central/MHc-160_MA-85/score in Skim_TriLep_MuonEG_C.root
2025-10-03 00:05:03,643 - INFO - [2016preVFP] MISSING_CENTRAL: SR1E2Mu/Central/MHc-160_MA-85/score in Skim_TriLep_MuonEG_D.root
2025-10-03 00:05:03,643 - INFO - [2016preVFP] MISSING_CENTRAL: SR1E2Mu/Central/MHc-160_MA-85/score in Skim_TriLep_MuonEG_E.root
2025-10-03 00:05:03,643 - INFO - [2016preVFP] MISSING_CENTRAL: SR1E2Mu/Central/MHc-160_MA-85/score in Skim_TriLep_MuonEG_F.root
2025-10-03 00:05:03,644 - INFO - [2016postVFP] MISSING_CENTRAL: SR1E2Mu/Central/MHc-160_MA-85/score in Skim_TriLep_MuonEG_F.root
2025-10-03 00:05:03,644 - INFO - [2016postVFP] MISSING_CENTRAL: SR1E2Mu/Central/MHc-160_MA-85/score in Skim_TriLep_MuonEG_G.root
2025-10-03 00:05:03,644 - INFO - [2016postVFP] MISSING_CENTRAL: SR1E2Mu/Central/MHc-160_MA-85/score in Skim_TriLep_MuonEG_H.root
2025-10-03 00:05:03,644 - INFO - [2017] MISSING_CENTRAL: SR1E2Mu/Central/MHc-160_MA-85/score in Skim_TriLep_MuonEG_B.root
2025-10-03 00:05:03,645 - INFO - [2017] MISSING_CENTRAL: SR1E2Mu/Central/MHc-160_MA-85/score in Skim_TriLep_MuonEG_C.root
2025-10-03 00:05:03,645 - INFO - [2017] MISSING_CENTRAL: SR1E2Mu/Central/MHc-160_MA-85/score in Skim_TriLep_MuonEG_D.root
2025-10-03 00:05:03,645 - INFO - [2017] MISSING_CENTRAL: SR1E2Mu/Central/MHc-160_MA-85/score in Skim_TriLep_MuonEG_E.root
2025-10-03 00:05:03,645 - INFO - [2017] MISSING_CENTRAL: SR1E2Mu/Central/MHc-160_MA-85/score in Skim_TriLep_MuonEG_F.root
2025-10-03 00:05:03,646 - INFO - [2018] MISSING_CENTRAL: SR1E2Mu/Central/MHc-160_MA-85/score in Skim_TriLep_MuonEG_A.root
2025-10-03 00:05:03,646 - INFO - [2018] MISSING_CENTRAL: SR1E2Mu/Central/MHc-160_MA-85/score in Skim_TriLep_MuonEG_B.root
2025-10-03 00:05:03,646 - INFO - [2018] MISSING_CENTRAL: SR1E2Mu/Central/MHc-160_MA-85/score in Skim_TriLep_MuonEG_C.root
2025-10-03 00:05:03,646 - INFO - [2018] MISSING_CENTRAL: SR1E2Mu/Central/MHc-160_MA-85/score in Skim_TriLep_MuonEG_D.root
