2025-12-18 14:21:57,331 - INFO - [2016preVFP] MISSING_CENTRAL: SR1E2Mu/Central/MHc115_MA87/LR_ttZ in Skim_TriLep_DYJets10to50.root
2025-12-18 14:21:57,706 - INFO - [2016postVFP] MISSING_CENTRAL: SR1E2Mu/Central/MHc115_MA87/LR_ttZ in Skim_TriLep_DYJets10to50.root
2025-12-18 14:21:57,963 - INFO - [2017] MISSING_CENTRAL: SR1E2Mu/Central/MHc115_MA87/LR_ttZ in Skim_TriLep_DYJets10to50.root
2025-12-18 14:21:58,440 - INFO - [2018] MISSING_CENTRAL: SR1E2Mu/Central/MHc115_MA87/LR_ttZ in Skim_TriLep_DYJets10to50.root
2025-12-18 14:37:22,328 - INFO - [2016preVFP] MISSING_CENTRAL: SR1E2Mu/Central/MHc115_MA87/LR_ttZ in Skim_TriLep_DYJets10to50.root
2025-12-18 14:37:22,593 - INFO - [2016postVFP] MISSING_CENTRAL: SR1E2Mu/Central/MHc115_MA87/LR_ttZ in Skim_TriLep_DYJets10to50.root
2025-12-18 14:37:22,996 - INFO - [2017] MISSING_CENTRAL: SR1E2Mu/Central/MHc115_MA87/LR_ttZ in Skim_TriLep_DYJets10to50.root
2025-12-18 14:37:23,351 - INFO - [2018] MISSING_CENTRAL: SR1E2Mu/Central/MHc115_MA87/LR_ttZ in Skim_TriLep_DYJets10to50.root
2026-01-07 11:47:09,145 - INFO - [2016preVFP] MISSING_CENTRAL: SR1E2Mu/Central/MHc115_MA87/LR_ttZ in Skim_TriLep_DYJets10to50.root
2026-01-07 11:47:09,718 - INFO - [2016postVFP] MISSING_CENTRAL: SR1E2Mu/Central/MHc115_MA87/LR_ttZ in Skim_TriLep_DYJets10to50.root
2026-01-07 11:47:10,176 - INFO - [2017] MISSING_CENTRAL: SR1E2Mu/Central/MHc115_MA87/LR_ttZ in Skim_TriLep_DYJets10to50.root
2026-01-07 11:47:10,487 - INFO - [2018] MISSING_CENTRAL: SR1E2Mu/Central/MHc115_MA87/LR_ttZ in Skim_TriLep_DYJets10to50.root
2026-01-07 18:43:54,419 - INFO - [2016preVFP] MISSING_CENTRAL: SR1E2Mu/Central/MHc115_MA87/LR_ttZ in Skim_TriLep_DYJets10to50.root
2026-01-07 18:43:54,761 - INFO - [2016postVFP] MISSING_CENTRAL: SR1E2Mu/Central/MHc115_MA87/LR_ttZ in Skim_TriLep_DYJets10to50.root
2026-01-07 18:43:55,315 - INFO - [2017] MISSING_CENTRAL: SR1E2Mu/Central/MHc115_MA87/LR_ttZ in Skim_TriLep_DYJets10to50.root
2026-01-07 18:43:55,765 - INFO - [2018] MISSING_CENTRAL: SR1E2Mu/Central/MHc115_MA87/LR_ttZ in Skim_TriLep_DYJets10to50.root
2026-01-07 19:28:56,959 - INFO - [2016preVFP] MISSING_CENTRAL: SR1E2Mu/Central/MHc115_MA87/LR_ttZ in Skim_TriLep_DYJets10to50.root
2026-01-07 19:28:57,118 - INFO - [2016postVFP] MISSING_CENTRAL: SR1E2Mu/Central/MHc115_MA87/LR_ttZ in Skim_TriLep_DYJets10to50.root
2026-01-07 19:28:57,350 - INFO - [2017] MISSING_CENTRAL: SR1E2Mu/Central/MHc115_MA87/LR_ttZ in Skim_TriLep_DYJets10to50.root
2026-01-07 19:28:57,943 - INFO - [2018] MISSING_CENTRAL: SR1E2Mu/Central/MHc115_MA87/LR_ttZ in Skim_TriLep_DYJets10to50.root
2026-01-09 12:17:58,502 - INFO - [2016preVFP] MISSING_CENTRAL: SR1E2Mu/Central/MHc115_MA87/LR_ttZ in Skim_TriLep_DYJets10to50.root
2026-01-09 12:17:58,665 - INFO - [2016postVFP] MISSING_CENTRAL: SR1E2Mu/Central/MHc115_MA87/LR_ttZ in Skim_TriLep_DYJets10to50.root
2026-01-09 12:17:58,813 - INFO - [2017] MISSING_CENTRAL: SR1E2Mu/Central/MHc115_MA87/LR_ttZ in Skim_TriLep_DYJets10to50.root
2026-01-09 12:17:59,007 - INFO - [2018] MISSING_CENTRAL: SR1E2Mu/Central/MHc115_MA87/LR_ttZ in Skim_TriLep_DYJets10to50.root
2026-01-11 09:38:02,356 - INFO - [2016preVFP] MISSING_CENTRAL: SR1E2Mu/Central/MHc115_MA87/LR_ttZ in Skim_TriLep_DYJets10to50.root
2026-01-11 09:38:02,518 - INFO - [2016postVFP] MISSING_CENTRAL: SR1E2Mu/Central/MHc115_MA87/LR_ttZ in Skim_TriLep_DYJets10to50.root
2026-01-11 09:38:02,692 - INFO - [2017] MISSING_CENTRAL: SR1E2Mu/Central/MHc115_MA87/LR_ttZ in Skim_TriLep_DYJets10to50.root
2026-01-11 09:38:02,878 - INFO - [2018] MISSING_CENTRAL: SR1E2Mu/Central/MHc115_MA87/LR_ttZ in Skim_TriLep_DYJets10to50.root
2026-01-12 13:46:41,542 - INFO - [2016preVFP] MISSING_FILE: /home/choij/Sync/workspace/ChargedHiggsAnalysisV3/SKNanoOutput/MatrixSelector/Run1E2Mu/2016preVFP/Skim_TriLep_MuonEG_B.root
2026-01-12 13:46:41,542 - INFO - [2016preVFP] MISSING_FILE: /home/choij/Sync/workspace/ChargedHiggsAnalysisV3/SKNanoOutput/MatrixSelector/Run1E2Mu/2016preVFP/Skim_TriLep_MuonEG_C.root
2026-01-12 13:46:41,542 - INFO - [2016preVFP] MISSING_FILE: /home/choij/Sync/workspace/ChargedHiggsAnalysisV3/SKNanoOutput/MatrixSelector/Run1E2Mu/2016preVFP/Skim_TriLep_MuonEG_D.root
2026-01-12 13:46:41,542 - INFO - [2016preVFP] MISSING_FILE: /home/choij/Sync/workspace/ChargedHiggsAnalysisV3/SKNanoOutput/MatrixSelector/Run1E2Mu/2016preVFP/Skim_TriLep_MuonEG_E.root
2026-01-12 13:46:41,543 - INFO - [2016preVFP] MISSING_FILE: /home/choij/Sync/workspace/ChargedHiggsAnalysisV3/SKNanoOutput/MatrixSelector/Run1E2Mu/2016preVFP/Skim_TriLep_MuonEG_F.root
2026-01-12 13:46:41,594 - INFO - [2016preVFP] MISSING_CENTRAL: SR1E2Mu/Central/MHc115_MA87/LR_ttZ in Skim_TriLep_DYJets10to50.root
2026-01-12 13:46:41,747 - INFO - [2016postVFP] MISSING_FILE: /home/choij/Sync/workspace/ChargedHiggsAnalysisV3/SKNanoOutput/MatrixSelector/Run1E2Mu/2016postVFP/Skim_TriLep_MuonEG_F.root
2026-01-12 13:46:41,747 - INFO - [2016postVFP] MISSING_FILE: /home/choij/Sync/workspace/ChargedHiggsAnalysisV3/SKNanoOutput/MatrixSelector/Run1E2Mu/2016postVFP/Skim_TriLep_MuonEG_G.root
2026-01-12 13:46:41,747 - INFO - [2016postVFP] MISSING_FILE: /home/choij/Sync/workspace/ChargedHiggsAnalysisV3/SKNanoOutput/MatrixSelector/Run1E2Mu/2016postVFP/Skim_TriLep_MuonEG_H.root
2026-01-12 13:46:41,763 - INFO - [2016postVFP] MISSING_CENTRAL: SR1E2Mu/Central/MHc115_MA87/LR_ttZ in Skim_TriLep_DYJets10to50.root
2026-01-12 13:46:41,924 - INFO - [2017] MISSING_FILE: /home/choij/Sync/workspace/ChargedHiggsAnalysisV3/SKNanoOutput/MatrixSelector/Run1E2Mu/2017/Skim_TriLep_MuonEG_B.root
2026-01-12 13:46:41,925 - INFO - [2017] MISSING_FILE: /home/choij/Sync/workspace/ChargedHiggsAnalysisV3/SKNanoOutput/MatrixSelector/Run1E2Mu/2017/Skim_TriLep_MuonEG_C.root
2026-01-12 13:46:41,925 - INFO - [2017] MISSING_FILE: /home/choij/Sync/workspace/ChargedHiggsAnalysisV3/SKNanoOutput/MatrixSelector/Run1E2Mu/2017/Skim_TriLep_MuonEG_D.root
2026-01-12 13:46:41,925 - INFO - [2017] MISSING_FILE: /home/choij/Sync/workspace/ChargedHiggsAnalysisV3/SKNanoOutput/MatrixSelector/Run1E2Mu/2017/Skim_TriLep_MuonEG_E.root
2026-01-12 13:46:41,925 - INFO - [2017] MISSING_FILE: /home/choij/Sync/workspace/ChargedHiggsAnalysisV3/SKNanoOutput/MatrixSelector/Run1E2Mu/2017/Skim_TriLep_MuonEG_F.root
2026-01-12 13:46:41,935 - INFO - [2017] MISSING_CENTRAL: SR1E2Mu/Central/MHc115_MA87/LR_ttZ in Skim_TriLep_DYJets10to50.root
2026-01-12 13:46:42,074 - INFO - [2018] MISSING_FILE: /home/choij/Sync/workspace/ChargedHiggsAnalysisV3/SKNanoOutput/MatrixSelector/Run1E2Mu/2018/Skim_TriLep_MuonEG_A.root
2026-01-12 13:46:42,074 - INFO - [2018] MISSING_FILE: /home/choij/Sync/workspace/ChargedHiggsAnalysisV3/SKNanoOutput/MatrixSelector/Run1E2Mu/2018/Skim_TriLep_MuonEG_B.root
2026-01-12 13:46:42,074 - INFO - [2018] MISSING_FILE: /home/choij/Sync/workspace/ChargedHiggsAnalysisV3/SKNanoOutput/MatrixSelector/Run1E2Mu/2018/Skim_TriLep_MuonEG_C.root
2026-01-12 13:46:42,074 - INFO - [2018] MISSING_FILE: /home/choij/Sync/workspace/ChargedHiggsAnalysisV3/SKNanoOutput/MatrixSelector/Run1E2Mu/2018/Skim_TriLep_MuonEG_D.root
2026-01-12 13:46:42,084 - INFO - [2018] MISSING_CENTRAL: SR1E2Mu/Central/MHc115_MA87/LR_ttZ in Skim_TriLep_DYJets10to50.root
2026-01-16 19:01:47,892 - INFO - [2016preVFP] MISSING_CENTRAL: SR1E2Mu/Central/MHc115_MA87/LR_ttZ in Skim_TriLep_DYJets10to50.root
2026-01-16 19:01:48,035 - INFO - [2016postVFP] MISSING_CENTRAL: SR1E2Mu/Central/MHc115_MA87/LR_ttZ in Skim_TriLep_DYJets10to50.root
2026-01-16 19:01:48,185 - INFO - [2017] MISSING_CENTRAL: SR1E2Mu/Central/MHc115_MA87/LR_ttZ in Skim_TriLep_DYJets10to50.root
2026-01-16 19:01:48,341 - INFO - [2018] MISSING_CENTRAL: SR1E2Mu/Central/MHc115_MA87/LR_ttZ in Skim_TriLep_DYJets10to50.root
2026-01-21 13:01:16,952 - INFO - [2016preVFP] MISSING_CENTRAL: SR1E2Mu/Central/MHc115_MA87/LR_ttZ in Skim_TriLep_DYJets10to50.root
2026-01-21 13:01:17,076 - INFO - [2016postVFP] MISSING_CENTRAL: SR1E2Mu/Central/MHc115_MA87/LR_ttZ in Skim_TriLep_DYJets10to50.root
2026-01-21 13:01:17,220 - INFO - [2017] MISSING_CENTRAL: SR1E2Mu/Central/MHc115_MA87/LR_ttZ in Skim_TriLep_DYJets10to50.root
2026-01-21 13:01:17,373 - INFO - [2018] MISSING_CENTRAL: SR1E2Mu/Central/MHc115_MA87/LR_ttZ in Skim_TriLep_DYJets10to50.root
2026-01-21 14:49:49,319 - INFO - [2016preVFP] MISSING_CENTRAL: SR1E2Mu/Central/MHc115_MA87/LR_ttZ in Skim_TriLep_DYJets10to50.root
2026-01-21 14:49:49,462 - INFO - [2016postVFP] MISSING_CENTRAL: SR1E2Mu/Central/MHc115_MA87/LR_ttZ in Skim_TriLep_DYJets10to50.root
2026-01-21 14:49:49,611 - INFO - [2017] MISSING_CENTRAL: SR1E2Mu/Central/MHc115_MA87/LR_ttZ in Skim_TriLep_DYJets10to50.root
2026-01-21 14:49:49,762 - INFO - [2018] MISSING_CENTRAL: SR1E2Mu/Central/MHc115_MA87/LR_ttZ in Skim_TriLep_DYJets10to50.root
