2025-12-18 14:21:59,943 - INFO - [2016preVFP] MISSING_CENTRAL: SR1E2Mu/Central/MHc160_MA98/LR_totalBkg in Skim_TriLep_DYJets10to50.root
2025-12-18 14:22:00,113 - INFO - [2016postVFP] MISSING_CENTRAL: SR1E2Mu/Central/MHc160_MA98/LR_totalBkg in Skim_TriLep_DYJets10to50.root
2025-12-18 14:22:00,272 - INFO - [2017] MISSING_CENTRAL: SR1E2Mu/Central/MHc160_MA98/LR_totalBkg in Skim_TriLep_DYJets10to50.root
2025-12-18 14:22:00,421 - INFO - [2018] MISSING_CENTRAL: SR1E2Mu/Central/MHc160_MA98/LR_totalBkg in Skim_TriLep_DYJets10to50.root
2025-12-18 14:37:24,751 - INFO - [2016preVFP] MISSING_CENTRAL: SR1E2Mu/Central/MHc160_MA98/LR_totalBkg in Skim_TriLep_DYJets10to50.root
2025-12-18 14:37:24,979 - INFO - [2016postVFP] MISSING_CENTRAL: SR1E2Mu/Central/MHc160_MA98/LR_totalBkg in Skim_TriLep_DYJets10to50.root
2025-12-18 14:37:25,216 - INFO - [2017] MISSING_CENTRAL: SR1E2Mu/Central/MHc160_MA98/LR_totalBkg in Skim_TriLep_DYJets10to50.root
2025-12-18 14:37:25,392 - INFO - [2018] MISSING_CENTRAL: SR1E2Mu/Central/MHc160_MA98/LR_totalBkg in Skim_TriLep_DYJets10to50.root
2026-01-07 11:47:10,716 - INFO - [2016preVFP] MISSING_CENTRAL: SR1E2Mu/Central/MHc160_MA98/LR_totalBkg in Skim_TriLep_DYJets10to50.root
2026-01-07 11:47:10,858 - INFO - [2016postVFP] MISSING_CENTRAL: SR1E2Mu/Central/MHc160_MA98/LR_totalBkg in Skim_TriLep_DYJets10to50.root
2026-01-07 11:47:11,011 - INFO - [2017] MISSING_CENTRAL: SR1E2Mu/Central/MHc160_MA98/LR_totalBkg in Skim_TriLep_DYJets10to50.root
2026-01-07 11:47:11,172 - INFO - [2018] MISSING_CENTRAL: SR1E2Mu/Central/MHc160_MA98/LR_totalBkg in Skim_TriLep_DYJets10to50.root
2026-01-07 18:43:56,195 - INFO - [2016preVFP] MISSING_CENTRAL: SR1E2Mu/Central/MHc160_MA98/LR_totalBkg in Skim_TriLep_DYJets10to50.root
2026-01-07 18:43:56,404 - INFO - [2016postVFP] MISSING_CENTRAL: SR1E2Mu/Central/MHc160_MA98/LR_totalBkg in Skim_TriLep_DYJets10to50.root
2026-01-07 18:43:56,548 - INFO - [2017] MISSING_CENTRAL: SR1E2Mu/Central/MHc160_MA98/LR_totalBkg in Skim_TriLep_DYJets10to50.root
2026-01-07 18:43:56,691 - INFO - [2018] MISSING_CENTRAL: SR1E2Mu/Central/MHc160_MA98/LR_totalBkg in Skim_TriLep_DYJets10to50.root
2026-01-07 19:28:59,135 - INFO - [2016preVFP] MISSING_CENTRAL: SR1E2Mu/Central/MHc160_MA98/LR_totalBkg in Skim_TriLep_DYJets10to50.root
2026-01-07 19:28:59,262 - INFO - [2016postVFP] MISSING_CENTRAL: SR1E2Mu/Central/MHc160_MA98/LR_totalBkg in Skim_TriLep_DYJets10to50.root
2026-01-07 19:28:59,400 - INFO - [2017] MISSING_CENTRAL: SR1E2Mu/Central/MHc160_MA98/LR_totalBkg in Skim_TriLep_DYJets10to50.root
2026-01-07 19:28:59,546 - INFO - [2018] MISSING_CENTRAL: SR1E2Mu/Central/MHc160_MA98/LR_totalBkg in Skim_TriLep_DYJets10to50.root
2026-01-09 12:18:02,200 - INFO - [2016preVFP] MISSING_CENTRAL: SR1E2Mu/Central/MHc160_MA98/LR_totalBkg in Skim_TriLep_DYJets10to50.root
2026-01-09 12:18:02,282 - INFO - [2016postVFP] MISSING_CENTRAL: SR1E2Mu/Central/MHc160_MA98/LR_totalBkg in Skim_TriLep_DYJets10to50.root
2026-01-09 12:18:02,365 - INFO - [2017] MISSING_CENTRAL: SR1E2Mu/Central/MHc160_MA98/LR_totalBkg in Skim_TriLep_DYJets10to50.root
2026-01-09 12:18:02,453 - INFO - [2018] MISSING_CENTRAL: SR1E2Mu/Central/MHc160_MA98/LR_totalBkg in Skim_TriLep_DYJets10to50.root
2026-01-11 09:38:06,527 - INFO - [2016preVFP] MISSING_CENTRAL: SR1E2Mu/Central/MHc160_MA98/LR_totalBkg in Skim_TriLep_DYJets10to50.root
2026-01-11 09:38:06,608 - INFO - [2016postVFP] MISSING_CENTRAL: SR1E2Mu/Central/MHc160_MA98/LR_totalBkg in Skim_TriLep_DYJets10to50.root
2026-01-11 09:38:06,697 - INFO - [2017] MISSING_CENTRAL: SR1E2Mu/Central/MHc160_MA98/LR_totalBkg in Skim_TriLep_DYJets10to50.root
2026-01-11 09:38:06,785 - INFO - [2018] MISSING_CENTRAL: SR1E2Mu/Central/MHc160_MA98/LR_totalBkg in Skim_TriLep_DYJets10to50.root
2026-01-12 13:46:45,727 - INFO - [2016preVFP] MISSING_FILE: /home/choij/Sync/workspace/ChargedHiggsAnalysisV3/SKNanoOutput/MatrixSelector/Run1E2Mu/2016preVFP/Skim_TriLep_MuonEG_B.root
2026-01-12 13:46:45,727 - INFO - [2016preVFP] MISSING_FILE: /home/choij/Sync/workspace/ChargedHiggsAnalysisV3/SKNanoOutput/MatrixSelector/Run1E2Mu/2016preVFP/Skim_TriLep_MuonEG_C.root
2026-01-12 13:46:45,728 - INFO - [2016preVFP] MISSING_FILE: /home/choij/Sync/workspace/ChargedHiggsAnalysisV3/SKNanoOutput/MatrixSelector/Run1E2Mu/2016preVFP/Skim_TriLep_MuonEG_D.root
2026-01-12 13:46:45,728 - INFO - [2016preVFP] MISSING_FILE: /home/choij/Sync/workspace/ChargedHiggsAnalysisV3/SKNanoOutput/MatrixSelector/Run1E2Mu/2016preVFP/Skim_TriLep_MuonEG_E.root
2026-01-12 13:46:45,728 - INFO - [2016preVFP] MISSING_FILE: /home/choij/Sync/workspace/ChargedHiggsAnalysisV3/SKNanoOutput/MatrixSelector/Run1E2Mu/2016preVFP/Skim_TriLep_MuonEG_F.root
2026-01-12 13:46:45,749 - INFO - [2016preVFP] MISSING_CENTRAL: SR1E2Mu/Central/MHc160_MA98/LR_totalBkg in Skim_TriLep_DYJets10to50.root
2026-01-12 13:46:45,831 - INFO - [2016postVFP] MISSING_FILE: /home/choij/Sync/workspace/ChargedHiggsAnalysisV3/SKNanoOutput/MatrixSelector/Run1E2Mu/2016postVFP/Skim_TriLep_MuonEG_F.root
2026-01-12 13:46:45,831 - INFO - [2016postVFP] MISSING_FILE: /home/choij/Sync/workspace/ChargedHiggsAnalysisV3/SKNanoOutput/MatrixSelector/Run1E2Mu/2016postVFP/Skim_TriLep_MuonEG_G.root
2026-01-12 13:46:45,831 - INFO - [2016postVFP] MISSING_FILE: /home/choij/Sync/workspace/ChargedHiggsAnalysisV3/SKNanoOutput/MatrixSelector/Run1E2Mu/2016postVFP/Skim_TriLep_MuonEG_H.root
2026-01-12 13:46:45,836 - INFO - [2016postVFP] MISSING_CENTRAL: SR1E2Mu/Central/MHc160_MA98/LR_totalBkg in Skim_TriLep_DYJets10to50.root
2026-01-12 13:46:45,914 - INFO - [2017] MISSING_FILE: /home/choij/Sync/workspace/ChargedHiggsAnalysisV3/SKNanoOutput/MatrixSelector/Run1E2Mu/2017/Skim_TriLep_MuonEG_B.root
2026-01-12 13:46:45,915 - INFO - [2017] MISSING_FILE: /home/choij/Sync/workspace/ChargedHiggsAnalysisV3/SKNanoOutput/MatrixSelector/Run1E2Mu/2017/Skim_TriLep_MuonEG_C.root
2026-01-12 13:46:45,915 - INFO - [2017] MISSING_FILE: /home/choij/Sync/workspace/ChargedHiggsAnalysisV3/SKNanoOutput/MatrixSelector/Run1E2Mu/2017/Skim_TriLep_MuonEG_D.root
2026-01-12 13:46:45,915 - INFO - [2017] MISSING_FILE: /home/choij/Sync/workspace/ChargedHiggsAnalysisV3/SKNanoOutput/MatrixSelector/Run1E2Mu/2017/Skim_TriLep_MuonEG_E.root
2026-01-12 13:46:45,915 - INFO - [2017] MISSING_FILE: /home/choij/Sync/workspace/ChargedHiggsAnalysisV3/SKNanoOutput/MatrixSelector/Run1E2Mu/2017/Skim_TriLep_MuonEG_F.root
2026-01-12 13:46:45,921 - INFO - [2017] MISSING_CENTRAL: SR1E2Mu/Central/MHc160_MA98/LR_totalBkg in Skim_TriLep_DYJets10to50.root
2026-01-12 13:46:46,002 - INFO - [2018] MISSING_FILE: /home/choij/Sync/workspace/ChargedHiggsAnalysisV3/SKNanoOutput/MatrixSelector/Run1E2Mu/2018/Skim_TriLep_MuonEG_A.root
2026-01-12 13:46:46,002 - INFO - [2018] MISSING_FILE: /home/choij/Sync/workspace/ChargedHiggsAnalysisV3/SKNanoOutput/MatrixSelector/Run1E2Mu/2018/Skim_TriLep_MuonEG_B.root
2026-01-12 13:46:46,003 - INFO - [2018] MISSING_FILE: /home/choij/Sync/workspace/ChargedHiggsAnalysisV3/SKNanoOutput/MatrixSelector/Run1E2Mu/2018/Skim_TriLep_MuonEG_C.root
2026-01-12 13:46:46,003 - INFO - [2018] MISSING_FILE: /home/choij/Sync/workspace/ChargedHiggsAnalysisV3/SKNanoOutput/MatrixSelector/Run1E2Mu/2018/Skim_TriLep_MuonEG_D.root
2026-01-12 13:46:46,008 - INFO - [2018] MISSING_CENTRAL: SR1E2Mu/Central/MHc160_MA98/LR_totalBkg in Skim_TriLep_DYJets10to50.root
