2025-12-18 14:21:54,203 - INFO - [2016preVFP] MISSING_CENTRAL: SR1E2Mu/Central/MHc100_MA95/LR_diboson in Skim_TriLep_DYJets10to50.root
2025-12-18 14:21:54,625 - INFO - [2016postVFP] MISSING_CENTRAL: SR1E2Mu/Central/MHc100_MA95/LR_diboson in Skim_TriLep_DYJets10to50.root
2025-12-18 14:21:54,976 - INFO - [2017] MISSING_CENTRAL: SR1E2Mu/Central/MHc100_MA95/LR_diboson in Skim_TriLep_DYJets10to50.root
2025-12-18 14:21:55,308 - INFO - [2018] MISSING_CENTRAL: SR1E2Mu/Central/MHc100_MA95/LR_diboson in Skim_TriLep_DYJets10to50.root
2025-12-18 14:37:19,046 - INFO - [2016preVFP] MISSING_CENTRAL: SR1E2Mu/Central/MHc100_MA95/LR_diboson in Skim_TriLep_DYJets10to50.root
2025-12-18 14:37:19,379 - INFO - [2016postVFP] MISSING_CENTRAL: SR1E2Mu/Central/MHc100_MA95/LR_diboson in Skim_TriLep_DYJets10to50.root
2025-12-18 14:37:19,740 - INFO - [2017] MISSING_CENTRAL: SR1E2Mu/Central/MHc100_MA95/LR_diboson in Skim_TriLep_DYJets10to50.root
2025-12-18 14:37:20,159 - INFO - [2018] MISSING_CENTRAL: SR1E2Mu/Central/MHc100_MA95/LR_diboson in Skim_TriLep_DYJets10to50.root
2026-01-07 11:47:06,050 - INFO - [2016preVFP] MISSING_CENTRAL: SR1E2Mu/Central/MHc100_MA95/LR_diboson in Skim_TriLep_DYJets10to50.root
2026-01-07 11:47:06,342 - INFO - [2016postVFP] MISSING_CENTRAL: SR1E2Mu/Central/MHc100_MA95/LR_diboson in Skim_TriLep_DYJets10to50.root
2026-01-07 11:47:06,617 - INFO - [2017] MISSING_CENTRAL: SR1E2Mu/Central/MHc100_MA95/LR_diboson in Skim_TriLep_DYJets10to50.root
2026-01-07 11:47:06,953 - INFO - [2018] MISSING_CENTRAL: SR1E2Mu/Central/MHc100_MA95/LR_diboson in Skim_TriLep_DYJets10to50.root
2026-01-07 18:43:52,136 - INFO - [2016preVFP] MISSING_CENTRAL: SR1E2Mu/Central/MHc100_MA95/LR_diboson in Skim_TriLep_DYJets10to50.root
2026-01-07 18:43:52,431 - INFO - [2016postVFP] MISSING_CENTRAL: SR1E2Mu/Central/MHc100_MA95/LR_diboson in Skim_TriLep_DYJets10to50.root
2026-01-07 18:43:52,665 - INFO - [2017] MISSING_CENTRAL: SR1E2Mu/Central/MHc100_MA95/LR_diboson in Skim_TriLep_DYJets10to50.root
2026-01-07 18:43:52,902 - INFO - [2018] MISSING_CENTRAL: SR1E2Mu/Central/MHc100_MA95/LR_diboson in Skim_TriLep_DYJets10to50.root
2026-01-07 19:28:54,377 - INFO - [2016preVFP] MISSING_CENTRAL: SR1E2Mu/Central/MHc100_MA95/LR_diboson in Skim_TriLep_DYJets10to50.root
2026-01-07 19:28:54,667 - INFO - [2016postVFP] MISSING_CENTRAL: SR1E2Mu/Central/MHc100_MA95/LR_diboson in Skim_TriLep_DYJets10to50.root
2026-01-07 19:28:54,966 - INFO - [2017] MISSING_CENTRAL: SR1E2Mu/Central/MHc100_MA95/LR_diboson in Skim_TriLep_DYJets10to50.root
2026-01-07 19:28:55,221 - INFO - [2018] MISSING_CENTRAL: SR1E2Mu/Central/MHc100_MA95/LR_diboson in Skim_TriLep_DYJets10to50.root
2026-01-09 12:17:55,681 - INFO - [2016preVFP] MISSING_CENTRAL: SR1E2Mu/Central/MHc100_MA95/LR_diboson in Skim_TriLep_DYJets10to50.root
2026-01-09 12:17:55,811 - INFO - [2016postVFP] MISSING_CENTRAL: SR1E2Mu/Central/MHc100_MA95/LR_diboson in Skim_TriLep_DYJets10to50.root
2026-01-09 12:17:55,940 - INFO - [2017] MISSING_CENTRAL: SR1E2Mu/Central/MHc100_MA95/LR_diboson in Skim_TriLep_DYJets10to50.root
2026-01-09 12:17:56,090 - INFO - [2018] MISSING_CENTRAL: SR1E2Mu/Central/MHc100_MA95/LR_diboson in Skim_TriLep_DYJets10to50.root
2026-01-11 09:37:59,994 - INFO - [2016preVFP] MISSING_CENTRAL: SR1E2Mu/Central/MHc100_MA95/LR_diboson in Skim_TriLep_DYJets10to50.root
2026-01-11 09:38:00,116 - INFO - [2016postVFP] MISSING_CENTRAL: SR1E2Mu/Central/MHc100_MA95/LR_diboson in Skim_TriLep_DYJets10to50.root
2026-01-11 09:38:00,243 - INFO - [2017] MISSING_CENTRAL: SR1E2Mu/Central/MHc100_MA95/LR_diboson in Skim_TriLep_DYJets10to50.root
2026-01-11 09:38:00,390 - INFO - [2018] MISSING_CENTRAL: SR1E2Mu/Central/MHc100_MA95/LR_diboson in Skim_TriLep_DYJets10to50.root
2026-01-12 13:46:38,886 - INFO - [2016preVFP] MISSING_FILE: /home/choij/Sync/workspace/ChargedHiggsAnalysisV3/SKNanoOutput/MatrixSelector/Run1E2Mu/2016preVFP/Skim_TriLep_MuonEG_B.root
2026-01-12 13:46:38,886 - INFO - [2016preVFP] MISSING_FILE: /home/choij/Sync/workspace/ChargedHiggsAnalysisV3/SKNanoOutput/MatrixSelector/Run1E2Mu/2016preVFP/Skim_TriLep_MuonEG_C.root
2026-01-12 13:46:38,886 - INFO - [2016preVFP] MISSING_FILE: /home/choij/Sync/workspace/ChargedHiggsAnalysisV3/SKNanoOutput/MatrixSelector/Run1E2Mu/2016preVFP/Skim_TriLep_MuonEG_D.root
2026-01-12 13:46:38,886 - INFO - [2016preVFP] MISSING_FILE: /home/choij/Sync/workspace/ChargedHiggsAnalysisV3/SKNanoOutput/MatrixSelector/Run1E2Mu/2016preVFP/Skim_TriLep_MuonEG_E.root
2026-01-12 13:46:38,886 - INFO - [2016preVFP] MISSING_FILE: /home/choij/Sync/workspace/ChargedHiggsAnalysisV3/SKNanoOutput/MatrixSelector/Run1E2Mu/2016preVFP/Skim_TriLep_MuonEG_F.root
2026-01-12 13:46:38,940 - INFO - [2016preVFP] MISSING_CENTRAL: SR1E2Mu/Central/MHc100_MA95/LR_diboson in Skim_TriLep_DYJets10to50.root
2026-01-12 13:46:39,069 - INFO - [2016postVFP] MISSING_FILE: /home/choij/Sync/workspace/ChargedHiggsAnalysisV3/SKNanoOutput/MatrixSelector/Run1E2Mu/2016postVFP/Skim_TriLep_MuonEG_F.root
2026-01-12 13:46:39,069 - INFO - [2016postVFP] MISSING_FILE: /home/choij/Sync/workspace/ChargedHiggsAnalysisV3/SKNanoOutput/MatrixSelector/Run1E2Mu/2016postVFP/Skim_TriLep_MuonEG_G.root
2026-01-12 13:46:39,069 - INFO - [2016postVFP] MISSING_FILE: /home/choij/Sync/workspace/ChargedHiggsAnalysisV3/SKNanoOutput/MatrixSelector/Run1E2Mu/2016postVFP/Skim_TriLep_MuonEG_H.root
2026-01-12 13:46:39,077 - INFO - [2016postVFP] MISSING_CENTRAL: SR1E2Mu/Central/MHc100_MA95/LR_diboson in Skim_TriLep_DYJets10to50.root
2026-01-12 13:46:39,215 - INFO - [2017] MISSING_FILE: /home/choij/Sync/workspace/ChargedHiggsAnalysisV3/SKNanoOutput/MatrixSelector/Run1E2Mu/2017/Skim_TriLep_MuonEG_B.root
2026-01-12 13:46:39,217 - INFO - [2017] MISSING_FILE: /home/choij/Sync/workspace/ChargedHiggsAnalysisV3/SKNanoOutput/MatrixSelector/Run1E2Mu/2017/Skim_TriLep_MuonEG_C.root
2026-01-12 13:46:39,218 - INFO - [2017] MISSING_FILE: /home/choij/Sync/workspace/ChargedHiggsAnalysisV3/SKNanoOutput/MatrixSelector/Run1E2Mu/2017/Skim_TriLep_MuonEG_D.root
2026-01-12 13:46:39,218 - INFO - [2017] MISSING_FILE: /home/choij/Sync/workspace/ChargedHiggsAnalysisV3/SKNanoOutput/MatrixSelector/Run1E2Mu/2017/Skim_TriLep_MuonEG_E.root
2026-01-12 13:46:39,218 - INFO - [2017] MISSING_FILE: /home/choij/Sync/workspace/ChargedHiggsAnalysisV3/SKNanoOutput/MatrixSelector/Run1E2Mu/2017/Skim_TriLep_MuonEG_F.root
2026-01-12 13:46:39,234 - INFO - [2017] MISSING_CENTRAL: SR1E2Mu/Central/MHc100_MA95/LR_diboson in Skim_TriLep_DYJets10to50.root
2026-01-12 13:46:39,381 - INFO - [2018] MISSING_FILE: /home/choij/Sync/workspace/ChargedHiggsAnalysisV3/SKNanoOutput/MatrixSelector/Run1E2Mu/2018/Skim_TriLep_MuonEG_A.root
2026-01-12 13:46:39,382 - INFO - [2018] MISSING_FILE: /home/choij/Sync/workspace/ChargedHiggsAnalysisV3/SKNanoOutput/MatrixSelector/Run1E2Mu/2018/Skim_TriLep_MuonEG_B.root
2026-01-12 13:46:39,382 - INFO - [2018] MISSING_FILE: /home/choij/Sync/workspace/ChargedHiggsAnalysisV3/SKNanoOutput/MatrixSelector/Run1E2Mu/2018/Skim_TriLep_MuonEG_C.root
2026-01-12 13:46:39,382 - INFO - [2018] MISSING_FILE: /home/choij/Sync/workspace/ChargedHiggsAnalysisV3/SKNanoOutput/MatrixSelector/Run1E2Mu/2018/Skim_TriLep_MuonEG_D.root
2026-01-12 13:46:39,391 - INFO - [2018] MISSING_CENTRAL: SR1E2Mu/Central/MHc100_MA95/LR_diboson in Skim_TriLep_DYJets10to50.root
