2025-11-07 13:07:35,348 - INFO - [2016preVFP] MISSING_CENTRAL: SR1E2Mu/Central/MHc145_MA92/score_diboson in Skim_TriLep_DYJets10to50.root
2025-11-07 13:07:35,514 - INFO - [2016postVFP] MISSING_CENTRAL: SR1E2Mu/Central/MHc145_MA92/score_diboson in Skim_TriLep_DYJets10to50.root
2025-11-07 13:07:35,642 - INFO - [2017] MISSING_CENTRAL: SR1E2Mu/Central/MHc145_MA92/score_diboson in Skim_TriLep_DYJets10to50.root
2025-11-07 13:07:35,769 - INFO - [2018] MISSING_CENTRAL: SR1E2Mu/Central/MHc145_MA92/score_diboson in Skim_TriLep_DYJets10to50.root
2025-11-07 14:05:53,206 - INFO - [2016preVFP] MISSING_CENTRAL: SR1E2Mu/Central/MHc145_MA92/score_diboson in Skim_TriLep_DYJets10to50.root
2025-11-07 14:05:53,457 - INFO - [2016postVFP] MISSING_CENTRAL: SR1E2Mu/Central/MHc145_MA92/score_diboson in Skim_TriLep_DYJets10to50.root
2025-11-07 14:05:53,544 - INFO - [2017] MISSING_CENTRAL: SR1E2Mu/Central/MHc145_MA92/score_diboson in Skim_TriLep_DYJets10to50.root
2025-11-07 14:05:53,627 - INFO - [2018] MISSING_CENTRAL: SR1E2Mu/Central/MHc145_MA92/score_diboson in Skim_TriLep_DYJets10to50.root
2025-11-10 05:58:27,614 - INFO - [2016preVFP] MISSING_CENTRAL: SR1E2Mu/Central/MHc145_MA92/score_diboson in Skim_TriLep_DYJets10to50.root
2025-11-10 05:58:28,233 - INFO - [2016postVFP] MISSING_CENTRAL: SR1E2Mu/Central/MHc145_MA92/score_diboson in Skim_TriLep_DYJets10to50.root
2025-11-10 05:58:28,351 - INFO - [2017] MISSING_CENTRAL: SR1E2Mu/Central/MHc145_MA92/score_diboson in Skim_TriLep_DYJets10to50.root
2025-11-10 05:58:28,762 - INFO - [2018] MISSING_CENTRAL: SR1E2Mu/Central/MHc145_MA92/score_diboson in Skim_TriLep_DYJets10to50.root
2025-11-10 12:20:56,995 - INFO - [2016preVFP] MISSING_CENTRAL: SR1E2Mu/Central/MHc145_MA92/score_diboson in Skim_TriLep_DYJets10to50.root
2025-11-10 12:20:57,145 - INFO - [2016postVFP] MISSING_CENTRAL: SR1E2Mu/Central/MHc145_MA92/score_diboson in Skim_TriLep_DYJets10to50.root
2025-11-10 12:20:57,247 - INFO - [2017] MISSING_CENTRAL: SR1E2Mu/Central/MHc145_MA92/score_diboson in Skim_TriLep_DYJets10to50.root
2025-11-10 12:20:57,353 - INFO - [2018] MISSING_CENTRAL: SR1E2Mu/Central/MHc145_MA92/score_diboson in Skim_TriLep_DYJets10to50.root
2025-11-13 11:10:25,101 - INFO - [2016preVFP] MISSING_CENTRAL: SR1E2Mu/Central/MHc145_MA92/score_diboson in Skim_TriLep_DYJets10to50.root
2025-11-13 11:10:25,407 - INFO - [2016postVFP] MISSING_CENTRAL: SR1E2Mu/Central/MHc145_MA92/score_diboson in Skim_TriLep_DYJets10to50.root
2025-11-13 11:10:25,656 - INFO - [2017] MISSING_CENTRAL: SR1E2Mu/Central/MHc145_MA92/score_diboson in Skim_TriLep_DYJets10to50.root
2025-11-13 11:10:25,905 - INFO - [2018] MISSING_CENTRAL: SR1E2Mu/Central/MHc145_MA92/score_diboson in Skim_TriLep_DYJets10to50.root
2025-11-19 16:23:19,909 - INFO - [2016preVFP] MISSING_CENTRAL: SR1E2Mu/Central/MHc145_MA92/score_diboson in Skim_TriLep_DYJets10to50.root
2025-11-19 16:23:20,054 - INFO - [2016postVFP] MISSING_CENTRAL: SR1E2Mu/Central/MHc145_MA92/score_diboson in Skim_TriLep_DYJets10to50.root
2025-11-19 16:23:20,212 - INFO - [2017] MISSING_CENTRAL: SR1E2Mu/Central/MHc145_MA92/score_diboson in Skim_TriLep_DYJets10to50.root
2025-11-19 16:23:20,312 - INFO - [2018] MISSING_CENTRAL: SR1E2Mu/Central/MHc145_MA92/score_diboson in Skim_TriLep_DYJets10to50.root
2025-12-17 22:37:43,025 - INFO - [2016preVFP] MISSING_CENTRAL: SR1E2Mu/Central/MHc145_MA92/score_diboson in Skim_TriLep_DYJets10to50.root
2025-12-17 22:37:43,356 - INFO - [2016postVFP] MISSING_CENTRAL: SR1E2Mu/Central/MHc145_MA92/score_diboson in Skim_TriLep_DYJets10to50.root
2025-12-17 22:37:43,669 - INFO - [2017] MISSING_CENTRAL: SR1E2Mu/Central/MHc145_MA92/score_diboson in Skim_TriLep_DYJets10to50.root
2025-12-17 22:37:43,798 - INFO - [2018] MISSING_CENTRAL: SR1E2Mu/Central/MHc145_MA92/score_diboson in Skim_TriLep_DYJets10to50.root
2025-12-18 14:21:57,916 - INFO - [2016preVFP] MISSING_CENTRAL: SR1E2Mu/Central/MHc145_MA92/score_diboson in Skim_TriLep_DYJets10to50.root
2025-12-18 14:21:58,310 - INFO - [2016postVFP] MISSING_CENTRAL: SR1E2Mu/Central/MHc145_MA92/score_diboson in Skim_TriLep_DYJets10to50.root
2025-12-18 14:21:58,555 - INFO - [2017] MISSING_CENTRAL: SR1E2Mu/Central/MHc145_MA92/score_diboson in Skim_TriLep_DYJets10to50.root
2025-12-18 14:21:58,880 - INFO - [2018] MISSING_CENTRAL: SR1E2Mu/Central/MHc145_MA92/score_diboson in Skim_TriLep_DYJets10to50.root
2025-12-18 14:37:22,823 - INFO - [2016preVFP] MISSING_CENTRAL: SR1E2Mu/Central/MHc145_MA92/score_diboson in Skim_TriLep_DYJets10to50.root
2025-12-18 14:37:23,090 - INFO - [2016postVFP] MISSING_CENTRAL: SR1E2Mu/Central/MHc145_MA92/score_diboson in Skim_TriLep_DYJets10to50.root
2025-12-18 14:37:23,511 - INFO - [2017] MISSING_CENTRAL: SR1E2Mu/Central/MHc145_MA92/score_diboson in Skim_TriLep_DYJets10to50.root
2025-12-18 14:37:23,816 - INFO - [2018] MISSING_CENTRAL: SR1E2Mu/Central/MHc145_MA92/score_diboson in Skim_TriLep_DYJets10to50.root
2026-01-07 11:47:09,760 - INFO - [2016preVFP] MISSING_CENTRAL: SR1E2Mu/Central/MHc145_MA92/score_diboson in Skim_TriLep_DYJets10to50.root
2026-01-07 11:47:10,060 - INFO - [2016postVFP] MISSING_CENTRAL: SR1E2Mu/Central/MHc145_MA92/score_diboson in Skim_TriLep_DYJets10to50.root
2026-01-07 11:47:10,467 - INFO - [2017] MISSING_CENTRAL: SR1E2Mu/Central/MHc145_MA92/score_diboson in Skim_TriLep_DYJets10to50.root
2026-01-07 11:47:10,692 - INFO - [2018] MISSING_CENTRAL: SR1E2Mu/Central/MHc145_MA92/score_diboson in Skim_TriLep_DYJets10to50.root
2026-01-07 18:43:55,164 - INFO - [2016preVFP] MISSING_CENTRAL: SR1E2Mu/Central/MHc145_MA92/score_diboson in Skim_TriLep_DYJets10to50.root
2026-01-07 18:43:55,697 - INFO - [2016postVFP] MISSING_CENTRAL: SR1E2Mu/Central/MHc145_MA92/score_diboson in Skim_TriLep_DYJets10to50.root
2026-01-07 18:43:56,043 - INFO - [2017] MISSING_CENTRAL: SR1E2Mu/Central/MHc145_MA92/score_diboson in Skim_TriLep_DYJets10to50.root
2026-01-07 18:43:56,289 - INFO - [2018] MISSING_CENTRAL: SR1E2Mu/Central/MHc145_MA92/score_diboson in Skim_TriLep_DYJets10to50.root
2026-01-07 19:28:58,542 - INFO - [2016preVFP] MISSING_CENTRAL: SR1E2Mu/Central/MHc145_MA92/score_diboson in Skim_TriLep_DYJets10to50.root
2026-01-07 19:28:58,867 - INFO - [2016postVFP] MISSING_CENTRAL: SR1E2Mu/Central/MHc145_MA92/score_diboson in Skim_TriLep_DYJets10to50.root
2026-01-07 19:28:59,096 - INFO - [2017] MISSING_CENTRAL: SR1E2Mu/Central/MHc145_MA92/score_diboson in Skim_TriLep_DYJets10to50.root
2026-01-07 19:28:59,327 - INFO - [2018] MISSING_CENTRAL: SR1E2Mu/Central/MHc145_MA92/score_diboson in Skim_TriLep_DYJets10to50.root
2026-01-09 12:17:58,920 - INFO - [2016preVFP] MISSING_CENTRAL: SR1E2Mu/Central/MHc145_MA92/score_diboson in Skim_TriLep_DYJets10to50.root
2026-01-09 12:17:59,043 - INFO - [2016postVFP] MISSING_CENTRAL: SR1E2Mu/Central/MHc145_MA92/score_diboson in Skim_TriLep_DYJets10to50.root
2026-01-09 12:17:59,220 - INFO - [2017] MISSING_CENTRAL: SR1E2Mu/Central/MHc145_MA92/score_diboson in Skim_TriLep_DYJets10to50.root
2026-01-09 12:17:59,365 - INFO - [2018] MISSING_CENTRAL: SR1E2Mu/Central/MHc145_MA92/score_diboson in Skim_TriLep_DYJets10to50.root
2026-01-11 09:38:03,214 - INFO - [2016preVFP] MISSING_CENTRAL: SR1E2Mu/Central/MHc145_MA92/score_diboson in Skim_TriLep_DYJets10to50.root
2026-01-11 09:38:03,340 - INFO - [2016postVFP] MISSING_CENTRAL: SR1E2Mu/Central/MHc145_MA92/score_diboson in Skim_TriLep_DYJets10to50.root
2026-01-11 09:38:03,503 - INFO - [2017] MISSING_CENTRAL: SR1E2Mu/Central/MHc145_MA92/score_diboson in Skim_TriLep_DYJets10to50.root
2026-01-11 09:38:03,662 - INFO - [2018] MISSING_CENTRAL: SR1E2Mu/Central/MHc145_MA92/score_diboson in Skim_TriLep_DYJets10to50.root
2026-01-12 13:46:42,458 - INFO - [2016preVFP] MISSING_FILE: /home/choij/Sync/workspace/ChargedHiggsAnalysisV3/SKNanoOutput/MatrixSelector/Run1E2Mu/2016preVFP/Skim_TriLep_MuonEG_B.root
2026-01-12 13:46:42,459 - INFO - [2016preVFP] MISSING_FILE: /home/choij/Sync/workspace/ChargedHiggsAnalysisV3/SKNanoOutput/MatrixSelector/Run1E2Mu/2016preVFP/Skim_TriLep_MuonEG_C.root
2026-01-12 13:46:42,459 - INFO - [2016preVFP] MISSING_FILE: /home/choij/Sync/workspace/ChargedHiggsAnalysisV3/SKNanoOutput/MatrixSelector/Run1E2Mu/2016preVFP/Skim_TriLep_MuonEG_D.root
2026-01-12 13:46:42,459 - INFO - [2016preVFP] MISSING_FILE: /home/choij/Sync/workspace/ChargedHiggsAnalysisV3/SKNanoOutput/MatrixSelector/Run1E2Mu/2016preVFP/Skim_TriLep_MuonEG_E.root
2026-01-12 13:46:42,459 - INFO - [2016preVFP] MISSING_FILE: /home/choij/Sync/workspace/ChargedHiggsAnalysisV3/SKNanoOutput/MatrixSelector/Run1E2Mu/2016preVFP/Skim_TriLep_MuonEG_F.root
2026-01-12 13:46:42,484 - INFO - [2016preVFP] MISSING_CENTRAL: SR1E2Mu/Central/MHc145_MA92/score_diboson in Skim_TriLep_DYJets10to50.root
2026-01-12 13:46:42,604 - INFO - [2016postVFP] MISSING_FILE: /home/choij/Sync/workspace/ChargedHiggsAnalysisV3/SKNanoOutput/MatrixSelector/Run1E2Mu/2016postVFP/Skim_TriLep_MuonEG_F.root
2026-01-12 13:46:42,604 - INFO - [2016postVFP] MISSING_FILE: /home/choij/Sync/workspace/ChargedHiggsAnalysisV3/SKNanoOutput/MatrixSelector/Run1E2Mu/2016postVFP/Skim_TriLep_MuonEG_G.root
2026-01-12 13:46:42,604 - INFO - [2016postVFP] MISSING_FILE: /home/choij/Sync/workspace/ChargedHiggsAnalysisV3/SKNanoOutput/MatrixSelector/Run1E2Mu/2016postVFP/Skim_TriLep_MuonEG_H.root
2026-01-12 13:46:42,612 - INFO - [2016postVFP] MISSING_CENTRAL: SR1E2Mu/Central/MHc145_MA92/score_diboson in Skim_TriLep_DYJets10to50.root
2026-01-12 13:46:42,757 - INFO - [2017] MISSING_FILE: /home/choij/Sync/workspace/ChargedHiggsAnalysisV3/SKNanoOutput/MatrixSelector/Run1E2Mu/2017/Skim_TriLep_MuonEG_B.root
2026-01-12 13:46:42,757 - INFO - [2017] MISSING_FILE: /home/choij/Sync/workspace/ChargedHiggsAnalysisV3/SKNanoOutput/MatrixSelector/Run1E2Mu/2017/Skim_TriLep_MuonEG_C.root
2026-01-12 13:46:42,757 - INFO - [2017] MISSING_FILE: /home/choij/Sync/workspace/ChargedHiggsAnalysisV3/SKNanoOutput/MatrixSelector/Run1E2Mu/2017/Skim_TriLep_MuonEG_D.root
2026-01-12 13:46:42,758 - INFO - [2017] MISSING_FILE: /home/choij/Sync/workspace/ChargedHiggsAnalysisV3/SKNanoOutput/MatrixSelector/Run1E2Mu/2017/Skim_TriLep_MuonEG_E.root
2026-01-12 13:46:42,759 - INFO - [2017] MISSING_FILE: /home/choij/Sync/workspace/ChargedHiggsAnalysisV3/SKNanoOutput/MatrixSelector/Run1E2Mu/2017/Skim_TriLep_MuonEG_F.root
2026-01-12 13:46:42,772 - INFO - [2017] MISSING_CENTRAL: SR1E2Mu/Central/MHc145_MA92/score_diboson in Skim_TriLep_DYJets10to50.root
2026-01-12 13:46:42,894 - INFO - [2018] MISSING_FILE: /home/choij/Sync/workspace/ChargedHiggsAnalysisV3/SKNanoOutput/MatrixSelector/Run1E2Mu/2018/Skim_TriLep_MuonEG_A.root
2026-01-12 13:46:42,895 - INFO - [2018] MISSING_FILE: /home/choij/Sync/workspace/ChargedHiggsAnalysisV3/SKNanoOutput/MatrixSelector/Run1E2Mu/2018/Skim_TriLep_MuonEG_B.root
2026-01-12 13:46:42,895 - INFO - [2018] MISSING_FILE: /home/choij/Sync/workspace/ChargedHiggsAnalysisV3/SKNanoOutput/MatrixSelector/Run1E2Mu/2018/Skim_TriLep_MuonEG_C.root
2026-01-12 13:46:42,895 - INFO - [2018] MISSING_FILE: /home/choij/Sync/workspace/ChargedHiggsAnalysisV3/SKNanoOutput/MatrixSelector/Run1E2Mu/2018/Skim_TriLep_MuonEG_D.root
2026-01-12 13:46:42,903 - INFO - [2018] MISSING_CENTRAL: SR1E2Mu/Central/MHc145_MA92/score_diboson in Skim_TriLep_DYJets10to50.root
