2025-12-18 14:21:58,666 - INFO - [2016preVFP] MISSING_CENTRAL: SR1E2Mu/Central/MHc145_MA92/LR_totalBkg in Skim_TriLep_DYJets10to50.root
2025-12-18 14:21:58,997 - INFO - [2016postVFP] MISSING_CENTRAL: SR1E2Mu/Central/MHc145_MA92/LR_totalBkg in Skim_TriLep_DYJets10to50.root
2025-12-18 14:21:59,335 - INFO - [2017] MISSING_CENTRAL: SR1E2Mu/Central/MHc145_MA92/LR_totalBkg in Skim_TriLep_DYJets10to50.root
2025-12-18 14:21:59,634 - INFO - [2018] MISSING_CENTRAL: SR1E2Mu/Central/MHc145_MA92/LR_totalBkg in Skim_TriLep_DYJets10to50.root
2025-12-18 14:37:23,420 - INFO - [2016preVFP] MISSING_CENTRAL: SR1E2Mu/Central/MHc145_MA92/LR_totalBkg in Skim_TriLep_DYJets10to50.root
2025-12-18 14:37:23,715 - INFO - [2016postVFP] MISSING_CENTRAL: SR1E2Mu/Central/MHc145_MA92/LR_totalBkg in Skim_TriLep_DYJets10to50.root
2025-12-18 14:37:23,952 - INFO - [2017] MISSING_CENTRAL: SR1E2Mu/Central/MHc145_MA92/LR_totalBkg in Skim_TriLep_DYJets10to50.root
2025-12-18 14:37:24,158 - INFO - [2018] MISSING_CENTRAL: SR1E2Mu/Central/MHc145_MA92/LR_totalBkg in Skim_TriLep_DYJets10to50.root
2026-01-07 11:47:10,540 - INFO - [2016preVFP] MISSING_CENTRAL: SR1E2Mu/Central/MHc145_MA92/LR_totalBkg in Skim_TriLep_DYJets10to50.root
2026-01-07 11:47:10,753 - INFO - [2016postVFP] MISSING_CENTRAL: SR1E2Mu/Central/MHc145_MA92/LR_totalBkg in Skim_TriLep_DYJets10to50.root
2026-01-07 11:47:10,981 - INFO - [2017] MISSING_CENTRAL: SR1E2Mu/Central/MHc145_MA92/LR_totalBkg in Skim_TriLep_DYJets10to50.root
2026-01-07 11:47:11,201 - INFO - [2018] MISSING_CENTRAL: SR1E2Mu/Central/MHc145_MA92/LR_totalBkg in Skim_TriLep_DYJets10to50.root
2026-01-07 18:43:56,102 - INFO - [2016preVFP] MISSING_CENTRAL: SR1E2Mu/Central/MHc145_MA92/LR_totalBkg in Skim_TriLep_DYJets10to50.root
2026-01-07 18:43:56,357 - INFO - [2016postVFP] MISSING_CENTRAL: SR1E2Mu/Central/MHc145_MA92/LR_totalBkg in Skim_TriLep_DYJets10to50.root
2026-01-07 18:43:56,592 - INFO - [2017] MISSING_CENTRAL: SR1E2Mu/Central/MHc145_MA92/LR_totalBkg in Skim_TriLep_DYJets10to50.root
2026-01-07 18:43:56,815 - INFO - [2018] MISSING_CENTRAL: SR1E2Mu/Central/MHc145_MA92/LR_totalBkg in Skim_TriLep_DYJets10to50.root
2026-01-07 19:28:58,722 - INFO - [2016preVFP] MISSING_CENTRAL: SR1E2Mu/Central/MHc145_MA92/LR_totalBkg in Skim_TriLep_DYJets10to50.root
2026-01-07 19:28:59,032 - INFO - [2016postVFP] MISSING_CENTRAL: SR1E2Mu/Central/MHc145_MA92/LR_totalBkg in Skim_TriLep_DYJets10to50.root
2026-01-07 19:28:59,271 - INFO - [2017] MISSING_CENTRAL: SR1E2Mu/Central/MHc145_MA92/LR_totalBkg in Skim_TriLep_DYJets10to50.root
2026-01-07 19:28:59,512 - INFO - [2018] MISSING_CENTRAL: SR1E2Mu/Central/MHc145_MA92/LR_totalBkg in Skim_TriLep_DYJets10to50.root
2026-01-09 12:18:00,264 - INFO - [2016preVFP] MISSING_CENTRAL: SR1E2Mu/Central/MHc145_MA92/LR_totalBkg in Skim_TriLep_DYJets10to50.root
2026-01-09 12:18:00,394 - INFO - [2016postVFP] MISSING_CENTRAL: SR1E2Mu/Central/MHc145_MA92/LR_totalBkg in Skim_TriLep_DYJets10to50.root
2026-01-09 12:18:00,563 - INFO - [2017] MISSING_CENTRAL: SR1E2Mu/Central/MHc145_MA92/LR_totalBkg in Skim_TriLep_DYJets10to50.root
2026-01-09 12:18:00,706 - INFO - [2018] MISSING_CENTRAL: SR1E2Mu/Central/MHc145_MA92/LR_totalBkg in Skim_TriLep_DYJets10to50.root
2026-01-11 09:38:04,281 - INFO - [2016preVFP] MISSING_CENTRAL: SR1E2Mu/Central/MHc145_MA92/LR_totalBkg in Skim_TriLep_DYJets10to50.root
2026-01-11 09:38:04,406 - INFO - [2016postVFP] MISSING_CENTRAL: SR1E2Mu/Central/MHc145_MA92/LR_totalBkg in Skim_TriLep_DYJets10to50.root
2026-01-11 09:38:04,558 - INFO - [2017] MISSING_CENTRAL: SR1E2Mu/Central/MHc145_MA92/LR_totalBkg in Skim_TriLep_DYJets10to50.root
2026-01-11 09:38:04,705 - INFO - [2018] MISSING_CENTRAL: SR1E2Mu/Central/MHc145_MA92/LR_totalBkg in Skim_TriLep_DYJets10to50.root
2026-01-12 13:46:43,640 - INFO - [2016preVFP] MISSING_FILE: /home/choij/Sync/workspace/ChargedHiggsAnalysisV3/SKNanoOutput/MatrixSelector/Run1E2Mu/2016preVFP/Skim_TriLep_MuonEG_B.root
2026-01-12 13:46:43,641 - INFO - [2016preVFP] MISSING_FILE: /home/choij/Sync/workspace/ChargedHiggsAnalysisV3/SKNanoOutput/MatrixSelector/Run1E2Mu/2016preVFP/Skim_TriLep_MuonEG_C.root
2026-01-12 13:46:43,641 - INFO - [2016preVFP] MISSING_FILE: /home/choij/Sync/workspace/ChargedHiggsAnalysisV3/SKNanoOutput/MatrixSelector/Run1E2Mu/2016preVFP/Skim_TriLep_MuonEG_D.root
2026-01-12 13:46:43,641 - INFO - [2016preVFP] MISSING_FILE: /home/choij/Sync/workspace/ChargedHiggsAnalysisV3/SKNanoOutput/MatrixSelector/Run1E2Mu/2016preVFP/Skim_TriLep_MuonEG_E.root
2026-01-12 13:46:43,641 - INFO - [2016preVFP] MISSING_FILE: /home/choij/Sync/workspace/ChargedHiggsAnalysisV3/SKNanoOutput/MatrixSelector/Run1E2Mu/2016preVFP/Skim_TriLep_MuonEG_F.root
2026-01-12 13:46:43,666 - INFO - [2016preVFP] MISSING_CENTRAL: SR1E2Mu/Central/MHc145_MA92/LR_totalBkg in Skim_TriLep_DYJets10to50.root
2026-01-12 13:46:43,854 - INFO - [2016postVFP] MISSING_FILE: /home/choij/Sync/workspace/ChargedHiggsAnalysisV3/SKNanoOutput/MatrixSelector/Run1E2Mu/2016postVFP/Skim_TriLep_MuonEG_F.root
2026-01-12 13:46:43,855 - INFO - [2016postVFP] MISSING_FILE: /home/choij/Sync/workspace/ChargedHiggsAnalysisV3/SKNanoOutput/MatrixSelector/Run1E2Mu/2016postVFP/Skim_TriLep_MuonEG_G.root
2026-01-12 13:46:43,855 - INFO - [2016postVFP] MISSING_FILE: /home/choij/Sync/workspace/ChargedHiggsAnalysisV3/SKNanoOutput/MatrixSelector/Run1E2Mu/2016postVFP/Skim_TriLep_MuonEG_H.root
2026-01-12 13:46:43,863 - INFO - [2016postVFP] MISSING_CENTRAL: SR1E2Mu/Central/MHc145_MA92/LR_totalBkg in Skim_TriLep_DYJets10to50.root
2026-01-12 13:46:43,983 - INFO - [2017] MISSING_FILE: /home/choij/Sync/workspace/ChargedHiggsAnalysisV3/SKNanoOutput/MatrixSelector/Run1E2Mu/2017/Skim_TriLep_MuonEG_B.root
2026-01-12 13:46:43,983 - INFO - [2017] MISSING_FILE: /home/choij/Sync/workspace/ChargedHiggsAnalysisV3/SKNanoOutput/MatrixSelector/Run1E2Mu/2017/Skim_TriLep_MuonEG_C.root
2026-01-12 13:46:43,983 - INFO - [2017] MISSING_FILE: /home/choij/Sync/workspace/ChargedHiggsAnalysisV3/SKNanoOutput/MatrixSelector/Run1E2Mu/2017/Skim_TriLep_MuonEG_D.root
2026-01-12 13:46:43,984 - INFO - [2017] MISSING_FILE: /home/choij/Sync/workspace/ChargedHiggsAnalysisV3/SKNanoOutput/MatrixSelector/Run1E2Mu/2017/Skim_TriLep_MuonEG_E.root
2026-01-12 13:46:43,984 - INFO - [2017] MISSING_FILE: /home/choij/Sync/workspace/ChargedHiggsAnalysisV3/SKNanoOutput/MatrixSelector/Run1E2Mu/2017/Skim_TriLep_MuonEG_F.root
2026-01-12 13:46:43,992 - INFO - [2017] MISSING_CENTRAL: SR1E2Mu/Central/MHc145_MA92/LR_totalBkg in Skim_TriLep_DYJets10to50.root
2026-01-12 13:46:44,127 - INFO - [2018] MISSING_FILE: /home/choij/Sync/workspace/ChargedHiggsAnalysisV3/SKNanoOutput/MatrixSelector/Run1E2Mu/2018/Skim_TriLep_MuonEG_A.root
2026-01-12 13:46:44,128 - INFO - [2018] MISSING_FILE: /home/choij/Sync/workspace/ChargedHiggsAnalysisV3/SKNanoOutput/MatrixSelector/Run1E2Mu/2018/Skim_TriLep_MuonEG_B.root
2026-01-12 13:46:44,128 - INFO - [2018] MISSING_FILE: /home/choij/Sync/workspace/ChargedHiggsAnalysisV3/SKNanoOutput/MatrixSelector/Run1E2Mu/2018/Skim_TriLep_MuonEG_C.root
2026-01-12 13:46:44,128 - INFO - [2018] MISSING_FILE: /home/choij/Sync/workspace/ChargedHiggsAnalysisV3/SKNanoOutput/MatrixSelector/Run1E2Mu/2018/Skim_TriLep_MuonEG_D.root
2026-01-12 13:46:44,136 - INFO - [2018] MISSING_CENTRAL: SR1E2Mu/Central/MHc145_MA92/LR_totalBkg in Skim_TriLep_DYJets10to50.root
2026-01-16 19:01:50,782 - INFO - [2016preVFP] MISSING_CENTRAL: SR1E2Mu/Central/MHc145_MA92/LR_totalBkg in Skim_TriLep_DYJets10to50.root
2026-01-16 19:01:50,920 - INFO - [2016postVFP] MISSING_CENTRAL: SR1E2Mu/Central/MHc145_MA92/LR_totalBkg in Skim_TriLep_DYJets10to50.root
2026-01-16 19:01:51,069 - INFO - [2017] MISSING_CENTRAL: SR1E2Mu/Central/MHc145_MA92/LR_totalBkg in Skim_TriLep_DYJets10to50.root
2026-01-16 19:01:51,216 - INFO - [2018] MISSING_CENTRAL: SR1E2Mu/Central/MHc145_MA92/LR_totalBkg in Skim_TriLep_DYJets10to50.root
2026-01-21 13:01:20,033 - INFO - [2016preVFP] MISSING_CENTRAL: SR1E2Mu/Central/MHc145_MA92/LR_totalBkg in Skim_TriLep_DYJets10to50.root
2026-01-21 13:01:20,176 - INFO - [2016postVFP] MISSING_CENTRAL: SR1E2Mu/Central/MHc145_MA92/LR_totalBkg in Skim_TriLep_DYJets10to50.root
2026-01-21 13:01:20,319 - INFO - [2017] MISSING_CENTRAL: SR1E2Mu/Central/MHc145_MA92/LR_totalBkg in Skim_TriLep_DYJets10to50.root
2026-01-21 13:01:20,461 - INFO - [2018] MISSING_CENTRAL: SR1E2Mu/Central/MHc145_MA92/LR_totalBkg in Skim_TriLep_DYJets10to50.root
2026-01-21 14:49:51,583 - INFO - [2016preVFP] MISSING_CENTRAL: SR1E2Mu/Central/MHc145_MA92/LR_totalBkg in Skim_TriLep_DYJets10to50.root
2026-01-21 14:49:51,717 - INFO - [2016postVFP] MISSING_CENTRAL: SR1E2Mu/Central/MHc145_MA92/LR_totalBkg in Skim_TriLep_DYJets10to50.root
2026-01-21 14:49:51,856 - INFO - [2017] MISSING_CENTRAL: SR1E2Mu/Central/MHc145_MA92/LR_totalBkg in Skim_TriLep_DYJets10to50.root
2026-01-21 14:49:51,998 - INFO - [2018] MISSING_CENTRAL: SR1E2Mu/Central/MHc145_MA92/LR_totalBkg in Skim_TriLep_DYJets10to50.root
