2025-09-24 15:52:14,445 - INFO - [2016preVFP] MISSING_CENTRAL: SR1E2Mu/Central/muons/1/pt in Skim_TriLep_DYJets10to50.root
2025-09-24 15:52:14,798 - INFO - [2016postVFP] MISSING_CENTRAL: SR1E2Mu/Central/muons/1/pt in Skim_TriLep_DYJets10to50.root
2025-09-24 15:52:15,054 - INFO - [2017] MISSING_CENTRAL: SR1E2Mu/Central/muons/1/pt in Skim_TriLep_DYJets10to50.root
2025-09-24 15:52:15,345 - INFO - [2018] MISSING_CENTRAL: SR1E2Mu/Central/muons/1/pt in Skim_TriLep_DYJets10to50.root
2025-09-24 15:52:15,359 - INFO - [2018] MISSING_FILE: /Users/choij/Sync/workspace/ChargedHiggsAnalysisV3/SKNanoOutput/PromptSelector/Run1E2Mu_RunSyst/2018/Skim_TriLep_TTG.root
2025-09-24 15:52:15,403 - INFO - [2018] MISSING_FILE: /Users/choij/Sync/workspace/ChargedHiggsAnalysisV3/SKNanoOutput/PromptSelector/Run1E2Mu_RunSyst/2018/Skim_TriLep_TTHToNonbb.root
2025-09-24 15:52:15,457 - INFO - [2018] MISSING_FILE: /Users/choij/Sync/workspace/ChargedHiggsAnalysisV3/SKNanoOutput/PromptSelector/Run1E2Mu_RunSyst/2018/Skim_TriLep_tHq.root
2025-09-24 15:52:15,562 - INFO - [2018] MISSING_FILE: /Users/choij/Sync/workspace/ChargedHiggsAnalysisV3/SKNanoOutput/PromptSelector/Run1E2Mu_RunSyst/2018/Skim_TriLep_VBFHToZZTo4L.root
2025-10-02 21:15:19,441 - INFO - [2016preVFP] MISSING_CENTRAL: SR1E2Mu/Central/muons/1/pt in Skim_TriLep_DYJets10to50.root
2025-10-02 21:15:20,390 - INFO - [2016postVFP] MISSING_CENTRAL: SR1E2Mu/Central/muons/1/pt in Skim_TriLep_DYJets10to50.root
2025-10-02 21:15:20,902 - INFO - [2017] MISSING_CENTRAL: SR1E2Mu/Central/muons/1/pt in Skim_TriLep_DYJets10to50.root
2025-10-02 21:15:21,428 - INFO - [2018] MISSING_CENTRAL: SR1E2Mu/Central/muons/1/pt in Skim_TriLep_DYJets10to50.root
2025-10-02 21:15:21,451 - INFO - [2018] MISSING_FILE: /data9/Users/choij/Sync/workspace/ChargedHiggsAnalysisV3/SKNanoOutput/PromptSelector/Run1E2Mu_RunSyst/2018/Skim_TriLep_TTG.root
2025-10-02 21:15:21,518 - INFO - [2018] MISSING_FILE: /data9/Users/choij/Sync/workspace/ChargedHiggsAnalysisV3/SKNanoOutput/PromptSelector/Run1E2Mu_RunSyst/2018/Skim_TriLep_TTHToNonbb.root
2025-10-02 21:15:21,596 - INFO - [2018] MISSING_FILE: /data9/Users/choij/Sync/workspace/ChargedHiggsAnalysisV3/SKNanoOutput/PromptSelector/Run1E2Mu_RunSyst/2018/Skim_TriLep_tHq.root
2025-10-02 21:15:21,719 - INFO - [2018] MISSING_FILE: /data9/Users/choij/Sync/workspace/ChargedHiggsAnalysisV3/SKNanoOutput/PromptSelector/Run1E2Mu_RunSyst/2018/Skim_TriLep_VBFHToZZTo4L.root
2025-10-03 00:04:28,972 - INFO - [2016preVFP] MISSING_CENTRAL: SR1E2Mu/Central/muons/1/pt in Skim_TriLep_DYJets10to50.root
2025-10-03 00:04:29,364 - INFO - [2016postVFP] MISSING_CENTRAL: SR1E2Mu/Central/muons/1/pt in Skim_TriLep_DYJets10to50.root
2025-10-03 00:04:29,603 - INFO - [2017] MISSING_CENTRAL: SR1E2Mu/Central/muons/1/pt in Skim_TriLep_DYJets10to50.root
2025-10-03 00:04:29,839 - INFO - [2018] MISSING_CENTRAL: SR1E2Mu/Central/muons/1/pt in Skim_TriLep_DYJets10to50.root
2025-10-03 00:04:29,851 - INFO - [2018] MISSING_FILE: /Users/choij/Sync/workspace/ChargedHiggsAnalysisV3/SKNanoOutput/PromptSelector/Run1E2Mu_RunSyst/2018/Skim_TriLep_TTG.root
2025-10-03 00:04:29,887 - INFO - [2018] MISSING_FILE: /Users/choij/Sync/workspace/ChargedHiggsAnalysisV3/SKNanoOutput/PromptSelector/Run1E2Mu_RunSyst/2018/Skim_TriLep_TTHToNonbb.root
2025-10-03 00:04:29,930 - INFO - [2018] MISSING_FILE: /Users/choij/Sync/workspace/ChargedHiggsAnalysisV3/SKNanoOutput/PromptSelector/Run1E2Mu_RunSyst/2018/Skim_TriLep_tHq.root
2025-10-03 00:04:30,001 - INFO - [2018] MISSING_FILE: /Users/choij/Sync/workspace/ChargedHiggsAnalysisV3/SKNanoOutput/PromptSelector/Run1E2Mu_RunSyst/2018/Skim_TriLep_VBFHToZZTo4L.root
