2025-09-24 15:52:14,363 - INFO - [2016preVFP] MISSING_CENTRAL: SR1E2Mu/Central/muons/1/py in Skim_TriLep_DYJets10to50.root
2025-09-24 15:52:14,829 - INFO - [2016postVFP] MISSING_CENTRAL: SR1E2Mu/Central/muons/1/py in Skim_TriLep_DYJets10to50.root
2025-09-24 15:52:15,176 - INFO - [2017] MISSING_CENTRAL: SR1E2Mu/Central/muons/1/py in Skim_TriLep_DYJets10to50.root
2025-09-24 15:52:15,558 - INFO - [2018] MISSING_CENTRAL: SR1E2Mu/Central/muons/1/py in Skim_TriLep_DYJets10to50.root
2025-09-24 15:52:15,577 - INFO - [2018] MISSING_FILE: /Users/choij/Sync/workspace/ChargedHiggsAnalysisV3/SKNanoOutput/PromptSelector/Run1E2Mu_RunSyst/2018/Skim_TriLep_TTG.root
2025-09-24 15:52:15,647 - INFO - [2018] MISSING_FILE: /Users/choij/Sync/workspace/ChargedHiggsAnalysisV3/SKNanoOutput/PromptSelector/Run1E2Mu_RunSyst/2018/Skim_TriLep_TTHToNonbb.root
2025-09-24 15:52:15,707 - INFO - [2018] MISSING_FILE: /Users/choij/Sync/workspace/ChargedHiggsAnalysisV3/SKNanoOutput/PromptSelector/Run1E2Mu_RunSyst/2018/Skim_TriLep_tHq.root
2025-09-24 15:52:15,799 - INFO - [2018] MISSING_FILE: /Users/choij/Sync/workspace/ChargedHiggsAnalysisV3/SKNanoOutput/PromptSelector/Run1E2Mu_RunSyst/2018/Skim_TriLep_VBFHToZZTo4L.root
2025-10-02 21:15:20,913 - INFO - [2016preVFP] MISSING_CENTRAL: SR1E2Mu/Central/muons/1/py in Skim_TriLep_DYJets10to50.root
2025-10-02 21:15:21,586 - INFO - [2016postVFP] MISSING_CENTRAL: SR1E2Mu/Central/muons/1/py in Skim_TriLep_DYJets10to50.root
2025-10-02 21:15:22,332 - INFO - [2017] MISSING_CENTRAL: SR1E2Mu/Central/muons/1/py in Skim_TriLep_DYJets10to50.root
2025-10-02 21:15:23,084 - INFO - [2018] MISSING_CENTRAL: SR1E2Mu/Central/muons/1/py in Skim_TriLep_DYJets10to50.root
2025-10-02 21:15:23,114 - INFO - [2018] MISSING_FILE: /data9/Users/choij/Sync/workspace/ChargedHiggsAnalysisV3/SKNanoOutput/PromptSelector/Run1E2Mu_RunSyst/2018/Skim_TriLep_TTG.root
2025-10-02 21:15:23,203 - INFO - [2018] MISSING_FILE: /data9/Users/choij/Sync/workspace/ChargedHiggsAnalysisV3/SKNanoOutput/PromptSelector/Run1E2Mu_RunSyst/2018/Skim_TriLep_TTHToNonbb.root
2025-10-02 21:15:23,308 - INFO - [2018] MISSING_FILE: /data9/Users/choij/Sync/workspace/ChargedHiggsAnalysisV3/SKNanoOutput/PromptSelector/Run1E2Mu_RunSyst/2018/Skim_TriLep_tHq.root
2025-10-02 21:15:23,462 - INFO - [2018] MISSING_FILE: /data9/Users/choij/Sync/workspace/ChargedHiggsAnalysisV3/SKNanoOutput/PromptSelector/Run1E2Mu_RunSyst/2018/Skim_TriLep_VBFHToZZTo4L.root
2025-10-03 00:04:29,182 - INFO - [2016preVFP] MISSING_CENTRAL: SR1E2Mu/Central/muons/1/py in Skim_TriLep_DYJets10to50.root
2025-10-03 00:04:29,520 - INFO - [2016postVFP] MISSING_CENTRAL: SR1E2Mu/Central/muons/1/py in Skim_TriLep_DYJets10to50.root
2025-10-03 00:04:29,838 - INFO - [2017] MISSING_CENTRAL: SR1E2Mu/Central/muons/1/py in Skim_TriLep_DYJets10to50.root
2025-10-03 00:04:30,193 - INFO - [2018] MISSING_CENTRAL: SR1E2Mu/Central/muons/1/py in Skim_TriLep_DYJets10to50.root
2025-10-03 00:04:30,210 - INFO - [2018] MISSING_FILE: /Users/choij/Sync/workspace/ChargedHiggsAnalysisV3/SKNanoOutput/PromptSelector/Run1E2Mu_RunSyst/2018/Skim_TriLep_TTG.root
2025-10-03 00:04:30,275 - INFO - [2018] MISSING_FILE: /Users/choij/Sync/workspace/ChargedHiggsAnalysisV3/SKNanoOutput/PromptSelector/Run1E2Mu_RunSyst/2018/Skim_TriLep_TTHToNonbb.root
2025-10-03 00:04:30,348 - INFO - [2018] MISSING_FILE: /Users/choij/Sync/workspace/ChargedHiggsAnalysisV3/SKNanoOutput/PromptSelector/Run1E2Mu_RunSyst/2018/Skim_TriLep_tHq.root
2025-10-03 00:04:30,428 - INFO - [2018] MISSING_FILE: /Users/choij/Sync/workspace/ChargedHiggsAnalysisV3/SKNanoOutput/PromptSelector/Run1E2Mu_RunSyst/2018/Skim_TriLep_VBFHToZZTo4L.root
2025-11-05 20:29:05,108 - INFO - [2016preVFP] MISSING_CENTRAL: SR1E2Mu/Central/muons/1/py in Skim_TriLep_DYJets10to50.root
2025-11-05 20:29:05,442 - INFO - [2016postVFP] MISSING_CENTRAL: SR1E2Mu/Central/muons/1/py in Skim_TriLep_DYJets10to50.root
2025-11-05 20:29:05,781 - INFO - [2017] MISSING_CENTRAL: SR1E2Mu/Central/muons/1/py in Skim_TriLep_DYJets10to50.root
2025-11-05 20:29:06,117 - INFO - [2018] MISSING_CENTRAL: SR1E2Mu/Central/muons/1/py in Skim_TriLep_DYJets10to50.root
2025-11-05 21:39:25,827 - INFO - [2016preVFP] MISSING_CENTRAL: SR1E2Mu/Central/muons/1/py in Skim_TriLep_DYJets10to50.root
2025-11-05 21:39:26,178 - INFO - [2016postVFP] MISSING_CENTRAL: SR1E2Mu/Central/muons/1/py in Skim_TriLep_DYJets10to50.root
2025-11-05 21:39:26,549 - INFO - [2017] MISSING_CENTRAL: SR1E2Mu/Central/muons/1/py in Skim_TriLep_DYJets10to50.root
2025-11-05 21:39:26,904 - INFO - [2018] MISSING_CENTRAL: SR1E2Mu/Central/muons/1/py in Skim_TriLep_DYJets10to50.root
2025-11-05 22:03:15,365 - INFO - [2016preVFP] MISSING_CENTRAL: SR1E2Mu/Central/muons/1/py in Skim_TriLep_DYJets10to50.root
2025-11-05 22:03:15,705 - INFO - [2016postVFP] MISSING_CENTRAL: SR1E2Mu/Central/muons/1/py in Skim_TriLep_DYJets10to50.root
2025-11-05 22:03:16,064 - INFO - [2017] MISSING_CENTRAL: SR1E2Mu/Central/muons/1/py in Skim_TriLep_DYJets10to50.root
2025-11-05 22:03:16,434 - INFO - [2018] MISSING_CENTRAL: SR1E2Mu/Central/muons/1/py in Skim_TriLep_DYJets10to50.root
2025-11-05 22:19:00,329 - INFO - [2016preVFP] MISSING_CENTRAL: SR1E2Mu/Central/muons/1/py in Skim_TriLep_DYJets10to50.root
2025-11-05 22:19:00,666 - INFO - [2016postVFP] MISSING_CENTRAL: SR1E2Mu/Central/muons/1/py in Skim_TriLep_DYJets10to50.root
2025-11-05 22:19:01,027 - INFO - [2017] MISSING_CENTRAL: SR1E2Mu/Central/muons/1/py in Skim_TriLep_DYJets10to50.root
2025-11-05 22:19:01,395 - INFO - [2018] MISSING_CENTRAL: SR1E2Mu/Central/muons/1/py in Skim_TriLep_DYJets10to50.root
2025-11-05 23:23:33,551 - INFO - [2016preVFP] MISSING_CENTRAL: SR1E2Mu/Central/muons/1/py in Skim_TriLep_DYJets10to50.root
2025-11-05 23:23:33,885 - INFO - [2016postVFP] MISSING_CENTRAL: SR1E2Mu/Central/muons/1/py in Skim_TriLep_DYJets10to50.root
2025-11-05 23:23:34,224 - INFO - [2017] MISSING_CENTRAL: SR1E2Mu/Central/muons/1/py in Skim_TriLep_DYJets10to50.root
2025-11-05 23:23:34,570 - INFO - [2018] MISSING_CENTRAL: SR1E2Mu/Central/muons/1/py in Skim_TriLep_DYJets10to50.root
2025-11-07 12:26:45,186 - INFO - [2016preVFP] MISSING_CENTRAL: SR1E2Mu/Central/muons/1/py in Skim_TriLep_DYJets10to50.root
2025-11-07 12:26:45,517 - INFO - [2016postVFP] MISSING_CENTRAL: SR1E2Mu/Central/muons/1/py in Skim_TriLep_DYJets10to50.root
2025-11-07 12:26:45,860 - INFO - [2017] MISSING_CENTRAL: SR1E2Mu/Central/muons/1/py in Skim_TriLep_DYJets10to50.root
2025-11-07 12:26:46,208 - INFO - [2018] MISSING_CENTRAL: SR1E2Mu/Central/muons/1/py in Skim_TriLep_DYJets10to50.root
2025-11-07 13:07:19,107 - INFO - [2016preVFP] MISSING_CENTRAL: SR1E2Mu/Central/muons/1/py in Skim_TriLep_DYJets10to50.root
2025-11-07 13:07:19,435 - INFO - [2016postVFP] MISSING_CENTRAL: SR1E2Mu/Central/muons/1/py in Skim_TriLep_DYJets10to50.root
2025-11-07 13:07:19,762 - INFO - [2017] MISSING_CENTRAL: SR1E2Mu/Central/muons/1/py in Skim_TriLep_DYJets10to50.root
2025-11-07 13:07:20,087 - INFO - [2018] MISSING_CENTRAL: SR1E2Mu/Central/muons/1/py in Skim_TriLep_DYJets10to50.root
2025-11-07 14:05:37,034 - INFO - [2016preVFP] MISSING_CENTRAL: SR1E2Mu/Central/muons/1/py in Skim_TriLep_DYJets10to50.root
2025-11-07 14:05:37,363 - INFO - [2016postVFP] MISSING_CENTRAL: SR1E2Mu/Central/muons/1/py in Skim_TriLep_DYJets10to50.root
2025-11-07 14:05:37,699 - INFO - [2017] MISSING_CENTRAL: SR1E2Mu/Central/muons/1/py in Skim_TriLep_DYJets10to50.root
2025-11-07 14:05:38,043 - INFO - [2018] MISSING_CENTRAL: SR1E2Mu/Central/muons/1/py in Skim_TriLep_DYJets10to50.root
2025-11-10 05:57:20,861 - INFO - [2016preVFP] MISSING_CENTRAL: SR1E2Mu/Central/muons/1/py in Skim_TriLep_DYJets10to50.root
2025-11-10 05:57:21,299 - INFO - [2016postVFP] MISSING_CENTRAL: SR1E2Mu/Central/muons/1/py in Skim_TriLep_DYJets10to50.root
2025-11-10 05:57:21,758 - INFO - [2017] MISSING_CENTRAL: SR1E2Mu/Central/muons/1/py in Skim_TriLep_DYJets10to50.root
2025-11-10 05:57:22,173 - INFO - [2018] MISSING_CENTRAL: SR1E2Mu/Central/muons/1/py in Skim_TriLep_DYJets10to50.root
2025-11-10 12:20:40,714 - INFO - [2016preVFP] MISSING_CENTRAL: SR1E2Mu/Central/muons/1/py in Skim_TriLep_DYJets10to50.root
2025-11-10 12:20:41,057 - INFO - [2016postVFP] MISSING_CENTRAL: SR1E2Mu/Central/muons/1/py in Skim_TriLep_DYJets10to50.root
2025-11-10 12:20:41,409 - INFO - [2017] MISSING_CENTRAL: SR1E2Mu/Central/muons/1/py in Skim_TriLep_DYJets10to50.root
2025-11-10 12:20:41,779 - INFO - [2018] MISSING_CENTRAL: SR1E2Mu/Central/muons/1/py in Skim_TriLep_DYJets10to50.root
2025-11-13 11:10:12,126 - INFO - [2016preVFP] MISSING_CENTRAL: SR1E2Mu/Central/muons/1/py in Skim_TriLep_DYJets10to50.root
2025-11-13 11:10:12,746 - INFO - [2016postVFP] MISSING_CENTRAL: SR1E2Mu/Central/muons/1/py in Skim_TriLep_DYJets10to50.root
2025-11-13 11:10:13,418 - INFO - [2017] MISSING_CENTRAL: SR1E2Mu/Central/muons/1/py in Skim_TriLep_DYJets10to50.root
2025-11-13 11:10:14,148 - INFO - [2018] MISSING_CENTRAL: SR1E2Mu/Central/muons/1/py in Skim_TriLep_DYJets10to50.root
2025-11-19 16:23:03,952 - INFO - [2016preVFP] MISSING_CENTRAL: SR1E2Mu/Central/muons/1/py in Skim_TriLep_DYJets10to50.root
2025-11-19 16:23:04,286 - INFO - [2016postVFP] MISSING_CENTRAL: SR1E2Mu/Central/muons/1/py in Skim_TriLep_DYJets10to50.root
2025-11-19 16:23:04,627 - INFO - [2017] MISSING_CENTRAL: SR1E2Mu/Central/muons/1/py in Skim_TriLep_DYJets10to50.root
2025-11-19 16:23:04,966 - INFO - [2018] MISSING_CENTRAL: SR1E2Mu/Central/muons/1/py in Skim_TriLep_DYJets10to50.root
2025-12-17 22:37:31,215 - INFO - [2016preVFP] MISSING_CENTRAL: SR1E2Mu/Central/muons/1/py in Skim_TriLep_DYJets10to50.root
2025-12-17 22:37:31,729 - INFO - [2016postVFP] MISSING_CENTRAL: SR1E2Mu/Central/muons/1/py in Skim_TriLep_DYJets10to50.root
2025-12-17 22:37:32,259 - INFO - [2017] MISSING_CENTRAL: SR1E2Mu/Central/muons/1/py in Skim_TriLep_DYJets10to50.root
2025-12-17 22:37:32,788 - INFO - [2018] MISSING_CENTRAL: SR1E2Mu/Central/muons/1/py in Skim_TriLep_DYJets10to50.root
2025-12-18 14:21:42,639 - INFO - [2016preVFP] MISSING_CENTRAL: SR1E2Mu/Central/muons/1/py in Skim_TriLep_DYJets10to50.root
2025-12-18 14:21:43,388 - INFO - [2016postVFP] MISSING_CENTRAL: SR1E2Mu/Central/muons/1/py in Skim_TriLep_DYJets10to50.root
2025-12-18 14:21:43,916 - INFO - [2017] MISSING_CENTRAL: SR1E2Mu/Central/muons/1/py in Skim_TriLep_DYJets10to50.root
2025-12-18 14:21:44,440 - INFO - [2018] MISSING_CENTRAL: SR1E2Mu/Central/muons/1/py in Skim_TriLep_DYJets10to50.root
2025-12-18 14:37:06,786 - INFO - [2016preVFP] MISSING_CENTRAL: SR1E2Mu/Central/muons/1/py in Skim_TriLep_DYJets10to50.root
2025-12-18 14:37:07,541 - INFO - [2016postVFP] MISSING_CENTRAL: SR1E2Mu/Central/muons/1/py in Skim_TriLep_DYJets10to50.root
2025-12-18 14:37:08,162 - INFO - [2017] MISSING_CENTRAL: SR1E2Mu/Central/muons/1/py in Skim_TriLep_DYJets10to50.root
2025-12-18 14:37:08,970 - INFO - [2018] MISSING_CENTRAL: SR1E2Mu/Central/muons/1/py in Skim_TriLep_DYJets10to50.root
2026-01-07 11:46:56,404 - INFO - [2016preVFP] MISSING_CENTRAL: SR1E2Mu/Central/muons/1/py in Skim_TriLep_DYJets10to50.root
2026-01-07 11:46:56,909 - INFO - [2016postVFP] MISSING_CENTRAL: SR1E2Mu/Central/muons/1/py in Skim_TriLep_DYJets10to50.root
2026-01-07 11:46:57,435 - INFO - [2017] MISSING_CENTRAL: SR1E2Mu/Central/muons/1/py in Skim_TriLep_DYJets10to50.root
2026-01-07 11:46:57,965 - INFO - [2018] MISSING_CENTRAL: SR1E2Mu/Central/muons/1/py in Skim_TriLep_DYJets10to50.root
2026-01-07 18:43:42,069 - INFO - [2016preVFP] MISSING_CENTRAL: SR1E2Mu/Central/muons/1/py in Skim_TriLep_DYJets10to50.root
2026-01-07 18:43:42,582 - INFO - [2016postVFP] MISSING_CENTRAL: SR1E2Mu/Central/muons/1/py in Skim_TriLep_DYJets10to50.root
2026-01-07 18:43:43,103 - INFO - [2017] MISSING_CENTRAL: SR1E2Mu/Central/muons/1/py in Skim_TriLep_DYJets10to50.root
2026-01-07 18:43:43,642 - INFO - [2018] MISSING_CENTRAL: SR1E2Mu/Central/muons/1/py in Skim_TriLep_DYJets10to50.root
2026-01-07 19:28:44,890 - INFO - [2016preVFP] MISSING_CENTRAL: SR1E2Mu/Central/muons/1/py in Skim_TriLep_DYJets10to50.root
2026-01-07 19:28:45,393 - INFO - [2016postVFP] MISSING_CENTRAL: SR1E2Mu/Central/muons/1/py in Skim_TriLep_DYJets10to50.root
2026-01-07 19:28:45,917 - INFO - [2017] MISSING_CENTRAL: SR1E2Mu/Central/muons/1/py in Skim_TriLep_DYJets10to50.root
2026-01-07 19:28:46,449 - INFO - [2018] MISSING_CENTRAL: SR1E2Mu/Central/muons/1/py in Skim_TriLep_DYJets10to50.root
2026-01-09 12:17:42,290 - INFO - [2016preVFP] MISSING_CENTRAL: SR1E2Mu/Central/muons/1/py in Skim_TriLep_DYJets10to50.root
2026-01-09 12:17:42,603 - INFO - [2016postVFP] MISSING_CENTRAL: SR1E2Mu/Central/muons/1/py in Skim_TriLep_DYJets10to50.root
2026-01-09 12:17:42,930 - INFO - [2017] MISSING_CENTRAL: SR1E2Mu/Central/muons/1/py in Skim_TriLep_DYJets10to50.root
2026-01-09 12:17:43,268 - INFO - [2018] MISSING_CENTRAL: SR1E2Mu/Central/muons/1/py in Skim_TriLep_DYJets10to50.root
2026-01-11 09:37:46,433 - INFO - [2016preVFP] MISSING_CENTRAL: SR1E2Mu/Central/muons/1/py in Skim_TriLep_DYJets10to50.root
2026-01-11 09:37:46,759 - INFO - [2016postVFP] MISSING_CENTRAL: SR1E2Mu/Central/muons/1/py in Skim_TriLep_DYJets10to50.root
2026-01-11 09:37:47,089 - INFO - [2017] MISSING_CENTRAL: SR1E2Mu/Central/muons/1/py in Skim_TriLep_DYJets10to50.root
2026-01-11 09:37:47,416 - INFO - [2018] MISSING_CENTRAL: SR1E2Mu/Central/muons/1/py in Skim_TriLep_DYJets10to50.root
2026-01-12 13:46:25,380 - INFO - [2016preVFP] MISSING_FILE: /home/choij/Sync/workspace/ChargedHiggsAnalysisV3/SKNanoOutput/MatrixSelector/Run1E2Mu/2016preVFP/Skim_TriLep_MuonEG_B.root
2026-01-12 13:46:25,381 - INFO - [2016preVFP] MISSING_FILE: /home/choij/Sync/workspace/ChargedHiggsAnalysisV3/SKNanoOutput/MatrixSelector/Run1E2Mu/2016preVFP/Skim_TriLep_MuonEG_C.root
2026-01-12 13:46:25,381 - INFO - [2016preVFP] MISSING_FILE: /home/choij/Sync/workspace/ChargedHiggsAnalysisV3/SKNanoOutput/MatrixSelector/Run1E2Mu/2016preVFP/Skim_TriLep_MuonEG_D.root
2026-01-12 13:46:25,381 - INFO - [2016preVFP] MISSING_FILE: /home/choij/Sync/workspace/ChargedHiggsAnalysisV3/SKNanoOutput/MatrixSelector/Run1E2Mu/2016preVFP/Skim_TriLep_MuonEG_E.root
2026-01-12 13:46:25,381 - INFO - [2016preVFP] MISSING_FILE: /home/choij/Sync/workspace/ChargedHiggsAnalysisV3/SKNanoOutput/MatrixSelector/Run1E2Mu/2016preVFP/Skim_TriLep_MuonEG_F.root
2026-01-12 13:46:25,414 - INFO - [2016preVFP] MISSING_CENTRAL: SR1E2Mu/Central/muons/1/py in Skim_TriLep_DYJets10to50.root
2026-01-12 13:46:25,711 - INFO - [2016postVFP] MISSING_FILE: /home/choij/Sync/workspace/ChargedHiggsAnalysisV3/SKNanoOutput/MatrixSelector/Run1E2Mu/2016postVFP/Skim_TriLep_MuonEG_F.root
2026-01-12 13:46:25,711 - INFO - [2016postVFP] MISSING_FILE: /home/choij/Sync/workspace/ChargedHiggsAnalysisV3/SKNanoOutput/MatrixSelector/Run1E2Mu/2016postVFP/Skim_TriLep_MuonEG_G.root
2026-01-12 13:46:25,711 - INFO - [2016postVFP] MISSING_FILE: /home/choij/Sync/workspace/ChargedHiggsAnalysisV3/SKNanoOutput/MatrixSelector/Run1E2Mu/2016postVFP/Skim_TriLep_MuonEG_H.root
2026-01-12 13:46:25,730 - INFO - [2016postVFP] MISSING_CENTRAL: SR1E2Mu/Central/muons/1/py in Skim_TriLep_DYJets10to50.root
2026-01-12 13:46:26,036 - INFO - [2017] MISSING_FILE: /home/choij/Sync/workspace/ChargedHiggsAnalysisV3/SKNanoOutput/MatrixSelector/Run1E2Mu/2017/Skim_TriLep_MuonEG_B.root
2026-01-12 13:46:26,037 - INFO - [2017] MISSING_FILE: /home/choij/Sync/workspace/ChargedHiggsAnalysisV3/SKNanoOutput/MatrixSelector/Run1E2Mu/2017/Skim_TriLep_MuonEG_C.root
2026-01-12 13:46:26,037 - INFO - [2017] MISSING_FILE: /home/choij/Sync/workspace/ChargedHiggsAnalysisV3/SKNanoOutput/MatrixSelector/Run1E2Mu/2017/Skim_TriLep_MuonEG_D.root
2026-01-12 13:46:26,037 - INFO - [2017] MISSING_FILE: /home/choij/Sync/workspace/ChargedHiggsAnalysisV3/SKNanoOutput/MatrixSelector/Run1E2Mu/2017/Skim_TriLep_MuonEG_E.root
2026-01-12 13:46:26,037 - INFO - [2017] MISSING_FILE: /home/choij/Sync/workspace/ChargedHiggsAnalysisV3/SKNanoOutput/MatrixSelector/Run1E2Mu/2017/Skim_TriLep_MuonEG_F.root
2026-01-12 13:46:26,056 - INFO - [2017] MISSING_CENTRAL: SR1E2Mu/Central/muons/1/py in Skim_TriLep_DYJets10to50.root
2026-01-12 13:46:26,367 - INFO - [2018] MISSING_FILE: /home/choij/Sync/workspace/ChargedHiggsAnalysisV3/SKNanoOutput/MatrixSelector/Run1E2Mu/2018/Skim_TriLep_MuonEG_A.root
2026-01-12 13:46:26,367 - INFO - [2018] MISSING_FILE: /home/choij/Sync/workspace/ChargedHiggsAnalysisV3/SKNanoOutput/MatrixSelector/Run1E2Mu/2018/Skim_TriLep_MuonEG_B.root
2026-01-12 13:46:26,367 - INFO - [2018] MISSING_FILE: /home/choij/Sync/workspace/ChargedHiggsAnalysisV3/SKNanoOutput/MatrixSelector/Run1E2Mu/2018/Skim_TriLep_MuonEG_C.root
2026-01-12 13:46:26,368 - INFO - [2018] MISSING_FILE: /home/choij/Sync/workspace/ChargedHiggsAnalysisV3/SKNanoOutput/MatrixSelector/Run1E2Mu/2018/Skim_TriLep_MuonEG_D.root
2026-01-12 13:46:26,387 - INFO - [2018] MISSING_CENTRAL: SR1E2Mu/Central/muons/1/py in Skim_TriLep_DYJets10to50.root
2026-01-16 19:01:32,383 - INFO - [2016preVFP] MISSING_CENTRAL: SR1E2Mu/Central/muons/1/py in Skim_TriLep_DYJets10to50.root
2026-01-16 19:01:32,758 - INFO - [2016postVFP] MISSING_CENTRAL: SR1E2Mu/Central/muons/1/py in Skim_TriLep_DYJets10to50.root
2026-01-16 19:01:33,114 - INFO - [2017] MISSING_CENTRAL: SR1E2Mu/Central/muons/1/py in Skim_TriLep_DYJets10to50.root
2026-01-16 19:01:33,563 - INFO - [2018] MISSING_CENTRAL: SR1E2Mu/Central/muons/1/py in Skim_TriLep_DYJets10to50.root
2026-01-21 13:01:00,554 - INFO - [2016preVFP] MISSING_CENTRAL: SR1E2Mu/Central/muons/1/py in Skim_TriLep_DYJets10to50.root
2026-01-21 13:01:00,978 - INFO - [2016postVFP] MISSING_CENTRAL: SR1E2Mu/Central/muons/1/py in Skim_TriLep_DYJets10to50.root
2026-01-21 13:01:01,564 - INFO - [2017] MISSING_CENTRAL: SR1E2Mu/Central/muons/1/py in Skim_TriLep_DYJets10to50.root
2026-01-21 13:01:02,161 - INFO - [2018] MISSING_CENTRAL: SR1E2Mu/Central/muons/1/py in Skim_TriLep_DYJets10to50.root
2026-01-21 14:49:33,759 - INFO - [2016preVFP] MISSING_CENTRAL: SR1E2Mu/Central/muons/1/py in Skim_TriLep_DYJets10to50.root
2026-01-21 14:49:34,160 - INFO - [2016postVFP] MISSING_CENTRAL: SR1E2Mu/Central/muons/1/py in Skim_TriLep_DYJets10to50.root
2026-01-21 14:49:34,555 - INFO - [2017] MISSING_CENTRAL: SR1E2Mu/Central/muons/1/py in Skim_TriLep_DYJets10to50.root
2026-01-21 14:49:34,942 - INFO - [2018] MISSING_CENTRAL: SR1E2Mu/Central/muons/1/py in Skim_TriLep_DYJets10to50.root
2026-01-28 16:08:57,443 - INFO - [2016preVFP] MISSING_CENTRAL: SR1E2Mu/Central/muons/1/py in Skim_TriLep_DYJets10to50.root
2026-01-28 16:08:57,917 - INFO - [2016postVFP] MISSING_CENTRAL: SR1E2Mu/Central/muons/1/py in Skim_TriLep_DYJets10to50.root
2026-01-28 16:08:58,463 - INFO - [2017] MISSING_CENTRAL: SR1E2Mu/Central/muons/1/py in Skim_TriLep_DYJets10to50.root
2026-01-28 16:08:58,939 - INFO - [2018] MISSING_CENTRAL: SR1E2Mu/Central/muons/1/py in Skim_TriLep_DYJets10to50.root
