2025-09-24 15:52:14,392 - INFO - [2016preVFP] MISSING_CENTRAL: SR1E2Mu/Central/muons/2/pt in Skim_TriLep_DYJets10to50.root
2025-09-24 15:52:14,762 - INFO - [2016postVFP] MISSING_CENTRAL: SR1E2Mu/Central/muons/2/pt in Skim_TriLep_DYJets10to50.root
2025-09-24 15:52:15,014 - INFO - [2017] MISSING_CENTRAL: SR1E2Mu/Central/muons/2/pt in Skim_TriLep_DYJets10to50.root
2025-09-24 15:52:15,271 - INFO - [2018] MISSING_CENTRAL: SR1E2Mu/Central/muons/2/pt in Skim_TriLep_DYJets10to50.root
2025-09-24 15:52:15,287 - INFO - [2018] MISSING_FILE: /Users/choij/Sync/workspace/ChargedHiggsAnalysisV3/SKNanoOutput/PromptSelector/Run1E2Mu_RunSyst/2018/Skim_TriLep_TTG.root
2025-09-24 15:52:15,333 - INFO - [2018] MISSING_FILE: /Users/choij/Sync/workspace/ChargedHiggsAnalysisV3/SKNanoOutput/PromptSelector/Run1E2Mu_RunSyst/2018/Skim_TriLep_TTHToNonbb.root
2025-09-24 15:52:15,380 - INFO - [2018] MISSING_FILE: /Users/choij/Sync/workspace/ChargedHiggsAnalysisV3/SKNanoOutput/PromptSelector/Run1E2Mu_RunSyst/2018/Skim_TriLep_tHq.root
2025-09-24 15:52:15,472 - INFO - [2018] MISSING_FILE: /Users/choij/Sync/workspace/ChargedHiggsAnalysisV3/SKNanoOutput/PromptSelector/Run1E2Mu_RunSyst/2018/Skim_TriLep_VBFHToZZTo4L.root
2025-10-02 21:15:20,604 - INFO - [2016preVFP] MISSING_CENTRAL: SR1E2Mu/Central/muons/2/pt in Skim_TriLep_DYJets10to50.root
2025-10-02 21:15:21,029 - INFO - [2016postVFP] MISSING_CENTRAL: SR1E2Mu/Central/muons/2/pt in Skim_TriLep_DYJets10to50.root
2025-10-02 21:15:21,468 - INFO - [2017] MISSING_CENTRAL: SR1E2Mu/Central/muons/2/pt in Skim_TriLep_DYJets10to50.root
2025-10-02 21:15:22,082 - INFO - [2018] MISSING_CENTRAL: SR1E2Mu/Central/muons/2/pt in Skim_TriLep_DYJets10to50.root
2025-10-02 21:15:22,111 - INFO - [2018] MISSING_FILE: /data9/Users/choij/Sync/workspace/ChargedHiggsAnalysisV3/SKNanoOutput/PromptSelector/Run1E2Mu_RunSyst/2018/Skim_TriLep_TTG.root
2025-10-02 21:15:22,183 - INFO - [2018] MISSING_FILE: /data9/Users/choij/Sync/workspace/ChargedHiggsAnalysisV3/SKNanoOutput/PromptSelector/Run1E2Mu_RunSyst/2018/Skim_TriLep_TTHToNonbb.root
2025-10-02 21:15:22,276 - INFO - [2018] MISSING_FILE: /data9/Users/choij/Sync/workspace/ChargedHiggsAnalysisV3/SKNanoOutput/PromptSelector/Run1E2Mu_RunSyst/2018/Skim_TriLep_tHq.root
2025-10-02 21:15:22,390 - INFO - [2018] MISSING_FILE: /data9/Users/choij/Sync/workspace/ChargedHiggsAnalysisV3/SKNanoOutput/PromptSelector/Run1E2Mu_RunSyst/2018/Skim_TriLep_VBFHToZZTo4L.root
2025-10-03 00:04:29,161 - INFO - [2016preVFP] MISSING_CENTRAL: SR1E2Mu/Central/muons/2/pt in Skim_TriLep_DYJets10to50.root
2025-10-03 00:04:29,440 - INFO - [2016postVFP] MISSING_CENTRAL: SR1E2Mu/Central/muons/2/pt in Skim_TriLep_DYJets10to50.root
2025-10-03 00:04:29,669 - INFO - [2017] MISSING_CENTRAL: SR1E2Mu/Central/muons/2/pt in Skim_TriLep_DYJets10to50.root
2025-10-03 00:04:29,894 - INFO - [2018] MISSING_CENTRAL: SR1E2Mu/Central/muons/2/pt in Skim_TriLep_DYJets10to50.root
2025-10-03 00:04:29,904 - INFO - [2018] MISSING_FILE: /Users/choij/Sync/workspace/ChargedHiggsAnalysisV3/SKNanoOutput/PromptSelector/Run1E2Mu_RunSyst/2018/Skim_TriLep_TTG.root
2025-10-03 00:04:29,955 - INFO - [2018] MISSING_FILE: /Users/choij/Sync/workspace/ChargedHiggsAnalysisV3/SKNanoOutput/PromptSelector/Run1E2Mu_RunSyst/2018/Skim_TriLep_TTHToNonbb.root
2025-10-03 00:04:30,012 - INFO - [2018] MISSING_FILE: /Users/choij/Sync/workspace/ChargedHiggsAnalysisV3/SKNanoOutput/PromptSelector/Run1E2Mu_RunSyst/2018/Skim_TriLep_tHq.root
2025-10-03 00:04:30,078 - INFO - [2018] MISSING_FILE: /Users/choij/Sync/workspace/ChargedHiggsAnalysisV3/SKNanoOutput/PromptSelector/Run1E2Mu_RunSyst/2018/Skim_TriLep_VBFHToZZTo4L.root
